01:21:10.948 [main                     ] DEBUG Logger               - Configured Logger
01:21:10.964 [main                     ] DEBUG GameApplication      - Logging settings
Title: Jugador Sonic
Version: 0.0
Width: 1000
Height: 600
Fullscreen: false
Intro: false
Profiling: false
Single step:false
App Mode: DEVELOPER
Menu Key: ESCAPE
Stage Style: DECORATED
Scene Factory: class com.almasb.fxgl.app.scene.SceneFactory

01:21:11.089 [JavaFX Application Thread] DEBUG FXGLApplication      - Initializing FXGL
01:21:11.096 [JavaFX Application Thread] INFO  Engine               - FXGL-17.3 (30.03.2023 11.49) on WINDOWS (J:21.0.2 FX:20)
01:21:11.097 [JavaFX Application Thread] DEBUG Engine               - JRE Vendor Name: Oracle Corporation
01:21:11.097 [JavaFX Application Thread] DEBUG Engine               - Running on OS: Windows 10 version 10.0
01:21:11.097 [JavaFX Application Thread] DEBUG Engine               - Architecture: amd64
01:21:11.097 [JavaFX Application Thread] INFO  Engine               - Source code and latest versions at: https://github.com/AlmasB/FXGL
01:21:11.097 [JavaFX Application Thread] INFO  Engine               -       Ask questions and discuss at: https://github.com/AlmasB/FXGL/discussions
01:21:11.098 [JavaFX Application Thread] INFO  Engine               -              Join the FXGL chat at: https://gitter.im/AlmasB/FXGL
01:21:11.172 [JavaFX Application Thread] DEBUG PrimaryStageWindow   - Creating a JavaFX scene
01:21:11.247 [JavaFX Application Thread] DEBUG PrimaryStageWindow   - Target settings size: 1000.0 x 600.0
01:21:11.247 [JavaFX Application Thread] DEBUG PrimaryStageWindow   - Scaled scene size:    1000.0 x 600.0
01:21:11.248 [JavaFX Application Thread] DEBUG PrimaryStageWindow   - Scaled ratio: (1.0, 1.0)
01:21:11.249 [JavaFX Application Thread] DEBUG PrimaryStageWindow   - Set initial scene to FXGLStartupScene
01:21:11.253 [JavaFX Application Thread] DEBUG PrimaryStageWindow   - Opening main window
01:21:11.408 [JavaFX Application Thread] DEBUG PrimaryStageWindow   - Window border size: (16.0, 39.0)
01:21:11.409 [JavaFX Application Thread] DEBUG PrimaryStageWindow   - Scaled size: 1000.0 x 600.0
01:21:11.409 [JavaFX Application Thread] DEBUG PrimaryStageWindow   - Scaled ratio: (1.0, 1.0)
01:21:11.409 [JavaFX Application Thread] DEBUG PrimaryStageWindow   - Scene size: 1000.0 x 600.0
01:21:11.409 [JavaFX Application Thread] DEBUG PrimaryStageWindow   - Stage size: 1016.0 x 639.0
01:21:11.421 [FXGL Background Thread 1 ] DEBUG Engine               - Initializing environment variables
01:21:11.700 [FXGL Background Thread 1 ] DEBUG FXGLAssetLoaderServi - User app class for loading assets: class Runner.ClientRunner
01:21:11.701 [FXGL Background Thread 1 ] DEBUG GameApplicationServi - Applying CSS: fxgl_dark.css
01:21:11.707 [FXGL Background Thread 1 ] DEBUG FXGLAssetLoaderServi - Loading from file system: jar:file:/C:/Users/User/.m2/repository/com/github/almasb/fxgl/17.3/fxgl-17.3.jar!/fxglassets/ui/css/fxgl_dark.css
01:21:11.940 [FXGL Background Thread 1 ] DEBUG GameApplicationServi - Initializing application scenes
01:21:12.188 [FXGL Background Thread 1 ] DEBUG GameWorld            - Game world initialized
01:21:12.568 [FXGL Background Thread 1 ] DEBUG PhysicsWorld         - Physics world initialized: appHeight=600, physics.ppm=50,0
01:21:12.568 [FXGL Background Thread 1 ] DEBUG PhysicsWorld         - Using strategy: BRUTE_FORCE
01:21:12.597 [FXGL Background Thread 1 ] DEBUG GameScene            - Game scene initialized: 1000x600
01:21:12.632 [FXGL Background Thread 1 ] DEBUG FXGL.DefaultMenu     - createMenuBodyGameMenu()
01:21:12.655 [FXGL Background Thread 1 ] DEBUG FXGL.DefaultMenu     - createOptionsMenu()
01:21:12.666 [FXGL Background Thread 1 ] DEBUG FXGLAssetLoaderServi - Loading from file system: jar:file:/C:/Users/User/.m2/repository/com/github/almasb/fxgl/17.3/fxgl-17.3.jar!/fxglassets/textures/particles/smoke.png
01:21:12.866 [FXGL Background Thread 1 ] DEBUG FXGLAssetLoaderServi - Loading from file system: jar:file:/C:/Users/User/.m2/repository/com/github/almasb/fxgl/17.3/fxgl-17.3.jar!/fxglassets/textures/particles/trace_horizontal.png
01:21:12.911 [FXGL Background Thread 1 ] DEBUG GameApplicationServi - Application scenes initialized
01:21:13.052 [FXGL Background Thread 1 ] DEBUG SystemBundleService  - Loading FXGL system data
01:21:13.083 [FXGL Background Thread 1 ] DEBUG FileSystemAccess     - Reading from: C:\Users\User\Documents\Millan.Luis\UNEG\Semestre IV\Tecnicas de Prog. III\Sonic-rush\system\fxgl.bundle
01:21:13.100 [FXGL Background Thread 1 ] DEBUG SystemBundleService  - Bundle FXGL: {}
01:21:13.100 [FXGL Background Thread 1 ] DEBUG UpdaterService       - Checking for updates
01:21:13.113 [FXGL Background Thread 1 ] DEBUG FXGLApplication      - Loading default localization
01:21:13.115 [FXGL Background Thread 1 ] DEBUG FXGLAssetLoaderServi - Loading from file system: jar:file:/C:/Users/User/.m2/repository/com/github/almasb/fxgl/17.3/fxgl-17.3.jar!/fxglassets/languages/english.lang
01:21:13.135 [FXGL Background Thread 4 ] DEBUG FXGLApplication      - Loading fonts
01:21:13.135 [FXGL Background Thread 4 ] DEBUG FXGLAssetLoaderServi - Loading from file system: jar:file:/C:/Users/User/.m2/repository/com/github/almasb/fxgl/17.3/fxgl-17.3.jar!/fxglassets/ui/fonts/VarelaRound-Regular.ttf
01:21:13.151 [FXGL Background Thread 1 ] INFO  FXGLApplication      - FXGL initialization took: 1,731 sec
01:21:13.205 [FXGL Background Thread 4 ] DEBUG FXGLAssetLoaderServi - Loading from file system: jar:file:/C:/Users/User/.m2/repository/com/github/almasb/fxgl/17.3/fxgl-17.3.jar!/fxglassets/ui/fonts/Abel-Regular.ttf
01:21:13.214 [JavaFX Application Thread] DEBUG Input                - Registered new binding: Mover a la izquierda - A
01:21:13.214 [JavaFX Application Thread] DEBUG Input                - Registered new binding: Mover a la derecha - D
01:21:13.214 [JavaFX Application Thread] DEBUG Input                - Registered new binding: Saltar - W
01:21:13.214 [JavaFX Application Thread] DEBUG Input                - Registered new binding: Interactuar - E
01:21:13.214 [JavaFX Application Thread] DEBUG Input                - Registered new binding: Transformar - P
01:21:13.214 [JavaFX Application Thread] DEBUG Input                - Registered new binding: Desactivar filtro - L
01:21:13.215 [JavaFX Application Thread] DEBUG FXGLAssetLoaderServi - Loading from file system: jar:file:/C:/Users/User/.m2/repository/com/github/almasb/fxgl/17.3/fxgl-17.3.jar!/fxglassets/textures/fxgl_icon.png
01:21:13.237 [JavaFX Application Thread] DEBUG FXGLAssetLoaderServi - Loading from file system: jar:file:/C:/Users/User/.m2/repository/com/github/almasb/fxgl/17.3/fxgl-17.3.jar!/fxglassets/textures/fxgl_default_cursor.png
01:21:13.242 [JavaFX Application Thread] DEBUG Input                - Registered new binding: Screenshot - CTRL+8
01:21:13.242 [JavaFX Application Thread] DEBUG Input                - Registered new binding: System info dump - CTRL+9
01:21:13.243 [JavaFX Application Thread] DEBUG Input                - Registered new binding: Restart - CTRL+R
01:21:13.243 [JavaFX Application Thread] DEBUG Input                - Registered new binding: Toggle Debug Camera - CTRL+7
01:21:13.246 [JavaFX Application Thread] DEBUG LoopRunner           - Starting loop
01:21:13.246 [JavaFX Application Thread] DEBUG LoopRunner           - Initializing JavaFX AnimationTimerLoop
01:21:13.248 [JavaFX Application Thread] DEBUG GameApplicationServi - Starting new game
01:21:13.248 [JavaFX Application Thread] DEBUG Input                - Clearing active input actions
01:21:13.266 [JavaFX Application Thread] DEBUG GameApplicationServi - Removing overlay from FXGLStartupScene and adding to FXGLLoadingScene
01:21:13.266 [JavaFX Application Thread] DEBUG PrimaryStageWindow   - FXGLStartupScene -> FXGLLoadingScene
01:21:13.267 [JavaFX Application Thread] DEBUG GameApplicationServi - Clearing previous game
01:21:13.267 [JavaFX Application Thread] DEBUG GameScene            - Clearing game scene
01:21:13.267 [JavaFX Application Thread] DEBUG GameWorld            - Clearing game world
01:21:13.267 [JavaFX Application Thread] DEBUG PhysicsWorld         - Clearing physics world
01:21:13.269 [FXGL Background Thread 1 ] DEBUG FXGLApplication      - Initializing game
01:21:13.287 [FXGL Background Thread 1 ] DEBUG FXGLAssetLoaderServi - Loading from file system: file:/C:/Users/User/Documents/Millan.Luis/UNEG/Semestre%20IV/Tecnicas%20de%20Prog.%20III/Sonic-rush/target/classes/assets/music/OST.mp3
01:21:13.358 [FXGL Background Thread 4 ] DEBUG FXGLAssetLoaderServi - Loading from file system: jar:file:/C:/Users/User/.m2/repository/com/github/almasb/fxgl/17.3/fxgl-17.3.jar!/fxglassets/ui/fonts/TerminalLandMono-Regular.otf
01:21:13.368 [FXGL Background Thread 4 ] DEBUG FXGLAssetLoaderServi - Loading from file system: jar:file:/C:/Users/User/.m2/repository/com/github/almasb/fxgl/17.3/fxgl-17.3.jar!/fxglassets/ui/fonts/Courier-Prime.ttf
01:21:13.859 [FXGL Background Thread 1 ] DEBUG FXGLAssetLoaderServi - Loading from file system: file:/C:/Users/User/Documents/Millan.Luis/UNEG/Semestre%20IV/Tecnicas%20de%20Prog.%20III/Sonic-rush/target/classes/assets/textures/Enemigos/eggman.png
01:21:13.885 [FXGL Background Thread 1 ] INFO  FXGLApplication      - Game initialization took: 0,616 sec
01:21:13.891 [JavaFX Application Thread] DEBUG FXGLApplication      - Registering font factories with UI factory
01:21:14.033 [JavaFX Application Thread] DEBUG Input                - Clearing active input actions
01:21:14.052 [JavaFX Application Thread] DEBUG GameApplicationServi - Removing overlay from FXGLLoadingScene and adding to GameScene
01:21:14.053 [JavaFX Application Thread] DEBUG PrimaryStageWindow   - FXGLLoadingScene -> GameScene
01:21:14.400 [FXGL Background Thread 2 ] INFO  UpdaterService       - Your current version:  17.3
01:21:14.401 [FXGL Background Thread 2 ] INFO  UpdaterService       - Latest stable version: 21.1
01:21:16.111 [FXGL Background Thread 3 ] DEBUG Engine               - Logging environment variables
01:21:16.112 [FXGL Background Thread 3 ] DEBUG Engine               - achievements: []
01:21:16.112 [FXGL Background Thread 3 ] DEBUG Engine               - actualHeight: 600.0
01:21:16.113 [FXGL Background Thread 3 ] DEBUG Engine               - actualHeightProperty: ReadOnlyDoubleProperty [value: 600.0]
01:21:16.113 [FXGL Background Thread 3 ] DEBUG Engine               - actualWidth: 1000.0
01:21:16.113 [FXGL Background Thread 3 ] DEBUG Engine               - actualWidthProperty: ReadOnlyDoubleProperty [value: 1000.0]
01:21:16.113 [FXGL Background Thread 3 ] DEBUG Engine               - appIcon: fxgl_icon.png
01:21:16.113 [FXGL Background Thread 3 ] DEBUG Engine               - applicationMode: DEVELOPER
01:21:16.113 [FXGL Background Thread 3 ] DEBUG Engine               - cSSList: [fxgl_dark.css]
01:21:16.113 [FXGL Background Thread 3 ] DEBUG Engine               - collisionDetectionStrategy: BRUTE_FORCE
01:21:16.114 [FXGL Background Thread 3 ] DEBUG Engine               - configClass: Optional.empty
01:21:16.114 [FXGL Background Thread 3 ] DEBUG Engine               - credits: []
01:21:16.114 [FXGL Background Thread 3 ] DEBUG Engine               - defaultCursor: CursorInfo(imageName=fxgl_default_cursor.png, hotspotX=7.0, hotspotY=6.0)
01:21:16.114 [FXGL Background Thread 3 ] DEBUG Engine               - devBBoxColorProperty: ObjectProperty [value: 0xff0000ff]
01:21:16.115 [FXGL Background Thread 3 ] DEBUG Engine               - devEnableDebugCameraProperty: BooleanProperty [value: false]
01:21:16.115 [FXGL Background Thread 3 ] DEBUG Engine               - devSensorColorProperty: ObjectProperty [value: 0xffff00ff]
01:21:16.115 [FXGL Background Thread 3 ] DEBUG Engine               - devShowBBoxProperty: BooleanProperty [value: false]
01:21:16.115 [FXGL Background Thread 3 ] DEBUG Engine               - devShowPositionProperty: BooleanProperty [value: false]
01:21:16.115 [FXGL Background Thread 3 ] DEBUG Engine               - enabledMenuItems: []
01:21:16.115 [FXGL Background Thread 3 ] DEBUG Engine               - engineServices: [class com.almasb.fxgl.app.services.FXGLAssetLoaderService, class com.almasb.fxgl.app.FXGLApplication$GameApplicationService, class com.almasb.fxgl.app.services.FXGLDialogService, class com.almasb.fxgl.app.services.IOTaskExecutorService, class com.almasb.fxgl.io.FileSystemService, class com.almasb.fxgl.localization.LocalizationService, class com.almasb.fxgl.app.services.SystemBundleService, class com.almasb.fxgl.profile.SaveLoadService, class com.almasb.fxgl.ui.FXGLUIFactoryServiceProvider, class com.almasb.fxgl.ui.FXGLDialogFactoryServiceProvider, class com.almasb.fxgl.audio.AudioPlayer, class com.almasb.fxgl.notification.impl.NotificationServiceProvider, class com.almasb.fxgl.achievement.AchievementService, class com.almasb.fxgl.cutscene.CutsceneService, class com.almasb.fxgl.minigames.MiniGameService, class com.almasb.fxgl.net.NetService, class com.almasb.fxgl.app.services.UpdaterService, class com.almasb.fxgl.dev.DevService, class com.almasb.fxgl.multiplayer.MultiplayerService]
01:21:16.115 [FXGL Background Thread 3 ] DEBUG Engine               - fontGame: Abel-Regular.ttf
01:21:16.115 [FXGL Background Thread 3 ] DEBUG Engine               - fontMono: TerminalLandMono-Regular.otf
01:21:16.116 [FXGL Background Thread 3 ] DEBUG Engine               - fontSizeScaleUI: 1.0
01:21:16.116 [FXGL Background Thread 3 ] DEBUG Engine               - fontText: Courier-Prime.ttf
01:21:16.116 [FXGL Background Thread 3 ] DEBUG Engine               - fontUI: VarelaRound-Regular.ttf
01:21:16.116 [FXGL Background Thread 3 ] DEBUG Engine               - fullScreen: BooleanProperty [value: false]
01:21:16.116 [FXGL Background Thread 3 ] DEBUG Engine               - gameDifficulty: MEDIUM
01:21:16.116 [FXGL Background Thread 3 ] DEBUG Engine               - gameDifficultyProperty: ObjectProperty [value: MEDIUM]
01:21:16.116 [FXGL Background Thread 3 ] DEBUG Engine               - globalMusicVolume: 0.5
01:21:16.116 [FXGL Background Thread 3 ] DEBUG Engine               - globalMusicVolumeProperty: DoubleProperty [value: 0.5]
01:21:16.117 [FXGL Background Thread 3 ] DEBUG Engine               - globalSoundVolume: 0.5
01:21:16.117 [FXGL Background Thread 3 ] DEBUG Engine               - globalSoundVolumeProperty: DoubleProperty [value: 0.5]
01:21:16.117 [FXGL Background Thread 3 ] DEBUG Engine               - height: 600
01:21:16.117 [FXGL Background Thread 3 ] DEBUG Engine               - is3D: false
01:21:16.117 [FXGL Background Thread 3 ] DEBUG Engine               - isAndroid: false
01:21:16.117 [FXGL Background Thread 3 ] DEBUG Engine               - isBrowser: false
01:21:16.117 [FXGL Background Thread 3 ] DEBUG Engine               - isClickFeedbackEnabled: false
01:21:16.117 [FXGL Background Thread 3 ] DEBUG Engine               - isCloseConfirmation: false
01:21:16.117 [FXGL Background Thread 3 ] DEBUG Engine               - isDesktop: true
01:21:16.117 [FXGL Background Thread 3 ] DEBUG Engine               - isDeveloperMenuEnabled: false
01:21:16.117 [FXGL Background Thread 3 ] DEBUG Engine               - isEmbedded: false
01:21:16.118 [FXGL Background Thread 3 ] DEBUG Engine               - isEntityPreloadEnabled: true
01:21:16.118 [FXGL Background Thread 3 ] DEBUG Engine               - isExperimentalTiledLargeMap: false
01:21:16.118 [FXGL Background Thread 3 ] DEBUG Engine               - isFileSystemWriteAllowed: true
01:21:16.118 [FXGL Background Thread 3 ] DEBUG Engine               - isFullScreenAllowed: false
01:21:16.118 [FXGL Background Thread 3 ] DEBUG Engine               - isFullScreenFromStart: false
01:21:16.118 [FXGL Background Thread 3 ] DEBUG Engine               - isGameMenuEnabled: true
01:21:16.118 [FXGL Background Thread 3 ] DEBUG Engine               - isIOS: false
01:21:16.118 [FXGL Background Thread 3 ] DEBUG Engine               - isIntroEnabled: false
01:21:16.118 [FXGL Background Thread 3 ] DEBUG Engine               - isLinux: false
01:21:16.118 [FXGL Background Thread 3 ] DEBUG Engine               - isMac: false
01:21:16.118 [FXGL Background Thread 3 ] DEBUG Engine               - isMainMenuEnabled: false
01:21:16.118 [FXGL Background Thread 3 ] DEBUG Engine               - isManualResizeEnabled: false
01:21:16.119 [FXGL Background Thread 3 ] DEBUG Engine               - isMobile: false
01:21:16.119 [FXGL Background Thread 3 ] DEBUG Engine               - isNative: false
01:21:16.119 [FXGL Background Thread 3 ] DEBUG Engine               - isPauseMusicWhenMinimized: true
01:21:16.119 [FXGL Background Thread 3 ] DEBUG Engine               - isPreserveResizeRatio: false
01:21:16.119 [FXGL Background Thread 3 ] DEBUG Engine               - isProfilingEnabled: false
01:21:16.119 [FXGL Background Thread 3 ] DEBUG Engine               - isScaleAffectedOnResize: true
01:21:16.119 [FXGL Background Thread 3 ] DEBUG Engine               - isSingleStep: false
01:21:16.119 [FXGL Background Thread 3 ] DEBUG Engine               - isUserProfileEnabled: false
01:21:16.119 [FXGL Background Thread 3 ] DEBUG Engine               - isWindows: true
01:21:16.119 [FXGL Background Thread 3 ] DEBUG Engine               - language: ObjectProperty [value: ENGLISH]
01:21:16.119 [FXGL Background Thread 3 ] DEBUG Engine               - menuKey: ESCAPE
01:21:16.119 [FXGL Background Thread 3 ] DEBUG Engine               - mouseSensitivity: 0.2
01:21:16.119 [FXGL Background Thread 3 ] DEBUG Engine               - notificationViewClass: class com.almasb.fxgl.notification.view.XboxNotificationView
01:21:16.120 [FXGL Background Thread 3 ] DEBUG Engine               - pixelsPerMeter: 50.0
01:21:16.120 [FXGL Background Thread 3 ] DEBUG Engine               - platform: WINDOWS
01:21:16.120 [FXGL Background Thread 3 ] DEBUG Engine               - prefHeightProperty: ReadOnlyDoubleProperty [value: 600.0]
01:21:16.120 [FXGL Background Thread 3 ] DEBUG Engine               - prefWidthProperty: ReadOnlyDoubleProperty [value: 1000.0]
01:21:16.120 [FXGL Background Thread 3 ] DEBUG Engine               - profileDir: profiles/
01:21:16.120 [FXGL Background Thread 3 ] DEBUG Engine               - profileName: StringProperty [value: DEFAULT]
01:21:16.120 [FXGL Background Thread 3 ] DEBUG Engine               - randomSeed: -1
01:21:16.120 [FXGL Background Thread 3 ] DEBUG Engine               - runtimeInfo: RuntimeInfo(platform=WINDOWS, version=17.3, build=30.03.2023 11.49)
01:21:16.121 [FXGL Background Thread 3 ] DEBUG Engine               - saveFileExt: sav
01:21:16.121 [FXGL Background Thread 3 ] DEBUG Engine               - scaledHeightProp$fxgl: DoubleProperty [bound, value: 600.0]
01:21:16.121 [FXGL Background Thread 3 ] DEBUG Engine               - scaledWidthProp$fxgl: DoubleProperty [bound, value: 1000.0]
01:21:16.121 [FXGL Background Thread 3 ] DEBUG Engine               - sceneFactory: com.almasb.fxgl.app.scene.SceneFactory@11378be
01:21:16.121 [FXGL Background Thread 3 ] DEBUG Engine               - secondsIn24h: 60
01:21:16.121 [FXGL Background Thread 3 ] DEBUG Engine               - soundMenuBack: menu/back.wav
01:21:16.121 [FXGL Background Thread 3 ] DEBUG Engine               - soundMenuPress: menu/press.wav
01:21:16.121 [FXGL Background Thread 3 ] DEBUG Engine               - soundMenuSelect: menu/select.wav
01:21:16.121 [FXGL Background Thread 3 ] DEBUG Engine               - soundNotification: core/notification.wav
01:21:16.121 [FXGL Background Thread 3 ] DEBUG Engine               - stageStyle: DECORATED
01:21:16.121 [FXGL Background Thread 3 ] DEBUG Engine               - supportedLanguages: [ENGLISH, FRENCH, GERMAN, HUNGARIAN, RUSSIAN]
01:21:16.121 [FXGL Background Thread 3 ] DEBUG Engine               - ticksPerSecond: -1
01:21:16.122 [FXGL Background Thread 3 ] DEBUG Engine               - title: Jugador Sonic
01:21:16.122 [FXGL Background Thread 3 ] DEBUG Engine               - urlGithub: https://github.com/AlmasB/FXGL
01:21:16.122 [FXGL Background Thread 3 ] DEBUG Engine               - urlLeaderboard: http://fxgl-top.herokuapp.com/
01:21:16.122 [FXGL Background Thread 3 ] DEBUG Engine               - urlPOM: https://raw.githubusercontent.com/AlmasB/FXGL/release/README.md
01:21:16.122 [FXGL Background Thread 3 ] DEBUG Engine               - userAppClass: class Runner.ClientRunner
01:21:16.122 [FXGL Background Thread 3 ] DEBUG Engine               - version: 0.0
01:21:16.122 [FXGL Background Thread 3 ] DEBUG Engine               - versionCheckDays: 7
01:21:16.122 [FXGL Background Thread 3 ] DEBUG Engine               - width: 1000
01:21:16.122 [FXGL Background Thread 3 ] DEBUG Engine               - Logging services
01:21:16.122 [FXGL Background Thread 3 ] DEBUG Engine               - class com.almasb.fxgl.app.services.FXGLAssetLoaderService
01:21:16.122 [FXGL Background Thread 3 ] DEBUG Engine               - class com.almasb.fxgl.app.FXGLApplication$GameApplicationService
01:21:16.123 [FXGL Background Thread 3 ] DEBUG Engine               - class com.almasb.fxgl.app.services.FXGLDialogService
01:21:16.123 [FXGL Background Thread 3 ] DEBUG Engine               - class com.almasb.fxgl.app.services.IOTaskExecutorService
01:21:16.123 [FXGL Background Thread 3 ] DEBUG Engine               - class com.almasb.fxgl.io.FileSystemService
01:21:16.123 [FXGL Background Thread 3 ] DEBUG Engine               - class com.almasb.fxgl.localization.LocalizationService
01:21:16.123 [FXGL Background Thread 3 ] DEBUG Engine               - class com.almasb.fxgl.app.services.SystemBundleService
01:21:16.123 [FXGL Background Thread 3 ] DEBUG Engine               - class com.almasb.fxgl.profile.SaveLoadService
01:21:16.123 [FXGL Background Thread 3 ] DEBUG Engine               - class com.almasb.fxgl.ui.FXGLUIFactoryServiceProvider
01:21:16.123 [FXGL Background Thread 3 ] DEBUG Engine               - class com.almasb.fxgl.ui.FXGLDialogFactoryServiceProvider
01:21:16.123 [FXGL Background Thread 3 ] DEBUG Engine               - class com.almasb.fxgl.audio.AudioPlayer
01:21:16.123 [FXGL Background Thread 3 ] DEBUG Engine               - class com.almasb.fxgl.notification.impl.NotificationServiceProvider
01:21:16.123 [FXGL Background Thread 3 ] DEBUG Engine               - class com.almasb.fxgl.achievement.AchievementService
01:21:16.123 [FXGL Background Thread 3 ] DEBUG Engine               - class com.almasb.fxgl.cutscene.CutsceneService
01:21:16.123 [FXGL Background Thread 3 ] DEBUG Engine               - class com.almasb.fxgl.minigames.MiniGameService
01:21:16.123 [FXGL Background Thread 3 ] DEBUG Engine               - class com.almasb.fxgl.net.NetService
01:21:16.123 [FXGL Background Thread 3 ] DEBUG Engine               - class com.almasb.fxgl.app.services.UpdaterService
01:21:16.123 [FXGL Background Thread 3 ] DEBUG Engine               - class com.almasb.fxgl.dev.DevService
01:21:16.123 [FXGL Background Thread 3 ] DEBUG Engine               - class com.almasb.fxgl.multiplayer.MultiplayerService
01:21:20.395 [JavaFX Application Thread] DEBUG PrimaryStageWindow   - Push state: DialogSubScene
01:21:20.396 [JavaFX Application Thread] DEBUG Input                - Clearing active input actions
01:21:20.397 [JavaFX Application Thread] DEBUG GameApplicationServi - Removing overlay from GameScene and adding to DialogSubScene
01:21:20.397 [JavaFX Application Thread] DEBUG PrimaryStageWindow   - GameScene -> DialogSubScene
01:21:23.401 [JavaFX Application Thread] DEBUG PrimaryStageWindow   - Pop state: DialogSubScene
01:21:23.401 [JavaFX Application Thread] DEBUG Input                - Clearing active input actions
01:21:23.402 [JavaFX Application Thread] DEBUG GameApplicationServi - Removing overlay from DialogSubScene and adding to GameScene
01:21:23.402 [JavaFX Application Thread] DEBUG PrimaryStageWindow   - GameScene <- DialogSubScene
01:21:26.027 [JavaFX Application Thread] DEBUG PrimaryStageWindow   - Push state: DialogSubScene
01:21:26.027 [JavaFX Application Thread] DEBUG Input                - Clearing active input actions
01:21:26.027 [JavaFX Application Thread] DEBUG GameApplicationServi - Removing overlay from GameScene and adding to DialogSubScene
01:21:26.028 [JavaFX Application Thread] DEBUG PrimaryStageWindow   - GameScene -> DialogSubScene
01:21:33.698 [JavaFX Application Thread] DEBUG PrimaryStageWindow   - Pop state: DialogSubScene
01:21:33.698 [JavaFX Application Thread] DEBUG Input                - Clearing active input actions
01:21:33.698 [JavaFX Application Thread] DEBUG GameApplicationServi - Removing overlay from DialogSubScene and adding to GameScene
01:21:33.699 [JavaFX Application Thread] DEBUG PrimaryStageWindow   - GameScene <- DialogSubScene
01:22:05.752 [JavaFX Application Thread] DEBUG FXGLAssetLoaderServi - Loading from file system: file:/C:/Users/User/Documents/Millan.Luis/UNEG/Semestre%20IV/Tecnicas%20de%20Prog.%20III/Sonic-rush/target/classes/assets/textures/background/background2.png
01:22:06.003 [JavaFX Application Thread] DEBUG TMXLevelLoader       - Parsed TiledMap: file:/C:/Users/User/Documents/Millan.Luis/UNEG/Semestre%20IV/Tecnicas%20de%20Prog.%20III/Sonic-rush/target/classes/assets/levels/mapazo.tmx
01:22:06.004 [JavaFX Application Thread] DEBUG TMXLevelLoader       - Creating tile layer entities
01:22:06.006 [JavaFX Application Thread] DEBUG TilesetLoader        - Loading view for layer Capa de patrones 1
01:22:06.011 [JavaFX Application Thread] DEBUG TilesetLoader        - Created buffer with size 3840.0x720.0
01:22:06.035 [JavaFX Application Thread] DEBUG TMXLevelLoader       - Creating object layer entities
01:22:06.045 [JavaFX Application Thread] DEBUG GameWorld            - Clearing removable entities
01:22:06.047 [JavaFX Application Thread] DEBUG GameWorld            - Setting level: com.almasb.fxgl.entity.level.Level@8f05155
01:22:06.054 [ClientAsyncConnThread    ] DEBUG TCPClient            - Connecting to localhost:55555 type: class com.almasb.fxgl.core.serialization.Bundle
01:22:06.056 [ClientAsyncConnThread    ] DEBUG TCPClient            - Created socket to localhost:55555
01:22:06.060 [ClientAsyncConnThread    ] DEBUG Endpoint             - TCPClient opening new connection (1) from localhost/127.0.0.1:55555 type: class com.almasb.fxgl.core.serialization.Bundle
01:22:06.079 [ClientAsyncConnThread    ] DEBUG Endpoint             - TCPClient successfully opened connection (1)
01:22:06.098 [TCPClient_SendThread-1   ] DEBUG Writers              - Getting TCPMessageWriter for class com.almasb.fxgl.core.serialization.Bundle
01:22:06.099 [TCPClient_RecvThread-1   ] DEBUG Readers              - Getting TCPMessageReader for class com.almasb.fxgl.core.serialization.Bundle
01:22:06.125 [TCPClient_SendThread-1   ] DEBUG Writers              - Constructed TCPMessageWriter for class com.almasb.fxgl.core.serialization.Bundle: BundleTCPMessageWriter
01:22:06.125 [TCPClient_RecvThread-1   ] DEBUG Readers              - Constructed MessageReader for class com.almasb.fxgl.core.serialization.Bundle: BundleTCPMessageReader
01:22:06.135 [JavaFX Application Thread] DEBUG FXGLAssetLoaderServi - Loading from file system: file:/C:/Users/User/Documents/Millan.Luis/UNEG/Semestre%20IV/Tecnicas%20de%20Prog.%20III/Sonic-rush/target/classes/assets/textures/Items/ring.png
01:22:06.150 [JavaFX Application Thread] DEBUG FXGLAssetLoaderServi - Loading from file system: file:/C:/Users/User/Documents/Millan.Luis/UNEG/Semestre%20IV/Tecnicas%20de%20Prog.%20III/Sonic-rush/target/classes/assets/textures/Items/basura.png
01:22:06.156 [JavaFX Application Thread] DEBUG FXGLAssetLoaderServi - Loading from file system: file:/C:/Users/User/Documents/Millan.Luis/UNEG/Semestre%20IV/Tecnicas%20de%20Prog.%20III/Sonic-rush/target/classes/assets/textures/Items/papel.png
01:22:06.159 [JavaFX Application Thread] DEBUG FXGLAssetLoaderServi - Loading from file system: file:/C:/Users/User/Documents/Millan.Luis/UNEG/Semestre%20IV/Tecnicas%20de%20Prog.%20III/Sonic-rush/target/classes/assets/textures/Items/caucho.png
01:22:06.169 [JavaFX Application Thread] DEBUG FXGLAssetLoaderServi - Loading from file system: file:/C:/Users/User/Documents/Millan.Luis/UNEG/Semestre%20IV/Tecnicas%20de%20Prog.%20III/Sonic-rush/target/classes/assets/textures/Enemigos/enemigo.png
01:22:06.217 [JavaFX Application Thread] DEBUG FXGLAssetLoaderServi - Loading from file system: file:/C:/Users/User/Documents/Millan.Luis/UNEG/Semestre%20IV/Tecnicas%20de%20Prog.%20III/Sonic-rush/target/classes/assets/textures/Personajes/tails.png
01:22:06.243 [JavaFX Application Thread] DEBUG FXGLAssetLoaderServi - Loading from file system: file:/C:/Users/User/Documents/Millan.Luis/UNEG/Semestre%20IV/Tecnicas%20de%20Prog.%20III/Sonic-rush/target/classes/assets/textures/Personajes/tails_Salta.png
01:22:06.254 [JavaFX Application Thread] DEBUG FXGLAssetLoaderServi - Loading from file system: file:/C:/Users/User/Documents/Millan.Luis/UNEG/Semestre%20IV/Tecnicas%20de%20Prog.%20III/Sonic-rush/target/classes/assets/textures/Personajes/tails_caminando.png
01:22:09.555 [JavaFX Application Thread] DEBUG FXGLAssetLoaderServi - Loading from file system: file:/C:/Users/User/Documents/Millan.Luis/UNEG/Semestre%20IV/Tecnicas%20de%20Prog.%20III/Sonic-rush/target/classes/assets/sounds/recoger.wav
01:22:39.236 [JavaFX Application Thread] DEBUG FXGLAssetLoaderServi - Loading from file system: file:/C:/Users/User/Documents/Millan.Luis/UNEG/Semestre%20IV/Tecnicas%20de%20Prog.%20III/Sonic-rush/target/classes/assets/sounds/perder_anillos.wav
01:22:48.803 [JavaFX Application Thread] DEBUG FXGLAssetLoaderServi - Loading from file system: file:/C:/Users/User/Documents/Millan.Luis/UNEG/Semestre%20IV/Tecnicas%20de%20Prog.%20III/Sonic-rush/target/classes/assets/sounds/muerte.wav
01:22:59.721 [JavaFX Application Thread] DEBUG PrimaryStageWindow   - Push state: DialogSubScene
01:22:59.721 [JavaFX Application Thread] DEBUG Input                - Clearing active input actions
01:22:59.722 [JavaFX Application Thread] DEBUG GameApplicationServi - Removing overlay from GameScene and adding to DialogSubScene
01:22:59.723 [JavaFX Application Thread] DEBUG PrimaryStageWindow   - GameScene -> DialogSubScene
01:23:00.954 [JavaFX Application Thread] DEBUG PrimaryStageWindow   - Pop state: DialogSubScene
01:23:00.954 [JavaFX Application Thread] DEBUG Input                - Clearing active input actions
01:23:00.954 [JavaFX Application Thread] DEBUG GameApplicationServi - Removing overlay from DialogSubScene and adding to GameScene
01:23:00.955 [JavaFX Application Thread] DEBUG PrimaryStageWindow   - GameScene <- DialogSubScene
01:23:00.955 [JavaFX Application Thread] DEBUG FXGLApplication      - Exiting FXGL
01:23:00.955 [JavaFX Application Thread] DEBUG LoopRunner           - Stopping loop
01:23:00.955 [JavaFX Application Thread] DEBUG SystemBundleService  - Saving FXGL system data
01:23:00.956 [JavaFX Application Thread] DEBUG FileSystemAccess     - Writing to: C:\Users\User\Documents\Millan.Luis\UNEG\Semestre IV\Tecnicas de Prog. III\Sonic-rush\system\fxgl.bundle
01:23:00.957 [JavaFX Application Thread] DEBUG Async                - Shutting down background threads
01:23:00.957 [JavaFX Application Thread] DEBUG PrimaryStageWindow   - Closing main window
01:23:00.967 [JavaFX Application Thread] DEBUG Logger               - Closing Logger
