15:21:02.446 [main                     ] DEBUG Logger               - Configured Logger
15:21:02.472 [main                     ] DEBUG GameApplication      - Logging settings
Title: Jugador Sonic
Version: 0.0
Width: 1000
Height: 600
Fullscreen: false
Intro: false
Profiling: false
Single step:false
App Mode: DEVELOPER
Menu Key: ESCAPE
Stage Style: DECORATED
Scene Factory: class com.almasb.fxgl.app.scene.SceneFactory

15:21:02.917 [JavaFX Application Thread] DEBUG FXGLApplication      - Initializing FXGL
15:21:02.922 [JavaFX Application Thread] INFO  Engine               - FXGL-17.3 (30.03.2023 11.49) on WINDOWS (J:21.0.2 FX:20)
15:21:02.923 [JavaFX Application Thread] DEBUG Engine               - JRE Vendor Name: Oracle Corporation
15:21:02.923 [JavaFX Application Thread] DEBUG Engine               - Running on OS: Windows 10 version 10.0
15:21:02.923 [JavaFX Application Thread] DEBUG Engine               - Architecture: amd64
15:21:02.924 [JavaFX Application Thread] INFO  Engine               - Source code and latest versions at: https://github.com/AlmasB/FXGL
15:21:02.924 [JavaFX Application Thread] INFO  Engine               -       Ask questions and discuss at: https://github.com/AlmasB/FXGL/discussions
15:21:02.925 [JavaFX Application Thread] INFO  Engine               -              Join the FXGL chat at: https://gitter.im/AlmasB/FXGL
15:21:03.069 [JavaFX Application Thread] DEBUG PrimaryStageWindow   - Creating a JavaFX scene
15:21:03.136 [JavaFX Application Thread] DEBUG PrimaryStageWindow   - Target settings size: 1000.0 x 600.0
15:21:03.137 [JavaFX Application Thread] DEBUG PrimaryStageWindow   - Scaled scene size:    1000.0 x 600.0
15:21:03.137 [JavaFX Application Thread] DEBUG PrimaryStageWindow   - Scaled ratio: (1.0, 1.0)
15:21:03.139 [JavaFX Application Thread] DEBUG PrimaryStageWindow   - Set initial scene to FXGLStartupScene
15:21:03.142 [JavaFX Application Thread] DEBUG PrimaryStageWindow   - Opening main window
15:21:03.240 [JavaFX Application Thread] DEBUG PrimaryStageWindow   - Window border size: (16.0, 39.0)
15:21:03.240 [JavaFX Application Thread] DEBUG PrimaryStageWindow   - Scaled size: 1000.0 x 600.0
15:21:03.240 [JavaFX Application Thread] DEBUG PrimaryStageWindow   - Scaled ratio: (1.0, 1.0)
15:21:03.240 [JavaFX Application Thread] DEBUG PrimaryStageWindow   - Scene size: 1000.0 x 600.0
15:21:03.241 [JavaFX Application Thread] DEBUG PrimaryStageWindow   - Stage size: 1016.0 x 639.0
15:21:03.250 [FXGL Background Thread 1 ] DEBUG Engine               - Initializing environment variables
15:21:03.319 [FXGL Background Thread 1 ] DEBUG FXGLAssetLoaderServi - User app class for loading assets: class Runner.ClientRunner
15:21:03.319 [FXGL Background Thread 1 ] DEBUG GameApplicationServi - Applying CSS: fxgl_dark.css
15:21:03.321 [FXGL Background Thread 1 ] DEBUG FXGLAssetLoaderServi - Loading from file system: jar:file:/C:/Users/User/.m2/repository/com/github/almasb/fxgl/17.3/fxgl-17.3.jar!/fxglassets/ui/css/fxgl_dark.css
15:21:03.371 [FXGL Background Thread 1 ] DEBUG GameApplicationServi - Initializing application scenes
15:21:03.461 [FXGL Background Thread 1 ] DEBUG GameWorld            - Game world initialized
15:21:03.543 [FXGL Background Thread 1 ] DEBUG PhysicsWorld         - Physics world initialized: appHeight=600, physics.ppm=50,0
15:21:03.544 [FXGL Background Thread 1 ] DEBUG PhysicsWorld         - Using strategy: BRUTE_FORCE
15:21:03.548 [FXGL Background Thread 1 ] DEBUG GameScene            - Game scene initialized: 1000x600
15:21:03.564 [FXGL Background Thread 1 ] DEBUG FXGL.DefaultMenu     - createMenuBodyGameMenu()
15:21:03.589 [FXGL Background Thread 1 ] DEBUG FXGL.DefaultMenu     - createOptionsMenu()
15:21:03.601 [FXGL Background Thread 1 ] DEBUG FXGLAssetLoaderServi - Loading from file system: jar:file:/C:/Users/User/.m2/repository/com/github/almasb/fxgl/17.3/fxgl-17.3.jar!/fxglassets/textures/particles/smoke.png
15:21:03.714 [FXGL Background Thread 1 ] DEBUG FXGLAssetLoaderServi - Loading from file system: jar:file:/C:/Users/User/.m2/repository/com/github/almasb/fxgl/17.3/fxgl-17.3.jar!/fxglassets/textures/particles/trace_horizontal.png
15:21:03.751 [FXGL Background Thread 1 ] DEBUG GameApplicationServi - Application scenes initialized
15:21:03.772 [FXGL Background Thread 1 ] DEBUG SystemBundleService  - Loading FXGL system data
15:21:03.777 [FXGL Background Thread 1 ] DEBUG FileSystemAccess     - Reading from: C:\Users\User\Documents\GitHub\Sonic-rush\system\fxgl.bundle
15:21:03.789 [FXGL Background Thread 1 ] DEBUG SystemBundleService  - Bundle FXGL: {}
15:21:03.789 [FXGL Background Thread 1 ] DEBUG UpdaterService       - Checking for updates
15:21:03.795 [FXGL Background Thread 1 ] DEBUG FXGLApplication      - Loading default localization
15:21:03.796 [FXGL Background Thread 1 ] DEBUG FXGLAssetLoaderServi - Loading from file system: jar:file:/C:/Users/User/.m2/repository/com/github/almasb/fxgl/17.3/fxgl-17.3.jar!/fxglassets/languages/english.lang
15:21:03.805 [FXGL Background Thread 4 ] DEBUG FXGLApplication      - Loading fonts
15:21:03.815 [FXGL Background Thread 4 ] DEBUG FXGLAssetLoaderServi - Loading from file system: jar:file:/C:/Users/User/.m2/repository/com/github/almasb/fxgl/17.3/fxgl-17.3.jar!/fxglassets/ui/fonts/VarelaRound-Regular.ttf
15:21:03.832 [FXGL Background Thread 1 ] INFO  FXGLApplication      - FXGL initialization took: 0,581 sec
15:21:03.849 [JavaFX Application Thread] DEBUG Input                - Registered new binding: Mover a la izquierda - A
15:21:03.850 [JavaFX Application Thread] DEBUG Input                - Registered new binding: Mover a la derecha - D
15:21:03.850 [JavaFX Application Thread] DEBUG Input                - Registered new binding: Saltar - W
15:21:03.851 [JavaFX Application Thread] DEBUG Input                - Registered new binding: Interactuar - E
15:21:03.851 [JavaFX Application Thread] DEBUG Input                - Registered new binding: Transformar - P
15:21:03.851 [JavaFX Application Thread] DEBUG Input                - Registered new binding: Desactivar filtro - L
15:21:03.852 [JavaFX Application Thread] DEBUG FXGLAssetLoaderServi - Loading from file system: jar:file:/C:/Users/User/.m2/repository/com/github/almasb/fxgl/17.3/fxgl-17.3.jar!/fxglassets/textures/fxgl_icon.png
15:21:03.888 [JavaFX Application Thread] DEBUG FXGLAssetLoaderServi - Loading from file system: jar:file:/C:/Users/User/.m2/repository/com/github/almasb/fxgl/17.3/fxgl-17.3.jar!/fxglassets/textures/fxgl_default_cursor.png
15:21:03.891 [JavaFX Application Thread] DEBUG Input                - Registered new binding: Screenshot - CTRL+8
15:21:03.891 [JavaFX Application Thread] DEBUG Input                - Registered new binding: System info dump - CTRL+9
15:21:03.892 [JavaFX Application Thread] DEBUG Input                - Registered new binding: Restart - CTRL+R
15:21:03.893 [JavaFX Application Thread] DEBUG Input                - Registered new binding: Toggle Debug Camera - CTRL+7
15:21:03.895 [JavaFX Application Thread] DEBUG LoopRunner           - Starting loop
15:21:03.895 [JavaFX Application Thread] DEBUG LoopRunner           - Initializing JavaFX AnimationTimerLoop
15:21:03.897 [JavaFX Application Thread] DEBUG GameApplicationServi - Starting new game
15:21:03.898 [JavaFX Application Thread] DEBUG Input                - Clearing active input actions
15:21:03.920 [JavaFX Application Thread] DEBUG GameApplicationServi - Removing overlay from FXGLStartupScene and adding to FXGLLoadingScene
15:21:03.920 [JavaFX Application Thread] DEBUG PrimaryStageWindow   - FXGLStartupScene -> FXGLLoadingScene
15:21:03.921 [JavaFX Application Thread] DEBUG GameApplicationServi - Clearing previous game
15:21:03.921 [JavaFX Application Thread] DEBUG GameScene            - Clearing game scene
15:21:03.921 [JavaFX Application Thread] DEBUG GameWorld            - Clearing game world
15:21:03.921 [JavaFX Application Thread] DEBUG PhysicsWorld         - Clearing physics world
15:21:03.923 [FXGL Background Thread 1 ] DEBUG FXGLApplication      - Initializing game
15:21:03.938 [FXGL Background Thread 1 ] DEBUG FXGLAssetLoaderServi - Loading from file system: file:/C:/Users/User/Documents/GitHub/Sonic-rush/target/classes/assets/music/OST2.mp3
15:21:03.948 [FXGL Background Thread 4 ] DEBUG FXGLAssetLoaderServi - Loading from file system: jar:file:/C:/Users/User/.m2/repository/com/github/almasb/fxgl/17.3/fxgl-17.3.jar!/fxglassets/ui/fonts/Abel-Regular.ttf
15:21:03.959 [FXGL Background Thread 4 ] DEBUG FXGLAssetLoaderServi - Loading from file system: jar:file:/C:/Users/User/.m2/repository/com/github/almasb/fxgl/17.3/fxgl-17.3.jar!/fxglassets/ui/fonts/TerminalLandMono-Regular.otf
15:21:04.022 [FXGL Background Thread 4 ] DEBUG FXGLAssetLoaderServi - Loading from file system: jar:file:/C:/Users/User/.m2/repository/com/github/almasb/fxgl/17.3/fxgl-17.3.jar!/fxglassets/ui/fonts/Courier-Prime.ttf
15:21:04.033 [JavaFX Application Thread] DEBUG FXGLApplication      - Registering font factories with UI factory
15:21:04.284 [FXGL Background Thread 1 ] DEBUG AudioPlayer          - Playing music com.almasb.fxgl.audio.Music@62ca36fa
15:21:04.290 [FXGL Background Thread 1 ] INFO  FXGLApplication      - Game initialization took: 0,367 sec
15:21:04.501 [JavaFX Application Thread] DEBUG Input                - Clearing active input actions
15:21:04.532 [JavaFX Application Thread] DEBUG GameApplicationServi - Removing overlay from FXGLLoadingScene and adding to GameScene
15:21:04.532 [JavaFX Application Thread] DEBUG PrimaryStageWindow   - FXGLLoadingScene -> GameScene
15:21:04.668 [FXGL Background Thread 2 ] INFO  UpdaterService       - Your current version:  17.3
15:21:04.676 [FXGL Background Thread 2 ] INFO  UpdaterService       - Latest stable version: 21.1
15:21:06.793 [FXGL Background Thread 3 ] DEBUG Engine               - Logging environment variables
15:21:06.793 [FXGL Background Thread 3 ] DEBUG Engine               - achievements: []
15:21:06.793 [FXGL Background Thread 3 ] DEBUG Engine               - actualHeight: 600.0
15:21:06.794 [FXGL Background Thread 3 ] DEBUG Engine               - actualHeightProperty: ReadOnlyDoubleProperty [value: 600.0]
15:21:06.794 [FXGL Background Thread 3 ] DEBUG Engine               - actualWidth: 1000.0
15:21:06.794 [FXGL Background Thread 3 ] DEBUG Engine               - actualWidthProperty: ReadOnlyDoubleProperty [value: 1000.0]
15:21:06.794 [FXGL Background Thread 3 ] DEBUG Engine               - appIcon: fxgl_icon.png
15:21:06.794 [FXGL Background Thread 3 ] DEBUG Engine               - applicationMode: DEVELOPER
15:21:06.794 [FXGL Background Thread 3 ] DEBUG Engine               - cSSList: [fxgl_dark.css]
15:21:06.794 [FXGL Background Thread 3 ] DEBUG Engine               - collisionDetectionStrategy: BRUTE_FORCE
15:21:06.794 [FXGL Background Thread 3 ] DEBUG Engine               - configClass: Optional.empty
15:21:06.794 [FXGL Background Thread 3 ] DEBUG Engine               - credits: []
15:21:06.795 [FXGL Background Thread 3 ] DEBUG Engine               - defaultCursor: CursorInfo(imageName=fxgl_default_cursor.png, hotspotX=7.0, hotspotY=6.0)
15:21:06.795 [FXGL Background Thread 3 ] DEBUG Engine               - devBBoxColorProperty: ObjectProperty [value: 0xff0000ff]
15:21:06.795 [FXGL Background Thread 3 ] DEBUG Engine               - devEnableDebugCameraProperty: BooleanProperty [value: false]
15:21:06.795 [FXGL Background Thread 3 ] DEBUG Engine               - devSensorColorProperty: ObjectProperty [value: 0xffff00ff]
15:21:06.795 [FXGL Background Thread 3 ] DEBUG Engine               - devShowBBoxProperty: BooleanProperty [value: false]
15:21:06.795 [FXGL Background Thread 3 ] DEBUG Engine               - devShowPositionProperty: BooleanProperty [value: false]
15:21:06.795 [FXGL Background Thread 3 ] DEBUG Engine               - enabledMenuItems: []
15:21:06.795 [FXGL Background Thread 3 ] DEBUG Engine               - engineServices: [class com.almasb.fxgl.app.services.FXGLAssetLoaderService, class com.almasb.fxgl.app.FXGLApplication$GameApplicationService, class com.almasb.fxgl.app.services.FXGLDialogService, class com.almasb.fxgl.app.services.IOTaskExecutorService, class com.almasb.fxgl.io.FileSystemService, class com.almasb.fxgl.localization.LocalizationService, class com.almasb.fxgl.app.services.SystemBundleService, class com.almasb.fxgl.profile.SaveLoadService, class com.almasb.fxgl.ui.FXGLUIFactoryServiceProvider, class com.almasb.fxgl.ui.FXGLDialogFactoryServiceProvider, class com.almasb.fxgl.audio.AudioPlayer, class com.almasb.fxgl.notification.impl.NotificationServiceProvider, class com.almasb.fxgl.achievement.AchievementService, class com.almasb.fxgl.cutscene.CutsceneService, class com.almasb.fxgl.minigames.MiniGameService, class com.almasb.fxgl.net.NetService, class com.almasb.fxgl.app.services.UpdaterService, class com.almasb.fxgl.dev.DevService, class com.almasb.fxgl.multiplayer.MultiplayerService]
15:21:06.795 [FXGL Background Thread 3 ] DEBUG Engine               - fontGame: Abel-Regular.ttf
15:21:06.795 [FXGL Background Thread 3 ] DEBUG Engine               - fontMono: TerminalLandMono-Regular.otf
15:21:06.795 [FXGL Background Thread 3 ] DEBUG Engine               - fontSizeScaleUI: 1.0
15:21:06.795 [FXGL Background Thread 3 ] DEBUG Engine               - fontText: Courier-Prime.ttf
15:21:06.795 [FXGL Background Thread 3 ] DEBUG Engine               - fontUI: VarelaRound-Regular.ttf
15:21:06.795 [FXGL Background Thread 3 ] DEBUG Engine               - fullScreen: BooleanProperty [value: false]
15:21:06.796 [FXGL Background Thread 3 ] DEBUG Engine               - gameDifficulty: MEDIUM
15:21:06.796 [FXGL Background Thread 3 ] DEBUG Engine               - gameDifficultyProperty: ObjectProperty [value: MEDIUM]
15:21:06.796 [FXGL Background Thread 3 ] DEBUG Engine               - globalMusicVolume: 0.5
15:21:06.796 [FXGL Background Thread 3 ] DEBUG Engine               - globalMusicVolumeProperty: DoubleProperty [value: 0.5]
15:21:06.796 [FXGL Background Thread 3 ] DEBUG Engine               - globalSoundVolume: 0.5
15:21:06.796 [FXGL Background Thread 3 ] DEBUG Engine               - globalSoundVolumeProperty: DoubleProperty [value: 0.5]
15:21:06.796 [FXGL Background Thread 3 ] DEBUG Engine               - height: 600
15:21:06.796 [FXGL Background Thread 3 ] DEBUG Engine               - is3D: false
15:21:06.796 [FXGL Background Thread 3 ] DEBUG Engine               - isAndroid: false
15:21:06.796 [FXGL Background Thread 3 ] DEBUG Engine               - isBrowser: false
15:21:06.796 [FXGL Background Thread 3 ] DEBUG Engine               - isClickFeedbackEnabled: false
15:21:06.796 [FXGL Background Thread 3 ] DEBUG Engine               - isCloseConfirmation: false
15:21:06.796 [FXGL Background Thread 3 ] DEBUG Engine               - isDesktop: true
15:21:06.796 [FXGL Background Thread 3 ] DEBUG Engine               - isDeveloperMenuEnabled: false
15:21:06.796 [FXGL Background Thread 3 ] DEBUG Engine               - isEmbedded: false
15:21:06.796 [FXGL Background Thread 3 ] DEBUG Engine               - isEntityPreloadEnabled: true
15:21:06.796 [FXGL Background Thread 3 ] DEBUG Engine               - isExperimentalTiledLargeMap: false
15:21:06.796 [FXGL Background Thread 3 ] DEBUG Engine               - isFileSystemWriteAllowed: true
15:21:06.796 [FXGL Background Thread 3 ] DEBUG Engine               - isFullScreenAllowed: false
15:21:06.796 [FXGL Background Thread 3 ] DEBUG Engine               - isFullScreenFromStart: false
15:21:06.796 [FXGL Background Thread 3 ] DEBUG Engine               - isGameMenuEnabled: true
15:21:06.797 [FXGL Background Thread 3 ] DEBUG Engine               - isIOS: false
15:21:06.797 [FXGL Background Thread 3 ] DEBUG Engine               - isIntroEnabled: false
15:21:06.797 [FXGL Background Thread 3 ] DEBUG Engine               - isLinux: false
15:21:06.797 [FXGL Background Thread 3 ] DEBUG Engine               - isMac: false
15:21:06.797 [FXGL Background Thread 3 ] DEBUG Engine               - isMainMenuEnabled: false
15:21:06.797 [FXGL Background Thread 3 ] DEBUG Engine               - isManualResizeEnabled: false
15:21:06.797 [FXGL Background Thread 3 ] DEBUG Engine               - isMobile: false
15:21:06.797 [FXGL Background Thread 3 ] DEBUG Engine               - isNative: false
15:21:06.797 [FXGL Background Thread 3 ] DEBUG Engine               - isPauseMusicWhenMinimized: true
15:21:06.797 [FXGL Background Thread 3 ] DEBUG Engine               - isPreserveResizeRatio: false
15:21:06.797 [FXGL Background Thread 3 ] DEBUG Engine               - isProfilingEnabled: false
15:21:06.797 [FXGL Background Thread 3 ] DEBUG Engine               - isScaleAffectedOnResize: true
15:21:06.797 [FXGL Background Thread 3 ] DEBUG Engine               - isSingleStep: false
15:21:06.797 [FXGL Background Thread 3 ] DEBUG Engine               - isUserProfileEnabled: false
15:21:06.797 [FXGL Background Thread 3 ] DEBUG Engine               - isWindows: true
15:21:06.797 [FXGL Background Thread 3 ] DEBUG Engine               - language: ObjectProperty [value: ENGLISH]
15:21:06.797 [FXGL Background Thread 3 ] DEBUG Engine               - menuKey: ESCAPE
15:21:06.797 [FXGL Background Thread 3 ] DEBUG Engine               - mouseSensitivity: 0.2
15:21:06.797 [FXGL Background Thread 3 ] DEBUG Engine               - notificationViewClass: class com.almasb.fxgl.notification.view.XboxNotificationView
15:21:06.797 [FXGL Background Thread 3 ] DEBUG Engine               - pixelsPerMeter: 50.0
15:21:06.797 [FXGL Background Thread 3 ] DEBUG Engine               - platform: WINDOWS
15:21:06.797 [FXGL Background Thread 3 ] DEBUG Engine               - prefHeightProperty: ReadOnlyDoubleProperty [value: 600.0]
15:21:06.797 [FXGL Background Thread 3 ] DEBUG Engine               - prefWidthProperty: ReadOnlyDoubleProperty [value: 1000.0]
15:21:06.798 [FXGL Background Thread 3 ] DEBUG Engine               - profileDir: profiles/
15:21:06.798 [FXGL Background Thread 3 ] DEBUG Engine               - profileName: StringProperty [value: DEFAULT]
15:21:06.798 [FXGL Background Thread 3 ] DEBUG Engine               - randomSeed: -1
15:21:06.798 [FXGL Background Thread 3 ] DEBUG Engine               - runtimeInfo: RuntimeInfo(platform=WINDOWS, version=17.3, build=30.03.2023 11.49)
15:21:06.798 [FXGL Background Thread 3 ] DEBUG Engine               - saveFileExt: sav
15:21:06.798 [FXGL Background Thread 3 ] DEBUG Engine               - scaledHeightProp$fxgl: DoubleProperty [bound, value: 600.0]
15:21:06.798 [FXGL Background Thread 3 ] DEBUG Engine               - scaledWidthProp$fxgl: DoubleProperty [bound, value: 1000.0]
15:21:06.798 [FXGL Background Thread 3 ] DEBUG Engine               - sceneFactory: com.almasb.fxgl.app.scene.SceneFactory@db4c894
15:21:06.798 [FXGL Background Thread 3 ] DEBUG Engine               - secondsIn24h: 60
15:21:06.798 [FXGL Background Thread 3 ] DEBUG Engine               - soundMenuBack: menu/back.wav
15:21:06.798 [FXGL Background Thread 3 ] DEBUG Engine               - soundMenuPress: menu/press.wav
15:21:06.798 [FXGL Background Thread 3 ] DEBUG Engine               - soundMenuSelect: menu/select.wav
15:21:06.798 [FXGL Background Thread 3 ] DEBUG Engine               - soundNotification: core/notification.wav
15:21:06.798 [FXGL Background Thread 3 ] DEBUG Engine               - stageStyle: DECORATED
15:21:06.798 [FXGL Background Thread 3 ] DEBUG Engine               - supportedLanguages: [ENGLISH, FRENCH, GERMAN, HUNGARIAN, RUSSIAN]
15:21:06.799 [FXGL Background Thread 3 ] DEBUG Engine               - ticksPerSecond: -1
15:21:06.799 [FXGL Background Thread 3 ] DEBUG Engine               - title: Jugador Sonic
15:21:06.799 [FXGL Background Thread 3 ] DEBUG Engine               - urlGithub: https://github.com/AlmasB/FXGL
15:21:06.799 [FXGL Background Thread 3 ] DEBUG Engine               - urlLeaderboard: http://fxgl-top.herokuapp.com/
15:21:06.799 [FXGL Background Thread 3 ] DEBUG Engine               - urlPOM: https://raw.githubusercontent.com/AlmasB/FXGL/release/README.md
15:21:06.799 [FXGL Background Thread 3 ] DEBUG Engine               - userAppClass: class Runner.ClientRunner
15:21:06.799 [FXGL Background Thread 3 ] DEBUG Engine               - version: 0.0
15:21:06.799 [FXGL Background Thread 3 ] DEBUG Engine               - versionCheckDays: 7
15:21:06.799 [FXGL Background Thread 3 ] DEBUG Engine               - width: 1000
15:21:06.799 [FXGL Background Thread 3 ] DEBUG Engine               - Logging services
15:21:06.799 [FXGL Background Thread 3 ] DEBUG Engine               - class com.almasb.fxgl.app.services.FXGLAssetLoaderService
15:21:06.799 [FXGL Background Thread 3 ] DEBUG Engine               - class com.almasb.fxgl.app.FXGLApplication$GameApplicationService
15:21:06.799 [FXGL Background Thread 3 ] DEBUG Engine               - class com.almasb.fxgl.app.services.FXGLDialogService
15:21:06.799 [FXGL Background Thread 3 ] DEBUG Engine               - class com.almasb.fxgl.app.services.IOTaskExecutorService
15:21:06.799 [FXGL Background Thread 3 ] DEBUG Engine               - class com.almasb.fxgl.io.FileSystemService
15:21:06.799 [FXGL Background Thread 3 ] DEBUG Engine               - class com.almasb.fxgl.localization.LocalizationService
15:21:06.799 [FXGL Background Thread 3 ] DEBUG Engine               - class com.almasb.fxgl.app.services.SystemBundleService
15:21:06.799 [FXGL Background Thread 3 ] DEBUG Engine               - class com.almasb.fxgl.profile.SaveLoadService
15:21:06.799 [FXGL Background Thread 3 ] DEBUG Engine               - class com.almasb.fxgl.ui.FXGLUIFactoryServiceProvider
15:21:06.799 [FXGL Background Thread 3 ] DEBUG Engine               - class com.almasb.fxgl.ui.FXGLDialogFactoryServiceProvider
15:21:06.799 [FXGL Background Thread 3 ] DEBUG Engine               - class com.almasb.fxgl.audio.AudioPlayer
15:21:06.799 [FXGL Background Thread 3 ] DEBUG Engine               - class com.almasb.fxgl.notification.impl.NotificationServiceProvider
15:21:06.799 [FXGL Background Thread 3 ] DEBUG Engine               - class com.almasb.fxgl.achievement.AchievementService
15:21:06.799 [FXGL Background Thread 3 ] DEBUG Engine               - class com.almasb.fxgl.cutscene.CutsceneService
15:21:06.800 [FXGL Background Thread 3 ] DEBUG Engine               - class com.almasb.fxgl.minigames.MiniGameService
15:21:06.800 [FXGL Background Thread 3 ] DEBUG Engine               - class com.almasb.fxgl.net.NetService
15:21:06.800 [FXGL Background Thread 3 ] DEBUG Engine               - class com.almasb.fxgl.app.services.UpdaterService
15:21:06.800 [FXGL Background Thread 3 ] DEBUG Engine               - class com.almasb.fxgl.dev.DevService
15:21:06.800 [FXGL Background Thread 3 ] DEBUG Engine               - class com.almasb.fxgl.multiplayer.MultiplayerService
15:21:20.097 [JavaFX Application Thread] DEBUG FXGLApplication      - Exiting FXGL
15:21:20.098 [JavaFX Application Thread] DEBUG LoopRunner           - Stopping loop
15:21:20.098 [JavaFX Application Thread] DEBUG SystemBundleService  - Saving FXGL system data
15:21:20.100 [JavaFX Application Thread] DEBUG FileSystemAccess     - Writing to: C:\Users\User\Documents\GitHub\Sonic-rush\system\fxgl.bundle
15:21:20.102 [JavaFX Application Thread] DEBUG Async                - Shutting down background threads
15:21:20.103 [JavaFX Application Thread] DEBUG PrimaryStageWindow   - Closing main window
15:21:20.109 [JavaFX Application Thread] DEBUG Logger               - Closing Logger
