15:15:50.117 [main                     ] DEBUG Logger               - Configured Logger
15:15:50.178 [main                     ] DEBUG GameApplication      - Logging settings
Title: Server
Version: 0.0
Width: 800
Height: 500
Fullscreen: false
Intro: false
Profiling: false
Single step:false
App Mode: DEVELOPER
Menu Key: ESCAPE
Stage Style: DECORATED
Scene Factory: class com.almasb.fxgl.app.scene.SceneFactory

15:15:53.307 [JavaFX Application Thread] DEBUG FXGLApplication      - Initializing FXGL
15:15:53.326 [JavaFX Application Thread] INFO  Engine               - FXGL-17.3 (30.03.2023 11.49) on WINDOWS (J:17.0.12 FX:20)
15:15:53.383 [JavaFX Application Thread] DEBUG Engine               - JRE Vendor Name: Oracle Corporation
15:15:53.414 [JavaFX Application Thread] DEBUG Engine               - Running on OS: Windows 10 version 10.0
15:15:53.416 [JavaFX Application Thread] DEBUG Engine               - Architecture: amd64
15:15:53.416 [JavaFX Application Thread] INFO  Engine               - Source code and latest versions at: https://github.com/AlmasB/FXGL
15:15:53.463 [JavaFX Application Thread] INFO  Engine               -       Ask questions and discuss at: https://github.com/AlmasB/FXGL/discussions
15:15:53.466 [JavaFX Application Thread] INFO  Engine               -              Join the FXGL chat at: https://gitter.im/AlmasB/FXGL
15:15:54.074 [JavaFX Application Thread] DEBUG PrimaryStageWindow   - Creating a JavaFX scene
15:15:54.215 [JavaFX Application Thread] DEBUG PrimaryStageWindow   - Target settings size: 800.0 x 500.0
15:15:54.215 [JavaFX Application Thread] DEBUG PrimaryStageWindow   - Scaled scene size:    800.0 x 500.0
15:15:54.216 [JavaFX Application Thread] DEBUG PrimaryStageWindow   - Scaled ratio: (1.0, 1.0)
15:15:54.218 [JavaFX Application Thread] DEBUG PrimaryStageWindow   - Set initial scene to FXGLStartupScene
15:15:54.225 [JavaFX Application Thread] DEBUG PrimaryStageWindow   - Opening main window
15:15:54.404 [JavaFX Application Thread] DEBUG PrimaryStageWindow   - Window border size: (14.4000244140625, 37.5999755859375)
15:15:54.405 [JavaFX Application Thread] DEBUG PrimaryStageWindow   - Scaled size: 800.0 x 500.0
15:15:54.405 [JavaFX Application Thread] DEBUG PrimaryStageWindow   - Scaled ratio: (1.0, 1.0)
15:15:54.405 [JavaFX Application Thread] DEBUG PrimaryStageWindow   - Scene size: 800.0 x 500.0
15:15:54.406 [JavaFX Application Thread] DEBUG PrimaryStageWindow   - Stage size: 814.4000244140625 x 537.5999755859375
15:15:54.440 [FXGL Background Thread 1 ] DEBUG Engine               - Initializing environment variables
15:15:54.557 [FXGL Background Thread 1 ] DEBUG FXGLAssetLoaderServi - User app class for loading assets: class Runner.ServerRunner
15:15:54.558 [FXGL Background Thread 1 ] DEBUG GameApplicationServi - Applying CSS: fxgl_dark.css
15:15:54.559 [FXGL Background Thread 1 ] DEBUG FXGLAssetLoaderServi - Loading from file system: jar:file:/C:/Users/Owner/.m2/repository/com/github/almasb/fxgl/17.3/fxgl-17.3.jar!/fxglassets/ui/css/fxgl_dark.css
15:15:54.681 [FXGL Background Thread 1 ] DEBUG GameApplicationServi - Initializing application scenes
15:15:54.819 [FXGL Background Thread 1 ] DEBUG GameWorld            - Game world initialized
15:15:54.942 [FXGL Background Thread 1 ] DEBUG PhysicsWorld         - Physics world initialized: appHeight=500, physics.ppm=50.0
15:15:54.943 [FXGL Background Thread 1 ] DEBUG PhysicsWorld         - Using strategy: BRUTE_FORCE
15:15:54.954 [FXGL Background Thread 1 ] DEBUG GameScene            - Game scene initialized: 800x500
15:15:54.988 [FXGL Background Thread 1 ] WARN  FXGL.DefaultMenu     - FXGLDefaultMenu is not designed for resolutions < 800x600
15:15:54.989 [FXGL Background Thread 1 ] DEBUG FXGL.DefaultMenu     - createMenuBodyGameMenu()
15:15:55.036 [FXGL Background Thread 1 ] DEBUG FXGL.DefaultMenu     - createOptionsMenu()
15:15:55.090 [FXGL Background Thread 1 ] DEBUG FXGLAssetLoaderServi - Loading from file system: jar:file:/C:/Users/Owner/.m2/repository/com/github/almasb/fxgl/17.3/fxgl-17.3.jar!/fxglassets/textures/particles/smoke.png
15:15:55.462 [FXGL Background Thread 1 ] DEBUG FXGLAssetLoaderServi - Loading from file system: jar:file:/C:/Users/Owner/.m2/repository/com/github/almasb/fxgl/17.3/fxgl-17.3.jar!/fxglassets/textures/particles/trace_horizontal.png
15:15:55.702 [FXGL Background Thread 1 ] DEBUG GameApplicationServi - Application scenes initialized
15:15:55.783 [FXGL Background Thread 1 ] DEBUG SystemBundleService  - Loading FXGL system data
15:15:55.802 [FXGL Background Thread 1 ] DEBUG FileSystemAccess     - Reading from: C:\Users\Owner\Desktop\Sonic-rush\system\fxgl.bundle
15:15:55.818 [FXGL Background Thread 1 ] DEBUG SystemBundleService  - Bundle FXGL: {}
15:15:55.819 [FXGL Background Thread 1 ] DEBUG UpdaterService       - Checking for updates
15:15:55.829 [FXGL Background Thread 1 ] DEBUG FXGLApplication      - Loading default localization
15:15:55.836 [FXGL Background Thread 1 ] DEBUG FXGLAssetLoaderServi - Loading from file system: jar:file:/C:/Users/Owner/.m2/repository/com/github/almasb/fxgl/17.3/fxgl-17.3.jar!/fxglassets/languages/english.lang
15:15:55.858 [FXGL Background Thread 4 ] DEBUG FXGLApplication      - Loading fonts
15:15:55.859 [FXGL Background Thread 4 ] DEBUG FXGLAssetLoaderServi - Loading from file system: jar:file:/C:/Users/Owner/.m2/repository/com/github/almasb/fxgl/17.3/fxgl-17.3.jar!/fxglassets/ui/fonts/VarelaRound-Regular.ttf
15:15:55.924 [FXGL Background Thread 1 ] INFO  FXGLApplication      - FXGL initialization took: 1.484 sec
15:15:55.976 [JavaFX Application Thread] DEBUG FXGLAssetLoaderServi - Loading from file system: jar:file:/C:/Users/Owner/.m2/repository/com/github/almasb/fxgl/17.3/fxgl-17.3.jar!/fxglassets/textures/fxgl_icon.png
15:15:56.030 [JavaFX Application Thread] DEBUG FXGLAssetLoaderServi - Loading from file system: jar:file:/C:/Users/Owner/.m2/repository/com/github/almasb/fxgl/17.3/fxgl-17.3.jar!/fxglassets/textures/fxgl_default_cursor.png
15:15:56.066 [JavaFX Application Thread] DEBUG Input                - Registered new binding: Screenshot - CTRL+8
15:15:56.067 [JavaFX Application Thread] DEBUG Input                - Registered new binding: System info dump - CTRL+9
15:15:56.068 [JavaFX Application Thread] DEBUG Input                - Registered new binding: Restart - CTRL+R
15:15:56.070 [JavaFX Application Thread] DEBUG Input                - Registered new binding: Toggle Debug Camera - CTRL+7
15:15:56.074 [JavaFX Application Thread] DEBUG LoopRunner           - Starting loop
15:15:56.074 [JavaFX Application Thread] DEBUG LoopRunner           - Initializing JavaFX AnimationTimerLoop
15:15:56.081 [JavaFX Application Thread] DEBUG GameApplicationServi - Starting new game
15:15:56.082 [JavaFX Application Thread] DEBUG Input                - Clearing active input actions
15:15:56.120 [JavaFX Application Thread] DEBUG GameApplicationServi - Removing overlay from FXGLStartupScene and adding to FXGLLoadingScene
15:15:56.121 [JavaFX Application Thread] DEBUG PrimaryStageWindow   - FXGLStartupScene -> FXGLLoadingScene
15:15:56.121 [JavaFX Application Thread] DEBUG GameApplicationServi - Clearing previous game
15:15:56.121 [JavaFX Application Thread] DEBUG GameScene            - Clearing game scene
15:15:56.137 [JavaFX Application Thread] DEBUG GameWorld            - Clearing game world
15:15:56.137 [JavaFX Application Thread] DEBUG PhysicsWorld         - Clearing physics world
15:15:56.142 [FXGL Background Thread 1 ] DEBUG FXGLApplication      - Initializing game
15:15:56.201 [FXGL Background Thread 4 ] DEBUG FXGLAssetLoaderServi - Loading from file system: jar:file:/C:/Users/Owner/.m2/repository/com/github/almasb/fxgl/17.3/fxgl-17.3.jar!/fxglassets/ui/fonts/Abel-Regular.ttf
15:15:56.208 [FXGL Background Thread 4 ] DEBUG FXGLAssetLoaderServi - Loading from file system: jar:file:/C:/Users/Owner/.m2/repository/com/github/almasb/fxgl/17.3/fxgl-17.3.jar!/fxglassets/ui/fonts/TerminalLandMono-Regular.otf
15:15:56.214 [FXGL Background Thread 4 ] DEBUG FXGLAssetLoaderServi - Loading from file system: jar:file:/C:/Users/Owner/.m2/repository/com/github/almasb/fxgl/17.3/fxgl-17.3.jar!/fxglassets/ui/fonts/Courier-Prime.ttf
15:15:56.355 [JavaFX Application Thread] DEBUG FXGLApplication      - Registering font factories with UI factory
15:15:56.697 [ServerAsyncConnThread    ] DEBUG TCPServer            - Starting to listen at: 55555 type: class com.almasb.fxgl.core.serialization.Bundle
15:15:56.812 [FXGL Background Thread 1 ] DEBUG TMXLevelLoader       - Parsed TiledMap: file:/C:/Users/Owner/Desktop/Sonic-rush/target/classes/assets/levels/mapazo.tmx
15:15:56.814 [FXGL Background Thread 1 ] DEBUG TMXLevelLoader       - Creating tile layer entities
15:15:56.817 [FXGL Background Thread 1 ] DEBUG TilesetLoader        - Loading view for layer Capa de patrones 1
15:15:56.859 [FXGL Background Thread 1 ] DEBUG TilesetLoader        - Created buffer with size 3840.0x720.0
15:15:57.013 [FXGL Background Thread 1 ] DEBUG TMXLevelLoader       - Creating object layer entities
15:15:57.174 [FXGL Background Thread 1 ] DEBUG GameWorld            - Clearing removable entities
15:15:57.175 [FXGL Background Thread 1 ] DEBUG GameWorld            - Setting level: com.almasb.fxgl.entity.level.Level@6744c4d1
15:15:57.246 [FXGL Background Thread 1 ] DEBUG FXGLAssetLoaderServi - Loading from file system: file:/C:/Users/Owner/Desktop/Sonic-rush/target/classes/assets/textures/Items/ring.png
15:15:57.422 [FXGL Background Thread 1 ] DEBUG FXGLAssetLoaderServi - Loading from file system: file:/C:/Users/Owner/Desktop/Sonic-rush/target/classes/assets/textures/Enemigos/enemigo.png
15:15:57.632 [FXGL Background Thread 1 ] DEBUG FXGLAssetLoaderServi - Loading from file system: file:/C:/Users/Owner/Desktop/Sonic-rush/target/classes/assets/textures/Items/papel.png
15:15:57.748 [FXGL Background Thread 1 ] DEBUG FXGLAssetLoaderServi - Loading from file system: file:/C:/Users/Owner/Desktop/Sonic-rush/target/classes/assets/textures/Items/caucho.png
15:15:57.775 [FXGL Background Thread 1 ] DEBUG FXGLAssetLoaderServi - Loading from file system: file:/C:/Users/Owner/Desktop/Sonic-rush/target/classes/assets/textures/Items/basura.png
15:15:57.782 [FXGL Background Thread 1 ] INFO  FXGLApplication      - Game initialization took: 1.640 sec
15:15:57.809 [JavaFX Application Thread] DEBUG Input                - Clearing active input actions
15:15:57.833 [JavaFX Application Thread] DEBUG GameApplicationServi - Removing overlay from FXGLLoadingScene and adding to GameScene
15:15:57.833 [JavaFX Application Thread] DEBUG PrimaryStageWindow   - FXGLLoadingScene -> GameScene
15:15:57.890 [FXGL Background Thread 2 ] INFO  UpdaterService       - Your current version:  17.3
15:15:57.900 [FXGL Background Thread 2 ] INFO  UpdaterService       - Latest stable version: 21.1
15:15:58.832 [FXGL Background Thread 3 ] DEBUG Engine               - Logging environment variables
15:15:58.843 [FXGL Background Thread 3 ] DEBUG Engine               - achievements: []
15:15:58.843 [FXGL Background Thread 3 ] DEBUG Engine               - actualHeight: 500.0
15:15:58.847 [FXGL Background Thread 3 ] DEBUG Engine               - actualHeightProperty: ReadOnlyDoubleProperty [value: 500.0]
15:15:58.847 [FXGL Background Thread 3 ] DEBUG Engine               - actualWidth: 800.0
15:15:58.848 [FXGL Background Thread 3 ] DEBUG Engine               - actualWidthProperty: ReadOnlyDoubleProperty [value: 800.0]
15:15:58.848 [FXGL Background Thread 3 ] DEBUG Engine               - appIcon: fxgl_icon.png
15:15:58.848 [FXGL Background Thread 3 ] DEBUG Engine               - applicationMode: DEVELOPER
15:15:58.848 [FXGL Background Thread 3 ] DEBUG Engine               - cSSList: [fxgl_dark.css]
15:15:58.848 [FXGL Background Thread 3 ] DEBUG Engine               - collisionDetectionStrategy: BRUTE_FORCE
15:15:58.848 [FXGL Background Thread 3 ] DEBUG Engine               - configClass: Optional.empty
15:15:58.849 [FXGL Background Thread 3 ] DEBUG Engine               - credits: []
15:15:58.850 [FXGL Background Thread 3 ] DEBUG Engine               - defaultCursor: CursorInfo(imageName=fxgl_default_cursor.png, hotspotX=7.0, hotspotY=6.0)
15:15:58.854 [FXGL Background Thread 3 ] DEBUG Engine               - devBBoxColorProperty: ObjectProperty [value: 0xff0000ff]
15:15:58.856 [FXGL Background Thread 3 ] DEBUG Engine               - devEnableDebugCameraProperty: BooleanProperty [value: false]
15:15:58.857 [FXGL Background Thread 3 ] DEBUG Engine               - devSensorColorProperty: ObjectProperty [value: 0xffff00ff]
15:15:58.857 [FXGL Background Thread 3 ] DEBUG Engine               - devShowBBoxProperty: BooleanProperty [value: false]
15:15:58.857 [FXGL Background Thread 3 ] DEBUG Engine               - devShowPositionProperty: BooleanProperty [value: false]
15:15:58.857 [FXGL Background Thread 3 ] DEBUG Engine               - enabledMenuItems: []
15:15:58.858 [FXGL Background Thread 3 ] DEBUG Engine               - engineServices: [class com.almasb.fxgl.app.services.FXGLAssetLoaderService, class com.almasb.fxgl.app.FXGLApplication$GameApplicationService, class com.almasb.fxgl.app.services.FXGLDialogService, class com.almasb.fxgl.app.services.IOTaskExecutorService, class com.almasb.fxgl.io.FileSystemService, class com.almasb.fxgl.localization.LocalizationService, class com.almasb.fxgl.app.services.SystemBundleService, class com.almasb.fxgl.profile.SaveLoadService, class com.almasb.fxgl.ui.FXGLUIFactoryServiceProvider, class com.almasb.fxgl.ui.FXGLDialogFactoryServiceProvider, class com.almasb.fxgl.audio.AudioPlayer, class com.almasb.fxgl.notification.impl.NotificationServiceProvider, class com.almasb.fxgl.achievement.AchievementService, class com.almasb.fxgl.cutscene.CutsceneService, class com.almasb.fxgl.minigames.MiniGameService, class com.almasb.fxgl.net.NetService, class com.almasb.fxgl.app.services.UpdaterService, class com.almasb.fxgl.dev.DevService, class com.almasb.fxgl.multiplayer.MultiplayerService]
15:15:58.858 [FXGL Background Thread 3 ] DEBUG Engine               - fontGame: Abel-Regular.ttf
15:15:58.858 [FXGL Background Thread 3 ] DEBUG Engine               - fontMono: TerminalLandMono-Regular.otf
15:15:58.858 [FXGL Background Thread 3 ] DEBUG Engine               - fontSizeScaleUI: 1.0
15:15:58.858 [FXGL Background Thread 3 ] DEBUG Engine               - fontText: Courier-Prime.ttf
15:15:58.858 [FXGL Background Thread 3 ] DEBUG Engine               - fontUI: VarelaRound-Regular.ttf
15:15:58.858 [FXGL Background Thread 3 ] DEBUG Engine               - fullScreen: BooleanProperty [value: false]
15:15:58.858 [FXGL Background Thread 3 ] DEBUG Engine               - gameDifficulty: MEDIUM
15:15:58.858 [FXGL Background Thread 3 ] DEBUG Engine               - gameDifficultyProperty: ObjectProperty [value: MEDIUM]
15:15:58.858 [FXGL Background Thread 3 ] DEBUG Engine               - globalMusicVolume: 0.5
15:15:58.859 [FXGL Background Thread 3 ] DEBUG Engine               - globalMusicVolumeProperty: DoubleProperty [value: 0.5]
15:15:58.859 [FXGL Background Thread 3 ] DEBUG Engine               - globalSoundVolume: 0.5
15:15:58.859 [FXGL Background Thread 3 ] DEBUG Engine               - globalSoundVolumeProperty: DoubleProperty [value: 0.5]
15:15:58.859 [FXGL Background Thread 3 ] DEBUG Engine               - height: 500
15:15:58.859 [FXGL Background Thread 3 ] DEBUG Engine               - is3D: false
15:15:58.860 [FXGL Background Thread 3 ] DEBUG Engine               - isAndroid: false
15:15:58.860 [FXGL Background Thread 3 ] DEBUG Engine               - isBrowser: false
15:15:58.860 [FXGL Background Thread 3 ] DEBUG Engine               - isClickFeedbackEnabled: false
15:15:58.860 [FXGL Background Thread 3 ] DEBUG Engine               - isCloseConfirmation: false
15:15:58.860 [FXGL Background Thread 3 ] DEBUG Engine               - isDesktop: true
15:15:58.860 [FXGL Background Thread 3 ] DEBUG Engine               - isDeveloperMenuEnabled: false
15:15:58.860 [FXGL Background Thread 3 ] DEBUG Engine               - isEmbedded: false
15:15:58.860 [FXGL Background Thread 3 ] DEBUG Engine               - isEntityPreloadEnabled: true
15:15:58.861 [FXGL Background Thread 3 ] DEBUG Engine               - isExperimentalTiledLargeMap: false
15:15:58.861 [FXGL Background Thread 3 ] DEBUG Engine               - isFileSystemWriteAllowed: true
15:15:58.861 [FXGL Background Thread 3 ] DEBUG Engine               - isFullScreenAllowed: false
15:15:58.861 [FXGL Background Thread 3 ] DEBUG Engine               - isFullScreenFromStart: false
15:15:58.861 [FXGL Background Thread 3 ] DEBUG Engine               - isGameMenuEnabled: true
15:15:58.861 [FXGL Background Thread 3 ] DEBUG Engine               - isIOS: false
15:15:58.861 [FXGL Background Thread 3 ] DEBUG Engine               - isIntroEnabled: false
15:15:58.861 [FXGL Background Thread 3 ] DEBUG Engine               - isLinux: false
15:15:58.861 [FXGL Background Thread 3 ] DEBUG Engine               - isMac: false
15:15:58.861 [FXGL Background Thread 3 ] DEBUG Engine               - isMainMenuEnabled: false
15:15:58.861 [FXGL Background Thread 3 ] DEBUG Engine               - isManualResizeEnabled: false
15:15:58.862 [FXGL Background Thread 3 ] DEBUG Engine               - isMobile: false
15:15:58.862 [FXGL Background Thread 3 ] DEBUG Engine               - isNative: false
15:15:58.862 [FXGL Background Thread 3 ] DEBUG Engine               - isPauseMusicWhenMinimized: true
15:15:58.862 [FXGL Background Thread 3 ] DEBUG Engine               - isPreserveResizeRatio: false
15:15:58.862 [FXGL Background Thread 3 ] DEBUG Engine               - isProfilingEnabled: false
15:15:58.862 [FXGL Background Thread 3 ] DEBUG Engine               - isScaleAffectedOnResize: true
15:15:58.862 [FXGL Background Thread 3 ] DEBUG Engine               - isSingleStep: false
15:15:58.862 [FXGL Background Thread 3 ] DEBUG Engine               - isUserProfileEnabled: false
15:15:58.862 [FXGL Background Thread 3 ] DEBUG Engine               - isWindows: true
15:15:58.864 [FXGL Background Thread 3 ] DEBUG Engine               - language: ObjectProperty [value: ENGLISH]
15:15:58.864 [FXGL Background Thread 3 ] DEBUG Engine               - menuKey: ESCAPE
15:15:58.864 [FXGL Background Thread 3 ] DEBUG Engine               - mouseSensitivity: 0.2
15:15:58.864 [FXGL Background Thread 3 ] DEBUG Engine               - notificationViewClass: class com.almasb.fxgl.notification.view.XboxNotificationView
15:15:58.865 [FXGL Background Thread 3 ] DEBUG Engine               - pixelsPerMeter: 50.0
15:15:58.865 [FXGL Background Thread 3 ] DEBUG Engine               - platform: WINDOWS
15:15:58.865 [FXGL Background Thread 3 ] DEBUG Engine               - prefHeightProperty: ReadOnlyDoubleProperty [value: 500.0]
15:15:58.866 [FXGL Background Thread 3 ] DEBUG Engine               - prefWidthProperty: ReadOnlyDoubleProperty [value: 800.0]
15:15:58.866 [FXGL Background Thread 3 ] DEBUG Engine               - profileDir: profiles/
15:15:58.866 [FXGL Background Thread 3 ] DEBUG Engine               - profileName: StringProperty [value: DEFAULT]
15:15:58.866 [FXGL Background Thread 3 ] DEBUG Engine               - randomSeed: -1
15:15:58.868 [FXGL Background Thread 3 ] DEBUG Engine               - runtimeInfo: RuntimeInfo(platform=WINDOWS, version=17.3, build=30.03.2023 11.49)
15:15:58.868 [FXGL Background Thread 3 ] DEBUG Engine               - saveFileExt: sav
15:15:58.868 [FXGL Background Thread 3 ] DEBUG Engine               - scaledHeightProp$fxgl: DoubleProperty [bound, value: 500.0]
15:15:58.869 [FXGL Background Thread 3 ] DEBUG Engine               - scaledWidthProp$fxgl: DoubleProperty [bound, value: 800.0]
15:15:58.869 [FXGL Background Thread 3 ] DEBUG Engine               - sceneFactory: com.almasb.fxgl.app.scene.SceneFactory@350f13f
15:15:58.870 [FXGL Background Thread 3 ] DEBUG Engine               - secondsIn24h: 60
15:15:58.870 [FXGL Background Thread 3 ] DEBUG Engine               - soundMenuBack: menu/back.wav
15:15:58.872 [FXGL Background Thread 3 ] DEBUG Engine               - soundMenuPress: menu/press.wav
15:15:58.873 [FXGL Background Thread 3 ] DEBUG Engine               - soundMenuSelect: menu/select.wav
15:15:58.877 [FXGL Background Thread 3 ] DEBUG Engine               - soundNotification: core/notification.wav
15:15:58.877 [FXGL Background Thread 3 ] DEBUG Engine               - stageStyle: DECORATED
15:15:58.877 [FXGL Background Thread 3 ] DEBUG Engine               - supportedLanguages: [ENGLISH, FRENCH, GERMAN, HUNGARIAN, RUSSIAN]
15:15:58.878 [FXGL Background Thread 3 ] DEBUG Engine               - ticksPerSecond: -1
15:15:58.879 [FXGL Background Thread 3 ] DEBUG Engine               - title: Server
15:15:58.879 [FXGL Background Thread 3 ] DEBUG Engine               - urlGithub: https://github.com/AlmasB/FXGL
15:15:58.879 [FXGL Background Thread 3 ] DEBUG Engine               - urlLeaderboard: http://fxgl-top.herokuapp.com/
15:15:58.879 [FXGL Background Thread 3 ] DEBUG Engine               - urlPOM: https://raw.githubusercontent.com/AlmasB/FXGL/release/README.md
15:15:58.879 [FXGL Background Thread 3 ] DEBUG Engine               - userAppClass: class Runner.ServerRunner
15:15:58.879 [FXGL Background Thread 3 ] DEBUG Engine               - version: 0.0
15:15:58.879 [FXGL Background Thread 3 ] DEBUG Engine               - versionCheckDays: 7
15:15:58.880 [FXGL Background Thread 3 ] DEBUG Engine               - width: 800
15:15:58.880 [FXGL Background Thread 3 ] DEBUG Engine               - Logging services
15:15:58.880 [FXGL Background Thread 3 ] DEBUG Engine               - class com.almasb.fxgl.app.services.FXGLAssetLoaderService
15:15:58.881 [FXGL Background Thread 3 ] DEBUG Engine               - class com.almasb.fxgl.app.FXGLApplication$GameApplicationService
15:15:58.881 [FXGL Background Thread 3 ] DEBUG Engine               - class com.almasb.fxgl.app.services.FXGLDialogService
15:15:58.881 [FXGL Background Thread 3 ] DEBUG Engine               - class com.almasb.fxgl.app.services.IOTaskExecutorService
15:15:58.881 [FXGL Background Thread 3 ] DEBUG Engine               - class com.almasb.fxgl.io.FileSystemService
15:15:58.881 [FXGL Background Thread 3 ] DEBUG Engine               - class com.almasb.fxgl.localization.LocalizationService
15:15:58.881 [FXGL Background Thread 3 ] DEBUG Engine               - class com.almasb.fxgl.app.services.SystemBundleService
15:15:58.881 [FXGL Background Thread 3 ] DEBUG Engine               - class com.almasb.fxgl.profile.SaveLoadService
15:15:58.881 [FXGL Background Thread 3 ] DEBUG Engine               - class com.almasb.fxgl.ui.FXGLUIFactoryServiceProvider
15:15:58.881 [FXGL Background Thread 3 ] DEBUG Engine               - class com.almasb.fxgl.ui.FXGLDialogFactoryServiceProvider
15:15:58.881 [FXGL Background Thread 3 ] DEBUG Engine               - class com.almasb.fxgl.audio.AudioPlayer
15:15:58.881 [FXGL Background Thread 3 ] DEBUG Engine               - class com.almasb.fxgl.notification.impl.NotificationServiceProvider
15:15:58.881 [FXGL Background Thread 3 ] DEBUG Engine               - class com.almasb.fxgl.achievement.AchievementService
15:15:58.881 [FXGL Background Thread 3 ] DEBUG Engine               - class com.almasb.fxgl.cutscene.CutsceneService
15:15:58.882 [FXGL Background Thread 3 ] DEBUG Engine               - class com.almasb.fxgl.minigames.MiniGameService
15:15:58.882 [FXGL Background Thread 3 ] DEBUG Engine               - class com.almasb.fxgl.net.NetService
15:15:58.882 [FXGL Background Thread 3 ] DEBUG Engine               - class com.almasb.fxgl.app.services.UpdaterService
15:15:58.882 [FXGL Background Thread 3 ] DEBUG Engine               - class com.almasb.fxgl.dev.DevService
15:15:58.882 [FXGL Background Thread 3 ] DEBUG Engine               - class com.almasb.fxgl.multiplayer.MultiplayerService
15:16:12.801 [ServerAsyncConnThread    ] DEBUG Endpoint             - TCPServer opening new connection (1) from /127.0.0.1:65499 type: class com.almasb.fxgl.core.serialization.Bundle
15:16:12.804 [ServerAsyncConnThread    ] DEBUG Endpoint             - TCPServer successfully opened connection (1)
15:16:12.944 [TCPServer_SendThread-1   ] DEBUG Writers              - Getting TCPMessageWriter for class com.almasb.fxgl.core.serialization.Bundle
15:16:12.977 [TCPServer_RecvThread-1   ] DEBUG Readers              - Getting TCPMessageReader for class com.almasb.fxgl.core.serialization.Bundle
15:16:12.986 [TCPServer_RecvThread-1   ] DEBUG Readers              - Constructed MessageReader for class com.almasb.fxgl.core.serialization.Bundle: BundleTCPMessageReader
15:16:13.004 [TCPServer_SendThread-1   ] DEBUG Writers              - Constructed TCPMessageWriter for class com.almasb.fxgl.core.serialization.Bundle: BundleTCPMessageWriter
15:16:52.413 [TCPServer_RecvThread-1   ] DEBUG Endpoint             - Connection 1 was unexpectedly disconnected: Connection reset
15:16:52.414 [TCPServer_RecvThread-1   ] DEBUG Connection           - Closing connection 1
15:16:52.414 [TCPServer_RecvThread-1   ] DEBUG Connection           - Connection 1 was correctly closed from local endpoint.
15:16:52.415 [TCPServer_RecvThread-1   ] DEBUG Endpoint             - TCPServer connection (1) was closed
15:18:07.714 [JavaFX Application Thread] DEBUG FXGLApplication      - Exiting FXGL
15:18:07.716 [JavaFX Application Thread] DEBUG LoopRunner           - Stopping loop
15:18:07.717 [JavaFX Application Thread] DEBUG SystemBundleService  - Saving FXGL system data
15:18:07.729 [JavaFX Application Thread] DEBUG FileSystemAccess     - Writing to: C:\Users\Owner\Desktop\Sonic-rush\system\fxgl.bundle
15:18:07.732 [JavaFX Application Thread] DEBUG Async                - Shutting down background threads
15:18:07.732 [JavaFX Application Thread] DEBUG PrimaryStageWindow   - Closing main window
15:18:07.743 [JavaFX Application Thread] DEBUG Logger               - Closing Logger
