14:20:23.680 [main                     ] DEBUG Logger               - Configured Logger
14:20:23.742 [main                     ] DEBUG GameApplication      - Logging settings
Title: Jugador Sonic
Version: 0.0
Width: 1000
Height: 600
Fullscreen: false
Intro: false
Profiling: false
Single step:false
App Mode: DEVELOPER
Menu Key: ESCAPE
Stage Style: DECORATED
Scene Factory: class com.almasb.fxgl.app.scene.SceneFactory

14:20:25.028 [JavaFX Application Thread] DEBUG FXGLApplication      - Initializing FXGL
14:20:25.041 [JavaFX Application Thread] INFO  Engine               - FXGL-17.3 (30.03.2023 11.49) on WINDOWS (J:17.0.12 FX:20)
14:20:25.041 [JavaFX Application Thread] DEBUG Engine               - JRE Vendor Name: Oracle Corporation
14:20:25.042 [JavaFX Application Thread] DEBUG Engine               - Running on OS: Windows 10 version 10.0
14:20:25.042 [JavaFX Application Thread] DEBUG Engine               - Architecture: amd64
14:20:25.043 [JavaFX Application Thread] INFO  Engine               - Source code and latest versions at: https://github.com/AlmasB/FXGL
14:20:25.043 [JavaFX Application Thread] INFO  Engine               -       Ask questions and discuss at: https://github.com/AlmasB/FXGL/discussions
14:20:25.044 [JavaFX Application Thread] INFO  Engine               -              Join the FXGL chat at: https://gitter.im/AlmasB/FXGL
14:20:25.701 [JavaFX Application Thread] DEBUG PrimaryStageWindow   - Creating a JavaFX scene
14:20:25.982 [JavaFX Application Thread] DEBUG PrimaryStageWindow   - Target settings size: 1000.0 x 600.0
14:20:25.983 [JavaFX Application Thread] DEBUG PrimaryStageWindow   - Scaled scene size:    1000.0 x 600.0
14:20:25.983 [JavaFX Application Thread] DEBUG PrimaryStageWindow   - Scaled ratio: (1.0, 1.0)
14:20:25.985 [JavaFX Application Thread] DEBUG PrimaryStageWindow   - Set initial scene to FXGLStartupScene
14:20:25.998 [JavaFX Application Thread] DEBUG PrimaryStageWindow   - Opening main window
14:20:26.279 [JavaFX Application Thread] DEBUG PrimaryStageWindow   - Window border size: (14.4000244140625, 37.5999755859375)
14:20:26.280 [JavaFX Application Thread] DEBUG PrimaryStageWindow   - Scaled size: 1000.0 x 600.0
14:20:26.280 [JavaFX Application Thread] DEBUG PrimaryStageWindow   - Scaled ratio: (1.0, 1.0)
14:20:26.281 [JavaFX Application Thread] DEBUG PrimaryStageWindow   - Scene size: 1000.0 x 600.0
14:20:26.281 [JavaFX Application Thread] DEBUG PrimaryStageWindow   - Stage size: 1014.4000244140625 x 637.5999755859375
14:20:26.382 [FXGL Background Thread 1 ] DEBUG Engine               - Initializing environment variables
14:20:26.473 [FXGL Background Thread 1 ] DEBUG FXGLAssetLoaderServi - User app class for loading assets: class Runner.ClientRunner
14:20:26.474 [FXGL Background Thread 1 ] DEBUG GameApplicationServi - Applying CSS: fxgl_dark.css
14:20:26.475 [FXGL Background Thread 1 ] DEBUG FXGLAssetLoaderServi - Loading from file system: jar:file:/C:/Users/Owner/.m2/repository/com/github/almasb/fxgl/17.3/fxgl-17.3.jar!/fxglassets/ui/css/fxgl_dark.css
14:20:26.645 [FXGL Background Thread 1 ] DEBUG GameApplicationServi - Initializing application scenes
14:20:26.993 [FXGL Background Thread 1 ] DEBUG GameWorld            - Game world initialized
14:20:27.376 [FXGL Background Thread 1 ] DEBUG PhysicsWorld         - Physics world initialized: appHeight=600, physics.ppm=50.0
14:20:27.377 [FXGL Background Thread 1 ] DEBUG PhysicsWorld         - Using strategy: BRUTE_FORCE
14:20:27.415 [FXGL Background Thread 1 ] DEBUG GameScene            - Game scene initialized: 1000x600
14:20:27.518 [FXGL Background Thread 1 ] DEBUG FXGL.DefaultMenu     - createMenuBodyGameMenu()
14:20:27.647 [FXGL Background Thread 1 ] DEBUG FXGL.DefaultMenu     - createOptionsMenu()
14:20:27.747 [FXGL Background Thread 1 ] DEBUG FXGLAssetLoaderServi - Loading from file system: jar:file:/C:/Users/Owner/.m2/repository/com/github/almasb/fxgl/17.3/fxgl-17.3.jar!/fxglassets/textures/particles/smoke.png
14:20:28.098 [FXGL Background Thread 1 ] DEBUG FXGLAssetLoaderServi - Loading from file system: jar:file:/C:/Users/Owner/.m2/repository/com/github/almasb/fxgl/17.3/fxgl-17.3.jar!/fxglassets/textures/particles/trace_horizontal.png
14:20:28.153 [FXGL Background Thread 1 ] DEBUG GameApplicationServi - Application scenes initialized
14:20:28.183 [FXGL Background Thread 1 ] DEBUG SystemBundleService  - Loading FXGL system data
14:20:28.194 [FXGL Background Thread 1 ] DEBUG FileSystemAccess     - Reading from: C:\Users\Owner\Desktop\Sonic-rush\system\fxgl.bundle
14:20:28.228 [FXGL Background Thread 1 ] DEBUG SystemBundleService  - Bundle FXGL: {}
14:20:28.229 [FXGL Background Thread 1 ] DEBUG UpdaterService       - Checking for updates
14:20:28.240 [FXGL Background Thread 1 ] DEBUG FXGLApplication      - Loading default localization
14:20:28.242 [FXGL Background Thread 1 ] DEBUG FXGLAssetLoaderServi - Loading from file system: jar:file:/C:/Users/Owner/.m2/repository/com/github/almasb/fxgl/17.3/fxgl-17.3.jar!/fxglassets/languages/english.lang
14:20:28.278 [FXGL Background Thread 1 ] INFO  FXGLApplication      - FXGL initialization took: 1.896 sec
14:20:28.310 [FXGL Background Thread 4 ] DEBUG FXGLApplication      - Loading fonts
14:20:28.311 [FXGL Background Thread 4 ] DEBUG FXGLAssetLoaderServi - Loading from file system: jar:file:/C:/Users/Owner/.m2/repository/com/github/almasb/fxgl/17.3/fxgl-17.3.jar!/fxglassets/ui/fonts/VarelaRound-Regular.ttf
14:20:28.327 [JavaFX Application Thread] DEBUG Input                - Registered new binding: Mover a la izquierda - A
14:20:28.328 [JavaFX Application Thread] DEBUG Input                - Registered new binding: Mover a la derecha - D
14:20:28.328 [JavaFX Application Thread] DEBUG Input                - Registered new binding: Saltar - W
14:20:28.328 [JavaFX Application Thread] DEBUG Input                - Registered new binding: Interactuar - E
14:20:28.328 [JavaFX Application Thread] DEBUG Input                - Registered new binding: Transformar - P
14:20:28.329 [JavaFX Application Thread] DEBUG Input                - Registered new binding: Desactivar filtro - L
14:20:28.329 [JavaFX Application Thread] DEBUG FXGLAssetLoaderServi - Loading from file system: jar:file:/C:/Users/Owner/.m2/repository/com/github/almasb/fxgl/17.3/fxgl-17.3.jar!/fxglassets/textures/fxgl_icon.png
14:20:28.582 [JavaFX Application Thread] DEBUG FXGLAssetLoaderServi - Loading from file system: jar:file:/C:/Users/Owner/.m2/repository/com/github/almasb/fxgl/17.3/fxgl-17.3.jar!/fxglassets/textures/fxgl_default_cursor.png
14:20:28.587 [JavaFX Application Thread] DEBUG Input                - Registered new binding: Screenshot - CTRL+8
14:20:28.590 [JavaFX Application Thread] DEBUG Input                - Registered new binding: System info dump - CTRL+9
14:20:28.592 [JavaFX Application Thread] DEBUG Input                - Registered new binding: Restart - CTRL+R
14:20:28.593 [JavaFX Application Thread] DEBUG Input                - Registered new binding: Toggle Debug Camera - CTRL+7
14:20:28.601 [JavaFX Application Thread] DEBUG LoopRunner           - Starting loop
14:20:28.601 [JavaFX Application Thread] DEBUG LoopRunner           - Initializing JavaFX AnimationTimerLoop
14:20:28.603 [JavaFX Application Thread] DEBUG GameApplicationServi - Starting new game
14:20:28.604 [JavaFX Application Thread] DEBUG Input                - Clearing active input actions
14:20:28.624 [JavaFX Application Thread] DEBUG GameApplicationServi - Removing overlay from FXGLStartupScene and adding to FXGLLoadingScene
14:20:28.625 [JavaFX Application Thread] DEBUG PrimaryStageWindow   - FXGLStartupScene -> FXGLLoadingScene
14:20:28.625 [JavaFX Application Thread] DEBUG GameApplicationServi - Clearing previous game
14:20:28.625 [JavaFX Application Thread] DEBUG GameScene            - Clearing game scene
14:20:28.625 [JavaFX Application Thread] DEBUG GameWorld            - Clearing game world
14:20:28.625 [JavaFX Application Thread] DEBUG PhysicsWorld         - Clearing physics world
14:20:28.628 [FXGL Background Thread 1 ] DEBUG FXGLApplication      - Initializing game
14:20:28.656 [FXGL Background Thread 1 ] DEBUG FXGLAssetLoaderServi - Loading from file system: file:/C:/Users/Owner/Desktop/Sonic-rush/target/classes/assets/music/OST2.mp3
14:20:29.860 [FXGL Background Thread 1 ] DEBUG AudioPlayer          - Playing music com.almasb.fxgl.audio.Music@347f8688
14:20:29.896 [FXGL Background Thread 1 ] INFO  FXGLApplication      - Game initialization took: 1.266 sec
14:20:30.140 [JavaFX Application Thread] DEBUG Input                - Clearing active input actions
14:20:30.160 [JavaFX Application Thread] DEBUG GameApplicationServi - Removing overlay from FXGLLoadingScene and adding to GameScene
14:20:30.160 [JavaFX Application Thread] DEBUG PrimaryStageWindow   - FXGLLoadingScene -> GameScene
14:20:30.592 [FXGL Background Thread 4 ] DEBUG FXGLAssetLoaderServi - Loading from file system: jar:file:/C:/Users/Owner/.m2/repository/com/github/almasb/fxgl/17.3/fxgl-17.3.jar!/fxglassets/ui/fonts/Abel-Regular.ttf
14:20:30.605 [FXGL Background Thread 4 ] DEBUG FXGLAssetLoaderServi - Loading from file system: jar:file:/C:/Users/Owner/.m2/repository/com/github/almasb/fxgl/17.3/fxgl-17.3.jar!/fxglassets/ui/fonts/TerminalLandMono-Regular.otf
14:20:30.647 [FXGL Background Thread 4 ] DEBUG FXGLAssetLoaderServi - Loading from file system: jar:file:/C:/Users/Owner/.m2/repository/com/github/almasb/fxgl/17.3/fxgl-17.3.jar!/fxglassets/ui/fonts/Courier-Prime.ttf
14:20:30.659 [JavaFX Application Thread] DEBUG FXGLApplication      - Registering font factories with UI factory
14:20:31.236 [FXGL Background Thread 3 ] DEBUG Engine               - Logging environment variables
14:20:31.237 [FXGL Background Thread 3 ] DEBUG Engine               - achievements: []
14:20:31.237 [FXGL Background Thread 3 ] DEBUG Engine               - actualHeight: 600.0
14:20:31.237 [FXGL Background Thread 3 ] DEBUG Engine               - actualHeightProperty: ReadOnlyDoubleProperty [value: 600.0]
14:20:31.238 [FXGL Background Thread 3 ] DEBUG Engine               - actualWidth: 1000.0
14:20:31.238 [FXGL Background Thread 3 ] DEBUG Engine               - actualWidthProperty: ReadOnlyDoubleProperty [value: 1000.0]
14:20:31.238 [FXGL Background Thread 3 ] DEBUG Engine               - appIcon: fxgl_icon.png
14:20:31.238 [FXGL Background Thread 3 ] DEBUG Engine               - applicationMode: DEVELOPER
14:20:31.238 [FXGL Background Thread 3 ] DEBUG Engine               - cSSList: [fxgl_dark.css]
14:20:31.238 [FXGL Background Thread 3 ] DEBUG Engine               - collisionDetectionStrategy: BRUTE_FORCE
14:20:31.238 [FXGL Background Thread 3 ] DEBUG Engine               - configClass: Optional.empty
14:20:31.238 [FXGL Background Thread 3 ] DEBUG Engine               - credits: []
14:20:31.239 [FXGL Background Thread 3 ] DEBUG Engine               - defaultCursor: CursorInfo(imageName=fxgl_default_cursor.png, hotspotX=7.0, hotspotY=6.0)
14:20:31.239 [FXGL Background Thread 3 ] DEBUG Engine               - devBBoxColorProperty: ObjectProperty [value: 0xff0000ff]
14:20:31.239 [FXGL Background Thread 3 ] DEBUG Engine               - devEnableDebugCameraProperty: BooleanProperty [value: false]
14:20:31.240 [FXGL Background Thread 3 ] DEBUG Engine               - devSensorColorProperty: ObjectProperty [value: 0xffff00ff]
14:20:31.241 [FXGL Background Thread 3 ] DEBUG Engine               - devShowBBoxProperty: BooleanProperty [value: false]
14:20:31.241 [FXGL Background Thread 3 ] DEBUG Engine               - devShowPositionProperty: BooleanProperty [value: false]
14:20:31.241 [FXGL Background Thread 3 ] DEBUG Engine               - enabledMenuItems: []
14:20:31.241 [FXGL Background Thread 3 ] DEBUG Engine               - engineServices: [class com.almasb.fxgl.app.services.FXGLAssetLoaderService, class com.almasb.fxgl.app.FXGLApplication$GameApplicationService, class com.almasb.fxgl.app.services.FXGLDialogService, class com.almasb.fxgl.app.services.IOTaskExecutorService, class com.almasb.fxgl.io.FileSystemService, class com.almasb.fxgl.localization.LocalizationService, class com.almasb.fxgl.app.services.SystemBundleService, class com.almasb.fxgl.profile.SaveLoadService, class com.almasb.fxgl.ui.FXGLUIFactoryServiceProvider, class com.almasb.fxgl.ui.FXGLDialogFactoryServiceProvider, class com.almasb.fxgl.audio.AudioPlayer, class com.almasb.fxgl.notification.impl.NotificationServiceProvider, class com.almasb.fxgl.achievement.AchievementService, class com.almasb.fxgl.cutscene.CutsceneService, class com.almasb.fxgl.minigames.MiniGameService, class com.almasb.fxgl.net.NetService, class com.almasb.fxgl.app.services.UpdaterService, class com.almasb.fxgl.dev.DevService, class com.almasb.fxgl.multiplayer.MultiplayerService]
14:20:31.241 [FXGL Background Thread 3 ] DEBUG Engine               - fontGame: Abel-Regular.ttf
14:20:31.242 [FXGL Background Thread 3 ] DEBUG Engine               - fontMono: TerminalLandMono-Regular.otf
14:20:31.242 [FXGL Background Thread 3 ] DEBUG Engine               - fontSizeScaleUI: 1.0
14:20:31.242 [FXGL Background Thread 3 ] DEBUG Engine               - fontText: Courier-Prime.ttf
14:20:31.242 [FXGL Background Thread 3 ] DEBUG Engine               - fontUI: VarelaRound-Regular.ttf
14:20:31.242 [FXGL Background Thread 3 ] DEBUG Engine               - fullScreen: BooleanProperty [value: false]
14:20:31.242 [FXGL Background Thread 3 ] DEBUG Engine               - gameDifficulty: MEDIUM
14:20:31.242 [FXGL Background Thread 3 ] DEBUG Engine               - gameDifficultyProperty: ObjectProperty [value: MEDIUM]
14:20:31.242 [FXGL Background Thread 3 ] DEBUG Engine               - globalMusicVolume: 0.5
14:20:31.242 [FXGL Background Thread 3 ] DEBUG Engine               - globalMusicVolumeProperty: DoubleProperty [value: 0.5]
14:20:31.243 [FXGL Background Thread 3 ] DEBUG Engine               - globalSoundVolume: 0.5
14:20:31.243 [FXGL Background Thread 3 ] DEBUG Engine               - globalSoundVolumeProperty: DoubleProperty [value: 0.5]
14:20:31.243 [FXGL Background Thread 3 ] DEBUG Engine               - height: 600
14:20:31.243 [FXGL Background Thread 3 ] DEBUG Engine               - is3D: false
14:20:31.243 [FXGL Background Thread 3 ] DEBUG Engine               - isAndroid: false
14:20:31.243 [FXGL Background Thread 3 ] DEBUG Engine               - isBrowser: false
14:20:31.243 [FXGL Background Thread 3 ] DEBUG Engine               - isClickFeedbackEnabled: false
14:20:31.243 [FXGL Background Thread 3 ] DEBUG Engine               - isCloseConfirmation: false
14:20:31.244 [FXGL Background Thread 3 ] DEBUG Engine               - isDesktop: true
14:20:31.244 [FXGL Background Thread 3 ] DEBUG Engine               - isDeveloperMenuEnabled: false
14:20:31.244 [FXGL Background Thread 3 ] DEBUG Engine               - isEmbedded: false
14:20:31.244 [FXGL Background Thread 3 ] DEBUG Engine               - isEntityPreloadEnabled: true
14:20:31.244 [FXGL Background Thread 3 ] DEBUG Engine               - isExperimentalTiledLargeMap: false
14:20:31.244 [FXGL Background Thread 3 ] DEBUG Engine               - isFileSystemWriteAllowed: true
14:20:31.244 [FXGL Background Thread 3 ] DEBUG Engine               - isFullScreenAllowed: false
14:20:31.244 [FXGL Background Thread 3 ] DEBUG Engine               - isFullScreenFromStart: false
14:20:31.244 [FXGL Background Thread 3 ] DEBUG Engine               - isGameMenuEnabled: true
14:20:31.245 [FXGL Background Thread 3 ] DEBUG Engine               - isIOS: false
14:20:31.247 [FXGL Background Thread 3 ] DEBUG Engine               - isIntroEnabled: false
14:20:31.247 [FXGL Background Thread 3 ] DEBUG Engine               - isLinux: false
14:20:31.247 [FXGL Background Thread 3 ] DEBUG Engine               - isMac: false
14:20:31.247 [FXGL Background Thread 3 ] DEBUG Engine               - isMainMenuEnabled: false
14:20:31.248 [FXGL Background Thread 3 ] DEBUG Engine               - isManualResizeEnabled: false
14:20:31.248 [FXGL Background Thread 3 ] DEBUG Engine               - isMobile: false
14:20:31.248 [FXGL Background Thread 3 ] DEBUG Engine               - isNative: false
14:20:31.248 [FXGL Background Thread 3 ] DEBUG Engine               - isPauseMusicWhenMinimized: true
14:20:31.248 [FXGL Background Thread 3 ] DEBUG Engine               - isPreserveResizeRatio: false
14:20:31.248 [FXGL Background Thread 3 ] DEBUG Engine               - isProfilingEnabled: false
14:20:31.248 [FXGL Background Thread 3 ] DEBUG Engine               - isScaleAffectedOnResize: true
14:20:31.248 [FXGL Background Thread 3 ] DEBUG Engine               - isSingleStep: false
14:20:31.248 [FXGL Background Thread 3 ] DEBUG Engine               - isUserProfileEnabled: false
14:20:31.248 [FXGL Background Thread 3 ] DEBUG Engine               - isWindows: true
14:20:31.248 [FXGL Background Thread 3 ] DEBUG Engine               - language: ObjectProperty [value: ENGLISH]
14:20:31.249 [FXGL Background Thread 3 ] DEBUG Engine               - menuKey: ESCAPE
14:20:31.249 [FXGL Background Thread 3 ] DEBUG Engine               - mouseSensitivity: 0.2
14:20:31.249 [FXGL Background Thread 3 ] DEBUG Engine               - notificationViewClass: class com.almasb.fxgl.notification.view.XboxNotificationView
14:20:31.249 [FXGL Background Thread 3 ] DEBUG Engine               - pixelsPerMeter: 50.0
14:20:31.249 [FXGL Background Thread 3 ] DEBUG Engine               - platform: WINDOWS
14:20:31.249 [FXGL Background Thread 3 ] DEBUG Engine               - prefHeightProperty: ReadOnlyDoubleProperty [value: 600.0]
14:20:31.249 [FXGL Background Thread 3 ] DEBUG Engine               - prefWidthProperty: ReadOnlyDoubleProperty [value: 1000.0]
14:20:31.249 [FXGL Background Thread 3 ] DEBUG Engine               - profileDir: profiles/
14:20:31.249 [FXGL Background Thread 3 ] DEBUG Engine               - profileName: StringProperty [value: DEFAULT]
14:20:31.249 [FXGL Background Thread 3 ] DEBUG Engine               - randomSeed: -1
14:20:31.250 [FXGL Background Thread 3 ] DEBUG Engine               - runtimeInfo: RuntimeInfo(platform=WINDOWS, version=17.3, build=30.03.2023 11.49)
14:20:31.250 [FXGL Background Thread 3 ] DEBUG Engine               - saveFileExt: sav
14:20:31.250 [FXGL Background Thread 3 ] DEBUG Engine               - scaledHeightProp$fxgl: DoubleProperty [bound, value: 600.0]
14:20:31.250 [FXGL Background Thread 3 ] DEBUG Engine               - scaledWidthProp$fxgl: DoubleProperty [bound, value: 1000.0]
14:20:31.250 [FXGL Background Thread 3 ] DEBUG Engine               - sceneFactory: com.almasb.fxgl.app.scene.SceneFactory@2592977d
14:20:31.250 [FXGL Background Thread 3 ] DEBUG Engine               - secondsIn24h: 60
14:20:31.250 [FXGL Background Thread 3 ] DEBUG Engine               - soundMenuBack: menu/back.wav
14:20:31.250 [FXGL Background Thread 3 ] DEBUG Engine               - soundMenuPress: menu/press.wav
14:20:31.250 [FXGL Background Thread 3 ] DEBUG Engine               - soundMenuSelect: menu/select.wav
14:20:31.251 [FXGL Background Thread 3 ] DEBUG Engine               - soundNotification: core/notification.wav
14:20:31.251 [FXGL Background Thread 3 ] DEBUG Engine               - stageStyle: DECORATED
14:20:31.251 [FXGL Background Thread 3 ] DEBUG Engine               - supportedLanguages: [ENGLISH, FRENCH, GERMAN, HUNGARIAN, RUSSIAN]
14:20:31.251 [FXGL Background Thread 3 ] DEBUG Engine               - ticksPerSecond: -1
14:20:31.251 [FXGL Background Thread 3 ] DEBUG Engine               - title: Jugador Sonic
14:20:31.251 [FXGL Background Thread 3 ] DEBUG Engine               - urlGithub: https://github.com/AlmasB/FXGL
14:20:31.251 [FXGL Background Thread 3 ] DEBUG Engine               - urlLeaderboard: http://fxgl-top.herokuapp.com/
14:20:31.251 [FXGL Background Thread 3 ] DEBUG Engine               - urlPOM: https://raw.githubusercontent.com/AlmasB/FXGL/release/README.md
14:20:31.251 [FXGL Background Thread 3 ] DEBUG Engine               - userAppClass: class Runner.ClientRunner
14:20:31.251 [FXGL Background Thread 3 ] DEBUG Engine               - version: 0.0
14:20:31.251 [FXGL Background Thread 3 ] DEBUG Engine               - versionCheckDays: 7
14:20:31.252 [FXGL Background Thread 3 ] DEBUG Engine               - width: 1000
14:20:31.252 [FXGL Background Thread 3 ] DEBUG Engine               - Logging services
14:20:31.252 [FXGL Background Thread 3 ] DEBUG Engine               - class com.almasb.fxgl.app.services.FXGLAssetLoaderService
14:20:31.252 [FXGL Background Thread 3 ] DEBUG Engine               - class com.almasb.fxgl.app.FXGLApplication$GameApplicationService
14:20:31.252 [FXGL Background Thread 3 ] DEBUG Engine               - class com.almasb.fxgl.app.services.FXGLDialogService
14:20:31.252 [FXGL Background Thread 3 ] DEBUG Engine               - class com.almasb.fxgl.app.services.IOTaskExecutorService
14:20:31.252 [FXGL Background Thread 3 ] DEBUG Engine               - class com.almasb.fxgl.io.FileSystemService
14:20:31.253 [FXGL Background Thread 3 ] DEBUG Engine               - class com.almasb.fxgl.localization.LocalizationService
14:20:31.253 [FXGL Background Thread 3 ] DEBUG Engine               - class com.almasb.fxgl.app.services.SystemBundleService
14:20:31.253 [FXGL Background Thread 3 ] DEBUG Engine               - class com.almasb.fxgl.profile.SaveLoadService
14:20:31.253 [FXGL Background Thread 3 ] DEBUG Engine               - class com.almasb.fxgl.ui.FXGLUIFactoryServiceProvider
14:20:31.253 [FXGL Background Thread 3 ] DEBUG Engine               - class com.almasb.fxgl.ui.FXGLDialogFactoryServiceProvider
14:20:31.253 [FXGL Background Thread 3 ] DEBUG Engine               - class com.almasb.fxgl.audio.AudioPlayer
14:20:31.253 [FXGL Background Thread 3 ] DEBUG Engine               - class com.almasb.fxgl.notification.impl.NotificationServiceProvider
14:20:31.253 [FXGL Background Thread 3 ] DEBUG Engine               - class com.almasb.fxgl.achievement.AchievementService
14:20:31.253 [FXGL Background Thread 3 ] DEBUG Engine               - class com.almasb.fxgl.cutscene.CutsceneService
14:20:31.253 [FXGL Background Thread 3 ] DEBUG Engine               - class com.almasb.fxgl.minigames.MiniGameService
14:20:31.253 [FXGL Background Thread 3 ] DEBUG Engine               - class com.almasb.fxgl.net.NetService
14:20:31.253 [FXGL Background Thread 3 ] DEBUG Engine               - class com.almasb.fxgl.app.services.UpdaterService
14:20:31.253 [FXGL Background Thread 3 ] DEBUG Engine               - class com.almasb.fxgl.dev.DevService
14:20:31.253 [FXGL Background Thread 3 ] DEBUG Engine               - class com.almasb.fxgl.multiplayer.MultiplayerService
14:20:31.477 [FXGL Background Thread 2 ] INFO  UpdaterService       - Your current version:  17.3
14:20:31.678 [FXGL Background Thread 2 ] INFO  UpdaterService       - Latest stable version: 21.1
14:20:32.466 [JavaFX Application Thread] DEBUG FXGLAssetLoaderServi - Loading from file system: file:/C:/Users/Owner/Desktop/Sonic-rush/target/classes/assets/textures/fondo.png
14:20:32.984 [JavaFX Application Thread] DEBUG TMXLevelLoader       - Parsed TiledMap: file:/C:/Users/Owner/Desktop/Sonic-rush/target/classes/assets/levels/mapazo.tmx
14:20:32.987 [JavaFX Application Thread] DEBUG TMXLevelLoader       - Creating tile layer entities
14:20:33.016 [JavaFX Application Thread] DEBUG TilesetLoader        - Loading view for layer Capa de patrones 1
14:20:33.039 [JavaFX Application Thread] DEBUG TilesetLoader        - Created buffer with size 3840.0x720.0
14:20:33.196 [JavaFX Application Thread] DEBUG TMXLevelLoader       - Creating object layer entities
14:20:33.331 [JavaFX Application Thread] DEBUG GameWorld            - Clearing removable entities
14:20:33.359 [JavaFX Application Thread] DEBUG GameWorld            - Setting level: com.almasb.fxgl.entity.level.Level@7c2c9ad2
14:20:33.414 [JavaFX Application Thread] DEBUG FXGLAssetLoaderServi - Loading from file system: file:/C:/Users/Owner/Desktop/Sonic-rush/target/classes/assets/textures/Enemigos/eggman.png
14:20:33.512 [ClientAsyncConnThread    ] DEBUG TCPClient            - Connecting to localhost:55555 type: class com.almasb.fxgl.core.serialization.Bundle
14:20:33.515 [ClientAsyncConnThread    ] DEBUG TCPClient            - Created socket to localhost:55555
14:20:33.551 [ClientAsyncConnThread    ] DEBUG Endpoint             - TCPClient opening new connection (1) from localhost/127.0.0.1:55555 type: class com.almasb.fxgl.core.serialization.Bundle
14:20:33.553 [ClientAsyncConnThread    ] DEBUG Endpoint             - TCPClient successfully opened connection (1)
14:20:33.690 [TCPClient_SendThread-1   ] DEBUG Writers              - Getting TCPMessageWriter for class com.almasb.fxgl.core.serialization.Bundle
14:20:33.692 [TCPClient_RecvThread-1   ] DEBUG Readers              - Getting TCPMessageReader for class com.almasb.fxgl.core.serialization.Bundle
14:20:33.693 [TCPClient_SendThread-1   ] DEBUG Writers              - Constructed TCPMessageWriter for class com.almasb.fxgl.core.serialization.Bundle: BundleTCPMessageWriter
14:20:33.714 [TCPClient_RecvThread-1   ] DEBUG Readers              - Constructed MessageReader for class com.almasb.fxgl.core.serialization.Bundle: BundleTCPMessageReader
14:20:33.771 [JavaFX Application Thread] DEBUG LoopRunner           - Stopping loop
14:20:33.778 [JavaFX Application Thread] FATAL FXGLApplication      - Uncaught Exception:
java.lang.NullPointerException: Cannot invoke "GameSettings.Player.getId()" because "this.player" is null
	at GameSettings.ClientGameApp.lambda$29(ClientGameApp.java:526)
	at com.almasb.fxgl.net.Connection.lambda$notifyMessageReceived$1(Connection.java:97)
	at java.base/java.util.ArrayList.forEach(ArrayList.java:1511)
	at com.almasb.fxgl.net.Connection.lambda$notifyMessageReceived$2(Connection.java:97)
	at com.sun.javafx.application.PlatformImpl.lambda$runLater$10(PlatformImpl.java:456)
	at java.base/java.security.AccessController.doPrivileged(AccessController.java:399)
	at com.sun.javafx.application.PlatformImpl.lambda$runLater$11(PlatformImpl.java:455)
	at com.sun.glass.ui.InvokeLaterDispatcher$Future.run(InvokeLaterDispatcher.java:95)
	at com.sun.glass.ui.win.WinApplication._runLoop(Native Method)
	at com.sun.glass.ui.win.WinApplication.lambda$runLoop$3(WinApplication.java:185)
	at java.base/java.lang.Thread.run(Thread.java:842)

14:20:33.884 [JavaFX Application Thread] FATAL FXGLApplication      - Application will now exit
14:20:34.045 [JavaFX Application Thread] DEBUG PrimaryStageWindow   - Push state: ErrorSubScene
14:20:34.045 [JavaFX Application Thread] DEBUG Input                - Clearing active input actions
14:20:34.051 [JavaFX Application Thread] DEBUG GameApplicationServi - Removing overlay from GameScene and adding to ErrorSubScene
14:20:34.052 [JavaFX Application Thread] DEBUG PrimaryStageWindow   - GameScene -> ErrorSubScene
14:20:36.818 [JavaFX Application Thread] DEBUG FXGLAssetLoaderServi - Loading from file system: file:/C:/Users/Owner/Desktop/Sonic-rush/target/classes/assets/textures/Personajes/sonic.png
14:20:36.825 [JavaFX Application Thread] DEBUG FXGLAssetLoaderServi - Loading from file system: file:/C:/Users/Owner/Desktop/Sonic-rush/target/classes/assets/textures/Personajes/sonic_camina.png
14:20:36.836 [JavaFX Application Thread] DEBUG FXGLAssetLoaderServi - Loading from file system: file:/C:/Users/Owner/Desktop/Sonic-rush/target/classes/assets/textures/Personajes/super_sonic.png
14:20:36.969 [JavaFX Application Thread] DEBUG FXGLAssetLoaderServi - Loading from file system: file:/C:/Users/Owner/Desktop/Sonic-rush/target/classes/assets/textures/Items/ring.png
14:20:37.045 [JavaFX Application Thread] DEBUG FXGLAssetLoaderServi - Loading from file system: file:/C:/Users/Owner/Desktop/Sonic-rush/target/classes/assets/textures/Items/basura.png
14:20:37.058 [JavaFX Application Thread] DEBUG FXGLAssetLoaderServi - Loading from file system: file:/C:/Users/Owner/Desktop/Sonic-rush/target/classes/assets/textures/Items/caucho.png
14:20:37.069 [JavaFX Application Thread] DEBUG FXGLAssetLoaderServi - Loading from file system: file:/C:/Users/Owner/Desktop/Sonic-rush/target/classes/assets/textures/Items/papel.png
14:20:37.155 [JavaFX Application Thread] DEBUG FXGLAssetLoaderServi - Loading from file system: file:/C:/Users/Owner/Desktop/Sonic-rush/target/classes/assets/textures/Enemigos/enemigo.png
14:20:37.382 [JavaFX Application Thread] DEBUG FXGLAssetLoaderServi - Loading from file system: file:/C:/Users/Owner/Desktop/Sonic-rush/target/classes/assets/textures/Personajes/knuckles.png
14:20:37.386 [JavaFX Application Thread] DEBUG FXGLAssetLoaderServi - Loading from file system: file:/C:/Users/Owner/Desktop/Sonic-rush/target/classes/assets/textures/Personajes/knuckles_golpe.png
14:20:39.747 [JavaFX Application Thread] DEBUG FXGLApplication      - Exiting FXGL
14:20:39.747 [JavaFX Application Thread] DEBUG Async                - Shutting down background threads
14:20:39.748 [JavaFX Application Thread] DEBUG PrimaryStageWindow   - Closing main window
14:20:39.770 [JavaFX Application Thread] DEBUG Logger               - Closing Logger
