13:37:50.651 [main                     ] DEBUG Logger               - Configured Logger
13:37:50.696 [main                     ] DEBUG GameApplication      - Logging settings
Title: Jugador Sonic
Version: 0.0
Width: 1000
Height: 600
Fullscreen: false
Intro: false
Profiling: false
Single step:false
App Mode: DEVELOPER
Menu Key: ESCAPE
Stage Style: DECORATED
Scene Factory: class com.almasb.fxgl.app.scene.SceneFactory

13:37:51.577 [JavaFX Application Thread] DEBUG FXGLApplication      - Initializing FXGL
13:37:51.586 [JavaFX Application Thread] INFO  Engine               - FXGL-17.3 (30.03.2023 11.49) on WINDOWS (J:17.0.12 FX:20)
13:37:51.587 [JavaFX Application Thread] DEBUG Engine               - JRE Vendor Name: Oracle Corporation
13:37:51.588 [JavaFX Application Thread] DEBUG Engine               - Running on OS: Windows 10 version 10.0
13:37:51.589 [JavaFX Application Thread] DEBUG Engine               - Architecture: amd64
13:37:51.589 [JavaFX Application Thread] INFO  Engine               - Source code and latest versions at: https://github.com/AlmasB/FXGL
13:37:51.589 [JavaFX Application Thread] INFO  Engine               -       Ask questions and discuss at: https://github.com/AlmasB/FXGL/discussions
13:37:51.590 [JavaFX Application Thread] INFO  Engine               -              Join the FXGL chat at: https://gitter.im/AlmasB/FXGL
13:37:51.945 [JavaFX Application Thread] DEBUG PrimaryStageWindow   - Creating a JavaFX scene
13:37:52.028 [JavaFX Application Thread] DEBUG PrimaryStageWindow   - Target settings size: 1000.0 x 600.0
13:37:52.029 [JavaFX Application Thread] DEBUG PrimaryStageWindow   - Scaled scene size:    1000.0 x 600.0
13:37:52.029 [JavaFX Application Thread] DEBUG PrimaryStageWindow   - Scaled ratio: (1.0, 1.0)
13:37:52.030 [JavaFX Application Thread] DEBUG PrimaryStageWindow   - Set initial scene to FXGLStartupScene
13:37:52.035 [JavaFX Application Thread] DEBUG PrimaryStageWindow   - Opening main window
13:37:52.186 [JavaFX Application Thread] DEBUG PrimaryStageWindow   - Window border size: (14.4000244140625, 37.5999755859375)
13:37:52.187 [JavaFX Application Thread] DEBUG PrimaryStageWindow   - Scaled size: 1000.0 x 600.0
13:37:52.187 [JavaFX Application Thread] DEBUG PrimaryStageWindow   - Scaled ratio: (1.0, 1.0)
13:37:52.188 [JavaFX Application Thread] DEBUG PrimaryStageWindow   - Scene size: 1000.0 x 600.0
13:37:52.189 [JavaFX Application Thread] DEBUG PrimaryStageWindow   - Stage size: 1014.4000244140625 x 637.5999755859375
13:37:52.350 [FXGL Background Thread 1 ] DEBUG Engine               - Initializing environment variables
13:37:52.444 [FXGL Background Thread 1 ] DEBUG FXGLAssetLoaderServi - User app class for loading assets: class Runner.ClientRunner
13:37:52.446 [FXGL Background Thread 1 ] DEBUG GameApplicationServi - Applying CSS: fxgl_dark.css
13:37:52.448 [FXGL Background Thread 1 ] DEBUG FXGLAssetLoaderServi - Loading from file system: jar:file:/C:/Users/Owner/.m2/repository/com/github/almasb/fxgl/17.3/fxgl-17.3.jar!/fxglassets/ui/css/fxgl_dark.css
13:37:52.560 [FXGL Background Thread 1 ] DEBUG GameApplicationServi - Initializing application scenes
13:37:53.573 [FXGL Background Thread 1 ] DEBUG GameWorld            - Game world initialized
13:37:54.061 [FXGL Background Thread 1 ] DEBUG PhysicsWorld         - Physics world initialized: appHeight=600, physics.ppm=50.0
13:37:54.062 [FXGL Background Thread 1 ] DEBUG PhysicsWorld         - Using strategy: BRUTE_FORCE
13:37:54.086 [FXGL Background Thread 1 ] DEBUG GameScene            - Game scene initialized: 1000x600
13:37:54.193 [FXGL Background Thread 1 ] DEBUG FXGL.DefaultMenu     - createMenuBodyGameMenu()
13:37:54.334 [FXGL Background Thread 1 ] DEBUG FXGL.DefaultMenu     - createOptionsMenu()
13:37:54.444 [FXGL Background Thread 1 ] DEBUG FXGLAssetLoaderServi - Loading from file system: jar:file:/C:/Users/Owner/.m2/repository/com/github/almasb/fxgl/17.3/fxgl-17.3.jar!/fxglassets/textures/particles/smoke.png
13:37:55.063 [FXGL Background Thread 1 ] DEBUG FXGLAssetLoaderServi - Loading from file system: jar:file:/C:/Users/Owner/.m2/repository/com/github/almasb/fxgl/17.3/fxgl-17.3.jar!/fxglassets/textures/particles/trace_horizontal.png
13:37:55.155 [FXGL Background Thread 1 ] DEBUG GameApplicationServi - Application scenes initialized
13:37:55.185 [FXGL Background Thread 1 ] DEBUG SystemBundleService  - Loading FXGL system data
13:37:55.206 [FXGL Background Thread 1 ] DEBUG FileSystemAccess     - Reading from: C:\Users\Owner\Desktop\Sonic-rush\system\fxgl.bundle
13:37:55.221 [FXGL Background Thread 1 ] DEBUG SystemBundleService  - Bundle FXGL: {}
13:37:55.221 [FXGL Background Thread 1 ] DEBUG UpdaterService       - Checking for updates
13:37:55.236 [FXGL Background Thread 1 ] DEBUG FXGLApplication      - Loading default localization
13:37:55.237 [FXGL Background Thread 1 ] DEBUG FXGLAssetLoaderServi - Loading from file system: jar:file:/C:/Users/Owner/.m2/repository/com/github/almasb/fxgl/17.3/fxgl-17.3.jar!/fxglassets/languages/english.lang
13:37:55.267 [FXGL Background Thread 1 ] INFO  FXGLApplication      - FXGL initialization took: 2.916 sec
13:37:55.315 [FXGL Background Thread 4 ] DEBUG FXGLApplication      - Loading fonts
13:37:55.316 [FXGL Background Thread 4 ] DEBUG FXGLAssetLoaderServi - Loading from file system: jar:file:/C:/Users/Owner/.m2/repository/com/github/almasb/fxgl/17.3/fxgl-17.3.jar!/fxglassets/ui/fonts/VarelaRound-Regular.ttf
13:37:55.421 [JavaFX Application Thread] DEBUG Input                - Registered new binding: Mover a la izquierda - A
13:37:55.422 [JavaFX Application Thread] DEBUG Input                - Registered new binding: Mover a la derecha - D
13:37:55.422 [JavaFX Application Thread] DEBUG Input                - Registered new binding: Saltar - W
13:37:55.422 [JavaFX Application Thread] DEBUG Input                - Registered new binding: Interactuar - E
13:37:55.424 [JavaFX Application Thread] DEBUG Input                - Registered new binding: Transformar - P
13:37:55.424 [JavaFX Application Thread] DEBUG Input                - Registered new binding: Desactivar filtro - L
13:37:55.424 [JavaFX Application Thread] DEBUG FXGLAssetLoaderServi - Loading from file system: jar:file:/C:/Users/Owner/.m2/repository/com/github/almasb/fxgl/17.3/fxgl-17.3.jar!/fxglassets/textures/fxgl_icon.png
13:37:55.468 [JavaFX Application Thread] DEBUG FXGLAssetLoaderServi - Loading from file system: jar:file:/C:/Users/Owner/.m2/repository/com/github/almasb/fxgl/17.3/fxgl-17.3.jar!/fxglassets/textures/fxgl_default_cursor.png
13:37:55.476 [JavaFX Application Thread] DEBUG Input                - Registered new binding: Screenshot - CTRL+8
13:37:55.477 [JavaFX Application Thread] DEBUG Input                - Registered new binding: System info dump - CTRL+9
13:37:55.477 [JavaFX Application Thread] DEBUG Input                - Registered new binding: Restart - CTRL+R
13:37:55.479 [JavaFX Application Thread] DEBUG Input                - Registered new binding: Toggle Debug Camera - CTRL+7
13:37:55.484 [JavaFX Application Thread] DEBUG LoopRunner           - Starting loop
13:37:55.484 [JavaFX Application Thread] DEBUG LoopRunner           - Initializing JavaFX AnimationTimerLoop
13:37:55.488 [JavaFX Application Thread] DEBUG GameApplicationServi - Starting new game
13:37:55.489 [JavaFX Application Thread] DEBUG Input                - Clearing active input actions
13:37:55.510 [JavaFX Application Thread] DEBUG GameApplicationServi - Removing overlay from FXGLStartupScene and adding to FXGLLoadingScene
13:37:55.510 [JavaFX Application Thread] DEBUG PrimaryStageWindow   - FXGLStartupScene -> FXGLLoadingScene
13:37:55.511 [JavaFX Application Thread] DEBUG GameApplicationServi - Clearing previous game
13:37:55.511 [JavaFX Application Thread] DEBUG GameScene            - Clearing game scene
13:37:55.511 [JavaFX Application Thread] DEBUG GameWorld            - Clearing game world
13:37:55.511 [JavaFX Application Thread] DEBUG PhysicsWorld         - Clearing physics world
13:37:55.513 [FXGL Background Thread 1 ] DEBUG FXGLApplication      - Initializing game
13:37:55.541 [FXGL Background Thread 1 ] DEBUG FXGLAssetLoaderServi - Loading from file system: file:/C:/Users/Owner/Desktop/Sonic-rush/target/classes/assets/music/OST.mp3
13:37:56.454 [FXGL Background Thread 4 ] DEBUG FXGLAssetLoaderServi - Loading from file system: jar:file:/C:/Users/Owner/.m2/repository/com/github/almasb/fxgl/17.3/fxgl-17.3.jar!/fxglassets/ui/fonts/Abel-Regular.ttf
13:37:56.463 [FXGL Background Thread 4 ] DEBUG FXGLAssetLoaderServi - Loading from file system: jar:file:/C:/Users/Owner/.m2/repository/com/github/almasb/fxgl/17.3/fxgl-17.3.jar!/fxglassets/ui/fonts/TerminalLandMono-Regular.otf
13:37:56.478 [FXGL Background Thread 4 ] DEBUG FXGLAssetLoaderServi - Loading from file system: jar:file:/C:/Users/Owner/.m2/repository/com/github/almasb/fxgl/17.3/fxgl-17.3.jar!/fxglassets/ui/fonts/Courier-Prime.ttf
13:37:56.528 [JavaFX Application Thread] DEBUG FXGLApplication      - Registering font factories with UI factory
13:37:57.842 [FXGL Background Thread 2 ] INFO  UpdaterService       - Your current version:  17.3
13:37:58.022 [FXGL Background Thread 2 ] INFO  UpdaterService       - Latest stable version: 21.1
13:37:58.328 [FXGL Background Thread 3 ] DEBUG Engine               - Logging environment variables
13:37:58.329 [FXGL Background Thread 3 ] DEBUG Engine               - achievements: []
13:37:58.329 [FXGL Background Thread 3 ] DEBUG Engine               - actualHeight: 600.0
13:37:58.329 [FXGL Background Thread 3 ] DEBUG Engine               - actualHeightProperty: ReadOnlyDoubleProperty [value: 600.0]
13:37:58.330 [FXGL Background Thread 3 ] DEBUG Engine               - actualWidth: 1000.0
13:37:58.330 [FXGL Background Thread 3 ] DEBUG Engine               - actualWidthProperty: ReadOnlyDoubleProperty [value: 1000.0]
13:37:58.330 [FXGL Background Thread 3 ] DEBUG Engine               - appIcon: fxgl_icon.png
13:37:58.330 [FXGL Background Thread 3 ] DEBUG Engine               - applicationMode: DEVELOPER
13:37:58.330 [FXGL Background Thread 3 ] DEBUG Engine               - cSSList: [fxgl_dark.css]
13:37:58.330 [FXGL Background Thread 3 ] DEBUG Engine               - collisionDetectionStrategy: BRUTE_FORCE
13:37:58.330 [FXGL Background Thread 3 ] DEBUG Engine               - configClass: Optional.empty
13:37:58.331 [FXGL Background Thread 3 ] DEBUG Engine               - credits: []
13:37:58.331 [FXGL Background Thread 3 ] DEBUG Engine               - defaultCursor: CursorInfo(imageName=fxgl_default_cursor.png, hotspotX=7.0, hotspotY=6.0)
13:37:58.332 [FXGL Background Thread 3 ] DEBUG Engine               - devBBoxColorProperty: ObjectProperty [value: 0xff0000ff]
13:37:58.332 [FXGL Background Thread 3 ] DEBUG Engine               - devEnableDebugCameraProperty: BooleanProperty [value: false]
13:37:58.332 [FXGL Background Thread 3 ] DEBUG Engine               - devSensorColorProperty: ObjectProperty [value: 0xffff00ff]
13:37:58.332 [FXGL Background Thread 3 ] DEBUG Engine               - devShowBBoxProperty: BooleanProperty [value: false]
13:37:58.332 [FXGL Background Thread 3 ] DEBUG Engine               - devShowPositionProperty: BooleanProperty [value: false]
13:37:58.332 [FXGL Background Thread 3 ] DEBUG Engine               - enabledMenuItems: []
13:37:58.333 [FXGL Background Thread 3 ] DEBUG Engine               - engineServices: [class com.almasb.fxgl.app.services.FXGLAssetLoaderService, class com.almasb.fxgl.app.FXGLApplication$GameApplicationService, class com.almasb.fxgl.app.services.FXGLDialogService, class com.almasb.fxgl.app.services.IOTaskExecutorService, class com.almasb.fxgl.io.FileSystemService, class com.almasb.fxgl.localization.LocalizationService, class com.almasb.fxgl.app.services.SystemBundleService, class com.almasb.fxgl.profile.SaveLoadService, class com.almasb.fxgl.ui.FXGLUIFactoryServiceProvider, class com.almasb.fxgl.ui.FXGLDialogFactoryServiceProvider, class com.almasb.fxgl.audio.AudioPlayer, class com.almasb.fxgl.notification.impl.NotificationServiceProvider, class com.almasb.fxgl.achievement.AchievementService, class com.almasb.fxgl.cutscene.CutsceneService, class com.almasb.fxgl.minigames.MiniGameService, class com.almasb.fxgl.net.NetService, class com.almasb.fxgl.app.services.UpdaterService, class com.almasb.fxgl.dev.DevService, class com.almasb.fxgl.multiplayer.MultiplayerService]
13:37:58.333 [FXGL Background Thread 3 ] DEBUG Engine               - fontGame: Abel-Regular.ttf
13:37:58.333 [FXGL Background Thread 3 ] DEBUG Engine               - fontMono: TerminalLandMono-Regular.otf
13:37:58.333 [FXGL Background Thread 3 ] DEBUG Engine               - fontSizeScaleUI: 1.0
13:37:58.333 [FXGL Background Thread 3 ] DEBUG Engine               - fontText: Courier-Prime.ttf
13:37:58.333 [FXGL Background Thread 3 ] DEBUG Engine               - fontUI: VarelaRound-Regular.ttf
13:37:58.333 [FXGL Background Thread 3 ] DEBUG Engine               - fullScreen: BooleanProperty [value: false]
13:37:58.333 [FXGL Background Thread 3 ] DEBUG Engine               - gameDifficulty: MEDIUM
13:37:58.334 [FXGL Background Thread 3 ] DEBUG Engine               - gameDifficultyProperty: ObjectProperty [value: MEDIUM]
13:37:58.334 [FXGL Background Thread 3 ] DEBUG Engine               - globalMusicVolume: 0.5
13:37:58.334 [FXGL Background Thread 3 ] DEBUG Engine               - globalMusicVolumeProperty: DoubleProperty [value: 0.5]
13:37:58.334 [FXGL Background Thread 3 ] DEBUG Engine               - globalSoundVolume: 0.5
13:37:58.334 [FXGL Background Thread 3 ] DEBUG Engine               - globalSoundVolumeProperty: DoubleProperty [value: 0.5]
13:37:58.334 [FXGL Background Thread 3 ] DEBUG Engine               - height: 600
13:37:58.334 [FXGL Background Thread 3 ] DEBUG Engine               - is3D: false
13:37:58.334 [FXGL Background Thread 3 ] DEBUG Engine               - isAndroid: false
13:37:58.335 [FXGL Background Thread 3 ] DEBUG Engine               - isBrowser: false
13:37:58.335 [FXGL Background Thread 3 ] DEBUG Engine               - isClickFeedbackEnabled: false
13:37:58.335 [FXGL Background Thread 3 ] DEBUG Engine               - isCloseConfirmation: false
13:37:58.335 [FXGL Background Thread 3 ] DEBUG Engine               - isDesktop: true
13:37:58.335 [FXGL Background Thread 3 ] DEBUG Engine               - isDeveloperMenuEnabled: false
13:37:58.335 [FXGL Background Thread 3 ] DEBUG Engine               - isEmbedded: false
13:37:58.335 [FXGL Background Thread 3 ] DEBUG Engine               - isEntityPreloadEnabled: true
13:37:58.335 [FXGL Background Thread 3 ] DEBUG Engine               - isExperimentalTiledLargeMap: false
13:37:58.335 [FXGL Background Thread 3 ] DEBUG Engine               - isFileSystemWriteAllowed: true
13:37:58.335 [FXGL Background Thread 3 ] DEBUG Engine               - isFullScreenAllowed: false
13:37:58.336 [FXGL Background Thread 3 ] DEBUG Engine               - isFullScreenFromStart: false
13:37:58.336 [FXGL Background Thread 3 ] DEBUG Engine               - isGameMenuEnabled: true
13:37:58.336 [FXGL Background Thread 3 ] DEBUG Engine               - isIOS: false
13:37:58.336 [FXGL Background Thread 3 ] DEBUG Engine               - isIntroEnabled: false
13:37:58.336 [FXGL Background Thread 3 ] DEBUG Engine               - isLinux: false
13:37:58.336 [FXGL Background Thread 3 ] DEBUG Engine               - isMac: false
13:37:58.336 [FXGL Background Thread 3 ] DEBUG Engine               - isMainMenuEnabled: false
13:37:58.336 [FXGL Background Thread 3 ] DEBUG Engine               - isManualResizeEnabled: false
13:37:58.336 [FXGL Background Thread 3 ] DEBUG Engine               - isMobile: false
13:37:58.337 [FXGL Background Thread 3 ] DEBUG Engine               - isNative: false
13:37:58.337 [FXGL Background Thread 3 ] DEBUG Engine               - isPauseMusicWhenMinimized: true
13:37:58.337 [FXGL Background Thread 3 ] DEBUG Engine               - isPreserveResizeRatio: false
13:37:58.337 [FXGL Background Thread 3 ] DEBUG Engine               - isProfilingEnabled: false
13:37:58.337 [FXGL Background Thread 3 ] DEBUG Engine               - isScaleAffectedOnResize: true
13:37:58.337 [FXGL Background Thread 3 ] DEBUG Engine               - isSingleStep: false
13:37:58.338 [FXGL Background Thread 3 ] DEBUG Engine               - isUserProfileEnabled: false
13:37:58.338 [FXGL Background Thread 3 ] DEBUG Engine               - isWindows: true
13:37:58.338 [FXGL Background Thread 3 ] DEBUG Engine               - language: ObjectProperty [value: ENGLISH]
13:37:58.338 [FXGL Background Thread 3 ] DEBUG Engine               - menuKey: ESCAPE
13:37:58.338 [FXGL Background Thread 3 ] DEBUG Engine               - mouseSensitivity: 0.2
13:37:58.338 [FXGL Background Thread 3 ] DEBUG Engine               - notificationViewClass: class com.almasb.fxgl.notification.view.XboxNotificationView
13:37:58.339 [FXGL Background Thread 3 ] DEBUG Engine               - pixelsPerMeter: 50.0
13:37:58.339 [FXGL Background Thread 3 ] DEBUG Engine               - platform: WINDOWS
13:37:58.339 [FXGL Background Thread 3 ] DEBUG Engine               - prefHeightProperty: ReadOnlyDoubleProperty [value: 600.0]
13:37:58.339 [FXGL Background Thread 3 ] DEBUG Engine               - prefWidthProperty: ReadOnlyDoubleProperty [value: 1000.0]
13:37:58.339 [FXGL Background Thread 3 ] DEBUG Engine               - profileDir: profiles/
13:37:58.339 [FXGL Background Thread 3 ] DEBUG Engine               - profileName: StringProperty [value: DEFAULT]
13:37:58.339 [FXGL Background Thread 3 ] DEBUG Engine               - randomSeed: -1
13:37:58.340 [FXGL Background Thread 3 ] DEBUG Engine               - runtimeInfo: RuntimeInfo(platform=WINDOWS, version=17.3, build=30.03.2023 11.49)
13:37:58.340 [FXGL Background Thread 3 ] DEBUG Engine               - saveFileExt: sav
13:37:58.340 [FXGL Background Thread 3 ] DEBUG Engine               - scaledHeightProp$fxgl: DoubleProperty [bound, value: 600.0]
13:37:58.340 [FXGL Background Thread 3 ] DEBUG Engine               - scaledWidthProp$fxgl: DoubleProperty [bound, value: 1000.0]
13:37:58.341 [FXGL Background Thread 3 ] DEBUG Engine               - sceneFactory: com.almasb.fxgl.app.scene.SceneFactory@78acce3c
13:37:58.343 [FXGL Background Thread 3 ] DEBUG Engine               - secondsIn24h: 60
13:37:58.344 [FXGL Background Thread 3 ] DEBUG Engine               - soundMenuBack: menu/back.wav
13:37:58.344 [FXGL Background Thread 3 ] DEBUG Engine               - soundMenuPress: menu/press.wav
13:37:58.344 [FXGL Background Thread 3 ] DEBUG Engine               - soundMenuSelect: menu/select.wav
13:37:58.344 [FXGL Background Thread 3 ] DEBUG Engine               - soundNotification: core/notification.wav
13:37:58.344 [FXGL Background Thread 3 ] DEBUG Engine               - stageStyle: DECORATED
13:37:58.344 [FXGL Background Thread 3 ] DEBUG Engine               - supportedLanguages: [ENGLISH, FRENCH, GERMAN, HUNGARIAN, RUSSIAN]
13:37:58.344 [FXGL Background Thread 3 ] DEBUG Engine               - ticksPerSecond: -1
13:37:58.344 [FXGL Background Thread 3 ] DEBUG Engine               - title: Jugador Sonic
13:37:58.344 [FXGL Background Thread 3 ] DEBUG Engine               - urlGithub: https://github.com/AlmasB/FXGL
13:37:58.345 [FXGL Background Thread 3 ] DEBUG Engine               - urlLeaderboard: http://fxgl-top.herokuapp.com/
13:37:58.345 [FXGL Background Thread 3 ] DEBUG Engine               - urlPOM: https://raw.githubusercontent.com/AlmasB/FXGL/release/README.md
13:37:58.345 [FXGL Background Thread 3 ] DEBUG Engine               - userAppClass: class Runner.ClientRunner
13:37:58.345 [FXGL Background Thread 3 ] DEBUG Engine               - version: 0.0
13:37:58.346 [FXGL Background Thread 3 ] DEBUG Engine               - versionCheckDays: 7
13:37:58.346 [FXGL Background Thread 3 ] DEBUG Engine               - width: 1000
13:37:58.346 [FXGL Background Thread 3 ] DEBUG Engine               - Logging services
13:37:58.346 [FXGL Background Thread 3 ] DEBUG Engine               - class com.almasb.fxgl.app.services.FXGLAssetLoaderService
13:37:58.346 [FXGL Background Thread 3 ] DEBUG Engine               - class com.almasb.fxgl.app.FXGLApplication$GameApplicationService
13:37:58.346 [FXGL Background Thread 3 ] DEBUG Engine               - class com.almasb.fxgl.app.services.FXGLDialogService
13:37:58.347 [FXGL Background Thread 3 ] DEBUG Engine               - class com.almasb.fxgl.app.services.IOTaskExecutorService
13:37:58.347 [FXGL Background Thread 3 ] DEBUG Engine               - class com.almasb.fxgl.io.FileSystemService
13:37:58.347 [FXGL Background Thread 3 ] DEBUG Engine               - class com.almasb.fxgl.localization.LocalizationService
13:37:58.347 [FXGL Background Thread 3 ] DEBUG Engine               - class com.almasb.fxgl.app.services.SystemBundleService
13:37:58.347 [FXGL Background Thread 3 ] DEBUG Engine               - class com.almasb.fxgl.profile.SaveLoadService
13:37:58.347 [FXGL Background Thread 3 ] DEBUG Engine               - class com.almasb.fxgl.ui.FXGLUIFactoryServiceProvider
13:37:58.347 [FXGL Background Thread 3 ] DEBUG Engine               - class com.almasb.fxgl.ui.FXGLDialogFactoryServiceProvider
13:37:58.348 [FXGL Background Thread 3 ] DEBUG Engine               - class com.almasb.fxgl.audio.AudioPlayer
13:37:58.348 [FXGL Background Thread 3 ] DEBUG Engine               - class com.almasb.fxgl.notification.impl.NotificationServiceProvider
13:37:58.348 [FXGL Background Thread 3 ] DEBUG Engine               - class com.almasb.fxgl.achievement.AchievementService
13:37:58.348 [FXGL Background Thread 3 ] DEBUG Engine               - class com.almasb.fxgl.cutscene.CutsceneService
13:37:58.348 [FXGL Background Thread 3 ] DEBUG Engine               - class com.almasb.fxgl.minigames.MiniGameService
13:37:58.348 [FXGL Background Thread 3 ] DEBUG Engine               - class com.almasb.fxgl.net.NetService
13:37:58.348 [FXGL Background Thread 3 ] DEBUG Engine               - class com.almasb.fxgl.app.services.UpdaterService
13:37:58.348 [FXGL Background Thread 3 ] DEBUG Engine               - class com.almasb.fxgl.dev.DevService
13:37:58.348 [FXGL Background Thread 3 ] DEBUG Engine               - class com.almasb.fxgl.multiplayer.MultiplayerService
13:37:59.634 [FXGL Background Thread 1 ] DEBUG AudioPlayer          - Playing music com.almasb.fxgl.audio.Music@42b7b57a
13:37:59.669 [FXGL Background Thread 1 ] INFO  FXGLApplication      - Game initialization took: 4.155 sec
13:37:59.877 [JavaFX Application Thread] DEBUG Input                - Clearing active input actions
13:37:59.895 [JavaFX Application Thread] DEBUG GameApplicationServi - Removing overlay from FXGLLoadingScene and adding to GameScene
13:37:59.896 [JavaFX Application Thread] DEBUG PrimaryStageWindow   - FXGLLoadingScene -> GameScene
13:38:04.489 [JavaFX Application Thread] DEBUG FXGLAssetLoaderServi - Loading from file system: file:/C:/Users/Owner/Desktop/Sonic-rush/target/classes/assets/textures/fondo.png
13:38:05.034 [JavaFX Application Thread] DEBUG TMXLevelLoader       - Parsed TiledMap: file:/C:/Users/Owner/Desktop/Sonic-rush/target/classes/assets/levels/mapazo.tmx
13:38:05.044 [JavaFX Application Thread] DEBUG TMXLevelLoader       - Creating tile layer entities
13:38:05.057 [JavaFX Application Thread] DEBUG TilesetLoader        - Loading view for layer Capa de patrones 1
13:38:05.085 [JavaFX Application Thread] DEBUG TilesetLoader        - Created buffer with size 3840.0x720.0
13:38:05.267 [JavaFX Application Thread] DEBUG TMXLevelLoader       - Creating object layer entities
13:38:05.469 [JavaFX Application Thread] DEBUG GameWorld            - Clearing removable entities
13:38:05.484 [JavaFX Application Thread] DEBUG GameWorld            - Setting level: com.almasb.fxgl.entity.level.Level@365cc68f
13:38:05.596 [JavaFX Application Thread] DEBUG FXGLAssetLoaderServi - Loading from file system: file:/C:/Users/Owner/Desktop/Sonic-rush/target/classes/assets/textures/Enemigos/eggman.png
13:38:06.344 [ClientAsyncConnThread    ] DEBUG TCPClient            - Connecting to localhost:55555 type: class com.almasb.fxgl.core.serialization.Bundle
13:38:06.357 [ClientAsyncConnThread    ] DEBUG TCPClient            - Created socket to localhost:55555
13:38:06.393 [ClientAsyncConnThread    ] DEBUG Endpoint             - TCPClient opening new connection (1) from localhost/127.0.0.1:55555 type: class com.almasb.fxgl.core.serialization.Bundle
13:38:06.398 [ClientAsyncConnThread    ] DEBUG Endpoint             - TCPClient successfully opened connection (1)
13:38:06.770 [TCPClient_SendThread-1   ] DEBUG Writers              - Getting TCPMessageWriter for class com.almasb.fxgl.core.serialization.Bundle
13:38:06.778 [TCPClient_SendThread-1   ] DEBUG Writers              - Constructed TCPMessageWriter for class com.almasb.fxgl.core.serialization.Bundle: BundleTCPMessageWriter
13:38:06.852 [TCPClient_RecvThread-1   ] DEBUG Readers              - Getting TCPMessageReader for class com.almasb.fxgl.core.serialization.Bundle
13:38:07.213 [TCPClient_RecvThread-1   ] DEBUG Readers              - Constructed MessageReader for class com.almasb.fxgl.core.serialization.Bundle: BundleTCPMessageReader
13:38:07.360 [JavaFX Application Thread] DEBUG FXGLAssetLoaderServi - Loading from file system: file:/C:/Users/Owner/Desktop/Sonic-rush/target/classes/assets/textures/Items/ring.png
13:38:07.414 [JavaFX Application Thread] DEBUG FXGLAssetLoaderServi - Loading from file system: file:/C:/Users/Owner/Desktop/Sonic-rush/target/classes/assets/textures/Items/basura.png
13:38:07.417 [JavaFX Application Thread] DEBUG FXGLAssetLoaderServi - Loading from file system: file:/C:/Users/Owner/Desktop/Sonic-rush/target/classes/assets/textures/Items/caucho.png
13:38:07.426 [JavaFX Application Thread] DEBUG FXGLAssetLoaderServi - Loading from file system: file:/C:/Users/Owner/Desktop/Sonic-rush/target/classes/assets/textures/Items/papel.png
13:38:07.452 [JavaFX Application Thread] DEBUG FXGLAssetLoaderServi - Loading from file system: file:/C:/Users/Owner/Desktop/Sonic-rush/target/classes/assets/textures/Enemigos/enemigo.png
13:38:07.664 [JavaFX Application Thread] DEBUG FXGLAssetLoaderServi - Loading from file system: file:/C:/Users/Owner/Desktop/Sonic-rush/target/classes/assets/textures/Personajes/sonic.png
13:38:07.681 [JavaFX Application Thread] DEBUG FXGLAssetLoaderServi - Loading from file system: file:/C:/Users/Owner/Desktop/Sonic-rush/target/classes/assets/textures/Personajes/sonic_camina.png
13:38:07.693 [JavaFX Application Thread] DEBUG FXGLAssetLoaderServi - Loading from file system: file:/C:/Users/Owner/Desktop/Sonic-rush/target/classes/assets/textures/Personajes/super_sonic.png
13:38:10.485 [JavaFX Application Thread] DEBUG FXGLAssetLoaderServi - Loading from file system: file:/C:/Users/Owner/Desktop/Sonic-rush/target/classes/assets/sounds/salto.wav
13:38:21.538 [JavaFX Application Thread] DEBUG FXGLAssetLoaderServi - Loading from file system: file:/C:/Users/Owner/Desktop/Sonic-rush/target/classes/assets/sounds/muerte.wav
13:38:29.907 [JavaFX Application Thread] DEBUG FXGLAssetLoaderServi - Loading from file system: file:/C:/Users/Owner/Desktop/Sonic-rush/target/classes/assets/sounds/recoger.wav
13:38:33.500 [JavaFX Application Thread] DEBUG FXGLApplication      - Exiting FXGL
13:38:33.502 [JavaFX Application Thread] DEBUG LoopRunner           - Stopping loop
13:38:33.504 [JavaFX Application Thread] DEBUG SystemBundleService  - Saving FXGL system data
13:38:33.517 [JavaFX Application Thread] DEBUG FileSystemAccess     - Writing to: C:\Users\Owner\Desktop\Sonic-rush\system\fxgl.bundle
13:38:33.522 [JavaFX Application Thread] DEBUG Async                - Shutting down background threads
13:38:33.523 [JavaFX Application Thread] DEBUG PrimaryStageWindow   - Closing main window
13:38:33.582 [JavaFX Application Thread] DEBUG Logger               - Closing Logger
