02:16:51.702 [main                     ] DEBUG Logger               - Configured Logger
02:16:51.728 [main                     ] DEBUG GameApplication      - Logging settings
Title: Jugador Sonic
Version: 0.0
Width: 1000
Height: 600
Fullscreen: false
Intro: false
Profiling: false
Single step:false
App Mode: DEVELOPER
Menu Key: ESCAPE
Stage Style: DECORATED
Scene Factory: class com.almasb.fxgl.app.scene.SceneFactory

02:16:52.314 [JavaFX Application Thread] DEBUG FXGLApplication      - Initializing FXGL
02:16:52.319 [JavaFX Application Thread] INFO  Engine               - FXGL-17.3 (30.03.2023 11.49) on WINDOWS (J:21.0.2 FX:20)
02:16:52.320 [JavaFX Application Thread] DEBUG Engine               - JRE Vendor Name: Oracle Corporation
02:16:52.320 [JavaFX Application Thread] DEBUG Engine               - Running on OS: Windows 10 version 10.0
02:16:52.321 [JavaFX Application Thread] DEBUG Engine               - Architecture: amd64
02:16:52.321 [JavaFX Application Thread] INFO  Engine               - Source code and latest versions at: https://github.com/AlmasB/FXGL
02:16:52.322 [JavaFX Application Thread] INFO  Engine               -       Ask questions and discuss at: https://github.com/AlmasB/FXGL/discussions
02:16:52.357 [JavaFX Application Thread] INFO  Engine               -              Join the FXGL chat at: https://gitter.im/AlmasB/FXGL
02:16:52.583 [JavaFX Application Thread] DEBUG PrimaryStageWindow   - Creating a JavaFX scene
02:16:52.713 [JavaFX Application Thread] DEBUG PrimaryStageWindow   - Target settings size: 1000.0 x 600.0
02:16:52.713 [JavaFX Application Thread] DEBUG PrimaryStageWindow   - Scaled scene size:    1000.0 x 600.0
02:16:52.714 [JavaFX Application Thread] DEBUG PrimaryStageWindow   - Scaled ratio: (1.0, 1.0)
02:16:52.716 [JavaFX Application Thread] DEBUG PrimaryStageWindow   - Set initial scene to FXGLStartupScene
02:16:52.721 [JavaFX Application Thread] DEBUG PrimaryStageWindow   - Opening main window
02:16:52.856 [JavaFX Application Thread] DEBUG PrimaryStageWindow   - Window border size: (16.0, 39.0)
02:16:52.856 [JavaFX Application Thread] DEBUG PrimaryStageWindow   - Scaled size: 1000.0 x 600.0
02:16:52.856 [JavaFX Application Thread] DEBUG PrimaryStageWindow   - Scaled ratio: (1.0, 1.0)
02:16:52.856 [JavaFX Application Thread] DEBUG PrimaryStageWindow   - Scene size: 1000.0 x 600.0
02:16:52.857 [JavaFX Application Thread] DEBUG PrimaryStageWindow   - Stage size: 1016.0 x 639.0
02:16:52.873 [FXGL Background Thread 1 ] DEBUG Engine               - Initializing environment variables
02:16:52.944 [FXGL Background Thread 1 ] DEBUG FXGLAssetLoaderServi - User app class for loading assets: class Runner.ClientRunner
02:16:52.945 [FXGL Background Thread 1 ] DEBUG GameApplicationServi - Applying CSS: fxgl_dark.css
02:16:52.946 [FXGL Background Thread 1 ] DEBUG FXGLAssetLoaderServi - Loading from file system: jar:file:/C:/Users/User/.m2/repository/com/github/almasb/fxgl/17.3/fxgl-17.3.jar!/fxglassets/ui/css/fxgl_dark.css
02:16:53.026 [FXGL Background Thread 1 ] DEBUG GameApplicationServi - Initializing application scenes
02:16:53.183 [FXGL Background Thread 1 ] DEBUG GameWorld            - Game world initialized
02:16:53.244 [FXGL Background Thread 1 ] DEBUG PhysicsWorld         - Physics world initialized: appHeight=600, physics.ppm=50,0
02:16:53.244 [FXGL Background Thread 1 ] DEBUG PhysicsWorld         - Using strategy: BRUTE_FORCE
02:16:53.248 [FXGL Background Thread 1 ] DEBUG GameScene            - Game scene initialized: 1000x600
02:16:53.263 [FXGL Background Thread 1 ] DEBUG FXGL.DefaultMenu     - createMenuBodyGameMenu()
02:16:53.284 [FXGL Background Thread 1 ] DEBUG FXGL.DefaultMenu     - createOptionsMenu()
02:16:53.299 [FXGL Background Thread 1 ] DEBUG FXGLAssetLoaderServi - Loading from file system: jar:file:/C:/Users/User/.m2/repository/com/github/almasb/fxgl/17.3/fxgl-17.3.jar!/fxglassets/textures/particles/smoke.png
02:16:53.414 [FXGL Background Thread 1 ] DEBUG FXGLAssetLoaderServi - Loading from file system: jar:file:/C:/Users/User/.m2/repository/com/github/almasb/fxgl/17.3/fxgl-17.3.jar!/fxglassets/textures/particles/trace_horizontal.png
02:16:53.453 [FXGL Background Thread 1 ] DEBUG GameApplicationServi - Application scenes initialized
02:16:53.469 [FXGL Background Thread 1 ] DEBUG SystemBundleService  - Loading FXGL system data
02:16:53.474 [FXGL Background Thread 1 ] DEBUG FileSystemAccess     - Reading from: C:\Users\User\Documents\Millan.Luis\UNEG\Semestre IV\Tecnicas de Prog. III\Sonic-rush\system\fxgl.bundle
02:16:53.487 [FXGL Background Thread 1 ] DEBUG SystemBundleService  - Bundle FXGL: {}
02:16:53.487 [FXGL Background Thread 1 ] DEBUG UpdaterService       - Checking for updates
02:16:53.496 [FXGL Background Thread 1 ] DEBUG FXGLApplication      - Loading default localization
02:16:53.497 [FXGL Background Thread 1 ] DEBUG FXGLAssetLoaderServi - Loading from file system: jar:file:/C:/Users/User/.m2/repository/com/github/almasb/fxgl/17.3/fxgl-17.3.jar!/fxglassets/languages/english.lang
02:16:53.509 [FXGL Background Thread 4 ] DEBUG FXGLApplication      - Loading fonts
02:16:53.509 [FXGL Background Thread 4 ] DEBUG FXGLAssetLoaderServi - Loading from file system: jar:file:/C:/Users/User/.m2/repository/com/github/almasb/fxgl/17.3/fxgl-17.3.jar!/fxglassets/ui/fonts/VarelaRound-Regular.ttf
02:16:53.524 [FXGL Background Thread 1 ] INFO  FXGLApplication      - FXGL initialization took: 0,651 sec
02:16:53.541 [JavaFX Application Thread] DEBUG Input                - Registered new binding: Mover a la izquierda - A
02:16:53.541 [JavaFX Application Thread] DEBUG Input                - Registered new binding: Mover a la derecha - D
02:16:53.541 [JavaFX Application Thread] DEBUG Input                - Registered new binding: Saltar - W
02:16:53.541 [JavaFX Application Thread] DEBUG Input                - Registered new binding: Interactuar - E
02:16:53.542 [JavaFX Application Thread] DEBUG Input                - Registered new binding: Transformar - P
02:16:53.542 [JavaFX Application Thread] DEBUG Input                - Registered new binding: Desactivar filtro - L
02:16:53.542 [JavaFX Application Thread] DEBUG FXGLAssetLoaderServi - Loading from file system: jar:file:/C:/Users/User/.m2/repository/com/github/almasb/fxgl/17.3/fxgl-17.3.jar!/fxglassets/textures/fxgl_icon.png
02:16:53.559 [FXGL Background Thread 4 ] DEBUG FXGLAssetLoaderServi - Loading from file system: jar:file:/C:/Users/User/.m2/repository/com/github/almasb/fxgl/17.3/fxgl-17.3.jar!/fxglassets/ui/fonts/Abel-Regular.ttf
02:16:53.579 [JavaFX Application Thread] DEBUG FXGLAssetLoaderServi - Loading from file system: jar:file:/C:/Users/User/.m2/repository/com/github/almasb/fxgl/17.3/fxgl-17.3.jar!/fxglassets/textures/fxgl_default_cursor.png
02:16:53.584 [JavaFX Application Thread] DEBUG Input                - Registered new binding: Screenshot - CTRL+8
02:16:53.585 [JavaFX Application Thread] DEBUG Input                - Registered new binding: System info dump - CTRL+9
02:16:53.586 [JavaFX Application Thread] DEBUG Input                - Registered new binding: Restart - CTRL+R
02:16:53.587 [JavaFX Application Thread] DEBUG Input                - Registered new binding: Toggle Debug Camera - CTRL+7
02:16:53.591 [JavaFX Application Thread] DEBUG LoopRunner           - Starting loop
02:16:53.591 [JavaFX Application Thread] DEBUG LoopRunner           - Initializing JavaFX AnimationTimerLoop
02:16:53.593 [JavaFX Application Thread] DEBUG GameApplicationServi - Starting new game
02:16:53.593 [JavaFX Application Thread] DEBUG Input                - Clearing active input actions
02:16:53.606 [FXGL Background Thread 4 ] DEBUG FXGLAssetLoaderServi - Loading from file system: jar:file:/C:/Users/User/.m2/repository/com/github/almasb/fxgl/17.3/fxgl-17.3.jar!/fxglassets/ui/fonts/TerminalLandMono-Regular.otf
02:16:53.610 [JavaFX Application Thread] DEBUG GameApplicationServi - Removing overlay from FXGLStartupScene and adding to FXGLLoadingScene
02:16:53.611 [JavaFX Application Thread] DEBUG PrimaryStageWindow   - FXGLStartupScene -> FXGLLoadingScene
02:16:53.611 [JavaFX Application Thread] DEBUG GameApplicationServi - Clearing previous game
02:16:53.611 [JavaFX Application Thread] DEBUG GameScene            - Clearing game scene
02:16:53.611 [JavaFX Application Thread] DEBUG GameWorld            - Clearing game world
02:16:53.611 [JavaFX Application Thread] DEBUG PhysicsWorld         - Clearing physics world
02:16:53.612 [FXGL Background Thread 1 ] DEBUG FXGLApplication      - Initializing game
02:16:53.641 [FXGL Background Thread 1 ] DEBUG FXGLAssetLoaderServi - Loading from file system: file:/C:/Users/User/Documents/Millan.Luis/UNEG/Semestre%20IV/Tecnicas%20de%20Prog.%20III/Sonic-rush/target/classes/assets/music/OST.mp3
02:16:53.657 [FXGL Background Thread 4 ] DEBUG FXGLAssetLoaderServi - Loading from file system: jar:file:/C:/Users/User/.m2/repository/com/github/almasb/fxgl/17.3/fxgl-17.3.jar!/fxglassets/ui/fonts/Courier-Prime.ttf
02:16:53.954 [JavaFX Application Thread] DEBUG FXGLApplication      - Registering font factories with UI factory
02:16:54.266 [FXGL Background Thread 2 ] INFO  UpdaterService       - Your current version:  17.3
02:16:54.277 [FXGL Background Thread 2 ] INFO  UpdaterService       - Latest stable version: 21.1
02:16:54.361 [FXGL Background Thread 1 ] DEBUG FXGLAssetLoaderServi - Loading from file system: file:/C:/Users/User/Documents/Millan.Luis/UNEG/Semestre%20IV/Tecnicas%20de%20Prog.%20III/Sonic-rush/target/classes/assets/textures/Enemigos/eggman.png
02:16:54.388 [FXGL Background Thread 1 ] INFO  FXGLApplication      - Game initialization took: 0,775 sec
02:16:54.392 [JavaFX Application Thread] DEBUG Input                - Clearing active input actions
02:16:54.403 [JavaFX Application Thread] DEBUG GameApplicationServi - Removing overlay from FXGLLoadingScene and adding to GameScene
02:16:54.404 [JavaFX Application Thread] DEBUG PrimaryStageWindow   - FXGLLoadingScene -> GameScene
02:16:56.493 [FXGL Background Thread 3 ] DEBUG Engine               - Logging environment variables
02:16:56.493 [FXGL Background Thread 3 ] DEBUG Engine               - achievements: []
02:16:56.493 [FXGL Background Thread 3 ] DEBUG Engine               - actualHeight: 600.0
02:16:56.494 [FXGL Background Thread 3 ] DEBUG Engine               - actualHeightProperty: ReadOnlyDoubleProperty [value: 600.0]
02:16:56.494 [FXGL Background Thread 3 ] DEBUG Engine               - actualWidth: 1000.0
02:16:56.494 [FXGL Background Thread 3 ] DEBUG Engine               - actualWidthProperty: ReadOnlyDoubleProperty [value: 1000.0]
02:16:56.494 [FXGL Background Thread 3 ] DEBUG Engine               - appIcon: fxgl_icon.png
02:16:56.494 [FXGL Background Thread 3 ] DEBUG Engine               - applicationMode: DEVELOPER
02:16:56.494 [FXGL Background Thread 3 ] DEBUG Engine               - cSSList: [fxgl_dark.css]
02:16:56.494 [FXGL Background Thread 3 ] DEBUG Engine               - collisionDetectionStrategy: BRUTE_FORCE
02:16:56.494 [FXGL Background Thread 3 ] DEBUG Engine               - configClass: Optional.empty
02:16:56.494 [FXGL Background Thread 3 ] DEBUG Engine               - credits: []
02:16:56.494 [FXGL Background Thread 3 ] DEBUG Engine               - defaultCursor: CursorInfo(imageName=fxgl_default_cursor.png, hotspotX=7.0, hotspotY=6.0)
02:16:56.495 [FXGL Background Thread 3 ] DEBUG Engine               - devBBoxColorProperty: ObjectProperty [value: 0xff0000ff]
02:16:56.495 [FXGL Background Thread 3 ] DEBUG Engine               - devEnableDebugCameraProperty: BooleanProperty [value: false]
02:16:56.495 [FXGL Background Thread 3 ] DEBUG Engine               - devSensorColorProperty: ObjectProperty [value: 0xffff00ff]
02:16:56.495 [FXGL Background Thread 3 ] DEBUG Engine               - devShowBBoxProperty: BooleanProperty [value: false]
02:16:56.495 [FXGL Background Thread 3 ] DEBUG Engine               - devShowPositionProperty: BooleanProperty [value: false]
02:16:56.495 [FXGL Background Thread 3 ] DEBUG Engine               - enabledMenuItems: []
02:16:56.495 [FXGL Background Thread 3 ] DEBUG Engine               - engineServices: [class com.almasb.fxgl.app.services.FXGLAssetLoaderService, class com.almasb.fxgl.app.FXGLApplication$GameApplicationService, class com.almasb.fxgl.app.services.FXGLDialogService, class com.almasb.fxgl.app.services.IOTaskExecutorService, class com.almasb.fxgl.io.FileSystemService, class com.almasb.fxgl.localization.LocalizationService, class com.almasb.fxgl.app.services.SystemBundleService, class com.almasb.fxgl.profile.SaveLoadService, class com.almasb.fxgl.ui.FXGLUIFactoryServiceProvider, class com.almasb.fxgl.ui.FXGLDialogFactoryServiceProvider, class com.almasb.fxgl.audio.AudioPlayer, class com.almasb.fxgl.notification.impl.NotificationServiceProvider, class com.almasb.fxgl.achievement.AchievementService, class com.almasb.fxgl.cutscene.CutsceneService, class com.almasb.fxgl.minigames.MiniGameService, class com.almasb.fxgl.net.NetService, class com.almasb.fxgl.app.services.UpdaterService, class com.almasb.fxgl.dev.DevService, class com.almasb.fxgl.multiplayer.MultiplayerService]
02:16:56.495 [FXGL Background Thread 3 ] DEBUG Engine               - fontGame: Abel-Regular.ttf
02:16:56.495 [FXGL Background Thread 3 ] DEBUG Engine               - fontMono: TerminalLandMono-Regular.otf
02:16:56.495 [FXGL Background Thread 3 ] DEBUG Engine               - fontSizeScaleUI: 1.0
02:16:56.495 [FXGL Background Thread 3 ] DEBUG Engine               - fontText: Courier-Prime.ttf
02:16:56.495 [FXGL Background Thread 3 ] DEBUG Engine               - fontUI: VarelaRound-Regular.ttf
02:16:56.495 [FXGL Background Thread 3 ] DEBUG Engine               - fullScreen: BooleanProperty [value: false]
02:16:56.495 [FXGL Background Thread 3 ] DEBUG Engine               - gameDifficulty: MEDIUM
02:16:56.495 [FXGL Background Thread 3 ] DEBUG Engine               - gameDifficultyProperty: ObjectProperty [value: MEDIUM]
02:16:56.496 [FXGL Background Thread 3 ] DEBUG Engine               - globalMusicVolume: 0.5
02:16:56.496 [FXGL Background Thread 3 ] DEBUG Engine               - globalMusicVolumeProperty: DoubleProperty [value: 0.5]
02:16:56.496 [FXGL Background Thread 3 ] DEBUG Engine               - globalSoundVolume: 0.5
02:16:56.496 [FXGL Background Thread 3 ] DEBUG Engine               - globalSoundVolumeProperty: DoubleProperty [value: 0.5]
02:16:56.496 [FXGL Background Thread 3 ] DEBUG Engine               - height: 600
02:16:56.496 [FXGL Background Thread 3 ] DEBUG Engine               - is3D: false
02:16:56.496 [FXGL Background Thread 3 ] DEBUG Engine               - isAndroid: false
02:16:56.496 [FXGL Background Thread 3 ] DEBUG Engine               - isBrowser: false
02:16:56.496 [FXGL Background Thread 3 ] DEBUG Engine               - isClickFeedbackEnabled: false
02:16:56.496 [FXGL Background Thread 3 ] DEBUG Engine               - isCloseConfirmation: false
02:16:56.496 [FXGL Background Thread 3 ] DEBUG Engine               - isDesktop: true
02:16:56.496 [FXGL Background Thread 3 ] DEBUG Engine               - isDeveloperMenuEnabled: false
02:16:56.496 [FXGL Background Thread 3 ] DEBUG Engine               - isEmbedded: false
02:16:56.496 [FXGL Background Thread 3 ] DEBUG Engine               - isEntityPreloadEnabled: true
02:16:56.496 [FXGL Background Thread 3 ] DEBUG Engine               - isExperimentalTiledLargeMap: false
02:16:56.496 [FXGL Background Thread 3 ] DEBUG Engine               - isFileSystemWriteAllowed: true
02:16:56.496 [FXGL Background Thread 3 ] DEBUG Engine               - isFullScreenAllowed: false
02:16:56.496 [FXGL Background Thread 3 ] DEBUG Engine               - isFullScreenFromStart: false
02:16:56.496 [FXGL Background Thread 3 ] DEBUG Engine               - isGameMenuEnabled: true
02:16:56.496 [FXGL Background Thread 3 ] DEBUG Engine               - isIOS: false
02:16:56.497 [FXGL Background Thread 3 ] DEBUG Engine               - isIntroEnabled: false
02:16:56.497 [FXGL Background Thread 3 ] DEBUG Engine               - isLinux: false
02:16:56.497 [FXGL Background Thread 3 ] DEBUG Engine               - isMac: false
02:16:56.497 [FXGL Background Thread 3 ] DEBUG Engine               - isMainMenuEnabled: false
02:16:56.497 [FXGL Background Thread 3 ] DEBUG Engine               - isManualResizeEnabled: false
02:16:56.497 [FXGL Background Thread 3 ] DEBUG Engine               - isMobile: false
02:16:56.497 [FXGL Background Thread 3 ] DEBUG Engine               - isNative: false
02:16:56.497 [FXGL Background Thread 3 ] DEBUG Engine               - isPauseMusicWhenMinimized: true
02:16:56.497 [FXGL Background Thread 3 ] DEBUG Engine               - isPreserveResizeRatio: false
02:16:56.497 [FXGL Background Thread 3 ] DEBUG Engine               - isProfilingEnabled: false
02:16:56.497 [FXGL Background Thread 3 ] DEBUG Engine               - isScaleAffectedOnResize: true
02:16:56.497 [FXGL Background Thread 3 ] DEBUG Engine               - isSingleStep: false
02:16:56.497 [FXGL Background Thread 3 ] DEBUG Engine               - isUserProfileEnabled: false
02:16:56.497 [FXGL Background Thread 3 ] DEBUG Engine               - isWindows: true
02:16:56.497 [FXGL Background Thread 3 ] DEBUG Engine               - language: ObjectProperty [value: ENGLISH]
02:16:56.497 [FXGL Background Thread 3 ] DEBUG Engine               - menuKey: ESCAPE
02:16:56.497 [FXGL Background Thread 3 ] DEBUG Engine               - mouseSensitivity: 0.2
02:16:56.497 [FXGL Background Thread 3 ] DEBUG Engine               - notificationViewClass: class com.almasb.fxgl.notification.view.XboxNotificationView
02:16:56.497 [FXGL Background Thread 3 ] DEBUG Engine               - pixelsPerMeter: 50.0
02:16:56.497 [FXGL Background Thread 3 ] DEBUG Engine               - platform: WINDOWS
02:16:56.497 [FXGL Background Thread 3 ] DEBUG Engine               - prefHeightProperty: ReadOnlyDoubleProperty [value: 600.0]
02:16:56.497 [FXGL Background Thread 3 ] DEBUG Engine               - prefWidthProperty: ReadOnlyDoubleProperty [value: 1000.0]
02:16:56.498 [FXGL Background Thread 3 ] DEBUG Engine               - profileDir: profiles/
02:16:56.498 [FXGL Background Thread 3 ] DEBUG Engine               - profileName: StringProperty [value: DEFAULT]
02:16:56.498 [FXGL Background Thread 3 ] DEBUG Engine               - randomSeed: -1
02:16:56.498 [FXGL Background Thread 3 ] DEBUG Engine               - runtimeInfo: RuntimeInfo(platform=WINDOWS, version=17.3, build=30.03.2023 11.49)
02:16:56.498 [FXGL Background Thread 3 ] DEBUG Engine               - saveFileExt: sav
02:16:56.498 [FXGL Background Thread 3 ] DEBUG Engine               - scaledHeightProp$fxgl: DoubleProperty [bound, value: 600.0]
02:16:56.498 [FXGL Background Thread 3 ] DEBUG Engine               - scaledWidthProp$fxgl: DoubleProperty [bound, value: 1000.0]
02:16:56.498 [FXGL Background Thread 3 ] DEBUG Engine               - sceneFactory: com.almasb.fxgl.app.scene.SceneFactory@4bd3f859
02:16:56.498 [FXGL Background Thread 3 ] DEBUG Engine               - secondsIn24h: 60
02:16:56.498 [FXGL Background Thread 3 ] DEBUG Engine               - soundMenuBack: menu/back.wav
02:16:56.498 [FXGL Background Thread 3 ] DEBUG Engine               - soundMenuPress: menu/press.wav
02:16:56.498 [FXGL Background Thread 3 ] DEBUG Engine               - soundMenuSelect: menu/select.wav
02:16:56.498 [FXGL Background Thread 3 ] DEBUG Engine               - soundNotification: core/notification.wav
02:16:56.498 [FXGL Background Thread 3 ] DEBUG Engine               - stageStyle: DECORATED
02:16:56.498 [FXGL Background Thread 3 ] DEBUG Engine               - supportedLanguages: [ENGLISH, FRENCH, GERMAN, HUNGARIAN, RUSSIAN]
02:16:56.498 [FXGL Background Thread 3 ] DEBUG Engine               - ticksPerSecond: -1
02:16:56.498 [FXGL Background Thread 3 ] DEBUG Engine               - title: Jugador Sonic
02:16:56.498 [FXGL Background Thread 3 ] DEBUG Engine               - urlGithub: https://github.com/AlmasB/FXGL
02:16:56.499 [FXGL Background Thread 3 ] DEBUG Engine               - urlLeaderboard: http://fxgl-top.herokuapp.com/
02:16:56.499 [FXGL Background Thread 3 ] DEBUG Engine               - urlPOM: https://raw.githubusercontent.com/AlmasB/FXGL/release/README.md
02:16:56.499 [FXGL Background Thread 3 ] DEBUG Engine               - userAppClass: class Runner.ClientRunner
02:16:56.499 [FXGL Background Thread 3 ] DEBUG Engine               - version: 0.0
02:16:56.499 [FXGL Background Thread 3 ] DEBUG Engine               - versionCheckDays: 7
02:16:56.499 [FXGL Background Thread 3 ] DEBUG Engine               - width: 1000
02:16:56.499 [FXGL Background Thread 3 ] DEBUG Engine               - Logging services
02:16:56.499 [FXGL Background Thread 3 ] DEBUG Engine               - class com.almasb.fxgl.app.services.FXGLAssetLoaderService
02:16:56.499 [FXGL Background Thread 3 ] DEBUG Engine               - class com.almasb.fxgl.app.FXGLApplication$GameApplicationService
02:16:56.499 [FXGL Background Thread 3 ] DEBUG Engine               - class com.almasb.fxgl.app.services.FXGLDialogService
02:16:56.499 [FXGL Background Thread 3 ] DEBUG Engine               - class com.almasb.fxgl.app.services.IOTaskExecutorService
02:16:56.499 [FXGL Background Thread 3 ] DEBUG Engine               - class com.almasb.fxgl.io.FileSystemService
02:16:56.499 [FXGL Background Thread 3 ] DEBUG Engine               - class com.almasb.fxgl.localization.LocalizationService
02:16:56.499 [FXGL Background Thread 3 ] DEBUG Engine               - class com.almasb.fxgl.app.services.SystemBundleService
02:16:56.499 [FXGL Background Thread 3 ] DEBUG Engine               - class com.almasb.fxgl.profile.SaveLoadService
02:16:56.499 [FXGL Background Thread 3 ] DEBUG Engine               - class com.almasb.fxgl.ui.FXGLUIFactoryServiceProvider
02:16:56.499 [FXGL Background Thread 3 ] DEBUG Engine               - class com.almasb.fxgl.ui.FXGLDialogFactoryServiceProvider
02:16:56.499 [FXGL Background Thread 3 ] DEBUG Engine               - class com.almasb.fxgl.audio.AudioPlayer
02:16:56.499 [FXGL Background Thread 3 ] DEBUG Engine               - class com.almasb.fxgl.notification.impl.NotificationServiceProvider
02:16:56.499 [FXGL Background Thread 3 ] DEBUG Engine               - class com.almasb.fxgl.achievement.AchievementService
02:16:56.499 [FXGL Background Thread 3 ] DEBUG Engine               - class com.almasb.fxgl.cutscene.CutsceneService
02:16:56.499 [FXGL Background Thread 3 ] DEBUG Engine               - class com.almasb.fxgl.minigames.MiniGameService
02:16:56.499 [FXGL Background Thread 3 ] DEBUG Engine               - class com.almasb.fxgl.net.NetService
02:16:56.499 [FXGL Background Thread 3 ] DEBUG Engine               - class com.almasb.fxgl.app.services.UpdaterService
02:16:56.499 [FXGL Background Thread 3 ] DEBUG Engine               - class com.almasb.fxgl.dev.DevService
02:16:56.499 [FXGL Background Thread 3 ] DEBUG Engine               - class com.almasb.fxgl.multiplayer.MultiplayerService
02:17:34.529 [JavaFX Application Thread] DEBUG FXGLAssetLoaderServi - Loading from file system: file:/C:/Users/User/Documents/Millan.Luis/UNEG/Semestre%20IV/Tecnicas%20de%20Prog.%20III/Sonic-rush/target/classes/assets/textures/background/background2.png
02:17:34.780 [JavaFX Application Thread] DEBUG TMXLevelLoader       - Parsed TiledMap: file:/C:/Users/User/Documents/Millan.Luis/UNEG/Semestre%20IV/Tecnicas%20de%20Prog.%20III/Sonic-rush/target/classes/assets/levels/mapazo.tmx
02:17:34.781 [JavaFX Application Thread] DEBUG TMXLevelLoader       - Creating tile layer entities
02:17:34.783 [JavaFX Application Thread] DEBUG TilesetLoader        - Loading view for layer Capa de patrones 1
02:17:34.788 [JavaFX Application Thread] DEBUG TilesetLoader        - Created buffer with size 3840.0x720.0
02:17:34.811 [JavaFX Application Thread] DEBUG TMXLevelLoader       - Creating object layer entities
02:17:34.821 [JavaFX Application Thread] DEBUG GameWorld            - Clearing removable entities
02:17:34.824 [JavaFX Application Thread] DEBUG GameWorld            - Setting level: com.almasb.fxgl.entity.level.Level@2ce36c7
02:17:34.833 [ClientAsyncConnThread    ] DEBUG TCPClient            - Connecting to localhost:55555 type: class com.almasb.fxgl.core.serialization.Bundle
02:17:34.834 [ClientAsyncConnThread    ] DEBUG TCPClient            - Created socket to localhost:55555
02:17:34.848 [ClientAsyncConnThread    ] DEBUG Endpoint             - TCPClient opening new connection (1) from localhost/127.0.0.1:55555 type: class com.almasb.fxgl.core.serialization.Bundle
02:17:34.856 [ClientAsyncConnThread    ] DEBUG Endpoint             - TCPClient successfully opened connection (1)
02:17:34.866 [TCPClient_SendThread-1   ] DEBUG Writers              - Getting TCPMessageWriter for class com.almasb.fxgl.core.serialization.Bundle
02:17:34.866 [TCPClient_RecvThread-1   ] DEBUG Readers              - Getting TCPMessageReader for class com.almasb.fxgl.core.serialization.Bundle
02:17:34.871 [TCPClient_RecvThread-1   ] DEBUG Readers              - Constructed MessageReader for class com.almasb.fxgl.core.serialization.Bundle: BundleTCPMessageReader
02:17:34.872 [TCPClient_SendThread-1   ] DEBUG Writers              - Constructed TCPMessageWriter for class com.almasb.fxgl.core.serialization.Bundle: BundleTCPMessageWriter
02:17:34.892 [JavaFX Application Thread] DEBUG FXGLAssetLoaderServi - Loading from file system: file:/C:/Users/User/Documents/Millan.Luis/UNEG/Semestre%20IV/Tecnicas%20de%20Prog.%20III/Sonic-rush/target/classes/assets/textures/Items/ring.png
02:17:34.915 [JavaFX Application Thread] DEBUG FXGLAssetLoaderServi - Loading from file system: file:/C:/Users/User/Documents/Millan.Luis/UNEG/Semestre%20IV/Tecnicas%20de%20Prog.%20III/Sonic-rush/target/classes/assets/textures/Items/caucho.png
02:17:34.918 [JavaFX Application Thread] DEBUG FXGLAssetLoaderServi - Loading from file system: file:/C:/Users/User/Documents/Millan.Luis/UNEG/Semestre%20IV/Tecnicas%20de%20Prog.%20III/Sonic-rush/target/classes/assets/textures/Items/basura.png
02:17:34.929 [JavaFX Application Thread] DEBUG FXGLAssetLoaderServi - Loading from file system: file:/C:/Users/User/Documents/Millan.Luis/UNEG/Semestre%20IV/Tecnicas%20de%20Prog.%20III/Sonic-rush/target/classes/assets/textures/Items/papel.png
02:17:34.939 [JavaFX Application Thread] DEBUG FXGLAssetLoaderServi - Loading from file system: file:/C:/Users/User/Documents/Millan.Luis/UNEG/Semestre%20IV/Tecnicas%20de%20Prog.%20III/Sonic-rush/target/classes/assets/textures/Enemigos/enemigo.png
02:17:34.981 [JavaFX Application Thread] DEBUG FXGLAssetLoaderServi - Loading from file system: file:/C:/Users/User/Documents/Millan.Luis/UNEG/Semestre%20IV/Tecnicas%20de%20Prog.%20III/Sonic-rush/target/classes/assets/textures/Personajes/tails.png
02:17:35.004 [JavaFX Application Thread] DEBUG FXGLAssetLoaderServi - Loading from file system: file:/C:/Users/User/Documents/Millan.Luis/UNEG/Semestre%20IV/Tecnicas%20de%20Prog.%20III/Sonic-rush/target/classes/assets/textures/Personajes/tails_Salta.png
02:17:35.014 [JavaFX Application Thread] DEBUG FXGLAssetLoaderServi - Loading from file system: file:/C:/Users/User/Documents/Millan.Luis/UNEG/Semestre%20IV/Tecnicas%20de%20Prog.%20III/Sonic-rush/target/classes/assets/textures/Personajes/tails_caminando.png
02:17:38.493 [JavaFX Application Thread] DEBUG FXGLAssetLoaderServi - Loading from file system: file:/C:/Users/User/Documents/Millan.Luis/UNEG/Semestre%20IV/Tecnicas%20de%20Prog.%20III/Sonic-rush/target/classes/assets/sounds/recoger.wav
02:18:23.730 [JavaFX Application Thread] DEBUG PrimaryStageWindow   - Push state: DialogSubScene
02:18:23.731 [JavaFX Application Thread] DEBUG Input                - Clearing active input actions
02:18:23.731 [JavaFX Application Thread] DEBUG GameApplicationServi - Removing overlay from GameScene and adding to DialogSubScene
02:18:23.732 [JavaFX Application Thread] DEBUG PrimaryStageWindow   - GameScene -> DialogSubScene
02:18:24.737 [JavaFX Application Thread] DEBUG PrimaryStageWindow   - Pop state: DialogSubScene
02:18:24.737 [JavaFX Application Thread] DEBUG Input                - Clearing active input actions
02:18:24.738 [JavaFX Application Thread] DEBUG GameApplicationServi - Removing overlay from DialogSubScene and adding to GameScene
02:18:24.738 [JavaFX Application Thread] DEBUG PrimaryStageWindow   - GameScene <- DialogSubScene
02:18:24.774 [JavaFX Application Thread] DEBUG PrimaryStageWindow   - Push state: DialogSubScene
02:18:24.775 [JavaFX Application Thread] DEBUG Input                - Clearing active input actions
02:18:24.777 [JavaFX Application Thread] DEBUG GameApplicationServi - Removing overlay from GameScene and adding to DialogSubScene
02:18:24.777 [JavaFX Application Thread] DEBUG PrimaryStageWindow   - GameScene -> DialogSubScene
02:18:26.888 [JavaFX Application Thread] DEBUG PrimaryStageWindow   - Pop state: DialogSubScene
02:18:26.889 [JavaFX Application Thread] DEBUG Input                - Clearing active input actions
02:18:26.889 [JavaFX Application Thread] DEBUG GameApplicationServi - Removing overlay from DialogSubScene and adding to GameScene
02:18:26.889 [JavaFX Application Thread] DEBUG PrimaryStageWindow   - GameScene <- DialogSubScene
02:18:26.890 [JavaFX Application Thread] DEBUG LoopRunner           - Stopping loop
02:18:26.919 [JavaFX Application Thread] FATAL FXGLApplication      - Uncaught Exception:
java.util.ConcurrentModificationException
	at java.base/java.util.ArrayList.forEach(ArrayList.java:1598)
	at GameSettings.ClientGameApp.resetGameAndReturnToMenu(ClientGameApp.java:822)
	at GameSettings.ClientGameApp.lambda$45(ClientGameApp.java:813)
	at com.almasb.fxgl.app.services.FXGLDialogService.showInputBox$lambda$4(FXGLDialogService.kt:152)
	at com.almasb.fxgl.ui.FXGLDialogFactoryServiceProvider.inputDialog$lambda$9(FXGLDialogFactoryServiceProvider.kt:166)
	at com.sun.javafx.event.CompositeEventHandler.dispatchBubblingEvent(CompositeEventHandler.java:86)
	at com.sun.javafx.event.EventHandlerManager.dispatchBubblingEvent(EventHandlerManager.java:232)
	at com.sun.javafx.event.EventHandlerManager.dispatchBubblingEvent(EventHandlerManager.java:189)
	at com.sun.javafx.event.CompositeEventDispatcher.dispatchBubblingEvent(CompositeEventDispatcher.java:59)
	at com.sun.javafx.event.BasicEventDispatcher.dispatchEvent(BasicEventDispatcher.java:58)
	at com.sun.javafx.event.EventDispatchChainImpl.dispatchEvent(EventDispatchChainImpl.java:114)
	at com.sun.javafx.event.BasicEventDispatcher.dispatchEvent(BasicEventDispatcher.java:56)
	at com.sun.javafx.event.EventDispatchChainImpl.dispatchEvent(EventDispatchChainImpl.java:114)
	at com.sun.javafx.event.BasicEventDispatcher.dispatchEvent(BasicEventDispatcher.java:56)
	at com.sun.javafx.event.EventDispatchChainImpl.dispatchEvent(EventDispatchChainImpl.java:114)
	at com.sun.javafx.event.BasicEventDispatcher.dispatchEvent(BasicEventDispatcher.java:56)
	at com.sun.javafx.event.EventDispatchChainImpl.dispatchEvent(EventDispatchChainImpl.java:114)
	at com.sun.javafx.event.EventUtil.fireEventImpl(EventUtil.java:74)
	at com.sun.javafx.event.EventUtil.fireEvent(EventUtil.java:49)
	at javafx.event.Event.fireEvent(Event.java:198)
	at javafx.scene.Node.fireEvent(Node.java:8944)
	at com.sun.javafx.scene.control.behavior.TextFieldBehavior.fire(TextFieldBehavior.java:161)
	at com.sun.javafx.scene.control.behavior.TextInputControlBehavior.lambda$keyMapping$62(TextInputControlBehavior.java:344)
	at com.sun.javafx.scene.control.inputmap.InputMap.handle(InputMap.java:274)
	at com.sun.javafx.event.CompositeEventHandler$NormalEventHandlerRecord.handleBubblingEvent(CompositeEventHandler.java:247)
	at com.sun.javafx.event.CompositeEventHandler.dispatchBubblingEvent(CompositeEventHandler.java:80)
	at com.sun.javafx.event.EventHandlerManager.dispatchBubblingEvent(EventHandlerManager.java:232)
	at com.sun.javafx.event.EventHandlerManager.dispatchBubblingEvent(EventHandlerManager.java:189)
	at com.sun.javafx.event.CompositeEventDispatcher.dispatchBubblingEvent(CompositeEventDispatcher.java:59)
	at com.sun.javafx.event.BasicEventDispatcher.dispatchEvent(BasicEventDispatcher.java:58)
	at com.sun.javafx.event.EventDispatchChainImpl.dispatchEvent(EventDispatchChainImpl.java:114)
	at com.sun.javafx.event.BasicEventDispatcher.dispatchEvent(BasicEventDispatcher.java:56)
	at com.sun.javafx.event.EventDispatchChainImpl.dispatchEvent(EventDispatchChainImpl.java:114)
	at com.sun.javafx.event.BasicEventDispatcher.dispatchEvent(BasicEventDispatcher.java:56)
	at com.sun.javafx.event.EventDispatchChainImpl.dispatchEvent(EventDispatchChainImpl.java:114)
	at com.sun.javafx.event.BasicEventDispatcher.dispatchEvent(BasicEventDispatcher.java:56)
	at com.sun.javafx.event.EventDispatchChainImpl.dispatchEvent(EventDispatchChainImpl.java:114)
	at com.sun.javafx.event.EventUtil.fireEventImpl(EventUtil.java:74)
	at com.sun.javafx.event.EventUtil.fireEvent(EventUtil.java:54)
	at javafx.event.Event.fireEvent(Event.java:198)
	at javafx.scene.Scene.processKeyEvent(Scene.java:2190)
	at javafx.scene.Scene$ScenePeerListener.keyEvent(Scene.java:2711)
	at com.sun.javafx.tk.quantum.GlassViewEventHandler$KeyEventNotification.run(GlassViewEventHandler.java:218)
	at com.sun.javafx.tk.quantum.GlassViewEventHandler$KeyEventNotification.run(GlassViewEventHandler.java:150)
	at java.base/java.security.AccessController.doPrivileged(AccessController.java:400)
	at com.sun.javafx.tk.quantum.GlassViewEventHandler.lambda$handleKeyEvent$1(GlassViewEventHandler.java:250)
	at com.sun.javafx.tk.quantum.QuantumToolkit.runWithoutRenderLock(QuantumToolkit.java:424)
	at com.sun.javafx.tk.quantum.GlassViewEventHandler.handleKeyEvent(GlassViewEventHandler.java:249)
	at com.sun.glass.ui.View.handleKeyEvent(View.java:542)
	at com.sun.glass.ui.View.notifyKey(View.java:966)
	at com.sun.glass.ui.win.WinApplication._runLoop(Native Method)
	at com.sun.glass.ui.win.WinApplication.lambda$runLoop$3(WinApplication.java:185)
	at java.base/java.lang.Thread.run(Thread.java:1583)

02:18:26.922 [JavaFX Application Thread] FATAL FXGLApplication      - Application will now exit
02:18:26.935 [JavaFX Application Thread] DEBUG PrimaryStageWindow   - Push state: ErrorSubScene
02:18:26.935 [JavaFX Application Thread] DEBUG Input                - Clearing active input actions
02:18:26.937 [JavaFX Application Thread] DEBUG GameApplicationServi - Removing overlay from GameScene and adding to ErrorSubScene
02:18:26.937 [JavaFX Application Thread] DEBUG PrimaryStageWindow   - GameScene -> ErrorSubScene
02:18:38.478 [JavaFX Application Thread] DEBUG LoopRunner           - Pausing loop
02:18:38.940 [JavaFX Application Thread] DEBUG LoopRunner           - Resuming loop
02:18:58.802 [TCPClient_RecvThread-1   ] DEBUG Endpoint             - Connection 1 was unexpectedly disconnected: Connection reset
02:18:58.803 [TCPClient_RecvThread-1   ] DEBUG Connection           - Closing connection 1
02:18:58.803 [TCPClient_RecvThread-1   ] DEBUG Connection           - Connection 1 was correctly closed from local endpoint.
02:18:58.803 [TCPClient_RecvThread-1   ] DEBUG Endpoint             - TCPClient connection (1) was closed
02:20:14.737 [JavaFX Application Thread] DEBUG FXGLApplication      - Exiting FXGL
02:20:14.737 [JavaFX Application Thread] DEBUG Async                - Shutting down background threads
02:20:14.737 [JavaFX Application Thread] DEBUG PrimaryStageWindow   - Closing main window
02:20:14.747 [JavaFX Application Thread] DEBUG Logger               - Closing Logger
