00:06:27.312 [main                     ] DEBUG Logger               - Configured Logger
00:06:27.434 [main                     ] DEBUG GameApplication      - Logging settings
Title: Jugador Sonic
Version: 0.0
Width: 1000
Height: 600
Fullscreen: false
Intro: false
Profiling: false
Single step:false
App Mode: DEVELOPER
Menu Key: ESCAPE
Stage Style: DECORATED
Scene Factory: class com.almasb.fxgl.app.scene.SceneFactory

00:06:29.330 [JavaFX Application Thread] DEBUG FXGLApplication      - Initializing FXGL
00:06:29.355 [JavaFX Application Thread] INFO  Engine               - FXGL-17.3 (30.03.2023 11.49) on WINDOWS (J:17.0.12 FX:20)
00:06:29.382 [JavaFX Application Thread] DEBUG Engine               - JRE Vendor Name: Oracle Corporation
00:06:29.383 [JavaFX Application Thread] DEBUG Engine               - Running on OS: Windows 10 version 10.0
00:06:29.383 [JavaFX Application Thread] DEBUG Engine               - Architecture: amd64
00:06:29.383 [JavaFX Application Thread] INFO  Engine               - Source code and latest versions at: https://github.com/AlmasB/FXGL
00:06:29.384 [JavaFX Application Thread] INFO  Engine               -       Ask questions and discuss at: https://github.com/AlmasB/FXGL/discussions
00:06:29.385 [JavaFX Application Thread] INFO  Engine               -              Join the FXGL chat at: https://gitter.im/AlmasB/FXGL
00:06:29.989 [JavaFX Application Thread] DEBUG PrimaryStageWindow   - Creating a JavaFX scene
00:06:30.403 [JavaFX Application Thread] DEBUG PrimaryStageWindow   - Target settings size: 1000.0 x 600.0
00:06:30.403 [JavaFX Application Thread] DEBUG PrimaryStageWindow   - Scaled scene size:    1000.0 x 600.0
00:06:30.403 [JavaFX Application Thread] DEBUG PrimaryStageWindow   - Scaled ratio: (1.0, 1.0)
00:06:30.405 [JavaFX Application Thread] DEBUG PrimaryStageWindow   - Set initial scene to FXGLStartupScene
00:06:30.451 [JavaFX Application Thread] DEBUG PrimaryStageWindow   - Opening main window
00:06:30.723 [JavaFX Application Thread] DEBUG PrimaryStageWindow   - Window border size: (14.4000244140625, 37.5999755859375)
00:06:30.728 [JavaFX Application Thread] DEBUG PrimaryStageWindow   - Scaled size: 1000.0 x 600.0
00:06:30.729 [JavaFX Application Thread] DEBUG PrimaryStageWindow   - Scaled ratio: (1.0, 1.0)
00:06:30.729 [JavaFX Application Thread] DEBUG PrimaryStageWindow   - Scene size: 1000.0 x 600.0
00:06:30.730 [JavaFX Application Thread] DEBUG PrimaryStageWindow   - Stage size: 1014.4000244140625 x 637.5999755859375
00:06:30.767 [FXGL Background Thread 1 ] DEBUG Engine               - Initializing environment variables
00:06:30.922 [FXGL Background Thread 1 ] DEBUG FXGLAssetLoaderServi - User app class for loading assets: class Runner.ClientRunner
00:06:30.929 [FXGL Background Thread 1 ] DEBUG GameApplicationServi - Applying CSS: fxgl_dark.css
00:06:30.931 [FXGL Background Thread 1 ] DEBUG FXGLAssetLoaderServi - Loading from file system: jar:file:/C:/Users/Owner/.m2/repository/com/github/almasb/fxgl/17.3/fxgl-17.3.jar!/fxglassets/ui/css/fxgl_dark.css
00:06:31.266 [FXGL Background Thread 1 ] DEBUG GameApplicationServi - Initializing application scenes
00:06:31.708 [FXGL Background Thread 1 ] DEBUG GameWorld            - Game world initialized
00:06:31.878 [FXGL Background Thread 1 ] DEBUG PhysicsWorld         - Physics world initialized: appHeight=600, physics.ppm=50.0
00:06:31.881 [FXGL Background Thread 1 ] DEBUG PhysicsWorld         - Using strategy: BRUTE_FORCE
00:06:31.903 [FXGL Background Thread 1 ] DEBUG GameScene            - Game scene initialized: 1000x600
00:06:31.985 [FXGL Background Thread 1 ] DEBUG FXGL.DefaultMenu     - createMenuBodyGameMenu()
00:06:32.054 [FXGL Background Thread 1 ] DEBUG FXGL.DefaultMenu     - createOptionsMenu()
00:06:32.133 [FXGL Background Thread 1 ] DEBUG FXGLAssetLoaderServi - Loading from file system: jar:file:/C:/Users/Owner/.m2/repository/com/github/almasb/fxgl/17.3/fxgl-17.3.jar!/fxglassets/textures/particles/smoke.png
00:06:32.519 [FXGL Background Thread 1 ] DEBUG FXGLAssetLoaderServi - Loading from file system: jar:file:/C:/Users/Owner/.m2/repository/com/github/almasb/fxgl/17.3/fxgl-17.3.jar!/fxglassets/textures/particles/trace_horizontal.png
00:06:32.633 [FXGL Background Thread 1 ] DEBUG GameApplicationServi - Application scenes initialized
00:06:32.670 [FXGL Background Thread 1 ] DEBUG SystemBundleService  - Loading FXGL system data
00:06:32.685 [FXGL Background Thread 1 ] DEBUG FileSystemAccess     - Reading from: C:\Users\Owner\Desktop\Sonic-rush\system\fxgl.bundle
00:06:32.702 [FXGL Background Thread 1 ] DEBUG SystemBundleService  - Bundle FXGL: {}
00:06:32.702 [FXGL Background Thread 1 ] DEBUG UpdaterService       - Checking for updates
00:06:32.717 [FXGL Background Thread 1 ] DEBUG FXGLApplication      - Loading default localization
00:06:32.718 [FXGL Background Thread 1 ] DEBUG FXGLAssetLoaderServi - Loading from file system: jar:file:/C:/Users/Owner/.m2/repository/com/github/almasb/fxgl/17.3/fxgl-17.3.jar!/fxglassets/languages/english.lang
00:06:32.717 [FXGL Background Thread 4 ] DEBUG FXGLApplication      - Loading fonts
00:06:32.720 [FXGL Background Thread 4 ] DEBUG FXGLAssetLoaderServi - Loading from file system: jar:file:/C:/Users/Owner/.m2/repository/com/github/almasb/fxgl/17.3/fxgl-17.3.jar!/fxglassets/ui/fonts/VarelaRound-Regular.ttf
00:06:32.852 [FXGL Background Thread 1 ] INFO  FXGLApplication      - FXGL initialization took: 2.085 sec
00:06:33.121 [JavaFX Application Thread] DEBUG Input                - Registered new binding: Mover a la izquierda - A
00:06:33.121 [JavaFX Application Thread] DEBUG Input                - Registered new binding: Mover a la derecha - D
00:06:33.121 [JavaFX Application Thread] DEBUG Input                - Registered new binding: Saltar - W
00:06:33.122 [JavaFX Application Thread] DEBUG Input                - Registered new binding: Interactuar - E
00:06:33.124 [JavaFX Application Thread] DEBUG Input                - Registered new binding: Transformar - P
00:06:33.129 [JavaFX Application Thread] DEBUG Input                - Registered new binding: Desactivar filtro - L
00:06:33.130 [JavaFX Application Thread] DEBUG FXGLAssetLoaderServi - Loading from file system: jar:file:/C:/Users/Owner/.m2/repository/com/github/almasb/fxgl/17.3/fxgl-17.3.jar!/fxglassets/textures/fxgl_icon.png
00:06:33.261 [JavaFX Application Thread] DEBUG FXGLAssetLoaderServi - Loading from file system: jar:file:/C:/Users/Owner/.m2/repository/com/github/almasb/fxgl/17.3/fxgl-17.3.jar!/fxglassets/textures/fxgl_default_cursor.png
00:06:33.269 [JavaFX Application Thread] DEBUG Input                - Registered new binding: Screenshot - CTRL+8
00:06:33.271 [JavaFX Application Thread] DEBUG Input                - Registered new binding: System info dump - CTRL+9
00:06:33.271 [JavaFX Application Thread] DEBUG Input                - Registered new binding: Restart - CTRL+R
00:06:33.273 [JavaFX Application Thread] DEBUG Input                - Registered new binding: Toggle Debug Camera - CTRL+7
00:06:33.285 [JavaFX Application Thread] DEBUG LoopRunner           - Starting loop
00:06:33.285 [JavaFX Application Thread] DEBUG LoopRunner           - Initializing JavaFX AnimationTimerLoop
00:06:33.289 [JavaFX Application Thread] DEBUG GameApplicationServi - Starting new game
00:06:33.291 [JavaFX Application Thread] DEBUG Input                - Clearing active input actions
00:06:33.368 [JavaFX Application Thread] DEBUG GameApplicationServi - Removing overlay from FXGLStartupScene and adding to FXGLLoadingScene
00:06:33.371 [JavaFX Application Thread] DEBUG PrimaryStageWindow   - FXGLStartupScene -> FXGLLoadingScene
00:06:33.371 [JavaFX Application Thread] DEBUG GameApplicationServi - Clearing previous game
00:06:33.371 [JavaFX Application Thread] DEBUG GameScene            - Clearing game scene
00:06:33.371 [JavaFX Application Thread] DEBUG GameWorld            - Clearing game world
00:06:33.371 [JavaFX Application Thread] DEBUG PhysicsWorld         - Clearing physics world
00:06:33.379 [FXGL Background Thread 1 ] DEBUG FXGLApplication      - Initializing game
00:06:33.485 [FXGL Background Thread 1 ] DEBUG FXGLAssetLoaderServi - Loading from file system: file:/C:/Users/Owner/Desktop/Sonic-rush/target/classes/assets/music/OST2.mp3
00:06:33.701 [FXGL Background Thread 4 ] DEBUG FXGLAssetLoaderServi - Loading from file system: jar:file:/C:/Users/Owner/.m2/repository/com/github/almasb/fxgl/17.3/fxgl-17.3.jar!/fxglassets/ui/fonts/Abel-Regular.ttf
00:06:33.715 [FXGL Background Thread 4 ] DEBUG FXGLAssetLoaderServi - Loading from file system: jar:file:/C:/Users/Owner/.m2/repository/com/github/almasb/fxgl/17.3/fxgl-17.3.jar!/fxglassets/ui/fonts/TerminalLandMono-Regular.otf
00:06:33.721 [FXGL Background Thread 4 ] DEBUG FXGLAssetLoaderServi - Loading from file system: jar:file:/C:/Users/Owner/.m2/repository/com/github/almasb/fxgl/17.3/fxgl-17.3.jar!/fxglassets/ui/fonts/Courier-Prime.ttf
00:06:34.171 [JavaFX Application Thread] DEBUG FXGLApplication      - Registering font factories with UI factory
00:06:34.538 [FXGL Background Thread 1 ] DEBUG AudioPlayer          - Playing music com.almasb.fxgl.audio.Music@2e36cba9
00:06:34.568 [FXGL Background Thread 1 ] INFO  FXGLApplication      - Game initialization took: 1.189 sec
00:06:35.114 [JavaFX Application Thread] DEBUG Input                - Clearing active input actions
00:06:35.132 [JavaFX Application Thread] DEBUG GameApplicationServi - Removing overlay from FXGLLoadingScene and adding to GameScene
00:06:35.133 [JavaFX Application Thread] DEBUG PrimaryStageWindow   - FXGLLoadingScene -> GameScene
00:06:35.711 [FXGL Background Thread 3 ] DEBUG Engine               - Logging environment variables
00:06:35.712 [FXGL Background Thread 3 ] DEBUG Engine               - achievements: []
00:06:35.712 [FXGL Background Thread 3 ] DEBUG Engine               - actualHeight: 600.0
00:06:35.713 [FXGL Background Thread 3 ] DEBUG Engine               - actualHeightProperty: ReadOnlyDoubleProperty [value: 600.0]
00:06:35.717 [FXGL Background Thread 3 ] DEBUG Engine               - actualWidth: 1000.0
00:06:35.717 [FXGL Background Thread 3 ] DEBUG Engine               - actualWidthProperty: ReadOnlyDoubleProperty [value: 1000.0]
00:06:35.718 [FXGL Background Thread 3 ] DEBUG Engine               - appIcon: fxgl_icon.png
00:06:35.718 [FXGL Background Thread 3 ] DEBUG Engine               - applicationMode: DEVELOPER
00:06:35.718 [FXGL Background Thread 3 ] DEBUG Engine               - cSSList: [fxgl_dark.css]
00:06:35.718 [FXGL Background Thread 3 ] DEBUG Engine               - collisionDetectionStrategy: BRUTE_FORCE
00:06:35.718 [FXGL Background Thread 3 ] DEBUG Engine               - configClass: Optional.empty
00:06:35.718 [FXGL Background Thread 3 ] DEBUG Engine               - credits: []
00:06:35.719 [FXGL Background Thread 3 ] DEBUG Engine               - defaultCursor: CursorInfo(imageName=fxgl_default_cursor.png, hotspotX=7.0, hotspotY=6.0)
00:06:35.719 [FXGL Background Thread 3 ] DEBUG Engine               - devBBoxColorProperty: ObjectProperty [value: 0xff0000ff]
00:06:35.719 [FXGL Background Thread 3 ] DEBUG Engine               - devEnableDebugCameraProperty: BooleanProperty [value: false]
00:06:35.720 [FXGL Background Thread 3 ] DEBUG Engine               - devSensorColorProperty: ObjectProperty [value: 0xffff00ff]
00:06:35.720 [FXGL Background Thread 3 ] DEBUG Engine               - devShowBBoxProperty: BooleanProperty [value: false]
00:06:35.720 [FXGL Background Thread 3 ] DEBUG Engine               - devShowPositionProperty: BooleanProperty [value: false]
00:06:35.720 [FXGL Background Thread 3 ] DEBUG Engine               - enabledMenuItems: []
00:06:35.720 [FXGL Background Thread 3 ] DEBUG Engine               - engineServices: [class com.almasb.fxgl.app.services.FXGLAssetLoaderService, class com.almasb.fxgl.app.FXGLApplication$GameApplicationService, class com.almasb.fxgl.app.services.FXGLDialogService, class com.almasb.fxgl.app.services.IOTaskExecutorService, class com.almasb.fxgl.io.FileSystemService, class com.almasb.fxgl.localization.LocalizationService, class com.almasb.fxgl.app.services.SystemBundleService, class com.almasb.fxgl.profile.SaveLoadService, class com.almasb.fxgl.ui.FXGLUIFactoryServiceProvider, class com.almasb.fxgl.ui.FXGLDialogFactoryServiceProvider, class com.almasb.fxgl.audio.AudioPlayer, class com.almasb.fxgl.notification.impl.NotificationServiceProvider, class com.almasb.fxgl.achievement.AchievementService, class com.almasb.fxgl.cutscene.CutsceneService, class com.almasb.fxgl.minigames.MiniGameService, class com.almasb.fxgl.net.NetService, class com.almasb.fxgl.app.services.UpdaterService, class com.almasb.fxgl.dev.DevService, class com.almasb.fxgl.multiplayer.MultiplayerService]
00:06:35.720 [FXGL Background Thread 3 ] DEBUG Engine               - fontGame: Abel-Regular.ttf
00:06:35.721 [FXGL Background Thread 3 ] DEBUG Engine               - fontMono: TerminalLandMono-Regular.otf
00:06:35.721 [FXGL Background Thread 3 ] DEBUG Engine               - fontSizeScaleUI: 1.0
00:06:35.721 [FXGL Background Thread 3 ] DEBUG Engine               - fontText: Courier-Prime.ttf
00:06:35.721 [FXGL Background Thread 3 ] DEBUG Engine               - fontUI: VarelaRound-Regular.ttf
00:06:35.721 [FXGL Background Thread 3 ] DEBUG Engine               - fullScreen: BooleanProperty [value: false]
00:06:35.721 [FXGL Background Thread 3 ] DEBUG Engine               - gameDifficulty: MEDIUM
00:06:35.721 [FXGL Background Thread 3 ] DEBUG Engine               - gameDifficultyProperty: ObjectProperty [value: MEDIUM]
00:06:35.721 [FXGL Background Thread 3 ] DEBUG Engine               - globalMusicVolume: 0.5
00:06:35.721 [FXGL Background Thread 3 ] DEBUG Engine               - globalMusicVolumeProperty: DoubleProperty [value: 0.5]
00:06:35.722 [FXGL Background Thread 3 ] DEBUG Engine               - globalSoundVolume: 0.5
00:06:35.722 [FXGL Background Thread 3 ] DEBUG Engine               - globalSoundVolumeProperty: DoubleProperty [value: 0.5]
00:06:35.722 [FXGL Background Thread 3 ] DEBUG Engine               - height: 600
00:06:35.722 [FXGL Background Thread 3 ] DEBUG Engine               - is3D: false
00:06:35.722 [FXGL Background Thread 3 ] DEBUG Engine               - isAndroid: false
00:06:35.722 [FXGL Background Thread 3 ] DEBUG Engine               - isBrowser: false
00:06:35.724 [FXGL Background Thread 3 ] DEBUG Engine               - isClickFeedbackEnabled: false
00:06:35.725 [FXGL Background Thread 3 ] DEBUG Engine               - isCloseConfirmation: false
00:06:35.725 [FXGL Background Thread 3 ] DEBUG Engine               - isDesktop: true
00:06:35.725 [FXGL Background Thread 3 ] DEBUG Engine               - isDeveloperMenuEnabled: false
00:06:35.725 [FXGL Background Thread 3 ] DEBUG Engine               - isEmbedded: false
00:06:35.726 [FXGL Background Thread 3 ] DEBUG Engine               - isEntityPreloadEnabled: true
00:06:35.726 [FXGL Background Thread 3 ] DEBUG Engine               - isExperimentalTiledLargeMap: false
00:06:35.726 [FXGL Background Thread 3 ] DEBUG Engine               - isFileSystemWriteAllowed: true
00:06:35.729 [FXGL Background Thread 3 ] DEBUG Engine               - isFullScreenAllowed: false
00:06:35.729 [FXGL Background Thread 3 ] DEBUG Engine               - isFullScreenFromStart: false
00:06:35.730 [FXGL Background Thread 3 ] DEBUG Engine               - isGameMenuEnabled: true
00:06:35.730 [FXGL Background Thread 3 ] DEBUG Engine               - isIOS: false
00:06:35.730 [FXGL Background Thread 3 ] DEBUG Engine               - isIntroEnabled: false
00:06:35.730 [FXGL Background Thread 3 ] DEBUG Engine               - isLinux: false
00:06:35.730 [FXGL Background Thread 3 ] DEBUG Engine               - isMac: false
00:06:35.731 [FXGL Background Thread 3 ] DEBUG Engine               - isMainMenuEnabled: false
00:06:35.732 [FXGL Background Thread 3 ] DEBUG Engine               - isManualResizeEnabled: false
00:06:35.732 [FXGL Background Thread 3 ] DEBUG Engine               - isMobile: false
00:06:35.732 [FXGL Background Thread 3 ] DEBUG Engine               - isNative: false
00:06:35.732 [FXGL Background Thread 3 ] DEBUG Engine               - isPauseMusicWhenMinimized: true
00:06:35.732 [FXGL Background Thread 3 ] DEBUG Engine               - isPreserveResizeRatio: false
00:06:35.732 [FXGL Background Thread 3 ] DEBUG Engine               - isProfilingEnabled: false
00:06:35.732 [FXGL Background Thread 3 ] DEBUG Engine               - isScaleAffectedOnResize: true
00:06:35.732 [FXGL Background Thread 3 ] DEBUG Engine               - isSingleStep: false
00:06:35.732 [FXGL Background Thread 3 ] DEBUG Engine               - isUserProfileEnabled: false
00:06:35.733 [FXGL Background Thread 3 ] DEBUG Engine               - isWindows: true
00:06:35.733 [FXGL Background Thread 3 ] DEBUG Engine               - language: ObjectProperty [value: ENGLISH]
00:06:35.733 [FXGL Background Thread 3 ] DEBUG Engine               - menuKey: ESCAPE
00:06:35.733 [FXGL Background Thread 3 ] DEBUG Engine               - mouseSensitivity: 0.2
00:06:35.733 [FXGL Background Thread 3 ] DEBUG Engine               - notificationViewClass: class com.almasb.fxgl.notification.view.XboxNotificationView
00:06:35.734 [FXGL Background Thread 3 ] DEBUG Engine               - pixelsPerMeter: 50.0
00:06:35.734 [FXGL Background Thread 3 ] DEBUG Engine               - platform: WINDOWS
00:06:35.734 [FXGL Background Thread 3 ] DEBUG Engine               - prefHeightProperty: ReadOnlyDoubleProperty [value: 600.0]
00:06:35.734 [FXGL Background Thread 3 ] DEBUG Engine               - prefWidthProperty: ReadOnlyDoubleProperty [value: 1000.0]
00:06:35.734 [FXGL Background Thread 3 ] DEBUG Engine               - profileDir: profiles/
00:06:35.735 [FXGL Background Thread 3 ] DEBUG Engine               - profileName: StringProperty [value: DEFAULT]
00:06:35.735 [FXGL Background Thread 3 ] DEBUG Engine               - randomSeed: -1
00:06:35.735 [FXGL Background Thread 3 ] DEBUG Engine               - runtimeInfo: RuntimeInfo(platform=WINDOWS, version=17.3, build=30.03.2023 11.49)
00:06:35.736 [FXGL Background Thread 3 ] DEBUG Engine               - saveFileExt: sav
00:06:35.736 [FXGL Background Thread 3 ] DEBUG Engine               - scaledHeightProp$fxgl: DoubleProperty [bound, value: 600.0]
00:06:35.736 [FXGL Background Thread 3 ] DEBUG Engine               - scaledWidthProp$fxgl: DoubleProperty [bound, value: 1000.0]
00:06:35.736 [FXGL Background Thread 3 ] DEBUG Engine               - sceneFactory: com.almasb.fxgl.app.scene.SceneFactory@641f8f31
00:06:35.736 [FXGL Background Thread 3 ] DEBUG Engine               - secondsIn24h: 60
00:06:35.736 [FXGL Background Thread 3 ] DEBUG Engine               - soundMenuBack: menu/back.wav
00:06:35.736 [FXGL Background Thread 3 ] DEBUG Engine               - soundMenuPress: menu/press.wav
00:06:35.736 [FXGL Background Thread 3 ] DEBUG Engine               - soundMenuSelect: menu/select.wav
00:06:35.736 [FXGL Background Thread 3 ] DEBUG Engine               - soundNotification: core/notification.wav
00:06:35.736 [FXGL Background Thread 3 ] DEBUG Engine               - stageStyle: DECORATED
00:06:35.736 [FXGL Background Thread 3 ] DEBUG Engine               - supportedLanguages: [ENGLISH, FRENCH, GERMAN, HUNGARIAN, RUSSIAN]
00:06:35.736 [FXGL Background Thread 3 ] DEBUG Engine               - ticksPerSecond: -1
00:06:35.736 [FXGL Background Thread 3 ] DEBUG Engine               - title: Jugador Sonic
00:06:35.737 [FXGL Background Thread 3 ] DEBUG Engine               - urlGithub: https://github.com/AlmasB/FXGL
00:06:35.737 [FXGL Background Thread 3 ] DEBUG Engine               - urlLeaderboard: http://fxgl-top.herokuapp.com/
00:06:35.737 [FXGL Background Thread 3 ] DEBUG Engine               - urlPOM: https://raw.githubusercontent.com/AlmasB/FXGL/release/README.md
00:06:35.737 [FXGL Background Thread 3 ] DEBUG Engine               - userAppClass: class Runner.ClientRunner
00:06:35.737 [FXGL Background Thread 3 ] DEBUG Engine               - version: 0.0
00:06:35.737 [FXGL Background Thread 3 ] DEBUG Engine               - versionCheckDays: 7
00:06:35.737 [FXGL Background Thread 3 ] DEBUG Engine               - width: 1000
00:06:35.737 [FXGL Background Thread 3 ] DEBUG Engine               - Logging services
00:06:35.738 [FXGL Background Thread 3 ] DEBUG Engine               - class com.almasb.fxgl.app.services.FXGLAssetLoaderService
00:06:35.738 [FXGL Background Thread 3 ] DEBUG Engine               - class com.almasb.fxgl.app.FXGLApplication$GameApplicationService
00:06:35.738 [FXGL Background Thread 3 ] DEBUG Engine               - class com.almasb.fxgl.app.services.FXGLDialogService
00:06:35.738 [FXGL Background Thread 3 ] DEBUG Engine               - class com.almasb.fxgl.app.services.IOTaskExecutorService
00:06:35.738 [FXGL Background Thread 3 ] DEBUG Engine               - class com.almasb.fxgl.io.FileSystemService
00:06:35.738 [FXGL Background Thread 3 ] DEBUG Engine               - class com.almasb.fxgl.localization.LocalizationService
00:06:35.738 [FXGL Background Thread 3 ] DEBUG Engine               - class com.almasb.fxgl.app.services.SystemBundleService
00:06:35.738 [FXGL Background Thread 3 ] DEBUG Engine               - class com.almasb.fxgl.profile.SaveLoadService
00:06:35.738 [FXGL Background Thread 3 ] DEBUG Engine               - class com.almasb.fxgl.ui.FXGLUIFactoryServiceProvider
00:06:35.738 [FXGL Background Thread 3 ] DEBUG Engine               - class com.almasb.fxgl.ui.FXGLDialogFactoryServiceProvider
00:06:35.738 [FXGL Background Thread 3 ] DEBUG Engine               - class com.almasb.fxgl.audio.AudioPlayer
00:06:35.738 [FXGL Background Thread 3 ] DEBUG Engine               - class com.almasb.fxgl.notification.impl.NotificationServiceProvider
00:06:35.738 [FXGL Background Thread 3 ] DEBUG Engine               - class com.almasb.fxgl.achievement.AchievementService
00:06:35.738 [FXGL Background Thread 3 ] DEBUG Engine               - class com.almasb.fxgl.cutscene.CutsceneService
00:06:35.738 [FXGL Background Thread 3 ] DEBUG Engine               - class com.almasb.fxgl.minigames.MiniGameService
00:06:35.738 [FXGL Background Thread 3 ] DEBUG Engine               - class com.almasb.fxgl.net.NetService
00:06:35.738 [FXGL Background Thread 3 ] DEBUG Engine               - class com.almasb.fxgl.app.services.UpdaterService
00:06:35.739 [FXGL Background Thread 3 ] DEBUG Engine               - class com.almasb.fxgl.dev.DevService
00:06:35.739 [FXGL Background Thread 3 ] DEBUG Engine               - class com.almasb.fxgl.multiplayer.MultiplayerService
00:06:49.532 [FXGL Background Thread 2 ] WARN  UpdaterService       - Failed to find updates: java.net.SocketException: Connection reset by peer
00:08:14.553 [JavaFX Application Thread] DEBUG FXGLApplication      - Exiting FXGL
00:08:14.554 [JavaFX Application Thread] DEBUG LoopRunner           - Stopping loop
00:08:14.555 [JavaFX Application Thread] DEBUG SystemBundleService  - Saving FXGL system data
00:08:14.571 [JavaFX Application Thread] DEBUG FileSystemAccess     - Writing to: C:\Users\Owner\Desktop\Sonic-rush\system\fxgl.bundle
00:08:14.576 [JavaFX Application Thread] DEBUG Async                - Shutting down background threads
00:08:14.577 [JavaFX Application Thread] DEBUG PrimaryStageWindow   - Closing main window
00:08:14.633 [JavaFX Application Thread] DEBUG Logger               - Closing Logger
