13:30:32.299 [main                     ] DEBUG Logger               - Configured Logger
13:30:32.368 [main                     ] DEBUG GameApplication      - Logging settings
Title: Jugador Sonic
Version: 0.0
Width: 1000
Height: 600
Fullscreen: false
Intro: false
Profiling: false
Single step:false
App Mode: DEVELOPER
Menu Key: ESCAPE
Stage Style: DECORATED
Scene Factory: class com.almasb.fxgl.app.scene.SceneFactory

13:30:33.275 [JavaFX Application Thread] DEBUG FXGLApplication      - Initializing FXGL
13:30:33.288 [JavaFX Application Thread] INFO  Engine               - FXGL-17.3 (30.03.2023 11.49) on WINDOWS (J:17.0.12 FX:20)
13:30:33.303 [JavaFX Application Thread] DEBUG Engine               - JRE Vendor Name: Oracle Corporation
13:30:33.303 [JavaFX Application Thread] DEBUG Engine               - Running on OS: Windows 10 version 10.0
13:30:33.303 [JavaFX Application Thread] DEBUG Engine               - Architecture: amd64
13:30:33.304 [JavaFX Application Thread] INFO  Engine               - Source code and latest versions at: https://github.com/AlmasB/FXGL
13:30:33.314 [JavaFX Application Thread] INFO  Engine               -       Ask questions and discuss at: https://github.com/AlmasB/FXGL/discussions
13:30:33.319 [JavaFX Application Thread] INFO  Engine               -              Join the FXGL chat at: https://gitter.im/AlmasB/FXGL
13:30:33.785 [JavaFX Application Thread] DEBUG PrimaryStageWindow   - Creating a JavaFX scene
13:30:33.878 [JavaFX Application Thread] DEBUG PrimaryStageWindow   - Target settings size: 1000.0 x 600.0
13:30:33.879 [JavaFX Application Thread] DEBUG PrimaryStageWindow   - Scaled scene size:    1000.0 x 600.0
13:30:33.879 [JavaFX Application Thread] DEBUG PrimaryStageWindow   - Scaled ratio: (1.0, 1.0)
13:30:33.881 [JavaFX Application Thread] DEBUG PrimaryStageWindow   - Set initial scene to FXGLStartupScene
13:30:33.888 [JavaFX Application Thread] DEBUG PrimaryStageWindow   - Opening main window
13:30:34.018 [JavaFX Application Thread] DEBUG PrimaryStageWindow   - Window border size: (14.4000244140625, 37.5999755859375)
13:30:34.019 [JavaFX Application Thread] DEBUG PrimaryStageWindow   - Scaled size: 1000.0 x 600.0
13:30:34.020 [JavaFX Application Thread] DEBUG PrimaryStageWindow   - Scaled ratio: (1.0, 1.0)
13:30:34.020 [JavaFX Application Thread] DEBUG PrimaryStageWindow   - Scene size: 1000.0 x 600.0
13:30:34.021 [JavaFX Application Thread] DEBUG PrimaryStageWindow   - Stage size: 1014.4000244140625 x 637.5999755859375
13:30:34.038 [FXGL Background Thread 1 ] DEBUG Engine               - Initializing environment variables
13:30:34.128 [FXGL Background Thread 1 ] DEBUG FXGLAssetLoaderServi - User app class for loading assets: class Runner.ClientRunner
13:30:34.128 [FXGL Background Thread 1 ] DEBUG GameApplicationServi - Applying CSS: fxgl_dark.css
13:30:34.130 [FXGL Background Thread 1 ] DEBUG FXGLAssetLoaderServi - Loading from file system: jar:file:/C:/Users/Owner/.m2/repository/com/github/almasb/fxgl/17.3/fxgl-17.3.jar!/fxglassets/ui/css/fxgl_dark.css
13:30:34.302 [FXGL Background Thread 1 ] DEBUG GameApplicationServi - Initializing application scenes
13:30:34.670 [FXGL Background Thread 1 ] DEBUG GameWorld            - Game world initialized
13:30:34.800 [FXGL Background Thread 1 ] DEBUG PhysicsWorld         - Physics world initialized: appHeight=600, physics.ppm=50.0
13:30:34.801 [FXGL Background Thread 1 ] DEBUG PhysicsWorld         - Using strategy: BRUTE_FORCE
13:30:34.809 [FXGL Background Thread 1 ] DEBUG GameScene            - Game scene initialized: 1000x600
13:30:34.852 [FXGL Background Thread 1 ] DEBUG FXGL.DefaultMenu     - createMenuBodyGameMenu()
13:30:34.886 [FXGL Background Thread 1 ] DEBUG FXGL.DefaultMenu     - createOptionsMenu()
13:30:34.907 [FXGL Background Thread 1 ] DEBUG FXGLAssetLoaderServi - Loading from file system: jar:file:/C:/Users/Owner/.m2/repository/com/github/almasb/fxgl/17.3/fxgl-17.3.jar!/fxglassets/textures/particles/smoke.png
13:30:35.301 [FXGL Background Thread 1 ] DEBUG FXGLAssetLoaderServi - Loading from file system: jar:file:/C:/Users/Owner/.m2/repository/com/github/almasb/fxgl/17.3/fxgl-17.3.jar!/fxglassets/textures/particles/trace_horizontal.png
13:30:35.433 [FXGL Background Thread 1 ] DEBUG GameApplicationServi - Application scenes initialized
13:30:35.485 [FXGL Background Thread 1 ] DEBUG SystemBundleService  - Loading FXGL system data
13:30:35.501 [FXGL Background Thread 1 ] DEBUG FileSystemAccess     - Reading from: C:\Users\Owner\Desktop\Sonic-rush\system\fxgl.bundle
13:30:35.524 [FXGL Background Thread 1 ] DEBUG SystemBundleService  - Bundle FXGL: {}
13:30:35.563 [FXGL Background Thread 1 ] DEBUG UpdaterService       - Checking for updates
13:30:35.578 [FXGL Background Thread 1 ] DEBUG FXGLApplication      - Loading default localization
13:30:35.580 [FXGL Background Thread 1 ] DEBUG FXGLAssetLoaderServi - Loading from file system: jar:file:/C:/Users/Owner/.m2/repository/com/github/almasb/fxgl/17.3/fxgl-17.3.jar!/fxglassets/languages/english.lang
13:30:35.633 [FXGL Background Thread 1 ] INFO  FXGLApplication      - FXGL initialization took: 1.595 sec
13:30:35.854 [JavaFX Application Thread] DEBUG Input                - Registered new binding: Mover a la izquierda - A
13:30:35.855 [JavaFX Application Thread] DEBUG Input                - Registered new binding: Mover a la derecha - D
13:30:35.856 [JavaFX Application Thread] DEBUG Input                - Registered new binding: Saltar - W
13:30:35.857 [JavaFX Application Thread] DEBUG Input                - Registered new binding: Interactuar - E
13:30:35.859 [JavaFX Application Thread] DEBUG Input                - Registered new binding: Transformar - P
13:30:35.860 [JavaFX Application Thread] DEBUG Input                - Registered new binding: Desactivar filtro - L
13:30:35.867 [JavaFX Application Thread] DEBUG FXGLAssetLoaderServi - Loading from file system: jar:file:/C:/Users/Owner/.m2/repository/com/github/almasb/fxgl/17.3/fxgl-17.3.jar!/fxglassets/textures/fxgl_icon.png
13:30:36.070 [FXGL Background Thread 4 ] DEBUG FXGLApplication      - Loading fonts
13:30:36.073 [FXGL Background Thread 4 ] DEBUG FXGLAssetLoaderServi - Loading from file system: jar:file:/C:/Users/Owner/.m2/repository/com/github/almasb/fxgl/17.3/fxgl-17.3.jar!/fxglassets/ui/fonts/VarelaRound-Regular.ttf
13:30:36.127 [JavaFX Application Thread] DEBUG FXGLAssetLoaderServi - Loading from file system: jar:file:/C:/Users/Owner/.m2/repository/com/github/almasb/fxgl/17.3/fxgl-17.3.jar!/fxglassets/textures/fxgl_default_cursor.png
13:30:36.138 [JavaFX Application Thread] DEBUG Input                - Registered new binding: Screenshot - CTRL+8
13:30:36.153 [JavaFX Application Thread] DEBUG Input                - Registered new binding: System info dump - CTRL+9
13:30:36.157 [JavaFX Application Thread] DEBUG Input                - Registered new binding: Restart - CTRL+R
13:30:36.163 [JavaFX Application Thread] DEBUG Input                - Registered new binding: Toggle Debug Camera - CTRL+7
13:30:36.527 [JavaFX Application Thread] DEBUG LoopRunner           - Starting loop
13:30:36.528 [JavaFX Application Thread] DEBUG LoopRunner           - Initializing JavaFX AnimationTimerLoop
13:30:36.532 [JavaFX Application Thread] DEBUG GameApplicationServi - Starting new game
13:30:36.533 [JavaFX Application Thread] DEBUG Input                - Clearing active input actions
13:30:36.560 [JavaFX Application Thread] DEBUG GameApplicationServi - Removing overlay from FXGLStartupScene and adding to FXGLLoadingScene
13:30:36.560 [JavaFX Application Thread] DEBUG PrimaryStageWindow   - FXGLStartupScene -> FXGLLoadingScene
13:30:36.561 [JavaFX Application Thread] DEBUG GameApplicationServi - Clearing previous game
13:30:36.561 [JavaFX Application Thread] DEBUG GameScene            - Clearing game scene
13:30:36.561 [JavaFX Application Thread] DEBUG GameWorld            - Clearing game world
13:30:36.561 [JavaFX Application Thread] DEBUG PhysicsWorld         - Clearing physics world
13:30:36.565 [FXGL Background Thread 1 ] DEBUG FXGLApplication      - Initializing game
13:30:36.597 [FXGL Background Thread 1 ] DEBUG FXGLAssetLoaderServi - Loading from file system: file:/C:/Users/Owner/Desktop/Sonic-rush/target/classes/assets/music/OST.mp3
13:30:37.761 [FXGL Background Thread 4 ] DEBUG FXGLAssetLoaderServi - Loading from file system: jar:file:/C:/Users/Owner/.m2/repository/com/github/almasb/fxgl/17.3/fxgl-17.3.jar!/fxglassets/ui/fonts/Abel-Regular.ttf
13:30:37.767 [FXGL Background Thread 4 ] DEBUG FXGLAssetLoaderServi - Loading from file system: jar:file:/C:/Users/Owner/.m2/repository/com/github/almasb/fxgl/17.3/fxgl-17.3.jar!/fxglassets/ui/fonts/TerminalLandMono-Regular.otf
13:30:37.780 [FXGL Background Thread 4 ] DEBUG FXGLAssetLoaderServi - Loading from file system: jar:file:/C:/Users/Owner/.m2/repository/com/github/almasb/fxgl/17.3/fxgl-17.3.jar!/fxglassets/ui/fonts/Courier-Prime.ttf
13:30:37.809 [JavaFX Application Thread] DEBUG FXGLApplication      - Registering font factories with UI factory
13:30:38.572 [FXGL Background Thread 3 ] DEBUG Engine               - Logging environment variables
13:30:38.575 [FXGL Background Thread 3 ] DEBUG Engine               - achievements: []
13:30:38.575 [FXGL Background Thread 3 ] DEBUG Engine               - actualHeight: 600.0
13:30:38.576 [FXGL Background Thread 3 ] DEBUG Engine               - actualHeightProperty: ReadOnlyDoubleProperty [value: 600.0]
13:30:38.576 [FXGL Background Thread 3 ] DEBUG Engine               - actualWidth: 1000.0
13:30:38.577 [FXGL Background Thread 3 ] DEBUG Engine               - actualWidthProperty: ReadOnlyDoubleProperty [value: 1000.0]
13:30:38.577 [FXGL Background Thread 3 ] DEBUG Engine               - appIcon: fxgl_icon.png
13:30:38.577 [FXGL Background Thread 3 ] DEBUG Engine               - applicationMode: DEVELOPER
13:30:38.577 [FXGL Background Thread 3 ] DEBUG Engine               - cSSList: [fxgl_dark.css]
13:30:38.577 [FXGL Background Thread 3 ] DEBUG Engine               - collisionDetectionStrategy: BRUTE_FORCE
13:30:38.577 [FXGL Background Thread 3 ] DEBUG Engine               - configClass: Optional.empty
13:30:38.577 [FXGL Background Thread 3 ] DEBUG Engine               - credits: []
13:30:38.578 [FXGL Background Thread 3 ] DEBUG Engine               - defaultCursor: CursorInfo(imageName=fxgl_default_cursor.png, hotspotX=7.0, hotspotY=6.0)
13:30:38.579 [FXGL Background Thread 3 ] DEBUG Engine               - devBBoxColorProperty: ObjectProperty [value: 0xff0000ff]
13:30:38.579 [FXGL Background Thread 3 ] DEBUG Engine               - devEnableDebugCameraProperty: BooleanProperty [value: false]
13:30:38.579 [FXGL Background Thread 3 ] DEBUG Engine               - devSensorColorProperty: ObjectProperty [value: 0xffff00ff]
13:30:38.579 [FXGL Background Thread 3 ] DEBUG Engine               - devShowBBoxProperty: BooleanProperty [value: false]
13:30:38.579 [FXGL Background Thread 3 ] DEBUG Engine               - devShowPositionProperty: BooleanProperty [value: false]
13:30:38.579 [FXGL Background Thread 3 ] DEBUG Engine               - enabledMenuItems: []
13:30:38.579 [FXGL Background Thread 3 ] DEBUG Engine               - engineServices: [class com.almasb.fxgl.app.services.FXGLAssetLoaderService, class com.almasb.fxgl.app.FXGLApplication$GameApplicationService, class com.almasb.fxgl.app.services.FXGLDialogService, class com.almasb.fxgl.app.services.IOTaskExecutorService, class com.almasb.fxgl.io.FileSystemService, class com.almasb.fxgl.localization.LocalizationService, class com.almasb.fxgl.app.services.SystemBundleService, class com.almasb.fxgl.profile.SaveLoadService, class com.almasb.fxgl.ui.FXGLUIFactoryServiceProvider, class com.almasb.fxgl.ui.FXGLDialogFactoryServiceProvider, class com.almasb.fxgl.audio.AudioPlayer, class com.almasb.fxgl.notification.impl.NotificationServiceProvider, class com.almasb.fxgl.achievement.AchievementService, class com.almasb.fxgl.cutscene.CutsceneService, class com.almasb.fxgl.minigames.MiniGameService, class com.almasb.fxgl.net.NetService, class com.almasb.fxgl.app.services.UpdaterService, class com.almasb.fxgl.dev.DevService, class com.almasb.fxgl.multiplayer.MultiplayerService]
13:30:38.579 [FXGL Background Thread 3 ] DEBUG Engine               - fontGame: Abel-Regular.ttf
13:30:38.580 [FXGL Background Thread 3 ] DEBUG Engine               - fontMono: TerminalLandMono-Regular.otf
13:30:38.580 [FXGL Background Thread 3 ] DEBUG Engine               - fontSizeScaleUI: 1.0
13:30:38.580 [FXGL Background Thread 3 ] DEBUG Engine               - fontText: Courier-Prime.ttf
13:30:38.580 [FXGL Background Thread 3 ] DEBUG Engine               - fontUI: VarelaRound-Regular.ttf
13:30:38.580 [FXGL Background Thread 3 ] DEBUG Engine               - fullScreen: BooleanProperty [value: false]
13:30:38.580 [FXGL Background Thread 3 ] DEBUG Engine               - gameDifficulty: MEDIUM
13:30:38.580 [FXGL Background Thread 3 ] DEBUG Engine               - gameDifficultyProperty: ObjectProperty [value: MEDIUM]
13:30:38.580 [FXGL Background Thread 3 ] DEBUG Engine               - globalMusicVolume: 0.5
13:30:38.580 [FXGL Background Thread 3 ] DEBUG Engine               - globalMusicVolumeProperty: DoubleProperty [value: 0.5]
13:30:38.581 [FXGL Background Thread 3 ] DEBUG Engine               - globalSoundVolume: 0.5
13:30:38.581 [FXGL Background Thread 3 ] DEBUG Engine               - globalSoundVolumeProperty: DoubleProperty [value: 0.5]
13:30:38.581 [FXGL Background Thread 3 ] DEBUG Engine               - height: 600
13:30:38.581 [FXGL Background Thread 3 ] DEBUG Engine               - is3D: false
13:30:38.581 [FXGL Background Thread 3 ] DEBUG Engine               - isAndroid: false
13:30:38.581 [FXGL Background Thread 3 ] DEBUG Engine               - isBrowser: false
13:30:38.581 [FXGL Background Thread 3 ] DEBUG Engine               - isClickFeedbackEnabled: false
13:30:38.581 [FXGL Background Thread 3 ] DEBUG Engine               - isCloseConfirmation: false
13:30:38.581 [FXGL Background Thread 3 ] DEBUG Engine               - isDesktop: true
13:30:38.581 [FXGL Background Thread 3 ] DEBUG Engine               - isDeveloperMenuEnabled: false
13:30:38.581 [FXGL Background Thread 3 ] DEBUG Engine               - isEmbedded: false
13:30:38.581 [FXGL Background Thread 3 ] DEBUG Engine               - isEntityPreloadEnabled: true
13:30:38.581 [FXGL Background Thread 3 ] DEBUG Engine               - isExperimentalTiledLargeMap: false
13:30:38.582 [FXGL Background Thread 3 ] DEBUG Engine               - isFileSystemWriteAllowed: true
13:30:38.582 [FXGL Background Thread 3 ] DEBUG Engine               - isFullScreenAllowed: false
13:30:38.582 [FXGL Background Thread 3 ] DEBUG Engine               - isFullScreenFromStart: false
13:30:38.582 [FXGL Background Thread 3 ] DEBUG Engine               - isGameMenuEnabled: true
13:30:38.582 [FXGL Background Thread 3 ] DEBUG Engine               - isIOS: false
13:30:38.582 [FXGL Background Thread 3 ] DEBUG Engine               - isIntroEnabled: false
13:30:38.582 [FXGL Background Thread 3 ] DEBUG Engine               - isLinux: false
13:30:38.582 [FXGL Background Thread 3 ] DEBUG Engine               - isMac: false
13:30:38.582 [FXGL Background Thread 3 ] DEBUG Engine               - isMainMenuEnabled: false
13:30:38.582 [FXGL Background Thread 3 ] DEBUG Engine               - isManualResizeEnabled: false
13:30:38.582 [FXGL Background Thread 3 ] DEBUG Engine               - isMobile: false
13:30:38.582 [FXGL Background Thread 3 ] DEBUG Engine               - isNative: false
13:30:38.582 [FXGL Background Thread 3 ] DEBUG Engine               - isPauseMusicWhenMinimized: true
13:30:38.583 [FXGL Background Thread 3 ] DEBUG Engine               - isPreserveResizeRatio: false
13:30:38.583 [FXGL Background Thread 3 ] DEBUG Engine               - isProfilingEnabled: false
13:30:38.583 [FXGL Background Thread 3 ] DEBUG Engine               - isScaleAffectedOnResize: true
13:30:38.583 [FXGL Background Thread 3 ] DEBUG Engine               - isSingleStep: false
13:30:38.583 [FXGL Background Thread 3 ] DEBUG Engine               - isUserProfileEnabled: false
13:30:38.583 [FXGL Background Thread 3 ] DEBUG Engine               - isWindows: true
13:30:38.583 [FXGL Background Thread 3 ] DEBUG Engine               - language: ObjectProperty [value: ENGLISH]
13:30:38.583 [FXGL Background Thread 3 ] DEBUG Engine               - menuKey: ESCAPE
13:30:38.583 [FXGL Background Thread 3 ] DEBUG Engine               - mouseSensitivity: 0.2
13:30:38.583 [FXGL Background Thread 3 ] DEBUG Engine               - notificationViewClass: class com.almasb.fxgl.notification.view.XboxNotificationView
13:30:38.583 [FXGL Background Thread 3 ] DEBUG Engine               - pixelsPerMeter: 50.0
13:30:38.584 [FXGL Background Thread 3 ] DEBUG Engine               - platform: WINDOWS
13:30:38.585 [FXGL Background Thread 3 ] DEBUG Engine               - prefHeightProperty: ReadOnlyDoubleProperty [value: 600.0]
13:30:38.585 [FXGL Background Thread 3 ] DEBUG Engine               - prefWidthProperty: ReadOnlyDoubleProperty [value: 1000.0]
13:30:38.585 [FXGL Background Thread 3 ] DEBUG Engine               - profileDir: profiles/
13:30:38.585 [FXGL Background Thread 3 ] DEBUG Engine               - profileName: StringProperty [value: DEFAULT]
13:30:38.585 [FXGL Background Thread 3 ] DEBUG Engine               - randomSeed: -1
13:30:38.585 [FXGL Background Thread 3 ] DEBUG Engine               - runtimeInfo: RuntimeInfo(platform=WINDOWS, version=17.3, build=30.03.2023 11.49)
13:30:38.585 [FXGL Background Thread 3 ] DEBUG Engine               - saveFileExt: sav
13:30:38.586 [FXGL Background Thread 3 ] DEBUG Engine               - scaledHeightProp$fxgl: DoubleProperty [bound, value: 600.0]
13:30:38.586 [FXGL Background Thread 3 ] DEBUG Engine               - scaledWidthProp$fxgl: DoubleProperty [bound, value: 1000.0]
13:30:38.586 [FXGL Background Thread 3 ] DEBUG Engine               - sceneFactory: com.almasb.fxgl.app.scene.SceneFactory@2144c25
13:30:38.586 [FXGL Background Thread 3 ] DEBUG Engine               - secondsIn24h: 60
13:30:38.586 [FXGL Background Thread 3 ] DEBUG Engine               - soundMenuBack: menu/back.wav
13:30:38.586 [FXGL Background Thread 3 ] DEBUG Engine               - soundMenuPress: menu/press.wav
13:30:38.586 [FXGL Background Thread 3 ] DEBUG Engine               - soundMenuSelect: menu/select.wav
13:30:38.586 [FXGL Background Thread 3 ] DEBUG Engine               - soundNotification: core/notification.wav
13:30:38.587 [FXGL Background Thread 3 ] DEBUG Engine               - stageStyle: DECORATED
13:30:38.587 [FXGL Background Thread 3 ] DEBUG Engine               - supportedLanguages: [ENGLISH, FRENCH, GERMAN, HUNGARIAN, RUSSIAN]
13:30:38.587 [FXGL Background Thread 3 ] DEBUG Engine               - ticksPerSecond: -1
13:30:38.587 [FXGL Background Thread 3 ] DEBUG Engine               - title: Jugador Sonic
13:30:38.587 [FXGL Background Thread 3 ] DEBUG Engine               - urlGithub: https://github.com/AlmasB/FXGL
13:30:38.588 [FXGL Background Thread 3 ] DEBUG Engine               - urlLeaderboard: http://fxgl-top.herokuapp.com/
13:30:38.588 [FXGL Background Thread 3 ] DEBUG Engine               - urlPOM: https://raw.githubusercontent.com/AlmasB/FXGL/release/README.md
13:30:38.589 [FXGL Background Thread 3 ] DEBUG Engine               - userAppClass: class Runner.ClientRunner
13:30:38.590 [FXGL Background Thread 3 ] DEBUG Engine               - version: 0.0
13:30:38.721 [FXGL Background Thread 3 ] DEBUG Engine               - versionCheckDays: 7
13:30:38.722 [FXGL Background Thread 3 ] DEBUG Engine               - width: 1000
13:30:38.723 [FXGL Background Thread 3 ] DEBUG Engine               - Logging services
13:30:38.723 [FXGL Background Thread 3 ] DEBUG Engine               - class com.almasb.fxgl.app.services.FXGLAssetLoaderService
13:30:38.731 [FXGL Background Thread 2 ] INFO  UpdaterService       - Your current version:  17.3
13:30:38.723 [FXGL Background Thread 3 ] DEBUG Engine               - class com.almasb.fxgl.app.FXGLApplication$GameApplicationService
13:30:38.731 [FXGL Background Thread 3 ] DEBUG Engine               - class com.almasb.fxgl.app.services.FXGLDialogService
13:30:38.733 [FXGL Background Thread 3 ] DEBUG Engine               - class com.almasb.fxgl.app.services.IOTaskExecutorService
13:30:38.733 [FXGL Background Thread 3 ] DEBUG Engine               - class com.almasb.fxgl.io.FileSystemService
13:30:38.734 [FXGL Background Thread 3 ] DEBUG Engine               - class com.almasb.fxgl.localization.LocalizationService
13:30:38.735 [FXGL Background Thread 3 ] DEBUG Engine               - class com.almasb.fxgl.app.services.SystemBundleService
13:30:38.735 [FXGL Background Thread 3 ] DEBUG Engine               - class com.almasb.fxgl.profile.SaveLoadService
13:30:38.735 [FXGL Background Thread 3 ] DEBUG Engine               - class com.almasb.fxgl.ui.FXGLUIFactoryServiceProvider
13:30:38.735 [FXGL Background Thread 3 ] DEBUG Engine               - class com.almasb.fxgl.ui.FXGLDialogFactoryServiceProvider
13:30:38.735 [FXGL Background Thread 3 ] DEBUG Engine               - class com.almasb.fxgl.audio.AudioPlayer
13:30:38.735 [FXGL Background Thread 3 ] DEBUG Engine               - class com.almasb.fxgl.notification.impl.NotificationServiceProvider
13:30:38.735 [FXGL Background Thread 3 ] DEBUG Engine               - class com.almasb.fxgl.achievement.AchievementService
13:30:38.735 [FXGL Background Thread 3 ] DEBUG Engine               - class com.almasb.fxgl.cutscene.CutsceneService
13:30:38.735 [FXGL Background Thread 3 ] DEBUG Engine               - class com.almasb.fxgl.minigames.MiniGameService
13:30:38.736 [FXGL Background Thread 3 ] DEBUG Engine               - class com.almasb.fxgl.net.NetService
13:30:38.736 [FXGL Background Thread 3 ] DEBUG Engine               - class com.almasb.fxgl.app.services.UpdaterService
13:30:38.736 [FXGL Background Thread 3 ] DEBUG Engine               - class com.almasb.fxgl.dev.DevService
13:30:38.736 [FXGL Background Thread 3 ] DEBUG Engine               - class com.almasb.fxgl.multiplayer.MultiplayerService
13:30:38.896 [FXGL Background Thread 2 ] INFO  UpdaterService       - Latest stable version: 21.1
13:30:39.601 [FXGL Background Thread 1 ] DEBUG AudioPlayer          - Playing music com.almasb.fxgl.audio.Music@24d477bc
13:30:39.619 [FXGL Background Thread 1 ] INFO  FXGLApplication      - Game initialization took: 3.055 sec
13:30:39.832 [JavaFX Application Thread] DEBUG Input                - Clearing active input actions
13:30:39.853 [JavaFX Application Thread] DEBUG GameApplicationServi - Removing overlay from FXGLLoadingScene and adding to GameScene
13:30:39.856 [JavaFX Application Thread] DEBUG PrimaryStageWindow   - FXGLLoadingScene -> GameScene
13:30:42.342 [JavaFX Application Thread] DEBUG FXGLAssetLoaderServi - Loading from file system: file:/C:/Users/Owner/Desktop/Sonic-rush/target/classes/assets/textures/fondo.png
13:30:42.909 [JavaFX Application Thread] DEBUG TMXLevelLoader       - Parsed TiledMap: file:/C:/Users/Owner/Desktop/Sonic-rush/target/classes/assets/levels/mapazo.tmx
13:30:42.943 [JavaFX Application Thread] DEBUG TMXLevelLoader       - Creating tile layer entities
13:30:42.948 [JavaFX Application Thread] DEBUG TilesetLoader        - Loading view for layer Capa de patrones 1
13:30:42.960 [JavaFX Application Thread] DEBUG TilesetLoader        - Created buffer with size 3840.0x720.0
13:30:43.098 [JavaFX Application Thread] DEBUG TMXLevelLoader       - Creating object layer entities
13:30:43.193 [JavaFX Application Thread] DEBUG GameWorld            - Clearing removable entities
13:30:43.200 [JavaFX Application Thread] DEBUG GameWorld            - Setting level: com.almasb.fxgl.entity.level.Level@780156c8
13:30:43.246 [JavaFX Application Thread] DEBUG FXGLAssetLoaderServi - Loading from file system: file:/C:/Users/Owner/Desktop/Sonic-rush/target/classes/assets/textures/Enemigos/eggman.png
13:30:43.262 [ClientAsyncConnThread    ] DEBUG TCPClient            - Connecting to localhost:55555 type: class com.almasb.fxgl.core.serialization.Bundle
13:30:43.264 [ClientAsyncConnThread    ] DEBUG TCPClient            - Created socket to localhost:55555
13:30:43.273 [ClientAsyncConnThread    ] DEBUG Endpoint             - TCPClient opening new connection (1) from localhost/127.0.0.1:55555 type: class com.almasb.fxgl.core.serialization.Bundle
13:30:43.275 [ClientAsyncConnThread    ] DEBUG Endpoint             - TCPClient successfully opened connection (1)
13:30:43.320 [TCPClient_SendThread-1   ] DEBUG Writers              - Getting TCPMessageWriter for class com.almasb.fxgl.core.serialization.Bundle
13:30:43.324 [TCPClient_SendThread-1   ] DEBUG Writers              - Constructed TCPMessageWriter for class com.almasb.fxgl.core.serialization.Bundle: BundleTCPMessageWriter
13:30:43.329 [TCPClient_RecvThread-1   ] DEBUG Readers              - Getting TCPMessageReader for class com.almasb.fxgl.core.serialization.Bundle
13:30:43.531 [TCPClient_RecvThread-1   ] DEBUG Readers              - Constructed MessageReader for class com.almasb.fxgl.core.serialization.Bundle: BundleTCPMessageReader
13:30:44.565 [JavaFX Application Thread] DEBUG FXGLAssetLoaderServi - Loading from file system: file:/C:/Users/Owner/Desktop/Sonic-rush/target/classes/assets/textures/Items/ring.png
13:30:44.767 [JavaFX Application Thread] DEBUG FXGLAssetLoaderServi - Loading from file system: file:/C:/Users/Owner/Desktop/Sonic-rush/target/classes/assets/textures/Items/papel.png
13:30:44.778 [JavaFX Application Thread] DEBUG FXGLAssetLoaderServi - Loading from file system: file:/C:/Users/Owner/Desktop/Sonic-rush/target/classes/assets/textures/Items/caucho.png
13:30:44.784 [JavaFX Application Thread] DEBUG FXGLAssetLoaderServi - Loading from file system: file:/C:/Users/Owner/Desktop/Sonic-rush/target/classes/assets/textures/Items/basura.png
13:30:44.812 [JavaFX Application Thread] DEBUG FXGLAssetLoaderServi - Loading from file system: file:/C:/Users/Owner/Desktop/Sonic-rush/target/classes/assets/textures/Enemigos/enemigo.png
13:30:45.167 [JavaFX Application Thread] DEBUG FXGLAssetLoaderServi - Loading from file system: file:/C:/Users/Owner/Desktop/Sonic-rush/target/classes/assets/textures/Personajes/sonic.png
13:30:45.172 [JavaFX Application Thread] DEBUG FXGLAssetLoaderServi - Loading from file system: file:/C:/Users/Owner/Desktop/Sonic-rush/target/classes/assets/textures/Personajes/sonic_camina.png
13:30:45.175 [JavaFX Application Thread] DEBUG FXGLAssetLoaderServi - Loading from file system: file:/C:/Users/Owner/Desktop/Sonic-rush/target/classes/assets/textures/Personajes/super_sonic.png
13:31:13.550 [JavaFX Application Thread] DEBUG FXGLAssetLoaderServi - Loading from file system: file:/C:/Users/Owner/Desktop/Sonic-rush/target/classes/assets/sounds/salto.wav
13:31:25.662 [JavaFX Application Thread] DEBUG FXGLApplication      - Exiting FXGL
13:31:25.663 [JavaFX Application Thread] DEBUG LoopRunner           - Stopping loop
13:31:25.663 [JavaFX Application Thread] DEBUG SystemBundleService  - Saving FXGL system data
13:31:25.671 [JavaFX Application Thread] DEBUG FileSystemAccess     - Writing to: C:\Users\Owner\Desktop\Sonic-rush\system\fxgl.bundle
13:31:25.673 [JavaFX Application Thread] DEBUG Async                - Shutting down background threads
13:31:25.673 [JavaFX Application Thread] DEBUG PrimaryStageWindow   - Closing main window
13:31:25.698 [JavaFX Application Thread] DEBUG Logger               - Closing Logger
