16:06:30.362 [main                     ] DEBUG Logger               - Configured Logger
16:06:30.387 [main                     ] DEBUG GameApplication      - Logging settings
Title: Server
Version: 0.0
Width: 800
Height: 500
Fullscreen: false
Intro: false
Profiling: false
Single step:false
App Mode: DEVELOPER
Menu Key: ESCAPE
Stage Style: DECORATED
Scene Factory: class com.almasb.fxgl.app.scene.SceneFactory

16:06:30.821 [JavaFX Application Thread] DEBUG FXGLApplication      - Initializing FXGL
16:06:30.826 [JavaFX Application Thread] INFO  Engine               - FXGL-17.3 (30.03.2023 11.49) on WINDOWS (J:21.0.2 FX:20)
16:06:30.826 [JavaFX Application Thread] DEBUG Engine               - JRE Vendor Name: Oracle Corporation
16:06:30.827 [JavaFX Application Thread] DEBUG Engine               - Running on OS: Windows 10 version 10.0
16:06:30.827 [JavaFX Application Thread] DEBUG Engine               - Architecture: amd64
16:06:30.827 [JavaFX Application Thread] INFO  Engine               - Source code and latest versions at: https://github.com/AlmasB/FXGL
16:06:30.827 [JavaFX Application Thread] INFO  Engine               -       Ask questions and discuss at: https://github.com/AlmasB/FXGL/discussions
16:06:30.828 [JavaFX Application Thread] INFO  Engine               -              Join the FXGL chat at: https://gitter.im/AlmasB/FXGL
16:06:30.967 [JavaFX Application Thread] DEBUG PrimaryStageWindow   - Creating a JavaFX scene
16:06:31.061 [JavaFX Application Thread] DEBUG PrimaryStageWindow   - Target settings size: 800.0 x 500.0
16:06:31.061 [JavaFX Application Thread] DEBUG PrimaryStageWindow   - Scaled scene size:    800.0 x 500.0
16:06:31.062 [JavaFX Application Thread] DEBUG PrimaryStageWindow   - Scaled ratio: (1.0, 1.0)
16:06:31.063 [JavaFX Application Thread] DEBUG PrimaryStageWindow   - Set initial scene to FXGLStartupScene
16:06:31.067 [JavaFX Application Thread] DEBUG PrimaryStageWindow   - Opening main window
16:06:31.179 [JavaFX Application Thread] DEBUG PrimaryStageWindow   - Window border size: (16.0, 39.0)
16:06:31.179 [JavaFX Application Thread] DEBUG PrimaryStageWindow   - Scaled size: 800.0 x 500.0
16:06:31.179 [JavaFX Application Thread] DEBUG PrimaryStageWindow   - Scaled ratio: (1.0, 1.0)
16:06:31.180 [JavaFX Application Thread] DEBUG PrimaryStageWindow   - Scene size: 800.0 x 500.0
16:06:31.180 [JavaFX Application Thread] DEBUG PrimaryStageWindow   - Stage size: 816.0 x 539.0
16:06:31.189 [FXGL Background Thread 1 ] DEBUG Engine               - Initializing environment variables
16:06:31.274 [FXGL Background Thread 1 ] DEBUG FXGLAssetLoaderServi - User app class for loading assets: class Runner.ServerRunner
16:06:31.274 [FXGL Background Thread 1 ] DEBUG GameApplicationServi - Applying CSS: fxgl_dark.css
16:06:31.276 [FXGL Background Thread 1 ] DEBUG FXGLAssetLoaderServi - Loading from file system: jar:file:/C:/Users/User/.m2/repository/com/github/almasb/fxgl/17.3/fxgl-17.3.jar!/fxglassets/ui/css/fxgl_dark.css
16:06:31.344 [FXGL Background Thread 1 ] DEBUG GameApplicationServi - Initializing application scenes
16:06:31.480 [FXGL Background Thread 1 ] DEBUG GameWorld            - Game world initialized
16:06:31.574 [FXGL Background Thread 1 ] DEBUG PhysicsWorld         - Physics world initialized: appHeight=500, physics.ppm=50,0
16:06:31.574 [FXGL Background Thread 1 ] DEBUG PhysicsWorld         - Using strategy: BRUTE_FORCE
16:06:31.579 [FXGL Background Thread 1 ] DEBUG GameScene            - Game scene initialized: 800x500
16:06:31.595 [FXGL Background Thread 1 ] WARN  FXGL.DefaultMenu     - FXGLDefaultMenu is not designed for resolutions < 800x600
16:06:31.596 [FXGL Background Thread 1 ] DEBUG FXGL.DefaultMenu     - createMenuBodyGameMenu()
16:06:31.618 [FXGL Background Thread 1 ] DEBUG FXGL.DefaultMenu     - createOptionsMenu()
16:06:31.643 [FXGL Background Thread 1 ] DEBUG FXGLAssetLoaderServi - Loading from file system: jar:file:/C:/Users/User/.m2/repository/com/github/almasb/fxgl/17.3/fxgl-17.3.jar!/fxglassets/textures/particles/smoke.png
16:06:31.789 [FXGL Background Thread 1 ] DEBUG FXGLAssetLoaderServi - Loading from file system: jar:file:/C:/Users/User/.m2/repository/com/github/almasb/fxgl/17.3/fxgl-17.3.jar!/fxglassets/textures/particles/trace_horizontal.png
16:06:31.835 [FXGL Background Thread 1 ] DEBUG GameApplicationServi - Application scenes initialized
16:06:31.853 [FXGL Background Thread 1 ] DEBUG SystemBundleService  - Loading FXGL system data
16:06:31.859 [FXGL Background Thread 1 ] DEBUG FileSystemAccess     - Reading from: C:\Users\User\Documents\GitHub\Sonic-rush\system\fxgl.bundle
16:06:31.872 [FXGL Background Thread 1 ] DEBUG SystemBundleService  - Bundle FXGL: {}
16:06:31.872 [FXGL Background Thread 1 ] DEBUG UpdaterService       - Checking for updates
16:06:31.878 [FXGL Background Thread 1 ] DEBUG FXGLApplication      - Loading default localization
16:06:31.878 [FXGL Background Thread 1 ] DEBUG FXGLAssetLoaderServi - Loading from file system: jar:file:/C:/Users/User/.m2/repository/com/github/almasb/fxgl/17.3/fxgl-17.3.jar!/fxglassets/languages/english.lang
16:06:31.897 [FXGL Background Thread 1 ] INFO  FXGLApplication      - FXGL initialization took: 0,708 sec
16:06:31.903 [JavaFX Application Thread] DEBUG FXGLAssetLoaderServi - Loading from file system: jar:file:/C:/Users/User/.m2/repository/com/github/almasb/fxgl/17.3/fxgl-17.3.jar!/fxglassets/textures/fxgl_icon.png
16:06:31.951 [FXGL Background Thread 4 ] DEBUG FXGLApplication      - Loading fonts
16:06:31.951 [FXGL Background Thread 4 ] DEBUG FXGLAssetLoaderServi - Loading from file system: jar:file:/C:/Users/User/.m2/repository/com/github/almasb/fxgl/17.3/fxgl-17.3.jar!/fxglassets/ui/fonts/VarelaRound-Regular.ttf
16:06:31.994 [FXGL Background Thread 4 ] DEBUG FXGLAssetLoaderServi - Loading from file system: jar:file:/C:/Users/User/.m2/repository/com/github/almasb/fxgl/17.3/fxgl-17.3.jar!/fxglassets/ui/fonts/Abel-Regular.ttf
16:06:32.012 [JavaFX Application Thread] DEBUG FXGLAssetLoaderServi - Loading from file system: jar:file:/C:/Users/User/.m2/repository/com/github/almasb/fxgl/17.3/fxgl-17.3.jar!/fxglassets/textures/fxgl_default_cursor.png
16:06:32.019 [FXGL Background Thread 4 ] DEBUG FXGLAssetLoaderServi - Loading from file system: jar:file:/C:/Users/User/.m2/repository/com/github/almasb/fxgl/17.3/fxgl-17.3.jar!/fxglassets/ui/fonts/TerminalLandMono-Regular.otf
16:06:32.027 [JavaFX Application Thread] DEBUG Input                - Registered new binding: Screenshot - CTRL+8
16:06:32.028 [JavaFX Application Thread] DEBUG Input                - Registered new binding: System info dump - CTRL+9
16:06:32.028 [JavaFX Application Thread] DEBUG Input                - Registered new binding: Restart - CTRL+R
16:06:32.029 [JavaFX Application Thread] DEBUG Input                - Registered new binding: Toggle Debug Camera - CTRL+7
16:06:32.033 [JavaFX Application Thread] DEBUG LoopRunner           - Starting loop
16:06:32.033 [JavaFX Application Thread] DEBUG LoopRunner           - Initializing JavaFX AnimationTimerLoop
16:06:32.034 [JavaFX Application Thread] DEBUG GameApplicationServi - Starting new game
16:06:32.036 [JavaFX Application Thread] DEBUG Input                - Clearing active input actions
16:06:32.054 [FXGL Background Thread 4 ] DEBUG FXGLAssetLoaderServi - Loading from file system: jar:file:/C:/Users/User/.m2/repository/com/github/almasb/fxgl/17.3/fxgl-17.3.jar!/fxglassets/ui/fonts/Courier-Prime.ttf
16:06:32.065 [JavaFX Application Thread] DEBUG GameApplicationServi - Removing overlay from FXGLStartupScene and adding to FXGLLoadingScene
16:06:32.066 [JavaFX Application Thread] DEBUG PrimaryStageWindow   - FXGLStartupScene -> FXGLLoadingScene
16:06:32.066 [JavaFX Application Thread] DEBUG GameApplicationServi - Clearing previous game
16:06:32.067 [JavaFX Application Thread] DEBUG GameScene            - Clearing game scene
16:06:32.067 [JavaFX Application Thread] DEBUG GameWorld            - Clearing game world
16:06:32.067 [JavaFX Application Thread] DEBUG PhysicsWorld         - Clearing physics world
16:06:32.096 [FXGL Background Thread 4 ] DEBUG FXGLApplication      - Initializing game
16:06:32.230 [JavaFX Application Thread] DEBUG FXGLApplication      - Registering font factories with UI factory
16:06:32.297 [FXGL Background Thread 4 ] DEBUG TMXLevelLoader       - Parsed TiledMap: file:/C:/Users/User/Documents/GitHub/Sonic-rush/target/classes/assets/levels/mapazo.tmx
16:06:32.298 [FXGL Background Thread 4 ] DEBUG TMXLevelLoader       - Creating tile layer entities
16:06:32.302 [FXGL Background Thread 4 ] DEBUG TilesetLoader        - Loading view for layer Capa de patrones 1
16:06:32.314 [ServerAsyncConnThread    ] DEBUG TCPServer            - Starting to listen at: 55555 type: class com.almasb.fxgl.core.serialization.Bundle
16:06:32.332 [FXGL Background Thread 4 ] DEBUG TilesetLoader        - Created buffer with size 3840.0x720.0
16:06:32.395 [FXGL Background Thread 4 ] DEBUG TMXLevelLoader       - Creating object layer entities
16:06:32.429 [FXGL Background Thread 4 ] DEBUG GameWorld            - Clearing removable entities
16:06:32.430 [FXGL Background Thread 4 ] DEBUG GameWorld            - Setting level: com.almasb.fxgl.entity.level.Level@9f1878f
16:06:32.445 [FXGL Background Thread 4 ] DEBUG FXGLAssetLoaderServi - Loading from file system: file:/C:/Users/User/Documents/GitHub/Sonic-rush/target/classes/assets/textures/Items/ring.png
16:06:32.495 [FXGL Background Thread 4 ] DEBUG FXGLAssetLoaderServi - Loading from file system: file:/C:/Users/User/Documents/GitHub/Sonic-rush/target/classes/assets/textures/Enemigos/enemigo.png
16:06:32.570 [FXGL Background Thread 4 ] DEBUG FXGLAssetLoaderServi - Loading from file system: file:/C:/Users/User/Documents/GitHub/Sonic-rush/target/classes/assets/textures/Items/caucho.png
16:06:32.573 [FXGL Background Thread 4 ] DEBUG FXGLAssetLoaderServi - Loading from file system: file:/C:/Users/User/Documents/GitHub/Sonic-rush/target/classes/assets/textures/Items/basura.png
16:06:32.575 [FXGL Background Thread 4 ] DEBUG FXGLAssetLoaderServi - Loading from file system: file:/C:/Users/User/Documents/GitHub/Sonic-rush/target/classes/assets/textures/Items/papel.png
16:06:32.582 [FXGL Background Thread 4 ] INFO  FXGLApplication      - Game initialization took: 0,487 sec
16:06:32.627 [JavaFX Application Thread] DEBUG Input                - Clearing active input actions
16:06:32.644 [JavaFX Application Thread] DEBUG GameApplicationServi - Removing overlay from FXGLLoadingScene and adding to GameScene
16:06:32.644 [JavaFX Application Thread] DEBUG PrimaryStageWindow   - FXGLLoadingScene -> GameScene
16:06:32.909 [FXGL Background Thread 2 ] INFO  UpdaterService       - Your current version:  17.3
16:06:32.915 [FXGL Background Thread 2 ] INFO  UpdaterService       - Latest stable version: 21.1
16:06:33.547 [JavaFX Application Thread] DEBUG LoopRunner           - Pausing loop
16:06:34.889 [FXGL Background Thread 3 ] DEBUG Engine               - Logging environment variables
16:06:34.892 [FXGL Background Thread 3 ] DEBUG Engine               - achievements: []
16:06:34.892 [FXGL Background Thread 3 ] DEBUG Engine               - actualHeight: 500.0
16:06:34.892 [FXGL Background Thread 3 ] DEBUG Engine               - actualHeightProperty: ReadOnlyDoubleProperty [value: 500.0]
16:06:34.892 [FXGL Background Thread 3 ] DEBUG Engine               - actualWidth: 800.0
16:06:34.892 [FXGL Background Thread 3 ] DEBUG Engine               - actualWidthProperty: ReadOnlyDoubleProperty [value: 800.0]
16:06:34.893 [FXGL Background Thread 3 ] DEBUG Engine               - appIcon: fxgl_icon.png
16:06:34.893 [FXGL Background Thread 3 ] DEBUG Engine               - applicationMode: DEVELOPER
16:06:34.893 [FXGL Background Thread 3 ] DEBUG Engine               - cSSList: [fxgl_dark.css]
16:06:34.893 [FXGL Background Thread 3 ] DEBUG Engine               - collisionDetectionStrategy: BRUTE_FORCE
16:06:34.893 [FXGL Background Thread 3 ] DEBUG Engine               - configClass: Optional.empty
16:06:34.895 [FXGL Background Thread 3 ] DEBUG Engine               - credits: []
16:06:34.895 [FXGL Background Thread 3 ] DEBUG Engine               - defaultCursor: CursorInfo(imageName=fxgl_default_cursor.png, hotspotX=7.0, hotspotY=6.0)
16:06:34.896 [FXGL Background Thread 3 ] DEBUG Engine               - devBBoxColorProperty: ObjectProperty [value: 0xff0000ff]
16:06:34.896 [FXGL Background Thread 3 ] DEBUG Engine               - devEnableDebugCameraProperty: BooleanProperty [value: false]
16:06:34.896 [FXGL Background Thread 3 ] DEBUG Engine               - devSensorColorProperty: ObjectProperty [value: 0xffff00ff]
16:06:34.896 [FXGL Background Thread 3 ] DEBUG Engine               - devShowBBoxProperty: BooleanProperty [value: false]
16:06:34.896 [FXGL Background Thread 3 ] DEBUG Engine               - devShowPositionProperty: BooleanProperty [value: false]
16:06:34.896 [FXGL Background Thread 3 ] DEBUG Engine               - enabledMenuItems: []
16:06:34.896 [FXGL Background Thread 3 ] DEBUG Engine               - engineServices: [class com.almasb.fxgl.app.services.FXGLAssetLoaderService, class com.almasb.fxgl.app.FXGLApplication$GameApplicationService, class com.almasb.fxgl.app.services.FXGLDialogService, class com.almasb.fxgl.app.services.IOTaskExecutorService, class com.almasb.fxgl.io.FileSystemService, class com.almasb.fxgl.localization.LocalizationService, class com.almasb.fxgl.app.services.SystemBundleService, class com.almasb.fxgl.profile.SaveLoadService, class com.almasb.fxgl.ui.FXGLUIFactoryServiceProvider, class com.almasb.fxgl.ui.FXGLDialogFactoryServiceProvider, class com.almasb.fxgl.audio.AudioPlayer, class com.almasb.fxgl.notification.impl.NotificationServiceProvider, class com.almasb.fxgl.achievement.AchievementService, class com.almasb.fxgl.cutscene.CutsceneService, class com.almasb.fxgl.minigames.MiniGameService, class com.almasb.fxgl.net.NetService, class com.almasb.fxgl.app.services.UpdaterService, class com.almasb.fxgl.dev.DevService, class com.almasb.fxgl.multiplayer.MultiplayerService]
16:06:34.896 [FXGL Background Thread 3 ] DEBUG Engine               - fontGame: Abel-Regular.ttf
16:06:34.896 [FXGL Background Thread 3 ] DEBUG Engine               - fontMono: TerminalLandMono-Regular.otf
16:06:34.896 [FXGL Background Thread 3 ] DEBUG Engine               - fontSizeScaleUI: 1.0
16:06:34.896 [FXGL Background Thread 3 ] DEBUG Engine               - fontText: Courier-Prime.ttf
16:06:34.896 [FXGL Background Thread 3 ] DEBUG Engine               - fontUI: VarelaRound-Regular.ttf
16:06:34.896 [FXGL Background Thread 3 ] DEBUG Engine               - fullScreen: BooleanProperty [value: false]
16:06:34.896 [FXGL Background Thread 3 ] DEBUG Engine               - gameDifficulty: MEDIUM
16:06:34.896 [FXGL Background Thread 3 ] DEBUG Engine               - gameDifficultyProperty: ObjectProperty [value: MEDIUM]
16:06:34.896 [FXGL Background Thread 3 ] DEBUG Engine               - globalMusicVolume: 0.5
16:06:34.896 [FXGL Background Thread 3 ] DEBUG Engine               - globalMusicVolumeProperty: DoubleProperty [value: 0.5]
16:06:34.896 [FXGL Background Thread 3 ] DEBUG Engine               - globalSoundVolume: 0.5
16:06:34.896 [FXGL Background Thread 3 ] DEBUG Engine               - globalSoundVolumeProperty: DoubleProperty [value: 0.5]
16:06:34.896 [FXGL Background Thread 3 ] DEBUG Engine               - height: 500
16:06:34.897 [FXGL Background Thread 3 ] DEBUG Engine               - is3D: false
16:06:34.897 [FXGL Background Thread 3 ] DEBUG Engine               - isAndroid: false
16:06:34.897 [FXGL Background Thread 3 ] DEBUG Engine               - isBrowser: false
16:06:34.897 [FXGL Background Thread 3 ] DEBUG Engine               - isClickFeedbackEnabled: false
16:06:34.897 [FXGL Background Thread 3 ] DEBUG Engine               - isCloseConfirmation: false
16:06:34.897 [FXGL Background Thread 3 ] DEBUG Engine               - isDesktop: true
16:06:34.897 [FXGL Background Thread 3 ] DEBUG Engine               - isDeveloperMenuEnabled: false
16:06:34.897 [FXGL Background Thread 3 ] DEBUG Engine               - isEmbedded: false
16:06:34.897 [FXGL Background Thread 3 ] DEBUG Engine               - isEntityPreloadEnabled: true
16:06:34.897 [FXGL Background Thread 3 ] DEBUG Engine               - isExperimentalTiledLargeMap: false
16:06:34.897 [FXGL Background Thread 3 ] DEBUG Engine               - isFileSystemWriteAllowed: true
16:06:34.897 [FXGL Background Thread 3 ] DEBUG Engine               - isFullScreenAllowed: false
16:06:34.897 [FXGL Background Thread 3 ] DEBUG Engine               - isFullScreenFromStart: false
16:06:34.897 [FXGL Background Thread 3 ] DEBUG Engine               - isGameMenuEnabled: true
16:06:34.897 [FXGL Background Thread 3 ] DEBUG Engine               - isIOS: false
16:06:34.897 [FXGL Background Thread 3 ] DEBUG Engine               - isIntroEnabled: false
16:06:34.897 [FXGL Background Thread 3 ] DEBUG Engine               - isLinux: false
16:06:34.897 [FXGL Background Thread 3 ] DEBUG Engine               - isMac: false
16:06:34.897 [FXGL Background Thread 3 ] DEBUG Engine               - isMainMenuEnabled: false
16:06:34.897 [FXGL Background Thread 3 ] DEBUG Engine               - isManualResizeEnabled: false
16:06:34.897 [FXGL Background Thread 3 ] DEBUG Engine               - isMobile: false
16:06:34.897 [FXGL Background Thread 3 ] DEBUG Engine               - isNative: false
16:06:34.897 [FXGL Background Thread 3 ] DEBUG Engine               - isPauseMusicWhenMinimized: true
16:06:34.897 [FXGL Background Thread 3 ] DEBUG Engine               - isPreserveResizeRatio: false
16:06:34.897 [FXGL Background Thread 3 ] DEBUG Engine               - isProfilingEnabled: false
16:06:34.897 [FXGL Background Thread 3 ] DEBUG Engine               - isScaleAffectedOnResize: true
16:06:34.898 [FXGL Background Thread 3 ] DEBUG Engine               - isSingleStep: false
16:06:34.898 [FXGL Background Thread 3 ] DEBUG Engine               - isUserProfileEnabled: false
16:06:34.898 [FXGL Background Thread 3 ] DEBUG Engine               - isWindows: true
16:06:34.898 [FXGL Background Thread 3 ] DEBUG Engine               - language: ObjectProperty [value: ENGLISH]
16:06:34.898 [FXGL Background Thread 3 ] DEBUG Engine               - menuKey: ESCAPE
16:06:34.898 [FXGL Background Thread 3 ] DEBUG Engine               - mouseSensitivity: 0.2
16:06:34.898 [FXGL Background Thread 3 ] DEBUG Engine               - notificationViewClass: class com.almasb.fxgl.notification.view.XboxNotificationView
16:06:34.898 [FXGL Background Thread 3 ] DEBUG Engine               - pixelsPerMeter: 50.0
16:06:34.898 [FXGL Background Thread 3 ] DEBUG Engine               - platform: WINDOWS
16:06:34.898 [FXGL Background Thread 3 ] DEBUG Engine               - prefHeightProperty: ReadOnlyDoubleProperty [value: 500.0]
16:06:34.898 [FXGL Background Thread 3 ] DEBUG Engine               - prefWidthProperty: ReadOnlyDoubleProperty [value: 800.0]
16:06:34.898 [FXGL Background Thread 3 ] DEBUG Engine               - profileDir: profiles/
16:06:34.898 [FXGL Background Thread 3 ] DEBUG Engine               - profileName: StringProperty [value: DEFAULT]
16:06:34.898 [FXGL Background Thread 3 ] DEBUG Engine               - randomSeed: -1
16:06:34.898 [FXGL Background Thread 3 ] DEBUG Engine               - runtimeInfo: RuntimeInfo(platform=WINDOWS, version=17.3, build=30.03.2023 11.49)
16:06:34.898 [FXGL Background Thread 3 ] DEBUG Engine               - saveFileExt: sav
16:06:34.898 [FXGL Background Thread 3 ] DEBUG Engine               - scaledHeightProp$fxgl: DoubleProperty [bound, value: 500.0]
16:06:34.898 [FXGL Background Thread 3 ] DEBUG Engine               - scaledWidthProp$fxgl: DoubleProperty [bound, value: 800.0]
16:06:34.899 [FXGL Background Thread 3 ] DEBUG Engine               - sceneFactory: com.almasb.fxgl.app.scene.SceneFactory@6bd48e0b
16:06:34.899 [FXGL Background Thread 3 ] DEBUG Engine               - secondsIn24h: 60
16:06:34.899 [FXGL Background Thread 3 ] DEBUG Engine               - soundMenuBack: menu/back.wav
16:06:34.899 [FXGL Background Thread 3 ] DEBUG Engine               - soundMenuPress: menu/press.wav
16:06:34.899 [FXGL Background Thread 3 ] DEBUG Engine               - soundMenuSelect: menu/select.wav
16:06:34.899 [FXGL Background Thread 3 ] DEBUG Engine               - soundNotification: core/notification.wav
16:06:34.899 [FXGL Background Thread 3 ] DEBUG Engine               - stageStyle: DECORATED
16:06:34.899 [FXGL Background Thread 3 ] DEBUG Engine               - supportedLanguages: [ENGLISH, FRENCH, GERMAN, HUNGARIAN, RUSSIAN]
16:06:34.899 [FXGL Background Thread 3 ] DEBUG Engine               - ticksPerSecond: -1
16:06:34.899 [FXGL Background Thread 3 ] DEBUG Engine               - title: Server
16:06:34.899 [FXGL Background Thread 3 ] DEBUG Engine               - urlGithub: https://github.com/AlmasB/FXGL
16:06:34.899 [FXGL Background Thread 3 ] DEBUG Engine               - urlLeaderboard: http://fxgl-top.herokuapp.com/
16:06:34.899 [FXGL Background Thread 3 ] DEBUG Engine               - urlPOM: https://raw.githubusercontent.com/AlmasB/FXGL/release/README.md
16:06:34.899 [FXGL Background Thread 3 ] DEBUG Engine               - userAppClass: class Runner.ServerRunner
16:06:34.899 [FXGL Background Thread 3 ] DEBUG Engine               - version: 0.0
16:06:34.899 [FXGL Background Thread 3 ] DEBUG Engine               - versionCheckDays: 7
16:06:34.899 [FXGL Background Thread 3 ] DEBUG Engine               - width: 800
16:06:34.899 [FXGL Background Thread 3 ] DEBUG Engine               - Logging services
16:06:34.899 [FXGL Background Thread 3 ] DEBUG Engine               - class com.almasb.fxgl.app.services.FXGLAssetLoaderService
16:06:34.899 [FXGL Background Thread 3 ] DEBUG Engine               - class com.almasb.fxgl.app.FXGLApplication$GameApplicationService
16:06:34.899 [FXGL Background Thread 3 ] DEBUG Engine               - class com.almasb.fxgl.app.services.FXGLDialogService
16:06:34.899 [FXGL Background Thread 3 ] DEBUG Engine               - class com.almasb.fxgl.app.services.IOTaskExecutorService
16:06:34.899 [FXGL Background Thread 3 ] DEBUG Engine               - class com.almasb.fxgl.io.FileSystemService
16:06:34.899 [FXGL Background Thread 3 ] DEBUG Engine               - class com.almasb.fxgl.localization.LocalizationService
16:06:34.899 [FXGL Background Thread 3 ] DEBUG Engine               - class com.almasb.fxgl.app.services.SystemBundleService
16:06:34.899 [FXGL Background Thread 3 ] DEBUG Engine               - class com.almasb.fxgl.profile.SaveLoadService
16:06:34.900 [FXGL Background Thread 3 ] DEBUG Engine               - class com.almasb.fxgl.ui.FXGLUIFactoryServiceProvider
16:06:34.900 [FXGL Background Thread 3 ] DEBUG Engine               - class com.almasb.fxgl.ui.FXGLDialogFactoryServiceProvider
16:06:34.900 [FXGL Background Thread 3 ] DEBUG Engine               - class com.almasb.fxgl.audio.AudioPlayer
16:06:34.900 [FXGL Background Thread 3 ] DEBUG Engine               - class com.almasb.fxgl.notification.impl.NotificationServiceProvider
16:06:34.900 [FXGL Background Thread 3 ] DEBUG Engine               - class com.almasb.fxgl.achievement.AchievementService
16:06:34.900 [FXGL Background Thread 3 ] DEBUG Engine               - class com.almasb.fxgl.cutscene.CutsceneService
16:06:34.900 [FXGL Background Thread 3 ] DEBUG Engine               - class com.almasb.fxgl.minigames.MiniGameService
16:06:34.900 [FXGL Background Thread 3 ] DEBUG Engine               - class com.almasb.fxgl.net.NetService
16:06:34.900 [FXGL Background Thread 3 ] DEBUG Engine               - class com.almasb.fxgl.app.services.UpdaterService
16:06:34.900 [FXGL Background Thread 3 ] DEBUG Engine               - class com.almasb.fxgl.dev.DevService
16:06:34.900 [FXGL Background Thread 3 ] DEBUG Engine               - class com.almasb.fxgl.multiplayer.MultiplayerService
16:06:44.463 [ServerAsyncConnThread    ] DEBUG Endpoint             - TCPServer opening new connection (1) from /127.0.0.1:50062 type: class com.almasb.fxgl.core.serialization.Bundle
16:06:44.464 [ServerAsyncConnThread    ] DEBUG Endpoint             - TCPServer successfully opened connection (1)
16:06:44.482 [TCPServer_SendThread-1   ] DEBUG Writers              - Getting TCPMessageWriter for class com.almasb.fxgl.core.serialization.Bundle
16:06:44.483 [TCPServer_SendThread-1   ] DEBUG Writers              - Constructed TCPMessageWriter for class com.almasb.fxgl.core.serialization.Bundle: BundleTCPMessageWriter
16:06:44.484 [TCPServer_RecvThread-1   ] DEBUG Readers              - Getting TCPMessageReader for class com.almasb.fxgl.core.serialization.Bundle
16:06:44.485 [TCPServer_RecvThread-1   ] DEBUG Readers              - Constructed MessageReader for class com.almasb.fxgl.core.serialization.Bundle: BundleTCPMessageReader
16:07:10.368 [TCPServer_RecvThread-1   ] DEBUG Endpoint             - Connection 1 was unexpectedly disconnected: Connection reset
16:07:10.369 [TCPServer_RecvThread-1   ] DEBUG Connection           - Closing connection 1
16:07:10.369 [TCPServer_RecvThread-1   ] DEBUG Connection           - Connection 1 was correctly closed from local endpoint.
16:07:10.369 [TCPServer_RecvThread-1   ] DEBUG Endpoint             - TCPServer connection (1) was closed
16:07:11.281 [JavaFX Application Thread] DEBUG LoopRunner           - Resuming loop
16:07:12.288 [JavaFX Application Thread] DEBUG FXGLApplication      - Exiting FXGL
16:07:12.288 [JavaFX Application Thread] DEBUG LoopRunner           - Stopping loop
16:07:12.288 [JavaFX Application Thread] DEBUG SystemBundleService  - Saving FXGL system data
16:07:12.290 [JavaFX Application Thread] DEBUG FileSystemAccess     - Writing to: C:\Users\User\Documents\GitHub\Sonic-rush\system\fxgl.bundle
16:07:12.290 [JavaFX Application Thread] DEBUG Async                - Shutting down background threads
16:07:12.290 [JavaFX Application Thread] DEBUG PrimaryStageWindow   - Closing main window
16:07:12.314 [JavaFX Application Thread] DEBUG Logger               - Closing Logger
