12:06:12.473 [main                     ] DEBUG Logger               - Configured Logger
12:06:12.520 [main                     ] DEBUG GameApplication      - Logging settings
Title: Jugador Sonic
Version: 0.0
Width: 1000
Height: 600
Fullscreen: false
Intro: false
Profiling: false
Single step:false
App Mode: DEVELOPER
Menu Key: ESCAPE
Stage Style: DECORATED
Scene Factory: class com.almasb.fxgl.app.scene.SceneFactory

12:06:13.122 [JavaFX Application Thread] DEBUG FXGLApplication      - Initializing FXGL
12:06:13.132 [JavaFX Application Thread] INFO  Engine               - FXGL-17.3 (30.03.2023 11.49) on WINDOWS (J:17.0.12 FX:20)
12:06:13.132 [JavaFX Application Thread] DEBUG Engine               - JRE Vendor Name: Oracle Corporation
12:06:13.133 [JavaFX Application Thread] DEBUG Engine               - Running on OS: Windows 10 version 10.0
12:06:13.134 [JavaFX Application Thread] DEBUG Engine               - Architecture: amd64
12:06:13.136 [JavaFX Application Thread] INFO  Engine               - Source code and latest versions at: https://github.com/AlmasB/FXGL
12:06:13.137 [JavaFX Application Thread] INFO  Engine               -       Ask questions and discuss at: https://github.com/AlmasB/FXGL/discussions
12:06:13.138 [JavaFX Application Thread] INFO  Engine               -              Join the FXGL chat at: https://gitter.im/AlmasB/FXGL
12:06:13.400 [JavaFX Application Thread] DEBUG PrimaryStageWindow   - Creating a JavaFX scene
12:06:13.487 [JavaFX Application Thread] DEBUG PrimaryStageWindow   - Target settings size: 1000.0 x 600.0
12:06:13.487 [JavaFX Application Thread] DEBUG PrimaryStageWindow   - Scaled scene size:    1000.0 x 600.0
12:06:13.488 [JavaFX Application Thread] DEBUG PrimaryStageWindow   - Scaled ratio: (1.0, 1.0)
12:06:13.490 [JavaFX Application Thread] DEBUG PrimaryStageWindow   - Set initial scene to FXGLStartupScene
12:06:13.497 [JavaFX Application Thread] DEBUG PrimaryStageWindow   - Opening main window
12:06:13.684 [JavaFX Application Thread] DEBUG PrimaryStageWindow   - Window border size: (14.4000244140625, 37.5999755859375)
12:06:13.686 [JavaFX Application Thread] DEBUG PrimaryStageWindow   - Scaled size: 1000.0 x 600.0
12:06:13.687 [JavaFX Application Thread] DEBUG PrimaryStageWindow   - Scaled ratio: (1.0, 1.0)
12:06:13.687 [JavaFX Application Thread] DEBUG PrimaryStageWindow   - Scene size: 1000.0 x 600.0
12:06:13.688 [JavaFX Application Thread] DEBUG PrimaryStageWindow   - Stage size: 1014.4000244140625 x 637.5999755859375
12:06:13.851 [FXGL Background Thread 1 ] DEBUG Engine               - Initializing environment variables
12:06:14.000 [FXGL Background Thread 1 ] DEBUG FXGLAssetLoaderServi - User app class for loading assets: class Runner.ClientRunner
12:06:14.002 [FXGL Background Thread 1 ] DEBUG GameApplicationServi - Applying CSS: fxgl_dark.css
12:06:14.004 [FXGL Background Thread 1 ] DEBUG FXGLAssetLoaderServi - Loading from file system: jar:file:/C:/Users/Owner/.m2/repository/com/github/almasb/fxgl/17.3/fxgl-17.3.jar!/fxglassets/ui/css/fxgl_dark.css
12:06:14.119 [FXGL Background Thread 1 ] DEBUG GameApplicationServi - Initializing application scenes
12:06:14.528 [FXGL Background Thread 1 ] DEBUG GameWorld            - Game world initialized
12:06:14.800 [FXGL Background Thread 1 ] DEBUG PhysicsWorld         - Physics world initialized: appHeight=600, physics.ppm=50.0
12:06:14.800 [FXGL Background Thread 1 ] DEBUG PhysicsWorld         - Using strategy: BRUTE_FORCE
12:06:14.827 [FXGL Background Thread 1 ] DEBUG GameScene            - Game scene initialized: 1000x600
12:06:14.849 [FXGL Background Thread 1 ] DEBUG FXGL.DefaultMenu     - createMenuBodyGameMenu()
12:06:14.891 [FXGL Background Thread 1 ] DEBUG FXGL.DefaultMenu     - createOptionsMenu()
12:06:14.974 [FXGL Background Thread 1 ] DEBUG FXGLAssetLoaderServi - Loading from file system: jar:file:/C:/Users/Owner/.m2/repository/com/github/almasb/fxgl/17.3/fxgl-17.3.jar!/fxglassets/textures/particles/smoke.png
12:06:15.338 [FXGL Background Thread 1 ] DEBUG FXGLAssetLoaderServi - Loading from file system: jar:file:/C:/Users/Owner/.m2/repository/com/github/almasb/fxgl/17.3/fxgl-17.3.jar!/fxglassets/textures/particles/trace_horizontal.png
12:06:15.434 [FXGL Background Thread 1 ] DEBUG GameApplicationServi - Application scenes initialized
12:06:15.535 [FXGL Background Thread 1 ] DEBUG SystemBundleService  - Loading FXGL system data
12:06:15.548 [FXGL Background Thread 1 ] DEBUG FileSystemAccess     - Reading from: C:\Users\Owner\Desktop\Sonic-rush\system\fxgl.bundle
12:06:15.584 [FXGL Background Thread 1 ] DEBUG SystemBundleService  - Bundle FXGL: {}
12:06:15.587 [FXGL Background Thread 1 ] DEBUG UpdaterService       - Checking for updates
12:06:15.609 [FXGL Background Thread 1 ] DEBUG FXGLApplication      - Loading default localization
12:06:15.616 [FXGL Background Thread 1 ] DEBUG FXGLAssetLoaderServi - Loading from file system: jar:file:/C:/Users/Owner/.m2/repository/com/github/almasb/fxgl/17.3/fxgl-17.3.jar!/fxglassets/languages/english.lang
12:06:15.722 [FXGL Background Thread 1 ] INFO  FXGLApplication      - FXGL initialization took: 1.871 sec
12:06:16.021 [JavaFX Application Thread] DEBUG Input                - Registered new binding: Mover a la izquierda - A
12:06:16.022 [JavaFX Application Thread] DEBUG Input                - Registered new binding: Mover a la derecha - D
12:06:16.022 [JavaFX Application Thread] DEBUG Input                - Registered new binding: Saltar - W
12:06:16.023 [JavaFX Application Thread] DEBUG Input                - Registered new binding: Interactuar - E
12:06:16.024 [JavaFX Application Thread] DEBUG Input                - Registered new binding: Transformar - P
12:06:16.025 [JavaFX Application Thread] DEBUG Input                - Registered new binding: Desactivar filtro - L
12:06:16.026 [JavaFX Application Thread] DEBUG FXGLAssetLoaderServi - Loading from file system: jar:file:/C:/Users/Owner/.m2/repository/com/github/almasb/fxgl/17.3/fxgl-17.3.jar!/fxglassets/textures/fxgl_icon.png
12:06:16.342 [FXGL Background Thread 4 ] DEBUG FXGLApplication      - Loading fonts
12:06:16.345 [FXGL Background Thread 4 ] DEBUG FXGLAssetLoaderServi - Loading from file system: jar:file:/C:/Users/Owner/.m2/repository/com/github/almasb/fxgl/17.3/fxgl-17.3.jar!/fxglassets/ui/fonts/VarelaRound-Regular.ttf
12:06:16.350 [JavaFX Application Thread] DEBUG FXGLAssetLoaderServi - Loading from file system: jar:file:/C:/Users/Owner/.m2/repository/com/github/almasb/fxgl/17.3/fxgl-17.3.jar!/fxglassets/textures/fxgl_default_cursor.png
12:06:16.410 [JavaFX Application Thread] DEBUG Input                - Registered new binding: Screenshot - CTRL+8
12:06:16.411 [JavaFX Application Thread] DEBUG Input                - Registered new binding: System info dump - CTRL+9
12:06:16.412 [JavaFX Application Thread] DEBUG Input                - Registered new binding: Restart - CTRL+R
12:06:16.460 [JavaFX Application Thread] DEBUG Input                - Registered new binding: Toggle Debug Camera - CTRL+7
12:06:16.476 [JavaFX Application Thread] DEBUG LoopRunner           - Starting loop
12:06:16.476 [JavaFX Application Thread] DEBUG LoopRunner           - Initializing JavaFX AnimationTimerLoop
12:06:16.478 [JavaFX Application Thread] DEBUG GameApplicationServi - Starting new game
12:06:16.481 [JavaFX Application Thread] DEBUG Input                - Clearing active input actions
12:06:16.520 [JavaFX Application Thread] DEBUG GameApplicationServi - Removing overlay from FXGLStartupScene and adding to FXGLLoadingScene
12:06:16.521 [JavaFX Application Thread] DEBUG PrimaryStageWindow   - FXGLStartupScene -> FXGLLoadingScene
12:06:16.521 [JavaFX Application Thread] DEBUG GameApplicationServi - Clearing previous game
12:06:16.521 [JavaFX Application Thread] DEBUG GameScene            - Clearing game scene
12:06:16.521 [JavaFX Application Thread] DEBUG GameWorld            - Clearing game world
12:06:16.521 [JavaFX Application Thread] DEBUG PhysicsWorld         - Clearing physics world
12:06:16.524 [FXGL Background Thread 1 ] DEBUG FXGLApplication      - Initializing game
12:06:16.542 [FXGL Background Thread 1 ] DEBUG FXGLAssetLoaderServi - Loading from file system: file:/C:/Users/Owner/Desktop/Sonic-rush/target/classes/assets/music/OST2.mp3
12:06:17.521 [FXGL Background Thread 4 ] DEBUG FXGLAssetLoaderServi - Loading from file system: jar:file:/C:/Users/Owner/.m2/repository/com/github/almasb/fxgl/17.3/fxgl-17.3.jar!/fxglassets/ui/fonts/Abel-Regular.ttf
12:06:17.527 [FXGL Background Thread 4 ] DEBUG FXGLAssetLoaderServi - Loading from file system: jar:file:/C:/Users/Owner/.m2/repository/com/github/almasb/fxgl/17.3/fxgl-17.3.jar!/fxglassets/ui/fonts/TerminalLandMono-Regular.otf
12:06:17.538 [FXGL Background Thread 4 ] DEBUG FXGLAssetLoaderServi - Loading from file system: jar:file:/C:/Users/Owner/.m2/repository/com/github/almasb/fxgl/17.3/fxgl-17.3.jar!/fxglassets/ui/fonts/Courier-Prime.ttf
12:06:17.554 [JavaFX Application Thread] DEBUG FXGLApplication      - Registering font factories with UI factory
12:06:18.605 [FXGL Background Thread 3 ] DEBUG Engine               - Logging environment variables
12:06:18.607 [FXGL Background Thread 3 ] DEBUG Engine               - achievements: []
12:06:18.608 [FXGL Background Thread 3 ] DEBUG Engine               - actualHeight: 600.0
12:06:18.608 [FXGL Background Thread 3 ] DEBUG Engine               - actualHeightProperty: ReadOnlyDoubleProperty [value: 600.0]
12:06:18.609 [FXGL Background Thread 3 ] DEBUG Engine               - actualWidth: 1000.0
12:06:18.609 [FXGL Background Thread 3 ] DEBUG Engine               - actualWidthProperty: ReadOnlyDoubleProperty [value: 1000.0]
12:06:18.609 [FXGL Background Thread 3 ] DEBUG Engine               - appIcon: fxgl_icon.png
12:06:18.609 [FXGL Background Thread 3 ] DEBUG Engine               - applicationMode: DEVELOPER
12:06:18.610 [FXGL Background Thread 3 ] DEBUG Engine               - cSSList: [fxgl_dark.css]
12:06:18.610 [FXGL Background Thread 3 ] DEBUG Engine               - collisionDetectionStrategy: BRUTE_FORCE
12:06:18.611 [FXGL Background Thread 3 ] DEBUG Engine               - configClass: Optional.empty
12:06:18.611 [FXGL Background Thread 3 ] DEBUG Engine               - credits: []
12:06:18.612 [FXGL Background Thread 3 ] DEBUG Engine               - defaultCursor: CursorInfo(imageName=fxgl_default_cursor.png, hotspotX=7.0, hotspotY=6.0)
12:06:18.612 [FXGL Background Thread 3 ] DEBUG Engine               - devBBoxColorProperty: ObjectProperty [value: 0xff0000ff]
12:06:18.613 [FXGL Background Thread 3 ] DEBUG Engine               - devEnableDebugCameraProperty: BooleanProperty [value: false]
12:06:18.613 [FXGL Background Thread 3 ] DEBUG Engine               - devSensorColorProperty: ObjectProperty [value: 0xffff00ff]
12:06:18.613 [FXGL Background Thread 3 ] DEBUG Engine               - devShowBBoxProperty: BooleanProperty [value: false]
12:06:18.613 [FXGL Background Thread 3 ] DEBUG Engine               - devShowPositionProperty: BooleanProperty [value: false]
12:06:18.615 [FXGL Background Thread 3 ] DEBUG Engine               - enabledMenuItems: []
12:06:18.622 [FXGL Background Thread 3 ] DEBUG Engine               - engineServices: [class com.almasb.fxgl.app.services.FXGLAssetLoaderService, class com.almasb.fxgl.app.FXGLApplication$GameApplicationService, class com.almasb.fxgl.app.services.FXGLDialogService, class com.almasb.fxgl.app.services.IOTaskExecutorService, class com.almasb.fxgl.io.FileSystemService, class com.almasb.fxgl.localization.LocalizationService, class com.almasb.fxgl.app.services.SystemBundleService, class com.almasb.fxgl.profile.SaveLoadService, class com.almasb.fxgl.ui.FXGLUIFactoryServiceProvider, class com.almasb.fxgl.ui.FXGLDialogFactoryServiceProvider, class com.almasb.fxgl.audio.AudioPlayer, class com.almasb.fxgl.notification.impl.NotificationServiceProvider, class com.almasb.fxgl.achievement.AchievementService, class com.almasb.fxgl.cutscene.CutsceneService, class com.almasb.fxgl.minigames.MiniGameService, class com.almasb.fxgl.net.NetService, class com.almasb.fxgl.app.services.UpdaterService, class com.almasb.fxgl.dev.DevService, class com.almasb.fxgl.multiplayer.MultiplayerService]
12:06:18.624 [FXGL Background Thread 3 ] DEBUG Engine               - fontGame: Abel-Regular.ttf
12:06:18.625 [FXGL Background Thread 3 ] DEBUG Engine               - fontMono: TerminalLandMono-Regular.otf
12:06:18.626 [FXGL Background Thread 3 ] DEBUG Engine               - fontSizeScaleUI: 1.0
12:06:18.627 [FXGL Background Thread 3 ] DEBUG Engine               - fontText: Courier-Prime.ttf
12:06:18.630 [FXGL Background Thread 3 ] DEBUG Engine               - fontUI: VarelaRound-Regular.ttf
12:06:18.637 [FXGL Background Thread 3 ] DEBUG Engine               - fullScreen: BooleanProperty [value: false]
12:06:18.637 [FXGL Background Thread 3 ] DEBUG Engine               - gameDifficulty: MEDIUM
12:06:18.637 [FXGL Background Thread 3 ] DEBUG Engine               - gameDifficultyProperty: ObjectProperty [value: MEDIUM]
12:06:18.638 [FXGL Background Thread 3 ] DEBUG Engine               - globalMusicVolume: 0.5
12:06:18.638 [FXGL Background Thread 3 ] DEBUG Engine               - globalMusicVolumeProperty: DoubleProperty [value: 0.5]
12:06:18.638 [FXGL Background Thread 3 ] DEBUG Engine               - globalSoundVolume: 0.5
12:06:18.638 [FXGL Background Thread 3 ] DEBUG Engine               - globalSoundVolumeProperty: DoubleProperty [value: 0.5]
12:06:18.639 [FXGL Background Thread 3 ] DEBUG Engine               - height: 600
12:06:18.639 [FXGL Background Thread 3 ] DEBUG Engine               - is3D: false
12:06:18.639 [FXGL Background Thread 3 ] DEBUG Engine               - isAndroid: false
12:06:18.639 [FXGL Background Thread 3 ] DEBUG Engine               - isBrowser: false
12:06:18.639 [FXGL Background Thread 3 ] DEBUG Engine               - isClickFeedbackEnabled: false
12:06:18.639 [FXGL Background Thread 3 ] DEBUG Engine               - isCloseConfirmation: false
12:06:18.639 [FXGL Background Thread 3 ] DEBUG Engine               - isDesktop: true
12:06:18.640 [FXGL Background Thread 3 ] DEBUG Engine               - isDeveloperMenuEnabled: false
12:06:18.640 [FXGL Background Thread 3 ] DEBUG Engine               - isEmbedded: false
12:06:18.640 [FXGL Background Thread 3 ] DEBUG Engine               - isEntityPreloadEnabled: true
12:06:18.640 [FXGL Background Thread 3 ] DEBUG Engine               - isExperimentalTiledLargeMap: false
12:06:18.640 [FXGL Background Thread 3 ] DEBUG Engine               - isFileSystemWriteAllowed: true
12:06:18.640 [FXGL Background Thread 3 ] DEBUG Engine               - isFullScreenAllowed: false
12:06:18.640 [FXGL Background Thread 3 ] DEBUG Engine               - isFullScreenFromStart: false
12:06:18.640 [FXGL Background Thread 3 ] DEBUG Engine               - isGameMenuEnabled: true
12:06:18.641 [FXGL Background Thread 3 ] DEBUG Engine               - isIOS: false
12:06:18.641 [FXGL Background Thread 3 ] DEBUG Engine               - isIntroEnabled: false
12:06:18.641 [FXGL Background Thread 3 ] DEBUG Engine               - isLinux: false
12:06:18.641 [FXGL Background Thread 3 ] DEBUG Engine               - isMac: false
12:06:18.641 [FXGL Background Thread 3 ] DEBUG Engine               - isMainMenuEnabled: false
12:06:18.641 [FXGL Background Thread 3 ] DEBUG Engine               - isManualResizeEnabled: false
12:06:18.641 [FXGL Background Thread 3 ] DEBUG Engine               - isMobile: false
12:06:18.641 [FXGL Background Thread 3 ] DEBUG Engine               - isNative: false
12:06:18.641 [FXGL Background Thread 3 ] DEBUG Engine               - isPauseMusicWhenMinimized: true
12:06:18.641 [FXGL Background Thread 3 ] DEBUG Engine               - isPreserveResizeRatio: false
12:06:18.642 [FXGL Background Thread 3 ] DEBUG Engine               - isProfilingEnabled: false
12:06:18.642 [FXGL Background Thread 3 ] DEBUG Engine               - isScaleAffectedOnResize: true
12:06:18.642 [FXGL Background Thread 3 ] DEBUG Engine               - isSingleStep: false
12:06:18.642 [FXGL Background Thread 3 ] DEBUG Engine               - isUserProfileEnabled: false
12:06:18.642 [FXGL Background Thread 3 ] DEBUG Engine               - isWindows: true
12:06:18.642 [FXGL Background Thread 3 ] DEBUG Engine               - language: ObjectProperty [value: ENGLISH]
12:06:18.642 [FXGL Background Thread 3 ] DEBUG Engine               - menuKey: ESCAPE
12:06:18.642 [FXGL Background Thread 3 ] DEBUG Engine               - mouseSensitivity: 0.2
12:06:18.642 [FXGL Background Thread 3 ] DEBUG Engine               - notificationViewClass: class com.almasb.fxgl.notification.view.XboxNotificationView
12:06:18.642 [FXGL Background Thread 3 ] DEBUG Engine               - pixelsPerMeter: 50.0
12:06:18.643 [FXGL Background Thread 3 ] DEBUG Engine               - platform: WINDOWS
12:06:18.643 [FXGL Background Thread 3 ] DEBUG Engine               - prefHeightProperty: ReadOnlyDoubleProperty [value: 600.0]
12:06:18.643 [FXGL Background Thread 3 ] DEBUG Engine               - prefWidthProperty: ReadOnlyDoubleProperty [value: 1000.0]
12:06:18.643 [FXGL Background Thread 3 ] DEBUG Engine               - profileDir: profiles/
12:06:18.643 [FXGL Background Thread 3 ] DEBUG Engine               - profileName: StringProperty [value: DEFAULT]
12:06:18.643 [FXGL Background Thread 3 ] DEBUG Engine               - randomSeed: -1
12:06:18.645 [FXGL Background Thread 3 ] DEBUG Engine               - runtimeInfo: RuntimeInfo(platform=WINDOWS, version=17.3, build=30.03.2023 11.49)
12:06:18.645 [FXGL Background Thread 3 ] DEBUG Engine               - saveFileExt: sav
12:06:18.645 [FXGL Background Thread 3 ] DEBUG Engine               - scaledHeightProp$fxgl: DoubleProperty [bound, value: 600.0]
12:06:18.645 [FXGL Background Thread 3 ] DEBUG Engine               - scaledWidthProp$fxgl: DoubleProperty [bound, value: 1000.0]
12:06:18.645 [FXGL Background Thread 3 ] DEBUG Engine               - sceneFactory: com.almasb.fxgl.app.scene.SceneFactory@52a27c5f
12:06:18.645 [FXGL Background Thread 3 ] DEBUG Engine               - secondsIn24h: 60
12:06:18.645 [FXGL Background Thread 3 ] DEBUG Engine               - soundMenuBack: menu/back.wav
12:06:18.646 [FXGL Background Thread 3 ] DEBUG Engine               - soundMenuPress: menu/press.wav
12:06:18.646 [FXGL Background Thread 3 ] DEBUG Engine               - soundMenuSelect: menu/select.wav
12:06:18.646 [FXGL Background Thread 3 ] DEBUG Engine               - soundNotification: core/notification.wav
12:06:18.646 [FXGL Background Thread 3 ] DEBUG Engine               - stageStyle: DECORATED
12:06:18.646 [FXGL Background Thread 3 ] DEBUG Engine               - supportedLanguages: [ENGLISH, FRENCH, GERMAN, HUNGARIAN, RUSSIAN]
12:06:18.646 [FXGL Background Thread 3 ] DEBUG Engine               - ticksPerSecond: -1
12:06:18.646 [FXGL Background Thread 3 ] DEBUG Engine               - title: Jugador Sonic
12:06:18.646 [FXGL Background Thread 3 ] DEBUG Engine               - urlGithub: https://github.com/AlmasB/FXGL
12:06:18.646 [FXGL Background Thread 3 ] DEBUG Engine               - urlLeaderboard: http://fxgl-top.herokuapp.com/
12:06:18.646 [FXGL Background Thread 3 ] DEBUG Engine               - urlPOM: https://raw.githubusercontent.com/AlmasB/FXGL/release/README.md
12:06:18.646 [FXGL Background Thread 3 ] DEBUG Engine               - userAppClass: class Runner.ClientRunner
12:06:18.646 [FXGL Background Thread 3 ] DEBUG Engine               - version: 0.0
12:06:18.647 [FXGL Background Thread 3 ] DEBUG Engine               - versionCheckDays: 7
12:06:18.647 [FXGL Background Thread 3 ] DEBUG Engine               - width: 1000
12:06:18.647 [FXGL Background Thread 3 ] DEBUG Engine               - Logging services
12:06:18.647 [FXGL Background Thread 3 ] DEBUG Engine               - class com.almasb.fxgl.app.services.FXGLAssetLoaderService
12:06:18.647 [FXGL Background Thread 3 ] DEBUG Engine               - class com.almasb.fxgl.app.FXGLApplication$GameApplicationService
12:06:18.647 [FXGL Background Thread 3 ] DEBUG Engine               - class com.almasb.fxgl.app.services.FXGLDialogService
12:06:18.647 [FXGL Background Thread 3 ] DEBUG Engine               - class com.almasb.fxgl.app.services.IOTaskExecutorService
12:06:18.647 [FXGL Background Thread 3 ] DEBUG Engine               - class com.almasb.fxgl.io.FileSystemService
12:06:18.647 [FXGL Background Thread 3 ] DEBUG Engine               - class com.almasb.fxgl.localization.LocalizationService
12:06:18.647 [FXGL Background Thread 3 ] DEBUG Engine               - class com.almasb.fxgl.app.services.SystemBundleService
12:06:18.648 [FXGL Background Thread 3 ] DEBUG Engine               - class com.almasb.fxgl.profile.SaveLoadService
12:06:18.648 [FXGL Background Thread 3 ] DEBUG Engine               - class com.almasb.fxgl.ui.FXGLUIFactoryServiceProvider
12:06:18.648 [FXGL Background Thread 3 ] DEBUG Engine               - class com.almasb.fxgl.ui.FXGLDialogFactoryServiceProvider
12:06:18.648 [FXGL Background Thread 3 ] DEBUG Engine               - class com.almasb.fxgl.audio.AudioPlayer
12:06:18.648 [FXGL Background Thread 3 ] DEBUG Engine               - class com.almasb.fxgl.notification.impl.NotificationServiceProvider
12:06:18.648 [FXGL Background Thread 3 ] DEBUG Engine               - class com.almasb.fxgl.achievement.AchievementService
12:06:18.648 [FXGL Background Thread 3 ] DEBUG Engine               - class com.almasb.fxgl.cutscene.CutsceneService
12:06:18.648 [FXGL Background Thread 3 ] DEBUG Engine               - class com.almasb.fxgl.minigames.MiniGameService
12:06:18.648 [FXGL Background Thread 3 ] DEBUG Engine               - class com.almasb.fxgl.net.NetService
12:06:18.648 [FXGL Background Thread 3 ] DEBUG Engine               - class com.almasb.fxgl.app.services.UpdaterService
12:06:18.648 [FXGL Background Thread 3 ] DEBUG Engine               - class com.almasb.fxgl.dev.DevService
12:06:18.648 [FXGL Background Thread 3 ] DEBUG Engine               - class com.almasb.fxgl.multiplayer.MultiplayerService
12:06:19.067 [FXGL Background Thread 2 ] INFO  UpdaterService       - Your current version:  17.3
12:06:19.325 [FXGL Background Thread 2 ] INFO  UpdaterService       - Latest stable version: 21.1
12:06:19.689 [FXGL Background Thread 1 ] DEBUG AudioPlayer          - Playing music com.almasb.fxgl.audio.Music@1dc866f8
12:06:19.707 [FXGL Background Thread 1 ] INFO  FXGLApplication      - Game initialization took: 3.183 sec
12:06:20.074 [JavaFX Application Thread] DEBUG Input                - Clearing active input actions
12:06:20.110 [JavaFX Application Thread] DEBUG GameApplicationServi - Removing overlay from FXGLLoadingScene and adding to GameScene
12:06:20.110 [JavaFX Application Thread] DEBUG PrimaryStageWindow   - FXGLLoadingScene -> GameScene
12:06:40.032 [JavaFX Application Thread] DEBUG FXGLAssetLoaderServi - Loading from file system: file:/C:/Users/Owner/Desktop/Sonic-rush/target/classes/assets/textures/fondo.png
12:06:40.707 [JavaFX Application Thread] WARN  TMXLevelLoader       - TiledMap generated from 1.11.2. Supported version: 1.9.0. Some features may not be parsed fully.
12:06:40.843 [JavaFX Application Thread] DEBUG TMXLevelLoader       - Parsed TiledMap: file:/C:/Users/Owner/Desktop/Sonic-rush/target/classes/assets/levels/mapazo.tmx
12:06:40.848 [JavaFX Application Thread] DEBUG TMXLevelLoader       - Creating tile layer entities
12:06:40.866 [JavaFX Application Thread] DEBUG TilesetLoader        - Loading view for layer Capa de patrones 1
12:06:40.959 [JavaFX Application Thread] DEBUG TilesetLoader        - Created buffer with size 3840.0x720.0
12:06:41.085 [JavaFX Application Thread] DEBUG TMXLevelLoader       - Creating object layer entities
12:06:41.262 [JavaFX Application Thread] DEBUG GameWorld            - Clearing removable entities
12:06:41.268 [JavaFX Application Thread] DEBUG GameWorld            - Setting level: com.almasb.fxgl.entity.level.Level@6b43fff8
12:06:41.445 [ClientAsyncConnThread    ] DEBUG TCPClient            - Connecting to 127.0.0.1:50000 type: class com.almasb.fxgl.core.serialization.Bundle
12:06:41.447 [ClientAsyncConnThread    ] DEBUG TCPClient            - Created socket to 127.0.0.1:50000
12:06:41.469 [ClientAsyncConnThread    ] DEBUG Endpoint             - TCPClient opening new connection (1) from /127.0.0.1:50000 type: class com.almasb.fxgl.core.serialization.Bundle
12:06:41.477 [ClientAsyncConnThread    ] DEBUG Endpoint             - TCPClient successfully opened connection (1)
12:06:41.514 [TCPClient_SendThread-1   ] DEBUG Writers              - Getting TCPMessageWriter for class com.almasb.fxgl.core.serialization.Bundle
12:06:41.515 [TCPClient_RecvThread-1   ] DEBUG Readers              - Getting TCPMessageReader for class com.almasb.fxgl.core.serialization.Bundle
12:06:41.524 [TCPClient_SendThread-1   ] DEBUG Writers              - Constructed TCPMessageWriter for class com.almasb.fxgl.core.serialization.Bundle: BundleTCPMessageWriter
12:06:41.543 [TCPClient_RecvThread-1   ] DEBUG Readers              - Constructed MessageReader for class com.almasb.fxgl.core.serialization.Bundle: BundleTCPMessageReader
12:06:41.636 [JavaFX Application Thread] DEBUG FXGLAssetLoaderServi - Loading from file system: file:/C:/Users/Owner/Desktop/Sonic-rush/target/classes/assets/textures/Items/ring.png
12:06:41.883 [JavaFX Application Thread] DEBUG FXGLAssetLoaderServi - Loading from file system: file:/C:/Users/Owner/Desktop/Sonic-rush/target/classes/assets/textures/Items/basura.png
12:06:41.895 [JavaFX Application Thread] DEBUG FXGLAssetLoaderServi - Loading from file system: file:/C:/Users/Owner/Desktop/Sonic-rush/target/classes/assets/textures/Items/papel.png
12:06:41.900 [JavaFX Application Thread] DEBUG FXGLAssetLoaderServi - Loading from file system: file:/C:/Users/Owner/Desktop/Sonic-rush/target/classes/assets/textures/Items/caucho.png
12:06:41.988 [JavaFX Application Thread] DEBUG FXGLAssetLoaderServi - Loading from file system: file:/C:/Users/Owner/Desktop/Sonic-rush/target/classes/assets/textures/Enemigos/enemigo2.png
12:06:42.126 [JavaFX Application Thread] DEBUG FXGLAssetLoaderServi - Loading from file system: file:/C:/Users/Owner/Desktop/Sonic-rush/target/classes/assets/textures/Personajes/sonic.png
12:06:42.147 [JavaFX Application Thread] DEBUG FXGLAssetLoaderServi - Loading from file system: file:/C:/Users/Owner/Desktop/Sonic-rush/target/classes/assets/textures/Personajes/sonic_camina.png
12:06:42.151 [JavaFX Application Thread] DEBUG FXGLAssetLoaderServi - Loading from file system: file:/C:/Users/Owner/Desktop/Sonic-rush/target/classes/assets/textures/Personajes/super_sonic.png
12:06:46.159 [JavaFX Application Thread] DEBUG FXGLAssetLoaderServi - Loading from file system: file:/C:/Users/Owner/Desktop/Sonic-rush/target/classes/assets/sounds/salto.wav
12:06:58.133 [JavaFX Application Thread] DEBUG FXGLAssetLoaderServi - Loading from file system: file:/C:/Users/Owner/Desktop/Sonic-rush/target/classes/assets/sounds/recoger.wav
12:07:03.265 [JavaFX Application Thread] DEBUG FXGLAssetLoaderServi - Loading from file system: file:/C:/Users/Owner/Desktop/Sonic-rush/target/classes/assets/sounds/perder_anillos.wav
12:07:15.289 [JavaFX Application Thread] DEBUG FXGLApplication      - Exiting FXGL
12:07:15.289 [JavaFX Application Thread] DEBUG LoopRunner           - Stopping loop
12:07:15.289 [JavaFX Application Thread] DEBUG SystemBundleService  - Saving FXGL system data
12:07:15.292 [JavaFX Application Thread] DEBUG FileSystemAccess     - Writing to: C:\Users\Owner\Desktop\Sonic-rush\system\fxgl.bundle
12:07:15.294 [JavaFX Application Thread] DEBUG Async                - Shutting down background threads
12:07:15.295 [JavaFX Application Thread] DEBUG PrimaryStageWindow   - Closing main window
12:07:15.335 [JavaFX Application Thread] DEBUG Logger               - Closing Logger
