13:34:48.730 [main                     ] DEBUG Logger               - Configured Logger
13:34:48.795 [main                     ] DEBUG GameApplication      - Logging settings
Title: Server
Version: 0.0
Width: 800
Height: 500
Fullscreen: false
Intro: false
Profiling: false
Single step:false
App Mode: DEVELOPER
Menu Key: ESCAPE
Stage Style: DECORATED
Scene Factory: class com.almasb.fxgl.app.scene.SceneFactory

13:34:49.532 [JavaFX Application Thread] DEBUG FXGLApplication      - Initializing FXGL
13:34:49.541 [JavaFX Application Thread] INFO  Engine               - FXGL-17.3 (30.03.2023 11.49) on WINDOWS (J:17.0.12 FX:20)
13:34:49.542 [JavaFX Application Thread] DEBUG Engine               - JRE Vendor Name: Oracle Corporation
13:34:49.542 [JavaFX Application Thread] DEBUG Engine               - Running on OS: Windows 10 version 10.0
13:34:49.544 [JavaFX Application Thread] DEBUG Engine               - Architecture: amd64
13:34:49.545 [JavaFX Application Thread] INFO  Engine               - Source code and latest versions at: https://github.com/AlmasB/FXGL
13:34:49.546 [JavaFX Application Thread] INFO  Engine               -       Ask questions and discuss at: https://github.com/AlmasB/FXGL/discussions
13:34:49.546 [JavaFX Application Thread] INFO  Engine               -              Join the FXGL chat at: https://gitter.im/AlmasB/FXGL
13:34:49.812 [JavaFX Application Thread] DEBUG PrimaryStageWindow   - Creating a JavaFX scene
13:34:49.909 [JavaFX Application Thread] DEBUG PrimaryStageWindow   - Target settings size: 800.0 x 500.0
13:34:49.910 [JavaFX Application Thread] DEBUG PrimaryStageWindow   - Scaled scene size:    800.0 x 500.0
13:34:49.910 [JavaFX Application Thread] DEBUG PrimaryStageWindow   - Scaled ratio: (1.0, 1.0)
13:34:49.912 [JavaFX Application Thread] DEBUG PrimaryStageWindow   - Set initial scene to FXGLStartupScene
13:34:49.919 [JavaFX Application Thread] DEBUG PrimaryStageWindow   - Opening main window
13:34:50.048 [JavaFX Application Thread] DEBUG PrimaryStageWindow   - Window border size: (14.4000244140625, 37.5999755859375)
13:34:50.049 [JavaFX Application Thread] DEBUG PrimaryStageWindow   - Scaled size: 800.0 x 500.0
13:34:50.049 [JavaFX Application Thread] DEBUG PrimaryStageWindow   - Scaled ratio: (1.0, 1.0)
13:34:50.050 [JavaFX Application Thread] DEBUG PrimaryStageWindow   - Scene size: 800.0 x 500.0
13:34:50.051 [JavaFX Application Thread] DEBUG PrimaryStageWindow   - Stage size: 814.4000244140625 x 537.5999755859375
13:34:50.067 [FXGL Background Thread 1 ] DEBUG Engine               - Initializing environment variables
13:34:50.151 [FXGL Background Thread 1 ] DEBUG FXGLAssetLoaderServi - User app class for loading assets: class Runner.ServerRunner
13:34:50.151 [FXGL Background Thread 1 ] DEBUG GameApplicationServi - Applying CSS: fxgl_dark.css
13:34:50.163 [FXGL Background Thread 1 ] DEBUG FXGLAssetLoaderServi - Loading from file system: jar:file:/C:/Users/Owner/.m2/repository/com/github/almasb/fxgl/17.3/fxgl-17.3.jar!/fxglassets/ui/css/fxgl_dark.css
13:34:50.356 [FXGL Background Thread 1 ] DEBUG GameApplicationServi - Initializing application scenes
13:34:50.797 [FXGL Background Thread 1 ] DEBUG GameWorld            - Game world initialized
13:34:50.903 [FXGL Background Thread 1 ] DEBUG PhysicsWorld         - Physics world initialized: appHeight=500, physics.ppm=50.0
13:34:50.905 [FXGL Background Thread 1 ] DEBUG PhysicsWorld         - Using strategy: BRUTE_FORCE
13:34:50.912 [FXGL Background Thread 1 ] DEBUG GameScene            - Game scene initialized: 800x500
13:34:50.939 [FXGL Background Thread 1 ] WARN  FXGL.DefaultMenu     - FXGLDefaultMenu is not designed for resolutions < 800x600
13:34:50.943 [FXGL Background Thread 1 ] DEBUG FXGL.DefaultMenu     - createMenuBodyGameMenu()
13:34:50.982 [FXGL Background Thread 1 ] DEBUG FXGL.DefaultMenu     - createOptionsMenu()
13:34:51.018 [FXGL Background Thread 1 ] DEBUG FXGLAssetLoaderServi - Loading from file system: jar:file:/C:/Users/Owner/.m2/repository/com/github/almasb/fxgl/17.3/fxgl-17.3.jar!/fxglassets/textures/particles/smoke.png
13:34:51.351 [FXGL Background Thread 1 ] DEBUG FXGLAssetLoaderServi - Loading from file system: jar:file:/C:/Users/Owner/.m2/repository/com/github/almasb/fxgl/17.3/fxgl-17.3.jar!/fxglassets/textures/particles/trace_horizontal.png
13:34:51.434 [FXGL Background Thread 1 ] DEBUG GameApplicationServi - Application scenes initialized
13:34:51.508 [FXGL Background Thread 1 ] DEBUG SystemBundleService  - Loading FXGL system data
13:34:51.528 [FXGL Background Thread 1 ] DEBUG FileSystemAccess     - Reading from: C:\Users\Owner\Desktop\Sonic-rush\system\fxgl.bundle
13:34:51.599 [FXGL Background Thread 1 ] DEBUG SystemBundleService  - Bundle FXGL: {}
13:34:51.600 [FXGL Background Thread 1 ] DEBUG UpdaterService       - Checking for updates
13:34:51.639 [FXGL Background Thread 1 ] DEBUG FXGLApplication      - Loading default localization
13:34:51.642 [FXGL Background Thread 1 ] DEBUG FXGLAssetLoaderServi - Loading from file system: jar:file:/C:/Users/Owner/.m2/repository/com/github/almasb/fxgl/17.3/fxgl-17.3.jar!/fxglassets/languages/english.lang
13:34:51.778 [FXGL Background Thread 1 ] INFO  FXGLApplication      - FXGL initialization took: 1.710 sec
13:34:51.857 [JavaFX Application Thread] DEBUG FXGLAssetLoaderServi - Loading from file system: jar:file:/C:/Users/Owner/.m2/repository/com/github/almasb/fxgl/17.3/fxgl-17.3.jar!/fxglassets/textures/fxgl_icon.png
13:34:51.950 [FXGL Background Thread 4 ] DEBUG FXGLApplication      - Loading fonts
13:34:51.952 [FXGL Background Thread 4 ] DEBUG FXGLAssetLoaderServi - Loading from file system: jar:file:/C:/Users/Owner/.m2/repository/com/github/almasb/fxgl/17.3/fxgl-17.3.jar!/fxglassets/ui/fonts/VarelaRound-Regular.ttf
13:34:51.959 [JavaFX Application Thread] DEBUG FXGLAssetLoaderServi - Loading from file system: jar:file:/C:/Users/Owner/.m2/repository/com/github/almasb/fxgl/17.3/fxgl-17.3.jar!/fxglassets/textures/fxgl_default_cursor.png
13:34:51.979 [JavaFX Application Thread] DEBUG Input                - Registered new binding: Screenshot - CTRL+8
13:34:51.980 [JavaFX Application Thread] DEBUG Input                - Registered new binding: System info dump - CTRL+9
13:34:51.980 [JavaFX Application Thread] DEBUG Input                - Registered new binding: Restart - CTRL+R
13:34:51.997 [JavaFX Application Thread] DEBUG Input                - Registered new binding: Toggle Debug Camera - CTRL+7
13:34:52.010 [JavaFX Application Thread] DEBUG LoopRunner           - Starting loop
13:34:52.010 [JavaFX Application Thread] DEBUG LoopRunner           - Initializing JavaFX AnimationTimerLoop
13:34:52.012 [JavaFX Application Thread] DEBUG GameApplicationServi - Starting new game
13:34:52.013 [JavaFX Application Thread] DEBUG Input                - Clearing active input actions
13:34:52.032 [JavaFX Application Thread] DEBUG GameApplicationServi - Removing overlay from FXGLStartupScene and adding to FXGLLoadingScene
13:34:52.033 [JavaFX Application Thread] DEBUG PrimaryStageWindow   - FXGLStartupScene -> FXGLLoadingScene
13:34:52.033 [JavaFX Application Thread] DEBUG GameApplicationServi - Clearing previous game
13:34:52.033 [JavaFX Application Thread] DEBUG GameScene            - Clearing game scene
13:34:52.033 [JavaFX Application Thread] DEBUG GameWorld            - Clearing game world
13:34:52.034 [JavaFX Application Thread] DEBUG PhysicsWorld         - Clearing physics world
13:34:52.037 [FXGL Background Thread 1 ] DEBUG FXGLApplication      - Initializing game
13:34:52.405 [ServerAsyncConnThread    ] DEBUG TCPServer            - Starting to listen at: 55555 type: class com.almasb.fxgl.core.serialization.Bundle
13:34:52.408 [FXGL Background Thread 1 ] DEBUG TMXLevelLoader       - Parsed TiledMap: file:/C:/Users/Owner/Desktop/Sonic-rush/target/classes/assets/levels/mapazo.tmx
13:34:52.410 [FXGL Background Thread 1 ] DEBUG TMXLevelLoader       - Creating tile layer entities
13:34:52.418 [FXGL Background Thread 1 ] DEBUG TilesetLoader        - Loading view for layer Capa de patrones 1
13:34:52.428 [FXGL Background Thread 1 ] DEBUG TilesetLoader        - Created buffer with size 3840.0x720.0
13:34:52.480 [FXGL Background Thread 1 ] DEBUG TMXLevelLoader       - Creating object layer entities
13:34:52.574 [FXGL Background Thread 1 ] DEBUG GameWorld            - Clearing removable entities
13:34:52.576 [FXGL Background Thread 1 ] DEBUG GameWorld            - Setting level: com.almasb.fxgl.entity.level.Level@3459c52d
13:34:52.931 [FXGL Background Thread 1 ] DEBUG FXGLAssetLoaderServi - Loading from file system: file:/C:/Users/Owner/Desktop/Sonic-rush/target/classes/assets/textures/Items/ring.png
13:34:52.956 [FXGL Background Thread 4 ] DEBUG FXGLAssetLoaderServi - Loading from file system: jar:file:/C:/Users/Owner/.m2/repository/com/github/almasb/fxgl/17.3/fxgl-17.3.jar!/fxglassets/ui/fonts/Abel-Regular.ttf
13:34:52.990 [FXGL Background Thread 4 ] DEBUG FXGLAssetLoaderServi - Loading from file system: jar:file:/C:/Users/Owner/.m2/repository/com/github/almasb/fxgl/17.3/fxgl-17.3.jar!/fxglassets/ui/fonts/TerminalLandMono-Regular.otf
13:34:52.999 [FXGL Background Thread 4 ] DEBUG FXGLAssetLoaderServi - Loading from file system: jar:file:/C:/Users/Owner/.m2/repository/com/github/almasb/fxgl/17.3/fxgl-17.3.jar!/fxglassets/ui/fonts/Courier-Prime.ttf
13:34:53.042 [JavaFX Application Thread] DEBUG FXGLApplication      - Registering font factories with UI factory
13:34:53.165 [FXGL Background Thread 1 ] DEBUG FXGLAssetLoaderServi - Loading from file system: file:/C:/Users/Owner/Desktop/Sonic-rush/target/classes/assets/textures/Enemigos/enemigo.png
13:34:53.367 [FXGL Background Thread 1 ] DEBUG FXGLAssetLoaderServi - Loading from file system: file:/C:/Users/Owner/Desktop/Sonic-rush/target/classes/assets/textures/Items/caucho.png
13:34:53.375 [FXGL Background Thread 1 ] DEBUG FXGLAssetLoaderServi - Loading from file system: file:/C:/Users/Owner/Desktop/Sonic-rush/target/classes/assets/textures/Items/papel.png
13:34:53.386 [FXGL Background Thread 1 ] DEBUG FXGLAssetLoaderServi - Loading from file system: file:/C:/Users/Owner/Desktop/Sonic-rush/target/classes/assets/textures/Items/basura.png
13:34:53.430 [FXGL Background Thread 1 ] INFO  FXGLApplication      - Game initialization took: 1.392 sec
13:34:53.451 [JavaFX Application Thread] DEBUG Input                - Clearing active input actions
13:34:53.510 [JavaFX Application Thread] DEBUG GameApplicationServi - Removing overlay from FXGLLoadingScene and adding to GameScene
13:34:53.511 [JavaFX Application Thread] DEBUG PrimaryStageWindow   - FXGLLoadingScene -> GameScene
13:34:54.628 [FXGL Background Thread 3 ] DEBUG Engine               - Logging environment variables
13:34:54.629 [FXGL Background Thread 3 ] DEBUG Engine               - achievements: []
13:34:54.629 [FXGL Background Thread 3 ] DEBUG Engine               - actualHeight: 500.0
13:34:54.629 [FXGL Background Thread 3 ] DEBUG Engine               - actualHeightProperty: ReadOnlyDoubleProperty [value: 500.0]
13:34:54.630 [FXGL Background Thread 3 ] DEBUG Engine               - actualWidth: 800.0
13:34:54.630 [FXGL Background Thread 3 ] DEBUG Engine               - actualWidthProperty: ReadOnlyDoubleProperty [value: 800.0]
13:34:54.630 [FXGL Background Thread 3 ] DEBUG Engine               - appIcon: fxgl_icon.png
13:34:54.630 [FXGL Background Thread 3 ] DEBUG Engine               - applicationMode: DEVELOPER
13:34:54.630 [FXGL Background Thread 3 ] DEBUG Engine               - cSSList: [fxgl_dark.css]
13:34:54.631 [FXGL Background Thread 3 ] DEBUG Engine               - collisionDetectionStrategy: BRUTE_FORCE
13:34:54.631 [FXGL Background Thread 3 ] DEBUG Engine               - configClass: Optional.empty
13:34:54.631 [FXGL Background Thread 3 ] DEBUG Engine               - credits: []
13:34:54.632 [FXGL Background Thread 3 ] DEBUG Engine               - defaultCursor: CursorInfo(imageName=fxgl_default_cursor.png, hotspotX=7.0, hotspotY=6.0)
13:34:54.633 [FXGL Background Thread 3 ] DEBUG Engine               - devBBoxColorProperty: ObjectProperty [value: 0xff0000ff]
13:34:54.634 [FXGL Background Thread 3 ] DEBUG Engine               - devEnableDebugCameraProperty: BooleanProperty [value: false]
13:34:54.635 [FXGL Background Thread 3 ] DEBUG Engine               - devSensorColorProperty: ObjectProperty [value: 0xffff00ff]
13:34:54.636 [FXGL Background Thread 3 ] DEBUG Engine               - devShowBBoxProperty: BooleanProperty [value: false]
13:34:54.636 [FXGL Background Thread 3 ] DEBUG Engine               - devShowPositionProperty: BooleanProperty [value: false]
13:34:54.645 [FXGL Background Thread 3 ] DEBUG Engine               - enabledMenuItems: []
13:34:54.646 [FXGL Background Thread 3 ] DEBUG Engine               - engineServices: [class com.almasb.fxgl.app.services.FXGLAssetLoaderService, class com.almasb.fxgl.app.FXGLApplication$GameApplicationService, class com.almasb.fxgl.app.services.FXGLDialogService, class com.almasb.fxgl.app.services.IOTaskExecutorService, class com.almasb.fxgl.io.FileSystemService, class com.almasb.fxgl.localization.LocalizationService, class com.almasb.fxgl.app.services.SystemBundleService, class com.almasb.fxgl.profile.SaveLoadService, class com.almasb.fxgl.ui.FXGLUIFactoryServiceProvider, class com.almasb.fxgl.ui.FXGLDialogFactoryServiceProvider, class com.almasb.fxgl.audio.AudioPlayer, class com.almasb.fxgl.notification.impl.NotificationServiceProvider, class com.almasb.fxgl.achievement.AchievementService, class com.almasb.fxgl.cutscene.CutsceneService, class com.almasb.fxgl.minigames.MiniGameService, class com.almasb.fxgl.net.NetService, class com.almasb.fxgl.app.services.UpdaterService, class com.almasb.fxgl.dev.DevService, class com.almasb.fxgl.multiplayer.MultiplayerService]
13:34:54.647 [FXGL Background Thread 3 ] DEBUG Engine               - fontGame: Abel-Regular.ttf
13:34:54.648 [FXGL Background Thread 3 ] DEBUG Engine               - fontMono: TerminalLandMono-Regular.otf
13:34:54.649 [FXGL Background Thread 3 ] DEBUG Engine               - fontSizeScaleUI: 1.0
13:34:54.650 [FXGL Background Thread 3 ] DEBUG Engine               - fontText: Courier-Prime.ttf
13:34:54.651 [FXGL Background Thread 3 ] DEBUG Engine               - fontUI: VarelaRound-Regular.ttf
13:34:54.653 [FXGL Background Thread 3 ] DEBUG Engine               - fullScreen: BooleanProperty [value: false]
13:34:54.654 [FXGL Background Thread 3 ] DEBUG Engine               - gameDifficulty: MEDIUM
13:34:54.660 [FXGL Background Thread 3 ] DEBUG Engine               - gameDifficultyProperty: ObjectProperty [value: MEDIUM]
13:34:54.661 [FXGL Background Thread 3 ] DEBUG Engine               - globalMusicVolume: 0.5
13:34:54.661 [FXGL Background Thread 3 ] DEBUG Engine               - globalMusicVolumeProperty: DoubleProperty [value: 0.5]
13:34:54.661 [FXGL Background Thread 3 ] DEBUG Engine               - globalSoundVolume: 0.5
13:34:54.661 [FXGL Background Thread 3 ] DEBUG Engine               - globalSoundVolumeProperty: DoubleProperty [value: 0.5]
13:34:54.661 [FXGL Background Thread 3 ] DEBUG Engine               - height: 500
13:34:54.662 [FXGL Background Thread 3 ] DEBUG Engine               - is3D: false
13:34:54.662 [FXGL Background Thread 3 ] DEBUG Engine               - isAndroid: false
13:34:54.663 [FXGL Background Thread 3 ] DEBUG Engine               - isBrowser: false
13:34:54.663 [FXGL Background Thread 3 ] DEBUG Engine               - isClickFeedbackEnabled: false
13:34:54.663 [FXGL Background Thread 3 ] DEBUG Engine               - isCloseConfirmation: false
13:34:54.664 [FXGL Background Thread 3 ] DEBUG Engine               - isDesktop: true
13:34:54.664 [FXGL Background Thread 3 ] DEBUG Engine               - isDeveloperMenuEnabled: false
13:34:54.664 [FXGL Background Thread 3 ] DEBUG Engine               - isEmbedded: false
13:34:54.664 [FXGL Background Thread 3 ] DEBUG Engine               - isEntityPreloadEnabled: true
13:34:54.664 [FXGL Background Thread 3 ] DEBUG Engine               - isExperimentalTiledLargeMap: false
13:34:54.664 [FXGL Background Thread 3 ] DEBUG Engine               - isFileSystemWriteAllowed: true
13:34:54.664 [FXGL Background Thread 3 ] DEBUG Engine               - isFullScreenAllowed: false
13:34:54.664 [FXGL Background Thread 3 ] DEBUG Engine               - isFullScreenFromStart: false
13:34:54.665 [FXGL Background Thread 3 ] DEBUG Engine               - isGameMenuEnabled: true
13:34:54.665 [FXGL Background Thread 3 ] DEBUG Engine               - isIOS: false
13:34:54.665 [FXGL Background Thread 3 ] DEBUG Engine               - isIntroEnabled: false
13:34:54.665 [FXGL Background Thread 3 ] DEBUG Engine               - isLinux: false
13:34:54.665 [FXGL Background Thread 3 ] DEBUG Engine               - isMac: false
13:34:54.665 [FXGL Background Thread 3 ] DEBUG Engine               - isMainMenuEnabled: false
13:34:54.665 [FXGL Background Thread 3 ] DEBUG Engine               - isManualResizeEnabled: false
13:34:54.666 [FXGL Background Thread 3 ] DEBUG Engine               - isMobile: false
13:34:54.666 [FXGL Background Thread 3 ] DEBUG Engine               - isNative: false
13:34:54.667 [FXGL Background Thread 3 ] DEBUG Engine               - isPauseMusicWhenMinimized: true
13:34:54.667 [FXGL Background Thread 3 ] DEBUG Engine               - isPreserveResizeRatio: false
13:34:54.668 [FXGL Background Thread 3 ] DEBUG Engine               - isProfilingEnabled: false
13:34:54.669 [FXGL Background Thread 3 ] DEBUG Engine               - isScaleAffectedOnResize: true
13:34:54.670 [FXGL Background Thread 3 ] DEBUG Engine               - isSingleStep: false
13:34:54.670 [FXGL Background Thread 3 ] DEBUG Engine               - isUserProfileEnabled: false
13:34:54.671 [FXGL Background Thread 3 ] DEBUG Engine               - isWindows: true
13:34:54.671 [FXGL Background Thread 3 ] DEBUG Engine               - language: ObjectProperty [value: ENGLISH]
13:34:54.674 [FXGL Background Thread 3 ] DEBUG Engine               - menuKey: ESCAPE
13:34:54.675 [FXGL Background Thread 3 ] DEBUG Engine               - mouseSensitivity: 0.2
13:34:54.675 [FXGL Background Thread 3 ] DEBUG Engine               - notificationViewClass: class com.almasb.fxgl.notification.view.XboxNotificationView
13:34:54.676 [FXGL Background Thread 3 ] DEBUG Engine               - pixelsPerMeter: 50.0
13:34:54.676 [FXGL Background Thread 3 ] DEBUG Engine               - platform: WINDOWS
13:34:54.677 [FXGL Background Thread 3 ] DEBUG Engine               - prefHeightProperty: ReadOnlyDoubleProperty [value: 500.0]
13:34:54.678 [FXGL Background Thread 3 ] DEBUG Engine               - prefWidthProperty: ReadOnlyDoubleProperty [value: 800.0]
13:34:54.678 [FXGL Background Thread 3 ] DEBUG Engine               - profileDir: profiles/
13:34:54.679 [FXGL Background Thread 3 ] DEBUG Engine               - profileName: StringProperty [value: DEFAULT]
13:34:54.680 [FXGL Background Thread 3 ] DEBUG Engine               - randomSeed: -1
13:34:54.686 [FXGL Background Thread 3 ] DEBUG Engine               - runtimeInfo: RuntimeInfo(platform=WINDOWS, version=17.3, build=30.03.2023 11.49)
13:34:54.687 [FXGL Background Thread 3 ] DEBUG Engine               - saveFileExt: sav
13:34:54.687 [FXGL Background Thread 3 ] DEBUG Engine               - scaledHeightProp$fxgl: DoubleProperty [bound, value: 500.0]
13:34:54.688 [FXGL Background Thread 3 ] DEBUG Engine               - scaledWidthProp$fxgl: DoubleProperty [bound, value: 800.0]
13:34:54.688 [FXGL Background Thread 3 ] DEBUG Engine               - sceneFactory: com.almasb.fxgl.app.scene.SceneFactory@21b5c1fb
13:34:54.690 [FXGL Background Thread 3 ] DEBUG Engine               - secondsIn24h: 60
13:34:54.690 [FXGL Background Thread 3 ] DEBUG Engine               - soundMenuBack: menu/back.wav
13:34:54.693 [FXGL Background Thread 3 ] DEBUG Engine               - soundMenuPress: menu/press.wav
13:34:54.693 [FXGL Background Thread 3 ] DEBUG Engine               - soundMenuSelect: menu/select.wav
13:34:54.697 [FXGL Background Thread 3 ] DEBUG Engine               - soundNotification: core/notification.wav
13:34:54.699 [FXGL Background Thread 3 ] DEBUG Engine               - stageStyle: DECORATED
13:34:54.701 [FXGL Background Thread 3 ] DEBUG Engine               - supportedLanguages: [ENGLISH, FRENCH, GERMAN, HUNGARIAN, RUSSIAN]
13:34:54.705 [FXGL Background Thread 3 ] DEBUG Engine               - ticksPerSecond: -1
13:34:54.712 [FXGL Background Thread 3 ] DEBUG Engine               - title: Server
13:34:54.714 [FXGL Background Thread 3 ] DEBUG Engine               - urlGithub: https://github.com/AlmasB/FXGL
13:34:54.715 [FXGL Background Thread 3 ] DEBUG Engine               - urlLeaderboard: http://fxgl-top.herokuapp.com/
13:34:54.715 [FXGL Background Thread 3 ] DEBUG Engine               - urlPOM: https://raw.githubusercontent.com/AlmasB/FXGL/release/README.md
13:34:54.716 [FXGL Background Thread 3 ] DEBUG Engine               - userAppClass: class Runner.ServerRunner
13:34:54.716 [FXGL Background Thread 3 ] DEBUG Engine               - version: 0.0
13:34:54.717 [FXGL Background Thread 3 ] DEBUG Engine               - versionCheckDays: 7
13:34:54.717 [FXGL Background Thread 3 ] DEBUG Engine               - width: 800
13:34:54.718 [FXGL Background Thread 3 ] DEBUG Engine               - Logging services
13:34:54.718 [FXGL Background Thread 3 ] DEBUG Engine               - class com.almasb.fxgl.app.services.FXGLAssetLoaderService
13:34:54.718 [FXGL Background Thread 3 ] DEBUG Engine               - class com.almasb.fxgl.app.FXGLApplication$GameApplicationService
13:34:54.718 [FXGL Background Thread 3 ] DEBUG Engine               - class com.almasb.fxgl.app.services.FXGLDialogService
13:34:54.719 [FXGL Background Thread 3 ] DEBUG Engine               - class com.almasb.fxgl.app.services.IOTaskExecutorService
13:34:54.719 [FXGL Background Thread 3 ] DEBUG Engine               - class com.almasb.fxgl.io.FileSystemService
13:34:54.720 [FXGL Background Thread 3 ] DEBUG Engine               - class com.almasb.fxgl.localization.LocalizationService
13:34:54.720 [FXGL Background Thread 3 ] DEBUG Engine               - class com.almasb.fxgl.app.services.SystemBundleService
13:34:54.720 [FXGL Background Thread 3 ] DEBUG Engine               - class com.almasb.fxgl.profile.SaveLoadService
13:34:54.720 [FXGL Background Thread 3 ] DEBUG Engine               - class com.almasb.fxgl.ui.FXGLUIFactoryServiceProvider
13:34:54.720 [FXGL Background Thread 3 ] DEBUG Engine               - class com.almasb.fxgl.ui.FXGLDialogFactoryServiceProvider
13:34:54.720 [FXGL Background Thread 3 ] DEBUG Engine               - class com.almasb.fxgl.audio.AudioPlayer
13:34:54.720 [FXGL Background Thread 3 ] DEBUG Engine               - class com.almasb.fxgl.notification.impl.NotificationServiceProvider
13:34:54.720 [FXGL Background Thread 3 ] DEBUG Engine               - class com.almasb.fxgl.achievement.AchievementService
13:34:54.720 [FXGL Background Thread 3 ] DEBUG Engine               - class com.almasb.fxgl.cutscene.CutsceneService
13:34:54.720 [FXGL Background Thread 3 ] DEBUG Engine               - class com.almasb.fxgl.minigames.MiniGameService
13:34:54.720 [FXGL Background Thread 3 ] DEBUG Engine               - class com.almasb.fxgl.net.NetService
13:34:54.720 [FXGL Background Thread 3 ] DEBUG Engine               - class com.almasb.fxgl.app.services.UpdaterService
13:34:54.721 [FXGL Background Thread 3 ] DEBUG Engine               - class com.almasb.fxgl.dev.DevService
13:34:54.721 [FXGL Background Thread 3 ] DEBUG Engine               - class com.almasb.fxgl.multiplayer.MultiplayerService
13:34:55.045 [FXGL Background Thread 2 ] INFO  UpdaterService       - Your current version:  17.3
13:34:55.089 [FXGL Background Thread 2 ] INFO  UpdaterService       - Latest stable version: 21.1
13:35:14.683 [ServerAsyncConnThread    ] DEBUG Endpoint             - TCPServer opening new connection (1) from /127.0.0.1:55102 type: class com.almasb.fxgl.core.serialization.Bundle
13:35:14.685 [ServerAsyncConnThread    ] DEBUG Endpoint             - TCPServer successfully opened connection (1)
13:35:15.153 [TCPServer_RecvThread-1   ] DEBUG Readers              - Getting TCPMessageReader for class com.almasb.fxgl.core.serialization.Bundle
13:35:15.163 [TCPServer_RecvThread-1   ] DEBUG Readers              - Constructed MessageReader for class com.almasb.fxgl.core.serialization.Bundle: BundleTCPMessageReader
13:35:15.210 [TCPServer_SendThread-1   ] DEBUG Writers              - Getting TCPMessageWriter for class com.almasb.fxgl.core.serialization.Bundle
13:35:15.234 [TCPServer_SendThread-1   ] DEBUG Writers              - Constructed TCPMessageWriter for class com.almasb.fxgl.core.serialization.Bundle: BundleTCPMessageWriter
13:35:37.152 [TCPServer_RecvThread-1   ] DEBUG Endpoint             - Connection 1 was unexpectedly disconnected: Connection reset
13:35:37.152 [TCPServer_RecvThread-1   ] DEBUG Connection           - Closing connection 1
13:35:37.153 [TCPServer_RecvThread-1   ] DEBUG Connection           - Connection 1 was correctly closed from local endpoint.
13:35:37.153 [TCPServer_RecvThread-1   ] DEBUG Endpoint             - TCPServer connection (1) was closed
13:36:33.385 [JavaFX Application Thread] DEBUG FXGLApplication      - Exiting FXGL
13:36:33.385 [JavaFX Application Thread] DEBUG LoopRunner           - Stopping loop
13:36:33.385 [JavaFX Application Thread] DEBUG SystemBundleService  - Saving FXGL system data
13:36:33.400 [JavaFX Application Thread] DEBUG FileSystemAccess     - Writing to: C:\Users\Owner\Desktop\Sonic-rush\system\fxgl.bundle
13:36:33.424 [JavaFX Application Thread] DEBUG Async                - Shutting down background threads
13:36:33.425 [JavaFX Application Thread] DEBUG PrimaryStageWindow   - Closing main window
13:36:33.494 [JavaFX Application Thread] DEBUG Logger               - Closing Logger
