17:56:23.574 [main                     ] DEBUG Logger               - Configured Logger
17:56:23.621 [main                     ] DEBUG GameApplication      - Logging settings
Title: Server
Version: 0.0
Width: 800
Height: 500
Fullscreen: false
Intro: false
Profiling: false
Single step:false
App Mode: DEVELOPER
Menu Key: ESCAPE
Stage Style: DECORATED
Scene Factory: class com.almasb.fxgl.app.scene.SceneFactory

17:56:24.090 [JavaFX Application Thread] DEBUG FXGLApplication      - Initializing FXGL
17:56:24.095 [JavaFX Application Thread] INFO  Engine               - FXGL-17.3 (30.03.2023 11.49) on WINDOWS (J:21.0.2 FX:20)
17:56:24.099 [JavaFX Application Thread] DEBUG Engine               - JRE Vendor Name: Oracle Corporation
17:56:24.099 [JavaFX Application Thread] DEBUG Engine               - Running on OS: Windows 10 version 10.0
17:56:24.099 [JavaFX Application Thread] DEBUG Engine               - Architecture: amd64
17:56:24.099 [JavaFX Application Thread] INFO  Engine               - Source code and latest versions at: https://github.com/AlmasB/FXGL
17:56:24.100 [JavaFX Application Thread] INFO  Engine               -       Ask questions and discuss at: https://github.com/AlmasB/FXGL/discussions
17:56:24.100 [JavaFX Application Thread] INFO  Engine               -              Join the FXGL chat at: https://gitter.im/AlmasB/FXGL
17:56:24.265 [JavaFX Application Thread] DEBUG PrimaryStageWindow   - Creating a JavaFX scene
17:56:24.355 [JavaFX Application Thread] DEBUG PrimaryStageWindow   - Target settings size: 800.0 x 500.0
17:56:24.356 [JavaFX Application Thread] DEBUG PrimaryStageWindow   - Scaled scene size:    800.0 x 500.0
17:56:24.356 [JavaFX Application Thread] DEBUG PrimaryStageWindow   - Scaled ratio: (1.0, 1.0)
17:56:24.357 [JavaFX Application Thread] DEBUG PrimaryStageWindow   - Set initial scene to FXGLStartupScene
17:56:24.361 [JavaFX Application Thread] DEBUG PrimaryStageWindow   - Opening main window
17:56:24.477 [JavaFX Application Thread] DEBUG PrimaryStageWindow   - Window border size: (16.0, 39.0)
17:56:24.477 [JavaFX Application Thread] DEBUG PrimaryStageWindow   - Scaled size: 800.0 x 500.0
17:56:24.477 [JavaFX Application Thread] DEBUG PrimaryStageWindow   - Scaled ratio: (1.0, 1.0)
17:56:24.478 [JavaFX Application Thread] DEBUG PrimaryStageWindow   - Scene size: 800.0 x 500.0
17:56:24.478 [JavaFX Application Thread] DEBUG PrimaryStageWindow   - Stage size: 816.0 x 539.0
17:56:24.491 [FXGL Background Thread 1 ] DEBUG Engine               - Initializing environment variables
17:56:24.576 [FXGL Background Thread 1 ] DEBUG FXGLAssetLoaderServi - User app class for loading assets: class Runner.ServerRunner
17:56:24.577 [FXGL Background Thread 1 ] DEBUG GameApplicationServi - Applying CSS: fxgl_dark.css
17:56:24.578 [FXGL Background Thread 1 ] DEBUG FXGLAssetLoaderServi - Loading from file system: jar:file:/C:/Users/User/.m2/repository/com/github/almasb/fxgl/17.3/fxgl-17.3.jar!/fxglassets/ui/css/fxgl_dark.css
17:56:24.655 [FXGL Background Thread 1 ] DEBUG GameApplicationServi - Initializing application scenes
17:56:24.779 [FXGL Background Thread 1 ] DEBUG GameWorld            - Game world initialized
17:56:24.873 [FXGL Background Thread 1 ] DEBUG PhysicsWorld         - Physics world initialized: appHeight=500, physics.ppm=50,0
17:56:24.873 [FXGL Background Thread 1 ] DEBUG PhysicsWorld         - Using strategy: BRUTE_FORCE
17:56:24.877 [FXGL Background Thread 1 ] DEBUG GameScene            - Game scene initialized: 800x500
17:56:24.892 [FXGL Background Thread 1 ] WARN  FXGL.DefaultMenu     - FXGLDefaultMenu is not designed for resolutions < 800x600
17:56:24.895 [FXGL Background Thread 1 ] DEBUG FXGL.DefaultMenu     - createMenuBodyGameMenu()
17:56:24.924 [FXGL Background Thread 1 ] DEBUG FXGL.DefaultMenu     - createOptionsMenu()
17:56:24.937 [FXGL Background Thread 1 ] DEBUG FXGLAssetLoaderServi - Loading from file system: jar:file:/C:/Users/User/.m2/repository/com/github/almasb/fxgl/17.3/fxgl-17.3.jar!/fxglassets/textures/particles/smoke.png
17:56:25.100 [FXGL Background Thread 1 ] DEBUG FXGLAssetLoaderServi - Loading from file system: jar:file:/C:/Users/User/.m2/repository/com/github/almasb/fxgl/17.3/fxgl-17.3.jar!/fxglassets/textures/particles/trace_horizontal.png
17:56:25.142 [FXGL Background Thread 1 ] DEBUG GameApplicationServi - Application scenes initialized
17:56:25.162 [FXGL Background Thread 1 ] DEBUG SystemBundleService  - Loading FXGL system data
17:56:25.171 [FXGL Background Thread 1 ] DEBUG FileSystemAccess     - Reading from: C:\Users\User\Documents\GitHub\Sonic-rush\system\fxgl.bundle
17:56:25.194 [FXGL Background Thread 1 ] DEBUG SystemBundleService  - Bundle FXGL: {}
17:56:25.194 [FXGL Background Thread 1 ] DEBUG UpdaterService       - Checking for updates
17:56:25.202 [FXGL Background Thread 1 ] DEBUG FXGLApplication      - Loading default localization
17:56:25.203 [FXGL Background Thread 1 ] DEBUG FXGLAssetLoaderServi - Loading from file system: jar:file:/C:/Users/User/.m2/repository/com/github/almasb/fxgl/17.3/fxgl-17.3.jar!/fxglassets/languages/english.lang
17:56:25.224 [FXGL Background Thread 1 ] INFO  FXGLApplication      - FXGL initialization took: 0,732 sec
17:56:25.231 [JavaFX Application Thread] DEBUG FXGLAssetLoaderServi - Loading from file system: jar:file:/C:/Users/User/.m2/repository/com/github/almasb/fxgl/17.3/fxgl-17.3.jar!/fxglassets/textures/fxgl_icon.png
17:56:25.291 [FXGL Background Thread 4 ] DEBUG FXGLApplication      - Loading fonts
17:56:25.291 [FXGL Background Thread 4 ] DEBUG FXGLAssetLoaderServi - Loading from file system: jar:file:/C:/Users/User/.m2/repository/com/github/almasb/fxgl/17.3/fxgl-17.3.jar!/fxglassets/ui/fonts/VarelaRound-Regular.ttf
17:56:25.303 [JavaFX Application Thread] DEBUG FXGLAssetLoaderServi - Loading from file system: jar:file:/C:/Users/User/.m2/repository/com/github/almasb/fxgl/17.3/fxgl-17.3.jar!/fxglassets/textures/fxgl_default_cursor.png
17:56:25.317 [JavaFX Application Thread] DEBUG Input                - Registered new binding: Screenshot - CTRL+8
17:56:25.317 [JavaFX Application Thread] DEBUG Input                - Registered new binding: System info dump - CTRL+9
17:56:25.318 [JavaFX Application Thread] DEBUG Input                - Registered new binding: Restart - CTRL+R
17:56:25.319 [JavaFX Application Thread] DEBUG Input                - Registered new binding: Toggle Debug Camera - CTRL+7
17:56:25.322 [JavaFX Application Thread] DEBUG LoopRunner           - Starting loop
17:56:25.322 [JavaFX Application Thread] DEBUG LoopRunner           - Initializing JavaFX AnimationTimerLoop
17:56:25.324 [JavaFX Application Thread] DEBUG GameApplicationServi - Starting new game
17:56:25.324 [JavaFX Application Thread] DEBUG Input                - Clearing active input actions
17:56:25.328 [FXGL Background Thread 4 ] DEBUG FXGLAssetLoaderServi - Loading from file system: jar:file:/C:/Users/User/.m2/repository/com/github/almasb/fxgl/17.3/fxgl-17.3.jar!/fxglassets/ui/fonts/Abel-Regular.ttf
17:56:25.337 [JavaFX Application Thread] DEBUG GameApplicationServi - Removing overlay from FXGLStartupScene and adding to FXGLLoadingScene
17:56:25.338 [JavaFX Application Thread] DEBUG PrimaryStageWindow   - FXGLStartupScene -> FXGLLoadingScene
17:56:25.338 [JavaFX Application Thread] DEBUG GameApplicationServi - Clearing previous game
17:56:25.338 [JavaFX Application Thread] DEBUG GameScene            - Clearing game scene
17:56:25.338 [JavaFX Application Thread] DEBUG GameWorld            - Clearing game world
17:56:25.338 [JavaFX Application Thread] DEBUG PhysicsWorld         - Clearing physics world
17:56:25.352 [FXGL Background Thread 1 ] DEBUG FXGLApplication      - Initializing game
17:56:25.412 [FXGL Background Thread 1 ] WARN  TMXLevelLoader       - TiledMap generated from 1.11.2. Supported version: 1.9.0. Some features may not be parsed fully.
17:56:25.418 [ServerAsyncConnThread    ] DEBUG TCPServer            - Starting to listen at: 50000 type: class com.almasb.fxgl.core.serialization.Bundle
17:56:25.444 [FXGL Background Thread 1 ] DEBUG TMXLevelLoader       - Parsed TiledMap: file:/C:/Users/User/Documents/GitHub/Sonic-rush/target/classes/assets/levels/mapazo.tmx
17:56:25.445 [FXGL Background Thread 1 ] DEBUG TMXLevelLoader       - Creating tile layer entities
17:56:25.449 [FXGL Background Thread 1 ] DEBUG TilesetLoader        - Loading view for layer Capa de patrones 1
17:56:25.451 [FXGL Background Thread 4 ] DEBUG FXGLAssetLoaderServi - Loading from file system: jar:file:/C:/Users/User/.m2/repository/com/github/almasb/fxgl/17.3/fxgl-17.3.jar!/fxglassets/ui/fonts/TerminalLandMono-Regular.otf
17:56:25.479 [FXGL Background Thread 4 ] DEBUG FXGLAssetLoaderServi - Loading from file system: jar:file:/C:/Users/User/.m2/repository/com/github/almasb/fxgl/17.3/fxgl-17.3.jar!/fxglassets/ui/fonts/Courier-Prime.ttf
17:56:25.481 [FXGL Background Thread 1 ] DEBUG TilesetLoader        - Created buffer with size 3840.0x720.0
17:56:25.538 [FXGL Background Thread 1 ] DEBUG TMXLevelLoader       - Creating object layer entities
17:56:25.614 [FXGL Background Thread 1 ] DEBUG GameWorld            - Clearing removable entities
17:56:25.615 [FXGL Background Thread 1 ] DEBUG GameWorld            - Setting level: com.almasb.fxgl.entity.level.Level@7d03f029
17:56:25.680 [FXGL Background Thread 1 ] DEBUG FXGLAssetLoaderServi - Loading from file system: file:/C:/Users/User/Documents/GitHub/Sonic-rush/target/classes/assets/textures/Items/ring.png
17:56:25.790 [FXGL Background Thread 1 ] DEBUG FXGLAssetLoaderServi - Loading from file system: file:/C:/Users/User/Documents/GitHub/Sonic-rush/target/classes/assets/textures/Enemigos/enemigo2.png
17:56:25.802 [FXGL Background Thread 1 ] DEBUG FXGLAssetLoaderServi - Loading from file system: file:/C:/Users/User/Documents/GitHub/Sonic-rush/target/classes/assets/textures/Items/basura.png
17:56:25.807 [FXGL Background Thread 1 ] DEBUG FXGLAssetLoaderServi - Loading from file system: file:/C:/Users/User/Documents/GitHub/Sonic-rush/target/classes/assets/textures/Items/papel.png
17:56:25.808 [FXGL Background Thread 1 ] DEBUG FXGLAssetLoaderServi - Loading from file system: file:/C:/Users/User/Documents/GitHub/Sonic-rush/target/classes/assets/textures/Items/caucho.png
17:56:25.827 [FXGL Background Thread 1 ] INFO  FXGLApplication      - Game initialization took: 0,475 sec
17:56:25.837 [JavaFX Application Thread] DEBUG FXGLApplication      - Registering font factories with UI factory
17:56:25.840 [JavaFX Application Thread] DEBUG Input                - Clearing active input actions
17:56:25.851 [JavaFX Application Thread] DEBUG GameApplicationServi - Removing overlay from FXGLLoadingScene and adding to GameScene
17:56:25.852 [JavaFX Application Thread] DEBUG PrimaryStageWindow   - FXGLLoadingScene -> GameScene
17:56:26.310 [FXGL Background Thread 2 ] INFO  UpdaterService       - Your current version:  17.3
17:56:26.321 [FXGL Background Thread 2 ] INFO  UpdaterService       - Latest stable version: 21.1
17:56:26.940 [JavaFX Application Thread] DEBUG LoopRunner           - Pausing loop
17:56:28.198 [FXGL Background Thread 3 ] DEBUG Engine               - Logging environment variables
17:56:28.199 [FXGL Background Thread 3 ] DEBUG Engine               - achievements: []
17:56:28.200 [FXGL Background Thread 3 ] DEBUG Engine               - actualHeight: 500.0
17:56:28.200 [FXGL Background Thread 3 ] DEBUG Engine               - actualHeightProperty: ReadOnlyDoubleProperty [value: 500.0]
17:56:28.201 [FXGL Background Thread 3 ] DEBUG Engine               - actualWidth: 800.0
17:56:28.201 [FXGL Background Thread 3 ] DEBUG Engine               - actualWidthProperty: ReadOnlyDoubleProperty [value: 800.0]
17:56:28.201 [FXGL Background Thread 3 ] DEBUG Engine               - appIcon: fxgl_icon.png
17:56:28.201 [FXGL Background Thread 3 ] DEBUG Engine               - applicationMode: DEVELOPER
17:56:28.201 [FXGL Background Thread 3 ] DEBUG Engine               - cSSList: [fxgl_dark.css]
17:56:28.201 [FXGL Background Thread 3 ] DEBUG Engine               - collisionDetectionStrategy: BRUTE_FORCE
17:56:28.201 [FXGL Background Thread 3 ] DEBUG Engine               - configClass: Optional.empty
17:56:28.201 [FXGL Background Thread 3 ] DEBUG Engine               - credits: []
17:56:28.202 [FXGL Background Thread 3 ] DEBUG Engine               - defaultCursor: CursorInfo(imageName=fxgl_default_cursor.png, hotspotX=7.0, hotspotY=6.0)
17:56:28.202 [FXGL Background Thread 3 ] DEBUG Engine               - devBBoxColorProperty: ObjectProperty [value: 0xff0000ff]
17:56:28.202 [FXGL Background Thread 3 ] DEBUG Engine               - devEnableDebugCameraProperty: BooleanProperty [value: false]
17:56:28.202 [FXGL Background Thread 3 ] DEBUG Engine               - devSensorColorProperty: ObjectProperty [value: 0xffff00ff]
17:56:28.202 [FXGL Background Thread 3 ] DEBUG Engine               - devShowBBoxProperty: BooleanProperty [value: false]
17:56:28.203 [FXGL Background Thread 3 ] DEBUG Engine               - devShowPositionProperty: BooleanProperty [value: false]
17:56:28.203 [FXGL Background Thread 3 ] DEBUG Engine               - enabledMenuItems: []
17:56:28.203 [FXGL Background Thread 3 ] DEBUG Engine               - engineServices: [class com.almasb.fxgl.app.services.FXGLAssetLoaderService, class com.almasb.fxgl.app.FXGLApplication$GameApplicationService, class com.almasb.fxgl.app.services.FXGLDialogService, class com.almasb.fxgl.app.services.IOTaskExecutorService, class com.almasb.fxgl.io.FileSystemService, class com.almasb.fxgl.localization.LocalizationService, class com.almasb.fxgl.app.services.SystemBundleService, class com.almasb.fxgl.profile.SaveLoadService, class com.almasb.fxgl.ui.FXGLUIFactoryServiceProvider, class com.almasb.fxgl.ui.FXGLDialogFactoryServiceProvider, class com.almasb.fxgl.audio.AudioPlayer, class com.almasb.fxgl.notification.impl.NotificationServiceProvider, class com.almasb.fxgl.achievement.AchievementService, class com.almasb.fxgl.cutscene.CutsceneService, class com.almasb.fxgl.minigames.MiniGameService, class com.almasb.fxgl.net.NetService, class com.almasb.fxgl.app.services.UpdaterService, class com.almasb.fxgl.dev.DevService, class com.almasb.fxgl.multiplayer.MultiplayerService]
17:56:28.203 [FXGL Background Thread 3 ] DEBUG Engine               - fontGame: Abel-Regular.ttf
17:56:28.203 [FXGL Background Thread 3 ] DEBUG Engine               - fontMono: TerminalLandMono-Regular.otf
17:56:28.204 [FXGL Background Thread 3 ] DEBUG Engine               - fontSizeScaleUI: 1.0
17:56:28.204 [FXGL Background Thread 3 ] DEBUG Engine               - fontText: Courier-Prime.ttf
17:56:28.204 [FXGL Background Thread 3 ] DEBUG Engine               - fontUI: VarelaRound-Regular.ttf
17:56:28.204 [FXGL Background Thread 3 ] DEBUG Engine               - fullScreen: BooleanProperty [value: false]
17:56:28.204 [FXGL Background Thread 3 ] DEBUG Engine               - gameDifficulty: MEDIUM
17:56:28.204 [FXGL Background Thread 3 ] DEBUG Engine               - gameDifficultyProperty: ObjectProperty [value: MEDIUM]
17:56:28.204 [FXGL Background Thread 3 ] DEBUG Engine               - globalMusicVolume: 0.5
17:56:28.205 [FXGL Background Thread 3 ] DEBUG Engine               - globalMusicVolumeProperty: DoubleProperty [value: 0.5]
17:56:28.205 [FXGL Background Thread 3 ] DEBUG Engine               - globalSoundVolume: 0.5
17:56:28.207 [FXGL Background Thread 3 ] DEBUG Engine               - globalSoundVolumeProperty: DoubleProperty [value: 0.5]
17:56:28.207 [FXGL Background Thread 3 ] DEBUG Engine               - height: 500
17:56:28.207 [FXGL Background Thread 3 ] DEBUG Engine               - is3D: false
17:56:28.209 [FXGL Background Thread 3 ] DEBUG Engine               - isAndroid: false
17:56:28.209 [FXGL Background Thread 3 ] DEBUG Engine               - isBrowser: false
17:56:28.209 [FXGL Background Thread 3 ] DEBUG Engine               - isClickFeedbackEnabled: false
17:56:28.210 [FXGL Background Thread 3 ] DEBUG Engine               - isCloseConfirmation: false
17:56:28.210 [FXGL Background Thread 3 ] DEBUG Engine               - isDesktop: true
17:56:28.210 [FXGL Background Thread 3 ] DEBUG Engine               - isDeveloperMenuEnabled: false
17:56:28.210 [FXGL Background Thread 3 ] DEBUG Engine               - isEmbedded: false
17:56:28.210 [FXGL Background Thread 3 ] DEBUG Engine               - isEntityPreloadEnabled: true
17:56:28.210 [FXGL Background Thread 3 ] DEBUG Engine               - isExperimentalTiledLargeMap: false
17:56:28.210 [FXGL Background Thread 3 ] DEBUG Engine               - isFileSystemWriteAllowed: true
17:56:28.210 [FXGL Background Thread 3 ] DEBUG Engine               - isFullScreenAllowed: false
17:56:28.210 [FXGL Background Thread 3 ] DEBUG Engine               - isFullScreenFromStart: false
17:56:28.210 [FXGL Background Thread 3 ] DEBUG Engine               - isGameMenuEnabled: true
17:56:28.210 [FXGL Background Thread 3 ] DEBUG Engine               - isIOS: false
17:56:28.210 [FXGL Background Thread 3 ] DEBUG Engine               - isIntroEnabled: false
17:56:28.210 [FXGL Background Thread 3 ] DEBUG Engine               - isLinux: false
17:56:28.210 [FXGL Background Thread 3 ] DEBUG Engine               - isMac: false
17:56:28.210 [FXGL Background Thread 3 ] DEBUG Engine               - isMainMenuEnabled: false
17:56:28.210 [FXGL Background Thread 3 ] DEBUG Engine               - isManualResizeEnabled: false
17:56:28.210 [FXGL Background Thread 3 ] DEBUG Engine               - isMobile: false
17:56:28.210 [FXGL Background Thread 3 ] DEBUG Engine               - isNative: false
17:56:28.210 [FXGL Background Thread 3 ] DEBUG Engine               - isPauseMusicWhenMinimized: true
17:56:28.210 [FXGL Background Thread 3 ] DEBUG Engine               - isPreserveResizeRatio: false
17:56:28.211 [FXGL Background Thread 3 ] DEBUG Engine               - isProfilingEnabled: false
17:56:28.211 [FXGL Background Thread 3 ] DEBUG Engine               - isScaleAffectedOnResize: true
17:56:28.211 [FXGL Background Thread 3 ] DEBUG Engine               - isSingleStep: false
17:56:28.211 [FXGL Background Thread 3 ] DEBUG Engine               - isUserProfileEnabled: false
17:56:28.211 [FXGL Background Thread 3 ] DEBUG Engine               - isWindows: true
17:56:28.211 [FXGL Background Thread 3 ] DEBUG Engine               - language: ObjectProperty [value: ENGLISH]
17:56:28.211 [FXGL Background Thread 3 ] DEBUG Engine               - menuKey: ESCAPE
17:56:28.211 [FXGL Background Thread 3 ] DEBUG Engine               - mouseSensitivity: 0.2
17:56:28.211 [FXGL Background Thread 3 ] DEBUG Engine               - notificationViewClass: class com.almasb.fxgl.notification.view.XboxNotificationView
17:56:28.211 [FXGL Background Thread 3 ] DEBUG Engine               - pixelsPerMeter: 50.0
17:56:28.211 [FXGL Background Thread 3 ] DEBUG Engine               - platform: WINDOWS
17:56:28.211 [FXGL Background Thread 3 ] DEBUG Engine               - prefHeightProperty: ReadOnlyDoubleProperty [value: 500.0]
17:56:28.211 [FXGL Background Thread 3 ] DEBUG Engine               - prefWidthProperty: ReadOnlyDoubleProperty [value: 800.0]
17:56:28.211 [FXGL Background Thread 3 ] DEBUG Engine               - profileDir: profiles/
17:56:28.211 [FXGL Background Thread 3 ] DEBUG Engine               - profileName: StringProperty [value: DEFAULT]
17:56:28.211 [FXGL Background Thread 3 ] DEBUG Engine               - randomSeed: -1
17:56:28.211 [FXGL Background Thread 3 ] DEBUG Engine               - runtimeInfo: RuntimeInfo(platform=WINDOWS, version=17.3, build=30.03.2023 11.49)
17:56:28.212 [FXGL Background Thread 3 ] DEBUG Engine               - saveFileExt: sav
17:56:28.212 [FXGL Background Thread 3 ] DEBUG Engine               - scaledHeightProp$fxgl: DoubleProperty [bound, value: 500.0]
17:56:28.212 [FXGL Background Thread 3 ] DEBUG Engine               - scaledWidthProp$fxgl: DoubleProperty [bound, value: 800.0]
17:56:28.212 [FXGL Background Thread 3 ] DEBUG Engine               - sceneFactory: com.almasb.fxgl.app.scene.SceneFactory@26d17f21
17:56:28.212 [FXGL Background Thread 3 ] DEBUG Engine               - secondsIn24h: 60
17:56:28.212 [FXGL Background Thread 3 ] DEBUG Engine               - soundMenuBack: menu/back.wav
17:56:28.212 [FXGL Background Thread 3 ] DEBUG Engine               - soundMenuPress: menu/press.wav
17:56:28.212 [FXGL Background Thread 3 ] DEBUG Engine               - soundMenuSelect: menu/select.wav
17:56:28.212 [FXGL Background Thread 3 ] DEBUG Engine               - soundNotification: core/notification.wav
17:56:28.212 [FXGL Background Thread 3 ] DEBUG Engine               - stageStyle: DECORATED
17:56:28.212 [FXGL Background Thread 3 ] DEBUG Engine               - supportedLanguages: [ENGLISH, FRENCH, GERMAN, HUNGARIAN, RUSSIAN]
17:56:28.212 [FXGL Background Thread 3 ] DEBUG Engine               - ticksPerSecond: -1
17:56:28.212 [FXGL Background Thread 3 ] DEBUG Engine               - title: Server
17:56:28.212 [FXGL Background Thread 3 ] DEBUG Engine               - urlGithub: https://github.com/AlmasB/FXGL
17:56:28.212 [FXGL Background Thread 3 ] DEBUG Engine               - urlLeaderboard: http://fxgl-top.herokuapp.com/
17:56:28.212 [FXGL Background Thread 3 ] DEBUG Engine               - urlPOM: https://raw.githubusercontent.com/AlmasB/FXGL/release/README.md
17:56:28.212 [FXGL Background Thread 3 ] DEBUG Engine               - userAppClass: class Runner.ServerRunner
17:56:28.212 [FXGL Background Thread 3 ] DEBUG Engine               - version: 0.0
17:56:28.212 [FXGL Background Thread 3 ] DEBUG Engine               - versionCheckDays: 7
17:56:28.212 [FXGL Background Thread 3 ] DEBUG Engine               - width: 800
17:56:28.212 [FXGL Background Thread 3 ] DEBUG Engine               - Logging services
17:56:28.212 [FXGL Background Thread 3 ] DEBUG Engine               - class com.almasb.fxgl.app.services.FXGLAssetLoaderService
17:56:28.212 [FXGL Background Thread 3 ] DEBUG Engine               - class com.almasb.fxgl.app.FXGLApplication$GameApplicationService
17:56:28.212 [FXGL Background Thread 3 ] DEBUG Engine               - class com.almasb.fxgl.app.services.FXGLDialogService
17:56:28.212 [FXGL Background Thread 3 ] DEBUG Engine               - class com.almasb.fxgl.app.services.IOTaskExecutorService
17:56:28.212 [FXGL Background Thread 3 ] DEBUG Engine               - class com.almasb.fxgl.io.FileSystemService
17:56:28.212 [FXGL Background Thread 3 ] DEBUG Engine               - class com.almasb.fxgl.localization.LocalizationService
17:56:28.212 [FXGL Background Thread 3 ] DEBUG Engine               - class com.almasb.fxgl.app.services.SystemBundleService
17:56:28.212 [FXGL Background Thread 3 ] DEBUG Engine               - class com.almasb.fxgl.profile.SaveLoadService
17:56:28.213 [FXGL Background Thread 3 ] DEBUG Engine               - class com.almasb.fxgl.ui.FXGLUIFactoryServiceProvider
17:56:28.213 [FXGL Background Thread 3 ] DEBUG Engine               - class com.almasb.fxgl.ui.FXGLDialogFactoryServiceProvider
17:56:28.213 [FXGL Background Thread 3 ] DEBUG Engine               - class com.almasb.fxgl.audio.AudioPlayer
17:56:28.213 [FXGL Background Thread 3 ] DEBUG Engine               - class com.almasb.fxgl.notification.impl.NotificationServiceProvider
17:56:28.213 [FXGL Background Thread 3 ] DEBUG Engine               - class com.almasb.fxgl.achievement.AchievementService
17:56:28.213 [FXGL Background Thread 3 ] DEBUG Engine               - class com.almasb.fxgl.cutscene.CutsceneService
17:56:28.213 [FXGL Background Thread 3 ] DEBUG Engine               - class com.almasb.fxgl.minigames.MiniGameService
17:56:28.213 [FXGL Background Thread 3 ] DEBUG Engine               - class com.almasb.fxgl.net.NetService
17:56:28.213 [FXGL Background Thread 3 ] DEBUG Engine               - class com.almasb.fxgl.app.services.UpdaterService
17:56:28.213 [FXGL Background Thread 3 ] DEBUG Engine               - class com.almasb.fxgl.dev.DevService
17:56:28.213 [FXGL Background Thread 3 ] DEBUG Engine               - class com.almasb.fxgl.multiplayer.MultiplayerService
17:56:34.891 [ServerAsyncConnThread    ] DEBUG Endpoint             - TCPServer opening new connection (1) from /192.168.56.1:60556 type: class com.almasb.fxgl.core.serialization.Bundle
17:56:34.891 [ServerAsyncConnThread    ] DEBUG Endpoint             - TCPServer successfully opened connection (1)
17:56:34.904 [TCPServer_SendThread-1   ] DEBUG Writers              - Getting TCPMessageWriter for class com.almasb.fxgl.core.serialization.Bundle
17:56:34.905 [TCPServer_RecvThread-1   ] DEBUG Readers              - Getting TCPMessageReader for class com.almasb.fxgl.core.serialization.Bundle
17:56:34.906 [TCPServer_RecvThread-1   ] DEBUG Readers              - Constructed MessageReader for class com.almasb.fxgl.core.serialization.Bundle: BundleTCPMessageReader
17:56:34.906 [TCPServer_SendThread-1   ] DEBUG Writers              - Constructed TCPMessageWriter for class com.almasb.fxgl.core.serialization.Bundle: BundleTCPMessageWriter
17:56:54.116 [TCPServer_RecvThread-1   ] DEBUG Endpoint             - Connection 1 was unexpectedly disconnected: Connection reset
17:56:54.116 [TCPServer_RecvThread-1   ] DEBUG Connection           - Closing connection 1
17:56:54.117 [TCPServer_RecvThread-1   ] DEBUG Connection           - Connection 1 was correctly closed from local endpoint.
17:56:54.117 [TCPServer_RecvThread-1   ] DEBUG Endpoint             - TCPServer connection (1) was closed
17:56:54.784 [JavaFX Application Thread] DEBUG LoopRunner           - Resuming loop
17:56:55.776 [JavaFX Application Thread] DEBUG FXGLApplication      - Exiting FXGL
17:56:55.777 [JavaFX Application Thread] DEBUG LoopRunner           - Stopping loop
17:56:55.777 [JavaFX Application Thread] DEBUG SystemBundleService  - Saving FXGL system data
17:56:55.778 [JavaFX Application Thread] DEBUG FileSystemAccess     - Writing to: C:\Users\User\Documents\GitHub\Sonic-rush\system\fxgl.bundle
17:56:55.778 [JavaFX Application Thread] DEBUG Async                - Shutting down background threads
17:56:55.779 [JavaFX Application Thread] DEBUG PrimaryStageWindow   - Closing main window
17:56:55.788 [JavaFX Application Thread] DEBUG Logger               - Closing Logger
