14:52:27.857 [main                     ] DEBUG Logger               - Configured Logger
14:52:27.924 [main                     ] DEBUG GameApplication      - Logging settings
Title: Server
Version: 0.0
Width: 800
Height: 500
Fullscreen: false
Intro: false
Profiling: false
Single step:false
App Mode: DEVELOPER
Menu Key: ESCAPE
Stage Style: DECORATED
Scene Factory: class com.almasb.fxgl.app.scene.SceneFactory

14:52:29.130 [JavaFX Application Thread] DEBUG FXGLApplication      - Initializing FXGL
14:52:29.137 [JavaFX Application Thread] INFO  Engine               - FXGL-17.3 (30.03.2023 11.49) on WINDOWS (J:17.0.12 FX:20)
14:52:29.139 [JavaFX Application Thread] DEBUG Engine               - JRE Vendor Name: Oracle Corporation
14:52:29.140 [JavaFX Application Thread] DEBUG Engine               - Running on OS: Windows 10 version 10.0
14:52:29.140 [JavaFX Application Thread] DEBUG Engine               - Architecture: amd64
14:52:29.140 [JavaFX Application Thread] INFO  Engine               - Source code and latest versions at: https://github.com/AlmasB/FXGL
14:52:29.140 [JavaFX Application Thread] INFO  Engine               -       Ask questions and discuss at: https://github.com/AlmasB/FXGL/discussions
14:52:29.141 [JavaFX Application Thread] INFO  Engine               -              Join the FXGL chat at: https://gitter.im/AlmasB/FXGL
14:52:29.389 [JavaFX Application Thread] DEBUG PrimaryStageWindow   - Creating a JavaFX scene
14:52:29.643 [JavaFX Application Thread] DEBUG PrimaryStageWindow   - Target settings size: 800.0 x 500.0
14:52:29.644 [JavaFX Application Thread] DEBUG PrimaryStageWindow   - Scaled scene size:    800.0 x 500.0
14:52:29.645 [JavaFX Application Thread] DEBUG PrimaryStageWindow   - Scaled ratio: (1.0, 1.0)
14:52:29.656 [JavaFX Application Thread] DEBUG PrimaryStageWindow   - Set initial scene to FXGLStartupScene
14:52:29.664 [JavaFX Application Thread] DEBUG PrimaryStageWindow   - Opening main window
14:52:29.887 [JavaFX Application Thread] DEBUG PrimaryStageWindow   - Window border size: (14.4000244140625, 37.5999755859375)
14:52:29.888 [JavaFX Application Thread] DEBUG PrimaryStageWindow   - Scaled size: 800.0 x 500.0
14:52:29.888 [JavaFX Application Thread] DEBUG PrimaryStageWindow   - Scaled ratio: (1.0, 1.0)
14:52:29.889 [JavaFX Application Thread] DEBUG PrimaryStageWindow   - Scene size: 800.0 x 500.0
14:52:29.890 [JavaFX Application Thread] DEBUG PrimaryStageWindow   - Stage size: 814.4000244140625 x 537.5999755859375
14:52:30.042 [FXGL Background Thread 1 ] DEBUG Engine               - Initializing environment variables
14:52:30.315 [FXGL Background Thread 1 ] DEBUG FXGLAssetLoaderServi - User app class for loading assets: class Runner.ServerRunner
14:52:30.323 [FXGL Background Thread 1 ] DEBUG GameApplicationServi - Applying CSS: fxgl_dark.css
14:52:30.324 [FXGL Background Thread 1 ] DEBUG FXGLAssetLoaderServi - Loading from file system: jar:file:/C:/Users/Owner/.m2/repository/com/github/almasb/fxgl/17.3/fxgl-17.3.jar!/fxglassets/ui/css/fxgl_dark.css
14:52:30.823 [FXGL Background Thread 1 ] DEBUG GameApplicationServi - Initializing application scenes
14:52:31.133 [FXGL Background Thread 1 ] DEBUG GameWorld            - Game world initialized
14:52:31.562 [FXGL Background Thread 1 ] DEBUG PhysicsWorld         - Physics world initialized: appHeight=500, physics.ppm=50.0
14:52:31.563 [FXGL Background Thread 1 ] DEBUG PhysicsWorld         - Using strategy: BRUTE_FORCE
14:52:31.573 [FXGL Background Thread 1 ] DEBUG GameScene            - Game scene initialized: 800x500
14:52:31.619 [FXGL Background Thread 1 ] WARN  FXGL.DefaultMenu     - FXGLDefaultMenu is not designed for resolutions < 800x600
14:52:31.670 [FXGL Background Thread 1 ] DEBUG FXGL.DefaultMenu     - createMenuBodyGameMenu()
14:52:31.752 [FXGL Background Thread 1 ] DEBUG FXGL.DefaultMenu     - createOptionsMenu()
14:52:31.786 [FXGL Background Thread 1 ] DEBUG FXGLAssetLoaderServi - Loading from file system: jar:file:/C:/Users/Owner/.m2/repository/com/github/almasb/fxgl/17.3/fxgl-17.3.jar!/fxglassets/textures/particles/smoke.png
14:52:32.238 [FXGL Background Thread 1 ] DEBUG FXGLAssetLoaderServi - Loading from file system: jar:file:/C:/Users/Owner/.m2/repository/com/github/almasb/fxgl/17.3/fxgl-17.3.jar!/fxglassets/textures/particles/trace_horizontal.png
14:52:32.293 [FXGL Background Thread 1 ] DEBUG GameApplicationServi - Application scenes initialized
14:52:32.349 [FXGL Background Thread 1 ] DEBUG SystemBundleService  - Loading FXGL system data
14:52:32.356 [FXGL Background Thread 1 ] DEBUG FileSystemAccess     - Reading from: C:\Users\Owner\Desktop\Sonic-rush\system\fxgl.bundle
14:52:32.374 [FXGL Background Thread 1 ] DEBUG SystemBundleService  - Bundle FXGL: {}
14:52:32.374 [FXGL Background Thread 1 ] DEBUG UpdaterService       - Checking for updates
14:52:32.387 [FXGL Background Thread 1 ] DEBUG FXGLApplication      - Loading default localization
14:52:32.388 [FXGL Background Thread 1 ] DEBUG FXGLAssetLoaderServi - Loading from file system: jar:file:/C:/Users/Owner/.m2/repository/com/github/almasb/fxgl/17.3/fxgl-17.3.jar!/fxglassets/languages/english.lang
14:52:32.411 [FXGL Background Thread 4 ] DEBUG FXGLApplication      - Loading fonts
14:52:32.412 [FXGL Background Thread 4 ] DEBUG FXGLAssetLoaderServi - Loading from file system: jar:file:/C:/Users/Owner/.m2/repository/com/github/almasb/fxgl/17.3/fxgl-17.3.jar!/fxglassets/ui/fonts/VarelaRound-Regular.ttf
14:52:32.420 [FXGL Background Thread 1 ] INFO  FXGLApplication      - FXGL initialization took: 2.377 sec
14:52:32.487 [JavaFX Application Thread] DEBUG FXGLAssetLoaderServi - Loading from file system: jar:file:/C:/Users/Owner/.m2/repository/com/github/almasb/fxgl/17.3/fxgl-17.3.jar!/fxglassets/textures/fxgl_icon.png
14:52:32.605 [JavaFX Application Thread] DEBUG FXGLAssetLoaderServi - Loading from file system: jar:file:/C:/Users/Owner/.m2/repository/com/github/almasb/fxgl/17.3/fxgl-17.3.jar!/fxglassets/textures/fxgl_default_cursor.png
14:52:32.669 [JavaFX Application Thread] DEBUG Input                - Registered new binding: Screenshot - CTRL+8
14:52:32.672 [JavaFX Application Thread] DEBUG Input                - Registered new binding: System info dump - CTRL+9
14:52:32.673 [JavaFX Application Thread] DEBUG Input                - Registered new binding: Restart - CTRL+R
14:52:32.687 [JavaFX Application Thread] DEBUG Input                - Registered new binding: Toggle Debug Camera - CTRL+7
14:52:32.717 [JavaFX Application Thread] DEBUG LoopRunner           - Starting loop
14:52:32.717 [JavaFX Application Thread] DEBUG LoopRunner           - Initializing JavaFX AnimationTimerLoop
14:52:32.722 [JavaFX Application Thread] DEBUG GameApplicationServi - Starting new game
14:52:32.723 [JavaFX Application Thread] DEBUG Input                - Clearing active input actions
14:52:32.776 [JavaFX Application Thread] DEBUG GameApplicationServi - Removing overlay from FXGLStartupScene and adding to FXGLLoadingScene
14:52:32.784 [JavaFX Application Thread] DEBUG PrimaryStageWindow   - FXGLStartupScene -> FXGLLoadingScene
14:52:32.786 [JavaFX Application Thread] DEBUG GameApplicationServi - Clearing previous game
14:52:32.787 [JavaFX Application Thread] DEBUG GameScene            - Clearing game scene
14:52:32.787 [JavaFX Application Thread] DEBUG GameWorld            - Clearing game world
14:52:32.789 [JavaFX Application Thread] DEBUG PhysicsWorld         - Clearing physics world
14:52:32.798 [FXGL Background Thread 1 ] DEBUG FXGLApplication      - Initializing game
14:52:33.381 [ServerAsyncConnThread    ] DEBUG TCPServer            - Starting to listen at: 55555 type: class com.almasb.fxgl.core.serialization.Bundle
14:52:33.470 [FXGL Background Thread 1 ] DEBUG TMXLevelLoader       - Parsed TiledMap: file:/C:/Users/Owner/Desktop/Sonic-rush/target/classes/assets/levels/mapazo.tmx
14:52:33.472 [FXGL Background Thread 1 ] DEBUG TMXLevelLoader       - Creating tile layer entities
14:52:33.477 [FXGL Background Thread 1 ] DEBUG TilesetLoader        - Loading view for layer Capa de patrones 1
14:52:33.503 [FXGL Background Thread 1 ] DEBUG TilesetLoader        - Created buffer with size 3840.0x720.0
14:52:33.555 [FXGL Background Thread 1 ] DEBUG TMXLevelLoader       - Creating object layer entities
14:52:33.639 [FXGL Background Thread 1 ] DEBUG GameWorld            - Clearing removable entities
14:52:33.640 [FXGL Background Thread 1 ] DEBUG GameWorld            - Setting level: com.almasb.fxgl.entity.level.Level@37647124
14:52:34.689 [FXGL Background Thread 1 ] DEBUG FXGLAssetLoaderServi - Loading from file system: file:/C:/Users/Owner/Desktop/Sonic-rush/target/classes/assets/textures/Items/ring.png
14:52:34.717 [FXGL Background Thread 4 ] DEBUG FXGLAssetLoaderServi - Loading from file system: jar:file:/C:/Users/Owner/.m2/repository/com/github/almasb/fxgl/17.3/fxgl-17.3.jar!/fxglassets/ui/fonts/Abel-Regular.ttf
14:52:34.722 [FXGL Background Thread 4 ] DEBUG FXGLAssetLoaderServi - Loading from file system: jar:file:/C:/Users/Owner/.m2/repository/com/github/almasb/fxgl/17.3/fxgl-17.3.jar!/fxglassets/ui/fonts/TerminalLandMono-Regular.otf
14:52:34.726 [FXGL Background Thread 4 ] DEBUG FXGLAssetLoaderServi - Loading from file system: jar:file:/C:/Users/Owner/.m2/repository/com/github/almasb/fxgl/17.3/fxgl-17.3.jar!/fxglassets/ui/fonts/Courier-Prime.ttf
14:52:34.836 [JavaFX Application Thread] DEBUG FXGLApplication      - Registering font factories with UI factory
14:52:34.897 [FXGL Background Thread 1 ] DEBUG FXGLAssetLoaderServi - Loading from file system: file:/C:/Users/Owner/Desktop/Sonic-rush/target/classes/assets/textures/Enemigos/enemigo.png
14:52:35.068 [FXGL Background Thread 1 ] DEBUG FXGLAssetLoaderServi - Loading from file system: file:/C:/Users/Owner/Desktop/Sonic-rush/target/classes/assets/textures/Items/caucho.png
14:52:35.073 [FXGL Background Thread 1 ] DEBUG FXGLAssetLoaderServi - Loading from file system: file:/C:/Users/Owner/Desktop/Sonic-rush/target/classes/assets/textures/Items/basura.png
14:52:35.084 [FXGL Background Thread 1 ] DEBUG FXGLAssetLoaderServi - Loading from file system: file:/C:/Users/Owner/Desktop/Sonic-rush/target/classes/assets/textures/Items/papel.png
14:52:35.111 [FXGL Background Thread 1 ] INFO  FXGLApplication      - Game initialization took: 2.314 sec
14:52:35.383 [FXGL Background Thread 3 ] DEBUG Engine               - Logging environment variables
14:52:35.384 [FXGL Background Thread 3 ] DEBUG Engine               - achievements: []
14:52:35.384 [FXGL Background Thread 3 ] DEBUG Engine               - actualHeight: 500.0
14:52:35.385 [FXGL Background Thread 3 ] DEBUG Engine               - actualHeightProperty: ReadOnlyDoubleProperty [value: 500.0]
14:52:35.385 [FXGL Background Thread 3 ] DEBUG Engine               - actualWidth: 800.0
14:52:35.385 [FXGL Background Thread 3 ] DEBUG Engine               - actualWidthProperty: ReadOnlyDoubleProperty [value: 800.0]
14:52:35.385 [FXGL Background Thread 3 ] DEBUG Engine               - appIcon: fxgl_icon.png
14:52:35.385 [FXGL Background Thread 3 ] DEBUG Engine               - applicationMode: DEVELOPER
14:52:35.386 [FXGL Background Thread 3 ] DEBUG Engine               - cSSList: [fxgl_dark.css]
14:52:35.386 [FXGL Background Thread 3 ] DEBUG Engine               - collisionDetectionStrategy: BRUTE_FORCE
14:52:35.388 [FXGL Background Thread 3 ] DEBUG Engine               - configClass: Optional.empty
14:52:35.388 [FXGL Background Thread 3 ] DEBUG Engine               - credits: []
14:52:35.390 [FXGL Background Thread 3 ] DEBUG Engine               - defaultCursor: CursorInfo(imageName=fxgl_default_cursor.png, hotspotX=7.0, hotspotY=6.0)
14:52:35.391 [FXGL Background Thread 3 ] DEBUG Engine               - devBBoxColorProperty: ObjectProperty [value: 0xff0000ff]
14:52:35.392 [FXGL Background Thread 3 ] DEBUG Engine               - devEnableDebugCameraProperty: BooleanProperty [value: false]
14:52:35.392 [FXGL Background Thread 3 ] DEBUG Engine               - devSensorColorProperty: ObjectProperty [value: 0xffff00ff]
14:52:35.392 [FXGL Background Thread 3 ] DEBUG Engine               - devShowBBoxProperty: BooleanProperty [value: false]
14:52:35.393 [FXGL Background Thread 3 ] DEBUG Engine               - devShowPositionProperty: BooleanProperty [value: false]
14:52:35.393 [FXGL Background Thread 3 ] DEBUG Engine               - enabledMenuItems: []
14:52:35.393 [FXGL Background Thread 3 ] DEBUG Engine               - engineServices: [class com.almasb.fxgl.app.services.FXGLAssetLoaderService, class com.almasb.fxgl.app.FXGLApplication$GameApplicationService, class com.almasb.fxgl.app.services.FXGLDialogService, class com.almasb.fxgl.app.services.IOTaskExecutorService, class com.almasb.fxgl.io.FileSystemService, class com.almasb.fxgl.localization.LocalizationService, class com.almasb.fxgl.app.services.SystemBundleService, class com.almasb.fxgl.profile.SaveLoadService, class com.almasb.fxgl.ui.FXGLUIFactoryServiceProvider, class com.almasb.fxgl.ui.FXGLDialogFactoryServiceProvider, class com.almasb.fxgl.audio.AudioPlayer, class com.almasb.fxgl.notification.impl.NotificationServiceProvider, class com.almasb.fxgl.achievement.AchievementService, class com.almasb.fxgl.cutscene.CutsceneService, class com.almasb.fxgl.minigames.MiniGameService, class com.almasb.fxgl.net.NetService, class com.almasb.fxgl.app.services.UpdaterService, class com.almasb.fxgl.dev.DevService, class com.almasb.fxgl.multiplayer.MultiplayerService]
14:52:35.393 [FXGL Background Thread 3 ] DEBUG Engine               - fontGame: Abel-Regular.ttf
14:52:35.394 [FXGL Background Thread 3 ] DEBUG Engine               - fontMono: TerminalLandMono-Regular.otf
14:52:35.394 [FXGL Background Thread 3 ] DEBUG Engine               - fontSizeScaleUI: 1.0
14:52:35.394 [FXGL Background Thread 3 ] DEBUG Engine               - fontText: Courier-Prime.ttf
14:52:35.395 [FXGL Background Thread 3 ] DEBUG Engine               - fontUI: VarelaRound-Regular.ttf
14:52:35.395 [FXGL Background Thread 3 ] DEBUG Engine               - fullScreen: BooleanProperty [value: false]
14:52:35.397 [FXGL Background Thread 3 ] DEBUG Engine               - gameDifficulty: MEDIUM
14:52:35.398 [FXGL Background Thread 3 ] DEBUG Engine               - gameDifficultyProperty: ObjectProperty [value: MEDIUM]
14:52:35.399 [FXGL Background Thread 3 ] DEBUG Engine               - globalMusicVolume: 0.5
14:52:35.399 [FXGL Background Thread 3 ] DEBUG Engine               - globalMusicVolumeProperty: DoubleProperty [value: 0.5]
14:52:35.399 [FXGL Background Thread 3 ] DEBUG Engine               - globalSoundVolume: 0.5
14:52:35.400 [FXGL Background Thread 3 ] DEBUG Engine               - globalSoundVolumeProperty: DoubleProperty [value: 0.5]
14:52:35.400 [FXGL Background Thread 3 ] DEBUG Engine               - height: 500
14:52:35.400 [FXGL Background Thread 3 ] DEBUG Engine               - is3D: false
14:52:35.400 [FXGL Background Thread 3 ] DEBUG Engine               - isAndroid: false
14:52:35.400 [FXGL Background Thread 3 ] DEBUG Engine               - isBrowser: false
14:52:35.400 [FXGL Background Thread 3 ] DEBUG Engine               - isClickFeedbackEnabled: false
14:52:35.401 [FXGL Background Thread 3 ] DEBUG Engine               - isCloseConfirmation: false
14:52:35.401 [FXGL Background Thread 3 ] DEBUG Engine               - isDesktop: true
14:52:35.401 [FXGL Background Thread 3 ] DEBUG Engine               - isDeveloperMenuEnabled: false
14:52:35.401 [FXGL Background Thread 3 ] DEBUG Engine               - isEmbedded: false
14:52:35.401 [FXGL Background Thread 3 ] DEBUG Engine               - isEntityPreloadEnabled: true
14:52:35.401 [FXGL Background Thread 3 ] DEBUG Engine               - isExperimentalTiledLargeMap: false
14:52:35.401 [FXGL Background Thread 3 ] DEBUG Engine               - isFileSystemWriteAllowed: true
14:52:35.402 [FXGL Background Thread 3 ] DEBUG Engine               - isFullScreenAllowed: false
14:52:35.402 [FXGL Background Thread 3 ] DEBUG Engine               - isFullScreenFromStart: false
14:52:35.402 [FXGL Background Thread 3 ] DEBUG Engine               - isGameMenuEnabled: true
14:52:35.402 [FXGL Background Thread 3 ] DEBUG Engine               - isIOS: false
14:52:35.402 [FXGL Background Thread 3 ] DEBUG Engine               - isIntroEnabled: false
14:52:35.402 [FXGL Background Thread 3 ] DEBUG Engine               - isLinux: false
14:52:35.402 [FXGL Background Thread 3 ] DEBUG Engine               - isMac: false
14:52:35.402 [FXGL Background Thread 3 ] DEBUG Engine               - isMainMenuEnabled: false
14:52:35.403 [FXGL Background Thread 3 ] DEBUG Engine               - isManualResizeEnabled: false
14:52:35.403 [FXGL Background Thread 3 ] DEBUG Engine               - isMobile: false
14:52:35.403 [FXGL Background Thread 3 ] DEBUG Engine               - isNative: false
14:52:35.403 [FXGL Background Thread 3 ] DEBUG Engine               - isPauseMusicWhenMinimized: true
14:52:35.403 [FXGL Background Thread 3 ] DEBUG Engine               - isPreserveResizeRatio: false
14:52:35.403 [FXGL Background Thread 3 ] DEBUG Engine               - isProfilingEnabled: false
14:52:35.403 [FXGL Background Thread 3 ] DEBUG Engine               - isScaleAffectedOnResize: true
14:52:35.403 [FXGL Background Thread 3 ] DEBUG Engine               - isSingleStep: false
14:52:35.403 [FXGL Background Thread 3 ] DEBUG Engine               - isUserProfileEnabled: false
14:52:35.403 [FXGL Background Thread 3 ] DEBUG Engine               - isWindows: true
14:52:35.404 [FXGL Background Thread 3 ] DEBUG Engine               - language: ObjectProperty [value: ENGLISH]
14:52:35.404 [FXGL Background Thread 3 ] DEBUG Engine               - menuKey: ESCAPE
14:52:35.404 [FXGL Background Thread 3 ] DEBUG Engine               - mouseSensitivity: 0.2
14:52:35.404 [FXGL Background Thread 3 ] DEBUG Engine               - notificationViewClass: class com.almasb.fxgl.notification.view.XboxNotificationView
14:52:35.404 [FXGL Background Thread 3 ] DEBUG Engine               - pixelsPerMeter: 50.0
14:52:35.404 [FXGL Background Thread 3 ] DEBUG Engine               - platform: WINDOWS
14:52:35.404 [FXGL Background Thread 3 ] DEBUG Engine               - prefHeightProperty: ReadOnlyDoubleProperty [value: 500.0]
14:52:35.404 [FXGL Background Thread 3 ] DEBUG Engine               - prefWidthProperty: ReadOnlyDoubleProperty [value: 800.0]
14:52:35.405 [FXGL Background Thread 3 ] DEBUG Engine               - profileDir: profiles/
14:52:35.405 [FXGL Background Thread 3 ] DEBUG Engine               - profileName: StringProperty [value: DEFAULT]
14:52:35.405 [FXGL Background Thread 3 ] DEBUG Engine               - randomSeed: -1
14:52:35.405 [FXGL Background Thread 3 ] DEBUG Engine               - runtimeInfo: RuntimeInfo(platform=WINDOWS, version=17.3, build=30.03.2023 11.49)
14:52:35.406 [FXGL Background Thread 3 ] DEBUG Engine               - saveFileExt: sav
14:52:35.406 [FXGL Background Thread 3 ] DEBUG Engine               - scaledHeightProp$fxgl: DoubleProperty [bound, value: 500.0]
14:52:35.406 [FXGL Background Thread 3 ] DEBUG Engine               - scaledWidthProp$fxgl: DoubleProperty [bound, value: 800.0]
14:52:35.406 [FXGL Background Thread 3 ] DEBUG Engine               - sceneFactory: com.almasb.fxgl.app.scene.SceneFactory@437b3bc9
14:52:35.406 [FXGL Background Thread 3 ] DEBUG Engine               - secondsIn24h: 60
14:52:35.406 [FXGL Background Thread 3 ] DEBUG Engine               - soundMenuBack: menu/back.wav
14:52:35.406 [FXGL Background Thread 3 ] DEBUG Engine               - soundMenuPress: menu/press.wav
14:52:35.406 [FXGL Background Thread 3 ] DEBUG Engine               - soundMenuSelect: menu/select.wav
14:52:35.406 [FXGL Background Thread 3 ] DEBUG Engine               - soundNotification: core/notification.wav
14:52:35.407 [FXGL Background Thread 3 ] DEBUG Engine               - stageStyle: DECORATED
14:52:35.407 [FXGL Background Thread 3 ] DEBUG Engine               - supportedLanguages: [ENGLISH, FRENCH, GERMAN, HUNGARIAN, RUSSIAN]
14:52:35.407 [FXGL Background Thread 3 ] DEBUG Engine               - ticksPerSecond: -1
14:52:35.407 [FXGL Background Thread 3 ] DEBUG Engine               - title: Server
14:52:35.408 [FXGL Background Thread 3 ] DEBUG Engine               - urlGithub: https://github.com/AlmasB/FXGL
14:52:35.408 [FXGL Background Thread 3 ] DEBUG Engine               - urlLeaderboard: http://fxgl-top.herokuapp.com/
14:52:35.408 [FXGL Background Thread 3 ] DEBUG Engine               - urlPOM: https://raw.githubusercontent.com/AlmasB/FXGL/release/README.md
14:52:35.408 [FXGL Background Thread 3 ] DEBUG Engine               - userAppClass: class Runner.ServerRunner
14:52:35.408 [FXGL Background Thread 3 ] DEBUG Engine               - version: 0.0
14:52:35.408 [FXGL Background Thread 3 ] DEBUG Engine               - versionCheckDays: 7
14:52:35.408 [FXGL Background Thread 3 ] DEBUG Engine               - width: 800
14:52:35.408 [FXGL Background Thread 3 ] DEBUG Engine               - Logging services
14:52:35.408 [FXGL Background Thread 3 ] DEBUG Engine               - class com.almasb.fxgl.app.services.FXGLAssetLoaderService
14:52:35.408 [FXGL Background Thread 3 ] DEBUG Engine               - class com.almasb.fxgl.app.FXGLApplication$GameApplicationService
14:52:35.408 [FXGL Background Thread 3 ] DEBUG Engine               - class com.almasb.fxgl.app.services.FXGLDialogService
14:52:35.408 [FXGL Background Thread 3 ] DEBUG Engine               - class com.almasb.fxgl.app.services.IOTaskExecutorService
14:52:35.409 [FXGL Background Thread 3 ] DEBUG Engine               - class com.almasb.fxgl.io.FileSystemService
14:52:35.410 [FXGL Background Thread 3 ] DEBUG Engine               - class com.almasb.fxgl.localization.LocalizationService
14:52:35.410 [FXGL Background Thread 3 ] DEBUG Engine               - class com.almasb.fxgl.app.services.SystemBundleService
14:52:35.410 [FXGL Background Thread 3 ] DEBUG Engine               - class com.almasb.fxgl.profile.SaveLoadService
14:52:35.410 [FXGL Background Thread 3 ] DEBUG Engine               - class com.almasb.fxgl.ui.FXGLUIFactoryServiceProvider
14:52:35.410 [FXGL Background Thread 3 ] DEBUG Engine               - class com.almasb.fxgl.ui.FXGLDialogFactoryServiceProvider
14:52:35.410 [FXGL Background Thread 3 ] DEBUG Engine               - class com.almasb.fxgl.audio.AudioPlayer
14:52:35.410 [FXGL Background Thread 3 ] DEBUG Engine               - class com.almasb.fxgl.notification.impl.NotificationServiceProvider
14:52:35.410 [FXGL Background Thread 3 ] DEBUG Engine               - class com.almasb.fxgl.achievement.AchievementService
14:52:35.410 [FXGL Background Thread 3 ] DEBUG Engine               - class com.almasb.fxgl.cutscene.CutsceneService
14:52:35.410 [FXGL Background Thread 3 ] DEBUG Engine               - class com.almasb.fxgl.minigames.MiniGameService
14:52:35.410 [FXGL Background Thread 3 ] DEBUG Engine               - class com.almasb.fxgl.net.NetService
14:52:35.410 [FXGL Background Thread 3 ] DEBUG Engine               - class com.almasb.fxgl.app.services.UpdaterService
14:52:35.410 [FXGL Background Thread 3 ] DEBUG Engine               - class com.almasb.fxgl.dev.DevService
14:52:35.410 [FXGL Background Thread 3 ] DEBUG Engine               - class com.almasb.fxgl.multiplayer.MultiplayerService
14:52:35.586 [JavaFX Application Thread] DEBUG Input                - Clearing active input actions
14:52:35.599 [JavaFX Application Thread] DEBUG GameApplicationServi - Removing overlay from FXGLLoadingScene and adding to GameScene
14:52:35.599 [JavaFX Application Thread] DEBUG PrimaryStageWindow   - FXGLLoadingScene -> GameScene
14:52:35.894 [FXGL Background Thread 2 ] INFO  UpdaterService       - Your current version:  17.3
14:52:36.531 [FXGL Background Thread 2 ] INFO  UpdaterService       - Latest stable version: 21.1
14:53:32.220 [JavaFX Application Thread] DEBUG FXGLApplication      - Exiting FXGL
14:53:32.221 [JavaFX Application Thread] DEBUG LoopRunner           - Stopping loop
14:53:32.222 [JavaFX Application Thread] DEBUG SystemBundleService  - Saving FXGL system data
14:53:32.231 [JavaFX Application Thread] DEBUG FileSystemAccess     - Writing to: C:\Users\Owner\Desktop\Sonic-rush\system\fxgl.bundle
14:53:32.238 [JavaFX Application Thread] DEBUG Async                - Shutting down background threads
14:53:32.239 [JavaFX Application Thread] DEBUG PrimaryStageWindow   - Closing main window
14:53:32.284 [JavaFX Application Thread] DEBUG Logger               - Closing Logger
