18:13:15.884 [main                     ] DEBUG Logger               - Configured Logger
18:13:15.928 [main                     ] DEBUG GameApplication      - Logging settings
Title: Server
Version: 0.0
Width: 800
Height: 500
Fullscreen: false
Intro: false
Profiling: false
Single step:false
App Mode: DEVELOPER
Menu Key: ESCAPE
Stage Style: DECORATED
Scene Factory: class com.almasb.fxgl.app.scene.SceneFactory

18:13:16.427 [JavaFX Application Thread] DEBUG FXGLApplication      - Initializing FXGL
18:13:16.434 [JavaFX Application Thread] INFO  Engine               - FXGL-17.3 (30.03.2023 11.49) on WINDOWS (J:17.0.12 FX:20)
18:13:16.434 [JavaFX Application Thread] DEBUG Engine               - JRE Vendor Name: Oracle Corporation
18:13:16.435 [JavaFX Application Thread] DEBUG Engine               - Running on OS: Windows 10 version 10.0
18:13:16.435 [JavaFX Application Thread] DEBUG Engine               - Architecture: amd64
18:13:16.435 [JavaFX Application Thread] INFO  Engine               - Source code and latest versions at: https://github.com/AlmasB/FXGL
18:13:16.436 [JavaFX Application Thread] INFO  Engine               -       Ask questions and discuss at: https://github.com/AlmasB/FXGL/discussions
18:13:16.437 [JavaFX Application Thread] INFO  Engine               -              Join the FXGL chat at: https://gitter.im/AlmasB/FXGL
18:13:16.639 [JavaFX Application Thread] DEBUG PrimaryStageWindow   - Creating a JavaFX scene
18:13:16.709 [JavaFX Application Thread] DEBUG PrimaryStageWindow   - Target settings size: 800.0 x 500.0
18:13:16.709 [JavaFX Application Thread] DEBUG PrimaryStageWindow   - Scaled scene size:    800.0 x 500.0
18:13:16.709 [JavaFX Application Thread] DEBUG PrimaryStageWindow   - Scaled ratio: (1.0, 1.0)
18:13:16.711 [JavaFX Application Thread] DEBUG PrimaryStageWindow   - Set initial scene to FXGLStartupScene
18:13:16.716 [JavaFX Application Thread] DEBUG PrimaryStageWindow   - Opening main window
18:13:16.829 [JavaFX Application Thread] DEBUG PrimaryStageWindow   - Window border size: (14.4000244140625, 37.5999755859375)
18:13:16.829 [JavaFX Application Thread] DEBUG PrimaryStageWindow   - Scaled size: 800.0 x 500.0
18:13:16.830 [JavaFX Application Thread] DEBUG PrimaryStageWindow   - Scaled ratio: (1.0, 1.0)
18:13:16.830 [JavaFX Application Thread] DEBUG PrimaryStageWindow   - Scene size: 800.0 x 500.0
18:13:16.831 [JavaFX Application Thread] DEBUG PrimaryStageWindow   - Stage size: 814.4000244140625 x 537.5999755859375
18:13:17.111 [FXGL Background Thread 1 ] DEBUG Engine               - Initializing environment variables
18:13:17.310 [FXGL Background Thread 1 ] DEBUG FXGLAssetLoaderServi - User app class for loading assets: class Runner.ServerRunner
18:13:17.310 [FXGL Background Thread 1 ] DEBUG GameApplicationServi - Applying CSS: fxgl_dark.css
18:13:17.313 [FXGL Background Thread 1 ] DEBUG FXGLAssetLoaderServi - Loading from file system: jar:file:/C:/Users/Owner/.m2/repository/com/github/almasb/fxgl/17.3/fxgl-17.3.jar!/fxglassets/ui/css/fxgl_dark.css
18:13:17.684 [FXGL Background Thread 1 ] DEBUG GameApplicationServi - Initializing application scenes
18:13:18.127 [FXGL Background Thread 1 ] DEBUG GameWorld            - Game world initialized
18:13:18.444 [FXGL Background Thread 1 ] DEBUG PhysicsWorld         - Physics world initialized: appHeight=500, physics.ppm=50.0
18:13:18.444 [FXGL Background Thread 1 ] DEBUG PhysicsWorld         - Using strategy: BRUTE_FORCE
18:13:18.453 [FXGL Background Thread 1 ] DEBUG GameScene            - Game scene initialized: 800x500
18:13:18.483 [FXGL Background Thread 1 ] WARN  FXGL.DefaultMenu     - FXGLDefaultMenu is not designed for resolutions < 800x600
18:13:18.485 [FXGL Background Thread 1 ] DEBUG FXGL.DefaultMenu     - createMenuBodyGameMenu()
18:13:18.563 [FXGL Background Thread 1 ] DEBUG FXGL.DefaultMenu     - createOptionsMenu()
18:13:18.617 [FXGL Background Thread 1 ] DEBUG FXGLAssetLoaderServi - Loading from file system: jar:file:/C:/Users/Owner/.m2/repository/com/github/almasb/fxgl/17.3/fxgl-17.3.jar!/fxglassets/textures/particles/smoke.png
18:13:19.115 [FXGL Background Thread 1 ] DEBUG FXGLAssetLoaderServi - Loading from file system: jar:file:/C:/Users/Owner/.m2/repository/com/github/almasb/fxgl/17.3/fxgl-17.3.jar!/fxglassets/textures/particles/trace_horizontal.png
18:13:19.233 [FXGL Background Thread 1 ] DEBUG GameApplicationServi - Application scenes initialized
18:13:19.346 [FXGL Background Thread 1 ] DEBUG SystemBundleService  - Loading FXGL system data
18:13:19.365 [FXGL Background Thread 1 ] DEBUG FileSystemAccess     - Reading from: C:\Users\Owner\Desktop\Sonic-rush\system\fxgl.bundle
18:13:19.400 [FXGL Background Thread 1 ] DEBUG SystemBundleService  - Bundle FXGL: {}
18:13:19.401 [FXGL Background Thread 1 ] DEBUG UpdaterService       - Checking for updates
18:13:19.434 [FXGL Background Thread 1 ] DEBUG FXGLApplication      - Loading default localization
18:13:19.450 [FXGL Background Thread 1 ] DEBUG FXGLAssetLoaderServi - Loading from file system: jar:file:/C:/Users/Owner/.m2/repository/com/github/almasb/fxgl/17.3/fxgl-17.3.jar!/fxglassets/languages/english.lang
18:13:19.483 [FXGL Background Thread 4 ] DEBUG FXGLApplication      - Loading fonts
18:13:19.487 [FXGL Background Thread 4 ] DEBUG FXGLAssetLoaderServi - Loading from file system: jar:file:/C:/Users/Owner/.m2/repository/com/github/almasb/fxgl/17.3/fxgl-17.3.jar!/fxglassets/ui/fonts/VarelaRound-Regular.ttf
18:13:19.568 [FXGL Background Thread 1 ] INFO  FXGLApplication      - FXGL initialization took: 2.456 sec
18:13:19.753 [JavaFX Application Thread] DEBUG FXGLAssetLoaderServi - Loading from file system: jar:file:/C:/Users/Owner/.m2/repository/com/github/almasb/fxgl/17.3/fxgl-17.3.jar!/fxglassets/textures/fxgl_icon.png
18:13:20.030 [JavaFX Application Thread] DEBUG FXGLAssetLoaderServi - Loading from file system: jar:file:/C:/Users/Owner/.m2/repository/com/github/almasb/fxgl/17.3/fxgl-17.3.jar!/fxglassets/textures/fxgl_default_cursor.png
18:13:20.127 [JavaFX Application Thread] DEBUG Input                - Registered new binding: Screenshot - CTRL+8
18:13:20.132 [JavaFX Application Thread] DEBUG Input                - Registered new binding: System info dump - CTRL+9
18:13:20.136 [JavaFX Application Thread] DEBUG Input                - Registered new binding: Restart - CTRL+R
18:13:20.140 [JavaFX Application Thread] DEBUG Input                - Registered new binding: Toggle Debug Camera - CTRL+7
18:13:20.175 [JavaFX Application Thread] DEBUG LoopRunner           - Starting loop
18:13:20.175 [JavaFX Application Thread] DEBUG LoopRunner           - Initializing JavaFX AnimationTimerLoop
18:13:20.181 [JavaFX Application Thread] DEBUG GameApplicationServi - Starting new game
18:13:20.182 [JavaFX Application Thread] DEBUG Input                - Clearing active input actions
18:13:20.242 [JavaFX Application Thread] DEBUG GameApplicationServi - Removing overlay from FXGLStartupScene and adding to FXGLLoadingScene
18:13:20.243 [JavaFX Application Thread] DEBUG PrimaryStageWindow   - FXGLStartupScene -> FXGLLoadingScene
18:13:20.243 [JavaFX Application Thread] DEBUG GameApplicationServi - Clearing previous game
18:13:20.243 [JavaFX Application Thread] DEBUG GameScene            - Clearing game scene
18:13:20.243 [JavaFX Application Thread] DEBUG GameWorld            - Clearing game world
18:13:20.243 [JavaFX Application Thread] DEBUG PhysicsWorld         - Clearing physics world
18:13:20.246 [FXGL Background Thread 1 ] DEBUG FXGLApplication      - Initializing game
18:13:20.554 [FXGL Background Thread 1 ] WARN  TMXLevelLoader       - TiledMap generated from 1.11.2. Supported version: 1.9.0. Some features may not be parsed fully.
18:13:20.663 [ServerAsyncConnThread    ] DEBUG TCPServer            - Starting to listen at: 55555 type: class com.almasb.fxgl.core.serialization.Bundle
18:13:20.708 [FXGL Background Thread 1 ] DEBUG TMXLevelLoader       - Parsed TiledMap: file:/C:/Users/Owner/Desktop/Sonic-rush/target/classes/assets/levels/mapazo.tmx
18:13:20.710 [FXGL Background Thread 1 ] DEBUG TMXLevelLoader       - Creating tile layer entities
18:13:20.716 [FXGL Background Thread 1 ] DEBUG TilesetLoader        - Loading view for layer Capa de patrones 1
18:13:20.745 [FXGL Background Thread 1 ] DEBUG TilesetLoader        - Created buffer with size 3840.0x720.0
18:13:20.898 [FXGL Background Thread 1 ] DEBUG TMXLevelLoader       - Creating object layer entities
18:13:20.995 [FXGL Background Thread 1 ] DEBUG GameWorld            - Clearing removable entities
18:13:20.996 [FXGL Background Thread 1 ] DEBUG GameWorld            - Setting level: com.almasb.fxgl.entity.level.Level@1d804017
18:13:21.460 [FXGL Background Thread 1 ] DEBUG FXGLAssetLoaderServi - Loading from file system: file:/C:/Users/Owner/Desktop/Sonic-rush/target/classes/assets/textures/Items/ring.png
18:13:21.549 [FXGL Background Thread 4 ] DEBUG FXGLAssetLoaderServi - Loading from file system: jar:file:/C:/Users/Owner/.m2/repository/com/github/almasb/fxgl/17.3/fxgl-17.3.jar!/fxglassets/ui/fonts/Abel-Regular.ttf
18:13:21.590 [FXGL Background Thread 4 ] DEBUG FXGLAssetLoaderServi - Loading from file system: jar:file:/C:/Users/Owner/.m2/repository/com/github/almasb/fxgl/17.3/fxgl-17.3.jar!/fxglassets/ui/fonts/TerminalLandMono-Regular.otf
18:13:21.599 [FXGL Background Thread 4 ] DEBUG FXGLAssetLoaderServi - Loading from file system: jar:file:/C:/Users/Owner/.m2/repository/com/github/almasb/fxgl/17.3/fxgl-17.3.jar!/fxglassets/ui/fonts/Courier-Prime.ttf
18:13:21.649 [JavaFX Application Thread] DEBUG FXGLApplication      - Registering font factories with UI factory
18:13:21.730 [FXGL Background Thread 1 ] DEBUG FXGLAssetLoaderServi - Loading from file system: file:/C:/Users/Owner/Desktop/Sonic-rush/target/classes/assets/textures/Enemigos/enemigo2.png
18:13:21.765 [FXGL Background Thread 1 ] DEBUG FXGLAssetLoaderServi - Loading from file system: file:/C:/Users/Owner/Desktop/Sonic-rush/target/classes/assets/textures/Items/papel.png
18:13:21.768 [FXGL Background Thread 1 ] DEBUG FXGLAssetLoaderServi - Loading from file system: file:/C:/Users/Owner/Desktop/Sonic-rush/target/classes/assets/textures/Items/basura.png
18:13:21.774 [FXGL Background Thread 1 ] DEBUG FXGLAssetLoaderServi - Loading from file system: file:/C:/Users/Owner/Desktop/Sonic-rush/target/classes/assets/textures/Items/caucho.png
18:13:21.793 [FXGL Background Thread 1 ] INFO  FXGLApplication      - Game initialization took: 1.546 sec
18:13:21.799 [JavaFX Application Thread] DEBUG Input                - Clearing active input actions
18:13:21.813 [JavaFX Application Thread] DEBUG GameApplicationServi - Removing overlay from FXGLLoadingScene and adding to GameScene
18:13:21.814 [JavaFX Application Thread] DEBUG PrimaryStageWindow   - FXGLLoadingScene -> GameScene
18:13:22.415 [FXGL Background Thread 3 ] DEBUG Engine               - Logging environment variables
18:13:22.421 [FXGL Background Thread 3 ] DEBUG Engine               - achievements: []
18:13:22.422 [FXGL Background Thread 3 ] DEBUG Engine               - actualHeight: 500.0
18:13:22.422 [FXGL Background Thread 3 ] DEBUG Engine               - actualHeightProperty: ReadOnlyDoubleProperty [value: 500.0]
18:13:22.422 [FXGL Background Thread 3 ] DEBUG Engine               - actualWidth: 800.0
18:13:22.423 [FXGL Background Thread 3 ] DEBUG Engine               - actualWidthProperty: ReadOnlyDoubleProperty [value: 800.0]
18:13:22.423 [FXGL Background Thread 3 ] DEBUG Engine               - appIcon: fxgl_icon.png
18:13:22.423 [FXGL Background Thread 3 ] DEBUG Engine               - applicationMode: DEVELOPER
18:13:22.424 [FXGL Background Thread 3 ] DEBUG Engine               - cSSList: [fxgl_dark.css]
18:13:22.425 [FXGL Background Thread 3 ] DEBUG Engine               - collisionDetectionStrategy: BRUTE_FORCE
18:13:22.426 [FXGL Background Thread 3 ] DEBUG Engine               - configClass: Optional.empty
18:13:22.427 [FXGL Background Thread 3 ] DEBUG Engine               - credits: []
18:13:22.429 [FXGL Background Thread 3 ] DEBUG Engine               - defaultCursor: CursorInfo(imageName=fxgl_default_cursor.png, hotspotX=7.0, hotspotY=6.0)
18:13:22.430 [FXGL Background Thread 3 ] DEBUG Engine               - devBBoxColorProperty: ObjectProperty [value: 0xff0000ff]
18:13:22.430 [FXGL Background Thread 3 ] DEBUG Engine               - devEnableDebugCameraProperty: BooleanProperty [value: false]
18:13:22.431 [FXGL Background Thread 3 ] DEBUG Engine               - devSensorColorProperty: ObjectProperty [value: 0xffff00ff]
18:13:22.432 [FXGL Background Thread 3 ] DEBUG Engine               - devShowBBoxProperty: BooleanProperty [value: false]
18:13:22.432 [FXGL Background Thread 3 ] DEBUG Engine               - devShowPositionProperty: BooleanProperty [value: false]
18:13:22.432 [FXGL Background Thread 3 ] DEBUG Engine               - enabledMenuItems: []
18:13:22.432 [FXGL Background Thread 3 ] DEBUG Engine               - engineServices: [class com.almasb.fxgl.app.services.FXGLAssetLoaderService, class com.almasb.fxgl.app.FXGLApplication$GameApplicationService, class com.almasb.fxgl.app.services.FXGLDialogService, class com.almasb.fxgl.app.services.IOTaskExecutorService, class com.almasb.fxgl.io.FileSystemService, class com.almasb.fxgl.localization.LocalizationService, class com.almasb.fxgl.app.services.SystemBundleService, class com.almasb.fxgl.profile.SaveLoadService, class com.almasb.fxgl.ui.FXGLUIFactoryServiceProvider, class com.almasb.fxgl.ui.FXGLDialogFactoryServiceProvider, class com.almasb.fxgl.audio.AudioPlayer, class com.almasb.fxgl.notification.impl.NotificationServiceProvider, class com.almasb.fxgl.achievement.AchievementService, class com.almasb.fxgl.cutscene.CutsceneService, class com.almasb.fxgl.minigames.MiniGameService, class com.almasb.fxgl.net.NetService, class com.almasb.fxgl.app.services.UpdaterService, class com.almasb.fxgl.dev.DevService, class com.almasb.fxgl.multiplayer.MultiplayerService]
18:13:22.433 [FXGL Background Thread 3 ] DEBUG Engine               - fontGame: Abel-Regular.ttf
18:13:22.433 [FXGL Background Thread 3 ] DEBUG Engine               - fontMono: TerminalLandMono-Regular.otf
18:13:22.433 [FXGL Background Thread 3 ] DEBUG Engine               - fontSizeScaleUI: 1.0
18:13:22.433 [FXGL Background Thread 3 ] DEBUG Engine               - fontText: Courier-Prime.ttf
18:13:22.433 [FXGL Background Thread 3 ] DEBUG Engine               - fontUI: VarelaRound-Regular.ttf
18:13:22.434 [FXGL Background Thread 3 ] DEBUG Engine               - fullScreen: BooleanProperty [value: false]
18:13:22.434 [FXGL Background Thread 3 ] DEBUG Engine               - gameDifficulty: MEDIUM
18:13:22.434 [FXGL Background Thread 3 ] DEBUG Engine               - gameDifficultyProperty: ObjectProperty [value: MEDIUM]
18:13:22.435 [FXGL Background Thread 3 ] DEBUG Engine               - globalMusicVolume: 0.5
18:13:22.437 [FXGL Background Thread 3 ] DEBUG Engine               - globalMusicVolumeProperty: DoubleProperty [value: 0.5]
18:13:22.438 [FXGL Background Thread 3 ] DEBUG Engine               - globalSoundVolume: 0.5
18:13:22.441 [FXGL Background Thread 3 ] DEBUG Engine               - globalSoundVolumeProperty: DoubleProperty [value: 0.5]
18:13:22.443 [FXGL Background Thread 3 ] DEBUG Engine               - height: 500
18:13:22.444 [FXGL Background Thread 3 ] DEBUG Engine               - is3D: false
18:13:22.447 [FXGL Background Thread 3 ] DEBUG Engine               - isAndroid: false
18:13:22.460 [FXGL Background Thread 3 ] DEBUG Engine               - isBrowser: false
18:13:22.460 [FXGL Background Thread 3 ] DEBUG Engine               - isClickFeedbackEnabled: false
18:13:22.461 [FXGL Background Thread 3 ] DEBUG Engine               - isCloseConfirmation: false
18:13:22.462 [FXGL Background Thread 3 ] DEBUG Engine               - isDesktop: true
18:13:22.462 [FXGL Background Thread 3 ] DEBUG Engine               - isDeveloperMenuEnabled: false
18:13:22.462 [FXGL Background Thread 3 ] DEBUG Engine               - isEmbedded: false
18:13:22.462 [FXGL Background Thread 3 ] DEBUG Engine               - isEntityPreloadEnabled: true
18:13:22.462 [FXGL Background Thread 3 ] DEBUG Engine               - isExperimentalTiledLargeMap: false
18:13:22.463 [FXGL Background Thread 3 ] DEBUG Engine               - isFileSystemWriteAllowed: true
18:13:22.463 [FXGL Background Thread 3 ] DEBUG Engine               - isFullScreenAllowed: false
18:13:22.463 [FXGL Background Thread 3 ] DEBUG Engine               - isFullScreenFromStart: false
18:13:22.463 [FXGL Background Thread 3 ] DEBUG Engine               - isGameMenuEnabled: true
18:13:22.466 [FXGL Background Thread 3 ] DEBUG Engine               - isIOS: false
18:13:22.466 [FXGL Background Thread 3 ] DEBUG Engine               - isIntroEnabled: false
18:13:22.466 [FXGL Background Thread 3 ] DEBUG Engine               - isLinux: false
18:13:22.466 [FXGL Background Thread 3 ] DEBUG Engine               - isMac: false
18:13:22.466 [FXGL Background Thread 3 ] DEBUG Engine               - isMainMenuEnabled: false
18:13:22.466 [FXGL Background Thread 3 ] DEBUG Engine               - isManualResizeEnabled: false
18:13:22.466 [FXGL Background Thread 3 ] DEBUG Engine               - isMobile: false
18:13:22.467 [FXGL Background Thread 3 ] DEBUG Engine               - isNative: false
18:13:22.467 [FXGL Background Thread 3 ] DEBUG Engine               - isPauseMusicWhenMinimized: true
18:13:22.467 [FXGL Background Thread 3 ] DEBUG Engine               - isPreserveResizeRatio: false
18:13:22.467 [FXGL Background Thread 3 ] DEBUG Engine               - isProfilingEnabled: false
18:13:22.467 [FXGL Background Thread 3 ] DEBUG Engine               - isScaleAffectedOnResize: true
18:13:22.467 [FXGL Background Thread 3 ] DEBUG Engine               - isSingleStep: false
18:13:22.467 [FXGL Background Thread 3 ] DEBUG Engine               - isUserProfileEnabled: false
18:13:22.467 [FXGL Background Thread 3 ] DEBUG Engine               - isWindows: true
18:13:22.467 [FXGL Background Thread 3 ] DEBUG Engine               - language: ObjectProperty [value: ENGLISH]
18:13:22.467 [FXGL Background Thread 3 ] DEBUG Engine               - menuKey: ESCAPE
18:13:22.469 [FXGL Background Thread 3 ] DEBUG Engine               - mouseSensitivity: 0.2
18:13:22.469 [FXGL Background Thread 3 ] DEBUG Engine               - notificationViewClass: class com.almasb.fxgl.notification.view.XboxNotificationView
18:13:22.469 [FXGL Background Thread 3 ] DEBUG Engine               - pixelsPerMeter: 50.0
18:13:22.470 [FXGL Background Thread 3 ] DEBUG Engine               - platform: WINDOWS
18:13:22.470 [FXGL Background Thread 3 ] DEBUG Engine               - prefHeightProperty: ReadOnlyDoubleProperty [value: 500.0]
18:13:22.471 [FXGL Background Thread 3 ] DEBUG Engine               - prefWidthProperty: ReadOnlyDoubleProperty [value: 800.0]
18:13:22.472 [FXGL Background Thread 3 ] DEBUG Engine               - profileDir: profiles/
18:13:22.472 [FXGL Background Thread 3 ] DEBUG Engine               - profileName: StringProperty [value: DEFAULT]
18:13:22.473 [FXGL Background Thread 3 ] DEBUG Engine               - randomSeed: -1
18:13:22.474 [FXGL Background Thread 3 ] DEBUG Engine               - runtimeInfo: RuntimeInfo(platform=WINDOWS, version=17.3, build=30.03.2023 11.49)
18:13:22.474 [FXGL Background Thread 3 ] DEBUG Engine               - saveFileExt: sav
18:13:22.476 [FXGL Background Thread 3 ] DEBUG Engine               - scaledHeightProp$fxgl: DoubleProperty [bound, value: 500.0]
18:13:22.476 [FXGL Background Thread 3 ] DEBUG Engine               - scaledWidthProp$fxgl: DoubleProperty [bound, value: 800.0]
18:13:22.476 [FXGL Background Thread 3 ] DEBUG Engine               - sceneFactory: com.almasb.fxgl.app.scene.SceneFactory@6403bcbc
18:13:22.476 [FXGL Background Thread 3 ] DEBUG Engine               - secondsIn24h: 60
18:13:22.476 [FXGL Background Thread 3 ] DEBUG Engine               - soundMenuBack: menu/back.wav
18:13:22.476 [FXGL Background Thread 3 ] DEBUG Engine               - soundMenuPress: menu/press.wav
18:13:22.476 [FXGL Background Thread 3 ] DEBUG Engine               - soundMenuSelect: menu/select.wav
18:13:22.476 [FXGL Background Thread 3 ] DEBUG Engine               - soundNotification: core/notification.wav
18:13:22.477 [FXGL Background Thread 3 ] DEBUG Engine               - stageStyle: DECORATED
18:13:22.477 [FXGL Background Thread 3 ] DEBUG Engine               - supportedLanguages: [ENGLISH, FRENCH, GERMAN, HUNGARIAN, RUSSIAN]
18:13:22.477 [FXGL Background Thread 3 ] DEBUG Engine               - ticksPerSecond: -1
18:13:22.477 [FXGL Background Thread 3 ] DEBUG Engine               - title: Server
18:13:22.477 [FXGL Background Thread 3 ] DEBUG Engine               - urlGithub: https://github.com/AlmasB/FXGL
18:13:22.477 [FXGL Background Thread 3 ] DEBUG Engine               - urlLeaderboard: http://fxgl-top.herokuapp.com/
18:13:22.477 [FXGL Background Thread 3 ] DEBUG Engine               - urlPOM: https://raw.githubusercontent.com/AlmasB/FXGL/release/README.md
18:13:22.477 [FXGL Background Thread 3 ] DEBUG Engine               - userAppClass: class Runner.ServerRunner
18:13:22.477 [FXGL Background Thread 3 ] DEBUG Engine               - version: 0.0
18:13:22.477 [FXGL Background Thread 3 ] DEBUG Engine               - versionCheckDays: 7
18:13:22.477 [FXGL Background Thread 3 ] DEBUG Engine               - width: 800
18:13:22.478 [FXGL Background Thread 3 ] DEBUG Engine               - Logging services
18:13:22.478 [FXGL Background Thread 3 ] DEBUG Engine               - class com.almasb.fxgl.app.services.FXGLAssetLoaderService
18:13:22.478 [FXGL Background Thread 3 ] DEBUG Engine               - class com.almasb.fxgl.app.FXGLApplication$GameApplicationService
18:13:22.479 [FXGL Background Thread 3 ] DEBUG Engine               - class com.almasb.fxgl.app.services.FXGLDialogService
18:13:22.479 [FXGL Background Thread 3 ] DEBUG Engine               - class com.almasb.fxgl.app.services.IOTaskExecutorService
18:13:22.479 [FXGL Background Thread 3 ] DEBUG Engine               - class com.almasb.fxgl.io.FileSystemService
18:13:22.479 [FXGL Background Thread 3 ] DEBUG Engine               - class com.almasb.fxgl.localization.LocalizationService
18:13:22.479 [FXGL Background Thread 3 ] DEBUG Engine               - class com.almasb.fxgl.app.services.SystemBundleService
18:13:22.479 [FXGL Background Thread 3 ] DEBUG Engine               - class com.almasb.fxgl.profile.SaveLoadService
18:13:22.479 [FXGL Background Thread 3 ] DEBUG Engine               - class com.almasb.fxgl.ui.FXGLUIFactoryServiceProvider
18:13:22.479 [FXGL Background Thread 3 ] DEBUG Engine               - class com.almasb.fxgl.ui.FXGLDialogFactoryServiceProvider
18:13:22.480 [FXGL Background Thread 3 ] DEBUG Engine               - class com.almasb.fxgl.audio.AudioPlayer
18:13:22.480 [FXGL Background Thread 3 ] DEBUG Engine               - class com.almasb.fxgl.notification.impl.NotificationServiceProvider
18:13:22.480 [FXGL Background Thread 3 ] DEBUG Engine               - class com.almasb.fxgl.achievement.AchievementService
18:13:22.480 [FXGL Background Thread 3 ] DEBUG Engine               - class com.almasb.fxgl.cutscene.CutsceneService
18:13:22.480 [FXGL Background Thread 3 ] DEBUG Engine               - class com.almasb.fxgl.minigames.MiniGameService
18:13:22.480 [FXGL Background Thread 3 ] DEBUG Engine               - class com.almasb.fxgl.net.NetService
18:13:22.480 [FXGL Background Thread 3 ] DEBUG Engine               - class com.almasb.fxgl.app.services.UpdaterService
18:13:22.480 [FXGL Background Thread 3 ] DEBUG Engine               - class com.almasb.fxgl.dev.DevService
18:13:22.481 [FXGL Background Thread 3 ] DEBUG Engine               - class com.almasb.fxgl.multiplayer.MultiplayerService
18:13:22.684 [FXGL Background Thread 2 ] INFO  UpdaterService       - Your current version:  17.3
18:13:22.733 [FXGL Background Thread 2 ] INFO  UpdaterService       - Latest stable version: 21.1
18:13:40.790 [ServerAsyncConnThread    ] DEBUG Endpoint             - TCPServer opening new connection (1) from /127.0.0.1:63526 type: class com.almasb.fxgl.core.serialization.Bundle
18:13:40.793 [ServerAsyncConnThread    ] DEBUG Endpoint             - TCPServer successfully opened connection (1)
18:13:41.263 [TCPServer_SendThread-1   ] DEBUG Writers              - Getting TCPMessageWriter for class com.almasb.fxgl.core.serialization.Bundle
18:13:41.281 [TCPServer_RecvThread-1   ] DEBUG Readers              - Getting TCPMessageReader for class com.almasb.fxgl.core.serialization.Bundle
18:13:41.282 [TCPServer_SendThread-1   ] DEBUG Writers              - Constructed TCPMessageWriter for class com.almasb.fxgl.core.serialization.Bundle: BundleTCPMessageWriter
18:13:41.283 [TCPServer_RecvThread-1   ] DEBUG Readers              - Constructed MessageReader for class com.almasb.fxgl.core.serialization.Bundle: BundleTCPMessageReader
18:14:03.312 [TCPServer_RecvThread-1   ] DEBUG Endpoint             - Connection 1 was unexpectedly disconnected: Connection reset
18:14:03.312 [TCPServer_RecvThread-1   ] DEBUG Connection           - Closing connection 1
18:14:03.313 [TCPServer_RecvThread-1   ] DEBUG Connection           - Connection 1 was correctly closed from local endpoint.
18:14:03.313 [TCPServer_RecvThread-1   ] DEBUG Endpoint             - TCPServer connection (1) was closed
18:14:03.333 [TCPServer_SendThread-1   ] WARN  Endpoint             - TCPServer_SendThread-1 crashed
java.net.SocketException: Socket closed
	at java.base/sun.nio.ch.NioSocketImpl.ensureOpenAndConnected(NioSocketImpl.java:165)
	at java.base/sun.nio.ch.NioSocketImpl.beginWrite(NioSocketImpl.java:371)
	at java.base/sun.nio.ch.NioSocketImpl.implWrite(NioSocketImpl.java:416)
	at java.base/sun.nio.ch.NioSocketImpl.write(NioSocketImpl.java:445)
	at java.base/sun.nio.ch.NioSocketImpl$2.write(NioSocketImpl.java:831)
	at java.base/java.net.Socket$SocketOutputStream.write(Socket.java:1035)
	at java.base/java.io.ObjectOutputStream$BlockDataOutputStream.drain(ObjectOutputStream.java:1896)
	at java.base/java.io.ObjectOutputStream$BlockDataOutputStream.setBlockDataMode(ObjectOutputStream.java:1805)
	at java.base/java.io.ObjectOutputStream.writeNonProxyDesc(ObjectOutputStream.java:1299)
	at java.base/java.io.ObjectOutputStream.writeClassDesc(ObjectOutputStream.java:1244)
	at java.base/java.io.ObjectOutputStream.writeOrdinaryObject(ObjectOutputStream.java:1440)
	at java.base/java.io.ObjectOutputStream.writeObject0(ObjectOutputStream.java:1191)
	at java.base/java.io.ObjectOutputStream.writeFatalException(ObjectOutputStream.java:1612)
	at java.base/java.io.ObjectOutputStream.writeObject(ObjectOutputStream.java:357)
	at com.almasb.fxgl.net.BundleTCPMessageWriter.write(Writers.kt:98)
	at com.almasb.fxgl.net.BundleTCPMessageWriter.write(Writers.kt:93)
	at com.almasb.fxgl.net.Endpoint.lambda$openTCPConnection$2(Endpoint.java:80)
	at java.base/java.lang.Thread.run(Thread.java:842)

18:14:09.469 [JavaFX Application Thread] DEBUG FXGLApplication      - Exiting FXGL
18:14:09.471 [JavaFX Application Thread] DEBUG LoopRunner           - Stopping loop
18:14:09.472 [JavaFX Application Thread] DEBUG SystemBundleService  - Saving FXGL system data
18:14:09.483 [JavaFX Application Thread] DEBUG FileSystemAccess     - Writing to: C:\Users\Owner\Desktop\Sonic-rush\system\fxgl.bundle
18:14:09.490 [JavaFX Application Thread] DEBUG Async                - Shutting down background threads
18:14:09.491 [JavaFX Application Thread] DEBUG PrimaryStageWindow   - Closing main window
18:14:09.534 [JavaFX Application Thread] DEBUG Logger               - Closing Logger
