16:12:33.070 [main                     ] DEBUG Logger               - Configured Logger
16:12:33.123 [main                     ] DEBUG GameApplication      - Logging settings
Title: Jugador Sonic
Version: 0.0
Width: 1000
Height: 600
Fullscreen: false
Intro: false
Profiling: false
Single step:false
App Mode: DEVELOPER
Menu Key: ESCAPE
Stage Style: DECORATED
Scene Factory: class com.almasb.fxgl.app.scene.SceneFactory

16:12:33.844 [JavaFX Application Thread] DEBUG FXGLApplication      - Initializing FXGL
16:12:33.851 [JavaFX Application Thread] INFO  Engine               - FXGL-17.3 (30.03.2023 11.49) on WINDOWS (J:17.0.12 FX:20)
16:12:33.854 [JavaFX Application Thread] DEBUG Engine               - JRE Vendor Name: Oracle Corporation
16:12:33.854 [JavaFX Application Thread] DEBUG Engine               - Running on OS: Windows 10 version 10.0
16:12:33.854 [JavaFX Application Thread] DEBUG Engine               - Architecture: amd64
16:12:33.855 [JavaFX Application Thread] INFO  Engine               - Source code and latest versions at: https://github.com/AlmasB/FXGL
16:12:33.855 [JavaFX Application Thread] INFO  Engine               -       Ask questions and discuss at: https://github.com/AlmasB/FXGL/discussions
16:12:33.856 [JavaFX Application Thread] INFO  Engine               -              Join the FXGL chat at: https://gitter.im/AlmasB/FXGL
16:12:34.104 [JavaFX Application Thread] DEBUG PrimaryStageWindow   - Creating a JavaFX scene
16:12:34.215 [JavaFX Application Thread] DEBUG PrimaryStageWindow   - Target settings size: 1000.0 x 600.0
16:12:34.215 [JavaFX Application Thread] DEBUG PrimaryStageWindow   - Scaled scene size:    1000.0 x 600.0
16:12:34.216 [JavaFX Application Thread] DEBUG PrimaryStageWindow   - Scaled ratio: (1.0, 1.0)
16:12:34.218 [JavaFX Application Thread] DEBUG PrimaryStageWindow   - Set initial scene to FXGLStartupScene
16:12:34.224 [JavaFX Application Thread] DEBUG PrimaryStageWindow   - Opening main window
16:12:34.373 [JavaFX Application Thread] DEBUG PrimaryStageWindow   - Window border size: (14.4000244140625, 37.5999755859375)
16:12:34.373 [JavaFX Application Thread] DEBUG PrimaryStageWindow   - Scaled size: 1000.0 x 600.0
16:12:34.374 [JavaFX Application Thread] DEBUG PrimaryStageWindow   - Scaled ratio: (1.0, 1.0)
16:12:34.374 [JavaFX Application Thread] DEBUG PrimaryStageWindow   - Scene size: 1000.0 x 600.0
16:12:34.375 [JavaFX Application Thread] DEBUG PrimaryStageWindow   - Stage size: 1014.4000244140625 x 637.5999755859375
16:12:34.610 [FXGL Background Thread 1 ] DEBUG Engine               - Initializing environment variables
16:12:34.686 [FXGL Background Thread 1 ] DEBUG FXGLAssetLoaderServi - User app class for loading assets: class Runner.ClientRunner
16:12:34.687 [FXGL Background Thread 1 ] DEBUG GameApplicationServi - Applying CSS: fxgl_dark.css
16:12:34.688 [FXGL Background Thread 1 ] DEBUG FXGLAssetLoaderServi - Loading from file system: jar:file:/C:/Users/Owner/.m2/repository/com/github/almasb/fxgl/17.3/fxgl-17.3.jar!/fxglassets/ui/css/fxgl_dark.css
16:12:34.804 [FXGL Background Thread 1 ] DEBUG GameApplicationServi - Initializing application scenes
16:12:35.110 [FXGL Background Thread 1 ] DEBUG GameWorld            - Game world initialized
16:12:35.415 [FXGL Background Thread 1 ] DEBUG PhysicsWorld         - Physics world initialized: appHeight=600, physics.ppm=50.0
16:12:35.418 [FXGL Background Thread 1 ] DEBUG PhysicsWorld         - Using strategy: BRUTE_FORCE
16:12:35.474 [FXGL Background Thread 1 ] DEBUG GameScene            - Game scene initialized: 1000x600
16:12:35.575 [FXGL Background Thread 1 ] DEBUG FXGL.DefaultMenu     - createMenuBodyGameMenu()
16:12:35.708 [FXGL Background Thread 1 ] DEBUG FXGL.DefaultMenu     - createOptionsMenu()
16:12:35.784 [FXGL Background Thread 1 ] DEBUG FXGLAssetLoaderServi - Loading from file system: jar:file:/C:/Users/Owner/.m2/repository/com/github/almasb/fxgl/17.3/fxgl-17.3.jar!/fxglassets/textures/particles/smoke.png
16:12:36.281 [FXGL Background Thread 1 ] DEBUG FXGLAssetLoaderServi - Loading from file system: jar:file:/C:/Users/Owner/.m2/repository/com/github/almasb/fxgl/17.3/fxgl-17.3.jar!/fxglassets/textures/particles/trace_horizontal.png
16:12:36.385 [FXGL Background Thread 1 ] DEBUG GameApplicationServi - Application scenes initialized
16:12:36.514 [FXGL Background Thread 1 ] DEBUG SystemBundleService  - Loading FXGL system data
16:12:36.539 [FXGL Background Thread 1 ] DEBUG FileSystemAccess     - Reading from: C:\Users\Owner\Desktop\Sonic-rush\system\fxgl.bundle
16:12:36.576 [FXGL Background Thread 1 ] DEBUG SystemBundleService  - Bundle FXGL: {}
16:12:36.577 [FXGL Background Thread 1 ] DEBUG UpdaterService       - Checking for updates
16:12:36.633 [FXGL Background Thread 1 ] DEBUG FXGLApplication      - Loading default localization
16:12:36.639 [FXGL Background Thread 1 ] DEBUG FXGLAssetLoaderServi - Loading from file system: jar:file:/C:/Users/Owner/.m2/repository/com/github/almasb/fxgl/17.3/fxgl-17.3.jar!/fxglassets/languages/english.lang
16:12:36.769 [FXGL Background Thread 1 ] INFO  FXGLApplication      - FXGL initialization took: 2.158 sec
16:12:36.911 [FXGL Background Thread 4 ] DEBUG FXGLApplication      - Loading fonts
16:12:36.914 [FXGL Background Thread 4 ] DEBUG FXGLAssetLoaderServi - Loading from file system: jar:file:/C:/Users/Owner/.m2/repository/com/github/almasb/fxgl/17.3/fxgl-17.3.jar!/fxglassets/ui/fonts/VarelaRound-Regular.ttf
16:12:36.921 [JavaFX Application Thread] DEBUG Input                - Registered new binding: Mover a la izquierda - A
16:12:36.921 [JavaFX Application Thread] DEBUG Input                - Registered new binding: Mover a la derecha - D
16:12:36.922 [JavaFX Application Thread] DEBUG Input                - Registered new binding: Saltar - W
16:12:36.922 [JavaFX Application Thread] DEBUG Input                - Registered new binding: Interactuar - E
16:12:36.923 [JavaFX Application Thread] DEBUG Input                - Registered new binding: Transformar - P
16:12:36.924 [JavaFX Application Thread] DEBUG Input                - Registered new binding: Desactivar filtro - L
16:12:36.925 [JavaFX Application Thread] DEBUG FXGLAssetLoaderServi - Loading from file system: jar:file:/C:/Users/Owner/.m2/repository/com/github/almasb/fxgl/17.3/fxgl-17.3.jar!/fxglassets/textures/fxgl_icon.png
16:12:37.276 [JavaFX Application Thread] DEBUG FXGLAssetLoaderServi - Loading from file system: jar:file:/C:/Users/Owner/.m2/repository/com/github/almasb/fxgl/17.3/fxgl-17.3.jar!/fxglassets/textures/fxgl_default_cursor.png
16:12:37.281 [JavaFX Application Thread] DEBUG Input                - Registered new binding: Screenshot - CTRL+8
16:12:37.281 [JavaFX Application Thread] DEBUG Input                - Registered new binding: System info dump - CTRL+9
16:12:37.282 [JavaFX Application Thread] DEBUG Input                - Registered new binding: Restart - CTRL+R
16:12:37.283 [JavaFX Application Thread] DEBUG Input                - Registered new binding: Toggle Debug Camera - CTRL+7
16:12:37.288 [JavaFX Application Thread] DEBUG LoopRunner           - Starting loop
16:12:37.288 [JavaFX Application Thread] DEBUG LoopRunner           - Initializing JavaFX AnimationTimerLoop
16:12:37.291 [JavaFX Application Thread] DEBUG GameApplicationServi - Starting new game
16:12:37.291 [JavaFX Application Thread] DEBUG Input                - Clearing active input actions
16:12:37.484 [JavaFX Application Thread] DEBUG GameApplicationServi - Removing overlay from FXGLStartupScene and adding to FXGLLoadingScene
16:12:37.486 [JavaFX Application Thread] DEBUG PrimaryStageWindow   - FXGLStartupScene -> FXGLLoadingScene
16:12:37.486 [JavaFX Application Thread] DEBUG GameApplicationServi - Clearing previous game
16:12:37.488 [JavaFX Application Thread] DEBUG GameScene            - Clearing game scene
16:12:37.490 [JavaFX Application Thread] DEBUG GameWorld            - Clearing game world
16:12:37.494 [JavaFX Application Thread] DEBUG PhysicsWorld         - Clearing physics world
16:12:37.508 [FXGL Background Thread 1 ] DEBUG FXGLApplication      - Initializing game
16:12:37.558 [FXGL Background Thread 1 ] DEBUG FXGLAssetLoaderServi - Loading from file system: file:/C:/Users/Owner/Desktop/Sonic-rush/target/classes/assets/music/OST2.mp3
16:12:38.275 [FXGL Background Thread 4 ] DEBUG FXGLAssetLoaderServi - Loading from file system: jar:file:/C:/Users/Owner/.m2/repository/com/github/almasb/fxgl/17.3/fxgl-17.3.jar!/fxglassets/ui/fonts/Abel-Regular.ttf
16:12:38.282 [FXGL Background Thread 4 ] DEBUG FXGLAssetLoaderServi - Loading from file system: jar:file:/C:/Users/Owner/.m2/repository/com/github/almasb/fxgl/17.3/fxgl-17.3.jar!/fxglassets/ui/fonts/TerminalLandMono-Regular.otf
16:12:38.288 [FXGL Background Thread 4 ] DEBUG FXGLAssetLoaderServi - Loading from file system: jar:file:/C:/Users/Owner/.m2/repository/com/github/almasb/fxgl/17.3/fxgl-17.3.jar!/fxglassets/ui/fonts/Courier-Prime.ttf
16:12:38.354 [JavaFX Application Thread] DEBUG FXGLApplication      - Registering font factories with UI factory
16:12:39.211 [FXGL Background Thread 1 ] DEBUG AudioPlayer          - Playing music com.almasb.fxgl.audio.Music@7ddaa363
16:12:39.222 [FXGL Background Thread 1 ] INFO  FXGLApplication      - Game initialization took: 1.715 sec
16:12:39.615 [FXGL Background Thread 3 ] DEBUG Engine               - Logging environment variables
16:12:39.623 [FXGL Background Thread 3 ] DEBUG Engine               - achievements: []
16:12:39.624 [FXGL Background Thread 3 ] DEBUG Engine               - actualHeight: 600.0
16:12:39.631 [FXGL Background Thread 3 ] DEBUG Engine               - actualHeightProperty: ReadOnlyDoubleProperty [value: 600.0]
16:12:39.636 [FXGL Background Thread 3 ] DEBUG Engine               - actualWidth: 1000.0
16:12:39.637 [FXGL Background Thread 3 ] DEBUG Engine               - actualWidthProperty: ReadOnlyDoubleProperty [value: 1000.0]
16:12:39.638 [FXGL Background Thread 3 ] DEBUG Engine               - appIcon: fxgl_icon.png
16:12:39.653 [FXGL Background Thread 3 ] DEBUG Engine               - applicationMode: DEVELOPER
16:12:39.655 [FXGL Background Thread 3 ] DEBUG Engine               - cSSList: [fxgl_dark.css]
16:12:39.655 [FXGL Background Thread 3 ] DEBUG Engine               - collisionDetectionStrategy: BRUTE_FORCE
16:12:39.656 [FXGL Background Thread 3 ] DEBUG Engine               - configClass: Optional.empty
16:12:39.658 [FXGL Background Thread 3 ] DEBUG Engine               - credits: []
16:12:39.679 [FXGL Background Thread 3 ] DEBUG Engine               - defaultCursor: CursorInfo(imageName=fxgl_default_cursor.png, hotspotX=7.0, hotspotY=6.0)
16:12:39.684 [FXGL Background Thread 3 ] DEBUG Engine               - devBBoxColorProperty: ObjectProperty [value: 0xff0000ff]
16:12:39.685 [FXGL Background Thread 3 ] DEBUG Engine               - devEnableDebugCameraProperty: BooleanProperty [value: false]
16:12:39.687 [FXGL Background Thread 3 ] DEBUG Engine               - devSensorColorProperty: ObjectProperty [value: 0xffff00ff]
16:12:39.688 [FXGL Background Thread 3 ] DEBUG Engine               - devShowBBoxProperty: BooleanProperty [value: false]
16:12:39.689 [FXGL Background Thread 3 ] DEBUG Engine               - devShowPositionProperty: BooleanProperty [value: false]
16:12:39.690 [FXGL Background Thread 3 ] DEBUG Engine               - enabledMenuItems: []
16:12:39.692 [FXGL Background Thread 3 ] DEBUG Engine               - engineServices: [class com.almasb.fxgl.app.services.FXGLAssetLoaderService, class com.almasb.fxgl.app.FXGLApplication$GameApplicationService, class com.almasb.fxgl.app.services.FXGLDialogService, class com.almasb.fxgl.app.services.IOTaskExecutorService, class com.almasb.fxgl.io.FileSystemService, class com.almasb.fxgl.localization.LocalizationService, class com.almasb.fxgl.app.services.SystemBundleService, class com.almasb.fxgl.profile.SaveLoadService, class com.almasb.fxgl.ui.FXGLUIFactoryServiceProvider, class com.almasb.fxgl.ui.FXGLDialogFactoryServiceProvider, class com.almasb.fxgl.audio.AudioPlayer, class com.almasb.fxgl.notification.impl.NotificationServiceProvider, class com.almasb.fxgl.achievement.AchievementService, class com.almasb.fxgl.cutscene.CutsceneService, class com.almasb.fxgl.minigames.MiniGameService, class com.almasb.fxgl.net.NetService, class com.almasb.fxgl.app.services.UpdaterService, class com.almasb.fxgl.dev.DevService, class com.almasb.fxgl.multiplayer.MultiplayerService]
16:12:39.692 [FXGL Background Thread 3 ] DEBUG Engine               - fontGame: Abel-Regular.ttf
16:12:39.693 [FXGL Background Thread 3 ] DEBUG Engine               - fontMono: TerminalLandMono-Regular.otf
16:12:39.693 [FXGL Background Thread 3 ] DEBUG Engine               - fontSizeScaleUI: 1.0
16:12:39.694 [FXGL Background Thread 3 ] DEBUG Engine               - fontText: Courier-Prime.ttf
16:12:39.695 [FXGL Background Thread 3 ] DEBUG Engine               - fontUI: VarelaRound-Regular.ttf
16:12:39.695 [FXGL Background Thread 3 ] DEBUG Engine               - fullScreen: BooleanProperty [value: false]
16:12:39.696 [FXGL Background Thread 3 ] DEBUG Engine               - gameDifficulty: MEDIUM
16:12:39.696 [FXGL Background Thread 3 ] DEBUG Engine               - gameDifficultyProperty: ObjectProperty [value: MEDIUM]
16:12:39.696 [FXGL Background Thread 3 ] DEBUG Engine               - globalMusicVolume: 0.5
16:12:39.697 [FXGL Background Thread 3 ] DEBUG Engine               - globalMusicVolumeProperty: DoubleProperty [value: 0.5]
16:12:39.697 [FXGL Background Thread 3 ] DEBUG Engine               - globalSoundVolume: 0.5
16:12:39.697 [FXGL Background Thread 3 ] DEBUG Engine               - globalSoundVolumeProperty: DoubleProperty [value: 0.5]
16:12:39.698 [FXGL Background Thread 3 ] DEBUG Engine               - height: 600
16:12:39.698 [FXGL Background Thread 3 ] DEBUG Engine               - is3D: false
16:12:39.698 [FXGL Background Thread 3 ] DEBUG Engine               - isAndroid: false
16:12:39.698 [FXGL Background Thread 3 ] DEBUG Engine               - isBrowser: false
16:12:39.699 [FXGL Background Thread 3 ] DEBUG Engine               - isClickFeedbackEnabled: false
16:12:39.699 [FXGL Background Thread 3 ] DEBUG Engine               - isCloseConfirmation: false
16:12:39.699 [FXGL Background Thread 3 ] DEBUG Engine               - isDesktop: true
16:12:39.699 [FXGL Background Thread 3 ] DEBUG Engine               - isDeveloperMenuEnabled: false
16:12:39.700 [FXGL Background Thread 3 ] DEBUG Engine               - isEmbedded: false
16:12:39.700 [FXGL Background Thread 3 ] DEBUG Engine               - isEntityPreloadEnabled: true
16:12:39.700 [FXGL Background Thread 3 ] DEBUG Engine               - isExperimentalTiledLargeMap: false
16:12:39.700 [FXGL Background Thread 3 ] DEBUG Engine               - isFileSystemWriteAllowed: true
16:12:39.700 [FXGL Background Thread 3 ] DEBUG Engine               - isFullScreenAllowed: false
16:12:39.701 [FXGL Background Thread 3 ] DEBUG Engine               - isFullScreenFromStart: false
16:12:39.701 [FXGL Background Thread 3 ] DEBUG Engine               - isGameMenuEnabled: true
16:12:39.701 [FXGL Background Thread 3 ] DEBUG Engine               - isIOS: false
16:12:39.701 [FXGL Background Thread 3 ] DEBUG Engine               - isIntroEnabled: false
16:12:39.702 [FXGL Background Thread 3 ] DEBUG Engine               - isLinux: false
16:12:39.702 [FXGL Background Thread 3 ] DEBUG Engine               - isMac: false
16:12:39.702 [FXGL Background Thread 3 ] DEBUG Engine               - isMainMenuEnabled: false
16:12:39.703 [FXGL Background Thread 3 ] DEBUG Engine               - isManualResizeEnabled: false
16:12:39.703 [FXGL Background Thread 3 ] DEBUG Engine               - isMobile: false
16:12:39.704 [FXGL Background Thread 3 ] DEBUG Engine               - isNative: false
16:12:39.704 [FXGL Background Thread 3 ] DEBUG Engine               - isPauseMusicWhenMinimized: true
16:12:39.704 [FXGL Background Thread 3 ] DEBUG Engine               - isPreserveResizeRatio: false
16:12:39.704 [FXGL Background Thread 3 ] DEBUG Engine               - isProfilingEnabled: false
16:12:39.704 [FXGL Background Thread 3 ] DEBUG Engine               - isScaleAffectedOnResize: true
16:12:39.704 [FXGL Background Thread 3 ] DEBUG Engine               - isSingleStep: false
16:12:39.705 [FXGL Background Thread 3 ] DEBUG Engine               - isUserProfileEnabled: false
16:12:39.705 [FXGL Background Thread 3 ] DEBUG Engine               - isWindows: true
16:12:39.707 [FXGL Background Thread 3 ] DEBUG Engine               - language: ObjectProperty [value: ENGLISH]
16:12:39.708 [FXGL Background Thread 3 ] DEBUG Engine               - menuKey: ESCAPE
16:12:39.709 [FXGL Background Thread 3 ] DEBUG Engine               - mouseSensitivity: 0.2
16:12:39.711 [FXGL Background Thread 3 ] DEBUG Engine               - notificationViewClass: class com.almasb.fxgl.notification.view.XboxNotificationView
16:12:39.713 [FXGL Background Thread 3 ] DEBUG Engine               - pixelsPerMeter: 50.0
16:12:39.715 [FXGL Background Thread 3 ] DEBUG Engine               - platform: WINDOWS
16:12:39.716 [FXGL Background Thread 3 ] DEBUG Engine               - prefHeightProperty: ReadOnlyDoubleProperty [value: 600.0]
16:12:39.717 [FXGL Background Thread 3 ] DEBUG Engine               - prefWidthProperty: ReadOnlyDoubleProperty [value: 1000.0]
16:12:39.719 [FXGL Background Thread 3 ] DEBUG Engine               - profileDir: profiles/
16:12:39.720 [FXGL Background Thread 3 ] DEBUG Engine               - profileName: StringProperty [value: DEFAULT]
16:12:39.721 [FXGL Background Thread 3 ] DEBUG Engine               - randomSeed: -1
16:12:39.723 [FXGL Background Thread 3 ] DEBUG Engine               - runtimeInfo: RuntimeInfo(platform=WINDOWS, version=17.3, build=30.03.2023 11.49)
16:12:39.724 [FXGL Background Thread 3 ] DEBUG Engine               - saveFileExt: sav
16:12:39.724 [FXGL Background Thread 3 ] DEBUG Engine               - scaledHeightProp$fxgl: DoubleProperty [bound, value: 600.0]
16:12:39.724 [FXGL Background Thread 3 ] DEBUG Engine               - scaledWidthProp$fxgl: DoubleProperty [bound, value: 1000.0]
16:12:39.724 [FXGL Background Thread 3 ] DEBUG Engine               - sceneFactory: com.almasb.fxgl.app.scene.SceneFactory@21ad1790
16:12:39.724 [FXGL Background Thread 3 ] DEBUG Engine               - secondsIn24h: 60
16:12:39.724 [FXGL Background Thread 3 ] DEBUG Engine               - soundMenuBack: menu/back.wav
16:12:39.724 [FXGL Background Thread 3 ] DEBUG Engine               - soundMenuPress: menu/press.wav
16:12:39.725 [FXGL Background Thread 3 ] DEBUG Engine               - soundMenuSelect: menu/select.wav
16:12:39.725 [FXGL Background Thread 3 ] DEBUG Engine               - soundNotification: core/notification.wav
16:12:39.725 [FXGL Background Thread 3 ] DEBUG Engine               - stageStyle: DECORATED
16:12:39.725 [FXGL Background Thread 3 ] DEBUG Engine               - supportedLanguages: [ENGLISH, FRENCH, GERMAN, HUNGARIAN, RUSSIAN]
16:12:39.725 [FXGL Background Thread 3 ] DEBUG Engine               - ticksPerSecond: -1
16:12:39.725 [FXGL Background Thread 3 ] DEBUG Engine               - title: Jugador Sonic
16:12:39.725 [FXGL Background Thread 3 ] DEBUG Engine               - urlGithub: https://github.com/AlmasB/FXGL
16:12:39.725 [FXGL Background Thread 3 ] DEBUG Engine               - urlLeaderboard: http://fxgl-top.herokuapp.com/
16:12:39.726 [FXGL Background Thread 3 ] DEBUG Engine               - urlPOM: https://raw.githubusercontent.com/AlmasB/FXGL/release/README.md
16:12:39.726 [FXGL Background Thread 3 ] DEBUG Engine               - userAppClass: class Runner.ClientRunner
16:12:39.726 [FXGL Background Thread 3 ] DEBUG Engine               - version: 0.0
16:12:39.726 [FXGL Background Thread 3 ] DEBUG Engine               - versionCheckDays: 7
16:12:39.726 [FXGL Background Thread 3 ] DEBUG Engine               - width: 1000
16:12:39.726 [FXGL Background Thread 3 ] DEBUG Engine               - Logging services
16:12:39.726 [FXGL Background Thread 3 ] DEBUG Engine               - class com.almasb.fxgl.app.services.FXGLAssetLoaderService
16:12:39.726 [FXGL Background Thread 3 ] DEBUG Engine               - class com.almasb.fxgl.app.FXGLApplication$GameApplicationService
16:12:39.726 [FXGL Background Thread 3 ] DEBUG Engine               - class com.almasb.fxgl.app.services.FXGLDialogService
16:12:39.726 [FXGL Background Thread 3 ] DEBUG Engine               - class com.almasb.fxgl.app.services.IOTaskExecutorService
16:12:39.726 [FXGL Background Thread 3 ] DEBUG Engine               - class com.almasb.fxgl.io.FileSystemService
16:12:39.726 [FXGL Background Thread 3 ] DEBUG Engine               - class com.almasb.fxgl.localization.LocalizationService
16:12:39.727 [FXGL Background Thread 3 ] DEBUG Engine               - class com.almasb.fxgl.app.services.SystemBundleService
16:12:39.727 [FXGL Background Thread 3 ] DEBUG Engine               - class com.almasb.fxgl.profile.SaveLoadService
16:12:39.727 [FXGL Background Thread 3 ] DEBUG Engine               - class com.almasb.fxgl.ui.FXGLUIFactoryServiceProvider
16:12:39.727 [FXGL Background Thread 3 ] DEBUG Engine               - class com.almasb.fxgl.ui.FXGLDialogFactoryServiceProvider
16:12:39.727 [FXGL Background Thread 3 ] DEBUG Engine               - class com.almasb.fxgl.audio.AudioPlayer
16:12:39.727 [FXGL Background Thread 3 ] DEBUG Engine               - class com.almasb.fxgl.notification.impl.NotificationServiceProvider
16:12:39.727 [FXGL Background Thread 3 ] DEBUG Engine               - class com.almasb.fxgl.achievement.AchievementService
16:12:39.727 [FXGL Background Thread 3 ] DEBUG Engine               - class com.almasb.fxgl.cutscene.CutsceneService
16:12:39.727 [FXGL Background Thread 3 ] DEBUG Engine               - class com.almasb.fxgl.minigames.MiniGameService
16:12:39.727 [FXGL Background Thread 3 ] DEBUG Engine               - class com.almasb.fxgl.net.NetService
16:12:39.727 [FXGL Background Thread 3 ] DEBUG Engine               - class com.almasb.fxgl.app.services.UpdaterService
16:12:39.727 [FXGL Background Thread 3 ] DEBUG Engine               - class com.almasb.fxgl.dev.DevService
16:12:39.727 [FXGL Background Thread 3 ] DEBUG Engine               - class com.almasb.fxgl.multiplayer.MultiplayerService
16:12:39.813 [JavaFX Application Thread] DEBUG Input                - Clearing active input actions
16:12:39.836 [JavaFX Application Thread] DEBUG GameApplicationServi - Removing overlay from FXGLLoadingScene and adding to GameScene
16:12:39.837 [JavaFX Application Thread] DEBUG PrimaryStageWindow   - FXGLLoadingScene -> GameScene
16:12:42.321 [JavaFX Application Thread] DEBUG FXGLAssetLoaderServi - Loading from file system: file:/C:/Users/Owner/Desktop/Sonic-rush/target/classes/assets/textures/fondo.png
16:12:43.015 [JavaFX Application Thread] DEBUG TMXLevelLoader       - Parsed TiledMap: file:/C:/Users/Owner/Desktop/Sonic-rush/target/classes/assets/levels/mapazo.tmx
16:12:43.018 [JavaFX Application Thread] DEBUG TMXLevelLoader       - Creating tile layer entities
16:12:43.032 [JavaFX Application Thread] DEBUG TilesetLoader        - Loading view for layer Capa de patrones 1
16:12:43.058 [JavaFX Application Thread] DEBUG TilesetLoader        - Created buffer with size 3840.0x720.0
16:12:43.202 [JavaFX Application Thread] DEBUG TMXLevelLoader       - Creating object layer entities
16:12:43.334 [JavaFX Application Thread] DEBUG GameWorld            - Clearing removable entities
16:12:43.355 [JavaFX Application Thread] DEBUG GameWorld            - Setting level: com.almasb.fxgl.entity.level.Level@174affa8
16:12:43.460 [JavaFX Application Thread] DEBUG FXGLAssetLoaderServi - Loading from file system: file:/C:/Users/Owner/Desktop/Sonic-rush/target/classes/assets/textures/Enemigos/eggman2.png
16:12:43.686 [ClientAsyncConnThread    ] DEBUG TCPClient            - Connecting to localhost:55555 type: class com.almasb.fxgl.core.serialization.Bundle
16:12:43.688 [ClientAsyncConnThread    ] DEBUG TCPClient            - Created socket to localhost:55555
16:12:43.727 [ClientAsyncConnThread    ] DEBUG Endpoint             - TCPClient opening new connection (1) from localhost/127.0.0.1:55555 type: class com.almasb.fxgl.core.serialization.Bundle
16:12:43.733 [ClientAsyncConnThread    ] DEBUG Endpoint             - TCPClient successfully opened connection (1)
16:12:43.916 [TCPClient_SendThread-1   ] DEBUG Writers              - Getting TCPMessageWriter for class com.almasb.fxgl.core.serialization.Bundle
16:12:43.923 [TCPClient_RecvThread-1   ] DEBUG Readers              - Getting TCPMessageReader for class com.almasb.fxgl.core.serialization.Bundle
16:12:43.933 [TCPClient_SendThread-1   ] DEBUG Writers              - Constructed TCPMessageWriter for class com.almasb.fxgl.core.serialization.Bundle: BundleTCPMessageWriter
16:12:44.137 [TCPClient_RecvThread-1   ] DEBUG Readers              - Constructed MessageReader for class com.almasb.fxgl.core.serialization.Bundle: BundleTCPMessageReader
16:12:44.365 [JavaFX Application Thread] DEBUG FXGLAssetLoaderServi - Loading from file system: file:/C:/Users/Owner/Desktop/Sonic-rush/target/classes/assets/textures/Personajes/sonic.png
16:12:44.376 [JavaFX Application Thread] DEBUG FXGLAssetLoaderServi - Loading from file system: file:/C:/Users/Owner/Desktop/Sonic-rush/target/classes/assets/textures/Personajes/sonic_camina.png
16:12:44.384 [JavaFX Application Thread] DEBUG FXGLAssetLoaderServi - Loading from file system: file:/C:/Users/Owner/Desktop/Sonic-rush/target/classes/assets/textures/Personajes/super_sonic.png
16:12:44.608 [JavaFX Application Thread] DEBUG FXGLAssetLoaderServi - Loading from file system: file:/C:/Users/Owner/Desktop/Sonic-rush/target/classes/assets/textures/Items/ring.png
16:12:44.681 [JavaFX Application Thread] DEBUG FXGLAssetLoaderServi - Loading from file system: file:/C:/Users/Owner/Desktop/Sonic-rush/target/classes/assets/textures/Items/caucho.png
16:12:44.687 [JavaFX Application Thread] DEBUG FXGLAssetLoaderServi - Loading from file system: file:/C:/Users/Owner/Desktop/Sonic-rush/target/classes/assets/textures/Items/papel.png
16:12:44.723 [JavaFX Application Thread] DEBUG FXGLAssetLoaderServi - Loading from file system: file:/C:/Users/Owner/Desktop/Sonic-rush/target/classes/assets/textures/Items/basura.png
16:12:44.770 [JavaFX Application Thread] DEBUG FXGLAssetLoaderServi - Loading from file system: file:/C:/Users/Owner/Desktop/Sonic-rush/target/classes/assets/textures/Enemigos/enemigo2.png
16:12:46.282 [JavaFX Application Thread] DEBUG FXGLAssetLoaderServi - Loading from file system: file:/C:/Users/Owner/Desktop/Sonic-rush/target/classes/assets/sounds/salto.wav
16:12:47.409 [JavaFX Application Thread] DEBUG FXGLAssetLoaderServi - Loading from file system: file:/C:/Users/Owner/Desktop/Sonic-rush/target/classes/assets/sounds/muerte.wav
16:12:52.909 [JavaFX Application Thread] DEBUG FXGLAssetLoaderServi - Loading from file system: file:/C:/Users/Owner/Desktop/Sonic-rush/target/classes/assets/sounds/recoger.wav
16:12:55.679 [JavaFX Application Thread] DEBUG FXGLApplication      - Exiting FXGL
16:12:55.679 [JavaFX Application Thread] DEBUG LoopRunner           - Stopping loop
16:12:55.679 [JavaFX Application Thread] DEBUG SystemBundleService  - Saving FXGL system data
16:12:55.681 [JavaFX Application Thread] DEBUG FileSystemAccess     - Writing to: C:\Users\Owner\Desktop\Sonic-rush\system\fxgl.bundle
16:12:55.682 [JavaFX Application Thread] DEBUG Async                - Shutting down background threads
16:12:55.682 [JavaFX Application Thread] DEBUG PrimaryStageWindow   - Closing main window
16:12:55.699 [JavaFX Application Thread] DEBUG Logger               - Closing Logger
