12:45:03.355 [main                     ] DEBUG Logger               - Configured Logger
12:45:03.395 [main                     ] DEBUG GameApplication      - Logging settings
Title: Server
Version: 0.0
Width: 800
Height: 500
Fullscreen: false
Intro: false
Profiling: false
Single step:false
App Mode: DEVELOPER
Menu Key: ESCAPE
Stage Style: DECORATED
Scene Factory: class com.almasb.fxgl.app.scene.SceneFactory

12:45:04.064 [JavaFX Application Thread] DEBUG FXGLApplication      - Initializing FXGL
12:45:04.071 [JavaFX Application Thread] INFO  Engine               - FXGL-17.3 (30.03.2023 11.49) on WINDOWS (J:17.0.12 FX:20)
12:45:04.072 [JavaFX Application Thread] DEBUG Engine               - JRE Vendor Name: Oracle Corporation
12:45:04.073 [JavaFX Application Thread] DEBUG Engine               - Running on OS: Windows 10 version 10.0
12:45:04.073 [JavaFX Application Thread] DEBUG Engine               - Architecture: amd64
12:45:04.073 [JavaFX Application Thread] INFO  Engine               - Source code and latest versions at: https://github.com/AlmasB/FXGL
12:45:04.073 [JavaFX Application Thread] INFO  Engine               -       Ask questions and discuss at: https://github.com/AlmasB/FXGL/discussions
12:45:04.074 [JavaFX Application Thread] INFO  Engine               -              Join the FXGL chat at: https://gitter.im/AlmasB/FXGL
12:45:04.268 [JavaFX Application Thread] DEBUG PrimaryStageWindow   - Creating a JavaFX scene
12:45:04.351 [JavaFX Application Thread] DEBUG PrimaryStageWindow   - Target settings size: 800.0 x 500.0
12:45:04.351 [JavaFX Application Thread] DEBUG PrimaryStageWindow   - Scaled scene size:    800.0 x 500.0
12:45:04.351 [JavaFX Application Thread] DEBUG PrimaryStageWindow   - Scaled ratio: (1.0, 1.0)
12:45:04.353 [JavaFX Application Thread] DEBUG PrimaryStageWindow   - Set initial scene to FXGLStartupScene
12:45:04.359 [JavaFX Application Thread] DEBUG PrimaryStageWindow   - Opening main window
12:45:04.484 [JavaFX Application Thread] DEBUG PrimaryStageWindow   - Window border size: (14.4000244140625, 37.5999755859375)
12:45:04.484 [JavaFX Application Thread] DEBUG PrimaryStageWindow   - Scaled size: 800.0 x 500.0
12:45:04.485 [JavaFX Application Thread] DEBUG PrimaryStageWindow   - Scaled ratio: (1.0, 1.0)
12:45:04.485 [JavaFX Application Thread] DEBUG PrimaryStageWindow   - Scene size: 800.0 x 500.0
12:45:04.486 [JavaFX Application Thread] DEBUG PrimaryStageWindow   - Stage size: 814.4000244140625 x 537.5999755859375
12:45:04.504 [FXGL Background Thread 1 ] DEBUG Engine               - Initializing environment variables
12:45:04.606 [FXGL Background Thread 1 ] DEBUG FXGLAssetLoaderServi - User app class for loading assets: class Runner.ServerRunner
12:45:04.607 [FXGL Background Thread 1 ] DEBUG GameApplicationServi - Applying CSS: fxgl_dark.css
12:45:04.610 [FXGL Background Thread 1 ] DEBUG FXGLAssetLoaderServi - Loading from file system: jar:file:/C:/Users/Owner/.m2/repository/com/github/almasb/fxgl/17.3/fxgl-17.3.jar!/fxglassets/ui/css/fxgl_dark.css
12:45:04.865 [FXGL Background Thread 1 ] DEBUG GameApplicationServi - Initializing application scenes
12:45:04.964 [FXGL Background Thread 1 ] DEBUG GameWorld            - Game world initialized
12:45:05.045 [FXGL Background Thread 1 ] DEBUG PhysicsWorld         - Physics world initialized: appHeight=500, physics.ppm=50.0
12:45:05.045 [FXGL Background Thread 1 ] DEBUG PhysicsWorld         - Using strategy: BRUTE_FORCE
12:45:05.054 [FXGL Background Thread 1 ] DEBUG GameScene            - Game scene initialized: 800x500
12:45:05.073 [FXGL Background Thread 1 ] WARN  FXGL.DefaultMenu     - FXGLDefaultMenu is not designed for resolutions < 800x600
12:45:05.073 [FXGL Background Thread 1 ] DEBUG FXGL.DefaultMenu     - createMenuBodyGameMenu()
12:45:05.113 [FXGL Background Thread 1 ] DEBUG FXGL.DefaultMenu     - createOptionsMenu()
12:45:05.144 [FXGL Background Thread 1 ] DEBUG FXGLAssetLoaderServi - Loading from file system: jar:file:/C:/Users/Owner/.m2/repository/com/github/almasb/fxgl/17.3/fxgl-17.3.jar!/fxglassets/textures/particles/smoke.png
12:45:05.322 [FXGL Background Thread 1 ] DEBUG FXGLAssetLoaderServi - Loading from file system: jar:file:/C:/Users/Owner/.m2/repository/com/github/almasb/fxgl/17.3/fxgl-17.3.jar!/fxglassets/textures/particles/trace_horizontal.png
12:45:05.365 [FXGL Background Thread 1 ] DEBUG GameApplicationServi - Application scenes initialized
12:45:05.389 [FXGL Background Thread 1 ] DEBUG SystemBundleService  - Loading FXGL system data
12:45:05.402 [FXGL Background Thread 1 ] DEBUG FileSystemAccess     - Reading from: C:\Users\Owner\Desktop\Sonic-rush\system\fxgl.bundle
12:45:05.415 [FXGL Background Thread 1 ] DEBUG SystemBundleService  - Bundle FXGL: {}
12:45:05.416 [FXGL Background Thread 1 ] DEBUG UpdaterService       - Checking for updates
12:45:05.425 [FXGL Background Thread 1 ] DEBUG FXGLApplication      - Loading default localization
12:45:05.427 [FXGL Background Thread 1 ] DEBUG FXGLAssetLoaderServi - Loading from file system: jar:file:/C:/Users/Owner/.m2/repository/com/github/almasb/fxgl/17.3/fxgl-17.3.jar!/fxglassets/languages/english.lang
12:45:05.428 [FXGL Background Thread 4 ] DEBUG FXGLApplication      - Loading fonts
12:45:05.437 [FXGL Background Thread 4 ] DEBUG FXGLAssetLoaderServi - Loading from file system: jar:file:/C:/Users/Owner/.m2/repository/com/github/almasb/fxgl/17.3/fxgl-17.3.jar!/fxglassets/ui/fonts/VarelaRound-Regular.ttf
12:45:05.503 [FXGL Background Thread 1 ] INFO  FXGLApplication      - FXGL initialization took: 0.999 sec
12:45:05.645 [JavaFX Application Thread] DEBUG FXGLAssetLoaderServi - Loading from file system: jar:file:/C:/Users/Owner/.m2/repository/com/github/almasb/fxgl/17.3/fxgl-17.3.jar!/fxglassets/textures/fxgl_icon.png
12:45:05.759 [JavaFX Application Thread] DEBUG FXGLAssetLoaderServi - Loading from file system: jar:file:/C:/Users/Owner/.m2/repository/com/github/almasb/fxgl/17.3/fxgl-17.3.jar!/fxglassets/textures/fxgl_default_cursor.png
12:45:05.866 [JavaFX Application Thread] DEBUG Input                - Registered new binding: Screenshot - CTRL+8
12:45:05.867 [JavaFX Application Thread] DEBUG Input                - Registered new binding: System info dump - CTRL+9
12:45:05.868 [JavaFX Application Thread] DEBUG Input                - Registered new binding: Restart - CTRL+R
12:45:05.872 [JavaFX Application Thread] DEBUG Input                - Registered new binding: Toggle Debug Camera - CTRL+7
12:45:05.884 [JavaFX Application Thread] DEBUG LoopRunner           - Starting loop
12:45:05.886 [JavaFX Application Thread] DEBUG LoopRunner           - Initializing JavaFX AnimationTimerLoop
12:45:05.911 [JavaFX Application Thread] DEBUG GameApplicationServi - Starting new game
12:45:05.914 [JavaFX Application Thread] DEBUG Input                - Clearing active input actions
12:45:05.967 [JavaFX Application Thread] DEBUG GameApplicationServi - Removing overlay from FXGLStartupScene and adding to FXGLLoadingScene
12:45:05.968 [JavaFX Application Thread] DEBUG PrimaryStageWindow   - FXGLStartupScene -> FXGLLoadingScene
12:45:05.968 [JavaFX Application Thread] DEBUG GameApplicationServi - Clearing previous game
12:45:05.969 [JavaFX Application Thread] DEBUG GameScene            - Clearing game scene
12:45:05.969 [JavaFX Application Thread] DEBUG GameWorld            - Clearing game world
12:45:05.969 [JavaFX Application Thread] DEBUG PhysicsWorld         - Clearing physics world
12:45:06.001 [FXGL Background Thread 1 ] DEBUG FXGLApplication      - Initializing game
12:45:06.140 [ServerAsyncConnThread    ] DEBUG TCPServer            - Starting to listen at: 50000 type: class com.almasb.fxgl.core.serialization.Bundle
12:45:06.190 [FXGL Background Thread 1 ] WARN  TMXLevelLoader       - TiledMap generated from 1.11.2. Supported version: 1.9.0. Some features may not be parsed fully.
12:45:06.577 [FXGL Background Thread 1 ] DEBUG TMXLevelLoader       - Parsed TiledMap: file:/C:/Users/Owner/Desktop/Sonic-rush/target/classes/assets/levels/mapazo.tmx
12:45:06.610 [FXGL Background Thread 1 ] DEBUG TMXLevelLoader       - Creating tile layer entities
12:45:06.615 [FXGL Background Thread 1 ] DEBUG TilesetLoader        - Loading view for layer Capa de patrones 1
12:45:06.642 [FXGL Background Thread 1 ] DEBUG TilesetLoader        - Created buffer with size 3840.0x720.0
12:45:06.702 [FXGL Background Thread 1 ] DEBUG TMXLevelLoader       - Creating object layer entities
12:45:06.822 [FXGL Background Thread 1 ] DEBUG GameWorld            - Clearing removable entities
12:45:06.824 [FXGL Background Thread 1 ] DEBUG GameWorld            - Setting level: com.almasb.fxgl.entity.level.Level@33f1db73
12:45:07.365 [FXGL Background Thread 1 ] DEBUG FXGLAssetLoaderServi - Loading from file system: file:/C:/Users/Owner/Desktop/Sonic-rush/target/classes/assets/textures/Items/ring.png
12:45:07.430 [FXGL Background Thread 4 ] DEBUG FXGLAssetLoaderServi - Loading from file system: jar:file:/C:/Users/Owner/.m2/repository/com/github/almasb/fxgl/17.3/fxgl-17.3.jar!/fxglassets/ui/fonts/Abel-Regular.ttf
12:45:07.449 [FXGL Background Thread 4 ] DEBUG FXGLAssetLoaderServi - Loading from file system: jar:file:/C:/Users/Owner/.m2/repository/com/github/almasb/fxgl/17.3/fxgl-17.3.jar!/fxglassets/ui/fonts/TerminalLandMono-Regular.otf
12:45:07.472 [FXGL Background Thread 4 ] DEBUG FXGLAssetLoaderServi - Loading from file system: jar:file:/C:/Users/Owner/.m2/repository/com/github/almasb/fxgl/17.3/fxgl-17.3.jar!/fxglassets/ui/fonts/Courier-Prime.ttf
12:45:07.526 [JavaFX Application Thread] DEBUG FXGLApplication      - Registering font factories with UI factory
12:45:07.614 [FXGL Background Thread 1 ] DEBUG FXGLAssetLoaderServi - Loading from file system: file:/C:/Users/Owner/Desktop/Sonic-rush/target/classes/assets/textures/Enemigos/enemigo2.png
12:45:07.642 [FXGL Background Thread 1 ] DEBUG FXGLAssetLoaderServi - Loading from file system: file:/C:/Users/Owner/Desktop/Sonic-rush/target/classes/assets/textures/Items/papel.png
12:45:07.698 [FXGL Background Thread 1 ] DEBUG FXGLAssetLoaderServi - Loading from file system: file:/C:/Users/Owner/Desktop/Sonic-rush/target/classes/assets/textures/Items/caucho.png
12:45:07.713 [FXGL Background Thread 1 ] DEBUG FXGLAssetLoaderServi - Loading from file system: file:/C:/Users/Owner/Desktop/Sonic-rush/target/classes/assets/textures/Items/basura.png
12:45:07.778 [FXGL Background Thread 1 ] INFO  FXGLApplication      - Game initialization took: 1.778 sec
12:45:07.814 [JavaFX Application Thread] DEBUG Input                - Clearing active input actions
12:45:07.844 [JavaFX Application Thread] DEBUG GameApplicationServi - Removing overlay from FXGLLoadingScene and adding to GameScene
12:45:07.844 [JavaFX Application Thread] DEBUG PrimaryStageWindow   - FXGLLoadingScene -> GameScene
12:45:08.423 [FXGL Background Thread 3 ] DEBUG Engine               - Logging environment variables
12:45:08.428 [FXGL Background Thread 3 ] DEBUG Engine               - achievements: []
12:45:08.429 [FXGL Background Thread 3 ] DEBUG Engine               - actualHeight: 500.0
12:45:08.429 [FXGL Background Thread 3 ] DEBUG Engine               - actualHeightProperty: ReadOnlyDoubleProperty [value: 500.0]
12:45:08.430 [FXGL Background Thread 3 ] DEBUG Engine               - actualWidth: 800.0
12:45:08.430 [FXGL Background Thread 3 ] DEBUG Engine               - actualWidthProperty: ReadOnlyDoubleProperty [value: 800.0]
12:45:08.431 [FXGL Background Thread 3 ] DEBUG Engine               - appIcon: fxgl_icon.png
12:45:08.431 [FXGL Background Thread 3 ] DEBUG Engine               - applicationMode: DEVELOPER
12:45:08.431 [FXGL Background Thread 3 ] DEBUG Engine               - cSSList: [fxgl_dark.css]
12:45:08.432 [FXGL Background Thread 3 ] DEBUG Engine               - collisionDetectionStrategy: BRUTE_FORCE
12:45:08.432 [FXGL Background Thread 3 ] DEBUG Engine               - configClass: Optional.empty
12:45:08.432 [FXGL Background Thread 3 ] DEBUG Engine               - credits: []
12:45:08.433 [FXGL Background Thread 3 ] DEBUG Engine               - defaultCursor: CursorInfo(imageName=fxgl_default_cursor.png, hotspotX=7.0, hotspotY=6.0)
12:45:08.434 [FXGL Background Thread 3 ] DEBUG Engine               - devBBoxColorProperty: ObjectProperty [value: 0xff0000ff]
12:45:08.435 [FXGL Background Thread 3 ] DEBUG Engine               - devEnableDebugCameraProperty: BooleanProperty [value: false]
12:45:08.436 [FXGL Background Thread 3 ] DEBUG Engine               - devSensorColorProperty: ObjectProperty [value: 0xffff00ff]
12:45:08.436 [FXGL Background Thread 3 ] DEBUG Engine               - devShowBBoxProperty: BooleanProperty [value: false]
12:45:08.436 [FXGL Background Thread 3 ] DEBUG Engine               - devShowPositionProperty: BooleanProperty [value: false]
12:45:08.438 [FXGL Background Thread 3 ] DEBUG Engine               - enabledMenuItems: []
12:45:08.438 [FXGL Background Thread 3 ] DEBUG Engine               - engineServices: [class com.almasb.fxgl.app.services.FXGLAssetLoaderService, class com.almasb.fxgl.app.FXGLApplication$GameApplicationService, class com.almasb.fxgl.app.services.FXGLDialogService, class com.almasb.fxgl.app.services.IOTaskExecutorService, class com.almasb.fxgl.io.FileSystemService, class com.almasb.fxgl.localization.LocalizationService, class com.almasb.fxgl.app.services.SystemBundleService, class com.almasb.fxgl.profile.SaveLoadService, class com.almasb.fxgl.ui.FXGLUIFactoryServiceProvider, class com.almasb.fxgl.ui.FXGLDialogFactoryServiceProvider, class com.almasb.fxgl.audio.AudioPlayer, class com.almasb.fxgl.notification.impl.NotificationServiceProvider, class com.almasb.fxgl.achievement.AchievementService, class com.almasb.fxgl.cutscene.CutsceneService, class com.almasb.fxgl.minigames.MiniGameService, class com.almasb.fxgl.net.NetService, class com.almasb.fxgl.app.services.UpdaterService, class com.almasb.fxgl.dev.DevService, class com.almasb.fxgl.multiplayer.MultiplayerService]
12:45:08.439 [FXGL Background Thread 3 ] DEBUG Engine               - fontGame: Abel-Regular.ttf
12:45:08.440 [FXGL Background Thread 3 ] DEBUG Engine               - fontMono: TerminalLandMono-Regular.otf
12:45:08.440 [FXGL Background Thread 3 ] DEBUG Engine               - fontSizeScaleUI: 1.0
12:45:08.441 [FXGL Background Thread 3 ] DEBUG Engine               - fontText: Courier-Prime.ttf
12:45:08.442 [FXGL Background Thread 3 ] DEBUG Engine               - fontUI: VarelaRound-Regular.ttf
12:45:08.442 [FXGL Background Thread 3 ] DEBUG Engine               - fullScreen: BooleanProperty [value: false]
12:45:08.442 [FXGL Background Thread 3 ] DEBUG Engine               - gameDifficulty: MEDIUM
12:45:08.442 [FXGL Background Thread 3 ] DEBUG Engine               - gameDifficultyProperty: ObjectProperty [value: MEDIUM]
12:45:08.443 [FXGL Background Thread 3 ] DEBUG Engine               - globalMusicVolume: 0.5
12:45:08.458 [FXGL Background Thread 3 ] DEBUG Engine               - globalMusicVolumeProperty: DoubleProperty [value: 0.5]
12:45:08.459 [FXGL Background Thread 3 ] DEBUG Engine               - globalSoundVolume: 0.5
12:45:08.464 [FXGL Background Thread 3 ] DEBUG Engine               - globalSoundVolumeProperty: DoubleProperty [value: 0.5]
12:45:08.464 [FXGL Background Thread 3 ] DEBUG Engine               - height: 500
12:45:08.465 [FXGL Background Thread 3 ] DEBUG Engine               - is3D: false
12:45:08.466 [FXGL Background Thread 3 ] DEBUG Engine               - isAndroid: false
12:45:08.467 [FXGL Background Thread 3 ] DEBUG Engine               - isBrowser: false
12:45:08.469 [FXGL Background Thread 3 ] DEBUG Engine               - isClickFeedbackEnabled: false
12:45:08.469 [FXGL Background Thread 3 ] DEBUG Engine               - isCloseConfirmation: false
12:45:08.469 [FXGL Background Thread 3 ] DEBUG Engine               - isDesktop: true
12:45:08.469 [FXGL Background Thread 3 ] DEBUG Engine               - isDeveloperMenuEnabled: false
12:45:08.469 [FXGL Background Thread 3 ] DEBUG Engine               - isEmbedded: false
12:45:08.469 [FXGL Background Thread 3 ] DEBUG Engine               - isEntityPreloadEnabled: true
12:45:08.476 [FXGL Background Thread 3 ] DEBUG Engine               - isExperimentalTiledLargeMap: false
12:45:08.476 [FXGL Background Thread 3 ] DEBUG Engine               - isFileSystemWriteAllowed: true
12:45:08.476 [FXGL Background Thread 3 ] DEBUG Engine               - isFullScreenAllowed: false
12:45:08.477 [FXGL Background Thread 3 ] DEBUG Engine               - isFullScreenFromStart: false
12:45:08.477 [FXGL Background Thread 3 ] DEBUG Engine               - isGameMenuEnabled: true
12:45:08.477 [FXGL Background Thread 3 ] DEBUG Engine               - isIOS: false
12:45:08.477 [FXGL Background Thread 3 ] DEBUG Engine               - isIntroEnabled: false
12:45:08.477 [FXGL Background Thread 3 ] DEBUG Engine               - isLinux: false
12:45:08.477 [FXGL Background Thread 3 ] DEBUG Engine               - isMac: false
12:45:08.477 [FXGL Background Thread 3 ] DEBUG Engine               - isMainMenuEnabled: false
12:45:08.477 [FXGL Background Thread 3 ] DEBUG Engine               - isManualResizeEnabled: false
12:45:08.477 [FXGL Background Thread 3 ] DEBUG Engine               - isMobile: false
12:45:08.477 [FXGL Background Thread 3 ] DEBUG Engine               - isNative: false
12:45:08.477 [FXGL Background Thread 3 ] DEBUG Engine               - isPauseMusicWhenMinimized: true
12:45:08.478 [FXGL Background Thread 3 ] DEBUG Engine               - isPreserveResizeRatio: false
12:45:08.478 [FXGL Background Thread 3 ] DEBUG Engine               - isProfilingEnabled: false
12:45:08.478 [FXGL Background Thread 3 ] DEBUG Engine               - isScaleAffectedOnResize: true
12:45:08.478 [FXGL Background Thread 3 ] DEBUG Engine               - isSingleStep: false
12:45:08.478 [FXGL Background Thread 3 ] DEBUG Engine               - isUserProfileEnabled: false
12:45:08.478 [FXGL Background Thread 3 ] DEBUG Engine               - isWindows: true
12:45:08.478 [FXGL Background Thread 3 ] DEBUG Engine               - language: ObjectProperty [value: ENGLISH]
12:45:08.478 [FXGL Background Thread 3 ] DEBUG Engine               - menuKey: ESCAPE
12:45:08.478 [FXGL Background Thread 3 ] DEBUG Engine               - mouseSensitivity: 0.2
12:45:08.479 [FXGL Background Thread 3 ] DEBUG Engine               - notificationViewClass: class com.almasb.fxgl.notification.view.XboxNotificationView
12:45:08.502 [FXGL Background Thread 3 ] DEBUG Engine               - pixelsPerMeter: 50.0
12:45:08.502 [FXGL Background Thread 3 ] DEBUG Engine               - platform: WINDOWS
12:45:08.502 [FXGL Background Thread 3 ] DEBUG Engine               - prefHeightProperty: ReadOnlyDoubleProperty [value: 500.0]
12:45:08.502 [FXGL Background Thread 3 ] DEBUG Engine               - prefWidthProperty: ReadOnlyDoubleProperty [value: 800.0]
12:45:08.502 [FXGL Background Thread 3 ] DEBUG Engine               - profileDir: profiles/
12:45:08.502 [FXGL Background Thread 3 ] DEBUG Engine               - profileName: StringProperty [value: DEFAULT]
12:45:08.502 [FXGL Background Thread 3 ] DEBUG Engine               - randomSeed: -1
12:45:08.506 [FXGL Background Thread 3 ] DEBUG Engine               - runtimeInfo: RuntimeInfo(platform=WINDOWS, version=17.3, build=30.03.2023 11.49)
12:45:08.506 [FXGL Background Thread 3 ] DEBUG Engine               - saveFileExt: sav
12:45:08.506 [FXGL Background Thread 3 ] DEBUG Engine               - scaledHeightProp$fxgl: DoubleProperty [bound, value: 500.0]
12:45:08.507 [FXGL Background Thread 3 ] DEBUG Engine               - scaledWidthProp$fxgl: DoubleProperty [bound, value: 800.0]
12:45:08.507 [FXGL Background Thread 3 ] DEBUG Engine               - sceneFactory: com.almasb.fxgl.app.scene.SceneFactory@1477064b
12:45:08.507 [FXGL Background Thread 3 ] DEBUG Engine               - secondsIn24h: 60
12:45:08.508 [FXGL Background Thread 3 ] DEBUG Engine               - soundMenuBack: menu/back.wav
12:45:08.508 [FXGL Background Thread 3 ] DEBUG Engine               - soundMenuPress: menu/press.wav
12:45:08.508 [FXGL Background Thread 3 ] DEBUG Engine               - soundMenuSelect: menu/select.wav
12:45:08.508 [FXGL Background Thread 3 ] DEBUG Engine               - soundNotification: core/notification.wav
12:45:08.508 [FXGL Background Thread 3 ] DEBUG Engine               - stageStyle: DECORATED
12:45:08.511 [FXGL Background Thread 3 ] DEBUG Engine               - supportedLanguages: [ENGLISH, FRENCH, GERMAN, HUNGARIAN, RUSSIAN]
12:45:08.511 [FXGL Background Thread 3 ] DEBUG Engine               - ticksPerSecond: -1
12:45:08.511 [FXGL Background Thread 3 ] DEBUG Engine               - title: Server
12:45:08.513 [FXGL Background Thread 3 ] DEBUG Engine               - urlGithub: https://github.com/AlmasB/FXGL
12:45:08.513 [FXGL Background Thread 3 ] DEBUG Engine               - urlLeaderboard: http://fxgl-top.herokuapp.com/
12:45:08.513 [FXGL Background Thread 3 ] DEBUG Engine               - urlPOM: https://raw.githubusercontent.com/AlmasB/FXGL/release/README.md
12:45:08.513 [FXGL Background Thread 3 ] DEBUG Engine               - userAppClass: class Runner.ServerRunner
12:45:08.513 [FXGL Background Thread 3 ] DEBUG Engine               - version: 0.0
12:45:08.513 [FXGL Background Thread 3 ] DEBUG Engine               - versionCheckDays: 7
12:45:08.513 [FXGL Background Thread 3 ] DEBUG Engine               - width: 800
12:45:08.513 [FXGL Background Thread 3 ] DEBUG Engine               - Logging services
12:45:08.513 [FXGL Background Thread 3 ] DEBUG Engine               - class com.almasb.fxgl.app.services.FXGLAssetLoaderService
12:45:08.514 [FXGL Background Thread 3 ] DEBUG Engine               - class com.almasb.fxgl.app.FXGLApplication$GameApplicationService
12:45:08.514 [FXGL Background Thread 3 ] DEBUG Engine               - class com.almasb.fxgl.app.services.FXGLDialogService
12:45:08.514 [FXGL Background Thread 3 ] DEBUG Engine               - class com.almasb.fxgl.app.services.IOTaskExecutorService
12:45:08.514 [FXGL Background Thread 3 ] DEBUG Engine               - class com.almasb.fxgl.io.FileSystemService
12:45:08.514 [FXGL Background Thread 3 ] DEBUG Engine               - class com.almasb.fxgl.localization.LocalizationService
12:45:08.514 [FXGL Background Thread 3 ] DEBUG Engine               - class com.almasb.fxgl.app.services.SystemBundleService
12:45:08.514 [FXGL Background Thread 3 ] DEBUG Engine               - class com.almasb.fxgl.profile.SaveLoadService
12:45:08.514 [FXGL Background Thread 3 ] DEBUG Engine               - class com.almasb.fxgl.ui.FXGLUIFactoryServiceProvider
12:45:08.514 [FXGL Background Thread 3 ] DEBUG Engine               - class com.almasb.fxgl.ui.FXGLDialogFactoryServiceProvider
12:45:08.515 [FXGL Background Thread 3 ] DEBUG Engine               - class com.almasb.fxgl.audio.AudioPlayer
12:45:08.515 [FXGL Background Thread 3 ] DEBUG Engine               - class com.almasb.fxgl.notification.impl.NotificationServiceProvider
12:45:08.516 [FXGL Background Thread 3 ] DEBUG Engine               - class com.almasb.fxgl.achievement.AchievementService
12:45:08.517 [FXGL Background Thread 3 ] DEBUG Engine               - class com.almasb.fxgl.cutscene.CutsceneService
12:45:08.517 [FXGL Background Thread 3 ] DEBUG Engine               - class com.almasb.fxgl.minigames.MiniGameService
12:45:08.518 [FXGL Background Thread 3 ] DEBUG Engine               - class com.almasb.fxgl.net.NetService
12:45:08.518 [FXGL Background Thread 3 ] DEBUG Engine               - class com.almasb.fxgl.app.services.UpdaterService
12:45:08.518 [FXGL Background Thread 3 ] DEBUG Engine               - class com.almasb.fxgl.dev.DevService
12:45:08.518 [FXGL Background Thread 3 ] DEBUG Engine               - class com.almasb.fxgl.multiplayer.MultiplayerService
12:45:09.035 [FXGL Background Thread 2 ] INFO  UpdaterService       - Your current version:  17.3
12:45:09.059 [FXGL Background Thread 2 ] INFO  UpdaterService       - Latest stable version: 21.1
12:45:38.303 [ServerAsyncConnThread    ] DEBUG Endpoint             - TCPServer opening new connection (1) from /127.0.0.1:52504 type: class com.almasb.fxgl.core.serialization.Bundle
12:45:38.305 [ServerAsyncConnThread    ] DEBUG Endpoint             - TCPServer successfully opened connection (1)
12:45:39.131 [TCPServer_SendThread-1   ] DEBUG Writers              - Getting TCPMessageWriter for class com.almasb.fxgl.core.serialization.Bundle
12:45:39.159 [TCPServer_SendThread-1   ] DEBUG Writers              - Constructed TCPMessageWriter for class com.almasb.fxgl.core.serialization.Bundle: BundleTCPMessageWriter
12:45:39.481 [TCPServer_RecvThread-1   ] DEBUG Readers              - Getting TCPMessageReader for class com.almasb.fxgl.core.serialization.Bundle
12:45:39.490 [TCPServer_RecvThread-1   ] DEBUG Readers              - Constructed MessageReader for class com.almasb.fxgl.core.serialization.Bundle: BundleTCPMessageReader
12:45:57.882 [ServerAsyncConnThread    ] DEBUG Endpoint             - TCPServer opening new connection (2) from /127.0.0.1:52619 type: class com.almasb.fxgl.core.serialization.Bundle
12:45:57.885 [ServerAsyncConnThread    ] DEBUG Endpoint             - TCPServer successfully opened connection (2)
12:45:58.457 [TCPServer_SendThread-2   ] DEBUG Writers              - Getting TCPMessageWriter for class com.almasb.fxgl.core.serialization.Bundle
12:45:58.457 [TCPServer_RecvThread-2   ] DEBUG Readers              - Getting TCPMessageReader for class com.almasb.fxgl.core.serialization.Bundle
12:45:58.457 [TCPServer_RecvThread-2   ] DEBUG Readers              - Constructed MessageReader for class com.almasb.fxgl.core.serialization.Bundle: BundleTCPMessageReader
12:45:58.458 [TCPServer_SendThread-2   ] DEBUG Writers              - Constructed TCPMessageWriter for class com.almasb.fxgl.core.serialization.Bundle: BundleTCPMessageWriter
12:46:42.178 [JavaFX Application Thread] DEBUG FXGLAssetLoaderServi - Loading from file system: file:/C:/Users/Owner/Desktop/Sonic-rush/target/classes/assets/textures/Enemigos/eggman2.png
12:47:20.093 [ServerAsyncConnThread    ] DEBUG Endpoint             - TCPServer opening new connection (3) from /127.0.0.1:52790 type: class com.almasb.fxgl.core.serialization.Bundle
12:47:20.093 [ServerAsyncConnThread    ] DEBUG Endpoint             - TCPServer successfully opened connection (3)
12:47:20.149 [TCPServer_SendThread-3   ] DEBUG Writers              - Getting TCPMessageWriter for class com.almasb.fxgl.core.serialization.Bundle
12:47:20.149 [TCPServer_SendThread-3   ] DEBUG Writers              - Constructed TCPMessageWriter for class com.almasb.fxgl.core.serialization.Bundle: BundleTCPMessageWriter
12:47:20.160 [TCPServer_RecvThread-3   ] DEBUG Readers              - Getting TCPMessageReader for class com.almasb.fxgl.core.serialization.Bundle
12:47:20.160 [TCPServer_RecvThread-3   ] DEBUG Readers              - Constructed MessageReader for class com.almasb.fxgl.core.serialization.Bundle: BundleTCPMessageReader
12:48:05.802 [TCPServer_RecvThread-1   ] DEBUG Endpoint             - Connection 1 was unexpectedly disconnected: Connection reset
12:48:05.802 [TCPServer_RecvThread-1   ] DEBUG Connection           - Closing connection 1
12:48:05.803 [TCPServer_RecvThread-1   ] DEBUG Connection           - Connection 1 was correctly closed from local endpoint.
12:48:05.804 [TCPServer_RecvThread-1   ] DEBUG Endpoint             - TCPServer connection (1) was closed
12:48:05.804 [TCPServer_RecvThread-2   ] DEBUG Endpoint             - Connection 2 was unexpectedly disconnected: Connection reset
12:48:05.804 [TCPServer_RecvThread-2   ] DEBUG Connection           - Closing connection 2
12:48:05.805 [TCPServer_RecvThread-2   ] DEBUG Connection           - Connection 2 was correctly closed from local endpoint.
12:48:05.805 [TCPServer_RecvThread-2   ] DEBUG Endpoint             - TCPServer connection (2) was closed
12:48:05.808 [TCPServer_RecvThread-3   ] DEBUG Endpoint             - Connection 3 was unexpectedly disconnected: Connection reset
12:48:05.808 [TCPServer_RecvThread-3   ] DEBUG Connection           - Closing connection 3
12:48:05.808 [TCPServer_RecvThread-3   ] DEBUG Connection           - Connection 3 was correctly closed from local endpoint.
12:48:05.809 [TCPServer_RecvThread-3   ] DEBUG Endpoint             - TCPServer connection (3) was closed
12:48:07.060 [JavaFX Application Thread] DEBUG FXGLApplication      - Exiting FXGL
12:48:07.061 [JavaFX Application Thread] DEBUG LoopRunner           - Stopping loop
12:48:07.062 [JavaFX Application Thread] DEBUG SystemBundleService  - Saving FXGL system data
12:48:07.072 [JavaFX Application Thread] DEBUG FileSystemAccess     - Writing to: C:\Users\Owner\Desktop\Sonic-rush\system\fxgl.bundle
12:48:07.078 [JavaFX Application Thread] DEBUG Async                - Shutting down background threads
12:48:07.079 [JavaFX Application Thread] DEBUG PrimaryStageWindow   - Closing main window
12:48:07.280 [JavaFX Application Thread] DEBUG Logger               - Closing Logger
