23:26:55.582 [main                     ] DEBUG Logger               - Configured Logger
23:26:55.634 [main                     ] DEBUG GameApplication      - Logging settings
Title: Jugador Sonic
Version: 0.0
Width: 1000
Height: 600
Fullscreen: false
Intro: false
Profiling: false
Single step:false
App Mode: DEVELOPER
Menu Key: ESCAPE
Stage Style: DECORATED
Scene Factory: class com.almasb.fxgl.app.scene.SceneFactory

23:26:56.364 [JavaFX Application Thread] DEBUG FXGLApplication      - Initializing FXGL
23:26:56.374 [JavaFX Application Thread] INFO  Engine               - FXGL-17.3 (30.03.2023 11.49) on WINDOWS (J:17.0.12 FX:20)
23:26:56.375 [JavaFX Application Thread] DEBUG Engine               - JRE Vendor Name: Oracle Corporation
23:26:56.376 [JavaFX Application Thread] DEBUG Engine               - Running on OS: Windows 10 version 10.0
23:26:56.376 [JavaFX Application Thread] DEBUG Engine               - Architecture: amd64
23:26:56.376 [JavaFX Application Thread] INFO  Engine               - Source code and latest versions at: https://github.com/AlmasB/FXGL
23:26:56.377 [JavaFX Application Thread] INFO  Engine               -       Ask questions and discuss at: https://github.com/AlmasB/FXGL/discussions
23:26:56.378 [JavaFX Application Thread] INFO  Engine               -              Join the FXGL chat at: https://gitter.im/AlmasB/FXGL
23:26:56.662 [JavaFX Application Thread] DEBUG PrimaryStageWindow   - Creating a JavaFX scene
23:26:56.739 [JavaFX Application Thread] DEBUG PrimaryStageWindow   - Target settings size: 1000.0 x 600.0
23:26:56.739 [JavaFX Application Thread] DEBUG PrimaryStageWindow   - Scaled scene size:    1000.0 x 600.0
23:26:56.740 [JavaFX Application Thread] DEBUG PrimaryStageWindow   - Scaled ratio: (1.0, 1.0)
23:26:56.741 [JavaFX Application Thread] DEBUG PrimaryStageWindow   - Set initial scene to FXGLStartupScene
23:26:56.748 [JavaFX Application Thread] DEBUG PrimaryStageWindow   - Opening main window
23:26:56.871 [JavaFX Application Thread] DEBUG PrimaryStageWindow   - Window border size: (14.4000244140625, 37.5999755859375)
23:26:56.872 [JavaFX Application Thread] DEBUG PrimaryStageWindow   - Scaled size: 1000.0 x 600.0
23:26:56.872 [JavaFX Application Thread] DEBUG PrimaryStageWindow   - Scaled ratio: (1.0, 1.0)
23:26:56.872 [JavaFX Application Thread] DEBUG PrimaryStageWindow   - Scene size: 1000.0 x 600.0
23:26:56.873 [JavaFX Application Thread] DEBUG PrimaryStageWindow   - Stage size: 1014.4000244140625 x 637.5999755859375
23:26:57.240 [FXGL Background Thread 1 ] DEBUG Engine               - Initializing environment variables
23:26:57.425 [FXGL Background Thread 1 ] DEBUG FXGLAssetLoaderServi - User app class for loading assets: class Runner.ClientRunner
23:26:57.426 [FXGL Background Thread 1 ] DEBUG GameApplicationServi - Applying CSS: fxgl_dark.css
23:26:57.428 [FXGL Background Thread 1 ] DEBUG FXGLAssetLoaderServi - Loading from file system: jar:file:/C:/Users/Owner/.m2/repository/com/github/almasb/fxgl/17.3/fxgl-17.3.jar!/fxglassets/ui/css/fxgl_dark.css
23:26:57.539 [FXGL Background Thread 1 ] DEBUG GameApplicationServi - Initializing application scenes
23:26:58.083 [FXGL Background Thread 1 ] DEBUG GameWorld            - Game world initialized
23:26:58.688 [FXGL Background Thread 1 ] DEBUG PhysicsWorld         - Physics world initialized: appHeight=600, physics.ppm=50.0
23:26:58.689 [FXGL Background Thread 1 ] DEBUG PhysicsWorld         - Using strategy: BRUTE_FORCE
23:26:58.704 [FXGL Background Thread 1 ] DEBUG GameScene            - Game scene initialized: 1000x600
23:26:58.760 [FXGL Background Thread 1 ] DEBUG FXGL.DefaultMenu     - createMenuBodyGameMenu()
23:26:59.009 [FXGL Background Thread 1 ] DEBUG FXGL.DefaultMenu     - createOptionsMenu()
23:26:59.174 [FXGL Background Thread 1 ] DEBUG FXGLAssetLoaderServi - Loading from file system: jar:file:/C:/Users/Owner/.m2/repository/com/github/almasb/fxgl/17.3/fxgl-17.3.jar!/fxglassets/textures/particles/smoke.png
23:26:59.617 [FXGL Background Thread 1 ] DEBUG FXGLAssetLoaderServi - Loading from file system: jar:file:/C:/Users/Owner/.m2/repository/com/github/almasb/fxgl/17.3/fxgl-17.3.jar!/fxglassets/textures/particles/trace_horizontal.png
23:26:59.706 [FXGL Background Thread 1 ] DEBUG GameApplicationServi - Application scenes initialized
23:26:59.761 [FXGL Background Thread 1 ] DEBUG SystemBundleService  - Loading FXGL system data
23:26:59.772 [FXGL Background Thread 1 ] DEBUG FileSystemAccess     - Reading from: C:\Users\Owner\Desktop\Sonic-rush\system\fxgl.bundle
23:26:59.786 [FXGL Background Thread 1 ] DEBUG SystemBundleService  - Bundle FXGL: {}
23:26:59.786 [FXGL Background Thread 1 ] DEBUG UpdaterService       - Checking for updates
23:26:59.795 [FXGL Background Thread 1 ] DEBUG FXGLApplication      - Loading default localization
23:26:59.796 [FXGL Background Thread 1 ] DEBUG FXGLAssetLoaderServi - Loading from file system: jar:file:/C:/Users/Owner/.m2/repository/com/github/almasb/fxgl/17.3/fxgl-17.3.jar!/fxglassets/languages/english.lang
23:26:59.828 [FXGL Background Thread 1 ] INFO  FXGLApplication      - FXGL initialization took: 2.587 sec
23:26:59.860 [JavaFX Application Thread] DEBUG Input                - Registered new binding: Mover a la izquierda - A
23:26:59.860 [JavaFX Application Thread] DEBUG Input                - Registered new binding: Mover a la derecha - D
23:26:59.860 [JavaFX Application Thread] DEBUG Input                - Registered new binding: Saltar - W
23:27:00.108 [FXGL Background Thread 4 ] DEBUG FXGLApplication      - Loading fonts
23:27:00.110 [JavaFX Application Thread] DEBUG Input                - Registered new binding: Interactuar - E
23:27:00.112 [JavaFX Application Thread] DEBUG Input                - Registered new binding: Desactivar filtro - L
23:27:00.110 [FXGL Background Thread 4 ] DEBUG FXGLAssetLoaderServi - Loading from file system: jar:file:/C:/Users/Owner/.m2/repository/com/github/almasb/fxgl/17.3/fxgl-17.3.jar!/fxglassets/ui/fonts/VarelaRound-Regular.ttf
23:27:00.115 [JavaFX Application Thread] DEBUG FXGLAssetLoaderServi - Loading from file system: jar:file:/C:/Users/Owner/.m2/repository/com/github/almasb/fxgl/17.3/fxgl-17.3.jar!/fxglassets/textures/fxgl_icon.png
23:27:00.180 [JavaFX Application Thread] DEBUG FXGLAssetLoaderServi - Loading from file system: jar:file:/C:/Users/Owner/.m2/repository/com/github/almasb/fxgl/17.3/fxgl-17.3.jar!/fxglassets/textures/fxgl_default_cursor.png
23:27:00.184 [JavaFX Application Thread] DEBUG Input                - Registered new binding: Screenshot - CTRL+8
23:27:00.185 [JavaFX Application Thread] DEBUG Input                - Registered new binding: System info dump - CTRL+9
23:27:00.185 [JavaFX Application Thread] DEBUG Input                - Registered new binding: Restart - CTRL+R
23:27:00.187 [JavaFX Application Thread] DEBUG Input                - Registered new binding: Toggle Debug Camera - CTRL+7
23:27:00.191 [JavaFX Application Thread] DEBUG LoopRunner           - Starting loop
23:27:00.191 [JavaFX Application Thread] DEBUG LoopRunner           - Initializing JavaFX AnimationTimerLoop
23:27:00.193 [JavaFX Application Thread] DEBUG GameApplicationServi - Starting new game
23:27:00.195 [JavaFX Application Thread] DEBUG Input                - Clearing active input actions
23:27:00.215 [JavaFX Application Thread] DEBUG GameApplicationServi - Removing overlay from FXGLStartupScene and adding to FXGLLoadingScene
23:27:00.215 [JavaFX Application Thread] DEBUG PrimaryStageWindow   - FXGLStartupScene -> FXGLLoadingScene
23:27:00.215 [JavaFX Application Thread] DEBUG GameApplicationServi - Clearing previous game
23:27:00.215 [JavaFX Application Thread] DEBUG GameScene            - Clearing game scene
23:27:00.215 [JavaFX Application Thread] DEBUG GameWorld            - Clearing game world
23:27:00.216 [JavaFX Application Thread] DEBUG PhysicsWorld         - Clearing physics world
23:27:00.218 [FXGL Background Thread 1 ] DEBUG FXGLApplication      - Initializing game
23:27:00.232 [FXGL Background Thread 1 ] DEBUG FXGLAssetLoaderServi - Loading from file system: file:/C:/Users/Owner/Desktop/Sonic-rush/target/classes/assets/music/OST2.mp3
23:27:01.005 [FXGL Background Thread 4 ] DEBUG FXGLAssetLoaderServi - Loading from file system: jar:file:/C:/Users/Owner/.m2/repository/com/github/almasb/fxgl/17.3/fxgl-17.3.jar!/fxglassets/ui/fonts/Abel-Regular.ttf
23:27:01.016 [FXGL Background Thread 4 ] DEBUG FXGLAssetLoaderServi - Loading from file system: jar:file:/C:/Users/Owner/.m2/repository/com/github/almasb/fxgl/17.3/fxgl-17.3.jar!/fxglassets/ui/fonts/TerminalLandMono-Regular.otf
23:27:01.021 [FXGL Background Thread 4 ] DEBUG FXGLAssetLoaderServi - Loading from file system: jar:file:/C:/Users/Owner/.m2/repository/com/github/almasb/fxgl/17.3/fxgl-17.3.jar!/fxglassets/ui/fonts/Courier-Prime.ttf
23:27:01.034 [JavaFX Application Thread] DEBUG FXGLApplication      - Registering font factories with UI factory
23:27:01.194 [FXGL Background Thread 1 ] DEBUG AudioPlayer          - Playing music com.almasb.fxgl.audio.Music@7d17c50c
23:27:01.219 [FXGL Background Thread 1 ] INFO  FXGLApplication      - Game initialization took: 1.001 sec
23:27:01.719 [JavaFX Application Thread] DEBUG Input                - Clearing active input actions
23:27:01.752 [JavaFX Application Thread] DEBUG GameApplicationServi - Removing overlay from FXGLLoadingScene and adding to GameScene
23:27:01.753 [JavaFX Application Thread] DEBUG PrimaryStageWindow   - FXGLLoadingScene -> GameScene
23:27:02.132 [FXGL Background Thread 2 ] INFO  UpdaterService       - Your current version:  17.3
23:27:02.446 [FXGL Background Thread 2 ] INFO  UpdaterService       - Latest stable version: 21.1
23:27:02.826 [FXGL Background Thread 3 ] DEBUG Engine               - Logging environment variables
23:27:02.836 [FXGL Background Thread 3 ] DEBUG Engine               - achievements: []
23:27:02.837 [FXGL Background Thread 3 ] DEBUG Engine               - actualHeight: 600.0
23:27:02.839 [FXGL Background Thread 3 ] DEBUG Engine               - actualHeightProperty: ReadOnlyDoubleProperty [value: 600.0]
23:27:02.839 [FXGL Background Thread 3 ] DEBUG Engine               - actualWidth: 1000.0
23:27:02.839 [FXGL Background Thread 3 ] DEBUG Engine               - actualWidthProperty: ReadOnlyDoubleProperty [value: 1000.0]
23:27:02.839 [FXGL Background Thread 3 ] DEBUG Engine               - appIcon: fxgl_icon.png
23:27:02.840 [FXGL Background Thread 3 ] DEBUG Engine               - applicationMode: DEVELOPER
23:27:02.840 [FXGL Background Thread 3 ] DEBUG Engine               - cSSList: [fxgl_dark.css]
23:27:02.840 [FXGL Background Thread 3 ] DEBUG Engine               - collisionDetectionStrategy: BRUTE_FORCE
23:27:02.841 [FXGL Background Thread 3 ] DEBUG Engine               - configClass: Optional.empty
23:27:02.841 [FXGL Background Thread 3 ] DEBUG Engine               - credits: []
23:27:02.856 [FXGL Background Thread 3 ] DEBUG Engine               - defaultCursor: CursorInfo(imageName=fxgl_default_cursor.png, hotspotX=7.0, hotspotY=6.0)
23:27:02.861 [FXGL Background Thread 3 ] DEBUG Engine               - devBBoxColorProperty: ObjectProperty [value: 0xff0000ff]
23:27:02.864 [FXGL Background Thread 3 ] DEBUG Engine               - devEnableDebugCameraProperty: BooleanProperty [value: false]
23:27:02.865 [FXGL Background Thread 3 ] DEBUG Engine               - devSensorColorProperty: ObjectProperty [value: 0xffff00ff]
23:27:02.868 [FXGL Background Thread 3 ] DEBUG Engine               - devShowBBoxProperty: BooleanProperty [value: false]
23:27:02.869 [FXGL Background Thread 3 ] DEBUG Engine               - devShowPositionProperty: BooleanProperty [value: false]
23:27:02.870 [FXGL Background Thread 3 ] DEBUG Engine               - enabledMenuItems: []
23:27:02.872 [FXGL Background Thread 3 ] DEBUG Engine               - engineServices: [class com.almasb.fxgl.app.services.FXGLAssetLoaderService, class com.almasb.fxgl.app.FXGLApplication$GameApplicationService, class com.almasb.fxgl.app.services.FXGLDialogService, class com.almasb.fxgl.app.services.IOTaskExecutorService, class com.almasb.fxgl.io.FileSystemService, class com.almasb.fxgl.localization.LocalizationService, class com.almasb.fxgl.app.services.SystemBundleService, class com.almasb.fxgl.profile.SaveLoadService, class com.almasb.fxgl.ui.FXGLUIFactoryServiceProvider, class com.almasb.fxgl.ui.FXGLDialogFactoryServiceProvider, class com.almasb.fxgl.audio.AudioPlayer, class com.almasb.fxgl.notification.impl.NotificationServiceProvider, class com.almasb.fxgl.achievement.AchievementService, class com.almasb.fxgl.cutscene.CutsceneService, class com.almasb.fxgl.minigames.MiniGameService, class com.almasb.fxgl.net.NetService, class com.almasb.fxgl.app.services.UpdaterService, class com.almasb.fxgl.dev.DevService, class com.almasb.fxgl.multiplayer.MultiplayerService]
23:27:02.872 [FXGL Background Thread 3 ] DEBUG Engine               - fontGame: Abel-Regular.ttf
23:27:02.873 [FXGL Background Thread 3 ] DEBUG Engine               - fontMono: TerminalLandMono-Regular.otf
23:27:02.873 [FXGL Background Thread 3 ] DEBUG Engine               - fontSizeScaleUI: 1.0
23:27:02.874 [FXGL Background Thread 3 ] DEBUG Engine               - fontText: Courier-Prime.ttf
23:27:02.875 [FXGL Background Thread 3 ] DEBUG Engine               - fontUI: VarelaRound-Regular.ttf
23:27:02.875 [FXGL Background Thread 3 ] DEBUG Engine               - fullScreen: BooleanProperty [value: false]
23:27:02.875 [FXGL Background Thread 3 ] DEBUG Engine               - gameDifficulty: MEDIUM
23:27:02.875 [FXGL Background Thread 3 ] DEBUG Engine               - gameDifficultyProperty: ObjectProperty [value: MEDIUM]
23:27:02.876 [FXGL Background Thread 3 ] DEBUG Engine               - globalMusicVolume: 0.5
23:27:02.876 [FXGL Background Thread 3 ] DEBUG Engine               - globalMusicVolumeProperty: DoubleProperty [value: 0.5]
23:27:02.877 [FXGL Background Thread 3 ] DEBUG Engine               - globalSoundVolume: 0.5
23:27:02.877 [FXGL Background Thread 3 ] DEBUG Engine               - globalSoundVolumeProperty: DoubleProperty [value: 0.5]
23:27:02.877 [FXGL Background Thread 3 ] DEBUG Engine               - height: 600
23:27:02.878 [FXGL Background Thread 3 ] DEBUG Engine               - is3D: false
23:27:02.879 [FXGL Background Thread 3 ] DEBUG Engine               - isAndroid: false
23:27:02.879 [FXGL Background Thread 3 ] DEBUG Engine               - isBrowser: false
23:27:02.879 [FXGL Background Thread 3 ] DEBUG Engine               - isClickFeedbackEnabled: false
23:27:02.880 [FXGL Background Thread 3 ] DEBUG Engine               - isCloseConfirmation: false
23:27:02.880 [FXGL Background Thread 3 ] DEBUG Engine               - isDesktop: true
23:27:02.880 [FXGL Background Thread 3 ] DEBUG Engine               - isDeveloperMenuEnabled: false
23:27:02.881 [FXGL Background Thread 3 ] DEBUG Engine               - isEmbedded: false
23:27:02.881 [FXGL Background Thread 3 ] DEBUG Engine               - isEntityPreloadEnabled: true
23:27:02.881 [FXGL Background Thread 3 ] DEBUG Engine               - isExperimentalTiledLargeMap: false
23:27:02.881 [FXGL Background Thread 3 ] DEBUG Engine               - isFileSystemWriteAllowed: true
23:27:02.882 [FXGL Background Thread 3 ] DEBUG Engine               - isFullScreenAllowed: false
23:27:02.882 [FXGL Background Thread 3 ] DEBUG Engine               - isFullScreenFromStart: false
23:27:02.882 [FXGL Background Thread 3 ] DEBUG Engine               - isGameMenuEnabled: true
23:27:02.883 [FXGL Background Thread 3 ] DEBUG Engine               - isIOS: false
23:27:02.883 [FXGL Background Thread 3 ] DEBUG Engine               - isIntroEnabled: false
23:27:02.883 [FXGL Background Thread 3 ] DEBUG Engine               - isLinux: false
23:27:02.884 [FXGL Background Thread 3 ] DEBUG Engine               - isMac: false
23:27:02.884 [FXGL Background Thread 3 ] DEBUG Engine               - isMainMenuEnabled: false
23:27:02.884 [FXGL Background Thread 3 ] DEBUG Engine               - isManualResizeEnabled: false
23:27:02.885 [FXGL Background Thread 3 ] DEBUG Engine               - isMobile: false
23:27:02.885 [FXGL Background Thread 3 ] DEBUG Engine               - isNative: false
23:27:02.885 [FXGL Background Thread 3 ] DEBUG Engine               - isPauseMusicWhenMinimized: true
23:27:02.885 [FXGL Background Thread 3 ] DEBUG Engine               - isPreserveResizeRatio: false
23:27:02.886 [FXGL Background Thread 3 ] DEBUG Engine               - isProfilingEnabled: false
23:27:02.886 [FXGL Background Thread 3 ] DEBUG Engine               - isScaleAffectedOnResize: true
23:27:02.886 [FXGL Background Thread 3 ] DEBUG Engine               - isSingleStep: false
23:27:02.886 [FXGL Background Thread 3 ] DEBUG Engine               - isUserProfileEnabled: false
23:27:02.887 [FXGL Background Thread 3 ] DEBUG Engine               - isWindows: true
23:27:02.888 [FXGL Background Thread 3 ] DEBUG Engine               - language: ObjectProperty [value: ENGLISH]
23:27:02.888 [FXGL Background Thread 3 ] DEBUG Engine               - menuKey: ESCAPE
23:27:02.889 [FXGL Background Thread 3 ] DEBUG Engine               - mouseSensitivity: 0.2
23:27:02.889 [FXGL Background Thread 3 ] DEBUG Engine               - notificationViewClass: class com.almasb.fxgl.notification.view.XboxNotificationView
23:27:02.889 [FXGL Background Thread 3 ] DEBUG Engine               - pixelsPerMeter: 50.0
23:27:02.890 [FXGL Background Thread 3 ] DEBUG Engine               - platform: WINDOWS
23:27:02.890 [FXGL Background Thread 3 ] DEBUG Engine               - prefHeightProperty: ReadOnlyDoubleProperty [value: 600.0]
23:27:02.891 [FXGL Background Thread 3 ] DEBUG Engine               - prefWidthProperty: ReadOnlyDoubleProperty [value: 1000.0]
23:27:02.891 [FXGL Background Thread 3 ] DEBUG Engine               - profileDir: profiles/
23:27:02.892 [FXGL Background Thread 3 ] DEBUG Engine               - profileName: StringProperty [value: DEFAULT]
23:27:02.893 [FXGL Background Thread 3 ] DEBUG Engine               - randomSeed: -1
23:27:02.903 [FXGL Background Thread 3 ] DEBUG Engine               - runtimeInfo: RuntimeInfo(platform=WINDOWS, version=17.3, build=30.03.2023 11.49)
23:27:02.904 [FXGL Background Thread 3 ] DEBUG Engine               - saveFileExt: sav
23:27:02.905 [FXGL Background Thread 3 ] DEBUG Engine               - scaledHeightProp$fxgl: DoubleProperty [bound, value: 600.0]
23:27:02.906 [FXGL Background Thread 3 ] DEBUG Engine               - scaledWidthProp$fxgl: DoubleProperty [bound, value: 1000.0]
23:27:02.907 [FXGL Background Thread 3 ] DEBUG Engine               - sceneFactory: com.almasb.fxgl.app.scene.SceneFactory@15a0613
23:27:02.908 [FXGL Background Thread 3 ] DEBUG Engine               - secondsIn24h: 60
23:27:02.908 [FXGL Background Thread 3 ] DEBUG Engine               - soundMenuBack: menu/back.wav
23:27:02.908 [FXGL Background Thread 3 ] DEBUG Engine               - soundMenuPress: menu/press.wav
23:27:02.909 [FXGL Background Thread 3 ] DEBUG Engine               - soundMenuSelect: menu/select.wav
23:27:02.909 [FXGL Background Thread 3 ] DEBUG Engine               - soundNotification: core/notification.wav
23:27:02.910 [FXGL Background Thread 3 ] DEBUG Engine               - stageStyle: DECORATED
23:27:02.910 [FXGL Background Thread 3 ] DEBUG Engine               - supportedLanguages: [ENGLISH, FRENCH, GERMAN, HUNGARIAN, RUSSIAN]
23:27:02.911 [FXGL Background Thread 3 ] DEBUG Engine               - ticksPerSecond: -1
23:27:02.912 [FXGL Background Thread 3 ] DEBUG Engine               - title: Jugador Sonic
23:27:02.913 [FXGL Background Thread 3 ] DEBUG Engine               - urlGithub: https://github.com/AlmasB/FXGL
23:27:02.913 [FXGL Background Thread 3 ] DEBUG Engine               - urlLeaderboard: http://fxgl-top.herokuapp.com/
23:27:02.913 [FXGL Background Thread 3 ] DEBUG Engine               - urlPOM: https://raw.githubusercontent.com/AlmasB/FXGL/release/README.md
23:27:02.914 [FXGL Background Thread 3 ] DEBUG Engine               - userAppClass: class Runner.ClientRunner
23:27:02.914 [FXGL Background Thread 3 ] DEBUG Engine               - version: 0.0
23:27:02.914 [FXGL Background Thread 3 ] DEBUG Engine               - versionCheckDays: 7
23:27:02.915 [FXGL Background Thread 3 ] DEBUG Engine               - width: 1000
23:27:02.916 [FXGL Background Thread 3 ] DEBUG Engine               - Logging services
23:27:02.916 [FXGL Background Thread 3 ] DEBUG Engine               - class com.almasb.fxgl.app.services.FXGLAssetLoaderService
23:27:02.916 [FXGL Background Thread 3 ] DEBUG Engine               - class com.almasb.fxgl.app.FXGLApplication$GameApplicationService
23:27:02.917 [FXGL Background Thread 3 ] DEBUG Engine               - class com.almasb.fxgl.app.services.FXGLDialogService
23:27:02.917 [FXGL Background Thread 3 ] DEBUG Engine               - class com.almasb.fxgl.app.services.IOTaskExecutorService
23:27:02.917 [FXGL Background Thread 3 ] DEBUG Engine               - class com.almasb.fxgl.io.FileSystemService
23:27:02.917 [FXGL Background Thread 3 ] DEBUG Engine               - class com.almasb.fxgl.localization.LocalizationService
23:27:02.917 [FXGL Background Thread 3 ] DEBUG Engine               - class com.almasb.fxgl.app.services.SystemBundleService
23:27:02.917 [FXGL Background Thread 3 ] DEBUG Engine               - class com.almasb.fxgl.profile.SaveLoadService
23:27:02.918 [FXGL Background Thread 3 ] DEBUG Engine               - class com.almasb.fxgl.ui.FXGLUIFactoryServiceProvider
23:27:02.918 [FXGL Background Thread 3 ] DEBUG Engine               - class com.almasb.fxgl.ui.FXGLDialogFactoryServiceProvider
23:27:02.918 [FXGL Background Thread 3 ] DEBUG Engine               - class com.almasb.fxgl.audio.AudioPlayer
23:27:02.918 [FXGL Background Thread 3 ] DEBUG Engine               - class com.almasb.fxgl.notification.impl.NotificationServiceProvider
23:27:02.918 [FXGL Background Thread 3 ] DEBUG Engine               - class com.almasb.fxgl.achievement.AchievementService
23:27:02.919 [FXGL Background Thread 3 ] DEBUG Engine               - class com.almasb.fxgl.cutscene.CutsceneService
23:27:02.919 [FXGL Background Thread 3 ] DEBUG Engine               - class com.almasb.fxgl.minigames.MiniGameService
23:27:02.919 [FXGL Background Thread 3 ] DEBUG Engine               - class com.almasb.fxgl.net.NetService
23:27:02.919 [FXGL Background Thread 3 ] DEBUG Engine               - class com.almasb.fxgl.app.services.UpdaterService
23:27:02.919 [FXGL Background Thread 3 ] DEBUG Engine               - class com.almasb.fxgl.dev.DevService
23:27:02.919 [FXGL Background Thread 3 ] DEBUG Engine               - class com.almasb.fxgl.multiplayer.MultiplayerService
23:27:11.979 [JavaFX Application Thread] DEBUG FXGLAssetLoaderServi - Loading from file system: file:/C:/Users/Owner/Desktop/Sonic-rush/target/classes/assets/textures/fondo.png
23:27:12.480 [JavaFX Application Thread] WARN  TMXLevelLoader       - TiledMap generated from 1.11.2. Supported version: 1.9.0. Some features may not be parsed fully.
23:27:12.600 [JavaFX Application Thread] DEBUG TMXLevelLoader       - Parsed TiledMap: file:/C:/Users/Owner/Desktop/Sonic-rush/target/classes/assets/levels/mapazo.tmx
23:27:12.633 [JavaFX Application Thread] DEBUG TMXLevelLoader       - Creating tile layer entities
23:27:12.641 [JavaFX Application Thread] DEBUG TilesetLoader        - Loading view for layer Capa de patrones 1
23:27:12.723 [JavaFX Application Thread] DEBUG TilesetLoader        - Created buffer with size 3840.0x720.0
23:27:12.780 [JavaFX Application Thread] DEBUG TMXLevelLoader       - Creating object layer entities
23:27:12.883 [JavaFX Application Thread] DEBUG GameWorld            - Clearing removable entities
23:27:12.888 [JavaFX Application Thread] DEBUG GameWorld            - Setting level: com.almasb.fxgl.entity.level.Level@26db6f37
23:27:13.173 [ClientAsyncConnThread    ] DEBUG TCPClient            - Connecting to 127.0.0.1:50000 type: class com.almasb.fxgl.core.serialization.Bundle
23:27:13.181 [ClientAsyncConnThread    ] DEBUG TCPClient            - Created socket to 127.0.0.1:50000
23:27:13.210 [ClientAsyncConnThread    ] DEBUG Endpoint             - TCPClient opening new connection (1) from /127.0.0.1:50000 type: class com.almasb.fxgl.core.serialization.Bundle
23:27:13.212 [ClientAsyncConnThread    ] DEBUG Endpoint             - TCPClient successfully opened connection (1)
23:27:13.854 [TCPClient_SendThread-1   ] DEBUG Writers              - Getting TCPMessageWriter for class com.almasb.fxgl.core.serialization.Bundle
23:27:13.856 [TCPClient_RecvThread-1   ] DEBUG Readers              - Getting TCPMessageReader for class com.almasb.fxgl.core.serialization.Bundle
23:27:13.858 [TCPClient_SendThread-1   ] DEBUG Writers              - Constructed TCPMessageWriter for class com.almasb.fxgl.core.serialization.Bundle: BundleTCPMessageWriter
23:27:14.023 [TCPClient_RecvThread-1   ] DEBUG Readers              - Constructed MessageReader for class com.almasb.fxgl.core.serialization.Bundle: BundleTCPMessageReader
23:27:14.791 [JavaFX Application Thread] DEBUG FXGLAssetLoaderServi - Loading from file system: file:/C:/Users/Owner/Desktop/Sonic-rush/target/classes/assets/textures/Items/ring.png
23:27:15.317 [JavaFX Application Thread] DEBUG FXGLAssetLoaderServi - Loading from file system: file:/C:/Users/Owner/Desktop/Sonic-rush/target/classes/assets/textures/Items/basura.png
23:27:15.357 [JavaFX Application Thread] DEBUG FXGLAssetLoaderServi - Loading from file system: file:/C:/Users/Owner/Desktop/Sonic-rush/target/classes/assets/textures/Items/caucho.png
23:27:15.475 [JavaFX Application Thread] DEBUG FXGLAssetLoaderServi - Loading from file system: file:/C:/Users/Owner/Desktop/Sonic-rush/target/classes/assets/textures/Items/papel.png
23:27:15.552 [JavaFX Application Thread] DEBUG FXGLAssetLoaderServi - Loading from file system: file:/C:/Users/Owner/Desktop/Sonic-rush/target/classes/assets/textures/Enemigos/enemigo2.png
23:27:15.591 [JavaFX Application Thread] DEBUG FXGLAssetLoaderServi - Loading from file system: file:/C:/Users/Owner/Desktop/Sonic-rush/target/classes/assets/textures/Personajes/sonic.png
23:27:15.597 [JavaFX Application Thread] DEBUG FXGLAssetLoaderServi - Loading from file system: file:/C:/Users/Owner/Desktop/Sonic-rush/target/classes/assets/textures/Personajes/sonic_camina.png
23:27:15.600 [JavaFX Application Thread] DEBUG FXGLAssetLoaderServi - Loading from file system: file:/C:/Users/Owner/Desktop/Sonic-rush/target/classes/assets/textures/Personajes/super_idle.png
23:27:15.601 [JavaFX Application Thread] DEBUG FXGLAssetLoaderServi - Loading from file system: file:/C:/Users/Owner/Desktop/Sonic-rush/target/classes/assets/textures/Personajes/super_sonic.png
23:27:18.259 [JavaFX Application Thread] DEBUG FXGLAssetLoaderServi - Loading from file system: file:/C:/Users/Owner/Desktop/Sonic-rush/target/classes/assets/sounds/salto.wav
23:27:27.930 [JavaFX Application Thread] DEBUG FXGLAssetLoaderServi - Loading from file system: file:/C:/Users/Owner/Desktop/Sonic-rush/target/classes/assets/sounds/muerte.wav
23:27:36.667 [JavaFX Application Thread] DEBUG FXGLAssetLoaderServi - Loading from file system: file:/C:/Users/Owner/Desktop/Sonic-rush/target/classes/assets/sounds/recoger.wav
23:28:05.052 [JavaFX Application Thread] DEBUG FXGLApplication      - Exiting FXGL
23:28:05.052 [JavaFX Application Thread] DEBUG LoopRunner           - Stopping loop
23:28:05.052 [JavaFX Application Thread] DEBUG SystemBundleService  - Saving FXGL system data
23:28:05.056 [JavaFX Application Thread] DEBUG FileSystemAccess     - Writing to: C:\Users\Owner\Desktop\Sonic-rush\system\fxgl.bundle
23:28:05.060 [JavaFX Application Thread] DEBUG Async                - Shutting down background threads
23:28:05.060 [JavaFX Application Thread] DEBUG PrimaryStageWindow   - Closing main window
23:28:05.121 [JavaFX Application Thread] DEBUG Logger               - Closing Logger
