14:24:35.820 [main                     ] DEBUG Logger               - Configured Logger
14:24:35.846 [main                     ] DEBUG GameApplication      - Logging settings
Title: Jugador Sonic
Version: 0.0
Width: 1000
Height: 600
Fullscreen: false
Intro: false
Profiling: false
Single step:false
App Mode: DEVELOPER
Menu Key: ESCAPE
Stage Style: DECORATED
Scene Factory: class com.almasb.fxgl.app.scene.SceneFactory

14:24:36.270 [JavaFX Application Thread] DEBUG FXGLApplication      - Initializing FXGL
14:24:36.275 [JavaFX Application Thread] INFO  Engine               - FXGL-17.3 (30.03.2023 11.49) on WINDOWS (J:21.0.2 FX:20)
14:24:36.275 [JavaFX Application Thread] DEBUG Engine               - JRE Vendor Name: Oracle Corporation
14:24:36.276 [JavaFX Application Thread] DEBUG Engine               - Running on OS: Windows 10 version 10.0
14:24:36.276 [JavaFX Application Thread] DEBUG Engine               - Architecture: amd64
14:24:36.276 [JavaFX Application Thread] INFO  Engine               - Source code and latest versions at: https://github.com/AlmasB/FXGL
14:24:36.276 [JavaFX Application Thread] INFO  Engine               -       Ask questions and discuss at: https://github.com/AlmasB/FXGL/discussions
14:24:36.277 [JavaFX Application Thread] INFO  Engine               -              Join the FXGL chat at: https://gitter.im/AlmasB/FXGL
14:24:36.421 [JavaFX Application Thread] DEBUG PrimaryStageWindow   - Creating a JavaFX scene
14:24:36.485 [JavaFX Application Thread] DEBUG PrimaryStageWindow   - Target settings size: 1000.0 x 600.0
14:24:36.485 [JavaFX Application Thread] DEBUG PrimaryStageWindow   - Scaled scene size:    1000.0 x 600.0
14:24:36.485 [JavaFX Application Thread] DEBUG PrimaryStageWindow   - Scaled ratio: (1.0, 1.0)
14:24:36.487 [JavaFX Application Thread] DEBUG PrimaryStageWindow   - Set initial scene to FXGLStartupScene
14:24:36.490 [JavaFX Application Thread] DEBUG PrimaryStageWindow   - Opening main window
14:24:36.580 [JavaFX Application Thread] DEBUG PrimaryStageWindow   - Window border size: (16.0, 39.0)
14:24:36.580 [JavaFX Application Thread] DEBUG PrimaryStageWindow   - Scaled size: 1000.0 x 600.0
14:24:36.580 [JavaFX Application Thread] DEBUG PrimaryStageWindow   - Scaled ratio: (1.0, 1.0)
14:24:36.581 [JavaFX Application Thread] DEBUG PrimaryStageWindow   - Scene size: 1000.0 x 600.0
14:24:36.581 [JavaFX Application Thread] DEBUG PrimaryStageWindow   - Stage size: 1016.0 x 639.0
14:24:36.589 [FXGL Background Thread 1 ] DEBUG Engine               - Initializing environment variables
14:24:36.653 [FXGL Background Thread 1 ] DEBUG FXGLAssetLoaderServi - User app class for loading assets: class Runner.ClientRunner
14:24:36.653 [FXGL Background Thread 1 ] DEBUG GameApplicationServi - Applying CSS: fxgl_dark.css
14:24:36.654 [FXGL Background Thread 1 ] DEBUG FXGLAssetLoaderServi - Loading from file system: jar:file:/C:/Users/User/.m2/repository/com/github/almasb/fxgl/17.3/fxgl-17.3.jar!/fxglassets/ui/css/fxgl_dark.css
14:24:36.701 [FXGL Background Thread 1 ] DEBUG GameApplicationServi - Initializing application scenes
14:24:36.787 [FXGL Background Thread 1 ] DEBUG GameWorld            - Game world initialized
14:24:36.856 [FXGL Background Thread 1 ] DEBUG PhysicsWorld         - Physics world initialized: appHeight=600, physics.ppm=50,0
14:24:36.856 [FXGL Background Thread 1 ] DEBUG PhysicsWorld         - Using strategy: BRUTE_FORCE
14:24:36.863 [FXGL Background Thread 1 ] DEBUG GameScene            - Game scene initialized: 1000x600
14:24:36.875 [FXGL Background Thread 1 ] DEBUG FXGL.DefaultMenu     - createMenuBodyGameMenu()
14:24:36.894 [FXGL Background Thread 1 ] DEBUG FXGL.DefaultMenu     - createOptionsMenu()
14:24:36.905 [FXGL Background Thread 1 ] DEBUG FXGLAssetLoaderServi - Loading from file system: jar:file:/C:/Users/User/.m2/repository/com/github/almasb/fxgl/17.3/fxgl-17.3.jar!/fxglassets/textures/particles/smoke.png
14:24:37.004 [FXGL Background Thread 1 ] DEBUG FXGLAssetLoaderServi - Loading from file system: jar:file:/C:/Users/User/.m2/repository/com/github/almasb/fxgl/17.3/fxgl-17.3.jar!/fxglassets/textures/particles/trace_horizontal.png
14:24:37.033 [FXGL Background Thread 1 ] DEBUG GameApplicationServi - Application scenes initialized
14:24:37.049 [FXGL Background Thread 1 ] DEBUG SystemBundleService  - Loading FXGL system data
14:24:37.053 [FXGL Background Thread 1 ] DEBUG FileSystemAccess     - Reading from: C:\Users\User\Documents\GitHub\Sonic-rush\system\fxgl.bundle
14:24:37.063 [FXGL Background Thread 1 ] DEBUG SystemBundleService  - Bundle FXGL: {}
14:24:37.063 [FXGL Background Thread 1 ] DEBUG UpdaterService       - Checking for updates
14:24:37.067 [FXGL Background Thread 4 ] DEBUG FXGLApplication      - Loading fonts
14:24:37.068 [FXGL Background Thread 1 ] DEBUG FXGLApplication      - Loading default localization
14:24:37.069 [FXGL Background Thread 1 ] DEBUG FXGLAssetLoaderServi - Loading from file system: jar:file:/C:/Users/User/.m2/repository/com/github/almasb/fxgl/17.3/fxgl-17.3.jar!/fxglassets/languages/english.lang
14:24:37.091 [FXGL Background Thread 4 ] DEBUG FXGLAssetLoaderServi - Loading from file system: jar:file:/C:/Users/User/.m2/repository/com/github/almasb/fxgl/17.3/fxgl-17.3.jar!/fxglassets/ui/fonts/VarelaRound-Regular.ttf
14:24:37.095 [FXGL Background Thread 1 ] INFO  FXGLApplication      - FXGL initialization took: 0,506 sec
14:24:37.122 [JavaFX Application Thread] DEBUG Input                - Registered new binding: Mover a la izquierda - A
14:24:37.122 [JavaFX Application Thread] DEBUG Input                - Registered new binding: Mover a la derecha - D
14:24:37.123 [JavaFX Application Thread] DEBUG Input                - Registered new binding: Saltar - W
14:24:37.123 [JavaFX Application Thread] DEBUG Input                - Registered new binding: Interactuar - E
14:24:37.123 [JavaFX Application Thread] DEBUG Input                - Registered new binding: Transformar - P
14:24:37.123 [JavaFX Application Thread] DEBUG Input                - Registered new binding: Desactivar filtro - L
14:24:37.123 [JavaFX Application Thread] DEBUG FXGLAssetLoaderServi - Loading from file system: jar:file:/C:/Users/User/.m2/repository/com/github/almasb/fxgl/17.3/fxgl-17.3.jar!/fxglassets/textures/fxgl_icon.png
14:24:37.131 [FXGL Background Thread 4 ] DEBUG FXGLAssetLoaderServi - Loading from file system: jar:file:/C:/Users/User/.m2/repository/com/github/almasb/fxgl/17.3/fxgl-17.3.jar!/fxglassets/ui/fonts/Abel-Regular.ttf
14:24:37.136 [FXGL Background Thread 4 ] DEBUG FXGLAssetLoaderServi - Loading from file system: jar:file:/C:/Users/User/.m2/repository/com/github/almasb/fxgl/17.3/fxgl-17.3.jar!/fxglassets/ui/fonts/TerminalLandMono-Regular.otf
14:24:37.139 [FXGL Background Thread 4 ] DEBUG FXGLAssetLoaderServi - Loading from file system: jar:file:/C:/Users/User/.m2/repository/com/github/almasb/fxgl/17.3/fxgl-17.3.jar!/fxglassets/ui/fonts/Courier-Prime.ttf
14:24:37.160 [JavaFX Application Thread] DEBUG FXGLAssetLoaderServi - Loading from file system: jar:file:/C:/Users/User/.m2/repository/com/github/almasb/fxgl/17.3/fxgl-17.3.jar!/fxglassets/textures/fxgl_default_cursor.png
14:24:37.162 [JavaFX Application Thread] DEBUG Input                - Registered new binding: Screenshot - CTRL+8
14:24:37.163 [JavaFX Application Thread] DEBUG Input                - Registered new binding: System info dump - CTRL+9
14:24:37.164 [JavaFX Application Thread] DEBUG Input                - Registered new binding: Restart - CTRL+R
14:24:37.164 [JavaFX Application Thread] DEBUG Input                - Registered new binding: Toggle Debug Camera - CTRL+7
14:24:37.167 [JavaFX Application Thread] DEBUG LoopRunner           - Starting loop
14:24:37.167 [JavaFX Application Thread] DEBUG LoopRunner           - Initializing JavaFX AnimationTimerLoop
14:24:37.170 [JavaFX Application Thread] DEBUG GameApplicationServi - Starting new game
14:24:37.171 [JavaFX Application Thread] DEBUG Input                - Clearing active input actions
14:24:37.187 [JavaFX Application Thread] DEBUG GameApplicationServi - Removing overlay from FXGLStartupScene and adding to FXGLLoadingScene
14:24:37.188 [JavaFX Application Thread] DEBUG PrimaryStageWindow   - FXGLStartupScene -> FXGLLoadingScene
14:24:37.188 [JavaFX Application Thread] DEBUG GameApplicationServi - Clearing previous game
14:24:37.188 [JavaFX Application Thread] DEBUG GameScene            - Clearing game scene
14:24:37.188 [JavaFX Application Thread] DEBUG GameWorld            - Clearing game world
14:24:37.188 [JavaFX Application Thread] DEBUG PhysicsWorld         - Clearing physics world
14:24:37.194 [FXGL Background Thread 4 ] DEBUG FXGLApplication      - Initializing game
14:24:37.194 [JavaFX Application Thread] DEBUG FXGLApplication      - Registering font factories with UI factory
14:24:37.234 [FXGL Background Thread 4 ] DEBUG FXGLAssetLoaderServi - Loading from file system: file:/C:/Users/User/Documents/GitHub/Sonic-rush/target/classes/assets/music/OST.mp3
14:24:37.448 [FXGL Background Thread 4 ] DEBUG AudioPlayer          - Playing music com.almasb.fxgl.audio.Music@c78af44
14:24:37.469 [FXGL Background Thread 4 ] INFO  FXGLApplication      - Game initialization took: 0,274 sec
14:24:37.612 [JavaFX Application Thread] DEBUG Input                - Clearing active input actions
14:24:37.622 [JavaFX Application Thread] DEBUG GameApplicationServi - Removing overlay from FXGLLoadingScene and adding to GameScene
14:24:37.622 [JavaFX Application Thread] DEBUG PrimaryStageWindow   - FXGLLoadingScene -> GameScene
14:24:37.818 [FXGL Background Thread 2 ] INFO  UpdaterService       - Your current version:  17.3
14:24:37.825 [FXGL Background Thread 2 ] INFO  UpdaterService       - Latest stable version: 21.1
14:24:40.066 [FXGL Background Thread 3 ] DEBUG Engine               - Logging environment variables
14:24:40.066 [FXGL Background Thread 3 ] DEBUG Engine               - achievements: []
14:24:40.067 [FXGL Background Thread 3 ] DEBUG Engine               - actualHeight: 600.0
14:24:40.067 [FXGL Background Thread 3 ] DEBUG Engine               - actualHeightProperty: ReadOnlyDoubleProperty [value: 600.0]
14:24:40.067 [FXGL Background Thread 3 ] DEBUG Engine               - actualWidth: 1000.0
14:24:40.067 [FXGL Background Thread 3 ] DEBUG Engine               - actualWidthProperty: ReadOnlyDoubleProperty [value: 1000.0]
14:24:40.067 [FXGL Background Thread 3 ] DEBUG Engine               - appIcon: fxgl_icon.png
14:24:40.067 [FXGL Background Thread 3 ] DEBUG Engine               - applicationMode: DEVELOPER
14:24:40.067 [FXGL Background Thread 3 ] DEBUG Engine               - cSSList: [fxgl_dark.css]
14:24:40.067 [FXGL Background Thread 3 ] DEBUG Engine               - collisionDetectionStrategy: BRUTE_FORCE
14:24:40.067 [FXGL Background Thread 3 ] DEBUG Engine               - configClass: Optional.empty
14:24:40.067 [FXGL Background Thread 3 ] DEBUG Engine               - credits: []
14:24:40.067 [FXGL Background Thread 3 ] DEBUG Engine               - defaultCursor: CursorInfo(imageName=fxgl_default_cursor.png, hotspotX=7.0, hotspotY=6.0)
14:24:40.068 [FXGL Background Thread 3 ] DEBUG Engine               - devBBoxColorProperty: ObjectProperty [value: 0xff0000ff]
14:24:40.068 [FXGL Background Thread 3 ] DEBUG Engine               - devEnableDebugCameraProperty: BooleanProperty [value: false]
14:24:40.068 [FXGL Background Thread 3 ] DEBUG Engine               - devSensorColorProperty: ObjectProperty [value: 0xffff00ff]
14:24:40.068 [FXGL Background Thread 3 ] DEBUG Engine               - devShowBBoxProperty: BooleanProperty [value: false]
14:24:40.068 [FXGL Background Thread 3 ] DEBUG Engine               - devShowPositionProperty: BooleanProperty [value: false]
14:24:40.068 [FXGL Background Thread 3 ] DEBUG Engine               - enabledMenuItems: []
14:24:40.068 [FXGL Background Thread 3 ] DEBUG Engine               - engineServices: [class com.almasb.fxgl.app.services.FXGLAssetLoaderService, class com.almasb.fxgl.app.FXGLApplication$GameApplicationService, class com.almasb.fxgl.app.services.FXGLDialogService, class com.almasb.fxgl.app.services.IOTaskExecutorService, class com.almasb.fxgl.io.FileSystemService, class com.almasb.fxgl.localization.LocalizationService, class com.almasb.fxgl.app.services.SystemBundleService, class com.almasb.fxgl.profile.SaveLoadService, class com.almasb.fxgl.ui.FXGLUIFactoryServiceProvider, class com.almasb.fxgl.ui.FXGLDialogFactoryServiceProvider, class com.almasb.fxgl.audio.AudioPlayer, class com.almasb.fxgl.notification.impl.NotificationServiceProvider, class com.almasb.fxgl.achievement.AchievementService, class com.almasb.fxgl.cutscene.CutsceneService, class com.almasb.fxgl.minigames.MiniGameService, class com.almasb.fxgl.net.NetService, class com.almasb.fxgl.app.services.UpdaterService, class com.almasb.fxgl.dev.DevService, class com.almasb.fxgl.multiplayer.MultiplayerService]
14:24:40.068 [FXGL Background Thread 3 ] DEBUG Engine               - fontGame: Abel-Regular.ttf
14:24:40.068 [FXGL Background Thread 3 ] DEBUG Engine               - fontMono: TerminalLandMono-Regular.otf
14:24:40.068 [FXGL Background Thread 3 ] DEBUG Engine               - fontSizeScaleUI: 1.0
14:24:40.068 [FXGL Background Thread 3 ] DEBUG Engine               - fontText: Courier-Prime.ttf
14:24:40.068 [FXGL Background Thread 3 ] DEBUG Engine               - fontUI: VarelaRound-Regular.ttf
14:24:40.068 [FXGL Background Thread 3 ] DEBUG Engine               - fullScreen: BooleanProperty [value: false]
14:24:40.068 [FXGL Background Thread 3 ] DEBUG Engine               - gameDifficulty: MEDIUM
14:24:40.068 [FXGL Background Thread 3 ] DEBUG Engine               - gameDifficultyProperty: ObjectProperty [value: MEDIUM]
14:24:40.068 [FXGL Background Thread 3 ] DEBUG Engine               - globalMusicVolume: 0.5
14:24:40.068 [FXGL Background Thread 3 ] DEBUG Engine               - globalMusicVolumeProperty: DoubleProperty [value: 0.5]
14:24:40.069 [FXGL Background Thread 3 ] DEBUG Engine               - globalSoundVolume: 0.5
14:24:40.069 [FXGL Background Thread 3 ] DEBUG Engine               - globalSoundVolumeProperty: DoubleProperty [value: 0.5]
14:24:40.069 [FXGL Background Thread 3 ] DEBUG Engine               - height: 600
14:24:40.069 [FXGL Background Thread 3 ] DEBUG Engine               - is3D: false
14:24:40.069 [FXGL Background Thread 3 ] DEBUG Engine               - isAndroid: false
14:24:40.069 [FXGL Background Thread 3 ] DEBUG Engine               - isBrowser: false
14:24:40.069 [FXGL Background Thread 3 ] DEBUG Engine               - isClickFeedbackEnabled: false
14:24:40.069 [FXGL Background Thread 3 ] DEBUG Engine               - isCloseConfirmation: false
14:24:40.069 [FXGL Background Thread 3 ] DEBUG Engine               - isDesktop: true
14:24:40.069 [FXGL Background Thread 3 ] DEBUG Engine               - isDeveloperMenuEnabled: false
14:24:40.069 [FXGL Background Thread 3 ] DEBUG Engine               - isEmbedded: false
14:24:40.069 [FXGL Background Thread 3 ] DEBUG Engine               - isEntityPreloadEnabled: true
14:24:40.069 [FXGL Background Thread 3 ] DEBUG Engine               - isExperimentalTiledLargeMap: false
14:24:40.069 [FXGL Background Thread 3 ] DEBUG Engine               - isFileSystemWriteAllowed: true
14:24:40.069 [FXGL Background Thread 3 ] DEBUG Engine               - isFullScreenAllowed: false
14:24:40.069 [FXGL Background Thread 3 ] DEBUG Engine               - isFullScreenFromStart: false
14:24:40.069 [FXGL Background Thread 3 ] DEBUG Engine               - isGameMenuEnabled: true
14:24:40.069 [FXGL Background Thread 3 ] DEBUG Engine               - isIOS: false
14:24:40.069 [FXGL Background Thread 3 ] DEBUG Engine               - isIntroEnabled: false
14:24:40.069 [FXGL Background Thread 3 ] DEBUG Engine               - isLinux: false
14:24:40.069 [FXGL Background Thread 3 ] DEBUG Engine               - isMac: false
14:24:40.070 [FXGL Background Thread 3 ] DEBUG Engine               - isMainMenuEnabled: false
14:24:40.070 [FXGL Background Thread 3 ] DEBUG Engine               - isManualResizeEnabled: false
14:24:40.070 [FXGL Background Thread 3 ] DEBUG Engine               - isMobile: false
14:24:40.070 [FXGL Background Thread 3 ] DEBUG Engine               - isNative: false
14:24:40.070 [FXGL Background Thread 3 ] DEBUG Engine               - isPauseMusicWhenMinimized: true
14:24:40.070 [FXGL Background Thread 3 ] DEBUG Engine               - isPreserveResizeRatio: false
14:24:40.070 [FXGL Background Thread 3 ] DEBUG Engine               - isProfilingEnabled: false
14:24:40.070 [FXGL Background Thread 3 ] DEBUG Engine               - isScaleAffectedOnResize: true
14:24:40.070 [FXGL Background Thread 3 ] DEBUG Engine               - isSingleStep: false
14:24:40.070 [FXGL Background Thread 3 ] DEBUG Engine               - isUserProfileEnabled: false
14:24:40.070 [FXGL Background Thread 3 ] DEBUG Engine               - isWindows: true
14:24:40.070 [FXGL Background Thread 3 ] DEBUG Engine               - language: ObjectProperty [value: ENGLISH]
14:24:40.070 [FXGL Background Thread 3 ] DEBUG Engine               - menuKey: ESCAPE
14:24:40.070 [FXGL Background Thread 3 ] DEBUG Engine               - mouseSensitivity: 0.2
14:24:40.070 [FXGL Background Thread 3 ] DEBUG Engine               - notificationViewClass: class com.almasb.fxgl.notification.view.XboxNotificationView
14:24:40.070 [FXGL Background Thread 3 ] DEBUG Engine               - pixelsPerMeter: 50.0
14:24:40.070 [FXGL Background Thread 3 ] DEBUG Engine               - platform: WINDOWS
14:24:40.070 [FXGL Background Thread 3 ] DEBUG Engine               - prefHeightProperty: ReadOnlyDoubleProperty [value: 600.0]
14:24:40.070 [FXGL Background Thread 3 ] DEBUG Engine               - prefWidthProperty: ReadOnlyDoubleProperty [value: 1000.0]
14:24:40.070 [FXGL Background Thread 3 ] DEBUG Engine               - profileDir: profiles/
14:24:40.071 [FXGL Background Thread 3 ] DEBUG Engine               - profileName: StringProperty [value: DEFAULT]
14:24:40.071 [FXGL Background Thread 3 ] DEBUG Engine               - randomSeed: -1
14:24:40.071 [FXGL Background Thread 3 ] DEBUG Engine               - runtimeInfo: RuntimeInfo(platform=WINDOWS, version=17.3, build=30.03.2023 11.49)
14:24:40.071 [FXGL Background Thread 3 ] DEBUG Engine               - saveFileExt: sav
14:24:40.071 [FXGL Background Thread 3 ] DEBUG Engine               - scaledHeightProp$fxgl: DoubleProperty [bound, value: 600.0]
14:24:40.071 [FXGL Background Thread 3 ] DEBUG Engine               - scaledWidthProp$fxgl: DoubleProperty [bound, value: 1000.0]
14:24:40.071 [FXGL Background Thread 3 ] DEBUG Engine               - sceneFactory: com.almasb.fxgl.app.scene.SceneFactory@b371655
14:24:40.071 [FXGL Background Thread 3 ] DEBUG Engine               - secondsIn24h: 60
14:24:40.071 [FXGL Background Thread 3 ] DEBUG Engine               - soundMenuBack: menu/back.wav
14:24:40.071 [FXGL Background Thread 3 ] DEBUG Engine               - soundMenuPress: menu/press.wav
14:24:40.071 [FXGL Background Thread 3 ] DEBUG Engine               - soundMenuSelect: menu/select.wav
14:24:40.071 [FXGL Background Thread 3 ] DEBUG Engine               - soundNotification: core/notification.wav
14:24:40.071 [FXGL Background Thread 3 ] DEBUG Engine               - stageStyle: DECORATED
14:24:40.071 [FXGL Background Thread 3 ] DEBUG Engine               - supportedLanguages: [ENGLISH, FRENCH, GERMAN, HUNGARIAN, RUSSIAN]
14:24:40.071 [FXGL Background Thread 3 ] DEBUG Engine               - ticksPerSecond: -1
14:24:40.072 [FXGL Background Thread 3 ] DEBUG Engine               - title: Jugador Sonic
14:24:40.072 [FXGL Background Thread 3 ] DEBUG Engine               - urlGithub: https://github.com/AlmasB/FXGL
14:24:40.072 [FXGL Background Thread 3 ] DEBUG Engine               - urlLeaderboard: http://fxgl-top.herokuapp.com/
14:24:40.072 [FXGL Background Thread 3 ] DEBUG Engine               - urlPOM: https://raw.githubusercontent.com/AlmasB/FXGL/release/README.md
14:24:40.072 [FXGL Background Thread 3 ] DEBUG Engine               - userAppClass: class Runner.ClientRunner
14:24:40.072 [FXGL Background Thread 3 ] DEBUG Engine               - version: 0.0
14:24:40.072 [FXGL Background Thread 3 ] DEBUG Engine               - versionCheckDays: 7
14:24:40.072 [FXGL Background Thread 3 ] DEBUG Engine               - width: 1000
14:24:40.072 [FXGL Background Thread 3 ] DEBUG Engine               - Logging services
14:24:40.072 [FXGL Background Thread 3 ] DEBUG Engine               - class com.almasb.fxgl.app.services.FXGLAssetLoaderService
14:24:40.072 [FXGL Background Thread 3 ] DEBUG Engine               - class com.almasb.fxgl.app.FXGLApplication$GameApplicationService
14:24:40.072 [FXGL Background Thread 3 ] DEBUG Engine               - class com.almasb.fxgl.app.services.FXGLDialogService
14:24:40.072 [FXGL Background Thread 3 ] DEBUG Engine               - class com.almasb.fxgl.app.services.IOTaskExecutorService
14:24:40.072 [FXGL Background Thread 3 ] DEBUG Engine               - class com.almasb.fxgl.io.FileSystemService
14:24:40.072 [FXGL Background Thread 3 ] DEBUG Engine               - class com.almasb.fxgl.localization.LocalizationService
14:24:40.072 [FXGL Background Thread 3 ] DEBUG Engine               - class com.almasb.fxgl.app.services.SystemBundleService
14:24:40.072 [FXGL Background Thread 3 ] DEBUG Engine               - class com.almasb.fxgl.profile.SaveLoadService
14:24:40.072 [FXGL Background Thread 3 ] DEBUG Engine               - class com.almasb.fxgl.ui.FXGLUIFactoryServiceProvider
14:24:40.072 [FXGL Background Thread 3 ] DEBUG Engine               - class com.almasb.fxgl.ui.FXGLDialogFactoryServiceProvider
14:24:40.072 [FXGL Background Thread 3 ] DEBUG Engine               - class com.almasb.fxgl.audio.AudioPlayer
14:24:40.072 [FXGL Background Thread 3 ] DEBUG Engine               - class com.almasb.fxgl.notification.impl.NotificationServiceProvider
14:24:40.072 [FXGL Background Thread 3 ] DEBUG Engine               - class com.almasb.fxgl.achievement.AchievementService
14:24:40.072 [FXGL Background Thread 3 ] DEBUG Engine               - class com.almasb.fxgl.cutscene.CutsceneService
14:24:40.072 [FXGL Background Thread 3 ] DEBUG Engine               - class com.almasb.fxgl.minigames.MiniGameService
14:24:40.072 [FXGL Background Thread 3 ] DEBUG Engine               - class com.almasb.fxgl.net.NetService
14:24:40.073 [FXGL Background Thread 3 ] DEBUG Engine               - class com.almasb.fxgl.app.services.UpdaterService
14:24:40.073 [FXGL Background Thread 3 ] DEBUG Engine               - class com.almasb.fxgl.dev.DevService
14:24:40.073 [FXGL Background Thread 3 ] DEBUG Engine               - class com.almasb.fxgl.multiplayer.MultiplayerService
14:27:12.787 [JavaFX Application Thread] DEBUG FXGLAssetLoaderServi - Loading from file system: file:/C:/Users/User/Documents/GitHub/Sonic-rush/target/classes/assets/textures/fondo.png
14:27:12.888 [JavaFX Application Thread] DEBUG TMXLevelLoader       - Parsed TiledMap: file:/C:/Users/User/Documents/GitHub/Sonic-rush/target/classes/assets/levels/mapazo.tmx
14:27:12.889 [JavaFX Application Thread] DEBUG TMXLevelLoader       - Creating tile layer entities
14:27:12.891 [JavaFX Application Thread] DEBUG TilesetLoader        - Loading view for layer Capa de patrones 1
14:27:12.897 [JavaFX Application Thread] DEBUG TilesetLoader        - Created buffer with size 3840.0x720.0
14:27:12.929 [JavaFX Application Thread] DEBUG TMXLevelLoader       - Creating object layer entities
14:27:12.950 [JavaFX Application Thread] DEBUG GameWorld            - Clearing removable entities
14:27:12.953 [JavaFX Application Thread] DEBUG GameWorld            - Setting level: com.almasb.fxgl.entity.level.Level@492fe627
14:27:12.969 [JavaFX Application Thread] DEBUG FXGLAssetLoaderServi - Loading from file system: file:/C:/Users/User/Documents/GitHub/Sonic-rush/target/classes/assets/textures/Enemigos/eggman.png
14:27:12.982 [ClientAsyncConnThread    ] DEBUG TCPClient            - Connecting to localhost:55555 type: class com.almasb.fxgl.core.serialization.Bundle
14:27:12.984 [ClientAsyncConnThread    ] DEBUG TCPClient            - Created socket to localhost:55555
14:27:12.989 [ClientAsyncConnThread    ] DEBUG Endpoint             - TCPClient opening new connection (1) from localhost/127.0.0.1:55555 type: class com.almasb.fxgl.core.serialization.Bundle
14:27:12.991 [ClientAsyncConnThread    ] DEBUG Endpoint             - TCPClient successfully opened connection (1)
14:27:13.007 [TCPClient_SendThread-1   ] DEBUG Writers              - Getting TCPMessageWriter for class com.almasb.fxgl.core.serialization.Bundle
14:27:13.007 [TCPClient_RecvThread-1   ] DEBUG Readers              - Getting TCPMessageReader for class com.almasb.fxgl.core.serialization.Bundle
14:27:13.010 [TCPClient_SendThread-1   ] DEBUG Writers              - Constructed TCPMessageWriter for class com.almasb.fxgl.core.serialization.Bundle: BundleTCPMessageWriter
14:27:13.017 [TCPClient_RecvThread-1   ] DEBUG Readers              - Constructed MessageReader for class com.almasb.fxgl.core.serialization.Bundle: BundleTCPMessageReader
14:27:13.032 [JavaFX Application Thread] DEBUG FXGLAssetLoaderServi - Loading from file system: file:/C:/Users/User/Documents/GitHub/Sonic-rush/target/classes/assets/textures/Items/ring.png
14:27:13.043 [JavaFX Application Thread] DEBUG FXGLAssetLoaderServi - Loading from file system: file:/C:/Users/User/Documents/GitHub/Sonic-rush/target/classes/assets/textures/Items/papel.png
14:27:13.048 [JavaFX Application Thread] DEBUG FXGLAssetLoaderServi - Loading from file system: file:/C:/Users/User/Documents/GitHub/Sonic-rush/target/classes/assets/textures/Items/caucho.png
14:27:13.063 [JavaFX Application Thread] DEBUG FXGLAssetLoaderServi - Loading from file system: file:/C:/Users/User/Documents/GitHub/Sonic-rush/target/classes/assets/textures/Items/basura.png
14:27:13.071 [JavaFX Application Thread] DEBUG FXGLAssetLoaderServi - Loading from file system: file:/C:/Users/User/Documents/GitHub/Sonic-rush/target/classes/assets/textures/Enemigos/enemigo.png
14:27:13.118 [JavaFX Application Thread] DEBUG FXGLAssetLoaderServi - Loading from file system: file:/C:/Users/User/Documents/GitHub/Sonic-rush/target/classes/assets/textures/Personajes/tails.png
14:27:13.119 [JavaFX Application Thread] DEBUG FXGLAssetLoaderServi - Loading from file system: file:/C:/Users/User/Documents/GitHub/Sonic-rush/target/classes/assets/textures/Personajes/tails_Salta.png
14:27:13.119 [JavaFX Application Thread] DEBUG FXGLAssetLoaderServi - Loading from file system: file:/C:/Users/User/Documents/GitHub/Sonic-rush/target/classes/assets/textures/Personajes/tails_caminando.png
14:27:20.287 [JavaFX Application Thread] DEBUG FXGLAssetLoaderServi - Loading from file system: file:/C:/Users/User/Documents/GitHub/Sonic-rush/target/classes/assets/sounds/recoger.wav
14:27:27.519 [JavaFX Application Thread] DEBUG FXGLAssetLoaderServi - Loading from file system: file:/C:/Users/User/Documents/GitHub/Sonic-rush/target/classes/assets/sounds/perder_anillos.wav
14:27:53.473 [JavaFX Application Thread] DEBUG PrimaryStageWindow   - Push state: DialogSubScene
14:27:53.473 [JavaFX Application Thread] DEBUG Input                - Clearing active input actions
14:27:53.474 [JavaFX Application Thread] DEBUG GameApplicationServi - Removing overlay from GameScene and adding to DialogSubScene
14:27:53.474 [JavaFX Application Thread] DEBUG PrimaryStageWindow   - GameScene -> DialogSubScene
14:27:54.549 [JavaFX Application Thread] DEBUG PrimaryStageWindow   - Pop state: DialogSubScene
14:27:54.549 [JavaFX Application Thread] DEBUG Input                - Clearing active input actions
14:27:54.550 [JavaFX Application Thread] DEBUG GameApplicationServi - Removing overlay from DialogSubScene and adding to GameScene
14:27:54.550 [JavaFX Application Thread] DEBUG PrimaryStageWindow   - GameScene <- DialogSubScene
14:27:54.562 [JavaFX Application Thread] DEBUG PrimaryStageWindow   - Push state: DialogSubScene
14:27:54.562 [JavaFX Application Thread] DEBUG Input                - Clearing active input actions
14:27:54.565 [JavaFX Application Thread] DEBUG GameApplicationServi - Removing overlay from GameScene and adding to DialogSubScene
14:27:54.565 [JavaFX Application Thread] DEBUG PrimaryStageWindow   - GameScene -> DialogSubScene
14:27:56.693 [JavaFX Application Thread] DEBUG PrimaryStageWindow   - Pop state: DialogSubScene
14:27:56.693 [JavaFX Application Thread] DEBUG Input                - Clearing active input actions
14:27:56.694 [JavaFX Application Thread] DEBUG GameApplicationServi - Removing overlay from DialogSubScene and adding to GameScene
14:27:56.694 [JavaFX Application Thread] DEBUG PrimaryStageWindow   - GameScene <- DialogSubScene
14:27:57.918 [JavaFX Application Thread] DEBUG PrimaryStageWindow   - Push state: DialogSubScene
14:27:57.918 [JavaFX Application Thread] DEBUG Input                - Clearing active input actions
14:27:57.918 [JavaFX Application Thread] DEBUG GameApplicationServi - Removing overlay from GameScene and adding to DialogSubScene
14:27:57.918 [JavaFX Application Thread] DEBUG PrimaryStageWindow   - GameScene -> DialogSubScene
14:27:59.982 [JavaFX Application Thread] DEBUG PrimaryStageWindow   - Pop state: DialogSubScene
14:27:59.982 [JavaFX Application Thread] DEBUG Input                - Clearing active input actions
14:27:59.982 [JavaFX Application Thread] DEBUG GameApplicationServi - Removing overlay from DialogSubScene and adding to GameScene
14:27:59.982 [JavaFX Application Thread] DEBUG PrimaryStageWindow   - GameScene <- DialogSubScene
14:28:03.253 [JavaFX Application Thread] DEBUG FXGLApplication      - Exiting FXGL
14:28:03.253 [JavaFX Application Thread] DEBUG LoopRunner           - Stopping loop
14:28:03.253 [JavaFX Application Thread] DEBUG SystemBundleService  - Saving FXGL system data
14:28:03.255 [JavaFX Application Thread] DEBUG FileSystemAccess     - Writing to: C:\Users\User\Documents\GitHub\Sonic-rush\system\fxgl.bundle
14:28:03.256 [JavaFX Application Thread] DEBUG Async                - Shutting down background threads
14:28:03.256 [JavaFX Application Thread] DEBUG PrimaryStageWindow   - Closing main window
14:28:03.260 [JavaFX Application Thread] DEBUG Logger               - Closing Logger
