23:56:25.713 [main                     ] DEBUG Logger               - Configured Logger
23:56:25.756 [main                     ] DEBUG GameApplication      - Logging settings
Title: Server
Version: 0.0
Width: 800
Height: 500
Fullscreen: false
Intro: false
Profiling: false
Single step:false
App Mode: DEVELOPER
Menu Key: ESCAPE
Stage Style: DECORATED
Scene Factory: class com.almasb.fxgl.app.scene.SceneFactory

23:56:26.512 [JavaFX Application Thread] DEBUG FXGLApplication      - Initializing FXGL
23:56:26.524 [JavaFX Application Thread] INFO  Engine               - FXGL-17.3 (30.03.2023 11.49) on WINDOWS (J:17.0.12 FX:20)
23:56:26.526 [JavaFX Application Thread] DEBUG Engine               - JRE Vendor Name: Oracle Corporation
23:56:26.527 [JavaFX Application Thread] DEBUG Engine               - Running on OS: Windows 10 version 10.0
23:56:26.527 [JavaFX Application Thread] DEBUG Engine               - Architecture: amd64
23:56:26.527 [JavaFX Application Thread] INFO  Engine               - Source code and latest versions at: https://github.com/AlmasB/FXGL
23:56:26.528 [JavaFX Application Thread] INFO  Engine               -       Ask questions and discuss at: https://github.com/AlmasB/FXGL/discussions
23:56:26.530 [JavaFX Application Thread] INFO  Engine               -              Join the FXGL chat at: https://gitter.im/AlmasB/FXGL
23:56:26.826 [JavaFX Application Thread] DEBUG PrimaryStageWindow   - Creating a JavaFX scene
23:56:26.987 [JavaFX Application Thread] DEBUG PrimaryStageWindow   - Target settings size: 800.0 x 500.0
23:56:26.988 [JavaFX Application Thread] DEBUG PrimaryStageWindow   - Scaled scene size:    800.0 x 500.0
23:56:26.988 [JavaFX Application Thread] DEBUG PrimaryStageWindow   - Scaled ratio: (1.0, 1.0)
23:56:26.992 [JavaFX Application Thread] DEBUG PrimaryStageWindow   - Set initial scene to FXGLStartupScene
23:56:27.004 [JavaFX Application Thread] DEBUG PrimaryStageWindow   - Opening main window
23:56:27.147 [JavaFX Application Thread] DEBUG PrimaryStageWindow   - Window border size: (14.4000244140625, 37.5999755859375)
23:56:27.147 [JavaFX Application Thread] DEBUG PrimaryStageWindow   - Scaled size: 800.0 x 500.0
23:56:27.148 [JavaFX Application Thread] DEBUG PrimaryStageWindow   - Scaled ratio: (1.0, 1.0)
23:56:27.149 [JavaFX Application Thread] DEBUG PrimaryStageWindow   - Scene size: 800.0 x 500.0
23:56:27.149 [JavaFX Application Thread] DEBUG PrimaryStageWindow   - Stage size: 814.4000244140625 x 537.5999755859375
23:56:27.319 [FXGL Background Thread 1 ] DEBUG Engine               - Initializing environment variables
23:56:27.468 [FXGL Background Thread 1 ] DEBUG FXGLAssetLoaderServi - User app class for loading assets: class Runner.ServerRunner
23:56:27.469 [FXGL Background Thread 1 ] DEBUG GameApplicationServi - Applying CSS: fxgl_dark.css
23:56:27.470 [FXGL Background Thread 1 ] DEBUG FXGLAssetLoaderServi - Loading from file system: jar:file:/C:/Users/Owner/.m2/repository/com/github/almasb/fxgl/17.3/fxgl-17.3.jar!/fxglassets/ui/css/fxgl_dark.css
23:56:27.652 [FXGL Background Thread 1 ] DEBUG GameApplicationServi - Initializing application scenes
23:56:27.923 [FXGL Background Thread 1 ] DEBUG GameWorld            - Game world initialized
23:56:28.166 [FXGL Background Thread 1 ] DEBUG PhysicsWorld         - Physics world initialized: appHeight=500, physics.ppm=50.0
23:56:28.167 [FXGL Background Thread 1 ] DEBUG PhysicsWorld         - Using strategy: BRUTE_FORCE
23:56:28.188 [FXGL Background Thread 1 ] DEBUG GameScene            - Game scene initialized: 800x500
23:56:28.256 [FXGL Background Thread 1 ] WARN  FXGL.DefaultMenu     - FXGLDefaultMenu is not designed for resolutions < 800x600
23:56:28.264 [FXGL Background Thread 1 ] DEBUG FXGL.DefaultMenu     - createMenuBodyGameMenu()
23:56:28.415 [FXGL Background Thread 1 ] DEBUG FXGL.DefaultMenu     - createOptionsMenu()
23:56:28.513 [FXGL Background Thread 1 ] DEBUG FXGLAssetLoaderServi - Loading from file system: jar:file:/C:/Users/Owner/.m2/repository/com/github/almasb/fxgl/17.3/fxgl-17.3.jar!/fxglassets/textures/particles/smoke.png
23:56:29.077 [FXGL Background Thread 1 ] DEBUG FXGLAssetLoaderServi - Loading from file system: jar:file:/C:/Users/Owner/.m2/repository/com/github/almasb/fxgl/17.3/fxgl-17.3.jar!/fxglassets/textures/particles/trace_horizontal.png
23:56:29.178 [FXGL Background Thread 1 ] DEBUG GameApplicationServi - Application scenes initialized
23:56:29.239 [FXGL Background Thread 1 ] DEBUG SystemBundleService  - Loading FXGL system data
23:56:29.254 [FXGL Background Thread 1 ] DEBUG FileSystemAccess     - Reading from: C:\Users\Owner\Desktop\Sonic-rush\system\fxgl.bundle
23:56:29.302 [FXGL Background Thread 1 ] DEBUG SystemBundleService  - Bundle FXGL: {}
23:56:29.302 [FXGL Background Thread 1 ] DEBUG UpdaterService       - Checking for updates
23:56:29.342 [FXGL Background Thread 1 ] DEBUG FXGLApplication      - Loading default localization
23:56:29.343 [FXGL Background Thread 1 ] DEBUG FXGLAssetLoaderServi - Loading from file system: jar:file:/C:/Users/Owner/.m2/repository/com/github/almasb/fxgl/17.3/fxgl-17.3.jar!/fxglassets/languages/english.lang
23:56:29.376 [FXGL Background Thread 4 ] DEBUG FXGLApplication      - Loading fonts
23:56:29.378 [FXGL Background Thread 4 ] DEBUG FXGLAssetLoaderServi - Loading from file system: jar:file:/C:/Users/Owner/.m2/repository/com/github/almasb/fxgl/17.3/fxgl-17.3.jar!/fxglassets/ui/fonts/VarelaRound-Regular.ttf
23:56:29.458 [FXGL Background Thread 1 ] INFO  FXGLApplication      - FXGL initialization took: 2.137 sec
23:56:29.598 [JavaFX Application Thread] DEBUG FXGLAssetLoaderServi - Loading from file system: jar:file:/C:/Users/Owner/.m2/repository/com/github/almasb/fxgl/17.3/fxgl-17.3.jar!/fxglassets/textures/fxgl_icon.png
23:56:30.022 [JavaFX Application Thread] DEBUG FXGLAssetLoaderServi - Loading from file system: jar:file:/C:/Users/Owner/.m2/repository/com/github/almasb/fxgl/17.3/fxgl-17.3.jar!/fxglassets/textures/fxgl_default_cursor.png
23:56:30.065 [JavaFX Application Thread] DEBUG Input                - Registered new binding: Screenshot - CTRL+8
23:56:30.069 [JavaFX Application Thread] DEBUG Input                - Registered new binding: System info dump - CTRL+9
23:56:30.071 [JavaFX Application Thread] DEBUG Input                - Registered new binding: Restart - CTRL+R
23:56:30.074 [JavaFX Application Thread] DEBUG Input                - Registered new binding: Toggle Debug Camera - CTRL+7
23:56:30.093 [JavaFX Application Thread] DEBUG LoopRunner           - Starting loop
23:56:30.114 [JavaFX Application Thread] DEBUG LoopRunner           - Initializing JavaFX AnimationTimerLoop
23:56:30.129 [JavaFX Application Thread] DEBUG GameApplicationServi - Starting new game
23:56:30.134 [JavaFX Application Thread] DEBUG Input                - Clearing active input actions
23:56:30.184 [JavaFX Application Thread] DEBUG GameApplicationServi - Removing overlay from FXGLStartupScene and adding to FXGLLoadingScene
23:56:30.185 [JavaFX Application Thread] DEBUG PrimaryStageWindow   - FXGLStartupScene -> FXGLLoadingScene
23:56:30.185 [JavaFX Application Thread] DEBUG GameApplicationServi - Clearing previous game
23:56:30.185 [JavaFX Application Thread] DEBUG GameScene            - Clearing game scene
23:56:30.185 [JavaFX Application Thread] DEBUG GameWorld            - Clearing game world
23:56:30.186 [JavaFX Application Thread] DEBUG PhysicsWorld         - Clearing physics world
23:56:30.196 [FXGL Background Thread 1 ] DEBUG FXGLApplication      - Initializing game
23:56:30.626 [ServerAsyncConnThread    ] DEBUG TCPServer            - Starting to listen at: 55555 type: class com.almasb.fxgl.core.serialization.Bundle
23:56:30.784 [FXGL Background Thread 1 ] WARN  TMXLevelLoader       - TiledMap generated from 1.11.2. Supported version: 1.9.0. Some features may not be parsed fully.
23:56:30.952 [FXGL Background Thread 1 ] DEBUG TMXLevelLoader       - Parsed TiledMap: file:/C:/Users/Owner/Desktop/Sonic-rush/target/classes/assets/levels/mapazo.tmx
23:56:30.957 [FXGL Background Thread 1 ] DEBUG TMXLevelLoader       - Creating tile layer entities
23:56:30.962 [FXGL Background Thread 1 ] DEBUG TilesetLoader        - Loading view for layer Capa de patrones 1
23:56:31.014 [FXGL Background Thread 1 ] DEBUG TilesetLoader        - Created buffer with size 3840.0x720.0
23:56:31.176 [FXGL Background Thread 1 ] DEBUG TMXLevelLoader       - Creating object layer entities
23:56:31.321 [FXGL Background Thread 1 ] DEBUG GameWorld            - Clearing removable entities
23:56:31.326 [FXGL Background Thread 1 ] DEBUG GameWorld            - Setting level: com.almasb.fxgl.entity.level.Level@66c24e5b
23:56:31.344 [FXGL Background Thread 4 ] DEBUG FXGLAssetLoaderServi - Loading from file system: jar:file:/C:/Users/Owner/.m2/repository/com/github/almasb/fxgl/17.3/fxgl-17.3.jar!/fxglassets/ui/fonts/Abel-Regular.ttf
23:56:31.350 [FXGL Background Thread 4 ] DEBUG FXGLAssetLoaderServi - Loading from file system: jar:file:/C:/Users/Owner/.m2/repository/com/github/almasb/fxgl/17.3/fxgl-17.3.jar!/fxglassets/ui/fonts/TerminalLandMono-Regular.otf
23:56:31.352 [FXGL Background Thread 1 ] DEBUG FXGLAssetLoaderServi - Loading from file system: file:/C:/Users/Owner/Desktop/Sonic-rush/target/classes/assets/textures/Items/ring.png
23:56:31.359 [FXGL Background Thread 4 ] DEBUG FXGLAssetLoaderServi - Loading from file system: jar:file:/C:/Users/Owner/.m2/repository/com/github/almasb/fxgl/17.3/fxgl-17.3.jar!/fxglassets/ui/fonts/Courier-Prime.ttf
23:56:31.379 [JavaFX Application Thread] DEBUG FXGLApplication      - Registering font factories with UI factory
23:56:31.399 [FXGL Background Thread 1 ] DEBUG FXGLAssetLoaderServi - Loading from file system: file:/C:/Users/Owner/Desktop/Sonic-rush/target/classes/assets/textures/Enemigos/enemigo2.png
23:56:31.418 [FXGL Background Thread 1 ] DEBUG FXGLAssetLoaderServi - Loading from file system: file:/C:/Users/Owner/Desktop/Sonic-rush/target/classes/assets/textures/Items/papel.png
23:56:31.423 [FXGL Background Thread 1 ] DEBUG FXGLAssetLoaderServi - Loading from file system: file:/C:/Users/Owner/Desktop/Sonic-rush/target/classes/assets/textures/Items/basura.png
23:56:31.444 [FXGL Background Thread 1 ] DEBUG FXGLAssetLoaderServi - Loading from file system: file:/C:/Users/Owner/Desktop/Sonic-rush/target/classes/assets/textures/Items/caucho.png
23:56:31.482 [FXGL Background Thread 1 ] INFO  FXGLApplication      - Game initialization took: 1.286 sec
23:56:31.498 [JavaFX Application Thread] DEBUG Input                - Clearing active input actions
23:56:31.516 [JavaFX Application Thread] DEBUG GameApplicationServi - Removing overlay from FXGLLoadingScene and adding to GameScene
23:56:31.516 [JavaFX Application Thread] DEBUG PrimaryStageWindow   - FXGLLoadingScene -> GameScene
23:56:32.314 [FXGL Background Thread 3 ] DEBUG Engine               - Logging environment variables
23:56:32.315 [FXGL Background Thread 3 ] DEBUG Engine               - achievements: []
23:56:32.393 [FXGL Background Thread 3 ] DEBUG Engine               - actualHeight: 500.0
23:56:32.393 [FXGL Background Thread 3 ] DEBUG Engine               - actualHeightProperty: ReadOnlyDoubleProperty [value: 500.0]
23:56:32.393 [FXGL Background Thread 3 ] DEBUG Engine               - actualWidth: 800.0
23:56:32.393 [FXGL Background Thread 3 ] DEBUG Engine               - actualWidthProperty: ReadOnlyDoubleProperty [value: 800.0]
23:56:32.394 [FXGL Background Thread 3 ] DEBUG Engine               - appIcon: fxgl_icon.png
23:56:32.394 [FXGL Background Thread 3 ] DEBUG Engine               - applicationMode: DEVELOPER
23:56:32.394 [FXGL Background Thread 3 ] DEBUG Engine               - cSSList: [fxgl_dark.css]
23:56:32.394 [FXGL Background Thread 3 ] DEBUG Engine               - collisionDetectionStrategy: BRUTE_FORCE
23:56:32.395 [FXGL Background Thread 3 ] DEBUG Engine               - configClass: Optional.empty
23:56:32.396 [FXGL Background Thread 3 ] DEBUG Engine               - credits: []
23:56:32.401 [FXGL Background Thread 3 ] DEBUG Engine               - defaultCursor: CursorInfo(imageName=fxgl_default_cursor.png, hotspotX=7.0, hotspotY=6.0)
23:56:32.402 [FXGL Background Thread 3 ] DEBUG Engine               - devBBoxColorProperty: ObjectProperty [value: 0xff0000ff]
23:56:32.402 [FXGL Background Thread 3 ] DEBUG Engine               - devEnableDebugCameraProperty: BooleanProperty [value: false]
23:56:32.404 [FXGL Background Thread 3 ] DEBUG Engine               - devSensorColorProperty: ObjectProperty [value: 0xffff00ff]
23:56:32.404 [FXGL Background Thread 3 ] DEBUG Engine               - devShowBBoxProperty: BooleanProperty [value: false]
23:56:32.405 [FXGL Background Thread 3 ] DEBUG Engine               - devShowPositionProperty: BooleanProperty [value: false]
23:56:32.486 [FXGL Background Thread 3 ] DEBUG Engine               - enabledMenuItems: []
23:56:32.487 [FXGL Background Thread 3 ] DEBUG Engine               - engineServices: [class com.almasb.fxgl.app.services.FXGLAssetLoaderService, class com.almasb.fxgl.app.FXGLApplication$GameApplicationService, class com.almasb.fxgl.app.services.FXGLDialogService, class com.almasb.fxgl.app.services.IOTaskExecutorService, class com.almasb.fxgl.io.FileSystemService, class com.almasb.fxgl.localization.LocalizationService, class com.almasb.fxgl.app.services.SystemBundleService, class com.almasb.fxgl.profile.SaveLoadService, class com.almasb.fxgl.ui.FXGLUIFactoryServiceProvider, class com.almasb.fxgl.ui.FXGLDialogFactoryServiceProvider, class com.almasb.fxgl.audio.AudioPlayer, class com.almasb.fxgl.notification.impl.NotificationServiceProvider, class com.almasb.fxgl.achievement.AchievementService, class com.almasb.fxgl.cutscene.CutsceneService, class com.almasb.fxgl.minigames.MiniGameService, class com.almasb.fxgl.net.NetService, class com.almasb.fxgl.app.services.UpdaterService, class com.almasb.fxgl.dev.DevService, class com.almasb.fxgl.multiplayer.MultiplayerService]
23:56:32.487 [FXGL Background Thread 3 ] DEBUG Engine               - fontGame: Abel-Regular.ttf
23:56:32.488 [FXGL Background Thread 3 ] DEBUG Engine               - fontMono: TerminalLandMono-Regular.otf
23:56:32.489 [FXGL Background Thread 3 ] DEBUG Engine               - fontSizeScaleUI: 1.0
23:56:32.489 [FXGL Background Thread 3 ] DEBUG Engine               - fontText: Courier-Prime.ttf
23:56:32.489 [FXGL Background Thread 3 ] DEBUG Engine               - fontUI: VarelaRound-Regular.ttf
23:56:32.490 [FXGL Background Thread 3 ] DEBUG Engine               - fullScreen: BooleanProperty [value: false]
23:56:32.490 [FXGL Background Thread 3 ] DEBUG Engine               - gameDifficulty: MEDIUM
23:56:32.494 [FXGL Background Thread 3 ] DEBUG Engine               - gameDifficultyProperty: ObjectProperty [value: MEDIUM]
23:56:32.494 [FXGL Background Thread 3 ] DEBUG Engine               - globalMusicVolume: 0.5
23:56:32.498 [FXGL Background Thread 3 ] DEBUG Engine               - globalMusicVolumeProperty: DoubleProperty [value: 0.5]
23:56:32.500 [FXGL Background Thread 3 ] DEBUG Engine               - globalSoundVolume: 0.5
23:56:32.502 [FXGL Background Thread 3 ] DEBUG Engine               - globalSoundVolumeProperty: DoubleProperty [value: 0.5]
23:56:32.505 [FXGL Background Thread 3 ] DEBUG Engine               - height: 500
23:56:32.505 [FXGL Background Thread 3 ] DEBUG Engine               - is3D: false
23:56:32.506 [FXGL Background Thread 3 ] DEBUG Engine               - isAndroid: false
23:56:32.507 [FXGL Background Thread 3 ] DEBUG Engine               - isBrowser: false
23:56:32.508 [FXGL Background Thread 3 ] DEBUG Engine               - isClickFeedbackEnabled: false
23:56:32.511 [FXGL Background Thread 3 ] DEBUG Engine               - isCloseConfirmation: false
23:56:32.511 [FXGL Background Thread 3 ] DEBUG Engine               - isDesktop: true
23:56:32.512 [FXGL Background Thread 3 ] DEBUG Engine               - isDeveloperMenuEnabled: false
23:56:32.513 [FXGL Background Thread 3 ] DEBUG Engine               - isEmbedded: false
23:56:32.513 [FXGL Background Thread 3 ] DEBUG Engine               - isEntityPreloadEnabled: true
23:56:32.514 [FXGL Background Thread 3 ] DEBUG Engine               - isExperimentalTiledLargeMap: false
23:56:32.515 [FXGL Background Thread 3 ] DEBUG Engine               - isFileSystemWriteAllowed: true
23:56:32.515 [FXGL Background Thread 3 ] DEBUG Engine               - isFullScreenAllowed: false
23:56:32.516 [FXGL Background Thread 3 ] DEBUG Engine               - isFullScreenFromStart: false
23:56:32.516 [FXGL Background Thread 3 ] DEBUG Engine               - isGameMenuEnabled: true
23:56:32.516 [FXGL Background Thread 3 ] DEBUG Engine               - isIOS: false
23:56:32.516 [FXGL Background Thread 3 ] DEBUG Engine               - isIntroEnabled: false
23:56:32.518 [FXGL Background Thread 3 ] DEBUG Engine               - isLinux: false
23:56:32.518 [FXGL Background Thread 3 ] DEBUG Engine               - isMac: false
23:56:32.518 [FXGL Background Thread 3 ] DEBUG Engine               - isMainMenuEnabled: false
23:56:32.518 [FXGL Background Thread 3 ] DEBUG Engine               - isManualResizeEnabled: false
23:56:32.518 [FXGL Background Thread 3 ] DEBUG Engine               - isMobile: false
23:56:32.519 [FXGL Background Thread 3 ] DEBUG Engine               - isNative: false
23:56:32.519 [FXGL Background Thread 3 ] DEBUG Engine               - isPauseMusicWhenMinimized: true
23:56:32.519 [FXGL Background Thread 3 ] DEBUG Engine               - isPreserveResizeRatio: false
23:56:32.519 [FXGL Background Thread 3 ] DEBUG Engine               - isProfilingEnabled: false
23:56:32.519 [FXGL Background Thread 3 ] DEBUG Engine               - isScaleAffectedOnResize: true
23:56:32.520 [FXGL Background Thread 3 ] DEBUG Engine               - isSingleStep: false
23:56:32.520 [FXGL Background Thread 3 ] DEBUG Engine               - isUserProfileEnabled: false
23:56:32.520 [FXGL Background Thread 3 ] DEBUG Engine               - isWindows: true
23:56:32.521 [FXGL Background Thread 3 ] DEBUG Engine               - language: ObjectProperty [value: ENGLISH]
23:56:32.521 [FXGL Background Thread 3 ] DEBUG Engine               - menuKey: ESCAPE
23:56:32.521 [FXGL Background Thread 3 ] DEBUG Engine               - mouseSensitivity: 0.2
23:56:32.522 [FXGL Background Thread 3 ] DEBUG Engine               - notificationViewClass: class com.almasb.fxgl.notification.view.XboxNotificationView
23:56:32.523 [FXGL Background Thread 3 ] DEBUG Engine               - pixelsPerMeter: 50.0
23:56:32.523 [FXGL Background Thread 3 ] DEBUG Engine               - platform: WINDOWS
23:56:32.523 [FXGL Background Thread 3 ] DEBUG Engine               - prefHeightProperty: ReadOnlyDoubleProperty [value: 500.0]
23:56:32.523 [FXGL Background Thread 3 ] DEBUG Engine               - prefWidthProperty: ReadOnlyDoubleProperty [value: 800.0]
23:56:32.523 [FXGL Background Thread 3 ] DEBUG Engine               - profileDir: profiles/
23:56:32.523 [FXGL Background Thread 3 ] DEBUG Engine               - profileName: StringProperty [value: DEFAULT]
23:56:32.523 [FXGL Background Thread 3 ] DEBUG Engine               - randomSeed: -1
23:56:32.526 [FXGL Background Thread 3 ] DEBUG Engine               - runtimeInfo: RuntimeInfo(platform=WINDOWS, version=17.3, build=30.03.2023 11.49)
23:56:32.527 [FXGL Background Thread 3 ] DEBUG Engine               - saveFileExt: sav
23:56:32.527 [FXGL Background Thread 3 ] DEBUG Engine               - scaledHeightProp$fxgl: DoubleProperty [bound, value: 500.0]
23:56:32.527 [FXGL Background Thread 3 ] DEBUG Engine               - scaledWidthProp$fxgl: DoubleProperty [bound, value: 800.0]
23:56:32.527 [FXGL Background Thread 3 ] DEBUG Engine               - sceneFactory: com.almasb.fxgl.app.scene.SceneFactory@2b8fa1e5
23:56:32.527 [FXGL Background Thread 3 ] DEBUG Engine               - secondsIn24h: 60
23:56:32.527 [FXGL Background Thread 3 ] DEBUG Engine               - soundMenuBack: menu/back.wav
23:56:32.527 [FXGL Background Thread 3 ] DEBUG Engine               - soundMenuPress: menu/press.wav
23:56:32.527 [FXGL Background Thread 3 ] DEBUG Engine               - soundMenuSelect: menu/select.wav
23:56:32.528 [FXGL Background Thread 3 ] DEBUG Engine               - soundNotification: core/notification.wav
23:56:32.528 [FXGL Background Thread 3 ] DEBUG Engine               - stageStyle: DECORATED
23:56:32.528 [FXGL Background Thread 3 ] DEBUG Engine               - supportedLanguages: [ENGLISH, FRENCH, GERMAN, HUNGARIAN, RUSSIAN]
23:56:32.528 [FXGL Background Thread 3 ] DEBUG Engine               - ticksPerSecond: -1
23:56:32.528 [FXGL Background Thread 3 ] DEBUG Engine               - title: Server
23:56:32.528 [FXGL Background Thread 3 ] DEBUG Engine               - urlGithub: https://github.com/AlmasB/FXGL
23:56:32.528 [FXGL Background Thread 3 ] DEBUG Engine               - urlLeaderboard: http://fxgl-top.herokuapp.com/
23:56:32.528 [FXGL Background Thread 3 ] DEBUG Engine               - urlPOM: https://raw.githubusercontent.com/AlmasB/FXGL/release/README.md
23:56:32.528 [FXGL Background Thread 3 ] DEBUG Engine               - userAppClass: class Runner.ServerRunner
23:56:32.528 [FXGL Background Thread 3 ] DEBUG Engine               - version: 0.0
23:56:32.529 [FXGL Background Thread 3 ] DEBUG Engine               - versionCheckDays: 7
23:56:32.529 [FXGL Background Thread 3 ] DEBUG Engine               - width: 800
23:56:32.529 [FXGL Background Thread 3 ] DEBUG Engine               - Logging services
23:56:32.529 [FXGL Background Thread 3 ] DEBUG Engine               - class com.almasb.fxgl.app.services.FXGLAssetLoaderService
23:56:32.529 [FXGL Background Thread 3 ] DEBUG Engine               - class com.almasb.fxgl.app.FXGLApplication$GameApplicationService
23:56:32.529 [FXGL Background Thread 3 ] DEBUG Engine               - class com.almasb.fxgl.app.services.FXGLDialogService
23:56:32.529 [FXGL Background Thread 3 ] DEBUG Engine               - class com.almasb.fxgl.app.services.IOTaskExecutorService
23:56:32.529 [FXGL Background Thread 3 ] DEBUG Engine               - class com.almasb.fxgl.io.FileSystemService
23:56:32.529 [FXGL Background Thread 3 ] DEBUG Engine               - class com.almasb.fxgl.localization.LocalizationService
23:56:32.529 [FXGL Background Thread 3 ] DEBUG Engine               - class com.almasb.fxgl.app.services.SystemBundleService
23:56:32.529 [FXGL Background Thread 3 ] DEBUG Engine               - class com.almasb.fxgl.profile.SaveLoadService
23:56:32.529 [FXGL Background Thread 3 ] DEBUG Engine               - class com.almasb.fxgl.ui.FXGLUIFactoryServiceProvider
23:56:32.529 [FXGL Background Thread 3 ] DEBUG Engine               - class com.almasb.fxgl.ui.FXGLDialogFactoryServiceProvider
23:56:32.530 [FXGL Background Thread 3 ] DEBUG Engine               - class com.almasb.fxgl.audio.AudioPlayer
23:56:32.530 [FXGL Background Thread 3 ] DEBUG Engine               - class com.almasb.fxgl.notification.impl.NotificationServiceProvider
23:56:32.530 [FXGL Background Thread 3 ] DEBUG Engine               - class com.almasb.fxgl.achievement.AchievementService
23:56:32.530 [FXGL Background Thread 3 ] DEBUG Engine               - class com.almasb.fxgl.cutscene.CutsceneService
23:56:32.530 [FXGL Background Thread 3 ] DEBUG Engine               - class com.almasb.fxgl.minigames.MiniGameService
23:56:32.530 [FXGL Background Thread 3 ] DEBUG Engine               - class com.almasb.fxgl.net.NetService
23:56:32.530 [FXGL Background Thread 3 ] DEBUG Engine               - class com.almasb.fxgl.app.services.UpdaterService
23:56:32.530 [FXGL Background Thread 3 ] DEBUG Engine               - class com.almasb.fxgl.dev.DevService
23:56:32.530 [FXGL Background Thread 3 ] DEBUG Engine               - class com.almasb.fxgl.multiplayer.MultiplayerService
23:56:33.359 [FXGL Background Thread 2 ] INFO  UpdaterService       - Your current version:  17.3
23:56:33.394 [FXGL Background Thread 2 ] INFO  UpdaterService       - Latest stable version: 21.1
23:59:31.312 [JavaFX Application Thread] DEBUG FXGLApplication      - Exiting FXGL
23:59:31.313 [JavaFX Application Thread] DEBUG LoopRunner           - Stopping loop
23:59:31.313 [JavaFX Application Thread] DEBUG SystemBundleService  - Saving FXGL system data
23:59:31.325 [JavaFX Application Thread] DEBUG FileSystemAccess     - Writing to: C:\Users\Owner\Desktop\Sonic-rush\system\fxgl.bundle
23:59:31.341 [JavaFX Application Thread] DEBUG Async                - Shutting down background threads
23:59:31.344 [JavaFX Application Thread] DEBUG PrimaryStageWindow   - Closing main window
23:59:31.402 [JavaFX Application Thread] DEBUG Logger               - Closing Logger
