00:50:48.281 [main                     ] DEBUG Logger               - Configured Logger
00:50:48.309 [main                     ] DEBUG GameApplication      - Logging settings
Title: Server
Version: 0.0
Width: 800
Height: 500
Fullscreen: false
Intro: false
Profiling: false
Single step:false
App Mode: DEVELOPER
Menu Key: ESCAPE
Stage Style: DECORATED
Scene Factory: class com.almasb.fxgl.app.scene.SceneFactory

00:50:49.001 [JavaFX Application Thread] DEBUG FXGLApplication      - Initializing FXGL
00:50:49.006 [JavaFX Application Thread] INFO  Engine               - FXGL-17.3 (30.03.2023 11.49) on WINDOWS (J:21.0.2 FX:20)
00:50:49.009 [JavaFX Application Thread] DEBUG Engine               - JRE Vendor Name: Oracle Corporation
00:50:49.010 [JavaFX Application Thread] DEBUG Engine               - Running on OS: Windows 10 version 10.0
00:50:49.010 [JavaFX Application Thread] DEBUG Engine               - Architecture: amd64
00:50:49.011 [JavaFX Application Thread] INFO  Engine               - Source code and latest versions at: https://github.com/AlmasB/FXGL
00:50:49.017 [JavaFX Application Thread] INFO  Engine               -       Ask questions and discuss at: https://github.com/AlmasB/FXGL/discussions
00:50:49.172 [JavaFX Application Thread] INFO  Engine               -              Join the FXGL chat at: https://gitter.im/AlmasB/FXGL
00:50:49.536 [JavaFX Application Thread] DEBUG PrimaryStageWindow   - Creating a JavaFX scene
00:50:49.702 [JavaFX Application Thread] DEBUG PrimaryStageWindow   - Target settings size: 800.0 x 500.0
00:50:49.703 [JavaFX Application Thread] DEBUG PrimaryStageWindow   - Scaled scene size:    800.0 x 500.0
00:50:49.704 [JavaFX Application Thread] DEBUG PrimaryStageWindow   - Scaled ratio: (1.0, 1.0)
00:50:49.707 [JavaFX Application Thread] DEBUG PrimaryStageWindow   - Set initial scene to FXGLStartupScene
00:50:49.727 [JavaFX Application Thread] DEBUG PrimaryStageWindow   - Opening main window
00:50:49.975 [JavaFX Application Thread] DEBUG PrimaryStageWindow   - Window border size: (16.0, 39.0)
00:50:49.975 [JavaFX Application Thread] DEBUG PrimaryStageWindow   - Scaled size: 800.0 x 500.0
00:50:49.975 [JavaFX Application Thread] DEBUG PrimaryStageWindow   - Scaled ratio: (1.0, 1.0)
00:50:49.975 [JavaFX Application Thread] DEBUG PrimaryStageWindow   - Scene size: 800.0 x 500.0
00:50:49.975 [JavaFX Application Thread] DEBUG PrimaryStageWindow   - Stage size: 816.0 x 539.0
00:50:50.037 [FXGL Background Thread 1 ] DEBUG Engine               - Initializing environment variables
00:50:50.100 [FXGL Background Thread 1 ] DEBUG FXGLAssetLoaderServi - User app class for loading assets: class Runner.ServerRunner
00:50:50.100 [FXGL Background Thread 1 ] DEBUG GameApplicationServi - Applying CSS: fxgl_dark.css
00:50:50.101 [FXGL Background Thread 1 ] DEBUG FXGLAssetLoaderServi - Loading from file system: jar:file:/C:/Users/User/.m2/repository/com/github/almasb/fxgl/17.3/fxgl-17.3.jar!/fxglassets/ui/css/fxgl_dark.css
00:50:50.168 [FXGL Background Thread 1 ] DEBUG GameApplicationServi - Initializing application scenes
00:50:50.264 [FXGL Background Thread 1 ] DEBUG GameWorld            - Game world initialized
00:50:50.331 [FXGL Background Thread 1 ] DEBUG PhysicsWorld         - Physics world initialized: appHeight=500, physics.ppm=50,0
00:50:50.331 [FXGL Background Thread 1 ] DEBUG PhysicsWorld         - Using strategy: BRUTE_FORCE
00:50:50.336 [FXGL Background Thread 1 ] DEBUG GameScene            - Game scene initialized: 800x500
00:50:50.351 [FXGL Background Thread 1 ] WARN  FXGL.DefaultMenu     - FXGLDefaultMenu is not designed for resolutions < 800x600
00:50:50.351 [FXGL Background Thread 1 ] DEBUG FXGL.DefaultMenu     - createMenuBodyGameMenu()
00:50:50.371 [FXGL Background Thread 1 ] DEBUG FXGL.DefaultMenu     - createOptionsMenu()
00:50:50.384 [FXGL Background Thread 1 ] DEBUG FXGLAssetLoaderServi - Loading from file system: jar:file:/C:/Users/User/.m2/repository/com/github/almasb/fxgl/17.3/fxgl-17.3.jar!/fxglassets/textures/particles/smoke.png
00:50:50.503 [FXGL Background Thread 1 ] DEBUG FXGLAssetLoaderServi - Loading from file system: jar:file:/C:/Users/User/.m2/repository/com/github/almasb/fxgl/17.3/fxgl-17.3.jar!/fxglassets/textures/particles/trace_horizontal.png
00:50:50.542 [FXGL Background Thread 1 ] DEBUG GameApplicationServi - Application scenes initialized
00:50:50.560 [FXGL Background Thread 1 ] DEBUG SystemBundleService  - Loading FXGL system data
00:50:50.565 [FXGL Background Thread 1 ] DEBUG FileSystemAccess     - Reading from: C:\Users\User\Documents\Millan.Luis\UNEG\Semestre IV\Tecnicas de Prog. III\Sonic-rush\system\fxgl.bundle
00:50:50.576 [FXGL Background Thread 1 ] DEBUG SystemBundleService  - Bundle FXGL: {}
00:50:50.576 [FXGL Background Thread 1 ] DEBUG UpdaterService       - Checking for updates
00:50:50.582 [FXGL Background Thread 4 ] DEBUG FXGLApplication      - Loading fonts
00:50:50.583 [FXGL Background Thread 1 ] DEBUG FXGLApplication      - Loading default localization
00:50:50.584 [FXGL Background Thread 1 ] DEBUG FXGLAssetLoaderServi - Loading from file system: jar:file:/C:/Users/User/.m2/repository/com/github/almasb/fxgl/17.3/fxgl-17.3.jar!/fxglassets/languages/english.lang
00:50:50.584 [FXGL Background Thread 4 ] DEBUG FXGLAssetLoaderServi - Loading from file system: jar:file:/C:/Users/User/.m2/repository/com/github/almasb/fxgl/17.3/fxgl-17.3.jar!/fxglassets/ui/fonts/VarelaRound-Regular.ttf
00:50:50.616 [FXGL Background Thread 1 ] INFO  FXGLApplication      - FXGL initialization took: 0,579 sec
00:50:50.621 [JavaFX Application Thread] DEBUG FXGLAssetLoaderServi - Loading from file system: jar:file:/C:/Users/User/.m2/repository/com/github/almasb/fxgl/17.3/fxgl-17.3.jar!/fxglassets/textures/fxgl_icon.png
00:50:50.658 [FXGL Background Thread 4 ] DEBUG FXGLAssetLoaderServi - Loading from file system: jar:file:/C:/Users/User/.m2/repository/com/github/almasb/fxgl/17.3/fxgl-17.3.jar!/fxglassets/ui/fonts/Abel-Regular.ttf
00:50:50.663 [FXGL Background Thread 4 ] DEBUG FXGLAssetLoaderServi - Loading from file system: jar:file:/C:/Users/User/.m2/repository/com/github/almasb/fxgl/17.3/fxgl-17.3.jar!/fxglassets/ui/fonts/TerminalLandMono-Regular.otf
00:50:50.669 [FXGL Background Thread 4 ] DEBUG FXGLAssetLoaderServi - Loading from file system: jar:file:/C:/Users/User/.m2/repository/com/github/almasb/fxgl/17.3/fxgl-17.3.jar!/fxglassets/ui/fonts/Courier-Prime.ttf
00:50:50.684 [JavaFX Application Thread] DEBUG FXGLAssetLoaderServi - Loading from file system: jar:file:/C:/Users/User/.m2/repository/com/github/almasb/fxgl/17.3/fxgl-17.3.jar!/fxglassets/textures/fxgl_default_cursor.png
00:50:50.698 [JavaFX Application Thread] DEBUG Input                - Registered new binding: Screenshot - CTRL+8
00:50:50.698 [JavaFX Application Thread] DEBUG Input                - Registered new binding: System info dump - CTRL+9
00:50:50.699 [JavaFX Application Thread] DEBUG Input                - Registered new binding: Restart - CTRL+R
00:50:50.699 [JavaFX Application Thread] DEBUG Input                - Registered new binding: Toggle Debug Camera - CTRL+7
00:50:50.703 [JavaFX Application Thread] DEBUG LoopRunner           - Starting loop
00:50:50.703 [JavaFX Application Thread] DEBUG LoopRunner           - Initializing JavaFX AnimationTimerLoop
00:50:50.704 [JavaFX Application Thread] DEBUG GameApplicationServi - Starting new game
00:50:50.705 [JavaFX Application Thread] DEBUG Input                - Clearing active input actions
00:50:50.718 [JavaFX Application Thread] DEBUG GameApplicationServi - Removing overlay from FXGLStartupScene and adding to FXGLLoadingScene
00:50:50.719 [JavaFX Application Thread] DEBUG PrimaryStageWindow   - FXGLStartupScene -> FXGLLoadingScene
00:50:50.719 [JavaFX Application Thread] DEBUG GameApplicationServi - Clearing previous game
00:50:50.719 [JavaFX Application Thread] DEBUG GameScene            - Clearing game scene
00:50:50.719 [JavaFX Application Thread] DEBUG GameWorld            - Clearing game world
00:50:50.719 [JavaFX Application Thread] DEBUG PhysicsWorld         - Clearing physics world
00:50:50.721 [JavaFX Application Thread] DEBUG FXGLApplication      - Registering font factories with UI factory
00:50:50.721 [FXGL Background Thread 4 ] DEBUG FXGLApplication      - Initializing game
00:50:50.830 [ServerAsyncConnThread    ] DEBUG TCPServer            - Starting to listen at: 55555 type: class com.almasb.fxgl.core.serialization.Bundle
00:50:50.845 [FXGL Background Thread 4 ] DEBUG TMXLevelLoader       - Parsed TiledMap: file:/C:/Users/User/Documents/Millan.Luis/UNEG/Semestre%20IV/Tecnicas%20de%20Prog.%20III/Sonic-rush/target/classes/assets/levels/mapazo.tmx
00:50:50.846 [FXGL Background Thread 4 ] DEBUG TMXLevelLoader       - Creating tile layer entities
00:50:50.849 [FXGL Background Thread 4 ] DEBUG TilesetLoader        - Loading view for layer Capa de patrones 1
00:50:50.854 [FXGL Background Thread 4 ] DEBUG TilesetLoader        - Created buffer with size 3840.0x720.0
00:50:50.884 [FXGL Background Thread 4 ] DEBUG TMXLevelLoader       - Creating object layer entities
00:50:50.911 [FXGL Background Thread 4 ] DEBUG GameWorld            - Clearing removable entities
00:50:50.912 [FXGL Background Thread 4 ] DEBUG GameWorld            - Setting level: com.almasb.fxgl.entity.level.Level@5b4b25cc
00:50:50.926 [FXGL Background Thread 4 ] DEBUG FXGLAssetLoaderServi - Loading from file system: file:/C:/Users/User/Documents/Millan.Luis/UNEG/Semestre%20IV/Tecnicas%20de%20Prog.%20III/Sonic-rush/target/classes/assets/textures/Items/ring.png
00:50:50.970 [FXGL Background Thread 4 ] DEBUG FXGLAssetLoaderServi - Loading from file system: file:/C:/Users/User/Documents/Millan.Luis/UNEG/Semestre%20IV/Tecnicas%20de%20Prog.%20III/Sonic-rush/target/classes/assets/textures/Enemigos/enemigo.png
00:50:51.020 [FXGL Background Thread 4 ] DEBUG FXGLAssetLoaderServi - Loading from file system: file:/C:/Users/User/Documents/Millan.Luis/UNEG/Semestre%20IV/Tecnicas%20de%20Prog.%20III/Sonic-rush/target/classes/assets/textures/Items/basura.png
00:50:51.024 [FXGL Background Thread 4 ] DEBUG FXGLAssetLoaderServi - Loading from file system: file:/C:/Users/User/Documents/Millan.Luis/UNEG/Semestre%20IV/Tecnicas%20de%20Prog.%20III/Sonic-rush/target/classes/assets/textures/Items/papel.png
00:50:51.030 [FXGL Background Thread 4 ] DEBUG FXGLAssetLoaderServi - Loading from file system: file:/C:/Users/User/Documents/Millan.Luis/UNEG/Semestre%20IV/Tecnicas%20de%20Prog.%20III/Sonic-rush/target/classes/assets/textures/Items/caucho.png
00:50:51.039 [FXGL Background Thread 4 ] INFO  FXGLApplication      - Game initialization took: 0,318 sec
00:50:51.063 [JavaFX Application Thread] DEBUG Input                - Clearing active input actions
00:50:51.073 [JavaFX Application Thread] DEBUG GameApplicationServi - Removing overlay from FXGLLoadingScene and adding to GameScene
00:50:51.088 [JavaFX Application Thread] DEBUG PrimaryStageWindow   - FXGLLoadingScene -> GameScene
00:50:51.392 [FXGL Background Thread 2 ] INFO  UpdaterService       - Your current version:  17.3
00:50:51.394 [FXGL Background Thread 2 ] INFO  UpdaterService       - Latest stable version: 21.1
00:50:53.580 [FXGL Background Thread 3 ] DEBUG Engine               - Logging environment variables
00:50:53.581 [FXGL Background Thread 3 ] DEBUG Engine               - achievements: []
00:50:53.581 [FXGL Background Thread 3 ] DEBUG Engine               - actualHeight: 500.0
00:50:53.581 [FXGL Background Thread 3 ] DEBUG Engine               - actualHeightProperty: ReadOnlyDoubleProperty [value: 500.0]
00:50:53.581 [FXGL Background Thread 3 ] DEBUG Engine               - actualWidth: 800.0
00:50:53.581 [FXGL Background Thread 3 ] DEBUG Engine               - actualWidthProperty: ReadOnlyDoubleProperty [value: 800.0]
00:50:53.581 [FXGL Background Thread 3 ] DEBUG Engine               - appIcon: fxgl_icon.png
00:50:53.582 [FXGL Background Thread 3 ] DEBUG Engine               - applicationMode: DEVELOPER
00:50:53.582 [FXGL Background Thread 3 ] DEBUG Engine               - cSSList: [fxgl_dark.css]
00:50:53.582 [FXGL Background Thread 3 ] DEBUG Engine               - collisionDetectionStrategy: BRUTE_FORCE
00:50:53.582 [FXGL Background Thread 3 ] DEBUG Engine               - configClass: Optional.empty
00:50:53.582 [FXGL Background Thread 3 ] DEBUG Engine               - credits: []
00:50:53.584 [FXGL Background Thread 3 ] DEBUG Engine               - defaultCursor: CursorInfo(imageName=fxgl_default_cursor.png, hotspotX=7.0, hotspotY=6.0)
00:50:53.586 [FXGL Background Thread 3 ] DEBUG Engine               - devBBoxColorProperty: ObjectProperty [value: 0xff0000ff]
00:50:53.586 [FXGL Background Thread 3 ] DEBUG Engine               - devEnableDebugCameraProperty: BooleanProperty [value: false]
00:50:53.586 [FXGL Background Thread 3 ] DEBUG Engine               - devSensorColorProperty: ObjectProperty [value: 0xffff00ff]
00:50:53.586 [FXGL Background Thread 3 ] DEBUG Engine               - devShowBBoxProperty: BooleanProperty [value: false]
00:50:53.586 [FXGL Background Thread 3 ] DEBUG Engine               - devShowPositionProperty: BooleanProperty [value: false]
00:50:53.587 [FXGL Background Thread 3 ] DEBUG Engine               - enabledMenuItems: []
00:50:53.587 [FXGL Background Thread 3 ] DEBUG Engine               - engineServices: [class com.almasb.fxgl.app.services.FXGLAssetLoaderService, class com.almasb.fxgl.app.FXGLApplication$GameApplicationService, class com.almasb.fxgl.app.services.FXGLDialogService, class com.almasb.fxgl.app.services.IOTaskExecutorService, class com.almasb.fxgl.io.FileSystemService, class com.almasb.fxgl.localization.LocalizationService, class com.almasb.fxgl.app.services.SystemBundleService, class com.almasb.fxgl.profile.SaveLoadService, class com.almasb.fxgl.ui.FXGLUIFactoryServiceProvider, class com.almasb.fxgl.ui.FXGLDialogFactoryServiceProvider, class com.almasb.fxgl.audio.AudioPlayer, class com.almasb.fxgl.notification.impl.NotificationServiceProvider, class com.almasb.fxgl.achievement.AchievementService, class com.almasb.fxgl.cutscene.CutsceneService, class com.almasb.fxgl.minigames.MiniGameService, class com.almasb.fxgl.net.NetService, class com.almasb.fxgl.app.services.UpdaterService, class com.almasb.fxgl.dev.DevService, class com.almasb.fxgl.multiplayer.MultiplayerService]
00:50:53.587 [FXGL Background Thread 3 ] DEBUG Engine               - fontGame: Abel-Regular.ttf
00:50:53.587 [FXGL Background Thread 3 ] DEBUG Engine               - fontMono: TerminalLandMono-Regular.otf
00:50:53.587 [FXGL Background Thread 3 ] DEBUG Engine               - fontSizeScaleUI: 1.0
00:50:53.587 [FXGL Background Thread 3 ] DEBUG Engine               - fontText: Courier-Prime.ttf
00:50:53.587 [FXGL Background Thread 3 ] DEBUG Engine               - fontUI: VarelaRound-Regular.ttf
00:50:53.587 [FXGL Background Thread 3 ] DEBUG Engine               - fullScreen: BooleanProperty [value: false]
00:50:53.588 [FXGL Background Thread 3 ] DEBUG Engine               - gameDifficulty: MEDIUM
00:50:53.588 [FXGL Background Thread 3 ] DEBUG Engine               - gameDifficultyProperty: ObjectProperty [value: MEDIUM]
00:50:53.588 [FXGL Background Thread 3 ] DEBUG Engine               - globalMusicVolume: 0.5
00:50:53.588 [FXGL Background Thread 3 ] DEBUG Engine               - globalMusicVolumeProperty: DoubleProperty [value: 0.5]
00:50:53.588 [FXGL Background Thread 3 ] DEBUG Engine               - globalSoundVolume: 0.5
00:50:53.588 [FXGL Background Thread 3 ] DEBUG Engine               - globalSoundVolumeProperty: DoubleProperty [value: 0.5]
00:50:53.589 [FXGL Background Thread 3 ] DEBUG Engine               - height: 500
00:50:53.589 [FXGL Background Thread 3 ] DEBUG Engine               - is3D: false
00:50:53.589 [FXGL Background Thread 3 ] DEBUG Engine               - isAndroid: false
00:50:53.589 [FXGL Background Thread 3 ] DEBUG Engine               - isBrowser: false
00:50:53.589 [FXGL Background Thread 3 ] DEBUG Engine               - isClickFeedbackEnabled: false
00:50:53.589 [FXGL Background Thread 3 ] DEBUG Engine               - isCloseConfirmation: false
00:50:53.589 [FXGL Background Thread 3 ] DEBUG Engine               - isDesktop: true
00:50:53.589 [FXGL Background Thread 3 ] DEBUG Engine               - isDeveloperMenuEnabled: false
00:50:53.589 [FXGL Background Thread 3 ] DEBUG Engine               - isEmbedded: false
00:50:53.589 [FXGL Background Thread 3 ] DEBUG Engine               - isEntityPreloadEnabled: true
00:50:53.590 [FXGL Background Thread 3 ] DEBUG Engine               - isExperimentalTiledLargeMap: false
00:50:53.590 [FXGL Background Thread 3 ] DEBUG Engine               - isFileSystemWriteAllowed: true
00:50:53.590 [FXGL Background Thread 3 ] DEBUG Engine               - isFullScreenAllowed: false
00:50:53.590 [FXGL Background Thread 3 ] DEBUG Engine               - isFullScreenFromStart: false
00:50:53.590 [FXGL Background Thread 3 ] DEBUG Engine               - isGameMenuEnabled: true
00:50:53.590 [FXGL Background Thread 3 ] DEBUG Engine               - isIOS: false
00:50:53.590 [FXGL Background Thread 3 ] DEBUG Engine               - isIntroEnabled: false
00:50:53.590 [FXGL Background Thread 3 ] DEBUG Engine               - isLinux: false
00:50:53.590 [FXGL Background Thread 3 ] DEBUG Engine               - isMac: false
00:50:53.591 [FXGL Background Thread 3 ] DEBUG Engine               - isMainMenuEnabled: false
00:50:53.591 [FXGL Background Thread 3 ] DEBUG Engine               - isManualResizeEnabled: false
00:50:53.591 [FXGL Background Thread 3 ] DEBUG Engine               - isMobile: false
00:50:53.591 [FXGL Background Thread 3 ] DEBUG Engine               - isNative: false
00:50:53.591 [FXGL Background Thread 3 ] DEBUG Engine               - isPauseMusicWhenMinimized: true
00:50:53.591 [FXGL Background Thread 3 ] DEBUG Engine               - isPreserveResizeRatio: false
00:50:53.591 [FXGL Background Thread 3 ] DEBUG Engine               - isProfilingEnabled: false
00:50:53.591 [FXGL Background Thread 3 ] DEBUG Engine               - isScaleAffectedOnResize: true
00:50:53.591 [FXGL Background Thread 3 ] DEBUG Engine               - isSingleStep: false
00:50:53.591 [FXGL Background Thread 3 ] DEBUG Engine               - isUserProfileEnabled: false
00:50:53.591 [FXGL Background Thread 3 ] DEBUG Engine               - isWindows: true
00:50:53.592 [FXGL Background Thread 3 ] DEBUG Engine               - language: ObjectProperty [value: ENGLISH]
00:50:53.592 [FXGL Background Thread 3 ] DEBUG Engine               - menuKey: ESCAPE
00:50:53.592 [FXGL Background Thread 3 ] DEBUG Engine               - mouseSensitivity: 0.2
00:50:53.592 [FXGL Background Thread 3 ] DEBUG Engine               - notificationViewClass: class com.almasb.fxgl.notification.view.XboxNotificationView
00:50:53.592 [FXGL Background Thread 3 ] DEBUG Engine               - pixelsPerMeter: 50.0
00:50:53.592 [FXGL Background Thread 3 ] DEBUG Engine               - platform: WINDOWS
00:50:53.592 [FXGL Background Thread 3 ] DEBUG Engine               - prefHeightProperty: ReadOnlyDoubleProperty [value: 500.0]
00:50:53.592 [FXGL Background Thread 3 ] DEBUG Engine               - prefWidthProperty: ReadOnlyDoubleProperty [value: 800.0]
00:50:53.592 [FXGL Background Thread 3 ] DEBUG Engine               - profileDir: profiles/
00:50:53.592 [FXGL Background Thread 3 ] DEBUG Engine               - profileName: StringProperty [value: DEFAULT]
00:50:53.593 [FXGL Background Thread 3 ] DEBUG Engine               - randomSeed: -1
00:50:53.593 [FXGL Background Thread 3 ] DEBUG Engine               - runtimeInfo: RuntimeInfo(platform=WINDOWS, version=17.3, build=30.03.2023 11.49)
00:50:53.593 [FXGL Background Thread 3 ] DEBUG Engine               - saveFileExt: sav
00:50:53.593 [FXGL Background Thread 3 ] DEBUG Engine               - scaledHeightProp$fxgl: DoubleProperty [bound, value: 500.0]
00:50:53.593 [FXGL Background Thread 3 ] DEBUG Engine               - scaledWidthProp$fxgl: DoubleProperty [bound, value: 800.0]
00:50:53.594 [FXGL Background Thread 3 ] DEBUG Engine               - sceneFactory: com.almasb.fxgl.app.scene.SceneFactory@2e41f7b5
00:50:53.594 [FXGL Background Thread 3 ] DEBUG Engine               - secondsIn24h: 60
00:50:53.594 [FXGL Background Thread 3 ] DEBUG Engine               - soundMenuBack: menu/back.wav
00:50:53.594 [FXGL Background Thread 3 ] DEBUG Engine               - soundMenuPress: menu/press.wav
00:50:53.594 [FXGL Background Thread 3 ] DEBUG Engine               - soundMenuSelect: menu/select.wav
00:50:53.594 [FXGL Background Thread 3 ] DEBUG Engine               - soundNotification: core/notification.wav
00:50:53.594 [FXGL Background Thread 3 ] DEBUG Engine               - stageStyle: DECORATED
00:50:53.594 [FXGL Background Thread 3 ] DEBUG Engine               - supportedLanguages: [ENGLISH, FRENCH, GERMAN, HUNGARIAN, RUSSIAN]
00:50:53.594 [FXGL Background Thread 3 ] DEBUG Engine               - ticksPerSecond: -1
00:50:53.595 [FXGL Background Thread 3 ] DEBUG Engine               - title: Server
00:50:53.595 [FXGL Background Thread 3 ] DEBUG Engine               - urlGithub: https://github.com/AlmasB/FXGL
00:50:53.595 [FXGL Background Thread 3 ] DEBUG Engine               - urlLeaderboard: http://fxgl-top.herokuapp.com/
00:50:53.595 [FXGL Background Thread 3 ] DEBUG Engine               - urlPOM: https://raw.githubusercontent.com/AlmasB/FXGL/release/README.md
00:50:53.595 [FXGL Background Thread 3 ] DEBUG Engine               - userAppClass: class Runner.ServerRunner
00:50:53.595 [FXGL Background Thread 3 ] DEBUG Engine               - version: 0.0
00:50:53.595 [FXGL Background Thread 3 ] DEBUG Engine               - versionCheckDays: 7
00:50:53.595 [FXGL Background Thread 3 ] DEBUG Engine               - width: 800
00:50:53.595 [FXGL Background Thread 3 ] DEBUG Engine               - Logging services
00:50:53.595 [FXGL Background Thread 3 ] DEBUG Engine               - class com.almasb.fxgl.app.services.FXGLAssetLoaderService
00:50:53.595 [FXGL Background Thread 3 ] DEBUG Engine               - class com.almasb.fxgl.app.FXGLApplication$GameApplicationService
00:50:53.595 [FXGL Background Thread 3 ] DEBUG Engine               - class com.almasb.fxgl.app.services.FXGLDialogService
00:50:53.596 [FXGL Background Thread 3 ] DEBUG Engine               - class com.almasb.fxgl.app.services.IOTaskExecutorService
00:50:53.596 [FXGL Background Thread 3 ] DEBUG Engine               - class com.almasb.fxgl.io.FileSystemService
00:50:53.596 [FXGL Background Thread 3 ] DEBUG Engine               - class com.almasb.fxgl.localization.LocalizationService
00:50:53.596 [FXGL Background Thread 3 ] DEBUG Engine               - class com.almasb.fxgl.app.services.SystemBundleService
00:50:53.596 [FXGL Background Thread 3 ] DEBUG Engine               - class com.almasb.fxgl.profile.SaveLoadService
00:50:53.596 [FXGL Background Thread 3 ] DEBUG Engine               - class com.almasb.fxgl.ui.FXGLUIFactoryServiceProvider
00:50:53.596 [FXGL Background Thread 3 ] DEBUG Engine               - class com.almasb.fxgl.ui.FXGLDialogFactoryServiceProvider
00:50:53.596 [FXGL Background Thread 3 ] DEBUG Engine               - class com.almasb.fxgl.audio.AudioPlayer
00:50:53.596 [FXGL Background Thread 3 ] DEBUG Engine               - class com.almasb.fxgl.notification.impl.NotificationServiceProvider
00:50:53.596 [FXGL Background Thread 3 ] DEBUG Engine               - class com.almasb.fxgl.achievement.AchievementService
00:50:53.596 [FXGL Background Thread 3 ] DEBUG Engine               - class com.almasb.fxgl.cutscene.CutsceneService
00:50:53.596 [FXGL Background Thread 3 ] DEBUG Engine               - class com.almasb.fxgl.minigames.MiniGameService
00:50:53.597 [FXGL Background Thread 3 ] DEBUG Engine               - class com.almasb.fxgl.net.NetService
00:50:53.597 [FXGL Background Thread 3 ] DEBUG Engine               - class com.almasb.fxgl.app.services.UpdaterService
00:50:53.597 [FXGL Background Thread 3 ] DEBUG Engine               - class com.almasb.fxgl.dev.DevService
00:50:53.597 [FXGL Background Thread 3 ] DEBUG Engine               - class com.almasb.fxgl.multiplayer.MultiplayerService
00:50:56.501 [JavaFX Application Thread] DEBUG FXGLApplication      - Exiting FXGL
00:50:56.501 [JavaFX Application Thread] DEBUG LoopRunner           - Stopping loop
00:50:56.501 [JavaFX Application Thread] DEBUG SystemBundleService  - Saving FXGL system data
00:50:56.504 [JavaFX Application Thread] DEBUG FileSystemAccess     - Writing to: C:\Users\User\Documents\Millan.Luis\UNEG\Semestre IV\Tecnicas de Prog. III\Sonic-rush\system\fxgl.bundle
00:50:56.506 [JavaFX Application Thread] DEBUG Async                - Shutting down background threads
00:50:56.506 [JavaFX Application Thread] DEBUG PrimaryStageWindow   - Closing main window
00:50:56.530 [JavaFX Application Thread] DEBUG Logger               - Closing Logger
