12:04:35.149 [main                     ] DEBUG Logger               - Configured Logger
12:04:35.205 [main                     ] DEBUG GameApplication      - Logging settings
Title: Jugador Sonic
Version: 0.0
Width: 1000
Height: 600
Fullscreen: false
Intro: false
Profiling: false
Single step:false
App Mode: DEVELOPER
Menu Key: ESCAPE
Stage Style: DECORATED
Scene Factory: class com.almasb.fxgl.app.scene.SceneFactory

12:04:35.893 [JavaFX Application Thread] DEBUG FXGLApplication      - Initializing FXGL
12:04:35.907 [JavaFX Application Thread] INFO  Engine               - FXGL-17.3 (30.03.2023 11.49) on WINDOWS (J:17.0.12 FX:20)
12:04:35.909 [JavaFX Application Thread] DEBUG Engine               - JRE Vendor Name: Oracle Corporation
12:04:35.909 [JavaFX Application Thread] DEBUG Engine               - Running on OS: Windows 10 version 10.0
12:04:35.910 [JavaFX Application Thread] DEBUG Engine               - Architecture: amd64
12:04:35.910 [JavaFX Application Thread] INFO  Engine               - Source code and latest versions at: https://github.com/AlmasB/FXGL
12:04:35.911 [JavaFX Application Thread] INFO  Engine               -       Ask questions and discuss at: https://github.com/AlmasB/FXGL/discussions
12:04:35.913 [JavaFX Application Thread] INFO  Engine               -              Join the FXGL chat at: https://gitter.im/AlmasB/FXGL
12:04:36.141 [JavaFX Application Thread] DEBUG PrimaryStageWindow   - Creating a JavaFX scene
12:04:36.256 [JavaFX Application Thread] DEBUG PrimaryStageWindow   - Target settings size: 1000.0 x 600.0
12:04:36.260 [JavaFX Application Thread] DEBUG PrimaryStageWindow   - Scaled scene size:    1000.0 x 600.0
12:04:36.261 [JavaFX Application Thread] DEBUG PrimaryStageWindow   - Scaled ratio: (1.0, 1.0)
12:04:36.267 [JavaFX Application Thread] DEBUG PrimaryStageWindow   - Set initial scene to FXGLStartupScene
12:04:36.282 [JavaFX Application Thread] DEBUG PrimaryStageWindow   - Opening main window
12:04:36.473 [JavaFX Application Thread] DEBUG PrimaryStageWindow   - Window border size: (14.4000244140625, 37.5999755859375)
12:04:36.474 [JavaFX Application Thread] DEBUG PrimaryStageWindow   - Scaled size: 1000.0 x 600.0
12:04:36.474 [JavaFX Application Thread] DEBUG PrimaryStageWindow   - Scaled ratio: (1.0, 1.0)
12:04:36.475 [JavaFX Application Thread] DEBUG PrimaryStageWindow   - Scene size: 1000.0 x 600.0
12:04:36.475 [JavaFX Application Thread] DEBUG PrimaryStageWindow   - Stage size: 1014.4000244140625 x 637.5999755859375
12:04:36.772 [FXGL Background Thread 1 ] DEBUG Engine               - Initializing environment variables
12:04:36.893 [FXGL Background Thread 1 ] DEBUG FXGLAssetLoaderServi - User app class for loading assets: class Runner.ClientRunner
12:04:36.894 [FXGL Background Thread 1 ] DEBUG GameApplicationServi - Applying CSS: fxgl_dark.css
12:04:36.895 [FXGL Background Thread 1 ] DEBUG FXGLAssetLoaderServi - Loading from file system: jar:file:/C:/Users/Owner/.m2/repository/com/github/almasb/fxgl/17.3/fxgl-17.3.jar!/fxglassets/ui/css/fxgl_dark.css
12:04:37.015 [FXGL Background Thread 1 ] DEBUG GameApplicationServi - Initializing application scenes
12:04:37.292 [FXGL Background Thread 1 ] DEBUG GameWorld            - Game world initialized
12:04:37.486 [FXGL Background Thread 1 ] DEBUG PhysicsWorld         - Physics world initialized: appHeight=600, physics.ppm=50.0
12:04:37.487 [FXGL Background Thread 1 ] DEBUG PhysicsWorld         - Using strategy: BRUTE_FORCE
12:04:37.553 [FXGL Background Thread 1 ] DEBUG GameScene            - Game scene initialized: 1000x600
12:04:37.655 [FXGL Background Thread 1 ] DEBUG FXGL.DefaultMenu     - createMenuBodyGameMenu()
12:04:37.795 [FXGL Background Thread 1 ] DEBUG FXGL.DefaultMenu     - createOptionsMenu()
12:04:37.870 [FXGL Background Thread 1 ] DEBUG FXGLAssetLoaderServi - Loading from file system: jar:file:/C:/Users/Owner/.m2/repository/com/github/almasb/fxgl/17.3/fxgl-17.3.jar!/fxglassets/textures/particles/smoke.png
12:04:38.752 [FXGL Background Thread 1 ] DEBUG FXGLAssetLoaderServi - Loading from file system: jar:file:/C:/Users/Owner/.m2/repository/com/github/almasb/fxgl/17.3/fxgl-17.3.jar!/fxglassets/textures/particles/trace_horizontal.png
12:04:38.871 [FXGL Background Thread 1 ] DEBUG GameApplicationServi - Application scenes initialized
12:04:38.903 [FXGL Background Thread 1 ] DEBUG SystemBundleService  - Loading FXGL system data
12:04:38.911 [FXGL Background Thread 1 ] DEBUG FileSystemAccess     - Reading from: C:\Users\Owner\Desktop\Sonic-rush\system\fxgl.bundle
12:04:38.921 [FXGL Background Thread 1 ] DEBUG SystemBundleService  - Bundle FXGL: {}
12:04:38.921 [FXGL Background Thread 1 ] DEBUG UpdaterService       - Checking for updates
12:04:38.930 [FXGL Background Thread 1 ] DEBUG FXGLApplication      - Loading default localization
12:04:38.931 [FXGL Background Thread 1 ] DEBUG FXGLAssetLoaderServi - Loading from file system: jar:file:/C:/Users/Owner/.m2/repository/com/github/almasb/fxgl/17.3/fxgl-17.3.jar!/fxglassets/languages/english.lang
12:04:38.977 [FXGL Background Thread 1 ] INFO  FXGLApplication      - FXGL initialization took: 2.206 sec
12:04:39.138 [JavaFX Application Thread] DEBUG Input                - Registered new binding: Mover a la izquierda - A
12:04:39.138 [JavaFX Application Thread] DEBUG Input                - Registered new binding: Mover a la derecha - D
12:04:39.139 [JavaFX Application Thread] DEBUG Input                - Registered new binding: Saltar - W
12:04:39.139 [JavaFX Application Thread] DEBUG Input                - Registered new binding: Interactuar - E
12:04:39.143 [JavaFX Application Thread] DEBUG Input                - Registered new binding: Transformar - P
12:04:39.149 [JavaFX Application Thread] DEBUG Input                - Registered new binding: Desactivar filtro - L
12:04:39.157 [JavaFX Application Thread] DEBUG FXGLAssetLoaderServi - Loading from file system: jar:file:/C:/Users/Owner/.m2/repository/com/github/almasb/fxgl/17.3/fxgl-17.3.jar!/fxglassets/textures/fxgl_icon.png
12:04:39.311 [FXGL Background Thread 4 ] DEBUG FXGLApplication      - Loading fonts
12:04:39.338 [FXGL Background Thread 4 ] DEBUG FXGLAssetLoaderServi - Loading from file system: jar:file:/C:/Users/Owner/.m2/repository/com/github/almasb/fxgl/17.3/fxgl-17.3.jar!/fxglassets/ui/fonts/VarelaRound-Regular.ttf
12:04:39.344 [JavaFX Application Thread] DEBUG FXGLAssetLoaderServi - Loading from file system: jar:file:/C:/Users/Owner/.m2/repository/com/github/almasb/fxgl/17.3/fxgl-17.3.jar!/fxglassets/textures/fxgl_default_cursor.png
12:04:39.367 [JavaFX Application Thread] DEBUG Input                - Registered new binding: Screenshot - CTRL+8
12:04:39.370 [JavaFX Application Thread] DEBUG Input                - Registered new binding: System info dump - CTRL+9
12:04:39.372 [JavaFX Application Thread] DEBUG Input                - Registered new binding: Restart - CTRL+R
12:04:39.376 [JavaFX Application Thread] DEBUG Input                - Registered new binding: Toggle Debug Camera - CTRL+7
12:04:39.436 [JavaFX Application Thread] DEBUG LoopRunner           - Starting loop
12:04:39.437 [JavaFX Application Thread] DEBUG LoopRunner           - Initializing JavaFX AnimationTimerLoop
12:04:39.440 [JavaFX Application Thread] DEBUG GameApplicationServi - Starting new game
12:04:39.441 [JavaFX Application Thread] DEBUG Input                - Clearing active input actions
12:04:39.460 [JavaFX Application Thread] DEBUG GameApplicationServi - Removing overlay from FXGLStartupScene and adding to FXGLLoadingScene
12:04:39.461 [JavaFX Application Thread] DEBUG PrimaryStageWindow   - FXGLStartupScene -> FXGLLoadingScene
12:04:39.462 [JavaFX Application Thread] DEBUG GameApplicationServi - Clearing previous game
12:04:39.462 [JavaFX Application Thread] DEBUG GameScene            - Clearing game scene
12:04:39.462 [JavaFX Application Thread] DEBUG GameWorld            - Clearing game world
12:04:39.462 [JavaFX Application Thread] DEBUG PhysicsWorld         - Clearing physics world
12:04:39.465 [FXGL Background Thread 1 ] DEBUG FXGLApplication      - Initializing game
12:04:39.484 [FXGL Background Thread 1 ] DEBUG FXGLAssetLoaderServi - Loading from file system: file:/C:/Users/Owner/Desktop/Sonic-rush/target/classes/assets/music/OST2.mp3
12:04:39.935 [FXGL Background Thread 4 ] DEBUG FXGLAssetLoaderServi - Loading from file system: jar:file:/C:/Users/Owner/.m2/repository/com/github/almasb/fxgl/17.3/fxgl-17.3.jar!/fxglassets/ui/fonts/Abel-Regular.ttf
12:04:39.940 [FXGL Background Thread 4 ] DEBUG FXGLAssetLoaderServi - Loading from file system: jar:file:/C:/Users/Owner/.m2/repository/com/github/almasb/fxgl/17.3/fxgl-17.3.jar!/fxglassets/ui/fonts/TerminalLandMono-Regular.otf
12:04:39.949 [FXGL Background Thread 4 ] DEBUG FXGLAssetLoaderServi - Loading from file system: jar:file:/C:/Users/Owner/.m2/repository/com/github/almasb/fxgl/17.3/fxgl-17.3.jar!/fxglassets/ui/fonts/Courier-Prime.ttf
12:04:39.976 [JavaFX Application Thread] DEBUG FXGLApplication      - Registering font factories with UI factory
12:04:40.037 [FXGL Background Thread 1 ] DEBUG AudioPlayer          - Playing music com.almasb.fxgl.audio.Music@3dae7091
12:04:40.048 [FXGL Background Thread 1 ] INFO  FXGLApplication      - Game initialization took: 0.583 sec
12:04:40.342 [JavaFX Application Thread] DEBUG Input                - Clearing active input actions
12:04:40.359 [JavaFX Application Thread] DEBUG GameApplicationServi - Removing overlay from FXGLLoadingScene and adding to GameScene
12:04:40.360 [JavaFX Application Thread] DEBUG PrimaryStageWindow   - FXGLLoadingScene -> GameScene
12:04:40.918 [FXGL Background Thread 2 ] INFO  UpdaterService       - Your current version:  17.3
12:04:41.024 [FXGL Background Thread 2 ] INFO  UpdaterService       - Latest stable version: 21.1
12:04:41.957 [FXGL Background Thread 3 ] DEBUG Engine               - Logging environment variables
12:04:41.957 [FXGL Background Thread 3 ] DEBUG Engine               - achievements: []
12:04:41.958 [FXGL Background Thread 3 ] DEBUG Engine               - actualHeight: 600.0
12:04:41.958 [FXGL Background Thread 3 ] DEBUG Engine               - actualHeightProperty: ReadOnlyDoubleProperty [value: 600.0]
12:04:41.958 [FXGL Background Thread 3 ] DEBUG Engine               - actualWidth: 1000.0
12:04:41.958 [FXGL Background Thread 3 ] DEBUG Engine               - actualWidthProperty: ReadOnlyDoubleProperty [value: 1000.0]
12:04:41.958 [FXGL Background Thread 3 ] DEBUG Engine               - appIcon: fxgl_icon.png
12:04:41.958 [FXGL Background Thread 3 ] DEBUG Engine               - applicationMode: DEVELOPER
12:04:41.959 [FXGL Background Thread 3 ] DEBUG Engine               - cSSList: [fxgl_dark.css]
12:04:41.959 [FXGL Background Thread 3 ] DEBUG Engine               - collisionDetectionStrategy: BRUTE_FORCE
12:04:41.959 [FXGL Background Thread 3 ] DEBUG Engine               - configClass: Optional.empty
12:04:41.959 [FXGL Background Thread 3 ] DEBUG Engine               - credits: []
12:04:41.959 [FXGL Background Thread 3 ] DEBUG Engine               - defaultCursor: CursorInfo(imageName=fxgl_default_cursor.png, hotspotX=7.0, hotspotY=6.0)
12:04:41.961 [FXGL Background Thread 3 ] DEBUG Engine               - devBBoxColorProperty: ObjectProperty [value: 0xff0000ff]
12:04:41.961 [FXGL Background Thread 3 ] DEBUG Engine               - devEnableDebugCameraProperty: BooleanProperty [value: false]
12:04:41.962 [FXGL Background Thread 3 ] DEBUG Engine               - devSensorColorProperty: ObjectProperty [value: 0xffff00ff]
12:04:41.962 [FXGL Background Thread 3 ] DEBUG Engine               - devShowBBoxProperty: BooleanProperty [value: false]
12:04:41.962 [FXGL Background Thread 3 ] DEBUG Engine               - devShowPositionProperty: BooleanProperty [value: false]
12:04:41.962 [FXGL Background Thread 3 ] DEBUG Engine               - enabledMenuItems: []
12:04:41.963 [FXGL Background Thread 3 ] DEBUG Engine               - engineServices: [class com.almasb.fxgl.app.services.FXGLAssetLoaderService, class com.almasb.fxgl.app.FXGLApplication$GameApplicationService, class com.almasb.fxgl.app.services.FXGLDialogService, class com.almasb.fxgl.app.services.IOTaskExecutorService, class com.almasb.fxgl.io.FileSystemService, class com.almasb.fxgl.localization.LocalizationService, class com.almasb.fxgl.app.services.SystemBundleService, class com.almasb.fxgl.profile.SaveLoadService, class com.almasb.fxgl.ui.FXGLUIFactoryServiceProvider, class com.almasb.fxgl.ui.FXGLDialogFactoryServiceProvider, class com.almasb.fxgl.audio.AudioPlayer, class com.almasb.fxgl.notification.impl.NotificationServiceProvider, class com.almasb.fxgl.achievement.AchievementService, class com.almasb.fxgl.cutscene.CutsceneService, class com.almasb.fxgl.minigames.MiniGameService, class com.almasb.fxgl.net.NetService, class com.almasb.fxgl.app.services.UpdaterService, class com.almasb.fxgl.dev.DevService, class com.almasb.fxgl.multiplayer.MultiplayerService]
12:04:41.963 [FXGL Background Thread 3 ] DEBUG Engine               - fontGame: Abel-Regular.ttf
12:04:41.963 [FXGL Background Thread 3 ] DEBUG Engine               - fontMono: TerminalLandMono-Regular.otf
12:04:41.963 [FXGL Background Thread 3 ] DEBUG Engine               - fontSizeScaleUI: 1.0
12:04:41.963 [FXGL Background Thread 3 ] DEBUG Engine               - fontText: Courier-Prime.ttf
12:04:41.963 [FXGL Background Thread 3 ] DEBUG Engine               - fontUI: VarelaRound-Regular.ttf
12:04:41.963 [FXGL Background Thread 3 ] DEBUG Engine               - fullScreen: BooleanProperty [value: false]
12:04:41.963 [FXGL Background Thread 3 ] DEBUG Engine               - gameDifficulty: MEDIUM
12:04:41.963 [FXGL Background Thread 3 ] DEBUG Engine               - gameDifficultyProperty: ObjectProperty [value: MEDIUM]
12:04:41.964 [FXGL Background Thread 3 ] DEBUG Engine               - globalMusicVolume: 0.5
12:04:41.964 [FXGL Background Thread 3 ] DEBUG Engine               - globalMusicVolumeProperty: DoubleProperty [value: 0.5]
12:04:41.964 [FXGL Background Thread 3 ] DEBUG Engine               - globalSoundVolume: 0.5
12:04:41.964 [FXGL Background Thread 3 ] DEBUG Engine               - globalSoundVolumeProperty: DoubleProperty [value: 0.5]
12:04:41.964 [FXGL Background Thread 3 ] DEBUG Engine               - height: 600
12:04:41.964 [FXGL Background Thread 3 ] DEBUG Engine               - is3D: false
12:04:41.964 [FXGL Background Thread 3 ] DEBUG Engine               - isAndroid: false
12:04:41.964 [FXGL Background Thread 3 ] DEBUG Engine               - isBrowser: false
12:04:41.965 [FXGL Background Thread 3 ] DEBUG Engine               - isClickFeedbackEnabled: false
12:04:41.965 [FXGL Background Thread 3 ] DEBUG Engine               - isCloseConfirmation: false
12:04:41.965 [FXGL Background Thread 3 ] DEBUG Engine               - isDesktop: true
12:04:41.965 [FXGL Background Thread 3 ] DEBUG Engine               - isDeveloperMenuEnabled: false
12:04:41.965 [FXGL Background Thread 3 ] DEBUG Engine               - isEmbedded: false
12:04:41.965 [FXGL Background Thread 3 ] DEBUG Engine               - isEntityPreloadEnabled: true
12:04:41.965 [FXGL Background Thread 3 ] DEBUG Engine               - isExperimentalTiledLargeMap: false
12:04:41.965 [FXGL Background Thread 3 ] DEBUG Engine               - isFileSystemWriteAllowed: true
12:04:41.965 [FXGL Background Thread 3 ] DEBUG Engine               - isFullScreenAllowed: false
12:04:41.966 [FXGL Background Thread 3 ] DEBUG Engine               - isFullScreenFromStart: false
12:04:41.966 [FXGL Background Thread 3 ] DEBUG Engine               - isGameMenuEnabled: true
12:04:41.967 [FXGL Background Thread 3 ] DEBUG Engine               - isIOS: false
12:04:41.969 [FXGL Background Thread 3 ] DEBUG Engine               - isIntroEnabled: false
12:04:41.969 [FXGL Background Thread 3 ] DEBUG Engine               - isLinux: false
12:04:41.969 [FXGL Background Thread 3 ] DEBUG Engine               - isMac: false
12:04:41.970 [FXGL Background Thread 3 ] DEBUG Engine               - isMainMenuEnabled: false
12:04:41.970 [FXGL Background Thread 3 ] DEBUG Engine               - isManualResizeEnabled: false
12:04:41.970 [FXGL Background Thread 3 ] DEBUG Engine               - isMobile: false
12:04:41.970 [FXGL Background Thread 3 ] DEBUG Engine               - isNative: false
12:04:41.970 [FXGL Background Thread 3 ] DEBUG Engine               - isPauseMusicWhenMinimized: true
12:04:41.971 [FXGL Background Thread 3 ] DEBUG Engine               - isPreserveResizeRatio: false
12:04:41.971 [FXGL Background Thread 3 ] DEBUG Engine               - isProfilingEnabled: false
12:04:41.971 [FXGL Background Thread 3 ] DEBUG Engine               - isScaleAffectedOnResize: true
12:04:41.971 [FXGL Background Thread 3 ] DEBUG Engine               - isSingleStep: false
12:04:41.971 [FXGL Background Thread 3 ] DEBUG Engine               - isUserProfileEnabled: false
12:04:41.971 [FXGL Background Thread 3 ] DEBUG Engine               - isWindows: true
12:04:41.971 [FXGL Background Thread 3 ] DEBUG Engine               - language: ObjectProperty [value: ENGLISH]
12:04:41.971 [FXGL Background Thread 3 ] DEBUG Engine               - menuKey: ESCAPE
12:04:41.971 [FXGL Background Thread 3 ] DEBUG Engine               - mouseSensitivity: 0.2
12:04:41.971 [FXGL Background Thread 3 ] DEBUG Engine               - notificationViewClass: class com.almasb.fxgl.notification.view.XboxNotificationView
12:04:41.971 [FXGL Background Thread 3 ] DEBUG Engine               - pixelsPerMeter: 50.0
12:04:41.971 [FXGL Background Thread 3 ] DEBUG Engine               - platform: WINDOWS
12:04:41.971 [FXGL Background Thread 3 ] DEBUG Engine               - prefHeightProperty: ReadOnlyDoubleProperty [value: 600.0]
12:04:41.972 [FXGL Background Thread 3 ] DEBUG Engine               - prefWidthProperty: ReadOnlyDoubleProperty [value: 1000.0]
12:04:41.972 [FXGL Background Thread 3 ] DEBUG Engine               - profileDir: profiles/
12:04:41.972 [FXGL Background Thread 3 ] DEBUG Engine               - profileName: StringProperty [value: DEFAULT]
12:04:41.972 [FXGL Background Thread 3 ] DEBUG Engine               - randomSeed: -1
12:04:41.972 [FXGL Background Thread 3 ] DEBUG Engine               - runtimeInfo: RuntimeInfo(platform=WINDOWS, version=17.3, build=30.03.2023 11.49)
12:04:41.973 [FXGL Background Thread 3 ] DEBUG Engine               - saveFileExt: sav
12:04:41.973 [FXGL Background Thread 3 ] DEBUG Engine               - scaledHeightProp$fxgl: DoubleProperty [bound, value: 600.0]
12:04:41.973 [FXGL Background Thread 3 ] DEBUG Engine               - scaledWidthProp$fxgl: DoubleProperty [bound, value: 1000.0]
12:04:41.973 [FXGL Background Thread 3 ] DEBUG Engine               - sceneFactory: com.almasb.fxgl.app.scene.SceneFactory@6c9190cf
12:04:41.973 [FXGL Background Thread 3 ] DEBUG Engine               - secondsIn24h: 60
12:04:41.973 [FXGL Background Thread 3 ] DEBUG Engine               - soundMenuBack: menu/back.wav
12:04:41.973 [FXGL Background Thread 3 ] DEBUG Engine               - soundMenuPress: menu/press.wav
12:04:41.973 [FXGL Background Thread 3 ] DEBUG Engine               - soundMenuSelect: menu/select.wav
12:04:41.973 [FXGL Background Thread 3 ] DEBUG Engine               - soundNotification: core/notification.wav
12:04:41.973 [FXGL Background Thread 3 ] DEBUG Engine               - stageStyle: DECORATED
12:04:41.973 [FXGL Background Thread 3 ] DEBUG Engine               - supportedLanguages: [ENGLISH, FRENCH, GERMAN, HUNGARIAN, RUSSIAN]
12:04:41.973 [FXGL Background Thread 3 ] DEBUG Engine               - ticksPerSecond: -1
12:04:41.973 [FXGL Background Thread 3 ] DEBUG Engine               - title: Jugador Sonic
12:04:41.973 [FXGL Background Thread 3 ] DEBUG Engine               - urlGithub: https://github.com/AlmasB/FXGL
12:04:41.974 [FXGL Background Thread 3 ] DEBUG Engine               - urlLeaderboard: http://fxgl-top.herokuapp.com/
12:04:41.974 [FXGL Background Thread 3 ] DEBUG Engine               - urlPOM: https://raw.githubusercontent.com/AlmasB/FXGL/release/README.md
12:04:41.974 [FXGL Background Thread 3 ] DEBUG Engine               - userAppClass: class Runner.ClientRunner
12:04:41.974 [FXGL Background Thread 3 ] DEBUG Engine               - version: 0.0
12:04:41.974 [FXGL Background Thread 3 ] DEBUG Engine               - versionCheckDays: 7
12:04:41.974 [FXGL Background Thread 3 ] DEBUG Engine               - width: 1000
12:04:41.974 [FXGL Background Thread 3 ] DEBUG Engine               - Logging services
12:04:41.974 [FXGL Background Thread 3 ] DEBUG Engine               - class com.almasb.fxgl.app.services.FXGLAssetLoaderService
12:04:41.974 [FXGL Background Thread 3 ] DEBUG Engine               - class com.almasb.fxgl.app.FXGLApplication$GameApplicationService
12:04:41.974 [FXGL Background Thread 3 ] DEBUG Engine               - class com.almasb.fxgl.app.services.FXGLDialogService
12:04:41.974 [FXGL Background Thread 3 ] DEBUG Engine               - class com.almasb.fxgl.app.services.IOTaskExecutorService
12:04:41.974 [FXGL Background Thread 3 ] DEBUG Engine               - class com.almasb.fxgl.io.FileSystemService
12:04:41.974 [FXGL Background Thread 3 ] DEBUG Engine               - class com.almasb.fxgl.localization.LocalizationService
12:04:41.974 [FXGL Background Thread 3 ] DEBUG Engine               - class com.almasb.fxgl.app.services.SystemBundleService
12:04:41.974 [FXGL Background Thread 3 ] DEBUG Engine               - class com.almasb.fxgl.profile.SaveLoadService
12:04:41.975 [FXGL Background Thread 3 ] DEBUG Engine               - class com.almasb.fxgl.ui.FXGLUIFactoryServiceProvider
12:04:41.975 [FXGL Background Thread 3 ] DEBUG Engine               - class com.almasb.fxgl.ui.FXGLDialogFactoryServiceProvider
12:04:41.975 [FXGL Background Thread 3 ] DEBUG Engine               - class com.almasb.fxgl.audio.AudioPlayer
12:04:41.975 [FXGL Background Thread 3 ] DEBUG Engine               - class com.almasb.fxgl.notification.impl.NotificationServiceProvider
12:04:41.975 [FXGL Background Thread 3 ] DEBUG Engine               - class com.almasb.fxgl.achievement.AchievementService
12:04:41.975 [FXGL Background Thread 3 ] DEBUG Engine               - class com.almasb.fxgl.cutscene.CutsceneService
12:04:41.975 [FXGL Background Thread 3 ] DEBUG Engine               - class com.almasb.fxgl.minigames.MiniGameService
12:04:41.975 [FXGL Background Thread 3 ] DEBUG Engine               - class com.almasb.fxgl.net.NetService
12:04:41.975 [FXGL Background Thread 3 ] DEBUG Engine               - class com.almasb.fxgl.app.services.UpdaterService
12:04:41.975 [FXGL Background Thread 3 ] DEBUG Engine               - class com.almasb.fxgl.dev.DevService
12:04:41.975 [FXGL Background Thread 3 ] DEBUG Engine               - class com.almasb.fxgl.multiplayer.MultiplayerService
12:05:04.585 [JavaFX Application Thread] DEBUG FXGLApplication      - Exiting FXGL
12:05:04.586 [JavaFX Application Thread] DEBUG LoopRunner           - Stopping loop
12:05:04.587 [JavaFX Application Thread] DEBUG SystemBundleService  - Saving FXGL system data
12:05:04.619 [JavaFX Application Thread] DEBUG FileSystemAccess     - Writing to: C:\Users\Owner\Desktop\Sonic-rush\system\fxgl.bundle
12:05:04.623 [JavaFX Application Thread] DEBUG Async                - Shutting down background threads
12:05:04.624 [JavaFX Application Thread] DEBUG PrimaryStageWindow   - Closing main window
12:05:04.692 [JavaFX Application Thread] DEBUG Logger               - Closing Logger
