13:32:21.387 [main                     ] DEBUG Logger               - Configured Logger
13:32:21.429 [main                     ] DEBUG GameApplication      - Logging settings
Title: Server
Version: 0.0
Width: 800
Height: 500
Fullscreen: false
Intro: false
Profiling: false
Single step:false
App Mode: DEVELOPER
Menu Key: ESCAPE
Stage Style: DECORATED
Scene Factory: class com.almasb.fxgl.app.scene.SceneFactory

13:32:21.925 [JavaFX Application Thread] DEBUG FXGLApplication      - Initializing FXGL
13:32:21.932 [JavaFX Application Thread] INFO  Engine               - FXGL-17.3 (30.03.2023 11.49) on WINDOWS (J:17.0.12 FX:20)
13:32:21.933 [JavaFX Application Thread] DEBUG Engine               - JRE Vendor Name: Oracle Corporation
13:32:21.933 [JavaFX Application Thread] DEBUG Engine               - Running on OS: Windows 10 version 10.0
13:32:21.934 [JavaFX Application Thread] DEBUG Engine               - Architecture: amd64
13:32:21.934 [JavaFX Application Thread] INFO  Engine               - Source code and latest versions at: https://github.com/AlmasB/FXGL
13:32:21.934 [JavaFX Application Thread] INFO  Engine               -       Ask questions and discuss at: https://github.com/AlmasB/FXGL/discussions
13:32:21.935 [JavaFX Application Thread] INFO  Engine               -              Join the FXGL chat at: https://gitter.im/AlmasB/FXGL
13:32:22.241 [JavaFX Application Thread] DEBUG PrimaryStageWindow   - Creating a JavaFX scene
13:32:22.375 [JavaFX Application Thread] DEBUG PrimaryStageWindow   - Target settings size: 800.0 x 500.0
13:32:22.375 [JavaFX Application Thread] DEBUG PrimaryStageWindow   - Scaled scene size:    800.0 x 500.0
13:32:22.376 [JavaFX Application Thread] DEBUG PrimaryStageWindow   - Scaled ratio: (1.0, 1.0)
13:32:22.378 [JavaFX Application Thread] DEBUG PrimaryStageWindow   - Set initial scene to FXGLStartupScene
13:32:22.385 [JavaFX Application Thread] DEBUG PrimaryStageWindow   - Opening main window
13:32:22.601 [JavaFX Application Thread] DEBUG PrimaryStageWindow   - Window border size: (14.4000244140625, 37.5999755859375)
13:32:22.602 [JavaFX Application Thread] DEBUG PrimaryStageWindow   - Scaled size: 800.0 x 500.0
13:32:22.602 [JavaFX Application Thread] DEBUG PrimaryStageWindow   - Scaled ratio: (1.0, 1.0)
13:32:22.603 [JavaFX Application Thread] DEBUG PrimaryStageWindow   - Scene size: 800.0 x 500.0
13:32:22.603 [JavaFX Application Thread] DEBUG PrimaryStageWindow   - Stage size: 814.4000244140625 x 537.5999755859375
13:32:22.733 [FXGL Background Thread 1 ] DEBUG Engine               - Initializing environment variables
13:32:22.805 [FXGL Background Thread 1 ] DEBUG FXGLAssetLoaderServi - User app class for loading assets: class Runner.ServerRunner
13:32:22.806 [FXGL Background Thread 1 ] DEBUG GameApplicationServi - Applying CSS: fxgl_dark.css
13:32:22.810 [FXGL Background Thread 1 ] DEBUG FXGLAssetLoaderServi - Loading from file system: jar:file:/C:/Users/Owner/.m2/repository/com/github/almasb/fxgl/17.3/fxgl-17.3.jar!/fxglassets/ui/css/fxgl_dark.css
13:32:22.925 [FXGL Background Thread 1 ] DEBUG GameApplicationServi - Initializing application scenes
13:32:23.219 [FXGL Background Thread 1 ] DEBUG GameWorld            - Game world initialized
13:32:23.349 [FXGL Background Thread 1 ] DEBUG PhysicsWorld         - Physics world initialized: appHeight=500, physics.ppm=50.0
13:32:23.350 [FXGL Background Thread 1 ] DEBUG PhysicsWorld         - Using strategy: BRUTE_FORCE
13:32:23.399 [FXGL Background Thread 1 ] DEBUG GameScene            - Game scene initialized: 800x500
13:32:23.476 [FXGL Background Thread 1 ] WARN  FXGL.DefaultMenu     - FXGLDefaultMenu is not designed for resolutions < 800x600
13:32:23.559 [FXGL Background Thread 1 ] DEBUG FXGL.DefaultMenu     - createMenuBodyGameMenu()
13:32:23.761 [FXGL Background Thread 1 ] DEBUG FXGL.DefaultMenu     - createOptionsMenu()
13:32:23.896 [FXGL Background Thread 1 ] DEBUG FXGLAssetLoaderServi - Loading from file system: jar:file:/C:/Users/Owner/.m2/repository/com/github/almasb/fxgl/17.3/fxgl-17.3.jar!/fxglassets/textures/particles/smoke.png
13:32:24.207 [FXGL Background Thread 1 ] DEBUG FXGLAssetLoaderServi - Loading from file system: jar:file:/C:/Users/Owner/.m2/repository/com/github/almasb/fxgl/17.3/fxgl-17.3.jar!/fxglassets/textures/particles/trace_horizontal.png
13:32:24.302 [FXGL Background Thread 1 ] DEBUG GameApplicationServi - Application scenes initialized
13:32:24.327 [FXGL Background Thread 1 ] DEBUG SystemBundleService  - Loading FXGL system data
13:32:24.335 [FXGL Background Thread 1 ] DEBUG FileSystemAccess     - Reading from: C:\Users\Owner\Desktop\Sonic-rush\system\fxgl.bundle
13:32:24.394 [FXGL Background Thread 1 ] DEBUG SystemBundleService  - Bundle FXGL: {}
13:32:24.396 [FXGL Background Thread 1 ] DEBUG UpdaterService       - Checking for updates
13:32:24.454 [FXGL Background Thread 1 ] DEBUG FXGLApplication      - Loading default localization
13:32:24.455 [FXGL Background Thread 1 ] DEBUG FXGLAssetLoaderServi - Loading from file system: jar:file:/C:/Users/Owner/.m2/repository/com/github/almasb/fxgl/17.3/fxgl-17.3.jar!/fxglassets/languages/english.lang
13:32:24.540 [FXGL Background Thread 4 ] DEBUG FXGLApplication      - Loading fonts
13:32:24.543 [FXGL Background Thread 4 ] DEBUG FXGLAssetLoaderServi - Loading from file system: jar:file:/C:/Users/Owner/.m2/repository/com/github/almasb/fxgl/17.3/fxgl-17.3.jar!/fxglassets/ui/fonts/VarelaRound-Regular.ttf
13:32:24.768 [FXGL Background Thread 1 ] INFO  FXGLApplication      - FXGL initialization took: 2.032 sec
13:32:24.840 [JavaFX Application Thread] DEBUG FXGLAssetLoaderServi - Loading from file system: jar:file:/C:/Users/Owner/.m2/repository/com/github/almasb/fxgl/17.3/fxgl-17.3.jar!/fxglassets/textures/fxgl_icon.png
13:32:25.038 [JavaFX Application Thread] DEBUG FXGLAssetLoaderServi - Loading from file system: jar:file:/C:/Users/Owner/.m2/repository/com/github/almasb/fxgl/17.3/fxgl-17.3.jar!/fxglassets/textures/fxgl_default_cursor.png
13:32:25.115 [JavaFX Application Thread] DEBUG Input                - Registered new binding: Screenshot - CTRL+8
13:32:25.117 [JavaFX Application Thread] DEBUG Input                - Registered new binding: System info dump - CTRL+9
13:32:25.117 [JavaFX Application Thread] DEBUG Input                - Registered new binding: Restart - CTRL+R
13:32:25.120 [JavaFX Application Thread] DEBUG Input                - Registered new binding: Toggle Debug Camera - CTRL+7
13:32:25.142 [JavaFX Application Thread] DEBUG LoopRunner           - Starting loop
13:32:25.143 [JavaFX Application Thread] DEBUG LoopRunner           - Initializing JavaFX AnimationTimerLoop
13:32:25.152 [JavaFX Application Thread] DEBUG GameApplicationServi - Starting new game
13:32:25.153 [JavaFX Application Thread] DEBUG Input                - Clearing active input actions
13:32:25.208 [JavaFX Application Thread] DEBUG GameApplicationServi - Removing overlay from FXGLStartupScene and adding to FXGLLoadingScene
13:32:25.209 [JavaFX Application Thread] DEBUG PrimaryStageWindow   - FXGLStartupScene -> FXGLLoadingScene
13:32:25.209 [JavaFX Application Thread] DEBUG GameApplicationServi - Clearing previous game
13:32:25.209 [JavaFX Application Thread] DEBUG GameScene            - Clearing game scene
13:32:25.236 [JavaFX Application Thread] DEBUG GameWorld            - Clearing game world
13:32:25.236 [JavaFX Application Thread] DEBUG PhysicsWorld         - Clearing physics world
13:32:25.268 [FXGL Background Thread 1 ] DEBUG FXGLApplication      - Initializing game
13:32:26.158 [ServerAsyncConnThread    ] DEBUG TCPServer            - Starting to listen at: 55555 type: class com.almasb.fxgl.core.serialization.Bundle
13:32:26.178 [FXGL Background Thread 1 ] DEBUG TMXLevelLoader       - Parsed TiledMap: file:/C:/Users/Owner/Desktop/Sonic-rush/target/classes/assets/levels/mapazo.tmx
13:32:26.189 [FXGL Background Thread 1 ] DEBUG TMXLevelLoader       - Creating tile layer entities
13:32:26.202 [FXGL Background Thread 1 ] DEBUG TilesetLoader        - Loading view for layer Capa de patrones 1
13:32:26.245 [FXGL Background Thread 1 ] DEBUG TilesetLoader        - Created buffer with size 3840.0x720.0
13:32:26.370 [FXGL Background Thread 1 ] DEBUG TMXLevelLoader       - Creating object layer entities
13:32:26.494 [FXGL Background Thread 1 ] DEBUG GameWorld            - Clearing removable entities
13:32:26.495 [FXGL Background Thread 1 ] DEBUG GameWorld            - Setting level: com.almasb.fxgl.entity.level.Level@225b3946
13:32:27.194 [FXGL Background Thread 1 ] DEBUG FXGLAssetLoaderServi - Loading from file system: file:/C:/Users/Owner/Desktop/Sonic-rush/target/classes/assets/textures/Items/ring.png
13:32:27.202 [FXGL Background Thread 4 ] DEBUG FXGLAssetLoaderServi - Loading from file system: jar:file:/C:/Users/Owner/.m2/repository/com/github/almasb/fxgl/17.3/fxgl-17.3.jar!/fxglassets/ui/fonts/Abel-Regular.ttf
13:32:27.213 [FXGL Background Thread 4 ] DEBUG FXGLAssetLoaderServi - Loading from file system: jar:file:/C:/Users/Owner/.m2/repository/com/github/almasb/fxgl/17.3/fxgl-17.3.jar!/fxglassets/ui/fonts/TerminalLandMono-Regular.otf
13:32:27.221 [FXGL Background Thread 4 ] DEBUG FXGLAssetLoaderServi - Loading from file system: jar:file:/C:/Users/Owner/.m2/repository/com/github/almasb/fxgl/17.3/fxgl-17.3.jar!/fxglassets/ui/fonts/Courier-Prime.ttf
13:32:27.238 [JavaFX Application Thread] DEBUG FXGLApplication      - Registering font factories with UI factory
13:32:27.497 [FXGL Background Thread 1 ] DEBUG FXGLAssetLoaderServi - Loading from file system: file:/C:/Users/Owner/Desktop/Sonic-rush/target/classes/assets/textures/Enemigos/enemigo.png
13:32:27.505 [FXGL Background Thread 3 ] DEBUG Engine               - Logging environment variables
13:32:27.512 [FXGL Background Thread 3 ] DEBUG Engine               - achievements: []
13:32:27.512 [FXGL Background Thread 3 ] DEBUG Engine               - actualHeight: 500.0
13:32:27.513 [FXGL Background Thread 3 ] DEBUG Engine               - actualHeightProperty: ReadOnlyDoubleProperty [value: 500.0]
13:32:27.513 [FXGL Background Thread 3 ] DEBUG Engine               - actualWidth: 800.0
13:32:27.513 [FXGL Background Thread 3 ] DEBUG Engine               - actualWidthProperty: ReadOnlyDoubleProperty [value: 800.0]
13:32:27.513 [FXGL Background Thread 3 ] DEBUG Engine               - appIcon: fxgl_icon.png
13:32:27.513 [FXGL Background Thread 3 ] DEBUG Engine               - applicationMode: DEVELOPER
13:32:27.515 [FXGL Background Thread 3 ] DEBUG Engine               - cSSList: [fxgl_dark.css]
13:32:27.517 [FXGL Background Thread 3 ] DEBUG Engine               - collisionDetectionStrategy: BRUTE_FORCE
13:32:27.520 [FXGL Background Thread 3 ] DEBUG Engine               - configClass: Optional.empty
13:32:27.520 [FXGL Background Thread 3 ] DEBUG Engine               - credits: []
13:32:27.520 [FXGL Background Thread 3 ] DEBUG Engine               - defaultCursor: CursorInfo(imageName=fxgl_default_cursor.png, hotspotX=7.0, hotspotY=6.0)
13:32:27.522 [FXGL Background Thread 3 ] DEBUG Engine               - devBBoxColorProperty: ObjectProperty [value: 0xff0000ff]
13:32:27.522 [FXGL Background Thread 3 ] DEBUG Engine               - devEnableDebugCameraProperty: BooleanProperty [value: false]
13:32:27.523 [FXGL Background Thread 3 ] DEBUG Engine               - devSensorColorProperty: ObjectProperty [value: 0xffff00ff]
13:32:27.523 [FXGL Background Thread 3 ] DEBUG Engine               - devShowBBoxProperty: BooleanProperty [value: false]
13:32:27.524 [FXGL Background Thread 3 ] DEBUG Engine               - devShowPositionProperty: BooleanProperty [value: false]
13:32:27.525 [FXGL Background Thread 3 ] DEBUG Engine               - enabledMenuItems: []
13:32:27.525 [FXGL Background Thread 3 ] DEBUG Engine               - engineServices: [class com.almasb.fxgl.app.services.FXGLAssetLoaderService, class com.almasb.fxgl.app.FXGLApplication$GameApplicationService, class com.almasb.fxgl.app.services.FXGLDialogService, class com.almasb.fxgl.app.services.IOTaskExecutorService, class com.almasb.fxgl.io.FileSystemService, class com.almasb.fxgl.localization.LocalizationService, class com.almasb.fxgl.app.services.SystemBundleService, class com.almasb.fxgl.profile.SaveLoadService, class com.almasb.fxgl.ui.FXGLUIFactoryServiceProvider, class com.almasb.fxgl.ui.FXGLDialogFactoryServiceProvider, class com.almasb.fxgl.audio.AudioPlayer, class com.almasb.fxgl.notification.impl.NotificationServiceProvider, class com.almasb.fxgl.achievement.AchievementService, class com.almasb.fxgl.cutscene.CutsceneService, class com.almasb.fxgl.minigames.MiniGameService, class com.almasb.fxgl.net.NetService, class com.almasb.fxgl.app.services.UpdaterService, class com.almasb.fxgl.dev.DevService, class com.almasb.fxgl.multiplayer.MultiplayerService]
13:32:27.525 [FXGL Background Thread 3 ] DEBUG Engine               - fontGame: Abel-Regular.ttf
13:32:27.526 [FXGL Background Thread 3 ] DEBUG Engine               - fontMono: TerminalLandMono-Regular.otf
13:32:27.526 [FXGL Background Thread 3 ] DEBUG Engine               - fontSizeScaleUI: 1.0
13:32:27.526 [FXGL Background Thread 3 ] DEBUG Engine               - fontText: Courier-Prime.ttf
13:32:27.526 [FXGL Background Thread 3 ] DEBUG Engine               - fontUI: VarelaRound-Regular.ttf
13:32:27.526 [FXGL Background Thread 3 ] DEBUG Engine               - fullScreen: BooleanProperty [value: false]
13:32:27.526 [FXGL Background Thread 3 ] DEBUG Engine               - gameDifficulty: MEDIUM
13:32:27.526 [FXGL Background Thread 3 ] DEBUG Engine               - gameDifficultyProperty: ObjectProperty [value: MEDIUM]
13:32:27.527 [FXGL Background Thread 3 ] DEBUG Engine               - globalMusicVolume: 0.5
13:32:27.527 [FXGL Background Thread 3 ] DEBUG Engine               - globalMusicVolumeProperty: DoubleProperty [value: 0.5]
13:32:27.527 [FXGL Background Thread 3 ] DEBUG Engine               - globalSoundVolume: 0.5
13:32:27.527 [FXGL Background Thread 3 ] DEBUG Engine               - globalSoundVolumeProperty: DoubleProperty [value: 0.5]
13:32:27.527 [FXGL Background Thread 3 ] DEBUG Engine               - height: 500
13:32:27.528 [FXGL Background Thread 3 ] DEBUG Engine               - is3D: false
13:32:27.528 [FXGL Background Thread 3 ] DEBUG Engine               - isAndroid: false
13:32:27.529 [FXGL Background Thread 3 ] DEBUG Engine               - isBrowser: false
13:32:27.529 [FXGL Background Thread 3 ] DEBUG Engine               - isClickFeedbackEnabled: false
13:32:27.529 [FXGL Background Thread 3 ] DEBUG Engine               - isCloseConfirmation: false
13:32:27.529 [FXGL Background Thread 3 ] DEBUG Engine               - isDesktop: true
13:32:27.529 [FXGL Background Thread 3 ] DEBUG Engine               - isDeveloperMenuEnabled: false
13:32:27.529 [FXGL Background Thread 3 ] DEBUG Engine               - isEmbedded: false
13:32:27.529 [FXGL Background Thread 3 ] DEBUG Engine               - isEntityPreloadEnabled: true
13:32:27.530 [FXGL Background Thread 3 ] DEBUG Engine               - isExperimentalTiledLargeMap: false
13:32:27.530 [FXGL Background Thread 3 ] DEBUG Engine               - isFileSystemWriteAllowed: true
13:32:27.530 [FXGL Background Thread 3 ] DEBUG Engine               - isFullScreenAllowed: false
13:32:27.530 [FXGL Background Thread 3 ] DEBUG Engine               - isFullScreenFromStart: false
13:32:27.530 [FXGL Background Thread 3 ] DEBUG Engine               - isGameMenuEnabled: true
13:32:27.530 [FXGL Background Thread 3 ] DEBUG Engine               - isIOS: false
13:32:27.530 [FXGL Background Thread 3 ] DEBUG Engine               - isIntroEnabled: false
13:32:27.531 [FXGL Background Thread 3 ] DEBUG Engine               - isLinux: false
13:32:27.531 [FXGL Background Thread 3 ] DEBUG Engine               - isMac: false
13:32:27.531 [FXGL Background Thread 3 ] DEBUG Engine               - isMainMenuEnabled: false
13:32:27.531 [FXGL Background Thread 3 ] DEBUG Engine               - isManualResizeEnabled: false
13:32:27.531 [FXGL Background Thread 3 ] DEBUG Engine               - isMobile: false
13:32:27.531 [FXGL Background Thread 3 ] DEBUG Engine               - isNative: false
13:32:27.531 [FXGL Background Thread 3 ] DEBUG Engine               - isPauseMusicWhenMinimized: true
13:32:27.532 [FXGL Background Thread 3 ] DEBUG Engine               - isPreserveResizeRatio: false
13:32:27.532 [FXGL Background Thread 3 ] DEBUG Engine               - isProfilingEnabled: false
13:32:27.532 [FXGL Background Thread 3 ] DEBUG Engine               - isScaleAffectedOnResize: true
13:32:27.532 [FXGL Background Thread 3 ] DEBUG Engine               - isSingleStep: false
13:32:27.532 [FXGL Background Thread 3 ] DEBUG Engine               - isUserProfileEnabled: false
13:32:27.532 [FXGL Background Thread 3 ] DEBUG Engine               - isWindows: true
13:32:27.533 [FXGL Background Thread 3 ] DEBUG Engine               - language: ObjectProperty [value: ENGLISH]
13:32:27.533 [FXGL Background Thread 3 ] DEBUG Engine               - menuKey: ESCAPE
13:32:27.533 [FXGL Background Thread 3 ] DEBUG Engine               - mouseSensitivity: 0.2
13:32:27.533 [FXGL Background Thread 3 ] DEBUG Engine               - notificationViewClass: class com.almasb.fxgl.notification.view.XboxNotificationView
13:32:27.533 [FXGL Background Thread 3 ] DEBUG Engine               - pixelsPerMeter: 50.0
13:32:27.533 [FXGL Background Thread 3 ] DEBUG Engine               - platform: WINDOWS
13:32:27.533 [FXGL Background Thread 3 ] DEBUG Engine               - prefHeightProperty: ReadOnlyDoubleProperty [value: 500.0]
13:32:27.533 [FXGL Background Thread 3 ] DEBUG Engine               - prefWidthProperty: ReadOnlyDoubleProperty [value: 800.0]
13:32:27.533 [FXGL Background Thread 3 ] DEBUG Engine               - profileDir: profiles/
13:32:27.534 [FXGL Background Thread 3 ] DEBUG Engine               - profileName: StringProperty [value: DEFAULT]
13:32:27.534 [FXGL Background Thread 3 ] DEBUG Engine               - randomSeed: -1
13:32:27.535 [FXGL Background Thread 3 ] DEBUG Engine               - runtimeInfo: RuntimeInfo(platform=WINDOWS, version=17.3, build=30.03.2023 11.49)
13:32:27.535 [FXGL Background Thread 3 ] DEBUG Engine               - saveFileExt: sav
13:32:27.536 [FXGL Background Thread 3 ] DEBUG Engine               - scaledHeightProp$fxgl: DoubleProperty [bound, value: 500.0]
13:32:27.536 [FXGL Background Thread 3 ] DEBUG Engine               - scaledWidthProp$fxgl: DoubleProperty [bound, value: 800.0]
13:32:27.536 [FXGL Background Thread 3 ] DEBUG Engine               - sceneFactory: com.almasb.fxgl.app.scene.SceneFactory@33c8ff6e
13:32:27.537 [FXGL Background Thread 3 ] DEBUG Engine               - secondsIn24h: 60
13:32:27.537 [FXGL Background Thread 3 ] DEBUG Engine               - soundMenuBack: menu/back.wav
13:32:27.538 [FXGL Background Thread 3 ] DEBUG Engine               - soundMenuPress: menu/press.wav
13:32:27.538 [FXGL Background Thread 3 ] DEBUG Engine               - soundMenuSelect: menu/select.wav
13:32:27.538 [FXGL Background Thread 3 ] DEBUG Engine               - soundNotification: core/notification.wav
13:32:27.538 [FXGL Background Thread 3 ] DEBUG Engine               - stageStyle: DECORATED
13:32:27.538 [FXGL Background Thread 3 ] DEBUG Engine               - supportedLanguages: [ENGLISH, FRENCH, GERMAN, HUNGARIAN, RUSSIAN]
13:32:27.539 [FXGL Background Thread 3 ] DEBUG Engine               - ticksPerSecond: -1
13:32:27.539 [FXGL Background Thread 3 ] DEBUG Engine               - title: Server
13:32:27.539 [FXGL Background Thread 3 ] DEBUG Engine               - urlGithub: https://github.com/AlmasB/FXGL
13:32:27.540 [FXGL Background Thread 3 ] DEBUG Engine               - urlLeaderboard: http://fxgl-top.herokuapp.com/
13:32:27.540 [FXGL Background Thread 3 ] DEBUG Engine               - urlPOM: https://raw.githubusercontent.com/AlmasB/FXGL/release/README.md
13:32:27.540 [FXGL Background Thread 3 ] DEBUG Engine               - userAppClass: class Runner.ServerRunner
13:32:27.540 [FXGL Background Thread 3 ] DEBUG Engine               - version: 0.0
13:32:27.540 [FXGL Background Thread 3 ] DEBUG Engine               - versionCheckDays: 7
13:32:27.540 [FXGL Background Thread 3 ] DEBUG Engine               - width: 800
13:32:27.541 [FXGL Background Thread 3 ] DEBUG Engine               - Logging services
13:32:27.541 [FXGL Background Thread 3 ] DEBUG Engine               - class com.almasb.fxgl.app.services.FXGLAssetLoaderService
13:32:27.541 [FXGL Background Thread 3 ] DEBUG Engine               - class com.almasb.fxgl.app.FXGLApplication$GameApplicationService
13:32:27.541 [FXGL Background Thread 3 ] DEBUG Engine               - class com.almasb.fxgl.app.services.FXGLDialogService
13:32:27.541 [FXGL Background Thread 3 ] DEBUG Engine               - class com.almasb.fxgl.app.services.IOTaskExecutorService
13:32:27.541 [FXGL Background Thread 3 ] DEBUG Engine               - class com.almasb.fxgl.io.FileSystemService
13:32:27.541 [FXGL Background Thread 3 ] DEBUG Engine               - class com.almasb.fxgl.localization.LocalizationService
13:32:27.541 [FXGL Background Thread 3 ] DEBUG Engine               - class com.almasb.fxgl.app.services.SystemBundleService
13:32:27.541 [FXGL Background Thread 3 ] DEBUG Engine               - class com.almasb.fxgl.profile.SaveLoadService
13:32:27.541 [FXGL Background Thread 3 ] DEBUG Engine               - class com.almasb.fxgl.ui.FXGLUIFactoryServiceProvider
13:32:27.541 [FXGL Background Thread 3 ] DEBUG Engine               - class com.almasb.fxgl.ui.FXGLDialogFactoryServiceProvider
13:32:27.542 [FXGL Background Thread 3 ] DEBUG Engine               - class com.almasb.fxgl.audio.AudioPlayer
13:32:27.542 [FXGL Background Thread 3 ] DEBUG Engine               - class com.almasb.fxgl.notification.impl.NotificationServiceProvider
13:32:27.543 [FXGL Background Thread 3 ] DEBUG Engine               - class com.almasb.fxgl.achievement.AchievementService
13:32:27.543 [FXGL Background Thread 3 ] DEBUG Engine               - class com.almasb.fxgl.cutscene.CutsceneService
13:32:27.543 [FXGL Background Thread 3 ] DEBUG Engine               - class com.almasb.fxgl.minigames.MiniGameService
13:32:27.543 [FXGL Background Thread 3 ] DEBUG Engine               - class com.almasb.fxgl.net.NetService
13:32:27.544 [FXGL Background Thread 3 ] DEBUG Engine               - class com.almasb.fxgl.app.services.UpdaterService
13:32:27.544 [FXGL Background Thread 3 ] DEBUG Engine               - class com.almasb.fxgl.dev.DevService
13:32:27.545 [FXGL Background Thread 3 ] DEBUG Engine               - class com.almasb.fxgl.multiplayer.MultiplayerService
13:32:28.203 [FXGL Background Thread 1 ] DEBUG FXGLAssetLoaderServi - Loading from file system: file:/C:/Users/Owner/Desktop/Sonic-rush/target/classes/assets/textures/Items/caucho.png
13:32:28.214 [FXGL Background Thread 1 ] DEBUG FXGLAssetLoaderServi - Loading from file system: file:/C:/Users/Owner/Desktop/Sonic-rush/target/classes/assets/textures/Items/papel.png
13:32:28.318 [FXGL Background Thread 1 ] DEBUG FXGLAssetLoaderServi - Loading from file system: file:/C:/Users/Owner/Desktop/Sonic-rush/target/classes/assets/textures/Items/basura.png
13:32:28.342 [FXGL Background Thread 1 ] INFO  FXGLApplication      - Game initialization took: 3.073 sec
13:32:28.411 [JavaFX Application Thread] DEBUG Input                - Clearing active input actions
13:32:28.422 [JavaFX Application Thread] DEBUG GameApplicationServi - Removing overlay from FXGLLoadingScene and adding to GameScene
13:32:28.423 [JavaFX Application Thread] DEBUG PrimaryStageWindow   - FXGLLoadingScene -> GameScene
13:32:28.719 [FXGL Background Thread 2 ] INFO  UpdaterService       - Your current version:  17.3
13:32:28.746 [FXGL Background Thread 2 ] INFO  UpdaterService       - Latest stable version: 21.1
13:32:48.914 [ServerAsyncConnThread    ] DEBUG Endpoint             - TCPServer opening new connection (1) from /127.0.0.1:54998 type: class com.almasb.fxgl.core.serialization.Bundle
13:32:48.915 [ServerAsyncConnThread    ] DEBUG Endpoint             - TCPServer successfully opened connection (1)
13:32:49.081 [TCPServer_SendThread-1   ] DEBUG Writers              - Getting TCPMessageWriter for class com.almasb.fxgl.core.serialization.Bundle
13:32:49.084 [TCPServer_SendThread-1   ] DEBUG Writers              - Constructed TCPMessageWriter for class com.almasb.fxgl.core.serialization.Bundle: BundleTCPMessageWriter
13:32:49.121 [TCPServer_RecvThread-1   ] DEBUG Readers              - Getting TCPMessageReader for class com.almasb.fxgl.core.serialization.Bundle
13:32:49.124 [TCPServer_RecvThread-1   ] DEBUG Readers              - Constructed MessageReader for class com.almasb.fxgl.core.serialization.Bundle: BundleTCPMessageReader
13:33:22.406 [TCPServer_RecvThread-1   ] DEBUG Endpoint             - Connection 1 was unexpectedly disconnected: Connection reset
13:33:22.406 [TCPServer_RecvThread-1   ] DEBUG Connection           - Closing connection 1
13:33:22.407 [TCPServer_RecvThread-1   ] DEBUG Connection           - Connection 1 was correctly closed from local endpoint.
13:33:22.408 [TCPServer_RecvThread-1   ] DEBUG Endpoint             - TCPServer connection (1) was closed
13:33:24.947 [JavaFX Application Thread] DEBUG FXGLApplication      - Exiting FXGL
13:33:24.948 [JavaFX Application Thread] DEBUG LoopRunner           - Stopping loop
13:33:24.948 [JavaFX Application Thread] DEBUG SystemBundleService  - Saving FXGL system data
13:33:24.950 [JavaFX Application Thread] DEBUG FileSystemAccess     - Writing to: C:\Users\Owner\Desktop\Sonic-rush\system\fxgl.bundle
13:33:24.952 [JavaFX Application Thread] DEBUG Async                - Shutting down background threads
13:33:24.953 [JavaFX Application Thread] DEBUG PrimaryStageWindow   - Closing main window
13:33:24.984 [JavaFX Application Thread] DEBUG Logger               - Closing Logger
