15:21:17.851 [main                     ] DEBUG Logger               - Configured Logger
15:21:17.906 [main                     ] DEBUG GameApplication      - Logging settings
Title: Server
Version: 0.0
Width: 800
Height: 500
Fullscreen: false
Intro: false
Profiling: false
Single step:false
App Mode: DEVELOPER
Menu Key: ESCAPE
Stage Style: DECORATED
Scene Factory: class com.almasb.fxgl.app.scene.SceneFactory

15:21:18.557 [JavaFX Application Thread] DEBUG FXGLApplication      - Initializing FXGL
15:21:18.568 [JavaFX Application Thread] INFO  Engine               - FXGL-17.3 (30.03.2023 11.49) on WINDOWS (J:17.0.12 FX:20)
15:21:18.572 [JavaFX Application Thread] DEBUG Engine               - JRE Vendor Name: Oracle Corporation
15:21:18.572 [JavaFX Application Thread] DEBUG Engine               - Running on OS: Windows 10 version 10.0
15:21:18.573 [JavaFX Application Thread] DEBUG Engine               - Architecture: amd64
15:21:18.573 [JavaFX Application Thread] INFO  Engine               - Source code and latest versions at: https://github.com/AlmasB/FXGL
15:21:18.574 [JavaFX Application Thread] INFO  Engine               -       Ask questions and discuss at: https://github.com/AlmasB/FXGL/discussions
15:21:18.575 [JavaFX Application Thread] INFO  Engine               -              Join the FXGL chat at: https://gitter.im/AlmasB/FXGL
15:21:18.875 [JavaFX Application Thread] DEBUG PrimaryStageWindow   - Creating a JavaFX scene
15:21:19.010 [JavaFX Application Thread] DEBUG PrimaryStageWindow   - Target settings size: 800.0 x 500.0
15:21:19.011 [JavaFX Application Thread] DEBUG PrimaryStageWindow   - Scaled scene size:    800.0 x 500.0
15:21:19.011 [JavaFX Application Thread] DEBUG PrimaryStageWindow   - Scaled ratio: (1.0, 1.0)
15:21:19.013 [JavaFX Application Thread] DEBUG PrimaryStageWindow   - Set initial scene to FXGLStartupScene
15:21:19.023 [JavaFX Application Thread] DEBUG PrimaryStageWindow   - Opening main window
15:21:19.225 [JavaFX Application Thread] DEBUG PrimaryStageWindow   - Window border size: (14.4000244140625, 37.5999755859375)
15:21:19.225 [JavaFX Application Thread] DEBUG PrimaryStageWindow   - Scaled size: 800.0 x 500.0
15:21:19.226 [JavaFX Application Thread] DEBUG PrimaryStageWindow   - Scaled ratio: (1.0, 1.0)
15:21:19.227 [JavaFX Application Thread] DEBUG PrimaryStageWindow   - Scene size: 800.0 x 500.0
15:21:19.227 [JavaFX Application Thread] DEBUG PrimaryStageWindow   - Stage size: 814.4000244140625 x 537.5999755859375
15:21:19.365 [FXGL Background Thread 1 ] DEBUG Engine               - Initializing environment variables
15:21:19.448 [FXGL Background Thread 1 ] DEBUG FXGLAssetLoaderServi - User app class for loading assets: class Runner.ServerRunner
15:21:19.449 [FXGL Background Thread 1 ] DEBUG GameApplicationServi - Applying CSS: fxgl_dark.css
15:21:19.450 [FXGL Background Thread 1 ] DEBUG FXGLAssetLoaderServi - Loading from file system: jar:file:/C:/Users/Owner/.m2/repository/com/github/almasb/fxgl/17.3/fxgl-17.3.jar!/fxglassets/ui/css/fxgl_dark.css
15:21:19.563 [FXGL Background Thread 1 ] DEBUG GameApplicationServi - Initializing application scenes
15:21:20.087 [FXGL Background Thread 1 ] DEBUG GameWorld            - Game world initialized
15:21:20.218 [FXGL Background Thread 1 ] DEBUG PhysicsWorld         - Physics world initialized: appHeight=500, physics.ppm=50.0
15:21:20.218 [FXGL Background Thread 1 ] DEBUG PhysicsWorld         - Using strategy: BRUTE_FORCE
15:21:20.226 [FXGL Background Thread 1 ] DEBUG GameScene            - Game scene initialized: 800x500
15:21:20.253 [FXGL Background Thread 1 ] WARN  FXGL.DefaultMenu     - FXGLDefaultMenu is not designed for resolutions < 800x600
15:21:20.285 [FXGL Background Thread 1 ] DEBUG FXGL.DefaultMenu     - createMenuBodyGameMenu()
15:21:20.328 [FXGL Background Thread 1 ] DEBUG FXGL.DefaultMenu     - createOptionsMenu()
15:21:20.355 [FXGL Background Thread 1 ] DEBUG FXGLAssetLoaderServi - Loading from file system: jar:file:/C:/Users/Owner/.m2/repository/com/github/almasb/fxgl/17.3/fxgl-17.3.jar!/fxglassets/textures/particles/smoke.png
15:21:20.652 [FXGL Background Thread 1 ] DEBUG FXGLAssetLoaderServi - Loading from file system: jar:file:/C:/Users/Owner/.m2/repository/com/github/almasb/fxgl/17.3/fxgl-17.3.jar!/fxglassets/textures/particles/trace_horizontal.png
15:21:20.718 [FXGL Background Thread 1 ] DEBUG GameApplicationServi - Application scenes initialized
15:21:20.748 [FXGL Background Thread 1 ] DEBUG SystemBundleService  - Loading FXGL system data
15:21:20.758 [FXGL Background Thread 1 ] DEBUG FileSystemAccess     - Reading from: C:\Users\Owner\Desktop\Sonic-rush\system\fxgl.bundle
15:21:20.771 [FXGL Background Thread 1 ] DEBUG SystemBundleService  - Bundle FXGL: {}
15:21:20.772 [FXGL Background Thread 1 ] DEBUG UpdaterService       - Checking for updates
15:21:20.809 [FXGL Background Thread 1 ] DEBUG FXGLApplication      - Loading default localization
15:21:20.813 [FXGL Background Thread 1 ] DEBUG FXGLAssetLoaderServi - Loading from file system: jar:file:/C:/Users/Owner/.m2/repository/com/github/almasb/fxgl/17.3/fxgl-17.3.jar!/fxglassets/languages/english.lang
15:21:20.926 [FXGL Background Thread 1 ] INFO  FXGLApplication      - FXGL initialization took: 1.560 sec
15:21:20.957 [FXGL Background Thread 4 ] DEBUG FXGLApplication      - Loading fonts
15:21:20.961 [JavaFX Application Thread] DEBUG FXGLAssetLoaderServi - Loading from file system: jar:file:/C:/Users/Owner/.m2/repository/com/github/almasb/fxgl/17.3/fxgl-17.3.jar!/fxglassets/textures/fxgl_icon.png
15:21:20.961 [FXGL Background Thread 4 ] DEBUG FXGLAssetLoaderServi - Loading from file system: jar:file:/C:/Users/Owner/.m2/repository/com/github/almasb/fxgl/17.3/fxgl-17.3.jar!/fxglassets/ui/fonts/VarelaRound-Regular.ttf
15:21:21.212 [JavaFX Application Thread] DEBUG FXGLAssetLoaderServi - Loading from file system: jar:file:/C:/Users/Owner/.m2/repository/com/github/almasb/fxgl/17.3/fxgl-17.3.jar!/fxglassets/textures/fxgl_default_cursor.png
15:21:21.302 [JavaFX Application Thread] DEBUG Input                - Registered new binding: Screenshot - CTRL+8
15:21:21.305 [JavaFX Application Thread] DEBUG Input                - Registered new binding: System info dump - CTRL+9
15:21:21.308 [JavaFX Application Thread] DEBUG Input                - Registered new binding: Restart - CTRL+R
15:21:21.311 [JavaFX Application Thread] DEBUG Input                - Registered new binding: Toggle Debug Camera - CTRL+7
15:21:21.332 [JavaFX Application Thread] DEBUG LoopRunner           - Starting loop
15:21:21.332 [JavaFX Application Thread] DEBUG LoopRunner           - Initializing JavaFX AnimationTimerLoop
15:21:21.336 [JavaFX Application Thread] DEBUG GameApplicationServi - Starting new game
15:21:21.344 [JavaFX Application Thread] DEBUG Input                - Clearing active input actions
15:21:21.431 [JavaFX Application Thread] DEBUG GameApplicationServi - Removing overlay from FXGLStartupScene and adding to FXGLLoadingScene
15:21:21.431 [JavaFX Application Thread] DEBUG PrimaryStageWindow   - FXGLStartupScene -> FXGLLoadingScene
15:21:21.432 [JavaFX Application Thread] DEBUG GameApplicationServi - Clearing previous game
15:21:21.432 [JavaFX Application Thread] DEBUG GameScene            - Clearing game scene
15:21:21.432 [JavaFX Application Thread] DEBUG GameWorld            - Clearing game world
15:21:21.432 [JavaFX Application Thread] DEBUG PhysicsWorld         - Clearing physics world
15:21:21.434 [FXGL Background Thread 1 ] DEBUG FXGLApplication      - Initializing game
15:21:21.798 [FXGL Background Thread 1 ] DEBUG TMXLevelLoader       - Parsed TiledMap: file:/C:/Users/Owner/Desktop/Sonic-rush/target/classes/assets/levels/mapazo.tmx
15:21:21.799 [FXGL Background Thread 1 ] DEBUG TMXLevelLoader       - Creating tile layer entities
15:21:21.802 [FXGL Background Thread 1 ] DEBUG TilesetLoader        - Loading view for layer Capa de patrones 1
15:21:21.810 [FXGL Background Thread 1 ] DEBUG TilesetLoader        - Created buffer with size 3840.0x720.0
15:21:21.961 [ServerAsyncConnThread    ] DEBUG TCPServer            - Starting to listen at: 55555 type: class com.almasb.fxgl.core.serialization.Bundle
15:21:21.975 [ServerAsyncConnThread    ] WARN  IOTask               - ServerStart failed
java.lang.RuntimeException: Failed to start: Address already in use: bind
	at com.almasb.fxgl.net.tcp.TCPServer.start(TCPServer.java:58)
	at com.almasb.fxgl.core.concurrent.IOTask.lambda$ofVoid$5(IOTask.java:184)
	at com.almasb.fxgl.core.concurrent.IOTask$2.onExecute(IOTask.java:197)
	at com.almasb.fxgl.core.concurrent.IOTask.run(IOTask.java:118)
	at java.base/java.lang.Thread.run(Thread.java:842)
Caused by: java.net.BindException: Address already in use: bind
	at java.base/sun.nio.ch.Net.bind0(Native Method)
	at java.base/sun.nio.ch.Net.bind(Net.java:555)
	at java.base/sun.nio.ch.Net.bind(Net.java:544)
	at java.base/sun.nio.ch.NioSocketImpl.bind(NioSocketImpl.java:648)
	at java.base/java.net.ServerSocket.bind(ServerSocket.java:388)
	at java.base/java.net.ServerSocket.<init>(ServerSocket.java:274)
	at java.base/java.net.ServerSocket.<init>(ServerSocket.java:167)
	at com.almasb.fxgl.net.tcp.TCPServer.start(TCPServer.java:40)
	... 4 more

15:21:22.173 [FXGL Background Thread 1 ] DEBUG TMXLevelLoader       - Creating object layer entities
15:21:22.258 [FXGL Background Thread 1 ] DEBUG GameWorld            - Clearing removable entities
15:21:22.260 [FXGL Background Thread 1 ] DEBUG GameWorld            - Setting level: com.almasb.fxgl.entity.level.Level@2fa1d4d0
15:21:22.691 [FXGL Background Thread 1 ] DEBUG FXGLAssetLoaderServi - Loading from file system: file:/C:/Users/Owner/Desktop/Sonic-rush/target/classes/assets/textures/Items/ring.png
15:21:22.714 [FXGL Background Thread 4 ] DEBUG FXGLAssetLoaderServi - Loading from file system: jar:file:/C:/Users/Owner/.m2/repository/com/github/almasb/fxgl/17.3/fxgl-17.3.jar!/fxglassets/ui/fonts/Abel-Regular.ttf
15:21:22.719 [FXGL Background Thread 4 ] DEBUG FXGLAssetLoaderServi - Loading from file system: jar:file:/C:/Users/Owner/.m2/repository/com/github/almasb/fxgl/17.3/fxgl-17.3.jar!/fxglassets/ui/fonts/TerminalLandMono-Regular.otf
15:21:22.724 [FXGL Background Thread 4 ] DEBUG FXGLAssetLoaderServi - Loading from file system: jar:file:/C:/Users/Owner/.m2/repository/com/github/almasb/fxgl/17.3/fxgl-17.3.jar!/fxglassets/ui/fonts/Courier-Prime.ttf
15:21:22.733 [JavaFX Application Thread] DEBUG FXGLApplication      - Registering font factories with UI factory
15:21:22.913 [FXGL Background Thread 1 ] DEBUG FXGLAssetLoaderServi - Loading from file system: file:/C:/Users/Owner/Desktop/Sonic-rush/target/classes/assets/textures/Enemigos/enemigo.png
15:21:23.082 [FXGL Background Thread 1 ] DEBUG FXGLAssetLoaderServi - Loading from file system: file:/C:/Users/Owner/Desktop/Sonic-rush/target/classes/assets/textures/Items/basura.png
15:21:23.086 [FXGL Background Thread 1 ] DEBUG FXGLAssetLoaderServi - Loading from file system: file:/C:/Users/Owner/Desktop/Sonic-rush/target/classes/assets/textures/Items/papel.png
15:21:23.147 [FXGL Background Thread 1 ] DEBUG FXGLAssetLoaderServi - Loading from file system: file:/C:/Users/Owner/Desktop/Sonic-rush/target/classes/assets/textures/Items/caucho.png
15:21:23.162 [FXGL Background Thread 1 ] INFO  FXGLApplication      - Game initialization took: 1.728 sec
15:21:23.322 [JavaFX Application Thread] DEBUG Input                - Clearing active input actions
15:21:23.334 [JavaFX Application Thread] DEBUG GameApplicationServi - Removing overlay from FXGLLoadingScene and adding to GameScene
15:21:23.335 [JavaFX Application Thread] DEBUG PrimaryStageWindow   - FXGLLoadingScene -> GameScene
15:21:23.778 [FXGL Background Thread 3 ] DEBUG Engine               - Logging environment variables
15:21:23.782 [FXGL Background Thread 3 ] DEBUG Engine               - achievements: []
15:21:23.783 [FXGL Background Thread 3 ] DEBUG Engine               - actualHeight: 500.0
15:21:23.784 [FXGL Background Thread 3 ] DEBUG Engine               - actualHeightProperty: ReadOnlyDoubleProperty [value: 500.0]
15:21:23.785 [FXGL Background Thread 3 ] DEBUG Engine               - actualWidth: 800.0
15:21:23.787 [FXGL Background Thread 3 ] DEBUG Engine               - actualWidthProperty: ReadOnlyDoubleProperty [value: 800.0]
15:21:23.787 [FXGL Background Thread 3 ] DEBUG Engine               - appIcon: fxgl_icon.png
15:21:23.788 [FXGL Background Thread 3 ] DEBUG Engine               - applicationMode: DEVELOPER
15:21:23.789 [FXGL Background Thread 3 ] DEBUG Engine               - cSSList: [fxgl_dark.css]
15:21:23.791 [FXGL Background Thread 3 ] DEBUG Engine               - collisionDetectionStrategy: BRUTE_FORCE
15:21:23.792 [FXGL Background Thread 3 ] DEBUG Engine               - configClass: Optional.empty
15:21:23.793 [FXGL Background Thread 3 ] DEBUG Engine               - credits: []
15:21:23.795 [FXGL Background Thread 3 ] DEBUG Engine               - defaultCursor: CursorInfo(imageName=fxgl_default_cursor.png, hotspotX=7.0, hotspotY=6.0)
15:21:23.797 [FXGL Background Thread 3 ] DEBUG Engine               - devBBoxColorProperty: ObjectProperty [value: 0xff0000ff]
15:21:23.798 [FXGL Background Thread 3 ] DEBUG Engine               - devEnableDebugCameraProperty: BooleanProperty [value: false]
15:21:23.799 [FXGL Background Thread 3 ] DEBUG Engine               - devSensorColorProperty: ObjectProperty [value: 0xffff00ff]
15:21:23.801 [FXGL Background Thread 3 ] DEBUG Engine               - devShowBBoxProperty: BooleanProperty [value: false]
15:21:23.802 [FXGL Background Thread 3 ] DEBUG Engine               - devShowPositionProperty: BooleanProperty [value: false]
15:21:23.805 [FXGL Background Thread 3 ] DEBUG Engine               - enabledMenuItems: []
15:21:23.806 [FXGL Background Thread 3 ] DEBUG Engine               - engineServices: [class com.almasb.fxgl.app.services.FXGLAssetLoaderService, class com.almasb.fxgl.app.FXGLApplication$GameApplicationService, class com.almasb.fxgl.app.services.FXGLDialogService, class com.almasb.fxgl.app.services.IOTaskExecutorService, class com.almasb.fxgl.io.FileSystemService, class com.almasb.fxgl.localization.LocalizationService, class com.almasb.fxgl.app.services.SystemBundleService, class com.almasb.fxgl.profile.SaveLoadService, class com.almasb.fxgl.ui.FXGLUIFactoryServiceProvider, class com.almasb.fxgl.ui.FXGLDialogFactoryServiceProvider, class com.almasb.fxgl.audio.AudioPlayer, class com.almasb.fxgl.notification.impl.NotificationServiceProvider, class com.almasb.fxgl.achievement.AchievementService, class com.almasb.fxgl.cutscene.CutsceneService, class com.almasb.fxgl.minigames.MiniGameService, class com.almasb.fxgl.net.NetService, class com.almasb.fxgl.app.services.UpdaterService, class com.almasb.fxgl.dev.DevService, class com.almasb.fxgl.multiplayer.MultiplayerService]
15:21:23.806 [FXGL Background Thread 3 ] DEBUG Engine               - fontGame: Abel-Regular.ttf
15:21:23.807 [FXGL Background Thread 3 ] DEBUG Engine               - fontMono: TerminalLandMono-Regular.otf
15:21:23.808 [FXGL Background Thread 3 ] DEBUG Engine               - fontSizeScaleUI: 1.0
15:21:23.808 [FXGL Background Thread 3 ] DEBUG Engine               - fontText: Courier-Prime.ttf
15:21:23.809 [FXGL Background Thread 3 ] DEBUG Engine               - fontUI: VarelaRound-Regular.ttf
15:21:23.811 [FXGL Background Thread 3 ] DEBUG Engine               - fullScreen: BooleanProperty [value: false]
15:21:23.812 [FXGL Background Thread 3 ] DEBUG Engine               - gameDifficulty: MEDIUM
15:21:23.813 [FXGL Background Thread 3 ] DEBUG Engine               - gameDifficultyProperty: ObjectProperty [value: MEDIUM]
15:21:23.814 [FXGL Background Thread 3 ] DEBUG Engine               - globalMusicVolume: 0.5
15:21:23.816 [FXGL Background Thread 3 ] DEBUG Engine               - globalMusicVolumeProperty: DoubleProperty [value: 0.5]
15:21:23.817 [FXGL Background Thread 3 ] DEBUG Engine               - globalSoundVolume: 0.5
15:21:23.818 [FXGL Background Thread 3 ] DEBUG Engine               - globalSoundVolumeProperty: DoubleProperty [value: 0.5]
15:21:23.820 [FXGL Background Thread 3 ] DEBUG Engine               - height: 500
15:21:23.822 [FXGL Background Thread 3 ] DEBUG Engine               - is3D: false
15:21:23.823 [FXGL Background Thread 3 ] DEBUG Engine               - isAndroid: false
15:21:23.824 [FXGL Background Thread 3 ] DEBUG Engine               - isBrowser: false
15:21:23.825 [FXGL Background Thread 3 ] DEBUG Engine               - isClickFeedbackEnabled: false
15:21:23.826 [FXGL Background Thread 3 ] DEBUG Engine               - isCloseConfirmation: false
15:21:23.827 [FXGL Background Thread 3 ] DEBUG Engine               - isDesktop: true
15:21:23.828 [FXGL Background Thread 3 ] DEBUG Engine               - isDeveloperMenuEnabled: false
15:21:23.828 [FXGL Background Thread 3 ] DEBUG Engine               - isEmbedded: false
15:21:23.828 [FXGL Background Thread 3 ] DEBUG Engine               - isEntityPreloadEnabled: true
15:21:23.830 [FXGL Background Thread 3 ] DEBUG Engine               - isExperimentalTiledLargeMap: false
15:21:23.830 [FXGL Background Thread 3 ] DEBUG Engine               - isFileSystemWriteAllowed: true
15:21:23.831 [FXGL Background Thread 3 ] DEBUG Engine               - isFullScreenAllowed: false
15:21:23.832 [FXGL Background Thread 3 ] DEBUG Engine               - isFullScreenFromStart: false
15:21:23.833 [FXGL Background Thread 3 ] DEBUG Engine               - isGameMenuEnabled: true
15:21:23.834 [FXGL Background Thread 3 ] DEBUG Engine               - isIOS: false
15:21:23.835 [FXGL Background Thread 3 ] DEBUG Engine               - isIntroEnabled: false
15:21:23.835 [FXGL Background Thread 3 ] DEBUG Engine               - isLinux: false
15:21:23.837 [FXGL Background Thread 3 ] DEBUG Engine               - isMac: false
15:21:23.837 [FXGL Background Thread 3 ] DEBUG Engine               - isMainMenuEnabled: false
15:21:23.838 [FXGL Background Thread 3 ] DEBUG Engine               - isManualResizeEnabled: false
15:21:23.840 [FXGL Background Thread 3 ] DEBUG Engine               - isMobile: false
15:21:23.840 [FXGL Background Thread 3 ] DEBUG Engine               - isNative: false
15:21:23.841 [FXGL Background Thread 3 ] DEBUG Engine               - isPauseMusicWhenMinimized: true
15:21:23.842 [FXGL Background Thread 3 ] DEBUG Engine               - isPreserveResizeRatio: false
15:21:23.842 [FXGL Background Thread 3 ] DEBUG Engine               - isProfilingEnabled: false
15:21:23.843 [FXGL Background Thread 3 ] DEBUG Engine               - isScaleAffectedOnResize: true
15:21:23.843 [FXGL Background Thread 3 ] DEBUG Engine               - isSingleStep: false
15:21:23.843 [FXGL Background Thread 3 ] DEBUG Engine               - isUserProfileEnabled: false
15:21:23.843 [FXGL Background Thread 3 ] DEBUG Engine               - isWindows: true
15:21:23.843 [FXGL Background Thread 3 ] DEBUG Engine               - language: ObjectProperty [value: ENGLISH]
15:21:23.844 [FXGL Background Thread 3 ] DEBUG Engine               - menuKey: ESCAPE
15:21:23.844 [FXGL Background Thread 3 ] DEBUG Engine               - mouseSensitivity: 0.2
15:21:23.844 [FXGL Background Thread 3 ] DEBUG Engine               - notificationViewClass: class com.almasb.fxgl.notification.view.XboxNotificationView
15:21:23.844 [FXGL Background Thread 3 ] DEBUG Engine               - pixelsPerMeter: 50.0
15:21:23.844 [FXGL Background Thread 3 ] DEBUG Engine               - platform: WINDOWS
15:21:23.844 [FXGL Background Thread 3 ] DEBUG Engine               - prefHeightProperty: ReadOnlyDoubleProperty [value: 500.0]
15:21:23.845 [FXGL Background Thread 3 ] DEBUG Engine               - prefWidthProperty: ReadOnlyDoubleProperty [value: 800.0]
15:21:23.845 [FXGL Background Thread 3 ] DEBUG Engine               - profileDir: profiles/
15:21:23.845 [FXGL Background Thread 3 ] DEBUG Engine               - profileName: StringProperty [value: DEFAULT]
15:21:23.847 [FXGL Background Thread 3 ] DEBUG Engine               - randomSeed: -1
15:21:23.848 [FXGL Background Thread 3 ] DEBUG Engine               - runtimeInfo: RuntimeInfo(platform=WINDOWS, version=17.3, build=30.03.2023 11.49)
15:21:23.849 [FXGL Background Thread 3 ] DEBUG Engine               - saveFileExt: sav
15:21:23.849 [FXGL Background Thread 3 ] DEBUG Engine               - scaledHeightProp$fxgl: DoubleProperty [bound, value: 500.0]
15:21:23.850 [FXGL Background Thread 3 ] DEBUG Engine               - scaledWidthProp$fxgl: DoubleProperty [bound, value: 800.0]
15:21:23.850 [FXGL Background Thread 3 ] DEBUG Engine               - sceneFactory: com.almasb.fxgl.app.scene.SceneFactory@603c34e4
15:21:23.850 [FXGL Background Thread 3 ] DEBUG Engine               - secondsIn24h: 60
15:21:23.851 [FXGL Background Thread 3 ] DEBUG Engine               - soundMenuBack: menu/back.wav
15:21:23.851 [FXGL Background Thread 3 ] DEBUG Engine               - soundMenuPress: menu/press.wav
15:21:23.852 [FXGL Background Thread 3 ] DEBUG Engine               - soundMenuSelect: menu/select.wav
15:21:23.852 [FXGL Background Thread 3 ] DEBUG Engine               - soundNotification: core/notification.wav
15:21:23.852 [FXGL Background Thread 3 ] DEBUG Engine               - stageStyle: DECORATED
15:21:23.852 [FXGL Background Thread 3 ] DEBUG Engine               - supportedLanguages: [ENGLISH, FRENCH, GERMAN, HUNGARIAN, RUSSIAN]
15:21:23.852 [FXGL Background Thread 3 ] DEBUG Engine               - ticksPerSecond: -1
15:21:23.853 [FXGL Background Thread 3 ] DEBUG Engine               - title: Server
15:21:23.853 [FXGL Background Thread 3 ] DEBUG Engine               - urlGithub: https://github.com/AlmasB/FXGL
15:21:23.853 [FXGL Background Thread 3 ] DEBUG Engine               - urlLeaderboard: http://fxgl-top.herokuapp.com/
15:21:23.853 [FXGL Background Thread 3 ] DEBUG Engine               - urlPOM: https://raw.githubusercontent.com/AlmasB/FXGL/release/README.md
15:21:23.854 [FXGL Background Thread 3 ] DEBUG Engine               - userAppClass: class Runner.ServerRunner
15:21:23.855 [FXGL Background Thread 3 ] DEBUG Engine               - version: 0.0
15:21:23.855 [FXGL Background Thread 3 ] DEBUG Engine               - versionCheckDays: 7
15:21:23.855 [FXGL Background Thread 3 ] DEBUG Engine               - width: 800
15:21:23.855 [FXGL Background Thread 3 ] DEBUG Engine               - Logging services
15:21:23.856 [FXGL Background Thread 3 ] DEBUG Engine               - class com.almasb.fxgl.app.services.FXGLAssetLoaderService
15:21:23.856 [FXGL Background Thread 3 ] DEBUG Engine               - class com.almasb.fxgl.app.FXGLApplication$GameApplicationService
15:21:23.856 [FXGL Background Thread 3 ] DEBUG Engine               - class com.almasb.fxgl.app.services.FXGLDialogService
15:21:23.856 [FXGL Background Thread 3 ] DEBUG Engine               - class com.almasb.fxgl.app.services.IOTaskExecutorService
15:21:23.856 [FXGL Background Thread 3 ] DEBUG Engine               - class com.almasb.fxgl.io.FileSystemService
15:21:23.856 [FXGL Background Thread 3 ] DEBUG Engine               - class com.almasb.fxgl.localization.LocalizationService
15:21:23.857 [FXGL Background Thread 3 ] DEBUG Engine               - class com.almasb.fxgl.app.services.SystemBundleService
15:21:23.857 [FXGL Background Thread 3 ] DEBUG Engine               - class com.almasb.fxgl.profile.SaveLoadService
15:21:23.857 [FXGL Background Thread 3 ] DEBUG Engine               - class com.almasb.fxgl.ui.FXGLUIFactoryServiceProvider
15:21:23.857 [FXGL Background Thread 3 ] DEBUG Engine               - class com.almasb.fxgl.ui.FXGLDialogFactoryServiceProvider
15:21:23.857 [FXGL Background Thread 3 ] DEBUG Engine               - class com.almasb.fxgl.audio.AudioPlayer
15:21:23.857 [FXGL Background Thread 3 ] DEBUG Engine               - class com.almasb.fxgl.notification.impl.NotificationServiceProvider
15:21:23.858 [FXGL Background Thread 3 ] DEBUG Engine               - class com.almasb.fxgl.achievement.AchievementService
15:21:23.858 [FXGL Background Thread 3 ] DEBUG Engine               - class com.almasb.fxgl.cutscene.CutsceneService
15:21:23.858 [FXGL Background Thread 3 ] DEBUG Engine               - class com.almasb.fxgl.minigames.MiniGameService
15:21:23.858 [FXGL Background Thread 3 ] DEBUG Engine               - class com.almasb.fxgl.net.NetService
15:21:23.858 [FXGL Background Thread 3 ] DEBUG Engine               - class com.almasb.fxgl.app.services.UpdaterService
15:21:23.858 [FXGL Background Thread 3 ] DEBUG Engine               - class com.almasb.fxgl.dev.DevService
15:21:23.859 [FXGL Background Thread 3 ] DEBUG Engine               - class com.almasb.fxgl.multiplayer.MultiplayerService
15:21:25.200 [FXGL Background Thread 2 ] INFO  UpdaterService       - Your current version:  17.3
15:21:25.262 [FXGL Background Thread 2 ] INFO  UpdaterService       - Latest stable version: 21.1
15:23:24.272 [JavaFX Application Thread] DEBUG FXGLApplication      - Exiting FXGL
15:23:24.273 [JavaFX Application Thread] DEBUG LoopRunner           - Stopping loop
15:23:24.273 [JavaFX Application Thread] DEBUG SystemBundleService  - Saving FXGL system data
15:23:24.286 [JavaFX Application Thread] DEBUG FileSystemAccess     - Writing to: C:\Users\Owner\Desktop\Sonic-rush\system\fxgl.bundle
15:23:24.302 [JavaFX Application Thread] DEBUG Async                - Shutting down background threads
15:23:24.304 [JavaFX Application Thread] DEBUG PrimaryStageWindow   - Closing main window
15:23:24.344 [JavaFX Application Thread] DEBUG Logger               - Closing Logger
