18:10:16.128 [main                     ] DEBUG Logger               - Configured Logger
18:10:16.177 [main                     ] DEBUG GameApplication      - Logging settings
Title: Jugador Sonic
Version: 0.0
Width: 1000
Height: 600
Fullscreen: false
Intro: false
Profiling: false
Single step:false
App Mode: DEVELOPER
Menu Key: ESCAPE
Stage Style: DECORATED
Scene Factory: class com.almasb.fxgl.app.scene.SceneFactory

18:10:16.773 [JavaFX Application Thread] DEBUG FXGLApplication      - Initializing FXGL
18:10:16.781 [JavaFX Application Thread] INFO  Engine               - FXGL-17.3 (30.03.2023 11.49) on WINDOWS (J:17.0.12 FX:20)
18:10:16.781 [JavaFX Application Thread] DEBUG Engine               - JRE Vendor Name: Oracle Corporation
18:10:16.782 [JavaFX Application Thread] DEBUG Engine               - Running on OS: Windows 10 version 10.0
18:10:16.782 [JavaFX Application Thread] DEBUG Engine               - Architecture: amd64
18:10:16.782 [JavaFX Application Thread] INFO  Engine               - Source code and latest versions at: https://github.com/AlmasB/FXGL
18:10:16.783 [JavaFX Application Thread] INFO  Engine               -       Ask questions and discuss at: https://github.com/AlmasB/FXGL/discussions
18:10:16.783 [JavaFX Application Thread] INFO  Engine               -              Join the FXGL chat at: https://gitter.im/AlmasB/FXGL
18:10:17.035 [JavaFX Application Thread] DEBUG PrimaryStageWindow   - Creating a JavaFX scene
18:10:17.110 [JavaFX Application Thread] DEBUG PrimaryStageWindow   - Target settings size: 1000.0 x 600.0
18:10:17.111 [JavaFX Application Thread] DEBUG PrimaryStageWindow   - Scaled scene size:    1000.0 x 600.0
18:10:17.111 [JavaFX Application Thread] DEBUG PrimaryStageWindow   - Scaled ratio: (1.0, 1.0)
18:10:17.113 [JavaFX Application Thread] DEBUG PrimaryStageWindow   - Set initial scene to FXGLStartupScene
18:10:17.119 [JavaFX Application Thread] DEBUG PrimaryStageWindow   - Opening main window
18:10:17.251 [JavaFX Application Thread] DEBUG PrimaryStageWindow   - Window border size: (14.4000244140625, 37.5999755859375)
18:10:17.252 [JavaFX Application Thread] DEBUG PrimaryStageWindow   - Scaled size: 1000.0 x 600.0
18:10:17.252 [JavaFX Application Thread] DEBUG PrimaryStageWindow   - Scaled ratio: (1.0, 1.0)
18:10:17.253 [JavaFX Application Thread] DEBUG PrimaryStageWindow   - Scene size: 1000.0 x 600.0
18:10:17.253 [JavaFX Application Thread] DEBUG PrimaryStageWindow   - Stage size: 1014.4000244140625 x 637.5999755859375
18:10:17.274 [FXGL Background Thread 1 ] DEBUG Engine               - Initializing environment variables
18:10:17.353 [FXGL Background Thread 1 ] DEBUG FXGLAssetLoaderServi - User app class for loading assets: class Runner.ClientRunner
18:10:17.353 [FXGL Background Thread 1 ] DEBUG GameApplicationServi - Applying CSS: fxgl_dark.css
18:10:17.360 [FXGL Background Thread 1 ] DEBUG FXGLAssetLoaderServi - Loading from file system: jar:file:/C:/Users/Owner/.m2/repository/com/github/almasb/fxgl/17.3/fxgl-17.3.jar!/fxglassets/ui/css/fxgl_dark.css
18:10:17.477 [FXGL Background Thread 1 ] DEBUG GameApplicationServi - Initializing application scenes
18:10:17.670 [FXGL Background Thread 1 ] DEBUG GameWorld            - Game world initialized
18:10:18.018 [FXGL Background Thread 1 ] DEBUG PhysicsWorld         - Physics world initialized: appHeight=600, physics.ppm=50.0
18:10:18.018 [FXGL Background Thread 1 ] DEBUG PhysicsWorld         - Using strategy: BRUTE_FORCE
18:10:18.048 [FXGL Background Thread 1 ] DEBUG GameScene            - Game scene initialized: 1000x600
18:10:18.131 [FXGL Background Thread 1 ] DEBUG FXGL.DefaultMenu     - createMenuBodyGameMenu()
18:10:18.264 [FXGL Background Thread 1 ] DEBUG FXGL.DefaultMenu     - createOptionsMenu()
18:10:18.348 [FXGL Background Thread 1 ] DEBUG FXGLAssetLoaderServi - Loading from file system: jar:file:/C:/Users/Owner/.m2/repository/com/github/almasb/fxgl/17.3/fxgl-17.3.jar!/fxglassets/textures/particles/smoke.png
18:10:18.906 [FXGL Background Thread 1 ] DEBUG FXGLAssetLoaderServi - Loading from file system: jar:file:/C:/Users/Owner/.m2/repository/com/github/almasb/fxgl/17.3/fxgl-17.3.jar!/fxglassets/textures/particles/trace_horizontal.png
18:10:19.028 [FXGL Background Thread 1 ] DEBUG GameApplicationServi - Application scenes initialized
18:10:19.135 [FXGL Background Thread 1 ] DEBUG SystemBundleService  - Loading FXGL system data
18:10:19.163 [FXGL Background Thread 1 ] DEBUG FileSystemAccess     - Reading from: C:\Users\Owner\Desktop\Sonic-rush\system\fxgl.bundle
18:10:19.204 [FXGL Background Thread 1 ] DEBUG SystemBundleService  - Bundle FXGL: {}
18:10:19.205 [FXGL Background Thread 1 ] DEBUG UpdaterService       - Checking for updates
18:10:19.248 [FXGL Background Thread 1 ] DEBUG FXGLApplication      - Loading default localization
18:10:19.250 [FXGL Background Thread 1 ] DEBUG FXGLAssetLoaderServi - Loading from file system: jar:file:/C:/Users/Owner/.m2/repository/com/github/almasb/fxgl/17.3/fxgl-17.3.jar!/fxglassets/languages/english.lang
18:10:19.265 [FXGL Background Thread 4 ] DEBUG FXGLApplication      - Loading fonts
18:10:19.282 [FXGL Background Thread 4 ] DEBUG FXGLAssetLoaderServi - Loading from file system: jar:file:/C:/Users/Owner/.m2/repository/com/github/almasb/fxgl/17.3/fxgl-17.3.jar!/fxglassets/ui/fonts/VarelaRound-Regular.ttf
18:10:19.406 [FXGL Background Thread 1 ] INFO  FXGLApplication      - FXGL initialization took: 2.132 sec
18:10:19.651 [JavaFX Application Thread] DEBUG Input                - Registered new binding: Mover a la izquierda - A
18:10:19.652 [JavaFX Application Thread] DEBUG Input                - Registered new binding: Mover a la derecha - D
18:10:19.652 [JavaFX Application Thread] DEBUG Input                - Registered new binding: Saltar - W
18:10:19.652 [JavaFX Application Thread] DEBUG Input                - Registered new binding: Interactuar - E
18:10:19.652 [JavaFX Application Thread] DEBUG Input                - Registered new binding: Desactivar filtro - L
18:10:19.653 [JavaFX Application Thread] DEBUG FXGLAssetLoaderServi - Loading from file system: jar:file:/C:/Users/Owner/.m2/repository/com/github/almasb/fxgl/17.3/fxgl-17.3.jar!/fxglassets/textures/fxgl_icon.png
18:10:19.804 [JavaFX Application Thread] DEBUG FXGLAssetLoaderServi - Loading from file system: jar:file:/C:/Users/Owner/.m2/repository/com/github/almasb/fxgl/17.3/fxgl-17.3.jar!/fxglassets/textures/fxgl_default_cursor.png
18:10:19.810 [JavaFX Application Thread] DEBUG Input                - Registered new binding: Screenshot - CTRL+8
18:10:19.812 [JavaFX Application Thread] DEBUG Input                - Registered new binding: System info dump - CTRL+9
18:10:19.813 [JavaFX Application Thread] DEBUG Input                - Registered new binding: Restart - CTRL+R
18:10:19.816 [JavaFX Application Thread] DEBUG Input                - Registered new binding: Toggle Debug Camera - CTRL+7
18:10:19.826 [JavaFX Application Thread] DEBUG LoopRunner           - Starting loop
18:10:19.827 [JavaFX Application Thread] DEBUG LoopRunner           - Initializing JavaFX AnimationTimerLoop
18:10:19.830 [JavaFX Application Thread] DEBUG GameApplicationServi - Starting new game
18:10:19.831 [JavaFX Application Thread] DEBUG Input                - Clearing active input actions
18:10:19.884 [JavaFX Application Thread] DEBUG GameApplicationServi - Removing overlay from FXGLStartupScene and adding to FXGLLoadingScene
18:10:19.885 [JavaFX Application Thread] DEBUG PrimaryStageWindow   - FXGLStartupScene -> FXGLLoadingScene
18:10:19.885 [JavaFX Application Thread] DEBUG GameApplicationServi - Clearing previous game
18:10:19.885 [JavaFX Application Thread] DEBUG GameScene            - Clearing game scene
18:10:19.886 [JavaFX Application Thread] DEBUG GameWorld            - Clearing game world
18:10:19.886 [JavaFX Application Thread] DEBUG PhysicsWorld         - Clearing physics world
18:10:19.900 [FXGL Background Thread 1 ] DEBUG FXGLApplication      - Initializing game
18:10:19.963 [FXGL Background Thread 1 ] DEBUG FXGLAssetLoaderServi - Loading from file system: file:/C:/Users/Owner/Desktop/Sonic-rush/target/classes/assets/music/OST2.mp3
18:10:20.802 [FXGL Background Thread 4 ] DEBUG FXGLAssetLoaderServi - Loading from file system: jar:file:/C:/Users/Owner/.m2/repository/com/github/almasb/fxgl/17.3/fxgl-17.3.jar!/fxglassets/ui/fonts/Abel-Regular.ttf
18:10:20.844 [FXGL Background Thread 4 ] DEBUG FXGLAssetLoaderServi - Loading from file system: jar:file:/C:/Users/Owner/.m2/repository/com/github/almasb/fxgl/17.3/fxgl-17.3.jar!/fxglassets/ui/fonts/TerminalLandMono-Regular.otf
18:10:20.876 [FXGL Background Thread 4 ] DEBUG FXGLAssetLoaderServi - Loading from file system: jar:file:/C:/Users/Owner/.m2/repository/com/github/almasb/fxgl/17.3/fxgl-17.3.jar!/fxglassets/ui/fonts/Courier-Prime.ttf
18:10:20.985 [JavaFX Application Thread] DEBUG FXGLApplication      - Registering font factories with UI factory
18:10:21.797 [FXGL Background Thread 1 ] DEBUG AudioPlayer          - Playing music com.almasb.fxgl.audio.Music@10dba451
18:10:21.809 [FXGL Background Thread 1 ] INFO  FXGLApplication      - Game initialization took: 1.909 sec
18:10:22.014 [JavaFX Application Thread] DEBUG Input                - Clearing active input actions
18:10:22.031 [JavaFX Application Thread] DEBUG GameApplicationServi - Removing overlay from FXGLLoadingScene and adding to GameScene
18:10:22.032 [JavaFX Application Thread] DEBUG PrimaryStageWindow   - FXGLLoadingScene -> GameScene
18:10:22.279 [FXGL Background Thread 3 ] DEBUG Engine               - Logging environment variables
18:10:22.296 [FXGL Background Thread 3 ] DEBUG Engine               - achievements: []
18:10:22.298 [FXGL Background Thread 3 ] DEBUG Engine               - actualHeight: 600.0
18:10:22.299 [FXGL Background Thread 3 ] DEBUG Engine               - actualHeightProperty: ReadOnlyDoubleProperty [value: 600.0]
18:10:22.299 [FXGL Background Thread 3 ] DEBUG Engine               - actualWidth: 1000.0
18:10:22.299 [FXGL Background Thread 3 ] DEBUG Engine               - actualWidthProperty: ReadOnlyDoubleProperty [value: 1000.0]
18:10:22.300 [FXGL Background Thread 3 ] DEBUG Engine               - appIcon: fxgl_icon.png
18:10:22.300 [FXGL Background Thread 3 ] DEBUG Engine               - applicationMode: DEVELOPER
18:10:22.300 [FXGL Background Thread 3 ] DEBUG Engine               - cSSList: [fxgl_dark.css]
18:10:22.300 [FXGL Background Thread 3 ] DEBUG Engine               - collisionDetectionStrategy: BRUTE_FORCE
18:10:22.300 [FXGL Background Thread 3 ] DEBUG Engine               - configClass: Optional.empty
18:10:22.300 [FXGL Background Thread 3 ] DEBUG Engine               - credits: []
18:10:22.301 [FXGL Background Thread 2 ] INFO  UpdaterService       - Your current version:  17.3
18:10:22.301 [FXGL Background Thread 3 ] DEBUG Engine               - defaultCursor: CursorInfo(imageName=fxgl_default_cursor.png, hotspotX=7.0, hotspotY=6.0)
18:10:22.302 [FXGL Background Thread 3 ] DEBUG Engine               - devBBoxColorProperty: ObjectProperty [value: 0xff0000ff]
18:10:22.302 [FXGL Background Thread 3 ] DEBUG Engine               - devEnableDebugCameraProperty: BooleanProperty [value: false]
18:10:22.302 [FXGL Background Thread 3 ] DEBUG Engine               - devSensorColorProperty: ObjectProperty [value: 0xffff00ff]
18:10:22.302 [FXGL Background Thread 3 ] DEBUG Engine               - devShowBBoxProperty: BooleanProperty [value: false]
18:10:22.302 [FXGL Background Thread 3 ] DEBUG Engine               - devShowPositionProperty: BooleanProperty [value: false]
18:10:22.302 [FXGL Background Thread 3 ] DEBUG Engine               - enabledMenuItems: []
18:10:22.303 [FXGL Background Thread 3 ] DEBUG Engine               - engineServices: [class com.almasb.fxgl.app.services.FXGLAssetLoaderService, class com.almasb.fxgl.app.FXGLApplication$GameApplicationService, class com.almasb.fxgl.app.services.FXGLDialogService, class com.almasb.fxgl.app.services.IOTaskExecutorService, class com.almasb.fxgl.io.FileSystemService, class com.almasb.fxgl.localization.LocalizationService, class com.almasb.fxgl.app.services.SystemBundleService, class com.almasb.fxgl.profile.SaveLoadService, class com.almasb.fxgl.ui.FXGLUIFactoryServiceProvider, class com.almasb.fxgl.ui.FXGLDialogFactoryServiceProvider, class com.almasb.fxgl.audio.AudioPlayer, class com.almasb.fxgl.notification.impl.NotificationServiceProvider, class com.almasb.fxgl.achievement.AchievementService, class com.almasb.fxgl.cutscene.CutsceneService, class com.almasb.fxgl.minigames.MiniGameService, class com.almasb.fxgl.net.NetService, class com.almasb.fxgl.app.services.UpdaterService, class com.almasb.fxgl.dev.DevService, class com.almasb.fxgl.multiplayer.MultiplayerService]
18:10:22.303 [FXGL Background Thread 3 ] DEBUG Engine               - fontGame: Abel-Regular.ttf
18:10:22.303 [FXGL Background Thread 3 ] DEBUG Engine               - fontMono: TerminalLandMono-Regular.otf
18:10:22.303 [FXGL Background Thread 3 ] DEBUG Engine               - fontSizeScaleUI: 1.0
18:10:22.303 [FXGL Background Thread 3 ] DEBUG Engine               - fontText: Courier-Prime.ttf
18:10:22.303 [FXGL Background Thread 3 ] DEBUG Engine               - fontUI: VarelaRound-Regular.ttf
18:10:22.303 [FXGL Background Thread 3 ] DEBUG Engine               - fullScreen: BooleanProperty [value: false]
18:10:22.304 [FXGL Background Thread 3 ] DEBUG Engine               - gameDifficulty: MEDIUM
18:10:22.304 [FXGL Background Thread 3 ] DEBUG Engine               - gameDifficultyProperty: ObjectProperty [value: MEDIUM]
18:10:22.304 [FXGL Background Thread 3 ] DEBUG Engine               - globalMusicVolume: 0.5
18:10:22.305 [FXGL Background Thread 3 ] DEBUG Engine               - globalMusicVolumeProperty: DoubleProperty [value: 0.5]
18:10:22.305 [FXGL Background Thread 3 ] DEBUG Engine               - globalSoundVolume: 0.5
18:10:22.305 [FXGL Background Thread 3 ] DEBUG Engine               - globalSoundVolumeProperty: DoubleProperty [value: 0.5]
18:10:22.305 [FXGL Background Thread 3 ] DEBUG Engine               - height: 600
18:10:22.305 [FXGL Background Thread 3 ] DEBUG Engine               - is3D: false
18:10:22.305 [FXGL Background Thread 3 ] DEBUG Engine               - isAndroid: false
18:10:22.305 [FXGL Background Thread 3 ] DEBUG Engine               - isBrowser: false
18:10:22.306 [FXGL Background Thread 3 ] DEBUG Engine               - isClickFeedbackEnabled: false
18:10:22.307 [FXGL Background Thread 3 ] DEBUG Engine               - isCloseConfirmation: false
18:10:22.308 [FXGL Background Thread 3 ] DEBUG Engine               - isDesktop: true
18:10:22.309 [FXGL Background Thread 3 ] DEBUG Engine               - isDeveloperMenuEnabled: false
18:10:22.309 [FXGL Background Thread 3 ] DEBUG Engine               - isEmbedded: false
18:10:22.309 [FXGL Background Thread 3 ] DEBUG Engine               - isEntityPreloadEnabled: true
18:10:22.309 [FXGL Background Thread 3 ] DEBUG Engine               - isExperimentalTiledLargeMap: false
18:10:22.309 [FXGL Background Thread 3 ] DEBUG Engine               - isFileSystemWriteAllowed: true
18:10:22.309 [FXGL Background Thread 3 ] DEBUG Engine               - isFullScreenAllowed: false
18:10:22.309 [FXGL Background Thread 3 ] DEBUG Engine               - isFullScreenFromStart: false
18:10:22.310 [FXGL Background Thread 3 ] DEBUG Engine               - isGameMenuEnabled: true
18:10:22.310 [FXGL Background Thread 3 ] DEBUG Engine               - isIOS: false
18:10:22.310 [FXGL Background Thread 3 ] DEBUG Engine               - isIntroEnabled: false
18:10:22.310 [FXGL Background Thread 3 ] DEBUG Engine               - isLinux: false
18:10:22.310 [FXGL Background Thread 3 ] DEBUG Engine               - isMac: false
18:10:22.310 [FXGL Background Thread 3 ] DEBUG Engine               - isMainMenuEnabled: false
18:10:22.310 [FXGL Background Thread 3 ] DEBUG Engine               - isManualResizeEnabled: false
18:10:22.311 [FXGL Background Thread 3 ] DEBUG Engine               - isMobile: false
18:10:22.311 [FXGL Background Thread 3 ] DEBUG Engine               - isNative: false
18:10:22.311 [FXGL Background Thread 3 ] DEBUG Engine               - isPauseMusicWhenMinimized: true
18:10:22.311 [FXGL Background Thread 3 ] DEBUG Engine               - isPreserveResizeRatio: false
18:10:22.312 [FXGL Background Thread 3 ] DEBUG Engine               - isProfilingEnabled: false
18:10:22.312 [FXGL Background Thread 3 ] DEBUG Engine               - isScaleAffectedOnResize: true
18:10:22.312 [FXGL Background Thread 3 ] DEBUG Engine               - isSingleStep: false
18:10:22.312 [FXGL Background Thread 3 ] DEBUG Engine               - isUserProfileEnabled: false
18:10:22.312 [FXGL Background Thread 3 ] DEBUG Engine               - isWindows: true
18:10:22.312 [FXGL Background Thread 3 ] DEBUG Engine               - language: ObjectProperty [value: ENGLISH]
18:10:22.312 [FXGL Background Thread 3 ] DEBUG Engine               - menuKey: ESCAPE
18:10:22.312 [FXGL Background Thread 3 ] DEBUG Engine               - mouseSensitivity: 0.2
18:10:22.312 [FXGL Background Thread 3 ] DEBUG Engine               - notificationViewClass: class com.almasb.fxgl.notification.view.XboxNotificationView
18:10:22.312 [FXGL Background Thread 3 ] DEBUG Engine               - pixelsPerMeter: 50.0
18:10:22.312 [FXGL Background Thread 3 ] DEBUG Engine               - platform: WINDOWS
18:10:22.313 [FXGL Background Thread 3 ] DEBUG Engine               - prefHeightProperty: ReadOnlyDoubleProperty [value: 600.0]
18:10:22.313 [FXGL Background Thread 3 ] DEBUG Engine               - prefWidthProperty: ReadOnlyDoubleProperty [value: 1000.0]
18:10:22.313 [FXGL Background Thread 3 ] DEBUG Engine               - profileDir: profiles/
18:10:22.313 [FXGL Background Thread 3 ] DEBUG Engine               - profileName: StringProperty [value: DEFAULT]
18:10:22.313 [FXGL Background Thread 3 ] DEBUG Engine               - randomSeed: -1
18:10:22.314 [FXGL Background Thread 3 ] DEBUG Engine               - runtimeInfo: RuntimeInfo(platform=WINDOWS, version=17.3, build=30.03.2023 11.49)
18:10:22.314 [FXGL Background Thread 3 ] DEBUG Engine               - saveFileExt: sav
18:10:22.314 [FXGL Background Thread 3 ] DEBUG Engine               - scaledHeightProp$fxgl: DoubleProperty [bound, value: 600.0]
18:10:22.314 [FXGL Background Thread 3 ] DEBUG Engine               - scaledWidthProp$fxgl: DoubleProperty [bound, value: 1000.0]
18:10:22.314 [FXGL Background Thread 3 ] DEBUG Engine               - sceneFactory: com.almasb.fxgl.app.scene.SceneFactory@6d9b9ee1
18:10:22.314 [FXGL Background Thread 3 ] DEBUG Engine               - secondsIn24h: 60
18:10:22.314 [FXGL Background Thread 3 ] DEBUG Engine               - soundMenuBack: menu/back.wav
18:10:22.314 [FXGL Background Thread 3 ] DEBUG Engine               - soundMenuPress: menu/press.wav
18:10:22.315 [FXGL Background Thread 3 ] DEBUG Engine               - soundMenuSelect: menu/select.wav
18:10:22.315 [FXGL Background Thread 3 ] DEBUG Engine               - soundNotification: core/notification.wav
18:10:22.315 [FXGL Background Thread 3 ] DEBUG Engine               - stageStyle: DECORATED
18:10:22.316 [FXGL Background Thread 3 ] DEBUG Engine               - supportedLanguages: [ENGLISH, FRENCH, GERMAN, HUNGARIAN, RUSSIAN]
18:10:22.316 [FXGL Background Thread 3 ] DEBUG Engine               - ticksPerSecond: -1
18:10:22.316 [FXGL Background Thread 3 ] DEBUG Engine               - title: Jugador Sonic
18:10:22.316 [FXGL Background Thread 3 ] DEBUG Engine               - urlGithub: https://github.com/AlmasB/FXGL
18:10:22.316 [FXGL Background Thread 3 ] DEBUG Engine               - urlLeaderboard: http://fxgl-top.herokuapp.com/
18:10:22.316 [FXGL Background Thread 3 ] DEBUG Engine               - urlPOM: https://raw.githubusercontent.com/AlmasB/FXGL/release/README.md
18:10:22.316 [FXGL Background Thread 3 ] DEBUG Engine               - userAppClass: class Runner.ClientRunner
18:10:22.316 [FXGL Background Thread 3 ] DEBUG Engine               - version: 0.0
18:10:22.316 [FXGL Background Thread 3 ] DEBUG Engine               - versionCheckDays: 7
18:10:22.316 [FXGL Background Thread 3 ] DEBUG Engine               - width: 1000
18:10:22.317 [FXGL Background Thread 3 ] DEBUG Engine               - Logging services
18:10:22.317 [FXGL Background Thread 3 ] DEBUG Engine               - class com.almasb.fxgl.app.services.FXGLAssetLoaderService
18:10:22.317 [FXGL Background Thread 3 ] DEBUG Engine               - class com.almasb.fxgl.app.FXGLApplication$GameApplicationService
18:10:22.317 [FXGL Background Thread 3 ] DEBUG Engine               - class com.almasb.fxgl.app.services.FXGLDialogService
18:10:22.318 [FXGL Background Thread 3 ] DEBUG Engine               - class com.almasb.fxgl.app.services.IOTaskExecutorService
18:10:22.318 [FXGL Background Thread 3 ] DEBUG Engine               - class com.almasb.fxgl.io.FileSystemService
18:10:22.318 [FXGL Background Thread 3 ] DEBUG Engine               - class com.almasb.fxgl.localization.LocalizationService
18:10:22.318 [FXGL Background Thread 3 ] DEBUG Engine               - class com.almasb.fxgl.app.services.SystemBundleService
18:10:22.318 [FXGL Background Thread 3 ] DEBUG Engine               - class com.almasb.fxgl.profile.SaveLoadService
18:10:22.319 [FXGL Background Thread 3 ] DEBUG Engine               - class com.almasb.fxgl.ui.FXGLUIFactoryServiceProvider
18:10:22.319 [FXGL Background Thread 3 ] DEBUG Engine               - class com.almasb.fxgl.ui.FXGLDialogFactoryServiceProvider
18:10:22.319 [FXGL Background Thread 3 ] DEBUG Engine               - class com.almasb.fxgl.audio.AudioPlayer
18:10:22.319 [FXGL Background Thread 3 ] DEBUG Engine               - class com.almasb.fxgl.notification.impl.NotificationServiceProvider
18:10:22.319 [FXGL Background Thread 3 ] DEBUG Engine               - class com.almasb.fxgl.achievement.AchievementService
18:10:22.319 [FXGL Background Thread 3 ] DEBUG Engine               - class com.almasb.fxgl.cutscene.CutsceneService
18:10:22.319 [FXGL Background Thread 3 ] DEBUG Engine               - class com.almasb.fxgl.minigames.MiniGameService
18:10:22.320 [FXGL Background Thread 3 ] DEBUG Engine               - class com.almasb.fxgl.net.NetService
18:10:22.320 [FXGL Background Thread 3 ] DEBUG Engine               - class com.almasb.fxgl.app.services.UpdaterService
18:10:22.321 [FXGL Background Thread 3 ] DEBUG Engine               - class com.almasb.fxgl.dev.DevService
18:10:22.321 [FXGL Background Thread 3 ] DEBUG Engine               - class com.almasb.fxgl.multiplayer.MultiplayerService
18:10:22.430 [FXGL Background Thread 2 ] INFO  UpdaterService       - Latest stable version: 21.1
18:10:36.525 [JavaFX Application Thread] DEBUG FXGLAssetLoaderServi - Loading from file system: file:/C:/Users/Owner/Desktop/Sonic-rush/target/classes/assets/textures/fondo.png
18:10:37.050 [JavaFX Application Thread] WARN  TMXLevelLoader       - TiledMap generated from 1.11.2. Supported version: 1.9.0. Some features may not be parsed fully.
18:10:37.162 [JavaFX Application Thread] DEBUG TMXLevelLoader       - Parsed TiledMap: file:/C:/Users/Owner/Desktop/Sonic-rush/target/classes/assets/levels/mapazo.tmx
18:10:37.166 [JavaFX Application Thread] DEBUG TMXLevelLoader       - Creating tile layer entities
18:10:37.177 [JavaFX Application Thread] DEBUG TilesetLoader        - Loading view for layer Capa de patrones 1
18:10:37.208 [JavaFX Application Thread] DEBUG TilesetLoader        - Created buffer with size 3840.0x720.0
18:10:37.364 [JavaFX Application Thread] DEBUG TMXLevelLoader       - Creating object layer entities
18:10:37.484 [JavaFX Application Thread] DEBUG GameWorld            - Clearing removable entities
18:10:37.494 [JavaFX Application Thread] DEBUG GameWorld            - Setting level: com.almasb.fxgl.entity.level.Level@665a49e9
18:10:37.652 [ClientAsyncConnThread    ] DEBUG TCPClient            - Connecting to 127.0.0.1:50000 type: class com.almasb.fxgl.core.serialization.Bundle
18:10:37.654 [ClientAsyncConnThread    ] DEBUG TCPClient            - Created socket to 127.0.0.1:50000
18:10:37.693 [ClientAsyncConnThread    ] DEBUG Endpoint             - TCPClient opening new connection (1) from /127.0.0.1:50000 type: class com.almasb.fxgl.core.serialization.Bundle
18:10:37.698 [ClientAsyncConnThread    ] DEBUG Endpoint             - TCPClient successfully opened connection (1)
18:10:37.828 [TCPClient_SendThread-1   ] DEBUG Writers              - Getting TCPMessageWriter for class com.almasb.fxgl.core.serialization.Bundle
18:10:37.844 [TCPClient_SendThread-1   ] DEBUG Writers              - Constructed TCPMessageWriter for class com.almasb.fxgl.core.serialization.Bundle: BundleTCPMessageWriter
18:10:37.851 [TCPClient_RecvThread-1   ] DEBUG Readers              - Getting TCPMessageReader for class com.almasb.fxgl.core.serialization.Bundle
18:10:37.880 [TCPClient_RecvThread-1   ] DEBUG Readers              - Constructed MessageReader for class com.almasb.fxgl.core.serialization.Bundle: BundleTCPMessageReader
18:10:38.106 [JavaFX Application Thread] DEBUG FXGLAssetLoaderServi - Loading from file system: file:/C:/Users/Owner/Desktop/Sonic-rush/target/classes/assets/textures/Items/ring.png
18:10:38.220 [JavaFX Application Thread] DEBUG FXGLAssetLoaderServi - Loading from file system: file:/C:/Users/Owner/Desktop/Sonic-rush/target/classes/assets/textures/Items/caucho.png
18:10:38.232 [JavaFX Application Thread] DEBUG FXGLAssetLoaderServi - Loading from file system: file:/C:/Users/Owner/Desktop/Sonic-rush/target/classes/assets/textures/Items/basura.png
18:10:38.253 [JavaFX Application Thread] DEBUG FXGLAssetLoaderServi - Loading from file system: file:/C:/Users/Owner/Desktop/Sonic-rush/target/classes/assets/textures/Items/papel.png
18:10:38.314 [JavaFX Application Thread] DEBUG FXGLAssetLoaderServi - Loading from file system: file:/C:/Users/Owner/Desktop/Sonic-rush/target/classes/assets/textures/Enemigos/enemigo2.png
18:10:38.394 [JavaFX Application Thread] DEBUG FXGLAssetLoaderServi - Loading from file system: file:/C:/Users/Owner/Desktop/Sonic-rush/target/classes/assets/textures/Personajes/sonic.png
18:10:38.400 [JavaFX Application Thread] DEBUG FXGLAssetLoaderServi - Loading from file system: file:/C:/Users/Owner/Desktop/Sonic-rush/target/classes/assets/textures/Personajes/sonic_camina.png
18:10:38.402 [JavaFX Application Thread] DEBUG FXGLAssetLoaderServi - Loading from file system: file:/C:/Users/Owner/Desktop/Sonic-rush/target/classes/assets/textures/Personajes/super_idle.png
18:10:38.404 [JavaFX Application Thread] DEBUG FXGLAssetLoaderServi - Loading from file system: file:/C:/Users/Owner/Desktop/Sonic-rush/target/classes/assets/textures/Personajes/super_sonic.png
18:10:40.460 [JavaFX Application Thread] DEBUG FXGLAssetLoaderServi - Loading from file system: file:/C:/Users/Owner/Desktop/Sonic-rush/target/classes/assets/sounds/salto.wav
18:10:56.792 [JavaFX Application Thread] DEBUG FXGLAssetLoaderServi - Loading from file system: file:/C:/Users/Owner/Desktop/Sonic-rush/target/classes/assets/sounds/muerte.wav
18:11:21.412 [JavaFX Application Thread] DEBUG FXGLAssetLoaderServi - Loading from file system: file:/C:/Users/Owner/Desktop/Sonic-rush/target/classes/assets/sounds/recoger.wav
18:11:40.081 [JavaFX Application Thread] DEBUG FXGLAssetLoaderServi - Loading from file system: file:/C:/Users/Owner/Desktop/Sonic-rush/target/classes/assets/sounds/perder_anillos.wav
18:12:49.775 [JavaFX Application Thread] DEBUG FXGLApplication      - Exiting FXGL
18:12:49.775 [JavaFX Application Thread] DEBUG LoopRunner           - Stopping loop
18:12:49.775 [JavaFX Application Thread] DEBUG SystemBundleService  - Saving FXGL system data
18:12:49.779 [JavaFX Application Thread] DEBUG FileSystemAccess     - Writing to: C:\Users\Owner\Desktop\Sonic-rush\system\fxgl.bundle
18:12:49.783 [JavaFX Application Thread] DEBUG Async                - Shutting down background threads
18:12:49.785 [JavaFX Application Thread] DEBUG PrimaryStageWindow   - Closing main window
18:12:49.876 [JavaFX Application Thread] DEBUG Logger               - Closing Logger
