15:59:39.588 [main                     ] DEBUG Logger               - Configured Logger
15:59:39.621 [main                     ] DEBUG GameApplication      - Logging settings
Title: Server
Version: 0.0
Width: 800
Height: 500
Fullscreen: false
Intro: false
Profiling: false
Single step:false
App Mode: DEVELOPER
Menu Key: ESCAPE
Stage Style: DECORATED
Scene Factory: class com.almasb.fxgl.app.scene.SceneFactory

15:59:40.146 [JavaFX Application Thread] DEBUG FXGLApplication      - Initializing FXGL
15:59:40.151 [JavaFX Application Thread] INFO  Engine               - FXGL-17.3 (30.03.2023 11.49) on WINDOWS (J:21.0.2 FX:20)
15:59:40.153 [JavaFX Application Thread] DEBUG Engine               - JRE Vendor Name: Oracle Corporation
15:59:40.153 [JavaFX Application Thread] DEBUG Engine               - Running on OS: Windows 10 version 10.0
15:59:40.153 [JavaFX Application Thread] DEBUG Engine               - Architecture: amd64
15:59:40.153 [JavaFX Application Thread] INFO  Engine               - Source code and latest versions at: https://github.com/AlmasB/FXGL
15:59:40.154 [JavaFX Application Thread] INFO  Engine               -       Ask questions and discuss at: https://github.com/AlmasB/FXGL/discussions
15:59:40.155 [JavaFX Application Thread] INFO  Engine               -              Join the FXGL chat at: https://gitter.im/AlmasB/FXGL
15:59:40.319 [JavaFX Application Thread] DEBUG PrimaryStageWindow   - Creating a JavaFX scene
15:59:40.396 [JavaFX Application Thread] DEBUG PrimaryStageWindow   - Target settings size: 800.0 x 500.0
15:59:40.397 [JavaFX Application Thread] DEBUG PrimaryStageWindow   - Scaled scene size:    800.0 x 500.0
15:59:40.398 [JavaFX Application Thread] DEBUG PrimaryStageWindow   - Scaled ratio: (1.0, 1.0)
15:59:40.400 [JavaFX Application Thread] DEBUG PrimaryStageWindow   - Set initial scene to FXGLStartupScene
15:59:40.404 [JavaFX Application Thread] DEBUG PrimaryStageWindow   - Opening main window
15:59:40.520 [JavaFX Application Thread] DEBUG PrimaryStageWindow   - Window border size: (16.0, 39.0)
15:59:40.521 [JavaFX Application Thread] DEBUG PrimaryStageWindow   - Scaled size: 800.0 x 500.0
15:59:40.521 [JavaFX Application Thread] DEBUG PrimaryStageWindow   - Scaled ratio: (1.0, 1.0)
15:59:40.521 [JavaFX Application Thread] DEBUG PrimaryStageWindow   - Scene size: 800.0 x 500.0
15:59:40.522 [JavaFX Application Thread] DEBUG PrimaryStageWindow   - Stage size: 816.0 x 539.0
15:59:40.546 [FXGL Background Thread 1 ] DEBUG Engine               - Initializing environment variables
15:59:40.889 [FXGL Background Thread 1 ] DEBUG FXGLAssetLoaderServi - User app class for loading assets: class Runner.ServerRunner
15:59:40.890 [FXGL Background Thread 1 ] DEBUG GameApplicationServi - Applying CSS: fxgl_dark.css
15:59:40.891 [FXGL Background Thread 1 ] DEBUG FXGLAssetLoaderServi - Loading from file system: jar:file:/C:/Users/User/.m2/repository/com/github/almasb/fxgl/17.3/fxgl-17.3.jar!/fxglassets/ui/css/fxgl_dark.css
15:59:40.981 [FXGL Background Thread 1 ] DEBUG GameApplicationServi - Initializing application scenes
15:59:41.465 [FXGL Background Thread 1 ] DEBUG GameWorld            - Game world initialized
15:59:41.596 [FXGL Background Thread 1 ] DEBUG PhysicsWorld         - Physics world initialized: appHeight=500, physics.ppm=50,0
15:59:41.596 [FXGL Background Thread 1 ] DEBUG PhysicsWorld         - Using strategy: BRUTE_FORCE
15:59:41.600 [FXGL Background Thread 1 ] DEBUG GameScene            - Game scene initialized: 800x500
15:59:41.616 [FXGL Background Thread 1 ] WARN  FXGL.DefaultMenu     - FXGLDefaultMenu is not designed for resolutions < 800x600
15:59:41.630 [FXGL Background Thread 1 ] DEBUG FXGL.DefaultMenu     - createMenuBodyGameMenu()
15:59:41.692 [FXGL Background Thread 1 ] DEBUG FXGL.DefaultMenu     - createOptionsMenu()
15:59:41.718 [FXGL Background Thread 1 ] DEBUG FXGLAssetLoaderServi - Loading from file system: jar:file:/C:/Users/User/.m2/repository/com/github/almasb/fxgl/17.3/fxgl-17.3.jar!/fxglassets/textures/particles/smoke.png
15:59:42.038 [FXGL Background Thread 1 ] DEBUG FXGLAssetLoaderServi - Loading from file system: jar:file:/C:/Users/User/.m2/repository/com/github/almasb/fxgl/17.3/fxgl-17.3.jar!/fxglassets/textures/particles/trace_horizontal.png
15:59:42.125 [FXGL Background Thread 1 ] DEBUG GameApplicationServi - Application scenes initialized
15:59:42.155 [FXGL Background Thread 1 ] DEBUG SystemBundleService  - Loading FXGL system data
15:59:42.160 [FXGL Background Thread 1 ] DEBUG FileSystemAccess     - Reading from: C:\Users\User\Documents\GitHub\Sonic-rush\system\fxgl.bundle
15:59:42.174 [FXGL Background Thread 1 ] DEBUG SystemBundleService  - Bundle FXGL: {}
15:59:42.174 [FXGL Background Thread 1 ] DEBUG UpdaterService       - Checking for updates
15:59:42.180 [FXGL Background Thread 1 ] DEBUG FXGLApplication      - Loading default localization
15:59:42.181 [FXGL Background Thread 1 ] DEBUG FXGLAssetLoaderServi - Loading from file system: jar:file:/C:/Users/User/.m2/repository/com/github/almasb/fxgl/17.3/fxgl-17.3.jar!/fxglassets/languages/english.lang
15:59:42.193 [FXGL Background Thread 4 ] DEBUG FXGLApplication      - Loading fonts
15:59:42.194 [FXGL Background Thread 4 ] DEBUG FXGLAssetLoaderServi - Loading from file system: jar:file:/C:/Users/User/.m2/repository/com/github/almasb/fxgl/17.3/fxgl-17.3.jar!/fxglassets/ui/fonts/VarelaRound-Regular.ttf
15:59:42.210 [FXGL Background Thread 1 ] INFO  FXGLApplication      - FXGL initialization took: 1,664 sec
15:59:42.251 [JavaFX Application Thread] DEBUG FXGLAssetLoaderServi - Loading from file system: jar:file:/C:/Users/User/.m2/repository/com/github/almasb/fxgl/17.3/fxgl-17.3.jar!/fxglassets/textures/fxgl_icon.png
15:59:42.278 [JavaFX Application Thread] DEBUG FXGLAssetLoaderServi - Loading from file system: jar:file:/C:/Users/User/.m2/repository/com/github/almasb/fxgl/17.3/fxgl-17.3.jar!/fxglassets/textures/fxgl_default_cursor.png
15:59:42.289 [JavaFX Application Thread] DEBUG Input                - Registered new binding: Screenshot - CTRL+8
15:59:42.289 [JavaFX Application Thread] DEBUG Input                - Registered new binding: System info dump - CTRL+9
15:59:42.290 [JavaFX Application Thread] DEBUG Input                - Registered new binding: Restart - CTRL+R
15:59:42.291 [JavaFX Application Thread] DEBUG Input                - Registered new binding: Toggle Debug Camera - CTRL+7
15:59:42.294 [JavaFX Application Thread] DEBUG LoopRunner           - Starting loop
15:59:42.294 [JavaFX Application Thread] DEBUG LoopRunner           - Initializing JavaFX AnimationTimerLoop
15:59:42.296 [JavaFX Application Thread] DEBUG GameApplicationServi - Starting new game
15:59:42.296 [JavaFX Application Thread] DEBUG Input                - Clearing active input actions
15:59:42.312 [JavaFX Application Thread] DEBUG GameApplicationServi - Removing overlay from FXGLStartupScene and adding to FXGLLoadingScene
15:59:42.313 [JavaFX Application Thread] DEBUG PrimaryStageWindow   - FXGLStartupScene -> FXGLLoadingScene
15:59:42.313 [JavaFX Application Thread] DEBUG GameApplicationServi - Clearing previous game
15:59:42.313 [JavaFX Application Thread] DEBUG GameScene            - Clearing game scene
15:59:42.313 [JavaFX Application Thread] DEBUG GameWorld            - Clearing game world
15:59:42.313 [JavaFX Application Thread] DEBUG PhysicsWorld         - Clearing physics world
15:59:42.315 [FXGL Background Thread 1 ] DEBUG FXGLApplication      - Initializing game
15:59:42.338 [FXGL Background Thread 4 ] DEBUG FXGLAssetLoaderServi - Loading from file system: jar:file:/C:/Users/User/.m2/repository/com/github/almasb/fxgl/17.3/fxgl-17.3.jar!/fxglassets/ui/fonts/Abel-Regular.ttf
15:59:42.373 [FXGL Background Thread 4 ] DEBUG FXGLAssetLoaderServi - Loading from file system: jar:file:/C:/Users/User/.m2/repository/com/github/almasb/fxgl/17.3/fxgl-17.3.jar!/fxglassets/ui/fonts/TerminalLandMono-Regular.otf
15:59:42.389 [FXGL Background Thread 4 ] DEBUG FXGLAssetLoaderServi - Loading from file system: jar:file:/C:/Users/User/.m2/repository/com/github/almasb/fxgl/17.3/fxgl-17.3.jar!/fxglassets/ui/fonts/Courier-Prime.ttf
15:59:42.439 [JavaFX Application Thread] DEBUG FXGLApplication      - Registering font factories with UI factory
15:59:42.470 [ServerAsyncConnThread    ] DEBUG TCPServer            - Starting to listen at: 55555 type: class com.almasb.fxgl.core.serialization.Bundle
15:59:42.510 [FXGL Background Thread 1 ] DEBUG TMXLevelLoader       - Parsed TiledMap: file:/C:/Users/User/Documents/GitHub/Sonic-rush/target/classes/assets/levels/mapazo.tmx
15:59:42.511 [FXGL Background Thread 1 ] DEBUG TMXLevelLoader       - Creating tile layer entities
15:59:42.513 [FXGL Background Thread 1 ] DEBUG TilesetLoader        - Loading view for layer Capa de patrones 1
15:59:42.518 [FXGL Background Thread 1 ] DEBUG TilesetLoader        - Created buffer with size 3840.0x720.0
15:59:42.561 [FXGL Background Thread 1 ] DEBUG TMXLevelLoader       - Creating object layer entities
15:59:42.588 [FXGL Background Thread 1 ] DEBUG GameWorld            - Clearing removable entities
15:59:42.589 [FXGL Background Thread 1 ] DEBUG GameWorld            - Setting level: com.almasb.fxgl.entity.level.Level@f37fba1
15:59:42.611 [FXGL Background Thread 1 ] DEBUG FXGLAssetLoaderServi - Loading from file system: file:/C:/Users/User/Documents/GitHub/Sonic-rush/target/classes/assets/textures/Items/ring.png
15:59:42.657 [FXGL Background Thread 1 ] DEBUG FXGLAssetLoaderServi - Loading from file system: file:/C:/Users/User/Documents/GitHub/Sonic-rush/target/classes/assets/textures/Enemigos/enemigo.png
15:59:42.745 [FXGL Background Thread 1 ] DEBUG FXGLAssetLoaderServi - Loading from file system: file:/C:/Users/User/Documents/GitHub/Sonic-rush/target/classes/assets/textures/Items/basura.png
15:59:42.747 [FXGL Background Thread 1 ] DEBUG FXGLAssetLoaderServi - Loading from file system: file:/C:/Users/User/Documents/GitHub/Sonic-rush/target/classes/assets/textures/Items/papel.png
15:59:42.750 [FXGL Background Thread 1 ] DEBUG FXGLAssetLoaderServi - Loading from file system: file:/C:/Users/User/Documents/GitHub/Sonic-rush/target/classes/assets/textures/Items/caucho.png
15:59:42.760 [FXGL Background Thread 1 ] INFO  FXGLApplication      - Game initialization took: 0,446 sec
15:59:42.769 [JavaFX Application Thread] DEBUG Input                - Clearing active input actions
15:59:42.779 [JavaFX Application Thread] DEBUG GameApplicationServi - Removing overlay from FXGLLoadingScene and adding to GameScene
15:59:42.779 [JavaFX Application Thread] DEBUG PrimaryStageWindow   - FXGLLoadingScene -> GameScene
15:59:43.008 [FXGL Background Thread 2 ] INFO  UpdaterService       - Your current version:  17.3
15:59:43.011 [FXGL Background Thread 2 ] INFO  UpdaterService       - Latest stable version: 21.1
15:59:45.178 [FXGL Background Thread 3 ] DEBUG Engine               - Logging environment variables
15:59:45.179 [FXGL Background Thread 3 ] DEBUG Engine               - achievements: []
15:59:45.179 [FXGL Background Thread 3 ] DEBUG Engine               - actualHeight: 500.0
15:59:45.179 [FXGL Background Thread 3 ] DEBUG Engine               - actualHeightProperty: ReadOnlyDoubleProperty [value: 500.0]
15:59:45.179 [FXGL Background Thread 3 ] DEBUG Engine               - actualWidth: 800.0
15:59:45.179 [FXGL Background Thread 3 ] DEBUG Engine               - actualWidthProperty: ReadOnlyDoubleProperty [value: 800.0]
15:59:45.179 [FXGL Background Thread 3 ] DEBUG Engine               - appIcon: fxgl_icon.png
15:59:45.179 [FXGL Background Thread 3 ] DEBUG Engine               - applicationMode: DEVELOPER
15:59:45.179 [FXGL Background Thread 3 ] DEBUG Engine               - cSSList: [fxgl_dark.css]
15:59:45.179 [FXGL Background Thread 3 ] DEBUG Engine               - collisionDetectionStrategy: BRUTE_FORCE
15:59:45.179 [FXGL Background Thread 3 ] DEBUG Engine               - configClass: Optional.empty
15:59:45.179 [FXGL Background Thread 3 ] DEBUG Engine               - credits: []
15:59:45.180 [FXGL Background Thread 3 ] DEBUG Engine               - defaultCursor: CursorInfo(imageName=fxgl_default_cursor.png, hotspotX=7.0, hotspotY=6.0)
15:59:45.180 [FXGL Background Thread 3 ] DEBUG Engine               - devBBoxColorProperty: ObjectProperty [value: 0xff0000ff]
15:59:45.180 [FXGL Background Thread 3 ] DEBUG Engine               - devEnableDebugCameraProperty: BooleanProperty [value: false]
15:59:45.180 [FXGL Background Thread 3 ] DEBUG Engine               - devSensorColorProperty: ObjectProperty [value: 0xffff00ff]
15:59:45.180 [FXGL Background Thread 3 ] DEBUG Engine               - devShowBBoxProperty: BooleanProperty [value: false]
15:59:45.180 [FXGL Background Thread 3 ] DEBUG Engine               - devShowPositionProperty: BooleanProperty [value: false]
15:59:45.180 [FXGL Background Thread 3 ] DEBUG Engine               - enabledMenuItems: []
15:59:45.181 [FXGL Background Thread 3 ] DEBUG Engine               - engineServices: [class com.almasb.fxgl.app.services.FXGLAssetLoaderService, class com.almasb.fxgl.app.FXGLApplication$GameApplicationService, class com.almasb.fxgl.app.services.FXGLDialogService, class com.almasb.fxgl.app.services.IOTaskExecutorService, class com.almasb.fxgl.io.FileSystemService, class com.almasb.fxgl.localization.LocalizationService, class com.almasb.fxgl.app.services.SystemBundleService, class com.almasb.fxgl.profile.SaveLoadService, class com.almasb.fxgl.ui.FXGLUIFactoryServiceProvider, class com.almasb.fxgl.ui.FXGLDialogFactoryServiceProvider, class com.almasb.fxgl.audio.AudioPlayer, class com.almasb.fxgl.notification.impl.NotificationServiceProvider, class com.almasb.fxgl.achievement.AchievementService, class com.almasb.fxgl.cutscene.CutsceneService, class com.almasb.fxgl.minigames.MiniGameService, class com.almasb.fxgl.net.NetService, class com.almasb.fxgl.app.services.UpdaterService, class com.almasb.fxgl.dev.DevService, class com.almasb.fxgl.multiplayer.MultiplayerService]
15:59:45.181 [FXGL Background Thread 3 ] DEBUG Engine               - fontGame: Abel-Regular.ttf
15:59:45.181 [FXGL Background Thread 3 ] DEBUG Engine               - fontMono: TerminalLandMono-Regular.otf
15:59:45.181 [FXGL Background Thread 3 ] DEBUG Engine               - fontSizeScaleUI: 1.0
15:59:45.181 [FXGL Background Thread 3 ] DEBUG Engine               - fontText: Courier-Prime.ttf
15:59:45.181 [FXGL Background Thread 3 ] DEBUG Engine               - fontUI: VarelaRound-Regular.ttf
15:59:45.181 [FXGL Background Thread 3 ] DEBUG Engine               - fullScreen: BooleanProperty [value: false]
15:59:45.181 [FXGL Background Thread 3 ] DEBUG Engine               - gameDifficulty: MEDIUM
15:59:45.181 [FXGL Background Thread 3 ] DEBUG Engine               - gameDifficultyProperty: ObjectProperty [value: MEDIUM]
15:59:45.181 [FXGL Background Thread 3 ] DEBUG Engine               - globalMusicVolume: 0.5
15:59:45.181 [FXGL Background Thread 3 ] DEBUG Engine               - globalMusicVolumeProperty: DoubleProperty [value: 0.5]
15:59:45.181 [FXGL Background Thread 3 ] DEBUG Engine               - globalSoundVolume: 0.5
15:59:45.181 [FXGL Background Thread 3 ] DEBUG Engine               - globalSoundVolumeProperty: DoubleProperty [value: 0.5]
15:59:45.181 [FXGL Background Thread 3 ] DEBUG Engine               - height: 500
15:59:45.181 [FXGL Background Thread 3 ] DEBUG Engine               - is3D: false
15:59:45.181 [FXGL Background Thread 3 ] DEBUG Engine               - isAndroid: false
15:59:45.181 [FXGL Background Thread 3 ] DEBUG Engine               - isBrowser: false
15:59:45.181 [FXGL Background Thread 3 ] DEBUG Engine               - isClickFeedbackEnabled: false
15:59:45.181 [FXGL Background Thread 3 ] DEBUG Engine               - isCloseConfirmation: false
15:59:45.181 [FXGL Background Thread 3 ] DEBUG Engine               - isDesktop: true
15:59:45.181 [FXGL Background Thread 3 ] DEBUG Engine               - isDeveloperMenuEnabled: false
15:59:45.182 [FXGL Background Thread 3 ] DEBUG Engine               - isEmbedded: false
15:59:45.182 [FXGL Background Thread 3 ] DEBUG Engine               - isEntityPreloadEnabled: true
15:59:45.182 [FXGL Background Thread 3 ] DEBUG Engine               - isExperimentalTiledLargeMap: false
15:59:45.182 [FXGL Background Thread 3 ] DEBUG Engine               - isFileSystemWriteAllowed: true
15:59:45.182 [FXGL Background Thread 3 ] DEBUG Engine               - isFullScreenAllowed: false
15:59:45.182 [FXGL Background Thread 3 ] DEBUG Engine               - isFullScreenFromStart: false
15:59:45.182 [FXGL Background Thread 3 ] DEBUG Engine               - isGameMenuEnabled: true
15:59:45.182 [FXGL Background Thread 3 ] DEBUG Engine               - isIOS: false
15:59:45.182 [FXGL Background Thread 3 ] DEBUG Engine               - isIntroEnabled: false
15:59:45.182 [FXGL Background Thread 3 ] DEBUG Engine               - isLinux: false
15:59:45.182 [FXGL Background Thread 3 ] DEBUG Engine               - isMac: false
15:59:45.182 [FXGL Background Thread 3 ] DEBUG Engine               - isMainMenuEnabled: false
15:59:45.182 [FXGL Background Thread 3 ] DEBUG Engine               - isManualResizeEnabled: false
15:59:45.182 [FXGL Background Thread 3 ] DEBUG Engine               - isMobile: false
15:59:45.182 [FXGL Background Thread 3 ] DEBUG Engine               - isNative: false
15:59:45.182 [FXGL Background Thread 3 ] DEBUG Engine               - isPauseMusicWhenMinimized: true
15:59:45.182 [FXGL Background Thread 3 ] DEBUG Engine               - isPreserveResizeRatio: false
15:59:45.182 [FXGL Background Thread 3 ] DEBUG Engine               - isProfilingEnabled: false
15:59:45.182 [FXGL Background Thread 3 ] DEBUG Engine               - isScaleAffectedOnResize: true
15:59:45.182 [FXGL Background Thread 3 ] DEBUG Engine               - isSingleStep: false
15:59:45.182 [FXGL Background Thread 3 ] DEBUG Engine               - isUserProfileEnabled: false
15:59:45.182 [FXGL Background Thread 3 ] DEBUG Engine               - isWindows: true
15:59:45.182 [FXGL Background Thread 3 ] DEBUG Engine               - language: ObjectProperty [value: ENGLISH]
15:59:45.182 [FXGL Background Thread 3 ] DEBUG Engine               - menuKey: ESCAPE
15:59:45.183 [FXGL Background Thread 3 ] DEBUG Engine               - mouseSensitivity: 0.2
15:59:45.183 [FXGL Background Thread 3 ] DEBUG Engine               - notificationViewClass: class com.almasb.fxgl.notification.view.XboxNotificationView
15:59:45.183 [FXGL Background Thread 3 ] DEBUG Engine               - pixelsPerMeter: 50.0
15:59:45.183 [FXGL Background Thread 3 ] DEBUG Engine               - platform: WINDOWS
15:59:45.183 [FXGL Background Thread 3 ] DEBUG Engine               - prefHeightProperty: ReadOnlyDoubleProperty [value: 500.0]
15:59:45.183 [FXGL Background Thread 3 ] DEBUG Engine               - prefWidthProperty: ReadOnlyDoubleProperty [value: 800.0]
15:59:45.183 [FXGL Background Thread 3 ] DEBUG Engine               - profileDir: profiles/
15:59:45.183 [FXGL Background Thread 3 ] DEBUG Engine               - profileName: StringProperty [value: DEFAULT]
15:59:45.183 [FXGL Background Thread 3 ] DEBUG Engine               - randomSeed: -1
15:59:45.183 [FXGL Background Thread 3 ] DEBUG Engine               - runtimeInfo: RuntimeInfo(platform=WINDOWS, version=17.3, build=30.03.2023 11.49)
15:59:45.183 [FXGL Background Thread 3 ] DEBUG Engine               - saveFileExt: sav
15:59:45.183 [FXGL Background Thread 3 ] DEBUG Engine               - scaledHeightProp$fxgl: DoubleProperty [bound, value: 500.0]
15:59:45.183 [FXGL Background Thread 3 ] DEBUG Engine               - scaledWidthProp$fxgl: DoubleProperty [bound, value: 800.0]
15:59:45.183 [FXGL Background Thread 3 ] DEBUG Engine               - sceneFactory: com.almasb.fxgl.app.scene.SceneFactory@6196ff50
15:59:45.183 [FXGL Background Thread 3 ] DEBUG Engine               - secondsIn24h: 60
15:59:45.184 [FXGL Background Thread 3 ] DEBUG Engine               - soundMenuBack: menu/back.wav
15:59:45.184 [FXGL Background Thread 3 ] DEBUG Engine               - soundMenuPress: menu/press.wav
15:59:45.184 [FXGL Background Thread 3 ] DEBUG Engine               - soundMenuSelect: menu/select.wav
15:59:45.184 [FXGL Background Thread 3 ] DEBUG Engine               - soundNotification: core/notification.wav
15:59:45.184 [FXGL Background Thread 3 ] DEBUG Engine               - stageStyle: DECORATED
15:59:45.184 [FXGL Background Thread 3 ] DEBUG Engine               - supportedLanguages: [ENGLISH, FRENCH, GERMAN, HUNGARIAN, RUSSIAN]
15:59:45.184 [FXGL Background Thread 3 ] DEBUG Engine               - ticksPerSecond: -1
15:59:45.184 [FXGL Background Thread 3 ] DEBUG Engine               - title: Server
15:59:45.184 [FXGL Background Thread 3 ] DEBUG Engine               - urlGithub: https://github.com/AlmasB/FXGL
15:59:45.184 [FXGL Background Thread 3 ] DEBUG Engine               - urlLeaderboard: http://fxgl-top.herokuapp.com/
15:59:45.184 [FXGL Background Thread 3 ] DEBUG Engine               - urlPOM: https://raw.githubusercontent.com/AlmasB/FXGL/release/README.md
15:59:45.184 [FXGL Background Thread 3 ] DEBUG Engine               - userAppClass: class Runner.ServerRunner
15:59:45.185 [FXGL Background Thread 3 ] DEBUG Engine               - version: 0.0
15:59:45.185 [FXGL Background Thread 3 ] DEBUG Engine               - versionCheckDays: 7
15:59:45.185 [FXGL Background Thread 3 ] DEBUG Engine               - width: 800
15:59:45.185 [FXGL Background Thread 3 ] DEBUG Engine               - Logging services
15:59:45.185 [FXGL Background Thread 3 ] DEBUG Engine               - class com.almasb.fxgl.app.services.FXGLAssetLoaderService
15:59:45.185 [FXGL Background Thread 3 ] DEBUG Engine               - class com.almasb.fxgl.app.FXGLApplication$GameApplicationService
15:59:45.185 [FXGL Background Thread 3 ] DEBUG Engine               - class com.almasb.fxgl.app.services.FXGLDialogService
15:59:45.185 [FXGL Background Thread 3 ] DEBUG Engine               - class com.almasb.fxgl.app.services.IOTaskExecutorService
15:59:45.185 [FXGL Background Thread 3 ] DEBUG Engine               - class com.almasb.fxgl.io.FileSystemService
15:59:45.185 [FXGL Background Thread 3 ] DEBUG Engine               - class com.almasb.fxgl.localization.LocalizationService
15:59:45.185 [FXGL Background Thread 3 ] DEBUG Engine               - class com.almasb.fxgl.app.services.SystemBundleService
15:59:45.185 [FXGL Background Thread 3 ] DEBUG Engine               - class com.almasb.fxgl.profile.SaveLoadService
15:59:45.185 [FXGL Background Thread 3 ] DEBUG Engine               - class com.almasb.fxgl.ui.FXGLUIFactoryServiceProvider
15:59:45.185 [FXGL Background Thread 3 ] DEBUG Engine               - class com.almasb.fxgl.ui.FXGLDialogFactoryServiceProvider
15:59:45.185 [FXGL Background Thread 3 ] DEBUG Engine               - class com.almasb.fxgl.audio.AudioPlayer
15:59:45.185 [FXGL Background Thread 3 ] DEBUG Engine               - class com.almasb.fxgl.notification.impl.NotificationServiceProvider
15:59:45.185 [FXGL Background Thread 3 ] DEBUG Engine               - class com.almasb.fxgl.achievement.AchievementService
15:59:45.185 [FXGL Background Thread 3 ] DEBUG Engine               - class com.almasb.fxgl.cutscene.CutsceneService
15:59:45.185 [FXGL Background Thread 3 ] DEBUG Engine               - class com.almasb.fxgl.minigames.MiniGameService
15:59:45.185 [FXGL Background Thread 3 ] DEBUG Engine               - class com.almasb.fxgl.net.NetService
15:59:45.185 [FXGL Background Thread 3 ] DEBUG Engine               - class com.almasb.fxgl.app.services.UpdaterService
15:59:45.185 [FXGL Background Thread 3 ] DEBUG Engine               - class com.almasb.fxgl.dev.DevService
15:59:45.186 [FXGL Background Thread 3 ] DEBUG Engine               - class com.almasb.fxgl.multiplayer.MultiplayerService
15:59:48.342 [ServerAsyncConnThread    ] DEBUG Endpoint             - TCPServer opening new connection (1) from /127.0.0.1:49910 type: class com.almasb.fxgl.core.serialization.Bundle
15:59:48.355 [ServerAsyncConnThread    ] DEBUG Endpoint             - TCPServer successfully opened connection (1)
15:59:48.372 [TCPServer_RecvThread-1   ] DEBUG Readers              - Getting TCPMessageReader for class com.almasb.fxgl.core.serialization.Bundle
15:59:48.375 [TCPServer_SendThread-1   ] DEBUG Writers              - Getting TCPMessageWriter for class com.almasb.fxgl.core.serialization.Bundle
15:59:48.377 [TCPServer_RecvThread-1   ] DEBUG Readers              - Constructed MessageReader for class com.almasb.fxgl.core.serialization.Bundle: BundleTCPMessageReader
15:59:48.379 [TCPServer_SendThread-1   ] DEBUG Writers              - Constructed TCPMessageWriter for class com.almasb.fxgl.core.serialization.Bundle: BundleTCPMessageWriter
16:00:13.157 [ServerAsyncConnThread    ] DEBUG Endpoint             - TCPServer opening new connection (2) from /127.0.0.1:49924 type: class com.almasb.fxgl.core.serialization.Bundle
16:00:13.158 [ServerAsyncConnThread    ] DEBUG Endpoint             - TCPServer successfully opened connection (2)
16:00:13.163 [TCPServer_RecvThread-2   ] DEBUG Readers              - Getting TCPMessageReader for class com.almasb.fxgl.core.serialization.Bundle
16:00:13.163 [TCPServer_RecvThread-2   ] DEBUG Readers              - Constructed MessageReader for class com.almasb.fxgl.core.serialization.Bundle: BundleTCPMessageReader
16:00:13.163 [TCPServer_SendThread-2   ] DEBUG Writers              - Getting TCPMessageWriter for class com.almasb.fxgl.core.serialization.Bundle
16:00:13.164 [TCPServer_SendThread-2   ] DEBUG Writers              - Constructed TCPMessageWriter for class com.almasb.fxgl.core.serialization.Bundle: BundleTCPMessageWriter
16:00:57.397 [ServerAsyncConnThread    ] DEBUG Endpoint             - TCPServer opening new connection (3) from /127.0.0.1:49933 type: class com.almasb.fxgl.core.serialization.Bundle
16:00:57.397 [ServerAsyncConnThread    ] DEBUG Endpoint             - TCPServer successfully opened connection (3)
16:00:57.398 [TCPServer_SendThread-3   ] DEBUG Writers              - Getting TCPMessageWriter for class com.almasb.fxgl.core.serialization.Bundle
16:00:57.398 [TCPServer_RecvThread-3   ] DEBUG Readers              - Getting TCPMessageReader for class com.almasb.fxgl.core.serialization.Bundle
16:00:57.399 [TCPServer_RecvThread-3   ] DEBUG Readers              - Constructed MessageReader for class com.almasb.fxgl.core.serialization.Bundle: BundleTCPMessageReader
16:00:57.398 [TCPServer_SendThread-3   ] DEBUG Writers              - Constructed TCPMessageWriter for class com.almasb.fxgl.core.serialization.Bundle: BundleTCPMessageWriter
16:02:09.472 [TCPServer_RecvThread-3   ] DEBUG Endpoint             - Connection 3 was unexpectedly disconnected: Connection reset
16:02:09.473 [TCPServer_RecvThread-1   ] DEBUG Connection           - Closing connection 1
16:02:09.473 [TCPServer_RecvThread-3   ] DEBUG Connection           - Closing connection 3
16:02:09.473 [TCPServer_RecvThread-1   ] DEBUG Connection           - Connection 1 was correctly closed from local endpoint.
16:02:09.473 [TCPServer_RecvThread-3   ] DEBUG Connection           - Connection 3 was correctly closed from local endpoint.
16:02:09.473 [TCPServer_RecvThread-1   ] DEBUG Endpoint             - TCPServer connection (1) was closed
16:02:09.473 [TCPServer_RecvThread-3   ] DEBUG Endpoint             - TCPServer connection (3) was closed
16:02:09.473 [TCPServer_RecvThread-2   ] DEBUG Connection           - Closing connection 2
16:02:09.474 [TCPServer_RecvThread-2   ] DEBUG Connection           - Connection 2 was correctly closed from local endpoint.
16:02:09.474 [TCPServer_RecvThread-2   ] DEBUG Endpoint             - TCPServer connection (2) was closed
16:02:09.488 [JavaFX Application Thread] DEBUG LoopRunner           - Stopping loop
16:02:09.549 [JavaFX Application Thread] FATAL FXGLApplication      - Uncaught Exception:
java.lang.NullPointerException: Cannot invoke "com.almasb.fxgl.net.Connection.send(Object)" because the return value of "java.util.List.get(int)" is null
	at com.almasb.fxgl.net.Endpoint.broadcast(Endpoint.java:41)
	at GameSettings.ServerGameApp.onUpdate(ServerGameApp.java:311)
	at com.almasb.fxgl.app.FXGLApplication$GameApplicationService.onGameUpdate(FXGLApplication.kt:421)
	at com.almasb.fxgl.app.Engine.onGameUpdate(Engine.kt:138)
	at com.almasb.fxgl.app.FXGLApplication.postServicesInit$lambda$7(FXGLApplication.kt:182)
	at com.almasb.fxgl.scene.Scene.update(Scene.kt:113)
	at com.almasb.fxgl.app.MainWindow$update$1.invoke(MainWindow.kt:115)
	at com.almasb.fxgl.app.MainWindow$update$1.invoke(MainWindow.kt:115)
	at com.almasb.fxgl.core.fsm.StateMachine.runOnActiveStates(StateMachine.kt:69)
	at com.almasb.fxgl.app.MainWindow.update(MainWindow.kt:115)
	at com.almasb.fxgl.app.FXGLApplication$GameApplicationService.onUpdate(FXGLApplication.kt:426)
	at com.almasb.fxgl.app.Engine.loop(Engine.kt:134)
	at com.almasb.fxgl.app.Engine.access$loop(Engine.kt:24)
	at com.almasb.fxgl.app.Engine$loop$1.invoke(Engine.kt:28)
	at com.almasb.fxgl.app.Engine$loop$1.invoke(Engine.kt:28)
	at com.almasb.fxgl.app.LoopRunner.frame(LoopRunner.kt:103)
	at com.almasb.fxgl.app.LoopRunner.access$frame(LoopRunner.kt:23)
	at com.almasb.fxgl.app.LoopRunner$impl$2$1.onTick(LoopRunner.kt:57)
	at com.almasb.fxgl.app.AnimationTimerLoop$timer$1.handle(LoopRunner.kt:137)
	at javafx.animation.AnimationTimer$AnimationTimerReceiver.lambda$handle$0(AnimationTimer.java:58)
	at java.base/java.security.AccessController.doPrivileged(AccessController.java:400)
	at javafx.animation.AnimationTimer$AnimationTimerReceiver.handle(AnimationTimer.java:57)
	at com.sun.scenario.animation.AbstractPrimaryTimer.timePulseImpl(AbstractPrimaryTimer.java:356)
	at com.sun.scenario.animation.AbstractPrimaryTimer$MainLoop.run(AbstractPrimaryTimer.java:266)
	at com.sun.javafx.tk.quantum.QuantumToolkit.pulse(QuantumToolkit.java:588)
	at com.sun.javafx.tk.quantum.QuantumToolkit.pulse(QuantumToolkit.java:572)
	at com.sun.javafx.tk.quantum.QuantumToolkit.pulseFromQueue(QuantumToolkit.java:565)
	at com.sun.javafx.tk.quantum.QuantumToolkit.lambda$runToolkit$11(QuantumToolkit.java:352)
	at com.sun.glass.ui.InvokeLaterDispatcher$Future.run(InvokeLaterDispatcher.java:95)
	at com.sun.glass.ui.win.WinApplication._runLoop(Native Method)
	at com.sun.glass.ui.win.WinApplication.lambda$runLoop$3(WinApplication.java:185)
	at java.base/java.lang.Thread.run(Thread.java:1583)

16:02:09.554 [JavaFX Application Thread] FATAL FXGLApplication      - Application will now exit
16:02:09.577 [JavaFX Application Thread] DEBUG PrimaryStageWindow   - Push state: ErrorSubScene
16:02:09.577 [JavaFX Application Thread] DEBUG Input                - Clearing active input actions
16:02:09.583 [JavaFX Application Thread] DEBUG GameApplicationServi - Removing overlay from GameScene and adding to ErrorSubScene
16:02:09.584 [JavaFX Application Thread] DEBUG PrimaryStageWindow   - GameScene -> ErrorSubScene
16:02:09.806 [JavaFX Application Thread] DEBUG FXGLApplication      - Exiting FXGL
16:02:09.806 [JavaFX Application Thread] DEBUG Async                - Shutting down background threads
16:02:09.806 [JavaFX Application Thread] DEBUG PrimaryStageWindow   - Closing main window
16:02:09.957 [JavaFX Application Thread] DEBUG Logger               - Closing Logger
