18:13:31.210 [main                     ] DEBUG Logger               - Configured Logger
18:13:31.268 [main                     ] DEBUG GameApplication      - Logging settings
Title: Jugador Sonic
Version: 0.0
Width: 1000
Height: 600
Fullscreen: false
Intro: false
Profiling: false
Single step:false
App Mode: DEVELOPER
Menu Key: ESCAPE
Stage Style: DECORATED
Scene Factory: class com.almasb.fxgl.app.scene.SceneFactory

18:13:31.983 [JavaFX Application Thread] DEBUG FXGLApplication      - Initializing FXGL
18:13:31.996 [JavaFX Application Thread] INFO  Engine               - FXGL-17.3 (30.03.2023 11.49) on WINDOWS (J:17.0.12 FX:20)
18:13:31.997 [JavaFX Application Thread] DEBUG Engine               - JRE Vendor Name: Oracle Corporation
18:13:31.998 [JavaFX Application Thread] DEBUG Engine               - Running on OS: Windows 10 version 10.0
18:13:31.998 [JavaFX Application Thread] DEBUG Engine               - Architecture: amd64
18:13:31.998 [JavaFX Application Thread] INFO  Engine               - Source code and latest versions at: https://github.com/AlmasB/FXGL
18:13:31.999 [JavaFX Application Thread] INFO  Engine               -       Ask questions and discuss at: https://github.com/AlmasB/FXGL/discussions
18:13:32.000 [JavaFX Application Thread] INFO  Engine               -              Join the FXGL chat at: https://gitter.im/AlmasB/FXGL
18:13:32.217 [JavaFX Application Thread] DEBUG PrimaryStageWindow   - Creating a JavaFX scene
18:13:32.314 [JavaFX Application Thread] DEBUG PrimaryStageWindow   - Target settings size: 1000.0 x 600.0
18:13:32.315 [JavaFX Application Thread] DEBUG PrimaryStageWindow   - Scaled scene size:    1000.0 x 600.0
18:13:32.316 [JavaFX Application Thread] DEBUG PrimaryStageWindow   - Scaled ratio: (1.0, 1.0)
18:13:32.318 [JavaFX Application Thread] DEBUG PrimaryStageWindow   - Set initial scene to FXGLStartupScene
18:13:32.327 [JavaFX Application Thread] DEBUG PrimaryStageWindow   - Opening main window
18:13:32.462 [JavaFX Application Thread] DEBUG PrimaryStageWindow   - Window border size: (14.4000244140625, 37.5999755859375)
18:13:32.462 [JavaFX Application Thread] DEBUG PrimaryStageWindow   - Scaled size: 1000.0 x 600.0
18:13:32.463 [JavaFX Application Thread] DEBUG PrimaryStageWindow   - Scaled ratio: (1.0, 1.0)
18:13:32.463 [JavaFX Application Thread] DEBUG PrimaryStageWindow   - Scene size: 1000.0 x 600.0
18:13:32.464 [JavaFX Application Thread] DEBUG PrimaryStageWindow   - Stage size: 1014.4000244140625 x 637.5999755859375
18:13:32.481 [FXGL Background Thread 1 ] DEBUG Engine               - Initializing environment variables
18:13:32.584 [FXGL Background Thread 1 ] DEBUG FXGLAssetLoaderServi - User app class for loading assets: class Runner.ClientRunner
18:13:32.586 [FXGL Background Thread 1 ] DEBUG GameApplicationServi - Applying CSS: fxgl_dark.css
18:13:32.592 [FXGL Background Thread 1 ] DEBUG FXGLAssetLoaderServi - Loading from file system: jar:file:/C:/Users/Owner/.m2/repository/com/github/almasb/fxgl/17.3/fxgl-17.3.jar!/fxglassets/ui/css/fxgl_dark.css
18:13:32.724 [FXGL Background Thread 1 ] DEBUG GameApplicationServi - Initializing application scenes
18:13:33.196 [FXGL Background Thread 1 ] DEBUG GameWorld            - Game world initialized
18:13:33.509 [FXGL Background Thread 1 ] DEBUG PhysicsWorld         - Physics world initialized: appHeight=600, physics.ppm=50.0
18:13:33.510 [FXGL Background Thread 1 ] DEBUG PhysicsWorld         - Using strategy: BRUTE_FORCE
18:13:33.560 [FXGL Background Thread 1 ] DEBUG GameScene            - Game scene initialized: 1000x600
18:13:33.673 [FXGL Background Thread 1 ] DEBUG FXGL.DefaultMenu     - createMenuBodyGameMenu()
18:13:33.881 [FXGL Background Thread 1 ] DEBUG FXGL.DefaultMenu     - createOptionsMenu()
18:13:34.006 [FXGL Background Thread 1 ] DEBUG FXGLAssetLoaderServi - Loading from file system: jar:file:/C:/Users/Owner/.m2/repository/com/github/almasb/fxgl/17.3/fxgl-17.3.jar!/fxglassets/textures/particles/smoke.png
18:13:34.592 [FXGL Background Thread 1 ] DEBUG FXGLAssetLoaderServi - Loading from file system: jar:file:/C:/Users/Owner/.m2/repository/com/github/almasb/fxgl/17.3/fxgl-17.3.jar!/fxglassets/textures/particles/trace_horizontal.png
18:13:34.791 [FXGL Background Thread 1 ] DEBUG GameApplicationServi - Application scenes initialized
18:13:34.899 [FXGL Background Thread 1 ] DEBUG SystemBundleService  - Loading FXGL system data
18:13:34.943 [FXGL Background Thread 1 ] DEBUG FileSystemAccess     - Reading from: C:\Users\Owner\Desktop\Sonic-rush\system\fxgl.bundle
18:13:35.007 [FXGL Background Thread 1 ] DEBUG SystemBundleService  - Bundle FXGL: {}
18:13:35.007 [FXGL Background Thread 1 ] DEBUG UpdaterService       - Checking for updates
18:13:35.043 [FXGL Background Thread 1 ] DEBUG FXGLApplication      - Loading default localization
18:13:35.049 [FXGL Background Thread 1 ] DEBUG FXGLAssetLoaderServi - Loading from file system: jar:file:/C:/Users/Owner/.m2/repository/com/github/almasb/fxgl/17.3/fxgl-17.3.jar!/fxglassets/languages/english.lang
18:13:35.195 [FXGL Background Thread 1 ] INFO  FXGLApplication      - FXGL initialization took: 2.714 sec
18:13:35.274 [JavaFX Application Thread] DEBUG Input                - Registered new binding: Mover a la izquierda - A
18:13:35.275 [JavaFX Application Thread] DEBUG Input                - Registered new binding: Mover a la derecha - D
18:13:35.276 [JavaFX Application Thread] DEBUG Input                - Registered new binding: Saltar - W
18:13:35.276 [JavaFX Application Thread] DEBUG Input                - Registered new binding: Interactuar - E
18:13:35.277 [JavaFX Application Thread] DEBUG Input                - Registered new binding: Transformar - P
18:13:35.277 [JavaFX Application Thread] DEBUG Input                - Registered new binding: Desactivar filtro - L
18:13:35.278 [JavaFX Application Thread] DEBUG FXGLAssetLoaderServi - Loading from file system: jar:file:/C:/Users/Owner/.m2/repository/com/github/almasb/fxgl/17.3/fxgl-17.3.jar!/fxglassets/textures/fxgl_icon.png
18:13:35.434 [FXGL Background Thread 4 ] DEBUG FXGLApplication      - Loading fonts
18:13:35.438 [FXGL Background Thread 4 ] DEBUG FXGLAssetLoaderServi - Loading from file system: jar:file:/C:/Users/Owner/.m2/repository/com/github/almasb/fxgl/17.3/fxgl-17.3.jar!/fxglassets/ui/fonts/VarelaRound-Regular.ttf
18:13:35.447 [JavaFX Application Thread] DEBUG FXGLAssetLoaderServi - Loading from file system: jar:file:/C:/Users/Owner/.m2/repository/com/github/almasb/fxgl/17.3/fxgl-17.3.jar!/fxglassets/textures/fxgl_default_cursor.png
18:13:35.450 [JavaFX Application Thread] DEBUG Input                - Registered new binding: Screenshot - CTRL+8
18:13:35.457 [JavaFX Application Thread] DEBUG Input                - Registered new binding: System info dump - CTRL+9
18:13:35.458 [JavaFX Application Thread] DEBUG Input                - Registered new binding: Restart - CTRL+R
18:13:35.462 [JavaFX Application Thread] DEBUG Input                - Registered new binding: Toggle Debug Camera - CTRL+7
18:13:35.477 [JavaFX Application Thread] DEBUG LoopRunner           - Starting loop
18:13:35.477 [JavaFX Application Thread] DEBUG LoopRunner           - Initializing JavaFX AnimationTimerLoop
18:13:35.480 [JavaFX Application Thread] DEBUG GameApplicationServi - Starting new game
18:13:35.481 [JavaFX Application Thread] DEBUG Input                - Clearing active input actions
18:13:35.498 [JavaFX Application Thread] DEBUG GameApplicationServi - Removing overlay from FXGLStartupScene and adding to FXGLLoadingScene
18:13:35.499 [JavaFX Application Thread] DEBUG PrimaryStageWindow   - FXGLStartupScene -> FXGLLoadingScene
18:13:35.499 [JavaFX Application Thread] DEBUG GameApplicationServi - Clearing previous game
18:13:35.499 [JavaFX Application Thread] DEBUG GameScene            - Clearing game scene
18:13:35.499 [JavaFX Application Thread] DEBUG GameWorld            - Clearing game world
18:13:35.500 [JavaFX Application Thread] DEBUG PhysicsWorld         - Clearing physics world
18:13:35.502 [FXGL Background Thread 1 ] DEBUG FXGLApplication      - Initializing game
18:13:35.660 [FXGL Background Thread 1 ] DEBUG FXGLAssetLoaderServi - Loading from file system: file:/C:/Users/Owner/Desktop/Sonic-rush/target/classes/assets/music/OST2.mp3
18:13:36.313 [FXGL Background Thread 1 ] DEBUG AudioPlayer          - Playing music com.almasb.fxgl.audio.Music@14ced653
18:13:36.321 [FXGL Background Thread 1 ] INFO  FXGLApplication      - Game initialization took: 0.818 sec
18:13:36.569 [JavaFX Application Thread] DEBUG Input                - Clearing active input actions
18:13:36.624 [JavaFX Application Thread] DEBUG GameApplicationServi - Removing overlay from FXGLLoadingScene and adding to GameScene
18:13:36.627 [JavaFX Application Thread] DEBUG PrimaryStageWindow   - FXGLLoadingScene -> GameScene
18:13:36.759 [FXGL Background Thread 4 ] DEBUG FXGLAssetLoaderServi - Loading from file system: jar:file:/C:/Users/Owner/.m2/repository/com/github/almasb/fxgl/17.3/fxgl-17.3.jar!/fxglassets/ui/fonts/Abel-Regular.ttf
18:13:36.799 [FXGL Background Thread 4 ] DEBUG FXGLAssetLoaderServi - Loading from file system: jar:file:/C:/Users/Owner/.m2/repository/com/github/almasb/fxgl/17.3/fxgl-17.3.jar!/fxglassets/ui/fonts/TerminalLandMono-Regular.otf
18:13:36.810 [FXGL Background Thread 4 ] DEBUG FXGLAssetLoaderServi - Loading from file system: jar:file:/C:/Users/Owner/.m2/repository/com/github/almasb/fxgl/17.3/fxgl-17.3.jar!/fxglassets/ui/fonts/Courier-Prime.ttf
18:13:36.819 [JavaFX Application Thread] DEBUG FXGLApplication      - Registering font factories with UI factory
18:13:37.518 [FXGL Background Thread 2 ] INFO  UpdaterService       - Your current version:  17.3
18:13:37.565 [FXGL Background Thread 2 ] INFO  UpdaterService       - Latest stable version: 21.1
18:13:38.018 [FXGL Background Thread 3 ] DEBUG Engine               - Logging environment variables
18:13:38.021 [FXGL Background Thread 3 ] DEBUG Engine               - achievements: []
18:13:38.023 [FXGL Background Thread 3 ] DEBUG Engine               - actualHeight: 600.0
18:13:38.025 [FXGL Background Thread 3 ] DEBUG Engine               - actualHeightProperty: ReadOnlyDoubleProperty [value: 600.0]
18:13:38.032 [FXGL Background Thread 3 ] DEBUG Engine               - actualWidth: 1000.0
18:13:38.034 [FXGL Background Thread 3 ] DEBUG Engine               - actualWidthProperty: ReadOnlyDoubleProperty [value: 1000.0]
18:13:38.035 [FXGL Background Thread 3 ] DEBUG Engine               - appIcon: fxgl_icon.png
18:13:38.039 [FXGL Background Thread 3 ] DEBUG Engine               - applicationMode: DEVELOPER
18:13:38.040 [FXGL Background Thread 3 ] DEBUG Engine               - cSSList: [fxgl_dark.css]
18:13:38.040 [FXGL Background Thread 3 ] DEBUG Engine               - collisionDetectionStrategy: BRUTE_FORCE
18:13:38.041 [FXGL Background Thread 3 ] DEBUG Engine               - configClass: Optional.empty
18:13:38.042 [FXGL Background Thread 3 ] DEBUG Engine               - credits: []
18:13:38.045 [FXGL Background Thread 3 ] DEBUG Engine               - defaultCursor: CursorInfo(imageName=fxgl_default_cursor.png, hotspotX=7.0, hotspotY=6.0)
18:13:38.048 [FXGL Background Thread 3 ] DEBUG Engine               - devBBoxColorProperty: ObjectProperty [value: 0xff0000ff]
18:13:38.049 [FXGL Background Thread 3 ] DEBUG Engine               - devEnableDebugCameraProperty: BooleanProperty [value: false]
18:13:38.049 [FXGL Background Thread 3 ] DEBUG Engine               - devSensorColorProperty: ObjectProperty [value: 0xffff00ff]
18:13:38.049 [FXGL Background Thread 3 ] DEBUG Engine               - devShowBBoxProperty: BooleanProperty [value: false]
18:13:38.050 [FXGL Background Thread 3 ] DEBUG Engine               - devShowPositionProperty: BooleanProperty [value: false]
18:13:38.050 [FXGL Background Thread 3 ] DEBUG Engine               - enabledMenuItems: []
18:13:38.050 [FXGL Background Thread 3 ] DEBUG Engine               - engineServices: [class com.almasb.fxgl.app.services.FXGLAssetLoaderService, class com.almasb.fxgl.app.FXGLApplication$GameApplicationService, class com.almasb.fxgl.app.services.FXGLDialogService, class com.almasb.fxgl.app.services.IOTaskExecutorService, class com.almasb.fxgl.io.FileSystemService, class com.almasb.fxgl.localization.LocalizationService, class com.almasb.fxgl.app.services.SystemBundleService, class com.almasb.fxgl.profile.SaveLoadService, class com.almasb.fxgl.ui.FXGLUIFactoryServiceProvider, class com.almasb.fxgl.ui.FXGLDialogFactoryServiceProvider, class com.almasb.fxgl.audio.AudioPlayer, class com.almasb.fxgl.notification.impl.NotificationServiceProvider, class com.almasb.fxgl.achievement.AchievementService, class com.almasb.fxgl.cutscene.CutsceneService, class com.almasb.fxgl.minigames.MiniGameService, class com.almasb.fxgl.net.NetService, class com.almasb.fxgl.app.services.UpdaterService, class com.almasb.fxgl.dev.DevService, class com.almasb.fxgl.multiplayer.MultiplayerService]
18:13:38.050 [FXGL Background Thread 3 ] DEBUG Engine               - fontGame: Abel-Regular.ttf
18:13:38.050 [FXGL Background Thread 3 ] DEBUG Engine               - fontMono: TerminalLandMono-Regular.otf
18:13:38.050 [FXGL Background Thread 3 ] DEBUG Engine               - fontSizeScaleUI: 1.0
18:13:38.051 [FXGL Background Thread 3 ] DEBUG Engine               - fontText: Courier-Prime.ttf
18:13:38.051 [FXGL Background Thread 3 ] DEBUG Engine               - fontUI: VarelaRound-Regular.ttf
18:13:38.051 [FXGL Background Thread 3 ] DEBUG Engine               - fullScreen: BooleanProperty [value: false]
18:13:38.051 [FXGL Background Thread 3 ] DEBUG Engine               - gameDifficulty: MEDIUM
18:13:38.051 [FXGL Background Thread 3 ] DEBUG Engine               - gameDifficultyProperty: ObjectProperty [value: MEDIUM]
18:13:38.051 [FXGL Background Thread 3 ] DEBUG Engine               - globalMusicVolume: 0.5
18:13:38.051 [FXGL Background Thread 3 ] DEBUG Engine               - globalMusicVolumeProperty: DoubleProperty [value: 0.5]
18:13:38.054 [FXGL Background Thread 3 ] DEBUG Engine               - globalSoundVolume: 0.5
18:13:38.054 [FXGL Background Thread 3 ] DEBUG Engine               - globalSoundVolumeProperty: DoubleProperty [value: 0.5]
18:13:38.054 [FXGL Background Thread 3 ] DEBUG Engine               - height: 600
18:13:38.055 [FXGL Background Thread 3 ] DEBUG Engine               - is3D: false
18:13:38.055 [FXGL Background Thread 3 ] DEBUG Engine               - isAndroid: false
18:13:38.055 [FXGL Background Thread 3 ] DEBUG Engine               - isBrowser: false
18:13:38.055 [FXGL Background Thread 3 ] DEBUG Engine               - isClickFeedbackEnabled: false
18:13:38.055 [FXGL Background Thread 3 ] DEBUG Engine               - isCloseConfirmation: false
18:13:38.055 [FXGL Background Thread 3 ] DEBUG Engine               - isDesktop: true
18:13:38.055 [FXGL Background Thread 3 ] DEBUG Engine               - isDeveloperMenuEnabled: false
18:13:38.055 [FXGL Background Thread 3 ] DEBUG Engine               - isEmbedded: false
18:13:38.055 [FXGL Background Thread 3 ] DEBUG Engine               - isEntityPreloadEnabled: true
18:13:38.058 [FXGL Background Thread 3 ] DEBUG Engine               - isExperimentalTiledLargeMap: false
18:13:38.058 [FXGL Background Thread 3 ] DEBUG Engine               - isFileSystemWriteAllowed: true
18:13:38.058 [FXGL Background Thread 3 ] DEBUG Engine               - isFullScreenAllowed: false
18:13:38.058 [FXGL Background Thread 3 ] DEBUG Engine               - isFullScreenFromStart: false
18:13:38.058 [FXGL Background Thread 3 ] DEBUG Engine               - isGameMenuEnabled: true
18:13:38.058 [FXGL Background Thread 3 ] DEBUG Engine               - isIOS: false
18:13:38.059 [FXGL Background Thread 3 ] DEBUG Engine               - isIntroEnabled: false
18:13:38.059 [FXGL Background Thread 3 ] DEBUG Engine               - isLinux: false
18:13:38.059 [FXGL Background Thread 3 ] DEBUG Engine               - isMac: false
18:13:38.059 [FXGL Background Thread 3 ] DEBUG Engine               - isMainMenuEnabled: false
18:13:38.060 [FXGL Background Thread 3 ] DEBUG Engine               - isManualResizeEnabled: false
18:13:38.060 [FXGL Background Thread 3 ] DEBUG Engine               - isMobile: false
18:13:38.062 [FXGL Background Thread 3 ] DEBUG Engine               - isNative: false
18:13:38.064 [FXGL Background Thread 3 ] DEBUG Engine               - isPauseMusicWhenMinimized: true
18:13:38.065 [FXGL Background Thread 3 ] DEBUG Engine               - isPreserveResizeRatio: false
18:13:38.066 [FXGL Background Thread 3 ] DEBUG Engine               - isProfilingEnabled: false
18:13:38.070 [FXGL Background Thread 3 ] DEBUG Engine               - isScaleAffectedOnResize: true
18:13:38.071 [FXGL Background Thread 3 ] DEBUG Engine               - isSingleStep: false
18:13:38.072 [FXGL Background Thread 3 ] DEBUG Engine               - isUserProfileEnabled: false
18:13:38.073 [FXGL Background Thread 3 ] DEBUG Engine               - isWindows: true
18:13:38.074 [FXGL Background Thread 3 ] DEBUG Engine               - language: ObjectProperty [value: ENGLISH]
18:13:38.075 [FXGL Background Thread 3 ] DEBUG Engine               - menuKey: ESCAPE
18:13:38.079 [FXGL Background Thread 3 ] DEBUG Engine               - mouseSensitivity: 0.2
18:13:38.080 [FXGL Background Thread 3 ] DEBUG Engine               - notificationViewClass: class com.almasb.fxgl.notification.view.XboxNotificationView
18:13:38.081 [FXGL Background Thread 3 ] DEBUG Engine               - pixelsPerMeter: 50.0
18:13:38.082 [FXGL Background Thread 3 ] DEBUG Engine               - platform: WINDOWS
18:13:38.082 [FXGL Background Thread 3 ] DEBUG Engine               - prefHeightProperty: ReadOnlyDoubleProperty [value: 600.0]
18:13:38.082 [FXGL Background Thread 3 ] DEBUG Engine               - prefWidthProperty: ReadOnlyDoubleProperty [value: 1000.0]
18:13:38.083 [FXGL Background Thread 3 ] DEBUG Engine               - profileDir: profiles/
18:13:38.083 [FXGL Background Thread 3 ] DEBUG Engine               - profileName: StringProperty [value: DEFAULT]
18:13:38.083 [FXGL Background Thread 3 ] DEBUG Engine               - randomSeed: -1
18:13:38.084 [FXGL Background Thread 3 ] DEBUG Engine               - runtimeInfo: RuntimeInfo(platform=WINDOWS, version=17.3, build=30.03.2023 11.49)
18:13:38.085 [FXGL Background Thread 3 ] DEBUG Engine               - saveFileExt: sav
18:13:38.085 [FXGL Background Thread 3 ] DEBUG Engine               - scaledHeightProp$fxgl: DoubleProperty [bound, value: 600.0]
18:13:38.087 [FXGL Background Thread 3 ] DEBUG Engine               - scaledWidthProp$fxgl: DoubleProperty [bound, value: 1000.0]
18:13:38.088 [FXGL Background Thread 3 ] DEBUG Engine               - sceneFactory: com.almasb.fxgl.app.scene.SceneFactory@1006a3ab
18:13:38.088 [FXGL Background Thread 3 ] DEBUG Engine               - secondsIn24h: 60
18:13:38.088 [FXGL Background Thread 3 ] DEBUG Engine               - soundMenuBack: menu/back.wav
18:13:38.088 [FXGL Background Thread 3 ] DEBUG Engine               - soundMenuPress: menu/press.wav
18:13:38.088 [FXGL Background Thread 3 ] DEBUG Engine               - soundMenuSelect: menu/select.wav
18:13:38.089 [FXGL Background Thread 3 ] DEBUG Engine               - soundNotification: core/notification.wav
18:13:38.089 [FXGL Background Thread 3 ] DEBUG Engine               - stageStyle: DECORATED
18:13:38.089 [FXGL Background Thread 3 ] DEBUG Engine               - supportedLanguages: [ENGLISH, FRENCH, GERMAN, HUNGARIAN, RUSSIAN]
18:13:38.089 [FXGL Background Thread 3 ] DEBUG Engine               - ticksPerSecond: -1
18:13:38.089 [FXGL Background Thread 3 ] DEBUG Engine               - title: Jugador Sonic
18:13:38.089 [FXGL Background Thread 3 ] DEBUG Engine               - urlGithub: https://github.com/AlmasB/FXGL
18:13:38.089 [FXGL Background Thread 3 ] DEBUG Engine               - urlLeaderboard: http://fxgl-top.herokuapp.com/
18:13:38.089 [FXGL Background Thread 3 ] DEBUG Engine               - urlPOM: https://raw.githubusercontent.com/AlmasB/FXGL/release/README.md
18:13:38.089 [FXGL Background Thread 3 ] DEBUG Engine               - userAppClass: class Runner.ClientRunner
18:13:38.090 [FXGL Background Thread 3 ] DEBUG Engine               - version: 0.0
18:13:38.090 [FXGL Background Thread 3 ] DEBUG Engine               - versionCheckDays: 7
18:13:38.090 [FXGL Background Thread 3 ] DEBUG Engine               - width: 1000
18:13:38.090 [FXGL Background Thread 3 ] DEBUG Engine               - Logging services
18:13:38.090 [FXGL Background Thread 3 ] DEBUG Engine               - class com.almasb.fxgl.app.services.FXGLAssetLoaderService
18:13:38.090 [FXGL Background Thread 3 ] DEBUG Engine               - class com.almasb.fxgl.app.FXGLApplication$GameApplicationService
18:13:38.091 [FXGL Background Thread 3 ] DEBUG Engine               - class com.almasb.fxgl.app.services.FXGLDialogService
18:13:38.091 [FXGL Background Thread 3 ] DEBUG Engine               - class com.almasb.fxgl.app.services.IOTaskExecutorService
18:13:38.091 [FXGL Background Thread 3 ] DEBUG Engine               - class com.almasb.fxgl.io.FileSystemService
18:13:38.091 [FXGL Background Thread 3 ] DEBUG Engine               - class com.almasb.fxgl.localization.LocalizationService
18:13:38.091 [FXGL Background Thread 3 ] DEBUG Engine               - class com.almasb.fxgl.app.services.SystemBundleService
18:13:38.091 [FXGL Background Thread 3 ] DEBUG Engine               - class com.almasb.fxgl.profile.SaveLoadService
18:13:38.091 [FXGL Background Thread 3 ] DEBUG Engine               - class com.almasb.fxgl.ui.FXGLUIFactoryServiceProvider
18:13:38.091 [FXGL Background Thread 3 ] DEBUG Engine               - class com.almasb.fxgl.ui.FXGLDialogFactoryServiceProvider
18:13:38.091 [FXGL Background Thread 3 ] DEBUG Engine               - class com.almasb.fxgl.audio.AudioPlayer
18:13:38.091 [FXGL Background Thread 3 ] DEBUG Engine               - class com.almasb.fxgl.notification.impl.NotificationServiceProvider
18:13:38.091 [FXGL Background Thread 3 ] DEBUG Engine               - class com.almasb.fxgl.achievement.AchievementService
18:13:38.091 [FXGL Background Thread 3 ] DEBUG Engine               - class com.almasb.fxgl.cutscene.CutsceneService
18:13:38.091 [FXGL Background Thread 3 ] DEBUG Engine               - class com.almasb.fxgl.minigames.MiniGameService
18:13:38.092 [FXGL Background Thread 3 ] DEBUG Engine               - class com.almasb.fxgl.net.NetService
18:13:38.092 [FXGL Background Thread 3 ] DEBUG Engine               - class com.almasb.fxgl.app.services.UpdaterService
18:13:38.092 [FXGL Background Thread 3 ] DEBUG Engine               - class com.almasb.fxgl.dev.DevService
18:13:38.092 [FXGL Background Thread 3 ] DEBUG Engine               - class com.almasb.fxgl.multiplayer.MultiplayerService
18:13:39.421 [JavaFX Application Thread] DEBUG FXGLAssetLoaderServi - Loading from file system: file:/C:/Users/Owner/Desktop/Sonic-rush/target/classes/assets/textures/fondo.png
18:13:40.038 [JavaFX Application Thread] WARN  TMXLevelLoader       - TiledMap generated from 1.11.2. Supported version: 1.9.0. Some features may not be parsed fully.
18:13:40.264 [JavaFX Application Thread] DEBUG TMXLevelLoader       - Parsed TiledMap: file:/C:/Users/Owner/Desktop/Sonic-rush/target/classes/assets/levels/mapazo.tmx
18:13:40.266 [JavaFX Application Thread] DEBUG TMXLevelLoader       - Creating tile layer entities
18:13:40.269 [JavaFX Application Thread] DEBUG TilesetLoader        - Loading view for layer Capa de patrones 1
18:13:40.277 [JavaFX Application Thread] DEBUG TilesetLoader        - Created buffer with size 3840.0x720.0
18:13:40.320 [JavaFX Application Thread] DEBUG TMXLevelLoader       - Creating object layer entities
18:13:40.414 [JavaFX Application Thread] DEBUG GameWorld            - Clearing removable entities
18:13:40.418 [JavaFX Application Thread] DEBUG GameWorld            - Setting level: com.almasb.fxgl.entity.level.Level@1fee26fb
18:13:40.459 [JavaFX Application Thread] DEBUG FXGLAssetLoaderServi - Loading from file system: file:/C:/Users/Owner/Desktop/Sonic-rush/target/classes/assets/textures/Enemigos/eggman2.png
18:13:40.677 [ClientAsyncConnThread    ] DEBUG TCPClient            - Connecting to localhost:55555 type: class com.almasb.fxgl.core.serialization.Bundle
18:13:40.710 [ClientAsyncConnThread    ] DEBUG TCPClient            - Created socket to localhost:55555
18:13:40.751 [ClientAsyncConnThread    ] DEBUG Endpoint             - TCPClient opening new connection (1) from localhost/127.0.0.1:55555 type: class com.almasb.fxgl.core.serialization.Bundle
18:13:40.753 [ClientAsyncConnThread    ] DEBUG Endpoint             - TCPClient successfully opened connection (1)
18:13:40.982 [TCPClient_SendThread-1   ] DEBUG Writers              - Getting TCPMessageWriter for class com.almasb.fxgl.core.serialization.Bundle
18:13:40.986 [TCPClient_SendThread-1   ] DEBUG Writers              - Constructed TCPMessageWriter for class com.almasb.fxgl.core.serialization.Bundle: BundleTCPMessageWriter
18:13:41.089 [TCPClient_RecvThread-1   ] DEBUG Readers              - Getting TCPMessageReader for class com.almasb.fxgl.core.serialization.Bundle
18:13:41.282 [TCPClient_RecvThread-1   ] DEBUG Readers              - Constructed MessageReader for class com.almasb.fxgl.core.serialization.Bundle: BundleTCPMessageReader
18:13:41.767 [JavaFX Application Thread] DEBUG FXGLAssetLoaderServi - Loading from file system: file:/C:/Users/Owner/Desktop/Sonic-rush/target/classes/assets/textures/Items/ring.png
18:13:41.911 [JavaFX Application Thread] DEBUG FXGLAssetLoaderServi - Loading from file system: file:/C:/Users/Owner/Desktop/Sonic-rush/target/classes/assets/textures/Items/basura.png
18:13:41.913 [JavaFX Application Thread] DEBUG FXGLAssetLoaderServi - Loading from file system: file:/C:/Users/Owner/Desktop/Sonic-rush/target/classes/assets/textures/Items/caucho.png
18:13:41.925 [JavaFX Application Thread] DEBUG FXGLAssetLoaderServi - Loading from file system: file:/C:/Users/Owner/Desktop/Sonic-rush/target/classes/assets/textures/Items/papel.png
18:13:42.107 [JavaFX Application Thread] DEBUG FXGLAssetLoaderServi - Loading from file system: file:/C:/Users/Owner/Desktop/Sonic-rush/target/classes/assets/textures/Enemigos/enemigo2.png
18:13:42.294 [JavaFX Application Thread] DEBUG FXGLAssetLoaderServi - Loading from file system: file:/C:/Users/Owner/Desktop/Sonic-rush/target/classes/assets/textures/Personajes/sonic.png
18:13:42.302 [JavaFX Application Thread] DEBUG FXGLAssetLoaderServi - Loading from file system: file:/C:/Users/Owner/Desktop/Sonic-rush/target/classes/assets/textures/Personajes/sonic_camina.png
18:13:42.306 [JavaFX Application Thread] DEBUG FXGLAssetLoaderServi - Loading from file system: file:/C:/Users/Owner/Desktop/Sonic-rush/target/classes/assets/textures/Personajes/super_sonic.png
18:13:44.959 [JavaFX Application Thread] DEBUG FXGLAssetLoaderServi - Loading from file system: file:/C:/Users/Owner/Desktop/Sonic-rush/target/classes/assets/sounds/recoger.wav
18:13:46.076 [JavaFX Application Thread] DEBUG FXGLAssetLoaderServi - Loading from file system: file:/C:/Users/Owner/Desktop/Sonic-rush/target/classes/assets/sounds/salto.wav
18:14:02.412 [JavaFX Application Thread] DEBUG FXGLApplication      - Exiting FXGL
18:14:02.412 [JavaFX Application Thread] DEBUG LoopRunner           - Stopping loop
18:14:02.413 [JavaFX Application Thread] DEBUG SystemBundleService  - Saving FXGL system data
18:14:02.415 [JavaFX Application Thread] DEBUG FileSystemAccess     - Writing to: C:\Users\Owner\Desktop\Sonic-rush\system\fxgl.bundle
18:14:02.417 [JavaFX Application Thread] DEBUG Async                - Shutting down background threads
18:14:02.417 [JavaFX Application Thread] DEBUG PrimaryStageWindow   - Closing main window
18:14:02.458 [JavaFX Application Thread] DEBUG Logger               - Closing Logger
