23:26:43.381 [main                     ] DEBUG Logger               - Configured Logger
23:26:43.419 [main                     ] DEBUG GameApplication      - Logging settings
Title: Server
Version: 0.0
Width: 800
Height: 500
Fullscreen: false
Intro: false
Profiling: false
Single step:false
App Mode: DEVELOPER
Menu Key: ESCAPE
Stage Style: DECORATED
Scene Factory: class com.almasb.fxgl.app.scene.SceneFactory

23:26:44.161 [JavaFX Application Thread] DEBUG FXGLApplication      - Initializing FXGL
23:26:44.167 [JavaFX Application Thread] INFO  Engine               - FXGL-17.3 (30.03.2023 11.49) on WINDOWS (J:17.0.12 FX:20)
23:26:44.168 [JavaFX Application Thread] DEBUG Engine               - JRE Vendor Name: Oracle Corporation
23:26:44.169 [JavaFX Application Thread] DEBUG Engine               - Running on OS: Windows 10 version 10.0
23:26:44.169 [JavaFX Application Thread] DEBUG Engine               - Architecture: amd64
23:26:44.169 [JavaFX Application Thread] INFO  Engine               - Source code and latest versions at: https://github.com/AlmasB/FXGL
23:26:44.169 [JavaFX Application Thread] INFO  Engine               -       Ask questions and discuss at: https://github.com/AlmasB/FXGL/discussions
23:26:44.170 [JavaFX Application Thread] INFO  Engine               -              Join the FXGL chat at: https://gitter.im/AlmasB/FXGL
23:26:44.639 [JavaFX Application Thread] DEBUG PrimaryStageWindow   - Creating a JavaFX scene
23:26:44.768 [JavaFX Application Thread] DEBUG PrimaryStageWindow   - Target settings size: 800.0 x 500.0
23:26:44.769 [JavaFX Application Thread] DEBUG PrimaryStageWindow   - Scaled scene size:    800.0 x 500.0
23:26:44.769 [JavaFX Application Thread] DEBUG PrimaryStageWindow   - Scaled ratio: (1.0, 1.0)
23:26:44.771 [JavaFX Application Thread] DEBUG PrimaryStageWindow   - Set initial scene to FXGLStartupScene
23:26:44.777 [JavaFX Application Thread] DEBUG PrimaryStageWindow   - Opening main window
23:26:44.924 [JavaFX Application Thread] DEBUG PrimaryStageWindow   - Window border size: (14.4000244140625, 37.5999755859375)
23:26:44.924 [JavaFX Application Thread] DEBUG PrimaryStageWindow   - Scaled size: 800.0 x 500.0
23:26:44.925 [JavaFX Application Thread] DEBUG PrimaryStageWindow   - Scaled ratio: (1.0, 1.0)
23:26:44.926 [JavaFX Application Thread] DEBUG PrimaryStageWindow   - Scene size: 800.0 x 500.0
23:26:44.926 [JavaFX Application Thread] DEBUG PrimaryStageWindow   - Stage size: 814.4000244140625 x 537.5999755859375
23:26:44.949 [FXGL Background Thread 1 ] DEBUG Engine               - Initializing environment variables
23:26:45.044 [FXGL Background Thread 1 ] DEBUG FXGLAssetLoaderServi - User app class for loading assets: class Runner.ServerRunner
23:26:45.047 [FXGL Background Thread 1 ] DEBUG GameApplicationServi - Applying CSS: fxgl_dark.css
23:26:45.052 [FXGL Background Thread 1 ] DEBUG FXGLAssetLoaderServi - Loading from file system: jar:file:/C:/Users/Owner/.m2/repository/com/github/almasb/fxgl/17.3/fxgl-17.3.jar!/fxglassets/ui/css/fxgl_dark.css
23:26:45.239 [FXGL Background Thread 1 ] DEBUG GameApplicationServi - Initializing application scenes
23:26:45.385 [FXGL Background Thread 1 ] DEBUG GameWorld            - Game world initialized
23:26:45.669 [FXGL Background Thread 1 ] DEBUG PhysicsWorld         - Physics world initialized: appHeight=500, physics.ppm=50.0
23:26:45.670 [FXGL Background Thread 1 ] DEBUG PhysicsWorld         - Using strategy: BRUTE_FORCE
23:26:45.698 [FXGL Background Thread 1 ] DEBUG GameScene            - Game scene initialized: 800x500
23:26:45.722 [FXGL Background Thread 1 ] WARN  FXGL.DefaultMenu     - FXGLDefaultMenu is not designed for resolutions < 800x600
23:26:45.729 [FXGL Background Thread 1 ] DEBUG FXGL.DefaultMenu     - createMenuBodyGameMenu()
23:26:45.772 [FXGL Background Thread 1 ] DEBUG FXGL.DefaultMenu     - createOptionsMenu()
23:26:45.894 [FXGL Background Thread 1 ] DEBUG FXGLAssetLoaderServi - Loading from file system: jar:file:/C:/Users/Owner/.m2/repository/com/github/almasb/fxgl/17.3/fxgl-17.3.jar!/fxglassets/textures/particles/smoke.png
23:26:46.528 [FXGL Background Thread 1 ] DEBUG FXGLAssetLoaderServi - Loading from file system: jar:file:/C:/Users/Owner/.m2/repository/com/github/almasb/fxgl/17.3/fxgl-17.3.jar!/fxglassets/textures/particles/trace_horizontal.png
23:26:46.702 [FXGL Background Thread 1 ] DEBUG GameApplicationServi - Application scenes initialized
23:26:46.767 [FXGL Background Thread 1 ] DEBUG SystemBundleService  - Loading FXGL system data
23:26:46.775 [FXGL Background Thread 1 ] DEBUG FileSystemAccess     - Reading from: C:\Users\Owner\Desktop\Sonic-rush\system\fxgl.bundle
23:26:46.790 [FXGL Background Thread 1 ] DEBUG SystemBundleService  - Bundle FXGL: {}
23:26:46.791 [FXGL Background Thread 1 ] DEBUG UpdaterService       - Checking for updates
23:26:46.806 [FXGL Background Thread 1 ] DEBUG FXGLApplication      - Loading default localization
23:26:46.810 [FXGL Background Thread 1 ] DEBUG FXGLAssetLoaderServi - Loading from file system: jar:file:/C:/Users/Owner/.m2/repository/com/github/almasb/fxgl/17.3/fxgl-17.3.jar!/fxglassets/languages/english.lang
23:26:46.893 [FXGL Background Thread 1 ] INFO  FXGLApplication      - FXGL initialization took: 1.944 sec
23:26:47.023 [JavaFX Application Thread] DEBUG FXGLAssetLoaderServi - Loading from file system: jar:file:/C:/Users/Owner/.m2/repository/com/github/almasb/fxgl/17.3/fxgl-17.3.jar!/fxglassets/textures/fxgl_icon.png
23:26:47.033 [FXGL Background Thread 4 ] DEBUG FXGLApplication      - Loading fonts
23:26:47.033 [FXGL Background Thread 4 ] DEBUG FXGLAssetLoaderServi - Loading from file system: jar:file:/C:/Users/Owner/.m2/repository/com/github/almasb/fxgl/17.3/fxgl-17.3.jar!/fxglassets/ui/fonts/VarelaRound-Regular.ttf
23:26:47.142 [JavaFX Application Thread] DEBUG FXGLAssetLoaderServi - Loading from file system: jar:file:/C:/Users/Owner/.m2/repository/com/github/almasb/fxgl/17.3/fxgl-17.3.jar!/fxglassets/textures/fxgl_default_cursor.png
23:26:47.169 [JavaFX Application Thread] DEBUG Input                - Registered new binding: Screenshot - CTRL+8
23:26:47.171 [JavaFX Application Thread] DEBUG Input                - Registered new binding: System info dump - CTRL+9
23:26:47.171 [JavaFX Application Thread] DEBUG Input                - Registered new binding: Restart - CTRL+R
23:26:47.173 [JavaFX Application Thread] DEBUG Input                - Registered new binding: Toggle Debug Camera - CTRL+7
23:26:47.178 [JavaFX Application Thread] DEBUG LoopRunner           - Starting loop
23:26:47.179 [JavaFX Application Thread] DEBUG LoopRunner           - Initializing JavaFX AnimationTimerLoop
23:26:47.181 [JavaFX Application Thread] DEBUG GameApplicationServi - Starting new game
23:26:47.182 [JavaFX Application Thread] DEBUG Input                - Clearing active input actions
23:26:47.212 [JavaFX Application Thread] DEBUG GameApplicationServi - Removing overlay from FXGLStartupScene and adding to FXGLLoadingScene
23:26:47.213 [JavaFX Application Thread] DEBUG PrimaryStageWindow   - FXGLStartupScene -> FXGLLoadingScene
23:26:47.213 [JavaFX Application Thread] DEBUG GameApplicationServi - Clearing previous game
23:26:47.213 [JavaFX Application Thread] DEBUG GameScene            - Clearing game scene
23:26:47.213 [JavaFX Application Thread] DEBUG GameWorld            - Clearing game world
23:26:47.214 [JavaFX Application Thread] DEBUG PhysicsWorld         - Clearing physics world
23:26:47.215 [FXGL Background Thread 1 ] DEBUG FXGLApplication      - Initializing game
23:26:47.700 [ServerAsyncConnThread    ] DEBUG TCPServer            - Starting to listen at: 50000 type: class com.almasb.fxgl.core.serialization.Bundle
23:26:47.907 [FXGL Background Thread 1 ] WARN  TMXLevelLoader       - TiledMap generated from 1.11.2. Supported version: 1.9.0. Some features may not be parsed fully.
23:26:48.054 [FXGL Background Thread 1 ] DEBUG TMXLevelLoader       - Parsed TiledMap: file:/C:/Users/Owner/Desktop/Sonic-rush/target/classes/assets/levels/mapazo.tmx
23:26:48.057 [FXGL Background Thread 1 ] DEBUG TMXLevelLoader       - Creating tile layer entities
23:26:48.060 [FXGL Background Thread 1 ] DEBUG TilesetLoader        - Loading view for layer Capa de patrones 1
23:26:48.070 [FXGL Background Thread 1 ] DEBUG TilesetLoader        - Created buffer with size 3840.0x720.0
23:26:48.187 [FXGL Background Thread 1 ] DEBUG TMXLevelLoader       - Creating object layer entities
23:26:48.241 [FXGL Background Thread 1 ] DEBUG GameWorld            - Clearing removable entities
23:26:48.251 [FXGL Background Thread 1 ] DEBUG GameWorld            - Setting level: com.almasb.fxgl.entity.level.Level@70858c4c
23:26:48.424 [FXGL Background Thread 1 ] DEBUG FXGLAssetLoaderServi - Loading from file system: file:/C:/Users/Owner/Desktop/Sonic-rush/target/classes/assets/textures/Items/ring.png
23:26:48.485 [FXGL Background Thread 4 ] DEBUG FXGLAssetLoaderServi - Loading from file system: jar:file:/C:/Users/Owner/.m2/repository/com/github/almasb/fxgl/17.3/fxgl-17.3.jar!/fxglassets/ui/fonts/Abel-Regular.ttf
23:26:48.500 [FXGL Background Thread 4 ] DEBUG FXGLAssetLoaderServi - Loading from file system: jar:file:/C:/Users/Owner/.m2/repository/com/github/almasb/fxgl/17.3/fxgl-17.3.jar!/fxglassets/ui/fonts/TerminalLandMono-Regular.otf
23:26:48.508 [FXGL Background Thread 4 ] DEBUG FXGLAssetLoaderServi - Loading from file system: jar:file:/C:/Users/Owner/.m2/repository/com/github/almasb/fxgl/17.3/fxgl-17.3.jar!/fxglassets/ui/fonts/Courier-Prime.ttf
23:26:48.518 [FXGL Background Thread 1 ] DEBUG FXGLAssetLoaderServi - Loading from file system: file:/C:/Users/Owner/Desktop/Sonic-rush/target/classes/assets/textures/Enemigos/enemigo2.png
23:26:48.520 [JavaFX Application Thread] DEBUG FXGLApplication      - Registering font factories with UI factory
23:26:48.566 [FXGL Background Thread 1 ] DEBUG FXGLAssetLoaderServi - Loading from file system: file:/C:/Users/Owner/Desktop/Sonic-rush/target/classes/assets/textures/Items/papel.png
23:26:48.711 [FXGL Background Thread 1 ] DEBUG FXGLAssetLoaderServi - Loading from file system: file:/C:/Users/Owner/Desktop/Sonic-rush/target/classes/assets/textures/Items/basura.png
23:26:48.803 [FXGL Background Thread 1 ] DEBUG FXGLAssetLoaderServi - Loading from file system: file:/C:/Users/Owner/Desktop/Sonic-rush/target/classes/assets/textures/Items/caucho.png
23:26:48.861 [FXGL Background Thread 1 ] INFO  FXGLApplication      - Game initialization took: 1.646 sec
23:26:49.038 [JavaFX Application Thread] DEBUG Input                - Clearing active input actions
23:26:49.060 [JavaFX Application Thread] DEBUG GameApplicationServi - Removing overlay from FXGLLoadingScene and adding to GameScene
23:26:49.061 [JavaFX Application Thread] DEBUG PrimaryStageWindow   - FXGLLoadingScene -> GameScene
23:26:49.800 [FXGL Background Thread 3 ] DEBUG Engine               - Logging environment variables
23:26:49.800 [FXGL Background Thread 3 ] DEBUG Engine               - achievements: []
23:26:49.801 [FXGL Background Thread 3 ] DEBUG Engine               - actualHeight: 500.0
23:26:49.801 [FXGL Background Thread 3 ] DEBUG Engine               - actualHeightProperty: ReadOnlyDoubleProperty [value: 500.0]
23:26:49.801 [FXGL Background Thread 3 ] DEBUG Engine               - actualWidth: 800.0
23:26:49.801 [FXGL Background Thread 3 ] DEBUG Engine               - actualWidthProperty: ReadOnlyDoubleProperty [value: 800.0]
23:26:49.801 [FXGL Background Thread 3 ] DEBUG Engine               - appIcon: fxgl_icon.png
23:26:49.801 [FXGL Background Thread 3 ] DEBUG Engine               - applicationMode: DEVELOPER
23:26:49.801 [FXGL Background Thread 3 ] DEBUG Engine               - cSSList: [fxgl_dark.css]
23:26:49.801 [FXGL Background Thread 3 ] DEBUG Engine               - collisionDetectionStrategy: BRUTE_FORCE
23:26:49.801 [FXGL Background Thread 3 ] DEBUG Engine               - configClass: Optional.empty
23:26:49.801 [FXGL Background Thread 3 ] DEBUG Engine               - credits: []
23:26:49.808 [FXGL Background Thread 3 ] DEBUG Engine               - defaultCursor: CursorInfo(imageName=fxgl_default_cursor.png, hotspotX=7.0, hotspotY=6.0)
23:26:49.808 [FXGL Background Thread 3 ] DEBUG Engine               - devBBoxColorProperty: ObjectProperty [value: 0xff0000ff]
23:26:49.808 [FXGL Background Thread 3 ] DEBUG Engine               - devEnableDebugCameraProperty: BooleanProperty [value: false]
23:26:49.811 [FXGL Background Thread 3 ] DEBUG Engine               - devSensorColorProperty: ObjectProperty [value: 0xffff00ff]
23:26:49.813 [FXGL Background Thread 3 ] DEBUG Engine               - devShowBBoxProperty: BooleanProperty [value: false]
23:26:49.814 [FXGL Background Thread 3 ] DEBUG Engine               - devShowPositionProperty: BooleanProperty [value: false]
23:26:49.818 [FXGL Background Thread 3 ] DEBUG Engine               - enabledMenuItems: []
23:26:49.818 [FXGL Background Thread 3 ] DEBUG Engine               - engineServices: [class com.almasb.fxgl.app.services.FXGLAssetLoaderService, class com.almasb.fxgl.app.FXGLApplication$GameApplicationService, class com.almasb.fxgl.app.services.FXGLDialogService, class com.almasb.fxgl.app.services.IOTaskExecutorService, class com.almasb.fxgl.io.FileSystemService, class com.almasb.fxgl.localization.LocalizationService, class com.almasb.fxgl.app.services.SystemBundleService, class com.almasb.fxgl.profile.SaveLoadService, class com.almasb.fxgl.ui.FXGLUIFactoryServiceProvider, class com.almasb.fxgl.ui.FXGLDialogFactoryServiceProvider, class com.almasb.fxgl.audio.AudioPlayer, class com.almasb.fxgl.notification.impl.NotificationServiceProvider, class com.almasb.fxgl.achievement.AchievementService, class com.almasb.fxgl.cutscene.CutsceneService, class com.almasb.fxgl.minigames.MiniGameService, class com.almasb.fxgl.net.NetService, class com.almasb.fxgl.app.services.UpdaterService, class com.almasb.fxgl.dev.DevService, class com.almasb.fxgl.multiplayer.MultiplayerService]
23:26:49.818 [FXGL Background Thread 3 ] DEBUG Engine               - fontGame: Abel-Regular.ttf
23:26:49.818 [FXGL Background Thread 3 ] DEBUG Engine               - fontMono: TerminalLandMono-Regular.otf
23:26:49.819 [FXGL Background Thread 3 ] DEBUG Engine               - fontSizeScaleUI: 1.0
23:26:49.819 [FXGL Background Thread 3 ] DEBUG Engine               - fontText: Courier-Prime.ttf
23:26:49.819 [FXGL Background Thread 3 ] DEBUG Engine               - fontUI: VarelaRound-Regular.ttf
23:26:49.819 [FXGL Background Thread 3 ] DEBUG Engine               - fullScreen: BooleanProperty [value: false]
23:26:49.820 [FXGL Background Thread 3 ] DEBUG Engine               - gameDifficulty: MEDIUM
23:26:49.820 [FXGL Background Thread 3 ] DEBUG Engine               - gameDifficultyProperty: ObjectProperty [value: MEDIUM]
23:26:49.820 [FXGL Background Thread 3 ] DEBUG Engine               - globalMusicVolume: 0.5
23:26:49.820 [FXGL Background Thread 3 ] DEBUG Engine               - globalMusicVolumeProperty: DoubleProperty [value: 0.5]
23:26:49.820 [FXGL Background Thread 3 ] DEBUG Engine               - globalSoundVolume: 0.5
23:26:49.820 [FXGL Background Thread 3 ] DEBUG Engine               - globalSoundVolumeProperty: DoubleProperty [value: 0.5]
23:26:49.820 [FXGL Background Thread 3 ] DEBUG Engine               - height: 500
23:26:49.821 [FXGL Background Thread 3 ] DEBUG Engine               - is3D: false
23:26:49.822 [FXGL Background Thread 3 ] DEBUG Engine               - isAndroid: false
23:26:49.822 [FXGL Background Thread 3 ] DEBUG Engine               - isBrowser: false
23:26:49.822 [FXGL Background Thread 3 ] DEBUG Engine               - isClickFeedbackEnabled: false
23:26:49.825 [FXGL Background Thread 3 ] DEBUG Engine               - isCloseConfirmation: false
23:26:49.825 [FXGL Background Thread 3 ] DEBUG Engine               - isDesktop: true
23:26:49.825 [FXGL Background Thread 3 ] DEBUG Engine               - isDeveloperMenuEnabled: false
23:26:49.825 [FXGL Background Thread 3 ] DEBUG Engine               - isEmbedded: false
23:26:49.826 [FXGL Background Thread 3 ] DEBUG Engine               - isEntityPreloadEnabled: true
23:26:49.826 [FXGL Background Thread 3 ] DEBUG Engine               - isExperimentalTiledLargeMap: false
23:26:49.829 [FXGL Background Thread 3 ] DEBUG Engine               - isFileSystemWriteAllowed: true
23:26:49.836 [FXGL Background Thread 3 ] DEBUG Engine               - isFullScreenAllowed: false
23:26:49.836 [FXGL Background Thread 3 ] DEBUG Engine               - isFullScreenFromStart: false
23:26:49.836 [FXGL Background Thread 3 ] DEBUG Engine               - isGameMenuEnabled: true
23:26:49.836 [FXGL Background Thread 3 ] DEBUG Engine               - isIOS: false
23:26:49.836 [FXGL Background Thread 3 ] DEBUG Engine               - isIntroEnabled: false
23:26:49.836 [FXGL Background Thread 3 ] DEBUG Engine               - isLinux: false
23:26:49.838 [FXGL Background Thread 3 ] DEBUG Engine               - isMac: false
23:26:49.838 [FXGL Background Thread 3 ] DEBUG Engine               - isMainMenuEnabled: false
23:26:49.838 [FXGL Background Thread 3 ] DEBUG Engine               - isManualResizeEnabled: false
23:26:49.838 [FXGL Background Thread 3 ] DEBUG Engine               - isMobile: false
23:26:49.838 [FXGL Background Thread 3 ] DEBUG Engine               - isNative: false
23:26:49.839 [FXGL Background Thread 3 ] DEBUG Engine               - isPauseMusicWhenMinimized: true
23:26:49.839 [FXGL Background Thread 3 ] DEBUG Engine               - isPreserveResizeRatio: false
23:26:49.839 [FXGL Background Thread 3 ] DEBUG Engine               - isProfilingEnabled: false
23:26:49.840 [FXGL Background Thread 3 ] DEBUG Engine               - isScaleAffectedOnResize: true
23:26:49.840 [FXGL Background Thread 3 ] DEBUG Engine               - isSingleStep: false
23:26:49.840 [FXGL Background Thread 3 ] DEBUG Engine               - isUserProfileEnabled: false
23:26:49.840 [FXGL Background Thread 3 ] DEBUG Engine               - isWindows: true
23:26:49.840 [FXGL Background Thread 3 ] DEBUG Engine               - language: ObjectProperty [value: ENGLISH]
23:26:49.840 [FXGL Background Thread 3 ] DEBUG Engine               - menuKey: ESCAPE
23:26:49.840 [FXGL Background Thread 3 ] DEBUG Engine               - mouseSensitivity: 0.2
23:26:49.840 [FXGL Background Thread 3 ] DEBUG Engine               - notificationViewClass: class com.almasb.fxgl.notification.view.XboxNotificationView
23:26:49.841 [FXGL Background Thread 3 ] DEBUG Engine               - pixelsPerMeter: 50.0
23:26:49.841 [FXGL Background Thread 3 ] DEBUG Engine               - platform: WINDOWS
23:26:49.841 [FXGL Background Thread 3 ] DEBUG Engine               - prefHeightProperty: ReadOnlyDoubleProperty [value: 500.0]
23:26:49.841 [FXGL Background Thread 3 ] DEBUG Engine               - prefWidthProperty: ReadOnlyDoubleProperty [value: 800.0]
23:26:49.841 [FXGL Background Thread 3 ] DEBUG Engine               - profileDir: profiles/
23:26:49.841 [FXGL Background Thread 3 ] DEBUG Engine               - profileName: StringProperty [value: DEFAULT]
23:26:49.841 [FXGL Background Thread 3 ] DEBUG Engine               - randomSeed: -1
23:26:49.843 [FXGL Background Thread 3 ] DEBUG Engine               - runtimeInfo: RuntimeInfo(platform=WINDOWS, version=17.3, build=30.03.2023 11.49)
23:26:49.843 [FXGL Background Thread 3 ] DEBUG Engine               - saveFileExt: sav
23:26:49.844 [FXGL Background Thread 3 ] DEBUG Engine               - scaledHeightProp$fxgl: DoubleProperty [bound, value: 500.0]
23:26:49.844 [FXGL Background Thread 3 ] DEBUG Engine               - scaledWidthProp$fxgl: DoubleProperty [bound, value: 800.0]
23:26:49.844 [FXGL Background Thread 3 ] DEBUG Engine               - sceneFactory: com.almasb.fxgl.app.scene.SceneFactory@705147c3
23:26:49.844 [FXGL Background Thread 3 ] DEBUG Engine               - secondsIn24h: 60
23:26:49.844 [FXGL Background Thread 3 ] DEBUG Engine               - soundMenuBack: menu/back.wav
23:26:49.844 [FXGL Background Thread 3 ] DEBUG Engine               - soundMenuPress: menu/press.wav
23:26:49.844 [FXGL Background Thread 3 ] DEBUG Engine               - soundMenuSelect: menu/select.wav
23:26:49.846 [FXGL Background Thread 3 ] DEBUG Engine               - soundNotification: core/notification.wav
23:26:49.846 [FXGL Background Thread 3 ] DEBUG Engine               - stageStyle: DECORATED
23:26:49.846 [FXGL Background Thread 3 ] DEBUG Engine               - supportedLanguages: [ENGLISH, FRENCH, GERMAN, HUNGARIAN, RUSSIAN]
23:26:49.849 [FXGL Background Thread 3 ] DEBUG Engine               - ticksPerSecond: -1
23:26:49.850 [FXGL Background Thread 3 ] DEBUG Engine               - title: Server
23:26:49.851 [FXGL Background Thread 3 ] DEBUG Engine               - urlGithub: https://github.com/AlmasB/FXGL
23:26:49.851 [FXGL Background Thread 3 ] DEBUG Engine               - urlLeaderboard: http://fxgl-top.herokuapp.com/
23:26:49.851 [FXGL Background Thread 3 ] DEBUG Engine               - urlPOM: https://raw.githubusercontent.com/AlmasB/FXGL/release/README.md
23:26:49.851 [FXGL Background Thread 3 ] DEBUG Engine               - userAppClass: class Runner.ServerRunner
23:26:49.851 [FXGL Background Thread 3 ] DEBUG Engine               - version: 0.0
23:26:49.851 [FXGL Background Thread 3 ] DEBUG Engine               - versionCheckDays: 7
23:26:49.852 [FXGL Background Thread 3 ] DEBUG Engine               - width: 800
23:26:49.852 [FXGL Background Thread 3 ] DEBUG Engine               - Logging services
23:26:49.852 [FXGL Background Thread 3 ] DEBUG Engine               - class com.almasb.fxgl.app.services.FXGLAssetLoaderService
23:26:49.852 [FXGL Background Thread 3 ] DEBUG Engine               - class com.almasb.fxgl.app.FXGLApplication$GameApplicationService
23:26:49.852 [FXGL Background Thread 3 ] DEBUG Engine               - class com.almasb.fxgl.app.services.FXGLDialogService
23:26:49.852 [FXGL Background Thread 3 ] DEBUG Engine               - class com.almasb.fxgl.app.services.IOTaskExecutorService
23:26:49.852 [FXGL Background Thread 3 ] DEBUG Engine               - class com.almasb.fxgl.io.FileSystemService
23:26:49.852 [FXGL Background Thread 3 ] DEBUG Engine               - class com.almasb.fxgl.localization.LocalizationService
23:26:49.852 [FXGL Background Thread 3 ] DEBUG Engine               - class com.almasb.fxgl.app.services.SystemBundleService
23:26:49.852 [FXGL Background Thread 3 ] DEBUG Engine               - class com.almasb.fxgl.profile.SaveLoadService
23:26:49.852 [FXGL Background Thread 3 ] DEBUG Engine               - class com.almasb.fxgl.ui.FXGLUIFactoryServiceProvider
23:26:49.852 [FXGL Background Thread 3 ] DEBUG Engine               - class com.almasb.fxgl.ui.FXGLDialogFactoryServiceProvider
23:26:49.853 [FXGL Background Thread 3 ] DEBUG Engine               - class com.almasb.fxgl.audio.AudioPlayer
23:26:49.853 [FXGL Background Thread 3 ] DEBUG Engine               - class com.almasb.fxgl.notification.impl.NotificationServiceProvider
23:26:49.853 [FXGL Background Thread 3 ] DEBUG Engine               - class com.almasb.fxgl.achievement.AchievementService
23:26:49.853 [FXGL Background Thread 3 ] DEBUG Engine               - class com.almasb.fxgl.cutscene.CutsceneService
23:26:49.853 [FXGL Background Thread 3 ] DEBUG Engine               - class com.almasb.fxgl.minigames.MiniGameService
23:26:49.853 [FXGL Background Thread 3 ] DEBUG Engine               - class com.almasb.fxgl.net.NetService
23:26:49.853 [FXGL Background Thread 3 ] DEBUG Engine               - class com.almasb.fxgl.app.services.UpdaterService
23:26:49.853 [FXGL Background Thread 3 ] DEBUG Engine               - class com.almasb.fxgl.dev.DevService
23:26:49.853 [FXGL Background Thread 3 ] DEBUG Engine               - class com.almasb.fxgl.multiplayer.MultiplayerService
23:26:50.177 [FXGL Background Thread 2 ] INFO  UpdaterService       - Your current version:  17.3
23:26:50.214 [FXGL Background Thread 2 ] INFO  UpdaterService       - Latest stable version: 21.1
23:27:13.249 [ServerAsyncConnThread    ] DEBUG Endpoint             - TCPServer opening new connection (1) from /127.0.0.1:55605 type: class com.almasb.fxgl.core.serialization.Bundle
23:27:13.261 [ServerAsyncConnThread    ] DEBUG Endpoint             - TCPServer successfully opened connection (1)
23:27:14.019 [TCPServer_SendThread-1   ] DEBUG Writers              - Getting TCPMessageWriter for class com.almasb.fxgl.core.serialization.Bundle
23:27:14.024 [TCPServer_SendThread-1   ] DEBUG Writers              - Constructed TCPMessageWriter for class com.almasb.fxgl.core.serialization.Bundle: BundleTCPMessageWriter
23:27:14.606 [TCPServer_RecvThread-1   ] DEBUG Readers              - Getting TCPMessageReader for class com.almasb.fxgl.core.serialization.Bundle
23:27:14.657 [TCPServer_RecvThread-1   ] DEBUG Readers              - Constructed MessageReader for class com.almasb.fxgl.core.serialization.Bundle: BundleTCPMessageReader
23:28:06.770 [TCPServer_RecvThread-1   ] DEBUG Endpoint             - Connection 1 was unexpectedly disconnected: Connection reset
23:28:06.770 [TCPServer_RecvThread-1   ] DEBUG Connection           - Closing connection 1
23:28:06.770 [TCPServer_RecvThread-1   ] DEBUG Connection           - Connection 1 was correctly closed from local endpoint.
23:28:06.771 [TCPServer_RecvThread-1   ] DEBUG Endpoint             - TCPServer connection (1) was closed
23:28:08.100 [JavaFX Application Thread] DEBUG FXGLApplication      - Exiting FXGL
23:28:08.100 [JavaFX Application Thread] DEBUG LoopRunner           - Stopping loop
23:28:08.100 [JavaFX Application Thread] DEBUG SystemBundleService  - Saving FXGL system data
23:28:08.103 [JavaFX Application Thread] DEBUG FileSystemAccess     - Writing to: C:\Users\Owner\Desktop\Sonic-rush\system\fxgl.bundle
23:28:08.105 [JavaFX Application Thread] DEBUG Async                - Shutting down background threads
23:28:08.105 [JavaFX Application Thread] DEBUG PrimaryStageWindow   - Closing main window
23:28:08.121 [JavaFX Application Thread] DEBUG Logger               - Closing Logger
