00:34:42.828 [main                     ] DEBUG Logger               - Configured Logger
00:34:42.882 [main                     ] DEBUG GameApplication      - Logging settings
Title: Jugador Sonic
Version: 0.0
Width: 1000
Height: 600
Fullscreen: false
Intro: false
Profiling: false
Single step:false
App Mode: DEVELOPER
Menu Key: ESCAPE
Stage Style: DECORATED
Scene Factory: class com.almasb.fxgl.app.scene.SceneFactory

00:34:43.546 [JavaFX Application Thread] DEBUG FXGLApplication      - Initializing FXGL
00:34:43.561 [JavaFX Application Thread] INFO  Engine               - FXGL-17.3 (30.03.2023 11.49) on WINDOWS (J:17.0.12 FX:20)
00:34:43.575 [JavaFX Application Thread] DEBUG Engine               - JRE Vendor Name: Oracle Corporation
00:34:43.575 [JavaFX Application Thread] DEBUG Engine               - Running on OS: Windows 10 version 10.0
00:34:43.576 [JavaFX Application Thread] DEBUG Engine               - Architecture: amd64
00:34:43.576 [JavaFX Application Thread] INFO  Engine               - Source code and latest versions at: https://github.com/AlmasB/FXGL
00:34:43.693 [JavaFX Application Thread] INFO  Engine               -       Ask questions and discuss at: https://github.com/AlmasB/FXGL/discussions
00:34:43.697 [JavaFX Application Thread] INFO  Engine               -              Join the FXGL chat at: https://gitter.im/AlmasB/FXGL
00:34:44.115 [JavaFX Application Thread] DEBUG PrimaryStageWindow   - Creating a JavaFX scene
00:34:44.248 [JavaFX Application Thread] DEBUG PrimaryStageWindow   - Target settings size: 1000.0 x 600.0
00:34:44.249 [JavaFX Application Thread] DEBUG PrimaryStageWindow   - Scaled scene size:    1000.0 x 600.0
00:34:44.251 [JavaFX Application Thread] DEBUG PrimaryStageWindow   - Scaled ratio: (1.0, 1.0)
00:34:44.254 [JavaFX Application Thread] DEBUG PrimaryStageWindow   - Set initial scene to FXGLStartupScene
00:34:44.280 [JavaFX Application Thread] DEBUG PrimaryStageWindow   - Opening main window
00:34:44.453 [JavaFX Application Thread] DEBUG PrimaryStageWindow   - Window border size: (14.4000244140625, 37.5999755859375)
00:34:44.454 [JavaFX Application Thread] DEBUG PrimaryStageWindow   - Scaled size: 1000.0 x 600.0
00:34:44.454 [JavaFX Application Thread] DEBUG PrimaryStageWindow   - Scaled ratio: (1.0, 1.0)
00:34:44.455 [JavaFX Application Thread] DEBUG PrimaryStageWindow   - Scene size: 1000.0 x 600.0
00:34:44.455 [JavaFX Application Thread] DEBUG PrimaryStageWindow   - Stage size: 1014.4000244140625 x 637.5999755859375
00:34:44.863 [FXGL Background Thread 1 ] DEBUG Engine               - Initializing environment variables
00:34:44.930 [FXGL Background Thread 1 ] DEBUG FXGLAssetLoaderServi - User app class for loading assets: class Runner.ClientRunner
00:34:44.930 [FXGL Background Thread 1 ] DEBUG GameApplicationServi - Applying CSS: fxgl_dark.css
00:34:44.932 [FXGL Background Thread 1 ] DEBUG FXGLAssetLoaderServi - Loading from file system: jar:file:/C:/Users/Owner/.m2/repository/com/github/almasb/fxgl/17.3/fxgl-17.3.jar!/fxglassets/ui/css/fxgl_dark.css
00:34:45.168 [FXGL Background Thread 1 ] DEBUG GameApplicationServi - Initializing application scenes
00:34:45.972 [FXGL Background Thread 1 ] DEBUG GameWorld            - Game world initialized
00:34:46.109 [FXGL Background Thread 1 ] DEBUG PhysicsWorld         - Physics world initialized: appHeight=600, physics.ppm=50.0
00:34:46.109 [FXGL Background Thread 1 ] DEBUG PhysicsWorld         - Using strategy: BRUTE_FORCE
00:34:46.120 [FXGL Background Thread 1 ] DEBUG GameScene            - Game scene initialized: 1000x600
00:34:46.179 [FXGL Background Thread 1 ] DEBUG FXGL.DefaultMenu     - createMenuBodyGameMenu()
00:34:46.296 [FXGL Background Thread 1 ] DEBUG FXGL.DefaultMenu     - createOptionsMenu()
00:34:46.384 [FXGL Background Thread 1 ] DEBUG FXGLAssetLoaderServi - Loading from file system: jar:file:/C:/Users/Owner/.m2/repository/com/github/almasb/fxgl/17.3/fxgl-17.3.jar!/fxglassets/textures/particles/smoke.png
00:34:46.909 [FXGL Background Thread 1 ] DEBUG FXGLAssetLoaderServi - Loading from file system: jar:file:/C:/Users/Owner/.m2/repository/com/github/almasb/fxgl/17.3/fxgl-17.3.jar!/fxglassets/textures/particles/trace_horizontal.png
00:34:47.002 [FXGL Background Thread 1 ] DEBUG GameApplicationServi - Application scenes initialized
00:34:47.130 [FXGL Background Thread 1 ] DEBUG SystemBundleService  - Loading FXGL system data
00:34:47.164 [FXGL Background Thread 1 ] DEBUG FileSystemAccess     - Reading from: C:\Users\Owner\Desktop\Sonic-rush\system\fxgl.bundle
00:34:47.211 [FXGL Background Thread 1 ] DEBUG SystemBundleService  - Bundle FXGL: {}
00:34:47.212 [FXGL Background Thread 1 ] DEBUG UpdaterService       - Checking for updates
00:34:47.249 [FXGL Background Thread 4 ] DEBUG FXGLApplication      - Loading fonts
00:34:47.252 [FXGL Background Thread 4 ] DEBUG FXGLAssetLoaderServi - Loading from file system: jar:file:/C:/Users/Owner/.m2/repository/com/github/almasb/fxgl/17.3/fxgl-17.3.jar!/fxglassets/ui/fonts/VarelaRound-Regular.ttf
00:34:47.249 [FXGL Background Thread 1 ] DEBUG FXGLApplication      - Loading default localization
00:34:47.258 [FXGL Background Thread 1 ] DEBUG FXGLAssetLoaderServi - Loading from file system: jar:file:/C:/Users/Owner/.m2/repository/com/github/almasb/fxgl/17.3/fxgl-17.3.jar!/fxglassets/languages/english.lang
00:34:47.420 [FXGL Background Thread 1 ] INFO  FXGLApplication      - FXGL initialization took: 2.557 sec
00:34:47.720 [JavaFX Application Thread] DEBUG Input                - Registered new binding: Mover a la izquierda - A
00:34:47.720 [JavaFX Application Thread] DEBUG Input                - Registered new binding: Mover a la derecha - D
00:34:47.721 [JavaFX Application Thread] DEBUG Input                - Registered new binding: Saltar - W
00:34:47.721 [JavaFX Application Thread] DEBUG Input                - Registered new binding: Interactuar - E
00:34:47.721 [JavaFX Application Thread] DEBUG Input                - Registered new binding: Transformar - P
00:34:47.721 [JavaFX Application Thread] DEBUG Input                - Registered new binding: Desactivar filtro - L
00:34:47.722 [JavaFX Application Thread] DEBUG FXGLAssetLoaderServi - Loading from file system: jar:file:/C:/Users/Owner/.m2/repository/com/github/almasb/fxgl/17.3/fxgl-17.3.jar!/fxglassets/textures/fxgl_icon.png
00:34:47.959 [JavaFX Application Thread] DEBUG FXGLAssetLoaderServi - Loading from file system: jar:file:/C:/Users/Owner/.m2/repository/com/github/almasb/fxgl/17.3/fxgl-17.3.jar!/fxglassets/textures/fxgl_default_cursor.png
00:34:47.964 [JavaFX Application Thread] DEBUG Input                - Registered new binding: Screenshot - CTRL+8
00:34:47.966 [JavaFX Application Thread] DEBUG Input                - Registered new binding: System info dump - CTRL+9
00:34:47.969 [JavaFX Application Thread] DEBUG Input                - Registered new binding: Restart - CTRL+R
00:34:47.972 [JavaFX Application Thread] DEBUG Input                - Registered new binding: Toggle Debug Camera - CTRL+7
00:34:47.982 [JavaFX Application Thread] DEBUG LoopRunner           - Starting loop
00:34:47.982 [JavaFX Application Thread] DEBUG LoopRunner           - Initializing JavaFX AnimationTimerLoop
00:34:47.989 [JavaFX Application Thread] DEBUG GameApplicationServi - Starting new game
00:34:47.992 [JavaFX Application Thread] DEBUG Input                - Clearing active input actions
00:34:48.090 [JavaFX Application Thread] DEBUG GameApplicationServi - Removing overlay from FXGLStartupScene and adding to FXGLLoadingScene
00:34:48.097 [JavaFX Application Thread] DEBUG PrimaryStageWindow   - FXGLStartupScene -> FXGLLoadingScene
00:34:48.101 [JavaFX Application Thread] DEBUG GameApplicationServi - Clearing previous game
00:34:48.102 [JavaFX Application Thread] DEBUG GameScene            - Clearing game scene
00:34:48.104 [JavaFX Application Thread] DEBUG GameWorld            - Clearing game world
00:34:48.105 [JavaFX Application Thread] DEBUG PhysicsWorld         - Clearing physics world
00:34:48.119 [FXGL Background Thread 1 ] DEBUG FXGLApplication      - Initializing game
00:34:48.168 [FXGL Background Thread 1 ] DEBUG FXGLAssetLoaderServi - Loading from file system: file:/C:/Users/Owner/Desktop/Sonic-rush/target/classes/assets/music/OST2.mp3
00:34:49.513 [FXGL Background Thread 1 ] DEBUG AudioPlayer          - Playing music com.almasb.fxgl.audio.Music@512fd44b
00:34:49.526 [FXGL Background Thread 1 ] INFO  FXGLApplication      - Game initialization took: 1.407 sec
00:34:49.735 [JavaFX Application Thread] DEBUG Input                - Clearing active input actions
00:34:49.789 [JavaFX Application Thread] DEBUG GameApplicationServi - Removing overlay from FXGLLoadingScene and adding to GameScene
00:34:49.789 [JavaFX Application Thread] DEBUG PrimaryStageWindow   - FXGLLoadingScene -> GameScene
00:34:49.819 [FXGL Background Thread 4 ] DEBUG FXGLAssetLoaderServi - Loading from file system: jar:file:/C:/Users/Owner/.m2/repository/com/github/almasb/fxgl/17.3/fxgl-17.3.jar!/fxglassets/ui/fonts/Abel-Regular.ttf
00:34:49.826 [FXGL Background Thread 4 ] DEBUG FXGLAssetLoaderServi - Loading from file system: jar:file:/C:/Users/Owner/.m2/repository/com/github/almasb/fxgl/17.3/fxgl-17.3.jar!/fxglassets/ui/fonts/TerminalLandMono-Regular.otf
00:34:49.840 [FXGL Background Thread 4 ] DEBUG FXGLAssetLoaderServi - Loading from file system: jar:file:/C:/Users/Owner/.m2/repository/com/github/almasb/fxgl/17.3/fxgl-17.3.jar!/fxglassets/ui/fonts/Courier-Prime.ttf
00:34:49.981 [JavaFX Application Thread] DEBUG FXGLApplication      - Registering font factories with UI factory
00:34:50.227 [FXGL Background Thread 3 ] DEBUG Engine               - Logging environment variables
00:34:50.242 [FXGL Background Thread 3 ] DEBUG Engine               - achievements: []
00:34:50.242 [FXGL Background Thread 3 ] DEBUG Engine               - actualHeight: 600.0
00:34:50.246 [FXGL Background Thread 3 ] DEBUG Engine               - actualHeightProperty: ReadOnlyDoubleProperty [value: 600.0]
00:34:50.251 [FXGL Background Thread 3 ] DEBUG Engine               - actualWidth: 1000.0
00:34:50.251 [FXGL Background Thread 3 ] DEBUG Engine               - actualWidthProperty: ReadOnlyDoubleProperty [value: 1000.0]
00:34:50.251 [FXGL Background Thread 3 ] DEBUG Engine               - appIcon: fxgl_icon.png
00:34:50.251 [FXGL Background Thread 3 ] DEBUG Engine               - applicationMode: DEVELOPER
00:34:50.252 [FXGL Background Thread 3 ] DEBUG Engine               - cSSList: [fxgl_dark.css]
00:34:50.252 [FXGL Background Thread 3 ] DEBUG Engine               - collisionDetectionStrategy: BRUTE_FORCE
00:34:50.252 [FXGL Background Thread 3 ] DEBUG Engine               - configClass: Optional.empty
00:34:50.252 [FXGL Background Thread 3 ] DEBUG Engine               - credits: []
00:34:50.254 [FXGL Background Thread 3 ] DEBUG Engine               - defaultCursor: CursorInfo(imageName=fxgl_default_cursor.png, hotspotX=7.0, hotspotY=6.0)
00:34:50.255 [FXGL Background Thread 3 ] DEBUG Engine               - devBBoxColorProperty: ObjectProperty [value: 0xff0000ff]
00:34:50.255 [FXGL Background Thread 3 ] DEBUG Engine               - devEnableDebugCameraProperty: BooleanProperty [value: false]
00:34:50.256 [FXGL Background Thread 3 ] DEBUG Engine               - devSensorColorProperty: ObjectProperty [value: 0xffff00ff]
00:34:50.256 [FXGL Background Thread 3 ] DEBUG Engine               - devShowBBoxProperty: BooleanProperty [value: false]
00:34:50.256 [FXGL Background Thread 3 ] DEBUG Engine               - devShowPositionProperty: BooleanProperty [value: false]
00:34:50.256 [FXGL Background Thread 3 ] DEBUG Engine               - enabledMenuItems: []
00:34:50.256 [FXGL Background Thread 3 ] DEBUG Engine               - engineServices: [class com.almasb.fxgl.app.services.FXGLAssetLoaderService, class com.almasb.fxgl.app.FXGLApplication$GameApplicationService, class com.almasb.fxgl.app.services.FXGLDialogService, class com.almasb.fxgl.app.services.IOTaskExecutorService, class com.almasb.fxgl.io.FileSystemService, class com.almasb.fxgl.localization.LocalizationService, class com.almasb.fxgl.app.services.SystemBundleService, class com.almasb.fxgl.profile.SaveLoadService, class com.almasb.fxgl.ui.FXGLUIFactoryServiceProvider, class com.almasb.fxgl.ui.FXGLDialogFactoryServiceProvider, class com.almasb.fxgl.audio.AudioPlayer, class com.almasb.fxgl.notification.impl.NotificationServiceProvider, class com.almasb.fxgl.achievement.AchievementService, class com.almasb.fxgl.cutscene.CutsceneService, class com.almasb.fxgl.minigames.MiniGameService, class com.almasb.fxgl.net.NetService, class com.almasb.fxgl.app.services.UpdaterService, class com.almasb.fxgl.dev.DevService, class com.almasb.fxgl.multiplayer.MultiplayerService]
00:34:50.256 [FXGL Background Thread 3 ] DEBUG Engine               - fontGame: Abel-Regular.ttf
00:34:50.256 [FXGL Background Thread 3 ] DEBUG Engine               - fontMono: TerminalLandMono-Regular.otf
00:34:50.256 [FXGL Background Thread 3 ] DEBUG Engine               - fontSizeScaleUI: 1.0
00:34:50.257 [FXGL Background Thread 3 ] DEBUG Engine               - fontText: Courier-Prime.ttf
00:34:50.257 [FXGL Background Thread 3 ] DEBUG Engine               - fontUI: VarelaRound-Regular.ttf
00:34:50.257 [FXGL Background Thread 3 ] DEBUG Engine               - fullScreen: BooleanProperty [value: false]
00:34:50.257 [FXGL Background Thread 3 ] DEBUG Engine               - gameDifficulty: MEDIUM
00:34:50.257 [FXGL Background Thread 3 ] DEBUG Engine               - gameDifficultyProperty: ObjectProperty [value: MEDIUM]
00:34:50.257 [FXGL Background Thread 3 ] DEBUG Engine               - globalMusicVolume: 0.5
00:34:50.257 [FXGL Background Thread 3 ] DEBUG Engine               - globalMusicVolumeProperty: DoubleProperty [value: 0.5]
00:34:50.257 [FXGL Background Thread 3 ] DEBUG Engine               - globalSoundVolume: 0.5
00:34:50.258 [FXGL Background Thread 3 ] DEBUG Engine               - globalSoundVolumeProperty: DoubleProperty [value: 0.5]
00:34:50.258 [FXGL Background Thread 3 ] DEBUG Engine               - height: 600
00:34:50.258 [FXGL Background Thread 3 ] DEBUG Engine               - is3D: false
00:34:50.258 [FXGL Background Thread 3 ] DEBUG Engine               - isAndroid: false
00:34:50.258 [FXGL Background Thread 3 ] DEBUG Engine               - isBrowser: false
00:34:50.258 [FXGL Background Thread 3 ] DEBUG Engine               - isClickFeedbackEnabled: false
00:34:50.258 [FXGL Background Thread 3 ] DEBUG Engine               - isCloseConfirmation: false
00:34:50.258 [FXGL Background Thread 3 ] DEBUG Engine               - isDesktop: true
00:34:50.258 [FXGL Background Thread 3 ] DEBUG Engine               - isDeveloperMenuEnabled: false
00:34:50.258 [FXGL Background Thread 3 ] DEBUG Engine               - isEmbedded: false
00:34:50.259 [FXGL Background Thread 3 ] DEBUG Engine               - isEntityPreloadEnabled: true
00:34:50.259 [FXGL Background Thread 3 ] DEBUG Engine               - isExperimentalTiledLargeMap: false
00:34:50.259 [FXGL Background Thread 3 ] DEBUG Engine               - isFileSystemWriteAllowed: true
00:34:50.259 [FXGL Background Thread 3 ] DEBUG Engine               - isFullScreenAllowed: false
00:34:50.259 [FXGL Background Thread 3 ] DEBUG Engine               - isFullScreenFromStart: false
00:34:50.259 [FXGL Background Thread 3 ] DEBUG Engine               - isGameMenuEnabled: true
00:34:50.259 [FXGL Background Thread 3 ] DEBUG Engine               - isIOS: false
00:34:50.259 [FXGL Background Thread 3 ] DEBUG Engine               - isIntroEnabled: false
00:34:50.259 [FXGL Background Thread 3 ] DEBUG Engine               - isLinux: false
00:34:50.259 [FXGL Background Thread 3 ] DEBUG Engine               - isMac: false
00:34:50.260 [FXGL Background Thread 3 ] DEBUG Engine               - isMainMenuEnabled: false
00:34:50.260 [FXGL Background Thread 3 ] DEBUG Engine               - isManualResizeEnabled: false
00:34:50.260 [FXGL Background Thread 3 ] DEBUG Engine               - isMobile: false
00:34:50.260 [FXGL Background Thread 3 ] DEBUG Engine               - isNative: false
00:34:50.260 [FXGL Background Thread 3 ] DEBUG Engine               - isPauseMusicWhenMinimized: true
00:34:50.260 [FXGL Background Thread 3 ] DEBUG Engine               - isPreserveResizeRatio: false
00:34:50.261 [FXGL Background Thread 3 ] DEBUG Engine               - isProfilingEnabled: false
00:34:50.261 [FXGL Background Thread 3 ] DEBUG Engine               - isScaleAffectedOnResize: true
00:34:50.261 [FXGL Background Thread 3 ] DEBUG Engine               - isSingleStep: false
00:34:50.261 [FXGL Background Thread 3 ] DEBUG Engine               - isUserProfileEnabled: false
00:34:50.261 [FXGL Background Thread 3 ] DEBUG Engine               - isWindows: true
00:34:50.261 [FXGL Background Thread 3 ] DEBUG Engine               - language: ObjectProperty [value: ENGLISH]
00:34:50.261 [FXGL Background Thread 3 ] DEBUG Engine               - menuKey: ESCAPE
00:34:50.261 [FXGL Background Thread 3 ] DEBUG Engine               - mouseSensitivity: 0.2
00:34:50.261 [FXGL Background Thread 3 ] DEBUG Engine               - notificationViewClass: class com.almasb.fxgl.notification.view.XboxNotificationView
00:34:50.261 [FXGL Background Thread 3 ] DEBUG Engine               - pixelsPerMeter: 50.0
00:34:50.261 [FXGL Background Thread 3 ] DEBUG Engine               - platform: WINDOWS
00:34:50.261 [FXGL Background Thread 3 ] DEBUG Engine               - prefHeightProperty: ReadOnlyDoubleProperty [value: 600.0]
00:34:50.261 [FXGL Background Thread 3 ] DEBUG Engine               - prefWidthProperty: ReadOnlyDoubleProperty [value: 1000.0]
00:34:50.261 [FXGL Background Thread 3 ] DEBUG Engine               - profileDir: profiles/
00:34:50.261 [FXGL Background Thread 3 ] DEBUG Engine               - profileName: StringProperty [value: DEFAULT]
00:34:50.261 [FXGL Background Thread 3 ] DEBUG Engine               - randomSeed: -1
00:34:50.262 [FXGL Background Thread 3 ] DEBUG Engine               - runtimeInfo: RuntimeInfo(platform=WINDOWS, version=17.3, build=30.03.2023 11.49)
00:34:50.262 [FXGL Background Thread 3 ] DEBUG Engine               - saveFileExt: sav
00:34:50.262 [FXGL Background Thread 3 ] DEBUG Engine               - scaledHeightProp$fxgl: DoubleProperty [bound, value: 600.0]
00:34:50.262 [FXGL Background Thread 3 ] DEBUG Engine               - scaledWidthProp$fxgl: DoubleProperty [bound, value: 1000.0]
00:34:50.262 [FXGL Background Thread 3 ] DEBUG Engine               - sceneFactory: com.almasb.fxgl.app.scene.SceneFactory@2592977d
00:34:50.262 [FXGL Background Thread 3 ] DEBUG Engine               - secondsIn24h: 60
00:34:50.262 [FXGL Background Thread 3 ] DEBUG Engine               - soundMenuBack: menu/back.wav
00:34:50.262 [FXGL Background Thread 3 ] DEBUG Engine               - soundMenuPress: menu/press.wav
00:34:50.262 [FXGL Background Thread 3 ] DEBUG Engine               - soundMenuSelect: menu/select.wav
00:34:50.263 [FXGL Background Thread 3 ] DEBUG Engine               - soundNotification: core/notification.wav
00:34:50.263 [FXGL Background Thread 3 ] DEBUG Engine               - stageStyle: DECORATED
00:34:50.263 [FXGL Background Thread 3 ] DEBUG Engine               - supportedLanguages: [ENGLISH, FRENCH, GERMAN, HUNGARIAN, RUSSIAN]
00:34:50.263 [FXGL Background Thread 3 ] DEBUG Engine               - ticksPerSecond: -1
00:34:50.263 [FXGL Background Thread 3 ] DEBUG Engine               - title: Jugador Sonic
00:34:50.263 [FXGL Background Thread 3 ] DEBUG Engine               - urlGithub: https://github.com/AlmasB/FXGL
00:34:50.263 [FXGL Background Thread 3 ] DEBUG Engine               - urlLeaderboard: http://fxgl-top.herokuapp.com/
00:34:50.263 [FXGL Background Thread 3 ] DEBUG Engine               - urlPOM: https://raw.githubusercontent.com/AlmasB/FXGL/release/README.md
00:34:50.263 [FXGL Background Thread 3 ] DEBUG Engine               - userAppClass: class Runner.ClientRunner
00:34:50.263 [FXGL Background Thread 3 ] DEBUG Engine               - version: 0.0
00:34:50.263 [FXGL Background Thread 3 ] DEBUG Engine               - versionCheckDays: 7
00:34:50.266 [FXGL Background Thread 3 ] DEBUG Engine               - width: 1000
00:34:50.266 [FXGL Background Thread 3 ] DEBUG Engine               - Logging services
00:34:50.266 [FXGL Background Thread 3 ] DEBUG Engine               - class com.almasb.fxgl.app.services.FXGLAssetLoaderService
00:34:50.266 [FXGL Background Thread 3 ] DEBUG Engine               - class com.almasb.fxgl.app.FXGLApplication$GameApplicationService
00:34:50.266 [FXGL Background Thread 3 ] DEBUG Engine               - class com.almasb.fxgl.app.services.FXGLDialogService
00:34:50.266 [FXGL Background Thread 3 ] DEBUG Engine               - class com.almasb.fxgl.app.services.IOTaskExecutorService
00:34:50.266 [FXGL Background Thread 3 ] DEBUG Engine               - class com.almasb.fxgl.io.FileSystemService
00:34:50.267 [FXGL Background Thread 3 ] DEBUG Engine               - class com.almasb.fxgl.localization.LocalizationService
00:34:50.268 [FXGL Background Thread 3 ] DEBUG Engine               - class com.almasb.fxgl.app.services.SystemBundleService
00:34:50.268 [FXGL Background Thread 3 ] DEBUG Engine               - class com.almasb.fxgl.profile.SaveLoadService
00:34:50.268 [FXGL Background Thread 3 ] DEBUG Engine               - class com.almasb.fxgl.ui.FXGLUIFactoryServiceProvider
00:34:50.268 [FXGL Background Thread 3 ] DEBUG Engine               - class com.almasb.fxgl.ui.FXGLDialogFactoryServiceProvider
00:34:50.268 [FXGL Background Thread 3 ] DEBUG Engine               - class com.almasb.fxgl.audio.AudioPlayer
00:34:50.268 [FXGL Background Thread 3 ] DEBUG Engine               - class com.almasb.fxgl.notification.impl.NotificationServiceProvider
00:34:50.268 [FXGL Background Thread 3 ] DEBUG Engine               - class com.almasb.fxgl.achievement.AchievementService
00:34:50.268 [FXGL Background Thread 3 ] DEBUG Engine               - class com.almasb.fxgl.cutscene.CutsceneService
00:34:50.268 [FXGL Background Thread 3 ] DEBUG Engine               - class com.almasb.fxgl.minigames.MiniGameService
00:34:50.268 [FXGL Background Thread 3 ] DEBUG Engine               - class com.almasb.fxgl.net.NetService
00:34:50.268 [FXGL Background Thread 3 ] DEBUG Engine               - class com.almasb.fxgl.app.services.UpdaterService
00:34:50.268 [FXGL Background Thread 3 ] DEBUG Engine               - class com.almasb.fxgl.dev.DevService
00:34:50.268 [FXGL Background Thread 3 ] DEBUG Engine               - class com.almasb.fxgl.multiplayer.MultiplayerService
00:34:50.927 [FXGL Background Thread 2 ] INFO  UpdaterService       - Your current version:  17.3
00:34:50.974 [FXGL Background Thread 2 ] INFO  UpdaterService       - Latest stable version: 21.1
00:35:14.546 [JavaFX Application Thread] DEBUG FXGLAssetLoaderServi - Loading from file system: file:/C:/Users/Owner/Desktop/Sonic-rush/target/classes/assets/textures/fondo.png
00:35:15.910 [JavaFX Application Thread] WARN  TMXLevelLoader       - TiledMap generated from 1.11.2. Supported version: 1.9.0. Some features may not be parsed fully.
00:35:16.682 [JavaFX Application Thread] DEBUG TMXLevelLoader       - Parsed TiledMap: file:/C:/Users/Owner/Desktop/Sonic-rush/target/classes/assets/levels/mapazo.tmx
00:35:17.008 [JavaFX Application Thread] DEBUG TMXLevelLoader       - Creating tile layer entities
00:35:17.196 [JavaFX Application Thread] DEBUG TilesetLoader        - Loading view for layer Capa de patrones 1
00:35:17.232 [JavaFX Application Thread] DEBUG TilesetLoader        - Created buffer with size 3840.0x720.0
00:35:17.514 [JavaFX Application Thread] DEBUG TMXLevelLoader       - Creating object layer entities
00:35:17.747 [JavaFX Application Thread] DEBUG GameWorld            - Clearing removable entities
00:35:17.753 [JavaFX Application Thread] DEBUG GameWorld            - Setting level: com.almasb.fxgl.entity.level.Level@691fabca
00:35:17.963 [ClientAsyncConnThread    ] DEBUG TCPClient            - Connecting to localhost:55555 type: class com.almasb.fxgl.core.serialization.Bundle
00:35:17.966 [ClientAsyncConnThread    ] DEBUG TCPClient            - Created socket to localhost:55555
00:35:17.974 [ClientAsyncConnThread    ] DEBUG Endpoint             - TCPClient opening new connection (1) from localhost/127.0.0.1:55555 type: class com.almasb.fxgl.core.serialization.Bundle
00:35:17.975 [ClientAsyncConnThread    ] DEBUG Endpoint             - TCPClient successfully opened connection (1)
00:35:18.030 [TCPClient_RecvThread-1   ] DEBUG Readers              - Getting TCPMessageReader for class com.almasb.fxgl.core.serialization.Bundle
00:35:18.036 [TCPClient_SendThread-1   ] DEBUG Writers              - Getting TCPMessageWriter for class com.almasb.fxgl.core.serialization.Bundle
00:35:18.039 [TCPClient_SendThread-1   ] DEBUG Writers              - Constructed TCPMessageWriter for class com.almasb.fxgl.core.serialization.Bundle: BundleTCPMessageWriter
00:35:18.078 [TCPClient_RecvThread-1   ] DEBUG Readers              - Constructed MessageReader for class com.almasb.fxgl.core.serialization.Bundle: BundleTCPMessageReader
00:35:18.128 [JavaFX Application Thread] DEBUG FXGLAssetLoaderServi - Loading from file system: file:/C:/Users/Owner/Desktop/Sonic-rush/target/classes/assets/textures/Personajes/sonic.png
00:35:18.132 [JavaFX Application Thread] DEBUG FXGLAssetLoaderServi - Loading from file system: file:/C:/Users/Owner/Desktop/Sonic-rush/target/classes/assets/textures/Personajes/sonic_camina.png
00:35:18.135 [JavaFX Application Thread] DEBUG FXGLAssetLoaderServi - Loading from file system: file:/C:/Users/Owner/Desktop/Sonic-rush/target/classes/assets/textures/Personajes/super_sonic.png
00:35:18.249 [JavaFX Application Thread] DEBUG FXGLAssetLoaderServi - Loading from file system: file:/C:/Users/Owner/Desktop/Sonic-rush/target/classes/assets/textures/Items/ring.png
00:35:18.307 [JavaFX Application Thread] DEBUG FXGLAssetLoaderServi - Loading from file system: file:/C:/Users/Owner/Desktop/Sonic-rush/target/classes/assets/textures/Items/caucho.png
00:35:18.318 [JavaFX Application Thread] DEBUG FXGLAssetLoaderServi - Loading from file system: file:/C:/Users/Owner/Desktop/Sonic-rush/target/classes/assets/textures/Items/papel.png
00:35:18.331 [JavaFX Application Thread] DEBUG FXGLAssetLoaderServi - Loading from file system: file:/C:/Users/Owner/Desktop/Sonic-rush/target/classes/assets/textures/Items/basura.png
00:35:18.345 [JavaFX Application Thread] DEBUG FXGLAssetLoaderServi - Loading from file system: file:/C:/Users/Owner/Desktop/Sonic-rush/target/classes/assets/textures/Enemigos/enemigo2.png
00:35:18.395 [JavaFX Application Thread] DEBUG FXGLAssetLoaderServi - Loading from file system: file:/C:/Users/Owner/Desktop/Sonic-rush/target/classes/assets/textures/Personajes/knuckles.png
00:35:18.397 [JavaFX Application Thread] DEBUG FXGLAssetLoaderServi - Loading from file system: file:/C:/Users/Owner/Desktop/Sonic-rush/target/classes/assets/textures/Personajes/knuckles_golpe.png
00:36:35.983 [JavaFX Application Thread] DEBUG FXGLApplication      - Exiting FXGL
00:36:35.984 [JavaFX Application Thread] DEBUG LoopRunner           - Stopping loop
00:36:35.985 [JavaFX Application Thread] DEBUG SystemBundleService  - Saving FXGL system data
00:36:35.991 [JavaFX Application Thread] DEBUG FileSystemAccess     - Writing to: C:\Users\Owner\Desktop\Sonic-rush\system\fxgl.bundle
00:36:35.994 [JavaFX Application Thread] DEBUG Async                - Shutting down background threads
00:36:35.995 [JavaFX Application Thread] DEBUG PrimaryStageWindow   - Closing main window
00:36:36.008 [JavaFX Application Thread] DEBUG Logger               - Closing Logger
