22:54:01.009 [main                     ] DEBUG Logger               - Configured Logger
22:54:01.053 [main                     ] DEBUG GameApplication      - Logging settings
Title: Jugador Sonic
Version: 0.0
Width: 1000
Height: 600
Fullscreen: false
Intro: false
Profiling: false
Single step:false
App Mode: DEVELOPER
Menu Key: ESCAPE
Stage Style: DECORATED
Scene Factory: class com.almasb.fxgl.app.scene.SceneFactory

22:54:01.765 [JavaFX Application Thread] DEBUG FXGLApplication      - Initializing FXGL
22:54:01.773 [JavaFX Application Thread] INFO  Engine               - FXGL-17.3 (30.03.2023 11.49) on WINDOWS (J:21.0.7 FX:20)
22:54:01.774 [JavaFX Application Thread] DEBUG Engine               - JRE Vendor Name: Eclipse Adoptium
22:54:01.774 [JavaFX Application Thread] DEBUG Engine               - Running on OS: Windows 10 version 10.0
22:54:01.775 [JavaFX Application Thread] DEBUG Engine               - Architecture: amd64
22:54:01.775 [JavaFX Application Thread] INFO  Engine               - Source code and latest versions at: https://github.com/AlmasB/FXGL
22:54:01.775 [JavaFX Application Thread] INFO  Engine               -       Ask questions and discuss at: https://github.com/AlmasB/FXGL/discussions
22:54:01.775 [JavaFX Application Thread] INFO  Engine               -              Join the FXGL chat at: https://gitter.im/AlmasB/FXGL
22:54:02.016 [JavaFX Application Thread] DEBUG PrimaryStageWindow   - Creating a JavaFX scene
22:54:02.121 [JavaFX Application Thread] DEBUG PrimaryStageWindow   - Target settings size: 1000.0 x 600.0
22:54:02.121 [JavaFX Application Thread] DEBUG PrimaryStageWindow   - Scaled scene size:    1000.0 x 600.0
22:54:02.122 [JavaFX Application Thread] DEBUG PrimaryStageWindow   - Scaled ratio: (1.0, 1.0)
22:54:02.124 [JavaFX Application Thread] DEBUG PrimaryStageWindow   - Set initial scene to FXGLStartupScene
22:54:02.131 [JavaFX Application Thread] DEBUG PrimaryStageWindow   - Opening main window
22:54:02.295 [JavaFX Application Thread] DEBUG PrimaryStageWindow   - Window border size: (16.0, 39.0)
22:54:02.296 [JavaFX Application Thread] DEBUG PrimaryStageWindow   - Scaled size: 1000.0 x 600.0
22:54:02.296 [JavaFX Application Thread] DEBUG PrimaryStageWindow   - Scaled ratio: (1.0, 1.0)
22:54:02.297 [JavaFX Application Thread] DEBUG PrimaryStageWindow   - Scene size: 1000.0 x 600.0
22:54:02.297 [JavaFX Application Thread] DEBUG PrimaryStageWindow   - Stage size: 1016.0 x 639.0
22:54:02.316 [FXGL Background Thread 1 ] DEBUG Engine               - Initializing environment variables
22:54:02.408 [FXGL Background Thread 1 ] DEBUG FXGLAssetLoaderServi - User app class for loading assets: class Runner.ClientRunner
22:54:02.409 [FXGL Background Thread 1 ] DEBUG GameApplicationServi - Applying CSS: fxgl_dark.css
22:54:02.410 [FXGL Background Thread 1 ] DEBUG FXGLAssetLoaderServi - Loading from file system: jar:file:/C:/Users/Daniel/.m2/repository/com/github/almasb/fxgl/17.3/fxgl-17.3.jar!/fxglassets/ui/css/fxgl_dark.css
22:54:02.489 [FXGL Background Thread 1 ] DEBUG GameApplicationServi - Initializing application scenes
22:54:02.548 [FXGL Background Thread 1 ] DEBUG GameWorld            - Game world initialized
22:54:02.663 [FXGL Background Thread 1 ] DEBUG PhysicsWorld         - Physics world initialized: appHeight=600, physics.ppm=50,0
22:54:02.663 [FXGL Background Thread 1 ] DEBUG PhysicsWorld         - Using strategy: BRUTE_FORCE
22:54:02.671 [FXGL Background Thread 1 ] DEBUG GameScene            - Game scene initialized: 1000x600
22:54:02.694 [FXGL Background Thread 1 ] DEBUG FXGL.DefaultMenu     - createMenuBodyGameMenu()
22:54:02.745 [FXGL Background Thread 1 ] DEBUG FXGL.DefaultMenu     - createOptionsMenu()
22:54:02.765 [FXGL Background Thread 1 ] DEBUG FXGLAssetLoaderServi - Loading from file system: jar:file:/C:/Users/Daniel/.m2/repository/com/github/almasb/fxgl/17.3/fxgl-17.3.jar!/fxglassets/textures/particles/smoke.png
22:54:02.946 [FXGL Background Thread 1 ] DEBUG FXGLAssetLoaderServi - Loading from file system: jar:file:/C:/Users/Daniel/.m2/repository/com/github/almasb/fxgl/17.3/fxgl-17.3.jar!/fxglassets/textures/particles/trace_horizontal.png
22:54:02.996 [FXGL Background Thread 1 ] DEBUG GameApplicationServi - Application scenes initialized
22:54:03.022 [FXGL Background Thread 1 ] DEBUG SystemBundleService  - Loading FXGL system data
22:54:03.031 [FXGL Background Thread 1 ] DEBUG FileSystemAccess     - Reading from: C:\Users\Daniel\Desktop\Colab\Nueva carpeta\Sonic-rush\system\fxgl.bundle
22:54:03.048 [FXGL Background Thread 1 ] DEBUG SystemBundleService  - Bundle FXGL: {}
22:54:03.048 [FXGL Background Thread 1 ] DEBUG UpdaterService       - Checking for updates
22:54:03.057 [FXGL Background Thread 1 ] DEBUG FXGLApplication      - Loading default localization
22:54:03.056 [FXGL Background Thread 4 ] DEBUG FXGLApplication      - Loading fonts
22:54:03.058 [FXGL Background Thread 1 ] DEBUG FXGLAssetLoaderServi - Loading from file system: jar:file:/C:/Users/Daniel/.m2/repository/com/github/almasb/fxgl/17.3/fxgl-17.3.jar!/fxglassets/languages/english.lang
22:54:03.058 [FXGL Background Thread 4 ] DEBUG FXGLAssetLoaderServi - Loading from file system: jar:file:/C:/Users/Daniel/.m2/repository/com/github/almasb/fxgl/17.3/fxgl-17.3.jar!/fxglassets/ui/fonts/VarelaRound-Regular.ttf
22:54:03.087 [FXGL Background Thread 1 ] INFO  FXGLApplication      - FXGL initialization took: 0,771 sec
22:54:03.103 [JavaFX Application Thread] DEBUG Input                - Registered new binding: Mover a la izquierda - A
22:54:03.104 [JavaFX Application Thread] DEBUG Input                - Registered new binding: Mover a la derecha - D
22:54:03.104 [JavaFX Application Thread] DEBUG Input                - Registered new binding: Saltar - W
22:54:03.104 [JavaFX Application Thread] DEBUG Input                - Registered new binding: Interactuar - E
22:54:03.104 [JavaFX Application Thread] DEBUG Input                - Registered new binding: Desactivar filtro - L
22:54:03.105 [JavaFX Application Thread] DEBUG FXGLAssetLoaderServi - Loading from file system: jar:file:/C:/Users/Daniel/.m2/repository/com/github/almasb/fxgl/17.3/fxgl-17.3.jar!/fxglassets/textures/fxgl_icon.png
22:54:03.151 [FXGL Background Thread 4 ] DEBUG FXGLAssetLoaderServi - Loading from file system: jar:file:/C:/Users/Daniel/.m2/repository/com/github/almasb/fxgl/17.3/fxgl-17.3.jar!/fxglassets/ui/fonts/Abel-Regular.ttf
22:54:03.173 [FXGL Background Thread 4 ] DEBUG FXGLAssetLoaderServi - Loading from file system: jar:file:/C:/Users/Daniel/.m2/repository/com/github/almasb/fxgl/17.3/fxgl-17.3.jar!/fxglassets/ui/fonts/TerminalLandMono-Regular.otf
22:54:03.173 [JavaFX Application Thread] DEBUG FXGLAssetLoaderServi - Loading from file system: jar:file:/C:/Users/Daniel/.m2/repository/com/github/almasb/fxgl/17.3/fxgl-17.3.jar!/fxglassets/textures/fxgl_default_cursor.png
22:54:03.178 [JavaFX Application Thread] DEBUG Input                - Registered new binding: Screenshot - CTRL+8
22:54:03.179 [JavaFX Application Thread] DEBUG Input                - Registered new binding: System info dump - CTRL+9
22:54:03.179 [JavaFX Application Thread] DEBUG Input                - Registered new binding: Restart - CTRL+R
22:54:03.180 [JavaFX Application Thread] DEBUG Input                - Registered new binding: Toggle Debug Camera - CTRL+7
22:54:03.185 [JavaFX Application Thread] DEBUG LoopRunner           - Starting loop
22:54:03.186 [JavaFX Application Thread] DEBUG LoopRunner           - Initializing JavaFX AnimationTimerLoop
22:54:03.188 [JavaFX Application Thread] DEBUG GameApplicationServi - Starting new game
22:54:03.189 [JavaFX Application Thread] DEBUG Input                - Clearing active input actions
22:54:03.200 [FXGL Background Thread 4 ] DEBUG FXGLAssetLoaderServi - Loading from file system: jar:file:/C:/Users/Daniel/.m2/repository/com/github/almasb/fxgl/17.3/fxgl-17.3.jar!/fxglassets/ui/fonts/Courier-Prime.ttf
22:54:03.207 [JavaFX Application Thread] DEBUG GameApplicationServi - Removing overlay from FXGLStartupScene and adding to FXGLLoadingScene
22:54:03.207 [JavaFX Application Thread] DEBUG PrimaryStageWindow   - FXGLStartupScene -> FXGLLoadingScene
22:54:03.207 [JavaFX Application Thread] DEBUG GameApplicationServi - Clearing previous game
22:54:03.207 [JavaFX Application Thread] DEBUG GameScene            - Clearing game scene
22:54:03.208 [JavaFX Application Thread] DEBUG GameWorld            - Clearing game world
22:54:03.208 [JavaFX Application Thread] DEBUG PhysicsWorld         - Clearing physics world
22:54:03.210 [FXGL Background Thread 1 ] DEBUG FXGLApplication      - Initializing game
22:54:03.238 [FXGL Background Thread 1 ] DEBUG FXGLAssetLoaderServi - Loading from file system: file:/C:/Users/Daniel/Desktop/Colab/Nueva%20carpeta/Sonic-rush/target/classes/assets/music/OST2.mp3
22:54:03.286 [JavaFX Application Thread] DEBUG FXGLApplication      - Registering font factories with UI factory
22:54:03.497 [FXGL Background Thread 1 ] DEBUG AudioPlayer          - Playing music com.almasb.fxgl.audio.Music@5386953d
22:54:03.502 [FXGL Background Thread 1 ] INFO  FXGLApplication      - Game initialization took: 0,292 sec
22:54:03.617 [JavaFX Application Thread] DEBUG FXGLAssetLoaderServi - Loading from file system: file:/C:/Users/Daniel/Desktop/Colab/Nueva%20carpeta/Sonic-rush/target/classes/assets/ui/fonts/PublicPixel.ttf
22:54:03.890 [JavaFX Application Thread] DEBUG Input                - Clearing active input actions
22:54:03.902 [JavaFX Application Thread] DEBUG GameApplicationServi - Removing overlay from FXGLLoadingScene and adding to GameScene
22:54:03.903 [JavaFX Application Thread] DEBUG PrimaryStageWindow   - FXGLLoadingScene -> GameScene
22:54:04.051 [FXGL Background Thread 2 ] INFO  UpdaterService       - Your current version:  17.3
22:54:04.051 [FXGL Background Thread 2 ] INFO  UpdaterService       - Latest stable version: 21.1
22:54:06.053 [FXGL Background Thread 3 ] DEBUG Engine               - Logging environment variables
22:54:06.054 [FXGL Background Thread 3 ] DEBUG Engine               - achievements: []
22:54:06.054 [FXGL Background Thread 3 ] DEBUG Engine               - actualHeight: 600.0
22:54:06.054 [FXGL Background Thread 3 ] DEBUG Engine               - actualHeightProperty: ReadOnlyDoubleProperty [value: 600.0]
22:54:06.054 [FXGL Background Thread 3 ] DEBUG Engine               - actualWidth: 1000.0
22:54:06.054 [FXGL Background Thread 3 ] DEBUG Engine               - actualWidthProperty: ReadOnlyDoubleProperty [value: 1000.0]
22:54:06.054 [FXGL Background Thread 3 ] DEBUG Engine               - appIcon: fxgl_icon.png
22:54:06.054 [FXGL Background Thread 3 ] DEBUG Engine               - applicationMode: DEVELOPER
22:54:06.054 [FXGL Background Thread 3 ] DEBUG Engine               - cSSList: [fxgl_dark.css]
22:54:06.055 [FXGL Background Thread 3 ] DEBUG Engine               - collisionDetectionStrategy: BRUTE_FORCE
22:54:06.055 [FXGL Background Thread 3 ] DEBUG Engine               - configClass: Optional.empty
22:54:06.055 [FXGL Background Thread 3 ] DEBUG Engine               - credits: []
22:54:06.055 [FXGL Background Thread 3 ] DEBUG Engine               - defaultCursor: CursorInfo(imageName=fxgl_default_cursor.png, hotspotX=7.0, hotspotY=6.0)
22:54:06.056 [FXGL Background Thread 3 ] DEBUG Engine               - devBBoxColorProperty: ObjectProperty [value: 0xff0000ff]
22:54:06.056 [FXGL Background Thread 3 ] DEBUG Engine               - devEnableDebugCameraProperty: BooleanProperty [value: false]
22:54:06.056 [FXGL Background Thread 3 ] DEBUG Engine               - devSensorColorProperty: ObjectProperty [value: 0xffff00ff]
22:54:06.056 [FXGL Background Thread 3 ] DEBUG Engine               - devShowBBoxProperty: BooleanProperty [value: false]
22:54:06.056 [FXGL Background Thread 3 ] DEBUG Engine               - devShowPositionProperty: BooleanProperty [value: false]
22:54:06.056 [FXGL Background Thread 3 ] DEBUG Engine               - enabledMenuItems: []
22:54:06.056 [FXGL Background Thread 3 ] DEBUG Engine               - engineServices: [class com.almasb.fxgl.app.services.FXGLAssetLoaderService, class com.almasb.fxgl.app.FXGLApplication$GameApplicationService, class com.almasb.fxgl.app.services.FXGLDialogService, class com.almasb.fxgl.app.services.IOTaskExecutorService, class com.almasb.fxgl.io.FileSystemService, class com.almasb.fxgl.localization.LocalizationService, class com.almasb.fxgl.app.services.SystemBundleService, class com.almasb.fxgl.profile.SaveLoadService, class com.almasb.fxgl.ui.FXGLUIFactoryServiceProvider, class com.almasb.fxgl.ui.FXGLDialogFactoryServiceProvider, class com.almasb.fxgl.audio.AudioPlayer, class com.almasb.fxgl.notification.impl.NotificationServiceProvider, class com.almasb.fxgl.achievement.AchievementService, class com.almasb.fxgl.cutscene.CutsceneService, class com.almasb.fxgl.minigames.MiniGameService, class com.almasb.fxgl.net.NetService, class com.almasb.fxgl.app.services.UpdaterService, class com.almasb.fxgl.dev.DevService, class com.almasb.fxgl.multiplayer.MultiplayerService]
22:54:06.056 [FXGL Background Thread 3 ] DEBUG Engine               - fontGame: Abel-Regular.ttf
22:54:06.057 [FXGL Background Thread 3 ] DEBUG Engine               - fontMono: TerminalLandMono-Regular.otf
22:54:06.057 [FXGL Background Thread 3 ] DEBUG Engine               - fontSizeScaleUI: 1.0
22:54:06.057 [FXGL Background Thread 3 ] DEBUG Engine               - fontText: Courier-Prime.ttf
22:54:06.057 [FXGL Background Thread 3 ] DEBUG Engine               - fontUI: VarelaRound-Regular.ttf
22:54:06.057 [FXGL Background Thread 3 ] DEBUG Engine               - fullScreen: BooleanProperty [value: false]
22:54:06.057 [FXGL Background Thread 3 ] DEBUG Engine               - gameDifficulty: MEDIUM
22:54:06.057 [FXGL Background Thread 3 ] DEBUG Engine               - gameDifficultyProperty: ObjectProperty [value: MEDIUM]
22:54:06.057 [FXGL Background Thread 3 ] DEBUG Engine               - globalMusicVolume: 0.5
22:54:06.057 [FXGL Background Thread 3 ] DEBUG Engine               - globalMusicVolumeProperty: DoubleProperty [value: 0.5]
22:54:06.058 [FXGL Background Thread 3 ] DEBUG Engine               - globalSoundVolume: 0.5
22:54:06.058 [FXGL Background Thread 3 ] DEBUG Engine               - globalSoundVolumeProperty: DoubleProperty [value: 0.5]
22:54:06.058 [FXGL Background Thread 3 ] DEBUG Engine               - height: 600
22:54:06.058 [FXGL Background Thread 3 ] DEBUG Engine               - is3D: false
22:54:06.058 [FXGL Background Thread 3 ] DEBUG Engine               - isAndroid: false
22:54:06.058 [FXGL Background Thread 3 ] DEBUG Engine               - isBrowser: false
22:54:06.058 [FXGL Background Thread 3 ] DEBUG Engine               - isClickFeedbackEnabled: false
22:54:06.060 [FXGL Background Thread 3 ] DEBUG Engine               - isCloseConfirmation: false
22:54:06.060 [FXGL Background Thread 3 ] DEBUG Engine               - isDesktop: true
22:54:06.060 [FXGL Background Thread 3 ] DEBUG Engine               - isDeveloperMenuEnabled: false
22:54:06.060 [FXGL Background Thread 3 ] DEBUG Engine               - isEmbedded: false
22:54:06.061 [FXGL Background Thread 3 ] DEBUG Engine               - isEntityPreloadEnabled: true
22:54:06.061 [FXGL Background Thread 3 ] DEBUG Engine               - isExperimentalTiledLargeMap: false
22:54:06.061 [FXGL Background Thread 3 ] DEBUG Engine               - isFileSystemWriteAllowed: true
22:54:06.062 [FXGL Background Thread 3 ] DEBUG Engine               - isFullScreenAllowed: false
22:54:06.062 [FXGL Background Thread 3 ] DEBUG Engine               - isFullScreenFromStart: false
22:54:06.062 [FXGL Background Thread 3 ] DEBUG Engine               - isGameMenuEnabled: true
22:54:06.062 [FXGL Background Thread 3 ] DEBUG Engine               - isIOS: false
22:54:06.062 [FXGL Background Thread 3 ] DEBUG Engine               - isIntroEnabled: false
22:54:06.062 [FXGL Background Thread 3 ] DEBUG Engine               - isLinux: false
22:54:06.062 [FXGL Background Thread 3 ] DEBUG Engine               - isMac: false
22:54:06.062 [FXGL Background Thread 3 ] DEBUG Engine               - isMainMenuEnabled: false
22:54:06.063 [FXGL Background Thread 3 ] DEBUG Engine               - isManualResizeEnabled: false
22:54:06.063 [FXGL Background Thread 3 ] DEBUG Engine               - isMobile: false
22:54:06.063 [FXGL Background Thread 3 ] DEBUG Engine               - isNative: false
22:54:06.063 [FXGL Background Thread 3 ] DEBUG Engine               - isPauseMusicWhenMinimized: true
22:54:06.063 [FXGL Background Thread 3 ] DEBUG Engine               - isPreserveResizeRatio: false
22:54:06.063 [FXGL Background Thread 3 ] DEBUG Engine               - isProfilingEnabled: false
22:54:06.063 [FXGL Background Thread 3 ] DEBUG Engine               - isScaleAffectedOnResize: true
22:54:06.063 [FXGL Background Thread 3 ] DEBUG Engine               - isSingleStep: false
22:54:06.063 [FXGL Background Thread 3 ] DEBUG Engine               - isUserProfileEnabled: false
22:54:06.063 [FXGL Background Thread 3 ] DEBUG Engine               - isWindows: true
22:54:06.063 [FXGL Background Thread 3 ] DEBUG Engine               - language: ObjectProperty [value: ENGLISH]
22:54:06.063 [FXGL Background Thread 3 ] DEBUG Engine               - menuKey: ESCAPE
22:54:06.063 [FXGL Background Thread 3 ] DEBUG Engine               - mouseSensitivity: 0.2
22:54:06.064 [FXGL Background Thread 3 ] DEBUG Engine               - notificationViewClass: class com.almasb.fxgl.notification.view.XboxNotificationView
22:54:06.064 [FXGL Background Thread 3 ] DEBUG Engine               - pixelsPerMeter: 50.0
22:54:06.064 [FXGL Background Thread 3 ] DEBUG Engine               - platform: WINDOWS
22:54:06.064 [FXGL Background Thread 3 ] DEBUG Engine               - prefHeightProperty: ReadOnlyDoubleProperty [value: 600.0]
22:54:06.064 [FXGL Background Thread 3 ] DEBUG Engine               - prefWidthProperty: ReadOnlyDoubleProperty [value: 1000.0]
22:54:06.064 [FXGL Background Thread 3 ] DEBUG Engine               - profileDir: profiles/
22:54:06.064 [FXGL Background Thread 3 ] DEBUG Engine               - profileName: StringProperty [value: DEFAULT]
22:54:06.064 [FXGL Background Thread 3 ] DEBUG Engine               - randomSeed: -1
22:54:06.065 [FXGL Background Thread 3 ] DEBUG Engine               - runtimeInfo: RuntimeInfo(platform=WINDOWS, version=17.3, build=30.03.2023 11.49)
22:54:06.065 [FXGL Background Thread 3 ] DEBUG Engine               - saveFileExt: sav
22:54:06.065 [FXGL Background Thread 3 ] DEBUG Engine               - scaledHeightProp$fxgl: DoubleProperty [bound, value: 600.0]
22:54:06.065 [FXGL Background Thread 3 ] DEBUG Engine               - scaledWidthProp$fxgl: DoubleProperty [bound, value: 1000.0]
22:54:06.065 [FXGL Background Thread 3 ] DEBUG Engine               - sceneFactory: com.almasb.fxgl.app.scene.SceneFactory@20d167e3
22:54:06.065 [FXGL Background Thread 3 ] DEBUG Engine               - secondsIn24h: 60
22:54:06.065 [FXGL Background Thread 3 ] DEBUG Engine               - soundMenuBack: menu/back.wav
22:54:06.065 [FXGL Background Thread 3 ] DEBUG Engine               - soundMenuPress: menu/press.wav
22:54:06.065 [FXGL Background Thread 3 ] DEBUG Engine               - soundMenuSelect: menu/select.wav
22:54:06.066 [FXGL Background Thread 3 ] DEBUG Engine               - soundNotification: core/notification.wav
22:54:06.066 [FXGL Background Thread 3 ] DEBUG Engine               - stageStyle: DECORATED
22:54:06.066 [FXGL Background Thread 3 ] DEBUG Engine               - supportedLanguages: [ENGLISH, FRENCH, GERMAN, HUNGARIAN, RUSSIAN]
22:54:06.066 [FXGL Background Thread 3 ] DEBUG Engine               - ticksPerSecond: -1
22:54:06.066 [FXGL Background Thread 3 ] DEBUG Engine               - title: Jugador Sonic
22:54:06.066 [FXGL Background Thread 3 ] DEBUG Engine               - urlGithub: https://github.com/AlmasB/FXGL
22:54:06.066 [FXGL Background Thread 3 ] DEBUG Engine               - urlLeaderboard: http://fxgl-top.herokuapp.com/
22:54:06.066 [FXGL Background Thread 3 ] DEBUG Engine               - urlPOM: https://raw.githubusercontent.com/AlmasB/FXGL/release/README.md
22:54:06.066 [FXGL Background Thread 3 ] DEBUG Engine               - userAppClass: class Runner.ClientRunner
22:54:06.066 [FXGL Background Thread 3 ] DEBUG Engine               - version: 0.0
22:54:06.066 [FXGL Background Thread 3 ] DEBUG Engine               - versionCheckDays: 7
22:54:06.066 [FXGL Background Thread 3 ] DEBUG Engine               - width: 1000
22:54:06.066 [FXGL Background Thread 3 ] DEBUG Engine               - Logging services
22:54:06.067 [FXGL Background Thread 3 ] DEBUG Engine               - class com.almasb.fxgl.app.services.FXGLAssetLoaderService
22:54:06.067 [FXGL Background Thread 3 ] DEBUG Engine               - class com.almasb.fxgl.app.FXGLApplication$GameApplicationService
22:54:06.067 [FXGL Background Thread 3 ] DEBUG Engine               - class com.almasb.fxgl.app.services.FXGLDialogService
22:54:06.067 [FXGL Background Thread 3 ] DEBUG Engine               - class com.almasb.fxgl.app.services.IOTaskExecutorService
22:54:06.067 [FXGL Background Thread 3 ] DEBUG Engine               - class com.almasb.fxgl.io.FileSystemService
22:54:06.067 [FXGL Background Thread 3 ] DEBUG Engine               - class com.almasb.fxgl.localization.LocalizationService
22:54:06.067 [FXGL Background Thread 3 ] DEBUG Engine               - class com.almasb.fxgl.app.services.SystemBundleService
22:54:06.067 [FXGL Background Thread 3 ] DEBUG Engine               - class com.almasb.fxgl.profile.SaveLoadService
22:54:06.067 [FXGL Background Thread 3 ] DEBUG Engine               - class com.almasb.fxgl.ui.FXGLUIFactoryServiceProvider
22:54:06.067 [FXGL Background Thread 3 ] DEBUG Engine               - class com.almasb.fxgl.ui.FXGLDialogFactoryServiceProvider
22:54:06.067 [FXGL Background Thread 3 ] DEBUG Engine               - class com.almasb.fxgl.audio.AudioPlayer
22:54:06.067 [FXGL Background Thread 3 ] DEBUG Engine               - class com.almasb.fxgl.notification.impl.NotificationServiceProvider
22:54:06.068 [FXGL Background Thread 3 ] DEBUG Engine               - class com.almasb.fxgl.achievement.AchievementService
22:54:06.068 [FXGL Background Thread 3 ] DEBUG Engine               - class com.almasb.fxgl.cutscene.CutsceneService
22:54:06.068 [FXGL Background Thread 3 ] DEBUG Engine               - class com.almasb.fxgl.minigames.MiniGameService
22:54:06.068 [FXGL Background Thread 3 ] DEBUG Engine               - class com.almasb.fxgl.net.NetService
22:54:06.068 [FXGL Background Thread 3 ] DEBUG Engine               - class com.almasb.fxgl.app.services.UpdaterService
22:54:06.068 [FXGL Background Thread 3 ] DEBUG Engine               - class com.almasb.fxgl.dev.DevService
22:54:06.068 [FXGL Background Thread 3 ] DEBUG Engine               - class com.almasb.fxgl.multiplayer.MultiplayerService
22:54:08.228 [JavaFX Application Thread] DEBUG FXGLApplication      - Exiting FXGL
22:54:08.228 [JavaFX Application Thread] DEBUG LoopRunner           - Stopping loop
22:54:08.228 [JavaFX Application Thread] DEBUG SystemBundleService  - Saving FXGL system data
22:54:08.232 [JavaFX Application Thread] DEBUG FileSystemAccess     - Writing to: C:\Users\Daniel\Desktop\Colab\Nueva carpeta\Sonic-rush\system\fxgl.bundle
22:54:08.236 [JavaFX Application Thread] DEBUG Async                - Shutting down background threads
22:54:08.236 [JavaFX Application Thread] DEBUG PrimaryStageWindow   - Closing main window
22:54:08.249 [JavaFX Application Thread] DEBUG Logger               - Closing Logger
