14:11:59.475 [main                     ] DEBUG Logger               - Configured Logger
14:11:59.554 [main                     ] DEBUG GameApplication      - Logging settings
Title: Jugador Sonic
Version: 0.0
Width: 1000
Height: 600
Fullscreen: false
Intro: false
Profiling: false
Single step:false
App Mode: DEVELOPER
Menu Key: ESCAPE
Stage Style: DECORATED
Scene Factory: class com.almasb.fxgl.app.scene.SceneFactory

14:12:00.125 [JavaFX Application Thread] DEBUG FXGLApplication      - Initializing FXGL
14:12:00.132 [JavaFX Application Thread] INFO  Engine               - FXGL-17.3 (30.03.2023 11.49) on WINDOWS (J:21.0.2 FX:20)
14:12:00.133 [JavaFX Application Thread] DEBUG Engine               - JRE Vendor Name: Oracle Corporation
14:12:00.133 [JavaFX Application Thread] DEBUG Engine               - Running on OS: Windows 10 version 10.0
14:12:00.133 [JavaFX Application Thread] DEBUG Engine               - Architecture: amd64
14:12:00.133 [JavaFX Application Thread] INFO  Engine               - Source code and latest versions at: https://github.com/AlmasB/FXGL
14:12:00.134 [JavaFX Application Thread] INFO  Engine               -       Ask questions and discuss at: https://github.com/AlmasB/FXGL/discussions
14:12:00.135 [JavaFX Application Thread] INFO  Engine               -              Join the FXGL chat at: https://gitter.im/AlmasB/FXGL
14:12:00.314 [JavaFX Application Thread] DEBUG PrimaryStageWindow   - Creating a JavaFX scene
14:12:00.401 [JavaFX Application Thread] DEBUG PrimaryStageWindow   - Target settings size: 1000.0 x 600.0
14:12:00.401 [JavaFX Application Thread] DEBUG PrimaryStageWindow   - Scaled scene size:    1000.0 x 600.0
14:12:00.401 [JavaFX Application Thread] DEBUG PrimaryStageWindow   - Scaled ratio: (1.0, 1.0)
14:12:00.402 [JavaFX Application Thread] DEBUG PrimaryStageWindow   - Set initial scene to FXGLStartupScene
14:12:00.407 [JavaFX Application Thread] DEBUG PrimaryStageWindow   - Opening main window
14:12:00.516 [JavaFX Application Thread] DEBUG PrimaryStageWindow   - Window border size: (16.0, 39.0)
14:12:00.517 [JavaFX Application Thread] DEBUG PrimaryStageWindow   - Scaled size: 1000.0 x 600.0
14:12:00.517 [JavaFX Application Thread] DEBUG PrimaryStageWindow   - Scaled ratio: (1.0, 1.0)
14:12:00.517 [JavaFX Application Thread] DEBUG PrimaryStageWindow   - Scene size: 1000.0 x 600.0
14:12:00.518 [JavaFX Application Thread] DEBUG PrimaryStageWindow   - Stage size: 1016.0 x 639.0
14:12:00.528 [FXGL Background Thread 1 ] DEBUG Engine               - Initializing environment variables
14:12:00.613 [FXGL Background Thread 1 ] DEBUG FXGLAssetLoaderServi - User app class for loading assets: class Runner.ClientRunner
14:12:00.614 [FXGL Background Thread 1 ] DEBUG GameApplicationServi - Applying CSS: fxgl_dark.css
14:12:00.616 [FXGL Background Thread 1 ] DEBUG FXGLAssetLoaderServi - Loading from file system: jar:file:/C:/Users/User/.m2/repository/com/github/almasb/fxgl/17.3/fxgl-17.3.jar!/fxglassets/ui/css/fxgl_dark.css
14:12:00.688 [FXGL Background Thread 1 ] DEBUG GameApplicationServi - Initializing application scenes
14:12:00.912 [FXGL Background Thread 1 ] DEBUG GameWorld            - Game world initialized
14:12:00.990 [FXGL Background Thread 1 ] DEBUG PhysicsWorld         - Physics world initialized: appHeight=600, physics.ppm=50,0
14:12:00.991 [FXGL Background Thread 1 ] DEBUG PhysicsWorld         - Using strategy: BRUTE_FORCE
14:12:01.000 [FXGL Background Thread 1 ] DEBUG GameScene            - Game scene initialized: 1000x600
14:12:01.013 [FXGL Background Thread 1 ] DEBUG FXGL.DefaultMenu     - createMenuBodyGameMenu()
14:12:01.040 [FXGL Background Thread 1 ] DEBUG FXGL.DefaultMenu     - createOptionsMenu()
14:12:01.057 [FXGL Background Thread 1 ] DEBUG FXGLAssetLoaderServi - Loading from file system: jar:file:/C:/Users/User/.m2/repository/com/github/almasb/fxgl/17.3/fxgl-17.3.jar!/fxglassets/textures/particles/smoke.png
14:12:01.244 [FXGL Background Thread 1 ] DEBUG FXGLAssetLoaderServi - Loading from file system: jar:file:/C:/Users/User/.m2/repository/com/github/almasb/fxgl/17.3/fxgl-17.3.jar!/fxglassets/textures/particles/trace_horizontal.png
14:12:01.300 [FXGL Background Thread 1 ] DEBUG GameApplicationServi - Application scenes initialized
14:12:01.330 [FXGL Background Thread 1 ] DEBUG SystemBundleService  - Loading FXGL system data
14:12:01.341 [FXGL Background Thread 1 ] DEBUG FileSystemAccess     - Reading from: C:\Users\User\Documents\GitHub\Sonic-rush\system\fxgl.bundle
14:12:01.357 [FXGL Background Thread 1 ] DEBUG SystemBundleService  - Bundle FXGL: {}
14:12:01.359 [FXGL Background Thread 1 ] DEBUG UpdaterService       - Checking for updates
14:12:01.370 [FXGL Background Thread 1 ] DEBUG FXGLApplication      - Loading default localization
14:12:01.371 [FXGL Background Thread 1 ] DEBUG FXGLAssetLoaderServi - Loading from file system: jar:file:/C:/Users/User/.m2/repository/com/github/almasb/fxgl/17.3/fxgl-17.3.jar!/fxglassets/languages/english.lang
14:12:01.377 [FXGL Background Thread 4 ] DEBUG FXGLApplication      - Loading fonts
14:12:01.380 [FXGL Background Thread 4 ] DEBUG FXGLAssetLoaderServi - Loading from file system: jar:file:/C:/Users/User/.m2/repository/com/github/almasb/fxgl/17.3/fxgl-17.3.jar!/fxglassets/ui/fonts/VarelaRound-Regular.ttf
14:12:01.444 [FXGL Background Thread 1 ] INFO  FXGLApplication      - FXGL initialization took: 0,916 sec
14:12:01.605 [FXGL Background Thread 4 ] DEBUG FXGLAssetLoaderServi - Loading from file system: jar:file:/C:/Users/User/.m2/repository/com/github/almasb/fxgl/17.3/fxgl-17.3.jar!/fxglassets/ui/fonts/Abel-Regular.ttf
14:12:01.643 [FXGL Background Thread 4 ] DEBUG FXGLAssetLoaderServi - Loading from file system: jar:file:/C:/Users/User/.m2/repository/com/github/almasb/fxgl/17.3/fxgl-17.3.jar!/fxglassets/ui/fonts/TerminalLandMono-Regular.otf
14:12:01.663 [FXGL Background Thread 4 ] DEBUG FXGLAssetLoaderServi - Loading from file system: jar:file:/C:/Users/User/.m2/repository/com/github/almasb/fxgl/17.3/fxgl-17.3.jar!/fxglassets/ui/fonts/Courier-Prime.ttf
14:12:01.677 [JavaFX Application Thread] DEBUG Input                - Registered new binding: Mover a la izquierda - A
14:12:01.681 [JavaFX Application Thread] DEBUG Input                - Registered new binding: Mover a la derecha - D
14:12:01.687 [JavaFX Application Thread] DEBUG Input                - Registered new binding: Saltar - W
14:12:01.691 [JavaFX Application Thread] DEBUG Input                - Registered new binding: Interactuar - E
14:12:01.696 [JavaFX Application Thread] DEBUG Input                - Registered new binding: Desactivar filtro - L
14:12:01.697 [JavaFX Application Thread] DEBUG FXGLAssetLoaderServi - Loading from file system: jar:file:/C:/Users/User/.m2/repository/com/github/almasb/fxgl/17.3/fxgl-17.3.jar!/fxglassets/textures/fxgl_icon.png
14:12:01.841 [JavaFX Application Thread] DEBUG FXGLAssetLoaderServi - Loading from file system: jar:file:/C:/Users/User/.m2/repository/com/github/almasb/fxgl/17.3/fxgl-17.3.jar!/fxglassets/textures/fxgl_default_cursor.png
14:12:01.846 [JavaFX Application Thread] DEBUG Input                - Registered new binding: Screenshot - CTRL+8
14:12:01.847 [JavaFX Application Thread] DEBUG Input                - Registered new binding: System info dump - CTRL+9
14:12:01.848 [JavaFX Application Thread] DEBUG Input                - Registered new binding: Restart - CTRL+R
14:12:01.860 [JavaFX Application Thread] DEBUG Input                - Registered new binding: Toggle Debug Camera - CTRL+7
14:12:01.870 [JavaFX Application Thread] DEBUG LoopRunner           - Starting loop
14:12:01.870 [JavaFX Application Thread] DEBUG LoopRunner           - Initializing JavaFX AnimationTimerLoop
14:12:01.871 [JavaFX Application Thread] DEBUG GameApplicationServi - Starting new game
14:12:01.872 [JavaFX Application Thread] DEBUG Input                - Clearing active input actions
14:12:01.925 [JavaFX Application Thread] DEBUG GameApplicationServi - Removing overlay from FXGLStartupScene and adding to FXGLLoadingScene
14:12:01.926 [JavaFX Application Thread] DEBUG PrimaryStageWindow   - FXGLStartupScene -> FXGLLoadingScene
14:12:01.926 [JavaFX Application Thread] DEBUG GameApplicationServi - Clearing previous game
14:12:01.926 [JavaFX Application Thread] DEBUG GameScene            - Clearing game scene
14:12:01.926 [JavaFX Application Thread] DEBUG GameWorld            - Clearing game world
14:12:01.926 [JavaFX Application Thread] DEBUG PhysicsWorld         - Clearing physics world
14:12:01.942 [FXGL Background Thread 4 ] DEBUG FXGLApplication      - Initializing game
14:12:01.976 [FXGL Background Thread 4 ] DEBUG FXGLAssetLoaderServi - Loading from file system: file:/C:/Users/User/Documents/GitHub/Sonic-rush/target/classes/assets/music/OST2.mp3
14:12:02.482 [FXGL Background Thread 4 ] DEBUG AudioPlayer          - Playing music com.almasb.fxgl.audio.Music@6dbc7104
14:12:02.492 [FXGL Background Thread 4 ] INFO  FXGLApplication      - Game initialization took: 0,549 sec
14:12:02.816 [FXGL Background Thread 2 ] INFO  UpdaterService       - Your current version:  17.3
14:12:02.822 [FXGL Background Thread 2 ] INFO  UpdaterService       - Latest stable version: 21.1
14:12:02.912 [JavaFX Application Thread] DEBUG Input                - Clearing active input actions
14:12:02.942 [JavaFX Application Thread] DEBUG GameApplicationServi - Removing overlay from FXGLLoadingScene and adding to GameScene
14:12:02.942 [JavaFX Application Thread] DEBUG PrimaryStageWindow   - FXGLLoadingScene -> GameScene
14:12:04.366 [FXGL Background Thread 3 ] DEBUG Engine               - Logging environment variables
14:12:04.367 [FXGL Background Thread 3 ] DEBUG Engine               - achievements: []
14:12:04.367 [FXGL Background Thread 3 ] DEBUG Engine               - actualHeight: 600.0
14:12:04.367 [FXGL Background Thread 3 ] DEBUG Engine               - actualHeightProperty: ReadOnlyDoubleProperty [value: 600.0]
14:12:04.367 [FXGL Background Thread 3 ] DEBUG Engine               - actualWidth: 1000.0
14:12:04.367 [FXGL Background Thread 3 ] DEBUG Engine               - actualWidthProperty: ReadOnlyDoubleProperty [value: 1000.0]
14:12:04.367 [FXGL Background Thread 3 ] DEBUG Engine               - appIcon: fxgl_icon.png
14:12:04.367 [FXGL Background Thread 3 ] DEBUG Engine               - applicationMode: DEVELOPER
14:12:04.368 [FXGL Background Thread 3 ] DEBUG Engine               - cSSList: [fxgl_dark.css]
14:12:04.368 [FXGL Background Thread 3 ] DEBUG Engine               - collisionDetectionStrategy: BRUTE_FORCE
14:12:04.368 [FXGL Background Thread 3 ] DEBUG Engine               - configClass: Optional.empty
14:12:04.368 [FXGL Background Thread 3 ] DEBUG Engine               - credits: []
14:12:04.368 [FXGL Background Thread 3 ] DEBUG Engine               - defaultCursor: CursorInfo(imageName=fxgl_default_cursor.png, hotspotX=7.0, hotspotY=6.0)
14:12:04.369 [FXGL Background Thread 3 ] DEBUG Engine               - devBBoxColorProperty: ObjectProperty [value: 0xff0000ff]
14:12:04.369 [FXGL Background Thread 3 ] DEBUG Engine               - devEnableDebugCameraProperty: BooleanProperty [value: false]
14:12:04.369 [FXGL Background Thread 3 ] DEBUG Engine               - devSensorColorProperty: ObjectProperty [value: 0xffff00ff]
14:12:04.369 [FXGL Background Thread 3 ] DEBUG Engine               - devShowBBoxProperty: BooleanProperty [value: false]
14:12:04.369 [FXGL Background Thread 3 ] DEBUG Engine               - devShowPositionProperty: BooleanProperty [value: false]
14:12:04.369 [FXGL Background Thread 3 ] DEBUG Engine               - enabledMenuItems: []
14:12:04.369 [FXGL Background Thread 3 ] DEBUG Engine               - engineServices: [class com.almasb.fxgl.app.services.FXGLAssetLoaderService, class com.almasb.fxgl.app.FXGLApplication$GameApplicationService, class com.almasb.fxgl.app.services.FXGLDialogService, class com.almasb.fxgl.app.services.IOTaskExecutorService, class com.almasb.fxgl.io.FileSystemService, class com.almasb.fxgl.localization.LocalizationService, class com.almasb.fxgl.app.services.SystemBundleService, class com.almasb.fxgl.profile.SaveLoadService, class com.almasb.fxgl.ui.FXGLUIFactoryServiceProvider, class com.almasb.fxgl.ui.FXGLDialogFactoryServiceProvider, class com.almasb.fxgl.audio.AudioPlayer, class com.almasb.fxgl.notification.impl.NotificationServiceProvider, class com.almasb.fxgl.achievement.AchievementService, class com.almasb.fxgl.cutscene.CutsceneService, class com.almasb.fxgl.minigames.MiniGameService, class com.almasb.fxgl.net.NetService, class com.almasb.fxgl.app.services.UpdaterService, class com.almasb.fxgl.dev.DevService, class com.almasb.fxgl.multiplayer.MultiplayerService]
14:12:04.369 [FXGL Background Thread 3 ] DEBUG Engine               - fontGame: Abel-Regular.ttf
14:12:04.369 [FXGL Background Thread 3 ] DEBUG Engine               - fontMono: TerminalLandMono-Regular.otf
14:12:04.370 [FXGL Background Thread 3 ] DEBUG Engine               - fontSizeScaleUI: 1.0
14:12:04.370 [FXGL Background Thread 3 ] DEBUG Engine               - fontText: Courier-Prime.ttf
14:12:04.370 [FXGL Background Thread 3 ] DEBUG Engine               - fontUI: VarelaRound-Regular.ttf
14:12:04.370 [FXGL Background Thread 3 ] DEBUG Engine               - fullScreen: BooleanProperty [value: false]
14:12:04.370 [FXGL Background Thread 3 ] DEBUG Engine               - gameDifficulty: MEDIUM
14:12:04.370 [FXGL Background Thread 3 ] DEBUG Engine               - gameDifficultyProperty: ObjectProperty [value: MEDIUM]
14:12:04.370 [FXGL Background Thread 3 ] DEBUG Engine               - globalMusicVolume: 0.5
14:12:04.370 [FXGL Background Thread 3 ] DEBUG Engine               - globalMusicVolumeProperty: DoubleProperty [value: 0.5]
14:12:04.370 [FXGL Background Thread 3 ] DEBUG Engine               - globalSoundVolume: 0.5
14:12:04.370 [FXGL Background Thread 3 ] DEBUG Engine               - globalSoundVolumeProperty: DoubleProperty [value: 0.5]
14:12:04.370 [FXGL Background Thread 3 ] DEBUG Engine               - height: 600
14:12:04.370 [FXGL Background Thread 3 ] DEBUG Engine               - is3D: false
14:12:04.370 [FXGL Background Thread 3 ] DEBUG Engine               - isAndroid: false
14:12:04.370 [FXGL Background Thread 3 ] DEBUG Engine               - isBrowser: false
14:12:04.370 [FXGL Background Thread 3 ] DEBUG Engine               - isClickFeedbackEnabled: false
14:12:04.371 [FXGL Background Thread 3 ] DEBUG Engine               - isCloseConfirmation: false
14:12:04.371 [FXGL Background Thread 3 ] DEBUG Engine               - isDesktop: true
14:12:04.371 [FXGL Background Thread 3 ] DEBUG Engine               - isDeveloperMenuEnabled: false
14:12:04.371 [FXGL Background Thread 3 ] DEBUG Engine               - isEmbedded: false
14:12:04.371 [FXGL Background Thread 3 ] DEBUG Engine               - isEntityPreloadEnabled: true
14:12:04.371 [FXGL Background Thread 3 ] DEBUG Engine               - isExperimentalTiledLargeMap: false
14:12:04.371 [FXGL Background Thread 3 ] DEBUG Engine               - isFileSystemWriteAllowed: true
14:12:04.371 [FXGL Background Thread 3 ] DEBUG Engine               - isFullScreenAllowed: false
14:12:04.371 [FXGL Background Thread 3 ] DEBUG Engine               - isFullScreenFromStart: false
14:12:04.371 [FXGL Background Thread 3 ] DEBUG Engine               - isGameMenuEnabled: true
14:12:04.371 [FXGL Background Thread 3 ] DEBUG Engine               - isIOS: false
14:12:04.372 [FXGL Background Thread 3 ] DEBUG Engine               - isIntroEnabled: false
14:12:04.372 [FXGL Background Thread 3 ] DEBUG Engine               - isLinux: false
14:12:04.372 [FXGL Background Thread 3 ] DEBUG Engine               - isMac: false
14:12:04.372 [FXGL Background Thread 3 ] DEBUG Engine               - isMainMenuEnabled: false
14:12:04.373 [FXGL Background Thread 3 ] DEBUG Engine               - isManualResizeEnabled: false
14:12:04.373 [FXGL Background Thread 3 ] DEBUG Engine               - isMobile: false
14:12:04.373 [FXGL Background Thread 3 ] DEBUG Engine               - isNative: false
14:12:04.373 [FXGL Background Thread 3 ] DEBUG Engine               - isPauseMusicWhenMinimized: true
14:12:04.373 [FXGL Background Thread 3 ] DEBUG Engine               - isPreserveResizeRatio: false
14:12:04.373 [FXGL Background Thread 3 ] DEBUG Engine               - isProfilingEnabled: false
14:12:04.373 [FXGL Background Thread 3 ] DEBUG Engine               - isScaleAffectedOnResize: true
14:12:04.373 [FXGL Background Thread 3 ] DEBUG Engine               - isSingleStep: false
14:12:04.373 [FXGL Background Thread 3 ] DEBUG Engine               - isUserProfileEnabled: false
14:12:04.374 [FXGL Background Thread 3 ] DEBUG Engine               - isWindows: true
14:12:04.374 [FXGL Background Thread 3 ] DEBUG Engine               - language: ObjectProperty [value: ENGLISH]
14:12:04.374 [FXGL Background Thread 3 ] DEBUG Engine               - menuKey: ESCAPE
14:12:04.374 [FXGL Background Thread 3 ] DEBUG Engine               - mouseSensitivity: 0.2
14:12:04.374 [FXGL Background Thread 3 ] DEBUG Engine               - notificationViewClass: class com.almasb.fxgl.notification.view.XboxNotificationView
14:12:04.374 [FXGL Background Thread 3 ] DEBUG Engine               - pixelsPerMeter: 50.0
14:12:04.374 [FXGL Background Thread 3 ] DEBUG Engine               - platform: WINDOWS
14:12:04.376 [FXGL Background Thread 3 ] DEBUG Engine               - prefHeightProperty: ReadOnlyDoubleProperty [value: 600.0]
14:12:04.377 [FXGL Background Thread 3 ] DEBUG Engine               - prefWidthProperty: ReadOnlyDoubleProperty [value: 1000.0]
14:12:04.377 [FXGL Background Thread 3 ] DEBUG Engine               - profileDir: profiles/
14:12:04.377 [FXGL Background Thread 3 ] DEBUG Engine               - profileName: StringProperty [value: DEFAULT]
14:12:04.377 [FXGL Background Thread 3 ] DEBUG Engine               - randomSeed: -1
14:12:04.378 [FXGL Background Thread 3 ] DEBUG Engine               - runtimeInfo: RuntimeInfo(platform=WINDOWS, version=17.3, build=30.03.2023 11.49)
14:12:04.378 [FXGL Background Thread 3 ] DEBUG Engine               - saveFileExt: sav
14:12:04.378 [FXGL Background Thread 3 ] DEBUG Engine               - scaledHeightProp$fxgl: DoubleProperty [bound, value: 600.0]
14:12:04.378 [FXGL Background Thread 3 ] DEBUG Engine               - scaledWidthProp$fxgl: DoubleProperty [bound, value: 1000.0]
14:12:04.378 [FXGL Background Thread 3 ] DEBUG Engine               - sceneFactory: com.almasb.fxgl.app.scene.SceneFactory@1ee36b3d
14:12:04.378 [FXGL Background Thread 3 ] DEBUG Engine               - secondsIn24h: 60
14:12:04.378 [FXGL Background Thread 3 ] DEBUG Engine               - soundMenuBack: menu/back.wav
14:12:04.378 [FXGL Background Thread 3 ] DEBUG Engine               - soundMenuPress: menu/press.wav
14:12:04.378 [FXGL Background Thread 3 ] DEBUG Engine               - soundMenuSelect: menu/select.wav
14:12:04.378 [FXGL Background Thread 3 ] DEBUG Engine               - soundNotification: core/notification.wav
14:12:04.378 [FXGL Background Thread 3 ] DEBUG Engine               - stageStyle: DECORATED
14:12:04.378 [FXGL Background Thread 3 ] DEBUG Engine               - supportedLanguages: [ENGLISH, FRENCH, GERMAN, HUNGARIAN, RUSSIAN]
14:12:04.379 [FXGL Background Thread 3 ] DEBUG Engine               - ticksPerSecond: -1
14:12:04.379 [FXGL Background Thread 3 ] DEBUG Engine               - title: Jugador Sonic
14:12:04.379 [FXGL Background Thread 3 ] DEBUG Engine               - urlGithub: https://github.com/AlmasB/FXGL
14:12:04.379 [FXGL Background Thread 3 ] DEBUG Engine               - urlLeaderboard: http://fxgl-top.herokuapp.com/
14:12:04.379 [FXGL Background Thread 3 ] DEBUG Engine               - urlPOM: https://raw.githubusercontent.com/AlmasB/FXGL/release/README.md
14:12:04.379 [FXGL Background Thread 3 ] DEBUG Engine               - userAppClass: class Runner.ClientRunner
14:12:04.379 [FXGL Background Thread 3 ] DEBUG Engine               - version: 0.0
14:12:04.379 [FXGL Background Thread 3 ] DEBUG Engine               - versionCheckDays: 7
14:12:04.379 [FXGL Background Thread 3 ] DEBUG Engine               - width: 1000
14:12:04.379 [FXGL Background Thread 3 ] DEBUG Engine               - Logging services
14:12:04.379 [FXGL Background Thread 3 ] DEBUG Engine               - class com.almasb.fxgl.app.services.FXGLAssetLoaderService
14:12:04.379 [FXGL Background Thread 3 ] DEBUG Engine               - class com.almasb.fxgl.app.FXGLApplication$GameApplicationService
14:12:04.379 [FXGL Background Thread 3 ] DEBUG Engine               - class com.almasb.fxgl.app.services.FXGLDialogService
14:12:04.379 [FXGL Background Thread 3 ] DEBUG Engine               - class com.almasb.fxgl.app.services.IOTaskExecutorService
14:12:04.379 [FXGL Background Thread 3 ] DEBUG Engine               - class com.almasb.fxgl.io.FileSystemService
14:12:04.379 [FXGL Background Thread 3 ] DEBUG Engine               - class com.almasb.fxgl.localization.LocalizationService
14:12:04.379 [FXGL Background Thread 3 ] DEBUG Engine               - class com.almasb.fxgl.app.services.SystemBundleService
14:12:04.379 [FXGL Background Thread 3 ] DEBUG Engine               - class com.almasb.fxgl.profile.SaveLoadService
14:12:04.379 [FXGL Background Thread 3 ] DEBUG Engine               - class com.almasb.fxgl.ui.FXGLUIFactoryServiceProvider
14:12:04.379 [FXGL Background Thread 3 ] DEBUG Engine               - class com.almasb.fxgl.ui.FXGLDialogFactoryServiceProvider
14:12:04.379 [FXGL Background Thread 3 ] DEBUG Engine               - class com.almasb.fxgl.audio.AudioPlayer
14:12:04.379 [FXGL Background Thread 3 ] DEBUG Engine               - class com.almasb.fxgl.notification.impl.NotificationServiceProvider
14:12:04.380 [FXGL Background Thread 3 ] DEBUG Engine               - class com.almasb.fxgl.achievement.AchievementService
14:12:04.380 [FXGL Background Thread 3 ] DEBUG Engine               - class com.almasb.fxgl.cutscene.CutsceneService
14:12:04.380 [FXGL Background Thread 3 ] DEBUG Engine               - class com.almasb.fxgl.minigames.MiniGameService
14:12:04.380 [FXGL Background Thread 3 ] DEBUG Engine               - class com.almasb.fxgl.net.NetService
14:12:04.380 [FXGL Background Thread 3 ] DEBUG Engine               - class com.almasb.fxgl.app.services.UpdaterService
14:12:04.380 [FXGL Background Thread 3 ] DEBUG Engine               - class com.almasb.fxgl.dev.DevService
14:12:04.380 [FXGL Background Thread 3 ] DEBUG Engine               - class com.almasb.fxgl.multiplayer.MultiplayerService
14:12:15.224 [JavaFX Application Thread] DEBUG FXGLAssetLoaderServi - Loading from file system: file:/C:/Users/User/Documents/GitHub/Sonic-rush/target/classes/assets/textures/fondo.png
14:12:15.460 [JavaFX Application Thread] WARN  TMXLevelLoader       - TiledMap generated from 1.11.2. Supported version: 1.9.0. Some features may not be parsed fully.
14:12:15.488 [JavaFX Application Thread] DEBUG TMXLevelLoader       - Parsed TiledMap: file:/C:/Users/User/Documents/GitHub/Sonic-rush/target/classes/assets/levels/mapazo.tmx
14:12:15.489 [JavaFX Application Thread] DEBUG TMXLevelLoader       - Creating tile layer entities
14:12:15.492 [JavaFX Application Thread] DEBUG TilesetLoader        - Loading view for layer Capa de patrones 1
14:12:15.498 [JavaFX Application Thread] DEBUG TilesetLoader        - Created buffer with size 3840.0x720.0
14:12:15.534 [JavaFX Application Thread] DEBUG TMXLevelLoader       - Creating object layer entities
14:12:15.572 [JavaFX Application Thread] DEBUG GameWorld            - Clearing removable entities
14:12:15.574 [JavaFX Application Thread] DEBUG GameWorld            - Setting level: com.almasb.fxgl.entity.level.Level@73de38e1
14:12:15.589 [ClientAsyncConnThread    ] DEBUG TCPClient            - Connecting to 192.168.56.1:50000 type: class com.almasb.fxgl.core.serialization.Bundle
14:12:15.591 [ClientAsyncConnThread    ] DEBUG TCPClient            - Created socket to 192.168.56.1:50000
14:12:15.599 [ClientAsyncConnThread    ] DEBUG Endpoint             - TCPClient opening new connection (1) from /192.168.56.1:50000 type: class com.almasb.fxgl.core.serialization.Bundle
14:12:15.601 [ClientAsyncConnThread    ] DEBUG Endpoint             - TCPClient successfully opened connection (1)
14:12:15.635 [TCPClient_SendThread-1   ] DEBUG Writers              - Getting TCPMessageWriter for class com.almasb.fxgl.core.serialization.Bundle
14:12:15.636 [TCPClient_RecvThread-1   ] DEBUG Readers              - Getting TCPMessageReader for class com.almasb.fxgl.core.serialization.Bundle
14:12:15.637 [TCPClient_SendThread-1   ] DEBUG Writers              - Constructed TCPMessageWriter for class com.almasb.fxgl.core.serialization.Bundle: BundleTCPMessageWriter
14:12:15.640 [TCPClient_RecvThread-1   ] DEBUG Readers              - Constructed MessageReader for class com.almasb.fxgl.core.serialization.Bundle: BundleTCPMessageReader
14:12:15.659 [JavaFX Application Thread] DEBUG FXGLAssetLoaderServi - Loading from file system: file:/C:/Users/User/Documents/GitHub/Sonic-rush/target/classes/assets/textures/Items/ring.png
14:12:15.676 [JavaFX Application Thread] DEBUG FXGLAssetLoaderServi - Loading from file system: file:/C:/Users/User/Documents/GitHub/Sonic-rush/target/classes/assets/textures/Items/basura.png
14:12:15.679 [JavaFX Application Thread] DEBUG FXGLAssetLoaderServi - Loading from file system: file:/C:/Users/User/Documents/GitHub/Sonic-rush/target/classes/assets/textures/Items/caucho.png
14:12:15.693 [JavaFX Application Thread] DEBUG FXGLAssetLoaderServi - Loading from file system: file:/C:/Users/User/Documents/GitHub/Sonic-rush/target/classes/assets/textures/Items/papel.png
14:12:15.711 [JavaFX Application Thread] DEBUG FXGLAssetLoaderServi - Loading from file system: file:/C:/Users/User/Documents/GitHub/Sonic-rush/target/classes/assets/textures/Enemigos/enemigo2.png
14:12:15.746 [JavaFX Application Thread] DEBUG FXGLAssetLoaderServi - Loading from file system: file:/C:/Users/User/Documents/GitHub/Sonic-rush/target/classes/assets/textures/Personajes/tails.png
14:12:15.749 [JavaFX Application Thread] DEBUG FXGLAssetLoaderServi - Loading from file system: file:/C:/Users/User/Documents/GitHub/Sonic-rush/target/classes/assets/textures/Personajes/tails_Salta.png
14:12:15.750 [JavaFX Application Thread] DEBUG FXGLAssetLoaderServi - Loading from file system: file:/C:/Users/User/Documents/GitHub/Sonic-rush/target/classes/assets/textures/Personajes/tails_caminando.png
14:12:17.482 [JavaFX Application Thread] DEBUG FXGLAssetLoaderServi - Loading from file system: file:/C:/Users/User/Documents/GitHub/Sonic-rush/target/classes/assets/sounds/recoger.wav
14:12:36.082 [JavaFX Application Thread] DEBUG FXGLApplication      - Exiting FXGL
14:12:36.082 [JavaFX Application Thread] DEBUG LoopRunner           - Stopping loop
14:12:36.083 [JavaFX Application Thread] DEBUG SystemBundleService  - Saving FXGL system data
14:12:36.084 [JavaFX Application Thread] DEBUG FileSystemAccess     - Writing to: C:\Users\User\Documents\GitHub\Sonic-rush\system\fxgl.bundle
14:12:36.085 [JavaFX Application Thread] DEBUG Async                - Shutting down background threads
14:12:36.086 [JavaFX Application Thread] DEBUG PrimaryStageWindow   - Closing main window
14:12:36.098 [JavaFX Application Thread] DEBUG Logger               - Closing Logger
