14:47:47.995 [main                     ] DEBUG Logger               - Configured Logger
14:47:48.052 [main                     ] DEBUG GameApplication      - Logging settings
Title: Jugador Sonic
Version: 0.0
Width: 1000
Height: 600
Fullscreen: false
Intro: false
Profiling: false
Single step:false
App Mode: DEVELOPER
Menu Key: ESCAPE
Stage Style: DECORATED
Scene Factory: class com.almasb.fxgl.app.scene.SceneFactory

14:47:48.809 [JavaFX Application Thread] DEBUG FXGLApplication      - Initializing FXGL
14:47:48.822 [JavaFX Application Thread] INFO  Engine               - FXGL-17.3 (30.03.2023 11.49) on WINDOWS (J:17.0.12 FX:20)
14:47:48.823 [JavaFX Application Thread] DEBUG Engine               - JRE Vendor Name: Oracle Corporation
14:47:48.824 [JavaFX Application Thread] DEBUG Engine               - Running on OS: Windows 10 version 10.0
14:47:48.824 [JavaFX Application Thread] DEBUG Engine               - Architecture: amd64
14:47:48.825 [JavaFX Application Thread] INFO  Engine               - Source code and latest versions at: https://github.com/AlmasB/FXGL
14:47:48.825 [JavaFX Application Thread] INFO  Engine               -       Ask questions and discuss at: https://github.com/AlmasB/FXGL/discussions
14:47:48.826 [JavaFX Application Thread] INFO  Engine               -              Join the FXGL chat at: https://gitter.im/AlmasB/FXGL
14:47:49.180 [JavaFX Application Thread] DEBUG PrimaryStageWindow   - Creating a JavaFX scene
14:47:49.285 [JavaFX Application Thread] DEBUG PrimaryStageWindow   - Target settings size: 1000.0 x 600.0
14:47:49.286 [JavaFX Application Thread] DEBUG PrimaryStageWindow   - Scaled scene size:    1000.0 x 600.0
14:47:49.286 [JavaFX Application Thread] DEBUG PrimaryStageWindow   - Scaled ratio: (1.0, 1.0)
14:47:49.288 [JavaFX Application Thread] DEBUG PrimaryStageWindow   - Set initial scene to FXGLStartupScene
14:47:49.299 [JavaFX Application Thread] DEBUG PrimaryStageWindow   - Opening main window
14:47:49.455 [JavaFX Application Thread] DEBUG PrimaryStageWindow   - Window border size: (14.4000244140625, 37.5999755859375)
14:47:49.455 [JavaFX Application Thread] DEBUG PrimaryStageWindow   - Scaled size: 1000.0 x 600.0
14:47:49.456 [JavaFX Application Thread] DEBUG PrimaryStageWindow   - Scaled ratio: (1.0, 1.0)
14:47:49.456 [JavaFX Application Thread] DEBUG PrimaryStageWindow   - Scene size: 1000.0 x 600.0
14:47:49.457 [JavaFX Application Thread] DEBUG PrimaryStageWindow   - Stage size: 1014.4000244140625 x 637.5999755859375
14:47:49.476 [FXGL Background Thread 1 ] DEBUG Engine               - Initializing environment variables
14:47:49.568 [FXGL Background Thread 1 ] DEBUG FXGLAssetLoaderServi - User app class for loading assets: class Runner.ClientRunner
14:47:49.568 [FXGL Background Thread 1 ] DEBUG GameApplicationServi - Applying CSS: fxgl_dark.css
14:47:49.570 [FXGL Background Thread 1 ] DEBUG FXGLAssetLoaderServi - Loading from file system: jar:file:/C:/Users/Owner/.m2/repository/com/github/almasb/fxgl/17.3/fxgl-17.3.jar!/fxglassets/ui/css/fxgl_dark.css
14:47:49.701 [FXGL Background Thread 1 ] DEBUG GameApplicationServi - Initializing application scenes
14:47:50.184 [FXGL Background Thread 1 ] DEBUG GameWorld            - Game world initialized
14:47:50.572 [FXGL Background Thread 1 ] DEBUG PhysicsWorld         - Physics world initialized: appHeight=600, physics.ppm=50.0
14:47:50.574 [FXGL Background Thread 1 ] DEBUG PhysicsWorld         - Using strategy: BRUTE_FORCE
14:47:50.614 [FXGL Background Thread 1 ] DEBUG GameScene            - Game scene initialized: 1000x600
14:47:50.694 [FXGL Background Thread 1 ] DEBUG FXGL.DefaultMenu     - createMenuBodyGameMenu()
14:47:50.857 [FXGL Background Thread 1 ] DEBUG FXGL.DefaultMenu     - createOptionsMenu()
14:47:50.974 [FXGL Background Thread 1 ] DEBUG FXGLAssetLoaderServi - Loading from file system: jar:file:/C:/Users/Owner/.m2/repository/com/github/almasb/fxgl/17.3/fxgl-17.3.jar!/fxglassets/textures/particles/smoke.png
14:47:51.571 [FXGL Background Thread 1 ] DEBUG FXGLAssetLoaderServi - Loading from file system: jar:file:/C:/Users/Owner/.m2/repository/com/github/almasb/fxgl/17.3/fxgl-17.3.jar!/fxglassets/textures/particles/trace_horizontal.png
14:47:51.613 [FXGL Background Thread 1 ] DEBUG GameApplicationServi - Application scenes initialized
14:47:51.635 [FXGL Background Thread 1 ] DEBUG SystemBundleService  - Loading FXGL system data
14:47:51.643 [FXGL Background Thread 1 ] DEBUG FileSystemAccess     - Reading from: C:\Users\Owner\Desktop\Sonic-rush\system\fxgl.bundle
14:47:51.676 [FXGL Background Thread 1 ] DEBUG SystemBundleService  - Bundle FXGL: {}
14:47:51.677 [FXGL Background Thread 1 ] DEBUG UpdaterService       - Checking for updates
14:47:51.685 [FXGL Background Thread 1 ] DEBUG FXGLApplication      - Loading default localization
14:47:51.686 [FXGL Background Thread 1 ] DEBUG FXGLAssetLoaderServi - Loading from file system: jar:file:/C:/Users/Owner/.m2/repository/com/github/almasb/fxgl/17.3/fxgl-17.3.jar!/fxglassets/languages/english.lang
14:47:51.759 [FXGL Background Thread 1 ] INFO  FXGLApplication      - FXGL initialization took: 2.283 sec
14:47:51.872 [JavaFX Application Thread] DEBUG Input                - Registered new binding: Mover a la izquierda - A
14:47:51.872 [JavaFX Application Thread] DEBUG Input                - Registered new binding: Mover a la derecha - D
14:47:51.873 [JavaFX Application Thread] DEBUG Input                - Registered new binding: Saltar - W
14:47:51.873 [JavaFX Application Thread] DEBUG Input                - Registered new binding: Interactuar - E
14:47:51.873 [JavaFX Application Thread] DEBUG Input                - Registered new binding: Transformar - P
14:47:51.873 [JavaFX Application Thread] DEBUG Input                - Registered new binding: Desactivar filtro - L
14:47:51.874 [JavaFX Application Thread] DEBUG FXGLAssetLoaderServi - Loading from file system: jar:file:/C:/Users/Owner/.m2/repository/com/github/almasb/fxgl/17.3/fxgl-17.3.jar!/fxglassets/textures/fxgl_icon.png
14:47:51.975 [FXGL Background Thread 4 ] DEBUG FXGLApplication      - Loading fonts
14:47:51.981 [JavaFX Application Thread] DEBUG FXGLAssetLoaderServi - Loading from file system: jar:file:/C:/Users/Owner/.m2/repository/com/github/almasb/fxgl/17.3/fxgl-17.3.jar!/fxglassets/textures/fxgl_default_cursor.png
14:47:51.982 [FXGL Background Thread 4 ] DEBUG FXGLAssetLoaderServi - Loading from file system: jar:file:/C:/Users/Owner/.m2/repository/com/github/almasb/fxgl/17.3/fxgl-17.3.jar!/fxglassets/ui/fonts/VarelaRound-Regular.ttf
14:47:51.984 [JavaFX Application Thread] DEBUG Input                - Registered new binding: Screenshot - CTRL+8
14:47:51.985 [JavaFX Application Thread] DEBUG Input                - Registered new binding: System info dump - CTRL+9
14:47:51.986 [JavaFX Application Thread] DEBUG Input                - Registered new binding: Restart - CTRL+R
14:47:51.987 [JavaFX Application Thread] DEBUG Input                - Registered new binding: Toggle Debug Camera - CTRL+7
14:47:52.004 [JavaFX Application Thread] DEBUG LoopRunner           - Starting loop
14:47:52.004 [JavaFX Application Thread] DEBUG LoopRunner           - Initializing JavaFX AnimationTimerLoop
14:47:52.008 [JavaFX Application Thread] DEBUG GameApplicationServi - Starting new game
14:47:52.008 [JavaFX Application Thread] DEBUG Input                - Clearing active input actions
14:47:52.064 [JavaFX Application Thread] DEBUG GameApplicationServi - Removing overlay from FXGLStartupScene and adding to FXGLLoadingScene
14:47:52.065 [JavaFX Application Thread] DEBUG PrimaryStageWindow   - FXGLStartupScene -> FXGLLoadingScene
14:47:52.065 [JavaFX Application Thread] DEBUG GameApplicationServi - Clearing previous game
14:47:52.065 [JavaFX Application Thread] DEBUG GameScene            - Clearing game scene
14:47:52.065 [JavaFX Application Thread] DEBUG GameWorld            - Clearing game world
14:47:52.065 [JavaFX Application Thread] DEBUG PhysicsWorld         - Clearing physics world
14:47:52.072 [FXGL Background Thread 1 ] DEBUG FXGLApplication      - Initializing game
14:47:52.113 [FXGL Background Thread 1 ] DEBUG FXGLAssetLoaderServi - Loading from file system: file:/C:/Users/Owner/Desktop/Sonic-rush/target/classes/assets/music/OST2.mp3
14:47:52.438 [FXGL Background Thread 4 ] DEBUG FXGLAssetLoaderServi - Loading from file system: jar:file:/C:/Users/Owner/.m2/repository/com/github/almasb/fxgl/17.3/fxgl-17.3.jar!/fxglassets/ui/fonts/Abel-Regular.ttf
14:47:52.444 [FXGL Background Thread 4 ] DEBUG FXGLAssetLoaderServi - Loading from file system: jar:file:/C:/Users/Owner/.m2/repository/com/github/almasb/fxgl/17.3/fxgl-17.3.jar!/fxglassets/ui/fonts/TerminalLandMono-Regular.otf
14:47:52.449 [FXGL Background Thread 4 ] DEBUG FXGLAssetLoaderServi - Loading from file system: jar:file:/C:/Users/Owner/.m2/repository/com/github/almasb/fxgl/17.3/fxgl-17.3.jar!/fxglassets/ui/fonts/Courier-Prime.ttf
14:47:52.554 [JavaFX Application Thread] DEBUG FXGLApplication      - Registering font factories with UI factory
14:47:52.933 [FXGL Background Thread 1 ] DEBUG AudioPlayer          - Playing music com.almasb.fxgl.audio.Music@cc9e103
14:47:52.947 [FXGL Background Thread 1 ] INFO  FXGLApplication      - Game initialization took: 0.875 sec
14:47:53.453 [FXGL Background Thread 2 ] INFO  UpdaterService       - Your current version:  17.3
14:47:53.556 [FXGL Background Thread 2 ] INFO  UpdaterService       - Latest stable version: 21.1
14:47:53.578 [JavaFX Application Thread] DEBUG Input                - Clearing active input actions
14:47:53.668 [JavaFX Application Thread] DEBUG GameApplicationServi - Removing overlay from FXGLLoadingScene and adding to GameScene
14:47:53.669 [JavaFX Application Thread] DEBUG PrimaryStageWindow   - FXGLLoadingScene -> GameScene
14:47:54.734 [FXGL Background Thread 3 ] DEBUG Engine               - Logging environment variables
14:47:54.737 [FXGL Background Thread 3 ] DEBUG Engine               - achievements: []
14:47:54.738 [FXGL Background Thread 3 ] DEBUG Engine               - actualHeight: 600.0
14:47:54.800 [FXGL Background Thread 3 ] DEBUG Engine               - actualHeightProperty: ReadOnlyDoubleProperty [value: 600.0]
14:47:54.804 [FXGL Background Thread 3 ] DEBUG Engine               - actualWidth: 1000.0
14:47:54.806 [FXGL Background Thread 3 ] DEBUG Engine               - actualWidthProperty: ReadOnlyDoubleProperty [value: 1000.0]
14:47:54.807 [FXGL Background Thread 3 ] DEBUG Engine               - appIcon: fxgl_icon.png
14:47:54.807 [FXGL Background Thread 3 ] DEBUG Engine               - applicationMode: DEVELOPER
14:47:54.807 [FXGL Background Thread 3 ] DEBUG Engine               - cSSList: [fxgl_dark.css]
14:47:54.807 [FXGL Background Thread 3 ] DEBUG Engine               - collisionDetectionStrategy: BRUTE_FORCE
14:47:54.807 [FXGL Background Thread 3 ] DEBUG Engine               - configClass: Optional.empty
14:47:54.807 [FXGL Background Thread 3 ] DEBUG Engine               - credits: []
14:47:54.816 [FXGL Background Thread 3 ] DEBUG Engine               - defaultCursor: CursorInfo(imageName=fxgl_default_cursor.png, hotspotX=7.0, hotspotY=6.0)
14:47:54.817 [FXGL Background Thread 3 ] DEBUG Engine               - devBBoxColorProperty: ObjectProperty [value: 0xff0000ff]
14:47:54.818 [FXGL Background Thread 3 ] DEBUG Engine               - devEnableDebugCameraProperty: BooleanProperty [value: false]
14:47:54.819 [FXGL Background Thread 3 ] DEBUG Engine               - devSensorColorProperty: ObjectProperty [value: 0xffff00ff]
14:47:54.820 [FXGL Background Thread 3 ] DEBUG Engine               - devShowBBoxProperty: BooleanProperty [value: false]
14:47:54.820 [FXGL Background Thread 3 ] DEBUG Engine               - devShowPositionProperty: BooleanProperty [value: false]
14:47:54.821 [FXGL Background Thread 3 ] DEBUG Engine               - enabledMenuItems: []
14:47:54.824 [FXGL Background Thread 3 ] DEBUG Engine               - engineServices: [class com.almasb.fxgl.app.services.FXGLAssetLoaderService, class com.almasb.fxgl.app.FXGLApplication$GameApplicationService, class com.almasb.fxgl.app.services.FXGLDialogService, class com.almasb.fxgl.app.services.IOTaskExecutorService, class com.almasb.fxgl.io.FileSystemService, class com.almasb.fxgl.localization.LocalizationService, class com.almasb.fxgl.app.services.SystemBundleService, class com.almasb.fxgl.profile.SaveLoadService, class com.almasb.fxgl.ui.FXGLUIFactoryServiceProvider, class com.almasb.fxgl.ui.FXGLDialogFactoryServiceProvider, class com.almasb.fxgl.audio.AudioPlayer, class com.almasb.fxgl.notification.impl.NotificationServiceProvider, class com.almasb.fxgl.achievement.AchievementService, class com.almasb.fxgl.cutscene.CutsceneService, class com.almasb.fxgl.minigames.MiniGameService, class com.almasb.fxgl.net.NetService, class com.almasb.fxgl.app.services.UpdaterService, class com.almasb.fxgl.dev.DevService, class com.almasb.fxgl.multiplayer.MultiplayerService]
14:47:54.825 [FXGL Background Thread 3 ] DEBUG Engine               - fontGame: Abel-Regular.ttf
14:47:54.825 [FXGL Background Thread 3 ] DEBUG Engine               - fontMono: TerminalLandMono-Regular.otf
14:47:54.828 [FXGL Background Thread 3 ] DEBUG Engine               - fontSizeScaleUI: 1.0
14:47:54.828 [FXGL Background Thread 3 ] DEBUG Engine               - fontText: Courier-Prime.ttf
14:47:54.830 [FXGL Background Thread 3 ] DEBUG Engine               - fontUI: VarelaRound-Regular.ttf
14:47:54.831 [FXGL Background Thread 3 ] DEBUG Engine               - fullScreen: BooleanProperty [value: false]
14:47:54.831 [FXGL Background Thread 3 ] DEBUG Engine               - gameDifficulty: MEDIUM
14:47:54.833 [FXGL Background Thread 3 ] DEBUG Engine               - gameDifficultyProperty: ObjectProperty [value: MEDIUM]
14:47:54.834 [FXGL Background Thread 3 ] DEBUG Engine               - globalMusicVolume: 0.5
14:47:54.834 [FXGL Background Thread 3 ] DEBUG Engine               - globalMusicVolumeProperty: DoubleProperty [value: 0.5]
14:47:54.835 [FXGL Background Thread 3 ] DEBUG Engine               - globalSoundVolume: 0.5
14:47:54.836 [FXGL Background Thread 3 ] DEBUG Engine               - globalSoundVolumeProperty: DoubleProperty [value: 0.5]
14:47:54.837 [FXGL Background Thread 3 ] DEBUG Engine               - height: 600
14:47:54.837 [FXGL Background Thread 3 ] DEBUG Engine               - is3D: false
14:47:54.838 [FXGL Background Thread 3 ] DEBUG Engine               - isAndroid: false
14:47:54.838 [FXGL Background Thread 3 ] DEBUG Engine               - isBrowser: false
14:47:54.839 [FXGL Background Thread 3 ] DEBUG Engine               - isClickFeedbackEnabled: false
14:47:54.839 [FXGL Background Thread 3 ] DEBUG Engine               - isCloseConfirmation: false
14:47:54.839 [FXGL Background Thread 3 ] DEBUG Engine               - isDesktop: true
14:47:54.840 [FXGL Background Thread 3 ] DEBUG Engine               - isDeveloperMenuEnabled: false
14:47:54.841 [FXGL Background Thread 3 ] DEBUG Engine               - isEmbedded: false
14:47:54.843 [FXGL Background Thread 3 ] DEBUG Engine               - isEntityPreloadEnabled: true
14:47:54.844 [FXGL Background Thread 3 ] DEBUG Engine               - isExperimentalTiledLargeMap: false
14:47:54.846 [FXGL Background Thread 3 ] DEBUG Engine               - isFileSystemWriteAllowed: true
14:47:54.847 [FXGL Background Thread 3 ] DEBUG Engine               - isFullScreenAllowed: false
14:47:54.849 [FXGL Background Thread 3 ] DEBUG Engine               - isFullScreenFromStart: false
14:47:54.853 [FXGL Background Thread 3 ] DEBUG Engine               - isGameMenuEnabled: true
14:47:54.853 [FXGL Background Thread 3 ] DEBUG Engine               - isIOS: false
14:47:54.854 [FXGL Background Thread 3 ] DEBUG Engine               - isIntroEnabled: false
14:47:54.855 [FXGL Background Thread 3 ] DEBUG Engine               - isLinux: false
14:47:54.856 [FXGL Background Thread 3 ] DEBUG Engine               - isMac: false
14:47:54.858 [FXGL Background Thread 3 ] DEBUG Engine               - isMainMenuEnabled: false
14:47:54.873 [FXGL Background Thread 3 ] DEBUG Engine               - isManualResizeEnabled: false
14:47:54.874 [FXGL Background Thread 3 ] DEBUG Engine               - isMobile: false
14:47:54.874 [FXGL Background Thread 3 ] DEBUG Engine               - isNative: false
14:47:54.874 [FXGL Background Thread 3 ] DEBUG Engine               - isPauseMusicWhenMinimized: true
14:47:54.880 [FXGL Background Thread 3 ] DEBUG Engine               - isPreserveResizeRatio: false
14:47:54.880 [FXGL Background Thread 3 ] DEBUG Engine               - isProfilingEnabled: false
14:47:54.883 [FXGL Background Thread 3 ] DEBUG Engine               - isScaleAffectedOnResize: true
14:47:54.883 [FXGL Background Thread 3 ] DEBUG Engine               - isSingleStep: false
14:47:54.884 [FXGL Background Thread 3 ] DEBUG Engine               - isUserProfileEnabled: false
14:47:54.884 [FXGL Background Thread 3 ] DEBUG Engine               - isWindows: true
14:47:54.884 [FXGL Background Thread 3 ] DEBUG Engine               - language: ObjectProperty [value: ENGLISH]
14:47:54.885 [FXGL Background Thread 3 ] DEBUG Engine               - menuKey: ESCAPE
14:47:54.885 [FXGL Background Thread 3 ] DEBUG Engine               - mouseSensitivity: 0.2
14:47:54.885 [FXGL Background Thread 3 ] DEBUG Engine               - notificationViewClass: class com.almasb.fxgl.notification.view.XboxNotificationView
14:47:54.885 [FXGL Background Thread 3 ] DEBUG Engine               - pixelsPerMeter: 50.0
14:47:54.886 [FXGL Background Thread 3 ] DEBUG Engine               - platform: WINDOWS
14:47:54.886 [FXGL Background Thread 3 ] DEBUG Engine               - prefHeightProperty: ReadOnlyDoubleProperty [value: 600.0]
14:47:54.886 [FXGL Background Thread 3 ] DEBUG Engine               - prefWidthProperty: ReadOnlyDoubleProperty [value: 1000.0]
14:47:54.886 [FXGL Background Thread 3 ] DEBUG Engine               - profileDir: profiles/
14:47:54.887 [FXGL Background Thread 3 ] DEBUG Engine               - profileName: StringProperty [value: DEFAULT]
14:47:54.887 [FXGL Background Thread 3 ] DEBUG Engine               - randomSeed: -1
14:47:54.888 [FXGL Background Thread 3 ] DEBUG Engine               - runtimeInfo: RuntimeInfo(platform=WINDOWS, version=17.3, build=30.03.2023 11.49)
14:47:54.888 [FXGL Background Thread 3 ] DEBUG Engine               - saveFileExt: sav
14:47:54.888 [FXGL Background Thread 3 ] DEBUG Engine               - scaledHeightProp$fxgl: DoubleProperty [bound, value: 600.0]
14:47:54.889 [FXGL Background Thread 3 ] DEBUG Engine               - scaledWidthProp$fxgl: DoubleProperty [bound, value: 1000.0]
14:47:54.890 [FXGL Background Thread 3 ] DEBUG Engine               - sceneFactory: com.almasb.fxgl.app.scene.SceneFactory@2f48f4d2
14:47:54.891 [FXGL Background Thread 3 ] DEBUG Engine               - secondsIn24h: 60
14:47:54.908 [FXGL Background Thread 3 ] DEBUG Engine               - soundMenuBack: menu/back.wav
14:47:54.909 [FXGL Background Thread 3 ] DEBUG Engine               - soundMenuPress: menu/press.wav
14:47:54.912 [FXGL Background Thread 3 ] DEBUG Engine               - soundMenuSelect: menu/select.wav
14:47:54.913 [FXGL Background Thread 3 ] DEBUG Engine               - soundNotification: core/notification.wav
14:47:54.913 [FXGL Background Thread 3 ] DEBUG Engine               - stageStyle: DECORATED
14:47:54.913 [FXGL Background Thread 3 ] DEBUG Engine               - supportedLanguages: [ENGLISH, FRENCH, GERMAN, HUNGARIAN, RUSSIAN]
14:47:54.913 [FXGL Background Thread 3 ] DEBUG Engine               - ticksPerSecond: -1
14:47:54.914 [FXGL Background Thread 3 ] DEBUG Engine               - title: Jugador Sonic
14:47:54.914 [FXGL Background Thread 3 ] DEBUG Engine               - urlGithub: https://github.com/AlmasB/FXGL
14:47:54.915 [FXGL Background Thread 3 ] DEBUG Engine               - urlLeaderboard: http://fxgl-top.herokuapp.com/
14:47:54.916 [FXGL Background Thread 3 ] DEBUG Engine               - urlPOM: https://raw.githubusercontent.com/AlmasB/FXGL/release/README.md
14:47:54.917 [FXGL Background Thread 3 ] DEBUG Engine               - userAppClass: class Runner.ClientRunner
14:47:54.917 [FXGL Background Thread 3 ] DEBUG Engine               - version: 0.0
14:47:54.917 [FXGL Background Thread 3 ] DEBUG Engine               - versionCheckDays: 7
14:47:54.917 [FXGL Background Thread 3 ] DEBUG Engine               - width: 1000
14:47:54.918 [FXGL Background Thread 3 ] DEBUG Engine               - Logging services
14:47:54.918 [FXGL Background Thread 3 ] DEBUG Engine               - class com.almasb.fxgl.app.services.FXGLAssetLoaderService
14:47:54.919 [FXGL Background Thread 3 ] DEBUG Engine               - class com.almasb.fxgl.app.FXGLApplication$GameApplicationService
14:47:54.919 [FXGL Background Thread 3 ] DEBUG Engine               - class com.almasb.fxgl.app.services.FXGLDialogService
14:47:54.919 [FXGL Background Thread 3 ] DEBUG Engine               - class com.almasb.fxgl.app.services.IOTaskExecutorService
14:47:54.920 [FXGL Background Thread 3 ] DEBUG Engine               - class com.almasb.fxgl.io.FileSystemService
14:47:54.920 [FXGL Background Thread 3 ] DEBUG Engine               - class com.almasb.fxgl.localization.LocalizationService
14:47:54.921 [FXGL Background Thread 3 ] DEBUG Engine               - class com.almasb.fxgl.app.services.SystemBundleService
14:47:54.921 [FXGL Background Thread 3 ] DEBUG Engine               - class com.almasb.fxgl.profile.SaveLoadService
14:47:54.921 [FXGL Background Thread 3 ] DEBUG Engine               - class com.almasb.fxgl.ui.FXGLUIFactoryServiceProvider
14:47:54.921 [FXGL Background Thread 3 ] DEBUG Engine               - class com.almasb.fxgl.ui.FXGLDialogFactoryServiceProvider
14:47:54.921 [FXGL Background Thread 3 ] DEBUG Engine               - class com.almasb.fxgl.audio.AudioPlayer
14:47:54.921 [FXGL Background Thread 3 ] DEBUG Engine               - class com.almasb.fxgl.notification.impl.NotificationServiceProvider
14:47:54.922 [FXGL Background Thread 3 ] DEBUG Engine               - class com.almasb.fxgl.achievement.AchievementService
14:47:54.922 [FXGL Background Thread 3 ] DEBUG Engine               - class com.almasb.fxgl.cutscene.CutsceneService
14:47:54.922 [FXGL Background Thread 3 ] DEBUG Engine               - class com.almasb.fxgl.minigames.MiniGameService
14:47:54.922 [FXGL Background Thread 3 ] DEBUG Engine               - class com.almasb.fxgl.net.NetService
14:47:54.923 [FXGL Background Thread 3 ] DEBUG Engine               - class com.almasb.fxgl.app.services.UpdaterService
14:47:54.923 [FXGL Background Thread 3 ] DEBUG Engine               - class com.almasb.fxgl.dev.DevService
14:47:54.923 [FXGL Background Thread 3 ] DEBUG Engine               - class com.almasb.fxgl.multiplayer.MultiplayerService
14:47:55.764 [JavaFX Application Thread] DEBUG FXGLAssetLoaderServi - Loading from file system: file:/C:/Users/Owner/Desktop/Sonic-rush/target/classes/assets/textures/fondo.png
14:47:56.432 [JavaFX Application Thread] DEBUG TMXLevelLoader       - Parsed TiledMap: file:/C:/Users/Owner/Desktop/Sonic-rush/target/classes/assets/levels/mapazo.tmx
14:47:56.443 [JavaFX Application Thread] DEBUG TMXLevelLoader       - Creating tile layer entities
14:47:56.458 [JavaFX Application Thread] DEBUG TilesetLoader        - Loading view for layer Capa de patrones 1
14:47:56.472 [JavaFX Application Thread] DEBUG TilesetLoader        - Created buffer with size 3840.0x720.0
14:47:56.538 [JavaFX Application Thread] DEBUG TMXLevelLoader       - Creating object layer entities
14:47:56.736 [JavaFX Application Thread] DEBUG GameWorld            - Clearing removable entities
14:47:56.755 [JavaFX Application Thread] DEBUG GameWorld            - Setting level: com.almasb.fxgl.entity.level.Level@bd0df06
14:47:56.836 [JavaFX Application Thread] DEBUG LoopRunner           - Stopping loop
14:47:56.850 [JavaFX Application Thread] FATAL FXGLApplication      - Uncaught Exception:
java.lang.IllegalArgumentException: No EntityFactory has a method annotated @Spawns(eggman2)
	at com.almasb.fxgl.entity.GameWorld.create(GameWorld.kt:413)
	at com.almasb.fxgl.entity.GameWorld.spawn(GameWorld.kt:396)
	at com.almasb.fxgl.entity.GameWorld.spawn(GameWorld.kt:384)
	at com.almasb.fxgl.dsl.FXGL$Companion.spawn(FXGL.kt:557)
	at com.almasb.fxgl.dsl.FXGL.spawn(FXGL.kt)
	at GameSettings.ClientGameApp.startNetworkAndGame(ClientGameApp.java:308)
	at GameSettings.ClientGameApp.lambda$20(ClientGameApp.java:204)
	at com.sun.javafx.event.CompositeEventHandler.dispatchBubblingEvent(CompositeEventHandler.java:86)
	at com.sun.javafx.event.EventHandlerManager.dispatchBubblingEvent(EventHandlerManager.java:232)
	at com.sun.javafx.event.EventHandlerManager.dispatchBubblingEvent(EventHandlerManager.java:189)
	at com.sun.javafx.event.CompositeEventDispatcher.dispatchBubblingEvent(CompositeEventDispatcher.java:59)
	at com.sun.javafx.event.BasicEventDispatcher.dispatchEvent(BasicEventDispatcher.java:58)
	at com.sun.javafx.event.EventDispatchChainImpl.dispatchEvent(EventDispatchChainImpl.java:114)
	at com.sun.javafx.event.BasicEventDispatcher.dispatchEvent(BasicEventDispatcher.java:56)
	at com.sun.javafx.event.EventDispatchChainImpl.dispatchEvent(EventDispatchChainImpl.java:114)
	at com.sun.javafx.event.BasicEventDispatcher.dispatchEvent(BasicEventDispatcher.java:56)
	at com.sun.javafx.event.EventDispatchChainImpl.dispatchEvent(EventDispatchChainImpl.java:114)
	at com.sun.javafx.event.EventUtil.fireEventImpl(EventUtil.java:74)
	at com.sun.javafx.event.EventUtil.fireEvent(EventUtil.java:49)
	at javafx.event.Event.fireEvent(Event.java:198)
	at javafx.scene.Node.fireEvent(Node.java:8944)
	at javafx.scene.control.Button.fire(Button.java:203)
	at com.sun.javafx.scene.control.behavior.ButtonBehavior.mouseReleased(ButtonBehavior.java:207)
	at com.sun.javafx.scene.control.inputmap.InputMap.handle(InputMap.java:274)
	at com.sun.javafx.event.CompositeEventHandler$NormalEventHandlerRecord.handleBubblingEvent(CompositeEventHandler.java:247)
	at com.sun.javafx.event.CompositeEventHandler.dispatchBubblingEvent(CompositeEventHandler.java:80)
	at com.sun.javafx.event.EventHandlerManager.dispatchBubblingEvent(EventHandlerManager.java:232)
	at com.sun.javafx.event.EventHandlerManager.dispatchBubblingEvent(EventHandlerManager.java:189)
	at com.sun.javafx.event.CompositeEventDispatcher.dispatchBubblingEvent(CompositeEventDispatcher.java:59)
	at com.sun.javafx.event.BasicEventDispatcher.dispatchEvent(BasicEventDispatcher.java:58)
	at com.sun.javafx.event.EventDispatchChainImpl.dispatchEvent(EventDispatchChainImpl.java:114)
	at com.sun.javafx.event.BasicEventDispatcher.dispatchEvent(BasicEventDispatcher.java:56)
	at com.sun.javafx.event.EventDispatchChainImpl.dispatchEvent(EventDispatchChainImpl.java:114)
	at com.sun.javafx.event.BasicEventDispatcher.dispatchEvent(BasicEventDispatcher.java:56)
	at com.sun.javafx.event.EventDispatchChainImpl.dispatchEvent(EventDispatchChainImpl.java:114)
	at com.sun.javafx.event.EventUtil.fireEventImpl(EventUtil.java:74)
	at com.sun.javafx.event.EventUtil.fireEvent(EventUtil.java:54)
	at javafx.event.Event.fireEvent(Event.java:198)
	at javafx.scene.Scene$MouseHandler.process(Scene.java:3980)
	at javafx.scene.Scene.processMouseEvent(Scene.java:1890)
	at javafx.scene.Scene$ScenePeerListener.mouseEvent(Scene.java:2704)
	at com.sun.javafx.tk.quantum.GlassViewEventHandler$MouseEventNotification.run(GlassViewEventHandler.java:411)
	at com.sun.javafx.tk.quantum.GlassViewEventHandler$MouseEventNotification.run(GlassViewEventHandler.java:301)
	at java.base/java.security.AccessController.doPrivileged(AccessController.java:399)
	at com.sun.javafx.tk.quantum.GlassViewEventHandler.lambda$handleMouseEvent$2(GlassViewEventHandler.java:450)
	at com.sun.javafx.tk.quantum.QuantumToolkit.runWithoutRenderLock(QuantumToolkit.java:424)
	at com.sun.javafx.tk.quantum.GlassViewEventHandler.handleMouseEvent(GlassViewEventHandler.java:449)
	at com.sun.glass.ui.View.handleMouseEvent(View.java:551)
	at com.sun.glass.ui.View.notifyMouse(View.java:937)
	at com.sun.glass.ui.win.WinApplication._runLoop(Native Method)
	at com.sun.glass.ui.win.WinApplication.lambda$runLoop$3(WinApplication.java:185)
	at java.base/java.lang.Thread.run(Thread.java:842)

14:47:57.004 [JavaFX Application Thread] FATAL FXGLApplication      - Application will now exit
14:47:57.223 [JavaFX Application Thread] DEBUG PrimaryStageWindow   - Push state: ErrorSubScene
14:47:57.224 [JavaFX Application Thread] DEBUG Input                - Clearing active input actions
14:47:57.232 [JavaFX Application Thread] DEBUG GameApplicationServi - Removing overlay from GameScene and adding to ErrorSubScene
14:47:57.233 [JavaFX Application Thread] DEBUG PrimaryStageWindow   - GameScene -> ErrorSubScene
14:48:03.139 [JavaFX Application Thread] DEBUG FXGLApplication      - Exiting FXGL
14:48:03.140 [JavaFX Application Thread] DEBUG Async                - Shutting down background threads
14:48:03.141 [JavaFX Application Thread] DEBUG PrimaryStageWindow   - Closing main window
14:48:03.192 [JavaFX Application Thread] DEBUG Logger               - Closing Logger
