00:00:35.601 [main                     ] DEBUG Logger               - Configured Logger
00:00:35.712 [main                     ] DEBUG GameApplication      - Logging settings
Title: Server
Version: 0.0
Width: 800
Height: 500
Fullscreen: false
Intro: false
Profiling: false
Single step:false
App Mode: DEVELOPER
Menu Key: ESCAPE
Stage Style: DECORATED
Scene Factory: class com.almasb.fxgl.app.scene.SceneFactory

00:00:37.253 [JavaFX Application Thread] DEBUG FXGLApplication      - Initializing FXGL
00:00:37.300 [JavaFX Application Thread] INFO  Engine               - FXGL-17.3 (30.03.2023 11.49) on WINDOWS (J:17.0.12 FX:20)
00:00:37.319 [JavaFX Application Thread] DEBUG Engine               - JRE Vendor Name: Oracle Corporation
00:00:37.331 [JavaFX Application Thread] DEBUG Engine               - Running on OS: Windows 10 version 10.0
00:00:37.331 [JavaFX Application Thread] DEBUG Engine               - Architecture: amd64
00:00:37.332 [JavaFX Application Thread] INFO  Engine               - Source code and latest versions at: https://github.com/AlmasB/FXGL
00:00:37.350 [JavaFX Application Thread] INFO  Engine               -       Ask questions and discuss at: https://github.com/AlmasB/FXGL/discussions
00:00:37.353 [JavaFX Application Thread] INFO  Engine               -              Join the FXGL chat at: https://gitter.im/AlmasB/FXGL
00:00:38.336 [JavaFX Application Thread] DEBUG PrimaryStageWindow   - Creating a JavaFX scene
00:00:38.882 [JavaFX Application Thread] DEBUG PrimaryStageWindow   - Target settings size: 800.0 x 500.0
00:00:38.882 [JavaFX Application Thread] DEBUG PrimaryStageWindow   - Scaled scene size:    800.0 x 500.0
00:00:38.883 [JavaFX Application Thread] DEBUG PrimaryStageWindow   - Scaled ratio: (1.0, 1.0)
00:00:38.885 [JavaFX Application Thread] DEBUG PrimaryStageWindow   - Set initial scene to FXGLStartupScene
00:00:38.900 [JavaFX Application Thread] DEBUG PrimaryStageWindow   - Opening main window
00:00:39.218 [JavaFX Application Thread] DEBUG PrimaryStageWindow   - Window border size: (14.4000244140625, 37.5999755859375)
00:00:39.219 [JavaFX Application Thread] DEBUG PrimaryStageWindow   - Scaled size: 800.0 x 500.0
00:00:39.220 [JavaFX Application Thread] DEBUG PrimaryStageWindow   - Scaled ratio: (1.0, 1.0)
00:00:39.221 [JavaFX Application Thread] DEBUG PrimaryStageWindow   - Scene size: 800.0 x 500.0
00:00:39.223 [JavaFX Application Thread] DEBUG PrimaryStageWindow   - Stage size: 814.4000244140625 x 537.5999755859375
00:00:39.262 [FXGL Background Thread 1 ] DEBUG Engine               - Initializing environment variables
00:00:39.484 [FXGL Background Thread 1 ] DEBUG FXGLAssetLoaderServi - User app class for loading assets: class Runner.ServerRunner
00:00:39.485 [FXGL Background Thread 1 ] DEBUG GameApplicationServi - Applying CSS: fxgl_dark.css
00:00:39.534 [FXGL Background Thread 1 ] DEBUG FXGLAssetLoaderServi - Loading from file system: jar:file:/C:/Users/Owner/.m2/repository/com/github/almasb/fxgl/17.3/fxgl-17.3.jar!/fxglassets/ui/css/fxgl_dark.css
00:00:39.985 [FXGL Background Thread 1 ] DEBUG GameApplicationServi - Initializing application scenes
00:00:40.290 [FXGL Background Thread 1 ] DEBUG GameWorld            - Game world initialized
00:00:41.070 [FXGL Background Thread 1 ] DEBUG PhysicsWorld         - Physics world initialized: appHeight=500, physics.ppm=50.0
00:00:41.071 [FXGL Background Thread 1 ] DEBUG PhysicsWorld         - Using strategy: BRUTE_FORCE
00:00:41.131 [FXGL Background Thread 1 ] DEBUG GameScene            - Game scene initialized: 800x500
00:00:41.315 [FXGL Background Thread 1 ] WARN  FXGL.DefaultMenu     - FXGLDefaultMenu is not designed for resolutions < 800x600
00:00:41.353 [FXGL Background Thread 1 ] DEBUG FXGL.DefaultMenu     - createMenuBodyGameMenu()
00:00:41.537 [FXGL Background Thread 1 ] DEBUG FXGL.DefaultMenu     - createOptionsMenu()
00:00:41.661 [FXGL Background Thread 1 ] DEBUG FXGLAssetLoaderServi - Loading from file system: jar:file:/C:/Users/Owner/.m2/repository/com/github/almasb/fxgl/17.3/fxgl-17.3.jar!/fxglassets/textures/particles/smoke.png
00:00:42.144 [FXGL Background Thread 1 ] DEBUG FXGLAssetLoaderServi - Loading from file system: jar:file:/C:/Users/Owner/.m2/repository/com/github/almasb/fxgl/17.3/fxgl-17.3.jar!/fxglassets/textures/particles/trace_horizontal.png
00:00:42.270 [FXGL Background Thread 1 ] DEBUG GameApplicationServi - Application scenes initialized
00:00:42.338 [FXGL Background Thread 1 ] DEBUG SystemBundleService  - Loading FXGL system data
00:00:42.384 [FXGL Background Thread 1 ] DEBUG FileSystemAccess     - Reading from: C:\Users\Owner\Desktop\Sonic-rush\system\fxgl.bundle
00:00:42.442 [FXGL Background Thread 1 ] DEBUG SystemBundleService  - Bundle FXGL: {}
00:00:42.443 [FXGL Background Thread 1 ] DEBUG UpdaterService       - Checking for updates
00:00:42.480 [FXGL Background Thread 1 ] DEBUG FXGLApplication      - Loading default localization
00:00:42.482 [FXGL Background Thread 1 ] DEBUG FXGLAssetLoaderServi - Loading from file system: jar:file:/C:/Users/Owner/.m2/repository/com/github/almasb/fxgl/17.3/fxgl-17.3.jar!/fxglassets/languages/english.lang
00:00:42.515 [FXGL Background Thread 4 ] DEBUG FXGLApplication      - Loading fonts
00:00:42.517 [FXGL Background Thread 4 ] DEBUG FXGLAssetLoaderServi - Loading from file system: jar:file:/C:/Users/Owner/.m2/repository/com/github/almasb/fxgl/17.3/fxgl-17.3.jar!/fxglassets/ui/fonts/VarelaRound-Regular.ttf
00:00:42.785 [FXGL Background Thread 1 ] INFO  FXGLApplication      - FXGL initialization took: 3.522 sec
00:00:42.901 [JavaFX Application Thread] DEBUG FXGLAssetLoaderServi - Loading from file system: jar:file:/C:/Users/Owner/.m2/repository/com/github/almasb/fxgl/17.3/fxgl-17.3.jar!/fxglassets/textures/fxgl_icon.png
00:00:43.082 [JavaFX Application Thread] DEBUG FXGLAssetLoaderServi - Loading from file system: jar:file:/C:/Users/Owner/.m2/repository/com/github/almasb/fxgl/17.3/fxgl-17.3.jar!/fxglassets/textures/fxgl_default_cursor.png
00:00:43.137 [JavaFX Application Thread] DEBUG Input                - Registered new binding: Screenshot - CTRL+8
00:00:43.144 [JavaFX Application Thread] DEBUG Input                - Registered new binding: System info dump - CTRL+9
00:00:43.147 [JavaFX Application Thread] DEBUG Input                - Registered new binding: Restart - CTRL+R
00:00:43.150 [JavaFX Application Thread] DEBUG Input                - Registered new binding: Toggle Debug Camera - CTRL+7
00:00:43.159 [JavaFX Application Thread] DEBUG LoopRunner           - Starting loop
00:00:43.160 [JavaFX Application Thread] DEBUG LoopRunner           - Initializing JavaFX AnimationTimerLoop
00:00:43.167 [JavaFX Application Thread] DEBUG GameApplicationServi - Starting new game
00:00:43.168 [JavaFX Application Thread] DEBUG Input                - Clearing active input actions
00:00:43.241 [FXGL Background Thread 4 ] DEBUG FXGLAssetLoaderServi - Loading from file system: jar:file:/C:/Users/Owner/.m2/repository/com/github/almasb/fxgl/17.3/fxgl-17.3.jar!/fxglassets/ui/fonts/Abel-Regular.ttf
00:00:43.252 [JavaFX Application Thread] DEBUG GameApplicationServi - Removing overlay from FXGLStartupScene and adding to FXGLLoadingScene
00:00:43.256 [JavaFX Application Thread] DEBUG PrimaryStageWindow   - FXGLStartupScene -> FXGLLoadingScene
00:00:43.258 [JavaFX Application Thread] DEBUG GameApplicationServi - Clearing previous game
00:00:43.258 [JavaFX Application Thread] DEBUG GameScene            - Clearing game scene
00:00:43.258 [JavaFX Application Thread] DEBUG GameWorld            - Clearing game world
00:00:43.258 [JavaFX Application Thread] DEBUG PhysicsWorld         - Clearing physics world
00:00:43.259 [FXGL Background Thread 4 ] DEBUG FXGLAssetLoaderServi - Loading from file system: jar:file:/C:/Users/Owner/.m2/repository/com/github/almasb/fxgl/17.3/fxgl-17.3.jar!/fxglassets/ui/fonts/TerminalLandMono-Regular.otf
00:00:43.261 [FXGL Background Thread 1 ] DEBUG FXGLApplication      - Initializing game
00:00:43.287 [FXGL Background Thread 4 ] DEBUG FXGLAssetLoaderServi - Loading from file system: jar:file:/C:/Users/Owner/.m2/repository/com/github/almasb/fxgl/17.3/fxgl-17.3.jar!/fxglassets/ui/fonts/Courier-Prime.ttf
00:00:43.509 [JavaFX Application Thread] DEBUG FXGLApplication      - Registering font factories with UI factory
00:00:43.561 [FXGL Background Thread 1 ] WARN  TMXLevelLoader       - TiledMap generated from 1.11.2. Supported version: 1.9.0. Some features may not be parsed fully.
00:00:43.702 [ServerAsyncConnThread    ] DEBUG TCPServer            - Starting to listen at: 55555 type: class com.almasb.fxgl.core.serialization.Bundle
00:00:44.478 [FXGL Background Thread 1 ] DEBUG TMXLevelLoader       - Parsed TiledMap: file:/C:/Users/Owner/Desktop/Sonic-rush/target/classes/assets/levels/mapazo.tmx
00:00:44.490 [FXGL Background Thread 1 ] DEBUG TMXLevelLoader       - Creating tile layer entities
00:00:44.504 [FXGL Background Thread 1 ] DEBUG TilesetLoader        - Loading view for layer Capa de patrones 1
00:00:44.512 [FXGL Background Thread 1 ] DEBUG TilesetLoader        - Created buffer with size 3840.0x720.0
00:00:44.610 [FXGL Background Thread 1 ] DEBUG TMXLevelLoader       - Creating object layer entities
00:00:44.680 [FXGL Background Thread 1 ] DEBUG GameWorld            - Clearing removable entities
00:00:44.681 [FXGL Background Thread 1 ] DEBUG GameWorld            - Setting level: com.almasb.fxgl.entity.level.Level@302540a8
00:00:44.725 [FXGL Background Thread 1 ] DEBUG FXGLAssetLoaderServi - Loading from file system: file:/C:/Users/Owner/Desktop/Sonic-rush/target/classes/assets/textures/Items/ring.png
00:00:44.773 [FXGL Background Thread 1 ] DEBUG FXGLAssetLoaderServi - Loading from file system: file:/C:/Users/Owner/Desktop/Sonic-rush/target/classes/assets/textures/Enemigos/enemigo2.png
00:00:44.794 [FXGL Background Thread 1 ] DEBUG FXGLAssetLoaderServi - Loading from file system: file:/C:/Users/Owner/Desktop/Sonic-rush/target/classes/assets/textures/Items/caucho.png
00:00:44.801 [FXGL Background Thread 1 ] DEBUG FXGLAssetLoaderServi - Loading from file system: file:/C:/Users/Owner/Desktop/Sonic-rush/target/classes/assets/textures/Items/papel.png
00:00:44.819 [FXGL Background Thread 1 ] DEBUG FXGLAssetLoaderServi - Loading from file system: file:/C:/Users/Owner/Desktop/Sonic-rush/target/classes/assets/textures/Items/basura.png
00:00:44.878 [FXGL Background Thread 1 ] INFO  FXGLApplication      - Game initialization took: 1.618 sec
00:00:45.275 [JavaFX Application Thread] DEBUG Input                - Clearing active input actions
00:00:45.303 [JavaFX Application Thread] DEBUG GameApplicationServi - Removing overlay from FXGLLoadingScene and adding to GameScene
00:00:45.304 [JavaFX Application Thread] DEBUG PrimaryStageWindow   - FXGLLoadingScene -> GameScene
00:00:45.468 [FXGL Background Thread 3 ] DEBUG Engine               - Logging environment variables
00:00:45.469 [FXGL Background Thread 3 ] DEBUG Engine               - achievements: []
00:00:45.469 [FXGL Background Thread 3 ] DEBUG Engine               - actualHeight: 500.0
00:00:45.469 [FXGL Background Thread 3 ] DEBUG Engine               - actualHeightProperty: ReadOnlyDoubleProperty [value: 500.0]
00:00:45.469 [FXGL Background Thread 3 ] DEBUG Engine               - actualWidth: 800.0
00:00:45.469 [FXGL Background Thread 3 ] DEBUG Engine               - actualWidthProperty: ReadOnlyDoubleProperty [value: 800.0]
00:00:45.469 [FXGL Background Thread 3 ] DEBUG Engine               - appIcon: fxgl_icon.png
00:00:45.470 [FXGL Background Thread 3 ] DEBUG Engine               - applicationMode: DEVELOPER
00:00:45.470 [FXGL Background Thread 3 ] DEBUG Engine               - cSSList: [fxgl_dark.css]
00:00:45.470 [FXGL Background Thread 3 ] DEBUG Engine               - collisionDetectionStrategy: BRUTE_FORCE
00:00:45.470 [FXGL Background Thread 3 ] DEBUG Engine               - configClass: Optional.empty
00:00:45.470 [FXGL Background Thread 3 ] DEBUG Engine               - credits: []
00:00:45.471 [FXGL Background Thread 3 ] DEBUG Engine               - defaultCursor: CursorInfo(imageName=fxgl_default_cursor.png, hotspotX=7.0, hotspotY=6.0)
00:00:45.484 [FXGL Background Thread 3 ] DEBUG Engine               - devBBoxColorProperty: ObjectProperty [value: 0xff0000ff]
00:00:45.485 [FXGL Background Thread 3 ] DEBUG Engine               - devEnableDebugCameraProperty: BooleanProperty [value: false]
00:00:45.485 [FXGL Background Thread 3 ] DEBUG Engine               - devSensorColorProperty: ObjectProperty [value: 0xffff00ff]
00:00:45.485 [FXGL Background Thread 3 ] DEBUG Engine               - devShowBBoxProperty: BooleanProperty [value: false]
00:00:45.485 [FXGL Background Thread 3 ] DEBUG Engine               - devShowPositionProperty: BooleanProperty [value: false]
00:00:45.486 [FXGL Background Thread 3 ] DEBUG Engine               - enabledMenuItems: []
00:00:45.486 [FXGL Background Thread 3 ] DEBUG Engine               - engineServices: [class com.almasb.fxgl.app.services.FXGLAssetLoaderService, class com.almasb.fxgl.app.FXGLApplication$GameApplicationService, class com.almasb.fxgl.app.services.FXGLDialogService, class com.almasb.fxgl.app.services.IOTaskExecutorService, class com.almasb.fxgl.io.FileSystemService, class com.almasb.fxgl.localization.LocalizationService, class com.almasb.fxgl.app.services.SystemBundleService, class com.almasb.fxgl.profile.SaveLoadService, class com.almasb.fxgl.ui.FXGLUIFactoryServiceProvider, class com.almasb.fxgl.ui.FXGLDialogFactoryServiceProvider, class com.almasb.fxgl.audio.AudioPlayer, class com.almasb.fxgl.notification.impl.NotificationServiceProvider, class com.almasb.fxgl.achievement.AchievementService, class com.almasb.fxgl.cutscene.CutsceneService, class com.almasb.fxgl.minigames.MiniGameService, class com.almasb.fxgl.net.NetService, class com.almasb.fxgl.app.services.UpdaterService, class com.almasb.fxgl.dev.DevService, class com.almasb.fxgl.multiplayer.MultiplayerService]
00:00:45.486 [FXGL Background Thread 3 ] DEBUG Engine               - fontGame: Abel-Regular.ttf
00:00:45.486 [FXGL Background Thread 3 ] DEBUG Engine               - fontMono: TerminalLandMono-Regular.otf
00:00:45.486 [FXGL Background Thread 3 ] DEBUG Engine               - fontSizeScaleUI: 1.0
00:00:45.486 [FXGL Background Thread 3 ] DEBUG Engine               - fontText: Courier-Prime.ttf
00:00:45.486 [FXGL Background Thread 3 ] DEBUG Engine               - fontUI: VarelaRound-Regular.ttf
00:00:45.486 [FXGL Background Thread 3 ] DEBUG Engine               - fullScreen: BooleanProperty [value: false]
00:00:45.487 [FXGL Background Thread 3 ] DEBUG Engine               - gameDifficulty: MEDIUM
00:00:45.487 [FXGL Background Thread 3 ] DEBUG Engine               - gameDifficultyProperty: ObjectProperty [value: MEDIUM]
00:00:45.487 [FXGL Background Thread 3 ] DEBUG Engine               - globalMusicVolume: 0.5
00:00:45.500 [FXGL Background Thread 3 ] DEBUG Engine               - globalMusicVolumeProperty: DoubleProperty [value: 0.5]
00:00:45.501 [FXGL Background Thread 3 ] DEBUG Engine               - globalSoundVolume: 0.5
00:00:45.501 [FXGL Background Thread 3 ] DEBUG Engine               - globalSoundVolumeProperty: DoubleProperty [value: 0.5]
00:00:45.501 [FXGL Background Thread 3 ] DEBUG Engine               - height: 500
00:00:45.501 [FXGL Background Thread 3 ] DEBUG Engine               - is3D: false
00:00:45.501 [FXGL Background Thread 3 ] DEBUG Engine               - isAndroid: false
00:00:45.501 [FXGL Background Thread 3 ] DEBUG Engine               - isBrowser: false
00:00:45.501 [FXGL Background Thread 3 ] DEBUG Engine               - isClickFeedbackEnabled: false
00:00:45.501 [FXGL Background Thread 3 ] DEBUG Engine               - isCloseConfirmation: false
00:00:45.502 [FXGL Background Thread 3 ] DEBUG Engine               - isDesktop: true
00:00:45.502 [FXGL Background Thread 3 ] DEBUG Engine               - isDeveloperMenuEnabled: false
00:00:45.502 [FXGL Background Thread 3 ] DEBUG Engine               - isEmbedded: false
00:00:45.502 [FXGL Background Thread 3 ] DEBUG Engine               - isEntityPreloadEnabled: true
00:00:45.502 [FXGL Background Thread 3 ] DEBUG Engine               - isExperimentalTiledLargeMap: false
00:00:45.502 [FXGL Background Thread 3 ] DEBUG Engine               - isFileSystemWriteAllowed: true
00:00:45.503 [FXGL Background Thread 3 ] DEBUG Engine               - isFullScreenAllowed: false
00:00:45.503 [FXGL Background Thread 3 ] DEBUG Engine               - isFullScreenFromStart: false
00:00:45.503 [FXGL Background Thread 3 ] DEBUG Engine               - isGameMenuEnabled: true
00:00:45.503 [FXGL Background Thread 3 ] DEBUG Engine               - isIOS: false
00:00:45.503 [FXGL Background Thread 3 ] DEBUG Engine               - isIntroEnabled: false
00:00:45.503 [FXGL Background Thread 3 ] DEBUG Engine               - isLinux: false
00:00:45.503 [FXGL Background Thread 3 ] DEBUG Engine               - isMac: false
00:00:45.504 [FXGL Background Thread 3 ] DEBUG Engine               - isMainMenuEnabled: false
00:00:45.504 [FXGL Background Thread 3 ] DEBUG Engine               - isManualResizeEnabled: false
00:00:45.504 [FXGL Background Thread 3 ] DEBUG Engine               - isMobile: false
00:00:45.515 [FXGL Background Thread 3 ] DEBUG Engine               - isNative: false
00:00:45.516 [FXGL Background Thread 3 ] DEBUG Engine               - isPauseMusicWhenMinimized: true
00:00:45.516 [FXGL Background Thread 3 ] DEBUG Engine               - isPreserveResizeRatio: false
00:00:45.516 [FXGL Background Thread 3 ] DEBUG Engine               - isProfilingEnabled: false
00:00:45.516 [FXGL Background Thread 3 ] DEBUG Engine               - isScaleAffectedOnResize: true
00:00:45.516 [FXGL Background Thread 3 ] DEBUG Engine               - isSingleStep: false
00:00:45.516 [FXGL Background Thread 3 ] DEBUG Engine               - isUserProfileEnabled: false
00:00:45.516 [FXGL Background Thread 3 ] DEBUG Engine               - isWindows: true
00:00:45.516 [FXGL Background Thread 3 ] DEBUG Engine               - language: ObjectProperty [value: ENGLISH]
00:00:45.516 [FXGL Background Thread 3 ] DEBUG Engine               - menuKey: ESCAPE
00:00:45.517 [FXGL Background Thread 3 ] DEBUG Engine               - mouseSensitivity: 0.2
00:00:45.517 [FXGL Background Thread 3 ] DEBUG Engine               - notificationViewClass: class com.almasb.fxgl.notification.view.XboxNotificationView
00:00:45.517 [FXGL Background Thread 3 ] DEBUG Engine               - pixelsPerMeter: 50.0
00:00:45.517 [FXGL Background Thread 3 ] DEBUG Engine               - platform: WINDOWS
00:00:45.517 [FXGL Background Thread 3 ] DEBUG Engine               - prefHeightProperty: ReadOnlyDoubleProperty [value: 500.0]
00:00:45.517 [FXGL Background Thread 3 ] DEBUG Engine               - prefWidthProperty: ReadOnlyDoubleProperty [value: 800.0]
00:00:45.517 [FXGL Background Thread 3 ] DEBUG Engine               - profileDir: profiles/
00:00:45.518 [FXGL Background Thread 3 ] DEBUG Engine               - profileName: StringProperty [value: DEFAULT]
00:00:45.518 [FXGL Background Thread 3 ] DEBUG Engine               - randomSeed: -1
00:00:45.518 [FXGL Background Thread 3 ] DEBUG Engine               - runtimeInfo: RuntimeInfo(platform=WINDOWS, version=17.3, build=30.03.2023 11.49)
00:00:45.518 [FXGL Background Thread 3 ] DEBUG Engine               - saveFileExt: sav
00:00:45.518 [FXGL Background Thread 3 ] DEBUG Engine               - scaledHeightProp$fxgl: DoubleProperty [bound, value: 500.0]
00:00:45.519 [FXGL Background Thread 3 ] DEBUG Engine               - scaledWidthProp$fxgl: DoubleProperty [bound, value: 800.0]
00:00:45.519 [FXGL Background Thread 3 ] DEBUG Engine               - sceneFactory: com.almasb.fxgl.app.scene.SceneFactory@537a5a92
00:00:45.519 [FXGL Background Thread 3 ] DEBUG Engine               - secondsIn24h: 60
00:00:45.519 [FXGL Background Thread 3 ] DEBUG Engine               - soundMenuBack: menu/back.wav
00:00:45.519 [FXGL Background Thread 3 ] DEBUG Engine               - soundMenuPress: menu/press.wav
00:00:45.519 [FXGL Background Thread 3 ] DEBUG Engine               - soundMenuSelect: menu/select.wav
00:00:45.519 [FXGL Background Thread 3 ] DEBUG Engine               - soundNotification: core/notification.wav
00:00:45.520 [FXGL Background Thread 3 ] DEBUG Engine               - stageStyle: DECORATED
00:00:45.520 [FXGL Background Thread 3 ] DEBUG Engine               - supportedLanguages: [ENGLISH, FRENCH, GERMAN, HUNGARIAN, RUSSIAN]
00:00:45.520 [FXGL Background Thread 3 ] DEBUG Engine               - ticksPerSecond: -1
00:00:45.520 [FXGL Background Thread 3 ] DEBUG Engine               - title: Server
00:00:45.520 [FXGL Background Thread 3 ] DEBUG Engine               - urlGithub: https://github.com/AlmasB/FXGL
00:00:45.520 [FXGL Background Thread 3 ] DEBUG Engine               - urlLeaderboard: http://fxgl-top.herokuapp.com/
00:00:45.520 [FXGL Background Thread 3 ] DEBUG Engine               - urlPOM: https://raw.githubusercontent.com/AlmasB/FXGL/release/README.md
00:00:45.520 [FXGL Background Thread 3 ] DEBUG Engine               - userAppClass: class Runner.ServerRunner
00:00:45.524 [FXGL Background Thread 3 ] DEBUG Engine               - version: 0.0
00:00:45.525 [FXGL Background Thread 3 ] DEBUG Engine               - versionCheckDays: 7
00:00:45.525 [FXGL Background Thread 3 ] DEBUG Engine               - width: 800
00:00:45.525 [FXGL Background Thread 3 ] DEBUG Engine               - Logging services
00:00:45.525 [FXGL Background Thread 3 ] DEBUG Engine               - class com.almasb.fxgl.app.services.FXGLAssetLoaderService
00:00:45.525 [FXGL Background Thread 3 ] DEBUG Engine               - class com.almasb.fxgl.app.FXGLApplication$GameApplicationService
00:00:45.525 [FXGL Background Thread 3 ] DEBUG Engine               - class com.almasb.fxgl.app.services.FXGLDialogService
00:00:45.526 [FXGL Background Thread 3 ] DEBUG Engine               - class com.almasb.fxgl.app.services.IOTaskExecutorService
00:00:45.527 [FXGL Background Thread 3 ] DEBUG Engine               - class com.almasb.fxgl.io.FileSystemService
00:00:45.527 [FXGL Background Thread 3 ] DEBUG Engine               - class com.almasb.fxgl.localization.LocalizationService
00:00:45.527 [FXGL Background Thread 3 ] DEBUG Engine               - class com.almasb.fxgl.app.services.SystemBundleService
00:00:45.527 [FXGL Background Thread 3 ] DEBUG Engine               - class com.almasb.fxgl.profile.SaveLoadService
00:00:45.527 [FXGL Background Thread 3 ] DEBUG Engine               - class com.almasb.fxgl.ui.FXGLUIFactoryServiceProvider
00:00:45.528 [FXGL Background Thread 3 ] DEBUG Engine               - class com.almasb.fxgl.ui.FXGLDialogFactoryServiceProvider
00:00:45.528 [FXGL Background Thread 3 ] DEBUG Engine               - class com.almasb.fxgl.audio.AudioPlayer
00:00:45.528 [FXGL Background Thread 3 ] DEBUG Engine               - class com.almasb.fxgl.notification.impl.NotificationServiceProvider
00:00:45.528 [FXGL Background Thread 3 ] DEBUG Engine               - class com.almasb.fxgl.achievement.AchievementService
00:00:45.529 [FXGL Background Thread 3 ] DEBUG Engine               - class com.almasb.fxgl.cutscene.CutsceneService
00:00:45.530 [FXGL Background Thread 3 ] DEBUG Engine               - class com.almasb.fxgl.minigames.MiniGameService
00:00:45.530 [FXGL Background Thread 3 ] DEBUG Engine               - class com.almasb.fxgl.net.NetService
00:00:45.531 [FXGL Background Thread 3 ] DEBUG Engine               - class com.almasb.fxgl.app.services.UpdaterService
00:00:45.532 [FXGL Background Thread 3 ] DEBUG Engine               - class com.almasb.fxgl.dev.DevService
00:00:45.532 [FXGL Background Thread 3 ] DEBUG Engine               - class com.almasb.fxgl.multiplayer.MultiplayerService
00:00:46.883 [FXGL Background Thread 2 ] INFO  UpdaterService       - Your current version:  17.3
00:00:47.097 [FXGL Background Thread 2 ] INFO  UpdaterService       - Latest stable version: 21.1
00:01:27.814 [ServerAsyncConnThread    ] DEBUG Endpoint             - TCPServer opening new connection (1) from /127.0.0.1:57845 type: class com.almasb.fxgl.core.serialization.Bundle
00:01:27.818 [ServerAsyncConnThread    ] DEBUG Endpoint             - TCPServer successfully opened connection (1)
00:01:27.995 [TCPServer_SendThread-1   ] DEBUG Writers              - Getting TCPMessageWriter for class com.almasb.fxgl.core.serialization.Bundle
00:01:28.000 [TCPServer_SendThread-1   ] DEBUG Writers              - Constructed TCPMessageWriter for class com.almasb.fxgl.core.serialization.Bundle: BundleTCPMessageWriter
00:01:28.097 [TCPServer_RecvThread-1   ] DEBUG Readers              - Getting TCPMessageReader for class com.almasb.fxgl.core.serialization.Bundle
00:01:28.099 [TCPServer_RecvThread-1   ] DEBUG Readers              - Constructed MessageReader for class com.almasb.fxgl.core.serialization.Bundle: BundleTCPMessageReader
00:02:17.034 [TCPServer_RecvThread-1   ] DEBUG Endpoint             - Connection 1 was unexpectedly disconnected: Connection reset
00:02:17.034 [TCPServer_RecvThread-1   ] DEBUG Connection           - Closing connection 1
00:02:17.035 [TCPServer_RecvThread-1   ] DEBUG Connection           - Connection 1 was correctly closed from local endpoint.
00:02:17.035 [TCPServer_RecvThread-1   ] DEBUG Endpoint             - TCPServer connection (1) was closed
00:03:01.153 [JavaFX Application Thread] DEBUG FXGLApplication      - Exiting FXGL
00:03:01.154 [JavaFX Application Thread] DEBUG LoopRunner           - Stopping loop
00:03:01.155 [JavaFX Application Thread] DEBUG SystemBundleService  - Saving FXGL system data
00:03:01.167 [JavaFX Application Thread] DEBUG FileSystemAccess     - Writing to: C:\Users\Owner\Desktop\Sonic-rush\system\fxgl.bundle
00:03:01.172 [JavaFX Application Thread] DEBUG Async                - Shutting down background threads
00:03:01.172 [JavaFX Application Thread] DEBUG PrimaryStageWindow   - Closing main window
00:03:01.209 [JavaFX Application Thread] DEBUG Logger               - Closing Logger
