16:09:44.534 [main                     ] DEBUG Logger               - Configured Logger
16:09:44.580 [main                     ] DEBUG GameApplication      - Logging settings
Title: Server
Version: 0.0
Width: 800
Height: 500
Fullscreen: false
Intro: false
Profiling: false
Single step:false
App Mode: DEVELOPER
Menu Key: ESCAPE
Stage Style: DECORATED
Scene Factory: class com.almasb.fxgl.app.scene.SceneFactory

16:09:45.026 [JavaFX Application Thread] DEBUG FXGLApplication      - Initializing FXGL
16:09:45.031 [JavaFX Application Thread] INFO  Engine               - FXGL-17.3 (30.03.2023 11.49) on WINDOWS (J:21.0.2 FX:20)
16:09:45.031 [JavaFX Application Thread] DEBUG Engine               - JRE Vendor Name: Oracle Corporation
16:09:45.032 [JavaFX Application Thread] DEBUG Engine               - Running on OS: Windows 10 version 10.0
16:09:45.032 [JavaFX Application Thread] DEBUG Engine               - Architecture: amd64
16:09:45.032 [JavaFX Application Thread] INFO  Engine               - Source code and latest versions at: https://github.com/AlmasB/FXGL
16:09:45.032 [JavaFX Application Thread] INFO  Engine               -       Ask questions and discuss at: https://github.com/AlmasB/FXGL/discussions
16:09:45.032 [JavaFX Application Thread] INFO  Engine               -              Join the FXGL chat at: https://gitter.im/AlmasB/FXGL
16:09:45.169 [JavaFX Application Thread] DEBUG PrimaryStageWindow   - Creating a JavaFX scene
16:09:45.253 [JavaFX Application Thread] DEBUG PrimaryStageWindow   - Target settings size: 800.0 x 500.0
16:09:45.254 [JavaFX Application Thread] DEBUG PrimaryStageWindow   - Scaled scene size:    800.0 x 500.0
16:09:45.254 [JavaFX Application Thread] DEBUG PrimaryStageWindow   - Scaled ratio: (1.0, 1.0)
16:09:45.256 [JavaFX Application Thread] DEBUG PrimaryStageWindow   - Set initial scene to FXGLStartupScene
16:09:45.260 [JavaFX Application Thread] DEBUG PrimaryStageWindow   - Opening main window
16:09:45.363 [JavaFX Application Thread] DEBUG PrimaryStageWindow   - Window border size: (16.0, 39.0)
16:09:45.363 [JavaFX Application Thread] DEBUG PrimaryStageWindow   - Scaled size: 800.0 x 500.0
16:09:45.363 [JavaFX Application Thread] DEBUG PrimaryStageWindow   - Scaled ratio: (1.0, 1.0)
16:09:45.363 [JavaFX Application Thread] DEBUG PrimaryStageWindow   - Scene size: 800.0 x 500.0
16:09:45.364 [JavaFX Application Thread] DEBUG PrimaryStageWindow   - Stage size: 816.0 x 539.0
16:09:45.373 [FXGL Background Thread 1 ] DEBUG Engine               - Initializing environment variables
16:09:45.458 [FXGL Background Thread 1 ] DEBUG FXGLAssetLoaderServi - User app class for loading assets: class Runner.ServerRunner
16:09:45.459 [FXGL Background Thread 1 ] DEBUG GameApplicationServi - Applying CSS: fxgl_dark.css
16:09:45.460 [FXGL Background Thread 1 ] DEBUG FXGLAssetLoaderServi - Loading from file system: jar:file:/C:/Users/User/.m2/repository/com/github/almasb/fxgl/17.3/fxgl-17.3.jar!/fxglassets/ui/css/fxgl_dark.css
16:09:45.549 [FXGL Background Thread 1 ] DEBUG GameApplicationServi - Initializing application scenes
16:09:45.698 [FXGL Background Thread 1 ] DEBUG GameWorld            - Game world initialized
16:09:45.781 [FXGL Background Thread 1 ] DEBUG PhysicsWorld         - Physics world initialized: appHeight=500, physics.ppm=50,0
16:09:45.781 [FXGL Background Thread 1 ] DEBUG PhysicsWorld         - Using strategy: BRUTE_FORCE
16:09:45.788 [FXGL Background Thread 1 ] DEBUG GameScene            - Game scene initialized: 800x500
16:09:45.804 [FXGL Background Thread 1 ] WARN  FXGL.DefaultMenu     - FXGLDefaultMenu is not designed for resolutions < 800x600
16:09:45.813 [FXGL Background Thread 1 ] DEBUG FXGL.DefaultMenu     - createMenuBodyGameMenu()
16:09:45.842 [FXGL Background Thread 1 ] DEBUG FXGL.DefaultMenu     - createOptionsMenu()
16:09:45.865 [FXGL Background Thread 1 ] DEBUG FXGLAssetLoaderServi - Loading from file system: jar:file:/C:/Users/User/.m2/repository/com/github/almasb/fxgl/17.3/fxgl-17.3.jar!/fxglassets/textures/particles/smoke.png
16:09:46.053 [FXGL Background Thread 1 ] DEBUG FXGLAssetLoaderServi - Loading from file system: jar:file:/C:/Users/User/.m2/repository/com/github/almasb/fxgl/17.3/fxgl-17.3.jar!/fxglassets/textures/particles/trace_horizontal.png
16:09:46.106 [FXGL Background Thread 1 ] DEBUG GameApplicationServi - Application scenes initialized
16:09:46.122 [FXGL Background Thread 1 ] DEBUG SystemBundleService  - Loading FXGL system data
16:09:46.129 [FXGL Background Thread 1 ] DEBUG FileSystemAccess     - Reading from: C:\Users\User\Documents\GitHub\Sonic-rush\system\fxgl.bundle
16:09:46.148 [FXGL Background Thread 1 ] DEBUG SystemBundleService  - Bundle FXGL: {}
16:09:46.148 [FXGL Background Thread 1 ] DEBUG UpdaterService       - Checking for updates
16:09:46.154 [FXGL Background Thread 1 ] DEBUG FXGLApplication      - Loading default localization
16:09:46.155 [FXGL Background Thread 1 ] DEBUG FXGLAssetLoaderServi - Loading from file system: jar:file:/C:/Users/User/.m2/repository/com/github/almasb/fxgl/17.3/fxgl-17.3.jar!/fxglassets/languages/english.lang
16:09:46.191 [FXGL Background Thread 1 ] INFO  FXGLApplication      - FXGL initialization took: 0,818 sec
16:09:46.200 [FXGL Background Thread 4 ] DEBUG FXGLApplication      - Loading fonts
16:09:46.200 [FXGL Background Thread 4 ] DEBUG FXGLAssetLoaderServi - Loading from file system: jar:file:/C:/Users/User/.m2/repository/com/github/almasb/fxgl/17.3/fxgl-17.3.jar!/fxglassets/ui/fonts/VarelaRound-Regular.ttf
16:09:46.233 [JavaFX Application Thread] DEBUG FXGLAssetLoaderServi - Loading from file system: jar:file:/C:/Users/User/.m2/repository/com/github/almasb/fxgl/17.3/fxgl-17.3.jar!/fxglassets/textures/fxgl_icon.png
16:09:46.260 [JavaFX Application Thread] DEBUG FXGLAssetLoaderServi - Loading from file system: jar:file:/C:/Users/User/.m2/repository/com/github/almasb/fxgl/17.3/fxgl-17.3.jar!/fxglassets/textures/fxgl_default_cursor.png
16:09:46.267 [FXGL Background Thread 4 ] DEBUG FXGLAssetLoaderServi - Loading from file system: jar:file:/C:/Users/User/.m2/repository/com/github/almasb/fxgl/17.3/fxgl-17.3.jar!/fxglassets/ui/fonts/Abel-Regular.ttf
16:09:46.270 [JavaFX Application Thread] DEBUG Input                - Registered new binding: Screenshot - CTRL+8
16:09:46.271 [JavaFX Application Thread] DEBUG Input                - Registered new binding: System info dump - CTRL+9
16:09:46.272 [JavaFX Application Thread] DEBUG Input                - Registered new binding: Restart - CTRL+R
16:09:46.272 [JavaFX Application Thread] DEBUG Input                - Registered new binding: Toggle Debug Camera - CTRL+7
16:09:46.276 [FXGL Background Thread 4 ] DEBUG FXGLAssetLoaderServi - Loading from file system: jar:file:/C:/Users/User/.m2/repository/com/github/almasb/fxgl/17.3/fxgl-17.3.jar!/fxglassets/ui/fonts/TerminalLandMono-Regular.otf
16:09:46.278 [JavaFX Application Thread] DEBUG LoopRunner           - Starting loop
16:09:46.279 [JavaFX Application Thread] DEBUG LoopRunner           - Initializing JavaFX AnimationTimerLoop
16:09:46.280 [FXGL Background Thread 4 ] DEBUG FXGLAssetLoaderServi - Loading from file system: jar:file:/C:/Users/User/.m2/repository/com/github/almasb/fxgl/17.3/fxgl-17.3.jar!/fxglassets/ui/fonts/Courier-Prime.ttf
16:09:46.281 [JavaFX Application Thread] DEBUG GameApplicationServi - Starting new game
16:09:46.281 [JavaFX Application Thread] DEBUG Input                - Clearing active input actions
16:09:46.297 [JavaFX Application Thread] DEBUG GameApplicationServi - Removing overlay from FXGLStartupScene and adding to FXGLLoadingScene
16:09:46.297 [JavaFX Application Thread] DEBUG PrimaryStageWindow   - FXGLStartupScene -> FXGLLoadingScene
16:09:46.297 [JavaFX Application Thread] DEBUG GameApplicationServi - Clearing previous game
16:09:46.297 [JavaFX Application Thread] DEBUG GameScene            - Clearing game scene
16:09:46.297 [JavaFX Application Thread] DEBUG GameWorld            - Clearing game world
16:09:46.297 [JavaFX Application Thread] DEBUG PhysicsWorld         - Clearing physics world
16:09:46.299 [JavaFX Application Thread] DEBUG FXGLApplication      - Registering font factories with UI factory
16:09:46.299 [FXGL Background Thread 4 ] DEBUG FXGLApplication      - Initializing game
16:09:46.548 [ServerAsyncConnThread    ] DEBUG TCPServer            - Starting to listen at: 55555 type: class com.almasb.fxgl.core.serialization.Bundle
16:09:46.593 [FXGL Background Thread 4 ] DEBUG TMXLevelLoader       - Parsed TiledMap: file:/C:/Users/User/Documents/GitHub/Sonic-rush/target/classes/assets/levels/mapazo.tmx
16:09:46.595 [FXGL Background Thread 4 ] DEBUG TMXLevelLoader       - Creating tile layer entities
16:09:46.597 [FXGL Background Thread 4 ] DEBUG TilesetLoader        - Loading view for layer Capa de patrones 1
16:09:46.602 [FXGL Background Thread 4 ] DEBUG TilesetLoader        - Created buffer with size 3840.0x720.0
16:09:46.645 [FXGL Background Thread 4 ] DEBUG TMXLevelLoader       - Creating object layer entities
16:09:46.685 [FXGL Background Thread 4 ] DEBUG GameWorld            - Clearing removable entities
16:09:46.685 [FXGL Background Thread 4 ] DEBUG GameWorld            - Setting level: com.almasb.fxgl.entity.level.Level@26f25dc2
16:09:46.698 [FXGL Background Thread 4 ] DEBUG FXGLAssetLoaderServi - Loading from file system: file:/C:/Users/User/Documents/GitHub/Sonic-rush/target/classes/assets/textures/Items/ring.png
16:09:46.750 [FXGL Background Thread 4 ] DEBUG FXGLAssetLoaderServi - Loading from file system: file:/C:/Users/User/Documents/GitHub/Sonic-rush/target/classes/assets/textures/Enemigos/enemigo.png
16:09:46.829 [FXGL Background Thread 4 ] DEBUG FXGLAssetLoaderServi - Loading from file system: file:/C:/Users/User/Documents/GitHub/Sonic-rush/target/classes/assets/textures/Items/caucho.png
16:09:46.831 [FXGL Background Thread 4 ] DEBUG FXGLAssetLoaderServi - Loading from file system: file:/C:/Users/User/Documents/GitHub/Sonic-rush/target/classes/assets/textures/Items/papel.png
16:09:46.836 [FXGL Background Thread 4 ] DEBUG FXGLAssetLoaderServi - Loading from file system: file:/C:/Users/User/Documents/GitHub/Sonic-rush/target/classes/assets/textures/Items/basura.png
16:09:46.846 [FXGL Background Thread 4 ] INFO  FXGLApplication      - Game initialization took: 0,547 sec
16:09:46.866 [JavaFX Application Thread] DEBUG Input                - Clearing active input actions
16:09:46.882 [JavaFX Application Thread] DEBUG GameApplicationServi - Removing overlay from FXGLLoadingScene and adding to GameScene
16:09:46.882 [JavaFX Application Thread] DEBUG PrimaryStageWindow   - FXGLLoadingScene -> GameScene
16:09:47.121 [FXGL Background Thread 2 ] INFO  UpdaterService       - Your current version:  17.3
16:09:47.124 [FXGL Background Thread 2 ] INFO  UpdaterService       - Latest stable version: 21.1
16:09:49.221 [FXGL Background Thread 3 ] DEBUG Engine               - Logging environment variables
16:09:49.224 [FXGL Background Thread 3 ] DEBUG Engine               - achievements: []
16:09:49.224 [FXGL Background Thread 3 ] DEBUG Engine               - actualHeight: 500.0
16:09:49.224 [FXGL Background Thread 3 ] DEBUG Engine               - actualHeightProperty: ReadOnlyDoubleProperty [value: 500.0]
16:09:49.224 [FXGL Background Thread 3 ] DEBUG Engine               - actualWidth: 800.0
16:09:49.224 [FXGL Background Thread 3 ] DEBUG Engine               - actualWidthProperty: ReadOnlyDoubleProperty [value: 800.0]
16:09:49.224 [FXGL Background Thread 3 ] DEBUG Engine               - appIcon: fxgl_icon.png
16:09:49.224 [FXGL Background Thread 3 ] DEBUG Engine               - applicationMode: DEVELOPER
16:09:49.224 [FXGL Background Thread 3 ] DEBUG Engine               - cSSList: [fxgl_dark.css]
16:09:49.224 [FXGL Background Thread 3 ] DEBUG Engine               - collisionDetectionStrategy: BRUTE_FORCE
16:09:49.224 [FXGL Background Thread 3 ] DEBUG Engine               - configClass: Optional.empty
16:09:49.224 [FXGL Background Thread 3 ] DEBUG Engine               - credits: []
16:09:49.225 [FXGL Background Thread 3 ] DEBUG Engine               - defaultCursor: CursorInfo(imageName=fxgl_default_cursor.png, hotspotX=7.0, hotspotY=6.0)
16:09:49.225 [FXGL Background Thread 3 ] DEBUG Engine               - devBBoxColorProperty: ObjectProperty [value: 0xff0000ff]
16:09:49.225 [FXGL Background Thread 3 ] DEBUG Engine               - devEnableDebugCameraProperty: BooleanProperty [value: false]
16:09:49.225 [FXGL Background Thread 3 ] DEBUG Engine               - devSensorColorProperty: ObjectProperty [value: 0xffff00ff]
16:09:49.225 [FXGL Background Thread 3 ] DEBUG Engine               - devShowBBoxProperty: BooleanProperty [value: false]
16:09:49.225 [FXGL Background Thread 3 ] DEBUG Engine               - devShowPositionProperty: BooleanProperty [value: false]
16:09:49.225 [FXGL Background Thread 3 ] DEBUG Engine               - enabledMenuItems: []
16:09:49.225 [FXGL Background Thread 3 ] DEBUG Engine               - engineServices: [class com.almasb.fxgl.app.services.FXGLAssetLoaderService, class com.almasb.fxgl.app.FXGLApplication$GameApplicationService, class com.almasb.fxgl.app.services.FXGLDialogService, class com.almasb.fxgl.app.services.IOTaskExecutorService, class com.almasb.fxgl.io.FileSystemService, class com.almasb.fxgl.localization.LocalizationService, class com.almasb.fxgl.app.services.SystemBundleService, class com.almasb.fxgl.profile.SaveLoadService, class com.almasb.fxgl.ui.FXGLUIFactoryServiceProvider, class com.almasb.fxgl.ui.FXGLDialogFactoryServiceProvider, class com.almasb.fxgl.audio.AudioPlayer, class com.almasb.fxgl.notification.impl.NotificationServiceProvider, class com.almasb.fxgl.achievement.AchievementService, class com.almasb.fxgl.cutscene.CutsceneService, class com.almasb.fxgl.minigames.MiniGameService, class com.almasb.fxgl.net.NetService, class com.almasb.fxgl.app.services.UpdaterService, class com.almasb.fxgl.dev.DevService, class com.almasb.fxgl.multiplayer.MultiplayerService]
16:09:49.225 [FXGL Background Thread 3 ] DEBUG Engine               - fontGame: Abel-Regular.ttf
16:09:49.225 [FXGL Background Thread 3 ] DEBUG Engine               - fontMono: TerminalLandMono-Regular.otf
16:09:49.225 [FXGL Background Thread 3 ] DEBUG Engine               - fontSizeScaleUI: 1.0
16:09:49.225 [FXGL Background Thread 3 ] DEBUG Engine               - fontText: Courier-Prime.ttf
16:09:49.225 [FXGL Background Thread 3 ] DEBUG Engine               - fontUI: VarelaRound-Regular.ttf
16:09:49.226 [FXGL Background Thread 3 ] DEBUG Engine               - fullScreen: BooleanProperty [value: false]
16:09:49.226 [FXGL Background Thread 3 ] DEBUG Engine               - gameDifficulty: MEDIUM
16:09:49.226 [FXGL Background Thread 3 ] DEBUG Engine               - gameDifficultyProperty: ObjectProperty [value: MEDIUM]
16:09:49.226 [FXGL Background Thread 3 ] DEBUG Engine               - globalMusicVolume: 0.5
16:09:49.226 [FXGL Background Thread 3 ] DEBUG Engine               - globalMusicVolumeProperty: DoubleProperty [value: 0.5]
16:09:49.226 [FXGL Background Thread 3 ] DEBUG Engine               - globalSoundVolume: 0.5
16:09:49.226 [FXGL Background Thread 3 ] DEBUG Engine               - globalSoundVolumeProperty: DoubleProperty [value: 0.5]
16:09:49.226 [FXGL Background Thread 3 ] DEBUG Engine               - height: 500
16:09:49.226 [FXGL Background Thread 3 ] DEBUG Engine               - is3D: false
16:09:49.226 [FXGL Background Thread 3 ] DEBUG Engine               - isAndroid: false
16:09:49.226 [FXGL Background Thread 3 ] DEBUG Engine               - isBrowser: false
16:09:49.226 [FXGL Background Thread 3 ] DEBUG Engine               - isClickFeedbackEnabled: false
16:09:49.226 [FXGL Background Thread 3 ] DEBUG Engine               - isCloseConfirmation: false
16:09:49.226 [FXGL Background Thread 3 ] DEBUG Engine               - isDesktop: true
16:09:49.226 [FXGL Background Thread 3 ] DEBUG Engine               - isDeveloperMenuEnabled: false
16:09:49.226 [FXGL Background Thread 3 ] DEBUG Engine               - isEmbedded: false
16:09:49.226 [FXGL Background Thread 3 ] DEBUG Engine               - isEntityPreloadEnabled: true
16:09:49.226 [FXGL Background Thread 3 ] DEBUG Engine               - isExperimentalTiledLargeMap: false
16:09:49.226 [FXGL Background Thread 3 ] DEBUG Engine               - isFileSystemWriteAllowed: true
16:09:49.226 [FXGL Background Thread 3 ] DEBUG Engine               - isFullScreenAllowed: false
16:09:49.227 [FXGL Background Thread 3 ] DEBUG Engine               - isFullScreenFromStart: false
16:09:49.227 [FXGL Background Thread 3 ] DEBUG Engine               - isGameMenuEnabled: true
16:09:49.227 [FXGL Background Thread 3 ] DEBUG Engine               - isIOS: false
16:09:49.227 [FXGL Background Thread 3 ] DEBUG Engine               - isIntroEnabled: false
16:09:49.227 [FXGL Background Thread 3 ] DEBUG Engine               - isLinux: false
16:09:49.227 [FXGL Background Thread 3 ] DEBUG Engine               - isMac: false
16:09:49.227 [FXGL Background Thread 3 ] DEBUG Engine               - isMainMenuEnabled: false
16:09:49.227 [FXGL Background Thread 3 ] DEBUG Engine               - isManualResizeEnabled: false
16:09:49.227 [FXGL Background Thread 3 ] DEBUG Engine               - isMobile: false
16:09:49.227 [FXGL Background Thread 3 ] DEBUG Engine               - isNative: false
16:09:49.227 [FXGL Background Thread 3 ] DEBUG Engine               - isPauseMusicWhenMinimized: true
16:09:49.227 [FXGL Background Thread 3 ] DEBUG Engine               - isPreserveResizeRatio: false
16:09:49.227 [FXGL Background Thread 3 ] DEBUG Engine               - isProfilingEnabled: false
16:09:49.227 [FXGL Background Thread 3 ] DEBUG Engine               - isScaleAffectedOnResize: true
16:09:49.227 [FXGL Background Thread 3 ] DEBUG Engine               - isSingleStep: false
16:09:49.227 [FXGL Background Thread 3 ] DEBUG Engine               - isUserProfileEnabled: false
16:09:49.227 [FXGL Background Thread 3 ] DEBUG Engine               - isWindows: true
16:09:49.227 [FXGL Background Thread 3 ] DEBUG Engine               - language: ObjectProperty [value: ENGLISH]
16:09:49.227 [FXGL Background Thread 3 ] DEBUG Engine               - menuKey: ESCAPE
16:09:49.227 [FXGL Background Thread 3 ] DEBUG Engine               - mouseSensitivity: 0.2
16:09:49.227 [FXGL Background Thread 3 ] DEBUG Engine               - notificationViewClass: class com.almasb.fxgl.notification.view.XboxNotificationView
16:09:49.227 [FXGL Background Thread 3 ] DEBUG Engine               - pixelsPerMeter: 50.0
16:09:49.227 [FXGL Background Thread 3 ] DEBUG Engine               - platform: WINDOWS
16:09:49.227 [FXGL Background Thread 3 ] DEBUG Engine               - prefHeightProperty: ReadOnlyDoubleProperty [value: 500.0]
16:09:49.227 [FXGL Background Thread 3 ] DEBUG Engine               - prefWidthProperty: ReadOnlyDoubleProperty [value: 800.0]
16:09:49.227 [FXGL Background Thread 3 ] DEBUG Engine               - profileDir: profiles/
16:09:49.228 [FXGL Background Thread 3 ] DEBUG Engine               - profileName: StringProperty [value: DEFAULT]
16:09:49.228 [FXGL Background Thread 3 ] DEBUG Engine               - randomSeed: -1
16:09:49.228 [FXGL Background Thread 3 ] DEBUG Engine               - runtimeInfo: RuntimeInfo(platform=WINDOWS, version=17.3, build=30.03.2023 11.49)
16:09:49.228 [FXGL Background Thread 3 ] DEBUG Engine               - saveFileExt: sav
16:09:49.228 [FXGL Background Thread 3 ] DEBUG Engine               - scaledHeightProp$fxgl: DoubleProperty [bound, value: 500.0]
16:09:49.228 [FXGL Background Thread 3 ] DEBUG Engine               - scaledWidthProp$fxgl: DoubleProperty [bound, value: 800.0]
16:09:49.228 [FXGL Background Thread 3 ] DEBUG Engine               - sceneFactory: com.almasb.fxgl.app.scene.SceneFactory@196c4c72
16:09:49.228 [FXGL Background Thread 3 ] DEBUG Engine               - secondsIn24h: 60
16:09:49.228 [FXGL Background Thread 3 ] DEBUG Engine               - soundMenuBack: menu/back.wav
16:09:49.228 [FXGL Background Thread 3 ] DEBUG Engine               - soundMenuPress: menu/press.wav
16:09:49.228 [FXGL Background Thread 3 ] DEBUG Engine               - soundMenuSelect: menu/select.wav
16:09:49.228 [FXGL Background Thread 3 ] DEBUG Engine               - soundNotification: core/notification.wav
16:09:49.228 [FXGL Background Thread 3 ] DEBUG Engine               - stageStyle: DECORATED
16:09:49.228 [FXGL Background Thread 3 ] DEBUG Engine               - supportedLanguages: [ENGLISH, FRENCH, GERMAN, HUNGARIAN, RUSSIAN]
16:09:49.228 [FXGL Background Thread 3 ] DEBUG Engine               - ticksPerSecond: -1
16:09:49.228 [FXGL Background Thread 3 ] DEBUG Engine               - title: Server
16:09:49.229 [FXGL Background Thread 3 ] DEBUG Engine               - urlGithub: https://github.com/AlmasB/FXGL
16:09:49.229 [FXGL Background Thread 3 ] DEBUG Engine               - urlLeaderboard: http://fxgl-top.herokuapp.com/
16:09:49.229 [FXGL Background Thread 3 ] DEBUG Engine               - urlPOM: https://raw.githubusercontent.com/AlmasB/FXGL/release/README.md
16:09:49.229 [FXGL Background Thread 3 ] DEBUG Engine               - userAppClass: class Runner.ServerRunner
16:09:49.229 [FXGL Background Thread 3 ] DEBUG Engine               - version: 0.0
16:09:49.229 [FXGL Background Thread 3 ] DEBUG Engine               - versionCheckDays: 7
16:09:49.229 [FXGL Background Thread 3 ] DEBUG Engine               - width: 800
16:09:49.229 [FXGL Background Thread 3 ] DEBUG Engine               - Logging services
16:09:49.271 [FXGL Background Thread 3 ] DEBUG Engine               - class com.almasb.fxgl.app.services.FXGLAssetLoaderService
16:09:49.279 [FXGL Background Thread 3 ] DEBUG Engine               - class com.almasb.fxgl.app.FXGLApplication$GameApplicationService
16:09:49.279 [FXGL Background Thread 3 ] DEBUG Engine               - class com.almasb.fxgl.app.services.FXGLDialogService
16:09:49.279 [FXGL Background Thread 3 ] DEBUG Engine               - class com.almasb.fxgl.app.services.IOTaskExecutorService
16:09:49.279 [FXGL Background Thread 3 ] DEBUG Engine               - class com.almasb.fxgl.io.FileSystemService
16:09:49.279 [FXGL Background Thread 3 ] DEBUG Engine               - class com.almasb.fxgl.localization.LocalizationService
16:09:49.279 [FXGL Background Thread 3 ] DEBUG Engine               - class com.almasb.fxgl.app.services.SystemBundleService
16:09:49.279 [FXGL Background Thread 3 ] DEBUG Engine               - class com.almasb.fxgl.profile.SaveLoadService
16:09:49.280 [FXGL Background Thread 3 ] DEBUG Engine               - class com.almasb.fxgl.ui.FXGLUIFactoryServiceProvider
16:09:49.280 [FXGL Background Thread 3 ] DEBUG Engine               - class com.almasb.fxgl.ui.FXGLDialogFactoryServiceProvider
16:09:49.280 [FXGL Background Thread 3 ] DEBUG Engine               - class com.almasb.fxgl.audio.AudioPlayer
16:09:49.280 [FXGL Background Thread 3 ] DEBUG Engine               - class com.almasb.fxgl.notification.impl.NotificationServiceProvider
16:09:49.280 [FXGL Background Thread 3 ] DEBUG Engine               - class com.almasb.fxgl.achievement.AchievementService
16:09:49.280 [FXGL Background Thread 3 ] DEBUG Engine               - class com.almasb.fxgl.cutscene.CutsceneService
16:09:49.280 [FXGL Background Thread 3 ] DEBUG Engine               - class com.almasb.fxgl.minigames.MiniGameService
16:09:49.280 [FXGL Background Thread 3 ] DEBUG Engine               - class com.almasb.fxgl.net.NetService
16:09:49.280 [FXGL Background Thread 3 ] DEBUG Engine               - class com.almasb.fxgl.app.services.UpdaterService
16:09:49.280 [FXGL Background Thread 3 ] DEBUG Engine               - class com.almasb.fxgl.dev.DevService
16:09:49.280 [FXGL Background Thread 3 ] DEBUG Engine               - class com.almasb.fxgl.multiplayer.MultiplayerService
16:09:53.081 [ServerAsyncConnThread    ] DEBUG Endpoint             - TCPServer opening new connection (1) from /127.0.0.1:50143 type: class com.almasb.fxgl.core.serialization.Bundle
16:09:53.084 [ServerAsyncConnThread    ] DEBUG Endpoint             - TCPServer successfully opened connection (1)
16:09:53.101 [TCPServer_SendThread-1   ] DEBUG Writers              - Getting TCPMessageWriter for class com.almasb.fxgl.core.serialization.Bundle
16:09:53.101 [TCPServer_RecvThread-1   ] DEBUG Readers              - Getting TCPMessageReader for class com.almasb.fxgl.core.serialization.Bundle
16:09:53.101 [TCPServer_RecvThread-1   ] DEBUG Readers              - Constructed MessageReader for class com.almasb.fxgl.core.serialization.Bundle: BundleTCPMessageReader
16:09:53.102 [TCPServer_SendThread-1   ] DEBUG Writers              - Constructed TCPMessageWriter for class com.almasb.fxgl.core.serialization.Bundle: BundleTCPMessageWriter
16:10:23.726 [JavaFX Application Thread] DEBUG FXGLAssetLoaderServi - Loading from file system: file:/C:/Users/User/Documents/GitHub/Sonic-rush/target/classes/assets/textures/Enemigos/eggman2.png
16:10:34.721 [ServerAsyncConnThread    ] DEBUG Endpoint             - TCPServer opening new connection (2) from /127.0.0.1:50153 type: class com.almasb.fxgl.core.serialization.Bundle
16:10:34.722 [ServerAsyncConnThread    ] DEBUG Endpoint             - TCPServer successfully opened connection (2)
16:10:34.723 [TCPServer_SendThread-2   ] DEBUG Writers              - Getting TCPMessageWriter for class com.almasb.fxgl.core.serialization.Bundle
16:10:34.725 [TCPServer_RecvThread-2   ] DEBUG Readers              - Getting TCPMessageReader for class com.almasb.fxgl.core.serialization.Bundle
16:10:34.725 [TCPServer_SendThread-2   ] DEBUG Writers              - Constructed TCPMessageWriter for class com.almasb.fxgl.core.serialization.Bundle: BundleTCPMessageWriter
16:10:34.727 [TCPServer_RecvThread-2   ] DEBUG Readers              - Constructed MessageReader for class com.almasb.fxgl.core.serialization.Bundle: BundleTCPMessageReader
16:11:04.496 [TCPServer_RecvThread-1   ] DEBUG Endpoint             - Connection 1 was unexpectedly disconnected: Connection reset
16:11:04.496 [TCPServer_RecvThread-1   ] DEBUG Connection           - Closing connection 1
16:11:04.496 [TCPServer_RecvThread-2   ] DEBUG Connection           - Closing connection 2
16:11:04.496 [TCPServer_RecvThread-1   ] DEBUG Connection           - Connection 1 was correctly closed from local endpoint.
16:11:04.496 [TCPServer_RecvThread-2   ] DEBUG Connection           - Connection 2 was correctly closed from local endpoint.
16:11:04.496 [TCPServer_RecvThread-2   ] DEBUG Endpoint             - TCPServer connection (2) was closed
16:11:04.496 [TCPServer_RecvThread-1   ] DEBUG Endpoint             - TCPServer connection (1) was closed
16:11:04.562 [JavaFX Application Thread] DEBUG LoopRunner           - Stopping loop
16:11:04.564 [JavaFX Application Thread] FATAL FXGLApplication      - Uncaught Exception:
java.lang.NullPointerException: Cannot invoke "com.almasb.fxgl.net.Connection.send(Object)" because the return value of "java.util.List.get(int)" is null
	at com.almasb.fxgl.net.Endpoint.broadcast(Endpoint.java:41)
	at GameSettings.ServerGameApp.onUpdate(ServerGameApp.java:311)
	at com.almasb.fxgl.app.FXGLApplication$GameApplicationService.onGameUpdate(FXGLApplication.kt:421)
	at com.almasb.fxgl.app.Engine.onGameUpdate(Engine.kt:138)
	at com.almasb.fxgl.app.FXGLApplication.postServicesInit$lambda$7(FXGLApplication.kt:182)
	at com.almasb.fxgl.scene.Scene.update(Scene.kt:113)
	at com.almasb.fxgl.app.MainWindow$update$1.invoke(MainWindow.kt:115)
	at com.almasb.fxgl.app.MainWindow$update$1.invoke(MainWindow.kt:115)
	at com.almasb.fxgl.core.fsm.StateMachine.runOnActiveStates(StateMachine.kt:69)
	at com.almasb.fxgl.app.MainWindow.update(MainWindow.kt:115)
	at com.almasb.fxgl.app.FXGLApplication$GameApplicationService.onUpdate(FXGLApplication.kt:426)
	at com.almasb.fxgl.app.Engine.loop(Engine.kt:134)
	at com.almasb.fxgl.app.Engine.access$loop(Engine.kt:24)
	at com.almasb.fxgl.app.Engine$loop$1.invoke(Engine.kt:28)
	at com.almasb.fxgl.app.Engine$loop$1.invoke(Engine.kt:28)
	at com.almasb.fxgl.app.LoopRunner.frame(LoopRunner.kt:103)
	at com.almasb.fxgl.app.LoopRunner.access$frame(LoopRunner.kt:23)
	at com.almasb.fxgl.app.LoopRunner$impl$2$1.onTick(LoopRunner.kt:57)
	at com.almasb.fxgl.app.AnimationTimerLoop$timer$1.handle(LoopRunner.kt:137)
	at javafx.animation.AnimationTimer$AnimationTimerReceiver.lambda$handle$0(AnimationTimer.java:58)
	at java.base/java.security.AccessController.doPrivileged(AccessController.java:400)
	at javafx.animation.AnimationTimer$AnimationTimerReceiver.handle(AnimationTimer.java:57)
	at com.sun.scenario.animation.AbstractPrimaryTimer.timePulseImpl(AbstractPrimaryTimer.java:356)
	at com.sun.scenario.animation.AbstractPrimaryTimer$MainLoop.run(AbstractPrimaryTimer.java:266)
	at com.sun.javafx.tk.quantum.QuantumToolkit.pulse(QuantumToolkit.java:588)
	at com.sun.javafx.tk.quantum.QuantumToolkit.pulse(QuantumToolkit.java:572)
	at com.sun.javafx.tk.quantum.QuantumToolkit.pulseFromQueue(QuantumToolkit.java:565)
	at com.sun.javafx.tk.quantum.QuantumToolkit.lambda$runToolkit$11(QuantumToolkit.java:352)
	at com.sun.glass.ui.InvokeLaterDispatcher$Future.run(InvokeLaterDispatcher.java:95)
	at com.sun.glass.ui.win.WinApplication._runLoop(Native Method)
	at com.sun.glass.ui.win.WinApplication.lambda$runLoop$3(WinApplication.java:185)
	at java.base/java.lang.Thread.run(Thread.java:1583)

16:11:04.568 [JavaFX Application Thread] FATAL FXGLApplication      - Application will now exit
16:11:04.586 [JavaFX Application Thread] DEBUG PrimaryStageWindow   - Push state: ErrorSubScene
16:11:04.586 [JavaFX Application Thread] DEBUG Input                - Clearing active input actions
16:11:04.593 [JavaFX Application Thread] DEBUG GameApplicationServi - Removing overlay from GameScene and adding to ErrorSubScene
16:11:04.593 [JavaFX Application Thread] DEBUG PrimaryStageWindow   - GameScene -> ErrorSubScene
16:11:26.926 [JavaFX Application Thread] DEBUG FXGLApplication      - Exiting FXGL
16:11:26.927 [JavaFX Application Thread] DEBUG Async                - Shutting down background threads
16:11:26.927 [JavaFX Application Thread] DEBUG PrimaryStageWindow   - Closing main window
16:11:26.935 [JavaFX Application Thread] DEBUG Logger               - Closing Logger
