23:30:17.694 [main                     ] DEBUG Logger               - Configured Logger
23:30:17.734 [main                     ] DEBUG GameApplication      - Logging settings
Title: Server
Version: 0.0
Width: 800
Height: 500
Fullscreen: false
Intro: false
Profiling: false
Single step:false
App Mode: DEVELOPER
Menu Key: ESCAPE
Stage Style: DECORATED
Scene Factory: class com.almasb.fxgl.app.scene.SceneFactory

23:30:18.409 [JavaFX Application Thread] DEBUG FXGLApplication      - Initializing FXGL
23:30:18.414 [JavaFX Application Thread] INFO  Engine               - FXGL-17.3 (30.03.2023 11.49) on WINDOWS (J:21.0.2 FX:20)
23:30:18.415 [JavaFX Application Thread] DEBUG Engine               - JRE Vendor Name: Oracle Corporation
23:30:18.415 [JavaFX Application Thread] DEBUG Engine               - Running on OS: Windows 10 version 10.0
23:30:18.415 [JavaFX Application Thread] DEBUG Engine               - Architecture: amd64
23:30:18.415 [JavaFX Application Thread] INFO  Engine               - Source code and latest versions at: https://github.com/AlmasB/FXGL
23:30:18.416 [JavaFX Application Thread] INFO  Engine               -       Ask questions and discuss at: https://github.com/AlmasB/FXGL/discussions
23:30:18.417 [JavaFX Application Thread] INFO  Engine               -              Join the FXGL chat at: https://gitter.im/AlmasB/FXGL
23:30:18.608 [JavaFX Application Thread] DEBUG PrimaryStageWindow   - Creating a JavaFX scene
23:30:18.706 [JavaFX Application Thread] DEBUG PrimaryStageWindow   - Target settings size: 800.0 x 500.0
23:30:18.706 [JavaFX Application Thread] DEBUG PrimaryStageWindow   - Scaled scene size:    800.0 x 500.0
23:30:18.706 [JavaFX Application Thread] DEBUG PrimaryStageWindow   - Scaled ratio: (1.0, 1.0)
23:30:18.708 [JavaFX Application Thread] DEBUG PrimaryStageWindow   - Set initial scene to FXGLStartupScene
23:30:18.713 [JavaFX Application Thread] DEBUG PrimaryStageWindow   - Opening main window
23:30:18.845 [JavaFX Application Thread] DEBUG PrimaryStageWindow   - Window border size: (16.0, 39.0)
23:30:18.845 [JavaFX Application Thread] DEBUG PrimaryStageWindow   - Scaled size: 800.0 x 500.0
23:30:18.845 [JavaFX Application Thread] DEBUG PrimaryStageWindow   - Scaled ratio: (1.0, 1.0)
23:30:18.846 [JavaFX Application Thread] DEBUG PrimaryStageWindow   - Scene size: 800.0 x 500.0
23:30:18.846 [JavaFX Application Thread] DEBUG PrimaryStageWindow   - Stage size: 816.0 x 539.0
23:30:18.895 [FXGL Background Thread 1 ] DEBUG Engine               - Initializing environment variables
23:30:18.956 [FXGL Background Thread 1 ] DEBUG FXGLAssetLoaderServi - User app class for loading assets: class Runner.ServerRunner
23:30:18.956 [FXGL Background Thread 1 ] DEBUG GameApplicationServi - Applying CSS: fxgl_dark.css
23:30:18.957 [FXGL Background Thread 1 ] DEBUG FXGLAssetLoaderServi - Loading from file system: jar:file:/C:/Users/User/.m2/repository/com/github/almasb/fxgl/17.3/fxgl-17.3.jar!/fxglassets/ui/css/fxgl_dark.css
23:30:19.015 [FXGL Background Thread 1 ] DEBUG GameApplicationServi - Initializing application scenes
23:30:19.130 [FXGL Background Thread 1 ] DEBUG GameWorld            - Game world initialized
23:30:19.202 [FXGL Background Thread 1 ] DEBUG PhysicsWorld         - Physics world initialized: appHeight=500, physics.ppm=50,0
23:30:19.202 [FXGL Background Thread 1 ] DEBUG PhysicsWorld         - Using strategy: BRUTE_FORCE
23:30:19.207 [FXGL Background Thread 1 ] DEBUG GameScene            - Game scene initialized: 800x500
23:30:19.222 [FXGL Background Thread 1 ] WARN  FXGL.DefaultMenu     - FXGLDefaultMenu is not designed for resolutions < 800x600
23:30:19.225 [FXGL Background Thread 1 ] DEBUG FXGL.DefaultMenu     - createMenuBodyGameMenu()
23:30:19.246 [FXGL Background Thread 1 ] DEBUG FXGL.DefaultMenu     - createOptionsMenu()
23:30:19.261 [FXGL Background Thread 1 ] DEBUG FXGLAssetLoaderServi - Loading from file system: jar:file:/C:/Users/User/.m2/repository/com/github/almasb/fxgl/17.3/fxgl-17.3.jar!/fxglassets/textures/particles/smoke.png
23:30:19.393 [FXGL Background Thread 1 ] DEBUG FXGLAssetLoaderServi - Loading from file system: jar:file:/C:/Users/User/.m2/repository/com/github/almasb/fxgl/17.3/fxgl-17.3.jar!/fxglassets/textures/particles/trace_horizontal.png
23:30:19.436 [FXGL Background Thread 1 ] DEBUG GameApplicationServi - Application scenes initialized
23:30:19.454 [FXGL Background Thread 1 ] DEBUG SystemBundleService  - Loading FXGL system data
23:30:19.458 [FXGL Background Thread 1 ] DEBUG FileSystemAccess     - Reading from: C:\Users\User\Documents\GitHub\Sonic-rush\system\fxgl.bundle
23:30:19.469 [FXGL Background Thread 1 ] DEBUG SystemBundleService  - Bundle FXGL: {}
23:30:19.470 [FXGL Background Thread 1 ] DEBUG UpdaterService       - Checking for updates
23:30:19.475 [FXGL Background Thread 1 ] DEBUG FXGLApplication      - Loading default localization
23:30:19.476 [FXGL Background Thread 1 ] DEBUG FXGLAssetLoaderServi - Loading from file system: jar:file:/C:/Users/User/.m2/repository/com/github/almasb/fxgl/17.3/fxgl-17.3.jar!/fxglassets/languages/english.lang
23:30:19.496 [FXGL Background Thread 1 ] INFO  FXGLApplication      - FXGL initialization took: 0,602 sec
23:30:19.498 [JavaFX Application Thread] DEBUG FXGLAssetLoaderServi - Loading from file system: jar:file:/C:/Users/User/.m2/repository/com/github/almasb/fxgl/17.3/fxgl-17.3.jar!/fxglassets/textures/fxgl_icon.png
23:30:19.499 [FXGL Background Thread 4 ] DEBUG FXGLApplication      - Loading fonts
23:30:19.502 [FXGL Background Thread 4 ] DEBUG FXGLAssetLoaderServi - Loading from file system: jar:file:/C:/Users/User/.m2/repository/com/github/almasb/fxgl/17.3/fxgl-17.3.jar!/fxglassets/ui/fonts/VarelaRound-Regular.ttf
23:30:19.541 [JavaFX Application Thread] DEBUG FXGLAssetLoaderServi - Loading from file system: jar:file:/C:/Users/User/.m2/repository/com/github/almasb/fxgl/17.3/fxgl-17.3.jar!/fxglassets/textures/fxgl_default_cursor.png
23:30:19.553 [JavaFX Application Thread] DEBUG Input                - Registered new binding: Screenshot - CTRL+8
23:30:19.554 [JavaFX Application Thread] DEBUG Input                - Registered new binding: System info dump - CTRL+9
23:30:19.554 [JavaFX Application Thread] DEBUG Input                - Registered new binding: Restart - CTRL+R
23:30:19.555 [JavaFX Application Thread] DEBUG Input                - Registered new binding: Toggle Debug Camera - CTRL+7
23:30:19.559 [JavaFX Application Thread] DEBUG LoopRunner           - Starting loop
23:30:19.559 [JavaFX Application Thread] DEBUG LoopRunner           - Initializing JavaFX AnimationTimerLoop
23:30:19.561 [JavaFX Application Thread] DEBUG GameApplicationServi - Starting new game
23:30:19.562 [JavaFX Application Thread] DEBUG Input                - Clearing active input actions
23:30:19.579 [JavaFX Application Thread] DEBUG GameApplicationServi - Removing overlay from FXGLStartupScene and adding to FXGLLoadingScene
23:30:19.579 [JavaFX Application Thread] DEBUG PrimaryStageWindow   - FXGLStartupScene -> FXGLLoadingScene
23:30:19.579 [JavaFX Application Thread] DEBUG GameApplicationServi - Clearing previous game
23:30:19.579 [JavaFX Application Thread] DEBUG GameScene            - Clearing game scene
23:30:19.579 [JavaFX Application Thread] DEBUG GameWorld            - Clearing game world
23:30:19.579 [JavaFX Application Thread] DEBUG PhysicsWorld         - Clearing physics world
23:30:19.581 [FXGL Background Thread 1 ] DEBUG FXGLApplication      - Initializing game
23:30:19.766 [ServerAsyncConnThread    ] DEBUG TCPServer            - Starting to listen at: 55555 type: class com.almasb.fxgl.core.serialization.Bundle
23:30:19.786 [FXGL Background Thread 4 ] DEBUG FXGLAssetLoaderServi - Loading from file system: jar:file:/C:/Users/User/.m2/repository/com/github/almasb/fxgl/17.3/fxgl-17.3.jar!/fxglassets/ui/fonts/Abel-Regular.ttf
23:30:19.793 [FXGL Background Thread 4 ] DEBUG FXGLAssetLoaderServi - Loading from file system: jar:file:/C:/Users/User/.m2/repository/com/github/almasb/fxgl/17.3/fxgl-17.3.jar!/fxglassets/ui/fonts/TerminalLandMono-Regular.otf
23:30:19.796 [FXGL Background Thread 4 ] DEBUG FXGLAssetLoaderServi - Loading from file system: jar:file:/C:/Users/User/.m2/repository/com/github/almasb/fxgl/17.3/fxgl-17.3.jar!/fxglassets/ui/fonts/Courier-Prime.ttf
23:30:19.807 [FXGL Background Thread 1 ] WARN  TMXLevelLoader       - TiledMap generated from 1.11.2. Supported version: 1.9.0. Some features may not be parsed fully.
23:30:19.832 [FXGL Background Thread 1 ] DEBUG TMXLevelLoader       - Parsed TiledMap: file:/C:/Users/User/Documents/GitHub/Sonic-rush/target/classes/assets/levels/mapazo.tmx
23:30:19.833 [FXGL Background Thread 1 ] DEBUG TMXLevelLoader       - Creating tile layer entities
23:30:19.835 [FXGL Background Thread 1 ] DEBUG TilesetLoader        - Loading view for layer Capa de patrones 1
23:30:19.840 [JavaFX Application Thread] DEBUG FXGLApplication      - Registering font factories with UI factory
23:30:19.842 [FXGL Background Thread 1 ] DEBUG TilesetLoader        - Created buffer with size 3840.0x720.0
23:30:19.872 [FXGL Background Thread 1 ] DEBUG TMXLevelLoader       - Creating object layer entities
23:30:19.905 [FXGL Background Thread 1 ] DEBUG GameWorld            - Clearing removable entities
23:30:19.905 [FXGL Background Thread 1 ] DEBUG GameWorld            - Setting level: com.almasb.fxgl.entity.level.Level@40f242d8
23:30:19.926 [FXGL Background Thread 1 ] DEBUG FXGLAssetLoaderServi - Loading from file system: file:/C:/Users/User/Documents/GitHub/Sonic-rush/target/classes/assets/textures/Items/ring.png
23:30:19.959 [FXGL Background Thread 1 ] DEBUG FXGLAssetLoaderServi - Loading from file system: file:/C:/Users/User/Documents/GitHub/Sonic-rush/target/classes/assets/textures/Enemigos/enemigo2.png
23:30:19.967 [FXGL Background Thread 1 ] DEBUG FXGLAssetLoaderServi - Loading from file system: file:/C:/Users/User/Documents/GitHub/Sonic-rush/target/classes/assets/textures/Items/caucho.png
23:30:19.971 [FXGL Background Thread 1 ] DEBUG FXGLAssetLoaderServi - Loading from file system: file:/C:/Users/User/Documents/GitHub/Sonic-rush/target/classes/assets/textures/Items/papel.png
23:30:19.977 [FXGL Background Thread 1 ] DEBUG FXGLAssetLoaderServi - Loading from file system: file:/C:/Users/User/Documents/GitHub/Sonic-rush/target/classes/assets/textures/Items/basura.png
23:30:19.980 [FXGL Background Thread 1 ] INFO  FXGLApplication      - Game initialization took: 0,399 sec
23:30:19.990 [JavaFX Application Thread] DEBUG Input                - Clearing active input actions
23:30:20.005 [JavaFX Application Thread] DEBUG GameApplicationServi - Removing overlay from FXGLLoadingScene and adding to GameScene
23:30:20.005 [JavaFX Application Thread] DEBUG PrimaryStageWindow   - FXGLLoadingScene -> GameScene
23:30:20.447 [FXGL Background Thread 2 ] INFO  UpdaterService       - Your current version:  17.3
23:30:20.456 [FXGL Background Thread 2 ] INFO  UpdaterService       - Latest stable version: 21.1
23:30:22.474 [FXGL Background Thread 3 ] DEBUG Engine               - Logging environment variables
23:30:22.475 [FXGL Background Thread 3 ] DEBUG Engine               - achievements: []
23:30:22.475 [FXGL Background Thread 3 ] DEBUG Engine               - actualHeight: 500.0
23:30:22.475 [FXGL Background Thread 3 ] DEBUG Engine               - actualHeightProperty: ReadOnlyDoubleProperty [value: 500.0]
23:30:22.475 [FXGL Background Thread 3 ] DEBUG Engine               - actualWidth: 800.0
23:30:22.476 [FXGL Background Thread 3 ] DEBUG Engine               - actualWidthProperty: ReadOnlyDoubleProperty [value: 800.0]
23:30:22.476 [FXGL Background Thread 3 ] DEBUG Engine               - appIcon: fxgl_icon.png
23:30:22.476 [FXGL Background Thread 3 ] DEBUG Engine               - applicationMode: DEVELOPER
23:30:22.476 [FXGL Background Thread 3 ] DEBUG Engine               - cSSList: [fxgl_dark.css]
23:30:22.476 [FXGL Background Thread 3 ] DEBUG Engine               - collisionDetectionStrategy: BRUTE_FORCE
23:30:22.476 [FXGL Background Thread 3 ] DEBUG Engine               - configClass: Optional.empty
23:30:22.476 [FXGL Background Thread 3 ] DEBUG Engine               - credits: []
23:30:22.476 [FXGL Background Thread 3 ] DEBUG Engine               - defaultCursor: CursorInfo(imageName=fxgl_default_cursor.png, hotspotX=7.0, hotspotY=6.0)
23:30:22.477 [FXGL Background Thread 3 ] DEBUG Engine               - devBBoxColorProperty: ObjectProperty [value: 0xff0000ff]
23:30:22.477 [FXGL Background Thread 3 ] DEBUG Engine               - devEnableDebugCameraProperty: BooleanProperty [value: false]
23:30:22.477 [FXGL Background Thread 3 ] DEBUG Engine               - devSensorColorProperty: ObjectProperty [value: 0xffff00ff]
23:30:22.478 [FXGL Background Thread 3 ] DEBUG Engine               - devShowBBoxProperty: BooleanProperty [value: false]
23:30:22.478 [FXGL Background Thread 3 ] DEBUG Engine               - devShowPositionProperty: BooleanProperty [value: false]
23:30:22.478 [FXGL Background Thread 3 ] DEBUG Engine               - enabledMenuItems: []
23:30:22.478 [FXGL Background Thread 3 ] DEBUG Engine               - engineServices: [class com.almasb.fxgl.app.services.FXGLAssetLoaderService, class com.almasb.fxgl.app.FXGLApplication$GameApplicationService, class com.almasb.fxgl.app.services.FXGLDialogService, class com.almasb.fxgl.app.services.IOTaskExecutorService, class com.almasb.fxgl.io.FileSystemService, class com.almasb.fxgl.localization.LocalizationService, class com.almasb.fxgl.app.services.SystemBundleService, class com.almasb.fxgl.profile.SaveLoadService, class com.almasb.fxgl.ui.FXGLUIFactoryServiceProvider, class com.almasb.fxgl.ui.FXGLDialogFactoryServiceProvider, class com.almasb.fxgl.audio.AudioPlayer, class com.almasb.fxgl.notification.impl.NotificationServiceProvider, class com.almasb.fxgl.achievement.AchievementService, class com.almasb.fxgl.cutscene.CutsceneService, class com.almasb.fxgl.minigames.MiniGameService, class com.almasb.fxgl.net.NetService, class com.almasb.fxgl.app.services.UpdaterService, class com.almasb.fxgl.dev.DevService, class com.almasb.fxgl.multiplayer.MultiplayerService]
23:30:22.478 [FXGL Background Thread 3 ] DEBUG Engine               - fontGame: Abel-Regular.ttf
23:30:22.478 [FXGL Background Thread 3 ] DEBUG Engine               - fontMono: TerminalLandMono-Regular.otf
23:30:22.478 [FXGL Background Thread 3 ] DEBUG Engine               - fontSizeScaleUI: 1.0
23:30:22.478 [FXGL Background Thread 3 ] DEBUG Engine               - fontText: Courier-Prime.ttf
23:30:22.478 [FXGL Background Thread 3 ] DEBUG Engine               - fontUI: VarelaRound-Regular.ttf
23:30:22.478 [FXGL Background Thread 3 ] DEBUG Engine               - fullScreen: BooleanProperty [value: false]
23:30:22.478 [FXGL Background Thread 3 ] DEBUG Engine               - gameDifficulty: MEDIUM
23:30:22.478 [FXGL Background Thread 3 ] DEBUG Engine               - gameDifficultyProperty: ObjectProperty [value: MEDIUM]
23:30:22.478 [FXGL Background Thread 3 ] DEBUG Engine               - globalMusicVolume: 0.5
23:30:22.478 [FXGL Background Thread 3 ] DEBUG Engine               - globalMusicVolumeProperty: DoubleProperty [value: 0.5]
23:30:22.478 [FXGL Background Thread 3 ] DEBUG Engine               - globalSoundVolume: 0.5
23:30:22.478 [FXGL Background Thread 3 ] DEBUG Engine               - globalSoundVolumeProperty: DoubleProperty [value: 0.5]
23:30:22.479 [FXGL Background Thread 3 ] DEBUG Engine               - height: 500
23:30:22.479 [FXGL Background Thread 3 ] DEBUG Engine               - is3D: false
23:30:22.479 [FXGL Background Thread 3 ] DEBUG Engine               - isAndroid: false
23:30:22.479 [FXGL Background Thread 3 ] DEBUG Engine               - isBrowser: false
23:30:22.479 [FXGL Background Thread 3 ] DEBUG Engine               - isClickFeedbackEnabled: false
23:30:22.479 [FXGL Background Thread 3 ] DEBUG Engine               - isCloseConfirmation: false
23:30:22.479 [FXGL Background Thread 3 ] DEBUG Engine               - isDesktop: true
23:30:22.479 [FXGL Background Thread 3 ] DEBUG Engine               - isDeveloperMenuEnabled: false
23:30:22.479 [FXGL Background Thread 3 ] DEBUG Engine               - isEmbedded: false
23:30:22.479 [FXGL Background Thread 3 ] DEBUG Engine               - isEntityPreloadEnabled: true
23:30:22.479 [FXGL Background Thread 3 ] DEBUG Engine               - isExperimentalTiledLargeMap: false
23:30:22.479 [FXGL Background Thread 3 ] DEBUG Engine               - isFileSystemWriteAllowed: true
23:30:22.479 [FXGL Background Thread 3 ] DEBUG Engine               - isFullScreenAllowed: false
23:30:22.479 [FXGL Background Thread 3 ] DEBUG Engine               - isFullScreenFromStart: false
23:30:22.479 [FXGL Background Thread 3 ] DEBUG Engine               - isGameMenuEnabled: true
23:30:22.479 [FXGL Background Thread 3 ] DEBUG Engine               - isIOS: false
23:30:22.479 [FXGL Background Thread 3 ] DEBUG Engine               - isIntroEnabled: false
23:30:22.479 [FXGL Background Thread 3 ] DEBUG Engine               - isLinux: false
23:30:22.479 [FXGL Background Thread 3 ] DEBUG Engine               - isMac: false
23:30:22.479 [FXGL Background Thread 3 ] DEBUG Engine               - isMainMenuEnabled: false
23:30:22.479 [FXGL Background Thread 3 ] DEBUG Engine               - isManualResizeEnabled: false
23:30:22.479 [FXGL Background Thread 3 ] DEBUG Engine               - isMobile: false
23:30:22.480 [FXGL Background Thread 3 ] DEBUG Engine               - isNative: false
23:30:22.480 [FXGL Background Thread 3 ] DEBUG Engine               - isPauseMusicWhenMinimized: true
23:30:22.480 [FXGL Background Thread 3 ] DEBUG Engine               - isPreserveResizeRatio: false
23:30:22.480 [FXGL Background Thread 3 ] DEBUG Engine               - isProfilingEnabled: false
23:30:22.480 [FXGL Background Thread 3 ] DEBUG Engine               - isScaleAffectedOnResize: true
23:30:22.480 [FXGL Background Thread 3 ] DEBUG Engine               - isSingleStep: false
23:30:22.480 [FXGL Background Thread 3 ] DEBUG Engine               - isUserProfileEnabled: false
23:30:22.480 [FXGL Background Thread 3 ] DEBUG Engine               - isWindows: true
23:30:22.480 [FXGL Background Thread 3 ] DEBUG Engine               - language: ObjectProperty [value: ENGLISH]
23:30:22.480 [FXGL Background Thread 3 ] DEBUG Engine               - menuKey: ESCAPE
23:30:22.480 [FXGL Background Thread 3 ] DEBUG Engine               - mouseSensitivity: 0.2
23:30:22.480 [FXGL Background Thread 3 ] DEBUG Engine               - notificationViewClass: class com.almasb.fxgl.notification.view.XboxNotificationView
23:30:22.480 [FXGL Background Thread 3 ] DEBUG Engine               - pixelsPerMeter: 50.0
23:30:22.480 [FXGL Background Thread 3 ] DEBUG Engine               - platform: WINDOWS
23:30:22.480 [FXGL Background Thread 3 ] DEBUG Engine               - prefHeightProperty: ReadOnlyDoubleProperty [value: 500.0]
23:30:22.480 [FXGL Background Thread 3 ] DEBUG Engine               - prefWidthProperty: ReadOnlyDoubleProperty [value: 800.0]
23:30:22.480 [FXGL Background Thread 3 ] DEBUG Engine               - profileDir: profiles/
23:30:22.480 [FXGL Background Thread 3 ] DEBUG Engine               - profileName: StringProperty [value: DEFAULT]
23:30:22.480 [FXGL Background Thread 3 ] DEBUG Engine               - randomSeed: -1
23:30:22.481 [FXGL Background Thread 3 ] DEBUG Engine               - runtimeInfo: RuntimeInfo(platform=WINDOWS, version=17.3, build=30.03.2023 11.49)
23:30:22.481 [FXGL Background Thread 3 ] DEBUG Engine               - saveFileExt: sav
23:30:22.481 [FXGL Background Thread 3 ] DEBUG Engine               - scaledHeightProp$fxgl: DoubleProperty [bound, value: 500.0]
23:30:22.481 [FXGL Background Thread 3 ] DEBUG Engine               - scaledWidthProp$fxgl: DoubleProperty [bound, value: 800.0]
23:30:22.481 [FXGL Background Thread 3 ] DEBUG Engine               - sceneFactory: com.almasb.fxgl.app.scene.SceneFactory@302c793a
23:30:22.481 [FXGL Background Thread 3 ] DEBUG Engine               - secondsIn24h: 60
23:30:22.481 [FXGL Background Thread 3 ] DEBUG Engine               - soundMenuBack: menu/back.wav
23:30:22.481 [FXGL Background Thread 3 ] DEBUG Engine               - soundMenuPress: menu/press.wav
23:30:22.481 [FXGL Background Thread 3 ] DEBUG Engine               - soundMenuSelect: menu/select.wav
23:30:22.481 [FXGL Background Thread 3 ] DEBUG Engine               - soundNotification: core/notification.wav
23:30:22.481 [FXGL Background Thread 3 ] DEBUG Engine               - stageStyle: DECORATED
23:30:22.481 [FXGL Background Thread 3 ] DEBUG Engine               - supportedLanguages: [ENGLISH, FRENCH, GERMAN, HUNGARIAN, RUSSIAN]
23:30:22.481 [FXGL Background Thread 3 ] DEBUG Engine               - ticksPerSecond: -1
23:30:22.481 [FXGL Background Thread 3 ] DEBUG Engine               - title: Server
23:30:22.481 [FXGL Background Thread 3 ] DEBUG Engine               - urlGithub: https://github.com/AlmasB/FXGL
23:30:22.481 [FXGL Background Thread 3 ] DEBUG Engine               - urlLeaderboard: http://fxgl-top.herokuapp.com/
23:30:22.481 [FXGL Background Thread 3 ] DEBUG Engine               - urlPOM: https://raw.githubusercontent.com/AlmasB/FXGL/release/README.md
23:30:22.481 [FXGL Background Thread 3 ] DEBUG Engine               - userAppClass: class Runner.ServerRunner
23:30:22.481 [FXGL Background Thread 3 ] DEBUG Engine               - version: 0.0
23:30:22.481 [FXGL Background Thread 3 ] DEBUG Engine               - versionCheckDays: 7
23:30:22.481 [FXGL Background Thread 3 ] DEBUG Engine               - width: 800
23:30:22.481 [FXGL Background Thread 3 ] DEBUG Engine               - Logging services
23:30:22.481 [FXGL Background Thread 3 ] DEBUG Engine               - class com.almasb.fxgl.app.services.FXGLAssetLoaderService
23:30:22.482 [FXGL Background Thread 3 ] DEBUG Engine               - class com.almasb.fxgl.app.FXGLApplication$GameApplicationService
23:30:22.482 [FXGL Background Thread 3 ] DEBUG Engine               - class com.almasb.fxgl.app.services.FXGLDialogService
23:30:22.482 [FXGL Background Thread 3 ] DEBUG Engine               - class com.almasb.fxgl.app.services.IOTaskExecutorService
23:30:22.482 [FXGL Background Thread 3 ] DEBUG Engine               - class com.almasb.fxgl.io.FileSystemService
23:30:22.482 [FXGL Background Thread 3 ] DEBUG Engine               - class com.almasb.fxgl.localization.LocalizationService
23:30:22.482 [FXGL Background Thread 3 ] DEBUG Engine               - class com.almasb.fxgl.app.services.SystemBundleService
23:30:22.482 [FXGL Background Thread 3 ] DEBUG Engine               - class com.almasb.fxgl.profile.SaveLoadService
23:30:22.482 [FXGL Background Thread 3 ] DEBUG Engine               - class com.almasb.fxgl.ui.FXGLUIFactoryServiceProvider
23:30:22.482 [FXGL Background Thread 3 ] DEBUG Engine               - class com.almasb.fxgl.ui.FXGLDialogFactoryServiceProvider
23:30:22.482 [FXGL Background Thread 3 ] DEBUG Engine               - class com.almasb.fxgl.audio.AudioPlayer
23:30:22.482 [FXGL Background Thread 3 ] DEBUG Engine               - class com.almasb.fxgl.notification.impl.NotificationServiceProvider
23:30:22.482 [FXGL Background Thread 3 ] DEBUG Engine               - class com.almasb.fxgl.achievement.AchievementService
23:30:22.482 [FXGL Background Thread 3 ] DEBUG Engine               - class com.almasb.fxgl.cutscene.CutsceneService
23:30:22.482 [FXGL Background Thread 3 ] DEBUG Engine               - class com.almasb.fxgl.minigames.MiniGameService
23:30:22.482 [FXGL Background Thread 3 ] DEBUG Engine               - class com.almasb.fxgl.net.NetService
23:30:22.482 [FXGL Background Thread 3 ] DEBUG Engine               - class com.almasb.fxgl.app.services.UpdaterService
23:30:22.482 [FXGL Background Thread 3 ] DEBUG Engine               - class com.almasb.fxgl.dev.DevService
23:30:22.482 [FXGL Background Thread 3 ] DEBUG Engine               - class com.almasb.fxgl.multiplayer.MultiplayerService
23:30:25.111 [ServerAsyncConnThread    ] DEBUG Endpoint             - TCPServer opening new connection (1) from /127.0.0.1:56450 type: class com.almasb.fxgl.core.serialization.Bundle
23:30:25.112 [ServerAsyncConnThread    ] DEBUG Endpoint             - TCPServer successfully opened connection (1)
23:30:25.125 [TCPServer_RecvThread-1   ] DEBUG Readers              - Getting TCPMessageReader for class com.almasb.fxgl.core.serialization.Bundle
23:30:25.126 [TCPServer_RecvThread-1   ] DEBUG Readers              - Constructed MessageReader for class com.almasb.fxgl.core.serialization.Bundle: BundleTCPMessageReader
23:30:25.130 [TCPServer_SendThread-1   ] DEBUG Writers              - Getting TCPMessageWriter for class com.almasb.fxgl.core.serialization.Bundle
23:30:25.133 [TCPServer_SendThread-1   ] DEBUG Writers              - Constructed TCPMessageWriter for class com.almasb.fxgl.core.serialization.Bundle: BundleTCPMessageWriter
23:30:44.460 [JavaFX Application Thread] DEBUG FXGLAssetLoaderServi - Loading from file system: file:/C:/Users/User/Documents/GitHub/Sonic-rush/target/classes/assets/textures/Enemigos/eggman2.png
23:31:24.527 [JavaFX Application Thread] DEBUG FXGLApplication      - Exiting FXGL
23:31:24.528 [JavaFX Application Thread] DEBUG LoopRunner           - Stopping loop
23:31:24.528 [JavaFX Application Thread] DEBUG SystemBundleService  - Saving FXGL system data
23:31:24.529 [JavaFX Application Thread] DEBUG FileSystemAccess     - Writing to: C:\Users\User\Documents\GitHub\Sonic-rush\system\fxgl.bundle
23:31:24.530 [JavaFX Application Thread] DEBUG Async                - Shutting down background threads
23:31:24.531 [JavaFX Application Thread] DEBUG PrimaryStageWindow   - Closing main window
23:31:24.542 [JavaFX Application Thread] DEBUG Logger               - Closing Logger
