22:09:44.935 [main                     ] DEBUG Logger               - Configured Logger
22:09:44.980 [main                     ] DEBUG GameApplication      - Logging settings
Title: Jugador Sonic
Version: 0.0
Width: 1000
Height: 600
Fullscreen: false
Intro: false
Profiling: false
Single step:false
App Mode: DEVELOPER
Menu Key: ESCAPE
Stage Style: DECORATED
Scene Factory: class com.almasb.fxgl.app.scene.SceneFactory

22:09:45.678 [JavaFX Application Thread] DEBUG FXGLApplication      - Initializing FXGL
22:09:45.688 [JavaFX Application Thread] INFO  Engine               - FXGL-17.3 (30.03.2023 11.49) on WINDOWS (J:17.0.12 FX:20)
22:09:45.691 [JavaFX Application Thread] DEBUG Engine               - JRE Vendor Name: Oracle Corporation
22:09:45.692 [JavaFX Application Thread] DEBUG Engine               - Running on OS: Windows 10 version 10.0
22:09:45.692 [JavaFX Application Thread] DEBUG Engine               - Architecture: amd64
22:09:45.692 [JavaFX Application Thread] INFO  Engine               - Source code and latest versions at: https://github.com/AlmasB/FXGL
22:09:45.694 [JavaFX Application Thread] INFO  Engine               -       Ask questions and discuss at: https://github.com/AlmasB/FXGL/discussions
22:09:45.696 [JavaFX Application Thread] INFO  Engine               -              Join the FXGL chat at: https://gitter.im/AlmasB/FXGL
22:09:46.099 [JavaFX Application Thread] DEBUG PrimaryStageWindow   - Creating a JavaFX scene
22:09:46.345 [JavaFX Application Thread] DEBUG PrimaryStageWindow   - Target settings size: 1000.0 x 600.0
22:09:46.348 [JavaFX Application Thread] DEBUG PrimaryStageWindow   - Scaled scene size:    1000.0 x 600.0
22:09:46.349 [JavaFX Application Thread] DEBUG PrimaryStageWindow   - Scaled ratio: (1.0, 1.0)
22:09:46.353 [JavaFX Application Thread] DEBUG PrimaryStageWindow   - Set initial scene to FXGLStartupScene
22:09:46.377 [JavaFX Application Thread] DEBUG PrimaryStageWindow   - Opening main window
22:09:46.784 [JavaFX Application Thread] DEBUG PrimaryStageWindow   - Window border size: (14.4000244140625, 37.5999755859375)
22:09:46.784 [JavaFX Application Thread] DEBUG PrimaryStageWindow   - Scaled size: 1000.0 x 600.0
22:09:46.785 [JavaFX Application Thread] DEBUG PrimaryStageWindow   - Scaled ratio: (1.0, 1.0)
22:09:46.785 [JavaFX Application Thread] DEBUG PrimaryStageWindow   - Scene size: 1000.0 x 600.0
22:09:46.786 [JavaFX Application Thread] DEBUG PrimaryStageWindow   - Stage size: 1014.4000244140625 x 637.5999755859375
22:09:47.004 [FXGL Background Thread 1 ] DEBUG Engine               - Initializing environment variables
22:09:47.143 [FXGL Background Thread 1 ] DEBUG FXGLAssetLoaderServi - User app class for loading assets: class Runner.ClientRunner
22:09:47.144 [FXGL Background Thread 1 ] DEBUG GameApplicationServi - Applying CSS: fxgl_dark.css
22:09:47.149 [FXGL Background Thread 1 ] DEBUG FXGLAssetLoaderServi - Loading from file system: jar:file:/C:/Users/Owner/.m2/repository/com/github/almasb/fxgl/17.3/fxgl-17.3.jar!/fxglassets/ui/css/fxgl_dark.css
22:09:47.306 [FXGL Background Thread 1 ] DEBUG GameApplicationServi - Initializing application scenes
22:09:47.710 [FXGL Background Thread 1 ] DEBUG GameWorld            - Game world initialized
22:09:48.082 [FXGL Background Thread 1 ] DEBUG PhysicsWorld         - Physics world initialized: appHeight=600, physics.ppm=50.0
22:09:48.083 [FXGL Background Thread 1 ] DEBUG PhysicsWorld         - Using strategy: BRUTE_FORCE
22:09:48.118 [FXGL Background Thread 1 ] DEBUG GameScene            - Game scene initialized: 1000x600
22:09:48.225 [FXGL Background Thread 1 ] DEBUG FXGL.DefaultMenu     - createMenuBodyGameMenu()
22:09:48.386 [FXGL Background Thread 1 ] DEBUG FXGL.DefaultMenu     - createOptionsMenu()
22:09:48.488 [FXGL Background Thread 1 ] DEBUG FXGLAssetLoaderServi - Loading from file system: jar:file:/C:/Users/Owner/.m2/repository/com/github/almasb/fxgl/17.3/fxgl-17.3.jar!/fxglassets/textures/particles/smoke.png
22:09:48.935 [FXGL Background Thread 1 ] DEBUG FXGLAssetLoaderServi - Loading from file system: jar:file:/C:/Users/Owner/.m2/repository/com/github/almasb/fxgl/17.3/fxgl-17.3.jar!/fxglassets/textures/particles/trace_horizontal.png
22:09:49.059 [FXGL Background Thread 1 ] DEBUG GameApplicationServi - Application scenes initialized
22:09:49.098 [FXGL Background Thread 1 ] DEBUG SystemBundleService  - Loading FXGL system data
22:09:49.131 [FXGL Background Thread 1 ] DEBUG FileSystemAccess     - Reading from: C:\Users\Owner\Desktop\Sonic-rush\system\fxgl.bundle
22:09:49.158 [FXGL Background Thread 1 ] DEBUG SystemBundleService  - Bundle FXGL: {}
22:09:49.158 [FXGL Background Thread 1 ] DEBUG UpdaterService       - Checking for updates
22:09:49.196 [FXGL Background Thread 1 ] DEBUG FXGLApplication      - Loading default localization
22:09:49.199 [FXGL Background Thread 1 ] DEBUG FXGLAssetLoaderServi - Loading from file system: jar:file:/C:/Users/Owner/.m2/repository/com/github/almasb/fxgl/17.3/fxgl-17.3.jar!/fxglassets/languages/english.lang
22:09:49.263 [FXGL Background Thread 4 ] DEBUG FXGLApplication      - Loading fonts
22:09:49.265 [FXGL Background Thread 4 ] DEBUG FXGLAssetLoaderServi - Loading from file system: jar:file:/C:/Users/Owner/.m2/repository/com/github/almasb/fxgl/17.3/fxgl-17.3.jar!/fxglassets/ui/fonts/VarelaRound-Regular.ttf
22:09:49.324 [FXGL Background Thread 1 ] INFO  FXGLApplication      - FXGL initialization took: 2.318 sec
22:09:49.428 [JavaFX Application Thread] DEBUG Input                - Registered new binding: Mover a la izquierda - A
22:09:49.430 [JavaFX Application Thread] DEBUG Input                - Registered new binding: Mover a la derecha - D
22:09:49.431 [JavaFX Application Thread] DEBUG Input                - Registered new binding: Saltar - W
22:09:49.433 [JavaFX Application Thread] DEBUG Input                - Registered new binding: Interactuar - E
22:09:49.433 [JavaFX Application Thread] DEBUG Input                - Registered new binding: Desactivar filtro - L
22:09:49.434 [JavaFX Application Thread] DEBUG FXGLAssetLoaderServi - Loading from file system: jar:file:/C:/Users/Owner/.m2/repository/com/github/almasb/fxgl/17.3/fxgl-17.3.jar!/fxglassets/textures/fxgl_icon.png
22:09:49.504 [JavaFX Application Thread] DEBUG FXGLAssetLoaderServi - Loading from file system: jar:file:/C:/Users/Owner/.m2/repository/com/github/almasb/fxgl/17.3/fxgl-17.3.jar!/fxglassets/textures/fxgl_default_cursor.png
22:09:49.508 [JavaFX Application Thread] DEBUG Input                - Registered new binding: Screenshot - CTRL+8
22:09:49.509 [JavaFX Application Thread] DEBUG Input                - Registered new binding: System info dump - CTRL+9
22:09:49.510 [JavaFX Application Thread] DEBUG Input                - Registered new binding: Restart - CTRL+R
22:09:49.553 [JavaFX Application Thread] DEBUG Input                - Registered new binding: Toggle Debug Camera - CTRL+7
22:09:49.575 [JavaFX Application Thread] DEBUG LoopRunner           - Starting loop
22:09:49.577 [JavaFX Application Thread] DEBUG LoopRunner           - Initializing JavaFX AnimationTimerLoop
22:09:49.587 [JavaFX Application Thread] DEBUG GameApplicationServi - Starting new game
22:09:49.590 [JavaFX Application Thread] DEBUG Input                - Clearing active input actions
22:09:49.639 [JavaFX Application Thread] DEBUG GameApplicationServi - Removing overlay from FXGLStartupScene and adding to FXGLLoadingScene
22:09:49.640 [JavaFX Application Thread] DEBUG PrimaryStageWindow   - FXGLStartupScene -> FXGLLoadingScene
22:09:49.640 [JavaFX Application Thread] DEBUG GameApplicationServi - Clearing previous game
22:09:49.640 [JavaFX Application Thread] DEBUG GameScene            - Clearing game scene
22:09:49.641 [JavaFX Application Thread] DEBUG GameWorld            - Clearing game world
22:09:49.641 [JavaFX Application Thread] DEBUG PhysicsWorld         - Clearing physics world
22:09:49.646 [FXGL Background Thread 1 ] DEBUG FXGLApplication      - Initializing game
22:09:49.687 [FXGL Background Thread 1 ] DEBUG FXGLAssetLoaderServi - Loading from file system: file:/C:/Users/Owner/Desktop/Sonic-rush/target/classes/assets/music/OST2.mp3
22:09:50.617 [FXGL Background Thread 4 ] DEBUG FXGLAssetLoaderServi - Loading from file system: jar:file:/C:/Users/Owner/.m2/repository/com/github/almasb/fxgl/17.3/fxgl-17.3.jar!/fxglassets/ui/fonts/Abel-Regular.ttf
22:09:50.637 [FXGL Background Thread 4 ] DEBUG FXGLAssetLoaderServi - Loading from file system: jar:file:/C:/Users/Owner/.m2/repository/com/github/almasb/fxgl/17.3/fxgl-17.3.jar!/fxglassets/ui/fonts/TerminalLandMono-Regular.otf
22:09:50.646 [FXGL Background Thread 4 ] DEBUG FXGLAssetLoaderServi - Loading from file system: jar:file:/C:/Users/Owner/.m2/repository/com/github/almasb/fxgl/17.3/fxgl-17.3.jar!/fxglassets/ui/fonts/Courier-Prime.ttf
22:09:50.679 [JavaFX Application Thread] DEBUG FXGLApplication      - Registering font factories with UI factory
22:09:51.848 [FXGL Background Thread 1 ] DEBUG AudioPlayer          - Playing music com.almasb.fxgl.audio.Music@cbaf76b
22:09:51.848 [FXGL Background Thread 2 ] INFO  UpdaterService       - Your current version:  17.3
22:09:51.866 [FXGL Background Thread 1 ] INFO  FXGLApplication      - Game initialization took: 2.219 sec
22:09:52.089 [FXGL Background Thread 2 ] INFO  UpdaterService       - Latest stable version: 21.1
22:09:52.224 [FXGL Background Thread 3 ] DEBUG Engine               - Logging environment variables
22:09:52.227 [FXGL Background Thread 3 ] DEBUG Engine               - achievements: []
22:09:52.228 [FXGL Background Thread 3 ] DEBUG Engine               - actualHeight: 600.0
22:09:52.228 [FXGL Background Thread 3 ] DEBUG Engine               - actualHeightProperty: ReadOnlyDoubleProperty [value: 600.0]
22:09:52.228 [FXGL Background Thread 3 ] DEBUG Engine               - actualWidth: 1000.0
22:09:52.229 [FXGL Background Thread 3 ] DEBUG Engine               - actualWidthProperty: ReadOnlyDoubleProperty [value: 1000.0]
22:09:52.229 [FXGL Background Thread 3 ] DEBUG Engine               - appIcon: fxgl_icon.png
22:09:52.229 [FXGL Background Thread 3 ] DEBUG Engine               - applicationMode: DEVELOPER
22:09:52.229 [FXGL Background Thread 3 ] DEBUG Engine               - cSSList: [fxgl_dark.css]
22:09:52.229 [FXGL Background Thread 3 ] DEBUG Engine               - collisionDetectionStrategy: BRUTE_FORCE
22:09:52.229 [FXGL Background Thread 3 ] DEBUG Engine               - configClass: Optional.empty
22:09:52.230 [FXGL Background Thread 3 ] DEBUG Engine               - credits: []
22:09:52.230 [FXGL Background Thread 3 ] DEBUG Engine               - defaultCursor: CursorInfo(imageName=fxgl_default_cursor.png, hotspotX=7.0, hotspotY=6.0)
22:09:52.230 [FXGL Background Thread 3 ] DEBUG Engine               - devBBoxColorProperty: ObjectProperty [value: 0xff0000ff]
22:09:52.231 [FXGL Background Thread 3 ] DEBUG Engine               - devEnableDebugCameraProperty: BooleanProperty [value: false]
22:09:52.231 [FXGL Background Thread 3 ] DEBUG Engine               - devSensorColorProperty: ObjectProperty [value: 0xffff00ff]
22:09:52.231 [FXGL Background Thread 3 ] DEBUG Engine               - devShowBBoxProperty: BooleanProperty [value: false]
22:09:52.231 [FXGL Background Thread 3 ] DEBUG Engine               - devShowPositionProperty: BooleanProperty [value: false]
22:09:52.231 [FXGL Background Thread 3 ] DEBUG Engine               - enabledMenuItems: []
22:09:52.231 [FXGL Background Thread 3 ] DEBUG Engine               - engineServices: [class com.almasb.fxgl.app.services.FXGLAssetLoaderService, class com.almasb.fxgl.app.FXGLApplication$GameApplicationService, class com.almasb.fxgl.app.services.FXGLDialogService, class com.almasb.fxgl.app.services.IOTaskExecutorService, class com.almasb.fxgl.io.FileSystemService, class com.almasb.fxgl.localization.LocalizationService, class com.almasb.fxgl.app.services.SystemBundleService, class com.almasb.fxgl.profile.SaveLoadService, class com.almasb.fxgl.ui.FXGLUIFactoryServiceProvider, class com.almasb.fxgl.ui.FXGLDialogFactoryServiceProvider, class com.almasb.fxgl.audio.AudioPlayer, class com.almasb.fxgl.notification.impl.NotificationServiceProvider, class com.almasb.fxgl.achievement.AchievementService, class com.almasb.fxgl.cutscene.CutsceneService, class com.almasb.fxgl.minigames.MiniGameService, class com.almasb.fxgl.net.NetService, class com.almasb.fxgl.app.services.UpdaterService, class com.almasb.fxgl.dev.DevService, class com.almasb.fxgl.multiplayer.MultiplayerService]
22:09:52.232 [FXGL Background Thread 3 ] DEBUG Engine               - fontGame: Abel-Regular.ttf
22:09:52.233 [FXGL Background Thread 3 ] DEBUG Engine               - fontMono: TerminalLandMono-Regular.otf
22:09:52.233 [FXGL Background Thread 3 ] DEBUG Engine               - fontSizeScaleUI: 1.0
22:09:52.233 [FXGL Background Thread 3 ] DEBUG Engine               - fontText: Courier-Prime.ttf
22:09:52.233 [FXGL Background Thread 3 ] DEBUG Engine               - fontUI: VarelaRound-Regular.ttf
22:09:52.233 [FXGL Background Thread 3 ] DEBUG Engine               - fullScreen: BooleanProperty [value: false]
22:09:52.233 [FXGL Background Thread 3 ] DEBUG Engine               - gameDifficulty: MEDIUM
22:09:52.233 [FXGL Background Thread 3 ] DEBUG Engine               - gameDifficultyProperty: ObjectProperty [value: MEDIUM]
22:09:52.233 [FXGL Background Thread 3 ] DEBUG Engine               - globalMusicVolume: 0.5
22:09:52.234 [FXGL Background Thread 3 ] DEBUG Engine               - globalMusicVolumeProperty: DoubleProperty [value: 0.5]
22:09:52.234 [FXGL Background Thread 3 ] DEBUG Engine               - globalSoundVolume: 0.5
22:09:52.234 [FXGL Background Thread 3 ] DEBUG Engine               - globalSoundVolumeProperty: DoubleProperty [value: 0.5]
22:09:52.234 [FXGL Background Thread 3 ] DEBUG Engine               - height: 600
22:09:52.234 [FXGL Background Thread 3 ] DEBUG Engine               - is3D: false
22:09:52.234 [FXGL Background Thread 3 ] DEBUG Engine               - isAndroid: false
22:09:52.234 [FXGL Background Thread 3 ] DEBUG Engine               - isBrowser: false
22:09:52.234 [FXGL Background Thread 3 ] DEBUG Engine               - isClickFeedbackEnabled: false
22:09:52.234 [FXGL Background Thread 3 ] DEBUG Engine               - isCloseConfirmation: false
22:09:52.235 [FXGL Background Thread 3 ] DEBUG Engine               - isDesktop: true
22:09:52.235 [FXGL Background Thread 3 ] DEBUG Engine               - isDeveloperMenuEnabled: false
22:09:52.235 [FXGL Background Thread 3 ] DEBUG Engine               - isEmbedded: false
22:09:52.235 [FXGL Background Thread 3 ] DEBUG Engine               - isEntityPreloadEnabled: true
22:09:52.235 [FXGL Background Thread 3 ] DEBUG Engine               - isExperimentalTiledLargeMap: false
22:09:52.235 [FXGL Background Thread 3 ] DEBUG Engine               - isFileSystemWriteAllowed: true
22:09:52.235 [FXGL Background Thread 3 ] DEBUG Engine               - isFullScreenAllowed: false
22:09:52.235 [FXGL Background Thread 3 ] DEBUG Engine               - isFullScreenFromStart: false
22:09:52.235 [FXGL Background Thread 3 ] DEBUG Engine               - isGameMenuEnabled: true
22:09:52.235 [FXGL Background Thread 3 ] DEBUG Engine               - isIOS: false
22:09:52.236 [FXGL Background Thread 3 ] DEBUG Engine               - isIntroEnabled: false
22:09:52.236 [FXGL Background Thread 3 ] DEBUG Engine               - isLinux: false
22:09:52.236 [FXGL Background Thread 3 ] DEBUG Engine               - isMac: false
22:09:52.236 [FXGL Background Thread 3 ] DEBUG Engine               - isMainMenuEnabled: false
22:09:52.236 [FXGL Background Thread 3 ] DEBUG Engine               - isManualResizeEnabled: false
22:09:52.237 [FXGL Background Thread 3 ] DEBUG Engine               - isMobile: false
22:09:52.237 [FXGL Background Thread 3 ] DEBUG Engine               - isNative: false
22:09:52.237 [FXGL Background Thread 3 ] DEBUG Engine               - isPauseMusicWhenMinimized: true
22:09:52.237 [FXGL Background Thread 3 ] DEBUG Engine               - isPreserveResizeRatio: false
22:09:52.237 [FXGL Background Thread 3 ] DEBUG Engine               - isProfilingEnabled: false
22:09:52.237 [FXGL Background Thread 3 ] DEBUG Engine               - isScaleAffectedOnResize: true
22:09:52.237 [FXGL Background Thread 3 ] DEBUG Engine               - isSingleStep: false
22:09:52.237 [FXGL Background Thread 3 ] DEBUG Engine               - isUserProfileEnabled: false
22:09:52.237 [FXGL Background Thread 3 ] DEBUG Engine               - isWindows: true
22:09:52.237 [FXGL Background Thread 3 ] DEBUG Engine               - language: ObjectProperty [value: ENGLISH]
22:09:52.237 [FXGL Background Thread 3 ] DEBUG Engine               - menuKey: ESCAPE
22:09:52.238 [FXGL Background Thread 3 ] DEBUG Engine               - mouseSensitivity: 0.2
22:09:52.238 [FXGL Background Thread 3 ] DEBUG Engine               - notificationViewClass: class com.almasb.fxgl.notification.view.XboxNotificationView
22:09:52.238 [FXGL Background Thread 3 ] DEBUG Engine               - pixelsPerMeter: 50.0
22:09:52.238 [FXGL Background Thread 3 ] DEBUG Engine               - platform: WINDOWS
22:09:52.238 [FXGL Background Thread 3 ] DEBUG Engine               - prefHeightProperty: ReadOnlyDoubleProperty [value: 600.0]
22:09:52.238 [FXGL Background Thread 3 ] DEBUG Engine               - prefWidthProperty: ReadOnlyDoubleProperty [value: 1000.0]
22:09:52.238 [FXGL Background Thread 3 ] DEBUG Engine               - profileDir: profiles/
22:09:52.238 [FXGL Background Thread 3 ] DEBUG Engine               - profileName: StringProperty [value: DEFAULT]
22:09:52.238 [FXGL Background Thread 3 ] DEBUG Engine               - randomSeed: -1
22:09:52.239 [FXGL Background Thread 3 ] DEBUG Engine               - runtimeInfo: RuntimeInfo(platform=WINDOWS, version=17.3, build=30.03.2023 11.49)
22:09:52.239 [FXGL Background Thread 3 ] DEBUG Engine               - saveFileExt: sav
22:09:52.241 [FXGL Background Thread 3 ] DEBUG Engine               - scaledHeightProp$fxgl: DoubleProperty [bound, value: 600.0]
22:09:52.243 [FXGL Background Thread 3 ] DEBUG Engine               - scaledWidthProp$fxgl: DoubleProperty [bound, value: 1000.0]
22:09:52.244 [FXGL Background Thread 3 ] DEBUG Engine               - sceneFactory: com.almasb.fxgl.app.scene.SceneFactory@3120f8b1
22:09:52.244 [FXGL Background Thread 3 ] DEBUG Engine               - secondsIn24h: 60
22:09:52.244 [FXGL Background Thread 3 ] DEBUG Engine               - soundMenuBack: menu/back.wav
22:09:52.244 [FXGL Background Thread 3 ] DEBUG Engine               - soundMenuPress: menu/press.wav
22:09:52.244 [FXGL Background Thread 3 ] DEBUG Engine               - soundMenuSelect: menu/select.wav
22:09:52.244 [FXGL Background Thread 3 ] DEBUG Engine               - soundNotification: core/notification.wav
22:09:52.244 [FXGL Background Thread 3 ] DEBUG Engine               - stageStyle: DECORATED
22:09:52.244 [FXGL Background Thread 3 ] DEBUG Engine               - supportedLanguages: [ENGLISH, FRENCH, GERMAN, HUNGARIAN, RUSSIAN]
22:09:52.245 [FXGL Background Thread 3 ] DEBUG Engine               - ticksPerSecond: -1
22:09:52.245 [FXGL Background Thread 3 ] DEBUG Engine               - title: Jugador Sonic
22:09:52.245 [FXGL Background Thread 3 ] DEBUG Engine               - urlGithub: https://github.com/AlmasB/FXGL
22:09:52.245 [FXGL Background Thread 3 ] DEBUG Engine               - urlLeaderboard: http://fxgl-top.herokuapp.com/
22:09:52.245 [FXGL Background Thread 3 ] DEBUG Engine               - urlPOM: https://raw.githubusercontent.com/AlmasB/FXGL/release/README.md
22:09:52.245 [FXGL Background Thread 3 ] DEBUG Engine               - userAppClass: class Runner.ClientRunner
22:09:52.245 [FXGL Background Thread 3 ] DEBUG Engine               - version: 0.0
22:09:52.245 [FXGL Background Thread 3 ] DEBUG Engine               - versionCheckDays: 7
22:09:52.245 [FXGL Background Thread 3 ] DEBUG Engine               - width: 1000
22:09:52.245 [FXGL Background Thread 3 ] DEBUG Engine               - Logging services
22:09:52.246 [FXGL Background Thread 3 ] DEBUG Engine               - class com.almasb.fxgl.app.services.FXGLAssetLoaderService
22:09:52.246 [FXGL Background Thread 3 ] DEBUG Engine               - class com.almasb.fxgl.app.FXGLApplication$GameApplicationService
22:09:52.246 [FXGL Background Thread 3 ] DEBUG Engine               - class com.almasb.fxgl.app.services.FXGLDialogService
22:09:52.246 [FXGL Background Thread 3 ] DEBUG Engine               - class com.almasb.fxgl.app.services.IOTaskExecutorService
22:09:52.246 [FXGL Background Thread 3 ] DEBUG Engine               - class com.almasb.fxgl.io.FileSystemService
22:09:52.246 [FXGL Background Thread 3 ] DEBUG Engine               - class com.almasb.fxgl.localization.LocalizationService
22:09:52.246 [FXGL Background Thread 3 ] DEBUG Engine               - class com.almasb.fxgl.app.services.SystemBundleService
22:09:52.246 [FXGL Background Thread 3 ] DEBUG Engine               - class com.almasb.fxgl.profile.SaveLoadService
22:09:52.246 [FXGL Background Thread 3 ] DEBUG Engine               - class com.almasb.fxgl.ui.FXGLUIFactoryServiceProvider
22:09:52.247 [FXGL Background Thread 3 ] DEBUG Engine               - class com.almasb.fxgl.ui.FXGLDialogFactoryServiceProvider
22:09:52.247 [FXGL Background Thread 3 ] DEBUG Engine               - class com.almasb.fxgl.audio.AudioPlayer
22:09:52.247 [FXGL Background Thread 3 ] DEBUG Engine               - class com.almasb.fxgl.notification.impl.NotificationServiceProvider
22:09:52.247 [FXGL Background Thread 3 ] DEBUG Engine               - class com.almasb.fxgl.achievement.AchievementService
22:09:52.247 [FXGL Background Thread 3 ] DEBUG Engine               - class com.almasb.fxgl.cutscene.CutsceneService
22:09:52.247 [FXGL Background Thread 3 ] DEBUG Engine               - class com.almasb.fxgl.minigames.MiniGameService
22:09:52.247 [FXGL Background Thread 3 ] DEBUG Engine               - class com.almasb.fxgl.net.NetService
22:09:52.247 [FXGL Background Thread 3 ] DEBUG Engine               - class com.almasb.fxgl.app.services.UpdaterService
22:09:52.247 [FXGL Background Thread 3 ] DEBUG Engine               - class com.almasb.fxgl.dev.DevService
22:09:52.247 [FXGL Background Thread 3 ] DEBUG Engine               - class com.almasb.fxgl.multiplayer.MultiplayerService
22:09:52.317 [JavaFX Application Thread] DEBUG Input                - Clearing active input actions
22:09:52.362 [JavaFX Application Thread] DEBUG GameApplicationServi - Removing overlay from FXGLLoadingScene and adding to GameScene
22:09:52.362 [JavaFX Application Thread] DEBUG PrimaryStageWindow   - FXGLLoadingScene -> GameScene
22:10:05.204 [JavaFX Application Thread] DEBUG FXGLAssetLoaderServi - Loading from file system: file:/C:/Users/Owner/Desktop/Sonic-rush/target/classes/assets/textures/fondo.png
22:10:06.019 [JavaFX Application Thread] WARN  TMXLevelLoader       - TiledMap generated from 1.11.2. Supported version: 1.9.0. Some features may not be parsed fully.
22:10:06.164 [JavaFX Application Thread] DEBUG TMXLevelLoader       - Parsed TiledMap: file:/C:/Users/Owner/Desktop/Sonic-rush/target/classes/assets/levels/mapazo.tmx
22:10:06.169 [JavaFX Application Thread] DEBUG TMXLevelLoader       - Creating tile layer entities
22:10:06.182 [JavaFX Application Thread] DEBUG TilesetLoader        - Loading view for layer Capa de patrones 1
22:10:06.210 [JavaFX Application Thread] DEBUG TilesetLoader        - Created buffer with size 3840.0x720.0
22:10:06.326 [JavaFX Application Thread] DEBUG TMXLevelLoader       - Creating object layer entities
22:10:06.501 [JavaFX Application Thread] DEBUG GameWorld            - Clearing removable entities
22:10:06.536 [JavaFX Application Thread] DEBUG GameWorld            - Setting level: com.almasb.fxgl.entity.level.Level@16b48f9b
22:10:06.673 [ClientAsyncConnThread    ] DEBUG TCPClient            - Connecting to 127.0.0.1:50000 type: class com.almasb.fxgl.core.serialization.Bundle
22:10:06.678 [ClientAsyncConnThread    ] DEBUG TCPClient            - Created socket to 127.0.0.1:50000
22:10:06.698 [ClientAsyncConnThread    ] DEBUG Endpoint             - TCPClient opening new connection (1) from /127.0.0.1:50000 type: class com.almasb.fxgl.core.serialization.Bundle
22:10:06.703 [ClientAsyncConnThread    ] DEBUG Endpoint             - TCPClient successfully opened connection (1)
22:10:06.814 [TCPClient_SendThread-1   ] DEBUG Writers              - Getting TCPMessageWriter for class com.almasb.fxgl.core.serialization.Bundle
22:10:06.827 [TCPClient_SendThread-1   ] DEBUG Writers              - Constructed TCPMessageWriter for class com.almasb.fxgl.core.serialization.Bundle: BundleTCPMessageWriter
22:10:06.888 [TCPClient_RecvThread-1   ] DEBUG Readers              - Getting TCPMessageReader for class com.almasb.fxgl.core.serialization.Bundle
22:10:06.959 [TCPClient_RecvThread-1   ] DEBUG Readers              - Constructed MessageReader for class com.almasb.fxgl.core.serialization.Bundle: BundleTCPMessageReader
22:10:07.203 [JavaFX Application Thread] DEBUG FXGLAssetLoaderServi - Loading from file system: file:/C:/Users/Owner/Desktop/Sonic-rush/target/classes/assets/textures/Items/ring.png
22:10:07.579 [JavaFX Application Thread] DEBUG FXGLAssetLoaderServi - Loading from file system: file:/C:/Users/Owner/Desktop/Sonic-rush/target/classes/assets/textures/Items/basura.png
22:10:07.594 [JavaFX Application Thread] DEBUG FXGLAssetLoaderServi - Loading from file system: file:/C:/Users/Owner/Desktop/Sonic-rush/target/classes/assets/textures/Items/caucho.png
22:10:07.612 [JavaFX Application Thread] DEBUG FXGLAssetLoaderServi - Loading from file system: file:/C:/Users/Owner/Desktop/Sonic-rush/target/classes/assets/textures/Items/papel.png
22:10:07.646 [JavaFX Application Thread] DEBUG FXGLAssetLoaderServi - Loading from file system: file:/C:/Users/Owner/Desktop/Sonic-rush/target/classes/assets/textures/Enemigos/enemigo2.png
22:10:07.692 [JavaFX Application Thread] DEBUG FXGLAssetLoaderServi - Loading from file system: file:/C:/Users/Owner/Desktop/Sonic-rush/target/classes/assets/textures/Personajes/sonic.png
22:10:07.699 [JavaFX Application Thread] DEBUG FXGLAssetLoaderServi - Loading from file system: file:/C:/Users/Owner/Desktop/Sonic-rush/target/classes/assets/textures/Personajes/sonic_camina.png
22:10:07.701 [JavaFX Application Thread] DEBUG FXGLAssetLoaderServi - Loading from file system: file:/C:/Users/Owner/Desktop/Sonic-rush/target/classes/assets/textures/Personajes/super_idle.png
22:10:07.703 [JavaFX Application Thread] DEBUG FXGLAssetLoaderServi - Loading from file system: file:/C:/Users/Owner/Desktop/Sonic-rush/target/classes/assets/textures/Personajes/super_sonic.png
22:10:16.421 [JavaFX Application Thread] DEBUG FXGLAssetLoaderServi - Loading from file system: file:/C:/Users/Owner/Desktop/Sonic-rush/target/classes/assets/sounds/salto.wav
22:10:20.564 [JavaFX Application Thread] DEBUG FXGLAssetLoaderServi - Loading from file system: file:/C:/Users/Owner/Desktop/Sonic-rush/target/classes/assets/sounds/muerte.wav
22:10:33.550 [JavaFX Application Thread] DEBUG FXGLApplication      - Exiting FXGL
22:10:33.550 [JavaFX Application Thread] DEBUG LoopRunner           - Stopping loop
22:10:33.550 [JavaFX Application Thread] DEBUG SystemBundleService  - Saving FXGL system data
22:10:33.553 [JavaFX Application Thread] DEBUG FileSystemAccess     - Writing to: C:\Users\Owner\Desktop\Sonic-rush\system\fxgl.bundle
22:10:33.555 [JavaFX Application Thread] DEBUG Async                - Shutting down background threads
22:10:33.555 [JavaFX Application Thread] DEBUG PrimaryStageWindow   - Closing main window
22:10:33.596 [JavaFX Application Thread] DEBUG Logger               - Closing Logger
