22:53:22.354 [main                     ] DEBUG Logger               - Configured Logger
22:53:22.396 [main                     ] DEBUG GameApplication      - Logging settings
Title: Jugador Sonic
Version: 0.0
Width: 1000
Height: 600
Fullscreen: false
Intro: false
Profiling: false
Single step:false
App Mode: DEVELOPER
Menu Key: ESCAPE
Stage Style: DECORATED
Scene Factory: class com.almasb.fxgl.app.scene.SceneFactory

22:53:23.136 [JavaFX Application Thread] DEBUG FXGLApplication      - Initializing FXGL
22:53:23.144 [JavaFX Application Thread] INFO  Engine               - FXGL-17.3 (30.03.2023 11.49) on WINDOWS (J:21.0.7 FX:20)
22:53:23.145 [JavaFX Application Thread] DEBUG Engine               - JRE Vendor Name: Eclipse Adoptium
22:53:23.145 [JavaFX Application Thread] DEBUG Engine               - Running on OS: Windows 10 version 10.0
22:53:23.145 [JavaFX Application Thread] DEBUG Engine               - Architecture: amd64
22:53:23.146 [JavaFX Application Thread] INFO  Engine               - Source code and latest versions at: https://github.com/AlmasB/FXGL
22:53:23.146 [JavaFX Application Thread] INFO  Engine               -       Ask questions and discuss at: https://github.com/AlmasB/FXGL/discussions
22:53:23.147 [JavaFX Application Thread] INFO  Engine               -              Join the FXGL chat at: https://gitter.im/AlmasB/FXGL
22:53:23.386 [JavaFX Application Thread] DEBUG PrimaryStageWindow   - Creating a JavaFX scene
22:53:23.502 [JavaFX Application Thread] DEBUG PrimaryStageWindow   - Target settings size: 1000.0 x 600.0
22:53:23.503 [JavaFX Application Thread] DEBUG PrimaryStageWindow   - Scaled scene size:    1000.0 x 600.0
22:53:23.503 [JavaFX Application Thread] DEBUG PrimaryStageWindow   - Scaled ratio: (1.0, 1.0)
22:53:23.505 [JavaFX Application Thread] DEBUG PrimaryStageWindow   - Set initial scene to FXGLStartupScene
22:53:23.511 [JavaFX Application Thread] DEBUG PrimaryStageWindow   - Opening main window
22:53:23.667 [JavaFX Application Thread] DEBUG PrimaryStageWindow   - Window border size: (16.0, 39.0)
22:53:23.668 [JavaFX Application Thread] DEBUG PrimaryStageWindow   - Scaled size: 1000.0 x 600.0
22:53:23.668 [JavaFX Application Thread] DEBUG PrimaryStageWindow   - Scaled ratio: (1.0, 1.0)
22:53:23.668 [JavaFX Application Thread] DEBUG PrimaryStageWindow   - Scene size: 1000.0 x 600.0
22:53:23.669 [JavaFX Application Thread] DEBUG PrimaryStageWindow   - Stage size: 1016.0 x 639.0
22:53:23.683 [FXGL Background Thread 1 ] DEBUG Engine               - Initializing environment variables
22:53:23.773 [FXGL Background Thread 1 ] DEBUG FXGLAssetLoaderServi - User app class for loading assets: class Runner.ClientRunner
22:53:23.774 [FXGL Background Thread 1 ] DEBUG GameApplicationServi - Applying CSS: fxgl_dark.css
22:53:23.775 [FXGL Background Thread 1 ] DEBUG FXGLAssetLoaderServi - Loading from file system: jar:file:/C:/Users/Daniel/.m2/repository/com/github/almasb/fxgl/17.3/fxgl-17.3.jar!/fxglassets/ui/css/fxgl_dark.css
22:53:23.858 [FXGL Background Thread 1 ] DEBUG GameApplicationServi - Initializing application scenes
22:53:23.922 [FXGL Background Thread 1 ] DEBUG GameWorld            - Game world initialized
22:53:24.047 [FXGL Background Thread 1 ] DEBUG PhysicsWorld         - Physics world initialized: appHeight=600, physics.ppm=50,0
22:53:24.047 [FXGL Background Thread 1 ] DEBUG PhysicsWorld         - Using strategy: BRUTE_FORCE
22:53:24.054 [FXGL Background Thread 1 ] DEBUG GameScene            - Game scene initialized: 1000x600
22:53:24.077 [FXGL Background Thread 1 ] DEBUG FXGL.DefaultMenu     - createMenuBodyGameMenu()
22:53:24.124 [FXGL Background Thread 1 ] DEBUG FXGL.DefaultMenu     - createOptionsMenu()
22:53:24.144 [FXGL Background Thread 1 ] DEBUG FXGLAssetLoaderServi - Loading from file system: jar:file:/C:/Users/Daniel/.m2/repository/com/github/almasb/fxgl/17.3/fxgl-17.3.jar!/fxglassets/textures/particles/smoke.png
22:53:24.321 [FXGL Background Thread 1 ] DEBUG FXGLAssetLoaderServi - Loading from file system: jar:file:/C:/Users/Daniel/.m2/repository/com/github/almasb/fxgl/17.3/fxgl-17.3.jar!/fxglassets/textures/particles/trace_horizontal.png
22:53:24.374 [FXGL Background Thread 1 ] DEBUG GameApplicationServi - Application scenes initialized
22:53:24.399 [FXGL Background Thread 1 ] DEBUG SystemBundleService  - Loading FXGL system data
22:53:24.407 [FXGL Background Thread 1 ] DEBUG FileSystemAccess     - Reading from: C:\Users\Daniel\Desktop\Colab\Nueva carpeta\Sonic-rush\system\fxgl.bundle
22:53:24.425 [FXGL Background Thread 1 ] DEBUG SystemBundleService  - Bundle FXGL: {}
22:53:24.425 [FXGL Background Thread 1 ] DEBUG UpdaterService       - Checking for updates
22:53:24.434 [FXGL Background Thread 4 ] DEBUG FXGLApplication      - Loading fonts
22:53:24.434 [FXGL Background Thread 1 ] DEBUG FXGLApplication      - Loading default localization
22:53:24.435 [FXGL Background Thread 4 ] DEBUG FXGLAssetLoaderServi - Loading from file system: jar:file:/C:/Users/Daniel/.m2/repository/com/github/almasb/fxgl/17.3/fxgl-17.3.jar!/fxglassets/ui/fonts/VarelaRound-Regular.ttf
22:53:24.435 [FXGL Background Thread 1 ] DEBUG FXGLAssetLoaderServi - Loading from file system: jar:file:/C:/Users/Daniel/.m2/repository/com/github/almasb/fxgl/17.3/fxgl-17.3.jar!/fxglassets/languages/english.lang
22:53:24.465 [FXGL Background Thread 1 ] INFO  FXGLApplication      - FXGL initialization took: 0,782 sec
22:53:24.481 [JavaFX Application Thread] DEBUG Input                - Registered new binding: Mover a la izquierda - A
22:53:24.482 [JavaFX Application Thread] DEBUG Input                - Registered new binding: Mover a la derecha - D
22:53:24.482 [JavaFX Application Thread] DEBUG Input                - Registered new binding: Saltar - W
22:53:24.482 [JavaFX Application Thread] DEBUG Input                - Registered new binding: Interactuar - E
22:53:24.482 [JavaFX Application Thread] DEBUG Input                - Registered new binding: Desactivar filtro - L
22:53:24.483 [JavaFX Application Thread] DEBUG FXGLAssetLoaderServi - Loading from file system: jar:file:/C:/Users/Daniel/.m2/repository/com/github/almasb/fxgl/17.3/fxgl-17.3.jar!/fxglassets/textures/fxgl_icon.png
22:53:24.529 [JavaFX Application Thread] DEBUG FXGLAssetLoaderServi - Loading from file system: jar:file:/C:/Users/Daniel/.m2/repository/com/github/almasb/fxgl/17.3/fxgl-17.3.jar!/fxglassets/textures/fxgl_default_cursor.png
22:53:24.533 [JavaFX Application Thread] DEBUG Input                - Registered new binding: Screenshot - CTRL+8
22:53:24.534 [JavaFX Application Thread] DEBUG Input                - Registered new binding: System info dump - CTRL+9
22:53:24.535 [JavaFX Application Thread] DEBUG Input                - Registered new binding: Restart - CTRL+R
22:53:24.536 [JavaFX Application Thread] DEBUG Input                - Registered new binding: Toggle Debug Camera - CTRL+7
22:53:24.537 [FXGL Background Thread 4 ] DEBUG FXGLAssetLoaderServi - Loading from file system: jar:file:/C:/Users/Daniel/.m2/repository/com/github/almasb/fxgl/17.3/fxgl-17.3.jar!/fxglassets/ui/fonts/Abel-Regular.ttf
22:53:24.540 [JavaFX Application Thread] DEBUG LoopRunner           - Starting loop
22:53:24.540 [JavaFX Application Thread] DEBUG LoopRunner           - Initializing JavaFX AnimationTimerLoop
22:53:24.544 [JavaFX Application Thread] DEBUG GameApplicationServi - Starting new game
22:53:24.545 [JavaFX Application Thread] DEBUG Input                - Clearing active input actions
22:53:24.559 [FXGL Background Thread 4 ] DEBUG FXGLAssetLoaderServi - Loading from file system: jar:file:/C:/Users/Daniel/.m2/repository/com/github/almasb/fxgl/17.3/fxgl-17.3.jar!/fxglassets/ui/fonts/TerminalLandMono-Regular.otf
22:53:24.563 [JavaFX Application Thread] DEBUG GameApplicationServi - Removing overlay from FXGLStartupScene and adding to FXGLLoadingScene
22:53:24.563 [JavaFX Application Thread] DEBUG PrimaryStageWindow   - FXGLStartupScene -> FXGLLoadingScene
22:53:24.563 [JavaFX Application Thread] DEBUG GameApplicationServi - Clearing previous game
22:53:24.563 [JavaFX Application Thread] DEBUG GameScene            - Clearing game scene
22:53:24.564 [JavaFX Application Thread] DEBUG GameWorld            - Clearing game world
22:53:24.564 [JavaFX Application Thread] DEBUG PhysicsWorld         - Clearing physics world
22:53:24.566 [FXGL Background Thread 1 ] DEBUG FXGLApplication      - Initializing game
22:53:24.582 [FXGL Background Thread 4 ] DEBUG FXGLAssetLoaderServi - Loading from file system: jar:file:/C:/Users/Daniel/.m2/repository/com/github/almasb/fxgl/17.3/fxgl-17.3.jar!/fxglassets/ui/fonts/Courier-Prime.ttf
22:53:24.585 [FXGL Background Thread 1 ] DEBUG FXGLAssetLoaderServi - Loading from file system: file:/C:/Users/Daniel/Desktop/Colab/Nueva%20carpeta/Sonic-rush/target/classes/assets/music/OST2.mp3
22:53:24.666 [JavaFX Application Thread] DEBUG FXGLApplication      - Registering font factories with UI factory
22:53:24.842 [FXGL Background Thread 1 ] DEBUG AudioPlayer          - Playing music com.almasb.fxgl.audio.Music@4c40cc53
22:53:24.857 [FXGL Background Thread 1 ] INFO  FXGLApplication      - Game initialization took: 0,290 sec
22:53:24.958 [JavaFX Application Thread] WARN  FXGLAssetLoaderServi - Asset "/assets/ui/fonts/PublicPixel.ttf" was not found!
22:53:24.959 [JavaFX Application Thread] WARN  FXGLAssetLoaderServi - Failed to load FONT
22:53:25.182 [JavaFX Application Thread] DEBUG Input                - Clearing active input actions
22:53:25.201 [JavaFX Application Thread] DEBUG GameApplicationServi - Removing overlay from FXGLLoadingScene and adding to GameScene
22:53:25.202 [JavaFX Application Thread] DEBUG PrimaryStageWindow   - FXGLLoadingScene -> GameScene
22:53:25.670 [FXGL Background Thread 2 ] INFO  UpdaterService       - Your current version:  17.3
22:53:25.671 [FXGL Background Thread 2 ] INFO  UpdaterService       - Latest stable version: 21.1
22:53:27.431 [FXGL Background Thread 3 ] DEBUG Engine               - Logging environment variables
22:53:27.432 [FXGL Background Thread 3 ] DEBUG Engine               - achievements: []
22:53:27.432 [FXGL Background Thread 3 ] DEBUG Engine               - actualHeight: 600.0
22:53:27.433 [FXGL Background Thread 3 ] DEBUG Engine               - actualHeightProperty: ReadOnlyDoubleProperty [value: 600.0]
22:53:27.433 [FXGL Background Thread 3 ] DEBUG Engine               - actualWidth: 1000.0
22:53:27.433 [FXGL Background Thread 3 ] DEBUG Engine               - actualWidthProperty: ReadOnlyDoubleProperty [value: 1000.0]
22:53:27.433 [FXGL Background Thread 3 ] DEBUG Engine               - appIcon: fxgl_icon.png
22:53:27.433 [FXGL Background Thread 3 ] DEBUG Engine               - applicationMode: DEVELOPER
22:53:27.433 [FXGL Background Thread 3 ] DEBUG Engine               - cSSList: [fxgl_dark.css]
22:53:27.433 [FXGL Background Thread 3 ] DEBUG Engine               - collisionDetectionStrategy: BRUTE_FORCE
22:53:27.433 [FXGL Background Thread 3 ] DEBUG Engine               - configClass: Optional.empty
22:53:27.433 [FXGL Background Thread 3 ] DEBUG Engine               - credits: []
22:53:27.434 [FXGL Background Thread 3 ] DEBUG Engine               - defaultCursor: CursorInfo(imageName=fxgl_default_cursor.png, hotspotX=7.0, hotspotY=6.0)
22:53:27.434 [FXGL Background Thread 3 ] DEBUG Engine               - devBBoxColorProperty: ObjectProperty [value: 0xff0000ff]
22:53:27.434 [FXGL Background Thread 3 ] DEBUG Engine               - devEnableDebugCameraProperty: BooleanProperty [value: false]
22:53:27.434 [FXGL Background Thread 3 ] DEBUG Engine               - devSensorColorProperty: ObjectProperty [value: 0xffff00ff]
22:53:27.434 [FXGL Background Thread 3 ] DEBUG Engine               - devShowBBoxProperty: BooleanProperty [value: false]
22:53:27.434 [FXGL Background Thread 3 ] DEBUG Engine               - devShowPositionProperty: BooleanProperty [value: false]
22:53:27.435 [FXGL Background Thread 3 ] DEBUG Engine               - enabledMenuItems: []
22:53:27.435 [FXGL Background Thread 3 ] DEBUG Engine               - engineServices: [class com.almasb.fxgl.app.services.FXGLAssetLoaderService, class com.almasb.fxgl.app.FXGLApplication$GameApplicationService, class com.almasb.fxgl.app.services.FXGLDialogService, class com.almasb.fxgl.app.services.IOTaskExecutorService, class com.almasb.fxgl.io.FileSystemService, class com.almasb.fxgl.localization.LocalizationService, class com.almasb.fxgl.app.services.SystemBundleService, class com.almasb.fxgl.profile.SaveLoadService, class com.almasb.fxgl.ui.FXGLUIFactoryServiceProvider, class com.almasb.fxgl.ui.FXGLDialogFactoryServiceProvider, class com.almasb.fxgl.audio.AudioPlayer, class com.almasb.fxgl.notification.impl.NotificationServiceProvider, class com.almasb.fxgl.achievement.AchievementService, class com.almasb.fxgl.cutscene.CutsceneService, class com.almasb.fxgl.minigames.MiniGameService, class com.almasb.fxgl.net.NetService, class com.almasb.fxgl.app.services.UpdaterService, class com.almasb.fxgl.dev.DevService, class com.almasb.fxgl.multiplayer.MultiplayerService]
22:53:27.435 [FXGL Background Thread 3 ] DEBUG Engine               - fontGame: Abel-Regular.ttf
22:53:27.435 [FXGL Background Thread 3 ] DEBUG Engine               - fontMono: TerminalLandMono-Regular.otf
22:53:27.435 [FXGL Background Thread 3 ] DEBUG Engine               - fontSizeScaleUI: 1.0
22:53:27.435 [FXGL Background Thread 3 ] DEBUG Engine               - fontText: Courier-Prime.ttf
22:53:27.435 [FXGL Background Thread 3 ] DEBUG Engine               - fontUI: VarelaRound-Regular.ttf
22:53:27.435 [FXGL Background Thread 3 ] DEBUG Engine               - fullScreen: BooleanProperty [value: false]
22:53:27.435 [FXGL Background Thread 3 ] DEBUG Engine               - gameDifficulty: MEDIUM
22:53:27.435 [FXGL Background Thread 3 ] DEBUG Engine               - gameDifficultyProperty: ObjectProperty [value: MEDIUM]
22:53:27.435 [FXGL Background Thread 3 ] DEBUG Engine               - globalMusicVolume: 0.5
22:53:27.436 [FXGL Background Thread 3 ] DEBUG Engine               - globalMusicVolumeProperty: DoubleProperty [value: 0.5]
22:53:27.436 [FXGL Background Thread 3 ] DEBUG Engine               - globalSoundVolume: 0.5
22:53:27.436 [FXGL Background Thread 3 ] DEBUG Engine               - globalSoundVolumeProperty: DoubleProperty [value: 0.5]
22:53:27.436 [FXGL Background Thread 3 ] DEBUG Engine               - height: 600
22:53:27.436 [FXGL Background Thread 3 ] DEBUG Engine               - is3D: false
22:53:27.436 [FXGL Background Thread 3 ] DEBUG Engine               - isAndroid: false
22:53:27.436 [FXGL Background Thread 3 ] DEBUG Engine               - isBrowser: false
22:53:27.436 [FXGL Background Thread 3 ] DEBUG Engine               - isClickFeedbackEnabled: false
22:53:27.436 [FXGL Background Thread 3 ] DEBUG Engine               - isCloseConfirmation: false
22:53:27.437 [FXGL Background Thread 3 ] DEBUG Engine               - isDesktop: true
22:53:27.437 [FXGL Background Thread 3 ] DEBUG Engine               - isDeveloperMenuEnabled: false
22:53:27.437 [FXGL Background Thread 3 ] DEBUG Engine               - isEmbedded: false
22:53:27.437 [FXGL Background Thread 3 ] DEBUG Engine               - isEntityPreloadEnabled: true
22:53:27.437 [FXGL Background Thread 3 ] DEBUG Engine               - isExperimentalTiledLargeMap: false
22:53:27.437 [FXGL Background Thread 3 ] DEBUG Engine               - isFileSystemWriteAllowed: true
22:53:27.437 [FXGL Background Thread 3 ] DEBUG Engine               - isFullScreenAllowed: false
22:53:27.437 [FXGL Background Thread 3 ] DEBUG Engine               - isFullScreenFromStart: false
22:53:27.437 [FXGL Background Thread 3 ] DEBUG Engine               - isGameMenuEnabled: true
22:53:27.437 [FXGL Background Thread 3 ] DEBUG Engine               - isIOS: false
22:53:27.438 [FXGL Background Thread 3 ] DEBUG Engine               - isIntroEnabled: false
22:53:27.438 [FXGL Background Thread 3 ] DEBUG Engine               - isLinux: false
22:53:27.438 [FXGL Background Thread 3 ] DEBUG Engine               - isMac: false
22:53:27.438 [FXGL Background Thread 3 ] DEBUG Engine               - isMainMenuEnabled: false
22:53:27.438 [FXGL Background Thread 3 ] DEBUG Engine               - isManualResizeEnabled: false
22:53:27.438 [FXGL Background Thread 3 ] DEBUG Engine               - isMobile: false
22:53:27.438 [FXGL Background Thread 3 ] DEBUG Engine               - isNative: false
22:53:27.438 [FXGL Background Thread 3 ] DEBUG Engine               - isPauseMusicWhenMinimized: true
22:53:27.438 [FXGL Background Thread 3 ] DEBUG Engine               - isPreserveResizeRatio: false
22:53:27.438 [FXGL Background Thread 3 ] DEBUG Engine               - isProfilingEnabled: false
22:53:27.438 [FXGL Background Thread 3 ] DEBUG Engine               - isScaleAffectedOnResize: true
22:53:27.438 [FXGL Background Thread 3 ] DEBUG Engine               - isSingleStep: false
22:53:27.438 [FXGL Background Thread 3 ] DEBUG Engine               - isUserProfileEnabled: false
22:53:27.438 [FXGL Background Thread 3 ] DEBUG Engine               - isWindows: true
22:53:27.438 [FXGL Background Thread 3 ] DEBUG Engine               - language: ObjectProperty [value: ENGLISH]
22:53:27.439 [FXGL Background Thread 3 ] DEBUG Engine               - menuKey: ESCAPE
22:53:27.439 [FXGL Background Thread 3 ] DEBUG Engine               - mouseSensitivity: 0.2
22:53:27.439 [FXGL Background Thread 3 ] DEBUG Engine               - notificationViewClass: class com.almasb.fxgl.notification.view.XboxNotificationView
22:53:27.439 [FXGL Background Thread 3 ] DEBUG Engine               - pixelsPerMeter: 50.0
22:53:27.439 [FXGL Background Thread 3 ] DEBUG Engine               - platform: WINDOWS
22:53:27.439 [FXGL Background Thread 3 ] DEBUG Engine               - prefHeightProperty: ReadOnlyDoubleProperty [value: 600.0]
22:53:27.439 [FXGL Background Thread 3 ] DEBUG Engine               - prefWidthProperty: ReadOnlyDoubleProperty [value: 1000.0]
22:53:27.439 [FXGL Background Thread 3 ] DEBUG Engine               - profileDir: profiles/
22:53:27.439 [FXGL Background Thread 3 ] DEBUG Engine               - profileName: StringProperty [value: DEFAULT]
22:53:27.439 [FXGL Background Thread 3 ] DEBUG Engine               - randomSeed: -1
22:53:27.440 [FXGL Background Thread 3 ] DEBUG Engine               - runtimeInfo: RuntimeInfo(platform=WINDOWS, version=17.3, build=30.03.2023 11.49)
22:53:27.440 [FXGL Background Thread 3 ] DEBUG Engine               - saveFileExt: sav
22:53:27.440 [FXGL Background Thread 3 ] DEBUG Engine               - scaledHeightProp$fxgl: DoubleProperty [bound, value: 600.0]
22:53:27.441 [FXGL Background Thread 3 ] DEBUG Engine               - scaledWidthProp$fxgl: DoubleProperty [bound, value: 1000.0]
22:53:27.441 [FXGL Background Thread 3 ] DEBUG Engine               - sceneFactory: com.almasb.fxgl.app.scene.SceneFactory@4f0a39f1
22:53:27.441 [FXGL Background Thread 3 ] DEBUG Engine               - secondsIn24h: 60
22:53:27.442 [FXGL Background Thread 3 ] DEBUG Engine               - soundMenuBack: menu/back.wav
22:53:27.442 [FXGL Background Thread 3 ] DEBUG Engine               - soundMenuPress: menu/press.wav
22:53:27.442 [FXGL Background Thread 3 ] DEBUG Engine               - soundMenuSelect: menu/select.wav
22:53:27.442 [FXGL Background Thread 3 ] DEBUG Engine               - soundNotification: core/notification.wav
22:53:27.442 [FXGL Background Thread 3 ] DEBUG Engine               - stageStyle: DECORATED
22:53:27.442 [FXGL Background Thread 3 ] DEBUG Engine               - supportedLanguages: [ENGLISH, FRENCH, GERMAN, HUNGARIAN, RUSSIAN]
22:53:27.443 [FXGL Background Thread 3 ] DEBUG Engine               - ticksPerSecond: -1
22:53:27.443 [FXGL Background Thread 3 ] DEBUG Engine               - title: Jugador Sonic
22:53:27.443 [FXGL Background Thread 3 ] DEBUG Engine               - urlGithub: https://github.com/AlmasB/FXGL
22:53:27.443 [FXGL Background Thread 3 ] DEBUG Engine               - urlLeaderboard: http://fxgl-top.herokuapp.com/
22:53:27.443 [FXGL Background Thread 3 ] DEBUG Engine               - urlPOM: https://raw.githubusercontent.com/AlmasB/FXGL/release/README.md
22:53:27.443 [FXGL Background Thread 3 ] DEBUG Engine               - userAppClass: class Runner.ClientRunner
22:53:27.443 [FXGL Background Thread 3 ] DEBUG Engine               - version: 0.0
22:53:27.443 [FXGL Background Thread 3 ] DEBUG Engine               - versionCheckDays: 7
22:53:27.443 [FXGL Background Thread 3 ] DEBUG Engine               - width: 1000
22:53:27.443 [FXGL Background Thread 3 ] DEBUG Engine               - Logging services
22:53:27.443 [FXGL Background Thread 3 ] DEBUG Engine               - class com.almasb.fxgl.app.services.FXGLAssetLoaderService
22:53:27.443 [FXGL Background Thread 3 ] DEBUG Engine               - class com.almasb.fxgl.app.FXGLApplication$GameApplicationService
22:53:27.443 [FXGL Background Thread 3 ] DEBUG Engine               - class com.almasb.fxgl.app.services.FXGLDialogService
22:53:27.444 [FXGL Background Thread 3 ] DEBUG Engine               - class com.almasb.fxgl.app.services.IOTaskExecutorService
22:53:27.444 [FXGL Background Thread 3 ] DEBUG Engine               - class com.almasb.fxgl.io.FileSystemService
22:53:27.444 [FXGL Background Thread 3 ] DEBUG Engine               - class com.almasb.fxgl.localization.LocalizationService
22:53:27.444 [FXGL Background Thread 3 ] DEBUG Engine               - class com.almasb.fxgl.app.services.SystemBundleService
22:53:27.444 [FXGL Background Thread 3 ] DEBUG Engine               - class com.almasb.fxgl.profile.SaveLoadService
22:53:27.444 [FXGL Background Thread 3 ] DEBUG Engine               - class com.almasb.fxgl.ui.FXGLUIFactoryServiceProvider
22:53:27.444 [FXGL Background Thread 3 ] DEBUG Engine               - class com.almasb.fxgl.ui.FXGLDialogFactoryServiceProvider
22:53:27.444 [FXGL Background Thread 3 ] DEBUG Engine               - class com.almasb.fxgl.audio.AudioPlayer
22:53:27.444 [FXGL Background Thread 3 ] DEBUG Engine               - class com.almasb.fxgl.notification.impl.NotificationServiceProvider
22:53:27.444 [FXGL Background Thread 3 ] DEBUG Engine               - class com.almasb.fxgl.achievement.AchievementService
22:53:27.444 [FXGL Background Thread 3 ] DEBUG Engine               - class com.almasb.fxgl.cutscene.CutsceneService
22:53:27.444 [FXGL Background Thread 3 ] DEBUG Engine               - class com.almasb.fxgl.minigames.MiniGameService
22:53:27.444 [FXGL Background Thread 3 ] DEBUG Engine               - class com.almasb.fxgl.net.NetService
22:53:27.444 [FXGL Background Thread 3 ] DEBUG Engine               - class com.almasb.fxgl.app.services.UpdaterService
22:53:27.444 [FXGL Background Thread 3 ] DEBUG Engine               - class com.almasb.fxgl.dev.DevService
22:53:27.444 [FXGL Background Thread 3 ] DEBUG Engine               - class com.almasb.fxgl.multiplayer.MultiplayerService
22:53:34.876 [JavaFX Application Thread] DEBUG FXGLApplication      - Exiting FXGL
22:53:34.876 [JavaFX Application Thread] DEBUG LoopRunner           - Stopping loop
22:53:34.877 [JavaFX Application Thread] DEBUG SystemBundleService  - Saving FXGL system data
22:53:34.880 [JavaFX Application Thread] DEBUG FileSystemAccess     - Writing to: C:\Users\Daniel\Desktop\Colab\Nueva carpeta\Sonic-rush\system\fxgl.bundle
22:53:34.884 [JavaFX Application Thread] DEBUG Async                - Shutting down background threads
22:53:34.884 [JavaFX Application Thread] DEBUG PrimaryStageWindow   - Closing main window
22:53:34.898 [JavaFX Application Thread] DEBUG Logger               - Closing Logger
