07:18:30.741 [main                     ] DEBUG Logger               - Configured Logger
07:18:30.753 [main                     ] DEBUG GameApplication      - Logging settings
Title: Jugador Sonic
Version: 0.0
Width: 1000
Height: 600
Fullscreen: false
Intro: false
Profiling: false
Single step:false
App Mode: DEVELOPER
Menu Key: ESCAPE
Stage Style: DECORATED
Scene Factory: class com.almasb.fxgl.app.scene.SceneFactory

07:18:30.872 [JavaFX Application Thread] DEBUG FXGLApplication      - Initializing FXGL
07:18:30.877 [JavaFX Application Thread] INFO  Engine               - FXGL-17.3 (30.03.2023 11.49) on WINDOWS (J:21.0.2 FX:20)
07:18:30.877 [JavaFX Application Thread] DEBUG Engine               - JRE Vendor Name: Oracle Corporation
07:18:30.877 [JavaFX Application Thread] DEBUG Engine               - Running on OS: Windows 10 version 10.0
07:18:30.877 [JavaFX Application Thread] DEBUG Engine               - Architecture: amd64
07:18:30.877 [JavaFX Application Thread] INFO  Engine               - Source code and latest versions at: https://github.com/AlmasB/FXGL
07:18:30.878 [JavaFX Application Thread] INFO  Engine               -       Ask questions and discuss at: https://github.com/AlmasB/FXGL/discussions
07:18:30.878 [JavaFX Application Thread] INFO  Engine               -              Join the FXGL chat at: https://gitter.im/AlmasB/FXGL
07:18:30.974 [JavaFX Application Thread] DEBUG PrimaryStageWindow   - Creating a JavaFX scene
07:18:31.033 [JavaFX Application Thread] DEBUG PrimaryStageWindow   - Target settings size: 1000.0 x 600.0
07:18:31.033 [JavaFX Application Thread] DEBUG PrimaryStageWindow   - Scaled scene size:    1000.0 x 600.0
07:18:31.034 [JavaFX Application Thread] DEBUG PrimaryStageWindow   - Scaled ratio: (1.0, 1.0)
07:18:31.035 [JavaFX Application Thread] DEBUG PrimaryStageWindow   - Set initial scene to FXGLStartupScene
07:18:31.038 [JavaFX Application Thread] DEBUG PrimaryStageWindow   - Opening main window
07:18:31.125 [JavaFX Application Thread] DEBUG PrimaryStageWindow   - Window border size: (16.0, 39.0)
07:18:31.126 [JavaFX Application Thread] DEBUG PrimaryStageWindow   - Scaled size: 1000.0 x 600.0
07:18:31.126 [JavaFX Application Thread] DEBUG PrimaryStageWindow   - Scaled ratio: (1.0, 1.0)
07:18:31.126 [JavaFX Application Thread] DEBUG PrimaryStageWindow   - Scene size: 1000.0 x 600.0
07:18:31.126 [JavaFX Application Thread] DEBUG PrimaryStageWindow   - Stage size: 1016.0 x 639.0
07:18:31.140 [FXGL Background Thread 1 ] DEBUG Engine               - Initializing environment variables
07:18:31.205 [FXGL Background Thread 1 ] DEBUG FXGLAssetLoaderServi - User app class for loading assets: class Runner.ClientRunner
07:18:31.205 [FXGL Background Thread 1 ] DEBUG GameApplicationServi - Applying CSS: fxgl_dark.css
07:18:31.206 [FXGL Background Thread 1 ] DEBUG FXGLAssetLoaderServi - Loading from file system: jar:file:/C:/Users/User/.m2/repository/com/github/almasb/fxgl/17.3/fxgl-17.3.jar!/fxglassets/ui/css/fxgl_dark.css
07:18:31.251 [FXGL Background Thread 1 ] DEBUG GameApplicationServi - Initializing application scenes
07:18:31.325 [FXGL Background Thread 1 ] DEBUG GameWorld            - Game world initialized
07:18:31.386 [FXGL Background Thread 1 ] DEBUG PhysicsWorld         - Physics world initialized: appHeight=600, physics.ppm=50,0
07:18:31.387 [FXGL Background Thread 1 ] DEBUG PhysicsWorld         - Using strategy: BRUTE_FORCE
07:18:31.392 [FXGL Background Thread 1 ] DEBUG GameScene            - Game scene initialized: 1000x600
07:18:31.407 [FXGL Background Thread 1 ] DEBUG FXGL.DefaultMenu     - createMenuBodyGameMenu()
07:18:31.424 [FXGL Background Thread 1 ] DEBUG FXGL.DefaultMenu     - createOptionsMenu()
07:18:31.434 [FXGL Background Thread 1 ] DEBUG FXGLAssetLoaderServi - Loading from file system: jar:file:/C:/Users/User/.m2/repository/com/github/almasb/fxgl/17.3/fxgl-17.3.jar!/fxglassets/textures/particles/smoke.png
07:18:31.555 [FXGL Background Thread 1 ] DEBUG FXGLAssetLoaderServi - Loading from file system: jar:file:/C:/Users/User/.m2/repository/com/github/almasb/fxgl/17.3/fxgl-17.3.jar!/fxglassets/textures/particles/trace_horizontal.png
07:18:31.589 [FXGL Background Thread 1 ] DEBUG GameApplicationServi - Application scenes initialized
07:18:31.605 [FXGL Background Thread 1 ] DEBUG SystemBundleService  - Loading FXGL system data
07:18:31.610 [FXGL Background Thread 1 ] DEBUG FileSystemAccess     - Reading from: C:\Users\User\Documents\Millan.Luis\UNEG\Semestre IV\Tecnicas de Prog. III\Sonic-rush\system\fxgl.bundle
07:18:31.622 [FXGL Background Thread 1 ] DEBUG SystemBundleService  - Bundle FXGL: {}
07:18:31.622 [FXGL Background Thread 1 ] DEBUG UpdaterService       - Checking for updates
07:18:31.628 [FXGL Background Thread 1 ] DEBUG FXGLApplication      - Loading default localization
07:18:31.630 [FXGL Background Thread 1 ] DEBUG FXGLAssetLoaderServi - Loading from file system: jar:file:/C:/Users/User/.m2/repository/com/github/almasb/fxgl/17.3/fxgl-17.3.jar!/fxglassets/languages/english.lang
07:18:31.639 [FXGL Background Thread 4 ] DEBUG FXGLApplication      - Loading fonts
07:18:31.640 [FXGL Background Thread 4 ] DEBUG FXGLAssetLoaderServi - Loading from file system: jar:file:/C:/Users/User/.m2/repository/com/github/almasb/fxgl/17.3/fxgl-17.3.jar!/fxglassets/ui/fonts/VarelaRound-Regular.ttf
07:18:31.666 [FXGL Background Thread 1 ] INFO  FXGLApplication      - FXGL initialization took: 0,526 sec
07:18:31.687 [FXGL Background Thread 4 ] DEBUG FXGLAssetLoaderServi - Loading from file system: jar:file:/C:/Users/User/.m2/repository/com/github/almasb/fxgl/17.3/fxgl-17.3.jar!/fxglassets/ui/fonts/Abel-Regular.ttf
07:18:31.692 [FXGL Background Thread 4 ] DEBUG FXGLAssetLoaderServi - Loading from file system: jar:file:/C:/Users/User/.m2/repository/com/github/almasb/fxgl/17.3/fxgl-17.3.jar!/fxglassets/ui/fonts/TerminalLandMono-Regular.otf
07:18:31.697 [FXGL Background Thread 4 ] DEBUG FXGLAssetLoaderServi - Loading from file system: jar:file:/C:/Users/User/.m2/repository/com/github/almasb/fxgl/17.3/fxgl-17.3.jar!/fxglassets/ui/fonts/Courier-Prime.ttf
07:18:31.734 [JavaFX Application Thread] DEBUG Input                - Registered new binding: Mover a la izquierda - A
07:18:31.734 [JavaFX Application Thread] DEBUG Input                - Registered new binding: Mover a la derecha - D
07:18:31.734 [JavaFX Application Thread] DEBUG Input                - Registered new binding: Saltar - W
07:18:31.734 [JavaFX Application Thread] DEBUG Input                - Registered new binding: Interactuar - E
07:18:31.734 [JavaFX Application Thread] DEBUG Input                - Registered new binding: Transformar - P
07:18:31.734 [JavaFX Application Thread] DEBUG Input                - Registered new binding: Desactivar filtro - L
07:18:31.735 [JavaFX Application Thread] DEBUG FXGLAssetLoaderServi - Loading from file system: jar:file:/C:/Users/User/.m2/repository/com/github/almasb/fxgl/17.3/fxgl-17.3.jar!/fxglassets/textures/fxgl_icon.png
07:18:31.766 [JavaFX Application Thread] DEBUG FXGLAssetLoaderServi - Loading from file system: jar:file:/C:/Users/User/.m2/repository/com/github/almasb/fxgl/17.3/fxgl-17.3.jar!/fxglassets/textures/fxgl_default_cursor.png
07:18:31.768 [JavaFX Application Thread] DEBUG Input                - Registered new binding: Screenshot - CTRL+8
07:18:31.769 [JavaFX Application Thread] DEBUG Input                - Registered new binding: System info dump - CTRL+9
07:18:31.769 [JavaFX Application Thread] DEBUG Input                - Registered new binding: Restart - CTRL+R
07:18:31.770 [JavaFX Application Thread] DEBUG Input                - Registered new binding: Toggle Debug Camera - CTRL+7
07:18:31.773 [JavaFX Application Thread] DEBUG LoopRunner           - Starting loop
07:18:31.774 [JavaFX Application Thread] DEBUG LoopRunner           - Initializing JavaFX AnimationTimerLoop
07:18:31.775 [JavaFX Application Thread] DEBUG GameApplicationServi - Starting new game
07:18:31.776 [JavaFX Application Thread] DEBUG Input                - Clearing active input actions
07:18:31.787 [JavaFX Application Thread] DEBUG GameApplicationServi - Removing overlay from FXGLStartupScene and adding to FXGLLoadingScene
07:18:31.787 [JavaFX Application Thread] DEBUG PrimaryStageWindow   - FXGLStartupScene -> FXGLLoadingScene
07:18:31.787 [JavaFX Application Thread] DEBUG GameApplicationServi - Clearing previous game
07:18:31.787 [JavaFX Application Thread] DEBUG GameScene            - Clearing game scene
07:18:31.787 [JavaFX Application Thread] DEBUG GameWorld            - Clearing game world
07:18:31.787 [JavaFX Application Thread] DEBUG PhysicsWorld         - Clearing physics world
07:18:31.789 [JavaFX Application Thread] DEBUG FXGLApplication      - Registering font factories with UI factory
07:18:31.789 [FXGL Background Thread 4 ] DEBUG FXGLApplication      - Initializing game
07:18:31.800 [FXGL Background Thread 4 ] DEBUG FXGLAssetLoaderServi - Loading from file system: file:/C:/Users/User/Documents/Millan.Luis/UNEG/Semestre%20IV/Tecnicas%20de%20Prog.%20III/Sonic-rush/target/classes/assets/music/OST.mp3
07:18:32.018 [FXGL Background Thread 4 ] DEBUG AudioPlayer          - Playing music com.almasb.fxgl.audio.Music@b650f8
07:18:32.022 [FXGL Background Thread 4 ] INFO  FXGLApplication      - Game initialization took: 0,232 sec
07:18:32.127 [JavaFX Application Thread] DEBUG Input                - Clearing active input actions
07:18:32.140 [JavaFX Application Thread] DEBUG GameApplicationServi - Removing overlay from FXGLLoadingScene and adding to GameScene
07:18:32.140 [JavaFX Application Thread] DEBUG PrimaryStageWindow   - FXGLLoadingScene -> GameScene
07:18:32.395 [FXGL Background Thread 2 ] INFO  UpdaterService       - Your current version:  17.3
07:18:32.397 [FXGL Background Thread 2 ] INFO  UpdaterService       - Latest stable version: 21.1
07:18:34.626 [FXGL Background Thread 3 ] DEBUG Engine               - Logging environment variables
07:18:34.628 [FXGL Background Thread 3 ] DEBUG Engine               - achievements: []
07:18:34.628 [FXGL Background Thread 3 ] DEBUG Engine               - actualHeight: 600.0
07:18:34.629 [FXGL Background Thread 3 ] DEBUG Engine               - actualHeightProperty: ReadOnlyDoubleProperty [value: 600.0]
07:18:34.629 [FXGL Background Thread 3 ] DEBUG Engine               - actualWidth: 1000.0
07:18:34.629 [FXGL Background Thread 3 ] DEBUG Engine               - actualWidthProperty: ReadOnlyDoubleProperty [value: 1000.0]
07:18:34.629 [FXGL Background Thread 3 ] DEBUG Engine               - appIcon: fxgl_icon.png
07:18:34.629 [FXGL Background Thread 3 ] DEBUG Engine               - applicationMode: DEVELOPER
07:18:34.630 [FXGL Background Thread 3 ] DEBUG Engine               - cSSList: [fxgl_dark.css]
07:18:34.630 [FXGL Background Thread 3 ] DEBUG Engine               - collisionDetectionStrategy: BRUTE_FORCE
07:18:34.630 [FXGL Background Thread 3 ] DEBUG Engine               - configClass: Optional.empty
07:18:34.630 [FXGL Background Thread 3 ] DEBUG Engine               - credits: []
07:18:34.631 [FXGL Background Thread 3 ] DEBUG Engine               - defaultCursor: CursorInfo(imageName=fxgl_default_cursor.png, hotspotX=7.0, hotspotY=6.0)
07:18:34.632 [FXGL Background Thread 3 ] DEBUG Engine               - devBBoxColorProperty: ObjectProperty [value: 0xff0000ff]
07:18:34.632 [FXGL Background Thread 3 ] DEBUG Engine               - devEnableDebugCameraProperty: BooleanProperty [value: false]
07:18:34.632 [FXGL Background Thread 3 ] DEBUG Engine               - devSensorColorProperty: ObjectProperty [value: 0xffff00ff]
07:18:34.632 [FXGL Background Thread 3 ] DEBUG Engine               - devShowBBoxProperty: BooleanProperty [value: false]
07:18:34.633 [FXGL Background Thread 3 ] DEBUG Engine               - devShowPositionProperty: BooleanProperty [value: false]
07:18:34.633 [FXGL Background Thread 3 ] DEBUG Engine               - enabledMenuItems: []
07:18:34.633 [FXGL Background Thread 3 ] DEBUG Engine               - engineServices: [class com.almasb.fxgl.app.services.FXGLAssetLoaderService, class com.almasb.fxgl.app.FXGLApplication$GameApplicationService, class com.almasb.fxgl.app.services.FXGLDialogService, class com.almasb.fxgl.app.services.IOTaskExecutorService, class com.almasb.fxgl.io.FileSystemService, class com.almasb.fxgl.localization.LocalizationService, class com.almasb.fxgl.app.services.SystemBundleService, class com.almasb.fxgl.profile.SaveLoadService, class com.almasb.fxgl.ui.FXGLUIFactoryServiceProvider, class com.almasb.fxgl.ui.FXGLDialogFactoryServiceProvider, class com.almasb.fxgl.audio.AudioPlayer, class com.almasb.fxgl.notification.impl.NotificationServiceProvider, class com.almasb.fxgl.achievement.AchievementService, class com.almasb.fxgl.cutscene.CutsceneService, class com.almasb.fxgl.minigames.MiniGameService, class com.almasb.fxgl.net.NetService, class com.almasb.fxgl.app.services.UpdaterService, class com.almasb.fxgl.dev.DevService, class com.almasb.fxgl.multiplayer.MultiplayerService]
07:18:34.634 [FXGL Background Thread 3 ] DEBUG Engine               - fontGame: Abel-Regular.ttf
07:18:34.634 [FXGL Background Thread 3 ] DEBUG Engine               - fontMono: TerminalLandMono-Regular.otf
07:18:34.634 [FXGL Background Thread 3 ] DEBUG Engine               - fontSizeScaleUI: 1.0
07:18:34.634 [FXGL Background Thread 3 ] DEBUG Engine               - fontText: Courier-Prime.ttf
07:18:34.634 [FXGL Background Thread 3 ] DEBUG Engine               - fontUI: VarelaRound-Regular.ttf
07:18:34.635 [FXGL Background Thread 3 ] DEBUG Engine               - fullScreen: BooleanProperty [value: false]
07:18:34.635 [FXGL Background Thread 3 ] DEBUG Engine               - gameDifficulty: MEDIUM
07:18:34.635 [FXGL Background Thread 3 ] DEBUG Engine               - gameDifficultyProperty: ObjectProperty [value: MEDIUM]
07:18:34.635 [FXGL Background Thread 3 ] DEBUG Engine               - globalMusicVolume: 0.5
07:18:34.636 [FXGL Background Thread 3 ] DEBUG Engine               - globalMusicVolumeProperty: DoubleProperty [value: 0.5]
07:18:34.636 [FXGL Background Thread 3 ] DEBUG Engine               - globalSoundVolume: 0.5
07:18:34.636 [FXGL Background Thread 3 ] DEBUG Engine               - globalSoundVolumeProperty: DoubleProperty [value: 0.5]
07:18:34.636 [FXGL Background Thread 3 ] DEBUG Engine               - height: 600
07:18:34.637 [FXGL Background Thread 3 ] DEBUG Engine               - is3D: false
07:18:34.637 [FXGL Background Thread 3 ] DEBUG Engine               - isAndroid: false
07:18:34.637 [FXGL Background Thread 3 ] DEBUG Engine               - isBrowser: false
07:18:34.637 [FXGL Background Thread 3 ] DEBUG Engine               - isClickFeedbackEnabled: false
07:18:34.637 [FXGL Background Thread 3 ] DEBUG Engine               - isCloseConfirmation: false
07:18:34.637 [FXGL Background Thread 3 ] DEBUG Engine               - isDesktop: true
07:18:34.638 [FXGL Background Thread 3 ] DEBUG Engine               - isDeveloperMenuEnabled: false
07:18:34.638 [FXGL Background Thread 3 ] DEBUG Engine               - isEmbedded: false
07:18:34.638 [FXGL Background Thread 3 ] DEBUG Engine               - isEntityPreloadEnabled: true
07:18:34.638 [FXGL Background Thread 3 ] DEBUG Engine               - isExperimentalTiledLargeMap: false
07:18:34.638 [FXGL Background Thread 3 ] DEBUG Engine               - isFileSystemWriteAllowed: true
07:18:34.639 [FXGL Background Thread 3 ] DEBUG Engine               - isFullScreenAllowed: false
07:18:34.639 [FXGL Background Thread 3 ] DEBUG Engine               - isFullScreenFromStart: false
07:18:34.639 [FXGL Background Thread 3 ] DEBUG Engine               - isGameMenuEnabled: true
07:18:34.639 [FXGL Background Thread 3 ] DEBUG Engine               - isIOS: false
07:18:34.639 [FXGL Background Thread 3 ] DEBUG Engine               - isIntroEnabled: false
07:18:34.640 [FXGL Background Thread 3 ] DEBUG Engine               - isLinux: false
07:18:34.640 [FXGL Background Thread 3 ] DEBUG Engine               - isMac: false
07:18:34.640 [FXGL Background Thread 3 ] DEBUG Engine               - isMainMenuEnabled: false
07:18:34.640 [FXGL Background Thread 3 ] DEBUG Engine               - isManualResizeEnabled: false
07:18:34.640 [FXGL Background Thread 3 ] DEBUG Engine               - isMobile: false
07:18:34.641 [FXGL Background Thread 3 ] DEBUG Engine               - isNative: false
07:18:34.641 [FXGL Background Thread 3 ] DEBUG Engine               - isPauseMusicWhenMinimized: true
07:18:34.641 [FXGL Background Thread 3 ] DEBUG Engine               - isPreserveResizeRatio: false
07:18:34.641 [FXGL Background Thread 3 ] DEBUG Engine               - isProfilingEnabled: false
07:18:34.641 [FXGL Background Thread 3 ] DEBUG Engine               - isScaleAffectedOnResize: true
07:18:34.642 [FXGL Background Thread 3 ] DEBUG Engine               - isSingleStep: false
07:18:34.642 [FXGL Background Thread 3 ] DEBUG Engine               - isUserProfileEnabled: false
07:18:34.642 [FXGL Background Thread 3 ] DEBUG Engine               - isWindows: true
07:18:34.642 [FXGL Background Thread 3 ] DEBUG Engine               - language: ObjectProperty [value: ENGLISH]
07:18:34.642 [FXGL Background Thread 3 ] DEBUG Engine               - menuKey: ESCAPE
07:18:34.643 [FXGL Background Thread 3 ] DEBUG Engine               - mouseSensitivity: 0.2
07:18:34.644 [FXGL Background Thread 3 ] DEBUG Engine               - notificationViewClass: class com.almasb.fxgl.notification.view.XboxNotificationView
07:18:34.644 [FXGL Background Thread 3 ] DEBUG Engine               - pixelsPerMeter: 50.0
07:18:34.644 [FXGL Background Thread 3 ] DEBUG Engine               - platform: WINDOWS
07:18:34.644 [FXGL Background Thread 3 ] DEBUG Engine               - prefHeightProperty: ReadOnlyDoubleProperty [value: 600.0]
07:18:34.644 [FXGL Background Thread 3 ] DEBUG Engine               - prefWidthProperty: ReadOnlyDoubleProperty [value: 1000.0]
07:18:34.645 [FXGL Background Thread 3 ] DEBUG Engine               - profileDir: profiles/
07:18:34.645 [FXGL Background Thread 3 ] DEBUG Engine               - profileName: StringProperty [value: DEFAULT]
07:18:34.645 [FXGL Background Thread 3 ] DEBUG Engine               - randomSeed: -1
07:18:34.646 [FXGL Background Thread 3 ] DEBUG Engine               - runtimeInfo: RuntimeInfo(platform=WINDOWS, version=17.3, build=30.03.2023 11.49)
07:18:34.646 [FXGL Background Thread 3 ] DEBUG Engine               - saveFileExt: sav
07:18:34.646 [FXGL Background Thread 3 ] DEBUG Engine               - scaledHeightProp$fxgl: DoubleProperty [bound, value: 600.0]
07:18:34.646 [FXGL Background Thread 3 ] DEBUG Engine               - scaledWidthProp$fxgl: DoubleProperty [bound, value: 1000.0]
07:18:34.647 [FXGL Background Thread 3 ] DEBUG Engine               - sceneFactory: com.almasb.fxgl.app.scene.SceneFactory@1a20ae52
07:18:34.647 [FXGL Background Thread 3 ] DEBUG Engine               - secondsIn24h: 60
07:18:34.647 [FXGL Background Thread 3 ] DEBUG Engine               - soundMenuBack: menu/back.wav
07:18:34.647 [FXGL Background Thread 3 ] DEBUG Engine               - soundMenuPress: menu/press.wav
07:18:34.647 [FXGL Background Thread 3 ] DEBUG Engine               - soundMenuSelect: menu/select.wav
07:18:34.647 [FXGL Background Thread 3 ] DEBUG Engine               - soundNotification: core/notification.wav
07:18:34.648 [FXGL Background Thread 3 ] DEBUG Engine               - stageStyle: DECORATED
07:18:34.648 [FXGL Background Thread 3 ] DEBUG Engine               - supportedLanguages: [ENGLISH, FRENCH, GERMAN, HUNGARIAN, RUSSIAN]
07:18:34.648 [FXGL Background Thread 3 ] DEBUG Engine               - ticksPerSecond: -1
07:18:34.648 [FXGL Background Thread 3 ] DEBUG Engine               - title: Jugador Sonic
07:18:34.648 [FXGL Background Thread 3 ] DEBUG Engine               - urlGithub: https://github.com/AlmasB/FXGL
07:18:34.648 [FXGL Background Thread 3 ] DEBUG Engine               - urlLeaderboard: http://fxgl-top.herokuapp.com/
07:18:34.649 [FXGL Background Thread 3 ] DEBUG Engine               - urlPOM: https://raw.githubusercontent.com/AlmasB/FXGL/release/README.md
07:18:34.649 [FXGL Background Thread 3 ] DEBUG Engine               - userAppClass: class Runner.ClientRunner
07:18:34.650 [FXGL Background Thread 3 ] DEBUG Engine               - version: 0.0
07:18:34.650 [FXGL Background Thread 3 ] DEBUG Engine               - versionCheckDays: 7
07:18:34.650 [FXGL Background Thread 3 ] DEBUG Engine               - width: 1000
07:18:34.650 [FXGL Background Thread 3 ] DEBUG Engine               - Logging services
07:18:34.650 [FXGL Background Thread 3 ] DEBUG Engine               - class com.almasb.fxgl.app.services.FXGLAssetLoaderService
07:18:34.651 [FXGL Background Thread 3 ] DEBUG Engine               - class com.almasb.fxgl.app.FXGLApplication$GameApplicationService
07:18:34.651 [FXGL Background Thread 3 ] DEBUG Engine               - class com.almasb.fxgl.app.services.FXGLDialogService
07:18:34.651 [FXGL Background Thread 3 ] DEBUG Engine               - class com.almasb.fxgl.app.services.IOTaskExecutorService
07:18:34.651 [FXGL Background Thread 3 ] DEBUG Engine               - class com.almasb.fxgl.io.FileSystemService
07:18:34.652 [FXGL Background Thread 3 ] DEBUG Engine               - class com.almasb.fxgl.localization.LocalizationService
07:18:34.652 [FXGL Background Thread 3 ] DEBUG Engine               - class com.almasb.fxgl.app.services.SystemBundleService
07:18:34.652 [FXGL Background Thread 3 ] DEBUG Engine               - class com.almasb.fxgl.profile.SaveLoadService
07:18:34.652 [FXGL Background Thread 3 ] DEBUG Engine               - class com.almasb.fxgl.ui.FXGLUIFactoryServiceProvider
07:18:34.652 [FXGL Background Thread 3 ] DEBUG Engine               - class com.almasb.fxgl.ui.FXGLDialogFactoryServiceProvider
07:18:34.652 [FXGL Background Thread 3 ] DEBUG Engine               - class com.almasb.fxgl.audio.AudioPlayer
07:18:34.653 [FXGL Background Thread 3 ] DEBUG Engine               - class com.almasb.fxgl.notification.impl.NotificationServiceProvider
07:18:34.653 [FXGL Background Thread 3 ] DEBUG Engine               - class com.almasb.fxgl.achievement.AchievementService
07:18:34.653 [FXGL Background Thread 3 ] DEBUG Engine               - class com.almasb.fxgl.cutscene.CutsceneService
07:18:34.653 [FXGL Background Thread 3 ] DEBUG Engine               - class com.almasb.fxgl.minigames.MiniGameService
07:18:34.653 [FXGL Background Thread 3 ] DEBUG Engine               - class com.almasb.fxgl.net.NetService
07:18:34.653 [FXGL Background Thread 3 ] DEBUG Engine               - class com.almasb.fxgl.app.services.UpdaterService
07:18:34.654 [FXGL Background Thread 3 ] DEBUG Engine               - class com.almasb.fxgl.dev.DevService
07:18:34.654 [FXGL Background Thread 3 ] DEBUG Engine               - class com.almasb.fxgl.multiplayer.MultiplayerService
07:18:35.093 [JavaFX Application Thread] DEBUG PrimaryStageWindow   - Push state: DialogSubScene
07:18:35.093 [JavaFX Application Thread] DEBUG Input                - Clearing active input actions
07:18:35.094 [JavaFX Application Thread] DEBUG GameApplicationServi - Removing overlay from GameScene and adding to DialogSubScene
07:18:35.094 [JavaFX Application Thread] DEBUG PrimaryStageWindow   - GameScene -> DialogSubScene
07:18:37.299 [JavaFX Application Thread] DEBUG PrimaryStageWindow   - Pop state: DialogSubScene
07:18:37.299 [JavaFX Application Thread] DEBUG Input                - Clearing active input actions
07:18:37.300 [JavaFX Application Thread] DEBUG GameApplicationServi - Removing overlay from DialogSubScene and adding to GameScene
07:18:37.300 [JavaFX Application Thread] DEBUG PrimaryStageWindow   - GameScene <- DialogSubScene
07:18:39.828 [JavaFX Application Thread] DEBUG PrimaryStageWindow   - Push state: DialogSubScene
07:18:39.829 [JavaFX Application Thread] DEBUG Input                - Clearing active input actions
07:18:39.829 [JavaFX Application Thread] DEBUG GameApplicationServi - Removing overlay from GameScene and adding to DialogSubScene
07:18:39.829 [JavaFX Application Thread] DEBUG PrimaryStageWindow   - GameScene -> DialogSubScene
07:18:42.147 [JavaFX Application Thread] DEBUG PrimaryStageWindow   - Pop state: DialogSubScene
07:18:42.147 [JavaFX Application Thread] DEBUG Input                - Clearing active input actions
07:18:42.147 [JavaFX Application Thread] DEBUG GameApplicationServi - Removing overlay from DialogSubScene and adding to GameScene
07:18:42.148 [JavaFX Application Thread] DEBUG PrimaryStageWindow   - GameScene <- DialogSubScene
07:18:44.709 [JavaFX Application Thread] DEBUG PrimaryStageWindow   - Push state: DialogSubScene
07:18:44.709 [JavaFX Application Thread] DEBUG Input                - Clearing active input actions
07:18:44.709 [JavaFX Application Thread] DEBUG GameApplicationServi - Removing overlay from GameScene and adding to DialogSubScene
07:18:44.709 [JavaFX Application Thread] DEBUG PrimaryStageWindow   - GameScene -> DialogSubScene
07:18:45.995 [JavaFX Application Thread] DEBUG PrimaryStageWindow   - Pop state: DialogSubScene
07:18:45.995 [JavaFX Application Thread] DEBUG Input                - Clearing active input actions
07:18:45.996 [JavaFX Application Thread] DEBUG GameApplicationServi - Removing overlay from DialogSubScene and adding to GameScene
07:18:45.996 [JavaFX Application Thread] DEBUG PrimaryStageWindow   - GameScene <- DialogSubScene
07:18:52.428 [JavaFX Application Thread] WARN  FXGLAssetLoaderServi - Asset "/assets/textures/fondo.png" was not found!
07:18:52.428 [JavaFX Application Thread] WARN  FXGLAssetLoaderServi - Failed to load IMAGE
07:18:52.485 [JavaFX Application Thread] DEBUG TMXLevelLoader       - Parsed TiledMap: file:/C:/Users/User/Documents/Millan.Luis/UNEG/Semestre%20IV/Tecnicas%20de%20Prog.%20III/Sonic-rush/target/classes/assets/levels/mapazo.tmx
07:18:52.486 [JavaFX Application Thread] DEBUG TMXLevelLoader       - Creating tile layer entities
07:18:52.488 [JavaFX Application Thread] DEBUG TilesetLoader        - Loading view for layer Capa de patrones 1
07:18:52.490 [JavaFX Application Thread] DEBUG TilesetLoader        - Created buffer with size 3840.0x720.0
07:18:52.516 [JavaFX Application Thread] DEBUG TMXLevelLoader       - Creating object layer entities
07:18:52.540 [JavaFX Application Thread] DEBUG GameWorld            - Clearing removable entities
07:18:52.541 [JavaFX Application Thread] DEBUG GameWorld            - Setting level: com.almasb.fxgl.entity.level.Level@473428ca
07:18:52.553 [JavaFX Application Thread] DEBUG FXGLAssetLoaderServi - Loading from file system: file:/C:/Users/User/Documents/Millan.Luis/UNEG/Semestre%20IV/Tecnicas%20de%20Prog.%20III/Sonic-rush/target/classes/assets/textures/Enemigos/eggman.png
07:18:52.560 [ClientAsyncConnThread    ] DEBUG TCPClient            - Connecting to localhost:55555 type: class com.almasb.fxgl.core.serialization.Bundle
07:18:52.564 [ClientAsyncConnThread    ] WARN  IOTask               - ClientConnect failed
java.lang.RuntimeException: Failed to create a socket to address localhost : 55555 Error: java.net.ConnectException: Connection refused: connect
	at com.almasb.fxgl.net.tcp.TCPClient.connect(TCPClient.java:46)
	at com.almasb.fxgl.core.concurrent.IOTask.lambda$ofVoid$5(IOTask.java:184)
	at com.almasb.fxgl.core.concurrent.IOTask$2.onExecute(IOTask.java:197)
	at com.almasb.fxgl.core.concurrent.IOTask.run(IOTask.java:118)
	at java.base/java.lang.Thread.run(Thread.java:1583)
Caused by: java.net.ConnectException: Connection refused: connect
	at java.base/sun.nio.ch.Net.connect0(Native Method)
	at java.base/sun.nio.ch.Net.connect(Net.java:589)
	at java.base/sun.nio.ch.Net.connect(Net.java:578)
	at java.base/sun.nio.ch.NioSocketImpl.connect(NioSocketImpl.java:583)
	at java.base/java.net.SocksSocketImpl.connect(SocksSocketImpl.java:327)
	at java.base/java.net.Socket.connect(Socket.java:751)
	at java.base/java.net.Socket.connect(Socket.java:686)
	at java.base/java.net.Socket.<init>(Socket.java:555)
	at java.base/java.net.Socket.<init>(Socket.java:324)
	at com.almasb.fxgl.net.tcp.TCPClient.connect(TCPClient.java:41)
	... 4 more

07:18:56.061 [JavaFX Application Thread] DEBUG LoopRunner           - Stopping loop
07:18:56.061 [JavaFX Application Thread] FATAL FXGLApplication      - Uncaught Exception:
java.lang.NullPointerException: Cannot invoke "com.almasb.fxgl.net.Connection.send(Object)" because "this.this$0.conexion" is null
	at GameSettings.ClientGameApp$2.onAction(ClientGameApp.java:624)
	at com.almasb.fxgl.input.UserAction.action$fxgl_core(UserAction.kt:38)
	at com.almasb.fxgl.input.Input.update(Input.kt:288)
	at com.almasb.fxgl.scene.Scene.update(Scene.kt:103)
	at com.almasb.fxgl.app.MainWindow$update$1.invoke(MainWindow.kt:115)
	at com.almasb.fxgl.app.MainWindow$update$1.invoke(MainWindow.kt:115)
	at com.almasb.fxgl.core.fsm.StateMachine.runOnActiveStates(StateMachine.kt:69)
	at com.almasb.fxgl.app.MainWindow.update(MainWindow.kt:115)
	at com.almasb.fxgl.app.FXGLApplication$GameApplicationService.onUpdate(FXGLApplication.kt:426)
	at com.almasb.fxgl.app.Engine.loop(Engine.kt:134)
	at com.almasb.fxgl.app.Engine.access$loop(Engine.kt:24)
	at com.almasb.fxgl.app.Engine$loop$1.invoke(Engine.kt:28)
	at com.almasb.fxgl.app.Engine$loop$1.invoke(Engine.kt:28)
	at com.almasb.fxgl.app.LoopRunner.frame(LoopRunner.kt:103)
	at com.almasb.fxgl.app.LoopRunner.access$frame(LoopRunner.kt:23)
	at com.almasb.fxgl.app.LoopRunner$impl$2$1.onTick(LoopRunner.kt:57)
	at com.almasb.fxgl.app.AnimationTimerLoop$timer$1.handle(LoopRunner.kt:137)
	at javafx.animation.AnimationTimer$AnimationTimerReceiver.lambda$handle$0(AnimationTimer.java:58)
	at java.base/java.security.AccessController.doPrivileged(AccessController.java:400)
	at javafx.animation.AnimationTimer$AnimationTimerReceiver.handle(AnimationTimer.java:57)
	at com.sun.scenario.animation.AbstractPrimaryTimer.timePulseImpl(AbstractPrimaryTimer.java:356)
	at com.sun.scenario.animation.AbstractPrimaryTimer$MainLoop.run(AbstractPrimaryTimer.java:266)
	at com.sun.javafx.tk.quantum.QuantumToolkit.pulse(QuantumToolkit.java:588)
	at com.sun.javafx.tk.quantum.QuantumToolkit.pulse(QuantumToolkit.java:572)
	at com.sun.javafx.tk.quantum.QuantumToolkit.pulseFromQueue(QuantumToolkit.java:565)
	at com.sun.javafx.tk.quantum.QuantumToolkit.lambda$runToolkit$11(QuantumToolkit.java:352)
	at com.sun.glass.ui.InvokeLaterDispatcher$Future.run(InvokeLaterDispatcher.java:95)
	at com.sun.glass.ui.win.WinApplication._runLoop(Native Method)
	at com.sun.glass.ui.win.WinApplication.lambda$runLoop$3(WinApplication.java:185)
	at java.base/java.lang.Thread.run(Thread.java:1583)

07:18:56.066 [JavaFX Application Thread] FATAL FXGLApplication      - Application will now exit
07:18:56.095 [JavaFX Application Thread] DEBUG PrimaryStageWindow   - Push state: ErrorSubScene
07:18:56.095 [JavaFX Application Thread] DEBUG Input                - Clearing active input actions
07:19:02.500 [JavaFX Application Thread] DEBUG FXGLApplication      - Exiting FXGL
07:19:02.500 [JavaFX Application Thread] DEBUG Async                - Shutting down background threads
07:19:02.500 [JavaFX Application Thread] DEBUG PrimaryStageWindow   - Closing main window
07:19:02.509 [JavaFX Application Thread] DEBUG Logger               - Closing Logger
