15:59:39.644 [main                     ] DEBUG Logger               - Configured Logger
15:59:39.677 [main                     ] DEBUG GameApplication      - Logging settings
Title: Jugador Sonic
Version: 0.0
Width: 1000
Height: 600
Fullscreen: false
Intro: false
Profiling: false
Single step:false
App Mode: DEVELOPER
Menu Key: ESCAPE
Stage Style: DECORATED
Scene Factory: class com.almasb.fxgl.app.scene.SceneFactory

15:59:40.214 [JavaFX Application Thread] DEBUG FXGLApplication      - Initializing FXGL
15:59:40.218 [JavaFX Application Thread] INFO  Engine               - FXGL-17.3 (30.03.2023 11.49) on WINDOWS (J:21.0.2 FX:20)
15:59:40.219 [JavaFX Application Thread] DEBUG Engine               - JRE Vendor Name: Oracle Corporation
15:59:40.219 [JavaFX Application Thread] DEBUG Engine               - Running on OS: Windows 10 version 10.0
15:59:40.219 [JavaFX Application Thread] DEBUG Engine               - Architecture: amd64
15:59:40.220 [JavaFX Application Thread] INFO  Engine               - Source code and latest versions at: https://github.com/AlmasB/FXGL
15:59:40.220 [JavaFX Application Thread] INFO  Engine               -       Ask questions and discuss at: https://github.com/AlmasB/FXGL/discussions
15:59:40.220 [JavaFX Application Thread] INFO  Engine               -              Join the FXGL chat at: https://gitter.im/AlmasB/FXGL
15:59:40.369 [JavaFX Application Thread] DEBUG PrimaryStageWindow   - Creating a JavaFX scene
15:59:40.441 [JavaFX Application Thread] DEBUG PrimaryStageWindow   - Target settings size: 1000.0 x 600.0
15:59:40.442 [JavaFX Application Thread] DEBUG PrimaryStageWindow   - Scaled scene size:    1000.0 x 600.0
15:59:40.442 [JavaFX Application Thread] DEBUG PrimaryStageWindow   - Scaled ratio: (1.0, 1.0)
15:59:40.443 [JavaFX Application Thread] DEBUG PrimaryStageWindow   - Set initial scene to FXGLStartupScene
15:59:40.447 [JavaFX Application Thread] DEBUG PrimaryStageWindow   - Opening main window
15:59:40.591 [JavaFX Application Thread] DEBUG PrimaryStageWindow   - Window border size: (16.0, 39.0)
15:59:40.591 [JavaFX Application Thread] DEBUG PrimaryStageWindow   - Scaled size: 1000.0 x 600.0
15:59:40.591 [JavaFX Application Thread] DEBUG PrimaryStageWindow   - Scaled ratio: (1.0, 1.0)
15:59:40.592 [JavaFX Application Thread] DEBUG PrimaryStageWindow   - Scene size: 1000.0 x 600.0
15:59:40.592 [JavaFX Application Thread] DEBUG PrimaryStageWindow   - Stage size: 1016.0 x 639.0
15:59:40.606 [FXGL Background Thread 1 ] DEBUG Engine               - Initializing environment variables
15:59:40.769 [FXGL Background Thread 1 ] DEBUG FXGLAssetLoaderServi - User app class for loading assets: class Runner.ClientRunner
15:59:40.770 [FXGL Background Thread 1 ] DEBUG GameApplicationServi - Applying CSS: fxgl_dark.css
15:59:40.772 [FXGL Background Thread 1 ] DEBUG FXGLAssetLoaderServi - Loading from file system: jar:file:/C:/Users/User/.m2/repository/com/github/almasb/fxgl/17.3/fxgl-17.3.jar!/fxglassets/ui/css/fxgl_dark.css
15:59:40.824 [FXGL Background Thread 1 ] DEBUG GameApplicationServi - Initializing application scenes
15:59:40.866 [FXGL Background Thread 1 ] DEBUG GameWorld            - Game world initialized
15:59:40.951 [FXGL Background Thread 1 ] DEBUG PhysicsWorld         - Physics world initialized: appHeight=600, physics.ppm=50,0
15:59:40.952 [FXGL Background Thread 1 ] DEBUG PhysicsWorld         - Using strategy: BRUTE_FORCE
15:59:40.957 [FXGL Background Thread 1 ] DEBUG GameScene            - Game scene initialized: 1000x600
15:59:40.971 [FXGL Background Thread 1 ] DEBUG FXGL.DefaultMenu     - createMenuBodyGameMenu()
15:59:40.990 [FXGL Background Thread 1 ] DEBUG FXGL.DefaultMenu     - createOptionsMenu()
15:59:41.002 [FXGL Background Thread 1 ] DEBUG FXGLAssetLoaderServi - Loading from file system: jar:file:/C:/Users/User/.m2/repository/com/github/almasb/fxgl/17.3/fxgl-17.3.jar!/fxglassets/textures/particles/smoke.png
15:59:41.143 [FXGL Background Thread 1 ] DEBUG FXGLAssetLoaderServi - Loading from file system: jar:file:/C:/Users/User/.m2/repository/com/github/almasb/fxgl/17.3/fxgl-17.3.jar!/fxglassets/textures/particles/trace_horizontal.png
15:59:41.171 [FXGL Background Thread 1 ] DEBUG GameApplicationServi - Application scenes initialized
15:59:41.187 [FXGL Background Thread 1 ] DEBUG SystemBundleService  - Loading FXGL system data
15:59:41.195 [FXGL Background Thread 1 ] DEBUG FileSystemAccess     - Reading from: C:\Users\User\Documents\GitHub\Sonic-rush\system\fxgl.bundle
15:59:41.206 [FXGL Background Thread 1 ] DEBUG SystemBundleService  - Bundle FXGL: {}
15:59:41.207 [FXGL Background Thread 1 ] DEBUG UpdaterService       - Checking for updates
15:59:41.212 [FXGL Background Thread 1 ] DEBUG FXGLApplication      - Loading default localization
15:59:41.213 [FXGL Background Thread 1 ] DEBUG FXGLAssetLoaderServi - Loading from file system: jar:file:/C:/Users/User/.m2/repository/com/github/almasb/fxgl/17.3/fxgl-17.3.jar!/fxglassets/languages/english.lang
15:59:41.241 [FXGL Background Thread 1 ] INFO  FXGLApplication      - FXGL initialization took: 0,636 sec
15:59:41.260 [JavaFX Application Thread] DEBUG Input                - Registered new binding: Mover a la izquierda - A
15:59:41.260 [JavaFX Application Thread] DEBUG Input                - Registered new binding: Mover a la derecha - D
15:59:41.260 [JavaFX Application Thread] DEBUG Input                - Registered new binding: Saltar - W
15:59:41.261 [JavaFX Application Thread] DEBUG Input                - Registered new binding: Interactuar - E
15:59:41.261 [JavaFX Application Thread] DEBUG Input                - Registered new binding: Transformar - P
15:59:41.261 [JavaFX Application Thread] DEBUG Input                - Registered new binding: Desactivar filtro - L
15:59:41.261 [JavaFX Application Thread] DEBUG FXGLAssetLoaderServi - Loading from file system: jar:file:/C:/Users/User/.m2/repository/com/github/almasb/fxgl/17.3/fxgl-17.3.jar!/fxglassets/textures/fxgl_icon.png
15:59:41.281 [FXGL Background Thread 4 ] DEBUG FXGLApplication      - Loading fonts
15:59:41.282 [FXGL Background Thread 4 ] DEBUG FXGLAssetLoaderServi - Loading from file system: jar:file:/C:/Users/User/.m2/repository/com/github/almasb/fxgl/17.3/fxgl-17.3.jar!/fxglassets/ui/fonts/VarelaRound-Regular.ttf
15:59:41.316 [FXGL Background Thread 4 ] DEBUG FXGLAssetLoaderServi - Loading from file system: jar:file:/C:/Users/User/.m2/repository/com/github/almasb/fxgl/17.3/fxgl-17.3.jar!/fxglassets/ui/fonts/Abel-Regular.ttf
15:59:41.320 [FXGL Background Thread 4 ] DEBUG FXGLAssetLoaderServi - Loading from file system: jar:file:/C:/Users/User/.m2/repository/com/github/almasb/fxgl/17.3/fxgl-17.3.jar!/fxglassets/ui/fonts/TerminalLandMono-Regular.otf
15:59:41.324 [FXGL Background Thread 4 ] DEBUG FXGLAssetLoaderServi - Loading from file system: jar:file:/C:/Users/User/.m2/repository/com/github/almasb/fxgl/17.3/fxgl-17.3.jar!/fxglassets/ui/fonts/Courier-Prime.ttf
15:59:41.351 [JavaFX Application Thread] DEBUG FXGLAssetLoaderServi - Loading from file system: jar:file:/C:/Users/User/.m2/repository/com/github/almasb/fxgl/17.3/fxgl-17.3.jar!/fxglassets/textures/fxgl_default_cursor.png
15:59:41.356 [JavaFX Application Thread] DEBUG Input                - Registered new binding: Screenshot - CTRL+8
15:59:41.356 [JavaFX Application Thread] DEBUG Input                - Registered new binding: System info dump - CTRL+9
15:59:41.356 [JavaFX Application Thread] DEBUG Input                - Registered new binding: Restart - CTRL+R
15:59:41.358 [JavaFX Application Thread] DEBUG Input                - Registered new binding: Toggle Debug Camera - CTRL+7
15:59:41.361 [JavaFX Application Thread] DEBUG LoopRunner           - Starting loop
15:59:41.361 [JavaFX Application Thread] DEBUG LoopRunner           - Initializing JavaFX AnimationTimerLoop
15:59:41.364 [JavaFX Application Thread] DEBUG GameApplicationServi - Starting new game
15:59:41.365 [JavaFX Application Thread] DEBUG Input                - Clearing active input actions
15:59:41.377 [JavaFX Application Thread] DEBUG GameApplicationServi - Removing overlay from FXGLStartupScene and adding to FXGLLoadingScene
15:59:41.378 [JavaFX Application Thread] DEBUG PrimaryStageWindow   - FXGLStartupScene -> FXGLLoadingScene
15:59:41.378 [JavaFX Application Thread] DEBUG GameApplicationServi - Clearing previous game
15:59:41.378 [JavaFX Application Thread] DEBUG GameScene            - Clearing game scene
15:59:41.378 [JavaFX Application Thread] DEBUG GameWorld            - Clearing game world
15:59:41.378 [JavaFX Application Thread] DEBUG PhysicsWorld         - Clearing physics world
15:59:41.379 [FXGL Background Thread 1 ] DEBUG FXGLApplication      - Initializing game
15:59:41.381 [JavaFX Application Thread] DEBUG FXGLApplication      - Registering font factories with UI factory
15:59:41.420 [FXGL Background Thread 1 ] DEBUG FXGLAssetLoaderServi - Loading from file system: file:/C:/Users/User/Documents/GitHub/Sonic-rush/target/classes/assets/music/OST2.mp3
15:59:42.035 [FXGL Background Thread 2 ] INFO  UpdaterService       - Your current version:  17.3
15:59:42.076 [FXGL Background Thread 2 ] INFO  UpdaterService       - Latest stable version: 21.1
15:59:42.242 [FXGL Background Thread 1 ] DEBUG AudioPlayer          - Playing music com.almasb.fxgl.audio.Music@3fd49ea3
15:59:42.246 [FXGL Background Thread 1 ] INFO  FXGLApplication      - Game initialization took: 0,866 sec
15:59:43.234 [JavaFX Application Thread] DEBUG Input                - Clearing active input actions
15:59:43.242 [JavaFX Application Thread] DEBUG GameApplicationServi - Removing overlay from FXGLLoadingScene and adding to GameScene
15:59:43.242 [JavaFX Application Thread] DEBUG PrimaryStageWindow   - FXGLLoadingScene -> GameScene
15:59:44.210 [FXGL Background Thread 3 ] DEBUG Engine               - Logging environment variables
15:59:44.210 [FXGL Background Thread 3 ] DEBUG Engine               - achievements: []
15:59:44.210 [FXGL Background Thread 3 ] DEBUG Engine               - actualHeight: 600.0
15:59:44.211 [FXGL Background Thread 3 ] DEBUG Engine               - actualHeightProperty: ReadOnlyDoubleProperty [value: 600.0]
15:59:44.211 [FXGL Background Thread 3 ] DEBUG Engine               - actualWidth: 1000.0
15:59:44.211 [FXGL Background Thread 3 ] DEBUG Engine               - actualWidthProperty: ReadOnlyDoubleProperty [value: 1000.0]
15:59:44.211 [FXGL Background Thread 3 ] DEBUG Engine               - appIcon: fxgl_icon.png
15:59:44.211 [FXGL Background Thread 3 ] DEBUG Engine               - applicationMode: DEVELOPER
15:59:44.211 [FXGL Background Thread 3 ] DEBUG Engine               - cSSList: [fxgl_dark.css]
15:59:44.211 [FXGL Background Thread 3 ] DEBUG Engine               - collisionDetectionStrategy: BRUTE_FORCE
15:59:44.211 [FXGL Background Thread 3 ] DEBUG Engine               - configClass: Optional.empty
15:59:44.211 [FXGL Background Thread 3 ] DEBUG Engine               - credits: []
15:59:44.211 [FXGL Background Thread 3 ] DEBUG Engine               - defaultCursor: CursorInfo(imageName=fxgl_default_cursor.png, hotspotX=7.0, hotspotY=6.0)
15:59:44.211 [FXGL Background Thread 3 ] DEBUG Engine               - devBBoxColorProperty: ObjectProperty [value: 0xff0000ff]
15:59:44.212 [FXGL Background Thread 3 ] DEBUG Engine               - devEnableDebugCameraProperty: BooleanProperty [value: false]
15:59:44.212 [FXGL Background Thread 3 ] DEBUG Engine               - devSensorColorProperty: ObjectProperty [value: 0xffff00ff]
15:59:44.212 [FXGL Background Thread 3 ] DEBUG Engine               - devShowBBoxProperty: BooleanProperty [value: false]
15:59:44.212 [FXGL Background Thread 3 ] DEBUG Engine               - devShowPositionProperty: BooleanProperty [value: false]
15:59:44.212 [FXGL Background Thread 3 ] DEBUG Engine               - enabledMenuItems: []
15:59:44.212 [FXGL Background Thread 3 ] DEBUG Engine               - engineServices: [class com.almasb.fxgl.app.services.FXGLAssetLoaderService, class com.almasb.fxgl.app.FXGLApplication$GameApplicationService, class com.almasb.fxgl.app.services.FXGLDialogService, class com.almasb.fxgl.app.services.IOTaskExecutorService, class com.almasb.fxgl.io.FileSystemService, class com.almasb.fxgl.localization.LocalizationService, class com.almasb.fxgl.app.services.SystemBundleService, class com.almasb.fxgl.profile.SaveLoadService, class com.almasb.fxgl.ui.FXGLUIFactoryServiceProvider, class com.almasb.fxgl.ui.FXGLDialogFactoryServiceProvider, class com.almasb.fxgl.audio.AudioPlayer, class com.almasb.fxgl.notification.impl.NotificationServiceProvider, class com.almasb.fxgl.achievement.AchievementService, class com.almasb.fxgl.cutscene.CutsceneService, class com.almasb.fxgl.minigames.MiniGameService, class com.almasb.fxgl.net.NetService, class com.almasb.fxgl.app.services.UpdaterService, class com.almasb.fxgl.dev.DevService, class com.almasb.fxgl.multiplayer.MultiplayerService]
15:59:44.212 [FXGL Background Thread 3 ] DEBUG Engine               - fontGame: Abel-Regular.ttf
15:59:44.212 [FXGL Background Thread 3 ] DEBUG Engine               - fontMono: TerminalLandMono-Regular.otf
15:59:44.212 [FXGL Background Thread 3 ] DEBUG Engine               - fontSizeScaleUI: 1.0
15:59:44.212 [FXGL Background Thread 3 ] DEBUG Engine               - fontText: Courier-Prime.ttf
15:59:44.212 [FXGL Background Thread 3 ] DEBUG Engine               - fontUI: VarelaRound-Regular.ttf
15:59:44.212 [FXGL Background Thread 3 ] DEBUG Engine               - fullScreen: BooleanProperty [value: false]
15:59:44.212 [FXGL Background Thread 3 ] DEBUG Engine               - gameDifficulty: MEDIUM
15:59:44.212 [FXGL Background Thread 3 ] DEBUG Engine               - gameDifficultyProperty: ObjectProperty [value: MEDIUM]
15:59:44.212 [FXGL Background Thread 3 ] DEBUG Engine               - globalMusicVolume: 0.5
15:59:44.212 [FXGL Background Thread 3 ] DEBUG Engine               - globalMusicVolumeProperty: DoubleProperty [value: 0.5]
15:59:44.212 [FXGL Background Thread 3 ] DEBUG Engine               - globalSoundVolume: 0.5
15:59:44.213 [FXGL Background Thread 3 ] DEBUG Engine               - globalSoundVolumeProperty: DoubleProperty [value: 0.5]
15:59:44.213 [FXGL Background Thread 3 ] DEBUG Engine               - height: 600
15:59:44.213 [FXGL Background Thread 3 ] DEBUG Engine               - is3D: false
15:59:44.213 [FXGL Background Thread 3 ] DEBUG Engine               - isAndroid: false
15:59:44.213 [FXGL Background Thread 3 ] DEBUG Engine               - isBrowser: false
15:59:44.213 [FXGL Background Thread 3 ] DEBUG Engine               - isClickFeedbackEnabled: false
15:59:44.213 [FXGL Background Thread 3 ] DEBUG Engine               - isCloseConfirmation: false
15:59:44.213 [FXGL Background Thread 3 ] DEBUG Engine               - isDesktop: true
15:59:44.213 [FXGL Background Thread 3 ] DEBUG Engine               - isDeveloperMenuEnabled: false
15:59:44.213 [FXGL Background Thread 3 ] DEBUG Engine               - isEmbedded: false
15:59:44.213 [FXGL Background Thread 3 ] DEBUG Engine               - isEntityPreloadEnabled: true
15:59:44.213 [FXGL Background Thread 3 ] DEBUG Engine               - isExperimentalTiledLargeMap: false
15:59:44.213 [FXGL Background Thread 3 ] DEBUG Engine               - isFileSystemWriteAllowed: true
15:59:44.213 [FXGL Background Thread 3 ] DEBUG Engine               - isFullScreenAllowed: false
15:59:44.213 [FXGL Background Thread 3 ] DEBUG Engine               - isFullScreenFromStart: false
15:59:44.213 [FXGL Background Thread 3 ] DEBUG Engine               - isGameMenuEnabled: true
15:59:44.213 [FXGL Background Thread 3 ] DEBUG Engine               - isIOS: false
15:59:44.213 [FXGL Background Thread 3 ] DEBUG Engine               - isIntroEnabled: false
15:59:44.213 [FXGL Background Thread 3 ] DEBUG Engine               - isLinux: false
15:59:44.213 [FXGL Background Thread 3 ] DEBUG Engine               - isMac: false
15:59:44.213 [FXGL Background Thread 3 ] DEBUG Engine               - isMainMenuEnabled: false
15:59:44.213 [FXGL Background Thread 3 ] DEBUG Engine               - isManualResizeEnabled: false
15:59:44.214 [FXGL Background Thread 3 ] DEBUG Engine               - isMobile: false
15:59:44.214 [FXGL Background Thread 3 ] DEBUG Engine               - isNative: false
15:59:44.214 [FXGL Background Thread 3 ] DEBUG Engine               - isPauseMusicWhenMinimized: true
15:59:44.214 [FXGL Background Thread 3 ] DEBUG Engine               - isPreserveResizeRatio: false
15:59:44.214 [FXGL Background Thread 3 ] DEBUG Engine               - isProfilingEnabled: false
15:59:44.214 [FXGL Background Thread 3 ] DEBUG Engine               - isScaleAffectedOnResize: true
15:59:44.214 [FXGL Background Thread 3 ] DEBUG Engine               - isSingleStep: false
15:59:44.214 [FXGL Background Thread 3 ] DEBUG Engine               - isUserProfileEnabled: false
15:59:44.214 [FXGL Background Thread 3 ] DEBUG Engine               - isWindows: true
15:59:44.214 [FXGL Background Thread 3 ] DEBUG Engine               - language: ObjectProperty [value: ENGLISH]
15:59:44.214 [FXGL Background Thread 3 ] DEBUG Engine               - menuKey: ESCAPE
15:59:44.214 [FXGL Background Thread 3 ] DEBUG Engine               - mouseSensitivity: 0.2
15:59:44.214 [FXGL Background Thread 3 ] DEBUG Engine               - notificationViewClass: class com.almasb.fxgl.notification.view.XboxNotificationView
15:59:44.214 [FXGL Background Thread 3 ] DEBUG Engine               - pixelsPerMeter: 50.0
15:59:44.214 [FXGL Background Thread 3 ] DEBUG Engine               - platform: WINDOWS
15:59:44.214 [FXGL Background Thread 3 ] DEBUG Engine               - prefHeightProperty: ReadOnlyDoubleProperty [value: 600.0]
15:59:44.214 [FXGL Background Thread 3 ] DEBUG Engine               - prefWidthProperty: ReadOnlyDoubleProperty [value: 1000.0]
15:59:44.214 [FXGL Background Thread 3 ] DEBUG Engine               - profileDir: profiles/
15:59:44.214 [FXGL Background Thread 3 ] DEBUG Engine               - profileName: StringProperty [value: DEFAULT]
15:59:44.214 [FXGL Background Thread 3 ] DEBUG Engine               - randomSeed: -1
15:59:44.215 [FXGL Background Thread 3 ] DEBUG Engine               - runtimeInfo: RuntimeInfo(platform=WINDOWS, version=17.3, build=30.03.2023 11.49)
15:59:44.215 [FXGL Background Thread 3 ] DEBUG Engine               - saveFileExt: sav
15:59:44.215 [FXGL Background Thread 3 ] DEBUG Engine               - scaledHeightProp$fxgl: DoubleProperty [bound, value: 600.0]
15:59:44.215 [FXGL Background Thread 3 ] DEBUG Engine               - scaledWidthProp$fxgl: DoubleProperty [bound, value: 1000.0]
15:59:44.215 [FXGL Background Thread 3 ] DEBUG Engine               - sceneFactory: com.almasb.fxgl.app.scene.SceneFactory@235aa884
15:59:44.215 [FXGL Background Thread 3 ] DEBUG Engine               - secondsIn24h: 60
15:59:44.215 [FXGL Background Thread 3 ] DEBUG Engine               - soundMenuBack: menu/back.wav
15:59:44.215 [FXGL Background Thread 3 ] DEBUG Engine               - soundMenuPress: menu/press.wav
15:59:44.215 [FXGL Background Thread 3 ] DEBUG Engine               - soundMenuSelect: menu/select.wav
15:59:44.215 [FXGL Background Thread 3 ] DEBUG Engine               - soundNotification: core/notification.wav
15:59:44.215 [FXGL Background Thread 3 ] DEBUG Engine               - stageStyle: DECORATED
15:59:44.215 [FXGL Background Thread 3 ] DEBUG Engine               - supportedLanguages: [ENGLISH, FRENCH, GERMAN, HUNGARIAN, RUSSIAN]
15:59:44.215 [FXGL Background Thread 3 ] DEBUG Engine               - ticksPerSecond: -1
15:59:44.215 [FXGL Background Thread 3 ] DEBUG Engine               - title: Jugador Sonic
15:59:44.215 [FXGL Background Thread 3 ] DEBUG Engine               - urlGithub: https://github.com/AlmasB/FXGL
15:59:44.215 [FXGL Background Thread 3 ] DEBUG Engine               - urlLeaderboard: http://fxgl-top.herokuapp.com/
15:59:44.215 [FXGL Background Thread 3 ] DEBUG Engine               - urlPOM: https://raw.githubusercontent.com/AlmasB/FXGL/release/README.md
15:59:44.215 [FXGL Background Thread 3 ] DEBUG Engine               - userAppClass: class Runner.ClientRunner
15:59:44.215 [FXGL Background Thread 3 ] DEBUG Engine               - version: 0.0
15:59:44.216 [FXGL Background Thread 3 ] DEBUG Engine               - versionCheckDays: 7
15:59:44.216 [FXGL Background Thread 3 ] DEBUG Engine               - width: 1000
15:59:44.216 [FXGL Background Thread 3 ] DEBUG Engine               - Logging services
15:59:44.216 [FXGL Background Thread 3 ] DEBUG Engine               - class com.almasb.fxgl.app.services.FXGLAssetLoaderService
15:59:44.216 [FXGL Background Thread 3 ] DEBUG Engine               - class com.almasb.fxgl.app.FXGLApplication$GameApplicationService
15:59:44.216 [FXGL Background Thread 3 ] DEBUG Engine               - class com.almasb.fxgl.app.services.FXGLDialogService
15:59:44.216 [FXGL Background Thread 3 ] DEBUG Engine               - class com.almasb.fxgl.app.services.IOTaskExecutorService
15:59:44.216 [FXGL Background Thread 3 ] DEBUG Engine               - class com.almasb.fxgl.io.FileSystemService
15:59:44.216 [FXGL Background Thread 3 ] DEBUG Engine               - class com.almasb.fxgl.localization.LocalizationService
15:59:44.216 [FXGL Background Thread 3 ] DEBUG Engine               - class com.almasb.fxgl.app.services.SystemBundleService
15:59:44.216 [FXGL Background Thread 3 ] DEBUG Engine               - class com.almasb.fxgl.profile.SaveLoadService
15:59:44.216 [FXGL Background Thread 3 ] DEBUG Engine               - class com.almasb.fxgl.ui.FXGLUIFactoryServiceProvider
15:59:44.216 [FXGL Background Thread 3 ] DEBUG Engine               - class com.almasb.fxgl.ui.FXGLDialogFactoryServiceProvider
15:59:44.216 [FXGL Background Thread 3 ] DEBUG Engine               - class com.almasb.fxgl.audio.AudioPlayer
15:59:44.216 [FXGL Background Thread 3 ] DEBUG Engine               - class com.almasb.fxgl.notification.impl.NotificationServiceProvider
15:59:44.216 [FXGL Background Thread 3 ] DEBUG Engine               - class com.almasb.fxgl.achievement.AchievementService
15:59:44.216 [FXGL Background Thread 3 ] DEBUG Engine               - class com.almasb.fxgl.cutscene.CutsceneService
15:59:44.216 [FXGL Background Thread 3 ] DEBUG Engine               - class com.almasb.fxgl.minigames.MiniGameService
15:59:44.216 [FXGL Background Thread 3 ] DEBUG Engine               - class com.almasb.fxgl.net.NetService
15:59:44.216 [FXGL Background Thread 3 ] DEBUG Engine               - class com.almasb.fxgl.app.services.UpdaterService
15:59:44.216 [FXGL Background Thread 3 ] DEBUG Engine               - class com.almasb.fxgl.dev.DevService
15:59:44.216 [FXGL Background Thread 3 ] DEBUG Engine               - class com.almasb.fxgl.multiplayer.MultiplayerService
15:59:48.016 [JavaFX Application Thread] DEBUG FXGLAssetLoaderServi - Loading from file system: file:/C:/Users/User/Documents/GitHub/Sonic-rush/target/classes/assets/textures/fondo.png
15:59:48.232 [JavaFX Application Thread] DEBUG TMXLevelLoader       - Parsed TiledMap: file:/C:/Users/User/Documents/GitHub/Sonic-rush/target/classes/assets/levels/mapazo.tmx
15:59:48.234 [JavaFX Application Thread] DEBUG TMXLevelLoader       - Creating tile layer entities
15:59:48.237 [JavaFX Application Thread] DEBUG TilesetLoader        - Loading view for layer Capa de patrones 1
15:59:48.240 [JavaFX Application Thread] DEBUG TilesetLoader        - Created buffer with size 3840.0x720.0
15:59:48.270 [JavaFX Application Thread] DEBUG TMXLevelLoader       - Creating object layer entities
15:59:48.300 [JavaFX Application Thread] DEBUG GameWorld            - Clearing removable entities
15:59:48.304 [JavaFX Application Thread] DEBUG GameWorld            - Setting level: com.almasb.fxgl.entity.level.Level@4c9b9766
15:59:48.316 [JavaFX Application Thread] DEBUG FXGLAssetLoaderServi - Loading from file system: file:/C:/Users/User/Documents/GitHub/Sonic-rush/target/classes/assets/textures/Enemigos/eggman2.png
15:59:48.326 [ClientAsyncConnThread    ] DEBUG TCPClient            - Connecting to localhost:55555 type: class com.almasb.fxgl.core.serialization.Bundle
15:59:48.327 [ClientAsyncConnThread    ] DEBUG TCPClient            - Created socket to localhost:55555
15:59:48.331 [ClientAsyncConnThread    ] DEBUG Endpoint             - TCPClient opening new connection (1) from localhost/127.0.0.1:55555 type: class com.almasb.fxgl.core.serialization.Bundle
15:59:48.355 [ClientAsyncConnThread    ] DEBUG Endpoint             - TCPClient successfully opened connection (1)
15:59:48.363 [TCPClient_SendThread-1   ] DEBUG Writers              - Getting TCPMessageWriter for class com.almasb.fxgl.core.serialization.Bundle
15:59:48.365 [TCPClient_RecvThread-1   ] DEBUG Readers              - Getting TCPMessageReader for class com.almasb.fxgl.core.serialization.Bundle
15:59:48.377 [TCPClient_SendThread-1   ] DEBUG Writers              - Constructed TCPMessageWriter for class com.almasb.fxgl.core.serialization.Bundle: BundleTCPMessageWriter
15:59:48.379 [TCPClient_RecvThread-1   ] DEBUG Readers              - Constructed MessageReader for class com.almasb.fxgl.core.serialization.Bundle: BundleTCPMessageReader
15:59:48.403 [JavaFX Application Thread] DEBUG FXGLAssetLoaderServi - Loading from file system: file:/C:/Users/User/Documents/GitHub/Sonic-rush/target/classes/assets/textures/Items/ring.png
15:59:48.417 [JavaFX Application Thread] DEBUG FXGLAssetLoaderServi - Loading from file system: file:/C:/Users/User/Documents/GitHub/Sonic-rush/target/classes/assets/textures/Items/caucho.png
15:59:48.420 [JavaFX Application Thread] DEBUG FXGLAssetLoaderServi - Loading from file system: file:/C:/Users/User/Documents/GitHub/Sonic-rush/target/classes/assets/textures/Items/papel.png
15:59:48.424 [JavaFX Application Thread] DEBUG FXGLAssetLoaderServi - Loading from file system: file:/C:/Users/User/Documents/GitHub/Sonic-rush/target/classes/assets/textures/Items/basura.png
15:59:48.437 [JavaFX Application Thread] DEBUG FXGLAssetLoaderServi - Loading from file system: file:/C:/Users/User/Documents/GitHub/Sonic-rush/target/classes/assets/textures/Enemigos/enemigo.png
15:59:48.488 [JavaFX Application Thread] DEBUG FXGLAssetLoaderServi - Loading from file system: file:/C:/Users/User/Documents/GitHub/Sonic-rush/target/classes/assets/textures/Personajes/sonic.png
15:59:48.493 [JavaFX Application Thread] DEBUG FXGLAssetLoaderServi - Loading from file system: file:/C:/Users/User/Documents/GitHub/Sonic-rush/target/classes/assets/textures/Personajes/sonic_camina.png
15:59:48.495 [JavaFX Application Thread] DEBUG FXGLAssetLoaderServi - Loading from file system: file:/C:/Users/User/Documents/GitHub/Sonic-rush/target/classes/assets/textures/Personajes/super_sonic.png
15:59:51.477 [JavaFX Application Thread] DEBUG FXGLAssetLoaderServi - Loading from file system: file:/C:/Users/User/Documents/GitHub/Sonic-rush/target/classes/assets/sounds/recoger.wav
15:59:52.690 [JavaFX Application Thread] DEBUG FXGLAssetLoaderServi - Loading from file system: file:/C:/Users/User/Documents/GitHub/Sonic-rush/target/classes/assets/sounds/salto.wav
15:59:55.159 [JavaFX Application Thread] DEBUG PrimaryStageWindow   - Push state: DialogSubScene
15:59:55.159 [JavaFX Application Thread] DEBUG Input                - Clearing active input actions
15:59:55.160 [JavaFX Application Thread] DEBUG GameApplicationServi - Removing overlay from GameScene and adding to DialogSubScene
15:59:55.160 [JavaFX Application Thread] DEBUG PrimaryStageWindow   - GameScene -> DialogSubScene
15:59:57.513 [JavaFX Application Thread] DEBUG PrimaryStageWindow   - Pop state: DialogSubScene
15:59:57.514 [JavaFX Application Thread] DEBUG Input                - Clearing active input actions
15:59:57.514 [JavaFX Application Thread] DEBUG GameApplicationServi - Removing overlay from DialogSubScene and adding to GameScene
15:59:57.515 [JavaFX Application Thread] DEBUG PrimaryStageWindow   - GameScene <- DialogSubScene
15:59:57.542 [JavaFX Application Thread] DEBUG PrimaryStageWindow   - Push state: DialogSubScene
15:59:57.542 [JavaFX Application Thread] DEBUG Input                - Clearing active input actions
15:59:57.544 [JavaFX Application Thread] DEBUG GameApplicationServi - Removing overlay from GameScene and adding to DialogSubScene
15:59:57.544 [JavaFX Application Thread] DEBUG PrimaryStageWindow   - GameScene -> DialogSubScene
15:59:59.873 [JavaFX Application Thread] DEBUG PrimaryStageWindow   - Pop state: DialogSubScene
15:59:59.873 [JavaFX Application Thread] DEBUG Input                - Clearing active input actions
15:59:59.874 [JavaFX Application Thread] DEBUG GameApplicationServi - Removing overlay from DialogSubScene and adding to GameScene
15:59:59.874 [JavaFX Application Thread] DEBUG PrimaryStageWindow   - GameScene <- DialogSubScene
16:00:13.109 [JavaFX Application Thread] DEBUG TMXLevelLoader       - Parsed TiledMap: file:/C:/Users/User/Documents/GitHub/Sonic-rush/target/classes/assets/levels/mapazo.tmx
16:00:13.109 [JavaFX Application Thread] DEBUG TMXLevelLoader       - Creating tile layer entities
16:00:13.110 [JavaFX Application Thread] DEBUG TilesetLoader        - Loading view for layer Capa de patrones 1
16:00:13.111 [JavaFX Application Thread] DEBUG TilesetLoader        - Created buffer with size 3840.0x720.0
16:00:13.125 [JavaFX Application Thread] DEBUG TMXLevelLoader       - Creating object layer entities
16:00:13.139 [JavaFX Application Thread] DEBUG GameWorld            - Clearing removable entities
16:00:13.141 [JavaFX Application Thread] DEBUG GameWorld            - Setting level: com.almasb.fxgl.entity.level.Level@7e34a823
16:00:13.155 [ClientAsyncConnThread    ] DEBUG TCPClient            - Connecting to localhost:55555 type: class com.almasb.fxgl.core.serialization.Bundle
16:00:13.157 [ClientAsyncConnThread    ] DEBUG TCPClient            - Created socket to localhost:55555
16:00:13.157 [ClientAsyncConnThread    ] DEBUG Endpoint             - TCPClient opening new connection (1) from localhost/127.0.0.1:55555 type: class com.almasb.fxgl.core.serialization.Bundle
16:00:13.158 [ClientAsyncConnThread    ] DEBUG Endpoint             - TCPClient successfully opened connection (1)
16:00:13.161 [TCPClient_SendThread-1   ] DEBUG Writers              - Getting TCPMessageWriter for class com.almasb.fxgl.core.serialization.Bundle
16:00:13.162 [TCPClient_SendThread-1   ] DEBUG Writers              - Constructed TCPMessageWriter for class com.almasb.fxgl.core.serialization.Bundle: BundleTCPMessageWriter
16:00:13.162 [TCPClient_RecvThread-1   ] DEBUG Readers              - Getting TCPMessageReader for class com.almasb.fxgl.core.serialization.Bundle
16:00:13.164 [TCPClient_RecvThread-1   ] DEBUG Readers              - Constructed MessageReader for class com.almasb.fxgl.core.serialization.Bundle: BundleTCPMessageReader
16:00:19.125 [JavaFX Application Thread] DEBUG FXGLAssetLoaderServi - Loading from file system: file:/C:/Users/User/Documents/GitHub/Sonic-rush/target/classes/assets/sounds/muerte.wav
16:00:51.830 [JavaFX Application Thread] DEBUG PrimaryStageWindow   - Push state: DialogSubScene
16:00:51.830 [JavaFX Application Thread] DEBUG Input                - Clearing active input actions
16:00:51.830 [JavaFX Application Thread] DEBUG GameApplicationServi - Removing overlay from GameScene and adding to DialogSubScene
16:00:51.830 [JavaFX Application Thread] DEBUG PrimaryStageWindow   - GameScene -> DialogSubScene
16:00:52.945 [JavaFX Application Thread] DEBUG PrimaryStageWindow   - Pop state: DialogSubScene
16:00:52.945 [JavaFX Application Thread] DEBUG Input                - Clearing active input actions
16:00:52.946 [JavaFX Application Thread] DEBUG GameApplicationServi - Removing overlay from DialogSubScene and adding to GameScene
16:00:52.946 [JavaFX Application Thread] DEBUG PrimaryStageWindow   - GameScene <- DialogSubScene
16:00:52.947 [JavaFX Application Thread] DEBUG PrimaryStageWindow   - Push state: DialogSubScene
16:00:52.947 [JavaFX Application Thread] DEBUG Input                - Clearing active input actions
16:00:52.948 [JavaFX Application Thread] DEBUG GameApplicationServi - Removing overlay from GameScene and adding to DialogSubScene
16:00:52.948 [JavaFX Application Thread] DEBUG PrimaryStageWindow   - GameScene -> DialogSubScene
16:00:55.121 [JavaFX Application Thread] DEBUG PrimaryStageWindow   - Pop state: DialogSubScene
16:00:55.121 [JavaFX Application Thread] DEBUG Input                - Clearing active input actions
16:00:55.121 [JavaFX Application Thread] DEBUG GameApplicationServi - Removing overlay from DialogSubScene and adding to GameScene
16:00:55.121 [JavaFX Application Thread] DEBUG PrimaryStageWindow   - GameScene <- DialogSubScene
16:00:57.348 [JavaFX Application Thread] DEBUG TMXLevelLoader       - Parsed TiledMap: file:/C:/Users/User/Documents/GitHub/Sonic-rush/target/classes/assets/levels/mapazo.tmx
16:00:57.348 [JavaFX Application Thread] DEBUG TMXLevelLoader       - Creating tile layer entities
16:00:57.348 [JavaFX Application Thread] DEBUG TilesetLoader        - Loading view for layer Capa de patrones 1
16:00:57.354 [JavaFX Application Thread] DEBUG TilesetLoader        - Created buffer with size 3840.0x720.0
16:00:57.367 [JavaFX Application Thread] DEBUG TMXLevelLoader       - Creating object layer entities
16:00:57.372 [JavaFX Application Thread] DEBUG GameWorld            - Clearing removable entities
16:00:57.372 [JavaFX Application Thread] DEBUG GameWorld            - Setting level: com.almasb.fxgl.entity.level.Level@34bf82c0
16:00:57.393 [ClientAsyncConnThread    ] DEBUG TCPClient            - Connecting to localhost:55555 type: class com.almasb.fxgl.core.serialization.Bundle
16:00:57.395 [ClientAsyncConnThread    ] DEBUG TCPClient            - Created socket to localhost:55555
16:00:57.395 [ClientAsyncConnThread    ] DEBUG Endpoint             - TCPClient opening new connection (1) from localhost/127.0.0.1:55555 type: class com.almasb.fxgl.core.serialization.Bundle
16:00:57.395 [ClientAsyncConnThread    ] DEBUG Endpoint             - TCPClient successfully opened connection (1)
16:00:57.397 [TCPClient_SendThread-1   ] DEBUG Writers              - Getting TCPMessageWriter for class com.almasb.fxgl.core.serialization.Bundle
16:00:57.398 [TCPClient_SendThread-1   ] DEBUG Writers              - Constructed TCPMessageWriter for class com.almasb.fxgl.core.serialization.Bundle: BundleTCPMessageWriter
16:00:57.398 [TCPClient_RecvThread-1   ] DEBUG Readers              - Getting TCPMessageReader for class com.almasb.fxgl.core.serialization.Bundle
16:00:57.398 [TCPClient_RecvThread-1   ] DEBUG Readers              - Constructed MessageReader for class com.almasb.fxgl.core.serialization.Bundle: BundleTCPMessageReader
16:00:57.419 [JavaFX Application Thread] DEBUG FXGLAssetLoaderServi - Loading from file system: file:/C:/Users/User/Documents/GitHub/Sonic-rush/target/classes/assets/textures/Personajes/knuckles.png
16:00:57.420 [JavaFX Application Thread] DEBUG FXGLAssetLoaderServi - Loading from file system: file:/C:/Users/User/Documents/GitHub/Sonic-rush/target/classes/assets/textures/Personajes/knuckles_golpe.png
16:01:58.485 [JavaFX Application Thread] DEBUG FXGLAssetLoaderServi - Loading from file system: file:/C:/Users/User/Documents/GitHub/Sonic-rush/target/classes/assets/sounds/perder_anillos.wav
16:02:08.720 [JavaFX Application Thread] DEBUG FXGLApplication      - Exiting FXGL
16:02:08.720 [JavaFX Application Thread] DEBUG LoopRunner           - Stopping loop
16:02:08.720 [JavaFX Application Thread] DEBUG SystemBundleService  - Saving FXGL system data
16:02:08.722 [JavaFX Application Thread] DEBUG FileSystemAccess     - Writing to: C:\Users\User\Documents\GitHub\Sonic-rush\system\fxgl.bundle
16:02:08.723 [JavaFX Application Thread] DEBUG Async                - Shutting down background threads
16:02:08.723 [JavaFX Application Thread] DEBUG PrimaryStageWindow   - Closing main window
16:02:08.728 [JavaFX Application Thread] DEBUG Logger               - Closing Logger
