16:17:43.868 [main                     ] DEBUG Logger               - Configured Logger
16:17:43.909 [main                     ] DEBUG GameApplication      - Logging settings
Title: Server
Version: 0.0
Width: 800
Height: 500
Fullscreen: false
Intro: false
Profiling: false
Single step:false
App Mode: DEVELOPER
Menu Key: ESCAPE
Stage Style: DECORATED
Scene Factory: class com.almasb.fxgl.app.scene.SceneFactory

16:17:44.555 [JavaFX Application Thread] DEBUG FXGLApplication      - Initializing FXGL
16:17:44.568 [JavaFX Application Thread] INFO  Engine               - FXGL-17.3 (30.03.2023 11.49) on WINDOWS (J:17.0.12 FX:20)
16:17:44.571 [JavaFX Application Thread] DEBUG Engine               - JRE Vendor Name: Oracle Corporation
16:17:44.573 [JavaFX Application Thread] DEBUG Engine               - Running on OS: Windows 10 version 10.0
16:17:44.574 [JavaFX Application Thread] DEBUG Engine               - Architecture: amd64
16:17:44.574 [JavaFX Application Thread] INFO  Engine               - Source code and latest versions at: https://github.com/AlmasB/FXGL
16:17:44.598 [JavaFX Application Thread] INFO  Engine               -       Ask questions and discuss at: https://github.com/AlmasB/FXGL/discussions
16:17:44.600 [JavaFX Application Thread] INFO  Engine               -              Join the FXGL chat at: https://gitter.im/AlmasB/FXGL
16:17:44.921 [JavaFX Application Thread] DEBUG PrimaryStageWindow   - Creating a JavaFX scene
16:17:45.031 [JavaFX Application Thread] DEBUG PrimaryStageWindow   - Target settings size: 800.0 x 500.0
16:17:45.032 [JavaFX Application Thread] DEBUG PrimaryStageWindow   - Scaled scene size:    800.0 x 500.0
16:17:45.032 [JavaFX Application Thread] DEBUG PrimaryStageWindow   - Scaled ratio: (1.0, 1.0)
16:17:45.035 [JavaFX Application Thread] DEBUG PrimaryStageWindow   - Set initial scene to FXGLStartupScene
16:17:45.042 [JavaFX Application Thread] DEBUG PrimaryStageWindow   - Opening main window
16:17:45.225 [JavaFX Application Thread] DEBUG PrimaryStageWindow   - Window border size: (14.4000244140625, 37.5999755859375)
16:17:45.226 [JavaFX Application Thread] DEBUG PrimaryStageWindow   - Scaled size: 800.0 x 500.0
16:17:45.226 [JavaFX Application Thread] DEBUG PrimaryStageWindow   - Scaled ratio: (1.0, 1.0)
16:17:45.227 [JavaFX Application Thread] DEBUG PrimaryStageWindow   - Scene size: 800.0 x 500.0
16:17:45.227 [JavaFX Application Thread] DEBUG PrimaryStageWindow   - Stage size: 814.4000244140625 x 537.5999755859375
16:17:45.416 [FXGL Background Thread 1 ] DEBUG Engine               - Initializing environment variables
16:17:45.636 [FXGL Background Thread 1 ] DEBUG FXGLAssetLoaderServi - User app class for loading assets: class Runner.ServerRunner
16:17:45.637 [FXGL Background Thread 1 ] DEBUG GameApplicationServi - Applying CSS: fxgl_dark.css
16:17:45.640 [FXGL Background Thread 1 ] DEBUG FXGLAssetLoaderServi - Loading from file system: jar:file:/C:/Users/Owner/.m2/repository/com/github/almasb/fxgl/17.3/fxgl-17.3.jar!/fxglassets/ui/css/fxgl_dark.css
16:17:45.738 [FXGL Background Thread 1 ] DEBUG GameApplicationServi - Initializing application scenes
16:17:46.375 [FXGL Background Thread 1 ] DEBUG GameWorld            - Game world initialized
16:17:46.697 [FXGL Background Thread 1 ] DEBUG PhysicsWorld         - Physics world initialized: appHeight=500, physics.ppm=50.0
16:17:46.697 [FXGL Background Thread 1 ] DEBUG PhysicsWorld         - Using strategy: BRUTE_FORCE
16:17:46.728 [FXGL Background Thread 1 ] DEBUG GameScene            - Game scene initialized: 800x500
16:17:46.792 [FXGL Background Thread 1 ] WARN  FXGL.DefaultMenu     - FXGLDefaultMenu is not designed for resolutions < 800x600
16:17:46.796 [FXGL Background Thread 1 ] DEBUG FXGL.DefaultMenu     - createMenuBodyGameMenu()
16:17:46.837 [FXGL Background Thread 1 ] DEBUG FXGL.DefaultMenu     - createOptionsMenu()
16:17:46.873 [FXGL Background Thread 1 ] DEBUG FXGLAssetLoaderServi - Loading from file system: jar:file:/C:/Users/Owner/.m2/repository/com/github/almasb/fxgl/17.3/fxgl-17.3.jar!/fxglassets/textures/particles/smoke.png
16:17:47.117 [FXGL Background Thread 1 ] DEBUG FXGLAssetLoaderServi - Loading from file system: jar:file:/C:/Users/Owner/.m2/repository/com/github/almasb/fxgl/17.3/fxgl-17.3.jar!/fxglassets/textures/particles/trace_horizontal.png
16:17:47.205 [FXGL Background Thread 1 ] DEBUG GameApplicationServi - Application scenes initialized
16:17:47.229 [FXGL Background Thread 1 ] DEBUG SystemBundleService  - Loading FXGL system data
16:17:47.240 [FXGL Background Thread 1 ] DEBUG FileSystemAccess     - Reading from: C:\Users\Owner\Desktop\Sonic-rush\system\fxgl.bundle
16:17:47.273 [FXGL Background Thread 1 ] DEBUG SystemBundleService  - Bundle FXGL: {}
16:17:47.273 [FXGL Background Thread 1 ] DEBUG UpdaterService       - Checking for updates
16:17:47.282 [FXGL Background Thread 1 ] DEBUG FXGLApplication      - Loading default localization
16:17:47.283 [FXGL Background Thread 1 ] DEBUG FXGLAssetLoaderServi - Loading from file system: jar:file:/C:/Users/Owner/.m2/repository/com/github/almasb/fxgl/17.3/fxgl-17.3.jar!/fxglassets/languages/english.lang
16:17:47.313 [FXGL Background Thread 1 ] INFO  FXGLApplication      - FXGL initialization took: 1.898 sec
16:17:47.323 [JavaFX Application Thread] DEBUG FXGLAssetLoaderServi - Loading from file system: jar:file:/C:/Users/Owner/.m2/repository/com/github/almasb/fxgl/17.3/fxgl-17.3.jar!/fxglassets/textures/fxgl_icon.png
16:17:47.366 [FXGL Background Thread 4 ] DEBUG FXGLApplication      - Loading fonts
16:17:47.373 [FXGL Background Thread 4 ] DEBUG FXGLAssetLoaderServi - Loading from file system: jar:file:/C:/Users/Owner/.m2/repository/com/github/almasb/fxgl/17.3/fxgl-17.3.jar!/fxglassets/ui/fonts/VarelaRound-Regular.ttf
16:17:47.384 [JavaFX Application Thread] DEBUG FXGLAssetLoaderServi - Loading from file system: jar:file:/C:/Users/Owner/.m2/repository/com/github/almasb/fxgl/17.3/fxgl-17.3.jar!/fxglassets/textures/fxgl_default_cursor.png
16:17:47.403 [JavaFX Application Thread] DEBUG Input                - Registered new binding: Screenshot - CTRL+8
16:17:47.404 [JavaFX Application Thread] DEBUG Input                - Registered new binding: System info dump - CTRL+9
16:17:47.405 [JavaFX Application Thread] DEBUG Input                - Registered new binding: Restart - CTRL+R
16:17:47.406 [JavaFX Application Thread] DEBUG Input                - Registered new binding: Toggle Debug Camera - CTRL+7
16:17:47.411 [JavaFX Application Thread] DEBUG LoopRunner           - Starting loop
16:17:47.411 [JavaFX Application Thread] DEBUG LoopRunner           - Initializing JavaFX AnimationTimerLoop
16:17:47.414 [JavaFX Application Thread] DEBUG GameApplicationServi - Starting new game
16:17:47.415 [JavaFX Application Thread] DEBUG Input                - Clearing active input actions
16:17:47.430 [JavaFX Application Thread] DEBUG GameApplicationServi - Removing overlay from FXGLStartupScene and adding to FXGLLoadingScene
16:17:47.431 [JavaFX Application Thread] DEBUG PrimaryStageWindow   - FXGLStartupScene -> FXGLLoadingScene
16:17:47.431 [JavaFX Application Thread] DEBUG GameApplicationServi - Clearing previous game
16:17:47.431 [JavaFX Application Thread] DEBUG GameScene            - Clearing game scene
16:17:47.431 [JavaFX Application Thread] DEBUG GameWorld            - Clearing game world
16:17:47.431 [JavaFX Application Thread] DEBUG PhysicsWorld         - Clearing physics world
16:17:47.433 [FXGL Background Thread 1 ] DEBUG FXGLApplication      - Initializing game
16:17:47.899 [FXGL Background Thread 1 ] DEBUG TMXLevelLoader       - Parsed TiledMap: file:/C:/Users/Owner/Desktop/Sonic-rush/target/classes/assets/levels/mapazo.tmx
16:17:47.900 [FXGL Background Thread 1 ] DEBUG TMXLevelLoader       - Creating tile layer entities
16:17:47.909 [FXGL Background Thread 1 ] DEBUG TilesetLoader        - Loading view for layer Capa de patrones 1
16:17:47.977 [FXGL Background Thread 1 ] DEBUG TilesetLoader        - Created buffer with size 3840.0x720.0
16:17:47.997 [ServerAsyncConnThread    ] DEBUG TCPServer            - Starting to listen at: 55555 type: class com.almasb.fxgl.core.serialization.Bundle
16:17:48.035 [FXGL Background Thread 1 ] DEBUG TMXLevelLoader       - Creating object layer entities
16:17:48.073 [FXGL Background Thread 1 ] DEBUG GameWorld            - Clearing removable entities
16:17:48.074 [FXGL Background Thread 1 ] DEBUG GameWorld            - Setting level: com.almasb.fxgl.entity.level.Level@798ba041
16:17:48.525 [FXGL Background Thread 1 ] DEBUG FXGLAssetLoaderServi - Loading from file system: file:/C:/Users/Owner/Desktop/Sonic-rush/target/classes/assets/textures/Items/ring.png
16:17:48.558 [FXGL Background Thread 4 ] DEBUG FXGLAssetLoaderServi - Loading from file system: jar:file:/C:/Users/Owner/.m2/repository/com/github/almasb/fxgl/17.3/fxgl-17.3.jar!/fxglassets/ui/fonts/Abel-Regular.ttf
16:17:48.566 [FXGL Background Thread 4 ] DEBUG FXGLAssetLoaderServi - Loading from file system: jar:file:/C:/Users/Owner/.m2/repository/com/github/almasb/fxgl/17.3/fxgl-17.3.jar!/fxglassets/ui/fonts/TerminalLandMono-Regular.otf
16:17:48.577 [FXGL Background Thread 4 ] DEBUG FXGLAssetLoaderServi - Loading from file system: jar:file:/C:/Users/Owner/.m2/repository/com/github/almasb/fxgl/17.3/fxgl-17.3.jar!/fxglassets/ui/fonts/Courier-Prime.ttf
16:17:48.591 [JavaFX Application Thread] DEBUG FXGLApplication      - Registering font factories with UI factory
16:17:48.620 [FXGL Background Thread 1 ] DEBUG FXGLAssetLoaderServi - Loading from file system: file:/C:/Users/Owner/Desktop/Sonic-rush/target/classes/assets/textures/Enemigos/enemigo2.png
16:17:48.643 [FXGL Background Thread 1 ] DEBUG FXGLAssetLoaderServi - Loading from file system: file:/C:/Users/Owner/Desktop/Sonic-rush/target/classes/assets/textures/Items/caucho.png
16:17:48.645 [FXGL Background Thread 1 ] DEBUG FXGLAssetLoaderServi - Loading from file system: file:/C:/Users/Owner/Desktop/Sonic-rush/target/classes/assets/textures/Items/basura.png
16:17:48.648 [FXGL Background Thread 1 ] DEBUG FXGLAssetLoaderServi - Loading from file system: file:/C:/Users/Owner/Desktop/Sonic-rush/target/classes/assets/textures/Items/papel.png
16:17:48.682 [FXGL Background Thread 1 ] INFO  FXGLApplication      - Game initialization took: 1.248 sec
16:17:48.762 [JavaFX Application Thread] DEBUG Input                - Clearing active input actions
16:17:48.788 [JavaFX Application Thread] DEBUG GameApplicationServi - Removing overlay from FXGLLoadingScene and adding to GameScene
16:17:48.789 [JavaFX Application Thread] DEBUG PrimaryStageWindow   - FXGLLoadingScene -> GameScene
16:17:49.566 [FXGL Background Thread 2 ] INFO  UpdaterService       - Your current version:  17.3
16:17:49.851 [FXGL Background Thread 2 ] INFO  UpdaterService       - Latest stable version: 21.1
16:17:50.295 [FXGL Background Thread 3 ] DEBUG Engine               - Logging environment variables
16:17:50.296 [FXGL Background Thread 3 ] DEBUG Engine               - achievements: []
16:17:50.297 [FXGL Background Thread 3 ] DEBUG Engine               - actualHeight: 500.0
16:17:50.297 [FXGL Background Thread 3 ] DEBUG Engine               - actualHeightProperty: ReadOnlyDoubleProperty [value: 500.0]
16:17:50.297 [FXGL Background Thread 3 ] DEBUG Engine               - actualWidth: 800.0
16:17:50.298 [FXGL Background Thread 3 ] DEBUG Engine               - actualWidthProperty: ReadOnlyDoubleProperty [value: 800.0]
16:17:50.298 [FXGL Background Thread 3 ] DEBUG Engine               - appIcon: fxgl_icon.png
16:17:50.298 [FXGL Background Thread 3 ] DEBUG Engine               - applicationMode: DEVELOPER
16:17:50.299 [FXGL Background Thread 3 ] DEBUG Engine               - cSSList: [fxgl_dark.css]
16:17:50.299 [FXGL Background Thread 3 ] DEBUG Engine               - collisionDetectionStrategy: BRUTE_FORCE
16:17:50.299 [FXGL Background Thread 3 ] DEBUG Engine               - configClass: Optional.empty
16:17:50.299 [FXGL Background Thread 3 ] DEBUG Engine               - credits: []
16:17:50.303 [FXGL Background Thread 3 ] DEBUG Engine               - defaultCursor: CursorInfo(imageName=fxgl_default_cursor.png, hotspotX=7.0, hotspotY=6.0)
16:17:50.306 [FXGL Background Thread 3 ] DEBUG Engine               - devBBoxColorProperty: ObjectProperty [value: 0xff0000ff]
16:17:50.308 [FXGL Background Thread 3 ] DEBUG Engine               - devEnableDebugCameraProperty: BooleanProperty [value: false]
16:17:50.311 [FXGL Background Thread 3 ] DEBUG Engine               - devSensorColorProperty: ObjectProperty [value: 0xffff00ff]
16:17:50.312 [FXGL Background Thread 3 ] DEBUG Engine               - devShowBBoxProperty: BooleanProperty [value: false]
16:17:50.313 [FXGL Background Thread 3 ] DEBUG Engine               - devShowPositionProperty: BooleanProperty [value: false]
16:17:50.314 [FXGL Background Thread 3 ] DEBUG Engine               - enabledMenuItems: []
16:17:50.316 [FXGL Background Thread 3 ] DEBUG Engine               - engineServices: [class com.almasb.fxgl.app.services.FXGLAssetLoaderService, class com.almasb.fxgl.app.FXGLApplication$GameApplicationService, class com.almasb.fxgl.app.services.FXGLDialogService, class com.almasb.fxgl.app.services.IOTaskExecutorService, class com.almasb.fxgl.io.FileSystemService, class com.almasb.fxgl.localization.LocalizationService, class com.almasb.fxgl.app.services.SystemBundleService, class com.almasb.fxgl.profile.SaveLoadService, class com.almasb.fxgl.ui.FXGLUIFactoryServiceProvider, class com.almasb.fxgl.ui.FXGLDialogFactoryServiceProvider, class com.almasb.fxgl.audio.AudioPlayer, class com.almasb.fxgl.notification.impl.NotificationServiceProvider, class com.almasb.fxgl.achievement.AchievementService, class com.almasb.fxgl.cutscene.CutsceneService, class com.almasb.fxgl.minigames.MiniGameService, class com.almasb.fxgl.net.NetService, class com.almasb.fxgl.app.services.UpdaterService, class com.almasb.fxgl.dev.DevService, class com.almasb.fxgl.multiplayer.MultiplayerService]
16:17:50.317 [FXGL Background Thread 3 ] DEBUG Engine               - fontGame: Abel-Regular.ttf
16:17:50.318 [FXGL Background Thread 3 ] DEBUG Engine               - fontMono: TerminalLandMono-Regular.otf
16:17:50.319 [FXGL Background Thread 3 ] DEBUG Engine               - fontSizeScaleUI: 1.0
16:17:50.320 [FXGL Background Thread 3 ] DEBUG Engine               - fontText: Courier-Prime.ttf
16:17:50.321 [FXGL Background Thread 3 ] DEBUG Engine               - fontUI: VarelaRound-Regular.ttf
16:17:50.322 [FXGL Background Thread 3 ] DEBUG Engine               - fullScreen: BooleanProperty [value: false]
16:17:50.323 [FXGL Background Thread 3 ] DEBUG Engine               - gameDifficulty: MEDIUM
16:17:50.324 [FXGL Background Thread 3 ] DEBUG Engine               - gameDifficultyProperty: ObjectProperty [value: MEDIUM]
16:17:50.324 [FXGL Background Thread 3 ] DEBUG Engine               - globalMusicVolume: 0.5
16:17:50.325 [FXGL Background Thread 3 ] DEBUG Engine               - globalMusicVolumeProperty: DoubleProperty [value: 0.5]
16:17:50.325 [FXGL Background Thread 3 ] DEBUG Engine               - globalSoundVolume: 0.5
16:17:50.325 [FXGL Background Thread 3 ] DEBUG Engine               - globalSoundVolumeProperty: DoubleProperty [value: 0.5]
16:17:50.326 [FXGL Background Thread 3 ] DEBUG Engine               - height: 500
16:17:50.326 [FXGL Background Thread 3 ] DEBUG Engine               - is3D: false
16:17:50.326 [FXGL Background Thread 3 ] DEBUG Engine               - isAndroid: false
16:17:50.326 [FXGL Background Thread 3 ] DEBUG Engine               - isBrowser: false
16:17:50.326 [FXGL Background Thread 3 ] DEBUG Engine               - isClickFeedbackEnabled: false
16:17:50.326 [FXGL Background Thread 3 ] DEBUG Engine               - isCloseConfirmation: false
16:17:50.326 [FXGL Background Thread 3 ] DEBUG Engine               - isDesktop: true
16:17:50.327 [FXGL Background Thread 3 ] DEBUG Engine               - isDeveloperMenuEnabled: false
16:17:50.327 [FXGL Background Thread 3 ] DEBUG Engine               - isEmbedded: false
16:17:50.327 [FXGL Background Thread 3 ] DEBUG Engine               - isEntityPreloadEnabled: true
16:17:50.327 [FXGL Background Thread 3 ] DEBUG Engine               - isExperimentalTiledLargeMap: false
16:17:50.327 [FXGL Background Thread 3 ] DEBUG Engine               - isFileSystemWriteAllowed: true
16:17:50.327 [FXGL Background Thread 3 ] DEBUG Engine               - isFullScreenAllowed: false
16:17:50.328 [FXGL Background Thread 3 ] DEBUG Engine               - isFullScreenFromStart: false
16:17:50.328 [FXGL Background Thread 3 ] DEBUG Engine               - isGameMenuEnabled: true
16:17:50.328 [FXGL Background Thread 3 ] DEBUG Engine               - isIOS: false
16:17:50.328 [FXGL Background Thread 3 ] DEBUG Engine               - isIntroEnabled: false
16:17:50.328 [FXGL Background Thread 3 ] DEBUG Engine               - isLinux: false
16:17:50.328 [FXGL Background Thread 3 ] DEBUG Engine               - isMac: false
16:17:50.328 [FXGL Background Thread 3 ] DEBUG Engine               - isMainMenuEnabled: false
16:17:50.328 [FXGL Background Thread 3 ] DEBUG Engine               - isManualResizeEnabled: false
16:17:50.329 [FXGL Background Thread 3 ] DEBUG Engine               - isMobile: false
16:17:50.329 [FXGL Background Thread 3 ] DEBUG Engine               - isNative: false
16:17:50.329 [FXGL Background Thread 3 ] DEBUG Engine               - isPauseMusicWhenMinimized: true
16:17:50.329 [FXGL Background Thread 3 ] DEBUG Engine               - isPreserveResizeRatio: false
16:17:50.329 [FXGL Background Thread 3 ] DEBUG Engine               - isProfilingEnabled: false
16:17:50.329 [FXGL Background Thread 3 ] DEBUG Engine               - isScaleAffectedOnResize: true
16:17:50.329 [FXGL Background Thread 3 ] DEBUG Engine               - isSingleStep: false
16:17:50.329 [FXGL Background Thread 3 ] DEBUG Engine               - isUserProfileEnabled: false
16:17:50.329 [FXGL Background Thread 3 ] DEBUG Engine               - isWindows: true
16:17:50.330 [FXGL Background Thread 3 ] DEBUG Engine               - language: ObjectProperty [value: ENGLISH]
16:17:50.330 [FXGL Background Thread 3 ] DEBUG Engine               - menuKey: ESCAPE
16:17:50.330 [FXGL Background Thread 3 ] DEBUG Engine               - mouseSensitivity: 0.2
16:17:50.330 [FXGL Background Thread 3 ] DEBUG Engine               - notificationViewClass: class com.almasb.fxgl.notification.view.XboxNotificationView
16:17:50.330 [FXGL Background Thread 3 ] DEBUG Engine               - pixelsPerMeter: 50.0
16:17:50.330 [FXGL Background Thread 3 ] DEBUG Engine               - platform: WINDOWS
16:17:50.330 [FXGL Background Thread 3 ] DEBUG Engine               - prefHeightProperty: ReadOnlyDoubleProperty [value: 500.0]
16:17:50.331 [FXGL Background Thread 3 ] DEBUG Engine               - prefWidthProperty: ReadOnlyDoubleProperty [value: 800.0]
16:17:50.331 [FXGL Background Thread 3 ] DEBUG Engine               - profileDir: profiles/
16:17:50.331 [FXGL Background Thread 3 ] DEBUG Engine               - profileName: StringProperty [value: DEFAULT]
16:17:50.331 [FXGL Background Thread 3 ] DEBUG Engine               - randomSeed: -1
16:17:50.332 [FXGL Background Thread 3 ] DEBUG Engine               - runtimeInfo: RuntimeInfo(platform=WINDOWS, version=17.3, build=30.03.2023 11.49)
16:17:50.332 [FXGL Background Thread 3 ] DEBUG Engine               - saveFileExt: sav
16:17:50.332 [FXGL Background Thread 3 ] DEBUG Engine               - scaledHeightProp$fxgl: DoubleProperty [bound, value: 500.0]
16:17:50.333 [FXGL Background Thread 3 ] DEBUG Engine               - scaledWidthProp$fxgl: DoubleProperty [bound, value: 800.0]
16:17:50.333 [FXGL Background Thread 3 ] DEBUG Engine               - sceneFactory: com.almasb.fxgl.app.scene.SceneFactory@6403bcbc
16:17:50.333 [FXGL Background Thread 3 ] DEBUG Engine               - secondsIn24h: 60
16:17:50.333 [FXGL Background Thread 3 ] DEBUG Engine               - soundMenuBack: menu/back.wav
16:17:50.333 [FXGL Background Thread 3 ] DEBUG Engine               - soundMenuPress: menu/press.wav
16:17:50.333 [FXGL Background Thread 3 ] DEBUG Engine               - soundMenuSelect: menu/select.wav
16:17:50.333 [FXGL Background Thread 3 ] DEBUG Engine               - soundNotification: core/notification.wav
16:17:50.334 [FXGL Background Thread 3 ] DEBUG Engine               - stageStyle: DECORATED
16:17:50.334 [FXGL Background Thread 3 ] DEBUG Engine               - supportedLanguages: [ENGLISH, FRENCH, GERMAN, HUNGARIAN, RUSSIAN]
16:17:50.334 [FXGL Background Thread 3 ] DEBUG Engine               - ticksPerSecond: -1
16:17:50.334 [FXGL Background Thread 3 ] DEBUG Engine               - title: Server
16:17:50.334 [FXGL Background Thread 3 ] DEBUG Engine               - urlGithub: https://github.com/AlmasB/FXGL
16:17:50.334 [FXGL Background Thread 3 ] DEBUG Engine               - urlLeaderboard: http://fxgl-top.herokuapp.com/
16:17:50.334 [FXGL Background Thread 3 ] DEBUG Engine               - urlPOM: https://raw.githubusercontent.com/AlmasB/FXGL/release/README.md
16:17:50.334 [FXGL Background Thread 3 ] DEBUG Engine               - userAppClass: class Runner.ServerRunner
16:17:50.335 [FXGL Background Thread 3 ] DEBUG Engine               - version: 0.0
16:17:50.335 [FXGL Background Thread 3 ] DEBUG Engine               - versionCheckDays: 7
16:17:50.335 [FXGL Background Thread 3 ] DEBUG Engine               - width: 800
16:17:50.335 [FXGL Background Thread 3 ] DEBUG Engine               - Logging services
16:17:50.335 [FXGL Background Thread 3 ] DEBUG Engine               - class com.almasb.fxgl.app.services.FXGLAssetLoaderService
16:17:50.336 [FXGL Background Thread 3 ] DEBUG Engine               - class com.almasb.fxgl.app.FXGLApplication$GameApplicationService
16:17:50.336 [FXGL Background Thread 3 ] DEBUG Engine               - class com.almasb.fxgl.app.services.FXGLDialogService
16:17:50.336 [FXGL Background Thread 3 ] DEBUG Engine               - class com.almasb.fxgl.app.services.IOTaskExecutorService
16:17:50.336 [FXGL Background Thread 3 ] DEBUG Engine               - class com.almasb.fxgl.io.FileSystemService
16:17:50.336 [FXGL Background Thread 3 ] DEBUG Engine               - class com.almasb.fxgl.localization.LocalizationService
16:17:50.336 [FXGL Background Thread 3 ] DEBUG Engine               - class com.almasb.fxgl.app.services.SystemBundleService
16:17:50.336 [FXGL Background Thread 3 ] DEBUG Engine               - class com.almasb.fxgl.profile.SaveLoadService
16:17:50.336 [FXGL Background Thread 3 ] DEBUG Engine               - class com.almasb.fxgl.ui.FXGLUIFactoryServiceProvider
16:17:50.336 [FXGL Background Thread 3 ] DEBUG Engine               - class com.almasb.fxgl.ui.FXGLDialogFactoryServiceProvider
16:17:50.336 [FXGL Background Thread 3 ] DEBUG Engine               - class com.almasb.fxgl.audio.AudioPlayer
16:17:50.337 [FXGL Background Thread 3 ] DEBUG Engine               - class com.almasb.fxgl.notification.impl.NotificationServiceProvider
16:17:50.337 [FXGL Background Thread 3 ] DEBUG Engine               - class com.almasb.fxgl.achievement.AchievementService
16:17:50.337 [FXGL Background Thread 3 ] DEBUG Engine               - class com.almasb.fxgl.cutscene.CutsceneService
16:17:50.337 [FXGL Background Thread 3 ] DEBUG Engine               - class com.almasb.fxgl.minigames.MiniGameService
16:17:50.339 [FXGL Background Thread 3 ] DEBUG Engine               - class com.almasb.fxgl.net.NetService
16:17:50.340 [FXGL Background Thread 3 ] DEBUG Engine               - class com.almasb.fxgl.app.services.UpdaterService
16:17:50.342 [FXGL Background Thread 3 ] DEBUG Engine               - class com.almasb.fxgl.dev.DevService
16:17:50.343 [FXGL Background Thread 3 ] DEBUG Engine               - class com.almasb.fxgl.multiplayer.MultiplayerService
16:18:07.874 [ServerAsyncConnThread    ] DEBUG Endpoint             - TCPServer opening new connection (1) from /127.0.0.1:55829 type: class com.almasb.fxgl.core.serialization.Bundle
16:18:07.875 [ServerAsyncConnThread    ] DEBUG Endpoint             - TCPServer successfully opened connection (1)
16:18:08.634 [TCPServer_SendThread-1   ] DEBUG Writers              - Getting TCPMessageWriter for class com.almasb.fxgl.core.serialization.Bundle
16:18:08.645 [TCPServer_SendThread-1   ] DEBUG Writers              - Constructed TCPMessageWriter for class com.almasb.fxgl.core.serialization.Bundle: BundleTCPMessageWriter
16:18:08.921 [TCPServer_RecvThread-1   ] DEBUG Readers              - Getting TCPMessageReader for class com.almasb.fxgl.core.serialization.Bundle
16:18:08.923 [TCPServer_RecvThread-1   ] DEBUG Readers              - Constructed MessageReader for class com.almasb.fxgl.core.serialization.Bundle: BundleTCPMessageReader
16:18:57.404 [TCPServer_RecvThread-1   ] DEBUG Endpoint             - Connection 1 was unexpectedly disconnected: Connection reset
16:18:57.405 [TCPServer_RecvThread-1   ] DEBUG Connection           - Closing connection 1
16:18:57.406 [TCPServer_RecvThread-1   ] DEBUG Connection           - Connection 1 was correctly closed from local endpoint.
16:18:57.406 [TCPServer_RecvThread-1   ] DEBUG Endpoint             - TCPServer connection (1) was closed
16:20:20.342 [JavaFX Application Thread] DEBUG FXGLApplication      - Exiting FXGL
16:20:20.342 [JavaFX Application Thread] DEBUG LoopRunner           - Stopping loop
16:20:20.343 [JavaFX Application Thread] DEBUG SystemBundleService  - Saving FXGL system data
16:20:20.347 [JavaFX Application Thread] DEBUG FileSystemAccess     - Writing to: C:\Users\Owner\Desktop\Sonic-rush\system\fxgl.bundle
16:20:20.358 [JavaFX Application Thread] DEBUG Async                - Shutting down background threads
16:20:20.361 [JavaFX Application Thread] DEBUG PrimaryStageWindow   - Closing main window
16:20:20.396 [JavaFX Application Thread] DEBUG Logger               - Closing Logger
