22:14:29.354 [main                     ] DEBUG Logger               - Configured Logger
22:14:29.415 [main                     ] DEBUG GameApplication      - Logging settings
Title: Jugador Sonic
Version: 0.0
Width: 1000
Height: 600
Fullscreen: false
Intro: false
Profiling: false
Single step:false
App Mode: DEVELOPER
Menu Key: ESCAPE
Stage Style: DECORATED
Scene Factory: class com.almasb.fxgl.app.scene.SceneFactory

22:14:30.099 [JavaFX Application Thread] DEBUG FXGLApplication      - Initializing FXGL
22:14:30.113 [JavaFX Application Thread] INFO  Engine               - FXGL-17.3 (30.03.2023 11.49) on WINDOWS (J:17.0.12 FX:20)
22:14:30.114 [JavaFX Application Thread] DEBUG Engine               - JRE Vendor Name: Oracle Corporation
22:14:30.114 [JavaFX Application Thread] DEBUG Engine               - Running on OS: Windows 10 version 10.0
22:14:30.116 [JavaFX Application Thread] DEBUG Engine               - Architecture: amd64
22:14:30.116 [JavaFX Application Thread] INFO  Engine               - Source code and latest versions at: https://github.com/AlmasB/FXGL
22:14:30.117 [JavaFX Application Thread] INFO  Engine               -       Ask questions and discuss at: https://github.com/AlmasB/FXGL/discussions
22:14:30.118 [JavaFX Application Thread] INFO  Engine               -              Join the FXGL chat at: https://gitter.im/AlmasB/FXGL
22:14:30.399 [JavaFX Application Thread] DEBUG PrimaryStageWindow   - Creating a JavaFX scene
22:14:30.486 [JavaFX Application Thread] DEBUG PrimaryStageWindow   - Target settings size: 1000.0 x 600.0
22:14:30.486 [JavaFX Application Thread] DEBUG PrimaryStageWindow   - Scaled scene size:    1000.0 x 600.0
22:14:30.487 [JavaFX Application Thread] DEBUG PrimaryStageWindow   - Scaled ratio: (1.0, 1.0)
22:14:30.488 [JavaFX Application Thread] DEBUG PrimaryStageWindow   - Set initial scene to FXGLStartupScene
22:14:30.495 [JavaFX Application Thread] DEBUG PrimaryStageWindow   - Opening main window
22:14:30.639 [JavaFX Application Thread] DEBUG PrimaryStageWindow   - Window border size: (14.4000244140625, 37.5999755859375)
22:14:30.639 [JavaFX Application Thread] DEBUG PrimaryStageWindow   - Scaled size: 1000.0 x 600.0
22:14:30.641 [JavaFX Application Thread] DEBUG PrimaryStageWindow   - Scaled ratio: (1.0, 1.0)
22:14:30.645 [JavaFX Application Thread] DEBUG PrimaryStageWindow   - Scene size: 1000.0 x 600.0
22:14:30.647 [JavaFX Application Thread] DEBUG PrimaryStageWindow   - Stage size: 1014.4000244140625 x 637.5999755859375
22:14:30.951 [FXGL Background Thread 1 ] DEBUG Engine               - Initializing environment variables
22:14:31.073 [FXGL Background Thread 1 ] DEBUG FXGLAssetLoaderServi - User app class for loading assets: class Runner.ClientRunner
22:14:31.074 [FXGL Background Thread 1 ] DEBUG GameApplicationServi - Applying CSS: fxgl_dark.css
22:14:31.075 [FXGL Background Thread 1 ] DEBUG FXGLAssetLoaderServi - Loading from file system: jar:file:/C:/Users/Owner/.m2/repository/com/github/almasb/fxgl/17.3/fxgl-17.3.jar!/fxglassets/ui/css/fxgl_dark.css
22:14:31.146 [FXGL Background Thread 1 ] DEBUG GameApplicationServi - Initializing application scenes
22:14:31.640 [FXGL Background Thread 1 ] DEBUG GameWorld            - Game world initialized
22:14:31.885 [FXGL Background Thread 1 ] DEBUG PhysicsWorld         - Physics world initialized: appHeight=600, physics.ppm=50.0
22:14:31.885 [FXGL Background Thread 1 ] DEBUG PhysicsWorld         - Using strategy: BRUTE_FORCE
22:14:31.915 [FXGL Background Thread 1 ] DEBUG GameScene            - Game scene initialized: 1000x600
22:14:32.000 [FXGL Background Thread 1 ] DEBUG FXGL.DefaultMenu     - createMenuBodyGameMenu()
22:14:32.145 [FXGL Background Thread 1 ] DEBUG FXGL.DefaultMenu     - createOptionsMenu()
22:14:32.240 [FXGL Background Thread 1 ] DEBUG FXGLAssetLoaderServi - Loading from file system: jar:file:/C:/Users/Owner/.m2/repository/com/github/almasb/fxgl/17.3/fxgl-17.3.jar!/fxglassets/textures/particles/smoke.png
22:14:32.665 [FXGL Background Thread 1 ] DEBUG FXGLAssetLoaderServi - Loading from file system: jar:file:/C:/Users/Owner/.m2/repository/com/github/almasb/fxgl/17.3/fxgl-17.3.jar!/fxglassets/textures/particles/trace_horizontal.png
22:14:32.764 [FXGL Background Thread 1 ] DEBUG GameApplicationServi - Application scenes initialized
22:14:32.927 [FXGL Background Thread 1 ] DEBUG SystemBundleService  - Loading FXGL system data
22:14:32.943 [FXGL Background Thread 1 ] DEBUG FileSystemAccess     - Reading from: C:\Users\Owner\Desktop\Sonic-rush\system\fxgl.bundle
22:14:32.959 [FXGL Background Thread 1 ] DEBUG SystemBundleService  - Bundle FXGL: {}
22:14:32.959 [FXGL Background Thread 1 ] DEBUG UpdaterService       - Checking for updates
22:14:33.211 [FXGL Background Thread 1 ] DEBUG FXGLApplication      - Loading default localization
22:14:33.215 [FXGL Background Thread 1 ] DEBUG FXGLAssetLoaderServi - Loading from file system: jar:file:/C:/Users/Owner/.m2/repository/com/github/almasb/fxgl/17.3/fxgl-17.3.jar!/fxglassets/languages/english.lang
22:14:33.531 [FXGL Background Thread 4 ] DEBUG FXGLApplication      - Loading fonts
22:14:33.536 [FXGL Background Thread 4 ] DEBUG FXGLAssetLoaderServi - Loading from file system: jar:file:/C:/Users/Owner/.m2/repository/com/github/almasb/fxgl/17.3/fxgl-17.3.jar!/fxglassets/ui/fonts/VarelaRound-Regular.ttf
22:14:33.546 [FXGL Background Thread 1 ] INFO  FXGLApplication      - FXGL initialization took: 2.589 sec
22:14:33.920 [JavaFX Application Thread] DEBUG Input                - Registered new binding: Mover a la izquierda - A
22:14:33.920 [JavaFX Application Thread] DEBUG Input                - Registered new binding: Mover a la derecha - D
22:14:33.921 [JavaFX Application Thread] DEBUG Input                - Registered new binding: Saltar - W
22:14:33.921 [JavaFX Application Thread] DEBUG Input                - Registered new binding: Interactuar - E
22:14:33.921 [JavaFX Application Thread] DEBUG Input                - Registered new binding: Desactivar filtro - L
22:14:33.922 [JavaFX Application Thread] DEBUG FXGLAssetLoaderServi - Loading from file system: jar:file:/C:/Users/Owner/.m2/repository/com/github/almasb/fxgl/17.3/fxgl-17.3.jar!/fxglassets/textures/fxgl_icon.png
22:14:33.960 [JavaFX Application Thread] DEBUG FXGLAssetLoaderServi - Loading from file system: jar:file:/C:/Users/Owner/.m2/repository/com/github/almasb/fxgl/17.3/fxgl-17.3.jar!/fxglassets/textures/fxgl_default_cursor.png
22:14:33.962 [JavaFX Application Thread] DEBUG Input                - Registered new binding: Screenshot - CTRL+8
22:14:33.963 [JavaFX Application Thread] DEBUG Input                - Registered new binding: System info dump - CTRL+9
22:14:33.963 [JavaFX Application Thread] DEBUG Input                - Registered new binding: Restart - CTRL+R
22:14:33.965 [JavaFX Application Thread] DEBUG Input                - Registered new binding: Toggle Debug Camera - CTRL+7
22:14:33.970 [JavaFX Application Thread] DEBUG LoopRunner           - Starting loop
22:14:33.970 [JavaFX Application Thread] DEBUG LoopRunner           - Initializing JavaFX AnimationTimerLoop
22:14:33.972 [JavaFX Application Thread] DEBUG GameApplicationServi - Starting new game
22:14:33.972 [JavaFX Application Thread] DEBUG Input                - Clearing active input actions
22:14:33.994 [JavaFX Application Thread] DEBUG GameApplicationServi - Removing overlay from FXGLStartupScene and adding to FXGLLoadingScene
22:14:33.994 [JavaFX Application Thread] DEBUG PrimaryStageWindow   - FXGLStartupScene -> FXGLLoadingScene
22:14:33.995 [JavaFX Application Thread] DEBUG GameApplicationServi - Clearing previous game
22:14:33.995 [JavaFX Application Thread] DEBUG GameScene            - Clearing game scene
22:14:33.995 [JavaFX Application Thread] DEBUG GameWorld            - Clearing game world
22:14:33.995 [JavaFX Application Thread] DEBUG PhysicsWorld         - Clearing physics world
22:14:33.997 [FXGL Background Thread 1 ] DEBUG FXGLApplication      - Initializing game
22:14:34.014 [FXGL Background Thread 1 ] DEBUG FXGLAssetLoaderServi - Loading from file system: file:/C:/Users/Owner/Desktop/Sonic-rush/target/classes/assets/music/OST2.mp3
22:14:34.549 [FXGL Background Thread 4 ] DEBUG FXGLAssetLoaderServi - Loading from file system: jar:file:/C:/Users/Owner/.m2/repository/com/github/almasb/fxgl/17.3/fxgl-17.3.jar!/fxglassets/ui/fonts/Abel-Regular.ttf
22:14:34.562 [FXGL Background Thread 4 ] DEBUG FXGLAssetLoaderServi - Loading from file system: jar:file:/C:/Users/Owner/.m2/repository/com/github/almasb/fxgl/17.3/fxgl-17.3.jar!/fxglassets/ui/fonts/TerminalLandMono-Regular.otf
22:14:34.569 [FXGL Background Thread 4 ] DEBUG FXGLAssetLoaderServi - Loading from file system: jar:file:/C:/Users/Owner/.m2/repository/com/github/almasb/fxgl/17.3/fxgl-17.3.jar!/fxglassets/ui/fonts/Courier-Prime.ttf
22:14:34.581 [JavaFX Application Thread] DEBUG FXGLApplication      - Registering font factories with UI factory
22:14:34.933 [FXGL Background Thread 1 ] DEBUG AudioPlayer          - Playing music com.almasb.fxgl.audio.Music@5780f39e
22:14:34.944 [FXGL Background Thread 1 ] INFO  FXGLApplication      - Game initialization took: 0.945 sec
22:14:35.138 [JavaFX Application Thread] DEBUG Input                - Clearing active input actions
22:14:35.169 [JavaFX Application Thread] DEBUG GameApplicationServi - Removing overlay from FXGLLoadingScene and adding to GameScene
22:14:35.169 [JavaFX Application Thread] DEBUG PrimaryStageWindow   - FXGLLoadingScene -> GameScene
22:14:35.520 [FXGL Background Thread 2 ] INFO  UpdaterService       - Your current version:  17.3
22:14:35.756 [FXGL Background Thread 2 ] INFO  UpdaterService       - Latest stable version: 21.1
22:14:36.116 [FXGL Background Thread 3 ] DEBUG Engine               - Logging environment variables
22:14:36.117 [FXGL Background Thread 3 ] DEBUG Engine               - achievements: []
22:14:36.117 [FXGL Background Thread 3 ] DEBUG Engine               - actualHeight: 600.0
22:14:36.118 [FXGL Background Thread 3 ] DEBUG Engine               - actualHeightProperty: ReadOnlyDoubleProperty [value: 600.0]
22:14:36.118 [FXGL Background Thread 3 ] DEBUG Engine               - actualWidth: 1000.0
22:14:36.118 [FXGL Background Thread 3 ] DEBUG Engine               - actualWidthProperty: ReadOnlyDoubleProperty [value: 1000.0]
22:14:36.118 [FXGL Background Thread 3 ] DEBUG Engine               - appIcon: fxgl_icon.png
22:14:36.119 [FXGL Background Thread 3 ] DEBUG Engine               - applicationMode: DEVELOPER
22:14:36.119 [FXGL Background Thread 3 ] DEBUG Engine               - cSSList: [fxgl_dark.css]
22:14:36.120 [FXGL Background Thread 3 ] DEBUG Engine               - collisionDetectionStrategy: BRUTE_FORCE
22:14:36.120 [FXGL Background Thread 3 ] DEBUG Engine               - configClass: Optional.empty
22:14:36.120 [FXGL Background Thread 3 ] DEBUG Engine               - credits: []
22:14:36.122 [FXGL Background Thread 3 ] DEBUG Engine               - defaultCursor: CursorInfo(imageName=fxgl_default_cursor.png, hotspotX=7.0, hotspotY=6.0)
22:14:36.126 [FXGL Background Thread 3 ] DEBUG Engine               - devBBoxColorProperty: ObjectProperty [value: 0xff0000ff]
22:14:36.127 [FXGL Background Thread 3 ] DEBUG Engine               - devEnableDebugCameraProperty: BooleanProperty [value: false]
22:14:36.127 [FXGL Background Thread 3 ] DEBUG Engine               - devSensorColorProperty: ObjectProperty [value: 0xffff00ff]
22:14:36.127 [FXGL Background Thread 3 ] DEBUG Engine               - devShowBBoxProperty: BooleanProperty [value: false]
22:14:36.127 [FXGL Background Thread 3 ] DEBUG Engine               - devShowPositionProperty: BooleanProperty [value: false]
22:14:36.127 [FXGL Background Thread 3 ] DEBUG Engine               - enabledMenuItems: []
22:14:36.128 [FXGL Background Thread 3 ] DEBUG Engine               - engineServices: [class com.almasb.fxgl.app.services.FXGLAssetLoaderService, class com.almasb.fxgl.app.FXGLApplication$GameApplicationService, class com.almasb.fxgl.app.services.FXGLDialogService, class com.almasb.fxgl.app.services.IOTaskExecutorService, class com.almasb.fxgl.io.FileSystemService, class com.almasb.fxgl.localization.LocalizationService, class com.almasb.fxgl.app.services.SystemBundleService, class com.almasb.fxgl.profile.SaveLoadService, class com.almasb.fxgl.ui.FXGLUIFactoryServiceProvider, class com.almasb.fxgl.ui.FXGLDialogFactoryServiceProvider, class com.almasb.fxgl.audio.AudioPlayer, class com.almasb.fxgl.notification.impl.NotificationServiceProvider, class com.almasb.fxgl.achievement.AchievementService, class com.almasb.fxgl.cutscene.CutsceneService, class com.almasb.fxgl.minigames.MiniGameService, class com.almasb.fxgl.net.NetService, class com.almasb.fxgl.app.services.UpdaterService, class com.almasb.fxgl.dev.DevService, class com.almasb.fxgl.multiplayer.MultiplayerService]
22:14:36.128 [FXGL Background Thread 3 ] DEBUG Engine               - fontGame: Abel-Regular.ttf
22:14:36.128 [FXGL Background Thread 3 ] DEBUG Engine               - fontMono: TerminalLandMono-Regular.otf
22:14:36.128 [FXGL Background Thread 3 ] DEBUG Engine               - fontSizeScaleUI: 1.0
22:14:36.128 [FXGL Background Thread 3 ] DEBUG Engine               - fontText: Courier-Prime.ttf
22:14:36.128 [FXGL Background Thread 3 ] DEBUG Engine               - fontUI: VarelaRound-Regular.ttf
22:14:36.129 [FXGL Background Thread 3 ] DEBUG Engine               - fullScreen: BooleanProperty [value: false]
22:14:36.129 [FXGL Background Thread 3 ] DEBUG Engine               - gameDifficulty: MEDIUM
22:14:36.129 [FXGL Background Thread 3 ] DEBUG Engine               - gameDifficultyProperty: ObjectProperty [value: MEDIUM]
22:14:36.129 [FXGL Background Thread 3 ] DEBUG Engine               - globalMusicVolume: 0.5
22:14:36.129 [FXGL Background Thread 3 ] DEBUG Engine               - globalMusicVolumeProperty: DoubleProperty [value: 0.5]
22:14:36.129 [FXGL Background Thread 3 ] DEBUG Engine               - globalSoundVolume: 0.5
22:14:36.130 [FXGL Background Thread 3 ] DEBUG Engine               - globalSoundVolumeProperty: DoubleProperty [value: 0.5]
22:14:36.130 [FXGL Background Thread 3 ] DEBUG Engine               - height: 600
22:14:36.130 [FXGL Background Thread 3 ] DEBUG Engine               - is3D: false
22:14:36.130 [FXGL Background Thread 3 ] DEBUG Engine               - isAndroid: false
22:14:36.130 [FXGL Background Thread 3 ] DEBUG Engine               - isBrowser: false
22:14:36.130 [FXGL Background Thread 3 ] DEBUG Engine               - isClickFeedbackEnabled: false
22:14:36.130 [FXGL Background Thread 3 ] DEBUG Engine               - isCloseConfirmation: false
22:14:36.131 [FXGL Background Thread 3 ] DEBUG Engine               - isDesktop: true
22:14:36.131 [FXGL Background Thread 3 ] DEBUG Engine               - isDeveloperMenuEnabled: false
22:14:36.131 [FXGL Background Thread 3 ] DEBUG Engine               - isEmbedded: false
22:14:36.131 [FXGL Background Thread 3 ] DEBUG Engine               - isEntityPreloadEnabled: true
22:14:36.131 [FXGL Background Thread 3 ] DEBUG Engine               - isExperimentalTiledLargeMap: false
22:14:36.131 [FXGL Background Thread 3 ] DEBUG Engine               - isFileSystemWriteAllowed: true
22:14:36.131 [FXGL Background Thread 3 ] DEBUG Engine               - isFullScreenAllowed: false
22:14:36.131 [FXGL Background Thread 3 ] DEBUG Engine               - isFullScreenFromStart: false
22:14:36.131 [FXGL Background Thread 3 ] DEBUG Engine               - isGameMenuEnabled: true
22:14:36.132 [FXGL Background Thread 3 ] DEBUG Engine               - isIOS: false
22:14:36.132 [FXGL Background Thread 3 ] DEBUG Engine               - isIntroEnabled: false
22:14:36.132 [FXGL Background Thread 3 ] DEBUG Engine               - isLinux: false
22:14:36.132 [FXGL Background Thread 3 ] DEBUG Engine               - isMac: false
22:14:36.132 [FXGL Background Thread 3 ] DEBUG Engine               - isMainMenuEnabled: false
22:14:36.132 [FXGL Background Thread 3 ] DEBUG Engine               - isManualResizeEnabled: false
22:14:36.132 [FXGL Background Thread 3 ] DEBUG Engine               - isMobile: false
22:14:36.132 [FXGL Background Thread 3 ] DEBUG Engine               - isNative: false
22:14:36.133 [FXGL Background Thread 3 ] DEBUG Engine               - isPauseMusicWhenMinimized: true
22:14:36.133 [FXGL Background Thread 3 ] DEBUG Engine               - isPreserveResizeRatio: false
22:14:36.133 [FXGL Background Thread 3 ] DEBUG Engine               - isProfilingEnabled: false
22:14:36.133 [FXGL Background Thread 3 ] DEBUG Engine               - isScaleAffectedOnResize: true
22:14:36.134 [FXGL Background Thread 3 ] DEBUG Engine               - isSingleStep: false
22:14:36.134 [FXGL Background Thread 3 ] DEBUG Engine               - isUserProfileEnabled: false
22:14:36.134 [FXGL Background Thread 3 ] DEBUG Engine               - isWindows: true
22:14:36.134 [FXGL Background Thread 3 ] DEBUG Engine               - language: ObjectProperty [value: ENGLISH]
22:14:36.134 [FXGL Background Thread 3 ] DEBUG Engine               - menuKey: ESCAPE
22:14:36.134 [FXGL Background Thread 3 ] DEBUG Engine               - mouseSensitivity: 0.2
22:14:36.134 [FXGL Background Thread 3 ] DEBUG Engine               - notificationViewClass: class com.almasb.fxgl.notification.view.XboxNotificationView
22:14:36.134 [FXGL Background Thread 3 ] DEBUG Engine               - pixelsPerMeter: 50.0
22:14:36.134 [FXGL Background Thread 3 ] DEBUG Engine               - platform: WINDOWS
22:14:36.135 [FXGL Background Thread 3 ] DEBUG Engine               - prefHeightProperty: ReadOnlyDoubleProperty [value: 600.0]
22:14:36.135 [FXGL Background Thread 3 ] DEBUG Engine               - prefWidthProperty: ReadOnlyDoubleProperty [value: 1000.0]
22:14:36.135 [FXGL Background Thread 3 ] DEBUG Engine               - profileDir: profiles/
22:14:36.135 [FXGL Background Thread 3 ] DEBUG Engine               - profileName: StringProperty [value: DEFAULT]
22:14:36.136 [FXGL Background Thread 3 ] DEBUG Engine               - randomSeed: -1
22:14:36.136 [FXGL Background Thread 3 ] DEBUG Engine               - runtimeInfo: RuntimeInfo(platform=WINDOWS, version=17.3, build=30.03.2023 11.49)
22:14:36.136 [FXGL Background Thread 3 ] DEBUG Engine               - saveFileExt: sav
22:14:36.136 [FXGL Background Thread 3 ] DEBUG Engine               - scaledHeightProp$fxgl: DoubleProperty [bound, value: 600.0]
22:14:36.137 [FXGL Background Thread 3 ] DEBUG Engine               - scaledWidthProp$fxgl: DoubleProperty [bound, value: 1000.0]
22:14:36.137 [FXGL Background Thread 3 ] DEBUG Engine               - sceneFactory: com.almasb.fxgl.app.scene.SceneFactory@569df254
22:14:36.137 [FXGL Background Thread 3 ] DEBUG Engine               - secondsIn24h: 60
22:14:36.137 [FXGL Background Thread 3 ] DEBUG Engine               - soundMenuBack: menu/back.wav
22:14:36.137 [FXGL Background Thread 3 ] DEBUG Engine               - soundMenuPress: menu/press.wav
22:14:36.137 [FXGL Background Thread 3 ] DEBUG Engine               - soundMenuSelect: menu/select.wav
22:14:36.137 [FXGL Background Thread 3 ] DEBUG Engine               - soundNotification: core/notification.wav
22:14:36.137 [FXGL Background Thread 3 ] DEBUG Engine               - stageStyle: DECORATED
22:14:36.137 [FXGL Background Thread 3 ] DEBUG Engine               - supportedLanguages: [ENGLISH, FRENCH, GERMAN, HUNGARIAN, RUSSIAN]
22:14:36.137 [FXGL Background Thread 3 ] DEBUG Engine               - ticksPerSecond: -1
22:14:36.137 [FXGL Background Thread 3 ] DEBUG Engine               - title: Jugador Sonic
22:14:36.137 [FXGL Background Thread 3 ] DEBUG Engine               - urlGithub: https://github.com/AlmasB/FXGL
22:14:36.138 [FXGL Background Thread 3 ] DEBUG Engine               - urlLeaderboard: http://fxgl-top.herokuapp.com/
22:14:36.138 [FXGL Background Thread 3 ] DEBUG Engine               - urlPOM: https://raw.githubusercontent.com/AlmasB/FXGL/release/README.md
22:14:36.138 [FXGL Background Thread 3 ] DEBUG Engine               - userAppClass: class Runner.ClientRunner
22:14:36.138 [FXGL Background Thread 3 ] DEBUG Engine               - version: 0.0
22:14:36.138 [FXGL Background Thread 3 ] DEBUG Engine               - versionCheckDays: 7
22:14:36.138 [FXGL Background Thread 3 ] DEBUG Engine               - width: 1000
22:14:36.138 [FXGL Background Thread 3 ] DEBUG Engine               - Logging services
22:14:36.139 [FXGL Background Thread 3 ] DEBUG Engine               - class com.almasb.fxgl.app.services.FXGLAssetLoaderService
22:14:36.139 [FXGL Background Thread 3 ] DEBUG Engine               - class com.almasb.fxgl.app.FXGLApplication$GameApplicationService
22:14:36.139 [FXGL Background Thread 3 ] DEBUG Engine               - class com.almasb.fxgl.app.services.FXGLDialogService
22:14:36.140 [FXGL Background Thread 3 ] DEBUG Engine               - class com.almasb.fxgl.app.services.IOTaskExecutorService
22:14:36.140 [FXGL Background Thread 3 ] DEBUG Engine               - class com.almasb.fxgl.io.FileSystemService
22:14:36.140 [FXGL Background Thread 3 ] DEBUG Engine               - class com.almasb.fxgl.localization.LocalizationService
22:14:36.140 [FXGL Background Thread 3 ] DEBUG Engine               - class com.almasb.fxgl.app.services.SystemBundleService
22:14:36.140 [FXGL Background Thread 3 ] DEBUG Engine               - class com.almasb.fxgl.profile.SaveLoadService
22:14:36.140 [FXGL Background Thread 3 ] DEBUG Engine               - class com.almasb.fxgl.ui.FXGLUIFactoryServiceProvider
22:14:36.140 [FXGL Background Thread 3 ] DEBUG Engine               - class com.almasb.fxgl.ui.FXGLDialogFactoryServiceProvider
22:14:36.140 [FXGL Background Thread 3 ] DEBUG Engine               - class com.almasb.fxgl.audio.AudioPlayer
22:14:36.140 [FXGL Background Thread 3 ] DEBUG Engine               - class com.almasb.fxgl.notification.impl.NotificationServiceProvider
22:14:36.140 [FXGL Background Thread 3 ] DEBUG Engine               - class com.almasb.fxgl.achievement.AchievementService
22:14:36.140 [FXGL Background Thread 3 ] DEBUG Engine               - class com.almasb.fxgl.cutscene.CutsceneService
22:14:36.144 [FXGL Background Thread 3 ] DEBUG Engine               - class com.almasb.fxgl.minigames.MiniGameService
22:14:36.145 [FXGL Background Thread 3 ] DEBUG Engine               - class com.almasb.fxgl.net.NetService
22:14:36.146 [FXGL Background Thread 3 ] DEBUG Engine               - class com.almasb.fxgl.app.services.UpdaterService
22:14:36.146 [FXGL Background Thread 3 ] DEBUG Engine               - class com.almasb.fxgl.dev.DevService
22:14:36.146 [FXGL Background Thread 3 ] DEBUG Engine               - class com.almasb.fxgl.multiplayer.MultiplayerService
22:14:49.690 [JavaFX Application Thread] DEBUG FXGLAssetLoaderServi - Loading from file system: file:/C:/Users/Owner/Desktop/Sonic-rush/target/classes/assets/textures/fondo.png
22:14:50.507 [JavaFX Application Thread] WARN  TMXLevelLoader       - TiledMap generated from 1.11.2. Supported version: 1.9.0. Some features may not be parsed fully.
22:14:50.633 [JavaFX Application Thread] DEBUG TMXLevelLoader       - Parsed TiledMap: file:/C:/Users/Owner/Desktop/Sonic-rush/target/classes/assets/levels/mapazo.tmx
22:14:50.636 [JavaFX Application Thread] DEBUG TMXLevelLoader       - Creating tile layer entities
22:14:50.640 [JavaFX Application Thread] DEBUG TilesetLoader        - Loading view for layer Capa de patrones 1
22:14:50.661 [JavaFX Application Thread] DEBUG TilesetLoader        - Created buffer with size 3840.0x720.0
22:14:50.761 [JavaFX Application Thread] DEBUG TMXLevelLoader       - Creating object layer entities
22:14:51.019 [JavaFX Application Thread] DEBUG GameWorld            - Clearing removable entities
22:14:51.022 [JavaFX Application Thread] DEBUG GameWorld            - Setting level: com.almasb.fxgl.entity.level.Level@48095863
22:14:51.188 [ClientAsyncConnThread    ] DEBUG TCPClient            - Connecting to 127.0.0.1:50000 type: class com.almasb.fxgl.core.serialization.Bundle
22:14:51.190 [ClientAsyncConnThread    ] DEBUG TCPClient            - Created socket to 127.0.0.1:50000
22:14:51.227 [ClientAsyncConnThread    ] DEBUG Endpoint             - TCPClient opening new connection (1) from /127.0.0.1:50000 type: class com.almasb.fxgl.core.serialization.Bundle
22:14:51.231 [ClientAsyncConnThread    ] DEBUG Endpoint             - TCPClient successfully opened connection (1)
22:14:51.308 [TCPClient_SendThread-1   ] DEBUG Writers              - Getting TCPMessageWriter for class com.almasb.fxgl.core.serialization.Bundle
22:14:51.313 [TCPClient_SendThread-1   ] DEBUG Writers              - Constructed TCPMessageWriter for class com.almasb.fxgl.core.serialization.Bundle: BundleTCPMessageWriter
22:14:51.316 [TCPClient_RecvThread-1   ] DEBUG Readers              - Getting TCPMessageReader for class com.almasb.fxgl.core.serialization.Bundle
22:14:51.335 [TCPClient_RecvThread-1   ] DEBUG Readers              - Constructed MessageReader for class com.almasb.fxgl.core.serialization.Bundle: BundleTCPMessageReader
22:14:51.376 [JavaFX Application Thread] DEBUG FXGLAssetLoaderServi - Loading from file system: file:/C:/Users/Owner/Desktop/Sonic-rush/target/classes/assets/textures/Items/ring.png
22:14:51.551 [JavaFX Application Thread] DEBUG FXGLAssetLoaderServi - Loading from file system: file:/C:/Users/Owner/Desktop/Sonic-rush/target/classes/assets/textures/Items/caucho.png
22:14:51.554 [JavaFX Application Thread] DEBUG FXGLAssetLoaderServi - Loading from file system: file:/C:/Users/Owner/Desktop/Sonic-rush/target/classes/assets/textures/Items/papel.png
22:14:51.571 [JavaFX Application Thread] DEBUG FXGLAssetLoaderServi - Loading from file system: file:/C:/Users/Owner/Desktop/Sonic-rush/target/classes/assets/textures/Items/basura.png
22:14:51.660 [JavaFX Application Thread] DEBUG FXGLAssetLoaderServi - Loading from file system: file:/C:/Users/Owner/Desktop/Sonic-rush/target/classes/assets/textures/Enemigos/enemigo2.png
22:14:51.735 [JavaFX Application Thread] DEBUG FXGLAssetLoaderServi - Loading from file system: file:/C:/Users/Owner/Desktop/Sonic-rush/target/classes/assets/textures/Personajes/sonic.png
22:14:51.741 [JavaFX Application Thread] DEBUG FXGLAssetLoaderServi - Loading from file system: file:/C:/Users/Owner/Desktop/Sonic-rush/target/classes/assets/textures/Personajes/sonic_camina.png
22:14:51.748 [JavaFX Application Thread] DEBUG FXGLAssetLoaderServi - Loading from file system: file:/C:/Users/Owner/Desktop/Sonic-rush/target/classes/assets/textures/Personajes/super_idle.png
22:14:51.751 [JavaFX Application Thread] DEBUG FXGLAssetLoaderServi - Loading from file system: file:/C:/Users/Owner/Desktop/Sonic-rush/target/classes/assets/textures/Personajes/super_sonic.png
22:14:52.819 [JavaFX Application Thread] DEBUG FXGLAssetLoaderServi - Loading from file system: file:/C:/Users/Owner/Desktop/Sonic-rush/target/classes/assets/sounds/salto.wav
22:14:59.192 [JavaFX Application Thread] DEBUG FXGLApplication      - Exiting FXGL
22:14:59.192 [JavaFX Application Thread] DEBUG LoopRunner           - Stopping loop
22:14:59.193 [JavaFX Application Thread] DEBUG SystemBundleService  - Saving FXGL system data
22:14:59.199 [JavaFX Application Thread] DEBUG FileSystemAccess     - Writing to: C:\Users\Owner\Desktop\Sonic-rush\system\fxgl.bundle
22:14:59.200 [JavaFX Application Thread] DEBUG Async                - Shutting down background threads
22:14:59.201 [JavaFX Application Thread] DEBUG PrimaryStageWindow   - Closing main window
22:14:59.213 [JavaFX Application Thread] DEBUG Logger               - Closing Logger
