13:58:14.474 [main                     ] DEBUG Logger               - Configured Logger
13:58:14.506 [main                     ] DEBUG GameApplication      - Logging settings
Title: Jugador Sonic
Version: 0.0
Width: 1000
Height: 600
Fullscreen: false
Intro: false
Profiling: false
Single step:false
App Mode: DEVELOPER
Menu Key: ESCAPE
Stage Style: DECORATED
Scene Factory: class com.almasb.fxgl.app.scene.SceneFactory

13:58:15.144 [JavaFX Application Thread] DEBUG FXGLApplication      - Initializing FXGL
13:58:15.151 [JavaFX Application Thread] INFO  Engine               - FXGL-17.3 (30.03.2023 11.49) on WINDOWS (J:21.0.2 FX:20)
13:58:15.152 [JavaFX Application Thread] DEBUG Engine               - JRE Vendor Name: Oracle Corporation
13:58:15.153 [JavaFX Application Thread] DEBUG Engine               - Running on OS: Windows 10 version 10.0
13:58:15.153 [JavaFX Application Thread] DEBUG Engine               - Architecture: amd64
13:58:15.153 [JavaFX Application Thread] INFO  Engine               - Source code and latest versions at: https://github.com/AlmasB/FXGL
13:58:15.154 [JavaFX Application Thread] INFO  Engine               -       Ask questions and discuss at: https://github.com/AlmasB/FXGL/discussions
13:58:15.154 [JavaFX Application Thread] INFO  Engine               -              Join the FXGL chat at: https://gitter.im/AlmasB/FXGL
13:58:15.352 [JavaFX Application Thread] DEBUG PrimaryStageWindow   - Creating a JavaFX scene
13:58:15.421 [JavaFX Application Thread] DEBUG PrimaryStageWindow   - Target settings size: 1000.0 x 600.0
13:58:15.421 [JavaFX Application Thread] DEBUG PrimaryStageWindow   - Scaled scene size:    1000.0 x 600.0
13:58:15.422 [JavaFX Application Thread] DEBUG PrimaryStageWindow   - Scaled ratio: (1.0, 1.0)
13:58:15.423 [JavaFX Application Thread] DEBUG PrimaryStageWindow   - Set initial scene to FXGLStartupScene
13:58:15.427 [JavaFX Application Thread] DEBUG PrimaryStageWindow   - Opening main window
13:58:15.531 [JavaFX Application Thread] DEBUG PrimaryStageWindow   - Window border size: (16.0, 39.0)
13:58:15.531 [JavaFX Application Thread] DEBUG PrimaryStageWindow   - Scaled size: 1000.0 x 600.0
13:58:15.532 [JavaFX Application Thread] DEBUG PrimaryStageWindow   - Scaled ratio: (1.0, 1.0)
13:58:15.532 [JavaFX Application Thread] DEBUG PrimaryStageWindow   - Scene size: 1000.0 x 600.0
13:58:15.533 [JavaFX Application Thread] DEBUG PrimaryStageWindow   - Stage size: 1016.0 x 639.0
13:58:15.546 [FXGL Background Thread 1 ] DEBUG Engine               - Initializing environment variables
13:58:15.643 [FXGL Background Thread 1 ] DEBUG FXGLAssetLoaderServi - User app class for loading assets: class Runner.ClientRunner
13:58:15.644 [FXGL Background Thread 1 ] DEBUG GameApplicationServi - Applying CSS: fxgl_dark.css
13:58:15.645 [FXGL Background Thread 1 ] DEBUG FXGLAssetLoaderServi - Loading from file system: jar:file:/C:/Users/User/.m2/repository/com/github/almasb/fxgl/17.3/fxgl-17.3.jar!/fxglassets/ui/css/fxgl_dark.css
13:58:15.748 [FXGL Background Thread 1 ] DEBUG GameApplicationServi - Initializing application scenes
13:58:15.897 [FXGL Background Thread 1 ] DEBUG GameWorld            - Game world initialized
13:58:16.062 [FXGL Background Thread 1 ] DEBUG PhysicsWorld         - Physics world initialized: appHeight=600, physics.ppm=50,0
13:58:16.063 [FXGL Background Thread 1 ] DEBUG PhysicsWorld         - Using strategy: BRUTE_FORCE
13:58:16.082 [FXGL Background Thread 1 ] DEBUG GameScene            - Game scene initialized: 1000x600
13:58:16.110 [FXGL Background Thread 1 ] DEBUG FXGL.DefaultMenu     - createMenuBodyGameMenu()
13:58:16.147 [FXGL Background Thread 1 ] DEBUG FXGL.DefaultMenu     - createOptionsMenu()
13:58:16.166 [FXGL Background Thread 1 ] DEBUG FXGLAssetLoaderServi - Loading from file system: jar:file:/C:/Users/User/.m2/repository/com/github/almasb/fxgl/17.3/fxgl-17.3.jar!/fxglassets/textures/particles/smoke.png
13:58:16.365 [FXGL Background Thread 1 ] DEBUG FXGLAssetLoaderServi - Loading from file system: jar:file:/C:/Users/User/.m2/repository/com/github/almasb/fxgl/17.3/fxgl-17.3.jar!/fxglassets/textures/particles/trace_horizontal.png
13:58:16.408 [FXGL Background Thread 1 ] DEBUG GameApplicationServi - Application scenes initialized
13:58:16.426 [FXGL Background Thread 1 ] DEBUG SystemBundleService  - Loading FXGL system data
13:58:16.431 [FXGL Background Thread 1 ] DEBUG FileSystemAccess     - Reading from: C:\Users\User\Documents\GitHub\Sonic-rush\system\fxgl.bundle
13:58:16.443 [FXGL Background Thread 1 ] DEBUG SystemBundleService  - Bundle FXGL: {}
13:58:16.443 [FXGL Background Thread 1 ] DEBUG UpdaterService       - Checking for updates
13:58:16.449 [FXGL Background Thread 1 ] DEBUG FXGLApplication      - Loading default localization
13:58:16.450 [FXGL Background Thread 1 ] DEBUG FXGLAssetLoaderServi - Loading from file system: jar:file:/C:/Users/User/.m2/repository/com/github/almasb/fxgl/17.3/fxgl-17.3.jar!/fxglassets/languages/english.lang
13:58:16.472 [FXGL Background Thread 4 ] DEBUG FXGLApplication      - Loading fonts
13:58:16.473 [FXGL Background Thread 4 ] DEBUG FXGLAssetLoaderServi - Loading from file system: jar:file:/C:/Users/User/.m2/repository/com/github/almasb/fxgl/17.3/fxgl-17.3.jar!/fxglassets/ui/fonts/VarelaRound-Regular.ttf
13:58:16.490 [FXGL Background Thread 1 ] INFO  FXGLApplication      - FXGL initialization took: 0,944 sec
13:58:16.512 [JavaFX Application Thread] DEBUG Input                - Registered new binding: Mover a la izquierda - A
13:58:16.512 [JavaFX Application Thread] DEBUG Input                - Registered new binding: Mover a la derecha - D
13:58:16.512 [JavaFX Application Thread] DEBUG Input                - Registered new binding: Saltar - W
13:58:16.513 [JavaFX Application Thread] DEBUG Input                - Registered new binding: Interactuar - E
13:58:16.513 [JavaFX Application Thread] DEBUG Input                - Registered new binding: Desactivar filtro - L
13:58:16.513 [JavaFX Application Thread] DEBUG FXGLAssetLoaderServi - Loading from file system: jar:file:/C:/Users/User/.m2/repository/com/github/almasb/fxgl/17.3/fxgl-17.3.jar!/fxglassets/textures/fxgl_icon.png
13:58:16.519 [FXGL Background Thread 4 ] DEBUG FXGLAssetLoaderServi - Loading from file system: jar:file:/C:/Users/User/.m2/repository/com/github/almasb/fxgl/17.3/fxgl-17.3.jar!/fxglassets/ui/fonts/Abel-Regular.ttf
13:58:16.524 [FXGL Background Thread 4 ] DEBUG FXGLAssetLoaderServi - Loading from file system: jar:file:/C:/Users/User/.m2/repository/com/github/almasb/fxgl/17.3/fxgl-17.3.jar!/fxglassets/ui/fonts/TerminalLandMono-Regular.otf
13:58:16.530 [FXGL Background Thread 4 ] DEBUG FXGLAssetLoaderServi - Loading from file system: jar:file:/C:/Users/User/.m2/repository/com/github/almasb/fxgl/17.3/fxgl-17.3.jar!/fxglassets/ui/fonts/Courier-Prime.ttf
13:58:16.542 [JavaFX Application Thread] DEBUG FXGLAssetLoaderServi - Loading from file system: jar:file:/C:/Users/User/.m2/repository/com/github/almasb/fxgl/17.3/fxgl-17.3.jar!/fxglassets/textures/fxgl_default_cursor.png
13:58:16.545 [JavaFX Application Thread] DEBUG Input                - Registered new binding: Screenshot - CTRL+8
13:58:16.545 [JavaFX Application Thread] DEBUG Input                - Registered new binding: System info dump - CTRL+9
13:58:16.546 [JavaFX Application Thread] DEBUG Input                - Registered new binding: Restart - CTRL+R
13:58:16.546 [JavaFX Application Thread] DEBUG Input                - Registered new binding: Toggle Debug Camera - CTRL+7
13:58:16.550 [JavaFX Application Thread] DEBUG LoopRunner           - Starting loop
13:58:16.550 [JavaFX Application Thread] DEBUG LoopRunner           - Initializing JavaFX AnimationTimerLoop
13:58:16.552 [JavaFX Application Thread] DEBUG GameApplicationServi - Starting new game
13:58:16.553 [JavaFX Application Thread] DEBUG Input                - Clearing active input actions
13:58:16.568 [JavaFX Application Thread] DEBUG GameApplicationServi - Removing overlay from FXGLStartupScene and adding to FXGLLoadingScene
13:58:16.570 [JavaFX Application Thread] DEBUG PrimaryStageWindow   - FXGLStartupScene -> FXGLLoadingScene
13:58:16.570 [JavaFX Application Thread] DEBUG GameApplicationServi - Clearing previous game
13:58:16.570 [JavaFX Application Thread] DEBUG GameScene            - Clearing game scene
13:58:16.570 [JavaFX Application Thread] DEBUG GameWorld            - Clearing game world
13:58:16.570 [JavaFX Application Thread] DEBUG PhysicsWorld         - Clearing physics world
13:58:16.572 [FXGL Background Thread 1 ] DEBUG FXGLApplication      - Initializing game
13:58:16.587 [FXGL Background Thread 1 ] DEBUG FXGLAssetLoaderServi - Loading from file system: file:/C:/Users/User/Documents/GitHub/Sonic-rush/target/classes/assets/music/OST2.mp3
13:58:16.657 [JavaFX Application Thread] DEBUG FXGLApplication      - Registering font factories with UI factory
13:58:16.894 [FXGL Background Thread 1 ] DEBUG AudioPlayer          - Playing music com.almasb.fxgl.audio.Music@38d32730
13:58:16.901 [FXGL Background Thread 1 ] INFO  FXGLApplication      - Game initialization took: 0,328 sec
13:58:17.201 [JavaFX Application Thread] DEBUG Input                - Clearing active input actions
13:58:17.209 [JavaFX Application Thread] DEBUG GameApplicationServi - Removing overlay from FXGLLoadingScene and adding to GameScene
13:58:17.210 [JavaFX Application Thread] DEBUG PrimaryStageWindow   - FXGLLoadingScene -> GameScene
13:58:17.450 [FXGL Background Thread 2 ] INFO  UpdaterService       - Your current version:  17.3
13:58:17.457 [FXGL Background Thread 2 ] INFO  UpdaterService       - Latest stable version: 21.1
13:58:19.448 [FXGL Background Thread 3 ] DEBUG Engine               - Logging environment variables
13:58:19.453 [FXGL Background Thread 3 ] DEBUG Engine               - achievements: []
13:58:19.455 [FXGL Background Thread 3 ] DEBUG Engine               - actualHeight: 600.0
13:58:19.455 [FXGL Background Thread 3 ] DEBUG Engine               - actualHeightProperty: ReadOnlyDoubleProperty [value: 600.0]
13:58:19.455 [FXGL Background Thread 3 ] DEBUG Engine               - actualWidth: 1000.0
13:58:19.455 [FXGL Background Thread 3 ] DEBUG Engine               - actualWidthProperty: ReadOnlyDoubleProperty [value: 1000.0]
13:58:19.456 [FXGL Background Thread 3 ] DEBUG Engine               - appIcon: fxgl_icon.png
13:58:19.456 [FXGL Background Thread 3 ] DEBUG Engine               - applicationMode: DEVELOPER
13:58:19.456 [FXGL Background Thread 3 ] DEBUG Engine               - cSSList: [fxgl_dark.css]
13:58:19.456 [FXGL Background Thread 3 ] DEBUG Engine               - collisionDetectionStrategy: BRUTE_FORCE
13:58:19.456 [FXGL Background Thread 3 ] DEBUG Engine               - configClass: Optional.empty
13:58:19.456 [FXGL Background Thread 3 ] DEBUG Engine               - credits: []
13:58:19.457 [FXGL Background Thread 3 ] DEBUG Engine               - defaultCursor: CursorInfo(imageName=fxgl_default_cursor.png, hotspotX=7.0, hotspotY=6.0)
13:58:19.457 [FXGL Background Thread 3 ] DEBUG Engine               - devBBoxColorProperty: ObjectProperty [value: 0xff0000ff]
13:58:19.460 [FXGL Background Thread 3 ] DEBUG Engine               - devEnableDebugCameraProperty: BooleanProperty [value: false]
13:58:19.460 [FXGL Background Thread 3 ] DEBUG Engine               - devSensorColorProperty: ObjectProperty [value: 0xffff00ff]
13:58:19.460 [FXGL Background Thread 3 ] DEBUG Engine               - devShowBBoxProperty: BooleanProperty [value: false]
13:58:19.460 [FXGL Background Thread 3 ] DEBUG Engine               - devShowPositionProperty: BooleanProperty [value: false]
13:58:19.460 [FXGL Background Thread 3 ] DEBUG Engine               - enabledMenuItems: []
13:58:19.460 [FXGL Background Thread 3 ] DEBUG Engine               - engineServices: [class com.almasb.fxgl.app.services.FXGLAssetLoaderService, class com.almasb.fxgl.app.FXGLApplication$GameApplicationService, class com.almasb.fxgl.app.services.FXGLDialogService, class com.almasb.fxgl.app.services.IOTaskExecutorService, class com.almasb.fxgl.io.FileSystemService, class com.almasb.fxgl.localization.LocalizationService, class com.almasb.fxgl.app.services.SystemBundleService, class com.almasb.fxgl.profile.SaveLoadService, class com.almasb.fxgl.ui.FXGLUIFactoryServiceProvider, class com.almasb.fxgl.ui.FXGLDialogFactoryServiceProvider, class com.almasb.fxgl.audio.AudioPlayer, class com.almasb.fxgl.notification.impl.NotificationServiceProvider, class com.almasb.fxgl.achievement.AchievementService, class com.almasb.fxgl.cutscene.CutsceneService, class com.almasb.fxgl.minigames.MiniGameService, class com.almasb.fxgl.net.NetService, class com.almasb.fxgl.app.services.UpdaterService, class com.almasb.fxgl.dev.DevService, class com.almasb.fxgl.multiplayer.MultiplayerService]
13:58:19.461 [FXGL Background Thread 3 ] DEBUG Engine               - fontGame: Abel-Regular.ttf
13:58:19.461 [FXGL Background Thread 3 ] DEBUG Engine               - fontMono: TerminalLandMono-Regular.otf
13:58:19.461 [FXGL Background Thread 3 ] DEBUG Engine               - fontSizeScaleUI: 1.0
13:58:19.461 [FXGL Background Thread 3 ] DEBUG Engine               - fontText: Courier-Prime.ttf
13:58:19.461 [FXGL Background Thread 3 ] DEBUG Engine               - fontUI: VarelaRound-Regular.ttf
13:58:19.461 [FXGL Background Thread 3 ] DEBUG Engine               - fullScreen: BooleanProperty [value: false]
13:58:19.461 [FXGL Background Thread 3 ] DEBUG Engine               - gameDifficulty: MEDIUM
13:58:19.461 [FXGL Background Thread 3 ] DEBUG Engine               - gameDifficultyProperty: ObjectProperty [value: MEDIUM]
13:58:19.461 [FXGL Background Thread 3 ] DEBUG Engine               - globalMusicVolume: 0.5
13:58:19.461 [FXGL Background Thread 3 ] DEBUG Engine               - globalMusicVolumeProperty: DoubleProperty [value: 0.5]
13:58:19.461 [FXGL Background Thread 3 ] DEBUG Engine               - globalSoundVolume: 0.5
13:58:19.461 [FXGL Background Thread 3 ] DEBUG Engine               - globalSoundVolumeProperty: DoubleProperty [value: 0.5]
13:58:19.461 [FXGL Background Thread 3 ] DEBUG Engine               - height: 600
13:58:19.462 [FXGL Background Thread 3 ] DEBUG Engine               - is3D: false
13:58:19.462 [FXGL Background Thread 3 ] DEBUG Engine               - isAndroid: false
13:58:19.462 [FXGL Background Thread 3 ] DEBUG Engine               - isBrowser: false
13:58:19.462 [FXGL Background Thread 3 ] DEBUG Engine               - isClickFeedbackEnabled: false
13:58:19.462 [FXGL Background Thread 3 ] DEBUG Engine               - isCloseConfirmation: false
13:58:19.462 [FXGL Background Thread 3 ] DEBUG Engine               - isDesktop: true
13:58:19.462 [FXGL Background Thread 3 ] DEBUG Engine               - isDeveloperMenuEnabled: false
13:58:19.462 [FXGL Background Thread 3 ] DEBUG Engine               - isEmbedded: false
13:58:19.462 [FXGL Background Thread 3 ] DEBUG Engine               - isEntityPreloadEnabled: true
13:58:19.462 [FXGL Background Thread 3 ] DEBUG Engine               - isExperimentalTiledLargeMap: false
13:58:19.462 [FXGL Background Thread 3 ] DEBUG Engine               - isFileSystemWriteAllowed: true
13:58:19.462 [FXGL Background Thread 3 ] DEBUG Engine               - isFullScreenAllowed: false
13:58:19.462 [FXGL Background Thread 3 ] DEBUG Engine               - isFullScreenFromStart: false
13:58:19.462 [FXGL Background Thread 3 ] DEBUG Engine               - isGameMenuEnabled: true
13:58:19.463 [FXGL Background Thread 3 ] DEBUG Engine               - isIOS: false
13:58:19.463 [FXGL Background Thread 3 ] DEBUG Engine               - isIntroEnabled: false
13:58:19.463 [FXGL Background Thread 3 ] DEBUG Engine               - isLinux: false
13:58:19.463 [FXGL Background Thread 3 ] DEBUG Engine               - isMac: false
13:58:19.463 [FXGL Background Thread 3 ] DEBUG Engine               - isMainMenuEnabled: false
13:58:19.463 [FXGL Background Thread 3 ] DEBUG Engine               - isManualResizeEnabled: false
13:58:19.463 [FXGL Background Thread 3 ] DEBUG Engine               - isMobile: false
13:58:19.463 [FXGL Background Thread 3 ] DEBUG Engine               - isNative: false
13:58:19.463 [FXGL Background Thread 3 ] DEBUG Engine               - isPauseMusicWhenMinimized: true
13:58:19.463 [FXGL Background Thread 3 ] DEBUG Engine               - isPreserveResizeRatio: false
13:58:19.463 [FXGL Background Thread 3 ] DEBUG Engine               - isProfilingEnabled: false
13:58:19.463 [FXGL Background Thread 3 ] DEBUG Engine               - isScaleAffectedOnResize: true
13:58:19.463 [FXGL Background Thread 3 ] DEBUG Engine               - isSingleStep: false
13:58:19.463 [FXGL Background Thread 3 ] DEBUG Engine               - isUserProfileEnabled: false
13:58:19.463 [FXGL Background Thread 3 ] DEBUG Engine               - isWindows: true
13:58:19.463 [FXGL Background Thread 3 ] DEBUG Engine               - language: ObjectProperty [value: ENGLISH]
13:58:19.463 [FXGL Background Thread 3 ] DEBUG Engine               - menuKey: ESCAPE
13:58:19.463 [FXGL Background Thread 3 ] DEBUG Engine               - mouseSensitivity: 0.2
13:58:19.463 [FXGL Background Thread 3 ] DEBUG Engine               - notificationViewClass: class com.almasb.fxgl.notification.view.XboxNotificationView
13:58:19.463 [FXGL Background Thread 3 ] DEBUG Engine               - pixelsPerMeter: 50.0
13:58:19.463 [FXGL Background Thread 3 ] DEBUG Engine               - platform: WINDOWS
13:58:19.464 [FXGL Background Thread 3 ] DEBUG Engine               - prefHeightProperty: ReadOnlyDoubleProperty [value: 600.0]
13:58:19.464 [FXGL Background Thread 3 ] DEBUG Engine               - prefWidthProperty: ReadOnlyDoubleProperty [value: 1000.0]
13:58:19.464 [FXGL Background Thread 3 ] DEBUG Engine               - profileDir: profiles/
13:58:19.464 [FXGL Background Thread 3 ] DEBUG Engine               - profileName: StringProperty [value: DEFAULT]
13:58:19.464 [FXGL Background Thread 3 ] DEBUG Engine               - randomSeed: -1
13:58:19.465 [FXGL Background Thread 3 ] DEBUG Engine               - runtimeInfo: RuntimeInfo(platform=WINDOWS, version=17.3, build=30.03.2023 11.49)
13:58:19.466 [FXGL Background Thread 3 ] DEBUG Engine               - saveFileExt: sav
13:58:19.467 [FXGL Background Thread 3 ] DEBUG Engine               - scaledHeightProp$fxgl: DoubleProperty [bound, value: 600.0]
13:58:19.467 [FXGL Background Thread 3 ] DEBUG Engine               - scaledWidthProp$fxgl: DoubleProperty [bound, value: 1000.0]
13:58:19.467 [FXGL Background Thread 3 ] DEBUG Engine               - sceneFactory: com.almasb.fxgl.app.scene.SceneFactory@2177ca95
13:58:19.467 [FXGL Background Thread 3 ] DEBUG Engine               - secondsIn24h: 60
13:58:19.470 [FXGL Background Thread 3 ] DEBUG Engine               - soundMenuBack: menu/back.wav
13:58:19.470 [FXGL Background Thread 3 ] DEBUG Engine               - soundMenuPress: menu/press.wav
13:58:19.470 [FXGL Background Thread 3 ] DEBUG Engine               - soundMenuSelect: menu/select.wav
13:58:19.470 [FXGL Background Thread 3 ] DEBUG Engine               - soundNotification: core/notification.wav
13:58:19.471 [FXGL Background Thread 3 ] DEBUG Engine               - stageStyle: DECORATED
13:58:19.471 [FXGL Background Thread 3 ] DEBUG Engine               - supportedLanguages: [ENGLISH, FRENCH, GERMAN, HUNGARIAN, RUSSIAN]
13:58:19.471 [FXGL Background Thread 3 ] DEBUG Engine               - ticksPerSecond: -1
13:58:19.471 [FXGL Background Thread 3 ] DEBUG Engine               - title: Jugador Sonic
13:58:19.471 [FXGL Background Thread 3 ] DEBUG Engine               - urlGithub: https://github.com/AlmasB/FXGL
13:58:19.471 [FXGL Background Thread 3 ] DEBUG Engine               - urlLeaderboard: http://fxgl-top.herokuapp.com/
13:58:19.471 [FXGL Background Thread 3 ] DEBUG Engine               - urlPOM: https://raw.githubusercontent.com/AlmasB/FXGL/release/README.md
13:58:19.471 [FXGL Background Thread 3 ] DEBUG Engine               - userAppClass: class Runner.ClientRunner
13:58:19.471 [FXGL Background Thread 3 ] DEBUG Engine               - version: 0.0
13:58:19.471 [FXGL Background Thread 3 ] DEBUG Engine               - versionCheckDays: 7
13:58:19.472 [FXGL Background Thread 3 ] DEBUG Engine               - width: 1000
13:58:19.472 [FXGL Background Thread 3 ] DEBUG Engine               - Logging services
13:58:19.472 [FXGL Background Thread 3 ] DEBUG Engine               - class com.almasb.fxgl.app.services.FXGLAssetLoaderService
13:58:19.472 [FXGL Background Thread 3 ] DEBUG Engine               - class com.almasb.fxgl.app.FXGLApplication$GameApplicationService
13:58:19.472 [FXGL Background Thread 3 ] DEBUG Engine               - class com.almasb.fxgl.app.services.FXGLDialogService
13:58:19.472 [FXGL Background Thread 3 ] DEBUG Engine               - class com.almasb.fxgl.app.services.IOTaskExecutorService
13:58:19.472 [FXGL Background Thread 3 ] DEBUG Engine               - class com.almasb.fxgl.io.FileSystemService
13:58:19.472 [FXGL Background Thread 3 ] DEBUG Engine               - class com.almasb.fxgl.localization.LocalizationService
13:58:19.478 [FXGL Background Thread 3 ] DEBUG Engine               - class com.almasb.fxgl.app.services.SystemBundleService
13:58:19.478 [FXGL Background Thread 3 ] DEBUG Engine               - class com.almasb.fxgl.profile.SaveLoadService
13:58:19.478 [FXGL Background Thread 3 ] DEBUG Engine               - class com.almasb.fxgl.ui.FXGLUIFactoryServiceProvider
13:58:19.478 [FXGL Background Thread 3 ] DEBUG Engine               - class com.almasb.fxgl.ui.FXGLDialogFactoryServiceProvider
13:58:19.478 [FXGL Background Thread 3 ] DEBUG Engine               - class com.almasb.fxgl.audio.AudioPlayer
13:58:19.478 [FXGL Background Thread 3 ] DEBUG Engine               - class com.almasb.fxgl.notification.impl.NotificationServiceProvider
13:58:19.478 [FXGL Background Thread 3 ] DEBUG Engine               - class com.almasb.fxgl.achievement.AchievementService
13:58:19.479 [FXGL Background Thread 3 ] DEBUG Engine               - class com.almasb.fxgl.cutscene.CutsceneService
13:58:19.479 [FXGL Background Thread 3 ] DEBUG Engine               - class com.almasb.fxgl.minigames.MiniGameService
13:58:19.479 [FXGL Background Thread 3 ] DEBUG Engine               - class com.almasb.fxgl.net.NetService
13:58:19.479 [FXGL Background Thread 3 ] DEBUG Engine               - class com.almasb.fxgl.app.services.UpdaterService
13:58:19.479 [FXGL Background Thread 3 ] DEBUG Engine               - class com.almasb.fxgl.dev.DevService
13:58:19.479 [FXGL Background Thread 3 ] DEBUG Engine               - class com.almasb.fxgl.multiplayer.MultiplayerService
13:58:39.139 [JavaFX Application Thread] DEBUG FXGLAssetLoaderServi - Loading from file system: file:/C:/Users/User/Documents/GitHub/Sonic-rush/target/classes/assets/textures/fondo.png
13:58:39.334 [JavaFX Application Thread] WARN  TMXLevelLoader       - TiledMap generated from 1.11.2. Supported version: 1.9.0. Some features may not be parsed fully.
13:58:39.355 [JavaFX Application Thread] DEBUG TMXLevelLoader       - Parsed TiledMap: file:/C:/Users/User/Documents/GitHub/Sonic-rush/target/classes/assets/levels/mapazo.tmx
13:58:39.356 [JavaFX Application Thread] DEBUG TMXLevelLoader       - Creating tile layer entities
13:58:39.359 [JavaFX Application Thread] DEBUG TilesetLoader        - Loading view for layer Capa de patrones 1
13:58:39.367 [JavaFX Application Thread] DEBUG TilesetLoader        - Created buffer with size 3840.0x720.0
13:58:39.398 [JavaFX Application Thread] DEBUG TMXLevelLoader       - Creating object layer entities
13:58:39.429 [JavaFX Application Thread] DEBUG GameWorld            - Clearing removable entities
13:58:39.431 [JavaFX Application Thread] DEBUG GameWorld            - Setting level: com.almasb.fxgl.entity.level.Level@556d2065
13:58:39.444 [ClientAsyncConnThread    ] DEBUG TCPClient            - Connecting to 192.168.56.1:50000 type: class com.almasb.fxgl.core.serialization.Bundle
13:58:39.444 [ClientAsyncConnThread    ] DEBUG TCPClient            - Created socket to 192.168.56.1:50000
13:58:39.452 [ClientAsyncConnThread    ] DEBUG Endpoint             - TCPClient opening new connection (1) from /192.168.56.1:50000 type: class com.almasb.fxgl.core.serialization.Bundle
13:58:39.455 [ClientAsyncConnThread    ] DEBUG Endpoint             - TCPClient successfully opened connection (1)
13:58:39.470 [TCPClient_SendThread-1   ] DEBUG Writers              - Getting TCPMessageWriter for class com.almasb.fxgl.core.serialization.Bundle
13:58:39.471 [TCPClient_SendThread-1   ] DEBUG Writers              - Constructed TCPMessageWriter for class com.almasb.fxgl.core.serialization.Bundle: BundleTCPMessageWriter
13:58:39.477 [TCPClient_RecvThread-1   ] DEBUG Readers              - Constructed MessageReader for class com.almasb.fxgl.core.serialization.Bundle: BundleTCPMessageReader
13:58:39.487 [JavaFX Application Thread] DEBUG FXGLAssetLoaderServi - Loading from file system: file:/C:/Users/User/Documents/GitHub/Sonic-rush/target/classes/assets/textures/Items/ring.png
13:58:39.512 [JavaFX Application Thread] DEBUG FXGLAssetLoaderServi - Loading from file system: file:/C:/Users/User/Documents/GitHub/Sonic-rush/target/classes/assets/textures/Items/basura.png
13:58:39.526 [JavaFX Application Thread] DEBUG FXGLAssetLoaderServi - Loading from file system: file:/C:/Users/User/Documents/GitHub/Sonic-rush/target/classes/assets/textures/Items/caucho.png
13:58:39.539 [JavaFX Application Thread] DEBUG FXGLAssetLoaderServi - Loading from file system: file:/C:/Users/User/Documents/GitHub/Sonic-rush/target/classes/assets/textures/Items/papel.png
13:58:39.543 [JavaFX Application Thread] DEBUG FXGLAssetLoaderServi - Loading from file system: file:/C:/Users/User/Documents/GitHub/Sonic-rush/target/classes/assets/textures/Enemigos/enemigo2.png
13:58:39.555 [JavaFX Application Thread] DEBUG FXGLAssetLoaderServi - Loading from file system: file:/C:/Users/User/Documents/GitHub/Sonic-rush/target/classes/assets/textures/Personajes/tails.png
13:58:39.557 [JavaFX Application Thread] DEBUG FXGLAssetLoaderServi - Loading from file system: file:/C:/Users/User/Documents/GitHub/Sonic-rush/target/classes/assets/textures/Personajes/tails_Salta.png
13:58:39.557 [JavaFX Application Thread] DEBUG FXGLAssetLoaderServi - Loading from file system: file:/C:/Users/User/Documents/GitHub/Sonic-rush/target/classes/assets/textures/Personajes/tails_caminando.png
13:58:44.406 [JavaFX Application Thread] DEBUG FXGLAssetLoaderServi - Loading from file system: file:/C:/Users/User/Documents/GitHub/Sonic-rush/target/classes/assets/sounds/recoger.wav
13:59:08.774 [JavaFX Application Thread] DEBUG FXGLAssetLoaderServi - Loading from file system: file:/C:/Users/User/Documents/GitHub/Sonic-rush/target/classes/assets/sounds/perder_anillos.wav
13:59:12.602 [JavaFX Application Thread] DEBUG FXGLApplication      - Exiting FXGL
13:59:12.602 [JavaFX Application Thread] DEBUG LoopRunner           - Stopping loop
13:59:12.602 [JavaFX Application Thread] DEBUG SystemBundleService  - Saving FXGL system data
13:59:12.603 [JavaFX Application Thread] DEBUG FileSystemAccess     - Writing to: C:\Users\User\Documents\GitHub\Sonic-rush\system\fxgl.bundle
13:59:12.604 [JavaFX Application Thread] DEBUG Async                - Shutting down background threads
13:59:12.605 [JavaFX Application Thread] DEBUG PrimaryStageWindow   - Closing main window
13:59:12.614 [JavaFX Application Thread] DEBUG Logger               - Closing Logger
