02:03:03.579 [main                     ] DEBUG Logger               - Configured Logger
02:03:03.599 [main                     ] DEBUG GameApplication      - Logging settings
Title: Jugador Sonic
Version: 0.0
Width: 1000
Height: 600
Fullscreen: false
Intro: false
Profiling: false
Single step:false
App Mode: DEVELOPER
Menu Key: ESCAPE
Stage Style: DECORATED
Scene Factory: class com.almasb.fxgl.app.scene.SceneFactory

02:03:03.803 [JavaFX Application Thread] DEBUG FXGLApplication      - Initializing FXGL
02:03:03.808 [JavaFX Application Thread] INFO  Engine               - FXGL-17.3 (30.03.2023 11.49) on WINDOWS (J:21.0.2 FX:20)
02:03:03.809 [JavaFX Application Thread] DEBUG Engine               - JRE Vendor Name: Oracle Corporation
02:03:03.810 [JavaFX Application Thread] DEBUG Engine               - Running on OS: Windows 10 version 10.0
02:03:03.810 [JavaFX Application Thread] DEBUG Engine               - Architecture: amd64
02:03:03.810 [JavaFX Application Thread] INFO  Engine               - Source code and latest versions at: https://github.com/AlmasB/FXGL
02:03:03.810 [JavaFX Application Thread] INFO  Engine               -       Ask questions and discuss at: https://github.com/AlmasB/FXGL/discussions
02:03:03.811 [JavaFX Application Thread] INFO  Engine               -              Join the FXGL chat at: https://gitter.im/AlmasB/FXGL
02:03:03.903 [JavaFX Application Thread] DEBUG PrimaryStageWindow   - Creating a JavaFX scene
02:03:04.006 [JavaFX Application Thread] DEBUG PrimaryStageWindow   - Target settings size: 1000.0 x 600.0
02:03:04.006 [JavaFX Application Thread] DEBUG PrimaryStageWindow   - Scaled scene size:    1000.0 x 600.0
02:03:04.007 [JavaFX Application Thread] DEBUG PrimaryStageWindow   - Scaled ratio: (1.0, 1.0)
02:03:04.008 [JavaFX Application Thread] DEBUG PrimaryStageWindow   - Set initial scene to FXGLStartupScene
02:03:04.013 [JavaFX Application Thread] DEBUG PrimaryStageWindow   - Opening main window
02:03:04.246 [JavaFX Application Thread] DEBUG PrimaryStageWindow   - Window border size: (16.0, 39.0)
02:03:04.246 [JavaFX Application Thread] DEBUG PrimaryStageWindow   - Scaled size: 1000.0 x 600.0
02:03:04.247 [JavaFX Application Thread] DEBUG PrimaryStageWindow   - Scaled ratio: (1.0, 1.0)
02:03:04.247 [JavaFX Application Thread] DEBUG PrimaryStageWindow   - Scene size: 1000.0 x 600.0
02:03:04.247 [JavaFX Application Thread] DEBUG PrimaryStageWindow   - Stage size: 1016.0 x 639.0
02:03:04.329 [FXGL Background Thread 1 ] DEBUG Engine               - Initializing environment variables
02:03:04.385 [FXGL Background Thread 1 ] DEBUG FXGLAssetLoaderServi - User app class for loading assets: class Runner.ClientRunner
02:03:04.385 [FXGL Background Thread 1 ] DEBUG GameApplicationServi - Applying CSS: fxgl_dark.css
02:03:04.386 [FXGL Background Thread 1 ] DEBUG FXGLAssetLoaderServi - Loading from file system: jar:file:/C:/Users/User/.m2/repository/com/github/almasb/fxgl/17.3/fxgl-17.3.jar!/fxglassets/ui/css/fxgl_dark.css
02:03:04.465 [FXGL Background Thread 1 ] DEBUG GameApplicationServi - Initializing application scenes
02:03:04.589 [FXGL Background Thread 1 ] DEBUG GameWorld            - Game world initialized
02:03:04.659 [FXGL Background Thread 1 ] DEBUG PhysicsWorld         - Physics world initialized: appHeight=600, physics.ppm=50,0
02:03:04.659 [FXGL Background Thread 1 ] DEBUG PhysicsWorld         - Using strategy: BRUTE_FORCE
02:03:04.663 [FXGL Background Thread 1 ] DEBUG GameScene            - Game scene initialized: 1000x600
02:03:04.677 [FXGL Background Thread 1 ] DEBUG FXGL.DefaultMenu     - createMenuBodyGameMenu()
02:03:04.698 [FXGL Background Thread 1 ] DEBUG FXGL.DefaultMenu     - createOptionsMenu()
02:03:04.709 [FXGL Background Thread 1 ] DEBUG FXGLAssetLoaderServi - Loading from file system: jar:file:/C:/Users/User/.m2/repository/com/github/almasb/fxgl/17.3/fxgl-17.3.jar!/fxglassets/textures/particles/smoke.png
02:03:04.831 [FXGL Background Thread 1 ] DEBUG FXGLAssetLoaderServi - Loading from file system: jar:file:/C:/Users/User/.m2/repository/com/github/almasb/fxgl/17.3/fxgl-17.3.jar!/fxglassets/textures/particles/trace_horizontal.png
02:03:04.877 [FXGL Background Thread 1 ] DEBUG GameApplicationServi - Application scenes initialized
02:03:04.897 [FXGL Background Thread 1 ] DEBUG SystemBundleService  - Loading FXGL system data
02:03:04.901 [FXGL Background Thread 1 ] DEBUG FileSystemAccess     - Reading from: C:\Users\User\Documents\Millan.Luis\UNEG\Semestre IV\Tecnicas de Prog. III\Sonic-rush\system\fxgl.bundle
02:03:04.912 [FXGL Background Thread 1 ] DEBUG SystemBundleService  - Bundle FXGL: {}
02:03:04.912 [FXGL Background Thread 1 ] DEBUG UpdaterService       - Checking for updates
02:03:04.917 [FXGL Background Thread 1 ] DEBUG FXGLApplication      - Loading default localization
02:03:04.918 [FXGL Background Thread 1 ] DEBUG FXGLAssetLoaderServi - Loading from file system: jar:file:/C:/Users/User/.m2/repository/com/github/almasb/fxgl/17.3/fxgl-17.3.jar!/fxglassets/languages/english.lang
02:03:04.936 [FXGL Background Thread 1 ] INFO  FXGLApplication      - FXGL initialization took: 0,608 sec
02:03:04.984 [JavaFX Application Thread] DEBUG Input                - Registered new binding: Mover a la izquierda - A
02:03:04.984 [JavaFX Application Thread] DEBUG Input                - Registered new binding: Mover a la derecha - D
02:03:04.985 [JavaFX Application Thread] DEBUG Input                - Registered new binding: Saltar - W
02:03:04.985 [JavaFX Application Thread] DEBUG Input                - Registered new binding: Interactuar - E
02:03:04.985 [JavaFX Application Thread] DEBUG Input                - Registered new binding: Transformar - P
02:03:04.985 [JavaFX Application Thread] DEBUG Input                - Registered new binding: Desactivar filtro - L
02:03:04.985 [JavaFX Application Thread] DEBUG FXGLAssetLoaderServi - Loading from file system: jar:file:/C:/Users/User/.m2/repository/com/github/almasb/fxgl/17.3/fxgl-17.3.jar!/fxglassets/textures/fxgl_icon.png
02:03:05.019 [FXGL Background Thread 4 ] DEBUG FXGLApplication      - Loading fonts
02:03:05.020 [FXGL Background Thread 4 ] DEBUG FXGLAssetLoaderServi - Loading from file system: jar:file:/C:/Users/User/.m2/repository/com/github/almasb/fxgl/17.3/fxgl-17.3.jar!/fxglassets/ui/fonts/VarelaRound-Regular.ttf
02:03:05.063 [FXGL Background Thread 4 ] DEBUG FXGLAssetLoaderServi - Loading from file system: jar:file:/C:/Users/User/.m2/repository/com/github/almasb/fxgl/17.3/fxgl-17.3.jar!/fxglassets/ui/fonts/Abel-Regular.ttf
02:03:05.067 [FXGL Background Thread 4 ] DEBUG FXGLAssetLoaderServi - Loading from file system: jar:file:/C:/Users/User/.m2/repository/com/github/almasb/fxgl/17.3/fxgl-17.3.jar!/fxglassets/ui/fonts/TerminalLandMono-Regular.otf
02:03:05.071 [FXGL Background Thread 4 ] DEBUG FXGLAssetLoaderServi - Loading from file system: jar:file:/C:/Users/User/.m2/repository/com/github/almasb/fxgl/17.3/fxgl-17.3.jar!/fxglassets/ui/fonts/Courier-Prime.ttf
02:03:05.108 [JavaFX Application Thread] DEBUG FXGLAssetLoaderServi - Loading from file system: jar:file:/C:/Users/User/.m2/repository/com/github/almasb/fxgl/17.3/fxgl-17.3.jar!/fxglassets/textures/fxgl_default_cursor.png
02:03:05.111 [JavaFX Application Thread] DEBUG Input                - Registered new binding: Screenshot - CTRL+8
02:03:05.111 [JavaFX Application Thread] DEBUG Input                - Registered new binding: System info dump - CTRL+9
02:03:05.112 [JavaFX Application Thread] DEBUG Input                - Registered new binding: Restart - CTRL+R
02:03:05.113 [JavaFX Application Thread] DEBUG Input                - Registered new binding: Toggle Debug Camera - CTRL+7
02:03:05.117 [JavaFX Application Thread] DEBUG LoopRunner           - Starting loop
02:03:05.117 [JavaFX Application Thread] DEBUG LoopRunner           - Initializing JavaFX AnimationTimerLoop
02:03:05.119 [JavaFX Application Thread] DEBUG GameApplicationServi - Starting new game
02:03:05.119 [JavaFX Application Thread] DEBUG Input                - Clearing active input actions
02:03:05.135 [JavaFX Application Thread] DEBUG GameApplicationServi - Removing overlay from FXGLStartupScene and adding to FXGLLoadingScene
02:03:05.135 [JavaFX Application Thread] DEBUG PrimaryStageWindow   - FXGLStartupScene -> FXGLLoadingScene
02:03:05.135 [JavaFX Application Thread] DEBUG GameApplicationServi - Clearing previous game
02:03:05.135 [JavaFX Application Thread] DEBUG GameScene            - Clearing game scene
02:03:05.136 [JavaFX Application Thread] DEBUG GameWorld            - Clearing game world
02:03:05.136 [JavaFX Application Thread] DEBUG PhysicsWorld         - Clearing physics world
02:03:05.138 [JavaFX Application Thread] DEBUG FXGLApplication      - Registering font factories with UI factory
02:03:05.156 [FXGL Background Thread 4 ] DEBUG FXGLApplication      - Initializing game
02:03:05.176 [FXGL Background Thread 4 ] DEBUG FXGLAssetLoaderServi - Loading from file system: file:/C:/Users/User/Documents/Millan.Luis/UNEG/Semestre%20IV/Tecnicas%20de%20Prog.%20III/Sonic-rush/target/classes/assets/music/OST.mp3
02:03:05.887 [FXGL Background Thread 2 ] INFO  UpdaterService       - Your current version:  17.3
02:03:05.909 [FXGL Background Thread 2 ] INFO  UpdaterService       - Latest stable version: 21.1
02:03:05.925 [FXGL Background Thread 4 ] DEBUG FXGLAssetLoaderServi - Loading from file system: file:/C:/Users/User/Documents/Millan.Luis/UNEG/Semestre%20IV/Tecnicas%20de%20Prog.%20III/Sonic-rush/target/classes/assets/textures/Enemigos/eggman.png
02:03:05.952 [FXGL Background Thread 4 ] INFO  FXGLApplication      - Game initialization took: 0,795 sec
02:03:05.960 [JavaFX Application Thread] DEBUG Input                - Clearing active input actions
02:03:05.968 [JavaFX Application Thread] DEBUG GameApplicationServi - Removing overlay from FXGLLoadingScene and adding to GameScene
02:03:05.968 [JavaFX Application Thread] DEBUG PrimaryStageWindow   - FXGLLoadingScene -> GameScene
02:03:07.916 [FXGL Background Thread 3 ] DEBUG Engine               - Logging environment variables
02:03:07.916 [FXGL Background Thread 3 ] DEBUG Engine               - achievements: []
02:03:07.916 [FXGL Background Thread 3 ] DEBUG Engine               - actualHeight: 600.0
02:03:07.917 [FXGL Background Thread 3 ] DEBUG Engine               - actualHeightProperty: ReadOnlyDoubleProperty [value: 600.0]
02:03:07.917 [FXGL Background Thread 3 ] DEBUG Engine               - actualWidth: 1000.0
02:03:07.917 [FXGL Background Thread 3 ] DEBUG Engine               - actualWidthProperty: ReadOnlyDoubleProperty [value: 1000.0]
02:03:07.917 [FXGL Background Thread 3 ] DEBUG Engine               - appIcon: fxgl_icon.png
02:03:07.917 [FXGL Background Thread 3 ] DEBUG Engine               - applicationMode: DEVELOPER
02:03:07.917 [FXGL Background Thread 3 ] DEBUG Engine               - cSSList: [fxgl_dark.css]
02:03:07.917 [FXGL Background Thread 3 ] DEBUG Engine               - collisionDetectionStrategy: BRUTE_FORCE
02:03:07.917 [FXGL Background Thread 3 ] DEBUG Engine               - configClass: Optional.empty
02:03:07.917 [FXGL Background Thread 3 ] DEBUG Engine               - credits: []
02:03:07.917 [FXGL Background Thread 3 ] DEBUG Engine               - defaultCursor: CursorInfo(imageName=fxgl_default_cursor.png, hotspotX=7.0, hotspotY=6.0)
02:03:07.918 [FXGL Background Thread 3 ] DEBUG Engine               - devBBoxColorProperty: ObjectProperty [value: 0xff0000ff]
02:03:07.918 [FXGL Background Thread 3 ] DEBUG Engine               - devEnableDebugCameraProperty: BooleanProperty [value: false]
02:03:07.918 [FXGL Background Thread 3 ] DEBUG Engine               - devSensorColorProperty: ObjectProperty [value: 0xffff00ff]
02:03:07.918 [FXGL Background Thread 3 ] DEBUG Engine               - devShowBBoxProperty: BooleanProperty [value: false]
02:03:07.918 [FXGL Background Thread 3 ] DEBUG Engine               - devShowPositionProperty: BooleanProperty [value: false]
02:03:07.918 [FXGL Background Thread 3 ] DEBUG Engine               - enabledMenuItems: []
02:03:07.918 [FXGL Background Thread 3 ] DEBUG Engine               - engineServices: [class com.almasb.fxgl.app.services.FXGLAssetLoaderService, class com.almasb.fxgl.app.FXGLApplication$GameApplicationService, class com.almasb.fxgl.app.services.FXGLDialogService, class com.almasb.fxgl.app.services.IOTaskExecutorService, class com.almasb.fxgl.io.FileSystemService, class com.almasb.fxgl.localization.LocalizationService, class com.almasb.fxgl.app.services.SystemBundleService, class com.almasb.fxgl.profile.SaveLoadService, class com.almasb.fxgl.ui.FXGLUIFactoryServiceProvider, class com.almasb.fxgl.ui.FXGLDialogFactoryServiceProvider, class com.almasb.fxgl.audio.AudioPlayer, class com.almasb.fxgl.notification.impl.NotificationServiceProvider, class com.almasb.fxgl.achievement.AchievementService, class com.almasb.fxgl.cutscene.CutsceneService, class com.almasb.fxgl.minigames.MiniGameService, class com.almasb.fxgl.net.NetService, class com.almasb.fxgl.app.services.UpdaterService, class com.almasb.fxgl.dev.DevService, class com.almasb.fxgl.multiplayer.MultiplayerService]
02:03:07.918 [FXGL Background Thread 3 ] DEBUG Engine               - fontGame: Abel-Regular.ttf
02:03:07.918 [FXGL Background Thread 3 ] DEBUG Engine               - fontMono: TerminalLandMono-Regular.otf
02:03:07.918 [FXGL Background Thread 3 ] DEBUG Engine               - fontSizeScaleUI: 1.0
02:03:07.918 [FXGL Background Thread 3 ] DEBUG Engine               - fontText: Courier-Prime.ttf
02:03:07.918 [FXGL Background Thread 3 ] DEBUG Engine               - fontUI: VarelaRound-Regular.ttf
02:03:07.918 [FXGL Background Thread 3 ] DEBUG Engine               - fullScreen: BooleanProperty [value: false]
02:03:07.918 [FXGL Background Thread 3 ] DEBUG Engine               - gameDifficulty: MEDIUM
02:03:07.918 [FXGL Background Thread 3 ] DEBUG Engine               - gameDifficultyProperty: ObjectProperty [value: MEDIUM]
02:03:07.919 [FXGL Background Thread 3 ] DEBUG Engine               - globalMusicVolume: 0.5
02:03:07.919 [FXGL Background Thread 3 ] DEBUG Engine               - globalMusicVolumeProperty: DoubleProperty [value: 0.5]
02:03:07.919 [FXGL Background Thread 3 ] DEBUG Engine               - globalSoundVolume: 0.5
02:03:07.919 [FXGL Background Thread 3 ] DEBUG Engine               - globalSoundVolumeProperty: DoubleProperty [value: 0.5]
02:03:07.919 [FXGL Background Thread 3 ] DEBUG Engine               - height: 600
02:03:07.919 [FXGL Background Thread 3 ] DEBUG Engine               - is3D: false
02:03:07.919 [FXGL Background Thread 3 ] DEBUG Engine               - isAndroid: false
02:03:07.919 [FXGL Background Thread 3 ] DEBUG Engine               - isBrowser: false
02:03:07.919 [FXGL Background Thread 3 ] DEBUG Engine               - isClickFeedbackEnabled: false
02:03:07.919 [FXGL Background Thread 3 ] DEBUG Engine               - isCloseConfirmation: false
02:03:07.919 [FXGL Background Thread 3 ] DEBUG Engine               - isDesktop: true
02:03:07.919 [FXGL Background Thread 3 ] DEBUG Engine               - isDeveloperMenuEnabled: false
02:03:07.919 [FXGL Background Thread 3 ] DEBUG Engine               - isEmbedded: false
02:03:07.919 [FXGL Background Thread 3 ] DEBUG Engine               - isEntityPreloadEnabled: true
02:03:07.919 [FXGL Background Thread 3 ] DEBUG Engine               - isExperimentalTiledLargeMap: false
02:03:07.919 [FXGL Background Thread 3 ] DEBUG Engine               - isFileSystemWriteAllowed: true
02:03:07.919 [FXGL Background Thread 3 ] DEBUG Engine               - isFullScreenAllowed: false
02:03:07.919 [FXGL Background Thread 3 ] DEBUG Engine               - isFullScreenFromStart: false
02:03:07.919 [FXGL Background Thread 3 ] DEBUG Engine               - isGameMenuEnabled: true
02:03:07.919 [FXGL Background Thread 3 ] DEBUG Engine               - isIOS: false
02:03:07.920 [FXGL Background Thread 3 ] DEBUG Engine               - isIntroEnabled: false
02:03:07.920 [FXGL Background Thread 3 ] DEBUG Engine               - isLinux: false
02:03:07.920 [FXGL Background Thread 3 ] DEBUG Engine               - isMac: false
02:03:07.920 [FXGL Background Thread 3 ] DEBUG Engine               - isMainMenuEnabled: false
02:03:07.920 [FXGL Background Thread 3 ] DEBUG Engine               - isManualResizeEnabled: false
02:03:07.920 [FXGL Background Thread 3 ] DEBUG Engine               - isMobile: false
02:03:07.920 [FXGL Background Thread 3 ] DEBUG Engine               - isNative: false
02:03:07.920 [FXGL Background Thread 3 ] DEBUG Engine               - isPauseMusicWhenMinimized: true
02:03:07.920 [FXGL Background Thread 3 ] DEBUG Engine               - isPreserveResizeRatio: false
02:03:07.920 [FXGL Background Thread 3 ] DEBUG Engine               - isProfilingEnabled: false
02:03:07.920 [FXGL Background Thread 3 ] DEBUG Engine               - isScaleAffectedOnResize: true
02:03:07.920 [FXGL Background Thread 3 ] DEBUG Engine               - isSingleStep: false
02:03:07.920 [FXGL Background Thread 3 ] DEBUG Engine               - isUserProfileEnabled: false
02:03:07.920 [FXGL Background Thread 3 ] DEBUG Engine               - isWindows: true
02:03:07.920 [FXGL Background Thread 3 ] DEBUG Engine               - language: ObjectProperty [value: ENGLISH]
02:03:07.920 [FXGL Background Thread 3 ] DEBUG Engine               - menuKey: ESCAPE
02:03:07.920 [FXGL Background Thread 3 ] DEBUG Engine               - mouseSensitivity: 0.2
02:03:07.920 [FXGL Background Thread 3 ] DEBUG Engine               - notificationViewClass: class com.almasb.fxgl.notification.view.XboxNotificationView
02:03:07.920 [FXGL Background Thread 3 ] DEBUG Engine               - pixelsPerMeter: 50.0
02:03:07.920 [FXGL Background Thread 3 ] DEBUG Engine               - platform: WINDOWS
02:03:07.920 [FXGL Background Thread 3 ] DEBUG Engine               - prefHeightProperty: ReadOnlyDoubleProperty [value: 600.0]
02:03:07.920 [FXGL Background Thread 3 ] DEBUG Engine               - prefWidthProperty: ReadOnlyDoubleProperty [value: 1000.0]
02:03:07.920 [FXGL Background Thread 3 ] DEBUG Engine               - profileDir: profiles/
02:03:07.921 [FXGL Background Thread 3 ] DEBUG Engine               - profileName: StringProperty [value: DEFAULT]
02:03:07.921 [FXGL Background Thread 3 ] DEBUG Engine               - randomSeed: -1
02:03:07.921 [FXGL Background Thread 3 ] DEBUG Engine               - runtimeInfo: RuntimeInfo(platform=WINDOWS, version=17.3, build=30.03.2023 11.49)
02:03:07.921 [FXGL Background Thread 3 ] DEBUG Engine               - saveFileExt: sav
02:03:07.921 [FXGL Background Thread 3 ] DEBUG Engine               - scaledHeightProp$fxgl: DoubleProperty [bound, value: 600.0]
02:03:07.921 [FXGL Background Thread 3 ] DEBUG Engine               - scaledWidthProp$fxgl: DoubleProperty [bound, value: 1000.0]
02:03:07.921 [FXGL Background Thread 3 ] DEBUG Engine               - sceneFactory: com.almasb.fxgl.app.scene.SceneFactory@732a3f91
02:03:07.921 [FXGL Background Thread 3 ] DEBUG Engine               - secondsIn24h: 60
02:03:07.921 [FXGL Background Thread 3 ] DEBUG Engine               - soundMenuBack: menu/back.wav
02:03:07.921 [FXGL Background Thread 3 ] DEBUG Engine               - soundMenuPress: menu/press.wav
02:03:07.921 [FXGL Background Thread 3 ] DEBUG Engine               - soundMenuSelect: menu/select.wav
02:03:07.921 [FXGL Background Thread 3 ] DEBUG Engine               - soundNotification: core/notification.wav
02:03:07.921 [FXGL Background Thread 3 ] DEBUG Engine               - stageStyle: DECORATED
02:03:07.921 [FXGL Background Thread 3 ] DEBUG Engine               - supportedLanguages: [ENGLISH, FRENCH, GERMAN, HUNGARIAN, RUSSIAN]
02:03:07.921 [FXGL Background Thread 3 ] DEBUG Engine               - ticksPerSecond: -1
02:03:07.921 [FXGL Background Thread 3 ] DEBUG Engine               - title: Jugador Sonic
02:03:07.921 [FXGL Background Thread 3 ] DEBUG Engine               - urlGithub: https://github.com/AlmasB/FXGL
02:03:07.921 [FXGL Background Thread 3 ] DEBUG Engine               - urlLeaderboard: http://fxgl-top.herokuapp.com/
02:03:07.922 [FXGL Background Thread 3 ] DEBUG Engine               - urlPOM: https://raw.githubusercontent.com/AlmasB/FXGL/release/README.md
02:03:07.922 [FXGL Background Thread 3 ] DEBUG Engine               - userAppClass: class Runner.ClientRunner
02:03:07.922 [FXGL Background Thread 3 ] DEBUG Engine               - version: 0.0
02:03:07.922 [FXGL Background Thread 3 ] DEBUG Engine               - versionCheckDays: 7
02:03:07.922 [FXGL Background Thread 3 ] DEBUG Engine               - width: 1000
02:03:07.922 [FXGL Background Thread 3 ] DEBUG Engine               - Logging services
02:03:07.922 [FXGL Background Thread 3 ] DEBUG Engine               - class com.almasb.fxgl.app.services.FXGLAssetLoaderService
02:03:07.922 [FXGL Background Thread 3 ] DEBUG Engine               - class com.almasb.fxgl.app.FXGLApplication$GameApplicationService
02:03:07.922 [FXGL Background Thread 3 ] DEBUG Engine               - class com.almasb.fxgl.app.services.FXGLDialogService
02:03:07.922 [FXGL Background Thread 3 ] DEBUG Engine               - class com.almasb.fxgl.app.services.IOTaskExecutorService
02:03:07.922 [FXGL Background Thread 3 ] DEBUG Engine               - class com.almasb.fxgl.io.FileSystemService
02:03:07.922 [FXGL Background Thread 3 ] DEBUG Engine               - class com.almasb.fxgl.localization.LocalizationService
02:03:07.922 [FXGL Background Thread 3 ] DEBUG Engine               - class com.almasb.fxgl.app.services.SystemBundleService
02:03:07.922 [FXGL Background Thread 3 ] DEBUG Engine               - class com.almasb.fxgl.profile.SaveLoadService
02:03:07.922 [FXGL Background Thread 3 ] DEBUG Engine               - class com.almasb.fxgl.ui.FXGLUIFactoryServiceProvider
02:03:07.922 [FXGL Background Thread 3 ] DEBUG Engine               - class com.almasb.fxgl.ui.FXGLDialogFactoryServiceProvider
02:03:07.922 [FXGL Background Thread 3 ] DEBUG Engine               - class com.almasb.fxgl.audio.AudioPlayer
02:03:07.922 [FXGL Background Thread 3 ] DEBUG Engine               - class com.almasb.fxgl.notification.impl.NotificationServiceProvider
02:03:07.922 [FXGL Background Thread 3 ] DEBUG Engine               - class com.almasb.fxgl.achievement.AchievementService
02:03:07.922 [FXGL Background Thread 3 ] DEBUG Engine               - class com.almasb.fxgl.cutscene.CutsceneService
02:03:07.922 [FXGL Background Thread 3 ] DEBUG Engine               - class com.almasb.fxgl.minigames.MiniGameService
02:03:07.922 [FXGL Background Thread 3 ] DEBUG Engine               - class com.almasb.fxgl.net.NetService
02:03:07.922 [FXGL Background Thread 3 ] DEBUG Engine               - class com.almasb.fxgl.app.services.UpdaterService
02:03:07.922 [FXGL Background Thread 3 ] DEBUG Engine               - class com.almasb.fxgl.dev.DevService
02:03:07.922 [FXGL Background Thread 3 ] DEBUG Engine               - class com.almasb.fxgl.multiplayer.MultiplayerService
02:03:12.280 [JavaFX Application Thread] DEBUG FXGLAssetLoaderServi - Loading from file system: file:/C:/Users/User/Documents/Millan.Luis/UNEG/Semestre%20IV/Tecnicas%20de%20Prog.%20III/Sonic-rush/target/classes/assets/textures/background/background2.png
02:03:12.554 [JavaFX Application Thread] DEBUG TMXLevelLoader       - Parsed TiledMap: file:/C:/Users/User/Documents/Millan.Luis/UNEG/Semestre%20IV/Tecnicas%20de%20Prog.%20III/Sonic-rush/target/classes/assets/levels/mapazo.tmx
02:03:12.556 [JavaFX Application Thread] DEBUG TMXLevelLoader       - Creating tile layer entities
02:03:12.558 [JavaFX Application Thread] DEBUG TilesetLoader        - Loading view for layer Capa de patrones 1
02:03:12.560 [JavaFX Application Thread] DEBUG TilesetLoader        - Created buffer with size 3840.0x720.0
02:03:12.583 [JavaFX Application Thread] DEBUG TMXLevelLoader       - Creating object layer entities
02:03:12.593 [JavaFX Application Thread] DEBUG GameWorld            - Clearing removable entities
02:03:12.595 [JavaFX Application Thread] DEBUG GameWorld            - Setting level: com.almasb.fxgl.entity.level.Level@4de3530c
02:03:12.602 [ClientAsyncConnThread    ] DEBUG TCPClient            - Connecting to localhost:55555 type: class com.almasb.fxgl.core.serialization.Bundle
02:03:12.604 [ClientAsyncConnThread    ] DEBUG TCPClient            - Created socket to localhost:55555
02:03:12.612 [ClientAsyncConnThread    ] DEBUG Endpoint             - TCPClient opening new connection (1) from localhost/127.0.0.1:55555 type: class com.almasb.fxgl.core.serialization.Bundle
02:03:12.622 [ClientAsyncConnThread    ] DEBUG Endpoint             - TCPClient successfully opened connection (1)
02:03:12.636 [TCPClient_RecvThread-1   ] DEBUG Readers              - Getting TCPMessageReader for class com.almasb.fxgl.core.serialization.Bundle
02:03:12.637 [TCPClient_SendThread-1   ] DEBUG Writers              - Getting TCPMessageWriter for class com.almasb.fxgl.core.serialization.Bundle
02:03:12.637 [TCPClient_RecvThread-1   ] DEBUG Readers              - Constructed MessageReader for class com.almasb.fxgl.core.serialization.Bundle: BundleTCPMessageReader
02:03:12.640 [TCPClient_SendThread-1   ] DEBUG Writers              - Constructed TCPMessageWriter for class com.almasb.fxgl.core.serialization.Bundle: BundleTCPMessageWriter
02:03:12.658 [JavaFX Application Thread] DEBUG FXGLAssetLoaderServi - Loading from file system: file:/C:/Users/User/Documents/Millan.Luis/UNEG/Semestre%20IV/Tecnicas%20de%20Prog.%20III/Sonic-rush/target/classes/assets/textures/Items/ring.png
02:03:12.678 [JavaFX Application Thread] DEBUG FXGLAssetLoaderServi - Loading from file system: file:/C:/Users/User/Documents/Millan.Luis/UNEG/Semestre%20IV/Tecnicas%20de%20Prog.%20III/Sonic-rush/target/classes/assets/textures/Items/caucho.png
02:03:12.682 [JavaFX Application Thread] DEBUG FXGLAssetLoaderServi - Loading from file system: file:/C:/Users/User/Documents/Millan.Luis/UNEG/Semestre%20IV/Tecnicas%20de%20Prog.%20III/Sonic-rush/target/classes/assets/textures/Items/papel.png
02:03:12.685 [JavaFX Application Thread] DEBUG FXGLAssetLoaderServi - Loading from file system: file:/C:/Users/User/Documents/Millan.Luis/UNEG/Semestre%20IV/Tecnicas%20de%20Prog.%20III/Sonic-rush/target/classes/assets/textures/Items/basura.png
02:03:12.697 [JavaFX Application Thread] DEBUG FXGLAssetLoaderServi - Loading from file system: file:/C:/Users/User/Documents/Millan.Luis/UNEG/Semestre%20IV/Tecnicas%20de%20Prog.%20III/Sonic-rush/target/classes/assets/textures/Enemigos/enemigo.png
02:03:12.747 [JavaFX Application Thread] DEBUG FXGLAssetLoaderServi - Loading from file system: file:/C:/Users/User/Documents/Millan.Luis/UNEG/Semestre%20IV/Tecnicas%20de%20Prog.%20III/Sonic-rush/target/classes/assets/textures/Personajes/tails.png
02:03:12.770 [JavaFX Application Thread] DEBUG FXGLAssetLoaderServi - Loading from file system: file:/C:/Users/User/Documents/Millan.Luis/UNEG/Semestre%20IV/Tecnicas%20de%20Prog.%20III/Sonic-rush/target/classes/assets/textures/Personajes/tails_Salta.png
02:03:12.805 [JavaFX Application Thread] DEBUG FXGLAssetLoaderServi - Loading from file system: file:/C:/Users/User/Documents/Millan.Luis/UNEG/Semestre%20IV/Tecnicas%20de%20Prog.%20III/Sonic-rush/target/classes/assets/textures/Personajes/tails_caminando.png
02:03:17.487 [JavaFX Application Thread] DEBUG FXGLAssetLoaderServi - Loading from file system: file:/C:/Users/User/Documents/Millan.Luis/UNEG/Semestre%20IV/Tecnicas%20de%20Prog.%20III/Sonic-rush/target/classes/assets/sounds/recoger.wav
02:03:57.299 [JavaFX Application Thread] DEBUG FXGLAssetLoaderServi - Loading from file system: file:/C:/Users/User/Documents/Millan.Luis/UNEG/Semestre%20IV/Tecnicas%20de%20Prog.%20III/Sonic-rush/target/classes/assets/sounds/perder_anillos.wav
02:04:30.224 [JavaFX Application Thread] DEBUG FXGLAssetLoaderServi - Loading from file system: file:/C:/Users/User/Documents/Millan.Luis/UNEG/Semestre%20IV/Tecnicas%20de%20Prog.%20III/Sonic-rush/target/classes/assets/sounds/muerte.wav
02:04:31.965 [JavaFX Application Thread] DEBUG PrimaryStageWindow   - Push state: DialogSubScene
02:04:31.965 [JavaFX Application Thread] DEBUG Input                - Clearing active input actions
02:04:31.966 [JavaFX Application Thread] DEBUG GameApplicationServi - Removing overlay from GameScene and adding to DialogSubScene
02:04:31.966 [JavaFX Application Thread] DEBUG PrimaryStageWindow   - GameScene -> DialogSubScene
02:04:34.007 [JavaFX Application Thread] DEBUG PrimaryStageWindow   - Pop state: DialogSubScene
02:04:34.007 [JavaFX Application Thread] DEBUG Input                - Clearing active input actions
02:04:34.007 [JavaFX Application Thread] DEBUG GameApplicationServi - Removing overlay from DialogSubScene and adding to GameScene
02:04:34.008 [JavaFX Application Thread] DEBUG PrimaryStageWindow   - GameScene <- DialogSubScene
02:04:34.054 [JavaFX Application Thread] DEBUG PrimaryStageWindow   - Push state: DialogSubScene
02:04:34.054 [JavaFX Application Thread] DEBUG Input                - Clearing active input actions
02:04:34.056 [JavaFX Application Thread] DEBUG GameApplicationServi - Removing overlay from GameScene and adding to DialogSubScene
02:04:34.056 [JavaFX Application Thread] DEBUG PrimaryStageWindow   - GameScene -> DialogSubScene
02:04:37.110 [JavaFX Application Thread] DEBUG PrimaryStageWindow   - Pop state: DialogSubScene
02:04:37.110 [JavaFX Application Thread] DEBUG Input                - Clearing active input actions
02:04:37.110 [JavaFX Application Thread] DEBUG GameApplicationServi - Removing overlay from DialogSubScene and adding to GameScene
02:04:37.111 [JavaFX Application Thread] DEBUG PrimaryStageWindow   - GameScene <- DialogSubScene
02:04:37.111 [JavaFX Application Thread] DEBUG FXGLApplication      - Exiting FXGL
02:04:37.111 [JavaFX Application Thread] DEBUG LoopRunner           - Stopping loop
02:04:37.111 [JavaFX Application Thread] DEBUG SystemBundleService  - Saving FXGL system data
02:04:37.113 [JavaFX Application Thread] DEBUG FileSystemAccess     - Writing to: C:\Users\User\Documents\Millan.Luis\UNEG\Semestre IV\Tecnicas de Prog. III\Sonic-rush\system\fxgl.bundle
02:04:37.114 [JavaFX Application Thread] DEBUG Async                - Shutting down background threads
02:04:37.114 [JavaFX Application Thread] DEBUG PrimaryStageWindow   - Closing main window
02:04:37.120 [JavaFX Application Thread] DEBUG Logger               - Closing Logger
