07:21:57.603 [main                     ] DEBUG Logger               - Configured Logger
07:21:57.629 [main                     ] DEBUG GameApplication      - Logging settings
Title: Server
Version: 0.0
Width: 800
Height: 500
Fullscreen: false
Intro: false
Profiling: false
Single step:false
App Mode: DEVELOPER
Menu Key: ESCAPE
Stage Style: DECORATED
Scene Factory: class com.almasb.fxgl.app.scene.SceneFactory

07:21:58.053 [JavaFX Application Thread] DEBUG FXGLApplication      - Initializing FXGL
07:21:58.058 [JavaFX Application Thread] INFO  Engine               - FXGL-17.3 (30.03.2023 11.49) on WINDOWS (J:21.0.2 FX:20)
07:21:58.059 [JavaFX Application Thread] DEBUG Engine               - JRE Vendor Name: Oracle Corporation
07:21:58.059 [JavaFX Application Thread] DEBUG Engine               - Running on OS: Windows 10 version 10.0
07:21:58.059 [JavaFX Application Thread] DEBUG Engine               - Architecture: amd64
07:21:58.061 [JavaFX Application Thread] INFO  Engine               - Source code and latest versions at: https://github.com/AlmasB/FXGL
07:21:58.061 [JavaFX Application Thread] INFO  Engine               -       Ask questions and discuss at: https://github.com/AlmasB/FXGL/discussions
07:21:58.061 [JavaFX Application Thread] INFO  Engine               -              Join the FXGL chat at: https://gitter.im/AlmasB/FXGL
07:21:58.205 [JavaFX Application Thread] DEBUG PrimaryStageWindow   - Creating a JavaFX scene
07:21:58.273 [JavaFX Application Thread] DEBUG PrimaryStageWindow   - Target settings size: 800.0 x 500.0
07:21:58.273 [JavaFX Application Thread] DEBUG PrimaryStageWindow   - Scaled scene size:    800.0 x 500.0
07:21:58.273 [JavaFX Application Thread] DEBUG PrimaryStageWindow   - Scaled ratio: (1.0, 1.0)
07:21:58.275 [JavaFX Application Thread] DEBUG PrimaryStageWindow   - Set initial scene to FXGLStartupScene
07:21:58.280 [JavaFX Application Thread] DEBUG PrimaryStageWindow   - Opening main window
07:21:58.374 [JavaFX Application Thread] DEBUG PrimaryStageWindow   - Window border size: (16.0, 39.0)
07:21:58.375 [JavaFX Application Thread] DEBUG PrimaryStageWindow   - Scaled size: 800.0 x 500.0
07:21:58.375 [JavaFX Application Thread] DEBUG PrimaryStageWindow   - Scaled ratio: (1.0, 1.0)
07:21:58.375 [JavaFX Application Thread] DEBUG PrimaryStageWindow   - Scene size: 800.0 x 500.0
07:21:58.375 [JavaFX Application Thread] DEBUG PrimaryStageWindow   - Stage size: 816.0 x 539.0
07:21:58.393 [FXGL Background Thread 1 ] DEBUG Engine               - Initializing environment variables
07:21:58.460 [FXGL Background Thread 1 ] DEBUG FXGLAssetLoaderServi - User app class for loading assets: class Runner.ServerRunner
07:21:58.461 [FXGL Background Thread 1 ] DEBUG GameApplicationServi - Applying CSS: fxgl_dark.css
07:21:58.462 [FXGL Background Thread 1 ] DEBUG FXGLAssetLoaderServi - Loading from file system: jar:file:/C:/Users/User/.m2/repository/com/github/almasb/fxgl/17.3/fxgl-17.3.jar!/fxglassets/ui/css/fxgl_dark.css
07:21:58.522 [FXGL Background Thread 1 ] DEBUG GameApplicationServi - Initializing application scenes
07:21:58.604 [FXGL Background Thread 1 ] DEBUG GameWorld            - Game world initialized
07:21:58.681 [FXGL Background Thread 1 ] DEBUG PhysicsWorld         - Physics world initialized: appHeight=500, physics.ppm=50,0
07:21:58.681 [FXGL Background Thread 1 ] DEBUG PhysicsWorld         - Using strategy: BRUTE_FORCE
07:21:58.686 [FXGL Background Thread 1 ] DEBUG GameScene            - Game scene initialized: 800x500
07:21:58.700 [FXGL Background Thread 1 ] WARN  FXGL.DefaultMenu     - FXGLDefaultMenu is not designed for resolutions < 800x600
07:21:58.701 [FXGL Background Thread 1 ] DEBUG FXGL.DefaultMenu     - createMenuBodyGameMenu()
07:21:58.721 [FXGL Background Thread 1 ] DEBUG FXGL.DefaultMenu     - createOptionsMenu()
07:21:58.734 [FXGL Background Thread 1 ] DEBUG FXGLAssetLoaderServi - Loading from file system: jar:file:/C:/Users/User/.m2/repository/com/github/almasb/fxgl/17.3/fxgl-17.3.jar!/fxglassets/textures/particles/smoke.png
07:21:58.855 [FXGL Background Thread 1 ] DEBUG FXGLAssetLoaderServi - Loading from file system: jar:file:/C:/Users/User/.m2/repository/com/github/almasb/fxgl/17.3/fxgl-17.3.jar!/fxglassets/textures/particles/trace_horizontal.png
07:21:58.909 [FXGL Background Thread 1 ] DEBUG GameApplicationServi - Application scenes initialized
07:21:58.926 [FXGL Background Thread 1 ] DEBUG SystemBundleService  - Loading FXGL system data
07:21:58.931 [FXGL Background Thread 1 ] DEBUG FileSystemAccess     - Reading from: C:\Users\User\Documents\Millan.Luis\UNEG\Semestre IV\Tecnicas de Prog. III\Sonic-rush\system\fxgl.bundle
07:21:58.942 [FXGL Background Thread 1 ] DEBUG SystemBundleService  - Bundle FXGL: {}
07:21:58.942 [FXGL Background Thread 1 ] DEBUG UpdaterService       - Checking for updates
07:21:58.948 [FXGL Background Thread 1 ] DEBUG FXGLApplication      - Loading default localization
07:21:58.949 [FXGL Background Thread 1 ] DEBUG FXGLAssetLoaderServi - Loading from file system: jar:file:/C:/Users/User/.m2/repository/com/github/almasb/fxgl/17.3/fxgl-17.3.jar!/fxglassets/languages/english.lang
07:21:58.980 [FXGL Background Thread 1 ] INFO  FXGLApplication      - FXGL initialization took: 0,586 sec
07:21:58.997 [FXGL Background Thread 4 ] DEBUG FXGLApplication      - Loading fonts
07:21:58.998 [JavaFX Application Thread] DEBUG FXGLAssetLoaderServi - Loading from file system: jar:file:/C:/Users/User/.m2/repository/com/github/almasb/fxgl/17.3/fxgl-17.3.jar!/fxglassets/textures/fxgl_icon.png
07:21:58.998 [FXGL Background Thread 4 ] DEBUG FXGLAssetLoaderServi - Loading from file system: jar:file:/C:/Users/User/.m2/repository/com/github/almasb/fxgl/17.3/fxgl-17.3.jar!/fxglassets/ui/fonts/VarelaRound-Regular.ttf
07:21:59.059 [JavaFX Application Thread] DEBUG FXGLAssetLoaderServi - Loading from file system: jar:file:/C:/Users/User/.m2/repository/com/github/almasb/fxgl/17.3/fxgl-17.3.jar!/fxglassets/textures/fxgl_default_cursor.png
07:21:59.083 [FXGL Background Thread 4 ] DEBUG FXGLAssetLoaderServi - Loading from file system: jar:file:/C:/Users/User/.m2/repository/com/github/almasb/fxgl/17.3/fxgl-17.3.jar!/fxglassets/ui/fonts/Abel-Regular.ttf
07:21:59.083 [JavaFX Application Thread] DEBUG Input                - Registered new binding: Screenshot - CTRL+8
07:21:59.084 [JavaFX Application Thread] DEBUG Input                - Registered new binding: System info dump - CTRL+9
07:21:59.084 [JavaFX Application Thread] DEBUG Input                - Registered new binding: Restart - CTRL+R
07:21:59.085 [JavaFX Application Thread] DEBUG Input                - Registered new binding: Toggle Debug Camera - CTRL+7
07:21:59.095 [FXGL Background Thread 4 ] DEBUG FXGLAssetLoaderServi - Loading from file system: jar:file:/C:/Users/User/.m2/repository/com/github/almasb/fxgl/17.3/fxgl-17.3.jar!/fxglassets/ui/fonts/TerminalLandMono-Regular.otf
07:21:59.095 [JavaFX Application Thread] DEBUG LoopRunner           - Starting loop
07:21:59.095 [JavaFX Application Thread] DEBUG LoopRunner           - Initializing JavaFX AnimationTimerLoop
07:21:59.097 [JavaFX Application Thread] DEBUG GameApplicationServi - Starting new game
07:21:59.097 [JavaFX Application Thread] DEBUG Input                - Clearing active input actions
07:21:59.110 [JavaFX Application Thread] DEBUG GameApplicationServi - Removing overlay from FXGLStartupScene and adding to FXGLLoadingScene
07:21:59.111 [JavaFX Application Thread] DEBUG PrimaryStageWindow   - FXGLStartupScene -> FXGLLoadingScene
07:21:59.111 [JavaFX Application Thread] DEBUG GameApplicationServi - Clearing previous game
07:21:59.111 [JavaFX Application Thread] DEBUG GameScene            - Clearing game scene
07:21:59.111 [JavaFX Application Thread] DEBUG GameWorld            - Clearing game world
07:21:59.111 [JavaFX Application Thread] DEBUG PhysicsWorld         - Clearing physics world
07:21:59.129 [FXGL Background Thread 4 ] DEBUG FXGLAssetLoaderServi - Loading from file system: jar:file:/C:/Users/User/.m2/repository/com/github/almasb/fxgl/17.3/fxgl-17.3.jar!/fxglassets/ui/fonts/Courier-Prime.ttf
07:21:59.166 [JavaFX Application Thread] DEBUG FXGLApplication      - Registering font factories with UI factory
07:21:59.194 [FXGL Background Thread 1 ] DEBUG FXGLApplication      - Initializing game
07:21:59.301 [ServerAsyncConnThread    ] DEBUG TCPServer            - Starting to listen at: 55555 type: class com.almasb.fxgl.core.serialization.Bundle
07:21:59.355 [FXGL Background Thread 1 ] DEBUG TMXLevelLoader       - Parsed TiledMap: file:/C:/Users/User/Documents/Millan.Luis/UNEG/Semestre%20IV/Tecnicas%20de%20Prog.%20III/Sonic-rush/target/classes/assets/levels/mapazo.tmx
07:21:59.356 [FXGL Background Thread 1 ] DEBUG TMXLevelLoader       - Creating tile layer entities
07:21:59.358 [FXGL Background Thread 1 ] DEBUG TilesetLoader        - Loading view for layer Capa de patrones 1
07:21:59.365 [FXGL Background Thread 1 ] DEBUG TilesetLoader        - Created buffer with size 3840.0x720.0
07:21:59.398 [FXGL Background Thread 1 ] DEBUG TMXLevelLoader       - Creating object layer entities
07:21:59.460 [FXGL Background Thread 1 ] DEBUG GameWorld            - Clearing removable entities
07:21:59.463 [FXGL Background Thread 1 ] DEBUG GameWorld            - Setting level: com.almasb.fxgl.entity.level.Level@ea07a45
07:21:59.481 [FXGL Background Thread 1 ] DEBUG FXGLAssetLoaderServi - Loading from file system: file:/C:/Users/User/Documents/Millan.Luis/UNEG/Semestre%20IV/Tecnicas%20de%20Prog.%20III/Sonic-rush/target/classes/assets/textures/Items/ring.png
07:21:59.545 [FXGL Background Thread 1 ] DEBUG FXGLAssetLoaderServi - Loading from file system: file:/C:/Users/User/Documents/Millan.Luis/UNEG/Semestre%20IV/Tecnicas%20de%20Prog.%20III/Sonic-rush/target/classes/assets/textures/Enemigos/enemigo.png
07:21:59.616 [FXGL Background Thread 1 ] DEBUG FXGLAssetLoaderServi - Loading from file system: file:/C:/Users/User/Documents/Millan.Luis/UNEG/Semestre%20IV/Tecnicas%20de%20Prog.%20III/Sonic-rush/target/classes/assets/textures/Items/papel.png
07:21:59.618 [FXGL Background Thread 1 ] DEBUG FXGLAssetLoaderServi - Loading from file system: file:/C:/Users/User/Documents/Millan.Luis/UNEG/Semestre%20IV/Tecnicas%20de%20Prog.%20III/Sonic-rush/target/classes/assets/textures/Items/basura.png
07:21:59.628 [FXGL Background Thread 1 ] DEBUG FXGLAssetLoaderServi - Loading from file system: file:/C:/Users/User/Documents/Millan.Luis/UNEG/Semestre%20IV/Tecnicas%20de%20Prog.%20III/Sonic-rush/target/classes/assets/textures/Items/caucho.png
07:21:59.638 [FXGL Background Thread 1 ] INFO  FXGLApplication      - Game initialization took: 0,444 sec
07:21:59.643 [JavaFX Application Thread] DEBUG Input                - Clearing active input actions
07:21:59.706 [JavaFX Application Thread] DEBUG GameApplicationServi - Removing overlay from FXGLLoadingScene and adding to GameScene
07:21:59.706 [JavaFX Application Thread] DEBUG PrimaryStageWindow   - FXGLLoadingScene -> GameScene
07:21:59.789 [FXGL Background Thread 2 ] INFO  UpdaterService       - Your current version:  17.3
07:21:59.797 [FXGL Background Thread 2 ] INFO  UpdaterService       - Latest stable version: 21.1
07:22:01.946 [FXGL Background Thread 3 ] DEBUG Engine               - Logging environment variables
07:22:01.946 [FXGL Background Thread 3 ] DEBUG Engine               - achievements: []
07:22:01.946 [FXGL Background Thread 3 ] DEBUG Engine               - actualHeight: 500.0
07:22:01.946 [FXGL Background Thread 3 ] DEBUG Engine               - actualHeightProperty: ReadOnlyDoubleProperty [value: 500.0]
07:22:01.947 [FXGL Background Thread 3 ] DEBUG Engine               - actualWidth: 800.0
07:22:01.947 [FXGL Background Thread 3 ] DEBUG Engine               - actualWidthProperty: ReadOnlyDoubleProperty [value: 800.0]
07:22:01.947 [FXGL Background Thread 3 ] DEBUG Engine               - appIcon: fxgl_icon.png
07:22:01.947 [FXGL Background Thread 3 ] DEBUG Engine               - applicationMode: DEVELOPER
07:22:01.947 [FXGL Background Thread 3 ] DEBUG Engine               - cSSList: [fxgl_dark.css]
07:22:01.947 [FXGL Background Thread 3 ] DEBUG Engine               - collisionDetectionStrategy: BRUTE_FORCE
07:22:01.947 [FXGL Background Thread 3 ] DEBUG Engine               - configClass: Optional.empty
07:22:01.947 [FXGL Background Thread 3 ] DEBUG Engine               - credits: []
07:22:01.947 [FXGL Background Thread 3 ] DEBUG Engine               - defaultCursor: CursorInfo(imageName=fxgl_default_cursor.png, hotspotX=7.0, hotspotY=6.0)
07:22:01.947 [FXGL Background Thread 3 ] DEBUG Engine               - devBBoxColorProperty: ObjectProperty [value: 0xff0000ff]
07:22:01.947 [FXGL Background Thread 3 ] DEBUG Engine               - devEnableDebugCameraProperty: BooleanProperty [value: false]
07:22:01.948 [FXGL Background Thread 3 ] DEBUG Engine               - devSensorColorProperty: ObjectProperty [value: 0xffff00ff]
07:22:01.948 [FXGL Background Thread 3 ] DEBUG Engine               - devShowBBoxProperty: BooleanProperty [value: false]
07:22:01.948 [FXGL Background Thread 3 ] DEBUG Engine               - devShowPositionProperty: BooleanProperty [value: false]
07:22:01.948 [FXGL Background Thread 3 ] DEBUG Engine               - enabledMenuItems: []
07:22:01.948 [FXGL Background Thread 3 ] DEBUG Engine               - engineServices: [class com.almasb.fxgl.app.services.FXGLAssetLoaderService, class com.almasb.fxgl.app.FXGLApplication$GameApplicationService, class com.almasb.fxgl.app.services.FXGLDialogService, class com.almasb.fxgl.app.services.IOTaskExecutorService, class com.almasb.fxgl.io.FileSystemService, class com.almasb.fxgl.localization.LocalizationService, class com.almasb.fxgl.app.services.SystemBundleService, class com.almasb.fxgl.profile.SaveLoadService, class com.almasb.fxgl.ui.FXGLUIFactoryServiceProvider, class com.almasb.fxgl.ui.FXGLDialogFactoryServiceProvider, class com.almasb.fxgl.audio.AudioPlayer, class com.almasb.fxgl.notification.impl.NotificationServiceProvider, class com.almasb.fxgl.achievement.AchievementService, class com.almasb.fxgl.cutscene.CutsceneService, class com.almasb.fxgl.minigames.MiniGameService, class com.almasb.fxgl.net.NetService, class com.almasb.fxgl.app.services.UpdaterService, class com.almasb.fxgl.dev.DevService, class com.almasb.fxgl.multiplayer.MultiplayerService]
07:22:01.948 [FXGL Background Thread 3 ] DEBUG Engine               - fontGame: Abel-Regular.ttf
07:22:01.948 [FXGL Background Thread 3 ] DEBUG Engine               - fontMono: TerminalLandMono-Regular.otf
07:22:01.948 [FXGL Background Thread 3 ] DEBUG Engine               - fontSizeScaleUI: 1.0
07:22:01.948 [FXGL Background Thread 3 ] DEBUG Engine               - fontText: Courier-Prime.ttf
07:22:01.948 [FXGL Background Thread 3 ] DEBUG Engine               - fontUI: VarelaRound-Regular.ttf
07:22:01.948 [FXGL Background Thread 3 ] DEBUG Engine               - fullScreen: BooleanProperty [value: false]
07:22:01.948 [FXGL Background Thread 3 ] DEBUG Engine               - gameDifficulty: MEDIUM
07:22:01.948 [FXGL Background Thread 3 ] DEBUG Engine               - gameDifficultyProperty: ObjectProperty [value: MEDIUM]
07:22:01.948 [FXGL Background Thread 3 ] DEBUG Engine               - globalMusicVolume: 0.5
07:22:01.948 [FXGL Background Thread 3 ] DEBUG Engine               - globalMusicVolumeProperty: DoubleProperty [value: 0.5]
07:22:01.948 [FXGL Background Thread 3 ] DEBUG Engine               - globalSoundVolume: 0.5
07:22:01.948 [FXGL Background Thread 3 ] DEBUG Engine               - globalSoundVolumeProperty: DoubleProperty [value: 0.5]
07:22:01.948 [FXGL Background Thread 3 ] DEBUG Engine               - height: 500
07:22:01.948 [FXGL Background Thread 3 ] DEBUG Engine               - is3D: false
07:22:01.949 [FXGL Background Thread 3 ] DEBUG Engine               - isAndroid: false
07:22:01.949 [FXGL Background Thread 3 ] DEBUG Engine               - isBrowser: false
07:22:01.949 [FXGL Background Thread 3 ] DEBUG Engine               - isClickFeedbackEnabled: false
07:22:01.949 [FXGL Background Thread 3 ] DEBUG Engine               - isCloseConfirmation: false
07:22:01.949 [FXGL Background Thread 3 ] DEBUG Engine               - isDesktop: true
07:22:01.949 [FXGL Background Thread 3 ] DEBUG Engine               - isDeveloperMenuEnabled: false
07:22:01.949 [FXGL Background Thread 3 ] DEBUG Engine               - isEmbedded: false
07:22:01.949 [FXGL Background Thread 3 ] DEBUG Engine               - isEntityPreloadEnabled: true
07:22:01.949 [FXGL Background Thread 3 ] DEBUG Engine               - isExperimentalTiledLargeMap: false
07:22:01.949 [FXGL Background Thread 3 ] DEBUG Engine               - isFileSystemWriteAllowed: true
07:22:01.949 [FXGL Background Thread 3 ] DEBUG Engine               - isFullScreenAllowed: false
07:22:01.949 [FXGL Background Thread 3 ] DEBUG Engine               - isFullScreenFromStart: false
07:22:01.949 [FXGL Background Thread 3 ] DEBUG Engine               - isGameMenuEnabled: true
07:22:01.949 [FXGL Background Thread 3 ] DEBUG Engine               - isIOS: false
07:22:01.949 [FXGL Background Thread 3 ] DEBUG Engine               - isIntroEnabled: false
07:22:01.949 [FXGL Background Thread 3 ] DEBUG Engine               - isLinux: false
07:22:01.949 [FXGL Background Thread 3 ] DEBUG Engine               - isMac: false
07:22:01.949 [FXGL Background Thread 3 ] DEBUG Engine               - isMainMenuEnabled: false
07:22:01.949 [FXGL Background Thread 3 ] DEBUG Engine               - isManualResizeEnabled: false
07:22:01.949 [FXGL Background Thread 3 ] DEBUG Engine               - isMobile: false
07:22:01.950 [FXGL Background Thread 3 ] DEBUG Engine               - isNative: false
07:22:01.950 [FXGL Background Thread 3 ] DEBUG Engine               - isPauseMusicWhenMinimized: true
07:22:01.950 [FXGL Background Thread 3 ] DEBUG Engine               - isPreserveResizeRatio: false
07:22:01.950 [FXGL Background Thread 3 ] DEBUG Engine               - isProfilingEnabled: false
07:22:01.950 [FXGL Background Thread 3 ] DEBUG Engine               - isScaleAffectedOnResize: true
07:22:01.950 [FXGL Background Thread 3 ] DEBUG Engine               - isSingleStep: false
07:22:01.950 [FXGL Background Thread 3 ] DEBUG Engine               - isUserProfileEnabled: false
07:22:01.950 [FXGL Background Thread 3 ] DEBUG Engine               - isWindows: true
07:22:01.950 [FXGL Background Thread 3 ] DEBUG Engine               - language: ObjectProperty [value: ENGLISH]
07:22:01.950 [FXGL Background Thread 3 ] DEBUG Engine               - menuKey: ESCAPE
07:22:01.950 [FXGL Background Thread 3 ] DEBUG Engine               - mouseSensitivity: 0.2
07:22:01.950 [FXGL Background Thread 3 ] DEBUG Engine               - notificationViewClass: class com.almasb.fxgl.notification.view.XboxNotificationView
07:22:01.950 [FXGL Background Thread 3 ] DEBUG Engine               - pixelsPerMeter: 50.0
07:22:01.950 [FXGL Background Thread 3 ] DEBUG Engine               - platform: WINDOWS
07:22:01.950 [FXGL Background Thread 3 ] DEBUG Engine               - prefHeightProperty: ReadOnlyDoubleProperty [value: 500.0]
07:22:01.950 [FXGL Background Thread 3 ] DEBUG Engine               - prefWidthProperty: ReadOnlyDoubleProperty [value: 800.0]
07:22:01.950 [FXGL Background Thread 3 ] DEBUG Engine               - profileDir: profiles/
07:22:01.950 [FXGL Background Thread 3 ] DEBUG Engine               - profileName: StringProperty [value: DEFAULT]
07:22:01.950 [FXGL Background Thread 3 ] DEBUG Engine               - randomSeed: -1
07:22:01.951 [FXGL Background Thread 3 ] DEBUG Engine               - runtimeInfo: RuntimeInfo(platform=WINDOWS, version=17.3, build=30.03.2023 11.49)
07:22:01.951 [FXGL Background Thread 3 ] DEBUG Engine               - saveFileExt: sav
07:22:01.951 [FXGL Background Thread 3 ] DEBUG Engine               - scaledHeightProp$fxgl: DoubleProperty [bound, value: 500.0]
07:22:01.951 [FXGL Background Thread 3 ] DEBUG Engine               - scaledWidthProp$fxgl: DoubleProperty [bound, value: 800.0]
07:22:01.951 [FXGL Background Thread 3 ] DEBUG Engine               - sceneFactory: com.almasb.fxgl.app.scene.SceneFactory@6383b8e5
07:22:01.951 [FXGL Background Thread 3 ] DEBUG Engine               - secondsIn24h: 60
07:22:01.951 [FXGL Background Thread 3 ] DEBUG Engine               - soundMenuBack: menu/back.wav
07:22:01.951 [FXGL Background Thread 3 ] DEBUG Engine               - soundMenuPress: menu/press.wav
07:22:01.951 [FXGL Background Thread 3 ] DEBUG Engine               - soundMenuSelect: menu/select.wav
07:22:01.951 [FXGL Background Thread 3 ] DEBUG Engine               - soundNotification: core/notification.wav
07:22:01.951 [FXGL Background Thread 3 ] DEBUG Engine               - stageStyle: DECORATED
07:22:01.951 [FXGL Background Thread 3 ] DEBUG Engine               - supportedLanguages: [ENGLISH, FRENCH, GERMAN, HUNGARIAN, RUSSIAN]
07:22:01.951 [FXGL Background Thread 3 ] DEBUG Engine               - ticksPerSecond: -1
07:22:01.951 [FXGL Background Thread 3 ] DEBUG Engine               - title: Server
07:22:01.951 [FXGL Background Thread 3 ] DEBUG Engine               - urlGithub: https://github.com/AlmasB/FXGL
07:22:01.951 [FXGL Background Thread 3 ] DEBUG Engine               - urlLeaderboard: http://fxgl-top.herokuapp.com/
07:22:01.951 [FXGL Background Thread 3 ] DEBUG Engine               - urlPOM: https://raw.githubusercontent.com/AlmasB/FXGL/release/README.md
07:22:01.951 [FXGL Background Thread 3 ] DEBUG Engine               - userAppClass: class Runner.ServerRunner
07:22:01.951 [FXGL Background Thread 3 ] DEBUG Engine               - version: 0.0
07:22:01.951 [FXGL Background Thread 3 ] DEBUG Engine               - versionCheckDays: 7
07:22:01.952 [FXGL Background Thread 3 ] DEBUG Engine               - width: 800
07:22:01.952 [FXGL Background Thread 3 ] DEBUG Engine               - Logging services
07:22:01.952 [FXGL Background Thread 3 ] DEBUG Engine               - class com.almasb.fxgl.app.services.FXGLAssetLoaderService
07:22:01.952 [FXGL Background Thread 3 ] DEBUG Engine               - class com.almasb.fxgl.app.FXGLApplication$GameApplicationService
07:22:01.952 [FXGL Background Thread 3 ] DEBUG Engine               - class com.almasb.fxgl.app.services.FXGLDialogService
07:22:01.952 [FXGL Background Thread 3 ] DEBUG Engine               - class com.almasb.fxgl.app.services.IOTaskExecutorService
07:22:01.952 [FXGL Background Thread 3 ] DEBUG Engine               - class com.almasb.fxgl.io.FileSystemService
07:22:01.952 [FXGL Background Thread 3 ] DEBUG Engine               - class com.almasb.fxgl.localization.LocalizationService
07:22:01.952 [FXGL Background Thread 3 ] DEBUG Engine               - class com.almasb.fxgl.app.services.SystemBundleService
07:22:01.952 [FXGL Background Thread 3 ] DEBUG Engine               - class com.almasb.fxgl.profile.SaveLoadService
07:22:01.952 [FXGL Background Thread 3 ] DEBUG Engine               - class com.almasb.fxgl.ui.FXGLUIFactoryServiceProvider
07:22:01.952 [FXGL Background Thread 3 ] DEBUG Engine               - class com.almasb.fxgl.ui.FXGLDialogFactoryServiceProvider
07:22:01.952 [FXGL Background Thread 3 ] DEBUG Engine               - class com.almasb.fxgl.audio.AudioPlayer
07:22:01.952 [FXGL Background Thread 3 ] DEBUG Engine               - class com.almasb.fxgl.notification.impl.NotificationServiceProvider
07:22:01.952 [FXGL Background Thread 3 ] DEBUG Engine               - class com.almasb.fxgl.achievement.AchievementService
07:22:01.952 [FXGL Background Thread 3 ] DEBUG Engine               - class com.almasb.fxgl.cutscene.CutsceneService
07:22:01.952 [FXGL Background Thread 3 ] DEBUG Engine               - class com.almasb.fxgl.minigames.MiniGameService
07:22:01.952 [FXGL Background Thread 3 ] DEBUG Engine               - class com.almasb.fxgl.net.NetService
07:22:01.952 [FXGL Background Thread 3 ] DEBUG Engine               - class com.almasb.fxgl.app.services.UpdaterService
07:22:01.952 [FXGL Background Thread 3 ] DEBUG Engine               - class com.almasb.fxgl.dev.DevService
07:22:01.952 [FXGL Background Thread 3 ] DEBUG Engine               - class com.almasb.fxgl.multiplayer.MultiplayerService
07:22:07.507 [ServerAsyncConnThread    ] DEBUG Endpoint             - TCPServer opening new connection (1) from /127.0.0.1:56607 type: class com.almasb.fxgl.core.serialization.Bundle
07:22:07.510 [ServerAsyncConnThread    ] DEBUG Endpoint             - TCPServer successfully opened connection (1)
07:22:07.518 [TCPServer_SendThread-1   ] DEBUG Writers              - Getting TCPMessageWriter for class com.almasb.fxgl.core.serialization.Bundle
07:22:07.520 [TCPServer_RecvThread-1   ] DEBUG Readers              - Getting TCPMessageReader for class com.almasb.fxgl.core.serialization.Bundle
07:22:07.522 [TCPServer_RecvThread-1   ] DEBUG Readers              - Constructed MessageReader for class com.almasb.fxgl.core.serialization.Bundle: BundleTCPMessageReader
07:22:07.525 [TCPServer_SendThread-1   ] DEBUG Writers              - Constructed TCPMessageWriter for class com.almasb.fxgl.core.serialization.Bundle: BundleTCPMessageWriter
07:22:38.190 [TCPServer_RecvThread-1   ] DEBUG Endpoint             - Connection 1 was unexpectedly disconnected: Connection reset
07:22:38.191 [TCPServer_RecvThread-1   ] DEBUG Connection           - Closing connection 1
07:22:38.191 [TCPServer_RecvThread-1   ] DEBUG Connection           - Connection 1 was correctly closed from local endpoint.
07:22:38.192 [TCPServer_RecvThread-1   ] DEBUG Endpoint             - TCPServer connection (1) was closed
07:22:39.180 [JavaFX Application Thread] DEBUG FXGLApplication      - Exiting FXGL
07:22:39.180 [JavaFX Application Thread] DEBUG LoopRunner           - Stopping loop
07:22:39.180 [JavaFX Application Thread] DEBUG SystemBundleService  - Saving FXGL system data
07:22:39.181 [JavaFX Application Thread] DEBUG FileSystemAccess     - Writing to: C:\Users\User\Documents\Millan.Luis\UNEG\Semestre IV\Tecnicas de Prog. III\Sonic-rush\system\fxgl.bundle
07:22:39.182 [JavaFX Application Thread] DEBUG Async                - Shutting down background threads
07:22:39.182 [JavaFX Application Thread] DEBUG PrimaryStageWindow   - Closing main window
07:22:39.195 [JavaFX Application Thread] DEBUG Logger               - Closing Logger
