12:04:16.445 [main                     ] DEBUG Logger               - Configured Logger
12:04:16.545 [main                     ] DEBUG GameApplication      - Logging settings
Title: Server
Version: 0.0
Width: 800
Height: 500
Fullscreen: false
Intro: false
Profiling: false
Single step:false
App Mode: DEVELOPER
Menu Key: ESCAPE
Stage Style: DECORATED
Scene Factory: class com.almasb.fxgl.app.scene.SceneFactory

12:04:17.180 [JavaFX Application Thread] DEBUG FXGLApplication      - Initializing FXGL
12:04:17.192 [JavaFX Application Thread] INFO  Engine               - FXGL-17.3 (30.03.2023 11.49) on WINDOWS (J:17.0.12 FX:20)
12:04:17.194 [JavaFX Application Thread] DEBUG Engine               - JRE Vendor Name: Oracle Corporation
12:04:17.196 [JavaFX Application Thread] DEBUG Engine               - Running on OS: Windows 10 version 10.0
12:04:17.196 [JavaFX Application Thread] DEBUG Engine               - Architecture: amd64
12:04:17.196 [JavaFX Application Thread] INFO  Engine               - Source code and latest versions at: https://github.com/AlmasB/FXGL
12:04:17.197 [JavaFX Application Thread] INFO  Engine               -       Ask questions and discuss at: https://github.com/AlmasB/FXGL/discussions
12:04:17.225 [JavaFX Application Thread] INFO  Engine               -              Join the FXGL chat at: https://gitter.im/AlmasB/FXGL
12:04:17.461 [JavaFX Application Thread] DEBUG PrimaryStageWindow   - Creating a JavaFX scene
12:04:17.535 [JavaFX Application Thread] DEBUG PrimaryStageWindow   - Target settings size: 800.0 x 500.0
12:04:17.536 [JavaFX Application Thread] DEBUG PrimaryStageWindow   - Scaled scene size:    800.0 x 500.0
12:04:17.536 [JavaFX Application Thread] DEBUG PrimaryStageWindow   - Scaled ratio: (1.0, 1.0)
12:04:17.538 [JavaFX Application Thread] DEBUG PrimaryStageWindow   - Set initial scene to FXGLStartupScene
12:04:17.545 [JavaFX Application Thread] DEBUG PrimaryStageWindow   - Opening main window
12:04:17.658 [JavaFX Application Thread] DEBUG PrimaryStageWindow   - Window border size: (14.4000244140625, 37.5999755859375)
12:04:17.659 [JavaFX Application Thread] DEBUG PrimaryStageWindow   - Scaled size: 800.0 x 500.0
12:04:17.659 [JavaFX Application Thread] DEBUG PrimaryStageWindow   - Scaled ratio: (1.0, 1.0)
12:04:17.660 [JavaFX Application Thread] DEBUG PrimaryStageWindow   - Scene size: 800.0 x 500.0
12:04:17.661 [JavaFX Application Thread] DEBUG PrimaryStageWindow   - Stage size: 814.4000244140625 x 537.5999755859375
12:04:17.674 [FXGL Background Thread 1 ] DEBUG Engine               - Initializing environment variables
12:04:17.759 [FXGL Background Thread 1 ] DEBUG FXGLAssetLoaderServi - User app class for loading assets: class Runner.ServerRunner
12:04:17.760 [FXGL Background Thread 1 ] DEBUG GameApplicationServi - Applying CSS: fxgl_dark.css
12:04:17.762 [FXGL Background Thread 1 ] DEBUG FXGLAssetLoaderServi - Loading from file system: jar:file:/C:/Users/Owner/.m2/repository/com/github/almasb/fxgl/17.3/fxgl-17.3.jar!/fxglassets/ui/css/fxgl_dark.css
12:04:17.874 [FXGL Background Thread 1 ] DEBUG GameApplicationServi - Initializing application scenes
12:04:18.164 [FXGL Background Thread 1 ] DEBUG GameWorld            - Game world initialized
12:04:18.501 [FXGL Background Thread 1 ] DEBUG PhysicsWorld         - Physics world initialized: appHeight=500, physics.ppm=50.0
12:04:18.502 [FXGL Background Thread 1 ] DEBUG PhysicsWorld         - Using strategy: BRUTE_FORCE
12:04:18.523 [FXGL Background Thread 1 ] DEBUG GameScene            - Game scene initialized: 800x500
12:04:18.596 [FXGL Background Thread 1 ] WARN  FXGL.DefaultMenu     - FXGLDefaultMenu is not designed for resolutions < 800x600
12:04:18.719 [FXGL Background Thread 1 ] DEBUG FXGL.DefaultMenu     - createMenuBodyGameMenu()
12:04:18.775 [FXGL Background Thread 1 ] DEBUG FXGL.DefaultMenu     - createOptionsMenu()
12:04:18.800 [FXGL Background Thread 1 ] DEBUG FXGLAssetLoaderServi - Loading from file system: jar:file:/C:/Users/Owner/.m2/repository/com/github/almasb/fxgl/17.3/fxgl-17.3.jar!/fxglassets/textures/particles/smoke.png
12:04:19.064 [FXGL Background Thread 1 ] DEBUG FXGLAssetLoaderServi - Loading from file system: jar:file:/C:/Users/Owner/.m2/repository/com/github/almasb/fxgl/17.3/fxgl-17.3.jar!/fxglassets/textures/particles/trace_horizontal.png
12:04:19.113 [FXGL Background Thread 1 ] DEBUG GameApplicationServi - Application scenes initialized
12:04:19.137 [FXGL Background Thread 1 ] DEBUG SystemBundleService  - Loading FXGL system data
12:04:19.145 [FXGL Background Thread 1 ] DEBUG FileSystemAccess     - Reading from: C:\Users\Owner\Desktop\Sonic-rush\system\fxgl.bundle
12:04:19.155 [FXGL Background Thread 1 ] DEBUG SystemBundleService  - Bundle FXGL: {}
12:04:19.155 [FXGL Background Thread 1 ] DEBUG UpdaterService       - Checking for updates
12:04:19.164 [FXGL Background Thread 1 ] DEBUG FXGLApplication      - Loading default localization
12:04:19.165 [FXGL Background Thread 1 ] DEBUG FXGLAssetLoaderServi - Loading from file system: jar:file:/C:/Users/Owner/.m2/repository/com/github/almasb/fxgl/17.3/fxgl-17.3.jar!/fxglassets/languages/english.lang
12:04:19.256 [FXGL Background Thread 1 ] INFO  FXGLApplication      - FXGL initialization took: 1.581 sec
12:04:19.289 [JavaFX Application Thread] DEBUG FXGLAssetLoaderServi - Loading from file system: jar:file:/C:/Users/Owner/.m2/repository/com/github/almasb/fxgl/17.3/fxgl-17.3.jar!/fxglassets/textures/fxgl_icon.png
12:04:19.639 [FXGL Background Thread 4 ] DEBUG FXGLApplication      - Loading fonts
12:04:19.641 [FXGL Background Thread 4 ] DEBUG FXGLAssetLoaderServi - Loading from file system: jar:file:/C:/Users/Owner/.m2/repository/com/github/almasb/fxgl/17.3/fxgl-17.3.jar!/fxglassets/ui/fonts/VarelaRound-Regular.ttf
12:04:19.703 [JavaFX Application Thread] DEBUG FXGLAssetLoaderServi - Loading from file system: jar:file:/C:/Users/Owner/.m2/repository/com/github/almasb/fxgl/17.3/fxgl-17.3.jar!/fxglassets/textures/fxgl_default_cursor.png
12:04:19.753 [JavaFX Application Thread] DEBUG Input                - Registered new binding: Screenshot - CTRL+8
12:04:19.757 [JavaFX Application Thread] DEBUG Input                - Registered new binding: System info dump - CTRL+9
12:04:19.760 [JavaFX Application Thread] DEBUG Input                - Registered new binding: Restart - CTRL+R
12:04:19.765 [JavaFX Application Thread] DEBUG Input                - Registered new binding: Toggle Debug Camera - CTRL+7
12:04:19.776 [JavaFX Application Thread] DEBUG LoopRunner           - Starting loop
12:04:19.776 [JavaFX Application Thread] DEBUG LoopRunner           - Initializing JavaFX AnimationTimerLoop
12:04:19.785 [JavaFX Application Thread] DEBUG GameApplicationServi - Starting new game
12:04:19.791 [JavaFX Application Thread] DEBUG Input                - Clearing active input actions
12:04:19.918 [JavaFX Application Thread] DEBUG GameApplicationServi - Removing overlay from FXGLStartupScene and adding to FXGLLoadingScene
12:04:19.922 [JavaFX Application Thread] DEBUG PrimaryStageWindow   - FXGLStartupScene -> FXGLLoadingScene
12:04:19.922 [JavaFX Application Thread] DEBUG GameApplicationServi - Clearing previous game
12:04:19.923 [JavaFX Application Thread] DEBUG GameScene            - Clearing game scene
12:04:19.924 [JavaFX Application Thread] DEBUG GameWorld            - Clearing game world
12:04:19.925 [JavaFX Application Thread] DEBUG PhysicsWorld         - Clearing physics world
12:04:19.936 [FXGL Background Thread 1 ] DEBUG FXGLApplication      - Initializing game
12:04:20.613 [ServerAsyncConnThread    ] DEBUG TCPServer            - Starting to listen at: 50000 type: class com.almasb.fxgl.core.serialization.Bundle
12:04:20.824 [FXGL Background Thread 1 ] WARN  TMXLevelLoader       - TiledMap generated from 1.11.2. Supported version: 1.9.0. Some features may not be parsed fully.
12:04:21.190 [FXGL Background Thread 1 ] DEBUG TMXLevelLoader       - Parsed TiledMap: file:/C:/Users/Owner/Desktop/Sonic-rush/target/classes/assets/levels/mapazo.tmx
12:04:21.191 [FXGL Background Thread 1 ] DEBUG TMXLevelLoader       - Creating tile layer entities
12:04:21.194 [FXGL Background Thread 1 ] DEBUG TilesetLoader        - Loading view for layer Capa de patrones 1
12:04:21.252 [FXGL Background Thread 1 ] DEBUG TilesetLoader        - Created buffer with size 3840.0x720.0
12:04:21.360 [FXGL Background Thread 1 ] DEBUG TMXLevelLoader       - Creating object layer entities
12:04:21.439 [FXGL Background Thread 1 ] DEBUG GameWorld            - Clearing removable entities
12:04:21.440 [FXGL Background Thread 1 ] DEBUG GameWorld            - Setting level: com.almasb.fxgl.entity.level.Level@2a8d1238
12:04:21.711 [FXGL Background Thread 1 ] DEBUG FXGLAssetLoaderServi - Loading from file system: file:/C:/Users/Owner/Desktop/Sonic-rush/target/classes/assets/textures/Items/ring.png
12:04:21.753 [FXGL Background Thread 4 ] DEBUG FXGLAssetLoaderServi - Loading from file system: jar:file:/C:/Users/Owner/.m2/repository/com/github/almasb/fxgl/17.3/fxgl-17.3.jar!/fxglassets/ui/fonts/Abel-Regular.ttf
12:04:21.760 [FXGL Background Thread 4 ] DEBUG FXGLAssetLoaderServi - Loading from file system: jar:file:/C:/Users/Owner/.m2/repository/com/github/almasb/fxgl/17.3/fxgl-17.3.jar!/fxglassets/ui/fonts/TerminalLandMono-Regular.otf
12:04:21.765 [FXGL Background Thread 4 ] DEBUG FXGLAssetLoaderServi - Loading from file system: jar:file:/C:/Users/Owner/.m2/repository/com/github/almasb/fxgl/17.3/fxgl-17.3.jar!/fxglassets/ui/fonts/Courier-Prime.ttf
12:04:21.779 [JavaFX Application Thread] DEBUG FXGLApplication      - Registering font factories with UI factory
12:04:21.858 [FXGL Background Thread 1 ] DEBUG FXGLAssetLoaderServi - Loading from file system: file:/C:/Users/Owner/Desktop/Sonic-rush/target/classes/assets/textures/Enemigos/enemigo2.png
12:04:21.873 [FXGL Background Thread 1 ] DEBUG FXGLAssetLoaderServi - Loading from file system: file:/C:/Users/Owner/Desktop/Sonic-rush/target/classes/assets/textures/Items/caucho.png
12:04:21.877 [FXGL Background Thread 1 ] DEBUG FXGLAssetLoaderServi - Loading from file system: file:/C:/Users/Owner/Desktop/Sonic-rush/target/classes/assets/textures/Items/basura.png
12:04:21.881 [FXGL Background Thread 1 ] DEBUG FXGLAssetLoaderServi - Loading from file system: file:/C:/Users/Owner/Desktop/Sonic-rush/target/classes/assets/textures/Items/papel.png
12:04:21.892 [FXGL Background Thread 1 ] INFO  FXGLApplication      - Game initialization took: 1.957 sec
12:04:21.925 [JavaFX Application Thread] DEBUG Input                - Clearing active input actions
12:04:21.941 [JavaFX Application Thread] DEBUG GameApplicationServi - Removing overlay from FXGLLoadingScene and adding to GameScene
12:04:21.942 [JavaFX Application Thread] DEBUG PrimaryStageWindow   - FXGLLoadingScene -> GameScene
12:04:22.312 [FXGL Background Thread 3 ] DEBUG Engine               - Logging environment variables
12:04:22.313 [FXGL Background Thread 3 ] DEBUG Engine               - achievements: []
12:04:22.314 [FXGL Background Thread 3 ] DEBUG Engine               - actualHeight: 500.0
12:04:22.314 [FXGL Background Thread 3 ] DEBUG Engine               - actualHeightProperty: ReadOnlyDoubleProperty [value: 500.0]
12:04:22.314 [FXGL Background Thread 3 ] DEBUG Engine               - actualWidth: 800.0
12:04:22.314 [FXGL Background Thread 3 ] DEBUG Engine               - actualWidthProperty: ReadOnlyDoubleProperty [value: 800.0]
12:04:22.314 [FXGL Background Thread 3 ] DEBUG Engine               - appIcon: fxgl_icon.png
12:04:22.314 [FXGL Background Thread 3 ] DEBUG Engine               - applicationMode: DEVELOPER
12:04:22.314 [FXGL Background Thread 3 ] DEBUG Engine               - cSSList: [fxgl_dark.css]
12:04:22.315 [FXGL Background Thread 3 ] DEBUG Engine               - collisionDetectionStrategy: BRUTE_FORCE
12:04:22.315 [FXGL Background Thread 3 ] DEBUG Engine               - configClass: Optional.empty
12:04:22.315 [FXGL Background Thread 3 ] DEBUG Engine               - credits: []
12:04:22.317 [FXGL Background Thread 3 ] DEBUG Engine               - defaultCursor: CursorInfo(imageName=fxgl_default_cursor.png, hotspotX=7.0, hotspotY=6.0)
12:04:22.320 [FXGL Background Thread 3 ] DEBUG Engine               - devBBoxColorProperty: ObjectProperty [value: 0xff0000ff]
12:04:22.321 [FXGL Background Thread 3 ] DEBUG Engine               - devEnableDebugCameraProperty: BooleanProperty [value: false]
12:04:22.321 [FXGL Background Thread 3 ] DEBUG Engine               - devSensorColorProperty: ObjectProperty [value: 0xffff00ff]
12:04:22.321 [FXGL Background Thread 3 ] DEBUG Engine               - devShowBBoxProperty: BooleanProperty [value: false]
12:04:22.322 [FXGL Background Thread 3 ] DEBUG Engine               - devShowPositionProperty: BooleanProperty [value: false]
12:04:22.322 [FXGL Background Thread 3 ] DEBUG Engine               - enabledMenuItems: []
12:04:22.322 [FXGL Background Thread 3 ] DEBUG Engine               - engineServices: [class com.almasb.fxgl.app.services.FXGLAssetLoaderService, class com.almasb.fxgl.app.FXGLApplication$GameApplicationService, class com.almasb.fxgl.app.services.FXGLDialogService, class com.almasb.fxgl.app.services.IOTaskExecutorService, class com.almasb.fxgl.io.FileSystemService, class com.almasb.fxgl.localization.LocalizationService, class com.almasb.fxgl.app.services.SystemBundleService, class com.almasb.fxgl.profile.SaveLoadService, class com.almasb.fxgl.ui.FXGLUIFactoryServiceProvider, class com.almasb.fxgl.ui.FXGLDialogFactoryServiceProvider, class com.almasb.fxgl.audio.AudioPlayer, class com.almasb.fxgl.notification.impl.NotificationServiceProvider, class com.almasb.fxgl.achievement.AchievementService, class com.almasb.fxgl.cutscene.CutsceneService, class com.almasb.fxgl.minigames.MiniGameService, class com.almasb.fxgl.net.NetService, class com.almasb.fxgl.app.services.UpdaterService, class com.almasb.fxgl.dev.DevService, class com.almasb.fxgl.multiplayer.MultiplayerService]
12:04:22.322 [FXGL Background Thread 3 ] DEBUG Engine               - fontGame: Abel-Regular.ttf
12:04:22.322 [FXGL Background Thread 3 ] DEBUG Engine               - fontMono: TerminalLandMono-Regular.otf
12:04:22.322 [FXGL Background Thread 3 ] DEBUG Engine               - fontSizeScaleUI: 1.0
12:04:22.323 [FXGL Background Thread 3 ] DEBUG Engine               - fontText: Courier-Prime.ttf
12:04:22.323 [FXGL Background Thread 3 ] DEBUG Engine               - fontUI: VarelaRound-Regular.ttf
12:04:22.323 [FXGL Background Thread 3 ] DEBUG Engine               - fullScreen: BooleanProperty [value: false]
12:04:22.323 [FXGL Background Thread 3 ] DEBUG Engine               - gameDifficulty: MEDIUM
12:04:22.323 [FXGL Background Thread 3 ] DEBUG Engine               - gameDifficultyProperty: ObjectProperty [value: MEDIUM]
12:04:22.323 [FXGL Background Thread 3 ] DEBUG Engine               - globalMusicVolume: 0.5
12:04:22.323 [FXGL Background Thread 3 ] DEBUG Engine               - globalMusicVolumeProperty: DoubleProperty [value: 0.5]
12:04:22.323 [FXGL Background Thread 3 ] DEBUG Engine               - globalSoundVolume: 0.5
12:04:22.323 [FXGL Background Thread 3 ] DEBUG Engine               - globalSoundVolumeProperty: DoubleProperty [value: 0.5]
12:04:22.324 [FXGL Background Thread 3 ] DEBUG Engine               - height: 500
12:04:22.324 [FXGL Background Thread 3 ] DEBUG Engine               - is3D: false
12:04:22.324 [FXGL Background Thread 3 ] DEBUG Engine               - isAndroid: false
12:04:22.324 [FXGL Background Thread 3 ] DEBUG Engine               - isBrowser: false
12:04:22.324 [FXGL Background Thread 3 ] DEBUG Engine               - isClickFeedbackEnabled: false
12:04:22.324 [FXGL Background Thread 3 ] DEBUG Engine               - isCloseConfirmation: false
12:04:22.324 [FXGL Background Thread 3 ] DEBUG Engine               - isDesktop: true
12:04:22.324 [FXGL Background Thread 3 ] DEBUG Engine               - isDeveloperMenuEnabled: false
12:04:22.325 [FXGL Background Thread 3 ] DEBUG Engine               - isEmbedded: false
12:04:22.325 [FXGL Background Thread 3 ] DEBUG Engine               - isEntityPreloadEnabled: true
12:04:22.325 [FXGL Background Thread 3 ] DEBUG Engine               - isExperimentalTiledLargeMap: false
12:04:22.325 [FXGL Background Thread 3 ] DEBUG Engine               - isFileSystemWriteAllowed: true
12:04:22.325 [FXGL Background Thread 3 ] DEBUG Engine               - isFullScreenAllowed: false
12:04:22.325 [FXGL Background Thread 3 ] DEBUG Engine               - isFullScreenFromStart: false
12:04:22.325 [FXGL Background Thread 3 ] DEBUG Engine               - isGameMenuEnabled: true
12:04:22.325 [FXGL Background Thread 3 ] DEBUG Engine               - isIOS: false
12:04:22.325 [FXGL Background Thread 3 ] DEBUG Engine               - isIntroEnabled: false
12:04:22.325 [FXGL Background Thread 3 ] DEBUG Engine               - isLinux: false
12:04:22.326 [FXGL Background Thread 3 ] DEBUG Engine               - isMac: false
12:04:22.326 [FXGL Background Thread 3 ] DEBUG Engine               - isMainMenuEnabled: false
12:04:22.326 [FXGL Background Thread 3 ] DEBUG Engine               - isManualResizeEnabled: false
12:04:22.326 [FXGL Background Thread 3 ] DEBUG Engine               - isMobile: false
12:04:22.326 [FXGL Background Thread 3 ] DEBUG Engine               - isNative: false
12:04:22.326 [FXGL Background Thread 3 ] DEBUG Engine               - isPauseMusicWhenMinimized: true
12:04:22.326 [FXGL Background Thread 3 ] DEBUG Engine               - isPreserveResizeRatio: false
12:04:22.326 [FXGL Background Thread 3 ] DEBUG Engine               - isProfilingEnabled: false
12:04:22.326 [FXGL Background Thread 3 ] DEBUG Engine               - isScaleAffectedOnResize: true
12:04:22.326 [FXGL Background Thread 3 ] DEBUG Engine               - isSingleStep: false
12:04:22.326 [FXGL Background Thread 3 ] DEBUG Engine               - isUserProfileEnabled: false
12:04:22.327 [FXGL Background Thread 3 ] DEBUG Engine               - isWindows: true
12:04:22.327 [FXGL Background Thread 3 ] DEBUG Engine               - language: ObjectProperty [value: ENGLISH]
12:04:22.327 [FXGL Background Thread 3 ] DEBUG Engine               - menuKey: ESCAPE
12:04:22.327 [FXGL Background Thread 3 ] DEBUG Engine               - mouseSensitivity: 0.2
12:04:22.327 [FXGL Background Thread 3 ] DEBUG Engine               - notificationViewClass: class com.almasb.fxgl.notification.view.XboxNotificationView
12:04:22.327 [FXGL Background Thread 3 ] DEBUG Engine               - pixelsPerMeter: 50.0
12:04:22.327 [FXGL Background Thread 3 ] DEBUG Engine               - platform: WINDOWS
12:04:22.327 [FXGL Background Thread 3 ] DEBUG Engine               - prefHeightProperty: ReadOnlyDoubleProperty [value: 500.0]
12:04:22.327 [FXGL Background Thread 3 ] DEBUG Engine               - prefWidthProperty: ReadOnlyDoubleProperty [value: 800.0]
12:04:22.328 [FXGL Background Thread 3 ] DEBUG Engine               - profileDir: profiles/
12:04:22.328 [FXGL Background Thread 3 ] DEBUG Engine               - profileName: StringProperty [value: DEFAULT]
12:04:22.328 [FXGL Background Thread 3 ] DEBUG Engine               - randomSeed: -1
12:04:22.329 [FXGL Background Thread 3 ] DEBUG Engine               - runtimeInfo: RuntimeInfo(platform=WINDOWS, version=17.3, build=30.03.2023 11.49)
12:04:22.329 [FXGL Background Thread 3 ] DEBUG Engine               - saveFileExt: sav
12:04:22.329 [FXGL Background Thread 3 ] DEBUG Engine               - scaledHeightProp$fxgl: DoubleProperty [bound, value: 500.0]
12:04:22.329 [FXGL Background Thread 3 ] DEBUG Engine               - scaledWidthProp$fxgl: DoubleProperty [bound, value: 800.0]
12:04:22.330 [FXGL Background Thread 3 ] DEBUG Engine               - sceneFactory: com.almasb.fxgl.app.scene.SceneFactory@603c34e4
12:04:22.330 [FXGL Background Thread 3 ] DEBUG Engine               - secondsIn24h: 60
12:04:22.330 [FXGL Background Thread 3 ] DEBUG Engine               - soundMenuBack: menu/back.wav
12:04:22.330 [FXGL Background Thread 3 ] DEBUG Engine               - soundMenuPress: menu/press.wav
12:04:22.330 [FXGL Background Thread 3 ] DEBUG Engine               - soundMenuSelect: menu/select.wav
12:04:22.330 [FXGL Background Thread 3 ] DEBUG Engine               - soundNotification: core/notification.wav
12:04:22.330 [FXGL Background Thread 3 ] DEBUG Engine               - stageStyle: DECORATED
12:04:22.330 [FXGL Background Thread 3 ] DEBUG Engine               - supportedLanguages: [ENGLISH, FRENCH, GERMAN, HUNGARIAN, RUSSIAN]
12:04:22.330 [FXGL Background Thread 3 ] DEBUG Engine               - ticksPerSecond: -1
12:04:22.330 [FXGL Background Thread 3 ] DEBUG Engine               - title: Server
12:04:22.330 [FXGL Background Thread 3 ] DEBUG Engine               - urlGithub: https://github.com/AlmasB/FXGL
12:04:22.330 [FXGL Background Thread 3 ] DEBUG Engine               - urlLeaderboard: http://fxgl-top.herokuapp.com/
12:04:22.330 [FXGL Background Thread 3 ] DEBUG Engine               - urlPOM: https://raw.githubusercontent.com/AlmasB/FXGL/release/README.md
12:04:22.331 [FXGL Background Thread 3 ] DEBUG Engine               - userAppClass: class Runner.ServerRunner
12:04:22.331 [FXGL Background Thread 3 ] DEBUG Engine               - version: 0.0
12:04:22.331 [FXGL Background Thread 3 ] DEBUG Engine               - versionCheckDays: 7
12:04:22.331 [FXGL Background Thread 3 ] DEBUG Engine               - width: 800
12:04:22.331 [FXGL Background Thread 3 ] DEBUG Engine               - Logging services
12:04:22.331 [FXGL Background Thread 3 ] DEBUG Engine               - class com.almasb.fxgl.app.services.FXGLAssetLoaderService
12:04:22.331 [FXGL Background Thread 3 ] DEBUG Engine               - class com.almasb.fxgl.app.FXGLApplication$GameApplicationService
12:04:22.331 [FXGL Background Thread 3 ] DEBUG Engine               - class com.almasb.fxgl.app.services.FXGLDialogService
12:04:22.331 [FXGL Background Thread 3 ] DEBUG Engine               - class com.almasb.fxgl.app.services.IOTaskExecutorService
12:04:22.331 [FXGL Background Thread 3 ] DEBUG Engine               - class com.almasb.fxgl.io.FileSystemService
12:04:22.331 [FXGL Background Thread 3 ] DEBUG Engine               - class com.almasb.fxgl.localization.LocalizationService
12:04:22.331 [FXGL Background Thread 3 ] DEBUG Engine               - class com.almasb.fxgl.app.services.SystemBundleService
12:04:22.331 [FXGL Background Thread 3 ] DEBUG Engine               - class com.almasb.fxgl.profile.SaveLoadService
12:04:22.332 [FXGL Background Thread 3 ] DEBUG Engine               - class com.almasb.fxgl.ui.FXGLUIFactoryServiceProvider
12:04:22.332 [FXGL Background Thread 3 ] DEBUG Engine               - class com.almasb.fxgl.ui.FXGLDialogFactoryServiceProvider
12:04:22.332 [FXGL Background Thread 3 ] DEBUG Engine               - class com.almasb.fxgl.audio.AudioPlayer
12:04:22.332 [FXGL Background Thread 3 ] DEBUG Engine               - class com.almasb.fxgl.notification.impl.NotificationServiceProvider
12:04:22.332 [FXGL Background Thread 3 ] DEBUG Engine               - class com.almasb.fxgl.achievement.AchievementService
12:04:22.332 [FXGL Background Thread 3 ] DEBUG Engine               - class com.almasb.fxgl.cutscene.CutsceneService
12:04:22.333 [FXGL Background Thread 3 ] DEBUG Engine               - class com.almasb.fxgl.minigames.MiniGameService
12:04:22.333 [FXGL Background Thread 3 ] DEBUG Engine               - class com.almasb.fxgl.net.NetService
12:04:22.333 [FXGL Background Thread 3 ] DEBUG Engine               - class com.almasb.fxgl.app.services.UpdaterService
12:04:22.334 [FXGL Background Thread 3 ] DEBUG Engine               - class com.almasb.fxgl.dev.DevService
12:04:22.334 [FXGL Background Thread 3 ] DEBUG Engine               - class com.almasb.fxgl.multiplayer.MultiplayerService
12:04:23.397 [FXGL Background Thread 2 ] INFO  UpdaterService       - Your current version:  17.3
12:04:23.586 [FXGL Background Thread 2 ] INFO  UpdaterService       - Latest stable version: 21.1
12:04:26.564 [ServerAsyncConnThread    ] DEBUG Endpoint             - TCPServer opening new connection (1) from /52.202.215.126:44345 type: class com.almasb.fxgl.core.serialization.Bundle
12:04:26.565 [ServerAsyncConnThread    ] DEBUG Endpoint             - TCPServer successfully opened connection (1)
12:04:26.576 [TCPServer_SendThread-1   ] DEBUG Writers              - Getting TCPMessageWriter for class com.almasb.fxgl.core.serialization.Bundle
12:04:26.578 [TCPServer_RecvThread-1   ] DEBUG Readers              - Getting TCPMessageReader for class com.almasb.fxgl.core.serialization.Bundle
12:04:26.580 [TCPServer_SendThread-1   ] DEBUG Writers              - Constructed TCPMessageWriter for class com.almasb.fxgl.core.serialization.Bundle: BundleTCPMessageWriter
12:04:26.587 [TCPServer_RecvThread-1   ] WARN  Endpoint             - TCPServer_RecvThread-1 crashed
java.io.EOFException
	at java.base/java.io.ObjectInputStream$PeekInputStream.readFully(ObjectInputStream.java:2926)
	at java.base/java.io.ObjectInputStream$BlockDataInputStream.readShort(ObjectInputStream.java:3421)
	at java.base/java.io.ObjectInputStream.readStreamHeader(ObjectInputStream.java:959)
	at java.base/java.io.ObjectInputStream.<init>(ObjectInputStream.java:397)
	at com.almasb.fxgl.net.BundleTCPMessageReader.<init>(Readers.kt:92)
	at com.almasb.fxgl.net.Readers$1.create(Readers.kt:43)
	at com.almasb.fxgl.net.Readers.getTCPReader(Readers.kt:71)
	at com.almasb.fxgl.net.Endpoint.lambda$openTCPConnection$3(Endpoint.java:89)
	at java.base/java.lang.Thread.run(Thread.java:842)

12:04:26.728 [TCPServer_SendThread-1   ] WARN  Endpoint             - TCPServer_SendThread-1 crashed
java.net.SocketException: An established connection was aborted by the software in your host machine
	at java.base/sun.nio.ch.NioSocketImpl.implWrite(NioSocketImpl.java:425)
	at java.base/sun.nio.ch.NioSocketImpl.write(NioSocketImpl.java:445)
	at java.base/sun.nio.ch.NioSocketImpl$2.write(NioSocketImpl.java:831)
	at java.base/java.net.Socket$SocketOutputStream.write(Socket.java:1035)
	at java.base/java.io.ObjectOutputStream$BlockDataOutputStream.drain(ObjectOutputStream.java:1896)
	at java.base/java.io.ObjectOutputStream$BlockDataOutputStream.setBlockDataMode(ObjectOutputStream.java:1805)
	at java.base/java.io.ObjectOutputStream.writeNonProxyDesc(ObjectOutputStream.java:1299)
	at java.base/java.io.ObjectOutputStream.writeClassDesc(ObjectOutputStream.java:1244)
	at java.base/java.io.ObjectOutputStream.writeOrdinaryObject(ObjectOutputStream.java:1440)
	at java.base/java.io.ObjectOutputStream.writeObject0(ObjectOutputStream.java:1191)
	at java.base/java.io.ObjectOutputStream.writeFatalException(ObjectOutputStream.java:1612)
	at java.base/java.io.ObjectOutputStream.writeObject(ObjectOutputStream.java:357)
	at com.almasb.fxgl.net.BundleTCPMessageWriter.write(Writers.kt:98)
	at com.almasb.fxgl.net.BundleTCPMessageWriter.write(Writers.kt:93)
	at com.almasb.fxgl.net.Endpoint.lambda$openTCPConnection$2(Endpoint.java:80)
	at java.base/java.lang.Thread.run(Thread.java:842)

12:04:26.891 [TCPServer_RecvThread-1   ] DEBUG Endpoint             - TCPServer connection (1) was closed
12:06:41.447 [ServerAsyncConnThread    ] DEBUG Endpoint             - TCPServer opening new connection (2) from /127.0.0.1:61443 type: class com.almasb.fxgl.core.serialization.Bundle
12:06:41.447 [ServerAsyncConnThread    ] DEBUG Endpoint             - TCPServer successfully opened connection (2)
12:06:41.541 [TCPServer_SendThread-2   ] DEBUG Writers              - Getting TCPMessageWriter for class com.almasb.fxgl.core.serialization.Bundle
12:06:41.543 [TCPServer_RecvThread-2   ] DEBUG Readers              - Getting TCPMessageReader for class com.almasb.fxgl.core.serialization.Bundle
12:06:41.545 [TCPServer_SendThread-2   ] DEBUG Writers              - Constructed TCPMessageWriter for class com.almasb.fxgl.core.serialization.Bundle: BundleTCPMessageWriter
12:06:41.546 [TCPServer_RecvThread-2   ] DEBUG Readers              - Constructed MessageReader for class com.almasb.fxgl.core.serialization.Bundle: BundleTCPMessageReader
12:07:16.111 [TCPServer_RecvThread-2   ] DEBUG Endpoint             - Connection 2 was unexpectedly disconnected: Connection reset
12:07:16.111 [TCPServer_RecvThread-2   ] DEBUG Connection           - Closing connection 2
12:07:16.112 [TCPServer_RecvThread-2   ] DEBUG Connection           - Connection 2 was correctly closed from local endpoint.
12:07:16.112 [TCPServer_RecvThread-2   ] DEBUG Endpoint             - TCPServer connection (2) was closed
12:07:18.072 [JavaFX Application Thread] DEBUG LoopRunner           - Pausing loop
12:07:36.458 [JavaFX Application Thread] DEBUG LoopRunner           - Resuming loop
12:08:35.185 [JavaFX Application Thread] DEBUG LoopRunner           - Pausing loop
12:10:26.484 [JavaFX Application Thread] DEBUG LoopRunner           - Resuming loop
12:11:47.824 [JavaFX Application Thread] DEBUG FXGLApplication      - Exiting FXGL
12:11:47.825 [JavaFX Application Thread] DEBUG LoopRunner           - Stopping loop
12:11:47.825 [JavaFX Application Thread] DEBUG SystemBundleService  - Saving FXGL system data
12:11:47.833 [JavaFX Application Thread] DEBUG FileSystemAccess     - Writing to: C:\Users\Owner\Desktop\Sonic-rush\system\fxgl.bundle
12:11:47.835 [JavaFX Application Thread] DEBUG Async                - Shutting down background threads
12:11:47.835 [JavaFX Application Thread] DEBUG PrimaryStageWindow   - Closing main window
12:11:47.941 [JavaFX Application Thread] DEBUG Logger               - Closing Logger
