23:23:20.864 [main                     ] DEBUG Logger               - Configured Logger
23:23:20.933 [main                     ] DEBUG GameApplication      - Logging settings
Title: Jugador Sonic
Version: 0.0
Width: 1000
Height: 600
Fullscreen: false
Intro: false
Profiling: false
Single step:false
App Mode: DEVELOPER
Menu Key: ESCAPE
Stage Style: DECORATED
Scene Factory: class com.almasb.fxgl.app.scene.SceneFactory

23:23:21.630 [JavaFX Application Thread] DEBUG FXGLApplication      - Initializing FXGL
23:23:21.639 [JavaFX Application Thread] INFO  Engine               - FXGL-17.3 (30.03.2023 11.49) on WINDOWS (J:17.0.12 FX:20)
23:23:21.640 [JavaFX Application Thread] DEBUG Engine               - JRE Vendor Name: Oracle Corporation
23:23:21.640 [JavaFX Application Thread] DEBUG Engine               - Running on OS: Windows 10 version 10.0
23:23:21.641 [JavaFX Application Thread] DEBUG Engine               - Architecture: amd64
23:23:21.641 [JavaFX Application Thread] INFO  Engine               - Source code and latest versions at: https://github.com/AlmasB/FXGL
23:23:21.641 [JavaFX Application Thread] INFO  Engine               -       Ask questions and discuss at: https://github.com/AlmasB/FXGL/discussions
23:23:21.641 [JavaFX Application Thread] INFO  Engine               -              Join the FXGL chat at: https://gitter.im/AlmasB/FXGL
23:23:21.928 [JavaFX Application Thread] DEBUG PrimaryStageWindow   - Creating a JavaFX scene
23:23:22.007 [JavaFX Application Thread] DEBUG PrimaryStageWindow   - Target settings size: 1000.0 x 600.0
23:23:22.007 [JavaFX Application Thread] DEBUG PrimaryStageWindow   - Scaled scene size:    1000.0 x 600.0
23:23:22.008 [JavaFX Application Thread] DEBUG PrimaryStageWindow   - Scaled ratio: (1.0, 1.0)
23:23:22.010 [JavaFX Application Thread] DEBUG PrimaryStageWindow   - Set initial scene to FXGLStartupScene
23:23:22.018 [JavaFX Application Thread] DEBUG PrimaryStageWindow   - Opening main window
23:23:22.156 [JavaFX Application Thread] DEBUG PrimaryStageWindow   - Window border size: (14.4000244140625, 37.5999755859375)
23:23:22.157 [JavaFX Application Thread] DEBUG PrimaryStageWindow   - Scaled size: 1000.0 x 600.0
23:23:22.157 [JavaFX Application Thread] DEBUG PrimaryStageWindow   - Scaled ratio: (1.0, 1.0)
23:23:22.158 [JavaFX Application Thread] DEBUG PrimaryStageWindow   - Scene size: 1000.0 x 600.0
23:23:22.158 [JavaFX Application Thread] DEBUG PrimaryStageWindow   - Stage size: 1014.4000244140625 x 637.5999755859375
23:23:22.307 [FXGL Background Thread 1 ] DEBUG Engine               - Initializing environment variables
23:23:22.461 [FXGL Background Thread 1 ] DEBUG FXGLAssetLoaderServi - User app class for loading assets: class Runner.ClientRunner
23:23:22.463 [FXGL Background Thread 1 ] DEBUG GameApplicationServi - Applying CSS: fxgl_dark.css
23:23:22.466 [FXGL Background Thread 1 ] DEBUG FXGLAssetLoaderServi - Loading from file system: jar:file:/C:/Users/Owner/.m2/repository/com/github/almasb/fxgl/17.3/fxgl-17.3.jar!/fxglassets/ui/css/fxgl_dark.css
23:23:22.722 [FXGL Background Thread 1 ] DEBUG GameApplicationServi - Initializing application scenes
23:23:22.934 [FXGL Background Thread 1 ] DEBUG GameWorld            - Game world initialized
23:23:23.277 [FXGL Background Thread 1 ] DEBUG PhysicsWorld         - Physics world initialized: appHeight=600, physics.ppm=50.0
23:23:23.280 [FXGL Background Thread 1 ] DEBUG PhysicsWorld         - Using strategy: BRUTE_FORCE
23:23:23.319 [FXGL Background Thread 1 ] DEBUG GameScene            - Game scene initialized: 1000x600
23:23:23.437 [FXGL Background Thread 1 ] DEBUG FXGL.DefaultMenu     - createMenuBodyGameMenu()
23:23:23.615 [FXGL Background Thread 1 ] DEBUG FXGL.DefaultMenu     - createOptionsMenu()
23:23:23.743 [FXGL Background Thread 1 ] DEBUG FXGLAssetLoaderServi - Loading from file system: jar:file:/C:/Users/Owner/.m2/repository/com/github/almasb/fxgl/17.3/fxgl-17.3.jar!/fxglassets/textures/particles/smoke.png
23:23:24.133 [FXGL Background Thread 1 ] DEBUG FXGLAssetLoaderServi - Loading from file system: jar:file:/C:/Users/Owner/.m2/repository/com/github/almasb/fxgl/17.3/fxgl-17.3.jar!/fxglassets/textures/particles/trace_horizontal.png
23:23:24.242 [FXGL Background Thread 1 ] DEBUG GameApplicationServi - Application scenes initialized
23:23:24.277 [FXGL Background Thread 1 ] DEBUG SystemBundleService  - Loading FXGL system data
23:23:24.288 [FXGL Background Thread 1 ] DEBUG FileSystemAccess     - Reading from: C:\Users\Owner\Desktop\Sonic-rush\system\fxgl.bundle
23:23:24.318 [FXGL Background Thread 1 ] DEBUG SystemBundleService  - Bundle FXGL: {}
23:23:24.319 [FXGL Background Thread 1 ] DEBUG UpdaterService       - Checking for updates
23:23:24.329 [FXGL Background Thread 1 ] DEBUG FXGLApplication      - Loading default localization
23:23:24.331 [FXGL Background Thread 1 ] DEBUG FXGLAssetLoaderServi - Loading from file system: jar:file:/C:/Users/Owner/.m2/repository/com/github/almasb/fxgl/17.3/fxgl-17.3.jar!/fxglassets/languages/english.lang
23:23:24.425 [FXGL Background Thread 4 ] DEBUG FXGLApplication      - Loading fonts
23:23:24.428 [FXGL Background Thread 4 ] DEBUG FXGLAssetLoaderServi - Loading from file system: jar:file:/C:/Users/Owner/.m2/repository/com/github/almasb/fxgl/17.3/fxgl-17.3.jar!/fxglassets/ui/fonts/VarelaRound-Regular.ttf
23:23:24.604 [FXGL Background Thread 1 ] INFO  FXGLApplication      - FXGL initialization took: 2.296 sec
23:23:24.921 [JavaFX Application Thread] DEBUG Input                - Registered new binding: Mover a la izquierda - A
23:23:24.921 [JavaFX Application Thread] DEBUG Input                - Registered new binding: Mover a la derecha - D
23:23:24.921 [JavaFX Application Thread] DEBUG Input                - Registered new binding: Saltar - W
23:23:24.922 [JavaFX Application Thread] DEBUG Input                - Registered new binding: Interactuar - E
23:23:24.922 [JavaFX Application Thread] DEBUG Input                - Registered new binding: Desactivar filtro - L
23:23:24.923 [JavaFX Application Thread] DEBUG FXGLAssetLoaderServi - Loading from file system: jar:file:/C:/Users/Owner/.m2/repository/com/github/almasb/fxgl/17.3/fxgl-17.3.jar!/fxglassets/textures/fxgl_icon.png
23:23:25.049 [JavaFX Application Thread] DEBUG FXGLAssetLoaderServi - Loading from file system: jar:file:/C:/Users/Owner/.m2/repository/com/github/almasb/fxgl/17.3/fxgl-17.3.jar!/fxglassets/textures/fxgl_default_cursor.png
23:23:25.053 [JavaFX Application Thread] DEBUG Input                - Registered new binding: Screenshot - CTRL+8
23:23:25.054 [JavaFX Application Thread] DEBUG Input                - Registered new binding: System info dump - CTRL+9
23:23:25.054 [JavaFX Application Thread] DEBUG Input                - Registered new binding: Restart - CTRL+R
23:23:25.057 [JavaFX Application Thread] DEBUG Input                - Registered new binding: Toggle Debug Camera - CTRL+7
23:23:25.065 [JavaFX Application Thread] DEBUG LoopRunner           - Starting loop
23:23:25.065 [JavaFX Application Thread] DEBUG LoopRunner           - Initializing JavaFX AnimationTimerLoop
23:23:25.075 [JavaFX Application Thread] DEBUG GameApplicationServi - Starting new game
23:23:25.082 [JavaFX Application Thread] DEBUG Input                - Clearing active input actions
23:23:25.119 [JavaFX Application Thread] DEBUG GameApplicationServi - Removing overlay from FXGLStartupScene and adding to FXGLLoadingScene
23:23:25.119 [JavaFX Application Thread] DEBUG PrimaryStageWindow   - FXGLStartupScene -> FXGLLoadingScene
23:23:25.120 [JavaFX Application Thread] DEBUG GameApplicationServi - Clearing previous game
23:23:25.120 [JavaFX Application Thread] DEBUG GameScene            - Clearing game scene
23:23:25.120 [JavaFX Application Thread] DEBUG GameWorld            - Clearing game world
23:23:25.120 [JavaFX Application Thread] DEBUG PhysicsWorld         - Clearing physics world
23:23:25.123 [FXGL Background Thread 1 ] DEBUG FXGLApplication      - Initializing game
23:23:25.150 [FXGL Background Thread 1 ] DEBUG FXGLAssetLoaderServi - Loading from file system: file:/C:/Users/Owner/Desktop/Sonic-rush/target/classes/assets/music/OST2.mp3
23:23:25.754 [FXGL Background Thread 4 ] DEBUG FXGLAssetLoaderServi - Loading from file system: jar:file:/C:/Users/Owner/.m2/repository/com/github/almasb/fxgl/17.3/fxgl-17.3.jar!/fxglassets/ui/fonts/Abel-Regular.ttf
23:23:25.772 [FXGL Background Thread 4 ] DEBUG FXGLAssetLoaderServi - Loading from file system: jar:file:/C:/Users/Owner/.m2/repository/com/github/almasb/fxgl/17.3/fxgl-17.3.jar!/fxglassets/ui/fonts/TerminalLandMono-Regular.otf
23:23:25.784 [FXGL Background Thread 4 ] DEBUG FXGLAssetLoaderServi - Loading from file system: jar:file:/C:/Users/Owner/.m2/repository/com/github/almasb/fxgl/17.3/fxgl-17.3.jar!/fxglassets/ui/fonts/Courier-Prime.ttf
23:23:25.795 [JavaFX Application Thread] DEBUG FXGLApplication      - Registering font factories with UI factory
23:23:26.658 [FXGL Background Thread 1 ] DEBUG AudioPlayer          - Playing music com.almasb.fxgl.audio.Music@36699619
23:23:26.671 [FXGL Background Thread 1 ] INFO  FXGLApplication      - Game initialization took: 1.549 sec
23:23:26.900 [FXGL Background Thread 2 ] INFO  UpdaterService       - Your current version:  17.3
23:23:27.076 [FXGL Background Thread 2 ] INFO  UpdaterService       - Latest stable version: 21.1
23:23:27.147 [JavaFX Application Thread] DEBUG Input                - Clearing active input actions
23:23:27.169 [JavaFX Application Thread] DEBUG GameApplicationServi - Removing overlay from FXGLLoadingScene and adding to GameScene
23:23:27.169 [JavaFX Application Thread] DEBUG PrimaryStageWindow   - FXGLLoadingScene -> GameScene
23:23:27.339 [FXGL Background Thread 3 ] DEBUG Engine               - Logging environment variables
23:23:27.340 [FXGL Background Thread 3 ] DEBUG Engine               - achievements: []
23:23:27.341 [FXGL Background Thread 3 ] DEBUG Engine               - actualHeight: 600.0
23:23:27.341 [FXGL Background Thread 3 ] DEBUG Engine               - actualHeightProperty: ReadOnlyDoubleProperty [value: 600.0]
23:23:27.341 [FXGL Background Thread 3 ] DEBUG Engine               - actualWidth: 1000.0
23:23:27.342 [FXGL Background Thread 3 ] DEBUG Engine               - actualWidthProperty: ReadOnlyDoubleProperty [value: 1000.0]
23:23:27.342 [FXGL Background Thread 3 ] DEBUG Engine               - appIcon: fxgl_icon.png
23:23:27.343 [FXGL Background Thread 3 ] DEBUG Engine               - applicationMode: DEVELOPER
23:23:27.343 [FXGL Background Thread 3 ] DEBUG Engine               - cSSList: [fxgl_dark.css]
23:23:27.345 [FXGL Background Thread 3 ] DEBUG Engine               - collisionDetectionStrategy: BRUTE_FORCE
23:23:27.345 [FXGL Background Thread 3 ] DEBUG Engine               - configClass: Optional.empty
23:23:27.345 [FXGL Background Thread 3 ] DEBUG Engine               - credits: []
23:23:27.346 [FXGL Background Thread 3 ] DEBUG Engine               - defaultCursor: CursorInfo(imageName=fxgl_default_cursor.png, hotspotX=7.0, hotspotY=6.0)
23:23:27.350 [FXGL Background Thread 3 ] DEBUG Engine               - devBBoxColorProperty: ObjectProperty [value: 0xff0000ff]
23:23:27.351 [FXGL Background Thread 3 ] DEBUG Engine               - devEnableDebugCameraProperty: BooleanProperty [value: false]
23:23:27.353 [FXGL Background Thread 3 ] DEBUG Engine               - devSensorColorProperty: ObjectProperty [value: 0xffff00ff]
23:23:27.353 [FXGL Background Thread 3 ] DEBUG Engine               - devShowBBoxProperty: BooleanProperty [value: false]
23:23:27.353 [FXGL Background Thread 3 ] DEBUG Engine               - devShowPositionProperty: BooleanProperty [value: false]
23:23:27.354 [FXGL Background Thread 3 ] DEBUG Engine               - enabledMenuItems: []
23:23:27.354 [FXGL Background Thread 3 ] DEBUG Engine               - engineServices: [class com.almasb.fxgl.app.services.FXGLAssetLoaderService, class com.almasb.fxgl.app.FXGLApplication$GameApplicationService, class com.almasb.fxgl.app.services.FXGLDialogService, class com.almasb.fxgl.app.services.IOTaskExecutorService, class com.almasb.fxgl.io.FileSystemService, class com.almasb.fxgl.localization.LocalizationService, class com.almasb.fxgl.app.services.SystemBundleService, class com.almasb.fxgl.profile.SaveLoadService, class com.almasb.fxgl.ui.FXGLUIFactoryServiceProvider, class com.almasb.fxgl.ui.FXGLDialogFactoryServiceProvider, class com.almasb.fxgl.audio.AudioPlayer, class com.almasb.fxgl.notification.impl.NotificationServiceProvider, class com.almasb.fxgl.achievement.AchievementService, class com.almasb.fxgl.cutscene.CutsceneService, class com.almasb.fxgl.minigames.MiniGameService, class com.almasb.fxgl.net.NetService, class com.almasb.fxgl.app.services.UpdaterService, class com.almasb.fxgl.dev.DevService, class com.almasb.fxgl.multiplayer.MultiplayerService]
23:23:27.355 [FXGL Background Thread 3 ] DEBUG Engine               - fontGame: Abel-Regular.ttf
23:23:27.355 [FXGL Background Thread 3 ] DEBUG Engine               - fontMono: TerminalLandMono-Regular.otf
23:23:27.355 [FXGL Background Thread 3 ] DEBUG Engine               - fontSizeScaleUI: 1.0
23:23:27.355 [FXGL Background Thread 3 ] DEBUG Engine               - fontText: Courier-Prime.ttf
23:23:27.355 [FXGL Background Thread 3 ] DEBUG Engine               - fontUI: VarelaRound-Regular.ttf
23:23:27.355 [FXGL Background Thread 3 ] DEBUG Engine               - fullScreen: BooleanProperty [value: false]
23:23:27.355 [FXGL Background Thread 3 ] DEBUG Engine               - gameDifficulty: MEDIUM
23:23:27.355 [FXGL Background Thread 3 ] DEBUG Engine               - gameDifficultyProperty: ObjectProperty [value: MEDIUM]
23:23:27.356 [FXGL Background Thread 3 ] DEBUG Engine               - globalMusicVolume: 0.5
23:23:27.356 [FXGL Background Thread 3 ] DEBUG Engine               - globalMusicVolumeProperty: DoubleProperty [value: 0.5]
23:23:27.356 [FXGL Background Thread 3 ] DEBUG Engine               - globalSoundVolume: 0.5
23:23:27.356 [FXGL Background Thread 3 ] DEBUG Engine               - globalSoundVolumeProperty: DoubleProperty [value: 0.5]
23:23:27.361 [FXGL Background Thread 3 ] DEBUG Engine               - height: 600
23:23:27.362 [FXGL Background Thread 3 ] DEBUG Engine               - is3D: false
23:23:27.363 [FXGL Background Thread 3 ] DEBUG Engine               - isAndroid: false
23:23:27.364 [FXGL Background Thread 3 ] DEBUG Engine               - isBrowser: false
23:23:27.365 [FXGL Background Thread 3 ] DEBUG Engine               - isClickFeedbackEnabled: false
23:23:27.366 [FXGL Background Thread 3 ] DEBUG Engine               - isCloseConfirmation: false
23:23:27.366 [FXGL Background Thread 3 ] DEBUG Engine               - isDesktop: true
23:23:27.366 [FXGL Background Thread 3 ] DEBUG Engine               - isDeveloperMenuEnabled: false
23:23:27.366 [FXGL Background Thread 3 ] DEBUG Engine               - isEmbedded: false
23:23:27.367 [FXGL Background Thread 3 ] DEBUG Engine               - isEntityPreloadEnabled: true
23:23:27.367 [FXGL Background Thread 3 ] DEBUG Engine               - isExperimentalTiledLargeMap: false
23:23:27.367 [FXGL Background Thread 3 ] DEBUG Engine               - isFileSystemWriteAllowed: true
23:23:27.367 [FXGL Background Thread 3 ] DEBUG Engine               - isFullScreenAllowed: false
23:23:27.367 [FXGL Background Thread 3 ] DEBUG Engine               - isFullScreenFromStart: false
23:23:27.367 [FXGL Background Thread 3 ] DEBUG Engine               - isGameMenuEnabled: true
23:23:27.367 [FXGL Background Thread 3 ] DEBUG Engine               - isIOS: false
23:23:27.367 [FXGL Background Thread 3 ] DEBUG Engine               - isIntroEnabled: false
23:23:27.368 [FXGL Background Thread 3 ] DEBUG Engine               - isLinux: false
23:23:27.368 [FXGL Background Thread 3 ] DEBUG Engine               - isMac: false
23:23:27.368 [FXGL Background Thread 3 ] DEBUG Engine               - isMainMenuEnabled: false
23:23:27.368 [FXGL Background Thread 3 ] DEBUG Engine               - isManualResizeEnabled: false
23:23:27.368 [FXGL Background Thread 3 ] DEBUG Engine               - isMobile: false
23:23:27.368 [FXGL Background Thread 3 ] DEBUG Engine               - isNative: false
23:23:27.369 [FXGL Background Thread 3 ] DEBUG Engine               - isPauseMusicWhenMinimized: true
23:23:27.369 [FXGL Background Thread 3 ] DEBUG Engine               - isPreserveResizeRatio: false
23:23:27.369 [FXGL Background Thread 3 ] DEBUG Engine               - isProfilingEnabled: false
23:23:27.369 [FXGL Background Thread 3 ] DEBUG Engine               - isScaleAffectedOnResize: true
23:23:27.369 [FXGL Background Thread 3 ] DEBUG Engine               - isSingleStep: false
23:23:27.369 [FXGL Background Thread 3 ] DEBUG Engine               - isUserProfileEnabled: false
23:23:27.369 [FXGL Background Thread 3 ] DEBUG Engine               - isWindows: true
23:23:27.369 [FXGL Background Thread 3 ] DEBUG Engine               - language: ObjectProperty [value: ENGLISH]
23:23:27.369 [FXGL Background Thread 3 ] DEBUG Engine               - menuKey: ESCAPE
23:23:27.369 [FXGL Background Thread 3 ] DEBUG Engine               - mouseSensitivity: 0.2
23:23:27.370 [FXGL Background Thread 3 ] DEBUG Engine               - notificationViewClass: class com.almasb.fxgl.notification.view.XboxNotificationView
23:23:27.370 [FXGL Background Thread 3 ] DEBUG Engine               - pixelsPerMeter: 50.0
23:23:27.370 [FXGL Background Thread 3 ] DEBUG Engine               - platform: WINDOWS
23:23:27.370 [FXGL Background Thread 3 ] DEBUG Engine               - prefHeightProperty: ReadOnlyDoubleProperty [value: 600.0]
23:23:27.370 [FXGL Background Thread 3 ] DEBUG Engine               - prefWidthProperty: ReadOnlyDoubleProperty [value: 1000.0]
23:23:27.370 [FXGL Background Thread 3 ] DEBUG Engine               - profileDir: profiles/
23:23:27.370 [FXGL Background Thread 3 ] DEBUG Engine               - profileName: StringProperty [value: DEFAULT]
23:23:27.370 [FXGL Background Thread 3 ] DEBUG Engine               - randomSeed: -1
23:23:27.371 [FXGL Background Thread 3 ] DEBUG Engine               - runtimeInfo: RuntimeInfo(platform=WINDOWS, version=17.3, build=30.03.2023 11.49)
23:23:27.371 [FXGL Background Thread 3 ] DEBUG Engine               - saveFileExt: sav
23:23:27.372 [FXGL Background Thread 3 ] DEBUG Engine               - scaledHeightProp$fxgl: DoubleProperty [bound, value: 600.0]
23:23:27.372 [FXGL Background Thread 3 ] DEBUG Engine               - scaledWidthProp$fxgl: DoubleProperty [bound, value: 1000.0]
23:23:27.372 [FXGL Background Thread 3 ] DEBUG Engine               - sceneFactory: com.almasb.fxgl.app.scene.SceneFactory@3b54d70a
23:23:27.372 [FXGL Background Thread 3 ] DEBUG Engine               - secondsIn24h: 60
23:23:27.372 [FXGL Background Thread 3 ] DEBUG Engine               - soundMenuBack: menu/back.wav
23:23:27.372 [FXGL Background Thread 3 ] DEBUG Engine               - soundMenuPress: menu/press.wav
23:23:27.372 [FXGL Background Thread 3 ] DEBUG Engine               - soundMenuSelect: menu/select.wav
23:23:27.372 [FXGL Background Thread 3 ] DEBUG Engine               - soundNotification: core/notification.wav
23:23:27.372 [FXGL Background Thread 3 ] DEBUG Engine               - stageStyle: DECORATED
23:23:27.373 [FXGL Background Thread 3 ] DEBUG Engine               - supportedLanguages: [ENGLISH, FRENCH, GERMAN, HUNGARIAN, RUSSIAN]
23:23:27.373 [FXGL Background Thread 3 ] DEBUG Engine               - ticksPerSecond: -1
23:23:27.373 [FXGL Background Thread 3 ] DEBUG Engine               - title: Jugador Sonic
23:23:27.373 [FXGL Background Thread 3 ] DEBUG Engine               - urlGithub: https://github.com/AlmasB/FXGL
23:23:27.373 [FXGL Background Thread 3 ] DEBUG Engine               - urlLeaderboard: http://fxgl-top.herokuapp.com/
23:23:27.373 [FXGL Background Thread 3 ] DEBUG Engine               - urlPOM: https://raw.githubusercontent.com/AlmasB/FXGL/release/README.md
23:23:27.373 [FXGL Background Thread 3 ] DEBUG Engine               - userAppClass: class Runner.ClientRunner
23:23:27.373 [FXGL Background Thread 3 ] DEBUG Engine               - version: 0.0
23:23:27.373 [FXGL Background Thread 3 ] DEBUG Engine               - versionCheckDays: 7
23:23:27.373 [FXGL Background Thread 3 ] DEBUG Engine               - width: 1000
23:23:27.374 [FXGL Background Thread 3 ] DEBUG Engine               - Logging services
23:23:27.374 [FXGL Background Thread 3 ] DEBUG Engine               - class com.almasb.fxgl.app.services.FXGLAssetLoaderService
23:23:27.374 [FXGL Background Thread 3 ] DEBUG Engine               - class com.almasb.fxgl.app.FXGLApplication$GameApplicationService
23:23:27.374 [FXGL Background Thread 3 ] DEBUG Engine               - class com.almasb.fxgl.app.services.FXGLDialogService
23:23:27.374 [FXGL Background Thread 3 ] DEBUG Engine               - class com.almasb.fxgl.app.services.IOTaskExecutorService
23:23:27.374 [FXGL Background Thread 3 ] DEBUG Engine               - class com.almasb.fxgl.io.FileSystemService
23:23:27.374 [FXGL Background Thread 3 ] DEBUG Engine               - class com.almasb.fxgl.localization.LocalizationService
23:23:27.374 [FXGL Background Thread 3 ] DEBUG Engine               - class com.almasb.fxgl.app.services.SystemBundleService
23:23:27.374 [FXGL Background Thread 3 ] DEBUG Engine               - class com.almasb.fxgl.profile.SaveLoadService
23:23:27.374 [FXGL Background Thread 3 ] DEBUG Engine               - class com.almasb.fxgl.ui.FXGLUIFactoryServiceProvider
23:23:27.374 [FXGL Background Thread 3 ] DEBUG Engine               - class com.almasb.fxgl.ui.FXGLDialogFactoryServiceProvider
23:23:27.375 [FXGL Background Thread 3 ] DEBUG Engine               - class com.almasb.fxgl.audio.AudioPlayer
23:23:27.375 [FXGL Background Thread 3 ] DEBUG Engine               - class com.almasb.fxgl.notification.impl.NotificationServiceProvider
23:23:27.375 [FXGL Background Thread 3 ] DEBUG Engine               - class com.almasb.fxgl.achievement.AchievementService
23:23:27.375 [FXGL Background Thread 3 ] DEBUG Engine               - class com.almasb.fxgl.cutscene.CutsceneService
23:23:27.375 [FXGL Background Thread 3 ] DEBUG Engine               - class com.almasb.fxgl.minigames.MiniGameService
23:23:27.375 [FXGL Background Thread 3 ] DEBUG Engine               - class com.almasb.fxgl.net.NetService
23:23:27.375 [FXGL Background Thread 3 ] DEBUG Engine               - class com.almasb.fxgl.app.services.UpdaterService
23:23:27.375 [FXGL Background Thread 3 ] DEBUG Engine               - class com.almasb.fxgl.dev.DevService
23:23:27.375 [FXGL Background Thread 3 ] DEBUG Engine               - class com.almasb.fxgl.multiplayer.MultiplayerService
23:23:36.274 [JavaFX Application Thread] DEBUG FXGLAssetLoaderServi - Loading from file system: file:/C:/Users/Owner/Desktop/Sonic-rush/target/classes/assets/textures/fondo.png
23:23:36.776 [JavaFX Application Thread] WARN  TMXLevelLoader       - TiledMap generated from 1.11.2. Supported version: 1.9.0. Some features may not be parsed fully.
23:23:36.938 [JavaFX Application Thread] DEBUG TMXLevelLoader       - Parsed TiledMap: file:/C:/Users/Owner/Desktop/Sonic-rush/target/classes/assets/levels/mapazo.tmx
23:23:36.941 [JavaFX Application Thread] DEBUG TMXLevelLoader       - Creating tile layer entities
23:23:36.947 [JavaFX Application Thread] DEBUG TilesetLoader        - Loading view for layer Capa de patrones 1
23:23:36.960 [JavaFX Application Thread] DEBUG TilesetLoader        - Created buffer with size 3840.0x720.0
23:23:37.109 [JavaFX Application Thread] DEBUG TMXLevelLoader       - Creating object layer entities
23:23:37.226 [JavaFX Application Thread] DEBUG GameWorld            - Clearing removable entities
23:23:37.245 [JavaFX Application Thread] DEBUG GameWorld            - Setting level: com.almasb.fxgl.entity.level.Level@53b1a51c
23:23:37.754 [ClientAsyncConnThread    ] DEBUG TCPClient            - Connecting to 127.0.0.1:50000 type: class com.almasb.fxgl.core.serialization.Bundle
23:23:37.758 [ClientAsyncConnThread    ] DEBUG TCPClient            - Created socket to 127.0.0.1:50000
23:23:37.797 [ClientAsyncConnThread    ] DEBUG Endpoint             - TCPClient opening new connection (1) from /127.0.0.1:50000 type: class com.almasb.fxgl.core.serialization.Bundle
23:23:37.803 [ClientAsyncConnThread    ] DEBUG Endpoint             - TCPClient successfully opened connection (1)
23:23:38.495 [TCPClient_RecvThread-1   ] DEBUG Readers              - Getting TCPMessageReader for class com.almasb.fxgl.core.serialization.Bundle
23:23:38.495 [TCPClient_SendThread-1   ] DEBUG Writers              - Getting TCPMessageWriter for class com.almasb.fxgl.core.serialization.Bundle
23:23:38.502 [TCPClient_SendThread-1   ] DEBUG Writers              - Constructed TCPMessageWriter for class com.almasb.fxgl.core.serialization.Bundle: BundleTCPMessageWriter
23:23:38.552 [TCPClient_RecvThread-1   ] DEBUG Readers              - Constructed MessageReader for class com.almasb.fxgl.core.serialization.Bundle: BundleTCPMessageReader
23:23:38.582 [JavaFX Application Thread] DEBUG FXGLAssetLoaderServi - Loading from file system: file:/C:/Users/Owner/Desktop/Sonic-rush/target/classes/assets/textures/Items/ring.png
23:23:38.639 [JavaFX Application Thread] DEBUG FXGLAssetLoaderServi - Loading from file system: file:/C:/Users/Owner/Desktop/Sonic-rush/target/classes/assets/textures/Items/caucho.png
23:23:38.711 [JavaFX Application Thread] DEBUG FXGLAssetLoaderServi - Loading from file system: file:/C:/Users/Owner/Desktop/Sonic-rush/target/classes/assets/textures/Items/papel.png
23:23:38.868 [JavaFX Application Thread] DEBUG FXGLAssetLoaderServi - Loading from file system: file:/C:/Users/Owner/Desktop/Sonic-rush/target/classes/assets/textures/Items/basura.png
23:23:38.970 [JavaFX Application Thread] DEBUG FXGLAssetLoaderServi - Loading from file system: file:/C:/Users/Owner/Desktop/Sonic-rush/target/classes/assets/textures/Enemigos/enemigo2.png
23:23:39.161 [JavaFX Application Thread] DEBUG FXGLAssetLoaderServi - Loading from file system: file:/C:/Users/Owner/Desktop/Sonic-rush/target/classes/assets/textures/Personajes/sonic.png
23:23:39.166 [JavaFX Application Thread] DEBUG FXGLAssetLoaderServi - Loading from file system: file:/C:/Users/Owner/Desktop/Sonic-rush/target/classes/assets/textures/Personajes/sonic_camina.png
23:23:39.169 [JavaFX Application Thread] DEBUG FXGLAssetLoaderServi - Loading from file system: file:/C:/Users/Owner/Desktop/Sonic-rush/target/classes/assets/textures/Personajes/super_idle.png
23:23:39.170 [JavaFX Application Thread] DEBUG FXGLAssetLoaderServi - Loading from file system: file:/C:/Users/Owner/Desktop/Sonic-rush/target/classes/assets/textures/Personajes/super_sonic.png
23:23:41.216 [JavaFX Application Thread] DEBUG FXGLAssetLoaderServi - Loading from file system: file:/C:/Users/Owner/Desktop/Sonic-rush/target/classes/assets/sounds/salto.wav
23:24:11.435 [JavaFX Application Thread] DEBUG FXGLAssetLoaderServi - Loading from file system: file:/C:/Users/Owner/Desktop/Sonic-rush/target/classes/assets/sounds/muerte.wav
23:24:17.124 [JavaFX Application Thread] DEBUG FXGLApplication      - Exiting FXGL
23:24:17.124 [JavaFX Application Thread] DEBUG LoopRunner           - Stopping loop
23:24:17.124 [JavaFX Application Thread] DEBUG SystemBundleService  - Saving FXGL system data
23:24:17.129 [JavaFX Application Thread] DEBUG FileSystemAccess     - Writing to: C:\Users\Owner\Desktop\Sonic-rush\system\fxgl.bundle
23:24:17.133 [JavaFX Application Thread] DEBUG Async                - Shutting down background threads
23:24:17.133 [JavaFX Application Thread] DEBUG PrimaryStageWindow   - Closing main window
23:24:17.143 [JavaFX Application Thread] DEBUG Logger               - Closing Logger
