16:12:17.389 [main                     ] DEBUG Logger               - Configured Logger
16:12:17.423 [main                     ] DEBUG GameApplication      - Logging settings
Title: Server
Version: 0.0
Width: 800
Height: 500
Fullscreen: false
Intro: false
Profiling: false
Single step:false
App Mode: DEVELOPER
Menu Key: ESCAPE
Stage Style: DECORATED
Scene Factory: class com.almasb.fxgl.app.scene.SceneFactory

16:12:17.916 [JavaFX Application Thread] DEBUG FXGLApplication      - Initializing FXGL
16:12:17.923 [JavaFX Application Thread] INFO  Engine               - FXGL-17.3 (30.03.2023 11.49) on WINDOWS (J:21.0.2 FX:20)
16:12:17.925 [JavaFX Application Thread] DEBUG Engine               - JRE Vendor Name: Oracle Corporation
16:12:17.926 [JavaFX Application Thread] DEBUG Engine               - Running on OS: Windows 10 version 10.0
16:12:17.926 [JavaFX Application Thread] DEBUG Engine               - Architecture: amd64
16:12:17.926 [JavaFX Application Thread] INFO  Engine               - Source code and latest versions at: https://github.com/AlmasB/FXGL
16:12:17.927 [JavaFX Application Thread] INFO  Engine               -       Ask questions and discuss at: https://github.com/AlmasB/FXGL/discussions
16:12:17.928 [JavaFX Application Thread] INFO  Engine               -              Join the FXGL chat at: https://gitter.im/AlmasB/FXGL
16:12:18.112 [JavaFX Application Thread] DEBUG PrimaryStageWindow   - Creating a JavaFX scene
16:12:18.209 [JavaFX Application Thread] DEBUG PrimaryStageWindow   - Target settings size: 800.0 x 500.0
16:12:18.209 [JavaFX Application Thread] DEBUG PrimaryStageWindow   - Scaled scene size:    800.0 x 500.0
16:12:18.210 [JavaFX Application Thread] DEBUG PrimaryStageWindow   - Scaled ratio: (1.0, 1.0)
16:12:18.211 [JavaFX Application Thread] DEBUG PrimaryStageWindow   - Set initial scene to FXGLStartupScene
16:12:18.219 [JavaFX Application Thread] DEBUG PrimaryStageWindow   - Opening main window
16:12:18.326 [JavaFX Application Thread] DEBUG PrimaryStageWindow   - Window border size: (16.0, 39.0)
16:12:18.327 [JavaFX Application Thread] DEBUG PrimaryStageWindow   - Scaled size: 800.0 x 500.0
16:12:18.327 [JavaFX Application Thread] DEBUG PrimaryStageWindow   - Scaled ratio: (1.0, 1.0)
16:12:18.327 [JavaFX Application Thread] DEBUG PrimaryStageWindow   - Scene size: 800.0 x 500.0
16:12:18.327 [JavaFX Application Thread] DEBUG PrimaryStageWindow   - Stage size: 816.0 x 539.0
16:12:18.337 [FXGL Background Thread 1 ] DEBUG Engine               - Initializing environment variables
16:12:18.400 [FXGL Background Thread 1 ] DEBUG FXGLAssetLoaderServi - User app class for loading assets: class Runner.ServerRunner
16:12:18.401 [FXGL Background Thread 1 ] DEBUG GameApplicationServi - Applying CSS: fxgl_dark.css
16:12:18.402 [FXGL Background Thread 1 ] DEBUG FXGLAssetLoaderServi - Loading from file system: jar:file:/C:/Users/User/.m2/repository/com/github/almasb/fxgl/17.3/fxgl-17.3.jar!/fxglassets/ui/css/fxgl_dark.css
16:12:18.477 [FXGL Background Thread 1 ] DEBUG GameApplicationServi - Initializing application scenes
16:12:18.580 [FXGL Background Thread 1 ] DEBUG GameWorld            - Game world initialized
16:12:18.649 [FXGL Background Thread 1 ] DEBUG PhysicsWorld         - Physics world initialized: appHeight=500, physics.ppm=50,0
16:12:18.649 [FXGL Background Thread 1 ] DEBUG PhysicsWorld         - Using strategy: BRUTE_FORCE
16:12:18.655 [FXGL Background Thread 1 ] DEBUG GameScene            - Game scene initialized: 800x500
16:12:18.668 [FXGL Background Thread 1 ] WARN  FXGL.DefaultMenu     - FXGLDefaultMenu is not designed for resolutions < 800x600
16:12:18.668 [FXGL Background Thread 1 ] DEBUG FXGL.DefaultMenu     - createMenuBodyGameMenu()
16:12:18.689 [FXGL Background Thread 1 ] DEBUG FXGL.DefaultMenu     - createOptionsMenu()
16:12:18.706 [FXGL Background Thread 1 ] DEBUG FXGLAssetLoaderServi - Loading from file system: jar:file:/C:/Users/User/.m2/repository/com/github/almasb/fxgl/17.3/fxgl-17.3.jar!/fxglassets/textures/particles/smoke.png
16:12:18.858 [FXGL Background Thread 1 ] DEBUG FXGLAssetLoaderServi - Loading from file system: jar:file:/C:/Users/User/.m2/repository/com/github/almasb/fxgl/17.3/fxgl-17.3.jar!/fxglassets/textures/particles/trace_horizontal.png
16:12:18.899 [FXGL Background Thread 1 ] DEBUG GameApplicationServi - Application scenes initialized
16:12:18.924 [FXGL Background Thread 1 ] DEBUG SystemBundleService  - Loading FXGL system data
16:12:18.928 [FXGL Background Thread 1 ] DEBUG FileSystemAccess     - Reading from: C:\Users\User\Documents\GitHub\Sonic-rush\system\fxgl.bundle
16:12:18.938 [FXGL Background Thread 1 ] DEBUG SystemBundleService  - Bundle FXGL: {}
16:12:18.939 [FXGL Background Thread 1 ] DEBUG UpdaterService       - Checking for updates
16:12:18.945 [FXGL Background Thread 1 ] DEBUG FXGLApplication      - Loading default localization
16:12:18.946 [FXGL Background Thread 1 ] DEBUG FXGLAssetLoaderServi - Loading from file system: jar:file:/C:/Users/User/.m2/repository/com/github/almasb/fxgl/17.3/fxgl-17.3.jar!/fxglassets/languages/english.lang
16:12:18.958 [FXGL Background Thread 4 ] DEBUG FXGLApplication      - Loading fonts
16:12:18.959 [FXGL Background Thread 4 ] DEBUG FXGLAssetLoaderServi - Loading from file system: jar:file:/C:/Users/User/.m2/repository/com/github/almasb/fxgl/17.3/fxgl-17.3.jar!/fxglassets/ui/fonts/VarelaRound-Regular.ttf
16:12:18.991 [FXGL Background Thread 1 ] INFO  FXGLApplication      - FXGL initialization took: 0,655 sec
16:12:18.994 [FXGL Background Thread 4 ] DEBUG FXGLAssetLoaderServi - Loading from file system: jar:file:/C:/Users/User/.m2/repository/com/github/almasb/fxgl/17.3/fxgl-17.3.jar!/fxglassets/ui/fonts/Abel-Regular.ttf
16:12:18.997 [FXGL Background Thread 4 ] DEBUG FXGLAssetLoaderServi - Loading from file system: jar:file:/C:/Users/User/.m2/repository/com/github/almasb/fxgl/17.3/fxgl-17.3.jar!/fxglassets/ui/fonts/TerminalLandMono-Regular.otf
16:12:19.019 [FXGL Background Thread 4 ] DEBUG FXGLAssetLoaderServi - Loading from file system: jar:file:/C:/Users/User/.m2/repository/com/github/almasb/fxgl/17.3/fxgl-17.3.jar!/fxglassets/ui/fonts/Courier-Prime.ttf
16:12:19.037 [JavaFX Application Thread] DEBUG FXGLApplication      - Registering font factories with UI factory
16:12:19.042 [JavaFX Application Thread] DEBUG FXGLAssetLoaderServi - Loading from file system: jar:file:/C:/Users/User/.m2/repository/com/github/almasb/fxgl/17.3/fxgl-17.3.jar!/fxglassets/textures/fxgl_icon.png
16:12:19.068 [JavaFX Application Thread] DEBUG FXGLAssetLoaderServi - Loading from file system: jar:file:/C:/Users/User/.m2/repository/com/github/almasb/fxgl/17.3/fxgl-17.3.jar!/fxglassets/textures/fxgl_default_cursor.png
16:12:19.080 [JavaFX Application Thread] DEBUG Input                - Registered new binding: Screenshot - CTRL+8
16:12:19.081 [JavaFX Application Thread] DEBUG Input                - Registered new binding: System info dump - CTRL+9
16:12:19.081 [JavaFX Application Thread] DEBUG Input                - Registered new binding: Restart - CTRL+R
16:12:19.082 [JavaFX Application Thread] DEBUG Input                - Registered new binding: Toggle Debug Camera - CTRL+7
16:12:19.086 [JavaFX Application Thread] DEBUG LoopRunner           - Starting loop
16:12:19.086 [JavaFX Application Thread] DEBUG LoopRunner           - Initializing JavaFX AnimationTimerLoop
16:12:19.088 [JavaFX Application Thread] DEBUG GameApplicationServi - Starting new game
16:12:19.090 [JavaFX Application Thread] DEBUG Input                - Clearing active input actions
16:12:19.112 [JavaFX Application Thread] DEBUG GameApplicationServi - Removing overlay from FXGLStartupScene and adding to FXGLLoadingScene
16:12:19.113 [JavaFX Application Thread] DEBUG PrimaryStageWindow   - FXGLStartupScene -> FXGLLoadingScene
16:12:19.113 [JavaFX Application Thread] DEBUG GameApplicationServi - Clearing previous game
16:12:19.113 [JavaFX Application Thread] DEBUG GameScene            - Clearing game scene
16:12:19.113 [JavaFX Application Thread] DEBUG GameWorld            - Clearing game world
16:12:19.114 [JavaFX Application Thread] DEBUG PhysicsWorld         - Clearing physics world
16:12:19.115 [FXGL Background Thread 1 ] DEBUG FXGLApplication      - Initializing game
16:12:19.188 [ServerAsyncConnThread    ] DEBUG TCPServer            - Starting to listen at: 50000 type: class com.almasb.fxgl.core.serialization.Bundle
16:12:19.244 [FXGL Background Thread 1 ] WARN  TMXLevelLoader       - TiledMap generated from 1.11.2. Supported version: 1.9.0. Some features may not be parsed fully.
16:12:19.278 [FXGL Background Thread 1 ] DEBUG TMXLevelLoader       - Parsed TiledMap: file:/C:/Users/User/Documents/GitHub/Sonic-rush/target/classes/assets/levels/mapazo.tmx
16:12:19.280 [FXGL Background Thread 1 ] DEBUG TMXLevelLoader       - Creating tile layer entities
16:12:19.282 [FXGL Background Thread 1 ] DEBUG TilesetLoader        - Loading view for layer Capa de patrones 1
16:12:19.295 [FXGL Background Thread 1 ] DEBUG TilesetLoader        - Created buffer with size 3840.0x720.0
16:12:19.331 [FXGL Background Thread 1 ] DEBUG TMXLevelLoader       - Creating object layer entities
16:12:19.383 [FXGL Background Thread 1 ] DEBUG GameWorld            - Clearing removable entities
16:12:19.384 [FXGL Background Thread 1 ] DEBUG GameWorld            - Setting level: com.almasb.fxgl.entity.level.Level@7ab3fb91
16:12:19.415 [FXGL Background Thread 1 ] DEBUG FXGLAssetLoaderServi - Loading from file system: file:/C:/Users/User/Documents/GitHub/Sonic-rush/target/classes/assets/textures/Items/ring.png
16:12:19.503 [FXGL Background Thread 1 ] DEBUG FXGLAssetLoaderServi - Loading from file system: file:/C:/Users/User/Documents/GitHub/Sonic-rush/target/classes/assets/textures/Enemigos/enemigo2.png
16:12:19.515 [FXGL Background Thread 1 ] DEBUG FXGLAssetLoaderServi - Loading from file system: file:/C:/Users/User/Documents/GitHub/Sonic-rush/target/classes/assets/textures/Items/papel.png
16:12:19.517 [FXGL Background Thread 1 ] DEBUG FXGLAssetLoaderServi - Loading from file system: file:/C:/Users/User/Documents/GitHub/Sonic-rush/target/classes/assets/textures/Items/basura.png
16:12:19.525 [FXGL Background Thread 1 ] DEBUG FXGLAssetLoaderServi - Loading from file system: file:/C:/Users/User/Documents/GitHub/Sonic-rush/target/classes/assets/textures/Items/caucho.png
16:12:19.529 [FXGL Background Thread 1 ] INFO  FXGLApplication      - Game initialization took: 0,413 sec
16:12:19.713 [JavaFX Application Thread] DEBUG Input                - Clearing active input actions
16:12:19.728 [JavaFX Application Thread] DEBUG GameApplicationServi - Removing overlay from FXGLLoadingScene and adding to GameScene
16:12:19.729 [JavaFX Application Thread] DEBUG PrimaryStageWindow   - FXGLLoadingScene -> GameScene
16:12:19.853 [FXGL Background Thread 2 ] INFO  UpdaterService       - Your current version:  17.3
16:12:19.866 [FXGL Background Thread 2 ] INFO  UpdaterService       - Latest stable version: 21.1
16:12:22.301 [FXGL Background Thread 3 ] DEBUG Engine               - Logging environment variables
16:12:22.306 [FXGL Background Thread 3 ] DEBUG Engine               - achievements: []
16:12:22.306 [FXGL Background Thread 3 ] DEBUG Engine               - actualHeight: 500.0
16:12:22.306 [FXGL Background Thread 3 ] DEBUG Engine               - actualHeightProperty: ReadOnlyDoubleProperty [value: 500.0]
16:12:22.307 [FXGL Background Thread 3 ] DEBUG Engine               - actualWidth: 800.0
16:12:22.307 [FXGL Background Thread 3 ] DEBUG Engine               - actualWidthProperty: ReadOnlyDoubleProperty [value: 800.0]
16:12:22.307 [FXGL Background Thread 3 ] DEBUG Engine               - appIcon: fxgl_icon.png
16:12:22.307 [FXGL Background Thread 3 ] DEBUG Engine               - applicationMode: DEVELOPER
16:12:22.307 [FXGL Background Thread 3 ] DEBUG Engine               - cSSList: [fxgl_dark.css]
16:12:22.308 [FXGL Background Thread 3 ] DEBUG Engine               - collisionDetectionStrategy: BRUTE_FORCE
16:12:22.308 [FXGL Background Thread 3 ] DEBUG Engine               - configClass: Optional.empty
16:12:22.308 [FXGL Background Thread 3 ] DEBUG Engine               - credits: []
16:12:22.309 [FXGL Background Thread 3 ] DEBUG Engine               - defaultCursor: CursorInfo(imageName=fxgl_default_cursor.png, hotspotX=7.0, hotspotY=6.0)
16:12:22.311 [FXGL Background Thread 3 ] DEBUG Engine               - devBBoxColorProperty: ObjectProperty [value: 0xff0000ff]
16:12:22.317 [FXGL Background Thread 3 ] DEBUG Engine               - devEnableDebugCameraProperty: BooleanProperty [value: false]
16:12:22.317 [FXGL Background Thread 3 ] DEBUG Engine               - devSensorColorProperty: ObjectProperty [value: 0xffff00ff]
16:12:22.318 [FXGL Background Thread 3 ] DEBUG Engine               - devShowBBoxProperty: BooleanProperty [value: false]
16:12:22.322 [FXGL Background Thread 3 ] DEBUG Engine               - devShowPositionProperty: BooleanProperty [value: false]
16:12:22.322 [FXGL Background Thread 3 ] DEBUG Engine               - enabledMenuItems: []
16:12:22.322 [FXGL Background Thread 3 ] DEBUG Engine               - engineServices: [class com.almasb.fxgl.app.services.FXGLAssetLoaderService, class com.almasb.fxgl.app.FXGLApplication$GameApplicationService, class com.almasb.fxgl.app.services.FXGLDialogService, class com.almasb.fxgl.app.services.IOTaskExecutorService, class com.almasb.fxgl.io.FileSystemService, class com.almasb.fxgl.localization.LocalizationService, class com.almasb.fxgl.app.services.SystemBundleService, class com.almasb.fxgl.profile.SaveLoadService, class com.almasb.fxgl.ui.FXGLUIFactoryServiceProvider, class com.almasb.fxgl.ui.FXGLDialogFactoryServiceProvider, class com.almasb.fxgl.audio.AudioPlayer, class com.almasb.fxgl.notification.impl.NotificationServiceProvider, class com.almasb.fxgl.achievement.AchievementService, class com.almasb.fxgl.cutscene.CutsceneService, class com.almasb.fxgl.minigames.MiniGameService, class com.almasb.fxgl.net.NetService, class com.almasb.fxgl.app.services.UpdaterService, class com.almasb.fxgl.dev.DevService, class com.almasb.fxgl.multiplayer.MultiplayerService]
16:12:22.323 [FXGL Background Thread 3 ] DEBUG Engine               - fontGame: Abel-Regular.ttf
16:12:22.323 [FXGL Background Thread 3 ] DEBUG Engine               - fontMono: TerminalLandMono-Regular.otf
16:12:22.323 [FXGL Background Thread 3 ] DEBUG Engine               - fontSizeScaleUI: 1.0
16:12:22.323 [FXGL Background Thread 3 ] DEBUG Engine               - fontText: Courier-Prime.ttf
16:12:22.323 [FXGL Background Thread 3 ] DEBUG Engine               - fontUI: VarelaRound-Regular.ttf
16:12:22.323 [FXGL Background Thread 3 ] DEBUG Engine               - fullScreen: BooleanProperty [value: false]
16:12:22.323 [FXGL Background Thread 3 ] DEBUG Engine               - gameDifficulty: MEDIUM
16:12:22.323 [FXGL Background Thread 3 ] DEBUG Engine               - gameDifficultyProperty: ObjectProperty [value: MEDIUM]
16:12:22.324 [FXGL Background Thread 3 ] DEBUG Engine               - globalMusicVolume: 0.5
16:12:22.324 [FXGL Background Thread 3 ] DEBUG Engine               - globalMusicVolumeProperty: DoubleProperty [value: 0.5]
16:12:22.324 [FXGL Background Thread 3 ] DEBUG Engine               - globalSoundVolume: 0.5
16:12:22.324 [FXGL Background Thread 3 ] DEBUG Engine               - globalSoundVolumeProperty: DoubleProperty [value: 0.5]
16:12:22.324 [FXGL Background Thread 3 ] DEBUG Engine               - height: 500
16:12:22.324 [FXGL Background Thread 3 ] DEBUG Engine               - is3D: false
16:12:22.324 [FXGL Background Thread 3 ] DEBUG Engine               - isAndroid: false
16:12:22.324 [FXGL Background Thread 3 ] DEBUG Engine               - isBrowser: false
16:12:22.324 [FXGL Background Thread 3 ] DEBUG Engine               - isClickFeedbackEnabled: false
16:12:22.324 [FXGL Background Thread 3 ] DEBUG Engine               - isCloseConfirmation: false
16:12:22.324 [FXGL Background Thread 3 ] DEBUG Engine               - isDesktop: true
16:12:22.324 [FXGL Background Thread 3 ] DEBUG Engine               - isDeveloperMenuEnabled: false
16:12:22.324 [FXGL Background Thread 3 ] DEBUG Engine               - isEmbedded: false
16:12:22.325 [FXGL Background Thread 3 ] DEBUG Engine               - isEntityPreloadEnabled: true
16:12:22.325 [FXGL Background Thread 3 ] DEBUG Engine               - isExperimentalTiledLargeMap: false
16:12:22.325 [FXGL Background Thread 3 ] DEBUG Engine               - isFileSystemWriteAllowed: true
16:12:22.325 [FXGL Background Thread 3 ] DEBUG Engine               - isFullScreenAllowed: false
16:12:22.325 [FXGL Background Thread 3 ] DEBUG Engine               - isFullScreenFromStart: false
16:12:22.325 [FXGL Background Thread 3 ] DEBUG Engine               - isGameMenuEnabled: true
16:12:22.325 [FXGL Background Thread 3 ] DEBUG Engine               - isIOS: false
16:12:22.325 [FXGL Background Thread 3 ] DEBUG Engine               - isIntroEnabled: false
16:12:22.325 [FXGL Background Thread 3 ] DEBUG Engine               - isLinux: false
16:12:22.325 [FXGL Background Thread 3 ] DEBUG Engine               - isMac: false
16:12:22.325 [FXGL Background Thread 3 ] DEBUG Engine               - isMainMenuEnabled: false
16:12:22.325 [FXGL Background Thread 3 ] DEBUG Engine               - isManualResizeEnabled: false
16:12:22.325 [FXGL Background Thread 3 ] DEBUG Engine               - isMobile: false
16:12:22.325 [FXGL Background Thread 3 ] DEBUG Engine               - isNative: false
16:12:22.325 [FXGL Background Thread 3 ] DEBUG Engine               - isPauseMusicWhenMinimized: true
16:12:22.325 [FXGL Background Thread 3 ] DEBUG Engine               - isPreserveResizeRatio: false
16:12:22.325 [FXGL Background Thread 3 ] DEBUG Engine               - isProfilingEnabled: false
16:12:22.325 [FXGL Background Thread 3 ] DEBUG Engine               - isScaleAffectedOnResize: true
16:12:22.325 [FXGL Background Thread 3 ] DEBUG Engine               - isSingleStep: false
16:12:22.325 [FXGL Background Thread 3 ] DEBUG Engine               - isUserProfileEnabled: false
16:12:22.325 [FXGL Background Thread 3 ] DEBUG Engine               - isWindows: true
16:12:22.325 [FXGL Background Thread 3 ] DEBUG Engine               - language: ObjectProperty [value: ENGLISH]
16:12:22.326 [FXGL Background Thread 3 ] DEBUG Engine               - menuKey: ESCAPE
16:12:22.326 [FXGL Background Thread 3 ] DEBUG Engine               - mouseSensitivity: 0.2
16:12:22.326 [FXGL Background Thread 3 ] DEBUG Engine               - notificationViewClass: class com.almasb.fxgl.notification.view.XboxNotificationView
16:12:22.326 [FXGL Background Thread 3 ] DEBUG Engine               - pixelsPerMeter: 50.0
16:12:22.326 [FXGL Background Thread 3 ] DEBUG Engine               - platform: WINDOWS
16:12:22.326 [FXGL Background Thread 3 ] DEBUG Engine               - prefHeightProperty: ReadOnlyDoubleProperty [value: 500.0]
16:12:22.326 [FXGL Background Thread 3 ] DEBUG Engine               - prefWidthProperty: ReadOnlyDoubleProperty [value: 800.0]
16:12:22.326 [FXGL Background Thread 3 ] DEBUG Engine               - profileDir: profiles/
16:12:22.326 [FXGL Background Thread 3 ] DEBUG Engine               - profileName: StringProperty [value: DEFAULT]
16:12:22.326 [FXGL Background Thread 3 ] DEBUG Engine               - randomSeed: -1
16:12:22.327 [FXGL Background Thread 3 ] DEBUG Engine               - runtimeInfo: RuntimeInfo(platform=WINDOWS, version=17.3, build=30.03.2023 11.49)
16:12:22.327 [FXGL Background Thread 3 ] DEBUG Engine               - saveFileExt: sav
16:12:22.327 [FXGL Background Thread 3 ] DEBUG Engine               - scaledHeightProp$fxgl: DoubleProperty [bound, value: 500.0]
16:12:22.327 [FXGL Background Thread 3 ] DEBUG Engine               - scaledWidthProp$fxgl: DoubleProperty [bound, value: 800.0]
16:12:22.327 [FXGL Background Thread 3 ] DEBUG Engine               - sceneFactory: com.almasb.fxgl.app.scene.SceneFactory@227c1ee8
16:12:22.330 [FXGL Background Thread 3 ] DEBUG Engine               - secondsIn24h: 60
16:12:22.330 [FXGL Background Thread 3 ] DEBUG Engine               - soundMenuBack: menu/back.wav
16:12:22.330 [FXGL Background Thread 3 ] DEBUG Engine               - soundMenuPress: menu/press.wav
16:12:22.331 [FXGL Background Thread 3 ] DEBUG Engine               - soundMenuSelect: menu/select.wav
16:12:22.331 [FXGL Background Thread 3 ] DEBUG Engine               - soundNotification: core/notification.wav
16:12:22.331 [FXGL Background Thread 3 ] DEBUG Engine               - stageStyle: DECORATED
16:12:22.331 [FXGL Background Thread 3 ] DEBUG Engine               - supportedLanguages: [ENGLISH, FRENCH, GERMAN, HUNGARIAN, RUSSIAN]
16:12:22.331 [FXGL Background Thread 3 ] DEBUG Engine               - ticksPerSecond: -1
16:12:22.331 [FXGL Background Thread 3 ] DEBUG Engine               - title: Server
16:12:22.331 [FXGL Background Thread 3 ] DEBUG Engine               - urlGithub: https://github.com/AlmasB/FXGL
16:12:22.331 [FXGL Background Thread 3 ] DEBUG Engine               - urlLeaderboard: http://fxgl-top.herokuapp.com/
16:12:22.331 [FXGL Background Thread 3 ] DEBUG Engine               - urlPOM: https://raw.githubusercontent.com/AlmasB/FXGL/release/README.md
16:12:22.331 [FXGL Background Thread 3 ] DEBUG Engine               - userAppClass: class Runner.ServerRunner
16:12:22.331 [FXGL Background Thread 3 ] DEBUG Engine               - version: 0.0
16:12:22.331 [FXGL Background Thread 3 ] DEBUG Engine               - versionCheckDays: 7
16:12:22.331 [FXGL Background Thread 3 ] DEBUG Engine               - width: 800
16:12:22.331 [FXGL Background Thread 3 ] DEBUG Engine               - Logging services
16:12:22.331 [FXGL Background Thread 3 ] DEBUG Engine               - class com.almasb.fxgl.app.services.FXGLAssetLoaderService
16:12:22.331 [FXGL Background Thread 3 ] DEBUG Engine               - class com.almasb.fxgl.app.FXGLApplication$GameApplicationService
16:12:22.331 [FXGL Background Thread 3 ] DEBUG Engine               - class com.almasb.fxgl.app.services.FXGLDialogService
16:12:22.331 [FXGL Background Thread 3 ] DEBUG Engine               - class com.almasb.fxgl.app.services.IOTaskExecutorService
16:12:22.331 [FXGL Background Thread 3 ] DEBUG Engine               - class com.almasb.fxgl.io.FileSystemService
16:12:22.331 [FXGL Background Thread 3 ] DEBUG Engine               - class com.almasb.fxgl.localization.LocalizationService
16:12:22.331 [FXGL Background Thread 3 ] DEBUG Engine               - class com.almasb.fxgl.app.services.SystemBundleService
16:12:22.331 [FXGL Background Thread 3 ] DEBUG Engine               - class com.almasb.fxgl.profile.SaveLoadService
16:12:22.331 [FXGL Background Thread 3 ] DEBUG Engine               - class com.almasb.fxgl.ui.FXGLUIFactoryServiceProvider
16:12:22.331 [FXGL Background Thread 3 ] DEBUG Engine               - class com.almasb.fxgl.ui.FXGLDialogFactoryServiceProvider
16:12:22.332 [FXGL Background Thread 3 ] DEBUG Engine               - class com.almasb.fxgl.audio.AudioPlayer
16:12:22.332 [FXGL Background Thread 3 ] DEBUG Engine               - class com.almasb.fxgl.notification.impl.NotificationServiceProvider
16:12:22.332 [FXGL Background Thread 3 ] DEBUG Engine               - class com.almasb.fxgl.achievement.AchievementService
16:12:22.332 [FXGL Background Thread 3 ] DEBUG Engine               - class com.almasb.fxgl.cutscene.CutsceneService
16:12:22.332 [FXGL Background Thread 3 ] DEBUG Engine               - class com.almasb.fxgl.minigames.MiniGameService
16:12:22.332 [FXGL Background Thread 3 ] DEBUG Engine               - class com.almasb.fxgl.net.NetService
16:12:22.332 [FXGL Background Thread 3 ] DEBUG Engine               - class com.almasb.fxgl.app.services.UpdaterService
16:12:22.332 [FXGL Background Thread 3 ] DEBUG Engine               - class com.almasb.fxgl.dev.DevService
16:12:22.332 [FXGL Background Thread 3 ] DEBUG Engine               - class com.almasb.fxgl.multiplayer.MultiplayerService
16:12:26.303 [JavaFX Application Thread] DEBUG LoopRunner           - Pausing loop
16:12:27.359 [JavaFX Application Thread] DEBUG LoopRunner           - Resuming loop
16:12:28.545 [JavaFX Application Thread] DEBUG LoopRunner           - Pausing loop
16:12:34.486 [ServerAsyncConnThread    ] DEBUG Endpoint             - TCPServer opening new connection (1) from /192.168.56.1:53453 type: class com.almasb.fxgl.core.serialization.Bundle
16:12:34.488 [ServerAsyncConnThread    ] DEBUG Endpoint             - TCPServer successfully opened connection (1)
16:12:34.498 [TCPServer_SendThread-1   ] DEBUG Writers              - Getting TCPMessageWriter for class com.almasb.fxgl.core.serialization.Bundle
16:12:34.499 [TCPServer_RecvThread-1   ] DEBUG Readers              - Getting TCPMessageReader for class com.almasb.fxgl.core.serialization.Bundle
16:12:34.500 [TCPServer_SendThread-1   ] DEBUG Writers              - Constructed TCPMessageWriter for class com.almasb.fxgl.core.serialization.Bundle: BundleTCPMessageWriter
16:12:34.500 [TCPServer_RecvThread-1   ] DEBUG Readers              - Constructed MessageReader for class com.almasb.fxgl.core.serialization.Bundle: BundleTCPMessageReader
16:13:13.845 [TCPServer_RecvThread-1   ] DEBUG Endpoint             - Connection 1 was unexpectedly disconnected: Connection reset
16:13:13.845 [TCPServer_RecvThread-1   ] DEBUG Connection           - Closing connection 1
16:13:13.845 [TCPServer_RecvThread-1   ] DEBUG Connection           - Connection 1 was correctly closed from local endpoint.
16:13:13.845 [TCPServer_RecvThread-1   ] DEBUG Endpoint             - TCPServer connection (1) was closed
16:13:13.913 [JavaFX Application Thread] DEBUG LoopRunner           - Resuming loop
16:13:14.684 [JavaFX Application Thread] DEBUG FXGLApplication      - Exiting FXGL
16:13:14.684 [JavaFX Application Thread] DEBUG LoopRunner           - Stopping loop
16:13:14.684 [JavaFX Application Thread] DEBUG SystemBundleService  - Saving FXGL system data
16:13:14.686 [JavaFX Application Thread] DEBUG FileSystemAccess     - Writing to: C:\Users\User\Documents\GitHub\Sonic-rush\system\fxgl.bundle
16:13:14.686 [JavaFX Application Thread] DEBUG Async                - Shutting down background threads
16:13:14.686 [JavaFX Application Thread] DEBUG PrimaryStageWindow   - Closing main window
16:13:14.696 [JavaFX Application Thread] DEBUG Logger               - Closing Logger
