14:29:16.683 [main                     ] DEBUG Logger               - Configured Logger
14:29:16.748 [main                     ] DEBUG GameApplication      - Logging settings
Title: Jugador Sonic
Version: 0.0
Width: 1000
Height: 600
Fullscreen: false
Intro: false
Profiling: false
Single step:false
App Mode: DEVELOPER
Menu Key: ESCAPE
Stage Style: DECORATED
Scene Factory: class com.almasb.fxgl.app.scene.SceneFactory

14:29:17.482 [JavaFX Application Thread] DEBUG FXGLApplication      - Initializing FXGL
14:29:17.494 [JavaFX Application Thread] INFO  Engine               - FXGL-17.3 (30.03.2023 11.49) on WINDOWS (J:17.0.12 FX:20)
14:29:17.503 [JavaFX Application Thread] DEBUG Engine               - JRE Vendor Name: Oracle Corporation
14:29:17.503 [JavaFX Application Thread] DEBUG Engine               - Running on OS: Windows 10 version 10.0
14:29:17.526 [JavaFX Application Thread] DEBUG Engine               - Architecture: amd64
14:29:17.526 [JavaFX Application Thread] INFO  Engine               - Source code and latest versions at: https://github.com/AlmasB/FXGL
14:29:17.561 [JavaFX Application Thread] INFO  Engine               -       Ask questions and discuss at: https://github.com/AlmasB/FXGL/discussions
14:29:17.592 [JavaFX Application Thread] INFO  Engine               -              Join the FXGL chat at: https://gitter.im/AlmasB/FXGL
14:29:17.947 [JavaFX Application Thread] DEBUG PrimaryStageWindow   - Creating a JavaFX scene
14:29:18.056 [JavaFX Application Thread] DEBUG PrimaryStageWindow   - Target settings size: 1000.0 x 600.0
14:29:18.056 [JavaFX Application Thread] DEBUG PrimaryStageWindow   - Scaled scene size:    1000.0 x 600.0
14:29:18.057 [JavaFX Application Thread] DEBUG PrimaryStageWindow   - Scaled ratio: (1.0, 1.0)
14:29:18.059 [JavaFX Application Thread] DEBUG PrimaryStageWindow   - Set initial scene to FXGLStartupScene
14:29:18.064 [JavaFX Application Thread] DEBUG PrimaryStageWindow   - Opening main window
14:29:18.217 [JavaFX Application Thread] DEBUG PrimaryStageWindow   - Window border size: (14.4000244140625, 37.5999755859375)
14:29:18.222 [JavaFX Application Thread] DEBUG PrimaryStageWindow   - Scaled size: 1000.0 x 600.0
14:29:18.224 [JavaFX Application Thread] DEBUG PrimaryStageWindow   - Scaled ratio: (1.0, 1.0)
14:29:18.225 [JavaFX Application Thread] DEBUG PrimaryStageWindow   - Scene size: 1000.0 x 600.0
14:29:18.225 [JavaFX Application Thread] DEBUG PrimaryStageWindow   - Stage size: 1014.4000244140625 x 637.5999755859375
14:29:18.695 [FXGL Background Thread 1 ] DEBUG Engine               - Initializing environment variables
14:29:18.827 [FXGL Background Thread 1 ] DEBUG FXGLAssetLoaderServi - User app class for loading assets: class Runner.ClientRunner
14:29:18.830 [FXGL Background Thread 1 ] DEBUG GameApplicationServi - Applying CSS: fxgl_dark.css
14:29:18.849 [FXGL Background Thread 1 ] DEBUG FXGLAssetLoaderServi - Loading from file system: jar:file:/C:/Users/Owner/.m2/repository/com/github/almasb/fxgl/17.3/fxgl-17.3.jar!/fxglassets/ui/css/fxgl_dark.css
14:29:19.290 [FXGL Background Thread 1 ] DEBUG GameApplicationServi - Initializing application scenes
14:29:19.564 [FXGL Background Thread 1 ] DEBUG GameWorld            - Game world initialized
14:29:20.036 [FXGL Background Thread 1 ] DEBUG PhysicsWorld         - Physics world initialized: appHeight=600, physics.ppm=50.0
14:29:20.045 [FXGL Background Thread 1 ] DEBUG PhysicsWorld         - Using strategy: BRUTE_FORCE
14:29:20.066 [FXGL Background Thread 1 ] DEBUG GameScene            - Game scene initialized: 1000x600
14:29:20.312 [FXGL Background Thread 1 ] DEBUG FXGL.DefaultMenu     - createMenuBodyGameMenu()
14:29:20.592 [FXGL Background Thread 1 ] DEBUG FXGL.DefaultMenu     - createOptionsMenu()
14:29:20.636 [FXGL Background Thread 1 ] DEBUG FXGLAssetLoaderServi - Loading from file system: jar:file:/C:/Users/Owner/.m2/repository/com/github/almasb/fxgl/17.3/fxgl-17.3.jar!/fxglassets/textures/particles/smoke.png
14:29:21.279 [FXGL Background Thread 1 ] DEBUG FXGLAssetLoaderServi - Loading from file system: jar:file:/C:/Users/Owner/.m2/repository/com/github/almasb/fxgl/17.3/fxgl-17.3.jar!/fxglassets/textures/particles/trace_horizontal.png
14:29:21.410 [FXGL Background Thread 1 ] DEBUG GameApplicationServi - Application scenes initialized
14:29:21.579 [FXGL Background Thread 1 ] DEBUG SystemBundleService  - Loading FXGL system data
14:29:21.681 [FXGL Background Thread 1 ] DEBUG FileSystemAccess     - Reading from: C:\Users\Owner\Desktop\Sonic-rush\system\fxgl.bundle
14:29:21.733 [FXGL Background Thread 1 ] DEBUG SystemBundleService  - Bundle FXGL: {}
14:29:21.734 [FXGL Background Thread 1 ] DEBUG UpdaterService       - Checking for updates
14:29:21.773 [FXGL Background Thread 1 ] DEBUG FXGLApplication      - Loading default localization
14:29:21.777 [FXGL Background Thread 1 ] DEBUG FXGLAssetLoaderServi - Loading from file system: jar:file:/C:/Users/Owner/.m2/repository/com/github/almasb/fxgl/17.3/fxgl-17.3.jar!/fxglassets/languages/english.lang
14:29:21.820 [FXGL Background Thread 4 ] DEBUG FXGLApplication      - Loading fonts
14:29:21.833 [FXGL Background Thread 1 ] INFO  FXGLApplication      - FXGL initialization took: 3.135 sec
14:29:21.834 [FXGL Background Thread 4 ] DEBUG FXGLAssetLoaderServi - Loading from file system: jar:file:/C:/Users/Owner/.m2/repository/com/github/almasb/fxgl/17.3/fxgl-17.3.jar!/fxglassets/ui/fonts/VarelaRound-Regular.ttf
14:29:21.978 [JavaFX Application Thread] DEBUG Input                - Registered new binding: Mover a la izquierda - A
14:29:21.979 [JavaFX Application Thread] DEBUG Input                - Registered new binding: Mover a la derecha - D
14:29:21.979 [JavaFX Application Thread] DEBUG Input                - Registered new binding: Saltar - W
14:29:21.979 [JavaFX Application Thread] DEBUG Input                - Registered new binding: Interactuar - E
14:29:21.980 [JavaFX Application Thread] DEBUG FXGLAssetLoaderServi - Loading from file system: jar:file:/C:/Users/Owner/.m2/repository/com/github/almasb/fxgl/17.3/fxgl-17.3.jar!/fxglassets/textures/fxgl_icon.png
14:29:22.022 [JavaFX Application Thread] DEBUG FXGLAssetLoaderServi - Loading from file system: jar:file:/C:/Users/Owner/.m2/repository/com/github/almasb/fxgl/17.3/fxgl-17.3.jar!/fxglassets/textures/fxgl_default_cursor.png
14:29:22.079 [JavaFX Application Thread] DEBUG Input                - Registered new binding: Screenshot - CTRL+8
14:29:22.083 [JavaFX Application Thread] DEBUG Input                - Registered new binding: System info dump - CTRL+9
14:29:22.083 [JavaFX Application Thread] DEBUG Input                - Registered new binding: Restart - CTRL+R
14:29:22.086 [JavaFX Application Thread] DEBUG Input                - Registered new binding: Toggle Debug Camera - CTRL+7
14:29:22.094 [JavaFX Application Thread] DEBUG LoopRunner           - Starting loop
14:29:22.096 [JavaFX Application Thread] DEBUG LoopRunner           - Initializing JavaFX AnimationTimerLoop
14:29:22.099 [JavaFX Application Thread] DEBUG GameApplicationServi - Starting new game
14:29:22.100 [JavaFX Application Thread] DEBUG Input                - Clearing active input actions
14:29:22.130 [JavaFX Application Thread] DEBUG GameApplicationServi - Removing overlay from FXGLStartupScene and adding to FXGLLoadingScene
14:29:22.131 [JavaFX Application Thread] DEBUG PrimaryStageWindow   - FXGLStartupScene -> FXGLLoadingScene
14:29:22.131 [JavaFX Application Thread] DEBUG GameApplicationServi - Clearing previous game
14:29:22.131 [JavaFX Application Thread] DEBUG GameScene            - Clearing game scene
14:29:22.132 [JavaFX Application Thread] DEBUG GameWorld            - Clearing game world
14:29:22.132 [JavaFX Application Thread] DEBUG PhysicsWorld         - Clearing physics world
14:29:22.134 [FXGL Background Thread 1 ] DEBUG FXGLApplication      - Initializing game
14:29:22.157 [FXGL Background Thread 1 ] DEBUG FXGLAssetLoaderServi - Loading from file system: file:/C:/Users/Owner/Desktop/Sonic-rush/target/classes/assets/music/OST2.mp3
14:29:23.718 [FXGL Background Thread 1 ] DEBUG AudioPlayer          - Playing music com.almasb.fxgl.audio.Music@225fe7da
14:29:23.736 [FXGL Background Thread 1 ] INFO  FXGLApplication      - Game initialization took: 1.601 sec
14:29:23.750 [JavaFX Application Thread] DEBUG FXGLAssetLoaderServi - Loading from file system: file:/C:/Users/Owner/Desktop/Sonic-rush/target/classes/assets/ui/fonts/PublicPixel.ttf
14:29:23.949 [FXGL Background Thread 4 ] DEBUG FXGLAssetLoaderServi - Loading from file system: jar:file:/C:/Users/Owner/.m2/repository/com/github/almasb/fxgl/17.3/fxgl-17.3.jar!/fxglassets/ui/fonts/Abel-Regular.ttf
14:29:23.957 [FXGL Background Thread 4 ] DEBUG FXGLAssetLoaderServi - Loading from file system: jar:file:/C:/Users/Owner/.m2/repository/com/github/almasb/fxgl/17.3/fxgl-17.3.jar!/fxglassets/ui/fonts/TerminalLandMono-Regular.otf
14:29:23.964 [FXGL Background Thread 4 ] DEBUG FXGLAssetLoaderServi - Loading from file system: jar:file:/C:/Users/Owner/.m2/repository/com/github/almasb/fxgl/17.3/fxgl-17.3.jar!/fxglassets/ui/fonts/Courier-Prime.ttf
14:29:24.537 [JavaFX Application Thread] DEBUG Input                - Clearing active input actions
14:29:24.667 [JavaFX Application Thread] DEBUG GameApplicationServi - Removing overlay from FXGLLoadingScene and adding to GameScene
14:29:24.682 [JavaFX Application Thread] DEBUG PrimaryStageWindow   - FXGLLoadingScene -> GameScene
14:29:24.684 [JavaFX Application Thread] DEBUG FXGLApplication      - Registering font factories with UI factory
14:29:24.790 [FXGL Background Thread 3 ] DEBUG Engine               - Logging environment variables
14:29:24.793 [FXGL Background Thread 3 ] DEBUG Engine               - achievements: []
14:29:24.794 [FXGL Background Thread 3 ] DEBUG Engine               - actualHeight: 600.0
14:29:24.794 [FXGL Background Thread 3 ] DEBUG Engine               - actualHeightProperty: ReadOnlyDoubleProperty [value: 600.0]
14:29:24.794 [FXGL Background Thread 3 ] DEBUG Engine               - actualWidth: 1000.0
14:29:24.794 [FXGL Background Thread 3 ] DEBUG Engine               - actualWidthProperty: ReadOnlyDoubleProperty [value: 1000.0]
14:29:24.795 [FXGL Background Thread 3 ] DEBUG Engine               - appIcon: fxgl_icon.png
14:29:24.795 [FXGL Background Thread 3 ] DEBUG Engine               - applicationMode: DEVELOPER
14:29:24.795 [FXGL Background Thread 3 ] DEBUG Engine               - cSSList: [fxgl_dark.css]
14:29:24.795 [FXGL Background Thread 3 ] DEBUG Engine               - collisionDetectionStrategy: BRUTE_FORCE
14:29:24.795 [FXGL Background Thread 3 ] DEBUG Engine               - configClass: Optional.empty
14:29:24.795 [FXGL Background Thread 3 ] DEBUG Engine               - credits: []
14:29:24.796 [FXGL Background Thread 3 ] DEBUG Engine               - defaultCursor: CursorInfo(imageName=fxgl_default_cursor.png, hotspotX=7.0, hotspotY=6.0)
14:29:24.799 [FXGL Background Thread 3 ] DEBUG Engine               - devBBoxColorProperty: ObjectProperty [value: 0xff0000ff]
14:29:24.799 [FXGL Background Thread 3 ] DEBUG Engine               - devEnableDebugCameraProperty: BooleanProperty [value: false]
14:29:24.800 [FXGL Background Thread 3 ] DEBUG Engine               - devSensorColorProperty: ObjectProperty [value: 0xffff00ff]
14:29:24.800 [FXGL Background Thread 3 ] DEBUG Engine               - devShowBBoxProperty: BooleanProperty [value: false]
14:29:24.801 [FXGL Background Thread 3 ] DEBUG Engine               - devShowPositionProperty: BooleanProperty [value: false]
14:29:24.801 [FXGL Background Thread 3 ] DEBUG Engine               - enabledMenuItems: []
14:29:24.801 [FXGL Background Thread 3 ] DEBUG Engine               - engineServices: [class com.almasb.fxgl.app.services.FXGLAssetLoaderService, class com.almasb.fxgl.app.FXGLApplication$GameApplicationService, class com.almasb.fxgl.app.services.FXGLDialogService, class com.almasb.fxgl.app.services.IOTaskExecutorService, class com.almasb.fxgl.io.FileSystemService, class com.almasb.fxgl.localization.LocalizationService, class com.almasb.fxgl.app.services.SystemBundleService, class com.almasb.fxgl.profile.SaveLoadService, class com.almasb.fxgl.ui.FXGLUIFactoryServiceProvider, class com.almasb.fxgl.ui.FXGLDialogFactoryServiceProvider, class com.almasb.fxgl.audio.AudioPlayer, class com.almasb.fxgl.notification.impl.NotificationServiceProvider, class com.almasb.fxgl.achievement.AchievementService, class com.almasb.fxgl.cutscene.CutsceneService, class com.almasb.fxgl.minigames.MiniGameService, class com.almasb.fxgl.net.NetService, class com.almasb.fxgl.app.services.UpdaterService, class com.almasb.fxgl.dev.DevService, class com.almasb.fxgl.multiplayer.MultiplayerService]
14:29:24.802 [FXGL Background Thread 3 ] DEBUG Engine               - fontGame: Abel-Regular.ttf
14:29:24.802 [FXGL Background Thread 3 ] DEBUG Engine               - fontMono: TerminalLandMono-Regular.otf
14:29:24.802 [FXGL Background Thread 3 ] DEBUG Engine               - fontSizeScaleUI: 1.0
14:29:24.802 [FXGL Background Thread 3 ] DEBUG Engine               - fontText: Courier-Prime.ttf
14:29:24.802 [FXGL Background Thread 3 ] DEBUG Engine               - fontUI: VarelaRound-Regular.ttf
14:29:24.802 [FXGL Background Thread 3 ] DEBUG Engine               - fullScreen: BooleanProperty [value: false]
14:29:24.802 [FXGL Background Thread 3 ] DEBUG Engine               - gameDifficulty: MEDIUM
14:29:24.802 [FXGL Background Thread 3 ] DEBUG Engine               - gameDifficultyProperty: ObjectProperty [value: MEDIUM]
14:29:24.802 [FXGL Background Thread 3 ] DEBUG Engine               - globalMusicVolume: 0.5
14:29:24.803 [FXGL Background Thread 3 ] DEBUG Engine               - globalMusicVolumeProperty: DoubleProperty [value: 0.5]
14:29:24.803 [FXGL Background Thread 3 ] DEBUG Engine               - globalSoundVolume: 0.5
14:29:24.803 [FXGL Background Thread 3 ] DEBUG Engine               - globalSoundVolumeProperty: DoubleProperty [value: 0.5]
14:29:24.803 [FXGL Background Thread 3 ] DEBUG Engine               - height: 600
14:29:24.803 [FXGL Background Thread 3 ] DEBUG Engine               - is3D: false
14:29:24.803 [FXGL Background Thread 3 ] DEBUG Engine               - isAndroid: false
14:29:24.803 [FXGL Background Thread 3 ] DEBUG Engine               - isBrowser: false
14:29:24.803 [FXGL Background Thread 3 ] DEBUG Engine               - isClickFeedbackEnabled: false
14:29:24.803 [FXGL Background Thread 3 ] DEBUG Engine               - isCloseConfirmation: false
14:29:24.804 [FXGL Background Thread 3 ] DEBUG Engine               - isDesktop: true
14:29:24.806 [FXGL Background Thread 3 ] DEBUG Engine               - isDeveloperMenuEnabled: false
14:29:24.811 [FXGL Background Thread 3 ] DEBUG Engine               - isEmbedded: false
14:29:24.811 [FXGL Background Thread 3 ] DEBUG Engine               - isEntityPreloadEnabled: true
14:29:24.812 [FXGL Background Thread 3 ] DEBUG Engine               - isExperimentalTiledLargeMap: false
14:29:24.812 [FXGL Background Thread 3 ] DEBUG Engine               - isFileSystemWriteAllowed: true
14:29:24.812 [FXGL Background Thread 3 ] DEBUG Engine               - isFullScreenAllowed: false
14:29:24.812 [FXGL Background Thread 3 ] DEBUG Engine               - isFullScreenFromStart: false
14:29:24.812 [FXGL Background Thread 3 ] DEBUG Engine               - isGameMenuEnabled: true
14:29:24.812 [FXGL Background Thread 3 ] DEBUG Engine               - isIOS: false
14:29:24.813 [FXGL Background Thread 3 ] DEBUG Engine               - isIntroEnabled: false
14:29:24.813 [FXGL Background Thread 3 ] DEBUG Engine               - isLinux: false
14:29:24.813 [FXGL Background Thread 3 ] DEBUG Engine               - isMac: false
14:29:24.813 [FXGL Background Thread 3 ] DEBUG Engine               - isMainMenuEnabled: false
14:29:24.813 [FXGL Background Thread 3 ] DEBUG Engine               - isManualResizeEnabled: false
14:29:24.813 [FXGL Background Thread 3 ] DEBUG Engine               - isMobile: false
14:29:24.813 [FXGL Background Thread 3 ] DEBUG Engine               - isNative: false
14:29:24.813 [FXGL Background Thread 3 ] DEBUG Engine               - isPauseMusicWhenMinimized: true
14:29:24.813 [FXGL Background Thread 3 ] DEBUG Engine               - isPreserveResizeRatio: false
14:29:24.814 [FXGL Background Thread 3 ] DEBUG Engine               - isProfilingEnabled: false
14:29:24.814 [FXGL Background Thread 3 ] DEBUG Engine               - isScaleAffectedOnResize: true
14:29:24.814 [FXGL Background Thread 3 ] DEBUG Engine               - isSingleStep: false
14:29:24.814 [FXGL Background Thread 3 ] DEBUG Engine               - isUserProfileEnabled: false
14:29:24.814 [FXGL Background Thread 3 ] DEBUG Engine               - isWindows: true
14:29:24.814 [FXGL Background Thread 3 ] DEBUG Engine               - language: ObjectProperty [value: ENGLISH]
14:29:24.814 [FXGL Background Thread 3 ] DEBUG Engine               - menuKey: ESCAPE
14:29:24.814 [FXGL Background Thread 3 ] DEBUG Engine               - mouseSensitivity: 0.2
14:29:24.814 [FXGL Background Thread 3 ] DEBUG Engine               - notificationViewClass: class com.almasb.fxgl.notification.view.XboxNotificationView
14:29:24.815 [FXGL Background Thread 3 ] DEBUG Engine               - pixelsPerMeter: 50.0
14:29:24.815 [FXGL Background Thread 3 ] DEBUG Engine               - platform: WINDOWS
14:29:24.815 [FXGL Background Thread 3 ] DEBUG Engine               - prefHeightProperty: ReadOnlyDoubleProperty [value: 600.0]
14:29:24.815 [FXGL Background Thread 3 ] DEBUG Engine               - prefWidthProperty: ReadOnlyDoubleProperty [value: 1000.0]
14:29:24.815 [FXGL Background Thread 3 ] DEBUG Engine               - profileDir: profiles/
14:29:24.815 [FXGL Background Thread 3 ] DEBUG Engine               - profileName: StringProperty [value: DEFAULT]
14:29:24.815 [FXGL Background Thread 3 ] DEBUG Engine               - randomSeed: -1
14:29:24.816 [FXGL Background Thread 3 ] DEBUG Engine               - runtimeInfo: RuntimeInfo(platform=WINDOWS, version=17.3, build=30.03.2023 11.49)
14:29:24.816 [FXGL Background Thread 3 ] DEBUG Engine               - saveFileExt: sav
14:29:24.816 [FXGL Background Thread 3 ] DEBUG Engine               - scaledHeightProp$fxgl: DoubleProperty [bound, value: 600.0]
14:29:24.816 [FXGL Background Thread 3 ] DEBUG Engine               - scaledWidthProp$fxgl: DoubleProperty [bound, value: 1000.0]
14:29:24.817 [FXGL Background Thread 3 ] DEBUG Engine               - sceneFactory: com.almasb.fxgl.app.scene.SceneFactory@7803b2c4
14:29:24.817 [FXGL Background Thread 3 ] DEBUG Engine               - secondsIn24h: 60
14:29:24.817 [FXGL Background Thread 3 ] DEBUG Engine               - soundMenuBack: menu/back.wav
14:29:24.817 [FXGL Background Thread 3 ] DEBUG Engine               - soundMenuPress: menu/press.wav
14:29:24.817 [FXGL Background Thread 3 ] DEBUG Engine               - soundMenuSelect: menu/select.wav
14:29:24.817 [FXGL Background Thread 3 ] DEBUG Engine               - soundNotification: core/notification.wav
14:29:24.818 [FXGL Background Thread 3 ] DEBUG Engine               - stageStyle: DECORATED
14:29:24.819 [FXGL Background Thread 3 ] DEBUG Engine               - supportedLanguages: [ENGLISH, FRENCH, GERMAN, HUNGARIAN, RUSSIAN]
14:29:24.819 [FXGL Background Thread 3 ] DEBUG Engine               - ticksPerSecond: -1
14:29:24.819 [FXGL Background Thread 3 ] DEBUG Engine               - title: Jugador Sonic
14:29:24.819 [FXGL Background Thread 3 ] DEBUG Engine               - urlGithub: https://github.com/AlmasB/FXGL
14:29:24.819 [FXGL Background Thread 3 ] DEBUG Engine               - urlLeaderboard: http://fxgl-top.herokuapp.com/
14:29:24.819 [FXGL Background Thread 3 ] DEBUG Engine               - urlPOM: https://raw.githubusercontent.com/AlmasB/FXGL/release/README.md
14:29:24.819 [FXGL Background Thread 3 ] DEBUG Engine               - userAppClass: class Runner.ClientRunner
14:29:24.819 [FXGL Background Thread 3 ] DEBUG Engine               - version: 0.0
14:29:24.820 [FXGL Background Thread 3 ] DEBUG Engine               - versionCheckDays: 7
14:29:24.820 [FXGL Background Thread 3 ] DEBUG Engine               - width: 1000
14:29:24.820 [FXGL Background Thread 3 ] DEBUG Engine               - Logging services
14:29:24.821 [FXGL Background Thread 3 ] DEBUG Engine               - class com.almasb.fxgl.app.services.FXGLAssetLoaderService
14:29:24.821 [FXGL Background Thread 3 ] DEBUG Engine               - class com.almasb.fxgl.app.FXGLApplication$GameApplicationService
14:29:24.821 [FXGL Background Thread 3 ] DEBUG Engine               - class com.almasb.fxgl.app.services.FXGLDialogService
14:29:24.821 [FXGL Background Thread 3 ] DEBUG Engine               - class com.almasb.fxgl.app.services.IOTaskExecutorService
14:29:24.821 [FXGL Background Thread 3 ] DEBUG Engine               - class com.almasb.fxgl.io.FileSystemService
14:29:24.822 [FXGL Background Thread 3 ] DEBUG Engine               - class com.almasb.fxgl.localization.LocalizationService
14:29:24.822 [FXGL Background Thread 3 ] DEBUG Engine               - class com.almasb.fxgl.app.services.SystemBundleService
14:29:24.822 [FXGL Background Thread 3 ] DEBUG Engine               - class com.almasb.fxgl.profile.SaveLoadService
14:29:24.822 [FXGL Background Thread 3 ] DEBUG Engine               - class com.almasb.fxgl.ui.FXGLUIFactoryServiceProvider
14:29:24.822 [FXGL Background Thread 3 ] DEBUG Engine               - class com.almasb.fxgl.ui.FXGLDialogFactoryServiceProvider
14:29:24.822 [FXGL Background Thread 3 ] DEBUG Engine               - class com.almasb.fxgl.audio.AudioPlayer
14:29:24.822 [FXGL Background Thread 3 ] DEBUG Engine               - class com.almasb.fxgl.notification.impl.NotificationServiceProvider
14:29:24.822 [FXGL Background Thread 3 ] DEBUG Engine               - class com.almasb.fxgl.achievement.AchievementService
14:29:24.822 [FXGL Background Thread 3 ] DEBUG Engine               - class com.almasb.fxgl.cutscene.CutsceneService
14:29:24.822 [FXGL Background Thread 3 ] DEBUG Engine               - class com.almasb.fxgl.minigames.MiniGameService
14:29:24.822 [FXGL Background Thread 3 ] DEBUG Engine               - class com.almasb.fxgl.net.NetService
14:29:24.823 [FXGL Background Thread 3 ] DEBUG Engine               - class com.almasb.fxgl.app.services.UpdaterService
14:29:24.823 [FXGL Background Thread 3 ] DEBUG Engine               - class com.almasb.fxgl.dev.DevService
14:29:24.823 [FXGL Background Thread 3 ] DEBUG Engine               - class com.almasb.fxgl.multiplayer.MultiplayerService
14:29:27.366 [FXGL Background Thread 2 ] INFO  UpdaterService       - Your current version:  17.3
14:29:27.434 [FXGL Background Thread 2 ] INFO  UpdaterService       - Latest stable version: 21.1
14:29:35.779 [JavaFX Application Thread] WARN  FXGLAssetLoaderServi - Asset "/assets/textures/fondo.png" was not found!
14:29:36.233 [JavaFX Application Thread] WARN  FXGLAssetLoaderServi - Failed to load IMAGE
14:29:36.495 [JavaFX Application Thread] WARN  TMXLevelLoader       - TiledMap generated from 1.11.2. Supported version: 1.9.0. Some features may not be parsed fully.
14:29:36.756 [JavaFX Application Thread] DEBUG TMXLevelLoader       - Parsed TiledMap: file:/C:/Users/Owner/Desktop/Sonic-rush/target/classes/assets/levels/mapazo.tmx
14:29:36.761 [JavaFX Application Thread] DEBUG TMXLevelLoader       - Creating tile layer entities
14:29:36.807 [JavaFX Application Thread] DEBUG TilesetLoader        - Loading view for layer Capa de patrones 1
14:29:36.861 [JavaFX Application Thread] DEBUG TilesetLoader        - Created buffer with size 3840.0x720.0
14:29:37.091 [JavaFX Application Thread] DEBUG TMXLevelLoader       - Creating object layer entities
14:29:37.211 [JavaFX Application Thread] DEBUG GameWorld            - Clearing removable entities
14:29:37.214 [JavaFX Application Thread] DEBUG GameWorld            - Setting level: com.almasb.fxgl.entity.level.Level@5fb31c0a
14:29:37.356 [ClientAsyncConnThread    ] DEBUG TCPClient            - Connecting to 127.0.0.1:50000 type: class com.almasb.fxgl.core.serialization.Bundle
14:29:37.359 [ClientAsyncConnThread    ] DEBUG TCPClient            - Created socket to 127.0.0.1:50000
14:29:37.370 [ClientAsyncConnThread    ] DEBUG Endpoint             - TCPClient opening new connection (1) from /127.0.0.1:50000 type: class com.almasb.fxgl.core.serialization.Bundle
14:29:37.371 [ClientAsyncConnThread    ] DEBUG Endpoint             - TCPClient successfully opened connection (1)
14:29:37.747 [TCPClient_SendThread-1   ] DEBUG Writers              - Getting TCPMessageWriter for class com.almasb.fxgl.core.serialization.Bundle
14:29:37.751 [TCPClient_SendThread-1   ] DEBUG Writers              - Constructed TCPMessageWriter for class com.almasb.fxgl.core.serialization.Bundle: BundleTCPMessageWriter
14:29:37.758 [TCPClient_RecvThread-1   ] DEBUG Readers              - Getting TCPMessageReader for class com.almasb.fxgl.core.serialization.Bundle
14:29:37.921 [TCPClient_RecvThread-1   ] DEBUG Readers              - Constructed MessageReader for class com.almasb.fxgl.core.serialization.Bundle: BundleTCPMessageReader
14:29:38.163 [JavaFX Application Thread] DEBUG FXGLAssetLoaderServi - Loading from file system: file:/C:/Users/Owner/Desktop/Sonic-rush/target/classes/assets/textures/Items/ring.png
14:29:38.583 [JavaFX Application Thread] DEBUG FXGLAssetLoaderServi - Loading from file system: file:/C:/Users/Owner/Desktop/Sonic-rush/target/classes/assets/textures/Items/basura.png
14:29:38.617 [JavaFX Application Thread] DEBUG FXGLAssetLoaderServi - Loading from file system: file:/C:/Users/Owner/Desktop/Sonic-rush/target/classes/assets/textures/Items/caucho.png
14:29:38.648 [JavaFX Application Thread] DEBUG FXGLAssetLoaderServi - Loading from file system: file:/C:/Users/Owner/Desktop/Sonic-rush/target/classes/assets/textures/Items/papel.png
14:29:38.792 [JavaFX Application Thread] DEBUG FXGLAssetLoaderServi - Loading from file system: file:/C:/Users/Owner/Desktop/Sonic-rush/target/classes/assets/textures/Enemigos/enemigo2.png
14:29:38.886 [JavaFX Application Thread] DEBUG FXGLAssetLoaderServi - Loading from file system: file:/C:/Users/Owner/Desktop/Sonic-rush/target/classes/assets/textures/Personajes/sonic.png
14:29:38.891 [JavaFX Application Thread] DEBUG FXGLAssetLoaderServi - Loading from file system: file:/C:/Users/Owner/Desktop/Sonic-rush/target/classes/assets/textures/Personajes/sonic_camina.png
14:29:38.893 [JavaFX Application Thread] DEBUG FXGLAssetLoaderServi - Loading from file system: file:/C:/Users/Owner/Desktop/Sonic-rush/target/classes/assets/textures/Personajes/super_idle.png
14:29:38.894 [JavaFX Application Thread] DEBUG FXGLAssetLoaderServi - Loading from file system: file:/C:/Users/Owner/Desktop/Sonic-rush/target/classes/assets/textures/Personajes/super_sonic.png
14:29:52.213 [JavaFX Application Thread] DEBUG FXGLAssetLoaderServi - Loading from file system: file:/C:/Users/Owner/Desktop/Sonic-rush/target/classes/assets/textures/Personajes/knuckles.png
14:29:52.220 [JavaFX Application Thread] DEBUG FXGLAssetLoaderServi - Loading from file system: file:/C:/Users/Owner/Desktop/Sonic-rush/target/classes/assets/textures/Personajes/knuckles_golpe.png
14:29:54.181 [JavaFX Application Thread] DEBUG FXGLAssetLoaderServi - Loading from file system: file:/C:/Users/Owner/Desktop/Sonic-rush/target/classes/assets/sounds/recoger.wav
14:29:59.031 [JavaFX Application Thread] DEBUG FXGLAssetLoaderServi - Loading from file system: file:/C:/Users/Owner/Desktop/Sonic-rush/target/classes/assets/sounds/salto.wav
14:29:59.896 [JavaFX Application Thread] DEBUG FXGLAssetLoaderServi - Loading from file system: file:/C:/Users/Owner/Desktop/Sonic-rush/target/classes/assets/sounds/perder_anillos.wav
14:30:47.929 [JavaFX Application Thread] DEBUG FXGLAssetLoaderServi - Loading from file system: file:/C:/Users/Owner/Desktop/Sonic-rush/target/classes/assets/textures/Enemigos/eggman2.png
14:32:02.578 [JavaFX Application Thread] DEBUG FXGLApplication      - Exiting FXGL
14:32:02.581 [JavaFX Application Thread] DEBUG LoopRunner           - Stopping loop
14:32:02.584 [JavaFX Application Thread] DEBUG SystemBundleService  - Saving FXGL system data
14:32:02.589 [JavaFX Application Thread] DEBUG FileSystemAccess     - Writing to: C:\Users\Owner\Desktop\Sonic-rush\system\fxgl.bundle
14:32:02.592 [JavaFX Application Thread] DEBUG Async                - Shutting down background threads
14:32:02.592 [JavaFX Application Thread] DEBUG PrimaryStageWindow   - Closing main window
14:32:02.631 [JavaFX Application Thread] DEBUG Logger               - Closing Logger
