22:35:18.601 [main                     ] DEBUG Logger               - Configured Logger
22:35:18.650 [main                     ] DEBUG GameApplication      - Logging settings
Title: Server
Version: 0.0
Width: 800
Height: 500
Fullscreen: false
Intro: false
Profiling: false
Single step:false
App Mode: DEVELOPER
Menu Key: ESCAPE
Stage Style: DECORATED
Scene Factory: class com.almasb.fxgl.app.scene.SceneFactory

22:35:19.426 [JavaFX Application Thread] DEBUG FXGLApplication      - Initializing FXGL
22:35:19.436 [JavaFX Application Thread] INFO  Engine               - FXGL-17.3 (30.03.2023 11.49) on WINDOWS (J:21.0.2 FX:20)
22:35:19.446 [JavaFX Application Thread] DEBUG Engine               - JRE Vendor Name: Oracle Corporation
22:35:19.447 [JavaFX Application Thread] DEBUG Engine               - Running on OS: Windows 10 version 10.0
22:35:19.448 [JavaFX Application Thread] DEBUG Engine               - Architecture: amd64
22:35:19.454 [JavaFX Application Thread] INFO  Engine               - Source code and latest versions at: https://github.com/AlmasB/FXGL
22:35:19.456 [JavaFX Application Thread] INFO  Engine               -       Ask questions and discuss at: https://github.com/AlmasB/FXGL/discussions
22:35:19.457 [JavaFX Application Thread] INFO  Engine               -              Join the FXGL chat at: https://gitter.im/AlmasB/FXGL
22:35:19.729 [JavaFX Application Thread] DEBUG PrimaryStageWindow   - Creating a JavaFX scene
22:35:20.326 [JavaFX Application Thread] DEBUG PrimaryStageWindow   - Target settings size: 800.0 x 500.0
22:35:20.327 [JavaFX Application Thread] DEBUG PrimaryStageWindow   - Scaled scene size:    800.0 x 500.0
22:35:20.327 [JavaFX Application Thread] DEBUG PrimaryStageWindow   - Scaled ratio: (1.0, 1.0)
22:35:20.329 [JavaFX Application Thread] DEBUG PrimaryStageWindow   - Set initial scene to FXGLStartupScene
22:35:20.339 [JavaFX Application Thread] DEBUG PrimaryStageWindow   - Opening main window
22:35:20.708 [JavaFX Application Thread] DEBUG PrimaryStageWindow   - Window border size: (16.0, 39.0)
22:35:20.709 [JavaFX Application Thread] DEBUG PrimaryStageWindow   - Scaled size: 800.0 x 500.0
22:35:20.709 [JavaFX Application Thread] DEBUG PrimaryStageWindow   - Scaled ratio: (1.0, 1.0)
22:35:20.709 [JavaFX Application Thread] DEBUG PrimaryStageWindow   - Scene size: 800.0 x 500.0
22:35:20.709 [JavaFX Application Thread] DEBUG PrimaryStageWindow   - Stage size: 816.0 x 539.0
22:35:20.762 [FXGL Background Thread 1 ] DEBUG Engine               - Initializing environment variables
22:35:20.823 [FXGL Background Thread 1 ] DEBUG FXGLAssetLoaderServi - User app class for loading assets: class Runner.ServerRunner
22:35:20.824 [FXGL Background Thread 1 ] DEBUG GameApplicationServi - Applying CSS: fxgl_dark.css
22:35:20.825 [FXGL Background Thread 1 ] DEBUG FXGLAssetLoaderServi - Loading from file system: jar:file:/C:/Users/User/.m2/repository/com/github/almasb/fxgl/17.3/fxgl-17.3.jar!/fxglassets/ui/css/fxgl_dark.css
22:35:20.874 [FXGL Background Thread 1 ] DEBUG GameApplicationServi - Initializing application scenes
22:35:20.966 [FXGL Background Thread 1 ] DEBUG GameWorld            - Game world initialized
22:35:21.040 [FXGL Background Thread 1 ] DEBUG PhysicsWorld         - Physics world initialized: appHeight=500, physics.ppm=50,0
22:35:21.040 [FXGL Background Thread 1 ] DEBUG PhysicsWorld         - Using strategy: BRUTE_FORCE
22:35:21.044 [FXGL Background Thread 1 ] DEBUG GameScene            - Game scene initialized: 800x500
22:35:21.057 [FXGL Background Thread 1 ] WARN  FXGL.DefaultMenu     - FXGLDefaultMenu is not designed for resolutions < 800x600
22:35:21.057 [FXGL Background Thread 1 ] DEBUG FXGL.DefaultMenu     - createMenuBodyGameMenu()
22:35:21.076 [FXGL Background Thread 1 ] DEBUG FXGL.DefaultMenu     - createOptionsMenu()
22:35:21.088 [FXGL Background Thread 1 ] DEBUG FXGLAssetLoaderServi - Loading from file system: jar:file:/C:/Users/User/.m2/repository/com/github/almasb/fxgl/17.3/fxgl-17.3.jar!/fxglassets/textures/particles/smoke.png
22:35:21.201 [FXGL Background Thread 1 ] DEBUG FXGLAssetLoaderServi - Loading from file system: jar:file:/C:/Users/User/.m2/repository/com/github/almasb/fxgl/17.3/fxgl-17.3.jar!/fxglassets/textures/particles/trace_horizontal.png
22:35:21.230 [FXGL Background Thread 1 ] DEBUG GameApplicationServi - Application scenes initialized
22:35:21.245 [FXGL Background Thread 1 ] DEBUG SystemBundleService  - Loading FXGL system data
22:35:21.250 [FXGL Background Thread 1 ] DEBUG FileSystemAccess     - Reading from: C:\Users\User\Documents\Millan.Luis\UNEG\Semestre IV\Tecnicas de Prog. III\Sonic-rush\system\fxgl.bundle
22:35:21.264 [FXGL Background Thread 1 ] DEBUG SystemBundleService  - Bundle FXGL: {}
22:35:21.264 [FXGL Background Thread 1 ] DEBUG UpdaterService       - Checking for updates
22:35:21.271 [FXGL Background Thread 1 ] DEBUG FXGLApplication      - Loading default localization
22:35:21.273 [FXGL Background Thread 1 ] DEBUG FXGLAssetLoaderServi - Loading from file system: jar:file:/C:/Users/User/.m2/repository/com/github/almasb/fxgl/17.3/fxgl-17.3.jar!/fxglassets/languages/english.lang
22:35:21.282 [FXGL Background Thread 4 ] DEBUG FXGLApplication      - Loading fonts
22:35:21.311 [FXGL Background Thread 4 ] DEBUG FXGLAssetLoaderServi - Loading from file system: jar:file:/C:/Users/User/.m2/repository/com/github/almasb/fxgl/17.3/fxgl-17.3.jar!/fxglassets/ui/fonts/VarelaRound-Regular.ttf
22:35:21.312 [FXGL Background Thread 1 ] INFO  FXGLApplication      - FXGL initialization took: 0,549 sec
22:35:21.347 [FXGL Background Thread 4 ] DEBUG FXGLAssetLoaderServi - Loading from file system: jar:file:/C:/Users/User/.m2/repository/com/github/almasb/fxgl/17.3/fxgl-17.3.jar!/fxglassets/ui/fonts/Abel-Regular.ttf
22:35:21.352 [FXGL Background Thread 4 ] DEBUG FXGLAssetLoaderServi - Loading from file system: jar:file:/C:/Users/User/.m2/repository/com/github/almasb/fxgl/17.3/fxgl-17.3.jar!/fxglassets/ui/fonts/TerminalLandMono-Regular.otf
22:35:21.356 [FXGL Background Thread 4 ] DEBUG FXGLAssetLoaderServi - Loading from file system: jar:file:/C:/Users/User/.m2/repository/com/github/almasb/fxgl/17.3/fxgl-17.3.jar!/fxglassets/ui/fonts/Courier-Prime.ttf
22:35:21.364 [JavaFX Application Thread] DEBUG FXGLApplication      - Registering font factories with UI factory
22:35:21.373 [JavaFX Application Thread] DEBUG FXGLAssetLoaderServi - Loading from file system: jar:file:/C:/Users/User/.m2/repository/com/github/almasb/fxgl/17.3/fxgl-17.3.jar!/fxglassets/textures/fxgl_icon.png
22:35:21.405 [JavaFX Application Thread] DEBUG FXGLAssetLoaderServi - Loading from file system: jar:file:/C:/Users/User/.m2/repository/com/github/almasb/fxgl/17.3/fxgl-17.3.jar!/fxglassets/textures/fxgl_default_cursor.png
22:35:21.417 [JavaFX Application Thread] DEBUG Input                - Registered new binding: Screenshot - CTRL+8
22:35:21.418 [JavaFX Application Thread] DEBUG Input                - Registered new binding: System info dump - CTRL+9
22:35:21.418 [JavaFX Application Thread] DEBUG Input                - Registered new binding: Restart - CTRL+R
22:35:21.421 [JavaFX Application Thread] DEBUG Input                - Registered new binding: Toggle Debug Camera - CTRL+7
22:35:21.425 [JavaFX Application Thread] DEBUG LoopRunner           - Starting loop
22:35:21.425 [JavaFX Application Thread] DEBUG LoopRunner           - Initializing JavaFX AnimationTimerLoop
22:35:21.426 [JavaFX Application Thread] DEBUG GameApplicationServi - Starting new game
22:35:21.427 [JavaFX Application Thread] DEBUG Input                - Clearing active input actions
22:35:21.443 [JavaFX Application Thread] DEBUG GameApplicationServi - Removing overlay from FXGLStartupScene and adding to FXGLLoadingScene
22:35:21.443 [JavaFX Application Thread] DEBUG PrimaryStageWindow   - FXGLStartupScene -> FXGLLoadingScene
22:35:21.443 [JavaFX Application Thread] DEBUG GameApplicationServi - Clearing previous game
22:35:21.443 [JavaFX Application Thread] DEBUG GameScene            - Clearing game scene
22:35:21.443 [JavaFX Application Thread] DEBUG GameWorld            - Clearing game world
22:35:21.444 [JavaFX Application Thread] DEBUG PhysicsWorld         - Clearing physics world
22:35:21.445 [FXGL Background Thread 1 ] DEBUG FXGLApplication      - Initializing game
22:35:21.544 [ServerAsyncConnThread    ] DEBUG TCPServer            - Starting to listen at: 55555 type: class com.almasb.fxgl.core.serialization.Bundle
22:35:21.644 [FXGL Background Thread 1 ] DEBUG TMXLevelLoader       - Parsed TiledMap: file:/C:/Users/User/Documents/Millan.Luis/UNEG/Semestre%20IV/Tecnicas%20de%20Prog.%20III/Sonic-rush/target/classes/assets/levels/mapazo.tmx
22:35:21.645 [FXGL Background Thread 1 ] DEBUG TMXLevelLoader       - Creating tile layer entities
22:35:21.647 [FXGL Background Thread 1 ] DEBUG TilesetLoader        - Loading view for layer Capa de patrones 1
22:35:21.652 [FXGL Background Thread 1 ] DEBUG TilesetLoader        - Created buffer with size 3840.0x720.0
22:35:21.682 [FXGL Background Thread 1 ] DEBUG TMXLevelLoader       - Creating object layer entities
22:35:21.716 [FXGL Background Thread 1 ] DEBUG GameWorld            - Clearing removable entities
22:35:21.717 [FXGL Background Thread 1 ] DEBUG GameWorld            - Setting level: com.almasb.fxgl.entity.level.Level@3b30927d
22:35:21.757 [FXGL Background Thread 1 ] DEBUG FXGLAssetLoaderServi - Loading from file system: file:/C:/Users/User/Documents/Millan.Luis/UNEG/Semestre%20IV/Tecnicas%20de%20Prog.%20III/Sonic-rush/target/classes/assets/textures/Items/ring.png
22:35:21.849 [FXGL Background Thread 1 ] DEBUG FXGLAssetLoaderServi - Loading from file system: file:/C:/Users/User/Documents/Millan.Luis/UNEG/Semestre%20IV/Tecnicas%20de%20Prog.%20III/Sonic-rush/target/classes/assets/textures/Enemigos/enemigo.png
22:35:21.897 [FXGL Background Thread 1 ] DEBUG FXGLAssetLoaderServi - Loading from file system: file:/C:/Users/User/Documents/Millan.Luis/UNEG/Semestre%20IV/Tecnicas%20de%20Prog.%20III/Sonic-rush/target/classes/assets/textures/Items/papel.png
22:35:21.921 [FXGL Background Thread 1 ] DEBUG FXGLAssetLoaderServi - Loading from file system: file:/C:/Users/User/Documents/Millan.Luis/UNEG/Semestre%20IV/Tecnicas%20de%20Prog.%20III/Sonic-rush/target/classes/assets/textures/Items/basura.png
22:35:21.948 [FXGL Background Thread 1 ] DEBUG FXGLAssetLoaderServi - Loading from file system: file:/C:/Users/User/Documents/Millan.Luis/UNEG/Semestre%20IV/Tecnicas%20de%20Prog.%20III/Sonic-rush/target/classes/assets/textures/Items/caucho.png
22:35:21.959 [FXGL Background Thread 1 ] INFO  FXGLApplication      - Game initialization took: 0,514 sec
22:35:21.990 [JavaFX Application Thread] DEBUG Input                - Clearing active input actions
22:35:22.002 [JavaFX Application Thread] DEBUG GameApplicationServi - Removing overlay from FXGLLoadingScene and adding to GameScene
22:35:22.002 [JavaFX Application Thread] DEBUG PrimaryStageWindow   - FXGLLoadingScene -> GameScene
22:35:22.105 [FXGL Background Thread 2 ] INFO  UpdaterService       - Your current version:  17.3
22:35:22.110 [FXGL Background Thread 2 ] INFO  UpdaterService       - Latest stable version: 21.1
22:35:24.268 [FXGL Background Thread 3 ] DEBUG Engine               - Logging environment variables
22:35:24.269 [FXGL Background Thread 3 ] DEBUG Engine               - achievements: []
22:35:24.269 [FXGL Background Thread 3 ] DEBUG Engine               - actualHeight: 500.0
22:35:24.269 [FXGL Background Thread 3 ] DEBUG Engine               - actualHeightProperty: ReadOnlyDoubleProperty [value: 500.0]
22:35:24.269 [FXGL Background Thread 3 ] DEBUG Engine               - actualWidth: 800.0
22:35:24.269 [FXGL Background Thread 3 ] DEBUG Engine               - actualWidthProperty: ReadOnlyDoubleProperty [value: 800.0]
22:35:24.269 [FXGL Background Thread 3 ] DEBUG Engine               - appIcon: fxgl_icon.png
22:35:24.269 [FXGL Background Thread 3 ] DEBUG Engine               - applicationMode: DEVELOPER
22:35:24.269 [FXGL Background Thread 3 ] DEBUG Engine               - cSSList: [fxgl_dark.css]
22:35:24.269 [FXGL Background Thread 3 ] DEBUG Engine               - collisionDetectionStrategy: BRUTE_FORCE
22:35:24.270 [FXGL Background Thread 3 ] DEBUG Engine               - configClass: Optional.empty
22:35:24.270 [FXGL Background Thread 3 ] DEBUG Engine               - credits: []
22:35:24.270 [FXGL Background Thread 3 ] DEBUG Engine               - defaultCursor: CursorInfo(imageName=fxgl_default_cursor.png, hotspotX=7.0, hotspotY=6.0)
22:35:24.270 [FXGL Background Thread 3 ] DEBUG Engine               - devBBoxColorProperty: ObjectProperty [value: 0xff0000ff]
22:35:24.270 [FXGL Background Thread 3 ] DEBUG Engine               - devEnableDebugCameraProperty: BooleanProperty [value: false]
22:35:24.271 [FXGL Background Thread 3 ] DEBUG Engine               - devSensorColorProperty: ObjectProperty [value: 0xffff00ff]
22:35:24.271 [FXGL Background Thread 3 ] DEBUG Engine               - devShowBBoxProperty: BooleanProperty [value: false]
22:35:24.271 [FXGL Background Thread 3 ] DEBUG Engine               - devShowPositionProperty: BooleanProperty [value: false]
22:35:24.271 [FXGL Background Thread 3 ] DEBUG Engine               - enabledMenuItems: []
22:35:24.271 [FXGL Background Thread 3 ] DEBUG Engine               - engineServices: [class com.almasb.fxgl.app.services.FXGLAssetLoaderService, class com.almasb.fxgl.app.FXGLApplication$GameApplicationService, class com.almasb.fxgl.app.services.FXGLDialogService, class com.almasb.fxgl.app.services.IOTaskExecutorService, class com.almasb.fxgl.io.FileSystemService, class com.almasb.fxgl.localization.LocalizationService, class com.almasb.fxgl.app.services.SystemBundleService, class com.almasb.fxgl.profile.SaveLoadService, class com.almasb.fxgl.ui.FXGLUIFactoryServiceProvider, class com.almasb.fxgl.ui.FXGLDialogFactoryServiceProvider, class com.almasb.fxgl.audio.AudioPlayer, class com.almasb.fxgl.notification.impl.NotificationServiceProvider, class com.almasb.fxgl.achievement.AchievementService, class com.almasb.fxgl.cutscene.CutsceneService, class com.almasb.fxgl.minigames.MiniGameService, class com.almasb.fxgl.net.NetService, class com.almasb.fxgl.app.services.UpdaterService, class com.almasb.fxgl.dev.DevService, class com.almasb.fxgl.multiplayer.MultiplayerService]
22:35:24.271 [FXGL Background Thread 3 ] DEBUG Engine               - fontGame: Abel-Regular.ttf
22:35:24.271 [FXGL Background Thread 3 ] DEBUG Engine               - fontMono: TerminalLandMono-Regular.otf
22:35:24.271 [FXGL Background Thread 3 ] DEBUG Engine               - fontSizeScaleUI: 1.0
22:35:24.271 [FXGL Background Thread 3 ] DEBUG Engine               - fontText: Courier-Prime.ttf
22:35:24.271 [FXGL Background Thread 3 ] DEBUG Engine               - fontUI: VarelaRound-Regular.ttf
22:35:24.271 [FXGL Background Thread 3 ] DEBUG Engine               - fullScreen: BooleanProperty [value: false]
22:35:24.271 [FXGL Background Thread 3 ] DEBUG Engine               - gameDifficulty: MEDIUM
22:35:24.271 [FXGL Background Thread 3 ] DEBUG Engine               - gameDifficultyProperty: ObjectProperty [value: MEDIUM]
22:35:24.271 [FXGL Background Thread 3 ] DEBUG Engine               - globalMusicVolume: 0.5
22:35:24.271 [FXGL Background Thread 3 ] DEBUG Engine               - globalMusicVolumeProperty: DoubleProperty [value: 0.5]
22:35:24.271 [FXGL Background Thread 3 ] DEBUG Engine               - globalSoundVolume: 0.5
22:35:24.271 [FXGL Background Thread 3 ] DEBUG Engine               - globalSoundVolumeProperty: DoubleProperty [value: 0.5]
22:35:24.271 [FXGL Background Thread 3 ] DEBUG Engine               - height: 500
22:35:24.272 [FXGL Background Thread 3 ] DEBUG Engine               - is3D: false
22:35:24.272 [FXGL Background Thread 3 ] DEBUG Engine               - isAndroid: false
22:35:24.272 [FXGL Background Thread 3 ] DEBUG Engine               - isBrowser: false
22:35:24.272 [FXGL Background Thread 3 ] DEBUG Engine               - isClickFeedbackEnabled: false
22:35:24.272 [FXGL Background Thread 3 ] DEBUG Engine               - isCloseConfirmation: false
22:35:24.272 [FXGL Background Thread 3 ] DEBUG Engine               - isDesktop: true
22:35:24.272 [FXGL Background Thread 3 ] DEBUG Engine               - isDeveloperMenuEnabled: false
22:35:24.272 [FXGL Background Thread 3 ] DEBUG Engine               - isEmbedded: false
22:35:24.272 [FXGL Background Thread 3 ] DEBUG Engine               - isEntityPreloadEnabled: true
22:35:24.272 [FXGL Background Thread 3 ] DEBUG Engine               - isExperimentalTiledLargeMap: false
22:35:24.272 [FXGL Background Thread 3 ] DEBUG Engine               - isFileSystemWriteAllowed: true
22:35:24.272 [FXGL Background Thread 3 ] DEBUG Engine               - isFullScreenAllowed: false
22:35:24.272 [FXGL Background Thread 3 ] DEBUG Engine               - isFullScreenFromStart: false
22:35:24.272 [FXGL Background Thread 3 ] DEBUG Engine               - isGameMenuEnabled: true
22:35:24.272 [FXGL Background Thread 3 ] DEBUG Engine               - isIOS: false
22:35:24.272 [FXGL Background Thread 3 ] DEBUG Engine               - isIntroEnabled: false
22:35:24.272 [FXGL Background Thread 3 ] DEBUG Engine               - isLinux: false
22:35:24.272 [FXGL Background Thread 3 ] DEBUG Engine               - isMac: false
22:35:24.272 [FXGL Background Thread 3 ] DEBUG Engine               - isMainMenuEnabled: false
22:35:24.272 [FXGL Background Thread 3 ] DEBUG Engine               - isManualResizeEnabled: false
22:35:24.272 [FXGL Background Thread 3 ] DEBUG Engine               - isMobile: false
22:35:24.273 [FXGL Background Thread 3 ] DEBUG Engine               - isNative: false
22:35:24.273 [FXGL Background Thread 3 ] DEBUG Engine               - isPauseMusicWhenMinimized: true
22:35:24.273 [FXGL Background Thread 3 ] DEBUG Engine               - isPreserveResizeRatio: false
22:35:24.273 [FXGL Background Thread 3 ] DEBUG Engine               - isProfilingEnabled: false
22:35:24.273 [FXGL Background Thread 3 ] DEBUG Engine               - isScaleAffectedOnResize: true
22:35:24.273 [FXGL Background Thread 3 ] DEBUG Engine               - isSingleStep: false
22:35:24.273 [FXGL Background Thread 3 ] DEBUG Engine               - isUserProfileEnabled: false
22:35:24.273 [FXGL Background Thread 3 ] DEBUG Engine               - isWindows: true
22:35:24.273 [FXGL Background Thread 3 ] DEBUG Engine               - language: ObjectProperty [value: ENGLISH]
22:35:24.273 [FXGL Background Thread 3 ] DEBUG Engine               - menuKey: ESCAPE
22:35:24.274 [FXGL Background Thread 3 ] DEBUG Engine               - mouseSensitivity: 0.2
22:35:24.275 [FXGL Background Thread 3 ] DEBUG Engine               - notificationViewClass: class com.almasb.fxgl.notification.view.XboxNotificationView
22:35:24.275 [FXGL Background Thread 3 ] DEBUG Engine               - pixelsPerMeter: 50.0
22:35:24.275 [FXGL Background Thread 3 ] DEBUG Engine               - platform: WINDOWS
22:35:24.275 [FXGL Background Thread 3 ] DEBUG Engine               - prefHeightProperty: ReadOnlyDoubleProperty [value: 500.0]
22:35:24.277 [FXGL Background Thread 3 ] DEBUG Engine               - prefWidthProperty: ReadOnlyDoubleProperty [value: 800.0]
22:35:24.277 [FXGL Background Thread 3 ] DEBUG Engine               - profileDir: profiles/
22:35:24.277 [FXGL Background Thread 3 ] DEBUG Engine               - profileName: StringProperty [value: DEFAULT]
22:35:24.277 [FXGL Background Thread 3 ] DEBUG Engine               - randomSeed: -1
22:35:24.278 [FXGL Background Thread 3 ] DEBUG Engine               - runtimeInfo: RuntimeInfo(platform=WINDOWS, version=17.3, build=30.03.2023 11.49)
22:35:24.278 [FXGL Background Thread 3 ] DEBUG Engine               - saveFileExt: sav
22:35:24.278 [FXGL Background Thread 3 ] DEBUG Engine               - scaledHeightProp$fxgl: DoubleProperty [bound, value: 500.0]
22:35:24.278 [FXGL Background Thread 3 ] DEBUG Engine               - scaledWidthProp$fxgl: DoubleProperty [bound, value: 800.0]
22:35:24.278 [FXGL Background Thread 3 ] DEBUG Engine               - sceneFactory: com.almasb.fxgl.app.scene.SceneFactory@388a2a1e
22:35:24.279 [FXGL Background Thread 3 ] DEBUG Engine               - secondsIn24h: 60
22:35:24.279 [FXGL Background Thread 3 ] DEBUG Engine               - soundMenuBack: menu/back.wav
22:35:24.279 [FXGL Background Thread 3 ] DEBUG Engine               - soundMenuPress: menu/press.wav
22:35:24.279 [FXGL Background Thread 3 ] DEBUG Engine               - soundMenuSelect: menu/select.wav
22:35:24.279 [FXGL Background Thread 3 ] DEBUG Engine               - soundNotification: core/notification.wav
22:35:24.280 [FXGL Background Thread 3 ] DEBUG Engine               - stageStyle: DECORATED
22:35:24.280 [FXGL Background Thread 3 ] DEBUG Engine               - supportedLanguages: [ENGLISH, FRENCH, GERMAN, HUNGARIAN, RUSSIAN]
22:35:24.280 [FXGL Background Thread 3 ] DEBUG Engine               - ticksPerSecond: -1
22:35:24.280 [FXGL Background Thread 3 ] DEBUG Engine               - title: Server
22:35:24.280 [FXGL Background Thread 3 ] DEBUG Engine               - urlGithub: https://github.com/AlmasB/FXGL
22:35:24.280 [FXGL Background Thread 3 ] DEBUG Engine               - urlLeaderboard: http://fxgl-top.herokuapp.com/
22:35:24.280 [FXGL Background Thread 3 ] DEBUG Engine               - urlPOM: https://raw.githubusercontent.com/AlmasB/FXGL/release/README.md
22:35:24.280 [FXGL Background Thread 3 ] DEBUG Engine               - userAppClass: class Runner.ServerRunner
22:35:24.280 [FXGL Background Thread 3 ] DEBUG Engine               - version: 0.0
22:35:24.280 [FXGL Background Thread 3 ] DEBUG Engine               - versionCheckDays: 7
22:35:24.280 [FXGL Background Thread 3 ] DEBUG Engine               - width: 800
22:35:24.280 [FXGL Background Thread 3 ] DEBUG Engine               - Logging services
22:35:24.280 [FXGL Background Thread 3 ] DEBUG Engine               - class com.almasb.fxgl.app.services.FXGLAssetLoaderService
22:35:24.280 [FXGL Background Thread 3 ] DEBUG Engine               - class com.almasb.fxgl.app.FXGLApplication$GameApplicationService
22:35:24.280 [FXGL Background Thread 3 ] DEBUG Engine               - class com.almasb.fxgl.app.services.FXGLDialogService
22:35:24.280 [FXGL Background Thread 3 ] DEBUG Engine               - class com.almasb.fxgl.app.services.IOTaskExecutorService
22:35:24.280 [FXGL Background Thread 3 ] DEBUG Engine               - class com.almasb.fxgl.io.FileSystemService
22:35:24.281 [FXGL Background Thread 3 ] DEBUG Engine               - class com.almasb.fxgl.localization.LocalizationService
22:35:24.281 [FXGL Background Thread 3 ] DEBUG Engine               - class com.almasb.fxgl.app.services.SystemBundleService
22:35:24.281 [FXGL Background Thread 3 ] DEBUG Engine               - class com.almasb.fxgl.profile.SaveLoadService
22:35:24.281 [FXGL Background Thread 3 ] DEBUG Engine               - class com.almasb.fxgl.ui.FXGLUIFactoryServiceProvider
22:35:24.281 [FXGL Background Thread 3 ] DEBUG Engine               - class com.almasb.fxgl.ui.FXGLDialogFactoryServiceProvider
22:35:24.281 [FXGL Background Thread 3 ] DEBUG Engine               - class com.almasb.fxgl.audio.AudioPlayer
22:35:24.281 [FXGL Background Thread 3 ] DEBUG Engine               - class com.almasb.fxgl.notification.impl.NotificationServiceProvider
22:35:24.281 [FXGL Background Thread 3 ] DEBUG Engine               - class com.almasb.fxgl.achievement.AchievementService
22:35:24.281 [FXGL Background Thread 3 ] DEBUG Engine               - class com.almasb.fxgl.cutscene.CutsceneService
22:35:24.281 [FXGL Background Thread 3 ] DEBUG Engine               - class com.almasb.fxgl.minigames.MiniGameService
22:35:24.281 [FXGL Background Thread 3 ] DEBUG Engine               - class com.almasb.fxgl.net.NetService
22:35:24.281 [FXGL Background Thread 3 ] DEBUG Engine               - class com.almasb.fxgl.app.services.UpdaterService
22:35:24.281 [FXGL Background Thread 3 ] DEBUG Engine               - class com.almasb.fxgl.dev.DevService
22:35:24.281 [FXGL Background Thread 3 ] DEBUG Engine               - class com.almasb.fxgl.multiplayer.MultiplayerService
22:35:25.352 [ServerAsyncConnThread    ] DEBUG Endpoint             - TCPServer opening new connection (1) from /127.0.0.1:62607 type: class com.almasb.fxgl.core.serialization.Bundle
22:35:25.354 [ServerAsyncConnThread    ] DEBUG Endpoint             - TCPServer successfully opened connection (1)
22:35:25.387 [TCPServer_SendThread-1   ] DEBUG Writers              - Getting TCPMessageWriter for class com.almasb.fxgl.core.serialization.Bundle
22:35:25.390 [TCPServer_RecvThread-1   ] DEBUG Readers              - Constructed MessageReader for class com.almasb.fxgl.core.serialization.Bundle: BundleTCPMessageReader
22:35:25.391 [TCPServer_SendThread-1   ] DEBUG Writers              - Constructed TCPMessageWriter for class com.almasb.fxgl.core.serialization.Bundle: BundleTCPMessageWriter
22:35:44.543 [JavaFX Application Thread] DEBUG FXGLAssetLoaderServi - Loading from file system: file:/C:/Users/User/Documents/Millan.Luis/UNEG/Semestre%20IV/Tecnicas%20de%20Prog.%20III/Sonic-rush/target/classes/assets/textures/Escenario/arbol.png
22:35:44.625 [JavaFX Application Thread] DEBUG FXGLAssetLoaderServi - Loading from file system: file:/C:/Users/User/Documents/Millan.Luis/UNEG/Semestre%20IV/Tecnicas%20de%20Prog.%20III/Sonic-rush/target/classes/assets/textures/Enemigos/eggman.png
22:35:49.525 [TCPServer_RecvThread-1   ] DEBUG Endpoint             - Connection 1 was unexpectedly disconnected: Connection reset
22:35:49.526 [TCPServer_RecvThread-1   ] DEBUG Connection           - Closing connection 1
22:35:49.526 [TCPServer_RecvThread-1   ] DEBUG Connection           - Connection 1 was correctly closed from local endpoint.
22:35:49.526 [TCPServer_RecvThread-1   ] DEBUG Endpoint             - TCPServer connection (1) was closed
22:35:49.845 [JavaFX Application Thread] DEBUG FXGLApplication      - Exiting FXGL
22:35:49.845 [JavaFX Application Thread] DEBUG LoopRunner           - Stopping loop
22:35:49.845 [JavaFX Application Thread] DEBUG SystemBundleService  - Saving FXGL system data
22:35:49.846 [JavaFX Application Thread] DEBUG FileSystemAccess     - Writing to: C:\Users\User\Documents\Millan.Luis\UNEG\Semestre IV\Tecnicas de Prog. III\Sonic-rush\system\fxgl.bundle
22:35:49.847 [JavaFX Application Thread] DEBUG Async                - Shutting down background threads
22:35:49.847 [JavaFX Application Thread] DEBUG PrimaryStageWindow   - Closing main window
22:35:49.857 [JavaFX Application Thread] DEBUG Logger               - Closing Logger
