14:25:06.184 [main                     ] DEBUG Logger               - Configured Logger
14:25:06.258 [main                     ] DEBUG GameApplication      - Logging settings
Title: Jugador Sonic
Version: 0.0
Width: 1000
Height: 600
Fullscreen: false
Intro: false
Profiling: false
Single step:false
App Mode: DEVELOPER
Menu Key: ESCAPE
Stage Style: DECORATED
Scene Factory: class com.almasb.fxgl.app.scene.SceneFactory

14:25:07.301 [JavaFX Application Thread] DEBUG FXGLApplication      - Initializing FXGL
14:25:07.320 [JavaFX Application Thread] INFO  Engine               - FXGL-17.3 (30.03.2023 11.49) on WINDOWS (J:17.0.12 FX:20)
14:25:07.321 [JavaFX Application Thread] DEBUG Engine               - JRE Vendor Name: Oracle Corporation
14:25:07.322 [JavaFX Application Thread] DEBUG Engine               - Running on OS: Windows 10 version 10.0
14:25:07.322 [JavaFX Application Thread] DEBUG Engine               - Architecture: amd64
14:25:07.322 [JavaFX Application Thread] INFO  Engine               - Source code and latest versions at: https://github.com/AlmasB/FXGL
14:25:07.323 [JavaFX Application Thread] INFO  Engine               -       Ask questions and discuss at: https://github.com/AlmasB/FXGL/discussions
14:25:07.323 [JavaFX Application Thread] INFO  Engine               -              Join the FXGL chat at: https://gitter.im/AlmasB/FXGL
14:25:07.726 [JavaFX Application Thread] DEBUG PrimaryStageWindow   - Creating a JavaFX scene
14:25:07.848 [JavaFX Application Thread] DEBUG PrimaryStageWindow   - Target settings size: 1000.0 x 600.0
14:25:07.849 [JavaFX Application Thread] DEBUG PrimaryStageWindow   - Scaled scene size:    1000.0 x 600.0
14:25:07.851 [JavaFX Application Thread] DEBUG PrimaryStageWindow   - Scaled ratio: (1.0, 1.0)
14:25:07.853 [JavaFX Application Thread] DEBUG PrimaryStageWindow   - Set initial scene to FXGLStartupScene
14:25:07.861 [JavaFX Application Thread] DEBUG PrimaryStageWindow   - Opening main window
14:25:08.027 [JavaFX Application Thread] DEBUG PrimaryStageWindow   - Window border size: (14.4000244140625, 37.5999755859375)
14:25:08.028 [JavaFX Application Thread] DEBUG PrimaryStageWindow   - Scaled size: 1000.0 x 600.0
14:25:08.029 [JavaFX Application Thread] DEBUG PrimaryStageWindow   - Scaled ratio: (1.0, 1.0)
14:25:08.030 [JavaFX Application Thread] DEBUG PrimaryStageWindow   - Scene size: 1000.0 x 600.0
14:25:08.031 [JavaFX Application Thread] DEBUG PrimaryStageWindow   - Stage size: 1014.4000244140625 x 637.5999755859375
14:25:08.500 [FXGL Background Thread 1 ] DEBUG Engine               - Initializing environment variables
14:25:08.605 [FXGL Background Thread 1 ] DEBUG FXGLAssetLoaderServi - User app class for loading assets: class Runner.ClientRunner
14:25:08.607 [FXGL Background Thread 1 ] DEBUG GameApplicationServi - Applying CSS: fxgl_dark.css
14:25:08.612 [FXGL Background Thread 1 ] DEBUG FXGLAssetLoaderServi - Loading from file system: jar:file:/C:/Users/Owner/.m2/repository/com/github/almasb/fxgl/17.3/fxgl-17.3.jar!/fxglassets/ui/css/fxgl_dark.css
14:25:09.024 [FXGL Background Thread 1 ] DEBUG GameApplicationServi - Initializing application scenes
14:25:09.265 [FXGL Background Thread 1 ] DEBUG GameWorld            - Game world initialized
14:25:09.517 [FXGL Background Thread 1 ] DEBUG PhysicsWorld         - Physics world initialized: appHeight=600, physics.ppm=50.0
14:25:09.518 [FXGL Background Thread 1 ] DEBUG PhysicsWorld         - Using strategy: BRUTE_FORCE
14:25:09.529 [FXGL Background Thread 1 ] DEBUG GameScene            - Game scene initialized: 1000x600
14:25:09.563 [FXGL Background Thread 1 ] DEBUG FXGL.DefaultMenu     - createMenuBodyGameMenu()
14:25:09.611 [FXGL Background Thread 1 ] DEBUG FXGL.DefaultMenu     - createOptionsMenu()
14:25:09.665 [FXGL Background Thread 1 ] DEBUG FXGLAssetLoaderServi - Loading from file system: jar:file:/C:/Users/Owner/.m2/repository/com/github/almasb/fxgl/17.3/fxgl-17.3.jar!/fxglassets/textures/particles/smoke.png
14:25:09.996 [FXGL Background Thread 1 ] DEBUG FXGLAssetLoaderServi - Loading from file system: jar:file:/C:/Users/Owner/.m2/repository/com/github/almasb/fxgl/17.3/fxgl-17.3.jar!/fxglassets/textures/particles/trace_horizontal.png
14:25:10.063 [FXGL Background Thread 1 ] DEBUG GameApplicationServi - Application scenes initialized
14:25:10.145 [FXGL Background Thread 1 ] DEBUG SystemBundleService  - Loading FXGL system data
14:25:10.156 [FXGL Background Thread 1 ] DEBUG FileSystemAccess     - Reading from: C:\Users\Owner\Desktop\Sonic-rush\system\fxgl.bundle
14:25:10.175 [FXGL Background Thread 1 ] DEBUG SystemBundleService  - Bundle FXGL: {}
14:25:10.176 [FXGL Background Thread 1 ] DEBUG UpdaterService       - Checking for updates
14:25:10.190 [FXGL Background Thread 1 ] DEBUG FXGLApplication      - Loading default localization
14:25:10.191 [FXGL Background Thread 1 ] DEBUG FXGLAssetLoaderServi - Loading from file system: jar:file:/C:/Users/Owner/.m2/repository/com/github/almasb/fxgl/17.3/fxgl-17.3.jar!/fxglassets/languages/english.lang
14:25:10.233 [FXGL Background Thread 1 ] INFO  FXGLApplication      - FXGL initialization took: 1.732 sec
14:25:10.241 [FXGL Background Thread 4 ] DEBUG FXGLApplication      - Loading fonts
14:25:10.244 [FXGL Background Thread 4 ] DEBUG FXGLAssetLoaderServi - Loading from file system: jar:file:/C:/Users/Owner/.m2/repository/com/github/almasb/fxgl/17.3/fxgl-17.3.jar!/fxglassets/ui/fonts/VarelaRound-Regular.ttf
14:25:10.256 [JavaFX Application Thread] DEBUG Input                - Registered new binding: Mover a la izquierda - A
14:25:10.256 [JavaFX Application Thread] DEBUG Input                - Registered new binding: Mover a la derecha - D
14:25:10.256 [JavaFX Application Thread] DEBUG Input                - Registered new binding: Saltar - W
14:25:10.257 [JavaFX Application Thread] DEBUG Input                - Registered new binding: Interactuar - E
14:25:10.258 [JavaFX Application Thread] DEBUG FXGLAssetLoaderServi - Loading from file system: jar:file:/C:/Users/Owner/.m2/repository/com/github/almasb/fxgl/17.3/fxgl-17.3.jar!/fxglassets/textures/fxgl_icon.png
14:25:10.347 [JavaFX Application Thread] DEBUG FXGLAssetLoaderServi - Loading from file system: jar:file:/C:/Users/Owner/.m2/repository/com/github/almasb/fxgl/17.3/fxgl-17.3.jar!/fxglassets/textures/fxgl_default_cursor.png
14:25:10.354 [JavaFX Application Thread] DEBUG Input                - Registered new binding: Screenshot - CTRL+8
14:25:10.355 [JavaFX Application Thread] DEBUG Input                - Registered new binding: System info dump - CTRL+9
14:25:10.356 [JavaFX Application Thread] DEBUG Input                - Registered new binding: Restart - CTRL+R
14:25:10.357 [JavaFX Application Thread] DEBUG Input                - Registered new binding: Toggle Debug Camera - CTRL+7
14:25:10.364 [JavaFX Application Thread] DEBUG LoopRunner           - Starting loop
14:25:10.364 [JavaFX Application Thread] DEBUG LoopRunner           - Initializing JavaFX AnimationTimerLoop
14:25:10.425 [JavaFX Application Thread] DEBUG GameApplicationServi - Starting new game
14:25:10.430 [JavaFX Application Thread] DEBUG Input                - Clearing active input actions
14:25:10.460 [JavaFX Application Thread] DEBUG GameApplicationServi - Removing overlay from FXGLStartupScene and adding to FXGLLoadingScene
14:25:10.461 [JavaFX Application Thread] DEBUG PrimaryStageWindow   - FXGLStartupScene -> FXGLLoadingScene
14:25:10.461 [JavaFX Application Thread] DEBUG GameApplicationServi - Clearing previous game
14:25:10.461 [JavaFX Application Thread] DEBUG GameScene            - Clearing game scene
14:25:10.461 [JavaFX Application Thread] DEBUG GameWorld            - Clearing game world
14:25:10.462 [JavaFX Application Thread] DEBUG PhysicsWorld         - Clearing physics world
14:25:10.464 [FXGL Background Thread 1 ] DEBUG FXGLApplication      - Initializing game
14:25:10.502 [FXGL Background Thread 1 ] DEBUG FXGLAssetLoaderServi - Loading from file system: file:/C:/Users/Owner/Desktop/Sonic-rush/target/classes/assets/music/OST2.mp3
14:25:11.922 [FXGL Background Thread 4 ] DEBUG FXGLAssetLoaderServi - Loading from file system: jar:file:/C:/Users/Owner/.m2/repository/com/github/almasb/fxgl/17.3/fxgl-17.3.jar!/fxglassets/ui/fonts/Abel-Regular.ttf
14:25:11.953 [FXGL Background Thread 4 ] DEBUG FXGLAssetLoaderServi - Loading from file system: jar:file:/C:/Users/Owner/.m2/repository/com/github/almasb/fxgl/17.3/fxgl-17.3.jar!/fxglassets/ui/fonts/TerminalLandMono-Regular.otf
14:25:12.230 [FXGL Background Thread 4 ] DEBUG FXGLAssetLoaderServi - Loading from file system: jar:file:/C:/Users/Owner/.m2/repository/com/github/almasb/fxgl/17.3/fxgl-17.3.jar!/fxglassets/ui/fonts/Courier-Prime.ttf
14:25:12.822 [JavaFX Application Thread] DEBUG FXGLApplication      - Registering font factories with UI factory
14:25:13.263 [FXGL Background Thread 3 ] DEBUG Engine               - Logging environment variables
14:25:13.264 [FXGL Background Thread 3 ] DEBUG Engine               - achievements: []
14:25:13.264 [FXGL Background Thread 3 ] DEBUG Engine               - actualHeight: 600.0
14:25:13.266 [FXGL Background Thread 3 ] DEBUG Engine               - actualHeightProperty: ReadOnlyDoubleProperty [value: 600.0]
14:25:13.267 [FXGL Background Thread 3 ] DEBUG Engine               - actualWidth: 1000.0
14:25:13.267 [FXGL Background Thread 3 ] DEBUG Engine               - actualWidthProperty: ReadOnlyDoubleProperty [value: 1000.0]
14:25:13.289 [FXGL Background Thread 3 ] DEBUG Engine               - appIcon: fxgl_icon.png
14:25:13.296 [FXGL Background Thread 3 ] DEBUG Engine               - applicationMode: DEVELOPER
14:25:13.326 [FXGL Background Thread 3 ] DEBUG Engine               - cSSList: [fxgl_dark.css]
14:25:13.327 [FXGL Background Thread 3 ] DEBUG Engine               - collisionDetectionStrategy: BRUTE_FORCE
14:25:13.331 [FXGL Background Thread 3 ] DEBUG Engine               - configClass: Optional.empty
14:25:13.332 [FXGL Background Thread 3 ] DEBUG Engine               - credits: []
14:25:13.334 [FXGL Background Thread 3 ] DEBUG Engine               - defaultCursor: CursorInfo(imageName=fxgl_default_cursor.png, hotspotX=7.0, hotspotY=6.0)
14:25:13.335 [FXGL Background Thread 3 ] DEBUG Engine               - devBBoxColorProperty: ObjectProperty [value: 0xff0000ff]
14:25:13.336 [FXGL Background Thread 3 ] DEBUG Engine               - devEnableDebugCameraProperty: BooleanProperty [value: false]
14:25:13.336 [FXGL Background Thread 3 ] DEBUG Engine               - devSensorColorProperty: ObjectProperty [value: 0xffff00ff]
14:25:13.337 [FXGL Background Thread 3 ] DEBUG Engine               - devShowBBoxProperty: BooleanProperty [value: false]
14:25:13.337 [FXGL Background Thread 3 ] DEBUG Engine               - devShowPositionProperty: BooleanProperty [value: false]
14:25:13.343 [FXGL Background Thread 3 ] DEBUG Engine               - enabledMenuItems: []
14:25:13.343 [FXGL Background Thread 3 ] DEBUG Engine               - engineServices: [class com.almasb.fxgl.app.services.FXGLAssetLoaderService, class com.almasb.fxgl.app.FXGLApplication$GameApplicationService, class com.almasb.fxgl.app.services.FXGLDialogService, class com.almasb.fxgl.app.services.IOTaskExecutorService, class com.almasb.fxgl.io.FileSystemService, class com.almasb.fxgl.localization.LocalizationService, class com.almasb.fxgl.app.services.SystemBundleService, class com.almasb.fxgl.profile.SaveLoadService, class com.almasb.fxgl.ui.FXGLUIFactoryServiceProvider, class com.almasb.fxgl.ui.FXGLDialogFactoryServiceProvider, class com.almasb.fxgl.audio.AudioPlayer, class com.almasb.fxgl.notification.impl.NotificationServiceProvider, class com.almasb.fxgl.achievement.AchievementService, class com.almasb.fxgl.cutscene.CutsceneService, class com.almasb.fxgl.minigames.MiniGameService, class com.almasb.fxgl.net.NetService, class com.almasb.fxgl.app.services.UpdaterService, class com.almasb.fxgl.dev.DevService, class com.almasb.fxgl.multiplayer.MultiplayerService]
14:25:13.345 [FXGL Background Thread 3 ] DEBUG Engine               - fontGame: Abel-Regular.ttf
14:25:13.346 [FXGL Background Thread 3 ] DEBUG Engine               - fontMono: TerminalLandMono-Regular.otf
14:25:13.347 [FXGL Background Thread 3 ] DEBUG Engine               - fontSizeScaleUI: 1.0
14:25:13.357 [FXGL Background Thread 3 ] DEBUG Engine               - fontText: Courier-Prime.ttf
14:25:13.363 [FXGL Background Thread 3 ] DEBUG Engine               - fontUI: VarelaRound-Regular.ttf
14:25:13.387 [FXGL Background Thread 3 ] DEBUG Engine               - fullScreen: BooleanProperty [value: false]
14:25:13.393 [FXGL Background Thread 3 ] DEBUG Engine               - gameDifficulty: MEDIUM
14:25:13.396 [FXGL Background Thread 3 ] DEBUG Engine               - gameDifficultyProperty: ObjectProperty [value: MEDIUM]
14:25:13.397 [FXGL Background Thread 3 ] DEBUG Engine               - globalMusicVolume: 0.5
14:25:13.420 [FXGL Background Thread 3 ] DEBUG Engine               - globalMusicVolumeProperty: DoubleProperty [value: 0.5]
14:25:13.421 [FXGL Background Thread 3 ] DEBUG Engine               - globalSoundVolume: 0.5
14:25:13.422 [FXGL Background Thread 3 ] DEBUG Engine               - globalSoundVolumeProperty: DoubleProperty [value: 0.5]
14:25:13.422 [FXGL Background Thread 3 ] DEBUG Engine               - height: 600
14:25:13.422 [FXGL Background Thread 3 ] DEBUG Engine               - is3D: false
14:25:13.422 [FXGL Background Thread 3 ] DEBUG Engine               - isAndroid: false
14:25:13.422 [FXGL Background Thread 3 ] DEBUG Engine               - isBrowser: false
14:25:13.423 [FXGL Background Thread 3 ] DEBUG Engine               - isClickFeedbackEnabled: false
14:25:13.423 [FXGL Background Thread 3 ] DEBUG Engine               - isCloseConfirmation: false
14:25:13.423 [FXGL Background Thread 3 ] DEBUG Engine               - isDesktop: true
14:25:13.423 [FXGL Background Thread 3 ] DEBUG Engine               - isDeveloperMenuEnabled: false
14:25:13.424 [FXGL Background Thread 3 ] DEBUG Engine               - isEmbedded: false
14:25:13.424 [FXGL Background Thread 3 ] DEBUG Engine               - isEntityPreloadEnabled: true
14:25:13.424 [FXGL Background Thread 3 ] DEBUG Engine               - isExperimentalTiledLargeMap: false
14:25:13.424 [FXGL Background Thread 3 ] DEBUG Engine               - isFileSystemWriteAllowed: true
14:25:13.424 [FXGL Background Thread 3 ] DEBUG Engine               - isFullScreenAllowed: false
14:25:13.425 [FXGL Background Thread 3 ] DEBUG Engine               - isFullScreenFromStart: false
14:25:13.425 [FXGL Background Thread 3 ] DEBUG Engine               - isGameMenuEnabled: true
14:25:13.425 [FXGL Background Thread 3 ] DEBUG Engine               - isIOS: false
14:25:13.425 [FXGL Background Thread 3 ] DEBUG Engine               - isIntroEnabled: false
14:25:13.426 [FXGL Background Thread 3 ] DEBUG Engine               - isLinux: false
14:25:13.426 [FXGL Background Thread 3 ] DEBUG Engine               - isMac: false
14:25:13.426 [FXGL Background Thread 3 ] DEBUG Engine               - isMainMenuEnabled: false
14:25:13.427 [FXGL Background Thread 3 ] DEBUG Engine               - isManualResizeEnabled: false
14:25:13.428 [FXGL Background Thread 3 ] DEBUG Engine               - isMobile: false
14:25:13.429 [FXGL Background Thread 3 ] DEBUG Engine               - isNative: false
14:25:13.430 [FXGL Background Thread 3 ] DEBUG Engine               - isPauseMusicWhenMinimized: true
14:25:13.430 [FXGL Background Thread 3 ] DEBUG Engine               - isPreserveResizeRatio: false
14:25:13.430 [FXGL Background Thread 3 ] DEBUG Engine               - isProfilingEnabled: false
14:25:13.662 [FXGL Background Thread 3 ] DEBUG Engine               - isScaleAffectedOnResize: true
14:25:13.663 [FXGL Background Thread 3 ] DEBUG Engine               - isSingleStep: false
14:25:13.663 [FXGL Background Thread 3 ] DEBUG Engine               - isUserProfileEnabled: false
14:25:13.663 [FXGL Background Thread 3 ] DEBUG Engine               - isWindows: true
14:25:13.663 [FXGL Background Thread 3 ] DEBUG Engine               - language: ObjectProperty [value: ENGLISH]
14:25:13.664 [FXGL Background Thread 3 ] DEBUG Engine               - menuKey: ESCAPE
14:25:13.664 [FXGL Background Thread 3 ] DEBUG Engine               - mouseSensitivity: 0.2
14:25:13.665 [FXGL Background Thread 3 ] DEBUG Engine               - notificationViewClass: class com.almasb.fxgl.notification.view.XboxNotificationView
14:25:13.689 [FXGL Background Thread 3 ] DEBUG Engine               - pixelsPerMeter: 50.0
14:25:13.694 [FXGL Background Thread 3 ] DEBUG Engine               - platform: WINDOWS
14:25:13.696 [FXGL Background Thread 3 ] DEBUG Engine               - prefHeightProperty: ReadOnlyDoubleProperty [value: 600.0]
14:25:13.696 [FXGL Background Thread 3 ] DEBUG Engine               - prefWidthProperty: ReadOnlyDoubleProperty [value: 1000.0]
14:25:13.697 [FXGL Background Thread 3 ] DEBUG Engine               - profileDir: profiles/
14:25:13.698 [FXGL Background Thread 3 ] DEBUG Engine               - profileName: StringProperty [value: DEFAULT]
14:25:13.698 [FXGL Background Thread 3 ] DEBUG Engine               - randomSeed: -1
14:25:13.710 [FXGL Background Thread 3 ] DEBUG Engine               - runtimeInfo: RuntimeInfo(platform=WINDOWS, version=17.3, build=30.03.2023 11.49)
14:25:13.712 [FXGL Background Thread 3 ] DEBUG Engine               - saveFileExt: sav
14:25:13.715 [FXGL Background Thread 3 ] DEBUG Engine               - scaledHeightProp$fxgl: DoubleProperty [bound, value: 600.0]
14:25:13.719 [FXGL Background Thread 3 ] DEBUG Engine               - scaledWidthProp$fxgl: DoubleProperty [bound, value: 1000.0]
14:25:13.723 [FXGL Background Thread 3 ] DEBUG Engine               - sceneFactory: com.almasb.fxgl.app.scene.SceneFactory@4895348f
14:25:13.724 [FXGL Background Thread 3 ] DEBUG Engine               - secondsIn24h: 60
14:25:13.724 [FXGL Background Thread 3 ] DEBUG Engine               - soundMenuBack: menu/back.wav
14:25:13.724 [FXGL Background Thread 3 ] DEBUG Engine               - soundMenuPress: menu/press.wav
14:25:13.725 [FXGL Background Thread 3 ] DEBUG Engine               - soundMenuSelect: menu/select.wav
14:25:13.753 [FXGL Background Thread 3 ] DEBUG Engine               - soundNotification: core/notification.wav
14:25:13.753 [FXGL Background Thread 3 ] DEBUG Engine               - stageStyle: DECORATED
14:25:13.753 [FXGL Background Thread 3 ] DEBUG Engine               - supportedLanguages: [ENGLISH, FRENCH, GERMAN, HUNGARIAN, RUSSIAN]
14:25:13.754 [FXGL Background Thread 3 ] DEBUG Engine               - ticksPerSecond: -1
14:25:13.754 [FXGL Background Thread 3 ] DEBUG Engine               - title: Jugador Sonic
14:25:13.754 [FXGL Background Thread 3 ] DEBUG Engine               - urlGithub: https://github.com/AlmasB/FXGL
14:25:13.754 [FXGL Background Thread 3 ] DEBUG Engine               - urlLeaderboard: http://fxgl-top.herokuapp.com/
14:25:13.754 [FXGL Background Thread 3 ] DEBUG Engine               - urlPOM: https://raw.githubusercontent.com/AlmasB/FXGL/release/README.md
14:25:13.754 [FXGL Background Thread 3 ] DEBUG Engine               - userAppClass: class Runner.ClientRunner
14:25:13.754 [FXGL Background Thread 3 ] DEBUG Engine               - version: 0.0
14:25:13.754 [FXGL Background Thread 3 ] DEBUG Engine               - versionCheckDays: 7
14:25:13.754 [FXGL Background Thread 3 ] DEBUG Engine               - width: 1000
14:25:13.754 [FXGL Background Thread 3 ] DEBUG Engine               - Logging services
14:25:13.754 [FXGL Background Thread 3 ] DEBUG Engine               - class com.almasb.fxgl.app.services.FXGLAssetLoaderService
14:25:13.754 [FXGL Background Thread 3 ] DEBUG Engine               - class com.almasb.fxgl.app.FXGLApplication$GameApplicationService
14:25:13.755 [FXGL Background Thread 3 ] DEBUG Engine               - class com.almasb.fxgl.app.services.FXGLDialogService
14:25:13.755 [FXGL Background Thread 3 ] DEBUG Engine               - class com.almasb.fxgl.app.services.IOTaskExecutorService
14:25:13.757 [FXGL Background Thread 3 ] DEBUG Engine               - class com.almasb.fxgl.io.FileSystemService
14:25:13.763 [FXGL Background Thread 3 ] DEBUG Engine               - class com.almasb.fxgl.localization.LocalizationService
14:25:13.819 [FXGL Background Thread 3 ] DEBUG Engine               - class com.almasb.fxgl.app.services.SystemBundleService
14:25:13.820 [FXGL Background Thread 3 ] DEBUG Engine               - class com.almasb.fxgl.profile.SaveLoadService
14:25:13.823 [FXGL Background Thread 3 ] DEBUG Engine               - class com.almasb.fxgl.ui.FXGLUIFactoryServiceProvider
14:25:13.824 [FXGL Background Thread 3 ] DEBUG Engine               - class com.almasb.fxgl.ui.FXGLDialogFactoryServiceProvider
14:25:13.826 [FXGL Background Thread 3 ] DEBUG Engine               - class com.almasb.fxgl.audio.AudioPlayer
14:25:13.827 [FXGL Background Thread 3 ] DEBUG Engine               - class com.almasb.fxgl.notification.impl.NotificationServiceProvider
14:25:13.827 [FXGL Background Thread 3 ] DEBUG Engine               - class com.almasb.fxgl.achievement.AchievementService
14:25:13.829 [FXGL Background Thread 3 ] DEBUG Engine               - class com.almasb.fxgl.cutscene.CutsceneService
14:25:13.829 [FXGL Background Thread 3 ] DEBUG Engine               - class com.almasb.fxgl.minigames.MiniGameService
14:25:13.829 [FXGL Background Thread 3 ] DEBUG Engine               - class com.almasb.fxgl.net.NetService
14:25:13.829 [FXGL Background Thread 3 ] DEBUG Engine               - class com.almasb.fxgl.app.services.UpdaterService
14:25:13.829 [FXGL Background Thread 3 ] DEBUG Engine               - class com.almasb.fxgl.dev.DevService
14:25:13.829 [FXGL Background Thread 3 ] DEBUG Engine               - class com.almasb.fxgl.multiplayer.MultiplayerService
14:25:13.931 [FXGL Background Thread 1 ] DEBUG AudioPlayer          - Playing music com.almasb.fxgl.audio.Music@22aefce6
14:25:13.963 [FXGL Background Thread 1 ] INFO  FXGLApplication      - Game initialization took: 3.499 sec
14:25:14.681 [JavaFX Application Thread] DEBUG FXGLAssetLoaderServi - Loading from file system: file:/C:/Users/Owner/Desktop/Sonic-rush/target/classes/assets/ui/fonts/PublicPixel.ttf
14:25:15.229 [JavaFX Application Thread] DEBUG Input                - Clearing active input actions
14:25:15.297 [JavaFX Application Thread] DEBUG GameApplicationServi - Removing overlay from FXGLLoadingScene and adding to GameScene
14:25:15.298 [JavaFX Application Thread] DEBUG PrimaryStageWindow   - FXGLLoadingScene -> GameScene
14:25:15.569 [FXGL Background Thread 2 ] INFO  UpdaterService       - Your current version:  17.3
14:25:15.635 [FXGL Background Thread 2 ] INFO  UpdaterService       - Latest stable version: 21.1
14:25:32.088 [JavaFX Application Thread] WARN  FXGLAssetLoaderServi - Asset "/assets/textures/fondo.png" was not found!
14:25:32.375 [JavaFX Application Thread] WARN  FXGLAssetLoaderServi - Failed to load IMAGE
14:25:32.831 [JavaFX Application Thread] WARN  TMXLevelLoader       - TiledMap generated from 1.11.2. Supported version: 1.9.0. Some features may not be parsed fully.
14:25:33.025 [JavaFX Application Thread] DEBUG TMXLevelLoader       - Parsed TiledMap: file:/C:/Users/Owner/Desktop/Sonic-rush/target/classes/assets/levels/mapazo.tmx
14:25:33.046 [JavaFX Application Thread] DEBUG TMXLevelLoader       - Creating tile layer entities
14:25:33.056 [JavaFX Application Thread] DEBUG TilesetLoader        - Loading view for layer Capa de patrones 1
14:25:33.082 [JavaFX Application Thread] DEBUG TilesetLoader        - Created buffer with size 3840.0x720.0
14:25:33.386 [JavaFX Application Thread] DEBUG TMXLevelLoader       - Creating object layer entities
14:25:33.510 [JavaFX Application Thread] DEBUG GameWorld            - Clearing removable entities
14:25:33.514 [JavaFX Application Thread] DEBUG GameWorld            - Setting level: com.almasb.fxgl.entity.level.Level@33b691b2
14:25:33.663 [ClientAsyncConnThread    ] DEBUG TCPClient            - Connecting to 127.0.0.1:50000 type: class com.almasb.fxgl.core.serialization.Bundle
14:25:33.664 [ClientAsyncConnThread    ] DEBUG TCPClient            - Created socket to 127.0.0.1:50000
14:25:33.683 [ClientAsyncConnThread    ] DEBUG Endpoint             - TCPClient opening new connection (1) from /127.0.0.1:50000 type: class com.almasb.fxgl.core.serialization.Bundle
14:25:33.684 [ClientAsyncConnThread    ] DEBUG Endpoint             - TCPClient successfully opened connection (1)
14:25:33.728 [TCPClient_SendThread-1   ] DEBUG Writers              - Getting TCPMessageWriter for class com.almasb.fxgl.core.serialization.Bundle
14:25:33.732 [TCPClient_SendThread-1   ] DEBUG Writers              - Constructed TCPMessageWriter for class com.almasb.fxgl.core.serialization.Bundle: BundleTCPMessageWriter
14:25:33.756 [TCPClient_RecvThread-1   ] DEBUG Readers              - Getting TCPMessageReader for class com.almasb.fxgl.core.serialization.Bundle
14:25:33.760 [TCPClient_RecvThread-1   ] DEBUG Readers              - Constructed MessageReader for class com.almasb.fxgl.core.serialization.Bundle: BundleTCPMessageReader
14:25:33.849 [JavaFX Application Thread] DEBUG FXGLAssetLoaderServi - Loading from file system: file:/C:/Users/Owner/Desktop/Sonic-rush/target/classes/assets/textures/Items/ring.png
14:25:34.033 [JavaFX Application Thread] DEBUG FXGLAssetLoaderServi - Loading from file system: file:/C:/Users/Owner/Desktop/Sonic-rush/target/classes/assets/textures/Items/papel.png
14:25:34.139 [JavaFX Application Thread] DEBUG FXGLAssetLoaderServi - Loading from file system: file:/C:/Users/Owner/Desktop/Sonic-rush/target/classes/assets/textures/Items/basura.png
14:25:34.228 [JavaFX Application Thread] DEBUG FXGLAssetLoaderServi - Loading from file system: file:/C:/Users/Owner/Desktop/Sonic-rush/target/classes/assets/textures/Items/caucho.png
14:25:34.425 [JavaFX Application Thread] DEBUG FXGLAssetLoaderServi - Loading from file system: file:/C:/Users/Owner/Desktop/Sonic-rush/target/classes/assets/textures/Enemigos/enemigo2.png
14:25:34.650 [JavaFX Application Thread] DEBUG FXGLAssetLoaderServi - Loading from file system: file:/C:/Users/Owner/Desktop/Sonic-rush/target/classes/assets/textures/Personajes/sonic.png
14:25:34.656 [JavaFX Application Thread] DEBUG FXGLAssetLoaderServi - Loading from file system: file:/C:/Users/Owner/Desktop/Sonic-rush/target/classes/assets/textures/Personajes/sonic_camina.png
14:25:34.658 [JavaFX Application Thread] DEBUG FXGLAssetLoaderServi - Loading from file system: file:/C:/Users/Owner/Desktop/Sonic-rush/target/classes/assets/textures/Personajes/super_idle.png
14:25:34.659 [JavaFX Application Thread] DEBUG FXGLAssetLoaderServi - Loading from file system: file:/C:/Users/Owner/Desktop/Sonic-rush/target/classes/assets/textures/Personajes/super_sonic.png
14:25:55.488 [JavaFX Application Thread] DEBUG FXGLAssetLoaderServi - Loading from file system: file:/C:/Users/Owner/Desktop/Sonic-rush/target/classes/assets/sounds/recoger.wav
14:26:06.379 [JavaFX Application Thread] DEBUG FXGLAssetLoaderServi - Loading from file system: file:/C:/Users/Owner/Desktop/Sonic-rush/target/classes/assets/sounds/salto.wav
14:26:11.340 [JavaFX Application Thread] DEBUG FXGLAssetLoaderServi - Loading from file system: file:/C:/Users/Owner/Desktop/Sonic-rush/target/classes/assets/textures/Personajes/tails.png
14:26:11.345 [JavaFX Application Thread] DEBUG FXGLAssetLoaderServi - Loading from file system: file:/C:/Users/Owner/Desktop/Sonic-rush/target/classes/assets/textures/Personajes/tails_Salta.png
14:26:11.353 [JavaFX Application Thread] DEBUG FXGLAssetLoaderServi - Loading from file system: file:/C:/Users/Owner/Desktop/Sonic-rush/target/classes/assets/textures/Personajes/tails_caminando.png
14:26:46.857 [JavaFX Application Thread] DEBUG FXGLAssetLoaderServi - Loading from file system: file:/C:/Users/Owner/Desktop/Sonic-rush/target/classes/assets/sounds/perder_anillos.wav
14:26:53.161 [JavaFX Application Thread] DEBUG FXGLAssetLoaderServi - Loading from file system: file:/C:/Users/Owner/Desktop/Sonic-rush/target/classes/assets/textures/Enemigos/eggman2.png
14:27:43.925 [JavaFX Application Thread] DEBUG FXGLApplication      - Exiting FXGL
14:27:43.926 [JavaFX Application Thread] DEBUG LoopRunner           - Stopping loop
14:27:43.927 [JavaFX Application Thread] DEBUG SystemBundleService  - Saving FXGL system data
14:27:43.930 [JavaFX Application Thread] DEBUG FileSystemAccess     - Writing to: C:\Users\Owner\Desktop\Sonic-rush\system\fxgl.bundle
14:27:43.932 [JavaFX Application Thread] DEBUG Async                - Shutting down background threads
14:27:43.932 [JavaFX Application Thread] DEBUG PrimaryStageWindow   - Closing main window
14:27:43.979 [JavaFX Application Thread] DEBUG Logger               - Closing Logger
