23:28:24.592 [main                     ] DEBUG Logger               - Configured Logger
23:28:24.621 [main                     ] DEBUG GameApplication      - Logging settings
Title: Server
Version: 0.0
Width: 800
Height: 500
Fullscreen: false
Intro: false
Profiling: false
Single step:false
App Mode: DEVELOPER
Menu Key: ESCAPE
Stage Style: DECORATED
Scene Factory: class com.almasb.fxgl.app.scene.SceneFactory

23:28:25.140 [JavaFX Application Thread] DEBUG FXGLApplication      - Initializing FXGL
23:28:25.150 [JavaFX Application Thread] INFO  Engine               - FXGL-17.3 (30.03.2023 11.49) on WINDOWS (J:21.0.2 FX:20)
23:28:25.156 [JavaFX Application Thread] DEBUG Engine               - JRE Vendor Name: Oracle Corporation
23:28:25.157 [JavaFX Application Thread] DEBUG Engine               - Running on OS: Windows 10 version 10.0
23:28:25.158 [JavaFX Application Thread] DEBUG Engine               - Architecture: amd64
23:28:25.158 [JavaFX Application Thread] INFO  Engine               - Source code and latest versions at: https://github.com/AlmasB/FXGL
23:28:25.159 [JavaFX Application Thread] INFO  Engine               -       Ask questions and discuss at: https://github.com/AlmasB/FXGL/discussions
23:28:25.169 [JavaFX Application Thread] INFO  Engine               -              Join the FXGL chat at: https://gitter.im/AlmasB/FXGL
23:28:25.443 [JavaFX Application Thread] DEBUG PrimaryStageWindow   - Creating a JavaFX scene
23:28:25.572 [JavaFX Application Thread] DEBUG PrimaryStageWindow   - Target settings size: 800.0 x 500.0
23:28:25.573 [JavaFX Application Thread] DEBUG PrimaryStageWindow   - Scaled scene size:    800.0 x 500.0
23:28:25.573 [JavaFX Application Thread] DEBUG PrimaryStageWindow   - Scaled ratio: (1.0, 1.0)
23:28:25.574 [JavaFX Application Thread] DEBUG PrimaryStageWindow   - Set initial scene to FXGLStartupScene
23:28:25.578 [JavaFX Application Thread] DEBUG PrimaryStageWindow   - Opening main window
23:28:26.051 [JavaFX Application Thread] DEBUG PrimaryStageWindow   - Window border size: (16.0, 39.0)
23:28:26.051 [JavaFX Application Thread] DEBUG PrimaryStageWindow   - Scaled size: 800.0 x 500.0
23:28:26.051 [JavaFX Application Thread] DEBUG PrimaryStageWindow   - Scaled ratio: (1.0, 1.0)
23:28:26.051 [JavaFX Application Thread] DEBUG PrimaryStageWindow   - Scene size: 800.0 x 500.0
23:28:26.052 [JavaFX Application Thread] DEBUG PrimaryStageWindow   - Stage size: 816.0 x 539.0
23:28:26.063 [FXGL Background Thread 1 ] DEBUG Engine               - Initializing environment variables
23:28:26.130 [FXGL Background Thread 1 ] DEBUG FXGLAssetLoaderServi - User app class for loading assets: class Runner.ServerRunner
23:28:26.130 [FXGL Background Thread 1 ] DEBUG GameApplicationServi - Applying CSS: fxgl_dark.css
23:28:26.131 [FXGL Background Thread 1 ] DEBUG FXGLAssetLoaderServi - Loading from file system: jar:file:/C:/Users/User/.m2/repository/com/github/almasb/fxgl/17.3/fxgl-17.3.jar!/fxglassets/ui/css/fxgl_dark.css
23:28:26.205 [FXGL Background Thread 1 ] DEBUG GameApplicationServi - Initializing application scenes
23:28:26.291 [FXGL Background Thread 1 ] DEBUG GameWorld            - Game world initialized
23:28:26.399 [FXGL Background Thread 1 ] DEBUG PhysicsWorld         - Physics world initialized: appHeight=500, physics.ppm=50,0
23:28:26.399 [FXGL Background Thread 1 ] DEBUG PhysicsWorld         - Using strategy: BRUTE_FORCE
23:28:26.405 [FXGL Background Thread 1 ] DEBUG GameScene            - Game scene initialized: 800x500
23:28:26.421 [FXGL Background Thread 1 ] WARN  FXGL.DefaultMenu     - FXGLDefaultMenu is not designed for resolutions < 800x600
23:28:26.436 [FXGL Background Thread 1 ] DEBUG FXGL.DefaultMenu     - createMenuBodyGameMenu()
23:28:26.456 [FXGL Background Thread 1 ] DEBUG FXGL.DefaultMenu     - createOptionsMenu()
23:28:26.467 [FXGL Background Thread 1 ] DEBUG FXGLAssetLoaderServi - Loading from file system: jar:file:/C:/Users/User/.m2/repository/com/github/almasb/fxgl/17.3/fxgl-17.3.jar!/fxglassets/textures/particles/smoke.png
23:28:26.604 [FXGL Background Thread 1 ] DEBUG FXGLAssetLoaderServi - Loading from file system: jar:file:/C:/Users/User/.m2/repository/com/github/almasb/fxgl/17.3/fxgl-17.3.jar!/fxglassets/textures/particles/trace_horizontal.png
23:28:26.630 [FXGL Background Thread 1 ] DEBUG GameApplicationServi - Application scenes initialized
23:28:26.675 [FXGL Background Thread 1 ] DEBUG SystemBundleService  - Loading FXGL system data
23:28:26.684 [FXGL Background Thread 1 ] DEBUG FileSystemAccess     - Reading from: C:\Users\User\Documents\Millan.Luis\UNEG\Semestre IV\Tecnicas de Prog. III\Sonic-rush\system\fxgl.bundle
23:28:26.695 [FXGL Background Thread 1 ] DEBUG SystemBundleService  - Bundle FXGL: {}
23:28:26.695 [FXGL Background Thread 1 ] DEBUG UpdaterService       - Checking for updates
23:28:26.702 [FXGL Background Thread 1 ] DEBUG FXGLApplication      - Loading default localization
23:28:26.702 [FXGL Background Thread 1 ] DEBUG FXGLAssetLoaderServi - Loading from file system: jar:file:/C:/Users/User/.m2/repository/com/github/almasb/fxgl/17.3/fxgl-17.3.jar!/fxglassets/languages/english.lang
23:28:26.724 [FXGL Background Thread 1 ] INFO  FXGLApplication      - FXGL initialization took: 0,660 sec
23:28:26.733 [FXGL Background Thread 4 ] DEBUG FXGLApplication      - Loading fonts
23:28:26.734 [JavaFX Application Thread] DEBUG FXGLAssetLoaderServi - Loading from file system: jar:file:/C:/Users/User/.m2/repository/com/github/almasb/fxgl/17.3/fxgl-17.3.jar!/fxglassets/textures/fxgl_icon.png
23:28:26.734 [FXGL Background Thread 4 ] DEBUG FXGLAssetLoaderServi - Loading from file system: jar:file:/C:/Users/User/.m2/repository/com/github/almasb/fxgl/17.3/fxgl-17.3.jar!/fxglassets/ui/fonts/VarelaRound-Regular.ttf
23:28:26.777 [JavaFX Application Thread] DEBUG FXGLAssetLoaderServi - Loading from file system: jar:file:/C:/Users/User/.m2/repository/com/github/almasb/fxgl/17.3/fxgl-17.3.jar!/fxglassets/textures/fxgl_default_cursor.png
23:28:26.789 [JavaFX Application Thread] DEBUG Input                - Registered new binding: Screenshot - CTRL+8
23:28:26.790 [JavaFX Application Thread] DEBUG Input                - Registered new binding: System info dump - CTRL+9
23:28:26.794 [JavaFX Application Thread] DEBUG Input                - Registered new binding: Restart - CTRL+R
23:28:26.795 [JavaFX Application Thread] DEBUG Input                - Registered new binding: Toggle Debug Camera - CTRL+7
23:28:26.799 [JavaFX Application Thread] DEBUG LoopRunner           - Starting loop
23:28:26.799 [JavaFX Application Thread] DEBUG LoopRunner           - Initializing JavaFX AnimationTimerLoop
23:28:26.801 [JavaFX Application Thread] DEBUG GameApplicationServi - Starting new game
23:28:26.801 [JavaFX Application Thread] DEBUG Input                - Clearing active input actions
23:28:26.816 [JavaFX Application Thread] DEBUG GameApplicationServi - Removing overlay from FXGLStartupScene and adding to FXGLLoadingScene
23:28:26.816 [JavaFX Application Thread] DEBUG PrimaryStageWindow   - FXGLStartupScene -> FXGLLoadingScene
23:28:26.816 [JavaFX Application Thread] DEBUG GameApplicationServi - Clearing previous game
23:28:26.816 [JavaFX Application Thread] DEBUG GameScene            - Clearing game scene
23:28:26.816 [JavaFX Application Thread] DEBUG GameWorld            - Clearing game world
23:28:26.817 [JavaFX Application Thread] DEBUG PhysicsWorld         - Clearing physics world
23:28:26.820 [FXGL Background Thread 1 ] DEBUG FXGLApplication      - Initializing game
23:28:27.099 [ServerAsyncConnThread    ] DEBUG TCPServer            - Starting to listen at: 55555 type: class com.almasb.fxgl.core.serialization.Bundle
23:28:27.100 [FXGL Background Thread 4 ] DEBUG FXGLAssetLoaderServi - Loading from file system: jar:file:/C:/Users/User/.m2/repository/com/github/almasb/fxgl/17.3/fxgl-17.3.jar!/fxglassets/ui/fonts/Abel-Regular.ttf
23:28:27.105 [FXGL Background Thread 4 ] DEBUG FXGLAssetLoaderServi - Loading from file system: jar:file:/C:/Users/User/.m2/repository/com/github/almasb/fxgl/17.3/fxgl-17.3.jar!/fxglassets/ui/fonts/TerminalLandMono-Regular.otf
23:28:27.114 [FXGL Background Thread 4 ] DEBUG FXGLAssetLoaderServi - Loading from file system: jar:file:/C:/Users/User/.m2/repository/com/github/almasb/fxgl/17.3/fxgl-17.3.jar!/fxglassets/ui/fonts/Courier-Prime.ttf
23:28:27.140 [FXGL Background Thread 1 ] DEBUG TMXLevelLoader       - Parsed TiledMap: file:/C:/Users/User/Documents/Millan.Luis/UNEG/Semestre%20IV/Tecnicas%20de%20Prog.%20III/Sonic-rush/target/classes/assets/levels/mapazo.tmx
23:28:27.141 [FXGL Background Thread 1 ] DEBUG TMXLevelLoader       - Creating tile layer entities
23:28:27.144 [FXGL Background Thread 1 ] DEBUG TilesetLoader        - Loading view for layer Capa de patrones 1
23:28:27.149 [FXGL Background Thread 1 ] DEBUG TilesetLoader        - Created buffer with size 3840.0x720.0
23:28:27.156 [JavaFX Application Thread] DEBUG FXGLApplication      - Registering font factories with UI factory
23:28:27.176 [FXGL Background Thread 1 ] DEBUG TMXLevelLoader       - Creating object layer entities
23:28:27.213 [FXGL Background Thread 1 ] DEBUG GameWorld            - Clearing removable entities
23:28:27.214 [FXGL Background Thread 1 ] DEBUG GameWorld            - Setting level: com.almasb.fxgl.entity.level.Level@25a143b5
23:28:27.233 [FXGL Background Thread 1 ] DEBUG FXGLAssetLoaderServi - Loading from file system: file:/C:/Users/User/Documents/Millan.Luis/UNEG/Semestre%20IV/Tecnicas%20de%20Prog.%20III/Sonic-rush/target/classes/assets/textures/Items/ring.png
23:28:27.270 [FXGL Background Thread 1 ] DEBUG FXGLAssetLoaderServi - Loading from file system: file:/C:/Users/User/Documents/Millan.Luis/UNEG/Semestre%20IV/Tecnicas%20de%20Prog.%20III/Sonic-rush/target/classes/assets/textures/Enemigos/enemigo.png
23:28:27.439 [FXGL Background Thread 1 ] DEBUG FXGLAssetLoaderServi - Loading from file system: file:/C:/Users/User/Documents/Millan.Luis/UNEG/Semestre%20IV/Tecnicas%20de%20Prog.%20III/Sonic-rush/target/classes/assets/textures/Items/caucho.png
23:28:27.441 [FXGL Background Thread 1 ] DEBUG FXGLAssetLoaderServi - Loading from file system: file:/C:/Users/User/Documents/Millan.Luis/UNEG/Semestre%20IV/Tecnicas%20de%20Prog.%20III/Sonic-rush/target/classes/assets/textures/Items/basura.png
23:28:27.444 [FXGL Background Thread 1 ] DEBUG FXGLAssetLoaderServi - Loading from file system: file:/C:/Users/User/Documents/Millan.Luis/UNEG/Semestre%20IV/Tecnicas%20de%20Prog.%20III/Sonic-rush/target/classes/assets/textures/Items/papel.png
23:28:27.463 [FXGL Background Thread 1 ] INFO  FXGLApplication      - Game initialization took: 0,642 sec
23:28:27.481 [JavaFX Application Thread] DEBUG Input                - Clearing active input actions
23:28:27.508 [JavaFX Application Thread] DEBUG GameApplicationServi - Removing overlay from FXGLLoadingScene and adding to GameScene
23:28:27.508 [JavaFX Application Thread] DEBUG PrimaryStageWindow   - FXGLLoadingScene -> GameScene
23:28:27.825 [FXGL Background Thread 2 ] INFO  UpdaterService       - Your current version:  17.3
23:28:27.826 [FXGL Background Thread 2 ] INFO  UpdaterService       - Latest stable version: 21.1
23:28:29.699 [FXGL Background Thread 3 ] DEBUG Engine               - Logging environment variables
23:28:29.699 [FXGL Background Thread 3 ] DEBUG Engine               - achievements: []
23:28:29.700 [FXGL Background Thread 3 ] DEBUG Engine               - actualHeight: 500.0
23:28:29.700 [FXGL Background Thread 3 ] DEBUG Engine               - actualHeightProperty: ReadOnlyDoubleProperty [value: 500.0]
23:28:29.700 [FXGL Background Thread 3 ] DEBUG Engine               - actualWidth: 800.0
23:28:29.700 [FXGL Background Thread 3 ] DEBUG Engine               - actualWidthProperty: ReadOnlyDoubleProperty [value: 800.0]
23:28:29.700 [FXGL Background Thread 3 ] DEBUG Engine               - appIcon: fxgl_icon.png
23:28:29.700 [FXGL Background Thread 3 ] DEBUG Engine               - applicationMode: DEVELOPER
23:28:29.700 [FXGL Background Thread 3 ] DEBUG Engine               - cSSList: [fxgl_dark.css]
23:28:29.700 [FXGL Background Thread 3 ] DEBUG Engine               - collisionDetectionStrategy: BRUTE_FORCE
23:28:29.700 [FXGL Background Thread 3 ] DEBUG Engine               - configClass: Optional.empty
23:28:29.701 [FXGL Background Thread 3 ] DEBUG Engine               - credits: []
23:28:29.701 [FXGL Background Thread 3 ] DEBUG Engine               - defaultCursor: CursorInfo(imageName=fxgl_default_cursor.png, hotspotX=7.0, hotspotY=6.0)
23:28:29.701 [FXGL Background Thread 3 ] DEBUG Engine               - devBBoxColorProperty: ObjectProperty [value: 0xff0000ff]
23:28:29.701 [FXGL Background Thread 3 ] DEBUG Engine               - devEnableDebugCameraProperty: BooleanProperty [value: false]
23:28:29.702 [FXGL Background Thread 3 ] DEBUG Engine               - devSensorColorProperty: ObjectProperty [value: 0xffff00ff]
23:28:29.702 [FXGL Background Thread 3 ] DEBUG Engine               - devShowBBoxProperty: BooleanProperty [value: false]
23:28:29.702 [FXGL Background Thread 3 ] DEBUG Engine               - devShowPositionProperty: BooleanProperty [value: false]
23:28:29.702 [FXGL Background Thread 3 ] DEBUG Engine               - enabledMenuItems: []
23:28:29.702 [FXGL Background Thread 3 ] DEBUG Engine               - engineServices: [class com.almasb.fxgl.app.services.FXGLAssetLoaderService, class com.almasb.fxgl.app.FXGLApplication$GameApplicationService, class com.almasb.fxgl.app.services.FXGLDialogService, class com.almasb.fxgl.app.services.IOTaskExecutorService, class com.almasb.fxgl.io.FileSystemService, class com.almasb.fxgl.localization.LocalizationService, class com.almasb.fxgl.app.services.SystemBundleService, class com.almasb.fxgl.profile.SaveLoadService, class com.almasb.fxgl.ui.FXGLUIFactoryServiceProvider, class com.almasb.fxgl.ui.FXGLDialogFactoryServiceProvider, class com.almasb.fxgl.audio.AudioPlayer, class com.almasb.fxgl.notification.impl.NotificationServiceProvider, class com.almasb.fxgl.achievement.AchievementService, class com.almasb.fxgl.cutscene.CutsceneService, class com.almasb.fxgl.minigames.MiniGameService, class com.almasb.fxgl.net.NetService, class com.almasb.fxgl.app.services.UpdaterService, class com.almasb.fxgl.dev.DevService, class com.almasb.fxgl.multiplayer.MultiplayerService]
23:28:29.702 [FXGL Background Thread 3 ] DEBUG Engine               - fontGame: Abel-Regular.ttf
23:28:29.702 [FXGL Background Thread 3 ] DEBUG Engine               - fontMono: TerminalLandMono-Regular.otf
23:28:29.702 [FXGL Background Thread 3 ] DEBUG Engine               - fontSizeScaleUI: 1.0
23:28:29.702 [FXGL Background Thread 3 ] DEBUG Engine               - fontText: Courier-Prime.ttf
23:28:29.702 [FXGL Background Thread 3 ] DEBUG Engine               - fontUI: VarelaRound-Regular.ttf
23:28:29.702 [FXGL Background Thread 3 ] DEBUG Engine               - fullScreen: BooleanProperty [value: false]
23:28:29.702 [FXGL Background Thread 3 ] DEBUG Engine               - gameDifficulty: MEDIUM
23:28:29.702 [FXGL Background Thread 3 ] DEBUG Engine               - gameDifficultyProperty: ObjectProperty [value: MEDIUM]
23:28:29.702 [FXGL Background Thread 3 ] DEBUG Engine               - globalMusicVolume: 0.5
23:28:29.702 [FXGL Background Thread 3 ] DEBUG Engine               - globalMusicVolumeProperty: DoubleProperty [value: 0.5]
23:28:29.702 [FXGL Background Thread 3 ] DEBUG Engine               - globalSoundVolume: 0.5
23:28:29.702 [FXGL Background Thread 3 ] DEBUG Engine               - globalSoundVolumeProperty: DoubleProperty [value: 0.5]
23:28:29.702 [FXGL Background Thread 3 ] DEBUG Engine               - height: 500
23:28:29.703 [FXGL Background Thread 3 ] DEBUG Engine               - is3D: false
23:28:29.703 [FXGL Background Thread 3 ] DEBUG Engine               - isAndroid: false
23:28:29.703 [FXGL Background Thread 3 ] DEBUG Engine               - isBrowser: false
23:28:29.703 [FXGL Background Thread 3 ] DEBUG Engine               - isClickFeedbackEnabled: false
23:28:29.703 [FXGL Background Thread 3 ] DEBUG Engine               - isCloseConfirmation: false
23:28:29.703 [FXGL Background Thread 3 ] DEBUG Engine               - isDesktop: true
23:28:29.703 [FXGL Background Thread 3 ] DEBUG Engine               - isDeveloperMenuEnabled: false
23:28:29.703 [FXGL Background Thread 3 ] DEBUG Engine               - isEmbedded: false
23:28:29.703 [FXGL Background Thread 3 ] DEBUG Engine               - isEntityPreloadEnabled: true
23:28:29.703 [FXGL Background Thread 3 ] DEBUG Engine               - isExperimentalTiledLargeMap: false
23:28:29.703 [FXGL Background Thread 3 ] DEBUG Engine               - isFileSystemWriteAllowed: true
23:28:29.703 [FXGL Background Thread 3 ] DEBUG Engine               - isFullScreenAllowed: false
23:28:29.703 [FXGL Background Thread 3 ] DEBUG Engine               - isFullScreenFromStart: false
23:28:29.703 [FXGL Background Thread 3 ] DEBUG Engine               - isGameMenuEnabled: true
23:28:29.703 [FXGL Background Thread 3 ] DEBUG Engine               - isIOS: false
23:28:29.703 [FXGL Background Thread 3 ] DEBUG Engine               - isIntroEnabled: false
23:28:29.703 [FXGL Background Thread 3 ] DEBUG Engine               - isLinux: false
23:28:29.703 [FXGL Background Thread 3 ] DEBUG Engine               - isMac: false
23:28:29.704 [FXGL Background Thread 3 ] DEBUG Engine               - isMainMenuEnabled: false
23:28:29.704 [FXGL Background Thread 3 ] DEBUG Engine               - isManualResizeEnabled: false
23:28:29.704 [FXGL Background Thread 3 ] DEBUG Engine               - isMobile: false
23:28:29.704 [FXGL Background Thread 3 ] DEBUG Engine               - isNative: false
23:28:29.704 [FXGL Background Thread 3 ] DEBUG Engine               - isPauseMusicWhenMinimized: true
23:28:29.704 [FXGL Background Thread 3 ] DEBUG Engine               - isPreserveResizeRatio: false
23:28:29.704 [FXGL Background Thread 3 ] DEBUG Engine               - isProfilingEnabled: false
23:28:29.704 [FXGL Background Thread 3 ] DEBUG Engine               - isScaleAffectedOnResize: true
23:28:29.704 [FXGL Background Thread 3 ] DEBUG Engine               - isSingleStep: false
23:28:29.704 [FXGL Background Thread 3 ] DEBUG Engine               - isUserProfileEnabled: false
23:28:29.704 [FXGL Background Thread 3 ] DEBUG Engine               - isWindows: true
23:28:29.704 [FXGL Background Thread 3 ] DEBUG Engine               - language: ObjectProperty [value: ENGLISH]
23:28:29.704 [FXGL Background Thread 3 ] DEBUG Engine               - menuKey: ESCAPE
23:28:29.704 [FXGL Background Thread 3 ] DEBUG Engine               - mouseSensitivity: 0.2
23:28:29.704 [FXGL Background Thread 3 ] DEBUG Engine               - notificationViewClass: class com.almasb.fxgl.notification.view.XboxNotificationView
23:28:29.704 [FXGL Background Thread 3 ] DEBUG Engine               - pixelsPerMeter: 50.0
23:28:29.704 [FXGL Background Thread 3 ] DEBUG Engine               - platform: WINDOWS
23:28:29.704 [FXGL Background Thread 3 ] DEBUG Engine               - prefHeightProperty: ReadOnlyDoubleProperty [value: 500.0]
23:28:29.704 [FXGL Background Thread 3 ] DEBUG Engine               - prefWidthProperty: ReadOnlyDoubleProperty [value: 800.0]
23:28:29.704 [FXGL Background Thread 3 ] DEBUG Engine               - profileDir: profiles/
23:28:29.704 [FXGL Background Thread 3 ] DEBUG Engine               - profileName: StringProperty [value: DEFAULT]
23:28:29.705 [FXGL Background Thread 3 ] DEBUG Engine               - randomSeed: -1
23:28:29.705 [FXGL Background Thread 3 ] DEBUG Engine               - runtimeInfo: RuntimeInfo(platform=WINDOWS, version=17.3, build=30.03.2023 11.49)
23:28:29.705 [FXGL Background Thread 3 ] DEBUG Engine               - saveFileExt: sav
23:28:29.705 [FXGL Background Thread 3 ] DEBUG Engine               - scaledHeightProp$fxgl: DoubleProperty [bound, value: 500.0]
23:28:29.705 [FXGL Background Thread 3 ] DEBUG Engine               - scaledWidthProp$fxgl: DoubleProperty [bound, value: 800.0]
23:28:29.705 [FXGL Background Thread 3 ] DEBUG Engine               - sceneFactory: com.almasb.fxgl.app.scene.SceneFactory@57a73ac0
23:28:29.705 [FXGL Background Thread 3 ] DEBUG Engine               - secondsIn24h: 60
23:28:29.705 [FXGL Background Thread 3 ] DEBUG Engine               - soundMenuBack: menu/back.wav
23:28:29.705 [FXGL Background Thread 3 ] DEBUG Engine               - soundMenuPress: menu/press.wav
23:28:29.705 [FXGL Background Thread 3 ] DEBUG Engine               - soundMenuSelect: menu/select.wav
23:28:29.705 [FXGL Background Thread 3 ] DEBUG Engine               - soundNotification: core/notification.wav
23:28:29.705 [FXGL Background Thread 3 ] DEBUG Engine               - stageStyle: DECORATED
23:28:29.705 [FXGL Background Thread 3 ] DEBUG Engine               - supportedLanguages: [ENGLISH, FRENCH, GERMAN, HUNGARIAN, RUSSIAN]
23:28:29.706 [FXGL Background Thread 3 ] DEBUG Engine               - ticksPerSecond: -1
23:28:29.706 [FXGL Background Thread 3 ] DEBUG Engine               - title: Server
23:28:29.706 [FXGL Background Thread 3 ] DEBUG Engine               - urlGithub: https://github.com/AlmasB/FXGL
23:28:29.706 [FXGL Background Thread 3 ] DEBUG Engine               - urlLeaderboard: http://fxgl-top.herokuapp.com/
23:28:29.706 [FXGL Background Thread 3 ] DEBUG Engine               - urlPOM: https://raw.githubusercontent.com/AlmasB/FXGL/release/README.md
23:28:29.706 [FXGL Background Thread 3 ] DEBUG Engine               - userAppClass: class Runner.ServerRunner
23:28:29.706 [FXGL Background Thread 3 ] DEBUG Engine               - version: 0.0
23:28:29.706 [FXGL Background Thread 3 ] DEBUG Engine               - versionCheckDays: 7
23:28:29.706 [FXGL Background Thread 3 ] DEBUG Engine               - width: 800
23:28:29.706 [FXGL Background Thread 3 ] DEBUG Engine               - Logging services
23:28:29.706 [FXGL Background Thread 3 ] DEBUG Engine               - class com.almasb.fxgl.app.services.FXGLAssetLoaderService
23:28:29.706 [FXGL Background Thread 3 ] DEBUG Engine               - class com.almasb.fxgl.app.FXGLApplication$GameApplicationService
23:28:29.706 [FXGL Background Thread 3 ] DEBUG Engine               - class com.almasb.fxgl.app.services.FXGLDialogService
23:28:29.706 [FXGL Background Thread 3 ] DEBUG Engine               - class com.almasb.fxgl.app.services.IOTaskExecutorService
23:28:29.706 [FXGL Background Thread 3 ] DEBUG Engine               - class com.almasb.fxgl.io.FileSystemService
23:28:29.706 [FXGL Background Thread 3 ] DEBUG Engine               - class com.almasb.fxgl.localization.LocalizationService
23:28:29.706 [FXGL Background Thread 3 ] DEBUG Engine               - class com.almasb.fxgl.app.services.SystemBundleService
23:28:29.706 [FXGL Background Thread 3 ] DEBUG Engine               - class com.almasb.fxgl.profile.SaveLoadService
23:28:29.706 [FXGL Background Thread 3 ] DEBUG Engine               - class com.almasb.fxgl.ui.FXGLUIFactoryServiceProvider
23:28:29.707 [FXGL Background Thread 3 ] DEBUG Engine               - class com.almasb.fxgl.ui.FXGLDialogFactoryServiceProvider
23:28:29.707 [FXGL Background Thread 3 ] DEBUG Engine               - class com.almasb.fxgl.audio.AudioPlayer
23:28:29.707 [FXGL Background Thread 3 ] DEBUG Engine               - class com.almasb.fxgl.notification.impl.NotificationServiceProvider
23:28:29.707 [FXGL Background Thread 3 ] DEBUG Engine               - class com.almasb.fxgl.achievement.AchievementService
23:28:29.707 [FXGL Background Thread 3 ] DEBUG Engine               - class com.almasb.fxgl.cutscene.CutsceneService
23:28:29.707 [FXGL Background Thread 3 ] DEBUG Engine               - class com.almasb.fxgl.minigames.MiniGameService
23:28:29.707 [FXGL Background Thread 3 ] DEBUG Engine               - class com.almasb.fxgl.net.NetService
23:28:29.707 [FXGL Background Thread 3 ] DEBUG Engine               - class com.almasb.fxgl.app.services.UpdaterService
23:28:29.707 [FXGL Background Thread 3 ] DEBUG Engine               - class com.almasb.fxgl.dev.DevService
23:28:29.707 [FXGL Background Thread 3 ] DEBUG Engine               - class com.almasb.fxgl.multiplayer.MultiplayerService
23:28:31.786 [ServerAsyncConnThread    ] DEBUG Endpoint             - TCPServer opening new connection (1) from /127.0.0.1:63359 type: class com.almasb.fxgl.core.serialization.Bundle
23:28:31.789 [ServerAsyncConnThread    ] DEBUG Endpoint             - TCPServer successfully opened connection (1)
23:28:31.813 [TCPServer_SendThread-1   ] DEBUG Writers              - Getting TCPMessageWriter for class com.almasb.fxgl.core.serialization.Bundle
23:28:31.814 [TCPServer_RecvThread-1   ] DEBUG Readers              - Getting TCPMessageReader for class com.almasb.fxgl.core.serialization.Bundle
23:28:31.815 [TCPServer_RecvThread-1   ] DEBUG Readers              - Constructed MessageReader for class com.almasb.fxgl.core.serialization.Bundle: BundleTCPMessageReader
23:28:45.801 [JavaFX Application Thread] DEBUG FXGLAssetLoaderServi - Loading from file system: file:/C:/Users/User/Documents/Millan.Luis/UNEG/Semestre%20IV/Tecnicas%20de%20Prog.%20III/Sonic-rush/target/classes/assets/textures/Escenario/arbol.png
23:28:49.051 [JavaFX Application Thread] DEBUG FXGLAssetLoaderServi - Loading from file system: file:/C:/Users/User/Documents/Millan.Luis/UNEG/Semestre%20IV/Tecnicas%20de%20Prog.%20III/Sonic-rush/target/classes/assets/textures/Enemigos/eggman.png
23:29:13.159 [TCPServer_RecvThread-1   ] DEBUG Endpoint             - Connection 1 was unexpectedly disconnected: Connection reset
23:29:13.159 [TCPServer_RecvThread-1   ] DEBUG Connection           - Closing connection 1
23:29:13.160 [TCPServer_RecvThread-1   ] DEBUG Connection           - Connection 1 was correctly closed from local endpoint.
23:29:13.160 [TCPServer_RecvThread-1   ] DEBUG Endpoint             - TCPServer connection (1) was closed
23:29:13.412 [JavaFX Application Thread] DEBUG FXGLApplication      - Exiting FXGL
23:29:13.412 [JavaFX Application Thread] DEBUG LoopRunner           - Stopping loop
23:29:13.412 [JavaFX Application Thread] DEBUG SystemBundleService  - Saving FXGL system data
23:29:13.413 [JavaFX Application Thread] DEBUG FileSystemAccess     - Writing to: C:\Users\User\Documents\Millan.Luis\UNEG\Semestre IV\Tecnicas de Prog. III\Sonic-rush\system\fxgl.bundle
23:29:13.414 [JavaFX Application Thread] DEBUG Async                - Shutting down background threads
23:29:13.414 [JavaFX Application Thread] DEBUG PrimaryStageWindow   - Closing main window
23:29:13.423 [JavaFX Application Thread] DEBUG Logger               - Closing Logger
