23:22:47.008 [main                     ] DEBUG Logger               - Configured Logger
23:22:47.029 [main                     ] DEBUG GameApplication      - Logging settings
Title: Jugador Sonic
Version: 0.0
Width: 1000
Height: 600
Fullscreen: false
Intro: false
Profiling: false
Single step:false
App Mode: DEVELOPER
Menu Key: ESCAPE
Stage Style: DECORATED
Scene Factory: class com.almasb.fxgl.app.scene.SceneFactory

23:22:47.148 [JavaFX Application Thread] DEBUG FXGLApplication      - Initializing FXGL
23:22:47.153 [JavaFX Application Thread] INFO  Engine               - FXGL-17.3 (30.03.2023 11.49) on WINDOWS (J:21.0.2 FX:20)
23:22:47.154 [JavaFX Application Thread] DEBUG Engine               - JRE Vendor Name: Oracle Corporation
23:22:47.154 [JavaFX Application Thread] DEBUG Engine               - Running on OS: Windows 10 version 10.0
23:22:47.154 [JavaFX Application Thread] DEBUG Engine               - Architecture: amd64
23:22:47.154 [JavaFX Application Thread] INFO  Engine               - Source code and latest versions at: https://github.com/AlmasB/FXGL
23:22:47.155 [JavaFX Application Thread] INFO  Engine               -       Ask questions and discuss at: https://github.com/AlmasB/FXGL/discussions
23:22:47.156 [JavaFX Application Thread] INFO  Engine               -              Join the FXGL chat at: https://gitter.im/AlmasB/FXGL
23:22:47.239 [JavaFX Application Thread] DEBUG PrimaryStageWindow   - Creating a JavaFX scene
23:22:47.320 [JavaFX Application Thread] DEBUG PrimaryStageWindow   - Target settings size: 1000.0 x 600.0
23:22:47.321 [JavaFX Application Thread] DEBUG PrimaryStageWindow   - Scaled scene size:    1000.0 x 600.0
23:22:47.323 [JavaFX Application Thread] DEBUG PrimaryStageWindow   - Scaled ratio: (1.0, 1.0)
23:22:47.324 [JavaFX Application Thread] DEBUG PrimaryStageWindow   - Set initial scene to FXGLStartupScene
23:22:47.329 [JavaFX Application Thread] DEBUG PrimaryStageWindow   - Opening main window
23:22:47.443 [JavaFX Application Thread] DEBUG PrimaryStageWindow   - Window border size: (16.0, 39.0)
23:22:47.444 [JavaFX Application Thread] DEBUG PrimaryStageWindow   - Scaled size: 1000.0 x 600.0
23:22:47.444 [JavaFX Application Thread] DEBUG PrimaryStageWindow   - Scaled ratio: (1.0, 1.0)
23:22:47.444 [JavaFX Application Thread] DEBUG PrimaryStageWindow   - Scene size: 1000.0 x 600.0
23:22:47.445 [JavaFX Application Thread] DEBUG PrimaryStageWindow   - Stage size: 1016.0 x 639.0
23:22:47.476 [FXGL Background Thread 1 ] DEBUG Engine               - Initializing environment variables
23:22:47.544 [FXGL Background Thread 1 ] DEBUG FXGLAssetLoaderServi - User app class for loading assets: class Runner.ClientRunner
23:22:47.545 [FXGL Background Thread 1 ] DEBUG GameApplicationServi - Applying CSS: fxgl_dark.css
23:22:47.546 [FXGL Background Thread 1 ] DEBUG FXGLAssetLoaderServi - Loading from file system: jar:file:/C:/Users/User/.m2/repository/com/github/almasb/fxgl/17.3/fxgl-17.3.jar!/fxglassets/ui/css/fxgl_dark.css
23:22:47.604 [FXGL Background Thread 1 ] DEBUG GameApplicationServi - Initializing application scenes
23:22:47.685 [FXGL Background Thread 1 ] DEBUG GameWorld            - Game world initialized
23:22:47.750 [FXGL Background Thread 1 ] DEBUG PhysicsWorld         - Physics world initialized: appHeight=600, physics.ppm=50,0
23:22:47.750 [FXGL Background Thread 1 ] DEBUG PhysicsWorld         - Using strategy: BRUTE_FORCE
23:22:47.754 [FXGL Background Thread 1 ] DEBUG GameScene            - Game scene initialized: 1000x600
23:22:47.769 [FXGL Background Thread 1 ] DEBUG FXGL.DefaultMenu     - createMenuBodyGameMenu()
23:22:47.790 [FXGL Background Thread 1 ] DEBUG FXGL.DefaultMenu     - createOptionsMenu()
23:22:47.803 [FXGL Background Thread 1 ] DEBUG FXGLAssetLoaderServi - Loading from file system: jar:file:/C:/Users/User/.m2/repository/com/github/almasb/fxgl/17.3/fxgl-17.3.jar!/fxglassets/textures/particles/smoke.png
23:22:47.920 [FXGL Background Thread 1 ] DEBUG FXGLAssetLoaderServi - Loading from file system: jar:file:/C:/Users/User/.m2/repository/com/github/almasb/fxgl/17.3/fxgl-17.3.jar!/fxglassets/textures/particles/trace_horizontal.png
23:22:47.974 [FXGL Background Thread 1 ] DEBUG GameApplicationServi - Application scenes initialized
23:22:47.991 [FXGL Background Thread 1 ] DEBUG SystemBundleService  - Loading FXGL system data
23:22:47.996 [FXGL Background Thread 1 ] DEBUG FileSystemAccess     - Reading from: C:\Users\User\Documents\Millan.Luis\UNEG\Semestre IV\Tecnicas de Prog. III\Sonic-rush\system\fxgl.bundle
23:22:48.008 [FXGL Background Thread 1 ] DEBUG SystemBundleService  - Bundle FXGL: {}
23:22:48.008 [FXGL Background Thread 1 ] DEBUG UpdaterService       - Checking for updates
23:22:48.014 [FXGL Background Thread 1 ] DEBUG FXGLApplication      - Loading default localization
23:22:48.015 [FXGL Background Thread 1 ] DEBUG FXGLAssetLoaderServi - Loading from file system: jar:file:/C:/Users/User/.m2/repository/com/github/almasb/fxgl/17.3/fxgl-17.3.jar!/fxglassets/languages/english.lang
23:22:48.039 [FXGL Background Thread 1 ] INFO  FXGLApplication      - FXGL initialization took: 0,563 sec
23:22:48.043 [FXGL Background Thread 4 ] DEBUG FXGLApplication      - Loading fonts
23:22:48.043 [FXGL Background Thread 4 ] DEBUG FXGLAssetLoaderServi - Loading from file system: jar:file:/C:/Users/User/.m2/repository/com/github/almasb/fxgl/17.3/fxgl-17.3.jar!/fxglassets/ui/fonts/VarelaRound-Regular.ttf
23:22:48.056 [JavaFX Application Thread] DEBUG Input                - Registered new binding: Mover a la izquierda - A
23:22:48.057 [JavaFX Application Thread] DEBUG Input                - Registered new binding: Mover a la derecha - D
23:22:48.057 [JavaFX Application Thread] DEBUG Input                - Registered new binding: Saltar - W
23:22:48.057 [JavaFX Application Thread] DEBUG Input                - Registered new binding: Interactuar - E
23:22:48.057 [JavaFX Application Thread] DEBUG Input                - Registered new binding: Transformar - P
23:22:48.057 [JavaFX Application Thread] DEBUG Input                - Registered new binding: Desactivar filtro - L
23:22:48.058 [JavaFX Application Thread] DEBUG FXGLAssetLoaderServi - Loading from file system: jar:file:/C:/Users/User/.m2/repository/com/github/almasb/fxgl/17.3/fxgl-17.3.jar!/fxglassets/textures/fxgl_icon.png
23:22:48.085 [FXGL Background Thread 4 ] DEBUG FXGLAssetLoaderServi - Loading from file system: jar:file:/C:/Users/User/.m2/repository/com/github/almasb/fxgl/17.3/fxgl-17.3.jar!/fxglassets/ui/fonts/Abel-Regular.ttf
23:22:48.089 [FXGL Background Thread 4 ] DEBUG FXGLAssetLoaderServi - Loading from file system: jar:file:/C:/Users/User/.m2/repository/com/github/almasb/fxgl/17.3/fxgl-17.3.jar!/fxglassets/ui/fonts/TerminalLandMono-Regular.otf
23:22:48.093 [FXGL Background Thread 4 ] DEBUG FXGLAssetLoaderServi - Loading from file system: jar:file:/C:/Users/User/.m2/repository/com/github/almasb/fxgl/17.3/fxgl-17.3.jar!/fxglassets/ui/fonts/Courier-Prime.ttf
23:22:48.106 [JavaFX Application Thread] DEBUG FXGLAssetLoaderServi - Loading from file system: jar:file:/C:/Users/User/.m2/repository/com/github/almasb/fxgl/17.3/fxgl-17.3.jar!/fxglassets/textures/fxgl_default_cursor.png
23:22:48.108 [JavaFX Application Thread] DEBUG Input                - Registered new binding: Screenshot - CTRL+8
23:22:48.109 [JavaFX Application Thread] DEBUG Input                - Registered new binding: System info dump - CTRL+9
23:22:48.110 [JavaFX Application Thread] DEBUG Input                - Registered new binding: Restart - CTRL+R
23:22:48.115 [JavaFX Application Thread] DEBUG Input                - Registered new binding: Toggle Debug Camera - CTRL+7
23:22:48.120 [JavaFX Application Thread] DEBUG LoopRunner           - Starting loop
23:22:48.120 [JavaFX Application Thread] DEBUG LoopRunner           - Initializing JavaFX AnimationTimerLoop
23:22:48.122 [JavaFX Application Thread] DEBUG GameApplicationServi - Starting new game
23:22:48.122 [JavaFX Application Thread] DEBUG Input                - Clearing active input actions
23:22:48.138 [JavaFX Application Thread] DEBUG GameApplicationServi - Removing overlay from FXGLStartupScene and adding to FXGLLoadingScene
23:22:48.138 [JavaFX Application Thread] DEBUG PrimaryStageWindow   - FXGLStartupScene -> FXGLLoadingScene
23:22:48.138 [JavaFX Application Thread] DEBUG GameApplicationServi - Clearing previous game
23:22:48.138 [JavaFX Application Thread] DEBUG GameScene            - Clearing game scene
23:22:48.138 [JavaFX Application Thread] DEBUG GameWorld            - Clearing game world
23:22:48.138 [JavaFX Application Thread] DEBUG PhysicsWorld         - Clearing physics world
23:22:48.140 [FXGL Background Thread 4 ] DEBUG FXGLApplication      - Initializing game
23:22:48.141 [JavaFX Application Thread] DEBUG FXGLApplication      - Registering font factories with UI factory
23:22:48.158 [FXGL Background Thread 4 ] DEBUG FXGLAssetLoaderServi - Loading from file system: file:/C:/Users/User/Documents/Millan.Luis/UNEG/Semestre%20IV/Tecnicas%20de%20Prog.%20III/Sonic-rush/target/classes/assets/music/OST.mp3
23:22:48.663 [FXGL Background Thread 4 ] INFO  FXGLApplication      - Game initialization took: 0,523 sec
23:22:48.697 [JavaFX Application Thread] DEBUG Input                - Clearing active input actions
23:22:48.708 [JavaFX Application Thread] DEBUG GameApplicationServi - Removing overlay from FXGLLoadingScene and adding to GameScene
23:22:48.708 [JavaFX Application Thread] DEBUG PrimaryStageWindow   - FXGLLoadingScene -> GameScene
23:22:48.849 [FXGL Background Thread 2 ] INFO  UpdaterService       - Your current version:  17.3
23:22:48.867 [FXGL Background Thread 2 ] INFO  UpdaterService       - Latest stable version: 21.1
23:22:51.013 [FXGL Background Thread 3 ] DEBUG Engine               - Logging environment variables
23:22:51.013 [FXGL Background Thread 3 ] DEBUG Engine               - achievements: []
23:22:51.013 [FXGL Background Thread 3 ] DEBUG Engine               - actualHeight: 600.0
23:22:51.013 [FXGL Background Thread 3 ] DEBUG Engine               - actualHeightProperty: ReadOnlyDoubleProperty [value: 600.0]
23:22:51.014 [FXGL Background Thread 3 ] DEBUG Engine               - actualWidth: 1000.0
23:22:51.014 [FXGL Background Thread 3 ] DEBUG Engine               - actualWidthProperty: ReadOnlyDoubleProperty [value: 1000.0]
23:22:51.014 [FXGL Background Thread 3 ] DEBUG Engine               - appIcon: fxgl_icon.png
23:22:51.014 [FXGL Background Thread 3 ] DEBUG Engine               - applicationMode: DEVELOPER
23:22:51.014 [FXGL Background Thread 3 ] DEBUG Engine               - cSSList: [fxgl_dark.css]
23:22:51.014 [FXGL Background Thread 3 ] DEBUG Engine               - collisionDetectionStrategy: BRUTE_FORCE
23:22:51.014 [FXGL Background Thread 3 ] DEBUG Engine               - configClass: Optional.empty
23:22:51.014 [FXGL Background Thread 3 ] DEBUG Engine               - credits: []
23:22:51.014 [FXGL Background Thread 3 ] DEBUG Engine               - defaultCursor: CursorInfo(imageName=fxgl_default_cursor.png, hotspotX=7.0, hotspotY=6.0)
23:22:51.014 [FXGL Background Thread 3 ] DEBUG Engine               - devBBoxColorProperty: ObjectProperty [value: 0xff0000ff]
23:22:51.015 [FXGL Background Thread 3 ] DEBUG Engine               - devEnableDebugCameraProperty: BooleanProperty [value: false]
23:22:51.015 [FXGL Background Thread 3 ] DEBUG Engine               - devSensorColorProperty: ObjectProperty [value: 0xffff00ff]
23:22:51.015 [FXGL Background Thread 3 ] DEBUG Engine               - devShowBBoxProperty: BooleanProperty [value: false]
23:22:51.015 [FXGL Background Thread 3 ] DEBUG Engine               - devShowPositionProperty: BooleanProperty [value: false]
23:22:51.015 [FXGL Background Thread 3 ] DEBUG Engine               - enabledMenuItems: []
23:22:51.015 [FXGL Background Thread 3 ] DEBUG Engine               - engineServices: [class com.almasb.fxgl.app.services.FXGLAssetLoaderService, class com.almasb.fxgl.app.FXGLApplication$GameApplicationService, class com.almasb.fxgl.app.services.FXGLDialogService, class com.almasb.fxgl.app.services.IOTaskExecutorService, class com.almasb.fxgl.io.FileSystemService, class com.almasb.fxgl.localization.LocalizationService, class com.almasb.fxgl.app.services.SystemBundleService, class com.almasb.fxgl.profile.SaveLoadService, class com.almasb.fxgl.ui.FXGLUIFactoryServiceProvider, class com.almasb.fxgl.ui.FXGLDialogFactoryServiceProvider, class com.almasb.fxgl.audio.AudioPlayer, class com.almasb.fxgl.notification.impl.NotificationServiceProvider, class com.almasb.fxgl.achievement.AchievementService, class com.almasb.fxgl.cutscene.CutsceneService, class com.almasb.fxgl.minigames.MiniGameService, class com.almasb.fxgl.net.NetService, class com.almasb.fxgl.app.services.UpdaterService, class com.almasb.fxgl.dev.DevService, class com.almasb.fxgl.multiplayer.MultiplayerService]
23:22:51.015 [FXGL Background Thread 3 ] DEBUG Engine               - fontGame: Abel-Regular.ttf
23:22:51.015 [FXGL Background Thread 3 ] DEBUG Engine               - fontMono: TerminalLandMono-Regular.otf
23:22:51.015 [FXGL Background Thread 3 ] DEBUG Engine               - fontSizeScaleUI: 1.0
23:22:51.015 [FXGL Background Thread 3 ] DEBUG Engine               - fontText: Courier-Prime.ttf
23:22:51.016 [FXGL Background Thread 3 ] DEBUG Engine               - fontUI: VarelaRound-Regular.ttf
23:22:51.016 [FXGL Background Thread 3 ] DEBUG Engine               - fullScreen: BooleanProperty [value: false]
23:22:51.016 [FXGL Background Thread 3 ] DEBUG Engine               - gameDifficulty: MEDIUM
23:22:51.016 [FXGL Background Thread 3 ] DEBUG Engine               - gameDifficultyProperty: ObjectProperty [value: MEDIUM]
23:22:51.016 [FXGL Background Thread 3 ] DEBUG Engine               - globalMusicVolume: 0.5
23:22:51.016 [FXGL Background Thread 3 ] DEBUG Engine               - globalMusicVolumeProperty: DoubleProperty [value: 0.5]
23:22:51.016 [FXGL Background Thread 3 ] DEBUG Engine               - globalSoundVolume: 0.5
23:22:51.016 [FXGL Background Thread 3 ] DEBUG Engine               - globalSoundVolumeProperty: DoubleProperty [value: 0.5]
23:22:51.016 [FXGL Background Thread 3 ] DEBUG Engine               - height: 600
23:22:51.016 [FXGL Background Thread 3 ] DEBUG Engine               - is3D: false
23:22:51.016 [FXGL Background Thread 3 ] DEBUG Engine               - isAndroid: false
23:22:51.016 [FXGL Background Thread 3 ] DEBUG Engine               - isBrowser: false
23:22:51.016 [FXGL Background Thread 3 ] DEBUG Engine               - isClickFeedbackEnabled: false
23:22:51.016 [FXGL Background Thread 3 ] DEBUG Engine               - isCloseConfirmation: false
23:22:51.016 [FXGL Background Thread 3 ] DEBUG Engine               - isDesktop: true
23:22:51.016 [FXGL Background Thread 3 ] DEBUG Engine               - isDeveloperMenuEnabled: false
23:22:51.017 [FXGL Background Thread 3 ] DEBUG Engine               - isEmbedded: false
23:22:51.017 [FXGL Background Thread 3 ] DEBUG Engine               - isEntityPreloadEnabled: true
23:22:51.017 [FXGL Background Thread 3 ] DEBUG Engine               - isExperimentalTiledLargeMap: false
23:22:51.017 [FXGL Background Thread 3 ] DEBUG Engine               - isFileSystemWriteAllowed: true
23:22:51.017 [FXGL Background Thread 3 ] DEBUG Engine               - isFullScreenAllowed: false
23:22:51.017 [FXGL Background Thread 3 ] DEBUG Engine               - isFullScreenFromStart: false
23:22:51.017 [FXGL Background Thread 3 ] DEBUG Engine               - isGameMenuEnabled: true
23:22:51.017 [FXGL Background Thread 3 ] DEBUG Engine               - isIOS: false
23:22:51.017 [FXGL Background Thread 3 ] DEBUG Engine               - isIntroEnabled: false
23:22:51.017 [FXGL Background Thread 3 ] DEBUG Engine               - isLinux: false
23:22:51.017 [FXGL Background Thread 3 ] DEBUG Engine               - isMac: false
23:22:51.017 [FXGL Background Thread 3 ] DEBUG Engine               - isMainMenuEnabled: false
23:22:51.017 [FXGL Background Thread 3 ] DEBUG Engine               - isManualResizeEnabled: false
23:22:51.017 [FXGL Background Thread 3 ] DEBUG Engine               - isMobile: false
23:22:51.017 [FXGL Background Thread 3 ] DEBUG Engine               - isNative: false
23:22:51.017 [FXGL Background Thread 3 ] DEBUG Engine               - isPauseMusicWhenMinimized: true
23:22:51.017 [FXGL Background Thread 3 ] DEBUG Engine               - isPreserveResizeRatio: false
23:22:51.018 [FXGL Background Thread 3 ] DEBUG Engine               - isProfilingEnabled: false
23:22:51.018 [FXGL Background Thread 3 ] DEBUG Engine               - isScaleAffectedOnResize: true
23:22:51.018 [FXGL Background Thread 3 ] DEBUG Engine               - isSingleStep: false
23:22:51.018 [FXGL Background Thread 3 ] DEBUG Engine               - isUserProfileEnabled: false
23:22:51.018 [FXGL Background Thread 3 ] DEBUG Engine               - isWindows: true
23:22:51.018 [FXGL Background Thread 3 ] DEBUG Engine               - language: ObjectProperty [value: ENGLISH]
23:22:51.018 [FXGL Background Thread 3 ] DEBUG Engine               - menuKey: ESCAPE
23:22:51.018 [FXGL Background Thread 3 ] DEBUG Engine               - mouseSensitivity: 0.2
23:22:51.018 [FXGL Background Thread 3 ] DEBUG Engine               - notificationViewClass: class com.almasb.fxgl.notification.view.XboxNotificationView
23:22:51.018 [FXGL Background Thread 3 ] DEBUG Engine               - pixelsPerMeter: 50.0
23:22:51.018 [FXGL Background Thread 3 ] DEBUG Engine               - platform: WINDOWS
23:22:51.018 [FXGL Background Thread 3 ] DEBUG Engine               - prefHeightProperty: ReadOnlyDoubleProperty [value: 600.0]
23:22:51.018 [FXGL Background Thread 3 ] DEBUG Engine               - prefWidthProperty: ReadOnlyDoubleProperty [value: 1000.0]
23:22:51.018 [FXGL Background Thread 3 ] DEBUG Engine               - profileDir: profiles/
23:22:51.018 [FXGL Background Thread 3 ] DEBUG Engine               - profileName: StringProperty [value: DEFAULT]
23:22:51.019 [FXGL Background Thread 3 ] DEBUG Engine               - randomSeed: -1
23:22:51.019 [FXGL Background Thread 3 ] DEBUG Engine               - runtimeInfo: RuntimeInfo(platform=WINDOWS, version=17.3, build=30.03.2023 11.49)
23:22:51.019 [FXGL Background Thread 3 ] DEBUG Engine               - saveFileExt: sav
23:22:51.019 [FXGL Background Thread 3 ] DEBUG Engine               - scaledHeightProp$fxgl: DoubleProperty [bound, value: 600.0]
23:22:51.019 [FXGL Background Thread 3 ] DEBUG Engine               - scaledWidthProp$fxgl: DoubleProperty [bound, value: 1000.0]
23:22:51.019 [FXGL Background Thread 3 ] DEBUG Engine               - sceneFactory: com.almasb.fxgl.app.scene.SceneFactory@5861e24d
23:22:51.019 [FXGL Background Thread 3 ] DEBUG Engine               - secondsIn24h: 60
23:22:51.019 [FXGL Background Thread 3 ] DEBUG Engine               - soundMenuBack: menu/back.wav
23:22:51.019 [FXGL Background Thread 3 ] DEBUG Engine               - soundMenuPress: menu/press.wav
23:22:51.019 [FXGL Background Thread 3 ] DEBUG Engine               - soundMenuSelect: menu/select.wav
23:22:51.019 [FXGL Background Thread 3 ] DEBUG Engine               - soundNotification: core/notification.wav
23:22:51.019 [FXGL Background Thread 3 ] DEBUG Engine               - stageStyle: DECORATED
23:22:51.019 [FXGL Background Thread 3 ] DEBUG Engine               - supportedLanguages: [ENGLISH, FRENCH, GERMAN, HUNGARIAN, RUSSIAN]
23:22:51.020 [FXGL Background Thread 3 ] DEBUG Engine               - ticksPerSecond: -1
23:22:51.020 [FXGL Background Thread 3 ] DEBUG Engine               - title: Jugador Sonic
23:22:51.020 [FXGL Background Thread 3 ] DEBUG Engine               - urlGithub: https://github.com/AlmasB/FXGL
23:22:51.020 [FXGL Background Thread 3 ] DEBUG Engine               - urlLeaderboard: http://fxgl-top.herokuapp.com/
23:22:51.020 [FXGL Background Thread 3 ] DEBUG Engine               - urlPOM: https://raw.githubusercontent.com/AlmasB/FXGL/release/README.md
23:22:51.020 [FXGL Background Thread 3 ] DEBUG Engine               - userAppClass: class Runner.ClientRunner
23:22:51.020 [FXGL Background Thread 3 ] DEBUG Engine               - version: 0.0
23:22:51.020 [FXGL Background Thread 3 ] DEBUG Engine               - versionCheckDays: 7
23:22:51.020 [FXGL Background Thread 3 ] DEBUG Engine               - width: 1000
23:22:51.020 [FXGL Background Thread 3 ] DEBUG Engine               - Logging services
23:22:51.020 [FXGL Background Thread 3 ] DEBUG Engine               - class com.almasb.fxgl.app.services.FXGLAssetLoaderService
23:22:51.020 [FXGL Background Thread 3 ] DEBUG Engine               - class com.almasb.fxgl.app.FXGLApplication$GameApplicationService
23:22:51.020 [FXGL Background Thread 3 ] DEBUG Engine               - class com.almasb.fxgl.app.services.FXGLDialogService
23:22:51.020 [FXGL Background Thread 3 ] DEBUG Engine               - class com.almasb.fxgl.app.services.IOTaskExecutorService
23:22:51.020 [FXGL Background Thread 3 ] DEBUG Engine               - class com.almasb.fxgl.io.FileSystemService
23:22:51.020 [FXGL Background Thread 3 ] DEBUG Engine               - class com.almasb.fxgl.localization.LocalizationService
23:22:51.020 [FXGL Background Thread 3 ] DEBUG Engine               - class com.almasb.fxgl.app.services.SystemBundleService
23:22:51.020 [FXGL Background Thread 3 ] DEBUG Engine               - class com.almasb.fxgl.profile.SaveLoadService
23:22:51.020 [FXGL Background Thread 3 ] DEBUG Engine               - class com.almasb.fxgl.ui.FXGLUIFactoryServiceProvider
23:22:51.021 [FXGL Background Thread 3 ] DEBUG Engine               - class com.almasb.fxgl.ui.FXGLDialogFactoryServiceProvider
23:22:51.021 [FXGL Background Thread 3 ] DEBUG Engine               - class com.almasb.fxgl.audio.AudioPlayer
23:22:51.021 [FXGL Background Thread 3 ] DEBUG Engine               - class com.almasb.fxgl.notification.impl.NotificationServiceProvider
23:22:51.021 [FXGL Background Thread 3 ] DEBUG Engine               - class com.almasb.fxgl.achievement.AchievementService
23:22:51.021 [FXGL Background Thread 3 ] DEBUG Engine               - class com.almasb.fxgl.cutscene.CutsceneService
23:22:51.021 [FXGL Background Thread 3 ] DEBUG Engine               - class com.almasb.fxgl.minigames.MiniGameService
23:22:51.021 [FXGL Background Thread 3 ] DEBUG Engine               - class com.almasb.fxgl.net.NetService
23:22:51.021 [FXGL Background Thread 3 ] DEBUG Engine               - class com.almasb.fxgl.app.services.UpdaterService
23:22:51.021 [FXGL Background Thread 3 ] DEBUG Engine               - class com.almasb.fxgl.dev.DevService
23:22:51.021 [FXGL Background Thread 3 ] DEBUG Engine               - class com.almasb.fxgl.multiplayer.MultiplayerService
23:22:52.525 [JavaFX Application Thread] DEBUG FXGLAssetLoaderServi - Loading from file system: file:/C:/Users/User/Documents/Millan.Luis/UNEG/Semestre%20IV/Tecnicas%20de%20Prog.%20III/Sonic-rush/target/classes/assets/textures/background/background2.png
23:22:52.630 [JavaFX Application Thread] DEBUG TMXLevelLoader       - Parsed TiledMap: file:/C:/Users/User/Documents/Millan.Luis/UNEG/Semestre%20IV/Tecnicas%20de%20Prog.%20III/Sonic-rush/target/classes/assets/levels/mapazo.tmx
23:22:52.631 [JavaFX Application Thread] DEBUG TMXLevelLoader       - Creating tile layer entities
23:22:52.634 [JavaFX Application Thread] DEBUG TilesetLoader        - Loading view for layer Capa de patrones 1
23:22:52.639 [JavaFX Application Thread] DEBUG TilesetLoader        - Created buffer with size 3840.0x720.0
23:22:52.678 [JavaFX Application Thread] DEBUG TMXLevelLoader       - Creating object layer entities
23:22:52.698 [JavaFX Application Thread] DEBUG GameWorld            - Clearing removable entities
23:22:52.699 [JavaFX Application Thread] DEBUG GameWorld            - Setting level: com.almasb.fxgl.entity.level.Level@4cfe0fb5
23:22:52.731 [ClientAsyncConnThread    ] DEBUG TCPClient            - Connecting to localhost:55555 type: class com.almasb.fxgl.core.serialization.Bundle
23:22:52.734 [ClientAsyncConnThread    ] DEBUG TCPClient            - Created socket to localhost:55555
23:22:52.744 [ClientAsyncConnThread    ] DEBUG Endpoint             - TCPClient opening new connection (1) from localhost/127.0.0.1:55555 type: class com.almasb.fxgl.core.serialization.Bundle
23:22:52.747 [ClientAsyncConnThread    ] DEBUG Endpoint             - TCPClient successfully opened connection (1)
23:22:52.781 [TCPClient_RecvThread-1   ] DEBUG Readers              - Getting TCPMessageReader for class com.almasb.fxgl.core.serialization.Bundle
23:22:52.782 [TCPClient_SendThread-1   ] DEBUG Writers              - Getting TCPMessageWriter for class com.almasb.fxgl.core.serialization.Bundle
23:22:52.783 [TCPClient_SendThread-1   ] DEBUG Writers              - Constructed TCPMessageWriter for class com.almasb.fxgl.core.serialization.Bundle: BundleTCPMessageWriter
23:22:52.789 [TCPClient_RecvThread-1   ] DEBUG Readers              - Constructed MessageReader for class com.almasb.fxgl.core.serialization.Bundle: BundleTCPMessageReader
23:22:52.806 [JavaFX Application Thread] DEBUG FXGLAssetLoaderServi - Loading from file system: file:/C:/Users/User/Documents/Millan.Luis/UNEG/Semestre%20IV/Tecnicas%20de%20Prog.%20III/Sonic-rush/target/classes/assets/textures/Items/ring.png
23:22:52.841 [JavaFX Application Thread] DEBUG FXGLAssetLoaderServi - Loading from file system: file:/C:/Users/User/Documents/Millan.Luis/UNEG/Semestre%20IV/Tecnicas%20de%20Prog.%20III/Sonic-rush/target/classes/assets/textures/Items/caucho.png
23:22:52.844 [JavaFX Application Thread] DEBUG FXGLAssetLoaderServi - Loading from file system: file:/C:/Users/User/Documents/Millan.Luis/UNEG/Semestre%20IV/Tecnicas%20de%20Prog.%20III/Sonic-rush/target/classes/assets/textures/Items/basura.png
23:22:52.848 [JavaFX Application Thread] DEBUG FXGLAssetLoaderServi - Loading from file system: file:/C:/Users/User/Documents/Millan.Luis/UNEG/Semestre%20IV/Tecnicas%20de%20Prog.%20III/Sonic-rush/target/classes/assets/textures/Items/papel.png
23:22:52.891 [JavaFX Application Thread] DEBUG FXGLAssetLoaderServi - Loading from file system: file:/C:/Users/User/Documents/Millan.Luis/UNEG/Semestre%20IV/Tecnicas%20de%20Prog.%20III/Sonic-rush/target/classes/assets/textures/Enemigos/enemigo.png
23:22:52.950 [JavaFX Application Thread] DEBUG FXGLAssetLoaderServi - Loading from file system: file:/C:/Users/User/Documents/Millan.Luis/UNEG/Semestre%20IV/Tecnicas%20de%20Prog.%20III/Sonic-rush/target/classes/assets/textures/Personajes/tails.png
23:22:52.951 [JavaFX Application Thread] DEBUG FXGLAssetLoaderServi - Loading from file system: file:/C:/Users/User/Documents/Millan.Luis/UNEG/Semestre%20IV/Tecnicas%20de%20Prog.%20III/Sonic-rush/target/classes/assets/textures/Personajes/tails_Salta.png
23:22:52.952 [JavaFX Application Thread] DEBUG FXGLAssetLoaderServi - Loading from file system: file:/C:/Users/User/Documents/Millan.Luis/UNEG/Semestre%20IV/Tecnicas%20de%20Prog.%20III/Sonic-rush/target/classes/assets/textures/Personajes/tails_caminando.png
23:22:54.927 [JavaFX Application Thread] DEBUG FXGLAssetLoaderServi - Loading from file system: file:/C:/Users/User/Documents/Millan.Luis/UNEG/Semestre%20IV/Tecnicas%20de%20Prog.%20III/Sonic-rush/target/classes/assets/sounds/recoger.wav
23:23:04.974 [JavaFX Application Thread] DEBUG FXGLAssetLoaderServi - Loading from file system: file:/C:/Users/User/Documents/Millan.Luis/UNEG/Semestre%20IV/Tecnicas%20de%20Prog.%20III/Sonic-rush/target/classes/assets/sounds/perder_anillos.wav
23:23:09.372 [JavaFX Application Thread] DEBUG FXGLAssetLoaderServi - Loading from file system: file:/C:/Users/User/Documents/Millan.Luis/UNEG/Semestre%20IV/Tecnicas%20de%20Prog.%20III/Sonic-rush/target/classes/assets/textures/Enemigos/eggman.png
23:23:15.054 [JavaFX Application Thread] DEBUG FXGLAssetLoaderServi - Loading from file system: file:/C:/Users/User/Documents/Millan.Luis/UNEG/Semestre%20IV/Tecnicas%20de%20Prog.%20III/Sonic-rush/target/classes/assets/sounds/muerte.wav
23:23:38.098 [JavaFX Application Thread] DEBUG PrimaryStageWindow   - Push state: DialogSubScene
23:23:38.099 [JavaFX Application Thread] DEBUG Input                - Clearing active input actions
23:23:38.100 [JavaFX Application Thread] DEBUG GameApplicationServi - Removing overlay from GameScene and adding to DialogSubScene
23:23:38.101 [JavaFX Application Thread] DEBUG PrimaryStageWindow   - GameScene -> DialogSubScene
23:23:39.259 [JavaFX Application Thread] DEBUG PrimaryStageWindow   - Pop state: DialogSubScene
23:23:39.259 [JavaFX Application Thread] DEBUG Input                - Clearing active input actions
23:23:39.260 [JavaFX Application Thread] DEBUG GameApplicationServi - Removing overlay from DialogSubScene and adding to GameScene
23:23:39.260 [JavaFX Application Thread] DEBUG PrimaryStageWindow   - GameScene <- DialogSubScene
23:23:39.260 [JavaFX Application Thread] DEBUG FXGLApplication      - Exiting FXGL
23:23:39.260 [JavaFX Application Thread] DEBUG LoopRunner           - Stopping loop
23:23:39.260 [JavaFX Application Thread] DEBUG SystemBundleService  - Saving FXGL system data
23:23:39.261 [JavaFX Application Thread] DEBUG FileSystemAccess     - Writing to: C:\Users\User\Documents\Millan.Luis\UNEG\Semestre IV\Tecnicas de Prog. III\Sonic-rush\system\fxgl.bundle
23:23:39.263 [JavaFX Application Thread] DEBUG Async                - Shutting down background threads
23:23:39.263 [JavaFX Application Thread] DEBUG PrimaryStageWindow   - Closing main window
23:23:39.272 [JavaFX Application Thread] DEBUG Logger               - Closing Logger
