14:05:01.439 [main                     ] DEBUG Logger               - Configured Logger
14:05:01.477 [main                     ] DEBUG GameApplication      - Logging settings
Title: Server
Version: 0.0
Width: 800
Height: 500
Fullscreen: false
Intro: false
Profiling: false
Single step:false
App Mode: DEVELOPER
Menu Key: ESCAPE
Stage Style: DECORATED
Scene Factory: class com.almasb.fxgl.app.scene.SceneFactory

14:05:01.951 [JavaFX Application Thread] DEBUG FXGLApplication      - Initializing FXGL
14:05:01.958 [JavaFX Application Thread] INFO  Engine               - FXGL-17.3 (30.03.2023 11.49) on WINDOWS (J:17.0.12 FX:20)
14:05:01.959 [JavaFX Application Thread] DEBUG Engine               - JRE Vendor Name: Oracle Corporation
14:05:01.959 [JavaFX Application Thread] DEBUG Engine               - Running on OS: Windows 10 version 10.0
14:05:01.960 [JavaFX Application Thread] DEBUG Engine               - Architecture: amd64
14:05:01.960 [JavaFX Application Thread] INFO  Engine               - Source code and latest versions at: https://github.com/AlmasB/FXGL
14:05:01.960 [JavaFX Application Thread] INFO  Engine               -       Ask questions and discuss at: https://github.com/AlmasB/FXGL/discussions
14:05:01.961 [JavaFX Application Thread] INFO  Engine               -              Join the FXGL chat at: https://gitter.im/AlmasB/FXGL
14:05:02.242 [JavaFX Application Thread] DEBUG PrimaryStageWindow   - Creating a JavaFX scene
14:05:02.319 [JavaFX Application Thread] DEBUG PrimaryStageWindow   - Target settings size: 800.0 x 500.0
14:05:02.320 [JavaFX Application Thread] DEBUG PrimaryStageWindow   - Scaled scene size:    800.0 x 500.0
14:05:02.320 [JavaFX Application Thread] DEBUG PrimaryStageWindow   - Scaled ratio: (1.0, 1.0)
14:05:02.322 [JavaFX Application Thread] DEBUG PrimaryStageWindow   - Set initial scene to FXGLStartupScene
14:05:02.328 [JavaFX Application Thread] DEBUG PrimaryStageWindow   - Opening main window
14:05:02.436 [JavaFX Application Thread] DEBUG PrimaryStageWindow   - Window border size: (14.4000244140625, 37.5999755859375)
14:05:02.437 [JavaFX Application Thread] DEBUG PrimaryStageWindow   - Scaled size: 800.0 x 500.0
14:05:02.437 [JavaFX Application Thread] DEBUG PrimaryStageWindow   - Scaled ratio: (1.0, 1.0)
14:05:02.438 [JavaFX Application Thread] DEBUG PrimaryStageWindow   - Scene size: 800.0 x 500.0
14:05:02.438 [JavaFX Application Thread] DEBUG PrimaryStageWindow   - Stage size: 814.4000244140625 x 537.5999755859375
14:05:02.469 [FXGL Background Thread 1 ] DEBUG Engine               - Initializing environment variables
14:05:02.542 [FXGL Background Thread 1 ] DEBUG FXGLAssetLoaderServi - User app class for loading assets: class Runner.ServerRunner
14:05:02.543 [FXGL Background Thread 1 ] DEBUG GameApplicationServi - Applying CSS: fxgl_dark.css
14:05:02.544 [FXGL Background Thread 1 ] DEBUG FXGLAssetLoaderServi - Loading from file system: jar:file:/C:/Users/Owner/.m2/repository/com/github/almasb/fxgl/17.3/fxgl-17.3.jar!/fxglassets/ui/css/fxgl_dark.css
14:05:02.720 [FXGL Background Thread 1 ] DEBUG GameApplicationServi - Initializing application scenes
14:05:02.972 [FXGL Background Thread 1 ] DEBUG GameWorld            - Game world initialized
14:05:03.092 [FXGL Background Thread 1 ] DEBUG PhysicsWorld         - Physics world initialized: appHeight=500, physics.ppm=50.0
14:05:03.093 [FXGL Background Thread 1 ] DEBUG PhysicsWorld         - Using strategy: BRUTE_FORCE
14:05:03.101 [FXGL Background Thread 1 ] DEBUG GameScene            - Game scene initialized: 800x500
14:05:03.124 [FXGL Background Thread 1 ] WARN  FXGL.DefaultMenu     - FXGLDefaultMenu is not designed for resolutions < 800x600
14:05:03.126 [FXGL Background Thread 1 ] DEBUG FXGL.DefaultMenu     - createMenuBodyGameMenu()
14:05:03.159 [FXGL Background Thread 1 ] DEBUG FXGL.DefaultMenu     - createOptionsMenu()
14:05:03.207 [FXGL Background Thread 1 ] DEBUG FXGLAssetLoaderServi - Loading from file system: jar:file:/C:/Users/Owner/.m2/repository/com/github/almasb/fxgl/17.3/fxgl-17.3.jar!/fxglassets/textures/particles/smoke.png
14:05:03.405 [FXGL Background Thread 1 ] DEBUG FXGLAssetLoaderServi - Loading from file system: jar:file:/C:/Users/Owner/.m2/repository/com/github/almasb/fxgl/17.3/fxgl-17.3.jar!/fxglassets/textures/particles/trace_horizontal.png
14:05:03.494 [FXGL Background Thread 1 ] DEBUG GameApplicationServi - Application scenes initialized
14:05:03.519 [FXGL Background Thread 1 ] DEBUG SystemBundleService  - Loading FXGL system data
14:05:03.526 [FXGL Background Thread 1 ] DEBUG FileSystemAccess     - Reading from: C:\Users\Owner\Desktop\Sonic-rush\system\fxgl.bundle
14:05:03.538 [FXGL Background Thread 1 ] DEBUG SystemBundleService  - Bundle FXGL: {}
14:05:03.538 [FXGL Background Thread 1 ] DEBUG UpdaterService       - Checking for updates
14:05:03.569 [FXGL Background Thread 1 ] DEBUG FXGLApplication      - Loading default localization
14:05:03.570 [FXGL Background Thread 1 ] DEBUG FXGLAssetLoaderServi - Loading from file system: jar:file:/C:/Users/Owner/.m2/repository/com/github/almasb/fxgl/17.3/fxgl-17.3.jar!/fxglassets/languages/english.lang
14:05:03.602 [FXGL Background Thread 1 ] INFO  FXGLApplication      - FXGL initialization took: 1.133 sec
14:05:03.710 [JavaFX Application Thread] DEBUG FXGLAssetLoaderServi - Loading from file system: jar:file:/C:/Users/Owner/.m2/repository/com/github/almasb/fxgl/17.3/fxgl-17.3.jar!/fxglassets/textures/fxgl_icon.png
14:05:03.735 [FXGL Background Thread 4 ] DEBUG FXGLApplication      - Loading fonts
14:05:03.737 [FXGL Background Thread 4 ] DEBUG FXGLAssetLoaderServi - Loading from file system: jar:file:/C:/Users/Owner/.m2/repository/com/github/almasb/fxgl/17.3/fxgl-17.3.jar!/fxglassets/ui/fonts/VarelaRound-Regular.ttf
14:05:03.885 [JavaFX Application Thread] DEBUG FXGLAssetLoaderServi - Loading from file system: jar:file:/C:/Users/Owner/.m2/repository/com/github/almasb/fxgl/17.3/fxgl-17.3.jar!/fxglassets/textures/fxgl_default_cursor.png
14:05:03.959 [JavaFX Application Thread] DEBUG Input                - Registered new binding: Screenshot - CTRL+8
14:05:03.960 [JavaFX Application Thread] DEBUG Input                - Registered new binding: System info dump - CTRL+9
14:05:03.960 [JavaFX Application Thread] DEBUG Input                - Registered new binding: Restart - CTRL+R
14:05:03.961 [JavaFX Application Thread] DEBUG Input                - Registered new binding: Toggle Debug Camera - CTRL+7
14:05:03.967 [JavaFX Application Thread] DEBUG LoopRunner           - Starting loop
14:05:03.967 [JavaFX Application Thread] DEBUG LoopRunner           - Initializing JavaFX AnimationTimerLoop
14:05:03.970 [JavaFX Application Thread] DEBUG GameApplicationServi - Starting new game
14:05:03.970 [JavaFX Application Thread] DEBUG Input                - Clearing active input actions
14:05:03.986 [JavaFX Application Thread] DEBUG GameApplicationServi - Removing overlay from FXGLStartupScene and adding to FXGLLoadingScene
14:05:03.987 [JavaFX Application Thread] DEBUG PrimaryStageWindow   - FXGLStartupScene -> FXGLLoadingScene
14:05:03.987 [JavaFX Application Thread] DEBUG GameApplicationServi - Clearing previous game
14:05:03.987 [JavaFX Application Thread] DEBUG GameScene            - Clearing game scene
14:05:03.987 [JavaFX Application Thread] DEBUG GameWorld            - Clearing game world
14:05:03.987 [JavaFX Application Thread] DEBUG PhysicsWorld         - Clearing physics world
14:05:03.990 [FXGL Background Thread 1 ] DEBUG FXGLApplication      - Initializing game
14:05:04.259 [FXGL Background Thread 1 ] WARN  TMXLevelLoader       - Parse error
java.lang.NumberFormatException: For input string: "w0"
	at java.base/java.lang.NumberFormatException.forInputString(NumberFormatException.java:67)
	at java.base/java.lang.Long.parseLong(Long.java:711)
	at java.base/java.lang.Long.parseLong(Long.java:836)
	at com.almasb.fxgl.entity.level.tiled.TMXLevelLoader.parseData(TMXLevelLoader.kt:361)
	at com.almasb.fxgl.entity.level.tiled.TMXLevelLoader.parse(TMXLevelLoader.kt:225)
	at com.almasb.fxgl.entity.level.tiled.TMXLevelLoader.load(TMXLevelLoader.kt:52)
	at com.almasb.fxgl.app.services.FXGLAssetLoaderService.loadLevel(FXGLAssetLoaderService.kt:430)
	at com.almasb.fxgl.dsl.FXGL$Companion.setLevelFromMap(FXGL.kt:634)
	at com.almasb.fxgl.dsl.FXGL.setLevelFromMap(FXGL.kt)
	at GameSettings.ServerGameApp.Jugar(ServerGameApp.java:62)
	at GameSettings.ServerGameApp.initGame(ServerGameApp.java:54)
	at com.almasb.fxgl.app.FXGLApplication$InitAppTask.initGame(FXGLApplication.kt:339)
	at com.almasb.fxgl.app.FXGLApplication$InitAppTask.call(FXGLApplication.kt:319)
	at com.almasb.fxgl.app.FXGLApplication$InitAppTask.call(FXGLApplication.kt:311)
	at javafx.concurrent.Task$TaskCallable.call(Task.java:1426)
	at java.base/java.util.concurrent.FutureTask.run(FutureTask.java:264)
	at java.base/java.util.concurrent.Executors$RunnableAdapter.call(Executors.java:539)
	at java.base/java.util.concurrent.FutureTask.run(FutureTask.java:264)
	at java.base/java.util.concurrent.ThreadPoolExecutor.runWorker(ThreadPoolExecutor.java:1136)
	at java.base/java.util.concurrent.ThreadPoolExecutor$Worker.run(ThreadPoolExecutor.java:635)
	at java.base/java.lang.Thread.run(Thread.java:842)

14:05:04.865 [ServerAsyncConnThread    ] DEBUG TCPServer            - Starting to listen at: 55555 type: class com.almasb.fxgl.core.serialization.Bundle
14:05:06.577 [FXGL Background Thread 3 ] DEBUG Engine               - Logging environment variables
14:05:06.586 [FXGL Background Thread 3 ] DEBUG Engine               - achievements: []
14:05:06.587 [FXGL Background Thread 3 ] DEBUG Engine               - actualHeight: 500.0
14:05:06.587 [FXGL Background Thread 3 ] DEBUG Engine               - actualHeightProperty: ReadOnlyDoubleProperty [value: 500.0]
14:05:06.588 [FXGL Background Thread 3 ] DEBUG Engine               - actualWidth: 800.0
14:05:06.589 [FXGL Background Thread 3 ] DEBUG Engine               - actualWidthProperty: ReadOnlyDoubleProperty [value: 800.0]
14:05:06.589 [FXGL Background Thread 3 ] DEBUG Engine               - appIcon: fxgl_icon.png
14:05:06.589 [FXGL Background Thread 3 ] DEBUG Engine               - applicationMode: DEVELOPER
14:05:06.590 [FXGL Background Thread 3 ] DEBUG Engine               - cSSList: [fxgl_dark.css]
14:05:06.590 [FXGL Background Thread 3 ] DEBUG Engine               - collisionDetectionStrategy: BRUTE_FORCE
14:05:06.590 [FXGL Background Thread 3 ] DEBUG Engine               - configClass: Optional.empty
14:05:06.590 [FXGL Background Thread 3 ] DEBUG Engine               - credits: []
14:05:06.597 [FXGL Background Thread 3 ] DEBUG Engine               - defaultCursor: CursorInfo(imageName=fxgl_default_cursor.png, hotspotX=7.0, hotspotY=6.0)
14:05:06.597 [FXGL Background Thread 3 ] DEBUG Engine               - devBBoxColorProperty: ObjectProperty [value: 0xff0000ff]
14:05:06.598 [FXGL Background Thread 3 ] DEBUG Engine               - devEnableDebugCameraProperty: BooleanProperty [value: false]
14:05:06.599 [FXGL Background Thread 3 ] DEBUG Engine               - devSensorColorProperty: ObjectProperty [value: 0xffff00ff]
14:05:06.599 [FXGL Background Thread 3 ] DEBUG Engine               - devShowBBoxProperty: BooleanProperty [value: false]
14:05:06.599 [FXGL Background Thread 3 ] DEBUG Engine               - devShowPositionProperty: BooleanProperty [value: false]
14:05:06.602 [FXGL Background Thread 3 ] DEBUG Engine               - enabledMenuItems: []
14:05:06.606 [FXGL Background Thread 3 ] DEBUG Engine               - engineServices: [class com.almasb.fxgl.app.services.FXGLAssetLoaderService, class com.almasb.fxgl.app.FXGLApplication$GameApplicationService, class com.almasb.fxgl.app.services.FXGLDialogService, class com.almasb.fxgl.app.services.IOTaskExecutorService, class com.almasb.fxgl.io.FileSystemService, class com.almasb.fxgl.localization.LocalizationService, class com.almasb.fxgl.app.services.SystemBundleService, class com.almasb.fxgl.profile.SaveLoadService, class com.almasb.fxgl.ui.FXGLUIFactoryServiceProvider, class com.almasb.fxgl.ui.FXGLDialogFactoryServiceProvider, class com.almasb.fxgl.audio.AudioPlayer, class com.almasb.fxgl.notification.impl.NotificationServiceProvider, class com.almasb.fxgl.achievement.AchievementService, class com.almasb.fxgl.cutscene.CutsceneService, class com.almasb.fxgl.minigames.MiniGameService, class com.almasb.fxgl.net.NetService, class com.almasb.fxgl.app.services.UpdaterService, class com.almasb.fxgl.dev.DevService, class com.almasb.fxgl.multiplayer.MultiplayerService]
14:05:06.608 [FXGL Background Thread 3 ] DEBUG Engine               - fontGame: Abel-Regular.ttf
14:05:06.609 [FXGL Background Thread 3 ] DEBUG Engine               - fontMono: TerminalLandMono-Regular.otf
14:05:06.611 [FXGL Background Thread 3 ] DEBUG Engine               - fontSizeScaleUI: 1.0
14:05:06.612 [FXGL Background Thread 3 ] DEBUG Engine               - fontText: Courier-Prime.ttf
14:05:06.613 [FXGL Background Thread 3 ] DEBUG Engine               - fontUI: VarelaRound-Regular.ttf
14:05:06.616 [FXGL Background Thread 3 ] DEBUG Engine               - fullScreen: BooleanProperty [value: false]
14:05:06.616 [FXGL Background Thread 3 ] DEBUG Engine               - gameDifficulty: MEDIUM
14:05:06.617 [FXGL Background Thread 3 ] DEBUG Engine               - gameDifficultyProperty: ObjectProperty [value: MEDIUM]
14:05:06.618 [FXGL Background Thread 3 ] DEBUG Engine               - globalMusicVolume: 0.5
14:05:06.619 [FXGL Background Thread 3 ] DEBUG Engine               - globalMusicVolumeProperty: DoubleProperty [value: 0.5]
14:05:06.619 [FXGL Background Thread 3 ] DEBUG Engine               - globalSoundVolume: 0.5
14:05:06.620 [FXGL Background Thread 3 ] DEBUG Engine               - globalSoundVolumeProperty: DoubleProperty [value: 0.5]
14:05:06.620 [FXGL Background Thread 3 ] DEBUG Engine               - height: 500
14:05:06.621 [FXGL Background Thread 3 ] DEBUG Engine               - is3D: false
14:05:06.621 [FXGL Background Thread 3 ] DEBUG Engine               - isAndroid: false
14:05:06.621 [FXGL Background Thread 3 ] DEBUG Engine               - isBrowser: false
14:05:06.621 [FXGL Background Thread 3 ] DEBUG Engine               - isClickFeedbackEnabled: false
14:05:06.621 [FXGL Background Thread 3 ] DEBUG Engine               - isCloseConfirmation: false
14:05:06.622 [FXGL Background Thread 3 ] DEBUG Engine               - isDesktop: true
14:05:06.622 [FXGL Background Thread 3 ] DEBUG Engine               - isDeveloperMenuEnabled: false
14:05:06.622 [FXGL Background Thread 3 ] DEBUG Engine               - isEmbedded: false
14:05:06.622 [FXGL Background Thread 3 ] DEBUG Engine               - isEntityPreloadEnabled: true
14:05:06.622 [FXGL Background Thread 3 ] DEBUG Engine               - isExperimentalTiledLargeMap: false
14:05:06.622 [FXGL Background Thread 3 ] DEBUG Engine               - isFileSystemWriteAllowed: true
14:05:06.622 [FXGL Background Thread 3 ] DEBUG Engine               - isFullScreenAllowed: false
14:05:06.622 [FXGL Background Thread 3 ] DEBUG Engine               - isFullScreenFromStart: false
14:05:06.622 [FXGL Background Thread 3 ] DEBUG Engine               - isGameMenuEnabled: true
14:05:06.623 [FXGL Background Thread 3 ] DEBUG Engine               - isIOS: false
14:05:06.623 [FXGL Background Thread 3 ] DEBUG Engine               - isIntroEnabled: false
14:05:06.623 [FXGL Background Thread 3 ] DEBUG Engine               - isLinux: false
14:05:06.623 [FXGL Background Thread 3 ] DEBUG Engine               - isMac: false
14:05:06.623 [FXGL Background Thread 3 ] DEBUG Engine               - isMainMenuEnabled: false
14:05:06.623 [FXGL Background Thread 3 ] DEBUG Engine               - isManualResizeEnabled: false
14:05:06.623 [FXGL Background Thread 3 ] DEBUG Engine               - isMobile: false
14:05:06.623 [FXGL Background Thread 3 ] DEBUG Engine               - isNative: false
14:05:06.624 [FXGL Background Thread 3 ] DEBUG Engine               - isPauseMusicWhenMinimized: true
14:05:06.624 [FXGL Background Thread 3 ] DEBUG Engine               - isPreserveResizeRatio: false
14:05:06.624 [FXGL Background Thread 3 ] DEBUG Engine               - isProfilingEnabled: false
14:05:06.624 [FXGL Background Thread 3 ] DEBUG Engine               - isScaleAffectedOnResize: true
14:05:06.624 [FXGL Background Thread 3 ] DEBUG Engine               - isSingleStep: false
14:05:06.624 [FXGL Background Thread 3 ] DEBUG Engine               - isUserProfileEnabled: false
14:05:06.624 [FXGL Background Thread 3 ] DEBUG Engine               - isWindows: true
14:05:06.624 [FXGL Background Thread 3 ] DEBUG Engine               - language: ObjectProperty [value: ENGLISH]
14:05:06.625 [FXGL Background Thread 3 ] DEBUG Engine               - menuKey: ESCAPE
14:05:06.625 [FXGL Background Thread 3 ] DEBUG Engine               - mouseSensitivity: 0.2
14:05:06.625 [FXGL Background Thread 3 ] DEBUG Engine               - notificationViewClass: class com.almasb.fxgl.notification.view.XboxNotificationView
14:05:06.625 [FXGL Background Thread 3 ] DEBUG Engine               - pixelsPerMeter: 50.0
14:05:06.625 [FXGL Background Thread 3 ] DEBUG Engine               - platform: WINDOWS
14:05:06.625 [FXGL Background Thread 3 ] DEBUG Engine               - prefHeightProperty: ReadOnlyDoubleProperty [value: 500.0]
14:05:06.626 [FXGL Background Thread 3 ] DEBUG Engine               - prefWidthProperty: ReadOnlyDoubleProperty [value: 800.0]
14:05:06.626 [FXGL Background Thread 3 ] DEBUG Engine               - profileDir: profiles/
14:05:06.626 [FXGL Background Thread 3 ] DEBUG Engine               - profileName: StringProperty [value: DEFAULT]
14:05:06.626 [FXGL Background Thread 3 ] DEBUG Engine               - randomSeed: -1
14:05:06.626 [FXGL Background Thread 3 ] DEBUG Engine               - runtimeInfo: RuntimeInfo(platform=WINDOWS, version=17.3, build=30.03.2023 11.49)
14:05:06.627 [FXGL Background Thread 3 ] DEBUG Engine               - saveFileExt: sav
14:05:06.627 [FXGL Background Thread 3 ] DEBUG Engine               - scaledHeightProp$fxgl: DoubleProperty [bound, value: 500.0]
14:05:06.627 [FXGL Background Thread 3 ] DEBUG Engine               - scaledWidthProp$fxgl: DoubleProperty [bound, value: 800.0]
14:05:06.627 [FXGL Background Thread 3 ] DEBUG Engine               - sceneFactory: com.almasb.fxgl.app.scene.SceneFactory@4901f8d6
14:05:06.627 [FXGL Background Thread 3 ] DEBUG Engine               - secondsIn24h: 60
14:05:06.627 [FXGL Background Thread 3 ] DEBUG Engine               - soundMenuBack: menu/back.wav
14:05:06.627 [FXGL Background Thread 3 ] DEBUG Engine               - soundMenuPress: menu/press.wav
14:05:06.628 [FXGL Background Thread 3 ] DEBUG Engine               - soundMenuSelect: menu/select.wav
14:05:06.628 [FXGL Background Thread 3 ] DEBUG Engine               - soundNotification: core/notification.wav
14:05:06.628 [FXGL Background Thread 3 ] DEBUG Engine               - stageStyle: DECORATED
14:05:06.628 [FXGL Background Thread 3 ] DEBUG Engine               - supportedLanguages: [ENGLISH, FRENCH, GERMAN, HUNGARIAN, RUSSIAN]
14:05:06.628 [FXGL Background Thread 3 ] DEBUG Engine               - ticksPerSecond: -1
14:05:06.628 [FXGL Background Thread 3 ] DEBUG Engine               - title: Server
14:05:06.628 [FXGL Background Thread 3 ] DEBUG Engine               - urlGithub: https://github.com/AlmasB/FXGL
14:05:06.628 [FXGL Background Thread 3 ] DEBUG Engine               - urlLeaderboard: http://fxgl-top.herokuapp.com/
14:05:06.628 [FXGL Background Thread 3 ] DEBUG Engine               - urlPOM: https://raw.githubusercontent.com/AlmasB/FXGL/release/README.md
14:05:06.628 [FXGL Background Thread 3 ] DEBUG Engine               - userAppClass: class Runner.ServerRunner
14:05:06.628 [FXGL Background Thread 3 ] DEBUG Engine               - version: 0.0
14:05:06.629 [FXGL Background Thread 3 ] DEBUG Engine               - versionCheckDays: 7
14:05:06.629 [FXGL Background Thread 3 ] DEBUG Engine               - width: 800
14:05:06.629 [FXGL Background Thread 3 ] DEBUG Engine               - Logging services
14:05:06.629 [FXGL Background Thread 3 ] DEBUG Engine               - class com.almasb.fxgl.app.services.FXGLAssetLoaderService
14:05:06.629 [FXGL Background Thread 3 ] DEBUG Engine               - class com.almasb.fxgl.app.FXGLApplication$GameApplicationService
14:05:06.629 [FXGL Background Thread 3 ] DEBUG Engine               - class com.almasb.fxgl.app.services.FXGLDialogService
14:05:06.629 [FXGL Background Thread 3 ] DEBUG Engine               - class com.almasb.fxgl.app.services.IOTaskExecutorService
14:05:06.629 [FXGL Background Thread 3 ] DEBUG Engine               - class com.almasb.fxgl.io.FileSystemService
14:05:06.629 [FXGL Background Thread 3 ] DEBUG Engine               - class com.almasb.fxgl.localization.LocalizationService
14:05:06.629 [FXGL Background Thread 3 ] DEBUG Engine               - class com.almasb.fxgl.app.services.SystemBundleService
14:05:06.630 [FXGL Background Thread 3 ] DEBUG Engine               - class com.almasb.fxgl.profile.SaveLoadService
14:05:06.630 [FXGL Background Thread 3 ] DEBUG Engine               - class com.almasb.fxgl.ui.FXGLUIFactoryServiceProvider
14:05:06.630 [FXGL Background Thread 3 ] DEBUG Engine               - class com.almasb.fxgl.ui.FXGLDialogFactoryServiceProvider
14:05:06.630 [FXGL Background Thread 3 ] DEBUG Engine               - class com.almasb.fxgl.audio.AudioPlayer
14:05:06.630 [FXGL Background Thread 3 ] DEBUG Engine               - class com.almasb.fxgl.notification.impl.NotificationServiceProvider
14:05:06.630 [FXGL Background Thread 3 ] DEBUG Engine               - class com.almasb.fxgl.achievement.AchievementService
14:05:06.630 [FXGL Background Thread 3 ] DEBUG Engine               - class com.almasb.fxgl.cutscene.CutsceneService
14:05:06.630 [FXGL Background Thread 3 ] DEBUG Engine               - class com.almasb.fxgl.minigames.MiniGameService
14:05:06.630 [FXGL Background Thread 3 ] DEBUG Engine               - class com.almasb.fxgl.net.NetService
14:05:06.631 [FXGL Background Thread 3 ] DEBUG Engine               - class com.almasb.fxgl.app.services.UpdaterService
14:05:06.631 [FXGL Background Thread 3 ] DEBUG Engine               - class com.almasb.fxgl.dev.DevService
14:05:06.631 [FXGL Background Thread 3 ] DEBUG Engine               - class com.almasb.fxgl.multiplayer.MultiplayerService
14:05:06.734 [JavaFX Application Thread] DEBUG LoopRunner           - Stopping loop
14:05:06.736 [JavaFX Application Thread] FATAL FXGLApplication      - Uncaught Exception:
java.lang.RuntimeException: Initialization failed
	at com.almasb.fxgl.app.FXGLApplication$InitAppTask.failed(FXGLApplication.kt:343)
	at javafx.concurrent.Task.setState(Task.java:710)
	at javafx.concurrent.Task$TaskCallable.lambda$call$2(Task.java:1456)
	at com.sun.javafx.application.PlatformImpl.lambda$runLater$10(PlatformImpl.java:456)
	at java.base/java.security.AccessController.doPrivileged(AccessController.java:399)
	at com.sun.javafx.application.PlatformImpl.lambda$runLater$11(PlatformImpl.java:455)
	at com.sun.glass.ui.InvokeLaterDispatcher$Future.run(InvokeLaterDispatcher.java:95)
	at com.sun.glass.ui.win.WinApplication._runLoop(Native Method)
	at com.sun.glass.ui.win.WinApplication.lambda$runLoop$3(WinApplication.java:185)
	at java.base/java.lang.Thread.run(Thread.java:842)
Caused by: com.almasb.fxgl.entity.level.LevelLoadingException: For input string: "w0"
	at com.almasb.fxgl.entity.level.tiled.TMXLevelLoader.load(TMXLevelLoader.kt:78)
	at com.almasb.fxgl.app.services.FXGLAssetLoaderService.loadLevel(FXGLAssetLoaderService.kt:430)
	at com.almasb.fxgl.dsl.FXGL$Companion.setLevelFromMap(FXGL.kt:634)
	at com.almasb.fxgl.dsl.FXGL.setLevelFromMap(FXGL.kt)
	at GameSettings.ServerGameApp.Jugar(ServerGameApp.java:62)
	at GameSettings.ServerGameApp.initGame(ServerGameApp.java:54)
	at com.almasb.fxgl.app.FXGLApplication$InitAppTask.initGame(FXGLApplication.kt:339)
	at com.almasb.fxgl.app.FXGLApplication$InitAppTask.call(FXGLApplication.kt:319)
	at com.almasb.fxgl.app.FXGLApplication$InitAppTask.call(FXGLApplication.kt:311)
	at javafx.concurrent.Task$TaskCallable.call(Task.java:1426)
	at java.base/java.util.concurrent.FutureTask.run(FutureTask.java:264)
	at java.base/java.util.concurrent.Executors$RunnableAdapter.call(Executors.java:539)
	at java.base/java.util.concurrent.FutureTask.run(FutureTask.java:264)
	at java.base/java.util.concurrent.ThreadPoolExecutor.runWorker(ThreadPoolExecutor.java:1136)
	at java.base/java.util.concurrent.ThreadPoolExecutor$Worker.run(ThreadPoolExecutor.java:635)
	... 1 more
Caused by: java.lang.NumberFormatException: For input string: "w0"
	at java.base/java.lang.NumberFormatException.forInputString(NumberFormatException.java:67)
	at java.base/java.lang.Long.parseLong(Long.java:711)
	at java.base/java.lang.Long.parseLong(Long.java:836)
	at com.almasb.fxgl.entity.level.tiled.TMXLevelLoader.parseData(TMXLevelLoader.kt:361)
	at com.almasb.fxgl.entity.level.tiled.TMXLevelLoader.parse(TMXLevelLoader.kt:225)
	at com.almasb.fxgl.entity.level.tiled.TMXLevelLoader.load(TMXLevelLoader.kt:52)
	... 15 more

14:05:06.782 [JavaFX Application Thread] FATAL FXGLApplication      - Application will now exit
14:05:06.838 [JavaFX Application Thread] DEBUG PrimaryStageWindow   - Push state: ErrorSubScene
14:05:06.838 [JavaFX Application Thread] DEBUG Input                - Clearing active input actions
14:05:06.851 [JavaFX Application Thread] DEBUG GameApplicationServi - Removing overlay from FXGLLoadingScene and adding to ErrorSubScene
14:05:06.852 [JavaFX Application Thread] DEBUG PrimaryStageWindow   - FXGLLoadingScene -> ErrorSubScene
14:05:07.078 [FXGL Background Thread 4 ] DEBUG FXGLAssetLoaderServi - Loading from file system: jar:file:/C:/Users/Owner/.m2/repository/com/github/almasb/fxgl/17.3/fxgl-17.3.jar!/fxglassets/ui/fonts/Abel-Regular.ttf
14:05:07.084 [FXGL Background Thread 4 ] DEBUG FXGLAssetLoaderServi - Loading from file system: jar:file:/C:/Users/Owner/.m2/repository/com/github/almasb/fxgl/17.3/fxgl-17.3.jar!/fxglassets/ui/fonts/TerminalLandMono-Regular.otf
14:05:07.090 [FXGL Background Thread 4 ] DEBUG FXGLAssetLoaderServi - Loading from file system: jar:file:/C:/Users/Owner/.m2/repository/com/github/almasb/fxgl/17.3/fxgl-17.3.jar!/fxglassets/ui/fonts/Courier-Prime.ttf
14:05:07.420 [JavaFX Application Thread] DEBUG FXGLApplication      - Registering font factories with UI factory
14:05:07.826 [FXGL Background Thread 2 ] INFO  UpdaterService       - Your current version:  17.3
14:05:07.858 [FXGL Background Thread 2 ] INFO  UpdaterService       - Latest stable version: 21.1
14:05:48.105 [JavaFX Application Thread] DEBUG FXGLApplication      - Exiting FXGL
14:05:48.106 [JavaFX Application Thread] DEBUG Async                - Shutting down background threads
14:05:48.108 [JavaFX Application Thread] DEBUG PrimaryStageWindow   - Closing main window
14:05:48.151 [JavaFX Application Thread] DEBUG Logger               - Closing Logger
