22:42:47.476 [main                     ] DEBUG Logger               - Configured Logger
22:42:47.492 [main                     ] DEBUG GameApplication      - Logging settings
Title: Jugador Sonic
Version: 0.0
Width: 1000
Height: 600
Fullscreen: false
Intro: false
Profiling: false
Single step:false
App Mode: DEVELOPER
Menu Key: ESCAPE
Stage Style: DECORATED
Scene Factory: class com.almasb.fxgl.app.scene.SceneFactory

22:42:47.721 [JavaFX Application Thread] DEBUG FXGLApplication      - Initializing FXGL
22:42:47.726 [JavaFX Application Thread] INFO  Engine               - FXGL-17.3 (30.03.2023 11.49) on WINDOWS (J:21.0.2 FX:20)
22:42:47.728 [JavaFX Application Thread] DEBUG Engine               - JRE Vendor Name: Oracle Corporation
22:42:47.728 [JavaFX Application Thread] DEBUG Engine               - Running on OS: Windows 10 version 10.0
22:42:47.729 [JavaFX Application Thread] DEBUG Engine               - Architecture: amd64
22:42:47.729 [JavaFX Application Thread] INFO  Engine               - Source code and latest versions at: https://github.com/AlmasB/FXGL
22:42:47.730 [JavaFX Application Thread] INFO  Engine               -       Ask questions and discuss at: https://github.com/AlmasB/FXGL/discussions
22:42:47.731 [JavaFX Application Thread] INFO  Engine               -              Join the FXGL chat at: https://gitter.im/AlmasB/FXGL
22:42:47.883 [JavaFX Application Thread] DEBUG PrimaryStageWindow   - Creating a JavaFX scene
22:42:48.188 [JavaFX Application Thread] DEBUG PrimaryStageWindow   - Target settings size: 1000.0 x 600.0
22:42:48.189 [JavaFX Application Thread] DEBUG PrimaryStageWindow   - Scaled scene size:    1000.0 x 600.0
22:42:48.189 [JavaFX Application Thread] DEBUG PrimaryStageWindow   - Scaled ratio: (1.0, 1.0)
22:42:48.190 [JavaFX Application Thread] DEBUG PrimaryStageWindow   - Set initial scene to FXGLStartupScene
22:42:48.195 [JavaFX Application Thread] DEBUG PrimaryStageWindow   - Opening main window
22:42:48.386 [JavaFX Application Thread] DEBUG PrimaryStageWindow   - Window border size: (16.0, 39.0)
22:42:48.386 [JavaFX Application Thread] DEBUG PrimaryStageWindow   - Scaled size: 1000.0 x 600.0
22:42:48.387 [JavaFX Application Thread] DEBUG PrimaryStageWindow   - Scaled ratio: (1.0, 1.0)
22:42:48.387 [JavaFX Application Thread] DEBUG PrimaryStageWindow   - Scene size: 1000.0 x 600.0
22:42:48.387 [JavaFX Application Thread] DEBUG PrimaryStageWindow   - Stage size: 1016.0 x 639.0
22:42:48.451 [FXGL Background Thread 1 ] DEBUG Engine               - Initializing environment variables
22:42:48.511 [FXGL Background Thread 1 ] DEBUG FXGLAssetLoaderServi - User app class for loading assets: class Runner.ClientRunner
22:42:48.511 [FXGL Background Thread 1 ] DEBUG GameApplicationServi - Applying CSS: fxgl_dark.css
22:42:48.513 [FXGL Background Thread 1 ] DEBUG FXGLAssetLoaderServi - Loading from file system: jar:file:/C:/Users/User/.m2/repository/com/github/almasb/fxgl/17.3/fxgl-17.3.jar!/fxglassets/ui/css/fxgl_dark.css
22:42:48.589 [FXGL Background Thread 1 ] DEBUG GameApplicationServi - Initializing application scenes
22:42:48.748 [FXGL Background Thread 1 ] DEBUG GameWorld            - Game world initialized
22:42:48.842 [FXGL Background Thread 1 ] DEBUG PhysicsWorld         - Physics world initialized: appHeight=600, physics.ppm=50,0
22:42:48.843 [FXGL Background Thread 1 ] DEBUG PhysicsWorld         - Using strategy: BRUTE_FORCE
22:42:48.852 [FXGL Background Thread 1 ] DEBUG GameScene            - Game scene initialized: 1000x600
22:42:48.877 [FXGL Background Thread 1 ] DEBUG FXGL.DefaultMenu     - createMenuBodyGameMenu()
22:42:48.897 [FXGL Background Thread 1 ] DEBUG FXGL.DefaultMenu     - createOptionsMenu()
22:42:48.910 [FXGL Background Thread 1 ] DEBUG FXGLAssetLoaderServi - Loading from file system: jar:file:/C:/Users/User/.m2/repository/com/github/almasb/fxgl/17.3/fxgl-17.3.jar!/fxglassets/textures/particles/smoke.png
22:42:49.053 [FXGL Background Thread 1 ] DEBUG FXGLAssetLoaderServi - Loading from file system: jar:file:/C:/Users/User/.m2/repository/com/github/almasb/fxgl/17.3/fxgl-17.3.jar!/fxglassets/textures/particles/trace_horizontal.png
22:42:49.106 [FXGL Background Thread 1 ] DEBUG GameApplicationServi - Application scenes initialized
22:42:49.123 [FXGL Background Thread 1 ] DEBUG SystemBundleService  - Loading FXGL system data
22:42:49.129 [FXGL Background Thread 1 ] DEBUG FileSystemAccess     - Reading from: C:\Users\User\Documents\Millan.Luis\UNEG\Semestre IV\Tecnicas de Prog. III\Sonic-rush\system\fxgl.bundle
22:42:49.140 [FXGL Background Thread 1 ] DEBUG SystemBundleService  - Bundle FXGL: {}
22:42:49.140 [FXGL Background Thread 1 ] DEBUG UpdaterService       - Checking for updates
22:42:49.147 [FXGL Background Thread 1 ] DEBUG FXGLApplication      - Loading default localization
22:42:49.147 [FXGL Background Thread 1 ] DEBUG FXGLAssetLoaderServi - Loading from file system: jar:file:/C:/Users/User/.m2/repository/com/github/almasb/fxgl/17.3/fxgl-17.3.jar!/fxglassets/languages/english.lang
22:42:49.160 [FXGL Background Thread 4 ] DEBUG FXGLApplication      - Loading fonts
22:42:49.161 [FXGL Background Thread 4 ] DEBUG FXGLAssetLoaderServi - Loading from file system: jar:file:/C:/Users/User/.m2/repository/com/github/almasb/fxgl/17.3/fxgl-17.3.jar!/fxglassets/ui/fonts/VarelaRound-Regular.ttf
22:42:49.174 [FXGL Background Thread 1 ] INFO  FXGLApplication      - FXGL initialization took: 0,723 sec
22:42:49.202 [JavaFX Application Thread] DEBUG Input                - Registered new binding: Mover a la izquierda - A
22:42:49.202 [JavaFX Application Thread] DEBUG Input                - Registered new binding: Mover a la derecha - D
22:42:49.202 [JavaFX Application Thread] DEBUG Input                - Registered new binding: Saltar - W
22:42:49.202 [JavaFX Application Thread] DEBUG Input                - Registered new binding: Interactuar - E
22:42:49.203 [JavaFX Application Thread] DEBUG Input                - Registered new binding: Transformar - P
22:42:49.203 [JavaFX Application Thread] DEBUG Input                - Registered new binding: Desactivar filtro - L
22:42:49.203 [JavaFX Application Thread] DEBUG FXGLAssetLoaderServi - Loading from file system: jar:file:/C:/Users/User/.m2/repository/com/github/almasb/fxgl/17.3/fxgl-17.3.jar!/fxglassets/textures/fxgl_icon.png
22:42:49.213 [FXGL Background Thread 4 ] DEBUG FXGLAssetLoaderServi - Loading from file system: jar:file:/C:/Users/User/.m2/repository/com/github/almasb/fxgl/17.3/fxgl-17.3.jar!/fxglassets/ui/fonts/Abel-Regular.ttf
22:42:49.226 [JavaFX Application Thread] DEBUG FXGLAssetLoaderServi - Loading from file system: jar:file:/C:/Users/User/.m2/repository/com/github/almasb/fxgl/17.3/fxgl-17.3.jar!/fxglassets/textures/fxgl_default_cursor.png
22:42:49.228 [JavaFX Application Thread] DEBUG Input                - Registered new binding: Screenshot - CTRL+8
22:42:49.228 [JavaFX Application Thread] DEBUG Input                - Registered new binding: System info dump - CTRL+9
22:42:49.229 [JavaFX Application Thread] DEBUG Input                - Registered new binding: Restart - CTRL+R
22:42:49.229 [JavaFX Application Thread] DEBUG Input                - Registered new binding: Toggle Debug Camera - CTRL+7
22:42:49.256 [JavaFX Application Thread] DEBUG LoopRunner           - Starting loop
22:42:49.256 [JavaFX Application Thread] DEBUG LoopRunner           - Initializing JavaFX AnimationTimerLoop
22:42:49.258 [JavaFX Application Thread] DEBUG GameApplicationServi - Starting new game
22:42:49.259 [JavaFX Application Thread] DEBUG Input                - Clearing active input actions
22:42:49.270 [FXGL Background Thread 4 ] DEBUG FXGLAssetLoaderServi - Loading from file system: jar:file:/C:/Users/User/.m2/repository/com/github/almasb/fxgl/17.3/fxgl-17.3.jar!/fxglassets/ui/fonts/TerminalLandMono-Regular.otf
22:42:49.273 [JavaFX Application Thread] DEBUG GameApplicationServi - Removing overlay from FXGLStartupScene and adding to FXGLLoadingScene
22:42:49.274 [JavaFX Application Thread] DEBUG PrimaryStageWindow   - FXGLStartupScene -> FXGLLoadingScene
22:42:49.274 [JavaFX Application Thread] DEBUG GameApplicationServi - Clearing previous game
22:42:49.274 [JavaFX Application Thread] DEBUG GameScene            - Clearing game scene
22:42:49.274 [JavaFX Application Thread] DEBUG GameWorld            - Clearing game world
22:42:49.274 [JavaFX Application Thread] DEBUG PhysicsWorld         - Clearing physics world
22:42:49.277 [FXGL Background Thread 1 ] DEBUG FXGLApplication      - Initializing game
22:42:49.278 [FXGL Background Thread 4 ] DEBUG FXGLAssetLoaderServi - Loading from file system: jar:file:/C:/Users/User/.m2/repository/com/github/almasb/fxgl/17.3/fxgl-17.3.jar!/fxglassets/ui/fonts/Courier-Prime.ttf
22:42:49.288 [JavaFX Application Thread] DEBUG FXGLApplication      - Registering font factories with UI factory
22:42:49.300 [FXGL Background Thread 1 ] DEBUG FXGLAssetLoaderServi - Loading from file system: file:/C:/Users/User/Documents/Millan.Luis/UNEG/Semestre%20IV/Tecnicas%20de%20Prog.%20III/Sonic-rush/target/classes/assets/music/OST.mp3
22:42:49.695 [FXGL Background Thread 1 ] INFO  FXGLApplication      - Game initialization took: 0,417 sec
22:42:49.714 [JavaFX Application Thread] DEBUG Input                - Clearing active input actions
22:42:49.725 [JavaFX Application Thread] DEBUG GameApplicationServi - Removing overlay from FXGLLoadingScene and adding to GameScene
22:42:49.726 [JavaFX Application Thread] DEBUG PrimaryStageWindow   - FXGLLoadingScene -> GameScene
22:42:49.988 [FXGL Background Thread 2 ] INFO  UpdaterService       - Your current version:  17.3
22:42:49.992 [FXGL Background Thread 2 ] INFO  UpdaterService       - Latest stable version: 21.1
22:42:50.584 [JavaFX Application Thread] DEBUG FXGLAssetLoaderServi - Loading from file system: file:/C:/Users/User/Documents/Millan.Luis/UNEG/Semestre%20IV/Tecnicas%20de%20Prog.%20III/Sonic-rush/target/classes/assets/textures/background/background2.png
22:42:50.687 [JavaFX Application Thread] DEBUG TMXLevelLoader       - Parsed TiledMap: file:/C:/Users/User/Documents/Millan.Luis/UNEG/Semestre%20IV/Tecnicas%20de%20Prog.%20III/Sonic-rush/target/classes/assets/levels/mapazo.tmx
22:42:50.688 [JavaFX Application Thread] DEBUG TMXLevelLoader       - Creating tile layer entities
22:42:50.690 [JavaFX Application Thread] DEBUG TilesetLoader        - Loading view for layer Capa de patrones 1
22:42:50.697 [JavaFX Application Thread] DEBUG TilesetLoader        - Created buffer with size 3840.0x720.0
22:42:50.736 [JavaFX Application Thread] DEBUG TMXLevelLoader       - Creating object layer entities
22:42:50.754 [JavaFX Application Thread] DEBUG GameWorld            - Clearing removable entities
22:42:50.754 [JavaFX Application Thread] DEBUG GameWorld            - Setting level: com.almasb.fxgl.entity.level.Level@2c130423
22:42:50.787 [ClientAsyncConnThread    ] DEBUG TCPClient            - Connecting to localhost:55555 type: class com.almasb.fxgl.core.serialization.Bundle
22:42:50.788 [ClientAsyncConnThread    ] DEBUG TCPClient            - Created socket to localhost:55555
22:42:50.796 [ClientAsyncConnThread    ] DEBUG Endpoint             - TCPClient opening new connection (1) from localhost/127.0.0.1:55555 type: class com.almasb.fxgl.core.serialization.Bundle
22:42:50.797 [ClientAsyncConnThread    ] DEBUG Endpoint             - TCPClient successfully opened connection (1)
22:42:50.836 [TCPClient_SendThread-1   ] DEBUG Writers              - Getting TCPMessageWriter for class com.almasb.fxgl.core.serialization.Bundle
22:42:50.838 [TCPClient_SendThread-1   ] DEBUG Writers              - Constructed TCPMessageWriter for class com.almasb.fxgl.core.serialization.Bundle: BundleTCPMessageWriter
22:42:50.853 [TCPClient_RecvThread-1   ] DEBUG Readers              - Getting TCPMessageReader for class com.almasb.fxgl.core.serialization.Bundle
22:42:50.859 [TCPClient_RecvThread-1   ] DEBUG Readers              - Constructed MessageReader for class com.almasb.fxgl.core.serialization.Bundle: BundleTCPMessageReader
22:42:50.883 [JavaFX Application Thread] DEBUG FXGLAssetLoaderServi - Loading from file system: file:/C:/Users/User/Documents/Millan.Luis/UNEG/Semestre%20IV/Tecnicas%20de%20Prog.%20III/Sonic-rush/target/classes/assets/textures/Items/ring.png
22:42:50.907 [JavaFX Application Thread] DEBUG FXGLAssetLoaderServi - Loading from file system: file:/C:/Users/User/Documents/Millan.Luis/UNEG/Semestre%20IV/Tecnicas%20de%20Prog.%20III/Sonic-rush/target/classes/assets/textures/Items/papel.png
22:42:50.913 [JavaFX Application Thread] DEBUG FXGLAssetLoaderServi - Loading from file system: file:/C:/Users/User/Documents/Millan.Luis/UNEG/Semestre%20IV/Tecnicas%20de%20Prog.%20III/Sonic-rush/target/classes/assets/textures/Items/caucho.png
22:42:50.919 [JavaFX Application Thread] DEBUG FXGLAssetLoaderServi - Loading from file system: file:/C:/Users/User/Documents/Millan.Luis/UNEG/Semestre%20IV/Tecnicas%20de%20Prog.%20III/Sonic-rush/target/classes/assets/textures/Items/basura.png
22:42:50.940 [JavaFX Application Thread] DEBUG FXGLAssetLoaderServi - Loading from file system: file:/C:/Users/User/Documents/Millan.Luis/UNEG/Semestre%20IV/Tecnicas%20de%20Prog.%20III/Sonic-rush/target/classes/assets/textures/Enemigos/enemigo.png
22:42:51.007 [JavaFX Application Thread] DEBUG FXGLAssetLoaderServi - Loading from file system: file:/C:/Users/User/Documents/Millan.Luis/UNEG/Semestre%20IV/Tecnicas%20de%20Prog.%20III/Sonic-rush/target/classes/assets/textures/Personajes/tails.png
22:42:51.009 [JavaFX Application Thread] DEBUG FXGLAssetLoaderServi - Loading from file system: file:/C:/Users/User/Documents/Millan.Luis/UNEG/Semestre%20IV/Tecnicas%20de%20Prog.%20III/Sonic-rush/target/classes/assets/textures/Personajes/tails_Salta.png
22:42:51.010 [JavaFX Application Thread] DEBUG FXGLAssetLoaderServi - Loading from file system: file:/C:/Users/User/Documents/Millan.Luis/UNEG/Semestre%20IV/Tecnicas%20de%20Prog.%20III/Sonic-rush/target/classes/assets/textures/Personajes/tails_caminando.png
22:42:52.144 [FXGL Background Thread 3 ] DEBUG Engine               - Logging environment variables
22:42:52.144 [FXGL Background Thread 3 ] DEBUG Engine               - achievements: []
22:42:52.145 [FXGL Background Thread 3 ] DEBUG Engine               - actualHeight: 600.0
22:42:52.145 [FXGL Background Thread 3 ] DEBUG Engine               - actualHeightProperty: ReadOnlyDoubleProperty [value: 600.0]
22:42:52.145 [FXGL Background Thread 3 ] DEBUG Engine               - actualWidth: 1000.0
22:42:52.145 [FXGL Background Thread 3 ] DEBUG Engine               - actualWidthProperty: ReadOnlyDoubleProperty [value: 1000.0]
22:42:52.145 [FXGL Background Thread 3 ] DEBUG Engine               - appIcon: fxgl_icon.png
22:42:52.145 [FXGL Background Thread 3 ] DEBUG Engine               - applicationMode: DEVELOPER
22:42:52.145 [FXGL Background Thread 3 ] DEBUG Engine               - cSSList: [fxgl_dark.css]
22:42:52.145 [FXGL Background Thread 3 ] DEBUG Engine               - collisionDetectionStrategy: BRUTE_FORCE
22:42:52.145 [FXGL Background Thread 3 ] DEBUG Engine               - configClass: Optional.empty
22:42:52.145 [FXGL Background Thread 3 ] DEBUG Engine               - credits: []
22:42:52.146 [FXGL Background Thread 3 ] DEBUG Engine               - defaultCursor: CursorInfo(imageName=fxgl_default_cursor.png, hotspotX=7.0, hotspotY=6.0)
22:42:52.146 [FXGL Background Thread 3 ] DEBUG Engine               - devBBoxColorProperty: ObjectProperty [value: 0xff0000ff]
22:42:52.146 [FXGL Background Thread 3 ] DEBUG Engine               - devEnableDebugCameraProperty: BooleanProperty [value: false]
22:42:52.146 [FXGL Background Thread 3 ] DEBUG Engine               - devSensorColorProperty: ObjectProperty [value: 0xffff00ff]
22:42:52.146 [FXGL Background Thread 3 ] DEBUG Engine               - devShowBBoxProperty: BooleanProperty [value: false]
22:42:52.146 [FXGL Background Thread 3 ] DEBUG Engine               - devShowPositionProperty: BooleanProperty [value: false]
22:42:52.146 [FXGL Background Thread 3 ] DEBUG Engine               - enabledMenuItems: []
22:42:52.147 [FXGL Background Thread 3 ] DEBUG Engine               - engineServices: [class com.almasb.fxgl.app.services.FXGLAssetLoaderService, class com.almasb.fxgl.app.FXGLApplication$GameApplicationService, class com.almasb.fxgl.app.services.FXGLDialogService, class com.almasb.fxgl.app.services.IOTaskExecutorService, class com.almasb.fxgl.io.FileSystemService, class com.almasb.fxgl.localization.LocalizationService, class com.almasb.fxgl.app.services.SystemBundleService, class com.almasb.fxgl.profile.SaveLoadService, class com.almasb.fxgl.ui.FXGLUIFactoryServiceProvider, class com.almasb.fxgl.ui.FXGLDialogFactoryServiceProvider, class com.almasb.fxgl.audio.AudioPlayer, class com.almasb.fxgl.notification.impl.NotificationServiceProvider, class com.almasb.fxgl.achievement.AchievementService, class com.almasb.fxgl.cutscene.CutsceneService, class com.almasb.fxgl.minigames.MiniGameService, class com.almasb.fxgl.net.NetService, class com.almasb.fxgl.app.services.UpdaterService, class com.almasb.fxgl.dev.DevService, class com.almasb.fxgl.multiplayer.MultiplayerService]
22:42:52.147 [FXGL Background Thread 3 ] DEBUG Engine               - fontGame: Abel-Regular.ttf
22:42:52.147 [FXGL Background Thread 3 ] DEBUG Engine               - fontMono: TerminalLandMono-Regular.otf
22:42:52.147 [FXGL Background Thread 3 ] DEBUG Engine               - fontSizeScaleUI: 1.0
22:42:52.147 [FXGL Background Thread 3 ] DEBUG Engine               - fontText: Courier-Prime.ttf
22:42:52.147 [FXGL Background Thread 3 ] DEBUG Engine               - fontUI: VarelaRound-Regular.ttf
22:42:52.147 [FXGL Background Thread 3 ] DEBUG Engine               - fullScreen: BooleanProperty [value: false]
22:42:52.147 [FXGL Background Thread 3 ] DEBUG Engine               - gameDifficulty: MEDIUM
22:42:52.147 [FXGL Background Thread 3 ] DEBUG Engine               - gameDifficultyProperty: ObjectProperty [value: MEDIUM]
22:42:52.147 [FXGL Background Thread 3 ] DEBUG Engine               - globalMusicVolume: 0.5
22:42:52.147 [FXGL Background Thread 3 ] DEBUG Engine               - globalMusicVolumeProperty: DoubleProperty [value: 0.5]
22:42:52.147 [FXGL Background Thread 3 ] DEBUG Engine               - globalSoundVolume: 0.5
22:42:52.147 [FXGL Background Thread 3 ] DEBUG Engine               - globalSoundVolumeProperty: DoubleProperty [value: 0.5]
22:42:52.147 [FXGL Background Thread 3 ] DEBUG Engine               - height: 600
22:42:52.147 [FXGL Background Thread 3 ] DEBUG Engine               - is3D: false
22:42:52.147 [FXGL Background Thread 3 ] DEBUG Engine               - isAndroid: false
22:42:52.147 [FXGL Background Thread 3 ] DEBUG Engine               - isBrowser: false
22:42:52.147 [FXGL Background Thread 3 ] DEBUG Engine               - isClickFeedbackEnabled: false
22:42:52.147 [FXGL Background Thread 3 ] DEBUG Engine               - isCloseConfirmation: false
22:42:52.147 [FXGL Background Thread 3 ] DEBUG Engine               - isDesktop: true
22:42:52.148 [FXGL Background Thread 3 ] DEBUG Engine               - isDeveloperMenuEnabled: false
22:42:52.148 [FXGL Background Thread 3 ] DEBUG Engine               - isEmbedded: false
22:42:52.148 [FXGL Background Thread 3 ] DEBUG Engine               - isEntityPreloadEnabled: true
22:42:52.148 [FXGL Background Thread 3 ] DEBUG Engine               - isExperimentalTiledLargeMap: false
22:42:52.148 [FXGL Background Thread 3 ] DEBUG Engine               - isFileSystemWriteAllowed: true
22:42:52.148 [FXGL Background Thread 3 ] DEBUG Engine               - isFullScreenAllowed: false
22:42:52.148 [FXGL Background Thread 3 ] DEBUG Engine               - isFullScreenFromStart: false
22:42:52.148 [FXGL Background Thread 3 ] DEBUG Engine               - isGameMenuEnabled: true
22:42:52.148 [FXGL Background Thread 3 ] DEBUG Engine               - isIOS: false
22:42:52.148 [FXGL Background Thread 3 ] DEBUG Engine               - isIntroEnabled: false
22:42:52.148 [FXGL Background Thread 3 ] DEBUG Engine               - isLinux: false
22:42:52.149 [FXGL Background Thread 3 ] DEBUG Engine               - isMac: false
22:42:52.149 [FXGL Background Thread 3 ] DEBUG Engine               - isMainMenuEnabled: false
22:42:52.149 [FXGL Background Thread 3 ] DEBUG Engine               - isManualResizeEnabled: false
22:42:52.149 [FXGL Background Thread 3 ] DEBUG Engine               - isMobile: false
22:42:52.149 [FXGL Background Thread 3 ] DEBUG Engine               - isNative: false
22:42:52.149 [FXGL Background Thread 3 ] DEBUG Engine               - isPauseMusicWhenMinimized: true
22:42:52.149 [FXGL Background Thread 3 ] DEBUG Engine               - isPreserveResizeRatio: false
22:42:52.149 [FXGL Background Thread 3 ] DEBUG Engine               - isProfilingEnabled: false
22:42:52.149 [FXGL Background Thread 3 ] DEBUG Engine               - isScaleAffectedOnResize: true
22:42:52.149 [FXGL Background Thread 3 ] DEBUG Engine               - isSingleStep: false
22:42:52.149 [FXGL Background Thread 3 ] DEBUG Engine               - isUserProfileEnabled: false
22:42:52.149 [FXGL Background Thread 3 ] DEBUG Engine               - isWindows: true
22:42:52.149 [FXGL Background Thread 3 ] DEBUG Engine               - language: ObjectProperty [value: ENGLISH]
22:42:52.149 [FXGL Background Thread 3 ] DEBUG Engine               - menuKey: ESCAPE
22:42:52.149 [FXGL Background Thread 3 ] DEBUG Engine               - mouseSensitivity: 0.2
22:42:52.149 [FXGL Background Thread 3 ] DEBUG Engine               - notificationViewClass: class com.almasb.fxgl.notification.view.XboxNotificationView
22:42:52.149 [FXGL Background Thread 3 ] DEBUG Engine               - pixelsPerMeter: 50.0
22:42:52.149 [FXGL Background Thread 3 ] DEBUG Engine               - platform: WINDOWS
22:42:52.149 [FXGL Background Thread 3 ] DEBUG Engine               - prefHeightProperty: ReadOnlyDoubleProperty [value: 600.0]
22:42:52.149 [FXGL Background Thread 3 ] DEBUG Engine               - prefWidthProperty: ReadOnlyDoubleProperty [value: 1000.0]
22:42:52.150 [FXGL Background Thread 3 ] DEBUG Engine               - profileDir: profiles/
22:42:52.150 [FXGL Background Thread 3 ] DEBUG Engine               - profileName: StringProperty [value: DEFAULT]
22:42:52.150 [FXGL Background Thread 3 ] DEBUG Engine               - randomSeed: -1
22:42:52.150 [FXGL Background Thread 3 ] DEBUG Engine               - runtimeInfo: RuntimeInfo(platform=WINDOWS, version=17.3, build=30.03.2023 11.49)
22:42:52.150 [FXGL Background Thread 3 ] DEBUG Engine               - saveFileExt: sav
22:42:52.150 [FXGL Background Thread 3 ] DEBUG Engine               - scaledHeightProp$fxgl: DoubleProperty [bound, value: 600.0]
22:42:52.150 [FXGL Background Thread 3 ] DEBUG Engine               - scaledWidthProp$fxgl: DoubleProperty [bound, value: 1000.0]
22:42:52.150 [FXGL Background Thread 3 ] DEBUG Engine               - sceneFactory: com.almasb.fxgl.app.scene.SceneFactory@766b540b
22:42:52.150 [FXGL Background Thread 3 ] DEBUG Engine               - secondsIn24h: 60
22:42:52.150 [FXGL Background Thread 3 ] DEBUG Engine               - soundMenuBack: menu/back.wav
22:42:52.150 [FXGL Background Thread 3 ] DEBUG Engine               - soundMenuPress: menu/press.wav
22:42:52.150 [FXGL Background Thread 3 ] DEBUG Engine               - soundMenuSelect: menu/select.wav
22:42:52.150 [FXGL Background Thread 3 ] DEBUG Engine               - soundNotification: core/notification.wav
22:42:52.150 [FXGL Background Thread 3 ] DEBUG Engine               - stageStyle: DECORATED
22:42:52.150 [FXGL Background Thread 3 ] DEBUG Engine               - supportedLanguages: [ENGLISH, FRENCH, GERMAN, HUNGARIAN, RUSSIAN]
22:42:52.150 [FXGL Background Thread 3 ] DEBUG Engine               - ticksPerSecond: -1
22:42:52.150 [FXGL Background Thread 3 ] DEBUG Engine               - title: Jugador Sonic
22:42:52.151 [FXGL Background Thread 3 ] DEBUG Engine               - urlGithub: https://github.com/AlmasB/FXGL
22:42:52.151 [FXGL Background Thread 3 ] DEBUG Engine               - urlLeaderboard: http://fxgl-top.herokuapp.com/
22:42:52.151 [FXGL Background Thread 3 ] DEBUG Engine               - urlPOM: https://raw.githubusercontent.com/AlmasB/FXGL/release/README.md
22:42:52.151 [FXGL Background Thread 3 ] DEBUG Engine               - userAppClass: class Runner.ClientRunner
22:42:52.151 [FXGL Background Thread 3 ] DEBUG Engine               - version: 0.0
22:42:52.151 [FXGL Background Thread 3 ] DEBUG Engine               - versionCheckDays: 7
22:42:52.151 [FXGL Background Thread 3 ] DEBUG Engine               - width: 1000
22:42:52.151 [FXGL Background Thread 3 ] DEBUG Engine               - Logging services
22:42:52.151 [FXGL Background Thread 3 ] DEBUG Engine               - class com.almasb.fxgl.app.services.FXGLAssetLoaderService
22:42:52.151 [FXGL Background Thread 3 ] DEBUG Engine               - class com.almasb.fxgl.app.FXGLApplication$GameApplicationService
22:42:52.151 [FXGL Background Thread 3 ] DEBUG Engine               - class com.almasb.fxgl.app.services.FXGLDialogService
22:42:52.151 [FXGL Background Thread 3 ] DEBUG Engine               - class com.almasb.fxgl.app.services.IOTaskExecutorService
22:42:52.151 [FXGL Background Thread 3 ] DEBUG Engine               - class com.almasb.fxgl.io.FileSystemService
22:42:52.151 [FXGL Background Thread 3 ] DEBUG Engine               - class com.almasb.fxgl.localization.LocalizationService
22:42:52.151 [FXGL Background Thread 3 ] DEBUG Engine               - class com.almasb.fxgl.app.services.SystemBundleService
22:42:52.151 [FXGL Background Thread 3 ] DEBUG Engine               - class com.almasb.fxgl.profile.SaveLoadService
22:42:52.151 [FXGL Background Thread 3 ] DEBUG Engine               - class com.almasb.fxgl.ui.FXGLUIFactoryServiceProvider
22:42:52.151 [FXGL Background Thread 3 ] DEBUG Engine               - class com.almasb.fxgl.ui.FXGLDialogFactoryServiceProvider
22:42:52.151 [FXGL Background Thread 3 ] DEBUG Engine               - class com.almasb.fxgl.audio.AudioPlayer
22:42:52.151 [FXGL Background Thread 3 ] DEBUG Engine               - class com.almasb.fxgl.notification.impl.NotificationServiceProvider
22:42:52.151 [FXGL Background Thread 3 ] DEBUG Engine               - class com.almasb.fxgl.achievement.AchievementService
22:42:52.151 [FXGL Background Thread 3 ] DEBUG Engine               - class com.almasb.fxgl.cutscene.CutsceneService
22:42:52.151 [FXGL Background Thread 3 ] DEBUG Engine               - class com.almasb.fxgl.minigames.MiniGameService
22:42:52.151 [FXGL Background Thread 3 ] DEBUG Engine               - class com.almasb.fxgl.net.NetService
22:42:52.151 [FXGL Background Thread 3 ] DEBUG Engine               - class com.almasb.fxgl.app.services.UpdaterService
22:42:52.151 [FXGL Background Thread 3 ] DEBUG Engine               - class com.almasb.fxgl.dev.DevService
22:42:52.151 [FXGL Background Thread 3 ] DEBUG Engine               - class com.almasb.fxgl.multiplayer.MultiplayerService
22:42:55.147 [JavaFX Application Thread] DEBUG FXGLAssetLoaderServi - Loading from file system: file:/C:/Users/User/Documents/Millan.Luis/UNEG/Semestre%20IV/Tecnicas%20de%20Prog.%20III/Sonic-rush/target/classes/assets/sounds/recoger.wav
22:43:35.051 [JavaFX Application Thread] DEBUG FXGLAssetLoaderServi - Loading from file system: file:/C:/Users/User/Documents/Millan.Luis/UNEG/Semestre%20IV/Tecnicas%20de%20Prog.%20III/Sonic-rush/target/classes/assets/sounds/perder_anillos.wav
22:43:46.874 [JavaFX Application Thread] DEBUG FXGLAssetLoaderServi - Loading from file system: file:/C:/Users/User/Documents/Millan.Luis/UNEG/Semestre%20IV/Tecnicas%20de%20Prog.%20III/Sonic-rush/target/classes/assets/sounds/muerte.wav
22:43:54.046 [JavaFX Application Thread] DEBUG PrimaryStageWindow   - Push state: DialogSubScene
22:43:54.046 [JavaFX Application Thread] DEBUG Input                - Clearing active input actions
22:43:54.047 [JavaFX Application Thread] DEBUG GameApplicationServi - Removing overlay from GameScene and adding to DialogSubScene
22:43:54.048 [JavaFX Application Thread] DEBUG PrimaryStageWindow   - GameScene -> DialogSubScene
22:43:55.198 [JavaFX Application Thread] DEBUG PrimaryStageWindow   - Pop state: DialogSubScene
22:43:55.198 [JavaFX Application Thread] DEBUG Input                - Clearing active input actions
22:43:55.199 [JavaFX Application Thread] DEBUG GameApplicationServi - Removing overlay from DialogSubScene and adding to GameScene
22:43:55.199 [JavaFX Application Thread] DEBUG PrimaryStageWindow   - GameScene <- DialogSubScene
22:43:55.199 [JavaFX Application Thread] DEBUG FXGLApplication      - Exiting FXGL
22:43:55.199 [JavaFX Application Thread] DEBUG LoopRunner           - Stopping loop
22:43:55.199 [JavaFX Application Thread] DEBUG SystemBundleService  - Saving FXGL system data
22:43:55.200 [JavaFX Application Thread] DEBUG FileSystemAccess     - Writing to: C:\Users\User\Documents\Millan.Luis\UNEG\Semestre IV\Tecnicas de Prog. III\Sonic-rush\system\fxgl.bundle
22:43:55.201 [JavaFX Application Thread] DEBUG Async                - Shutting down background threads
22:43:55.202 [JavaFX Application Thread] DEBUG PrimaryStageWindow   - Closing main window
22:43:55.210 [JavaFX Application Thread] DEBUG Logger               - Closing Logger
