18:15:33.358 [main                     ] DEBUG Logger               - Configured Logger
18:15:33.415 [main                     ] DEBUG GameApplication      - Logging settings
Title: Jugador Sonic
Version: 0.0
Width: 1000
Height: 600
Fullscreen: false
Intro: false
Profiling: false
Single step:false
App Mode: DEVELOPER
Menu Key: ESCAPE
Stage Style: DECORATED
Scene Factory: class com.almasb.fxgl.app.scene.SceneFactory

18:15:34.088 [JavaFX Application Thread] DEBUG FXGLApplication      - Initializing FXGL
18:15:34.098 [JavaFX Application Thread] INFO  Engine               - FXGL-17.3 (30.03.2023 11.49) on WINDOWS (J:17.0.12 FX:20)
18:15:34.098 [JavaFX Application Thread] DEBUG Engine               - JRE Vendor Name: Oracle Corporation
18:15:34.099 [JavaFX Application Thread] DEBUG Engine               - Running on OS: Windows 10 version 10.0
18:15:34.099 [JavaFX Application Thread] DEBUG Engine               - Architecture: amd64
18:15:34.100 [JavaFX Application Thread] INFO  Engine               - Source code and latest versions at: https://github.com/AlmasB/FXGL
18:15:34.100 [JavaFX Application Thread] INFO  Engine               -       Ask questions and discuss at: https://github.com/AlmasB/FXGL/discussions
18:15:34.101 [JavaFX Application Thread] INFO  Engine               -              Join the FXGL chat at: https://gitter.im/AlmasB/FXGL
18:15:34.311 [JavaFX Application Thread] DEBUG PrimaryStageWindow   - Creating a JavaFX scene
18:15:34.379 [JavaFX Application Thread] DEBUG PrimaryStageWindow   - Target settings size: 1000.0 x 600.0
18:15:34.379 [JavaFX Application Thread] DEBUG PrimaryStageWindow   - Scaled scene size:    1000.0 x 600.0
18:15:34.380 [JavaFX Application Thread] DEBUG PrimaryStageWindow   - Scaled ratio: (1.0, 1.0)
18:15:34.381 [JavaFX Application Thread] DEBUG PrimaryStageWindow   - Set initial scene to FXGLStartupScene
18:15:34.388 [JavaFX Application Thread] DEBUG PrimaryStageWindow   - Opening main window
18:15:34.501 [JavaFX Application Thread] DEBUG PrimaryStageWindow   - Window border size: (14.4000244140625, 37.5999755859375)
18:15:34.502 [JavaFX Application Thread] DEBUG PrimaryStageWindow   - Scaled size: 1000.0 x 600.0
18:15:34.503 [JavaFX Application Thread] DEBUG PrimaryStageWindow   - Scaled ratio: (1.0, 1.0)
18:15:34.505 [JavaFX Application Thread] DEBUG PrimaryStageWindow   - Scene size: 1000.0 x 600.0
18:15:34.505 [JavaFX Application Thread] DEBUG PrimaryStageWindow   - Stage size: 1014.4000244140625 x 637.5999755859375
18:15:34.526 [FXGL Background Thread 1 ] DEBUG Engine               - Initializing environment variables
18:15:34.612 [FXGL Background Thread 1 ] DEBUG FXGLAssetLoaderServi - User app class for loading assets: class Runner.ClientRunner
18:15:34.613 [FXGL Background Thread 1 ] DEBUG GameApplicationServi - Applying CSS: fxgl_dark.css
18:15:34.615 [FXGL Background Thread 1 ] DEBUG FXGLAssetLoaderServi - Loading from file system: jar:file:/C:/Users/Owner/.m2/repository/com/github/almasb/fxgl/17.3/fxgl-17.3.jar!/fxglassets/ui/css/fxgl_dark.css
18:15:34.769 [FXGL Background Thread 1 ] DEBUG GameApplicationServi - Initializing application scenes
18:15:34.911 [FXGL Background Thread 1 ] DEBUG GameWorld            - Game world initialized
18:15:35.109 [FXGL Background Thread 1 ] DEBUG PhysicsWorld         - Physics world initialized: appHeight=600, physics.ppm=50.0
18:15:35.109 [FXGL Background Thread 1 ] DEBUG PhysicsWorld         - Using strategy: BRUTE_FORCE
18:15:35.143 [FXGL Background Thread 1 ] DEBUG GameScene            - Game scene initialized: 1000x600
18:15:35.235 [FXGL Background Thread 1 ] DEBUG FXGL.DefaultMenu     - createMenuBodyGameMenu()
18:15:35.397 [FXGL Background Thread 1 ] DEBUG FXGL.DefaultMenu     - createOptionsMenu()
18:15:35.473 [FXGL Background Thread 1 ] DEBUG FXGLAssetLoaderServi - Loading from file system: jar:file:/C:/Users/Owner/.m2/repository/com/github/almasb/fxgl/17.3/fxgl-17.3.jar!/fxglassets/textures/particles/smoke.png
18:15:36.009 [FXGL Background Thread 1 ] DEBUG FXGLAssetLoaderServi - Loading from file system: jar:file:/C:/Users/Owner/.m2/repository/com/github/almasb/fxgl/17.3/fxgl-17.3.jar!/fxglassets/textures/particles/trace_horizontal.png
18:15:36.135 [FXGL Background Thread 1 ] DEBUG GameApplicationServi - Application scenes initialized
18:15:36.228 [FXGL Background Thread 1 ] DEBUG SystemBundleService  - Loading FXGL system data
18:15:36.238 [FXGL Background Thread 1 ] DEBUG FileSystemAccess     - Reading from: C:\Users\Owner\Desktop\Sonic-rush\system\fxgl.bundle
18:15:36.252 [FXGL Background Thread 1 ] DEBUG SystemBundleService  - Bundle FXGL: {}
18:15:36.253 [FXGL Background Thread 1 ] DEBUG UpdaterService       - Checking for updates
18:15:36.275 [FXGL Background Thread 1 ] DEBUG FXGLApplication      - Loading default localization
18:15:36.297 [FXGL Background Thread 1 ] DEBUG FXGLAssetLoaderServi - Loading from file system: jar:file:/C:/Users/Owner/.m2/repository/com/github/almasb/fxgl/17.3/fxgl-17.3.jar!/fxglassets/languages/english.lang
18:15:36.332 [FXGL Background Thread 1 ] INFO  FXGLApplication      - FXGL initialization took: 1.805 sec
18:15:36.416 [JavaFX Application Thread] DEBUG Input                - Registered new binding: Mover a la izquierda - A
18:15:36.417 [JavaFX Application Thread] DEBUG Input                - Registered new binding: Mover a la derecha - D
18:15:36.418 [JavaFX Application Thread] DEBUG Input                - Registered new binding: Saltar - W
18:15:36.419 [JavaFX Application Thread] DEBUG Input                - Registered new binding: Interactuar - E
18:15:36.420 [JavaFX Application Thread] DEBUG Input                - Registered new binding: Transformar - P
18:15:36.420 [JavaFX Application Thread] DEBUG Input                - Registered new binding: Desactivar filtro - L
18:15:36.422 [JavaFX Application Thread] DEBUG FXGLAssetLoaderServi - Loading from file system: jar:file:/C:/Users/Owner/.m2/repository/com/github/almasb/fxgl/17.3/fxgl-17.3.jar!/fxglassets/textures/fxgl_icon.png
18:15:36.569 [FXGL Background Thread 4 ] DEBUG FXGLApplication      - Loading fonts
18:15:36.616 [FXGL Background Thread 4 ] DEBUG FXGLAssetLoaderServi - Loading from file system: jar:file:/C:/Users/Owner/.m2/repository/com/github/almasb/fxgl/17.3/fxgl-17.3.jar!/fxglassets/ui/fonts/VarelaRound-Regular.ttf
18:15:36.625 [JavaFX Application Thread] DEBUG FXGLAssetLoaderServi - Loading from file system: jar:file:/C:/Users/Owner/.m2/repository/com/github/almasb/fxgl/17.3/fxgl-17.3.jar!/fxglassets/textures/fxgl_default_cursor.png
18:15:36.635 [JavaFX Application Thread] DEBUG Input                - Registered new binding: Screenshot - CTRL+8
18:15:36.636 [JavaFX Application Thread] DEBUG Input                - Registered new binding: System info dump - CTRL+9
18:15:36.637 [JavaFX Application Thread] DEBUG Input                - Registered new binding: Restart - CTRL+R
18:15:36.638 [JavaFX Application Thread] DEBUG Input                - Registered new binding: Toggle Debug Camera - CTRL+7
18:15:36.697 [JavaFX Application Thread] DEBUG LoopRunner           - Starting loop
18:15:36.697 [JavaFX Application Thread] DEBUG LoopRunner           - Initializing JavaFX AnimationTimerLoop
18:15:36.701 [JavaFX Application Thread] DEBUG GameApplicationServi - Starting new game
18:15:36.701 [JavaFX Application Thread] DEBUG Input                - Clearing active input actions
18:15:36.731 [JavaFX Application Thread] DEBUG GameApplicationServi - Removing overlay from FXGLStartupScene and adding to FXGLLoadingScene
18:15:36.732 [JavaFX Application Thread] DEBUG PrimaryStageWindow   - FXGLStartupScene -> FXGLLoadingScene
18:15:36.732 [JavaFX Application Thread] DEBUG GameApplicationServi - Clearing previous game
18:15:36.732 [JavaFX Application Thread] DEBUG GameScene            - Clearing game scene
18:15:36.732 [JavaFX Application Thread] DEBUG GameWorld            - Clearing game world
18:15:36.732 [JavaFX Application Thread] DEBUG PhysicsWorld         - Clearing physics world
18:15:36.735 [FXGL Background Thread 1 ] DEBUG FXGLApplication      - Initializing game
18:15:36.755 [FXGL Background Thread 1 ] DEBUG FXGLAssetLoaderServi - Loading from file system: file:/C:/Users/Owner/Desktop/Sonic-rush/target/classes/assets/music/OST2.mp3
18:15:37.596 [FXGL Background Thread 4 ] DEBUG FXGLAssetLoaderServi - Loading from file system: jar:file:/C:/Users/Owner/.m2/repository/com/github/almasb/fxgl/17.3/fxgl-17.3.jar!/fxglassets/ui/fonts/Abel-Regular.ttf
18:15:37.601 [FXGL Background Thread 4 ] DEBUG FXGLAssetLoaderServi - Loading from file system: jar:file:/C:/Users/Owner/.m2/repository/com/github/almasb/fxgl/17.3/fxgl-17.3.jar!/fxglassets/ui/fonts/TerminalLandMono-Regular.otf
18:15:37.612 [FXGL Background Thread 4 ] DEBUG FXGLAssetLoaderServi - Loading from file system: jar:file:/C:/Users/Owner/.m2/repository/com/github/almasb/fxgl/17.3/fxgl-17.3.jar!/fxglassets/ui/fonts/Courier-Prime.ttf
18:15:37.640 [JavaFX Application Thread] DEBUG FXGLApplication      - Registering font factories with UI factory
18:15:37.701 [FXGL Background Thread 1 ] DEBUG AudioPlayer          - Playing music com.almasb.fxgl.audio.Music@5e06caad
18:15:37.713 [FXGL Background Thread 1 ] INFO  FXGLApplication      - Game initialization took: 0.978 sec
18:15:38.116 [JavaFX Application Thread] DEBUG Input                - Clearing active input actions
18:15:38.149 [JavaFX Application Thread] DEBUG GameApplicationServi - Removing overlay from FXGLLoadingScene and adding to GameScene
18:15:38.150 [JavaFX Application Thread] DEBUG PrimaryStageWindow   - FXGLLoadingScene -> GameScene
18:15:38.356 [FXGL Background Thread 2 ] INFO  UpdaterService       - Your current version:  17.3
18:15:38.408 [FXGL Background Thread 2 ] INFO  UpdaterService       - Latest stable version: 21.1
18:15:39.305 [FXGL Background Thread 3 ] DEBUG Engine               - Logging environment variables
18:15:39.308 [FXGL Background Thread 3 ] DEBUG Engine               - achievements: []
18:15:39.309 [FXGL Background Thread 3 ] DEBUG Engine               - actualHeight: 600.0
18:15:39.309 [FXGL Background Thread 3 ] DEBUG Engine               - actualHeightProperty: ReadOnlyDoubleProperty [value: 600.0]
18:15:39.309 [FXGL Background Thread 3 ] DEBUG Engine               - actualWidth: 1000.0
18:15:39.309 [FXGL Background Thread 3 ] DEBUG Engine               - actualWidthProperty: ReadOnlyDoubleProperty [value: 1000.0]
18:15:39.309 [FXGL Background Thread 3 ] DEBUG Engine               - appIcon: fxgl_icon.png
18:15:39.309 [FXGL Background Thread 3 ] DEBUG Engine               - applicationMode: DEVELOPER
18:15:39.310 [FXGL Background Thread 3 ] DEBUG Engine               - cSSList: [fxgl_dark.css]
18:15:39.310 [FXGL Background Thread 3 ] DEBUG Engine               - collisionDetectionStrategy: BRUTE_FORCE
18:15:39.310 [FXGL Background Thread 3 ] DEBUG Engine               - configClass: Optional.empty
18:15:39.310 [FXGL Background Thread 3 ] DEBUG Engine               - credits: []
18:15:39.311 [FXGL Background Thread 3 ] DEBUG Engine               - defaultCursor: CursorInfo(imageName=fxgl_default_cursor.png, hotspotX=7.0, hotspotY=6.0)
18:15:39.312 [FXGL Background Thread 3 ] DEBUG Engine               - devBBoxColorProperty: ObjectProperty [value: 0xff0000ff]
18:15:39.312 [FXGL Background Thread 3 ] DEBUG Engine               - devEnableDebugCameraProperty: BooleanProperty [value: false]
18:15:39.313 [FXGL Background Thread 3 ] DEBUG Engine               - devSensorColorProperty: ObjectProperty [value: 0xffff00ff]
18:15:39.314 [FXGL Background Thread 3 ] DEBUG Engine               - devShowBBoxProperty: BooleanProperty [value: false]
18:15:39.314 [FXGL Background Thread 3 ] DEBUG Engine               - devShowPositionProperty: BooleanProperty [value: false]
18:15:39.314 [FXGL Background Thread 3 ] DEBUG Engine               - enabledMenuItems: []
18:15:39.315 [FXGL Background Thread 3 ] DEBUG Engine               - engineServices: [class com.almasb.fxgl.app.services.FXGLAssetLoaderService, class com.almasb.fxgl.app.FXGLApplication$GameApplicationService, class com.almasb.fxgl.app.services.FXGLDialogService, class com.almasb.fxgl.app.services.IOTaskExecutorService, class com.almasb.fxgl.io.FileSystemService, class com.almasb.fxgl.localization.LocalizationService, class com.almasb.fxgl.app.services.SystemBundleService, class com.almasb.fxgl.profile.SaveLoadService, class com.almasb.fxgl.ui.FXGLUIFactoryServiceProvider, class com.almasb.fxgl.ui.FXGLDialogFactoryServiceProvider, class com.almasb.fxgl.audio.AudioPlayer, class com.almasb.fxgl.notification.impl.NotificationServiceProvider, class com.almasb.fxgl.achievement.AchievementService, class com.almasb.fxgl.cutscene.CutsceneService, class com.almasb.fxgl.minigames.MiniGameService, class com.almasb.fxgl.net.NetService, class com.almasb.fxgl.app.services.UpdaterService, class com.almasb.fxgl.dev.DevService, class com.almasb.fxgl.multiplayer.MultiplayerService]
18:15:39.315 [FXGL Background Thread 3 ] DEBUG Engine               - fontGame: Abel-Regular.ttf
18:15:39.315 [FXGL Background Thread 3 ] DEBUG Engine               - fontMono: TerminalLandMono-Regular.otf
18:15:39.315 [FXGL Background Thread 3 ] DEBUG Engine               - fontSizeScaleUI: 1.0
18:15:39.315 [FXGL Background Thread 3 ] DEBUG Engine               - fontText: Courier-Prime.ttf
18:15:39.316 [FXGL Background Thread 3 ] DEBUG Engine               - fontUI: VarelaRound-Regular.ttf
18:15:39.316 [FXGL Background Thread 3 ] DEBUG Engine               - fullScreen: BooleanProperty [value: false]
18:15:39.316 [FXGL Background Thread 3 ] DEBUG Engine               - gameDifficulty: MEDIUM
18:15:39.316 [FXGL Background Thread 3 ] DEBUG Engine               - gameDifficultyProperty: ObjectProperty [value: MEDIUM]
18:15:39.316 [FXGL Background Thread 3 ] DEBUG Engine               - globalMusicVolume: 0.5
18:15:39.317 [FXGL Background Thread 3 ] DEBUG Engine               - globalMusicVolumeProperty: DoubleProperty [value: 0.5]
18:15:39.317 [FXGL Background Thread 3 ] DEBUG Engine               - globalSoundVolume: 0.5
18:15:39.317 [FXGL Background Thread 3 ] DEBUG Engine               - globalSoundVolumeProperty: DoubleProperty [value: 0.5]
18:15:39.317 [FXGL Background Thread 3 ] DEBUG Engine               - height: 600
18:15:39.318 [FXGL Background Thread 3 ] DEBUG Engine               - is3D: false
18:15:39.318 [FXGL Background Thread 3 ] DEBUG Engine               - isAndroid: false
18:15:39.318 [FXGL Background Thread 3 ] DEBUG Engine               - isBrowser: false
18:15:39.318 [FXGL Background Thread 3 ] DEBUG Engine               - isClickFeedbackEnabled: false
18:15:39.318 [FXGL Background Thread 3 ] DEBUG Engine               - isCloseConfirmation: false
18:15:39.319 [FXGL Background Thread 3 ] DEBUG Engine               - isDesktop: true
18:15:39.319 [FXGL Background Thread 3 ] DEBUG Engine               - isDeveloperMenuEnabled: false
18:15:39.320 [FXGL Background Thread 3 ] DEBUG Engine               - isEmbedded: false
18:15:39.320 [FXGL Background Thread 3 ] DEBUG Engine               - isEntityPreloadEnabled: true
18:15:39.321 [FXGL Background Thread 3 ] DEBUG Engine               - isExperimentalTiledLargeMap: false
18:15:39.321 [FXGL Background Thread 3 ] DEBUG Engine               - isFileSystemWriteAllowed: true
18:15:39.321 [FXGL Background Thread 3 ] DEBUG Engine               - isFullScreenAllowed: false
18:15:39.321 [FXGL Background Thread 3 ] DEBUG Engine               - isFullScreenFromStart: false
18:15:39.322 [FXGL Background Thread 3 ] DEBUG Engine               - isGameMenuEnabled: true
18:15:39.322 [FXGL Background Thread 3 ] DEBUG Engine               - isIOS: false
18:15:39.322 [FXGL Background Thread 3 ] DEBUG Engine               - isIntroEnabled: false
18:15:39.322 [FXGL Background Thread 3 ] DEBUG Engine               - isLinux: false
18:15:39.322 [FXGL Background Thread 3 ] DEBUG Engine               - isMac: false
18:15:39.323 [FXGL Background Thread 3 ] DEBUG Engine               - isMainMenuEnabled: false
18:15:39.323 [FXGL Background Thread 3 ] DEBUG Engine               - isManualResizeEnabled: false
18:15:39.323 [FXGL Background Thread 3 ] DEBUG Engine               - isMobile: false
18:15:39.324 [FXGL Background Thread 3 ] DEBUG Engine               - isNative: false
18:15:39.325 [FXGL Background Thread 3 ] DEBUG Engine               - isPauseMusicWhenMinimized: true
18:15:39.325 [FXGL Background Thread 3 ] DEBUG Engine               - isPreserveResizeRatio: false
18:15:39.326 [FXGL Background Thread 3 ] DEBUG Engine               - isProfilingEnabled: false
18:15:39.327 [FXGL Background Thread 3 ] DEBUG Engine               - isScaleAffectedOnResize: true
18:15:39.332 [FXGL Background Thread 3 ] DEBUG Engine               - isSingleStep: false
18:15:39.333 [FXGL Background Thread 3 ] DEBUG Engine               - isUserProfileEnabled: false
18:15:39.338 [FXGL Background Thread 3 ] DEBUG Engine               - isWindows: true
18:15:39.339 [FXGL Background Thread 3 ] DEBUG Engine               - language: ObjectProperty [value: ENGLISH]
18:15:39.340 [FXGL Background Thread 3 ] DEBUG Engine               - menuKey: ESCAPE
18:15:39.341 [FXGL Background Thread 3 ] DEBUG Engine               - mouseSensitivity: 0.2
18:15:39.342 [FXGL Background Thread 3 ] DEBUG Engine               - notificationViewClass: class com.almasb.fxgl.notification.view.XboxNotificationView
18:15:39.342 [FXGL Background Thread 3 ] DEBUG Engine               - pixelsPerMeter: 50.0
18:15:39.343 [FXGL Background Thread 3 ] DEBUG Engine               - platform: WINDOWS
18:15:39.344 [FXGL Background Thread 3 ] DEBUG Engine               - prefHeightProperty: ReadOnlyDoubleProperty [value: 600.0]
18:15:39.345 [FXGL Background Thread 3 ] DEBUG Engine               - prefWidthProperty: ReadOnlyDoubleProperty [value: 1000.0]
18:15:39.345 [FXGL Background Thread 3 ] DEBUG Engine               - profileDir: profiles/
18:15:39.345 [FXGL Background Thread 3 ] DEBUG Engine               - profileName: StringProperty [value: DEFAULT]
18:15:39.345 [FXGL Background Thread 3 ] DEBUG Engine               - randomSeed: -1
18:15:39.348 [FXGL Background Thread 3 ] DEBUG Engine               - runtimeInfo: RuntimeInfo(platform=WINDOWS, version=17.3, build=30.03.2023 11.49)
18:15:39.348 [FXGL Background Thread 3 ] DEBUG Engine               - saveFileExt: sav
18:15:39.348 [FXGL Background Thread 3 ] DEBUG Engine               - scaledHeightProp$fxgl: DoubleProperty [bound, value: 600.0]
18:15:39.349 [FXGL Background Thread 3 ] DEBUG Engine               - scaledWidthProp$fxgl: DoubleProperty [bound, value: 1000.0]
18:15:39.349 [FXGL Background Thread 3 ] DEBUG Engine               - sceneFactory: com.almasb.fxgl.app.scene.SceneFactory@39d1947e
18:15:39.349 [FXGL Background Thread 3 ] DEBUG Engine               - secondsIn24h: 60
18:15:39.349 [FXGL Background Thread 3 ] DEBUG Engine               - soundMenuBack: menu/back.wav
18:15:39.349 [FXGL Background Thread 3 ] DEBUG Engine               - soundMenuPress: menu/press.wav
18:15:39.349 [FXGL Background Thread 3 ] DEBUG Engine               - soundMenuSelect: menu/select.wav
18:15:39.349 [FXGL Background Thread 3 ] DEBUG Engine               - soundNotification: core/notification.wav
18:15:39.350 [FXGL Background Thread 3 ] DEBUG Engine               - stageStyle: DECORATED
18:15:39.350 [FXGL Background Thread 3 ] DEBUG Engine               - supportedLanguages: [ENGLISH, FRENCH, GERMAN, HUNGARIAN, RUSSIAN]
18:15:39.350 [FXGL Background Thread 3 ] DEBUG Engine               - ticksPerSecond: -1
18:15:39.350 [FXGL Background Thread 3 ] DEBUG Engine               - title: Jugador Sonic
18:15:39.350 [FXGL Background Thread 3 ] DEBUG Engine               - urlGithub: https://github.com/AlmasB/FXGL
18:15:39.350 [FXGL Background Thread 3 ] DEBUG Engine               - urlLeaderboard: http://fxgl-top.herokuapp.com/
18:15:39.350 [FXGL Background Thread 3 ] DEBUG Engine               - urlPOM: https://raw.githubusercontent.com/AlmasB/FXGL/release/README.md
18:15:39.350 [FXGL Background Thread 3 ] DEBUG Engine               - userAppClass: class Runner.ClientRunner
18:15:39.350 [FXGL Background Thread 3 ] DEBUG Engine               - version: 0.0
18:15:39.350 [FXGL Background Thread 3 ] DEBUG Engine               - versionCheckDays: 7
18:15:39.351 [FXGL Background Thread 3 ] DEBUG Engine               - width: 1000
18:15:39.351 [FXGL Background Thread 3 ] DEBUG Engine               - Logging services
18:15:39.351 [FXGL Background Thread 3 ] DEBUG Engine               - class com.almasb.fxgl.app.services.FXGLAssetLoaderService
18:15:39.351 [FXGL Background Thread 3 ] DEBUG Engine               - class com.almasb.fxgl.app.FXGLApplication$GameApplicationService
18:15:39.351 [FXGL Background Thread 3 ] DEBUG Engine               - class com.almasb.fxgl.app.services.FXGLDialogService
18:15:39.351 [FXGL Background Thread 3 ] DEBUG Engine               - class com.almasb.fxgl.app.services.IOTaskExecutorService
18:15:39.351 [FXGL Background Thread 3 ] DEBUG Engine               - class com.almasb.fxgl.io.FileSystemService
18:15:39.351 [FXGL Background Thread 3 ] DEBUG Engine               - class com.almasb.fxgl.localization.LocalizationService
18:15:39.351 [FXGL Background Thread 3 ] DEBUG Engine               - class com.almasb.fxgl.app.services.SystemBundleService
18:15:39.351 [FXGL Background Thread 3 ] DEBUG Engine               - class com.almasb.fxgl.profile.SaveLoadService
18:15:39.352 [FXGL Background Thread 3 ] DEBUG Engine               - class com.almasb.fxgl.ui.FXGLUIFactoryServiceProvider
18:15:39.352 [FXGL Background Thread 3 ] DEBUG Engine               - class com.almasb.fxgl.ui.FXGLDialogFactoryServiceProvider
18:15:39.352 [FXGL Background Thread 3 ] DEBUG Engine               - class com.almasb.fxgl.audio.AudioPlayer
18:15:39.352 [FXGL Background Thread 3 ] DEBUG Engine               - class com.almasb.fxgl.notification.impl.NotificationServiceProvider
18:15:39.352 [FXGL Background Thread 3 ] DEBUG Engine               - class com.almasb.fxgl.achievement.AchievementService
18:15:39.353 [FXGL Background Thread 3 ] DEBUG Engine               - class com.almasb.fxgl.cutscene.CutsceneService
18:15:39.353 [FXGL Background Thread 3 ] DEBUG Engine               - class com.almasb.fxgl.minigames.MiniGameService
18:15:39.355 [FXGL Background Thread 3 ] DEBUG Engine               - class com.almasb.fxgl.net.NetService
18:15:39.355 [FXGL Background Thread 3 ] DEBUG Engine               - class com.almasb.fxgl.app.services.UpdaterService
18:15:39.355 [FXGL Background Thread 3 ] DEBUG Engine               - class com.almasb.fxgl.dev.DevService
18:15:39.355 [FXGL Background Thread 3 ] DEBUG Engine               - class com.almasb.fxgl.multiplayer.MultiplayerService
18:15:41.811 [JavaFX Application Thread] DEBUG FXGLAssetLoaderServi - Loading from file system: file:/C:/Users/Owner/Desktop/Sonic-rush/target/classes/assets/textures/fondo.png
18:15:42.461 [JavaFX Application Thread] WARN  TMXLevelLoader       - TiledMap generated from 1.11.2. Supported version: 1.9.0. Some features may not be parsed fully.
18:15:42.553 [JavaFX Application Thread] DEBUG TMXLevelLoader       - Parsed TiledMap: file:/C:/Users/Owner/Desktop/Sonic-rush/target/classes/assets/levels/mapazo.tmx
18:15:42.590 [JavaFX Application Thread] DEBUG TMXLevelLoader       - Creating tile layer entities
18:15:42.597 [JavaFX Application Thread] DEBUG TilesetLoader        - Loading view for layer Capa de patrones 1
18:15:42.617 [JavaFX Application Thread] DEBUG TilesetLoader        - Created buffer with size 3840.0x720.0
18:15:42.731 [JavaFX Application Thread] DEBUG TMXLevelLoader       - Creating object layer entities
18:15:42.881 [JavaFX Application Thread] DEBUG GameWorld            - Clearing removable entities
18:15:42.886 [JavaFX Application Thread] DEBUG GameWorld            - Setting level: com.almasb.fxgl.entity.level.Level@229e2077
18:15:42.926 [JavaFX Application Thread] DEBUG FXGLAssetLoaderServi - Loading from file system: file:/C:/Users/Owner/Desktop/Sonic-rush/target/classes/assets/textures/Enemigos/eggman2.png
18:15:43.081 [ClientAsyncConnThread    ] DEBUG TCPClient            - Connecting to localhost:55555 type: class com.almasb.fxgl.core.serialization.Bundle
18:15:43.083 [ClientAsyncConnThread    ] DEBUG TCPClient            - Created socket to localhost:55555
18:15:43.142 [ClientAsyncConnThread    ] DEBUG Endpoint             - TCPClient opening new connection (1) from localhost/127.0.0.1:55555 type: class com.almasb.fxgl.core.serialization.Bundle
18:15:43.145 [ClientAsyncConnThread    ] DEBUG Endpoint             - TCPClient successfully opened connection (1)
18:15:43.304 [TCPClient_SendThread-1   ] DEBUG Writers              - Getting TCPMessageWriter for class com.almasb.fxgl.core.serialization.Bundle
18:15:43.308 [TCPClient_RecvThread-1   ] DEBUG Readers              - Getting TCPMessageReader for class com.almasb.fxgl.core.serialization.Bundle
18:15:43.311 [TCPClient_SendThread-1   ] DEBUG Writers              - Constructed TCPMessageWriter for class com.almasb.fxgl.core.serialization.Bundle: BundleTCPMessageWriter
18:15:43.353 [TCPClient_RecvThread-1   ] DEBUG Readers              - Constructed MessageReader for class com.almasb.fxgl.core.serialization.Bundle: BundleTCPMessageReader
18:15:43.625 [JavaFX Application Thread] DEBUG FXGLAssetLoaderServi - Loading from file system: file:/C:/Users/Owner/Desktop/Sonic-rush/target/classes/assets/textures/Items/ring.png
18:15:43.877 [JavaFX Application Thread] DEBUG FXGLAssetLoaderServi - Loading from file system: file:/C:/Users/Owner/Desktop/Sonic-rush/target/classes/assets/textures/Items/papel.png
18:15:43.897 [JavaFX Application Thread] DEBUG FXGLAssetLoaderServi - Loading from file system: file:/C:/Users/Owner/Desktop/Sonic-rush/target/classes/assets/textures/Items/caucho.png
18:15:43.967 [JavaFX Application Thread] DEBUG FXGLAssetLoaderServi - Loading from file system: file:/C:/Users/Owner/Desktop/Sonic-rush/target/classes/assets/textures/Items/basura.png
18:15:44.089 [JavaFX Application Thread] DEBUG FXGLAssetLoaderServi - Loading from file system: file:/C:/Users/Owner/Desktop/Sonic-rush/target/classes/assets/textures/Enemigos/enemigo2.png
18:15:44.297 [JavaFX Application Thread] DEBUG FXGLAssetLoaderServi - Loading from file system: file:/C:/Users/Owner/Desktop/Sonic-rush/target/classes/assets/textures/Personajes/sonic.png
18:15:44.313 [JavaFX Application Thread] DEBUG FXGLAssetLoaderServi - Loading from file system: file:/C:/Users/Owner/Desktop/Sonic-rush/target/classes/assets/textures/Personajes/sonic_camina.png
18:15:44.317 [JavaFX Application Thread] DEBUG FXGLAssetLoaderServi - Loading from file system: file:/C:/Users/Owner/Desktop/Sonic-rush/target/classes/assets/textures/Personajes/super_sonic.png
18:15:47.907 [JavaFX Application Thread] DEBUG FXGLAssetLoaderServi - Loading from file system: file:/C:/Users/Owner/Desktop/Sonic-rush/target/classes/assets/sounds/salto.wav
18:16:01.760 [JavaFX Application Thread] DEBUG FXGLAssetLoaderServi - Loading from file system: file:/C:/Users/Owner/Desktop/Sonic-rush/target/classes/assets/sounds/recoger.wav
18:16:07.994 [JavaFX Application Thread] DEBUG PrimaryStageWindow   - Push state: DialogSubScene
18:16:07.998 [JavaFX Application Thread] DEBUG Input                - Clearing active input actions
18:16:08.022 [JavaFX Application Thread] DEBUG GameApplicationServi - Removing overlay from GameScene and adding to DialogSubScene
18:16:08.025 [JavaFX Application Thread] DEBUG PrimaryStageWindow   - GameScene -> DialogSubScene
18:16:10.956 [JavaFX Application Thread] DEBUG PrimaryStageWindow   - Pop state: DialogSubScene
18:16:10.956 [JavaFX Application Thread] DEBUG Input                - Clearing active input actions
18:16:10.960 [JavaFX Application Thread] DEBUG GameApplicationServi - Removing overlay from DialogSubScene and adding to GameScene
18:16:10.962 [JavaFX Application Thread] DEBUG PrimaryStageWindow   - GameScene <- DialogSubScene
18:16:11.045 [JavaFX Application Thread] DEBUG PrimaryStageWindow   - Push state: DialogSubScene
18:16:11.045 [JavaFX Application Thread] DEBUG Input                - Clearing active input actions
18:16:11.052 [JavaFX Application Thread] DEBUG GameApplicationServi - Removing overlay from GameScene and adding to DialogSubScene
18:16:11.053 [JavaFX Application Thread] DEBUG PrimaryStageWindow   - GameScene -> DialogSubScene
18:16:45.441 [JavaFX Application Thread] DEBUG PrimaryStageWindow   - Pop state: DialogSubScene
18:16:45.441 [JavaFX Application Thread] DEBUG Input                - Clearing active input actions
18:16:45.445 [JavaFX Application Thread] DEBUG GameApplicationServi - Removing overlay from DialogSubScene and adding to GameScene
18:16:45.446 [JavaFX Application Thread] DEBUG PrimaryStageWindow   - GameScene <- DialogSubScene
18:16:50.448 [JavaFX Application Thread] WARN  TMXLevelLoader       - TiledMap generated from 1.11.2. Supported version: 1.9.0. Some features may not be parsed fully.
18:16:50.632 [JavaFX Application Thread] DEBUG TMXLevelLoader       - Parsed TiledMap: file:/C:/Users/Owner/Desktop/Sonic-rush/target/classes/assets/levels/mapazo.tmx
18:16:50.632 [JavaFX Application Thread] DEBUG TMXLevelLoader       - Creating tile layer entities
18:16:50.633 [JavaFX Application Thread] DEBUG TilesetLoader        - Loading view for layer Capa de patrones 1
18:16:50.698 [JavaFX Application Thread] DEBUG TilesetLoader        - Created buffer with size 3840.0x720.0
18:16:50.793 [JavaFX Application Thread] DEBUG TMXLevelLoader       - Creating object layer entities
18:16:50.815 [JavaFX Application Thread] DEBUG GameWorld            - Clearing removable entities
18:16:50.816 [JavaFX Application Thread] DEBUG GameWorld            - Setting level: com.almasb.fxgl.entity.level.Level@1e83cc97
18:16:51.163 [ClientAsyncConnThread    ] DEBUG TCPClient            - Connecting to localhost:55555 type: class com.almasb.fxgl.core.serialization.Bundle
18:16:51.166 [ClientAsyncConnThread    ] DEBUG TCPClient            - Created socket to localhost:55555
18:16:51.167 [ClientAsyncConnThread    ] DEBUG Endpoint             - TCPClient opening new connection (1) from localhost/127.0.0.1:55555 type: class com.almasb.fxgl.core.serialization.Bundle
18:16:51.167 [ClientAsyncConnThread    ] DEBUG Endpoint             - TCPClient successfully opened connection (1)
18:16:51.283 [TCPClient_SendThread-1   ] DEBUG Writers              - Getting TCPMessageWriter for class com.almasb.fxgl.core.serialization.Bundle
18:16:51.285 [TCPClient_SendThread-1   ] DEBUG Writers              - Constructed TCPMessageWriter for class com.almasb.fxgl.core.serialization.Bundle: BundleTCPMessageWriter
18:16:51.287 [TCPClient_RecvThread-1   ] DEBUG Readers              - Getting TCPMessageReader for class com.almasb.fxgl.core.serialization.Bundle
18:16:51.367 [TCPClient_RecvThread-1   ] DEBUG Readers              - Constructed MessageReader for class com.almasb.fxgl.core.serialization.Bundle: BundleTCPMessageReader
18:16:51.901 [JavaFX Application Thread] DEBUG FXGLAssetLoaderServi - Loading from file system: file:/C:/Users/Owner/Desktop/Sonic-rush/target/classes/assets/textures/Personajes/knuckles.png
18:16:51.910 [JavaFX Application Thread] DEBUG FXGLAssetLoaderServi - Loading from file system: file:/C:/Users/Owner/Desktop/Sonic-rush/target/classes/assets/textures/Personajes/knuckles_golpe.png
18:17:19.498 [JavaFX Application Thread] DEBUG FXGLAssetLoaderServi - Loading from file system: file:/C:/Users/Owner/Desktop/Sonic-rush/target/classes/assets/sounds/perder_anillos.wav
18:18:14.864 [JavaFX Application Thread] DEBUG FXGLAssetLoaderServi - Loading from file system: file:/C:/Users/Owner/Desktop/Sonic-rush/target/classes/assets/sounds/muerte.wav
18:19:07.469 [JavaFX Application Thread] DEBUG PrimaryStageWindow   - Push state: DialogSubScene
18:19:07.469 [JavaFX Application Thread] DEBUG Input                - Clearing active input actions
18:19:07.473 [JavaFX Application Thread] DEBUG GameApplicationServi - Removing overlay from GameScene and adding to DialogSubScene
18:19:07.475 [JavaFX Application Thread] DEBUG PrimaryStageWindow   - GameScene -> DialogSubScene
18:19:09.459 [JavaFX Application Thread] DEBUG PrimaryStageWindow   - Pop state: DialogSubScene
18:19:09.460 [JavaFX Application Thread] DEBUG Input                - Clearing active input actions
18:19:09.465 [JavaFX Application Thread] DEBUG GameApplicationServi - Removing overlay from DialogSubScene and adding to GameScene
18:19:09.467 [JavaFX Application Thread] DEBUG PrimaryStageWindow   - GameScene <- DialogSubScene
18:19:09.471 [JavaFX Application Thread] DEBUG PrimaryStageWindow   - Push state: DialogSubScene
18:19:09.471 [JavaFX Application Thread] DEBUG Input                - Clearing active input actions
18:19:09.476 [JavaFX Application Thread] DEBUG GameApplicationServi - Removing overlay from GameScene and adding to DialogSubScene
18:19:09.476 [JavaFX Application Thread] DEBUG PrimaryStageWindow   - GameScene -> DialogSubScene
18:19:13.907 [JavaFX Application Thread] DEBUG PrimaryStageWindow   - Pop state: DialogSubScene
18:19:13.907 [JavaFX Application Thread] DEBUG Input                - Clearing active input actions
18:19:13.908 [JavaFX Application Thread] DEBUG GameApplicationServi - Removing overlay from DialogSubScene and adding to GameScene
18:19:13.908 [JavaFX Application Thread] DEBUG PrimaryStageWindow   - GameScene <- DialogSubScene
18:19:21.068 [JavaFX Application Thread] WARN  TMXLevelLoader       - TiledMap generated from 1.11.2. Supported version: 1.9.0. Some features may not be parsed fully.
18:19:21.159 [JavaFX Application Thread] DEBUG TMXLevelLoader       - Parsed TiledMap: file:/C:/Users/Owner/Desktop/Sonic-rush/target/classes/assets/levels/mapazo.tmx
18:19:21.159 [JavaFX Application Thread] DEBUG TMXLevelLoader       - Creating tile layer entities
18:19:21.160 [JavaFX Application Thread] DEBUG TilesetLoader        - Loading view for layer Capa de patrones 1
18:19:21.191 [JavaFX Application Thread] DEBUG TilesetLoader        - Created buffer with size 3840.0x720.0
18:19:21.308 [JavaFX Application Thread] DEBUG TMXLevelLoader       - Creating object layer entities
18:19:21.380 [JavaFX Application Thread] DEBUG GameWorld            - Clearing removable entities
18:19:21.381 [JavaFX Application Thread] DEBUG GameWorld            - Setting level: com.almasb.fxgl.entity.level.Level@2a10854c
18:19:21.521 [ClientAsyncConnThread    ] DEBUG TCPClient            - Connecting to localhost:55555 type: class com.almasb.fxgl.core.serialization.Bundle
18:19:21.531 [ClientAsyncConnThread    ] DEBUG TCPClient            - Created socket to localhost:55555
18:19:21.532 [ClientAsyncConnThread    ] DEBUG Endpoint             - TCPClient opening new connection (1) from localhost/127.0.0.1:55555 type: class com.almasb.fxgl.core.serialization.Bundle
18:19:21.533 [ClientAsyncConnThread    ] DEBUG Endpoint             - TCPClient successfully opened connection (1)
18:19:21.537 [TCPClient_SendThread-1   ] DEBUG Writers              - Getting TCPMessageWriter for class com.almasb.fxgl.core.serialization.Bundle
18:19:21.537 [TCPClient_SendThread-1   ] DEBUG Writers              - Constructed TCPMessageWriter for class com.almasb.fxgl.core.serialization.Bundle: BundleTCPMessageWriter
18:19:21.537 [TCPClient_RecvThread-1   ] DEBUG Readers              - Getting TCPMessageReader for class com.almasb.fxgl.core.serialization.Bundle
18:19:21.547 [TCPClient_RecvThread-1   ] DEBUG Readers              - Constructed MessageReader for class com.almasb.fxgl.core.serialization.Bundle: BundleTCPMessageReader
18:19:21.669 [JavaFX Application Thread] DEBUG FXGLAssetLoaderServi - Loading from file system: file:/C:/Users/Owner/Desktop/Sonic-rush/target/classes/assets/textures/Personajes/tails.png
18:19:21.679 [JavaFX Application Thread] DEBUG FXGLAssetLoaderServi - Loading from file system: file:/C:/Users/Owner/Desktop/Sonic-rush/target/classes/assets/textures/Personajes/tails_Salta.png
18:19:21.682 [JavaFX Application Thread] DEBUG FXGLAssetLoaderServi - Loading from file system: file:/C:/Users/Owner/Desktop/Sonic-rush/target/classes/assets/textures/Personajes/tails_caminando.png
18:19:39.161 [JavaFX Application Thread] DEBUG PrimaryStageWindow   - Push state: DialogSubScene
18:19:39.161 [JavaFX Application Thread] DEBUG Input                - Clearing active input actions
18:19:39.162 [JavaFX Application Thread] DEBUG GameApplicationServi - Removing overlay from GameScene and adding to DialogSubScene
18:19:39.162 [JavaFX Application Thread] DEBUG PrimaryStageWindow   - GameScene -> DialogSubScene
18:19:40.376 [JavaFX Application Thread] DEBUG PrimaryStageWindow   - Pop state: DialogSubScene
18:19:40.377 [JavaFX Application Thread] DEBUG Input                - Clearing active input actions
18:19:40.379 [JavaFX Application Thread] DEBUG GameApplicationServi - Removing overlay from DialogSubScene and adding to GameScene
18:19:40.379 [JavaFX Application Thread] DEBUG PrimaryStageWindow   - GameScene <- DialogSubScene
18:19:40.383 [JavaFX Application Thread] DEBUG PrimaryStageWindow   - Push state: DialogSubScene
18:19:40.383 [JavaFX Application Thread] DEBUG Input                - Clearing active input actions
18:19:40.384 [JavaFX Application Thread] DEBUG GameApplicationServi - Removing overlay from GameScene and adding to DialogSubScene
18:19:40.385 [JavaFX Application Thread] DEBUG PrimaryStageWindow   - GameScene -> DialogSubScene
18:19:42.187 [JavaFX Application Thread] DEBUG PrimaryStageWindow   - Pop state: DialogSubScene
18:19:42.188 [JavaFX Application Thread] DEBUG Input                - Clearing active input actions
18:19:42.191 [JavaFX Application Thread] DEBUG GameApplicationServi - Removing overlay from DialogSubScene and adding to GameScene
18:19:42.192 [JavaFX Application Thread] DEBUG PrimaryStageWindow   - GameScene <- DialogSubScene
18:19:43.812 [JavaFX Application Thread] DEBUG PrimaryStageWindow   - Push state: DialogSubScene
18:19:43.812 [JavaFX Application Thread] DEBUG Input                - Clearing active input actions
18:19:43.813 [JavaFX Application Thread] DEBUG GameApplicationServi - Removing overlay from GameScene and adding to DialogSubScene
18:19:43.813 [JavaFX Application Thread] DEBUG PrimaryStageWindow   - GameScene -> DialogSubScene
18:19:53.964 [JavaFX Application Thread] DEBUG PrimaryStageWindow   - Pop state: DialogSubScene
18:19:53.965 [JavaFX Application Thread] DEBUG Input                - Clearing active input actions
18:19:53.966 [JavaFX Application Thread] DEBUG GameApplicationServi - Removing overlay from DialogSubScene and adding to GameScene
18:19:53.967 [JavaFX Application Thread] DEBUG PrimaryStageWindow   - GameScene <- DialogSubScene
18:19:55.752 [JavaFX Application Thread] DEBUG AudioPlayer          - Pausing music com.almasb.fxgl.audio.Music@5e06caad
18:19:55.795 [JavaFX Application Thread] DEBUG LoopRunner           - Pausing loop
18:19:56.385 [JavaFX Application Thread] DEBUG LoopRunner           - Resuming loop
18:19:56.386 [JavaFX Application Thread] DEBUG AudioPlayer          - Resuming music com.almasb.fxgl.audio.Music@5e06caad
18:20:40.024 [JavaFX Application Thread] DEBUG FXGLApplication      - Exiting FXGL
18:20:40.026 [JavaFX Application Thread] DEBUG LoopRunner           - Stopping loop
18:20:40.027 [JavaFX Application Thread] DEBUG SystemBundleService  - Saving FXGL system data
18:20:40.038 [JavaFX Application Thread] DEBUG FileSystemAccess     - Writing to: C:\Users\Owner\Desktop\Sonic-rush\system\fxgl.bundle
18:20:40.044 [JavaFX Application Thread] DEBUG Async                - Shutting down background threads
18:20:40.046 [JavaFX Application Thread] DEBUG PrimaryStageWindow   - Closing main window
18:20:40.203 [JavaFX Application Thread] DEBUG Logger               - Closing Logger
