13:58:11.224 [main                     ] DEBUG Logger               - Configured Logger
13:58:11.262 [main                     ] DEBUG GameApplication      - Logging settings
Title: Server
Version: 0.0
Width: 800
Height: 500
Fullscreen: false
Intro: false
Profiling: false
Single step:false
App Mode: DEVELOPER
Menu Key: ESCAPE
Stage Style: DECORATED
Scene Factory: class com.almasb.fxgl.app.scene.SceneFactory

13:58:11.831 [JavaFX Application Thread] DEBUG FXGLApplication      - Initializing FXGL
13:58:11.836 [JavaFX Application Thread] INFO  Engine               - FXGL-17.3 (30.03.2023 11.49) on WINDOWS (J:21.0.2 FX:20)
13:58:11.837 [JavaFX Application Thread] DEBUG Engine               - JRE Vendor Name: Oracle Corporation
13:58:11.838 [JavaFX Application Thread] DEBUG Engine               - Running on OS: Windows 10 version 10.0
13:58:11.838 [JavaFX Application Thread] DEBUG Engine               - Architecture: amd64
13:58:11.838 [JavaFX Application Thread] INFO  Engine               - Source code and latest versions at: https://github.com/AlmasB/FXGL
13:58:11.839 [JavaFX Application Thread] INFO  Engine               -       Ask questions and discuss at: https://github.com/AlmasB/FXGL/discussions
13:58:11.839 [JavaFX Application Thread] INFO  Engine               -              Join the FXGL chat at: https://gitter.im/AlmasB/FXGL
13:58:11.990 [JavaFX Application Thread] DEBUG PrimaryStageWindow   - Creating a JavaFX scene
13:58:12.057 [JavaFX Application Thread] DEBUG PrimaryStageWindow   - Target settings size: 800.0 x 500.0
13:58:12.058 [JavaFX Application Thread] DEBUG PrimaryStageWindow   - Scaled scene size:    800.0 x 500.0
13:58:12.059 [JavaFX Application Thread] DEBUG PrimaryStageWindow   - Scaled ratio: (1.0, 1.0)
13:58:12.061 [JavaFX Application Thread] DEBUG PrimaryStageWindow   - Set initial scene to FXGLStartupScene
13:58:12.065 [JavaFX Application Thread] DEBUG PrimaryStageWindow   - Opening main window
13:58:12.186 [JavaFX Application Thread] DEBUG PrimaryStageWindow   - Window border size: (16.0, 39.0)
13:58:12.187 [JavaFX Application Thread] DEBUG PrimaryStageWindow   - Scaled size: 800.0 x 500.0
13:58:12.187 [JavaFX Application Thread] DEBUG PrimaryStageWindow   - Scaled ratio: (1.0, 1.0)
13:58:12.187 [JavaFX Application Thread] DEBUG PrimaryStageWindow   - Scene size: 800.0 x 500.0
13:58:12.187 [JavaFX Application Thread] DEBUG PrimaryStageWindow   - Stage size: 816.0 x 539.0
13:58:12.213 [FXGL Background Thread 1 ] DEBUG Engine               - Initializing environment variables
13:58:12.355 [FXGL Background Thread 1 ] DEBUG FXGLAssetLoaderServi - User app class for loading assets: class Runner.ServerRunner
13:58:12.356 [FXGL Background Thread 1 ] DEBUG GameApplicationServi - Applying CSS: fxgl_dark.css
13:58:12.357 [FXGL Background Thread 1 ] DEBUG FXGLAssetLoaderServi - Loading from file system: jar:file:/C:/Users/User/.m2/repository/com/github/almasb/fxgl/17.3/fxgl-17.3.jar!/fxglassets/ui/css/fxgl_dark.css
13:58:12.492 [FXGL Background Thread 1 ] DEBUG GameApplicationServi - Initializing application scenes
13:58:12.687 [FXGL Background Thread 1 ] DEBUG GameWorld            - Game world initialized
13:58:12.839 [FXGL Background Thread 1 ] DEBUG PhysicsWorld         - Physics world initialized: appHeight=500, physics.ppm=50,0
13:58:12.839 [FXGL Background Thread 1 ] DEBUG PhysicsWorld         - Using strategy: BRUTE_FORCE
13:58:12.847 [FXGL Background Thread 1 ] DEBUG GameScene            - Game scene initialized: 800x500
13:58:12.869 [FXGL Background Thread 1 ] WARN  FXGL.DefaultMenu     - FXGLDefaultMenu is not designed for resolutions < 800x600
13:58:12.870 [FXGL Background Thread 1 ] DEBUG FXGL.DefaultMenu     - createMenuBodyGameMenu()
13:58:12.902 [FXGL Background Thread 1 ] DEBUG FXGL.DefaultMenu     - createOptionsMenu()
13:58:12.920 [FXGL Background Thread 1 ] DEBUG FXGLAssetLoaderServi - Loading from file system: jar:file:/C:/Users/User/.m2/repository/com/github/almasb/fxgl/17.3/fxgl-17.3.jar!/fxglassets/textures/particles/smoke.png
13:58:13.074 [FXGL Background Thread 1 ] DEBUG FXGLAssetLoaderServi - Loading from file system: jar:file:/C:/Users/User/.m2/repository/com/github/almasb/fxgl/17.3/fxgl-17.3.jar!/fxglassets/textures/particles/trace_horizontal.png
13:58:13.141 [FXGL Background Thread 1 ] DEBUG GameApplicationServi - Application scenes initialized
13:58:13.175 [FXGL Background Thread 1 ] DEBUG SystemBundleService  - Loading FXGL system data
13:58:13.183 [FXGL Background Thread 1 ] DEBUG FileSystemAccess     - Reading from: C:\Users\User\Documents\GitHub\Sonic-rush\system\fxgl.bundle
13:58:13.202 [FXGL Background Thread 1 ] DEBUG SystemBundleService  - Bundle FXGL: {}
13:58:13.202 [FXGL Background Thread 1 ] DEBUG UpdaterService       - Checking for updates
13:58:13.211 [FXGL Background Thread 1 ] DEBUG FXGLApplication      - Loading default localization
13:58:13.212 [FXGL Background Thread 1 ] DEBUG FXGLAssetLoaderServi - Loading from file system: jar:file:/C:/Users/User/.m2/repository/com/github/almasb/fxgl/17.3/fxgl-17.3.jar!/fxglassets/languages/english.lang
13:58:13.231 [FXGL Background Thread 4 ] DEBUG FXGLApplication      - Loading fonts
13:58:13.231 [FXGL Background Thread 4 ] DEBUG FXGLAssetLoaderServi - Loading from file system: jar:file:/C:/Users/User/.m2/repository/com/github/almasb/fxgl/17.3/fxgl-17.3.jar!/fxglassets/ui/fonts/VarelaRound-Regular.ttf
13:58:13.246 [FXGL Background Thread 1 ] INFO  FXGLApplication      - FXGL initialization took: 1,032 sec
13:58:13.299 [JavaFX Application Thread] DEBUG FXGLAssetLoaderServi - Loading from file system: jar:file:/C:/Users/User/.m2/repository/com/github/almasb/fxgl/17.3/fxgl-17.3.jar!/fxglassets/textures/fxgl_icon.png
13:58:13.325 [JavaFX Application Thread] DEBUG FXGLAssetLoaderServi - Loading from file system: jar:file:/C:/Users/User/.m2/repository/com/github/almasb/fxgl/17.3/fxgl-17.3.jar!/fxglassets/textures/fxgl_default_cursor.png
13:58:13.327 [FXGL Background Thread 4 ] DEBUG FXGLAssetLoaderServi - Loading from file system: jar:file:/C:/Users/User/.m2/repository/com/github/almasb/fxgl/17.3/fxgl-17.3.jar!/fxglassets/ui/fonts/Abel-Regular.ttf
13:58:13.337 [FXGL Background Thread 4 ] DEBUG FXGLAssetLoaderServi - Loading from file system: jar:file:/C:/Users/User/.m2/repository/com/github/almasb/fxgl/17.3/fxgl-17.3.jar!/fxglassets/ui/fonts/TerminalLandMono-Regular.otf
13:58:13.339 [JavaFX Application Thread] DEBUG Input                - Registered new binding: Screenshot - CTRL+8
13:58:13.340 [JavaFX Application Thread] DEBUG Input                - Registered new binding: System info dump - CTRL+9
13:58:13.340 [JavaFX Application Thread] DEBUG Input                - Registered new binding: Restart - CTRL+R
13:58:13.341 [JavaFX Application Thread] DEBUG Input                - Registered new binding: Toggle Debug Camera - CTRL+7
13:58:13.344 [JavaFX Application Thread] DEBUG LoopRunner           - Starting loop
13:58:13.344 [JavaFX Application Thread] DEBUG LoopRunner           - Initializing JavaFX AnimationTimerLoop
13:58:13.346 [JavaFX Application Thread] DEBUG GameApplicationServi - Starting new game
13:58:13.347 [JavaFX Application Thread] DEBUG Input                - Clearing active input actions
13:58:13.364 [JavaFX Application Thread] DEBUG GameApplicationServi - Removing overlay from FXGLStartupScene and adding to FXGLLoadingScene
13:58:13.364 [JavaFX Application Thread] DEBUG PrimaryStageWindow   - FXGLStartupScene -> FXGLLoadingScene
13:58:13.364 [JavaFX Application Thread] DEBUG GameApplicationServi - Clearing previous game
13:58:13.364 [JavaFX Application Thread] DEBUG GameScene            - Clearing game scene
13:58:13.365 [JavaFX Application Thread] DEBUG GameWorld            - Clearing game world
13:58:13.365 [JavaFX Application Thread] DEBUG PhysicsWorld         - Clearing physics world
13:58:13.366 [FXGL Background Thread 1 ] DEBUG FXGLApplication      - Initializing game
13:58:13.394 [FXGL Background Thread 4 ] DEBUG FXGLAssetLoaderServi - Loading from file system: jar:file:/C:/Users/User/.m2/repository/com/github/almasb/fxgl/17.3/fxgl-17.3.jar!/fxglassets/ui/fonts/Courier-Prime.ttf
13:58:13.441 [JavaFX Application Thread] DEBUG FXGLApplication      - Registering font factories with UI factory
13:58:13.455 [FXGL Background Thread 1 ] WARN  TMXLevelLoader       - TiledMap generated from 1.11.2. Supported version: 1.9.0. Some features may not be parsed fully.
13:58:13.460 [ServerAsyncConnThread    ] DEBUG TCPServer            - Starting to listen at: 50000 type: class com.almasb.fxgl.core.serialization.Bundle
13:58:13.598 [FXGL Background Thread 1 ] DEBUG TMXLevelLoader       - Parsed TiledMap: file:/C:/Users/User/Documents/GitHub/Sonic-rush/target/classes/assets/levels/mapazo.tmx
13:58:13.600 [FXGL Background Thread 1 ] DEBUG TMXLevelLoader       - Creating tile layer entities
13:58:13.602 [FXGL Background Thread 1 ] DEBUG TilesetLoader        - Loading view for layer Capa de patrones 1
13:58:13.607 [FXGL Background Thread 1 ] DEBUG TilesetLoader        - Created buffer with size 3840.0x720.0
13:58:13.663 [FXGL Background Thread 1 ] DEBUG TMXLevelLoader       - Creating object layer entities
13:58:13.720 [FXGL Background Thread 1 ] DEBUG GameWorld            - Clearing removable entities
13:58:13.721 [FXGL Background Thread 1 ] DEBUG GameWorld            - Setting level: com.almasb.fxgl.entity.level.Level@561f6786
13:58:13.741 [FXGL Background Thread 1 ] DEBUG FXGLAssetLoaderServi - Loading from file system: file:/C:/Users/User/Documents/GitHub/Sonic-rush/target/classes/assets/textures/Items/ring.png
13:58:13.848 [FXGL Background Thread 1 ] DEBUG FXGLAssetLoaderServi - Loading from file system: file:/C:/Users/User/Documents/GitHub/Sonic-rush/target/classes/assets/textures/Enemigos/enemigo2.png
13:58:13.857 [FXGL Background Thread 1 ] DEBUG FXGLAssetLoaderServi - Loading from file system: file:/C:/Users/User/Documents/GitHub/Sonic-rush/target/classes/assets/textures/Items/basura.png
13:58:13.862 [FXGL Background Thread 1 ] DEBUG FXGLAssetLoaderServi - Loading from file system: file:/C:/Users/User/Documents/GitHub/Sonic-rush/target/classes/assets/textures/Items/papel.png
13:58:13.866 [FXGL Background Thread 1 ] DEBUG FXGLAssetLoaderServi - Loading from file system: file:/C:/Users/User/Documents/GitHub/Sonic-rush/target/classes/assets/textures/Items/caucho.png
13:58:13.890 [FXGL Background Thread 1 ] INFO  FXGLApplication      - Game initialization took: 0,524 sec
13:58:13.938 [JavaFX Application Thread] DEBUG Input                - Clearing active input actions
13:58:13.953 [JavaFX Application Thread] DEBUG GameApplicationServi - Removing overlay from FXGLLoadingScene and adding to GameScene
13:58:13.953 [JavaFX Application Thread] DEBUG PrimaryStageWindow   - FXGLLoadingScene -> GameScene
13:58:14.206 [FXGL Background Thread 2 ] INFO  UpdaterService       - Your current version:  17.3
13:58:14.210 [FXGL Background Thread 2 ] INFO  UpdaterService       - Latest stable version: 21.1
13:58:15.276 [JavaFX Application Thread] DEBUG LoopRunner           - Pausing loop
13:58:16.241 [FXGL Background Thread 3 ] DEBUG Engine               - Logging environment variables
13:58:16.242 [FXGL Background Thread 3 ] DEBUG Engine               - achievements: []
13:58:16.242 [FXGL Background Thread 3 ] DEBUG Engine               - actualHeight: 500.0
13:58:16.242 [FXGL Background Thread 3 ] DEBUG Engine               - actualHeightProperty: ReadOnlyDoubleProperty [value: 500.0]
13:58:16.242 [FXGL Background Thread 3 ] DEBUG Engine               - actualWidth: 800.0
13:58:16.242 [FXGL Background Thread 3 ] DEBUG Engine               - actualWidthProperty: ReadOnlyDoubleProperty [value: 800.0]
13:58:16.242 [FXGL Background Thread 3 ] DEBUG Engine               - appIcon: fxgl_icon.png
13:58:16.244 [FXGL Background Thread 3 ] DEBUG Engine               - applicationMode: DEVELOPER
13:58:16.244 [FXGL Background Thread 3 ] DEBUG Engine               - cSSList: [fxgl_dark.css]
13:58:16.244 [FXGL Background Thread 3 ] DEBUG Engine               - collisionDetectionStrategy: BRUTE_FORCE
13:58:16.246 [FXGL Background Thread 3 ] DEBUG Engine               - configClass: Optional.empty
13:58:16.246 [FXGL Background Thread 3 ] DEBUG Engine               - credits: []
13:58:16.246 [FXGL Background Thread 3 ] DEBUG Engine               - defaultCursor: CursorInfo(imageName=fxgl_default_cursor.png, hotspotX=7.0, hotspotY=6.0)
13:58:16.247 [FXGL Background Thread 3 ] DEBUG Engine               - devBBoxColorProperty: ObjectProperty [value: 0xff0000ff]
13:58:16.248 [FXGL Background Thread 3 ] DEBUG Engine               - devEnableDebugCameraProperty: BooleanProperty [value: false]
13:58:16.248 [FXGL Background Thread 3 ] DEBUG Engine               - devSensorColorProperty: ObjectProperty [value: 0xffff00ff]
13:58:16.248 [FXGL Background Thread 3 ] DEBUG Engine               - devShowBBoxProperty: BooleanProperty [value: false]
13:58:16.248 [FXGL Background Thread 3 ] DEBUG Engine               - devShowPositionProperty: BooleanProperty [value: false]
13:58:16.249 [FXGL Background Thread 3 ] DEBUG Engine               - enabledMenuItems: []
13:58:16.249 [FXGL Background Thread 3 ] DEBUG Engine               - engineServices: [class com.almasb.fxgl.app.services.FXGLAssetLoaderService, class com.almasb.fxgl.app.FXGLApplication$GameApplicationService, class com.almasb.fxgl.app.services.FXGLDialogService, class com.almasb.fxgl.app.services.IOTaskExecutorService, class com.almasb.fxgl.io.FileSystemService, class com.almasb.fxgl.localization.LocalizationService, class com.almasb.fxgl.app.services.SystemBundleService, class com.almasb.fxgl.profile.SaveLoadService, class com.almasb.fxgl.ui.FXGLUIFactoryServiceProvider, class com.almasb.fxgl.ui.FXGLDialogFactoryServiceProvider, class com.almasb.fxgl.audio.AudioPlayer, class com.almasb.fxgl.notification.impl.NotificationServiceProvider, class com.almasb.fxgl.achievement.AchievementService, class com.almasb.fxgl.cutscene.CutsceneService, class com.almasb.fxgl.minigames.MiniGameService, class com.almasb.fxgl.net.NetService, class com.almasb.fxgl.app.services.UpdaterService, class com.almasb.fxgl.dev.DevService, class com.almasb.fxgl.multiplayer.MultiplayerService]
13:58:16.249 [FXGL Background Thread 3 ] DEBUG Engine               - fontGame: Abel-Regular.ttf
13:58:16.249 [FXGL Background Thread 3 ] DEBUG Engine               - fontMono: TerminalLandMono-Regular.otf
13:58:16.249 [FXGL Background Thread 3 ] DEBUG Engine               - fontSizeScaleUI: 1.0
13:58:16.249 [FXGL Background Thread 3 ] DEBUG Engine               - fontText: Courier-Prime.ttf
13:58:16.249 [FXGL Background Thread 3 ] DEBUG Engine               - fontUI: VarelaRound-Regular.ttf
13:58:16.249 [FXGL Background Thread 3 ] DEBUG Engine               - fullScreen: BooleanProperty [value: false]
13:58:16.249 [FXGL Background Thread 3 ] DEBUG Engine               - gameDifficulty: MEDIUM
13:58:16.249 [FXGL Background Thread 3 ] DEBUG Engine               - gameDifficultyProperty: ObjectProperty [value: MEDIUM]
13:58:16.249 [FXGL Background Thread 3 ] DEBUG Engine               - globalMusicVolume: 0.5
13:58:16.249 [FXGL Background Thread 3 ] DEBUG Engine               - globalMusicVolumeProperty: DoubleProperty [value: 0.5]
13:58:16.249 [FXGL Background Thread 3 ] DEBUG Engine               - globalSoundVolume: 0.5
13:58:16.249 [FXGL Background Thread 3 ] DEBUG Engine               - globalSoundVolumeProperty: DoubleProperty [value: 0.5]
13:58:16.249 [FXGL Background Thread 3 ] DEBUG Engine               - height: 500
13:58:16.250 [FXGL Background Thread 3 ] DEBUG Engine               - is3D: false
13:58:16.252 [FXGL Background Thread 3 ] DEBUG Engine               - isAndroid: false
13:58:16.252 [FXGL Background Thread 3 ] DEBUG Engine               - isBrowser: false
13:58:16.252 [FXGL Background Thread 3 ] DEBUG Engine               - isClickFeedbackEnabled: false
13:58:16.252 [FXGL Background Thread 3 ] DEBUG Engine               - isCloseConfirmation: false
13:58:16.252 [FXGL Background Thread 3 ] DEBUG Engine               - isDesktop: true
13:58:16.252 [FXGL Background Thread 3 ] DEBUG Engine               - isDeveloperMenuEnabled: false
13:58:16.253 [FXGL Background Thread 3 ] DEBUG Engine               - isEmbedded: false
13:58:16.254 [FXGL Background Thread 3 ] DEBUG Engine               - isEntityPreloadEnabled: true
13:58:16.254 [FXGL Background Thread 3 ] DEBUG Engine               - isExperimentalTiledLargeMap: false
13:58:16.254 [FXGL Background Thread 3 ] DEBUG Engine               - isFileSystemWriteAllowed: true
13:58:16.254 [FXGL Background Thread 3 ] DEBUG Engine               - isFullScreenAllowed: false
13:58:16.254 [FXGL Background Thread 3 ] DEBUG Engine               - isFullScreenFromStart: false
13:58:16.254 [FXGL Background Thread 3 ] DEBUG Engine               - isGameMenuEnabled: true
13:58:16.254 [FXGL Background Thread 3 ] DEBUG Engine               - isIOS: false
13:58:16.255 [FXGL Background Thread 3 ] DEBUG Engine               - isIntroEnabled: false
13:58:16.255 [FXGL Background Thread 3 ] DEBUG Engine               - isLinux: false
13:58:16.255 [FXGL Background Thread 3 ] DEBUG Engine               - isMac: false
13:58:16.255 [FXGL Background Thread 3 ] DEBUG Engine               - isMainMenuEnabled: false
13:58:16.255 [FXGL Background Thread 3 ] DEBUG Engine               - isManualResizeEnabled: false
13:58:16.255 [FXGL Background Thread 3 ] DEBUG Engine               - isMobile: false
13:58:16.255 [FXGL Background Thread 3 ] DEBUG Engine               - isNative: false
13:58:16.255 [FXGL Background Thread 3 ] DEBUG Engine               - isPauseMusicWhenMinimized: true
13:58:16.255 [FXGL Background Thread 3 ] DEBUG Engine               - isPreserveResizeRatio: false
13:58:16.255 [FXGL Background Thread 3 ] DEBUG Engine               - isProfilingEnabled: false
13:58:16.255 [FXGL Background Thread 3 ] DEBUG Engine               - isScaleAffectedOnResize: true
13:58:16.255 [FXGL Background Thread 3 ] DEBUG Engine               - isSingleStep: false
13:58:16.255 [FXGL Background Thread 3 ] DEBUG Engine               - isUserProfileEnabled: false
13:58:16.255 [FXGL Background Thread 3 ] DEBUG Engine               - isWindows: true
13:58:16.256 [FXGL Background Thread 3 ] DEBUG Engine               - language: ObjectProperty [value: ENGLISH]
13:58:16.256 [FXGL Background Thread 3 ] DEBUG Engine               - menuKey: ESCAPE
13:58:16.256 [FXGL Background Thread 3 ] DEBUG Engine               - mouseSensitivity: 0.2
13:58:16.256 [FXGL Background Thread 3 ] DEBUG Engine               - notificationViewClass: class com.almasb.fxgl.notification.view.XboxNotificationView
13:58:16.256 [FXGL Background Thread 3 ] DEBUG Engine               - pixelsPerMeter: 50.0
13:58:16.256 [FXGL Background Thread 3 ] DEBUG Engine               - platform: WINDOWS
13:58:16.256 [FXGL Background Thread 3 ] DEBUG Engine               - prefHeightProperty: ReadOnlyDoubleProperty [value: 500.0]
13:58:16.256 [FXGL Background Thread 3 ] DEBUG Engine               - prefWidthProperty: ReadOnlyDoubleProperty [value: 800.0]
13:58:16.256 [FXGL Background Thread 3 ] DEBUG Engine               - profileDir: profiles/
13:58:16.256 [FXGL Background Thread 3 ] DEBUG Engine               - profileName: StringProperty [value: DEFAULT]
13:58:16.256 [FXGL Background Thread 3 ] DEBUG Engine               - randomSeed: -1
13:58:16.257 [FXGL Background Thread 3 ] DEBUG Engine               - runtimeInfo: RuntimeInfo(platform=WINDOWS, version=17.3, build=30.03.2023 11.49)
13:58:16.257 [FXGL Background Thread 3 ] DEBUG Engine               - saveFileExt: sav
13:58:16.257 [FXGL Background Thread 3 ] DEBUG Engine               - scaledHeightProp$fxgl: DoubleProperty [bound, value: 500.0]
13:58:16.257 [FXGL Background Thread 3 ] DEBUG Engine               - scaledWidthProp$fxgl: DoubleProperty [bound, value: 800.0]
13:58:16.257 [FXGL Background Thread 3 ] DEBUG Engine               - sceneFactory: com.almasb.fxgl.app.scene.SceneFactory@71fbb1c1
13:58:16.257 [FXGL Background Thread 3 ] DEBUG Engine               - secondsIn24h: 60
13:58:16.257 [FXGL Background Thread 3 ] DEBUG Engine               - soundMenuBack: menu/back.wav
13:58:16.257 [FXGL Background Thread 3 ] DEBUG Engine               - soundMenuPress: menu/press.wav
13:58:16.257 [FXGL Background Thread 3 ] DEBUG Engine               - soundMenuSelect: menu/select.wav
13:58:16.257 [FXGL Background Thread 3 ] DEBUG Engine               - soundNotification: core/notification.wav
13:58:16.257 [FXGL Background Thread 3 ] DEBUG Engine               - stageStyle: DECORATED
13:58:16.257 [FXGL Background Thread 3 ] DEBUG Engine               - supportedLanguages: [ENGLISH, FRENCH, GERMAN, HUNGARIAN, RUSSIAN]
13:58:16.258 [FXGL Background Thread 3 ] DEBUG Engine               - ticksPerSecond: -1
13:58:16.258 [FXGL Background Thread 3 ] DEBUG Engine               - title: Server
13:58:16.258 [FXGL Background Thread 3 ] DEBUG Engine               - urlGithub: https://github.com/AlmasB/FXGL
13:58:16.258 [FXGL Background Thread 3 ] DEBUG Engine               - urlLeaderboard: http://fxgl-top.herokuapp.com/
13:58:16.259 [FXGL Background Thread 3 ] DEBUG Engine               - urlPOM: https://raw.githubusercontent.com/AlmasB/FXGL/release/README.md
13:58:16.259 [FXGL Background Thread 3 ] DEBUG Engine               - userAppClass: class Runner.ServerRunner
13:58:16.259 [FXGL Background Thread 3 ] DEBUG Engine               - version: 0.0
13:58:16.259 [FXGL Background Thread 3 ] DEBUG Engine               - versionCheckDays: 7
13:58:16.259 [FXGL Background Thread 3 ] DEBUG Engine               - width: 800
13:58:16.259 [FXGL Background Thread 3 ] DEBUG Engine               - Logging services
13:58:16.259 [FXGL Background Thread 3 ] DEBUG Engine               - class com.almasb.fxgl.app.services.FXGLAssetLoaderService
13:58:16.259 [FXGL Background Thread 3 ] DEBUG Engine               - class com.almasb.fxgl.app.FXGLApplication$GameApplicationService
13:58:16.259 [FXGL Background Thread 3 ] DEBUG Engine               - class com.almasb.fxgl.app.services.FXGLDialogService
13:58:16.259 [FXGL Background Thread 3 ] DEBUG Engine               - class com.almasb.fxgl.app.services.IOTaskExecutorService
13:58:16.259 [FXGL Background Thread 3 ] DEBUG Engine               - class com.almasb.fxgl.io.FileSystemService
13:58:16.259 [FXGL Background Thread 3 ] DEBUG Engine               - class com.almasb.fxgl.localization.LocalizationService
13:58:16.259 [FXGL Background Thread 3 ] DEBUG Engine               - class com.almasb.fxgl.app.services.SystemBundleService
13:58:16.259 [FXGL Background Thread 3 ] DEBUG Engine               - class com.almasb.fxgl.profile.SaveLoadService
13:58:16.259 [FXGL Background Thread 3 ] DEBUG Engine               - class com.almasb.fxgl.ui.FXGLUIFactoryServiceProvider
13:58:16.260 [FXGL Background Thread 3 ] DEBUG Engine               - class com.almasb.fxgl.ui.FXGLDialogFactoryServiceProvider
13:58:16.260 [FXGL Background Thread 3 ] DEBUG Engine               - class com.almasb.fxgl.audio.AudioPlayer
13:58:16.260 [FXGL Background Thread 3 ] DEBUG Engine               - class com.almasb.fxgl.notification.impl.NotificationServiceProvider
13:58:16.260 [FXGL Background Thread 3 ] DEBUG Engine               - class com.almasb.fxgl.achievement.AchievementService
13:58:16.260 [FXGL Background Thread 3 ] DEBUG Engine               - class com.almasb.fxgl.cutscene.CutsceneService
13:58:16.260 [FXGL Background Thread 3 ] DEBUG Engine               - class com.almasb.fxgl.minigames.MiniGameService
13:58:16.260 [FXGL Background Thread 3 ] DEBUG Engine               - class com.almasb.fxgl.net.NetService
13:58:16.260 [FXGL Background Thread 3 ] DEBUG Engine               - class com.almasb.fxgl.app.services.UpdaterService
13:58:16.260 [FXGL Background Thread 3 ] DEBUG Engine               - class com.almasb.fxgl.dev.DevService
13:58:16.260 [FXGL Background Thread 3 ] DEBUG Engine               - class com.almasb.fxgl.multiplayer.MultiplayerService
13:58:39.461 [ServerAsyncConnThread    ] DEBUG Endpoint             - TCPServer opening new connection (1) from /192.168.56.1:50756 type: class com.almasb.fxgl.core.serialization.Bundle
13:58:39.465 [ServerAsyncConnThread    ] DEBUG Endpoint             - TCPServer successfully opened connection (1)
13:58:39.475 [TCPServer_RecvThread-1   ] DEBUG Readers              - Getting TCPMessageReader for class com.almasb.fxgl.core.serialization.Bundle
13:58:39.475 [TCPServer_SendThread-1   ] DEBUG Writers              - Getting TCPMessageWriter for class com.almasb.fxgl.core.serialization.Bundle
13:58:39.476 [TCPServer_RecvThread-1   ] DEBUG Readers              - Constructed MessageReader for class com.almasb.fxgl.core.serialization.Bundle: BundleTCPMessageReader
13:58:39.477 [TCPServer_SendThread-1   ] DEBUG Writers              - Constructed TCPMessageWriter for class com.almasb.fxgl.core.serialization.Bundle: BundleTCPMessageWriter
13:59:13.253 [TCPServer_RecvThread-1   ] DEBUG Endpoint             - Connection 1 was unexpectedly disconnected: Connection reset
13:59:13.253 [TCPServer_RecvThread-1   ] DEBUG Connection           - Closing connection 1
13:59:13.253 [TCPServer_RecvThread-1   ] DEBUG Connection           - Connection 1 was correctly closed from local endpoint.
13:59:13.253 [TCPServer_RecvThread-1   ] DEBUG Endpoint             - TCPServer connection (1) was closed
13:59:13.267 [JavaFX Application Thread] DEBUG LoopRunner           - Resuming loop
13:59:14.993 [JavaFX Application Thread] DEBUG FXGLApplication      - Exiting FXGL
13:59:14.994 [JavaFX Application Thread] DEBUG LoopRunner           - Stopping loop
13:59:14.994 [JavaFX Application Thread] DEBUG SystemBundleService  - Saving FXGL system data
13:59:14.995 [JavaFX Application Thread] DEBUG FileSystemAccess     - Writing to: C:\Users\User\Documents\GitHub\Sonic-rush\system\fxgl.bundle
13:59:14.996 [JavaFX Application Thread] DEBUG Async                - Shutting down background threads
13:59:14.996 [JavaFX Application Thread] DEBUG PrimaryStageWindow   - Closing main window
13:59:15.006 [JavaFX Application Thread] DEBUG Logger               - Closing Logger
