16:14:54.498 [main                     ] DEBUG Logger               - Configured Logger
16:14:54.565 [main                     ] DEBUG GameApplication      - Logging settings
Title: Server
Version: 0.0
Width: 800
Height: 500
Fullscreen: false
Intro: false
Profiling: false
Single step:false
App Mode: DEVELOPER
Menu Key: ESCAPE
Stage Style: DECORATED
Scene Factory: class com.almasb.fxgl.app.scene.SceneFactory

16:14:55.243 [JavaFX Application Thread] DEBUG FXGLApplication      - Initializing FXGL
16:14:55.260 [JavaFX Application Thread] INFO  Engine               - FXGL-17.3 (30.03.2023 11.49) on WINDOWS (J:17.0.12 FX:20)
16:14:55.261 [JavaFX Application Thread] DEBUG Engine               - JRE Vendor Name: Oracle Corporation
16:14:55.262 [JavaFX Application Thread] DEBUG Engine               - Running on OS: Windows 10 version 10.0
16:14:55.262 [JavaFX Application Thread] DEBUG Engine               - Architecture: amd64
16:14:55.262 [JavaFX Application Thread] INFO  Engine               - Source code and latest versions at: https://github.com/AlmasB/FXGL
16:14:55.262 [JavaFX Application Thread] INFO  Engine               -       Ask questions and discuss at: https://github.com/AlmasB/FXGL/discussions
16:14:55.263 [JavaFX Application Thread] INFO  Engine               -              Join the FXGL chat at: https://gitter.im/AlmasB/FXGL
16:14:55.691 [JavaFX Application Thread] DEBUG PrimaryStageWindow   - Creating a JavaFX scene
16:14:55.877 [JavaFX Application Thread] DEBUG PrimaryStageWindow   - Target settings size: 800.0 x 500.0
16:14:55.878 [JavaFX Application Thread] DEBUG PrimaryStageWindow   - Scaled scene size:    800.0 x 500.0
16:14:55.878 [JavaFX Application Thread] DEBUG PrimaryStageWindow   - Scaled ratio: (1.0, 1.0)
16:14:55.880 [JavaFX Application Thread] DEBUG PrimaryStageWindow   - Set initial scene to FXGLStartupScene
16:14:55.893 [JavaFX Application Thread] DEBUG PrimaryStageWindow   - Opening main window
16:14:56.031 [JavaFX Application Thread] DEBUG PrimaryStageWindow   - Window border size: (14.4000244140625, 37.5999755859375)
16:14:56.032 [JavaFX Application Thread] DEBUG PrimaryStageWindow   - Scaled size: 800.0 x 500.0
16:14:56.032 [JavaFX Application Thread] DEBUG PrimaryStageWindow   - Scaled ratio: (1.0, 1.0)
16:14:56.033 [JavaFX Application Thread] DEBUG PrimaryStageWindow   - Scene size: 800.0 x 500.0
16:14:56.033 [JavaFX Application Thread] DEBUG PrimaryStageWindow   - Stage size: 814.4000244140625 x 537.5999755859375
16:14:56.210 [FXGL Background Thread 1 ] DEBUG Engine               - Initializing environment variables
16:14:56.379 [FXGL Background Thread 1 ] DEBUG FXGLAssetLoaderServi - User app class for loading assets: class Runner.ServerRunner
16:14:56.380 [FXGL Background Thread 1 ] DEBUG GameApplicationServi - Applying CSS: fxgl_dark.css
16:14:56.382 [FXGL Background Thread 1 ] DEBUG FXGLAssetLoaderServi - Loading from file system: jar:file:/C:/Users/Owner/.m2/repository/com/github/almasb/fxgl/17.3/fxgl-17.3.jar!/fxglassets/ui/css/fxgl_dark.css
16:14:56.521 [FXGL Background Thread 1 ] DEBUG GameApplicationServi - Initializing application scenes
16:14:57.063 [FXGL Background Thread 1 ] DEBUG GameWorld            - Game world initialized
16:14:57.442 [FXGL Background Thread 1 ] DEBUG PhysicsWorld         - Physics world initialized: appHeight=500, physics.ppm=50.0
16:14:57.444 [FXGL Background Thread 1 ] DEBUG PhysicsWorld         - Using strategy: BRUTE_FORCE
16:14:57.477 [FXGL Background Thread 1 ] DEBUG GameScene            - Game scene initialized: 800x500
16:14:57.560 [FXGL Background Thread 1 ] WARN  FXGL.DefaultMenu     - FXGLDefaultMenu is not designed for resolutions < 800x600
16:14:57.579 [FXGL Background Thread 1 ] DEBUG FXGL.DefaultMenu     - createMenuBodyGameMenu()
16:14:57.648 [FXGL Background Thread 1 ] DEBUG FXGL.DefaultMenu     - createOptionsMenu()
16:14:57.685 [FXGL Background Thread 1 ] DEBUG FXGLAssetLoaderServi - Loading from file system: jar:file:/C:/Users/Owner/.m2/repository/com/github/almasb/fxgl/17.3/fxgl-17.3.jar!/fxglassets/textures/particles/smoke.png
16:14:57.971 [FXGL Background Thread 1 ] DEBUG FXGLAssetLoaderServi - Loading from file system: jar:file:/C:/Users/Owner/.m2/repository/com/github/almasb/fxgl/17.3/fxgl-17.3.jar!/fxglassets/textures/particles/trace_horizontal.png
16:14:58.038 [FXGL Background Thread 1 ] DEBUG GameApplicationServi - Application scenes initialized
16:14:58.065 [FXGL Background Thread 1 ] DEBUG SystemBundleService  - Loading FXGL system data
16:14:58.074 [FXGL Background Thread 1 ] DEBUG FileSystemAccess     - Reading from: C:\Users\Owner\Desktop\Sonic-rush\system\fxgl.bundle
16:14:58.087 [FXGL Background Thread 1 ] DEBUG SystemBundleService  - Bundle FXGL: {}
16:14:58.087 [FXGL Background Thread 1 ] DEBUG UpdaterService       - Checking for updates
16:14:58.096 [FXGL Background Thread 1 ] DEBUG FXGLApplication      - Loading default localization
16:14:58.097 [FXGL Background Thread 1 ] DEBUG FXGLAssetLoaderServi - Loading from file system: jar:file:/C:/Users/Owner/.m2/repository/com/github/almasb/fxgl/17.3/fxgl-17.3.jar!/fxglassets/languages/english.lang
16:14:58.130 [FXGL Background Thread 1 ] INFO  FXGLApplication      - FXGL initialization took: 1.920 sec
16:14:58.160 [JavaFX Application Thread] DEBUG FXGLAssetLoaderServi - Loading from file system: jar:file:/C:/Users/Owner/.m2/repository/com/github/almasb/fxgl/17.3/fxgl-17.3.jar!/fxglassets/textures/fxgl_icon.png
16:14:58.175 [FXGL Background Thread 4 ] DEBUG FXGLApplication      - Loading fonts
16:14:58.175 [FXGL Background Thread 4 ] DEBUG FXGLAssetLoaderServi - Loading from file system: jar:file:/C:/Users/Owner/.m2/repository/com/github/almasb/fxgl/17.3/fxgl-17.3.jar!/fxglassets/ui/fonts/VarelaRound-Regular.ttf
16:14:58.237 [JavaFX Application Thread] DEBUG FXGLAssetLoaderServi - Loading from file system: jar:file:/C:/Users/Owner/.m2/repository/com/github/almasb/fxgl/17.3/fxgl-17.3.jar!/fxglassets/textures/fxgl_default_cursor.png
16:14:58.255 [JavaFX Application Thread] DEBUG Input                - Registered new binding: Screenshot - CTRL+8
16:14:58.256 [JavaFX Application Thread] DEBUG Input                - Registered new binding: System info dump - CTRL+9
16:14:58.256 [JavaFX Application Thread] DEBUG Input                - Registered new binding: Restart - CTRL+R
16:14:58.258 [JavaFX Application Thread] DEBUG Input                - Registered new binding: Toggle Debug Camera - CTRL+7
16:14:58.263 [JavaFX Application Thread] DEBUG LoopRunner           - Starting loop
16:14:58.263 [JavaFX Application Thread] DEBUG LoopRunner           - Initializing JavaFX AnimationTimerLoop
16:14:58.267 [JavaFX Application Thread] DEBUG GameApplicationServi - Starting new game
16:14:58.268 [JavaFX Application Thread] DEBUG Input                - Clearing active input actions
16:14:58.293 [JavaFX Application Thread] DEBUG GameApplicationServi - Removing overlay from FXGLStartupScene and adding to FXGLLoadingScene
16:14:58.293 [JavaFX Application Thread] DEBUG PrimaryStageWindow   - FXGLStartupScene -> FXGLLoadingScene
16:14:58.293 [JavaFX Application Thread] DEBUG GameApplicationServi - Clearing previous game
16:14:58.294 [JavaFX Application Thread] DEBUG GameScene            - Clearing game scene
16:14:58.294 [JavaFX Application Thread] DEBUG GameWorld            - Clearing game world
16:14:58.294 [JavaFX Application Thread] DEBUG PhysicsWorld         - Clearing physics world
16:14:58.296 [FXGL Background Thread 1 ] DEBUG FXGLApplication      - Initializing game
16:14:58.795 [ServerAsyncConnThread    ] DEBUG TCPServer            - Starting to listen at: 55555 type: class com.almasb.fxgl.core.serialization.Bundle
16:14:58.855 [ServerAsyncConnThread    ] WARN  IOTask               - ServerStart failed
java.lang.RuntimeException: Failed to start: Address already in use: bind
	at com.almasb.fxgl.net.tcp.TCPServer.start(TCPServer.java:58)
	at com.almasb.fxgl.core.concurrent.IOTask.lambda$ofVoid$5(IOTask.java:184)
	at com.almasb.fxgl.core.concurrent.IOTask$2.onExecute(IOTask.java:197)
	at com.almasb.fxgl.core.concurrent.IOTask.run(IOTask.java:118)
	at java.base/java.lang.Thread.run(Thread.java:842)
Caused by: java.net.BindException: Address already in use: bind
	at java.base/sun.nio.ch.Net.bind0(Native Method)
	at java.base/sun.nio.ch.Net.bind(Net.java:555)
	at java.base/sun.nio.ch.Net.bind(Net.java:544)
	at java.base/sun.nio.ch.NioSocketImpl.bind(NioSocketImpl.java:648)
	at java.base/java.net.ServerSocket.bind(ServerSocket.java:388)
	at java.base/java.net.ServerSocket.<init>(ServerSocket.java:274)
	at java.base/java.net.ServerSocket.<init>(ServerSocket.java:167)
	at com.almasb.fxgl.net.tcp.TCPServer.start(TCPServer.java:40)
	... 4 more

16:14:58.857 [FXGL Background Thread 1 ] DEBUG TMXLevelLoader       - Parsed TiledMap: file:/C:/Users/Owner/Desktop/Sonic-rush/target/classes/assets/levels/mapazo.tmx
16:14:58.858 [FXGL Background Thread 1 ] DEBUG TMXLevelLoader       - Creating tile layer entities
16:14:58.863 [FXGL Background Thread 1 ] DEBUG TilesetLoader        - Loading view for layer Capa de patrones 1
16:14:58.877 [FXGL Background Thread 1 ] DEBUG TilesetLoader        - Created buffer with size 3840.0x720.0
16:14:58.943 [FXGL Background Thread 1 ] DEBUG TMXLevelLoader       - Creating object layer entities
16:14:59.046 [FXGL Background Thread 1 ] DEBUG GameWorld            - Clearing removable entities
16:14:59.047 [FXGL Background Thread 1 ] DEBUG GameWorld            - Setting level: com.almasb.fxgl.entity.level.Level@308b2761
16:15:00.088 [FXGL Background Thread 1 ] DEBUG FXGLAssetLoaderServi - Loading from file system: file:/C:/Users/Owner/Desktop/Sonic-rush/target/classes/assets/textures/Items/ring.png
16:15:00.103 [FXGL Background Thread 4 ] DEBUG FXGLAssetLoaderServi - Loading from file system: jar:file:/C:/Users/Owner/.m2/repository/com/github/almasb/fxgl/17.3/fxgl-17.3.jar!/fxglassets/ui/fonts/Abel-Regular.ttf
16:15:00.129 [FXGL Background Thread 4 ] DEBUG FXGLAssetLoaderServi - Loading from file system: jar:file:/C:/Users/Owner/.m2/repository/com/github/almasb/fxgl/17.3/fxgl-17.3.jar!/fxglassets/ui/fonts/TerminalLandMono-Regular.otf
16:15:00.139 [FXGL Background Thread 4 ] DEBUG FXGLAssetLoaderServi - Loading from file system: jar:file:/C:/Users/Owner/.m2/repository/com/github/almasb/fxgl/17.3/fxgl-17.3.jar!/fxglassets/ui/fonts/Courier-Prime.ttf
16:15:00.299 [JavaFX Application Thread] DEBUG FXGLApplication      - Registering font factories with UI factory
16:15:00.309 [FXGL Background Thread 1 ] DEBUG FXGLAssetLoaderServi - Loading from file system: file:/C:/Users/Owner/Desktop/Sonic-rush/target/classes/assets/textures/Enemigos/enemigo2.png
16:15:00.330 [FXGL Background Thread 1 ] DEBUG FXGLAssetLoaderServi - Loading from file system: file:/C:/Users/Owner/Desktop/Sonic-rush/target/classes/assets/textures/Items/caucho.png
16:15:00.333 [FXGL Background Thread 1 ] DEBUG FXGLAssetLoaderServi - Loading from file system: file:/C:/Users/Owner/Desktop/Sonic-rush/target/classes/assets/textures/Items/papel.png
16:15:00.343 [FXGL Background Thread 1 ] DEBUG FXGLAssetLoaderServi - Loading from file system: file:/C:/Users/Owner/Desktop/Sonic-rush/target/classes/assets/textures/Items/basura.png
16:15:00.394 [FXGL Background Thread 1 ] INFO  FXGLApplication      - Game initialization took: 2.098 sec
16:15:01.212 [FXGL Background Thread 3 ] DEBUG Engine               - Logging environment variables
16:15:01.213 [FXGL Background Thread 3 ] DEBUG Engine               - achievements: []
16:15:01.214 [FXGL Background Thread 3 ] DEBUG Engine               - actualHeight: 500.0
16:15:01.215 [JavaFX Application Thread] DEBUG Input                - Clearing active input actions
16:15:01.215 [FXGL Background Thread 3 ] DEBUG Engine               - actualHeightProperty: ReadOnlyDoubleProperty [value: 500.0]
16:15:01.215 [FXGL Background Thread 3 ] DEBUG Engine               - actualWidth: 800.0
16:15:01.216 [FXGL Background Thread 3 ] DEBUG Engine               - actualWidthProperty: ReadOnlyDoubleProperty [value: 800.0]
16:15:01.216 [FXGL Background Thread 3 ] DEBUG Engine               - appIcon: fxgl_icon.png
16:15:01.216 [FXGL Background Thread 3 ] DEBUG Engine               - applicationMode: DEVELOPER
16:15:01.221 [FXGL Background Thread 3 ] DEBUG Engine               - cSSList: [fxgl_dark.css]
16:15:01.230 [FXGL Background Thread 3 ] DEBUG Engine               - collisionDetectionStrategy: BRUTE_FORCE
16:15:01.233 [FXGL Background Thread 3 ] DEBUG Engine               - configClass: Optional.empty
16:15:01.234 [FXGL Background Thread 3 ] DEBUG Engine               - credits: []
16:15:01.238 [FXGL Background Thread 3 ] DEBUG Engine               - defaultCursor: CursorInfo(imageName=fxgl_default_cursor.png, hotspotX=7.0, hotspotY=6.0)
16:15:01.240 [FXGL Background Thread 3 ] DEBUG Engine               - devBBoxColorProperty: ObjectProperty [value: 0xff0000ff]
16:15:01.242 [FXGL Background Thread 3 ] DEBUG Engine               - devEnableDebugCameraProperty: BooleanProperty [value: false]
16:15:01.244 [FXGL Background Thread 3 ] DEBUG Engine               - devSensorColorProperty: ObjectProperty [value: 0xffff00ff]
16:15:01.244 [FXGL Background Thread 3 ] DEBUG Engine               - devShowBBoxProperty: BooleanProperty [value: false]
16:15:01.244 [FXGL Background Thread 3 ] DEBUG Engine               - devShowPositionProperty: BooleanProperty [value: false]
16:15:01.245 [FXGL Background Thread 3 ] DEBUG Engine               - enabledMenuItems: []
16:15:01.245 [FXGL Background Thread 3 ] DEBUG Engine               - engineServices: [class com.almasb.fxgl.app.services.FXGLAssetLoaderService, class com.almasb.fxgl.app.FXGLApplication$GameApplicationService, class com.almasb.fxgl.app.services.FXGLDialogService, class com.almasb.fxgl.app.services.IOTaskExecutorService, class com.almasb.fxgl.io.FileSystemService, class com.almasb.fxgl.localization.LocalizationService, class com.almasb.fxgl.app.services.SystemBundleService, class com.almasb.fxgl.profile.SaveLoadService, class com.almasb.fxgl.ui.FXGLUIFactoryServiceProvider, class com.almasb.fxgl.ui.FXGLDialogFactoryServiceProvider, class com.almasb.fxgl.audio.AudioPlayer, class com.almasb.fxgl.notification.impl.NotificationServiceProvider, class com.almasb.fxgl.achievement.AchievementService, class com.almasb.fxgl.cutscene.CutsceneService, class com.almasb.fxgl.minigames.MiniGameService, class com.almasb.fxgl.net.NetService, class com.almasb.fxgl.app.services.UpdaterService, class com.almasb.fxgl.dev.DevService, class com.almasb.fxgl.multiplayer.MultiplayerService]
16:15:01.245 [FXGL Background Thread 3 ] DEBUG Engine               - fontGame: Abel-Regular.ttf
16:15:01.245 [FXGL Background Thread 3 ] DEBUG Engine               - fontMono: TerminalLandMono-Regular.otf
16:15:01.245 [FXGL Background Thread 3 ] DEBUG Engine               - fontSizeScaleUI: 1.0
16:15:01.245 [FXGL Background Thread 3 ] DEBUG Engine               - fontText: Courier-Prime.ttf
16:15:01.245 [FXGL Background Thread 3 ] DEBUG Engine               - fontUI: VarelaRound-Regular.ttf
16:15:01.246 [FXGL Background Thread 3 ] DEBUG Engine               - fullScreen: BooleanProperty [value: false]
16:15:01.246 [FXGL Background Thread 3 ] DEBUG Engine               - gameDifficulty: MEDIUM
16:15:01.246 [FXGL Background Thread 3 ] DEBUG Engine               - gameDifficultyProperty: ObjectProperty [value: MEDIUM]
16:15:01.246 [FXGL Background Thread 3 ] DEBUG Engine               - globalMusicVolume: 0.5
16:15:01.246 [FXGL Background Thread 3 ] DEBUG Engine               - globalMusicVolumeProperty: DoubleProperty [value: 0.5]
16:15:01.246 [FXGL Background Thread 3 ] DEBUG Engine               - globalSoundVolume: 0.5
16:15:01.246 [FXGL Background Thread 3 ] DEBUG Engine               - globalSoundVolumeProperty: DoubleProperty [value: 0.5]
16:15:01.247 [FXGL Background Thread 3 ] DEBUG Engine               - height: 500
16:15:01.247 [FXGL Background Thread 3 ] DEBUG Engine               - is3D: false
16:15:01.247 [FXGL Background Thread 3 ] DEBUG Engine               - isAndroid: false
16:15:01.247 [FXGL Background Thread 3 ] DEBUG Engine               - isBrowser: false
16:15:01.247 [FXGL Background Thread 3 ] DEBUG Engine               - isClickFeedbackEnabled: false
16:15:01.247 [FXGL Background Thread 3 ] DEBUG Engine               - isCloseConfirmation: false
16:15:01.247 [FXGL Background Thread 3 ] DEBUG Engine               - isDesktop: true
16:15:01.248 [FXGL Background Thread 3 ] DEBUG Engine               - isDeveloperMenuEnabled: false
16:15:01.248 [FXGL Background Thread 3 ] DEBUG Engine               - isEmbedded: false
16:15:01.248 [FXGL Background Thread 3 ] DEBUG Engine               - isEntityPreloadEnabled: true
16:15:01.249 [FXGL Background Thread 3 ] DEBUG Engine               - isExperimentalTiledLargeMap: false
16:15:01.249 [FXGL Background Thread 3 ] DEBUG Engine               - isFileSystemWriteAllowed: true
16:15:01.249 [FXGL Background Thread 3 ] DEBUG Engine               - isFullScreenAllowed: false
16:15:01.249 [FXGL Background Thread 3 ] DEBUG Engine               - isFullScreenFromStart: false
16:15:01.249 [FXGL Background Thread 3 ] DEBUG Engine               - isGameMenuEnabled: true
16:15:01.249 [FXGL Background Thread 3 ] DEBUG Engine               - isIOS: false
16:15:01.249 [FXGL Background Thread 3 ] DEBUG Engine               - isIntroEnabled: false
16:15:01.249 [FXGL Background Thread 3 ] DEBUG Engine               - isLinux: false
16:15:01.250 [FXGL Background Thread 3 ] DEBUG Engine               - isMac: false
16:15:01.250 [FXGL Background Thread 3 ] DEBUG Engine               - isMainMenuEnabled: false
16:15:01.250 [FXGL Background Thread 3 ] DEBUG Engine               - isManualResizeEnabled: false
16:15:01.250 [FXGL Background Thread 3 ] DEBUG Engine               - isMobile: false
16:15:01.250 [FXGL Background Thread 3 ] DEBUG Engine               - isNative: false
16:15:01.250 [FXGL Background Thread 3 ] DEBUG Engine               - isPauseMusicWhenMinimized: true
16:15:01.250 [FXGL Background Thread 3 ] DEBUG Engine               - isPreserveResizeRatio: false
16:15:01.250 [FXGL Background Thread 3 ] DEBUG Engine               - isProfilingEnabled: false
16:15:01.250 [FXGL Background Thread 3 ] DEBUG Engine               - isScaleAffectedOnResize: true
16:15:01.250 [FXGL Background Thread 3 ] DEBUG Engine               - isSingleStep: false
16:15:01.251 [FXGL Background Thread 3 ] DEBUG Engine               - isUserProfileEnabled: false
16:15:01.251 [FXGL Background Thread 3 ] DEBUG Engine               - isWindows: true
16:15:01.251 [FXGL Background Thread 3 ] DEBUG Engine               - language: ObjectProperty [value: ENGLISH]
16:15:01.252 [FXGL Background Thread 3 ] DEBUG Engine               - menuKey: ESCAPE
16:15:01.252 [FXGL Background Thread 3 ] DEBUG Engine               - mouseSensitivity: 0.2
16:15:01.252 [FXGL Background Thread 3 ] DEBUG Engine               - notificationViewClass: class com.almasb.fxgl.notification.view.XboxNotificationView
16:15:01.252 [FXGL Background Thread 3 ] DEBUG Engine               - pixelsPerMeter: 50.0
16:15:01.252 [FXGL Background Thread 3 ] DEBUG Engine               - platform: WINDOWS
16:15:01.253 [FXGL Background Thread 3 ] DEBUG Engine               - prefHeightProperty: ReadOnlyDoubleProperty [value: 500.0]
16:15:01.253 [FXGL Background Thread 3 ] DEBUG Engine               - prefWidthProperty: ReadOnlyDoubleProperty [value: 800.0]
16:15:01.253 [FXGL Background Thread 3 ] DEBUG Engine               - profileDir: profiles/
16:15:01.253 [FXGL Background Thread 3 ] DEBUG Engine               - profileName: StringProperty [value: DEFAULT]
16:15:01.254 [FXGL Background Thread 3 ] DEBUG Engine               - randomSeed: -1
16:15:01.256 [FXGL Background Thread 3 ] DEBUG Engine               - runtimeInfo: RuntimeInfo(platform=WINDOWS, version=17.3, build=30.03.2023 11.49)
16:15:01.256 [FXGL Background Thread 3 ] DEBUG Engine               - saveFileExt: sav
16:15:01.256 [FXGL Background Thread 3 ] DEBUG Engine               - scaledHeightProp$fxgl: DoubleProperty [bound, value: 500.0]
16:15:01.256 [FXGL Background Thread 3 ] DEBUG Engine               - scaledWidthProp$fxgl: DoubleProperty [bound, value: 800.0]
16:15:01.256 [FXGL Background Thread 3 ] DEBUG Engine               - sceneFactory: com.almasb.fxgl.app.scene.SceneFactory@37f77d48
16:15:01.257 [FXGL Background Thread 3 ] DEBUG Engine               - secondsIn24h: 60
16:15:01.257 [FXGL Background Thread 3 ] DEBUG Engine               - soundMenuBack: menu/back.wav
16:15:01.257 [FXGL Background Thread 3 ] DEBUG Engine               - soundMenuPress: menu/press.wav
16:15:01.257 [FXGL Background Thread 3 ] DEBUG Engine               - soundMenuSelect: menu/select.wav
16:15:01.257 [FXGL Background Thread 3 ] DEBUG Engine               - soundNotification: core/notification.wav
16:15:01.257 [FXGL Background Thread 3 ] DEBUG Engine               - stageStyle: DECORATED
16:15:01.257 [FXGL Background Thread 3 ] DEBUG Engine               - supportedLanguages: [ENGLISH, FRENCH, GERMAN, HUNGARIAN, RUSSIAN]
16:15:01.257 [FXGL Background Thread 3 ] DEBUG Engine               - ticksPerSecond: -1
16:15:01.257 [FXGL Background Thread 3 ] DEBUG Engine               - title: Server
16:15:01.257 [FXGL Background Thread 3 ] DEBUG Engine               - urlGithub: https://github.com/AlmasB/FXGL
16:15:01.258 [FXGL Background Thread 3 ] DEBUG Engine               - urlLeaderboard: http://fxgl-top.herokuapp.com/
16:15:01.258 [FXGL Background Thread 3 ] DEBUG Engine               - urlPOM: https://raw.githubusercontent.com/AlmasB/FXGL/release/README.md
16:15:01.258 [FXGL Background Thread 3 ] DEBUG Engine               - userAppClass: class Runner.ServerRunner
16:15:01.258 [FXGL Background Thread 3 ] DEBUG Engine               - version: 0.0
16:15:01.258 [FXGL Background Thread 3 ] DEBUG Engine               - versionCheckDays: 7
16:15:01.258 [FXGL Background Thread 3 ] DEBUG Engine               - width: 800
16:15:01.258 [FXGL Background Thread 3 ] DEBUG Engine               - Logging services
16:15:01.258 [FXGL Background Thread 3 ] DEBUG Engine               - class com.almasb.fxgl.app.services.FXGLAssetLoaderService
16:15:01.258 [FXGL Background Thread 3 ] DEBUG Engine               - class com.almasb.fxgl.app.FXGLApplication$GameApplicationService
16:15:01.258 [FXGL Background Thread 3 ] DEBUG Engine               - class com.almasb.fxgl.app.services.FXGLDialogService
16:15:01.259 [FXGL Background Thread 3 ] DEBUG Engine               - class com.almasb.fxgl.app.services.IOTaskExecutorService
16:15:01.259 [FXGL Background Thread 3 ] DEBUG Engine               - class com.almasb.fxgl.io.FileSystemService
16:15:01.259 [FXGL Background Thread 3 ] DEBUG Engine               - class com.almasb.fxgl.localization.LocalizationService
16:15:01.259 [FXGL Background Thread 3 ] DEBUG Engine               - class com.almasb.fxgl.app.services.SystemBundleService
16:15:01.259 [FXGL Background Thread 3 ] DEBUG Engine               - class com.almasb.fxgl.profile.SaveLoadService
16:15:01.259 [FXGL Background Thread 3 ] DEBUG Engine               - class com.almasb.fxgl.ui.FXGLUIFactoryServiceProvider
16:15:01.259 [FXGL Background Thread 3 ] DEBUG Engine               - class com.almasb.fxgl.ui.FXGLDialogFactoryServiceProvider
16:15:01.259 [FXGL Background Thread 3 ] DEBUG Engine               - class com.almasb.fxgl.audio.AudioPlayer
16:15:01.259 [FXGL Background Thread 3 ] DEBUG Engine               - class com.almasb.fxgl.notification.impl.NotificationServiceProvider
16:15:01.259 [FXGL Background Thread 3 ] DEBUG Engine               - class com.almasb.fxgl.achievement.AchievementService
16:15:01.259 [FXGL Background Thread 3 ] DEBUG Engine               - class com.almasb.fxgl.cutscene.CutsceneService
16:15:01.259 [FXGL Background Thread 3 ] DEBUG Engine               - class com.almasb.fxgl.minigames.MiniGameService
16:15:01.259 [FXGL Background Thread 3 ] DEBUG Engine               - class com.almasb.fxgl.net.NetService
16:15:01.260 [FXGL Background Thread 3 ] DEBUG Engine               - class com.almasb.fxgl.app.services.UpdaterService
16:15:01.260 [FXGL Background Thread 3 ] DEBUG Engine               - class com.almasb.fxgl.dev.DevService
16:15:01.260 [FXGL Background Thread 3 ] DEBUG Engine               - class com.almasb.fxgl.multiplayer.MultiplayerService
16:15:01.273 [JavaFX Application Thread] DEBUG GameApplicationServi - Removing overlay from FXGLLoadingScene and adding to GameScene
16:15:01.274 [JavaFX Application Thread] DEBUG PrimaryStageWindow   - FXGLLoadingScene -> GameScene
16:15:43.595 [JavaFX Application Thread] DEBUG FXGLApplication      - Exiting FXGL
16:15:43.596 [JavaFX Application Thread] DEBUG LoopRunner           - Stopping loop
16:15:43.597 [JavaFX Application Thread] DEBUG SystemBundleService  - Saving FXGL system data
16:15:43.615 [JavaFX Application Thread] DEBUG FileSystemAccess     - Writing to: C:\Users\Owner\Desktop\Sonic-rush\system\fxgl.bundle
16:15:43.630 [JavaFX Application Thread] DEBUG Async                - Shutting down background threads
16:15:43.639 [JavaFX Application Thread] DEBUG PrimaryStageWindow   - Closing main window
16:15:43.701 [JavaFX Application Thread] DEBUG Logger               - Closing Logger
