20:54:25.527 [main                     ] DEBUG Logger               - Configured Logger
20:54:25.550 [main                     ] DEBUG GameApplication      - Logging settings
Title: Server
Version: 0.0
Width: 800
Height: 500
Fullscreen: false
Intro: false
Profiling: false
Single step:false
App Mode: DEVELOPER
Menu Key: ESCAPE
Stage Style: DECORATED
Scene Factory: class com.almasb.fxgl.app.scene.SceneFactory

20:54:25.948 [JavaFX Application Thread] DEBUG FXGLApplication      - Initializing FXGL
20:54:25.952 [JavaFX Application Thread] INFO  Engine               - FXGL-17.3 (30.03.2023 11.49) on WINDOWS (J:21.0.2 FX:20)
20:54:25.953 [JavaFX Application Thread] DEBUG Engine               - JRE Vendor Name: Oracle Corporation
20:54:25.953 [JavaFX Application Thread] DEBUG Engine               - Running on OS: Windows 10 version 10.0
20:54:25.953 [JavaFX Application Thread] DEBUG Engine               - Architecture: amd64
20:54:25.953 [JavaFX Application Thread] INFO  Engine               - Source code and latest versions at: https://github.com/AlmasB/FXGL
20:54:25.954 [JavaFX Application Thread] INFO  Engine               -       Ask questions and discuss at: https://github.com/AlmasB/FXGL/discussions
20:54:25.954 [JavaFX Application Thread] INFO  Engine               -              Join the FXGL chat at: https://gitter.im/AlmasB/FXGL
20:54:26.084 [JavaFX Application Thread] DEBUG PrimaryStageWindow   - Creating a JavaFX scene
20:54:26.146 [JavaFX Application Thread] DEBUG PrimaryStageWindow   - Target settings size: 800.0 x 500.0
20:54:26.146 [JavaFX Application Thread] DEBUG PrimaryStageWindow   - Scaled scene size:    800.0 x 500.0
20:54:26.147 [JavaFX Application Thread] DEBUG PrimaryStageWindow   - Scaled ratio: (1.0, 1.0)
20:54:26.148 [JavaFX Application Thread] DEBUG PrimaryStageWindow   - Set initial scene to FXGLStartupScene
20:54:26.151 [JavaFX Application Thread] DEBUG PrimaryStageWindow   - Opening main window
20:54:26.239 [JavaFX Application Thread] DEBUG PrimaryStageWindow   - Window border size: (16.0, 39.0)
20:54:26.239 [JavaFX Application Thread] DEBUG PrimaryStageWindow   - Scaled size: 800.0 x 500.0
20:54:26.239 [JavaFX Application Thread] DEBUG PrimaryStageWindow   - Scaled ratio: (1.0, 1.0)
20:54:26.240 [JavaFX Application Thread] DEBUG PrimaryStageWindow   - Scene size: 800.0 x 500.0
20:54:26.240 [JavaFX Application Thread] DEBUG PrimaryStageWindow   - Stage size: 816.0 x 539.0
20:54:26.253 [FXGL Background Thread 1 ] DEBUG Engine               - Initializing environment variables
20:54:26.317 [FXGL Background Thread 1 ] DEBUG FXGLAssetLoaderServi - User app class for loading assets: class Runner.ServerRunner
20:54:26.318 [FXGL Background Thread 1 ] DEBUG GameApplicationServi - Applying CSS: fxgl_dark.css
20:54:26.319 [FXGL Background Thread 1 ] DEBUG FXGLAssetLoaderServi - Loading from file system: jar:file:/C:/Users/User/.m2/repository/com/github/almasb/fxgl/17.3/fxgl-17.3.jar!/fxglassets/ui/css/fxgl_dark.css
20:54:26.404 [FXGL Background Thread 1 ] DEBUG GameApplicationServi - Initializing application scenes
20:54:26.572 [FXGL Background Thread 1 ] DEBUG GameWorld            - Game world initialized
20:54:26.644 [FXGL Background Thread 1 ] DEBUG PhysicsWorld         - Physics world initialized: appHeight=500, physics.ppm=50,0
20:54:26.645 [FXGL Background Thread 1 ] DEBUG PhysicsWorld         - Using strategy: BRUTE_FORCE
20:54:26.650 [FXGL Background Thread 1 ] DEBUG GameScene            - Game scene initialized: 800x500
20:54:26.667 [FXGL Background Thread 1 ] WARN  FXGL.DefaultMenu     - FXGLDefaultMenu is not designed for resolutions < 800x600
20:54:26.671 [FXGL Background Thread 1 ] DEBUG FXGL.DefaultMenu     - createMenuBodyGameMenu()
20:54:26.698 [FXGL Background Thread 1 ] DEBUG FXGL.DefaultMenu     - createOptionsMenu()
20:54:26.722 [FXGL Background Thread 1 ] DEBUG FXGLAssetLoaderServi - Loading from file system: jar:file:/C:/Users/User/.m2/repository/com/github/almasb/fxgl/17.3/fxgl-17.3.jar!/fxglassets/textures/particles/smoke.png
20:54:26.872 [FXGL Background Thread 1 ] DEBUG FXGLAssetLoaderServi - Loading from file system: jar:file:/C:/Users/User/.m2/repository/com/github/almasb/fxgl/17.3/fxgl-17.3.jar!/fxglassets/textures/particles/trace_horizontal.png
20:54:26.916 [FXGL Background Thread 1 ] DEBUG GameApplicationServi - Application scenes initialized
20:54:26.933 [FXGL Background Thread 1 ] DEBUG SystemBundleService  - Loading FXGL system data
20:54:26.941 [FXGL Background Thread 1 ] DEBUG FileSystemAccess     - Reading from: C:\Users\User\Documents\Millan.Luis\UNEG\Semestre IV\Tecnicas de Prog. III\Sonic-rush\system\fxgl.bundle
20:54:26.953 [FXGL Background Thread 1 ] DEBUG SystemBundleService  - Bundle FXGL: {}
20:54:26.954 [FXGL Background Thread 1 ] DEBUG UpdaterService       - Checking for updates
20:54:26.960 [FXGL Background Thread 1 ] DEBUG FXGLApplication      - Loading default localization
20:54:26.961 [FXGL Background Thread 1 ] DEBUG FXGLAssetLoaderServi - Loading from file system: jar:file:/C:/Users/User/.m2/repository/com/github/almasb/fxgl/17.3/fxgl-17.3.jar!/fxglassets/languages/english.lang
20:54:26.967 [FXGL Background Thread 4 ] DEBUG FXGLApplication      - Loading fonts
20:54:26.970 [FXGL Background Thread 4 ] DEBUG FXGLAssetLoaderServi - Loading from file system: jar:file:/C:/Users/User/.m2/repository/com/github/almasb/fxgl/17.3/fxgl-17.3.jar!/fxglassets/ui/fonts/VarelaRound-Regular.ttf
20:54:26.998 [FXGL Background Thread 1 ] INFO  FXGLApplication      - FXGL initialization took: 0,744 sec
20:54:27.003 [JavaFX Application Thread] DEBUG FXGLAssetLoaderServi - Loading from file system: jar:file:/C:/Users/User/.m2/repository/com/github/almasb/fxgl/17.3/fxgl-17.3.jar!/fxglassets/textures/fxgl_icon.png
20:54:27.043 [JavaFX Application Thread] DEBUG FXGLAssetLoaderServi - Loading from file system: jar:file:/C:/Users/User/.m2/repository/com/github/almasb/fxgl/17.3/fxgl-17.3.jar!/fxglassets/textures/fxgl_default_cursor.png
20:54:27.082 [JavaFX Application Thread] DEBUG Input                - Registered new binding: Screenshot - CTRL+8
20:54:27.083 [FXGL Background Thread 4 ] DEBUG FXGLAssetLoaderServi - Loading from file system: jar:file:/C:/Users/User/.m2/repository/com/github/almasb/fxgl/17.3/fxgl-17.3.jar!/fxglassets/ui/fonts/Abel-Regular.ttf
20:54:27.085 [JavaFX Application Thread] DEBUG Input                - Registered new binding: System info dump - CTRL+9
20:54:27.089 [JavaFX Application Thread] DEBUG Input                - Registered new binding: Restart - CTRL+R
20:54:27.090 [JavaFX Application Thread] DEBUG Input                - Registered new binding: Toggle Debug Camera - CTRL+7
20:54:27.095 [FXGL Background Thread 4 ] DEBUG FXGLAssetLoaderServi - Loading from file system: jar:file:/C:/Users/User/.m2/repository/com/github/almasb/fxgl/17.3/fxgl-17.3.jar!/fxglassets/ui/fonts/TerminalLandMono-Regular.otf
20:54:27.096 [JavaFX Application Thread] DEBUG LoopRunner           - Starting loop
20:54:27.096 [JavaFX Application Thread] DEBUG LoopRunner           - Initializing JavaFX AnimationTimerLoop
20:54:27.098 [JavaFX Application Thread] DEBUG GameApplicationServi - Starting new game
20:54:27.099 [JavaFX Application Thread] DEBUG Input                - Clearing active input actions
20:54:27.100 [FXGL Background Thread 4 ] DEBUG FXGLAssetLoaderServi - Loading from file system: jar:file:/C:/Users/User/.m2/repository/com/github/almasb/fxgl/17.3/fxgl-17.3.jar!/fxglassets/ui/fonts/Courier-Prime.ttf
20:54:27.126 [JavaFX Application Thread] DEBUG GameApplicationServi - Removing overlay from FXGLStartupScene and adding to FXGLLoadingScene
20:54:27.126 [JavaFX Application Thread] DEBUG PrimaryStageWindow   - FXGLStartupScene -> FXGLLoadingScene
20:54:27.127 [JavaFX Application Thread] DEBUG GameApplicationServi - Clearing previous game
20:54:27.127 [JavaFX Application Thread] DEBUG GameScene            - Clearing game scene
20:54:27.127 [JavaFX Application Thread] DEBUG GameWorld            - Clearing game world
20:54:27.127 [JavaFX Application Thread] DEBUG PhysicsWorld         - Clearing physics world
20:54:27.129 [FXGL Background Thread 4 ] DEBUG FXGLApplication      - Initializing game
20:54:27.183 [ServerAsyncConnThread    ] DEBUG TCPServer            - Starting to listen at: 55555 type: class com.almasb.fxgl.core.serialization.Bundle
20:54:27.192 [JavaFX Application Thread] DEBUG FXGLApplication      - Registering font factories with UI factory
20:54:27.337 [FXGL Background Thread 4 ] DEBUG TMXLevelLoader       - Parsed TiledMap: file:/C:/Users/User/Documents/Millan.Luis/UNEG/Semestre%20IV/Tecnicas%20de%20Prog.%20III/Sonic-rush/target/classes/assets/levels/mapazo.tmx
20:54:27.339 [FXGL Background Thread 4 ] DEBUG TMXLevelLoader       - Creating tile layer entities
20:54:27.341 [FXGL Background Thread 4 ] DEBUG TilesetLoader        - Loading view for layer Capa de patrones 1
20:54:27.346 [FXGL Background Thread 4 ] DEBUG TilesetLoader        - Created buffer with size 3840.0x720.0
20:54:27.402 [FXGL Background Thread 4 ] DEBUG TMXLevelLoader       - Creating object layer entities
20:54:27.434 [FXGL Background Thread 4 ] DEBUG GameWorld            - Clearing removable entities
20:54:27.436 [FXGL Background Thread 4 ] DEBUG GameWorld            - Setting level: com.almasb.fxgl.entity.level.Level@7bd616b8
20:54:27.450 [FXGL Background Thread 4 ] DEBUG FXGLAssetLoaderServi - Loading from file system: file:/C:/Users/User/Documents/Millan.Luis/UNEG/Semestre%20IV/Tecnicas%20de%20Prog.%20III/Sonic-rush/target/classes/assets/textures/Items/ring.png
20:54:27.525 [FXGL Background Thread 4 ] DEBUG FXGLAssetLoaderServi - Loading from file system: file:/C:/Users/User/Documents/Millan.Luis/UNEG/Semestre%20IV/Tecnicas%20de%20Prog.%20III/Sonic-rush/target/classes/assets/textures/Enemigos/enemigo.png
20:54:27.595 [FXGL Background Thread 4 ] DEBUG FXGLAssetLoaderServi - Loading from file system: file:/C:/Users/User/Documents/Millan.Luis/UNEG/Semestre%20IV/Tecnicas%20de%20Prog.%20III/Sonic-rush/target/classes/assets/textures/Items/caucho.png
20:54:27.600 [FXGL Background Thread 4 ] DEBUG FXGLAssetLoaderServi - Loading from file system: file:/C:/Users/User/Documents/Millan.Luis/UNEG/Semestre%20IV/Tecnicas%20de%20Prog.%20III/Sonic-rush/target/classes/assets/textures/Items/basura.png
20:54:27.603 [FXGL Background Thread 4 ] DEBUG FXGLAssetLoaderServi - Loading from file system: file:/C:/Users/User/Documents/Millan.Luis/UNEG/Semestre%20IV/Tecnicas%20de%20Prog.%20III/Sonic-rush/target/classes/assets/textures/Items/papel.png
20:54:27.615 [FXGL Background Thread 4 ] INFO  FXGLApplication      - Game initialization took: 0,487 sec
20:54:27.621 [JavaFX Application Thread] DEBUG Input                - Clearing active input actions
20:54:27.638 [JavaFX Application Thread] DEBUG GameApplicationServi - Removing overlay from FXGLLoadingScene and adding to GameScene
20:54:27.638 [JavaFX Application Thread] DEBUG PrimaryStageWindow   - FXGLLoadingScene -> GameScene
20:54:27.959 [FXGL Background Thread 2 ] INFO  UpdaterService       - Your current version:  17.3
20:54:27.960 [FXGL Background Thread 2 ] INFO  UpdaterService       - Latest stable version: 21.1
20:54:29.957 [FXGL Background Thread 3 ] DEBUG Engine               - Logging environment variables
20:54:29.960 [FXGL Background Thread 3 ] DEBUG Engine               - achievements: []
20:54:29.961 [FXGL Background Thread 3 ] DEBUG Engine               - actualHeight: 500.0
20:54:29.961 [FXGL Background Thread 3 ] DEBUG Engine               - actualHeightProperty: ReadOnlyDoubleProperty [value: 500.0]
20:54:29.961 [FXGL Background Thread 3 ] DEBUG Engine               - actualWidth: 800.0
20:54:29.961 [FXGL Background Thread 3 ] DEBUG Engine               - actualWidthProperty: ReadOnlyDoubleProperty [value: 800.0]
20:54:29.961 [FXGL Background Thread 3 ] DEBUG Engine               - appIcon: fxgl_icon.png
20:54:29.961 [FXGL Background Thread 3 ] DEBUG Engine               - applicationMode: DEVELOPER
20:54:29.961 [FXGL Background Thread 3 ] DEBUG Engine               - cSSList: [fxgl_dark.css]
20:54:29.961 [FXGL Background Thread 3 ] DEBUG Engine               - collisionDetectionStrategy: BRUTE_FORCE
20:54:29.961 [FXGL Background Thread 3 ] DEBUG Engine               - configClass: Optional.empty
20:54:29.961 [FXGL Background Thread 3 ] DEBUG Engine               - credits: []
20:54:29.962 [FXGL Background Thread 3 ] DEBUG Engine               - defaultCursor: CursorInfo(imageName=fxgl_default_cursor.png, hotspotX=7.0, hotspotY=6.0)
20:54:29.962 [FXGL Background Thread 3 ] DEBUG Engine               - devBBoxColorProperty: ObjectProperty [value: 0xff0000ff]
20:54:29.962 [FXGL Background Thread 3 ] DEBUG Engine               - devEnableDebugCameraProperty: BooleanProperty [value: false]
20:54:29.962 [FXGL Background Thread 3 ] DEBUG Engine               - devSensorColorProperty: ObjectProperty [value: 0xffff00ff]
20:54:29.962 [FXGL Background Thread 3 ] DEBUG Engine               - devShowBBoxProperty: BooleanProperty [value: false]
20:54:29.962 [FXGL Background Thread 3 ] DEBUG Engine               - devShowPositionProperty: BooleanProperty [value: false]
20:54:29.962 [FXGL Background Thread 3 ] DEBUG Engine               - enabledMenuItems: []
20:54:29.962 [FXGL Background Thread 3 ] DEBUG Engine               - engineServices: [class com.almasb.fxgl.app.services.FXGLAssetLoaderService, class com.almasb.fxgl.app.FXGLApplication$GameApplicationService, class com.almasb.fxgl.app.services.FXGLDialogService, class com.almasb.fxgl.app.services.IOTaskExecutorService, class com.almasb.fxgl.io.FileSystemService, class com.almasb.fxgl.localization.LocalizationService, class com.almasb.fxgl.app.services.SystemBundleService, class com.almasb.fxgl.profile.SaveLoadService, class com.almasb.fxgl.ui.FXGLUIFactoryServiceProvider, class com.almasb.fxgl.ui.FXGLDialogFactoryServiceProvider, class com.almasb.fxgl.audio.AudioPlayer, class com.almasb.fxgl.notification.impl.NotificationServiceProvider, class com.almasb.fxgl.achievement.AchievementService, class com.almasb.fxgl.cutscene.CutsceneService, class com.almasb.fxgl.minigames.MiniGameService, class com.almasb.fxgl.net.NetService, class com.almasb.fxgl.app.services.UpdaterService, class com.almasb.fxgl.dev.DevService, class com.almasb.fxgl.multiplayer.MultiplayerService]
20:54:29.962 [FXGL Background Thread 3 ] DEBUG Engine               - fontGame: Abel-Regular.ttf
20:54:29.962 [FXGL Background Thread 3 ] DEBUG Engine               - fontMono: TerminalLandMono-Regular.otf
20:54:29.962 [FXGL Background Thread 3 ] DEBUG Engine               - fontSizeScaleUI: 1.0
20:54:29.962 [FXGL Background Thread 3 ] DEBUG Engine               - fontText: Courier-Prime.ttf
20:54:29.962 [FXGL Background Thread 3 ] DEBUG Engine               - fontUI: VarelaRound-Regular.ttf
20:54:29.962 [FXGL Background Thread 3 ] DEBUG Engine               - fullScreen: BooleanProperty [value: false]
20:54:29.962 [FXGL Background Thread 3 ] DEBUG Engine               - gameDifficulty: MEDIUM
20:54:29.962 [FXGL Background Thread 3 ] DEBUG Engine               - gameDifficultyProperty: ObjectProperty [value: MEDIUM]
20:54:29.963 [FXGL Background Thread 3 ] DEBUG Engine               - globalMusicVolume: 0.5
20:54:29.963 [FXGL Background Thread 3 ] DEBUG Engine               - globalMusicVolumeProperty: DoubleProperty [value: 0.5]
20:54:29.963 [FXGL Background Thread 3 ] DEBUG Engine               - globalSoundVolume: 0.5
20:54:29.963 [FXGL Background Thread 3 ] DEBUG Engine               - globalSoundVolumeProperty: DoubleProperty [value: 0.5]
20:54:29.963 [FXGL Background Thread 3 ] DEBUG Engine               - height: 500
20:54:29.963 [FXGL Background Thread 3 ] DEBUG Engine               - is3D: false
20:54:29.963 [FXGL Background Thread 3 ] DEBUG Engine               - isAndroid: false
20:54:29.963 [FXGL Background Thread 3 ] DEBUG Engine               - isBrowser: false
20:54:29.963 [FXGL Background Thread 3 ] DEBUG Engine               - isClickFeedbackEnabled: false
20:54:29.963 [FXGL Background Thread 3 ] DEBUG Engine               - isCloseConfirmation: false
20:54:29.963 [FXGL Background Thread 3 ] DEBUG Engine               - isDesktop: true
20:54:29.963 [FXGL Background Thread 3 ] DEBUG Engine               - isDeveloperMenuEnabled: false
20:54:29.963 [FXGL Background Thread 3 ] DEBUG Engine               - isEmbedded: false
20:54:29.963 [FXGL Background Thread 3 ] DEBUG Engine               - isEntityPreloadEnabled: true
20:54:29.963 [FXGL Background Thread 3 ] DEBUG Engine               - isExperimentalTiledLargeMap: false
20:54:29.963 [FXGL Background Thread 3 ] DEBUG Engine               - isFileSystemWriteAllowed: true
20:54:29.963 [FXGL Background Thread 3 ] DEBUG Engine               - isFullScreenAllowed: false
20:54:29.964 [FXGL Background Thread 3 ] DEBUG Engine               - isFullScreenFromStart: false
20:54:29.964 [FXGL Background Thread 3 ] DEBUG Engine               - isGameMenuEnabled: true
20:54:29.964 [FXGL Background Thread 3 ] DEBUG Engine               - isIOS: false
20:54:29.964 [FXGL Background Thread 3 ] DEBUG Engine               - isIntroEnabled: false
20:54:29.965 [FXGL Background Thread 3 ] DEBUG Engine               - isLinux: false
20:54:29.965 [FXGL Background Thread 3 ] DEBUG Engine               - isMac: false
20:54:29.965 [FXGL Background Thread 3 ] DEBUG Engine               - isMainMenuEnabled: false
20:54:29.965 [FXGL Background Thread 3 ] DEBUG Engine               - isManualResizeEnabled: false
20:54:29.965 [FXGL Background Thread 3 ] DEBUG Engine               - isMobile: false
20:54:29.965 [FXGL Background Thread 3 ] DEBUG Engine               - isNative: false
20:54:29.965 [FXGL Background Thread 3 ] DEBUG Engine               - isPauseMusicWhenMinimized: true
20:54:29.965 [FXGL Background Thread 3 ] DEBUG Engine               - isPreserveResizeRatio: false
20:54:29.965 [FXGL Background Thread 3 ] DEBUG Engine               - isProfilingEnabled: false
20:54:29.965 [FXGL Background Thread 3 ] DEBUG Engine               - isScaleAffectedOnResize: true
20:54:29.965 [FXGL Background Thread 3 ] DEBUG Engine               - isSingleStep: false
20:54:29.965 [FXGL Background Thread 3 ] DEBUG Engine               - isUserProfileEnabled: false
20:54:29.966 [FXGL Background Thread 3 ] DEBUG Engine               - isWindows: true
20:54:29.966 [FXGL Background Thread 3 ] DEBUG Engine               - language: ObjectProperty [value: ENGLISH]
20:54:29.966 [FXGL Background Thread 3 ] DEBUG Engine               - menuKey: ESCAPE
20:54:29.966 [FXGL Background Thread 3 ] DEBUG Engine               - mouseSensitivity: 0.2
20:54:29.966 [FXGL Background Thread 3 ] DEBUG Engine               - notificationViewClass: class com.almasb.fxgl.notification.view.XboxNotificationView
20:54:29.966 [FXGL Background Thread 3 ] DEBUG Engine               - pixelsPerMeter: 50.0
20:54:29.966 [FXGL Background Thread 3 ] DEBUG Engine               - platform: WINDOWS
20:54:29.966 [FXGL Background Thread 3 ] DEBUG Engine               - prefHeightProperty: ReadOnlyDoubleProperty [value: 500.0]
20:54:29.966 [FXGL Background Thread 3 ] DEBUG Engine               - prefWidthProperty: ReadOnlyDoubleProperty [value: 800.0]
20:54:29.966 [FXGL Background Thread 3 ] DEBUG Engine               - profileDir: profiles/
20:54:29.966 [FXGL Background Thread 3 ] DEBUG Engine               - profileName: StringProperty [value: DEFAULT]
20:54:29.966 [FXGL Background Thread 3 ] DEBUG Engine               - randomSeed: -1
20:54:29.967 [FXGL Background Thread 3 ] DEBUG Engine               - runtimeInfo: RuntimeInfo(platform=WINDOWS, version=17.3, build=30.03.2023 11.49)
20:54:29.967 [FXGL Background Thread 3 ] DEBUG Engine               - saveFileExt: sav
20:54:29.967 [FXGL Background Thread 3 ] DEBUG Engine               - scaledHeightProp$fxgl: DoubleProperty [bound, value: 500.0]
20:54:29.967 [FXGL Background Thread 3 ] DEBUG Engine               - scaledWidthProp$fxgl: DoubleProperty [bound, value: 800.0]
20:54:29.967 [FXGL Background Thread 3 ] DEBUG Engine               - sceneFactory: com.almasb.fxgl.app.scene.SceneFactory@517e02be
20:54:29.967 [FXGL Background Thread 3 ] DEBUG Engine               - secondsIn24h: 60
20:54:29.967 [FXGL Background Thread 3 ] DEBUG Engine               - soundMenuBack: menu/back.wav
20:54:29.967 [FXGL Background Thread 3 ] DEBUG Engine               - soundMenuPress: menu/press.wav
20:54:29.967 [FXGL Background Thread 3 ] DEBUG Engine               - soundMenuSelect: menu/select.wav
20:54:29.967 [FXGL Background Thread 3 ] DEBUG Engine               - soundNotification: core/notification.wav
20:54:29.967 [FXGL Background Thread 3 ] DEBUG Engine               - stageStyle: DECORATED
20:54:29.967 [FXGL Background Thread 3 ] DEBUG Engine               - supportedLanguages: [ENGLISH, FRENCH, GERMAN, HUNGARIAN, RUSSIAN]
20:54:29.968 [FXGL Background Thread 3 ] DEBUG Engine               - ticksPerSecond: -1
20:54:29.968 [FXGL Background Thread 3 ] DEBUG Engine               - title: Server
20:54:29.968 [FXGL Background Thread 3 ] DEBUG Engine               - urlGithub: https://github.com/AlmasB/FXGL
20:54:29.968 [FXGL Background Thread 3 ] DEBUG Engine               - urlLeaderboard: http://fxgl-top.herokuapp.com/
20:54:29.968 [FXGL Background Thread 3 ] DEBUG Engine               - urlPOM: https://raw.githubusercontent.com/AlmasB/FXGL/release/README.md
20:54:29.968 [FXGL Background Thread 3 ] DEBUG Engine               - userAppClass: class Runner.ServerRunner
20:54:29.968 [FXGL Background Thread 3 ] DEBUG Engine               - version: 0.0
20:54:29.968 [FXGL Background Thread 3 ] DEBUG Engine               - versionCheckDays: 7
20:54:29.969 [FXGL Background Thread 3 ] DEBUG Engine               - width: 800
20:54:29.969 [FXGL Background Thread 3 ] DEBUG Engine               - Logging services
20:54:29.969 [FXGL Background Thread 3 ] DEBUG Engine               - class com.almasb.fxgl.app.services.FXGLAssetLoaderService
20:54:29.969 [FXGL Background Thread 3 ] DEBUG Engine               - class com.almasb.fxgl.app.FXGLApplication$GameApplicationService
20:54:29.969 [FXGL Background Thread 3 ] DEBUG Engine               - class com.almasb.fxgl.app.services.FXGLDialogService
20:54:29.969 [FXGL Background Thread 3 ] DEBUG Engine               - class com.almasb.fxgl.app.services.IOTaskExecutorService
20:54:29.969 [FXGL Background Thread 3 ] DEBUG Engine               - class com.almasb.fxgl.io.FileSystemService
20:54:29.969 [FXGL Background Thread 3 ] DEBUG Engine               - class com.almasb.fxgl.localization.LocalizationService
20:54:29.969 [FXGL Background Thread 3 ] DEBUG Engine               - class com.almasb.fxgl.app.services.SystemBundleService
20:54:29.969 [FXGL Background Thread 3 ] DEBUG Engine               - class com.almasb.fxgl.profile.SaveLoadService
20:54:29.969 [FXGL Background Thread 3 ] DEBUG Engine               - class com.almasb.fxgl.ui.FXGLUIFactoryServiceProvider
20:54:29.969 [FXGL Background Thread 3 ] DEBUG Engine               - class com.almasb.fxgl.ui.FXGLDialogFactoryServiceProvider
20:54:29.969 [FXGL Background Thread 3 ] DEBUG Engine               - class com.almasb.fxgl.audio.AudioPlayer
20:54:29.969 [FXGL Background Thread 3 ] DEBUG Engine               - class com.almasb.fxgl.notification.impl.NotificationServiceProvider
20:54:29.969 [FXGL Background Thread 3 ] DEBUG Engine               - class com.almasb.fxgl.achievement.AchievementService
20:54:29.969 [FXGL Background Thread 3 ] DEBUG Engine               - class com.almasb.fxgl.cutscene.CutsceneService
20:54:29.969 [FXGL Background Thread 3 ] DEBUG Engine               - class com.almasb.fxgl.minigames.MiniGameService
20:54:29.969 [FXGL Background Thread 3 ] DEBUG Engine               - class com.almasb.fxgl.net.NetService
20:54:29.970 [FXGL Background Thread 3 ] DEBUG Engine               - class com.almasb.fxgl.app.services.UpdaterService
20:54:29.970 [FXGL Background Thread 3 ] DEBUG Engine               - class com.almasb.fxgl.dev.DevService
20:54:29.970 [FXGL Background Thread 3 ] DEBUG Engine               - class com.almasb.fxgl.multiplayer.MultiplayerService
20:54:35.742 [ServerAsyncConnThread    ] DEBUG Endpoint             - TCPServer opening new connection (1) from /127.0.0.1:62967 type: class com.almasb.fxgl.core.serialization.Bundle
20:54:35.745 [ServerAsyncConnThread    ] DEBUG Endpoint             - TCPServer successfully opened connection (1)
20:54:35.762 [TCPServer_RecvThread-1   ] DEBUG Readers              - Getting TCPMessageReader for class com.almasb.fxgl.core.serialization.Bundle
20:54:35.764 [TCPServer_RecvThread-1   ] DEBUG Readers              - Constructed MessageReader for class com.almasb.fxgl.core.serialization.Bundle: BundleTCPMessageReader
20:54:35.764 [TCPServer_SendThread-1   ] DEBUG Writers              - Constructed TCPMessageWriter for class com.almasb.fxgl.core.serialization.Bundle: BundleTCPMessageWriter
20:54:44.038 [TCPServer_RecvThread-1   ] DEBUG Endpoint             - Connection 1 was unexpectedly disconnected: Connection reset
20:54:44.039 [TCPServer_RecvThread-1   ] DEBUG Connection           - Closing connection 1
20:54:44.040 [TCPServer_RecvThread-1   ] DEBUG Connection           - Connection 1 was correctly closed from local endpoint.
20:54:44.040 [TCPServer_RecvThread-1   ] DEBUG Endpoint             - TCPServer connection (1) was closed
20:54:45.936 [JavaFX Application Thread] DEBUG FXGLApplication      - Exiting FXGL
20:54:45.936 [JavaFX Application Thread] DEBUG LoopRunner           - Stopping loop
20:54:45.936 [JavaFX Application Thread] DEBUG SystemBundleService  - Saving FXGL system data
20:54:45.938 [JavaFX Application Thread] DEBUG FileSystemAccess     - Writing to: C:\Users\User\Documents\Millan.Luis\UNEG\Semestre IV\Tecnicas de Prog. III\Sonic-rush\system\fxgl.bundle
20:54:45.938 [JavaFX Application Thread] DEBUG Async                - Shutting down background threads
20:54:45.938 [JavaFX Application Thread] DEBUG PrimaryStageWindow   - Closing main window
20:54:45.961 [JavaFX Application Thread] DEBUG Logger               - Closing Logger
