20:18:28.530 [main                     ] DEBUG Logger               - Configured Logger
20:18:28.650 [main                     ] DEBUG GameApplication      - Logging settings
Title: Jugador Sonic
Version: 0.0
Width: 1000
Height: 600
Fullscreen: false
Intro: false
Profiling: false
Single step:false
App Mode: DEVELOPER
Menu Key: ESCAPE
Stage Style: DECORATED
Scene Factory: class com.almasb.fxgl.app.scene.SceneFactory

20:18:29.453 [JavaFX Application Thread] DEBUG FXGLApplication      - Initializing FXGL
20:18:29.464 [JavaFX Application Thread] INFO  Engine               - FXGL-17.3 (30.03.2023 11.49) on WINDOWS (J:17.0.12 FX:20)
20:18:29.465 [JavaFX Application Thread] DEBUG Engine               - JRE Vendor Name: Oracle Corporation
20:18:29.465 [JavaFX Application Thread] DEBUG Engine               - Running on OS: Windows 10 version 10.0
20:18:29.465 [JavaFX Application Thread] DEBUG Engine               - Architecture: amd64
20:18:29.466 [JavaFX Application Thread] INFO  Engine               - Source code and latest versions at: https://github.com/AlmasB/FXGL
20:18:29.467 [JavaFX Application Thread] INFO  Engine               -       Ask questions and discuss at: https://github.com/AlmasB/FXGL/discussions
20:18:29.467 [JavaFX Application Thread] INFO  Engine               -              Join the FXGL chat at: https://gitter.im/AlmasB/FXGL
20:18:29.796 [JavaFX Application Thread] DEBUG PrimaryStageWindow   - Creating a JavaFX scene
20:18:29.906 [JavaFX Application Thread] DEBUG PrimaryStageWindow   - Target settings size: 1000.0 x 600.0
20:18:29.906 [JavaFX Application Thread] DEBUG PrimaryStageWindow   - Scaled scene size:    1000.0 x 600.0
20:18:29.906 [JavaFX Application Thread] DEBUG PrimaryStageWindow   - Scaled ratio: (1.0, 1.0)
20:18:29.908 [JavaFX Application Thread] DEBUG PrimaryStageWindow   - Set initial scene to FXGLStartupScene
20:18:29.916 [JavaFX Application Thread] DEBUG PrimaryStageWindow   - Opening main window
20:18:30.083 [JavaFX Application Thread] DEBUG PrimaryStageWindow   - Window border size: (14.4000244140625, 37.5999755859375)
20:18:30.083 [JavaFX Application Thread] DEBUG PrimaryStageWindow   - Scaled size: 1000.0 x 600.0
20:18:30.084 [JavaFX Application Thread] DEBUG PrimaryStageWindow   - Scaled ratio: (1.0, 1.0)
20:18:30.084 [JavaFX Application Thread] DEBUG PrimaryStageWindow   - Scene size: 1000.0 x 600.0
20:18:30.085 [JavaFX Application Thread] DEBUG PrimaryStageWindow   - Stage size: 1014.4000244140625 x 637.5999755859375
20:18:30.161 [FXGL Background Thread 1 ] DEBUG Engine               - Initializing environment variables
20:18:30.253 [FXGL Background Thread 1 ] DEBUG FXGLAssetLoaderServi - User app class for loading assets: class Runner.ClientRunner
20:18:30.254 [FXGL Background Thread 1 ] DEBUG GameApplicationServi - Applying CSS: fxgl_dark.css
20:18:30.255 [FXGL Background Thread 1 ] DEBUG FXGLAssetLoaderServi - Loading from file system: jar:file:/C:/Users/Owner/.m2/repository/com/github/almasb/fxgl/17.3/fxgl-17.3.jar!/fxglassets/ui/css/fxgl_dark.css
20:18:30.339 [FXGL Background Thread 1 ] DEBUG GameApplicationServi - Initializing application scenes
20:18:30.464 [FXGL Background Thread 1 ] DEBUG GameWorld            - Game world initialized
20:18:30.689 [FXGL Background Thread 1 ] DEBUG PhysicsWorld         - Physics world initialized: appHeight=600, physics.ppm=50.0
20:18:30.704 [FXGL Background Thread 1 ] DEBUG PhysicsWorld         - Using strategy: BRUTE_FORCE
20:18:30.722 [FXGL Background Thread 1 ] DEBUG GameScene            - Game scene initialized: 1000x600
20:18:30.789 [FXGL Background Thread 1 ] DEBUG FXGL.DefaultMenu     - createMenuBodyGameMenu()
20:18:30.909 [FXGL Background Thread 1 ] DEBUG FXGL.DefaultMenu     - createOptionsMenu()
20:18:30.983 [FXGL Background Thread 1 ] DEBUG FXGLAssetLoaderServi - Loading from file system: jar:file:/C:/Users/Owner/.m2/repository/com/github/almasb/fxgl/17.3/fxgl-17.3.jar!/fxglassets/textures/particles/smoke.png
20:18:31.605 [FXGL Background Thread 1 ] DEBUG FXGLAssetLoaderServi - Loading from file system: jar:file:/C:/Users/Owner/.m2/repository/com/github/almasb/fxgl/17.3/fxgl-17.3.jar!/fxglassets/textures/particles/trace_horizontal.png
20:18:31.716 [FXGL Background Thread 1 ] DEBUG GameApplicationServi - Application scenes initialized
20:18:31.825 [FXGL Background Thread 1 ] DEBUG SystemBundleService  - Loading FXGL system data
20:18:31.871 [FXGL Background Thread 1 ] DEBUG FileSystemAccess     - Reading from: C:\Users\Owner\Desktop\Sonic-rush\system\fxgl.bundle
20:18:31.949 [FXGL Background Thread 1 ] DEBUG SystemBundleService  - Bundle FXGL: {}
20:18:31.950 [FXGL Background Thread 1 ] DEBUG UpdaterService       - Checking for updates
20:18:31.989 [FXGL Background Thread 1 ] DEBUG FXGLApplication      - Loading default localization
20:18:31.993 [FXGL Background Thread 1 ] DEBUG FXGLAssetLoaderServi - Loading from file system: jar:file:/C:/Users/Owner/.m2/repository/com/github/almasb/fxgl/17.3/fxgl-17.3.jar!/fxglassets/languages/english.lang
20:18:32.097 [FXGL Background Thread 4 ] DEBUG FXGLApplication      - Loading fonts
20:18:32.098 [FXGL Background Thread 4 ] DEBUG FXGLAssetLoaderServi - Loading from file system: jar:file:/C:/Users/Owner/.m2/repository/com/github/almasb/fxgl/17.3/fxgl-17.3.jar!/fxglassets/ui/fonts/VarelaRound-Regular.ttf
20:18:32.125 [FXGL Background Thread 1 ] INFO  FXGLApplication      - FXGL initialization took: 1.964 sec
20:18:32.331 [JavaFX Application Thread] DEBUG Input                - Registered new binding: Mover a la izquierda - A
20:18:32.331 [JavaFX Application Thread] DEBUG Input                - Registered new binding: Mover a la derecha - D
20:18:32.332 [JavaFX Application Thread] DEBUG Input                - Registered new binding: Saltar - W
20:18:32.334 [JavaFX Application Thread] DEBUG Input                - Registered new binding: Interactuar - E
20:18:32.335 [JavaFX Application Thread] DEBUG Input                - Registered new binding: Desactivar filtro - L
20:18:32.340 [JavaFX Application Thread] DEBUG FXGLAssetLoaderServi - Loading from file system: jar:file:/C:/Users/Owner/.m2/repository/com/github/almasb/fxgl/17.3/fxgl-17.3.jar!/fxglassets/textures/fxgl_icon.png
20:18:32.462 [JavaFX Application Thread] DEBUG FXGLAssetLoaderServi - Loading from file system: jar:file:/C:/Users/Owner/.m2/repository/com/github/almasb/fxgl/17.3/fxgl-17.3.jar!/fxglassets/textures/fxgl_default_cursor.png
20:18:32.467 [JavaFX Application Thread] DEBUG Input                - Registered new binding: Screenshot - CTRL+8
20:18:32.468 [JavaFX Application Thread] DEBUG Input                - Registered new binding: System info dump - CTRL+9
20:18:32.472 [JavaFX Application Thread] DEBUG Input                - Registered new binding: Restart - CTRL+R
20:18:32.583 [JavaFX Application Thread] DEBUG Input                - Registered new binding: Toggle Debug Camera - CTRL+7
20:18:32.594 [JavaFX Application Thread] DEBUG LoopRunner           - Starting loop
20:18:32.595 [JavaFX Application Thread] DEBUG LoopRunner           - Initializing JavaFX AnimationTimerLoop
20:18:32.600 [JavaFX Application Thread] DEBUG GameApplicationServi - Starting new game
20:18:32.606 [JavaFX Application Thread] DEBUG Input                - Clearing active input actions
20:18:32.645 [JavaFX Application Thread] DEBUG GameApplicationServi - Removing overlay from FXGLStartupScene and adding to FXGLLoadingScene
20:18:32.646 [JavaFX Application Thread] DEBUG PrimaryStageWindow   - FXGLStartupScene -> FXGLLoadingScene
20:18:32.646 [JavaFX Application Thread] DEBUG GameApplicationServi - Clearing previous game
20:18:32.646 [JavaFX Application Thread] DEBUG GameScene            - Clearing game scene
20:18:32.646 [JavaFX Application Thread] DEBUG GameWorld            - Clearing game world
20:18:32.647 [JavaFX Application Thread] DEBUG PhysicsWorld         - Clearing physics world
20:18:32.649 [FXGL Background Thread 1 ] DEBUG FXGLApplication      - Initializing game
20:18:32.672 [FXGL Background Thread 1 ] DEBUG FXGLAssetLoaderServi - Loading from file system: file:/C:/Users/Owner/Desktop/Sonic-rush/target/classes/assets/music/OST2.mp3
20:18:33.620 [FXGL Background Thread 4 ] DEBUG FXGLAssetLoaderServi - Loading from file system: jar:file:/C:/Users/Owner/.m2/repository/com/github/almasb/fxgl/17.3/fxgl-17.3.jar!/fxglassets/ui/fonts/Abel-Regular.ttf
20:18:33.638 [FXGL Background Thread 4 ] DEBUG FXGLAssetLoaderServi - Loading from file system: jar:file:/C:/Users/Owner/.m2/repository/com/github/almasb/fxgl/17.3/fxgl-17.3.jar!/fxglassets/ui/fonts/TerminalLandMono-Regular.otf
20:18:33.648 [FXGL Background Thread 4 ] DEBUG FXGLAssetLoaderServi - Loading from file system: jar:file:/C:/Users/Owner/.m2/repository/com/github/almasb/fxgl/17.3/fxgl-17.3.jar!/fxglassets/ui/fonts/Courier-Prime.ttf
20:18:33.677 [JavaFX Application Thread] DEBUG FXGLApplication      - Registering font factories with UI factory
20:18:33.985 [FXGL Background Thread 1 ] DEBUG AudioPlayer          - Playing music com.almasb.fxgl.audio.Music@56feecee
20:18:34.100 [FXGL Background Thread 1 ] INFO  FXGLApplication      - Game initialization took: 1.450 sec
20:18:34.154 [JavaFX Application Thread] DEBUG Input                - Clearing active input actions
20:18:34.207 [JavaFX Application Thread] DEBUG GameApplicationServi - Removing overlay from FXGLLoadingScene and adding to GameScene
20:18:34.208 [JavaFX Application Thread] DEBUG PrimaryStageWindow   - FXGLLoadingScene -> GameScene
20:18:34.586 [FXGL Background Thread 2 ] INFO  UpdaterService       - Your current version:  17.3
20:18:34.599 [FXGL Background Thread 2 ] INFO  UpdaterService       - Latest stable version: 21.1
20:18:34.976 [FXGL Background Thread 3 ] DEBUG Engine               - Logging environment variables
20:18:34.978 [FXGL Background Thread 3 ] DEBUG Engine               - achievements: []
20:18:34.978 [FXGL Background Thread 3 ] DEBUG Engine               - actualHeight: 600.0
20:18:34.978 [FXGL Background Thread 3 ] DEBUG Engine               - actualHeightProperty: ReadOnlyDoubleProperty [value: 600.0]
20:18:34.979 [FXGL Background Thread 3 ] DEBUG Engine               - actualWidth: 1000.0
20:18:34.979 [FXGL Background Thread 3 ] DEBUG Engine               - actualWidthProperty: ReadOnlyDoubleProperty [value: 1000.0]
20:18:34.979 [FXGL Background Thread 3 ] DEBUG Engine               - appIcon: fxgl_icon.png
20:18:34.979 [FXGL Background Thread 3 ] DEBUG Engine               - applicationMode: DEVELOPER
20:18:34.979 [FXGL Background Thread 3 ] DEBUG Engine               - cSSList: [fxgl_dark.css]
20:18:34.982 [FXGL Background Thread 3 ] DEBUG Engine               - collisionDetectionStrategy: BRUTE_FORCE
20:18:34.983 [FXGL Background Thread 3 ] DEBUG Engine               - configClass: Optional.empty
20:18:34.984 [FXGL Background Thread 3 ] DEBUG Engine               - credits: []
20:18:34.984 [FXGL Background Thread 3 ] DEBUG Engine               - defaultCursor: CursorInfo(imageName=fxgl_default_cursor.png, hotspotX=7.0, hotspotY=6.0)
20:18:34.986 [FXGL Background Thread 3 ] DEBUG Engine               - devBBoxColorProperty: ObjectProperty [value: 0xff0000ff]
20:18:34.986 [FXGL Background Thread 3 ] DEBUG Engine               - devEnableDebugCameraProperty: BooleanProperty [value: false]
20:18:34.987 [FXGL Background Thread 3 ] DEBUG Engine               - devSensorColorProperty: ObjectProperty [value: 0xffff00ff]
20:18:34.987 [FXGL Background Thread 3 ] DEBUG Engine               - devShowBBoxProperty: BooleanProperty [value: false]
20:18:34.987 [FXGL Background Thread 3 ] DEBUG Engine               - devShowPositionProperty: BooleanProperty [value: false]
20:18:34.987 [FXGL Background Thread 3 ] DEBUG Engine               - enabledMenuItems: []
20:18:34.987 [FXGL Background Thread 3 ] DEBUG Engine               - engineServices: [class com.almasb.fxgl.app.services.FXGLAssetLoaderService, class com.almasb.fxgl.app.FXGLApplication$GameApplicationService, class com.almasb.fxgl.app.services.FXGLDialogService, class com.almasb.fxgl.app.services.IOTaskExecutorService, class com.almasb.fxgl.io.FileSystemService, class com.almasb.fxgl.localization.LocalizationService, class com.almasb.fxgl.app.services.SystemBundleService, class com.almasb.fxgl.profile.SaveLoadService, class com.almasb.fxgl.ui.FXGLUIFactoryServiceProvider, class com.almasb.fxgl.ui.FXGLDialogFactoryServiceProvider, class com.almasb.fxgl.audio.AudioPlayer, class com.almasb.fxgl.notification.impl.NotificationServiceProvider, class com.almasb.fxgl.achievement.AchievementService, class com.almasb.fxgl.cutscene.CutsceneService, class com.almasb.fxgl.minigames.MiniGameService, class com.almasb.fxgl.net.NetService, class com.almasb.fxgl.app.services.UpdaterService, class com.almasb.fxgl.dev.DevService, class com.almasb.fxgl.multiplayer.MultiplayerService]
20:18:34.987 [FXGL Background Thread 3 ] DEBUG Engine               - fontGame: Abel-Regular.ttf
20:18:34.988 [FXGL Background Thread 3 ] DEBUG Engine               - fontMono: TerminalLandMono-Regular.otf
20:18:34.988 [FXGL Background Thread 3 ] DEBUG Engine               - fontSizeScaleUI: 1.0
20:18:34.988 [FXGL Background Thread 3 ] DEBUG Engine               - fontText: Courier-Prime.ttf
20:18:34.988 [FXGL Background Thread 3 ] DEBUG Engine               - fontUI: VarelaRound-Regular.ttf
20:18:34.988 [FXGL Background Thread 3 ] DEBUG Engine               - fullScreen: BooleanProperty [value: false]
20:18:34.988 [FXGL Background Thread 3 ] DEBUG Engine               - gameDifficulty: MEDIUM
20:18:34.989 [FXGL Background Thread 3 ] DEBUG Engine               - gameDifficultyProperty: ObjectProperty [value: MEDIUM]
20:18:34.990 [FXGL Background Thread 3 ] DEBUG Engine               - globalMusicVolume: 0.5
20:18:34.998 [FXGL Background Thread 3 ] DEBUG Engine               - globalMusicVolumeProperty: DoubleProperty [value: 0.5]
20:18:34.998 [FXGL Background Thread 3 ] DEBUG Engine               - globalSoundVolume: 0.5
20:18:34.999 [FXGL Background Thread 3 ] DEBUG Engine               - globalSoundVolumeProperty: DoubleProperty [value: 0.5]
20:18:35.000 [FXGL Background Thread 3 ] DEBUG Engine               - height: 600
20:18:35.001 [FXGL Background Thread 3 ] DEBUG Engine               - is3D: false
20:18:35.002 [FXGL Background Thread 3 ] DEBUG Engine               - isAndroid: false
20:18:35.003 [FXGL Background Thread 3 ] DEBUG Engine               - isBrowser: false
20:18:35.004 [FXGL Background Thread 3 ] DEBUG Engine               - isClickFeedbackEnabled: false
20:18:35.005 [FXGL Background Thread 3 ] DEBUG Engine               - isCloseConfirmation: false
20:18:35.005 [FXGL Background Thread 3 ] DEBUG Engine               - isDesktop: true
20:18:35.006 [FXGL Background Thread 3 ] DEBUG Engine               - isDeveloperMenuEnabled: false
20:18:35.007 [FXGL Background Thread 3 ] DEBUG Engine               - isEmbedded: false
20:18:35.013 [FXGL Background Thread 3 ] DEBUG Engine               - isEntityPreloadEnabled: true
20:18:35.013 [FXGL Background Thread 3 ] DEBUG Engine               - isExperimentalTiledLargeMap: false
20:18:35.014 [FXGL Background Thread 3 ] DEBUG Engine               - isFileSystemWriteAllowed: true
20:18:35.014 [FXGL Background Thread 3 ] DEBUG Engine               - isFullScreenAllowed: false
20:18:35.014 [FXGL Background Thread 3 ] DEBUG Engine               - isFullScreenFromStart: false
20:18:35.014 [FXGL Background Thread 3 ] DEBUG Engine               - isGameMenuEnabled: true
20:18:35.015 [FXGL Background Thread 3 ] DEBUG Engine               - isIOS: false
20:18:35.015 [FXGL Background Thread 3 ] DEBUG Engine               - isIntroEnabled: false
20:18:35.015 [FXGL Background Thread 3 ] DEBUG Engine               - isLinux: false
20:18:35.016 [FXGL Background Thread 3 ] DEBUG Engine               - isMac: false
20:18:35.017 [FXGL Background Thread 3 ] DEBUG Engine               - isMainMenuEnabled: false
20:18:35.017 [FXGL Background Thread 3 ] DEBUG Engine               - isManualResizeEnabled: false
20:18:35.017 [FXGL Background Thread 3 ] DEBUG Engine               - isMobile: false
20:18:35.017 [FXGL Background Thread 3 ] DEBUG Engine               - isNative: false
20:18:35.017 [FXGL Background Thread 3 ] DEBUG Engine               - isPauseMusicWhenMinimized: true
20:18:35.017 [FXGL Background Thread 3 ] DEBUG Engine               - isPreserveResizeRatio: false
20:18:35.018 [FXGL Background Thread 3 ] DEBUG Engine               - isProfilingEnabled: false
20:18:35.018 [FXGL Background Thread 3 ] DEBUG Engine               - isScaleAffectedOnResize: true
20:18:35.018 [FXGL Background Thread 3 ] DEBUG Engine               - isSingleStep: false
20:18:35.018 [FXGL Background Thread 3 ] DEBUG Engine               - isUserProfileEnabled: false
20:18:35.018 [FXGL Background Thread 3 ] DEBUG Engine               - isWindows: true
20:18:35.018 [FXGL Background Thread 3 ] DEBUG Engine               - language: ObjectProperty [value: ENGLISH]
20:18:35.018 [FXGL Background Thread 3 ] DEBUG Engine               - menuKey: ESCAPE
20:18:35.019 [FXGL Background Thread 3 ] DEBUG Engine               - mouseSensitivity: 0.2
20:18:35.019 [FXGL Background Thread 3 ] DEBUG Engine               - notificationViewClass: class com.almasb.fxgl.notification.view.XboxNotificationView
20:18:35.019 [FXGL Background Thread 3 ] DEBUG Engine               - pixelsPerMeter: 50.0
20:18:35.019 [FXGL Background Thread 3 ] DEBUG Engine               - platform: WINDOWS
20:18:35.019 [FXGL Background Thread 3 ] DEBUG Engine               - prefHeightProperty: ReadOnlyDoubleProperty [value: 600.0]
20:18:35.019 [FXGL Background Thread 3 ] DEBUG Engine               - prefWidthProperty: ReadOnlyDoubleProperty [value: 1000.0]
20:18:35.021 [FXGL Background Thread 3 ] DEBUG Engine               - profileDir: profiles/
20:18:35.022 [FXGL Background Thread 3 ] DEBUG Engine               - profileName: StringProperty [value: DEFAULT]
20:18:35.022 [FXGL Background Thread 3 ] DEBUG Engine               - randomSeed: -1
20:18:35.024 [FXGL Background Thread 3 ] DEBUG Engine               - runtimeInfo: RuntimeInfo(platform=WINDOWS, version=17.3, build=30.03.2023 11.49)
20:18:35.024 [FXGL Background Thread 3 ] DEBUG Engine               - saveFileExt: sav
20:18:35.024 [FXGL Background Thread 3 ] DEBUG Engine               - scaledHeightProp$fxgl: DoubleProperty [bound, value: 600.0]
20:18:35.025 [FXGL Background Thread 3 ] DEBUG Engine               - scaledWidthProp$fxgl: DoubleProperty [bound, value: 1000.0]
20:18:35.027 [FXGL Background Thread 3 ] DEBUG Engine               - sceneFactory: com.almasb.fxgl.app.scene.SceneFactory@736c1dce
20:18:35.028 [FXGL Background Thread 3 ] DEBUG Engine               - secondsIn24h: 60
20:18:35.028 [FXGL Background Thread 3 ] DEBUG Engine               - soundMenuBack: menu/back.wav
20:18:35.028 [FXGL Background Thread 3 ] DEBUG Engine               - soundMenuPress: menu/press.wav
20:18:35.028 [FXGL Background Thread 3 ] DEBUG Engine               - soundMenuSelect: menu/select.wav
20:18:35.028 [FXGL Background Thread 3 ] DEBUG Engine               - soundNotification: core/notification.wav
20:18:35.029 [FXGL Background Thread 3 ] DEBUG Engine               - stageStyle: DECORATED
20:18:35.029 [FXGL Background Thread 3 ] DEBUG Engine               - supportedLanguages: [ENGLISH, FRENCH, GERMAN, HUNGARIAN, RUSSIAN]
20:18:35.029 [FXGL Background Thread 3 ] DEBUG Engine               - ticksPerSecond: -1
20:18:35.029 [FXGL Background Thread 3 ] DEBUG Engine               - title: Jugador Sonic
20:18:35.029 [FXGL Background Thread 3 ] DEBUG Engine               - urlGithub: https://github.com/AlmasB/FXGL
20:18:35.029 [FXGL Background Thread 3 ] DEBUG Engine               - urlLeaderboard: http://fxgl-top.herokuapp.com/
20:18:35.029 [FXGL Background Thread 3 ] DEBUG Engine               - urlPOM: https://raw.githubusercontent.com/AlmasB/FXGL/release/README.md
20:18:35.030 [FXGL Background Thread 3 ] DEBUG Engine               - userAppClass: class Runner.ClientRunner
20:18:35.030 [FXGL Background Thread 3 ] DEBUG Engine               - version: 0.0
20:18:35.030 [FXGL Background Thread 3 ] DEBUG Engine               - versionCheckDays: 7
20:18:35.030 [FXGL Background Thread 3 ] DEBUG Engine               - width: 1000
20:18:35.030 [FXGL Background Thread 3 ] DEBUG Engine               - Logging services
20:18:35.031 [FXGL Background Thread 3 ] DEBUG Engine               - class com.almasb.fxgl.app.services.FXGLAssetLoaderService
20:18:35.031 [FXGL Background Thread 3 ] DEBUG Engine               - class com.almasb.fxgl.app.FXGLApplication$GameApplicationService
20:18:35.031 [FXGL Background Thread 3 ] DEBUG Engine               - class com.almasb.fxgl.app.services.FXGLDialogService
20:18:35.031 [FXGL Background Thread 3 ] DEBUG Engine               - class com.almasb.fxgl.app.services.IOTaskExecutorService
20:18:35.031 [FXGL Background Thread 3 ] DEBUG Engine               - class com.almasb.fxgl.io.FileSystemService
20:18:35.031 [FXGL Background Thread 3 ] DEBUG Engine               - class com.almasb.fxgl.localization.LocalizationService
20:18:35.032 [FXGL Background Thread 3 ] DEBUG Engine               - class com.almasb.fxgl.app.services.SystemBundleService
20:18:35.034 [FXGL Background Thread 3 ] DEBUG Engine               - class com.almasb.fxgl.profile.SaveLoadService
20:18:35.035 [FXGL Background Thread 3 ] DEBUG Engine               - class com.almasb.fxgl.ui.FXGLUIFactoryServiceProvider
20:18:35.037 [FXGL Background Thread 3 ] DEBUG Engine               - class com.almasb.fxgl.ui.FXGLDialogFactoryServiceProvider
20:18:35.038 [FXGL Background Thread 3 ] DEBUG Engine               - class com.almasb.fxgl.audio.AudioPlayer
20:18:35.039 [FXGL Background Thread 3 ] DEBUG Engine               - class com.almasb.fxgl.notification.impl.NotificationServiceProvider
20:18:35.040 [FXGL Background Thread 3 ] DEBUG Engine               - class com.almasb.fxgl.achievement.AchievementService
20:18:35.040 [FXGL Background Thread 3 ] DEBUG Engine               - class com.almasb.fxgl.cutscene.CutsceneService
20:18:35.044 [FXGL Background Thread 3 ] DEBUG Engine               - class com.almasb.fxgl.minigames.MiniGameService
20:18:35.045 [FXGL Background Thread 3 ] DEBUG Engine               - class com.almasb.fxgl.net.NetService
20:18:35.046 [FXGL Background Thread 3 ] DEBUG Engine               - class com.almasb.fxgl.app.services.UpdaterService
20:18:35.047 [FXGL Background Thread 3 ] DEBUG Engine               - class com.almasb.fxgl.dev.DevService
20:18:35.047 [FXGL Background Thread 3 ] DEBUG Engine               - class com.almasb.fxgl.multiplayer.MultiplayerService
20:18:43.352 [JavaFX Application Thread] DEBUG FXGLAssetLoaderServi - Loading from file system: file:/C:/Users/Owner/Desktop/Sonic-rush/target/classes/assets/textures/fondo.png
20:18:43.982 [JavaFX Application Thread] WARN  TMXLevelLoader       - TiledMap generated from 1.11.2. Supported version: 1.9.0. Some features may not be parsed fully.
20:18:44.053 [JavaFX Application Thread] DEBUG TMXLevelLoader       - Parsed TiledMap: file:/C:/Users/Owner/Desktop/Sonic-rush/target/classes/assets/levels/mapazo.tmx
20:18:44.055 [JavaFX Application Thread] DEBUG TMXLevelLoader       - Creating tile layer entities
20:18:44.060 [JavaFX Application Thread] DEBUG TilesetLoader        - Loading view for layer Capa de patrones 1
20:18:44.073 [JavaFX Application Thread] DEBUG TilesetLoader        - Created buffer with size 3840.0x720.0
20:18:44.188 [JavaFX Application Thread] DEBUG TMXLevelLoader       - Creating object layer entities
20:18:44.342 [JavaFX Application Thread] DEBUG GameWorld            - Clearing removable entities
20:18:44.364 [JavaFX Application Thread] DEBUG GameWorld            - Setting level: com.almasb.fxgl.entity.level.Level@5e23ca53
20:18:44.451 [ClientAsyncConnThread    ] DEBUG TCPClient            - Connecting to 127.0.0.1:50000 type: class com.almasb.fxgl.core.serialization.Bundle
20:18:44.453 [ClientAsyncConnThread    ] DEBUG TCPClient            - Created socket to 127.0.0.1:50000
20:18:44.508 [ClientAsyncConnThread    ] DEBUG Endpoint             - TCPClient opening new connection (1) from /127.0.0.1:50000 type: class com.almasb.fxgl.core.serialization.Bundle
20:18:44.511 [ClientAsyncConnThread    ] DEBUG Endpoint             - TCPClient successfully opened connection (1)
20:18:44.689 [TCPClient_SendThread-1   ] DEBUG Writers              - Getting TCPMessageWriter for class com.almasb.fxgl.core.serialization.Bundle
20:18:44.696 [TCPClient_SendThread-1   ] DEBUG Writers              - Constructed TCPMessageWriter for class com.almasb.fxgl.core.serialization.Bundle: BundleTCPMessageWriter
20:18:44.773 [TCPClient_RecvThread-1   ] DEBUG Readers              - Getting TCPMessageReader for class com.almasb.fxgl.core.serialization.Bundle
20:18:44.812 [TCPClient_RecvThread-1   ] DEBUG Readers              - Constructed MessageReader for class com.almasb.fxgl.core.serialization.Bundle: BundleTCPMessageReader
20:18:45.410 [JavaFX Application Thread] DEBUG FXGLAssetLoaderServi - Loading from file system: file:/C:/Users/Owner/Desktop/Sonic-rush/target/classes/assets/textures/Items/ring.png
20:18:45.768 [JavaFX Application Thread] DEBUG FXGLAssetLoaderServi - Loading from file system: file:/C:/Users/Owner/Desktop/Sonic-rush/target/classes/assets/textures/Items/basura.png
20:18:45.788 [JavaFX Application Thread] DEBUG FXGLAssetLoaderServi - Loading from file system: file:/C:/Users/Owner/Desktop/Sonic-rush/target/classes/assets/textures/Items/caucho.png
20:18:45.855 [JavaFX Application Thread] DEBUG FXGLAssetLoaderServi - Loading from file system: file:/C:/Users/Owner/Desktop/Sonic-rush/target/classes/assets/textures/Items/papel.png
20:18:45.986 [JavaFX Application Thread] DEBUG FXGLAssetLoaderServi - Loading from file system: file:/C:/Users/Owner/Desktop/Sonic-rush/target/classes/assets/textures/Enemigos/enemigo2.png
20:18:46.285 [JavaFX Application Thread] DEBUG FXGLAssetLoaderServi - Loading from file system: file:/C:/Users/Owner/Desktop/Sonic-rush/target/classes/assets/textures/Personajes/sonic.png
20:18:46.302 [JavaFX Application Thread] DEBUG FXGLAssetLoaderServi - Loading from file system: file:/C:/Users/Owner/Desktop/Sonic-rush/target/classes/assets/textures/Personajes/sonic_camina.png
20:18:46.311 [JavaFX Application Thread] DEBUG FXGLAssetLoaderServi - Loading from file system: file:/C:/Users/Owner/Desktop/Sonic-rush/target/classes/assets/textures/Personajes/super_idle.png
20:18:46.321 [JavaFX Application Thread] DEBUG FXGLAssetLoaderServi - Loading from file system: file:/C:/Users/Owner/Desktop/Sonic-rush/target/classes/assets/textures/Personajes/super_sonic.png
20:18:48.937 [JavaFX Application Thread] DEBUG FXGLAssetLoaderServi - Loading from file system: file:/C:/Users/Owner/Desktop/Sonic-rush/target/classes/assets/sounds/salto.wav
20:19:01.554 [JavaFX Application Thread] DEBUG FXGLAssetLoaderServi - Loading from file system: file:/C:/Users/Owner/Desktop/Sonic-rush/target/classes/assets/sounds/muerte.wav
20:19:04.430 [JavaFX Application Thread] DEBUG FXGLAssetLoaderServi - Loading from file system: file:/C:/Users/Owner/Desktop/Sonic-rush/target/classes/assets/sounds/recoger.wav
20:19:06.791 [JavaFX Application Thread] DEBUG FXGLAssetLoaderServi - Loading from file system: file:/C:/Users/Owner/Desktop/Sonic-rush/target/classes/assets/sounds/perder_anillos.wav
20:19:41.240 [JavaFX Application Thread] DEBUG PrimaryStageWindow   - Push state: DialogSubScene
20:19:41.241 [JavaFX Application Thread] DEBUG Input                - Clearing active input actions
20:19:41.246 [JavaFX Application Thread] DEBUG GameApplicationServi - Removing overlay from GameScene and adding to DialogSubScene
20:19:41.250 [JavaFX Application Thread] DEBUG PrimaryStageWindow   - GameScene -> DialogSubScene
20:19:43.151 [JavaFX Application Thread] DEBUG PrimaryStageWindow   - Pop state: DialogSubScene
20:19:43.153 [JavaFX Application Thread] DEBUG Input                - Clearing active input actions
20:19:43.160 [JavaFX Application Thread] DEBUG GameApplicationServi - Removing overlay from DialogSubScene and adding to GameScene
20:19:43.163 [JavaFX Application Thread] DEBUG PrimaryStageWindow   - GameScene <- DialogSubScene
20:19:43.201 [JavaFX Application Thread] DEBUG PrimaryStageWindow   - Push state: DialogSubScene
20:19:43.203 [JavaFX Application Thread] DEBUG Input                - Clearing active input actions
20:19:43.214 [JavaFX Application Thread] DEBUG GameApplicationServi - Removing overlay from GameScene and adding to DialogSubScene
20:19:43.215 [JavaFX Application Thread] DEBUG PrimaryStageWindow   - GameScene -> DialogSubScene
20:19:51.919 [JavaFX Application Thread] DEBUG FXGLApplication      - Exiting FXGL
20:19:51.920 [JavaFX Application Thread] DEBUG LoopRunner           - Stopping loop
20:19:51.921 [JavaFX Application Thread] DEBUG SystemBundleService  - Saving FXGL system data
20:19:51.934 [JavaFX Application Thread] DEBUG FileSystemAccess     - Writing to: C:\Users\Owner\Desktop\Sonic-rush\system\fxgl.bundle
20:19:51.939 [JavaFX Application Thread] DEBUG Async                - Shutting down background threads
20:19:51.940 [JavaFX Application Thread] DEBUG PrimaryStageWindow   - Closing main window
20:19:52.020 [JavaFX Application Thread] DEBUG Logger               - Closing Logger
