23:36:29.772 [main                     ] DEBUG Logger               - Configured Logger
23:36:29.821 [main                     ] DEBUG GameApplication      - Logging settings
Title: Server
Version: 0.0
Width: 800
Height: 500
Fullscreen: false
Intro: false
Profiling: false
Single step:false
App Mode: DEVELOPER
Menu Key: ESCAPE
Stage Style: DECORATED
Scene Factory: class com.almasb.fxgl.app.scene.SceneFactory

23:36:30.548 [JavaFX Application Thread] DEBUG FXGLApplication      - Initializing FXGL
23:36:30.556 [JavaFX Application Thread] INFO  Engine               - FXGL-17.3 (30.03.2023 11.49) on WINDOWS (J:17.0.12 FX:20)
23:36:30.557 [JavaFX Application Thread] DEBUG Engine               - JRE Vendor Name: Oracle Corporation
23:36:30.557 [JavaFX Application Thread] DEBUG Engine               - Running on OS: Windows 10 version 10.0
23:36:30.557 [JavaFX Application Thread] DEBUG Engine               - Architecture: amd64
23:36:30.558 [JavaFX Application Thread] INFO  Engine               - Source code and latest versions at: https://github.com/AlmasB/FXGL
23:36:30.559 [JavaFX Application Thread] INFO  Engine               -       Ask questions and discuss at: https://github.com/AlmasB/FXGL/discussions
23:36:30.559 [JavaFX Application Thread] INFO  Engine               -              Join the FXGL chat at: https://gitter.im/AlmasB/FXGL
23:36:30.786 [JavaFX Application Thread] DEBUG PrimaryStageWindow   - Creating a JavaFX scene
23:36:30.871 [JavaFX Application Thread] DEBUG PrimaryStageWindow   - Target settings size: 800.0 x 500.0
23:36:30.872 [JavaFX Application Thread] DEBUG PrimaryStageWindow   - Scaled scene size:    800.0 x 500.0
23:36:30.872 [JavaFX Application Thread] DEBUG PrimaryStageWindow   - Scaled ratio: (1.0, 1.0)
23:36:30.873 [JavaFX Application Thread] DEBUG PrimaryStageWindow   - Set initial scene to FXGLStartupScene
23:36:30.878 [JavaFX Application Thread] DEBUG PrimaryStageWindow   - Opening main window
23:36:31.029 [JavaFX Application Thread] DEBUG PrimaryStageWindow   - Window border size: (14.4000244140625, 37.5999755859375)
23:36:31.030 [JavaFX Application Thread] DEBUG PrimaryStageWindow   - Scaled size: 800.0 x 500.0
23:36:31.031 [JavaFX Application Thread] DEBUG PrimaryStageWindow   - Scaled ratio: (1.0, 1.0)
23:36:31.032 [JavaFX Application Thread] DEBUG PrimaryStageWindow   - Scene size: 800.0 x 500.0
23:36:31.034 [JavaFX Application Thread] DEBUG PrimaryStageWindow   - Stage size: 814.4000244140625 x 537.5999755859375
23:36:31.075 [FXGL Background Thread 1 ] DEBUG Engine               - Initializing environment variables
23:36:31.170 [FXGL Background Thread 1 ] DEBUG FXGLAssetLoaderServi - User app class for loading assets: class Runner.ServerRunner
23:36:31.170 [FXGL Background Thread 1 ] DEBUG GameApplicationServi - Applying CSS: fxgl_dark.css
23:36:31.172 [FXGL Background Thread 1 ] DEBUG FXGLAssetLoaderServi - Loading from file system: jar:file:/C:/Users/Owner/.m2/repository/com/github/almasb/fxgl/17.3/fxgl-17.3.jar!/fxglassets/ui/css/fxgl_dark.css
23:36:31.388 [FXGL Background Thread 1 ] DEBUG GameApplicationServi - Initializing application scenes
23:36:31.620 [FXGL Background Thread 1 ] DEBUG GameWorld            - Game world initialized
23:36:31.831 [FXGL Background Thread 1 ] DEBUG PhysicsWorld         - Physics world initialized: appHeight=500, physics.ppm=50.0
23:36:31.832 [FXGL Background Thread 1 ] DEBUG PhysicsWorld         - Using strategy: BRUTE_FORCE
23:36:31.845 [FXGL Background Thread 1 ] DEBUG GameScene            - Game scene initialized: 800x500
23:36:31.912 [FXGL Background Thread 1 ] WARN  FXGL.DefaultMenu     - FXGLDefaultMenu is not designed for resolutions < 800x600
23:36:31.913 [FXGL Background Thread 1 ] DEBUG FXGL.DefaultMenu     - createMenuBodyGameMenu()
23:36:32.112 [FXGL Background Thread 1 ] DEBUG FXGL.DefaultMenu     - createOptionsMenu()
23:36:32.211 [FXGL Background Thread 1 ] DEBUG FXGLAssetLoaderServi - Loading from file system: jar:file:/C:/Users/Owner/.m2/repository/com/github/almasb/fxgl/17.3/fxgl-17.3.jar!/fxglassets/textures/particles/smoke.png
23:36:33.084 [FXGL Background Thread 1 ] DEBUG FXGLAssetLoaderServi - Loading from file system: jar:file:/C:/Users/Owner/.m2/repository/com/github/almasb/fxgl/17.3/fxgl-17.3.jar!/fxglassets/textures/particles/trace_horizontal.png
23:36:33.297 [FXGL Background Thread 1 ] DEBUG GameApplicationServi - Application scenes initialized
23:36:33.372 [FXGL Background Thread 1 ] DEBUG SystemBundleService  - Loading FXGL system data
23:36:33.391 [FXGL Background Thread 1 ] DEBUG FileSystemAccess     - Reading from: C:\Users\Owner\Desktop\Sonic-rush\system\fxgl.bundle
23:36:33.447 [FXGL Background Thread 1 ] DEBUG SystemBundleService  - Bundle FXGL: {}
23:36:33.449 [FXGL Background Thread 1 ] DEBUG UpdaterService       - Checking for updates
23:36:33.479 [FXGL Background Thread 1 ] DEBUG FXGLApplication      - Loading default localization
23:36:33.482 [FXGL Background Thread 1 ] DEBUG FXGLAssetLoaderServi - Loading from file system: jar:file:/C:/Users/Owner/.m2/repository/com/github/almasb/fxgl/17.3/fxgl-17.3.jar!/fxglassets/languages/english.lang
23:36:33.539 [FXGL Background Thread 4 ] DEBUG FXGLApplication      - Loading fonts
23:36:33.541 [FXGL Background Thread 4 ] DEBUG FXGLAssetLoaderServi - Loading from file system: jar:file:/C:/Users/Owner/.m2/repository/com/github/almasb/fxgl/17.3/fxgl-17.3.jar!/fxglassets/ui/fonts/VarelaRound-Regular.ttf
23:36:33.574 [FXGL Background Thread 1 ] INFO  FXGLApplication      - FXGL initialization took: 2.498 sec
23:36:33.583 [JavaFX Application Thread] DEBUG FXGLAssetLoaderServi - Loading from file system: jar:file:/C:/Users/Owner/.m2/repository/com/github/almasb/fxgl/17.3/fxgl-17.3.jar!/fxglassets/textures/fxgl_icon.png
23:36:33.650 [JavaFX Application Thread] DEBUG FXGLAssetLoaderServi - Loading from file system: jar:file:/C:/Users/Owner/.m2/repository/com/github/almasb/fxgl/17.3/fxgl-17.3.jar!/fxglassets/textures/fxgl_default_cursor.png
23:36:33.735 [JavaFX Application Thread] DEBUG Input                - Registered new binding: Screenshot - CTRL+8
23:36:33.738 [JavaFX Application Thread] DEBUG Input                - Registered new binding: System info dump - CTRL+9
23:36:33.743 [JavaFX Application Thread] DEBUG Input                - Registered new binding: Restart - CTRL+R
23:36:33.757 [JavaFX Application Thread] DEBUG Input                - Registered new binding: Toggle Debug Camera - CTRL+7
23:36:33.780 [JavaFX Application Thread] DEBUG LoopRunner           - Starting loop
23:36:33.781 [JavaFX Application Thread] DEBUG LoopRunner           - Initializing JavaFX AnimationTimerLoop
23:36:33.795 [JavaFX Application Thread] DEBUG GameApplicationServi - Starting new game
23:36:33.803 [JavaFX Application Thread] DEBUG Input                - Clearing active input actions
23:36:33.930 [JavaFX Application Thread] DEBUG GameApplicationServi - Removing overlay from FXGLStartupScene and adding to FXGLLoadingScene
23:36:33.931 [JavaFX Application Thread] DEBUG PrimaryStageWindow   - FXGLStartupScene -> FXGLLoadingScene
23:36:33.932 [JavaFX Application Thread] DEBUG GameApplicationServi - Clearing previous game
23:36:33.933 [JavaFX Application Thread] DEBUG GameScene            - Clearing game scene
23:36:33.933 [JavaFX Application Thread] DEBUG GameWorld            - Clearing game world
23:36:33.934 [JavaFX Application Thread] DEBUG PhysicsWorld         - Clearing physics world
23:36:33.937 [FXGL Background Thread 1 ] DEBUG FXGLApplication      - Initializing game
23:36:34.106 [ServerAsyncConnThread    ] DEBUG TCPServer            - Starting to listen at: 55555 type: class com.almasb.fxgl.core.serialization.Bundle
23:36:34.171 [FXGL Background Thread 1 ] WARN  TMXLevelLoader       - TiledMap generated from 1.11.2. Supported version: 1.9.0. Some features may not be parsed fully.
23:36:34.213 [FXGL Background Thread 4 ] DEBUG FXGLAssetLoaderServi - Loading from file system: jar:file:/C:/Users/Owner/.m2/repository/com/github/almasb/fxgl/17.3/fxgl-17.3.jar!/fxglassets/ui/fonts/Abel-Regular.ttf
23:36:34.218 [FXGL Background Thread 4 ] DEBUG FXGLAssetLoaderServi - Loading from file system: jar:file:/C:/Users/Owner/.m2/repository/com/github/almasb/fxgl/17.3/fxgl-17.3.jar!/fxglassets/ui/fonts/TerminalLandMono-Regular.otf
23:36:34.224 [FXGL Background Thread 4 ] DEBUG FXGLAssetLoaderServi - Loading from file system: jar:file:/C:/Users/Owner/.m2/repository/com/github/almasb/fxgl/17.3/fxgl-17.3.jar!/fxglassets/ui/fonts/Courier-Prime.ttf
23:36:34.309 [FXGL Background Thread 1 ] DEBUG TMXLevelLoader       - Parsed TiledMap: file:/C:/Users/Owner/Desktop/Sonic-rush/target/classes/assets/levels/mapazo.tmx
23:36:34.309 [JavaFX Application Thread] DEBUG FXGLApplication      - Registering font factories with UI factory
23:36:34.311 [FXGL Background Thread 1 ] DEBUG TMXLevelLoader       - Creating tile layer entities
23:36:34.316 [FXGL Background Thread 1 ] DEBUG TilesetLoader        - Loading view for layer Capa de patrones 1
23:36:34.327 [FXGL Background Thread 1 ] DEBUG TilesetLoader        - Created buffer with size 3840.0x720.0
23:36:34.385 [FXGL Background Thread 1 ] DEBUG TMXLevelLoader       - Creating object layer entities
23:36:34.445 [FXGL Background Thread 1 ] DEBUG GameWorld            - Clearing removable entities
23:36:34.446 [FXGL Background Thread 1 ] DEBUG GameWorld            - Setting level: com.almasb.fxgl.entity.level.Level@792e3afd
23:36:34.510 [FXGL Background Thread 1 ] DEBUG FXGLAssetLoaderServi - Loading from file system: file:/C:/Users/Owner/Desktop/Sonic-rush/target/classes/assets/textures/Items/ring.png
23:36:34.604 [FXGL Background Thread 1 ] DEBUG FXGLAssetLoaderServi - Loading from file system: file:/C:/Users/Owner/Desktop/Sonic-rush/target/classes/assets/textures/Enemigos/enemigo2.png
23:36:34.693 [FXGL Background Thread 1 ] DEBUG FXGLAssetLoaderServi - Loading from file system: file:/C:/Users/Owner/Desktop/Sonic-rush/target/classes/assets/textures/Items/basura.png
23:36:34.696 [FXGL Background Thread 1 ] DEBUG FXGLAssetLoaderServi - Loading from file system: file:/C:/Users/Owner/Desktop/Sonic-rush/target/classes/assets/textures/Items/caucho.png
23:36:34.706 [FXGL Background Thread 1 ] DEBUG FXGLAssetLoaderServi - Loading from file system: file:/C:/Users/Owner/Desktop/Sonic-rush/target/classes/assets/textures/Items/papel.png
23:36:34.719 [FXGL Background Thread 1 ] INFO  FXGLApplication      - Game initialization took: 0.782 sec
23:36:34.755 [JavaFX Application Thread] DEBUG Input                - Clearing active input actions
23:36:34.800 [JavaFX Application Thread] DEBUG GameApplicationServi - Removing overlay from FXGLLoadingScene and adding to GameScene
23:36:34.802 [JavaFX Application Thread] DEBUG PrimaryStageWindow   - FXGLLoadingScene -> GameScene
23:36:35.470 [FXGL Background Thread 2 ] INFO  UpdaterService       - Your current version:  17.3
23:36:35.487 [FXGL Background Thread 2 ] INFO  UpdaterService       - Latest stable version: 21.1
23:36:36.889 [FXGL Background Thread 3 ] DEBUG Engine               - Logging environment variables
23:36:36.890 [FXGL Background Thread 3 ] DEBUG Engine               - achievements: []
23:36:36.891 [FXGL Background Thread 3 ] DEBUG Engine               - actualHeight: 500.0
23:36:36.891 [FXGL Background Thread 3 ] DEBUG Engine               - actualHeightProperty: ReadOnlyDoubleProperty [value: 500.0]
23:36:36.891 [FXGL Background Thread 3 ] DEBUG Engine               - actualWidth: 800.0
23:36:36.892 [FXGL Background Thread 3 ] DEBUG Engine               - actualWidthProperty: ReadOnlyDoubleProperty [value: 800.0]
23:36:36.892 [FXGL Background Thread 3 ] DEBUG Engine               - appIcon: fxgl_icon.png
23:36:36.892 [FXGL Background Thread 3 ] DEBUG Engine               - applicationMode: DEVELOPER
23:36:36.892 [FXGL Background Thread 3 ] DEBUG Engine               - cSSList: [fxgl_dark.css]
23:36:36.893 [FXGL Background Thread 3 ] DEBUG Engine               - collisionDetectionStrategy: BRUTE_FORCE
23:36:36.894 [FXGL Background Thread 3 ] DEBUG Engine               - configClass: Optional.empty
23:36:36.894 [FXGL Background Thread 3 ] DEBUG Engine               - credits: []
23:36:36.896 [FXGL Background Thread 3 ] DEBUG Engine               - defaultCursor: CursorInfo(imageName=fxgl_default_cursor.png, hotspotX=7.0, hotspotY=6.0)
23:36:36.897 [FXGL Background Thread 3 ] DEBUG Engine               - devBBoxColorProperty: ObjectProperty [value: 0xff0000ff]
23:36:36.897 [FXGL Background Thread 3 ] DEBUG Engine               - devEnableDebugCameraProperty: BooleanProperty [value: false]
23:36:36.897 [FXGL Background Thread 3 ] DEBUG Engine               - devSensorColorProperty: ObjectProperty [value: 0xffff00ff]
23:36:36.897 [FXGL Background Thread 3 ] DEBUG Engine               - devShowBBoxProperty: BooleanProperty [value: false]
23:36:36.897 [FXGL Background Thread 3 ] DEBUG Engine               - devShowPositionProperty: BooleanProperty [value: false]
23:36:36.897 [FXGL Background Thread 3 ] DEBUG Engine               - enabledMenuItems: []
23:36:36.897 [FXGL Background Thread 3 ] DEBUG Engine               - engineServices: [class com.almasb.fxgl.app.services.FXGLAssetLoaderService, class com.almasb.fxgl.app.FXGLApplication$GameApplicationService, class com.almasb.fxgl.app.services.FXGLDialogService, class com.almasb.fxgl.app.services.IOTaskExecutorService, class com.almasb.fxgl.io.FileSystemService, class com.almasb.fxgl.localization.LocalizationService, class com.almasb.fxgl.app.services.SystemBundleService, class com.almasb.fxgl.profile.SaveLoadService, class com.almasb.fxgl.ui.FXGLUIFactoryServiceProvider, class com.almasb.fxgl.ui.FXGLDialogFactoryServiceProvider, class com.almasb.fxgl.audio.AudioPlayer, class com.almasb.fxgl.notification.impl.NotificationServiceProvider, class com.almasb.fxgl.achievement.AchievementService, class com.almasb.fxgl.cutscene.CutsceneService, class com.almasb.fxgl.minigames.MiniGameService, class com.almasb.fxgl.net.NetService, class com.almasb.fxgl.app.services.UpdaterService, class com.almasb.fxgl.dev.DevService, class com.almasb.fxgl.multiplayer.MultiplayerService]
23:36:36.897 [FXGL Background Thread 3 ] DEBUG Engine               - fontGame: Abel-Regular.ttf
23:36:36.897 [FXGL Background Thread 3 ] DEBUG Engine               - fontMono: TerminalLandMono-Regular.otf
23:36:36.900 [FXGL Background Thread 3 ] DEBUG Engine               - fontSizeScaleUI: 1.0
23:36:36.901 [FXGL Background Thread 3 ] DEBUG Engine               - fontText: Courier-Prime.ttf
23:36:36.901 [FXGL Background Thread 3 ] DEBUG Engine               - fontUI: VarelaRound-Regular.ttf
23:36:36.901 [FXGL Background Thread 3 ] DEBUG Engine               - fullScreen: BooleanProperty [value: false]
23:36:36.901 [FXGL Background Thread 3 ] DEBUG Engine               - gameDifficulty: MEDIUM
23:36:36.901 [FXGL Background Thread 3 ] DEBUG Engine               - gameDifficultyProperty: ObjectProperty [value: MEDIUM]
23:36:36.901 [FXGL Background Thread 3 ] DEBUG Engine               - globalMusicVolume: 0.5
23:36:36.901 [FXGL Background Thread 3 ] DEBUG Engine               - globalMusicVolumeProperty: DoubleProperty [value: 0.5]
23:36:36.901 [FXGL Background Thread 3 ] DEBUG Engine               - globalSoundVolume: 0.5
23:36:36.901 [FXGL Background Thread 3 ] DEBUG Engine               - globalSoundVolumeProperty: DoubleProperty [value: 0.5]
23:36:36.901 [FXGL Background Thread 3 ] DEBUG Engine               - height: 500
23:36:36.901 [FXGL Background Thread 3 ] DEBUG Engine               - is3D: false
23:36:36.901 [FXGL Background Thread 3 ] DEBUG Engine               - isAndroid: false
23:36:36.901 [FXGL Background Thread 3 ] DEBUG Engine               - isBrowser: false
23:36:36.902 [FXGL Background Thread 3 ] DEBUG Engine               - isClickFeedbackEnabled: false
23:36:36.907 [FXGL Background Thread 3 ] DEBUG Engine               - isCloseConfirmation: false
23:36:36.908 [FXGL Background Thread 3 ] DEBUG Engine               - isDesktop: true
23:36:36.910 [FXGL Background Thread 3 ] DEBUG Engine               - isDeveloperMenuEnabled: false
23:36:36.910 [FXGL Background Thread 3 ] DEBUG Engine               - isEmbedded: false
23:36:36.910 [FXGL Background Thread 3 ] DEBUG Engine               - isEntityPreloadEnabled: true
23:36:36.911 [FXGL Background Thread 3 ] DEBUG Engine               - isExperimentalTiledLargeMap: false
23:36:36.911 [FXGL Background Thread 3 ] DEBUG Engine               - isFileSystemWriteAllowed: true
23:36:36.911 [FXGL Background Thread 3 ] DEBUG Engine               - isFullScreenAllowed: false
23:36:36.911 [FXGL Background Thread 3 ] DEBUG Engine               - isFullScreenFromStart: false
23:36:36.911 [FXGL Background Thread 3 ] DEBUG Engine               - isGameMenuEnabled: true
23:36:36.911 [FXGL Background Thread 3 ] DEBUG Engine               - isIOS: false
23:36:36.911 [FXGL Background Thread 3 ] DEBUG Engine               - isIntroEnabled: false
23:36:36.911 [FXGL Background Thread 3 ] DEBUG Engine               - isLinux: false
23:36:36.911 [FXGL Background Thread 3 ] DEBUG Engine               - isMac: false
23:36:36.911 [FXGL Background Thread 3 ] DEBUG Engine               - isMainMenuEnabled: false
23:36:36.912 [FXGL Background Thread 3 ] DEBUG Engine               - isManualResizeEnabled: false
23:36:36.912 [FXGL Background Thread 3 ] DEBUG Engine               - isMobile: false
23:36:36.912 [FXGL Background Thread 3 ] DEBUG Engine               - isNative: false
23:36:36.912 [FXGL Background Thread 3 ] DEBUG Engine               - isPauseMusicWhenMinimized: true
23:36:36.912 [FXGL Background Thread 3 ] DEBUG Engine               - isPreserveResizeRatio: false
23:36:36.912 [FXGL Background Thread 3 ] DEBUG Engine               - isProfilingEnabled: false
23:36:36.912 [FXGL Background Thread 3 ] DEBUG Engine               - isScaleAffectedOnResize: true
23:36:36.912 [FXGL Background Thread 3 ] DEBUG Engine               - isSingleStep: false
23:36:36.912 [FXGL Background Thread 3 ] DEBUG Engine               - isUserProfileEnabled: false
23:36:36.912 [FXGL Background Thread 3 ] DEBUG Engine               - isWindows: true
23:36:36.912 [FXGL Background Thread 3 ] DEBUG Engine               - language: ObjectProperty [value: ENGLISH]
23:36:36.912 [FXGL Background Thread 3 ] DEBUG Engine               - menuKey: ESCAPE
23:36:36.912 [FXGL Background Thread 3 ] DEBUG Engine               - mouseSensitivity: 0.2
23:36:36.912 [FXGL Background Thread 3 ] DEBUG Engine               - notificationViewClass: class com.almasb.fxgl.notification.view.XboxNotificationView
23:36:36.913 [FXGL Background Thread 3 ] DEBUG Engine               - pixelsPerMeter: 50.0
23:36:36.913 [FXGL Background Thread 3 ] DEBUG Engine               - platform: WINDOWS
23:36:36.913 [FXGL Background Thread 3 ] DEBUG Engine               - prefHeightProperty: ReadOnlyDoubleProperty [value: 500.0]
23:36:36.913 [FXGL Background Thread 3 ] DEBUG Engine               - prefWidthProperty: ReadOnlyDoubleProperty [value: 800.0]
23:36:36.913 [FXGL Background Thread 3 ] DEBUG Engine               - profileDir: profiles/
23:36:36.913 [FXGL Background Thread 3 ] DEBUG Engine               - profileName: StringProperty [value: DEFAULT]
23:36:36.913 [FXGL Background Thread 3 ] DEBUG Engine               - randomSeed: -1
23:36:36.914 [FXGL Background Thread 3 ] DEBUG Engine               - runtimeInfo: RuntimeInfo(platform=WINDOWS, version=17.3, build=30.03.2023 11.49)
23:36:36.914 [FXGL Background Thread 3 ] DEBUG Engine               - saveFileExt: sav
23:36:36.914 [FXGL Background Thread 3 ] DEBUG Engine               - scaledHeightProp$fxgl: DoubleProperty [bound, value: 500.0]
23:36:36.914 [FXGL Background Thread 3 ] DEBUG Engine               - scaledWidthProp$fxgl: DoubleProperty [bound, value: 800.0]
23:36:36.914 [FXGL Background Thread 3 ] DEBUG Engine               - sceneFactory: com.almasb.fxgl.app.scene.SceneFactory@186a3813
23:36:36.914 [FXGL Background Thread 3 ] DEBUG Engine               - secondsIn24h: 60
23:36:36.914 [FXGL Background Thread 3 ] DEBUG Engine               - soundMenuBack: menu/back.wav
23:36:36.915 [FXGL Background Thread 3 ] DEBUG Engine               - soundMenuPress: menu/press.wav
23:36:36.915 [FXGL Background Thread 3 ] DEBUG Engine               - soundMenuSelect: menu/select.wav
23:36:36.915 [FXGL Background Thread 3 ] DEBUG Engine               - soundNotification: core/notification.wav
23:36:36.915 [FXGL Background Thread 3 ] DEBUG Engine               - stageStyle: DECORATED
23:36:36.915 [FXGL Background Thread 3 ] DEBUG Engine               - supportedLanguages: [ENGLISH, FRENCH, GERMAN, HUNGARIAN, RUSSIAN]
23:36:36.915 [FXGL Background Thread 3 ] DEBUG Engine               - ticksPerSecond: -1
23:36:36.915 [FXGL Background Thread 3 ] DEBUG Engine               - title: Server
23:36:36.916 [FXGL Background Thread 3 ] DEBUG Engine               - urlGithub: https://github.com/AlmasB/FXGL
23:36:36.916 [FXGL Background Thread 3 ] DEBUG Engine               - urlLeaderboard: http://fxgl-top.herokuapp.com/
23:36:36.916 [FXGL Background Thread 3 ] DEBUG Engine               - urlPOM: https://raw.githubusercontent.com/AlmasB/FXGL/release/README.md
23:36:36.916 [FXGL Background Thread 3 ] DEBUG Engine               - userAppClass: class Runner.ServerRunner
23:36:36.916 [FXGL Background Thread 3 ] DEBUG Engine               - version: 0.0
23:36:36.916 [FXGL Background Thread 3 ] DEBUG Engine               - versionCheckDays: 7
23:36:36.916 [FXGL Background Thread 3 ] DEBUG Engine               - width: 800
23:36:36.916 [FXGL Background Thread 3 ] DEBUG Engine               - Logging services
23:36:36.916 [FXGL Background Thread 3 ] DEBUG Engine               - class com.almasb.fxgl.app.services.FXGLAssetLoaderService
23:36:36.917 [FXGL Background Thread 3 ] DEBUG Engine               - class com.almasb.fxgl.app.FXGLApplication$GameApplicationService
23:36:36.917 [FXGL Background Thread 3 ] DEBUG Engine               - class com.almasb.fxgl.app.services.FXGLDialogService
23:36:36.917 [FXGL Background Thread 3 ] DEBUG Engine               - class com.almasb.fxgl.app.services.IOTaskExecutorService
23:36:36.917 [FXGL Background Thread 3 ] DEBUG Engine               - class com.almasb.fxgl.io.FileSystemService
23:36:36.917 [FXGL Background Thread 3 ] DEBUG Engine               - class com.almasb.fxgl.localization.LocalizationService
23:36:36.917 [FXGL Background Thread 3 ] DEBUG Engine               - class com.almasb.fxgl.app.services.SystemBundleService
23:36:36.917 [FXGL Background Thread 3 ] DEBUG Engine               - class com.almasb.fxgl.profile.SaveLoadService
23:36:36.917 [FXGL Background Thread 3 ] DEBUG Engine               - class com.almasb.fxgl.ui.FXGLUIFactoryServiceProvider
23:36:36.917 [FXGL Background Thread 3 ] DEBUG Engine               - class com.almasb.fxgl.ui.FXGLDialogFactoryServiceProvider
23:36:36.917 [FXGL Background Thread 3 ] DEBUG Engine               - class com.almasb.fxgl.audio.AudioPlayer
23:36:36.917 [FXGL Background Thread 3 ] DEBUG Engine               - class com.almasb.fxgl.notification.impl.NotificationServiceProvider
23:36:36.917 [FXGL Background Thread 3 ] DEBUG Engine               - class com.almasb.fxgl.achievement.AchievementService
23:36:36.917 [FXGL Background Thread 3 ] DEBUG Engine               - class com.almasb.fxgl.cutscene.CutsceneService
23:36:36.917 [FXGL Background Thread 3 ] DEBUG Engine               - class com.almasb.fxgl.minigames.MiniGameService
23:36:36.917 [FXGL Background Thread 3 ] DEBUG Engine               - class com.almasb.fxgl.net.NetService
23:36:36.917 [FXGL Background Thread 3 ] DEBUG Engine               - class com.almasb.fxgl.app.services.UpdaterService
23:36:36.917 [FXGL Background Thread 3 ] DEBUG Engine               - class com.almasb.fxgl.dev.DevService
23:36:36.918 [FXGL Background Thread 3 ] DEBUG Engine               - class com.almasb.fxgl.multiplayer.MultiplayerService
23:36:50.945 [ServerAsyncConnThread    ] DEBUG Endpoint             - TCPServer opening new connection (1) from /127.0.0.1:56316 type: class com.almasb.fxgl.core.serialization.Bundle
23:36:50.950 [ServerAsyncConnThread    ] DEBUG Endpoint             - TCPServer successfully opened connection (1)
23:36:51.175 [TCPServer_SendThread-1   ] DEBUG Writers              - Getting TCPMessageWriter for class com.almasb.fxgl.core.serialization.Bundle
23:36:51.223 [TCPServer_SendThread-1   ] DEBUG Writers              - Constructed TCPMessageWriter for class com.almasb.fxgl.core.serialization.Bundle: BundleTCPMessageWriter
23:36:51.296 [TCPServer_RecvThread-1   ] DEBUG Readers              - Getting TCPMessageReader for class com.almasb.fxgl.core.serialization.Bundle
23:36:51.306 [TCPServer_RecvThread-1   ] DEBUG Readers              - Constructed MessageReader for class com.almasb.fxgl.core.serialization.Bundle: BundleTCPMessageReader
23:37:18.904 [ServerAsyncConnThread    ] DEBUG Endpoint             - TCPServer opening new connection (2) from /127.0.0.1:56331 type: class com.almasb.fxgl.core.serialization.Bundle
23:37:18.905 [ServerAsyncConnThread    ] DEBUG Endpoint             - TCPServer successfully opened connection (2)
23:37:19.583 [TCPServer_SendThread-2   ] DEBUG Writers              - Getting TCPMessageWriter for class com.almasb.fxgl.core.serialization.Bundle
23:37:19.585 [TCPServer_SendThread-2   ] DEBUG Writers              - Constructed TCPMessageWriter for class com.almasb.fxgl.core.serialization.Bundle: BundleTCPMessageWriter
23:37:19.623 [TCPServer_RecvThread-2   ] DEBUG Readers              - Getting TCPMessageReader for class com.almasb.fxgl.core.serialization.Bundle
23:37:19.625 [TCPServer_RecvThread-2   ] DEBUG Readers              - Constructed MessageReader for class com.almasb.fxgl.core.serialization.Bundle: BundleTCPMessageReader
23:37:38.664 [ServerAsyncConnThread    ] DEBUG Endpoint             - TCPServer opening new connection (3) from /127.0.0.1:56345 type: class com.almasb.fxgl.core.serialization.Bundle
23:37:38.665 [ServerAsyncConnThread    ] DEBUG Endpoint             - TCPServer successfully opened connection (3)
23:37:38.722 [TCPServer_SendThread-3   ] DEBUG Writers              - Getting TCPMessageWriter for class com.almasb.fxgl.core.serialization.Bundle
23:37:38.723 [TCPServer_SendThread-3   ] DEBUG Writers              - Constructed TCPMessageWriter for class com.almasb.fxgl.core.serialization.Bundle: BundleTCPMessageWriter
23:37:38.728 [TCPServer_RecvThread-3   ] DEBUG Readers              - Getting TCPMessageReader for class com.almasb.fxgl.core.serialization.Bundle
23:37:38.729 [TCPServer_RecvThread-3   ] DEBUG Readers              - Constructed MessageReader for class com.almasb.fxgl.core.serialization.Bundle: BundleTCPMessageReader
23:38:20.288 [JavaFX Application Thread] DEBUG FXGLAssetLoaderServi - Loading from file system: file:/C:/Users/Owner/Desktop/Sonic-rush/target/classes/assets/textures/Enemigos/eggman2.png
23:42:44.645 [TCPServer_RecvThread-3   ] DEBUG Endpoint             - Connection 3 was unexpectedly disconnected: Connection reset
23:42:44.645 [TCPServer_RecvThread-2   ] DEBUG Endpoint             - Connection 2 was unexpectedly disconnected: Connection reset
23:42:44.646 [TCPServer_RecvThread-2   ] DEBUG Connection           - Closing connection 2
23:42:44.646 [TCPServer_RecvThread-3   ] DEBUG Connection           - Closing connection 3
23:42:44.646 [TCPServer_RecvThread-1   ] DEBUG Endpoint             - Connection 1 was unexpectedly disconnected: Connection reset
23:42:44.646 [TCPServer_RecvThread-2   ] DEBUG Connection           - Connection 2 was correctly closed from local endpoint.
23:42:44.646 [TCPServer_RecvThread-3   ] DEBUG Connection           - Connection 3 was correctly closed from local endpoint.
23:42:44.646 [TCPServer_RecvThread-2   ] DEBUG Endpoint             - TCPServer connection (2) was closed
23:42:44.647 [TCPServer_RecvThread-1   ] DEBUG Connection           - Closing connection 1
23:42:44.647 [TCPServer_RecvThread-1   ] DEBUG Connection           - Connection 1 was correctly closed from local endpoint.
23:42:44.647 [TCPServer_RecvThread-1   ] DEBUG Endpoint             - TCPServer connection (1) was closed
23:42:44.681 [JavaFX Application Thread] DEBUG LoopRunner           - Stopping loop
23:42:44.687 [JavaFX Application Thread] FATAL FXGLApplication      - Uncaught Exception:
java.lang.NullPointerException: Cannot invoke "com.almasb.fxgl.net.Connection.send(Object)" because the return value of "java.util.List.get(int)" is null
	at com.almasb.fxgl.net.Endpoint.broadcast(Endpoint.java:41)
	at GameSettings.ServerGameApp.onUpdate(ServerGameApp.java:319)
	at com.almasb.fxgl.app.FXGLApplication$GameApplicationService.onGameUpdate(FXGLApplication.kt:421)
	at com.almasb.fxgl.app.Engine.onGameUpdate(Engine.kt:138)
	at com.almasb.fxgl.app.FXGLApplication.postServicesInit$lambda$7(FXGLApplication.kt:182)
	at com.almasb.fxgl.scene.Scene.update(Scene.kt:113)
	at com.almasb.fxgl.app.MainWindow$update$1.invoke(MainWindow.kt:115)
	at com.almasb.fxgl.app.MainWindow$update$1.invoke(MainWindow.kt:115)
	at com.almasb.fxgl.core.fsm.StateMachine.runOnActiveStates(StateMachine.kt:69)
	at com.almasb.fxgl.app.MainWindow.update(MainWindow.kt:115)
	at com.almasb.fxgl.app.FXGLApplication$GameApplicationService.onUpdate(FXGLApplication.kt:426)
	at com.almasb.fxgl.app.Engine.loop(Engine.kt:134)
	at com.almasb.fxgl.app.Engine.access$loop(Engine.kt:24)
	at com.almasb.fxgl.app.Engine$loop$1.invoke(Engine.kt:28)
	at com.almasb.fxgl.app.Engine$loop$1.invoke(Engine.kt:28)
	at com.almasb.fxgl.app.LoopRunner.frame(LoopRunner.kt:103)
	at com.almasb.fxgl.app.LoopRunner.access$frame(LoopRunner.kt:23)
	at com.almasb.fxgl.app.LoopRunner$impl$2$1.onTick(LoopRunner.kt:57)
	at com.almasb.fxgl.app.AnimationTimerLoop$timer$1.handle(LoopRunner.kt:137)
	at javafx.animation.AnimationTimer$AnimationTimerReceiver.lambda$handle$0(AnimationTimer.java:58)
	at java.base/java.security.AccessController.doPrivileged(AccessController.java:399)
	at javafx.animation.AnimationTimer$AnimationTimerReceiver.handle(AnimationTimer.java:57)
	at com.sun.scenario.animation.AbstractPrimaryTimer.timePulseImpl(AbstractPrimaryTimer.java:356)
	at com.sun.scenario.animation.AbstractPrimaryTimer$MainLoop.run(AbstractPrimaryTimer.java:266)
	at com.sun.javafx.tk.quantum.QuantumToolkit.pulse(QuantumToolkit.java:588)
	at com.sun.javafx.tk.quantum.QuantumToolkit.pulse(QuantumToolkit.java:572)
	at com.sun.javafx.tk.quantum.QuantumToolkit.pulseFromQueue(QuantumToolkit.java:565)
	at com.sun.javafx.tk.quantum.QuantumToolkit.lambda$runToolkit$11(QuantumToolkit.java:352)
	at com.sun.glass.ui.InvokeLaterDispatcher$Future.run(InvokeLaterDispatcher.java:95)
	at com.sun.glass.ui.win.WinApplication._runLoop(Native Method)
	at com.sun.glass.ui.win.WinApplication.lambda$runLoop$3(WinApplication.java:185)
	at java.base/java.lang.Thread.run(Thread.java:842)

23:42:44.723 [JavaFX Application Thread] FATAL FXGLApplication      - Application will now exit
23:42:44.777 [JavaFX Application Thread] DEBUG PrimaryStageWindow   - Push state: ErrorSubScene
23:42:44.777 [JavaFX Application Thread] DEBUG Input                - Clearing active input actions
23:42:44.793 [JavaFX Application Thread] DEBUG GameApplicationServi - Removing overlay from GameScene and adding to ErrorSubScene
23:42:44.794 [JavaFX Application Thread] DEBUG PrimaryStageWindow   - GameScene -> ErrorSubScene
23:46:42.466 [JavaFX Application Thread] DEBUG FXGLApplication      - Exiting FXGL
23:46:42.468 [JavaFX Application Thread] DEBUG Async                - Shutting down background threads
23:46:42.472 [JavaFX Application Thread] DEBUG PrimaryStageWindow   - Closing main window
23:46:42.554 [JavaFX Application Thread] DEBUG Logger               - Closing Logger
