22:17:57.357 [main                     ] DEBUG Logger               - Configured Logger
22:17:57.373 [main                     ] DEBUG GameApplication      - Logging settings
Title: Jugador Sonic
Version: 0.0
Width: 1000
Height: 600
Fullscreen: false
Intro: false
Profiling: false
Single step:false
App Mode: DEVELOPER
Menu Key: ESCAPE
Stage Style: DECORATED
Scene Factory: class com.almasb.fxgl.app.scene.SceneFactory

22:17:57.502 [JavaFX Application Thread] DEBUG FXGLApplication      - Initializing FXGL
22:17:57.507 [JavaFX Application Thread] INFO  Engine               - FXGL-17.3 (30.03.2023 11.49) on WINDOWS (J:21.0.2 FX:20)
22:17:57.509 [JavaFX Application Thread] DEBUG Engine               - JRE Vendor Name: Oracle Corporation
22:17:57.509 [JavaFX Application Thread] DEBUG Engine               - Running on OS: Windows 10 version 10.0
22:17:57.509 [JavaFX Application Thread] DEBUG Engine               - Architecture: amd64
22:17:57.509 [JavaFX Application Thread] INFO  Engine               - Source code and latest versions at: https://github.com/AlmasB/FXGL
22:17:57.511 [JavaFX Application Thread] INFO  Engine               -       Ask questions and discuss at: https://github.com/AlmasB/FXGL/discussions
22:17:57.512 [JavaFX Application Thread] INFO  Engine               -              Join the FXGL chat at: https://gitter.im/AlmasB/FXGL
22:17:57.594 [JavaFX Application Thread] DEBUG PrimaryStageWindow   - Creating a JavaFX scene
22:17:57.669 [JavaFX Application Thread] DEBUG PrimaryStageWindow   - Target settings size: 1000.0 x 600.0
22:17:57.669 [JavaFX Application Thread] DEBUG PrimaryStageWindow   - Scaled scene size:    1000.0 x 600.0
22:17:57.670 [JavaFX Application Thread] DEBUG PrimaryStageWindow   - Scaled ratio: (1.0, 1.0)
22:17:57.671 [JavaFX Application Thread] DEBUG PrimaryStageWindow   - Set initial scene to FXGLStartupScene
22:17:57.674 [JavaFX Application Thread] DEBUG PrimaryStageWindow   - Opening main window
22:17:57.799 [JavaFX Application Thread] DEBUG PrimaryStageWindow   - Window border size: (16.0, 39.0)
22:17:57.799 [JavaFX Application Thread] DEBUG PrimaryStageWindow   - Scaled size: 1000.0 x 600.0
22:17:57.800 [JavaFX Application Thread] DEBUG PrimaryStageWindow   - Scaled ratio: (1.0, 1.0)
22:17:57.801 [JavaFX Application Thread] DEBUG PrimaryStageWindow   - Scene size: 1000.0 x 600.0
22:17:57.801 [JavaFX Application Thread] DEBUG PrimaryStageWindow   - Stage size: 1016.0 x 639.0
22:17:57.815 [FXGL Background Thread 1 ] DEBUG Engine               - Initializing environment variables
22:17:57.897 [FXGL Background Thread 1 ] DEBUG FXGLAssetLoaderServi - User app class for loading assets: class Runner.ClientRunner
22:17:57.897 [FXGL Background Thread 1 ] DEBUG GameApplicationServi - Applying CSS: fxgl_dark.css
22:17:57.898 [FXGL Background Thread 1 ] DEBUG FXGLAssetLoaderServi - Loading from file system: jar:file:/C:/Users/User/.m2/repository/com/github/almasb/fxgl/17.3/fxgl-17.3.jar!/fxglassets/ui/css/fxgl_dark.css
22:17:57.951 [FXGL Background Thread 1 ] DEBUG GameApplicationServi - Initializing application scenes
22:17:58.028 [FXGL Background Thread 1 ] DEBUG GameWorld            - Game world initialized
22:17:58.089 [FXGL Background Thread 1 ] DEBUG PhysicsWorld         - Physics world initialized: appHeight=600, physics.ppm=50,0
22:17:58.089 [FXGL Background Thread 1 ] DEBUG PhysicsWorld         - Using strategy: BRUTE_FORCE
22:17:58.093 [FXGL Background Thread 1 ] DEBUG GameScene            - Game scene initialized: 1000x600
22:17:58.108 [FXGL Background Thread 1 ] DEBUG FXGL.DefaultMenu     - createMenuBodyGameMenu()
22:17:58.150 [FXGL Background Thread 1 ] DEBUG FXGL.DefaultMenu     - createOptionsMenu()
22:17:58.207 [FXGL Background Thread 1 ] DEBUG FXGLAssetLoaderServi - Loading from file system: jar:file:/C:/Users/User/.m2/repository/com/github/almasb/fxgl/17.3/fxgl-17.3.jar!/fxglassets/textures/particles/smoke.png
22:17:58.495 [FXGL Background Thread 1 ] DEBUG FXGLAssetLoaderServi - Loading from file system: jar:file:/C:/Users/User/.m2/repository/com/github/almasb/fxgl/17.3/fxgl-17.3.jar!/fxglassets/textures/particles/trace_horizontal.png
22:17:58.584 [FXGL Background Thread 1 ] DEBUG GameApplicationServi - Application scenes initialized
22:17:58.635 [FXGL Background Thread 1 ] DEBUG SystemBundleService  - Loading FXGL system data
22:17:58.658 [FXGL Background Thread 1 ] DEBUG FileSystemAccess     - Reading from: C:\Users\User\Documents\Millan.Luis\UNEG\Semestre IV\Tecnicas de Prog. III\Sonic-rush\system\fxgl.bundle
22:17:58.675 [FXGL Background Thread 1 ] DEBUG SystemBundleService  - Bundle FXGL: {}
22:17:58.676 [FXGL Background Thread 1 ] DEBUG UpdaterService       - Checking for updates
22:17:58.682 [FXGL Background Thread 1 ] DEBUG FXGLApplication      - Loading default localization
22:17:58.687 [FXGL Background Thread 1 ] DEBUG FXGLAssetLoaderServi - Loading from file system: jar:file:/C:/Users/User/.m2/repository/com/github/almasb/fxgl/17.3/fxgl-17.3.jar!/fxglassets/languages/english.lang
22:17:58.747 [FXGL Background Thread 1 ] INFO  FXGLApplication      - FXGL initialization took: 0,932 sec
22:17:58.838 [FXGL Background Thread 4 ] DEBUG FXGLApplication      - Loading fonts
22:17:58.840 [FXGL Background Thread 4 ] DEBUG FXGLAssetLoaderServi - Loading from file system: jar:file:/C:/Users/User/.m2/repository/com/github/almasb/fxgl/17.3/fxgl-17.3.jar!/fxglassets/ui/fonts/VarelaRound-Regular.ttf
22:17:58.903 [JavaFX Application Thread] DEBUG Input                - Registered new binding: Mover a la izquierda - A
22:17:58.903 [JavaFX Application Thread] DEBUG Input                - Registered new binding: Mover a la derecha - D
22:17:58.904 [JavaFX Application Thread] DEBUG Input                - Registered new binding: Saltar - W
22:17:58.904 [JavaFX Application Thread] DEBUG Input                - Registered new binding: Interactuar - E
22:17:58.909 [JavaFX Application Thread] DEBUG Input                - Registered new binding: Transformar - P
22:17:58.910 [JavaFX Application Thread] DEBUG Input                - Registered new binding: Desactivar filtro - L
22:17:58.962 [JavaFX Application Thread] DEBUG FXGLAssetLoaderServi - Loading from file system: jar:file:/C:/Users/User/.m2/repository/com/github/almasb/fxgl/17.3/fxgl-17.3.jar!/fxglassets/textures/fxgl_icon.png
22:17:58.989 [JavaFX Application Thread] DEBUG FXGLAssetLoaderServi - Loading from file system: jar:file:/C:/Users/User/.m2/repository/com/github/almasb/fxgl/17.3/fxgl-17.3.jar!/fxglassets/textures/fxgl_default_cursor.png
22:17:58.992 [JavaFX Application Thread] DEBUG Input                - Registered new binding: Screenshot - CTRL+8
22:17:58.993 [JavaFX Application Thread] DEBUG Input                - Registered new binding: System info dump - CTRL+9
22:17:58.993 [FXGL Background Thread 4 ] DEBUG FXGLAssetLoaderServi - Loading from file system: jar:file:/C:/Users/User/.m2/repository/com/github/almasb/fxgl/17.3/fxgl-17.3.jar!/fxglassets/ui/fonts/Abel-Regular.ttf
22:17:59.008 [JavaFX Application Thread] DEBUG Input                - Registered new binding: Restart - CTRL+R
22:17:59.010 [JavaFX Application Thread] DEBUG Input                - Registered new binding: Toggle Debug Camera - CTRL+7
22:17:59.013 [JavaFX Application Thread] DEBUG LoopRunner           - Starting loop
22:17:59.013 [JavaFX Application Thread] DEBUG LoopRunner           - Initializing JavaFX AnimationTimerLoop
22:17:59.016 [JavaFX Application Thread] DEBUG GameApplicationServi - Starting new game
22:17:59.018 [JavaFX Application Thread] DEBUG Input                - Clearing active input actions
22:17:59.085 [FXGL Background Thread 4 ] DEBUG FXGLAssetLoaderServi - Loading from file system: jar:file:/C:/Users/User/.m2/repository/com/github/almasb/fxgl/17.3/fxgl-17.3.jar!/fxglassets/ui/fonts/TerminalLandMono-Regular.otf
22:17:59.092 [FXGL Background Thread 4 ] DEBUG FXGLAssetLoaderServi - Loading from file system: jar:file:/C:/Users/User/.m2/repository/com/github/almasb/fxgl/17.3/fxgl-17.3.jar!/fxglassets/ui/fonts/Courier-Prime.ttf
22:17:59.098 [JavaFX Application Thread] DEBUG GameApplicationServi - Removing overlay from FXGLStartupScene and adding to FXGLLoadingScene
22:17:59.099 [JavaFX Application Thread] DEBUG PrimaryStageWindow   - FXGLStartupScene -> FXGLLoadingScene
22:17:59.099 [JavaFX Application Thread] DEBUG GameApplicationServi - Clearing previous game
22:17:59.099 [JavaFX Application Thread] DEBUG GameScene            - Clearing game scene
22:17:59.099 [JavaFX Application Thread] DEBUG GameWorld            - Clearing game world
22:17:59.099 [JavaFX Application Thread] DEBUG PhysicsWorld         - Clearing physics world
22:17:59.101 [FXGL Background Thread 1 ] DEBUG FXGLApplication      - Initializing game
22:17:59.102 [JavaFX Application Thread] DEBUG FXGLApplication      - Registering font factories with UI factory
22:17:59.115 [FXGL Background Thread 1 ] DEBUG FXGLAssetLoaderServi - Loading from file system: file:/C:/Users/User/Documents/Millan.Luis/UNEG/Semestre%20IV/Tecnicas%20de%20Prog.%20III/Sonic-rush/target/classes/assets/music/OST.mp3
22:17:59.994 [FXGL Background Thread 1 ] DEBUG AudioPlayer          - Playing music com.almasb.fxgl.audio.Music@676f3bf9
22:18:00.006 [FXGL Background Thread 1 ] INFO  FXGLApplication      - Game initialization took: 0,905 sec
22:18:00.316 [FXGL Background Thread 2 ] INFO  UpdaterService       - Your current version:  17.3
22:18:00.318 [FXGL Background Thread 2 ] INFO  UpdaterService       - Latest stable version: 21.1
22:18:00.694 [JavaFX Application Thread] DEBUG Input                - Clearing active input actions
22:18:00.700 [JavaFX Application Thread] DEBUG GameApplicationServi - Removing overlay from FXGLLoadingScene and adding to GameScene
22:18:00.700 [JavaFX Application Thread] DEBUG PrimaryStageWindow   - FXGLLoadingScene -> GameScene
22:18:01.679 [FXGL Background Thread 3 ] DEBUG Engine               - Logging environment variables
22:18:01.680 [FXGL Background Thread 3 ] DEBUG Engine               - achievements: []
22:18:01.680 [FXGL Background Thread 3 ] DEBUG Engine               - actualHeight: 600.0
22:18:01.680 [FXGL Background Thread 3 ] DEBUG Engine               - actualHeightProperty: ReadOnlyDoubleProperty [value: 600.0]
22:18:01.680 [FXGL Background Thread 3 ] DEBUG Engine               - actualWidth: 1000.0
22:18:01.680 [FXGL Background Thread 3 ] DEBUG Engine               - actualWidthProperty: ReadOnlyDoubleProperty [value: 1000.0]
22:18:01.680 [FXGL Background Thread 3 ] DEBUG Engine               - appIcon: fxgl_icon.png
22:18:01.680 [FXGL Background Thread 3 ] DEBUG Engine               - applicationMode: DEVELOPER
22:18:01.680 [FXGL Background Thread 3 ] DEBUG Engine               - cSSList: [fxgl_dark.css]
22:18:01.680 [FXGL Background Thread 3 ] DEBUG Engine               - collisionDetectionStrategy: BRUTE_FORCE
22:18:01.680 [FXGL Background Thread 3 ] DEBUG Engine               - configClass: Optional.empty
22:18:01.680 [FXGL Background Thread 3 ] DEBUG Engine               - credits: []
22:18:01.681 [FXGL Background Thread 3 ] DEBUG Engine               - defaultCursor: CursorInfo(imageName=fxgl_default_cursor.png, hotspotX=7.0, hotspotY=6.0)
22:18:01.681 [FXGL Background Thread 3 ] DEBUG Engine               - devBBoxColorProperty: ObjectProperty [value: 0xff0000ff]
22:18:01.681 [FXGL Background Thread 3 ] DEBUG Engine               - devEnableDebugCameraProperty: BooleanProperty [value: false]
22:18:01.681 [FXGL Background Thread 3 ] DEBUG Engine               - devSensorColorProperty: ObjectProperty [value: 0xffff00ff]
22:18:01.681 [FXGL Background Thread 3 ] DEBUG Engine               - devShowBBoxProperty: BooleanProperty [value: false]
22:18:01.681 [FXGL Background Thread 3 ] DEBUG Engine               - devShowPositionProperty: BooleanProperty [value: false]
22:18:01.681 [FXGL Background Thread 3 ] DEBUG Engine               - enabledMenuItems: []
22:18:01.681 [FXGL Background Thread 3 ] DEBUG Engine               - engineServices: [class com.almasb.fxgl.app.services.FXGLAssetLoaderService, class com.almasb.fxgl.app.FXGLApplication$GameApplicationService, class com.almasb.fxgl.app.services.FXGLDialogService, class com.almasb.fxgl.app.services.IOTaskExecutorService, class com.almasb.fxgl.io.FileSystemService, class com.almasb.fxgl.localization.LocalizationService, class com.almasb.fxgl.app.services.SystemBundleService, class com.almasb.fxgl.profile.SaveLoadService, class com.almasb.fxgl.ui.FXGLUIFactoryServiceProvider, class com.almasb.fxgl.ui.FXGLDialogFactoryServiceProvider, class com.almasb.fxgl.audio.AudioPlayer, class com.almasb.fxgl.notification.impl.NotificationServiceProvider, class com.almasb.fxgl.achievement.AchievementService, class com.almasb.fxgl.cutscene.CutsceneService, class com.almasb.fxgl.minigames.MiniGameService, class com.almasb.fxgl.net.NetService, class com.almasb.fxgl.app.services.UpdaterService, class com.almasb.fxgl.dev.DevService, class com.almasb.fxgl.multiplayer.MultiplayerService]
22:18:01.681 [FXGL Background Thread 3 ] DEBUG Engine               - fontGame: Abel-Regular.ttf
22:18:01.681 [FXGL Background Thread 3 ] DEBUG Engine               - fontMono: TerminalLandMono-Regular.otf
22:18:01.682 [FXGL Background Thread 3 ] DEBUG Engine               - fontSizeScaleUI: 1.0
22:18:01.682 [FXGL Background Thread 3 ] DEBUG Engine               - fontText: Courier-Prime.ttf
22:18:01.682 [FXGL Background Thread 3 ] DEBUG Engine               - fontUI: VarelaRound-Regular.ttf
22:18:01.682 [FXGL Background Thread 3 ] DEBUG Engine               - fullScreen: BooleanProperty [value: false]
22:18:01.682 [FXGL Background Thread 3 ] DEBUG Engine               - gameDifficulty: MEDIUM
22:18:01.682 [FXGL Background Thread 3 ] DEBUG Engine               - gameDifficultyProperty: ObjectProperty [value: MEDIUM]
22:18:01.682 [FXGL Background Thread 3 ] DEBUG Engine               - globalMusicVolume: 0.5
22:18:01.682 [FXGL Background Thread 3 ] DEBUG Engine               - globalMusicVolumeProperty: DoubleProperty [value: 0.5]
22:18:01.682 [FXGL Background Thread 3 ] DEBUG Engine               - globalSoundVolume: 0.5
22:18:01.682 [FXGL Background Thread 3 ] DEBUG Engine               - globalSoundVolumeProperty: DoubleProperty [value: 0.5]
22:18:01.682 [FXGL Background Thread 3 ] DEBUG Engine               - height: 600
22:18:01.682 [FXGL Background Thread 3 ] DEBUG Engine               - is3D: false
22:18:01.682 [FXGL Background Thread 3 ] DEBUG Engine               - isAndroid: false
22:18:01.682 [FXGL Background Thread 3 ] DEBUG Engine               - isBrowser: false
22:18:01.682 [FXGL Background Thread 3 ] DEBUG Engine               - isClickFeedbackEnabled: false
22:18:01.682 [FXGL Background Thread 3 ] DEBUG Engine               - isCloseConfirmation: false
22:18:01.683 [FXGL Background Thread 3 ] DEBUG Engine               - isDesktop: true
22:18:01.683 [FXGL Background Thread 3 ] DEBUG Engine               - isDeveloperMenuEnabled: false
22:18:01.683 [FXGL Background Thread 3 ] DEBUG Engine               - isEmbedded: false
22:18:01.683 [FXGL Background Thread 3 ] DEBUG Engine               - isEntityPreloadEnabled: true
22:18:01.683 [FXGL Background Thread 3 ] DEBUG Engine               - isExperimentalTiledLargeMap: false
22:18:01.683 [FXGL Background Thread 3 ] DEBUG Engine               - isFileSystemWriteAllowed: true
22:18:01.683 [FXGL Background Thread 3 ] DEBUG Engine               - isFullScreenAllowed: false
22:18:01.683 [FXGL Background Thread 3 ] DEBUG Engine               - isFullScreenFromStart: false
22:18:01.683 [FXGL Background Thread 3 ] DEBUG Engine               - isGameMenuEnabled: true
22:18:01.683 [FXGL Background Thread 3 ] DEBUG Engine               - isIOS: false
22:18:01.683 [FXGL Background Thread 3 ] DEBUG Engine               - isIntroEnabled: false
22:18:01.683 [FXGL Background Thread 3 ] DEBUG Engine               - isLinux: false
22:18:01.683 [FXGL Background Thread 3 ] DEBUG Engine               - isMac: false
22:18:01.683 [FXGL Background Thread 3 ] DEBUG Engine               - isMainMenuEnabled: false
22:18:01.683 [FXGL Background Thread 3 ] DEBUG Engine               - isManualResizeEnabled: false
22:18:01.684 [FXGL Background Thread 3 ] DEBUG Engine               - isMobile: false
22:18:01.684 [FXGL Background Thread 3 ] DEBUG Engine               - isNative: false
22:18:01.684 [FXGL Background Thread 3 ] DEBUG Engine               - isPauseMusicWhenMinimized: true
22:18:01.684 [FXGL Background Thread 3 ] DEBUG Engine               - isPreserveResizeRatio: false
22:18:01.684 [FXGL Background Thread 3 ] DEBUG Engine               - isProfilingEnabled: false
22:18:01.684 [FXGL Background Thread 3 ] DEBUG Engine               - isScaleAffectedOnResize: true
22:18:01.684 [FXGL Background Thread 3 ] DEBUG Engine               - isSingleStep: false
22:18:01.684 [FXGL Background Thread 3 ] DEBUG Engine               - isUserProfileEnabled: false
22:18:01.684 [FXGL Background Thread 3 ] DEBUG Engine               - isWindows: true
22:18:01.684 [FXGL Background Thread 3 ] DEBUG Engine               - language: ObjectProperty [value: ENGLISH]
22:18:01.684 [FXGL Background Thread 3 ] DEBUG Engine               - menuKey: ESCAPE
22:18:01.684 [FXGL Background Thread 3 ] DEBUG Engine               - mouseSensitivity: 0.2
22:18:01.684 [FXGL Background Thread 3 ] DEBUG Engine               - notificationViewClass: class com.almasb.fxgl.notification.view.XboxNotificationView
22:18:01.684 [FXGL Background Thread 3 ] DEBUG Engine               - pixelsPerMeter: 50.0
22:18:01.684 [FXGL Background Thread 3 ] DEBUG Engine               - platform: WINDOWS
22:18:01.684 [FXGL Background Thread 3 ] DEBUG Engine               - prefHeightProperty: ReadOnlyDoubleProperty [value: 600.0]
22:18:01.684 [FXGL Background Thread 3 ] DEBUG Engine               - prefWidthProperty: ReadOnlyDoubleProperty [value: 1000.0]
22:18:01.684 [FXGL Background Thread 3 ] DEBUG Engine               - profileDir: profiles/
22:18:01.685 [FXGL Background Thread 3 ] DEBUG Engine               - profileName: StringProperty [value: DEFAULT]
22:18:01.685 [FXGL Background Thread 3 ] DEBUG Engine               - randomSeed: -1
22:18:01.685 [FXGL Background Thread 3 ] DEBUG Engine               - runtimeInfo: RuntimeInfo(platform=WINDOWS, version=17.3, build=30.03.2023 11.49)
22:18:01.685 [FXGL Background Thread 3 ] DEBUG Engine               - saveFileExt: sav
22:18:01.685 [FXGL Background Thread 3 ] DEBUG Engine               - scaledHeightProp$fxgl: DoubleProperty [bound, value: 600.0]
22:18:01.685 [FXGL Background Thread 3 ] DEBUG Engine               - scaledWidthProp$fxgl: DoubleProperty [bound, value: 1000.0]
22:18:01.685 [FXGL Background Thread 3 ] DEBUG Engine               - sceneFactory: com.almasb.fxgl.app.scene.SceneFactory@726b1ab2
22:18:01.685 [FXGL Background Thread 3 ] DEBUG Engine               - secondsIn24h: 60
22:18:01.685 [FXGL Background Thread 3 ] DEBUG Engine               - soundMenuBack: menu/back.wav
22:18:01.685 [FXGL Background Thread 3 ] DEBUG Engine               - soundMenuPress: menu/press.wav
22:18:01.685 [FXGL Background Thread 3 ] DEBUG Engine               - soundMenuSelect: menu/select.wav
22:18:01.685 [FXGL Background Thread 3 ] DEBUG Engine               - soundNotification: core/notification.wav
22:18:01.685 [FXGL Background Thread 3 ] DEBUG Engine               - stageStyle: DECORATED
22:18:01.686 [FXGL Background Thread 3 ] DEBUG Engine               - supportedLanguages: [ENGLISH, FRENCH, GERMAN, HUNGARIAN, RUSSIAN]
22:18:01.686 [FXGL Background Thread 3 ] DEBUG Engine               - ticksPerSecond: -1
22:18:01.686 [FXGL Background Thread 3 ] DEBUG Engine               - title: Jugador Sonic
22:18:01.686 [FXGL Background Thread 3 ] DEBUG Engine               - urlGithub: https://github.com/AlmasB/FXGL
22:18:01.686 [FXGL Background Thread 3 ] DEBUG Engine               - urlLeaderboard: http://fxgl-top.herokuapp.com/
22:18:01.686 [FXGL Background Thread 3 ] DEBUG Engine               - urlPOM: https://raw.githubusercontent.com/AlmasB/FXGL/release/README.md
22:18:01.686 [FXGL Background Thread 3 ] DEBUG Engine               - userAppClass: class Runner.ClientRunner
22:18:01.686 [FXGL Background Thread 3 ] DEBUG Engine               - version: 0.0
22:18:01.686 [FXGL Background Thread 3 ] DEBUG Engine               - versionCheckDays: 7
22:18:01.686 [FXGL Background Thread 3 ] DEBUG Engine               - width: 1000
22:18:01.686 [FXGL Background Thread 3 ] DEBUG Engine               - Logging services
22:18:01.686 [FXGL Background Thread 3 ] DEBUG Engine               - class com.almasb.fxgl.app.services.FXGLAssetLoaderService
22:18:01.686 [FXGL Background Thread 3 ] DEBUG Engine               - class com.almasb.fxgl.app.FXGLApplication$GameApplicationService
22:18:01.686 [FXGL Background Thread 3 ] DEBUG Engine               - class com.almasb.fxgl.app.services.FXGLDialogService
22:18:01.686 [FXGL Background Thread 3 ] DEBUG Engine               - class com.almasb.fxgl.app.services.IOTaskExecutorService
22:18:01.686 [FXGL Background Thread 3 ] DEBUG Engine               - class com.almasb.fxgl.io.FileSystemService
22:18:01.686 [FXGL Background Thread 3 ] DEBUG Engine               - class com.almasb.fxgl.localization.LocalizationService
22:18:01.687 [FXGL Background Thread 3 ] DEBUG Engine               - class com.almasb.fxgl.app.services.SystemBundleService
22:18:01.687 [FXGL Background Thread 3 ] DEBUG Engine               - class com.almasb.fxgl.profile.SaveLoadService
22:18:01.687 [FXGL Background Thread 3 ] DEBUG Engine               - class com.almasb.fxgl.ui.FXGLUIFactoryServiceProvider
22:18:01.687 [FXGL Background Thread 3 ] DEBUG Engine               - class com.almasb.fxgl.ui.FXGLDialogFactoryServiceProvider
22:18:01.687 [FXGL Background Thread 3 ] DEBUG Engine               - class com.almasb.fxgl.audio.AudioPlayer
22:18:01.687 [FXGL Background Thread 3 ] DEBUG Engine               - class com.almasb.fxgl.notification.impl.NotificationServiceProvider
22:18:01.687 [FXGL Background Thread 3 ] DEBUG Engine               - class com.almasb.fxgl.achievement.AchievementService
22:18:01.687 [FXGL Background Thread 3 ] DEBUG Engine               - class com.almasb.fxgl.cutscene.CutsceneService
22:18:01.687 [FXGL Background Thread 3 ] DEBUG Engine               - class com.almasb.fxgl.minigames.MiniGameService
22:18:01.687 [FXGL Background Thread 3 ] DEBUG Engine               - class com.almasb.fxgl.net.NetService
22:18:01.687 [FXGL Background Thread 3 ] DEBUG Engine               - class com.almasb.fxgl.app.services.UpdaterService
22:18:01.687 [FXGL Background Thread 3 ] DEBUG Engine               - class com.almasb.fxgl.dev.DevService
22:18:01.687 [FXGL Background Thread 3 ] DEBUG Engine               - class com.almasb.fxgl.multiplayer.MultiplayerService
22:18:08.854 [JavaFX Application Thread] DEBUG PrimaryStageWindow   - Push state: DialogSubScene
22:18:08.854 [JavaFX Application Thread] DEBUG Input                - Clearing active input actions
22:18:08.855 [JavaFX Application Thread] DEBUG GameApplicationServi - Removing overlay from GameScene and adding to DialogSubScene
22:18:08.855 [JavaFX Application Thread] DEBUG PrimaryStageWindow   - GameScene -> DialogSubScene
22:18:10.772 [JavaFX Application Thread] DEBUG PrimaryStageWindow   - Pop state: DialogSubScene
22:18:10.772 [JavaFX Application Thread] DEBUG Input                - Clearing active input actions
22:18:10.773 [JavaFX Application Thread] DEBUG GameApplicationServi - Removing overlay from DialogSubScene and adding to GameScene
22:18:10.773 [JavaFX Application Thread] DEBUG PrimaryStageWindow   - GameScene <- DialogSubScene
22:18:13.013 [JavaFX Application Thread] DEBUG PrimaryStageWindow   - Push state: DialogSubScene
22:18:13.013 [JavaFX Application Thread] DEBUG Input                - Clearing active input actions
22:18:13.014 [JavaFX Application Thread] DEBUG GameApplicationServi - Removing overlay from GameScene and adding to DialogSubScene
22:18:13.014 [JavaFX Application Thread] DEBUG PrimaryStageWindow   - GameScene -> DialogSubScene
22:18:14.301 [JavaFX Application Thread] DEBUG PrimaryStageWindow   - Pop state: DialogSubScene
22:18:14.301 [JavaFX Application Thread] DEBUG Input                - Clearing active input actions
22:18:14.301 [JavaFX Application Thread] DEBUG GameApplicationServi - Removing overlay from DialogSubScene and adding to GameScene
22:18:14.301 [JavaFX Application Thread] DEBUG PrimaryStageWindow   - GameScene <- DialogSubScene
22:18:16.172 [JavaFX Application Thread] DEBUG PrimaryStageWindow   - Push state: DialogSubScene
22:18:16.172 [JavaFX Application Thread] DEBUG Input                - Clearing active input actions
22:18:16.172 [JavaFX Application Thread] DEBUG GameApplicationServi - Removing overlay from GameScene and adding to DialogSubScene
22:18:16.173 [JavaFX Application Thread] DEBUG PrimaryStageWindow   - GameScene -> DialogSubScene
22:18:17.236 [JavaFX Application Thread] DEBUG PrimaryStageWindow   - Pop state: DialogSubScene
22:18:17.237 [JavaFX Application Thread] DEBUG Input                - Clearing active input actions
22:18:17.237 [JavaFX Application Thread] DEBUG GameApplicationServi - Removing overlay from DialogSubScene and adding to GameScene
22:18:17.237 [JavaFX Application Thread] DEBUG PrimaryStageWindow   - GameScene <- DialogSubScene
22:18:22.606 [JavaFX Application Thread] DEBUG FXGLAssetLoaderServi - Loading from file system: file:/C:/Users/User/Documents/Millan.Luis/UNEG/Semestre%20IV/Tecnicas%20de%20Prog.%20III/Sonic-rush/target/classes/assets/textures/fondo.png
22:18:22.730 [JavaFX Application Thread] DEBUG TMXLevelLoader       - Parsed TiledMap: file:/C:/Users/User/Documents/Millan.Luis/UNEG/Semestre%20IV/Tecnicas%20de%20Prog.%20III/Sonic-rush/target/classes/assets/levels/mapazo.tmx
22:18:22.731 [JavaFX Application Thread] DEBUG TMXLevelLoader       - Creating tile layer entities
22:18:22.734 [JavaFX Application Thread] DEBUG TilesetLoader        - Loading view for layer Capa de patrones 1
22:18:22.739 [JavaFX Application Thread] DEBUG TilesetLoader        - Created buffer with size 3840.0x720.0
22:18:22.775 [JavaFX Application Thread] DEBUG TMXLevelLoader       - Creating object layer entities
22:18:22.798 [JavaFX Application Thread] DEBUG GameWorld            - Clearing removable entities
22:18:22.800 [JavaFX Application Thread] DEBUG GameWorld            - Setting level: com.almasb.fxgl.entity.level.Level@3362cabe
22:18:22.812 [JavaFX Application Thread] DEBUG FXGLAssetLoaderServi - Loading from file system: file:/C:/Users/User/Documents/Millan.Luis/UNEG/Semestre%20IV/Tecnicas%20de%20Prog.%20III/Sonic-rush/target/classes/assets/textures/Enemigos/eggman.png
22:18:22.821 [ClientAsyncConnThread    ] DEBUG TCPClient            - Connecting to localhost:55555 type: class com.almasb.fxgl.core.serialization.Bundle
22:18:22.823 [ClientAsyncConnThread    ] DEBUG TCPClient            - Created socket to localhost:55555
22:18:22.830 [ClientAsyncConnThread    ] DEBUG Endpoint             - TCPClient opening new connection (1) from localhost/127.0.0.1:55555 type: class com.almasb.fxgl.core.serialization.Bundle
22:18:22.832 [ClientAsyncConnThread    ] DEBUG Endpoint             - TCPClient successfully opened connection (1)
22:18:22.854 [TCPClient_SendThread-1   ] DEBUG Writers              - Getting TCPMessageWriter for class com.almasb.fxgl.core.serialization.Bundle
22:18:22.856 [TCPClient_RecvThread-1   ] DEBUG Readers              - Getting TCPMessageReader for class com.almasb.fxgl.core.serialization.Bundle
22:18:22.880 [TCPClient_RecvThread-1   ] DEBUG Readers              - Constructed MessageReader for class com.almasb.fxgl.core.serialization.Bundle: BundleTCPMessageReader
22:18:22.910 [JavaFX Application Thread] DEBUG FXGLAssetLoaderServi - Loading from file system: file:/C:/Users/User/Documents/Millan.Luis/UNEG/Semestre%20IV/Tecnicas%20de%20Prog.%20III/Sonic-rush/target/classes/assets/textures/Items/ring.png
22:18:22.934 [JavaFX Application Thread] DEBUG FXGLAssetLoaderServi - Loading from file system: file:/C:/Users/User/Documents/Millan.Luis/UNEG/Semestre%20IV/Tecnicas%20de%20Prog.%20III/Sonic-rush/target/classes/assets/textures/Items/caucho.png
22:18:22.937 [JavaFX Application Thread] DEBUG FXGLAssetLoaderServi - Loading from file system: file:/C:/Users/User/Documents/Millan.Luis/UNEG/Semestre%20IV/Tecnicas%20de%20Prog.%20III/Sonic-rush/target/classes/assets/textures/Items/papel.png
22:18:22.939 [JavaFX Application Thread] DEBUG FXGLAssetLoaderServi - Loading from file system: file:/C:/Users/User/Documents/Millan.Luis/UNEG/Semestre%20IV/Tecnicas%20de%20Prog.%20III/Sonic-rush/target/classes/assets/textures/Items/basura.png
22:18:22.951 [JavaFX Application Thread] DEBUG FXGLAssetLoaderServi - Loading from file system: file:/C:/Users/User/Documents/Millan.Luis/UNEG/Semestre%20IV/Tecnicas%20de%20Prog.%20III/Sonic-rush/target/classes/assets/textures/Enemigos/enemigo.png
22:18:22.997 [JavaFX Application Thread] DEBUG FXGLAssetLoaderServi - Loading from file system: file:/C:/Users/User/Documents/Millan.Luis/UNEG/Semestre%20IV/Tecnicas%20de%20Prog.%20III/Sonic-rush/target/classes/assets/textures/Personajes/tails.png
22:18:22.999 [JavaFX Application Thread] DEBUG FXGLAssetLoaderServi - Loading from file system: file:/C:/Users/User/Documents/Millan.Luis/UNEG/Semestre%20IV/Tecnicas%20de%20Prog.%20III/Sonic-rush/target/classes/assets/textures/Personajes/tails_Salta.png
22:18:23.008 [JavaFX Application Thread] DEBUG FXGLAssetLoaderServi - Loading from file system: file:/C:/Users/User/Documents/Millan.Luis/UNEG/Semestre%20IV/Tecnicas%20de%20Prog.%20III/Sonic-rush/target/classes/assets/textures/Personajes/tails_caminando.png
22:18:34.676 [JavaFX Application Thread] DEBUG FXGLApplication      - Exiting FXGL
22:18:34.677 [JavaFX Application Thread] DEBUG LoopRunner           - Stopping loop
22:18:34.677 [JavaFX Application Thread] DEBUG SystemBundleService  - Saving FXGL system data
22:18:34.678 [JavaFX Application Thread] DEBUG FileSystemAccess     - Writing to: C:\Users\User\Documents\Millan.Luis\UNEG\Semestre IV\Tecnicas de Prog. III\Sonic-rush\system\fxgl.bundle
22:18:34.679 [JavaFX Application Thread] DEBUG Async                - Shutting down background threads
22:18:34.679 [JavaFX Application Thread] DEBUG PrimaryStageWindow   - Closing main window
22:18:34.702 [JavaFX Application Thread] DEBUG Logger               - Closing Logger
