12:57:52.653 [main                     ] DEBUG Logger               - Configured Logger
12:57:52.696 [main                     ] DEBUG GameApplication      - Logging settings
Title: Jugador Sonic
Version: 0.0
Width: 1000
Height: 600
Fullscreen: false
Intro: false
Profiling: false
Single step:false
App Mode: DEVELOPER
Menu Key: ESCAPE
Stage Style: DECORATED
Scene Factory: class com.almasb.fxgl.app.scene.SceneFactory

12:57:53.344 [JavaFX Application Thread] DEBUG FXGLApplication      - Initializing FXGL
12:57:53.354 [JavaFX Application Thread] INFO  Engine               - FXGL-17.3 (30.03.2023 11.49) on WINDOWS (J:17.0.12 FX:20)
12:57:53.359 [JavaFX Application Thread] DEBUG Engine               - JRE Vendor Name: Oracle Corporation
12:57:53.360 [JavaFX Application Thread] DEBUG Engine               - Running on OS: Windows 10 version 10.0
12:57:53.361 [JavaFX Application Thread] DEBUG Engine               - Architecture: amd64
12:57:53.361 [JavaFX Application Thread] INFO  Engine               - Source code and latest versions at: https://github.com/AlmasB/FXGL
12:57:53.361 [JavaFX Application Thread] INFO  Engine               -       Ask questions and discuss at: https://github.com/AlmasB/FXGL/discussions
12:57:53.361 [JavaFX Application Thread] INFO  Engine               -              Join the FXGL chat at: https://gitter.im/AlmasB/FXGL
12:57:53.653 [JavaFX Application Thread] DEBUG PrimaryStageWindow   - Creating a JavaFX scene
12:57:53.736 [JavaFX Application Thread] DEBUG PrimaryStageWindow   - Target settings size: 1000.0 x 600.0
12:57:53.736 [JavaFX Application Thread] DEBUG PrimaryStageWindow   - Scaled scene size:    1000.0 x 600.0
12:57:53.737 [JavaFX Application Thread] DEBUG PrimaryStageWindow   - Scaled ratio: (1.0, 1.0)
12:57:53.739 [JavaFX Application Thread] DEBUG PrimaryStageWindow   - Set initial scene to FXGLStartupScene
12:57:53.749 [JavaFX Application Thread] DEBUG PrimaryStageWindow   - Opening main window
12:57:53.874 [JavaFX Application Thread] DEBUG PrimaryStageWindow   - Window border size: (14.4000244140625, 37.5999755859375)
12:57:53.875 [JavaFX Application Thread] DEBUG PrimaryStageWindow   - Scaled size: 1000.0 x 600.0
12:57:53.875 [JavaFX Application Thread] DEBUG PrimaryStageWindow   - Scaled ratio: (1.0, 1.0)
12:57:53.876 [JavaFX Application Thread] DEBUG PrimaryStageWindow   - Scene size: 1000.0 x 600.0
12:57:53.876 [JavaFX Application Thread] DEBUG PrimaryStageWindow   - Stage size: 1014.4000244140625 x 637.5999755859375
12:57:53.988 [FXGL Background Thread 1 ] DEBUG Engine               - Initializing environment variables
12:57:54.070 [FXGL Background Thread 1 ] DEBUG FXGLAssetLoaderServi - User app class for loading assets: class Runner.ClientRunner
12:57:54.071 [FXGL Background Thread 1 ] DEBUG GameApplicationServi - Applying CSS: fxgl_dark.css
12:57:54.074 [FXGL Background Thread 1 ] DEBUG FXGLAssetLoaderServi - Loading from file system: jar:file:/C:/Users/Owner/.m2/repository/com/github/almasb/fxgl/17.3/fxgl-17.3.jar!/fxglassets/ui/css/fxgl_dark.css
12:57:54.173 [FXGL Background Thread 1 ] DEBUG GameApplicationServi - Initializing application scenes
12:57:54.274 [FXGL Background Thread 1 ] DEBUG GameWorld            - Game world initialized
12:57:54.428 [FXGL Background Thread 1 ] DEBUG PhysicsWorld         - Physics world initialized: appHeight=600, physics.ppm=50.0
12:57:54.429 [FXGL Background Thread 1 ] DEBUG PhysicsWorld         - Using strategy: BRUTE_FORCE
12:57:54.440 [FXGL Background Thread 1 ] DEBUG GameScene            - Game scene initialized: 1000x600
12:57:54.496 [FXGL Background Thread 1 ] DEBUG FXGL.DefaultMenu     - createMenuBodyGameMenu()
12:57:54.604 [FXGL Background Thread 1 ] DEBUG FXGL.DefaultMenu     - createOptionsMenu()
12:57:54.683 [FXGL Background Thread 1 ] DEBUG FXGLAssetLoaderServi - Loading from file system: jar:file:/C:/Users/Owner/.m2/repository/com/github/almasb/fxgl/17.3/fxgl-17.3.jar!/fxglassets/textures/particles/smoke.png
12:57:55.353 [FXGL Background Thread 1 ] DEBUG FXGLAssetLoaderServi - Loading from file system: jar:file:/C:/Users/Owner/.m2/repository/com/github/almasb/fxgl/17.3/fxgl-17.3.jar!/fxglassets/textures/particles/trace_horizontal.png
12:57:55.495 [FXGL Background Thread 1 ] DEBUG GameApplicationServi - Application scenes initialized
12:57:55.587 [FXGL Background Thread 1 ] DEBUG SystemBundleService  - Loading FXGL system data
12:57:55.603 [FXGL Background Thread 1 ] DEBUG FileSystemAccess     - Reading from: C:\Users\Owner\Desktop\Sonic-rush\system\fxgl.bundle
12:57:55.632 [FXGL Background Thread 1 ] DEBUG SystemBundleService  - Bundle FXGL: {}
12:57:55.633 [FXGL Background Thread 1 ] DEBUG UpdaterService       - Checking for updates
12:57:55.671 [FXGL Background Thread 1 ] DEBUG FXGLApplication      - Loading default localization
12:57:55.682 [FXGL Background Thread 1 ] DEBUG FXGLAssetLoaderServi - Loading from file system: jar:file:/C:/Users/Owner/.m2/repository/com/github/almasb/fxgl/17.3/fxgl-17.3.jar!/fxglassets/languages/english.lang
12:57:55.816 [FXGL Background Thread 1 ] INFO  FXGLApplication      - FXGL initialization took: 1.827 sec
12:57:55.836 [FXGL Background Thread 4 ] DEBUG FXGLApplication      - Loading fonts
12:57:55.839 [FXGL Background Thread 4 ] DEBUG FXGLAssetLoaderServi - Loading from file system: jar:file:/C:/Users/Owner/.m2/repository/com/github/almasb/fxgl/17.3/fxgl-17.3.jar!/fxglassets/ui/fonts/VarelaRound-Regular.ttf
12:57:55.974 [JavaFX Application Thread] DEBUG Input                - Registered new binding: Mover a la izquierda - A
12:57:55.975 [JavaFX Application Thread] DEBUG Input                - Registered new binding: Mover a la derecha - D
12:57:55.975 [JavaFX Application Thread] DEBUG Input                - Registered new binding: Saltar - W
12:57:55.976 [JavaFX Application Thread] DEBUG Input                - Registered new binding: Interactuar - E
12:57:55.977 [JavaFX Application Thread] DEBUG Input                - Registered new binding: Desactivar filtro - L
12:57:55.980 [JavaFX Application Thread] DEBUG FXGLAssetLoaderServi - Loading from file system: jar:file:/C:/Users/Owner/.m2/repository/com/github/almasb/fxgl/17.3/fxgl-17.3.jar!/fxglassets/textures/fxgl_icon.png
12:57:56.093 [JavaFX Application Thread] DEBUG FXGLAssetLoaderServi - Loading from file system: jar:file:/C:/Users/Owner/.m2/repository/com/github/almasb/fxgl/17.3/fxgl-17.3.jar!/fxglassets/textures/fxgl_default_cursor.png
12:57:56.103 [JavaFX Application Thread] DEBUG Input                - Registered new binding: Screenshot - CTRL+8
12:57:56.107 [JavaFX Application Thread] DEBUG Input                - Registered new binding: System info dump - CTRL+9
12:57:56.151 [JavaFX Application Thread] DEBUG Input                - Registered new binding: Restart - CTRL+R
12:57:56.162 [JavaFX Application Thread] DEBUG Input                - Registered new binding: Toggle Debug Camera - CTRL+7
12:57:56.186 [JavaFX Application Thread] DEBUG LoopRunner           - Starting loop
12:57:56.186 [JavaFX Application Thread] DEBUG LoopRunner           - Initializing JavaFX AnimationTimerLoop
12:57:56.191 [JavaFX Application Thread] DEBUG GameApplicationServi - Starting new game
12:57:56.192 [JavaFX Application Thread] DEBUG Input                - Clearing active input actions
12:57:56.237 [JavaFX Application Thread] DEBUG GameApplicationServi - Removing overlay from FXGLStartupScene and adding to FXGLLoadingScene
12:57:56.237 [JavaFX Application Thread] DEBUG PrimaryStageWindow   - FXGLStartupScene -> FXGLLoadingScene
12:57:56.237 [JavaFX Application Thread] DEBUG GameApplicationServi - Clearing previous game
12:57:56.238 [JavaFX Application Thread] DEBUG GameScene            - Clearing game scene
12:57:56.239 [JavaFX Application Thread] DEBUG GameWorld            - Clearing game world
12:57:56.239 [JavaFX Application Thread] DEBUG PhysicsWorld         - Clearing physics world
12:57:56.242 [FXGL Background Thread 1 ] DEBUG FXGLApplication      - Initializing game
12:57:56.275 [FXGL Background Thread 1 ] DEBUG FXGLAssetLoaderServi - Loading from file system: file:/C:/Users/Owner/Desktop/Sonic-rush/target/classes/assets/music/OST2.mp3
12:57:57.362 [FXGL Background Thread 4 ] DEBUG FXGLAssetLoaderServi - Loading from file system: jar:file:/C:/Users/Owner/.m2/repository/com/github/almasb/fxgl/17.3/fxgl-17.3.jar!/fxglassets/ui/fonts/Abel-Regular.ttf
12:57:57.371 [FXGL Background Thread 4 ] DEBUG FXGLAssetLoaderServi - Loading from file system: jar:file:/C:/Users/Owner/.m2/repository/com/github/almasb/fxgl/17.3/fxgl-17.3.jar!/fxglassets/ui/fonts/TerminalLandMono-Regular.otf
12:57:57.377 [FXGL Background Thread 4 ] DEBUG FXGLAssetLoaderServi - Loading from file system: jar:file:/C:/Users/Owner/.m2/repository/com/github/almasb/fxgl/17.3/fxgl-17.3.jar!/fxglassets/ui/fonts/Courier-Prime.ttf
12:57:57.389 [JavaFX Application Thread] DEBUG FXGLApplication      - Registering font factories with UI factory
12:57:57.793 [FXGL Background Thread 1 ] DEBUG AudioPlayer          - Playing music com.almasb.fxgl.audio.Music@1e4d9c09
12:57:57.805 [FXGL Background Thread 1 ] INFO  FXGLApplication      - Game initialization took: 1.562 sec
12:57:58.226 [JavaFX Application Thread] DEBUG Input                - Clearing active input actions
12:57:58.245 [JavaFX Application Thread] DEBUG GameApplicationServi - Removing overlay from FXGLLoadingScene and adding to GameScene
12:57:58.246 [JavaFX Application Thread] DEBUG PrimaryStageWindow   - FXGLLoadingScene -> GameScene
12:57:58.422 [FXGL Background Thread 2 ] INFO  UpdaterService       - Your current version:  17.3
12:57:58.633 [FXGL Background Thread 2 ] INFO  UpdaterService       - Latest stable version: 21.1
12:57:58.663 [FXGL Background Thread 3 ] DEBUG Engine               - Logging environment variables
12:57:58.817 [FXGL Background Thread 3 ] DEBUG Engine               - achievements: []
12:57:58.818 [FXGL Background Thread 3 ] DEBUG Engine               - actualHeight: 600.0
12:57:58.819 [FXGL Background Thread 3 ] DEBUG Engine               - actualHeightProperty: ReadOnlyDoubleProperty [value: 600.0]
12:57:58.821 [FXGL Background Thread 3 ] DEBUG Engine               - actualWidth: 1000.0
12:57:58.821 [FXGL Background Thread 3 ] DEBUG Engine               - actualWidthProperty: ReadOnlyDoubleProperty [value: 1000.0]
12:57:58.821 [FXGL Background Thread 3 ] DEBUG Engine               - appIcon: fxgl_icon.png
12:57:58.821 [FXGL Background Thread 3 ] DEBUG Engine               - applicationMode: DEVELOPER
12:57:58.821 [FXGL Background Thread 3 ] DEBUG Engine               - cSSList: [fxgl_dark.css]
12:57:58.822 [FXGL Background Thread 3 ] DEBUG Engine               - collisionDetectionStrategy: BRUTE_FORCE
12:57:58.822 [FXGL Background Thread 3 ] DEBUG Engine               - configClass: Optional.empty
12:57:58.822 [FXGL Background Thread 3 ] DEBUG Engine               - credits: []
12:57:58.822 [FXGL Background Thread 3 ] DEBUG Engine               - defaultCursor: CursorInfo(imageName=fxgl_default_cursor.png, hotspotX=7.0, hotspotY=6.0)
12:57:58.823 [FXGL Background Thread 3 ] DEBUG Engine               - devBBoxColorProperty: ObjectProperty [value: 0xff0000ff]
12:57:58.823 [FXGL Background Thread 3 ] DEBUG Engine               - devEnableDebugCameraProperty: BooleanProperty [value: false]
12:57:58.825 [FXGL Background Thread 3 ] DEBUG Engine               - devSensorColorProperty: ObjectProperty [value: 0xffff00ff]
12:57:58.825 [FXGL Background Thread 3 ] DEBUG Engine               - devShowBBoxProperty: BooleanProperty [value: false]
12:57:58.826 [FXGL Background Thread 3 ] DEBUG Engine               - devShowPositionProperty: BooleanProperty [value: false]
12:57:58.826 [FXGL Background Thread 3 ] DEBUG Engine               - enabledMenuItems: []
12:57:58.826 [FXGL Background Thread 3 ] DEBUG Engine               - engineServices: [class com.almasb.fxgl.app.services.FXGLAssetLoaderService, class com.almasb.fxgl.app.FXGLApplication$GameApplicationService, class com.almasb.fxgl.app.services.FXGLDialogService, class com.almasb.fxgl.app.services.IOTaskExecutorService, class com.almasb.fxgl.io.FileSystemService, class com.almasb.fxgl.localization.LocalizationService, class com.almasb.fxgl.app.services.SystemBundleService, class com.almasb.fxgl.profile.SaveLoadService, class com.almasb.fxgl.ui.FXGLUIFactoryServiceProvider, class com.almasb.fxgl.ui.FXGLDialogFactoryServiceProvider, class com.almasb.fxgl.audio.AudioPlayer, class com.almasb.fxgl.notification.impl.NotificationServiceProvider, class com.almasb.fxgl.achievement.AchievementService, class com.almasb.fxgl.cutscene.CutsceneService, class com.almasb.fxgl.minigames.MiniGameService, class com.almasb.fxgl.net.NetService, class com.almasb.fxgl.app.services.UpdaterService, class com.almasb.fxgl.dev.DevService, class com.almasb.fxgl.multiplayer.MultiplayerService]
12:57:58.828 [FXGL Background Thread 3 ] DEBUG Engine               - fontGame: Abel-Regular.ttf
12:57:58.828 [FXGL Background Thread 3 ] DEBUG Engine               - fontMono: TerminalLandMono-Regular.otf
12:57:58.828 [FXGL Background Thread 3 ] DEBUG Engine               - fontSizeScaleUI: 1.0
12:57:58.828 [FXGL Background Thread 3 ] DEBUG Engine               - fontText: Courier-Prime.ttf
12:57:58.828 [FXGL Background Thread 3 ] DEBUG Engine               - fontUI: VarelaRound-Regular.ttf
12:57:58.828 [FXGL Background Thread 3 ] DEBUG Engine               - fullScreen: BooleanProperty [value: false]
12:57:58.829 [FXGL Background Thread 3 ] DEBUG Engine               - gameDifficulty: MEDIUM
12:57:58.829 [FXGL Background Thread 3 ] DEBUG Engine               - gameDifficultyProperty: ObjectProperty [value: MEDIUM]
12:57:58.829 [FXGL Background Thread 3 ] DEBUG Engine               - globalMusicVolume: 0.5
12:57:58.829 [FXGL Background Thread 3 ] DEBUG Engine               - globalMusicVolumeProperty: DoubleProperty [value: 0.5]
12:57:58.829 [FXGL Background Thread 3 ] DEBUG Engine               - globalSoundVolume: 0.5
12:57:58.829 [FXGL Background Thread 3 ] DEBUG Engine               - globalSoundVolumeProperty: DoubleProperty [value: 0.5]
12:57:58.829 [FXGL Background Thread 3 ] DEBUG Engine               - height: 600
12:57:58.829 [FXGL Background Thread 3 ] DEBUG Engine               - is3D: false
12:57:58.829 [FXGL Background Thread 3 ] DEBUG Engine               - isAndroid: false
12:57:58.830 [FXGL Background Thread 3 ] DEBUG Engine               - isBrowser: false
12:57:58.830 [FXGL Background Thread 3 ] DEBUG Engine               - isClickFeedbackEnabled: false
12:57:58.830 [FXGL Background Thread 3 ] DEBUG Engine               - isCloseConfirmation: false
12:57:58.830 [FXGL Background Thread 3 ] DEBUG Engine               - isDesktop: true
12:57:58.830 [FXGL Background Thread 3 ] DEBUG Engine               - isDeveloperMenuEnabled: false
12:57:58.830 [FXGL Background Thread 3 ] DEBUG Engine               - isEmbedded: false
12:57:58.831 [FXGL Background Thread 3 ] DEBUG Engine               - isEntityPreloadEnabled: true
12:57:58.831 [FXGL Background Thread 3 ] DEBUG Engine               - isExperimentalTiledLargeMap: false
12:57:58.831 [FXGL Background Thread 3 ] DEBUG Engine               - isFileSystemWriteAllowed: true
12:57:58.831 [FXGL Background Thread 3 ] DEBUG Engine               - isFullScreenAllowed: false
12:57:58.831 [FXGL Background Thread 3 ] DEBUG Engine               - isFullScreenFromStart: false
12:57:58.831 [FXGL Background Thread 3 ] DEBUG Engine               - isGameMenuEnabled: true
12:57:58.831 [FXGL Background Thread 3 ] DEBUG Engine               - isIOS: false
12:57:58.832 [FXGL Background Thread 3 ] DEBUG Engine               - isIntroEnabled: false
12:57:58.832 [FXGL Background Thread 3 ] DEBUG Engine               - isLinux: false
12:57:58.832 [FXGL Background Thread 3 ] DEBUG Engine               - isMac: false
12:57:58.833 [FXGL Background Thread 3 ] DEBUG Engine               - isMainMenuEnabled: false
12:57:58.834 [FXGL Background Thread 3 ] DEBUG Engine               - isManualResizeEnabled: false
12:57:58.834 [FXGL Background Thread 3 ] DEBUG Engine               - isMobile: false
12:57:58.835 [FXGL Background Thread 3 ] DEBUG Engine               - isNative: false
12:57:58.835 [FXGL Background Thread 3 ] DEBUG Engine               - isPauseMusicWhenMinimized: true
12:57:58.835 [FXGL Background Thread 3 ] DEBUG Engine               - isPreserveResizeRatio: false
12:57:58.835 [FXGL Background Thread 3 ] DEBUG Engine               - isProfilingEnabled: false
12:57:58.835 [FXGL Background Thread 3 ] DEBUG Engine               - isScaleAffectedOnResize: true
12:57:58.835 [FXGL Background Thread 3 ] DEBUG Engine               - isSingleStep: false
12:57:58.835 [FXGL Background Thread 3 ] DEBUG Engine               - isUserProfileEnabled: false
12:57:58.836 [FXGL Background Thread 3 ] DEBUG Engine               - isWindows: true
12:57:58.836 [FXGL Background Thread 3 ] DEBUG Engine               - language: ObjectProperty [value: ENGLISH]
12:57:58.836 [FXGL Background Thread 3 ] DEBUG Engine               - menuKey: ESCAPE
12:57:58.836 [FXGL Background Thread 3 ] DEBUG Engine               - mouseSensitivity: 0.2
12:57:58.836 [FXGL Background Thread 3 ] DEBUG Engine               - notificationViewClass: class com.almasb.fxgl.notification.view.XboxNotificationView
12:57:58.836 [FXGL Background Thread 3 ] DEBUG Engine               - pixelsPerMeter: 50.0
12:57:58.836 [FXGL Background Thread 3 ] DEBUG Engine               - platform: WINDOWS
12:57:58.836 [FXGL Background Thread 3 ] DEBUG Engine               - prefHeightProperty: ReadOnlyDoubleProperty [value: 600.0]
12:57:58.836 [FXGL Background Thread 3 ] DEBUG Engine               - prefWidthProperty: ReadOnlyDoubleProperty [value: 1000.0]
12:57:58.836 [FXGL Background Thread 3 ] DEBUG Engine               - profileDir: profiles/
12:57:58.837 [FXGL Background Thread 3 ] DEBUG Engine               - profileName: StringProperty [value: DEFAULT]
12:57:58.837 [FXGL Background Thread 3 ] DEBUG Engine               - randomSeed: -1
12:57:58.838 [FXGL Background Thread 3 ] DEBUG Engine               - runtimeInfo: RuntimeInfo(platform=WINDOWS, version=17.3, build=30.03.2023 11.49)
12:57:58.838 [FXGL Background Thread 3 ] DEBUG Engine               - saveFileExt: sav
12:57:58.838 [FXGL Background Thread 3 ] DEBUG Engine               - scaledHeightProp$fxgl: DoubleProperty [bound, value: 600.0]
12:57:58.838 [FXGL Background Thread 3 ] DEBUG Engine               - scaledWidthProp$fxgl: DoubleProperty [bound, value: 1000.0]
12:57:58.838 [FXGL Background Thread 3 ] DEBUG Engine               - sceneFactory: com.almasb.fxgl.app.scene.SceneFactory@3b54d70a
12:57:58.838 [FXGL Background Thread 3 ] DEBUG Engine               - secondsIn24h: 60
12:57:58.838 [FXGL Background Thread 3 ] DEBUG Engine               - soundMenuBack: menu/back.wav
12:57:58.838 [FXGL Background Thread 3 ] DEBUG Engine               - soundMenuPress: menu/press.wav
12:57:58.838 [FXGL Background Thread 3 ] DEBUG Engine               - soundMenuSelect: menu/select.wav
12:57:58.838 [FXGL Background Thread 3 ] DEBUG Engine               - soundNotification: core/notification.wav
12:57:58.838 [FXGL Background Thread 3 ] DEBUG Engine               - stageStyle: DECORATED
12:57:58.839 [FXGL Background Thread 3 ] DEBUG Engine               - supportedLanguages: [ENGLISH, FRENCH, GERMAN, HUNGARIAN, RUSSIAN]
12:57:58.839 [FXGL Background Thread 3 ] DEBUG Engine               - ticksPerSecond: -1
12:57:58.839 [FXGL Background Thread 3 ] DEBUG Engine               - title: Jugador Sonic
12:57:58.840 [FXGL Background Thread 3 ] DEBUG Engine               - urlGithub: https://github.com/AlmasB/FXGL
12:57:58.840 [FXGL Background Thread 3 ] DEBUG Engine               - urlLeaderboard: http://fxgl-top.herokuapp.com/
12:57:58.840 [FXGL Background Thread 3 ] DEBUG Engine               - urlPOM: https://raw.githubusercontent.com/AlmasB/FXGL/release/README.md
12:57:58.840 [FXGL Background Thread 3 ] DEBUG Engine               - userAppClass: class Runner.ClientRunner
12:57:58.840 [FXGL Background Thread 3 ] DEBUG Engine               - version: 0.0
12:57:58.840 [FXGL Background Thread 3 ] DEBUG Engine               - versionCheckDays: 7
12:57:58.840 [FXGL Background Thread 3 ] DEBUG Engine               - width: 1000
12:57:58.840 [FXGL Background Thread 3 ] DEBUG Engine               - Logging services
12:57:58.841 [FXGL Background Thread 3 ] DEBUG Engine               - class com.almasb.fxgl.app.services.FXGLAssetLoaderService
12:57:58.841 [FXGL Background Thread 3 ] DEBUG Engine               - class com.almasb.fxgl.app.FXGLApplication$GameApplicationService
12:57:58.841 [FXGL Background Thread 3 ] DEBUG Engine               - class com.almasb.fxgl.app.services.FXGLDialogService
12:57:58.841 [FXGL Background Thread 3 ] DEBUG Engine               - class com.almasb.fxgl.app.services.IOTaskExecutorService
12:57:58.841 [FXGL Background Thread 3 ] DEBUG Engine               - class com.almasb.fxgl.io.FileSystemService
12:57:58.841 [FXGL Background Thread 3 ] DEBUG Engine               - class com.almasb.fxgl.localization.LocalizationService
12:57:58.841 [FXGL Background Thread 3 ] DEBUG Engine               - class com.almasb.fxgl.app.services.SystemBundleService
12:57:58.841 [FXGL Background Thread 3 ] DEBUG Engine               - class com.almasb.fxgl.profile.SaveLoadService
12:57:58.841 [FXGL Background Thread 3 ] DEBUG Engine               - class com.almasb.fxgl.ui.FXGLUIFactoryServiceProvider
12:57:58.841 [FXGL Background Thread 3 ] DEBUG Engine               - class com.almasb.fxgl.ui.FXGLDialogFactoryServiceProvider
12:57:58.841 [FXGL Background Thread 3 ] DEBUG Engine               - class com.almasb.fxgl.audio.AudioPlayer
12:57:58.841 [FXGL Background Thread 3 ] DEBUG Engine               - class com.almasb.fxgl.notification.impl.NotificationServiceProvider
12:57:58.841 [FXGL Background Thread 3 ] DEBUG Engine               - class com.almasb.fxgl.achievement.AchievementService
12:57:58.841 [FXGL Background Thread 3 ] DEBUG Engine               - class com.almasb.fxgl.cutscene.CutsceneService
12:57:58.841 [FXGL Background Thread 3 ] DEBUG Engine               - class com.almasb.fxgl.minigames.MiniGameService
12:57:58.841 [FXGL Background Thread 3 ] DEBUG Engine               - class com.almasb.fxgl.net.NetService
12:57:58.842 [FXGL Background Thread 3 ] DEBUG Engine               - class com.almasb.fxgl.app.services.UpdaterService
12:57:58.842 [FXGL Background Thread 3 ] DEBUG Engine               - class com.almasb.fxgl.dev.DevService
12:57:58.842 [FXGL Background Thread 3 ] DEBUG Engine               - class com.almasb.fxgl.multiplayer.MultiplayerService
12:58:20.522 [JavaFX Application Thread] DEBUG FXGLAssetLoaderServi - Loading from file system: file:/C:/Users/Owner/Desktop/Sonic-rush/target/classes/assets/textures/fondo.png
12:58:21.208 [JavaFX Application Thread] WARN  TMXLevelLoader       - TiledMap generated from 1.11.2. Supported version: 1.9.0. Some features may not be parsed fully.
12:58:21.369 [JavaFX Application Thread] DEBUG TMXLevelLoader       - Parsed TiledMap: file:/C:/Users/Owner/Desktop/Sonic-rush/target/classes/assets/levels/mapazo.tmx
12:58:21.378 [JavaFX Application Thread] DEBUG TMXLevelLoader       - Creating tile layer entities
12:58:21.388 [JavaFX Application Thread] DEBUG TilesetLoader        - Loading view for layer Capa de patrones 1
12:58:21.400 [JavaFX Application Thread] DEBUG TilesetLoader        - Created buffer with size 3840.0x720.0
12:58:21.526 [JavaFX Application Thread] DEBUG TMXLevelLoader       - Creating object layer entities
12:58:21.697 [JavaFX Application Thread] DEBUG GameWorld            - Clearing removable entities
12:58:21.705 [JavaFX Application Thread] DEBUG GameWorld            - Setting level: com.almasb.fxgl.entity.level.Level@44cff49e
12:58:21.754 [ClientAsyncConnThread    ] DEBUG TCPClient            - Connecting to 127.0.0.1:50000 type: class com.almasb.fxgl.core.serialization.Bundle
12:58:21.756 [ClientAsyncConnThread    ] DEBUG TCPClient            - Created socket to 127.0.0.1:50000
12:58:21.790 [ClientAsyncConnThread    ] DEBUG Endpoint             - TCPClient opening new connection (1) from /127.0.0.1:50000 type: class com.almasb.fxgl.core.serialization.Bundle
12:58:21.791 [ClientAsyncConnThread    ] DEBUG Endpoint             - TCPClient successfully opened connection (1)
12:58:21.892 [TCPClient_SendThread-1   ] DEBUG Writers              - Getting TCPMessageWriter for class com.almasb.fxgl.core.serialization.Bundle
12:58:21.901 [TCPClient_SendThread-1   ] DEBUG Writers              - Constructed TCPMessageWriter for class com.almasb.fxgl.core.serialization.Bundle: BundleTCPMessageWriter
12:58:21.906 [TCPClient_RecvThread-1   ] DEBUG Readers              - Getting TCPMessageReader for class com.almasb.fxgl.core.serialization.Bundle
12:58:21.944 [TCPClient_RecvThread-1   ] DEBUG Readers              - Constructed MessageReader for class com.almasb.fxgl.core.serialization.Bundle: BundleTCPMessageReader
12:58:22.094 [JavaFX Application Thread] DEBUG FXGLAssetLoaderServi - Loading from file system: file:/C:/Users/Owner/Desktop/Sonic-rush/target/classes/assets/textures/Items/ring.png
12:58:22.288 [JavaFX Application Thread] DEBUG FXGLAssetLoaderServi - Loading from file system: file:/C:/Users/Owner/Desktop/Sonic-rush/target/classes/assets/textures/Items/basura.png
12:58:22.325 [JavaFX Application Thread] DEBUG FXGLAssetLoaderServi - Loading from file system: file:/C:/Users/Owner/Desktop/Sonic-rush/target/classes/assets/textures/Items/papel.png
12:58:22.382 [JavaFX Application Thread] DEBUG FXGLAssetLoaderServi - Loading from file system: file:/C:/Users/Owner/Desktop/Sonic-rush/target/classes/assets/textures/Items/caucho.png
12:58:22.658 [JavaFX Application Thread] DEBUG FXGLAssetLoaderServi - Loading from file system: file:/C:/Users/Owner/Desktop/Sonic-rush/target/classes/assets/textures/Enemigos/enemigo2.png
12:58:22.761 [JavaFX Application Thread] DEBUG FXGLAssetLoaderServi - Loading from file system: file:/C:/Users/Owner/Desktop/Sonic-rush/target/classes/assets/textures/Personajes/knuckles.png
12:58:22.768 [JavaFX Application Thread] DEBUG FXGLAssetLoaderServi - Loading from file system: file:/C:/Users/Owner/Desktop/Sonic-rush/target/classes/assets/textures/Personajes/knuckles_golpe.png
12:58:27.031 [JavaFX Application Thread] DEBUG FXGLAssetLoaderServi - Loading from file system: file:/C:/Users/Owner/Desktop/Sonic-rush/target/classes/assets/sounds/recoger.wav
12:58:53.428 [JavaFX Application Thread] DEBUG PrimaryStageWindow   - Push state: DialogSubScene
12:58:53.429 [JavaFX Application Thread] DEBUG Input                - Clearing active input actions
12:58:53.434 [JavaFX Application Thread] DEBUG GameApplicationServi - Removing overlay from GameScene and adding to DialogSubScene
12:58:53.436 [JavaFX Application Thread] DEBUG PrimaryStageWindow   - GameScene -> DialogSubScene
12:58:55.126 [JavaFX Application Thread] DEBUG PrimaryStageWindow   - Pop state: DialogSubScene
12:58:55.127 [JavaFX Application Thread] DEBUG Input                - Clearing active input actions
12:58:55.131 [JavaFX Application Thread] DEBUG GameApplicationServi - Removing overlay from DialogSubScene and adding to GameScene
12:58:55.133 [JavaFX Application Thread] DEBUG PrimaryStageWindow   - GameScene <- DialogSubScene
12:58:55.146 [JavaFX Application Thread] DEBUG PrimaryStageWindow   - Push state: DialogSubScene
12:58:55.146 [JavaFX Application Thread] DEBUG Input                - Clearing active input actions
12:58:55.148 [JavaFX Application Thread] DEBUG GameApplicationServi - Removing overlay from GameScene and adding to DialogSubScene
12:58:55.149 [JavaFX Application Thread] DEBUG PrimaryStageWindow   - GameScene -> DialogSubScene
12:58:56.779 [JavaFX Application Thread] DEBUG PrimaryStageWindow   - Pop state: DialogSubScene
12:58:56.779 [JavaFX Application Thread] DEBUG Input                - Clearing active input actions
12:58:56.780 [JavaFX Application Thread] DEBUG GameApplicationServi - Removing overlay from DialogSubScene and adding to GameScene
12:58:56.781 [JavaFX Application Thread] DEBUG PrimaryStageWindow   - GameScene <- DialogSubScene
12:59:09.376 [JavaFX Application Thread] WARN  TMXLevelLoader       - TiledMap generated from 1.11.2. Supported version: 1.9.0. Some features may not be parsed fully.
12:59:09.436 [JavaFX Application Thread] DEBUG TMXLevelLoader       - Parsed TiledMap: file:/C:/Users/Owner/Desktop/Sonic-rush/target/classes/assets/levels/mapazo.tmx
12:59:09.437 [JavaFX Application Thread] DEBUG TMXLevelLoader       - Creating tile layer entities
12:59:09.439 [JavaFX Application Thread] DEBUG TilesetLoader        - Loading view for layer Capa de patrones 1
12:59:09.454 [JavaFX Application Thread] DEBUG TilesetLoader        - Created buffer with size 3840.0x720.0
12:59:09.564 [JavaFX Application Thread] DEBUG TMXLevelLoader       - Creating object layer entities
12:59:09.664 [JavaFX Application Thread] DEBUG GameWorld            - Clearing removable entities
12:59:09.666 [JavaFX Application Thread] DEBUG GameWorld            - Setting level: com.almasb.fxgl.entity.level.Level@7eaaf44d
12:59:09.740 [ClientAsyncConnThread    ] DEBUG TCPClient            - Connecting to 127.0.0.1:50000 type: class com.almasb.fxgl.core.serialization.Bundle
12:59:09.741 [ClientAsyncConnThread    ] DEBUG TCPClient            - Created socket to 127.0.0.1:50000
12:59:09.742 [ClientAsyncConnThread    ] DEBUG Endpoint             - TCPClient opening new connection (1) from /127.0.0.1:50000 type: class com.almasb.fxgl.core.serialization.Bundle
12:59:09.742 [ClientAsyncConnThread    ] DEBUG Endpoint             - TCPClient successfully opened connection (1)
12:59:09.754 [TCPClient_SendThread-1   ] DEBUG Writers              - Getting TCPMessageWriter for class com.almasb.fxgl.core.serialization.Bundle
12:59:09.755 [TCPClient_SendThread-1   ] DEBUG Writers              - Constructed TCPMessageWriter for class com.almasb.fxgl.core.serialization.Bundle: BundleTCPMessageWriter
12:59:09.756 [TCPClient_RecvThread-1   ] DEBUG Readers              - Getting TCPMessageReader for class com.almasb.fxgl.core.serialization.Bundle
12:59:09.758 [TCPClient_RecvThread-1   ] DEBUG Readers              - Constructed MessageReader for class com.almasb.fxgl.core.serialization.Bundle: BundleTCPMessageReader
12:59:09.805 [JavaFX Application Thread] DEBUG FXGLAssetLoaderServi - Loading from file system: file:/C:/Users/Owner/Desktop/Sonic-rush/target/classes/assets/textures/Personajes/sonic.png
12:59:09.814 [JavaFX Application Thread] DEBUG FXGLAssetLoaderServi - Loading from file system: file:/C:/Users/Owner/Desktop/Sonic-rush/target/classes/assets/textures/Personajes/sonic_camina.png
12:59:09.817 [JavaFX Application Thread] DEBUG FXGLAssetLoaderServi - Loading from file system: file:/C:/Users/Owner/Desktop/Sonic-rush/target/classes/assets/textures/Personajes/super_sonic.png
12:59:19.826 [JavaFX Application Thread] DEBUG FXGLAssetLoaderServi - Loading from file system: file:/C:/Users/Owner/Desktop/Sonic-rush/target/classes/assets/sounds/salto.wav
12:59:24.522 [JavaFX Application Thread] DEBUG PrimaryStageWindow   - Push state: DialogSubScene
12:59:24.523 [JavaFX Application Thread] DEBUG Input                - Clearing active input actions
12:59:24.526 [JavaFX Application Thread] DEBUG GameApplicationServi - Removing overlay from GameScene and adding to DialogSubScene
12:59:24.527 [JavaFX Application Thread] DEBUG PrimaryStageWindow   - GameScene -> DialogSubScene
12:59:25.405 [JavaFX Application Thread] DEBUG PrimaryStageWindow   - Pop state: DialogSubScene
12:59:25.406 [JavaFX Application Thread] DEBUG Input                - Clearing active input actions
12:59:25.408 [JavaFX Application Thread] DEBUG GameApplicationServi - Removing overlay from DialogSubScene and adding to GameScene
12:59:25.422 [JavaFX Application Thread] DEBUG PrimaryStageWindow   - GameScene <- DialogSubScene
12:59:25.426 [JavaFX Application Thread] DEBUG PrimaryStageWindow   - Push state: DialogSubScene
12:59:25.427 [JavaFX Application Thread] DEBUG Input                - Clearing active input actions
12:59:25.438 [JavaFX Application Thread] DEBUG GameApplicationServi - Removing overlay from GameScene and adding to DialogSubScene
12:59:25.440 [JavaFX Application Thread] DEBUG PrimaryStageWindow   - GameScene -> DialogSubScene
12:59:26.893 [JavaFX Application Thread] DEBUG PrimaryStageWindow   - Pop state: DialogSubScene
12:59:26.893 [JavaFX Application Thread] DEBUG Input                - Clearing active input actions
12:59:26.894 [JavaFX Application Thread] DEBUG GameApplicationServi - Removing overlay from DialogSubScene and adding to GameScene
12:59:26.895 [JavaFX Application Thread] DEBUG PrimaryStageWindow   - GameScene <- DialogSubScene
12:59:36.247 [JavaFX Application Thread] WARN  TMXLevelLoader       - TiledMap generated from 1.11.2. Supported version: 1.9.0. Some features may not be parsed fully.
12:59:36.337 [JavaFX Application Thread] DEBUG TMXLevelLoader       - Parsed TiledMap: file:/C:/Users/Owner/Desktop/Sonic-rush/target/classes/assets/levels/mapazo.tmx
12:59:36.338 [JavaFX Application Thread] DEBUG TMXLevelLoader       - Creating tile layer entities
12:59:36.340 [JavaFX Application Thread] DEBUG TilesetLoader        - Loading view for layer Capa de patrones 1
12:59:36.351 [JavaFX Application Thread] DEBUG TilesetLoader        - Created buffer with size 3840.0x720.0
12:59:36.426 [JavaFX Application Thread] DEBUG TMXLevelLoader       - Creating object layer entities
12:59:36.495 [JavaFX Application Thread] DEBUG GameWorld            - Clearing removable entities
12:59:36.496 [JavaFX Application Thread] DEBUG GameWorld            - Setting level: com.almasb.fxgl.entity.level.Level@26bc8f8
12:59:36.758 [ClientAsyncConnThread    ] DEBUG TCPClient            - Connecting to 127.0.0.1:50000 type: class com.almasb.fxgl.core.serialization.Bundle
12:59:36.761 [ClientAsyncConnThread    ] DEBUG TCPClient            - Created socket to 127.0.0.1:50000
12:59:36.761 [ClientAsyncConnThread    ] DEBUG Endpoint             - TCPClient opening new connection (1) from /127.0.0.1:50000 type: class com.almasb.fxgl.core.serialization.Bundle
12:59:36.761 [ClientAsyncConnThread    ] DEBUG Endpoint             - TCPClient successfully opened connection (1)
12:59:36.843 [TCPClient_RecvThread-1   ] DEBUG Readers              - Getting TCPMessageReader for class com.almasb.fxgl.core.serialization.Bundle
12:59:36.907 [TCPClient_SendThread-1   ] DEBUG Writers              - Getting TCPMessageWriter for class com.almasb.fxgl.core.serialization.Bundle
12:59:36.908 [TCPClient_SendThread-1   ] DEBUG Writers              - Constructed TCPMessageWriter for class com.almasb.fxgl.core.serialization.Bundle: BundleTCPMessageWriter
12:59:36.918 [TCPClient_RecvThread-1   ] DEBUG Readers              - Constructed MessageReader for class com.almasb.fxgl.core.serialization.Bundle: BundleTCPMessageReader
12:59:37.248 [JavaFX Application Thread] DEBUG FXGLAssetLoaderServi - Loading from file system: file:/C:/Users/Owner/Desktop/Sonic-rush/target/classes/assets/textures/Personajes/tails.png
12:59:37.253 [JavaFX Application Thread] DEBUG FXGLAssetLoaderServi - Loading from file system: file:/C:/Users/Owner/Desktop/Sonic-rush/target/classes/assets/textures/Personajes/tails_Salta.png
12:59:37.256 [JavaFX Application Thread] DEBUG FXGLAssetLoaderServi - Loading from file system: file:/C:/Users/Owner/Desktop/Sonic-rush/target/classes/assets/textures/Personajes/tails_caminando.png
12:59:55.291 [JavaFX Application Thread] DEBUG FXGLApplication      - Exiting FXGL
12:59:55.291 [JavaFX Application Thread] DEBUG LoopRunner           - Stopping loop
12:59:55.292 [JavaFX Application Thread] DEBUG SystemBundleService  - Saving FXGL system data
12:59:55.295 [JavaFX Application Thread] DEBUG FileSystemAccess     - Writing to: C:\Users\Owner\Desktop\Sonic-rush\system\fxgl.bundle
12:59:55.298 [JavaFX Application Thread] DEBUG Async                - Shutting down background threads
12:59:55.299 [JavaFX Application Thread] DEBUG PrimaryStageWindow   - Closing main window
12:59:55.356 [JavaFX Application Thread] DEBUG Logger               - Closing Logger
