11:58:10.557 [main                     ] DEBUG Logger               - Configured Logger
11:58:10.643 [main                     ] DEBUG GameApplication      - Logging settings
Title: Jugador Sonic
Version: 0.0
Width: 1000
Height: 600
Fullscreen: false
Intro: false
Profiling: false
Single step:false
App Mode: DEVELOPER
Menu Key: ESCAPE
Stage Style: DECORATED
Scene Factory: class com.almasb.fxgl.app.scene.SceneFactory

11:58:11.801 [JavaFX Application Thread] DEBUG FXGLApplication      - Initializing FXGL
11:58:11.813 [JavaFX Application Thread] INFO  Engine               - FXGL-17.3 (30.03.2023 11.49) on WINDOWS (J:17.0.12 FX:20)
11:58:11.815 [JavaFX Application Thread] DEBUG Engine               - JRE Vendor Name: Oracle Corporation
11:58:11.815 [JavaFX Application Thread] DEBUG Engine               - Running on OS: Windows 10 version 10.0
11:58:11.816 [JavaFX Application Thread] DEBUG Engine               - Architecture: amd64
11:58:11.816 [JavaFX Application Thread] INFO  Engine               - Source code and latest versions at: https://github.com/AlmasB/FXGL
11:58:11.816 [JavaFX Application Thread] INFO  Engine               -       Ask questions and discuss at: https://github.com/AlmasB/FXGL/discussions
11:58:11.817 [JavaFX Application Thread] INFO  Engine               -              Join the FXGL chat at: https://gitter.im/AlmasB/FXGL
11:58:12.187 [JavaFX Application Thread] DEBUG PrimaryStageWindow   - Creating a JavaFX scene
11:58:12.417 [JavaFX Application Thread] DEBUG PrimaryStageWindow   - Target settings size: 1000.0 x 600.0
11:58:12.419 [JavaFX Application Thread] DEBUG PrimaryStageWindow   - Scaled scene size:    1000.0 x 600.0
11:58:12.420 [JavaFX Application Thread] DEBUG PrimaryStageWindow   - Scaled ratio: (1.0, 1.0)
11:58:12.425 [JavaFX Application Thread] DEBUG PrimaryStageWindow   - Set initial scene to FXGLStartupScene
11:58:12.442 [JavaFX Application Thread] DEBUG PrimaryStageWindow   - Opening main window
11:58:12.676 [JavaFX Application Thread] DEBUG PrimaryStageWindow   - Window border size: (14.4000244140625, 37.5999755859375)
11:58:12.677 [JavaFX Application Thread] DEBUG PrimaryStageWindow   - Scaled size: 1000.0 x 600.0
11:58:12.677 [JavaFX Application Thread] DEBUG PrimaryStageWindow   - Scaled ratio: (1.0, 1.0)
11:58:12.678 [JavaFX Application Thread] DEBUG PrimaryStageWindow   - Scene size: 1000.0 x 600.0
11:58:12.679 [JavaFX Application Thread] DEBUG PrimaryStageWindow   - Stage size: 1014.4000244140625 x 637.5999755859375
11:58:12.806 [FXGL Background Thread 1 ] DEBUG Engine               - Initializing environment variables
11:58:12.878 [FXGL Background Thread 1 ] DEBUG FXGLAssetLoaderServi - User app class for loading assets: class Runner.ClientRunner
11:58:12.878 [FXGL Background Thread 1 ] DEBUG GameApplicationServi - Applying CSS: fxgl_dark.css
11:58:12.880 [FXGL Background Thread 1 ] DEBUG FXGLAssetLoaderServi - Loading from file system: jar:file:/C:/Users/Owner/.m2/repository/com/github/almasb/fxgl/17.3/fxgl-17.3.jar!/fxglassets/ui/css/fxgl_dark.css
11:58:13.025 [FXGL Background Thread 1 ] DEBUG GameApplicationServi - Initializing application scenes
11:58:13.978 [FXGL Background Thread 1 ] DEBUG GameWorld            - Game world initialized
11:58:14.378 [FXGL Background Thread 1 ] DEBUG PhysicsWorld         - Physics world initialized: appHeight=600, physics.ppm=50.0
11:58:14.378 [FXGL Background Thread 1 ] DEBUG PhysicsWorld         - Using strategy: BRUTE_FORCE
11:58:14.414 [FXGL Background Thread 1 ] DEBUG GameScene            - Game scene initialized: 1000x600
11:58:14.512 [FXGL Background Thread 1 ] DEBUG FXGL.DefaultMenu     - createMenuBodyGameMenu()
11:58:14.696 [FXGL Background Thread 1 ] DEBUG FXGL.DefaultMenu     - createOptionsMenu()
11:58:14.741 [FXGL Background Thread 1 ] DEBUG FXGLAssetLoaderServi - Loading from file system: jar:file:/C:/Users/Owner/.m2/repository/com/github/almasb/fxgl/17.3/fxgl-17.3.jar!/fxglassets/textures/particles/smoke.png
11:58:15.005 [FXGL Background Thread 1 ] DEBUG FXGLAssetLoaderServi - Loading from file system: jar:file:/C:/Users/Owner/.m2/repository/com/github/almasb/fxgl/17.3/fxgl-17.3.jar!/fxglassets/textures/particles/trace_horizontal.png
11:58:15.093 [FXGL Background Thread 1 ] DEBUG GameApplicationServi - Application scenes initialized
11:58:15.135 [FXGL Background Thread 1 ] DEBUG SystemBundleService  - Loading FXGL system data
11:58:15.144 [FXGL Background Thread 1 ] DEBUG FileSystemAccess     - Reading from: C:\Users\Owner\Desktop\Sonic-rush\system\fxgl.bundle
11:58:15.158 [FXGL Background Thread 1 ] DEBUG SystemBundleService  - Bundle FXGL: {}
11:58:15.158 [FXGL Background Thread 1 ] DEBUG UpdaterService       - Checking for updates
11:58:15.174 [FXGL Background Thread 1 ] DEBUG FXGLApplication      - Loading default localization
11:58:15.196 [FXGL Background Thread 1 ] DEBUG FXGLAssetLoaderServi - Loading from file system: jar:file:/C:/Users/Owner/.m2/repository/com/github/almasb/fxgl/17.3/fxgl-17.3.jar!/fxglassets/languages/english.lang
11:58:15.247 [FXGL Background Thread 1 ] INFO  FXGLApplication      - FXGL initialization took: 2.440 sec
11:58:15.397 [FXGL Background Thread 4 ] DEBUG FXGLApplication      - Loading fonts
11:58:15.399 [FXGL Background Thread 4 ] DEBUG FXGLAssetLoaderServi - Loading from file system: jar:file:/C:/Users/Owner/.m2/repository/com/github/almasb/fxgl/17.3/fxgl-17.3.jar!/fxglassets/ui/fonts/VarelaRound-Regular.ttf
11:58:15.402 [JavaFX Application Thread] DEBUG Input                - Registered new binding: Mover a la izquierda - A
11:58:15.402 [JavaFX Application Thread] DEBUG Input                - Registered new binding: Mover a la derecha - D
11:58:15.403 [JavaFX Application Thread] DEBUG Input                - Registered new binding: Saltar - W
11:58:15.403 [JavaFX Application Thread] DEBUG Input                - Registered new binding: Interactuar - E
11:58:15.403 [JavaFX Application Thread] DEBUG Input                - Registered new binding: Transformar - P
11:58:15.403 [JavaFX Application Thread] DEBUG Input                - Registered new binding: Desactivar filtro - L
11:58:15.404 [JavaFX Application Thread] DEBUG FXGLAssetLoaderServi - Loading from file system: jar:file:/C:/Users/Owner/.m2/repository/com/github/almasb/fxgl/17.3/fxgl-17.3.jar!/fxglassets/textures/fxgl_icon.png
11:58:15.540 [JavaFX Application Thread] DEBUG FXGLAssetLoaderServi - Loading from file system: jar:file:/C:/Users/Owner/.m2/repository/com/github/almasb/fxgl/17.3/fxgl-17.3.jar!/fxglassets/textures/fxgl_default_cursor.png
11:58:15.545 [JavaFX Application Thread] DEBUG Input                - Registered new binding: Screenshot - CTRL+8
11:58:15.546 [JavaFX Application Thread] DEBUG Input                - Registered new binding: System info dump - CTRL+9
11:58:15.546 [JavaFX Application Thread] DEBUG Input                - Registered new binding: Restart - CTRL+R
11:58:15.548 [JavaFX Application Thread] DEBUG Input                - Registered new binding: Toggle Debug Camera - CTRL+7
11:58:15.554 [JavaFX Application Thread] DEBUG LoopRunner           - Starting loop
11:58:15.554 [JavaFX Application Thread] DEBUG LoopRunner           - Initializing JavaFX AnimationTimerLoop
11:58:15.576 [JavaFX Application Thread] DEBUG GameApplicationServi - Starting new game
11:58:15.577 [JavaFX Application Thread] DEBUG Input                - Clearing active input actions
11:58:15.612 [JavaFX Application Thread] DEBUG GameApplicationServi - Removing overlay from FXGLStartupScene and adding to FXGLLoadingScene
11:58:15.614 [JavaFX Application Thread] DEBUG PrimaryStageWindow   - FXGLStartupScene -> FXGLLoadingScene
11:58:15.615 [JavaFX Application Thread] DEBUG GameApplicationServi - Clearing previous game
11:58:15.615 [JavaFX Application Thread] DEBUG GameScene            - Clearing game scene
11:58:15.615 [JavaFX Application Thread] DEBUG GameWorld            - Clearing game world
11:58:15.617 [JavaFX Application Thread] DEBUG PhysicsWorld         - Clearing physics world
11:58:15.619 [FXGL Background Thread 1 ] DEBUG FXGLApplication      - Initializing game
11:58:15.642 [FXGL Background Thread 1 ] DEBUG FXGLAssetLoaderServi - Loading from file system: file:/C:/Users/Owner/Desktop/Sonic-rush/target/classes/assets/music/OST2.mp3
11:58:17.217 [FXGL Background Thread 4 ] DEBUG FXGLAssetLoaderServi - Loading from file system: jar:file:/C:/Users/Owner/.m2/repository/com/github/almasb/fxgl/17.3/fxgl-17.3.jar!/fxglassets/ui/fonts/Abel-Regular.ttf
11:58:17.223 [FXGL Background Thread 4 ] DEBUG FXGLAssetLoaderServi - Loading from file system: jar:file:/C:/Users/Owner/.m2/repository/com/github/almasb/fxgl/17.3/fxgl-17.3.jar!/fxglassets/ui/fonts/TerminalLandMono-Regular.otf
11:58:17.230 [FXGL Background Thread 4 ] DEBUG FXGLAssetLoaderServi - Loading from file system: jar:file:/C:/Users/Owner/.m2/repository/com/github/almasb/fxgl/17.3/fxgl-17.3.jar!/fxglassets/ui/fonts/Courier-Prime.ttf
11:58:17.243 [JavaFX Application Thread] DEBUG FXGLApplication      - Registering font factories with UI factory
11:58:18.167 [FXGL Background Thread 3 ] DEBUG Engine               - Logging environment variables
11:58:18.173 [FXGL Background Thread 3 ] DEBUG Engine               - achievements: []
11:58:18.177 [FXGL Background Thread 3 ] DEBUG Engine               - actualHeight: 600.0
11:58:18.178 [FXGL Background Thread 3 ] DEBUG Engine               - actualHeightProperty: ReadOnlyDoubleProperty [value: 600.0]
11:58:18.182 [FXGL Background Thread 3 ] DEBUG Engine               - actualWidth: 1000.0
11:58:18.183 [FXGL Background Thread 3 ] DEBUG Engine               - actualWidthProperty: ReadOnlyDoubleProperty [value: 1000.0]
11:58:18.183 [FXGL Background Thread 3 ] DEBUG Engine               - appIcon: fxgl_icon.png
11:58:18.183 [FXGL Background Thread 3 ] DEBUG Engine               - applicationMode: DEVELOPER
11:58:18.184 [FXGL Background Thread 3 ] DEBUG Engine               - cSSList: [fxgl_dark.css]
11:58:18.185 [FXGL Background Thread 3 ] DEBUG Engine               - collisionDetectionStrategy: BRUTE_FORCE
11:58:18.186 [FXGL Background Thread 3 ] DEBUG Engine               - configClass: Optional.empty
11:58:18.186 [FXGL Background Thread 3 ] DEBUG Engine               - credits: []
11:58:18.189 [FXGL Background Thread 3 ] DEBUG Engine               - defaultCursor: CursorInfo(imageName=fxgl_default_cursor.png, hotspotX=7.0, hotspotY=6.0)
11:58:18.189 [FXGL Background Thread 3 ] DEBUG Engine               - devBBoxColorProperty: ObjectProperty [value: 0xff0000ff]
11:58:18.190 [FXGL Background Thread 3 ] DEBUG Engine               - devEnableDebugCameraProperty: BooleanProperty [value: false]
11:58:18.190 [FXGL Background Thread 3 ] DEBUG Engine               - devSensorColorProperty: ObjectProperty [value: 0xffff00ff]
11:58:18.190 [FXGL Background Thread 3 ] DEBUG Engine               - devShowBBoxProperty: BooleanProperty [value: false]
11:58:18.190 [FXGL Background Thread 3 ] DEBUG Engine               - devShowPositionProperty: BooleanProperty [value: false]
11:58:18.190 [FXGL Background Thread 3 ] DEBUG Engine               - enabledMenuItems: []
11:58:18.190 [FXGL Background Thread 3 ] DEBUG Engine               - engineServices: [class com.almasb.fxgl.app.services.FXGLAssetLoaderService, class com.almasb.fxgl.app.FXGLApplication$GameApplicationService, class com.almasb.fxgl.app.services.FXGLDialogService, class com.almasb.fxgl.app.services.IOTaskExecutorService, class com.almasb.fxgl.io.FileSystemService, class com.almasb.fxgl.localization.LocalizationService, class com.almasb.fxgl.app.services.SystemBundleService, class com.almasb.fxgl.profile.SaveLoadService, class com.almasb.fxgl.ui.FXGLUIFactoryServiceProvider, class com.almasb.fxgl.ui.FXGLDialogFactoryServiceProvider, class com.almasb.fxgl.audio.AudioPlayer, class com.almasb.fxgl.notification.impl.NotificationServiceProvider, class com.almasb.fxgl.achievement.AchievementService, class com.almasb.fxgl.cutscene.CutsceneService, class com.almasb.fxgl.minigames.MiniGameService, class com.almasb.fxgl.net.NetService, class com.almasb.fxgl.app.services.UpdaterService, class com.almasb.fxgl.dev.DevService, class com.almasb.fxgl.multiplayer.MultiplayerService]
11:58:18.190 [FXGL Background Thread 3 ] DEBUG Engine               - fontGame: Abel-Regular.ttf
11:58:18.190 [FXGL Background Thread 3 ] DEBUG Engine               - fontMono: TerminalLandMono-Regular.otf
11:58:18.191 [FXGL Background Thread 3 ] DEBUG Engine               - fontSizeScaleUI: 1.0
11:58:18.191 [FXGL Background Thread 3 ] DEBUG Engine               - fontText: Courier-Prime.ttf
11:58:18.191 [FXGL Background Thread 3 ] DEBUG Engine               - fontUI: VarelaRound-Regular.ttf
11:58:18.191 [FXGL Background Thread 3 ] DEBUG Engine               - fullScreen: BooleanProperty [value: false]
11:58:18.191 [FXGL Background Thread 3 ] DEBUG Engine               - gameDifficulty: MEDIUM
11:58:18.191 [FXGL Background Thread 3 ] DEBUG Engine               - gameDifficultyProperty: ObjectProperty [value: MEDIUM]
11:58:18.191 [FXGL Background Thread 3 ] DEBUG Engine               - globalMusicVolume: 0.5
11:58:18.191 [FXGL Background Thread 3 ] DEBUG Engine               - globalMusicVolumeProperty: DoubleProperty [value: 0.5]
11:58:18.191 [FXGL Background Thread 3 ] DEBUG Engine               - globalSoundVolume: 0.5
11:58:18.191 [FXGL Background Thread 3 ] DEBUG Engine               - globalSoundVolumeProperty: DoubleProperty [value: 0.5]
11:58:18.191 [FXGL Background Thread 3 ] DEBUG Engine               - height: 600
11:58:18.192 [FXGL Background Thread 3 ] DEBUG Engine               - is3D: false
11:58:18.192 [FXGL Background Thread 3 ] DEBUG Engine               - isAndroid: false
11:58:18.192 [FXGL Background Thread 3 ] DEBUG Engine               - isBrowser: false
11:58:18.192 [FXGL Background Thread 3 ] DEBUG Engine               - isClickFeedbackEnabled: false
11:58:18.192 [FXGL Background Thread 3 ] DEBUG Engine               - isCloseConfirmation: false
11:58:18.192 [FXGL Background Thread 3 ] DEBUG Engine               - isDesktop: true
11:58:18.192 [FXGL Background Thread 3 ] DEBUG Engine               - isDeveloperMenuEnabled: false
11:58:18.192 [FXGL Background Thread 3 ] DEBUG Engine               - isEmbedded: false
11:58:18.192 [FXGL Background Thread 3 ] DEBUG Engine               - isEntityPreloadEnabled: true
11:58:18.192 [FXGL Background Thread 3 ] DEBUG Engine               - isExperimentalTiledLargeMap: false
11:58:18.192 [FXGL Background Thread 3 ] DEBUG Engine               - isFileSystemWriteAllowed: true
11:58:18.192 [FXGL Background Thread 3 ] DEBUG Engine               - isFullScreenAllowed: false
11:58:18.192 [FXGL Background Thread 3 ] DEBUG Engine               - isFullScreenFromStart: false
11:58:18.193 [FXGL Background Thread 3 ] DEBUG Engine               - isGameMenuEnabled: true
11:58:18.193 [FXGL Background Thread 3 ] DEBUG Engine               - isIOS: false
11:58:18.193 [FXGL Background Thread 3 ] DEBUG Engine               - isIntroEnabled: false
11:58:18.194 [FXGL Background Thread 3 ] DEBUG Engine               - isLinux: false
11:58:18.194 [FXGL Background Thread 3 ] DEBUG Engine               - isMac: false
11:58:18.194 [FXGL Background Thread 3 ] DEBUG Engine               - isMainMenuEnabled: false
11:58:18.194 [FXGL Background Thread 3 ] DEBUG Engine               - isManualResizeEnabled: false
11:58:18.194 [FXGL Background Thread 3 ] DEBUG Engine               - isMobile: false
11:58:18.194 [FXGL Background Thread 3 ] DEBUG Engine               - isNative: false
11:58:18.194 [FXGL Background Thread 3 ] DEBUG Engine               - isPauseMusicWhenMinimized: true
11:58:18.196 [FXGL Background Thread 3 ] DEBUG Engine               - isPreserveResizeRatio: false
11:58:18.198 [FXGL Background Thread 3 ] DEBUG Engine               - isProfilingEnabled: false
11:58:18.199 [FXGL Background Thread 3 ] DEBUG Engine               - isScaleAffectedOnResize: true
11:58:18.200 [FXGL Background Thread 3 ] DEBUG Engine               - isSingleStep: false
11:58:18.201 [FXGL Background Thread 3 ] DEBUG Engine               - isUserProfileEnabled: false
11:58:18.201 [FXGL Background Thread 3 ] DEBUG Engine               - isWindows: true
11:58:18.201 [FXGL Background Thread 3 ] DEBUG Engine               - language: ObjectProperty [value: ENGLISH]
11:58:18.201 [FXGL Background Thread 3 ] DEBUG Engine               - menuKey: ESCAPE
11:58:18.201 [FXGL Background Thread 3 ] DEBUG Engine               - mouseSensitivity: 0.2
11:58:18.202 [FXGL Background Thread 3 ] DEBUG Engine               - notificationViewClass: class com.almasb.fxgl.notification.view.XboxNotificationView
11:58:18.202 [FXGL Background Thread 3 ] DEBUG Engine               - pixelsPerMeter: 50.0
11:58:18.202 [FXGL Background Thread 3 ] DEBUG Engine               - platform: WINDOWS
11:58:18.202 [FXGL Background Thread 3 ] DEBUG Engine               - prefHeightProperty: ReadOnlyDoubleProperty [value: 600.0]
11:58:18.202 [FXGL Background Thread 3 ] DEBUG Engine               - prefWidthProperty: ReadOnlyDoubleProperty [value: 1000.0]
11:58:18.202 [FXGL Background Thread 3 ] DEBUG Engine               - profileDir: profiles/
11:58:18.202 [FXGL Background Thread 3 ] DEBUG Engine               - profileName: StringProperty [value: DEFAULT]
11:58:18.202 [FXGL Background Thread 3 ] DEBUG Engine               - randomSeed: -1
11:58:18.204 [FXGL Background Thread 3 ] DEBUG Engine               - runtimeInfo: RuntimeInfo(platform=WINDOWS, version=17.3, build=30.03.2023 11.49)
11:58:18.204 [FXGL Background Thread 3 ] DEBUG Engine               - saveFileExt: sav
11:58:18.204 [FXGL Background Thread 3 ] DEBUG Engine               - scaledHeightProp$fxgl: DoubleProperty [bound, value: 600.0]
11:58:18.204 [FXGL Background Thread 3 ] DEBUG Engine               - scaledWidthProp$fxgl: DoubleProperty [bound, value: 1000.0]
11:58:18.204 [FXGL Background Thread 3 ] DEBUG Engine               - sceneFactory: com.almasb.fxgl.app.scene.SceneFactory@51b7678d
11:58:18.204 [FXGL Background Thread 3 ] DEBUG Engine               - secondsIn24h: 60
11:58:18.205 [FXGL Background Thread 3 ] DEBUG Engine               - soundMenuBack: menu/back.wav
11:58:18.205 [FXGL Background Thread 3 ] DEBUG Engine               - soundMenuPress: menu/press.wav
11:58:18.205 [FXGL Background Thread 3 ] DEBUG Engine               - soundMenuSelect: menu/select.wav
11:58:18.205 [FXGL Background Thread 3 ] DEBUG Engine               - soundNotification: core/notification.wav
11:58:18.205 [FXGL Background Thread 3 ] DEBUG Engine               - stageStyle: DECORATED
11:58:18.205 [FXGL Background Thread 3 ] DEBUG Engine               - supportedLanguages: [ENGLISH, FRENCH, GERMAN, HUNGARIAN, RUSSIAN]
11:58:18.205 [FXGL Background Thread 3 ] DEBUG Engine               - ticksPerSecond: -1
11:58:18.205 [FXGL Background Thread 3 ] DEBUG Engine               - title: Jugador Sonic
11:58:18.205 [FXGL Background Thread 3 ] DEBUG Engine               - urlGithub: https://github.com/AlmasB/FXGL
11:58:18.207 [FXGL Background Thread 3 ] DEBUG Engine               - urlLeaderboard: http://fxgl-top.herokuapp.com/
11:58:18.208 [FXGL Background Thread 3 ] DEBUG Engine               - urlPOM: https://raw.githubusercontent.com/AlmasB/FXGL/release/README.md
11:58:18.210 [FXGL Background Thread 3 ] DEBUG Engine               - userAppClass: class Runner.ClientRunner
11:58:18.210 [FXGL Background Thread 3 ] DEBUG Engine               - version: 0.0
11:58:18.217 [FXGL Background Thread 3 ] DEBUG Engine               - versionCheckDays: 7
11:58:18.217 [FXGL Background Thread 3 ] DEBUG Engine               - width: 1000
11:58:18.217 [FXGL Background Thread 3 ] DEBUG Engine               - Logging services
11:58:18.217 [FXGL Background Thread 3 ] DEBUG Engine               - class com.almasb.fxgl.app.services.FXGLAssetLoaderService
11:58:18.217 [FXGL Background Thread 3 ] DEBUG Engine               - class com.almasb.fxgl.app.FXGLApplication$GameApplicationService
11:58:18.217 [FXGL Background Thread 3 ] DEBUG Engine               - class com.almasb.fxgl.app.services.FXGLDialogService
11:58:18.217 [FXGL Background Thread 3 ] DEBUG Engine               - class com.almasb.fxgl.app.services.IOTaskExecutorService
11:58:18.217 [FXGL Background Thread 3 ] DEBUG Engine               - class com.almasb.fxgl.io.FileSystemService
11:58:18.217 [FXGL Background Thread 3 ] DEBUG Engine               - class com.almasb.fxgl.localization.LocalizationService
11:58:18.217 [FXGL Background Thread 3 ] DEBUG Engine               - class com.almasb.fxgl.app.services.SystemBundleService
11:58:18.217 [FXGL Background Thread 3 ] DEBUG Engine               - class com.almasb.fxgl.profile.SaveLoadService
11:58:18.217 [FXGL Background Thread 3 ] DEBUG Engine               - class com.almasb.fxgl.ui.FXGLUIFactoryServiceProvider
11:58:18.217 [FXGL Background Thread 3 ] DEBUG Engine               - class com.almasb.fxgl.ui.FXGLDialogFactoryServiceProvider
11:58:18.218 [FXGL Background Thread 3 ] DEBUG Engine               - class com.almasb.fxgl.audio.AudioPlayer
11:58:18.218 [FXGL Background Thread 3 ] DEBUG Engine               - class com.almasb.fxgl.notification.impl.NotificationServiceProvider
11:58:18.218 [FXGL Background Thread 3 ] DEBUG Engine               - class com.almasb.fxgl.achievement.AchievementService
11:58:18.218 [FXGL Background Thread 3 ] DEBUG Engine               - class com.almasb.fxgl.cutscene.CutsceneService
11:58:18.218 [FXGL Background Thread 3 ] DEBUG Engine               - class com.almasb.fxgl.minigames.MiniGameService
11:58:18.218 [FXGL Background Thread 3 ] DEBUG Engine               - class com.almasb.fxgl.net.NetService
11:58:18.218 [FXGL Background Thread 3 ] DEBUG Engine               - class com.almasb.fxgl.app.services.UpdaterService
11:58:18.218 [FXGL Background Thread 3 ] DEBUG Engine               - class com.almasb.fxgl.dev.DevService
11:58:18.218 [FXGL Background Thread 3 ] DEBUG Engine               - class com.almasb.fxgl.multiplayer.MultiplayerService
11:58:18.306 [FXGL Background Thread 1 ] DEBUG AudioPlayer          - Playing music com.almasb.fxgl.audio.Music@660955e1
11:58:18.322 [FXGL Background Thread 1 ] INFO  FXGLApplication      - Game initialization took: 2.702 sec
11:58:18.969 [FXGL Background Thread 2 ] INFO  UpdaterService       - Your current version:  17.3
11:58:19.100 [FXGL Background Thread 2 ] INFO  UpdaterService       - Latest stable version: 21.1
11:58:19.177 [JavaFX Application Thread] DEBUG Input                - Clearing active input actions
11:58:19.208 [JavaFX Application Thread] DEBUG GameApplicationServi - Removing overlay from FXGLLoadingScene and adding to GameScene
11:58:19.209 [JavaFX Application Thread] DEBUG PrimaryStageWindow   - FXGLLoadingScene -> GameScene
11:58:50.723 [JavaFX Application Thread] DEBUG FXGLAssetLoaderServi - Loading from file system: file:/C:/Users/Owner/Desktop/Sonic-rush/target/classes/assets/textures/fondo.png
11:58:51.625 [JavaFX Application Thread] WARN  TMXLevelLoader       - TiledMap generated from 1.11.2. Supported version: 1.9.0. Some features may not be parsed fully.
11:58:51.722 [JavaFX Application Thread] DEBUG TMXLevelLoader       - Parsed TiledMap: file:/C:/Users/Owner/Desktop/Sonic-rush/target/classes/assets/levels/mapazo.tmx
11:58:51.724 [JavaFX Application Thread] DEBUG TMXLevelLoader       - Creating tile layer entities
11:58:51.727 [JavaFX Application Thread] DEBUG TilesetLoader        - Loading view for layer Capa de patrones 1
11:58:51.736 [JavaFX Application Thread] DEBUG TilesetLoader        - Created buffer with size 3840.0x720.0
11:58:51.789 [JavaFX Application Thread] DEBUG TMXLevelLoader       - Creating object layer entities
11:58:51.843 [JavaFX Application Thread] DEBUG GameWorld            - Clearing removable entities
11:58:51.847 [JavaFX Application Thread] DEBUG GameWorld            - Setting level: com.almasb.fxgl.entity.level.Level@995ce84
11:58:51.882 [ClientAsyncConnThread    ] DEBUG TCPClient            - Connecting to 127.0.0.1:50000 type: class com.almasb.fxgl.core.serialization.Bundle
11:58:51.885 [ClientAsyncConnThread    ] DEBUG TCPClient            - Created socket to 127.0.0.1:50000
11:58:51.912 [ClientAsyncConnThread    ] DEBUG Endpoint             - TCPClient opening new connection (1) from /127.0.0.1:50000 type: class com.almasb.fxgl.core.serialization.Bundle
11:58:51.913 [ClientAsyncConnThread    ] DEBUG Endpoint             - TCPClient successfully opened connection (1)
11:58:52.010 [TCPClient_SendThread-1   ] DEBUG Writers              - Getting TCPMessageWriter for class com.almasb.fxgl.core.serialization.Bundle
11:58:52.011 [TCPClient_RecvThread-1   ] DEBUG Readers              - Getting TCPMessageReader for class com.almasb.fxgl.core.serialization.Bundle
11:58:52.013 [TCPClient_RecvThread-1   ] DEBUG Readers              - Constructed MessageReader for class com.almasb.fxgl.core.serialization.Bundle: BundleTCPMessageReader
11:58:52.021 [TCPClient_SendThread-1   ] DEBUG Writers              - Constructed TCPMessageWriter for class com.almasb.fxgl.core.serialization.Bundle: BundleTCPMessageWriter
11:58:52.163 [JavaFX Application Thread] DEBUG FXGLAssetLoaderServi - Loading from file system: file:/C:/Users/Owner/Desktop/Sonic-rush/target/classes/assets/textures/Items/ring.png
11:58:52.223 [JavaFX Application Thread] DEBUG FXGLAssetLoaderServi - Loading from file system: file:/C:/Users/Owner/Desktop/Sonic-rush/target/classes/assets/textures/Items/papel.png
11:58:52.229 [JavaFX Application Thread] DEBUG FXGLAssetLoaderServi - Loading from file system: file:/C:/Users/Owner/Desktop/Sonic-rush/target/classes/assets/textures/Items/basura.png
11:58:52.237 [JavaFX Application Thread] DEBUG FXGLAssetLoaderServi - Loading from file system: file:/C:/Users/Owner/Desktop/Sonic-rush/target/classes/assets/textures/Items/caucho.png
11:58:52.274 [JavaFX Application Thread] DEBUG FXGLAssetLoaderServi - Loading from file system: file:/C:/Users/Owner/Desktop/Sonic-rush/target/classes/assets/textures/Enemigos/enemigo2.png
11:58:52.310 [JavaFX Application Thread] DEBUG FXGLAssetLoaderServi - Loading from file system: file:/C:/Users/Owner/Desktop/Sonic-rush/target/classes/assets/textures/Personajes/sonic.png
11:58:52.322 [JavaFX Application Thread] DEBUG FXGLAssetLoaderServi - Loading from file system: file:/C:/Users/Owner/Desktop/Sonic-rush/target/classes/assets/textures/Personajes/sonic_camina.png
11:58:52.327 [JavaFX Application Thread] DEBUG FXGLAssetLoaderServi - Loading from file system: file:/C:/Users/Owner/Desktop/Sonic-rush/target/classes/assets/textures/Personajes/super_sonic.png
11:58:56.158 [JavaFX Application Thread] DEBUG FXGLAssetLoaderServi - Loading from file system: file:/C:/Users/Owner/Desktop/Sonic-rush/target/classes/assets/sounds/recoger.wav
11:58:58.126 [JavaFX Application Thread] DEBUG FXGLAssetLoaderServi - Loading from file system: file:/C:/Users/Owner/Desktop/Sonic-rush/target/classes/assets/sounds/salto.wav
11:59:04.322 [JavaFX Application Thread] DEBUG PrimaryStageWindow   - Push state: DialogSubScene
11:59:04.322 [JavaFX Application Thread] DEBUG Input                - Clearing active input actions
11:59:04.329 [JavaFX Application Thread] DEBUG GameApplicationServi - Removing overlay from GameScene and adding to DialogSubScene
11:59:04.332 [JavaFX Application Thread] DEBUG PrimaryStageWindow   - GameScene -> DialogSubScene
11:59:05.643 [JavaFX Application Thread] DEBUG PrimaryStageWindow   - Pop state: DialogSubScene
11:59:05.645 [JavaFX Application Thread] DEBUG Input                - Clearing active input actions
11:59:05.654 [JavaFX Application Thread] DEBUG GameApplicationServi - Removing overlay from DialogSubScene and adding to GameScene
11:59:05.657 [JavaFX Application Thread] DEBUG PrimaryStageWindow   - GameScene <- DialogSubScene
11:59:05.692 [JavaFX Application Thread] DEBUG PrimaryStageWindow   - Push state: DialogSubScene
11:59:05.693 [JavaFX Application Thread] DEBUG Input                - Clearing active input actions
11:59:05.704 [JavaFX Application Thread] DEBUG GameApplicationServi - Removing overlay from GameScene and adding to DialogSubScene
11:59:05.705 [JavaFX Application Thread] DEBUG PrimaryStageWindow   - GameScene -> DialogSubScene
11:59:08.414 [JavaFX Application Thread] DEBUG FXGLApplication      - Exiting FXGL
11:59:08.414 [JavaFX Application Thread] DEBUG LoopRunner           - Stopping loop
11:59:08.415 [JavaFX Application Thread] DEBUG SystemBundleService  - Saving FXGL system data
11:59:08.424 [JavaFX Application Thread] DEBUG FileSystemAccess     - Writing to: C:\Users\Owner\Desktop\Sonic-rush\system\fxgl.bundle
11:59:08.427 [JavaFX Application Thread] DEBUG Async                - Shutting down background threads
11:59:08.428 [JavaFX Application Thread] DEBUG PrimaryStageWindow   - Closing main window
11:59:08.527 [JavaFX Application Thread] DEBUG Logger               - Closing Logger
