01:27:10.778 [main                     ] DEBUG Logger               - Configured Logger
01:27:10.798 [main                     ] DEBUG GameApplication      - Logging settings
Title: Jugador Sonic
Version: 0.0
Width: 1000
Height: 600
Fullscreen: false
Intro: false
Profiling: false
Single step:false
App Mode: DEVELOPER
Menu Key: ESCAPE
Stage Style: DECORATED
Scene Factory: class com.almasb.fxgl.app.scene.SceneFactory

01:27:10.927 [JavaFX Application Thread] DEBUG FXGLApplication      - Initializing FXGL
01:27:10.932 [JavaFX Application Thread] INFO  Engine               - FXGL-17.3 (30.03.2023 11.49) on WINDOWS (J:21.0.2 FX:20)
01:27:10.933 [JavaFX Application Thread] DEBUG Engine               - JRE Vendor Name: Oracle Corporation
01:27:10.933 [JavaFX Application Thread] DEBUG Engine               - Running on OS: Windows 10 version 10.0
01:27:10.933 [JavaFX Application Thread] DEBUG Engine               - Architecture: amd64
01:27:10.933 [JavaFX Application Thread] INFO  Engine               - Source code and latest versions at: https://github.com/AlmasB/FXGL
01:27:10.939 [JavaFX Application Thread] INFO  Engine               -       Ask questions and discuss at: https://github.com/AlmasB/FXGL/discussions
01:27:10.942 [JavaFX Application Thread] INFO  Engine               -              Join the FXGL chat at: https://gitter.im/AlmasB/FXGL
01:27:11.018 [JavaFX Application Thread] DEBUG PrimaryStageWindow   - Creating a JavaFX scene
01:27:11.086 [JavaFX Application Thread] DEBUG PrimaryStageWindow   - Target settings size: 1000.0 x 600.0
01:27:11.087 [JavaFX Application Thread] DEBUG PrimaryStageWindow   - Scaled scene size:    1000.0 x 600.0
01:27:11.087 [JavaFX Application Thread] DEBUG PrimaryStageWindow   - Scaled ratio: (1.0, 1.0)
01:27:11.088 [JavaFX Application Thread] DEBUG PrimaryStageWindow   - Set initial scene to FXGLStartupScene
01:27:11.094 [JavaFX Application Thread] DEBUG PrimaryStageWindow   - Opening main window
01:27:11.197 [JavaFX Application Thread] DEBUG PrimaryStageWindow   - Window border size: (16.0, 39.0)
01:27:11.198 [JavaFX Application Thread] DEBUG PrimaryStageWindow   - Scaled size: 1000.0 x 600.0
01:27:11.198 [JavaFX Application Thread] DEBUG PrimaryStageWindow   - Scaled ratio: (1.0, 1.0)
01:27:11.198 [JavaFX Application Thread] DEBUG PrimaryStageWindow   - Scene size: 1000.0 x 600.0
01:27:11.198 [JavaFX Application Thread] DEBUG PrimaryStageWindow   - Stage size: 1016.0 x 639.0
01:27:11.233 [FXGL Background Thread 1 ] DEBUG Engine               - Initializing environment variables
01:27:11.301 [FXGL Background Thread 1 ] DEBUG FXGLAssetLoaderServi - User app class for loading assets: class Runner.ClientRunner
01:27:11.301 [FXGL Background Thread 1 ] DEBUG GameApplicationServi - Applying CSS: fxgl_dark.css
01:27:11.302 [FXGL Background Thread 1 ] DEBUG FXGLAssetLoaderServi - Loading from file system: jar:file:/C:/Users/User/.m2/repository/com/github/almasb/fxgl/17.3/fxgl-17.3.jar!/fxglassets/ui/css/fxgl_dark.css
01:27:11.361 [FXGL Background Thread 1 ] DEBUG GameApplicationServi - Initializing application scenes
01:27:11.455 [FXGL Background Thread 1 ] DEBUG GameWorld            - Game world initialized
01:27:11.520 [FXGL Background Thread 1 ] DEBUG PhysicsWorld         - Physics world initialized: appHeight=600, physics.ppm=50,0
01:27:11.520 [FXGL Background Thread 1 ] DEBUG PhysicsWorld         - Using strategy: BRUTE_FORCE
01:27:11.524 [FXGL Background Thread 1 ] DEBUG GameScene            - Game scene initialized: 1000x600
01:27:11.539 [FXGL Background Thread 1 ] DEBUG FXGL.DefaultMenu     - createMenuBodyGameMenu()
01:27:11.558 [FXGL Background Thread 1 ] DEBUG FXGL.DefaultMenu     - createOptionsMenu()
01:27:11.571 [FXGL Background Thread 1 ] DEBUG FXGLAssetLoaderServi - Loading from file system: jar:file:/C:/Users/User/.m2/repository/com/github/almasb/fxgl/17.3/fxgl-17.3.jar!/fxglassets/textures/particles/smoke.png
01:27:11.678 [FXGL Background Thread 1 ] DEBUG FXGLAssetLoaderServi - Loading from file system: jar:file:/C:/Users/User/.m2/repository/com/github/almasb/fxgl/17.3/fxgl-17.3.jar!/fxglassets/textures/particles/trace_horizontal.png
01:27:11.709 [FXGL Background Thread 1 ] DEBUG GameApplicationServi - Application scenes initialized
01:27:11.726 [FXGL Background Thread 1 ] DEBUG SystemBundleService  - Loading FXGL system data
01:27:11.734 [FXGL Background Thread 1 ] DEBUG FileSystemAccess     - Reading from: C:\Users\User\Documents\Millan.Luis\UNEG\Semestre IV\Tecnicas de Prog. III\Sonic-rush\system\fxgl.bundle
01:27:11.745 [FXGL Background Thread 1 ] DEBUG SystemBundleService  - Bundle FXGL: {}
01:27:11.745 [FXGL Background Thread 1 ] DEBUG UpdaterService       - Checking for updates
01:27:11.750 [FXGL Background Thread 1 ] DEBUG FXGLApplication      - Loading default localization
01:27:11.751 [FXGL Background Thread 1 ] DEBUG FXGLAssetLoaderServi - Loading from file system: jar:file:/C:/Users/User/.m2/repository/com/github/almasb/fxgl/17.3/fxgl-17.3.jar!/fxglassets/languages/english.lang
01:27:11.755 [FXGL Background Thread 4 ] DEBUG FXGLApplication      - Loading fonts
01:27:11.756 [FXGL Background Thread 4 ] DEBUG FXGLAssetLoaderServi - Loading from file system: jar:file:/C:/Users/User/.m2/repository/com/github/almasb/fxgl/17.3/fxgl-17.3.jar!/fxglassets/ui/fonts/VarelaRound-Regular.ttf
01:27:11.782 [FXGL Background Thread 1 ] INFO  FXGLApplication      - FXGL initialization took: 0,549 sec
01:27:11.800 [FXGL Background Thread 4 ] DEBUG FXGLAssetLoaderServi - Loading from file system: jar:file:/C:/Users/User/.m2/repository/com/github/almasb/fxgl/17.3/fxgl-17.3.jar!/fxglassets/ui/fonts/Abel-Regular.ttf
01:27:11.804 [FXGL Background Thread 4 ] DEBUG FXGLAssetLoaderServi - Loading from file system: jar:file:/C:/Users/User/.m2/repository/com/github/almasb/fxgl/17.3/fxgl-17.3.jar!/fxglassets/ui/fonts/TerminalLandMono-Regular.otf
01:27:11.808 [FXGL Background Thread 4 ] DEBUG FXGLAssetLoaderServi - Loading from file system: jar:file:/C:/Users/User/.m2/repository/com/github/almasb/fxgl/17.3/fxgl-17.3.jar!/fxglassets/ui/fonts/Courier-Prime.ttf
01:27:11.814 [JavaFX Application Thread] DEBUG FXGLApplication      - Registering font factories with UI factory
01:27:11.906 [JavaFX Application Thread] DEBUG Input                - Registered new binding: Mover a la izquierda - A
01:27:11.907 [JavaFX Application Thread] DEBUG Input                - Registered new binding: Mover a la derecha - D
01:27:11.907 [JavaFX Application Thread] DEBUG Input                - Registered new binding: Saltar - W
01:27:11.907 [JavaFX Application Thread] DEBUG Input                - Registered new binding: Interactuar - E
01:27:11.907 [JavaFX Application Thread] DEBUG Input                - Registered new binding: Transformar - P
01:27:11.907 [JavaFX Application Thread] DEBUG Input                - Registered new binding: Desactivar filtro - L
01:27:11.908 [JavaFX Application Thread] DEBUG FXGLAssetLoaderServi - Loading from file system: jar:file:/C:/Users/User/.m2/repository/com/github/almasb/fxgl/17.3/fxgl-17.3.jar!/fxglassets/textures/fxgl_icon.png
01:27:11.927 [JavaFX Application Thread] DEBUG FXGLAssetLoaderServi - Loading from file system: jar:file:/C:/Users/User/.m2/repository/com/github/almasb/fxgl/17.3/fxgl-17.3.jar!/fxglassets/textures/fxgl_default_cursor.png
01:27:11.930 [JavaFX Application Thread] DEBUG Input                - Registered new binding: Screenshot - CTRL+8
01:27:11.930 [JavaFX Application Thread] DEBUG Input                - Registered new binding: System info dump - CTRL+9
01:27:11.931 [JavaFX Application Thread] DEBUG Input                - Registered new binding: Restart - CTRL+R
01:27:11.933 [JavaFX Application Thread] DEBUG Input                - Registered new binding: Toggle Debug Camera - CTRL+7
01:27:11.936 [JavaFX Application Thread] DEBUG LoopRunner           - Starting loop
01:27:11.936 [JavaFX Application Thread] DEBUG LoopRunner           - Initializing JavaFX AnimationTimerLoop
01:27:11.938 [JavaFX Application Thread] DEBUG GameApplicationServi - Starting new game
01:27:11.938 [JavaFX Application Thread] DEBUG Input                - Clearing active input actions
01:27:11.955 [JavaFX Application Thread] DEBUG GameApplicationServi - Removing overlay from FXGLStartupScene and adding to FXGLLoadingScene
01:27:11.955 [JavaFX Application Thread] DEBUG PrimaryStageWindow   - FXGLStartupScene -> FXGLLoadingScene
01:27:11.955 [JavaFX Application Thread] DEBUG GameApplicationServi - Clearing previous game
01:27:11.956 [JavaFX Application Thread] DEBUG GameScene            - Clearing game scene
01:27:11.956 [JavaFX Application Thread] DEBUG GameWorld            - Clearing game world
01:27:11.956 [JavaFX Application Thread] DEBUG PhysicsWorld         - Clearing physics world
01:27:11.957 [FXGL Background Thread 1 ] DEBUG FXGLApplication      - Initializing game
01:27:11.981 [FXGL Background Thread 1 ] DEBUG FXGLAssetLoaderServi - Loading from file system: file:/C:/Users/User/Documents/Millan.Luis/UNEG/Semestre%20IV/Tecnicas%20de%20Prog.%20III/Sonic-rush/target/classes/assets/music/OST.mp3
01:27:12.432 [FXGL Background Thread 1 ] DEBUG FXGLAssetLoaderServi - Loading from file system: file:/C:/Users/User/Documents/Millan.Luis/UNEG/Semestre%20IV/Tecnicas%20de%20Prog.%20III/Sonic-rush/target/classes/assets/textures/Enemigos/eggman.png
01:27:12.459 [FXGL Background Thread 1 ] INFO  FXGLApplication      - Game initialization took: 0,502 sec
01:27:12.462 [JavaFX Application Thread] DEBUG Input                - Clearing active input actions
01:27:12.470 [JavaFX Application Thread] DEBUG GameApplicationServi - Removing overlay from FXGLLoadingScene and adding to GameScene
01:27:12.470 [JavaFX Application Thread] DEBUG PrimaryStageWindow   - FXGLLoadingScene -> GameScene
01:27:12.558 [FXGL Background Thread 2 ] INFO  UpdaterService       - Your current version:  17.3
01:27:12.568 [FXGL Background Thread 2 ] INFO  UpdaterService       - Latest stable version: 21.1
01:27:14.749 [FXGL Background Thread 3 ] DEBUG Engine               - Logging environment variables
01:27:14.749 [FXGL Background Thread 3 ] DEBUG Engine               - achievements: []
01:27:14.749 [FXGL Background Thread 3 ] DEBUG Engine               - actualHeight: 600.0
01:27:14.750 [FXGL Background Thread 3 ] DEBUG Engine               - actualHeightProperty: ReadOnlyDoubleProperty [value: 600.0]
01:27:14.750 [FXGL Background Thread 3 ] DEBUG Engine               - actualWidth: 1000.0
01:27:14.750 [FXGL Background Thread 3 ] DEBUG Engine               - actualWidthProperty: ReadOnlyDoubleProperty [value: 1000.0]
01:27:14.750 [FXGL Background Thread 3 ] DEBUG Engine               - appIcon: fxgl_icon.png
01:27:14.750 [FXGL Background Thread 3 ] DEBUG Engine               - applicationMode: DEVELOPER
01:27:14.750 [FXGL Background Thread 3 ] DEBUG Engine               - cSSList: [fxgl_dark.css]
01:27:14.750 [FXGL Background Thread 3 ] DEBUG Engine               - collisionDetectionStrategy: BRUTE_FORCE
01:27:14.750 [FXGL Background Thread 3 ] DEBUG Engine               - configClass: Optional.empty
01:27:14.750 [FXGL Background Thread 3 ] DEBUG Engine               - credits: []
01:27:14.750 [FXGL Background Thread 3 ] DEBUG Engine               - defaultCursor: CursorInfo(imageName=fxgl_default_cursor.png, hotspotX=7.0, hotspotY=6.0)
01:27:14.751 [FXGL Background Thread 3 ] DEBUG Engine               - devBBoxColorProperty: ObjectProperty [value: 0xff0000ff]
01:27:14.751 [FXGL Background Thread 3 ] DEBUG Engine               - devEnableDebugCameraProperty: BooleanProperty [value: false]
01:27:14.751 [FXGL Background Thread 3 ] DEBUG Engine               - devSensorColorProperty: ObjectProperty [value: 0xffff00ff]
01:27:14.751 [FXGL Background Thread 3 ] DEBUG Engine               - devShowBBoxProperty: BooleanProperty [value: false]
01:27:14.751 [FXGL Background Thread 3 ] DEBUG Engine               - devShowPositionProperty: BooleanProperty [value: false]
01:27:14.751 [FXGL Background Thread 3 ] DEBUG Engine               - enabledMenuItems: []
01:27:14.751 [FXGL Background Thread 3 ] DEBUG Engine               - engineServices: [class com.almasb.fxgl.app.services.FXGLAssetLoaderService, class com.almasb.fxgl.app.FXGLApplication$GameApplicationService, class com.almasb.fxgl.app.services.FXGLDialogService, class com.almasb.fxgl.app.services.IOTaskExecutorService, class com.almasb.fxgl.io.FileSystemService, class com.almasb.fxgl.localization.LocalizationService, class com.almasb.fxgl.app.services.SystemBundleService, class com.almasb.fxgl.profile.SaveLoadService, class com.almasb.fxgl.ui.FXGLUIFactoryServiceProvider, class com.almasb.fxgl.ui.FXGLDialogFactoryServiceProvider, class com.almasb.fxgl.audio.AudioPlayer, class com.almasb.fxgl.notification.impl.NotificationServiceProvider, class com.almasb.fxgl.achievement.AchievementService, class com.almasb.fxgl.cutscene.CutsceneService, class com.almasb.fxgl.minigames.MiniGameService, class com.almasb.fxgl.net.NetService, class com.almasb.fxgl.app.services.UpdaterService, class com.almasb.fxgl.dev.DevService, class com.almasb.fxgl.multiplayer.MultiplayerService]
01:27:14.751 [FXGL Background Thread 3 ] DEBUG Engine               - fontGame: Abel-Regular.ttf
01:27:14.751 [FXGL Background Thread 3 ] DEBUG Engine               - fontMono: TerminalLandMono-Regular.otf
01:27:14.751 [FXGL Background Thread 3 ] DEBUG Engine               - fontSizeScaleUI: 1.0
01:27:14.751 [FXGL Background Thread 3 ] DEBUG Engine               - fontText: Courier-Prime.ttf
01:27:14.751 [FXGL Background Thread 3 ] DEBUG Engine               - fontUI: VarelaRound-Regular.ttf
01:27:14.751 [FXGL Background Thread 3 ] DEBUG Engine               - fullScreen: BooleanProperty [value: false]
01:27:14.751 [FXGL Background Thread 3 ] DEBUG Engine               - gameDifficulty: MEDIUM
01:27:14.751 [FXGL Background Thread 3 ] DEBUG Engine               - gameDifficultyProperty: ObjectProperty [value: MEDIUM]
01:27:14.751 [FXGL Background Thread 3 ] DEBUG Engine               - globalMusicVolume: 0.5
01:27:14.751 [FXGL Background Thread 3 ] DEBUG Engine               - globalMusicVolumeProperty: DoubleProperty [value: 0.5]
01:27:14.751 [FXGL Background Thread 3 ] DEBUG Engine               - globalSoundVolume: 0.5
01:27:14.752 [FXGL Background Thread 3 ] DEBUG Engine               - globalSoundVolumeProperty: DoubleProperty [value: 0.5]
01:27:14.752 [FXGL Background Thread 3 ] DEBUG Engine               - height: 600
01:27:14.752 [FXGL Background Thread 3 ] DEBUG Engine               - is3D: false
01:27:14.752 [FXGL Background Thread 3 ] DEBUG Engine               - isAndroid: false
01:27:14.752 [FXGL Background Thread 3 ] DEBUG Engine               - isBrowser: false
01:27:14.752 [FXGL Background Thread 3 ] DEBUG Engine               - isClickFeedbackEnabled: false
01:27:14.752 [FXGL Background Thread 3 ] DEBUG Engine               - isCloseConfirmation: false
01:27:14.752 [FXGL Background Thread 3 ] DEBUG Engine               - isDesktop: true
01:27:14.752 [FXGL Background Thread 3 ] DEBUG Engine               - isDeveloperMenuEnabled: false
01:27:14.752 [FXGL Background Thread 3 ] DEBUG Engine               - isEmbedded: false
01:27:14.752 [FXGL Background Thread 3 ] DEBUG Engine               - isEntityPreloadEnabled: true
01:27:14.752 [FXGL Background Thread 3 ] DEBUG Engine               - isExperimentalTiledLargeMap: false
01:27:14.752 [FXGL Background Thread 3 ] DEBUG Engine               - isFileSystemWriteAllowed: true
01:27:14.752 [FXGL Background Thread 3 ] DEBUG Engine               - isFullScreenAllowed: false
01:27:14.752 [FXGL Background Thread 3 ] DEBUG Engine               - isFullScreenFromStart: false
01:27:14.752 [FXGL Background Thread 3 ] DEBUG Engine               - isGameMenuEnabled: true
01:27:14.752 [FXGL Background Thread 3 ] DEBUG Engine               - isIOS: false
01:27:14.752 [FXGL Background Thread 3 ] DEBUG Engine               - isIntroEnabled: false
01:27:14.752 [FXGL Background Thread 3 ] DEBUG Engine               - isLinux: false
01:27:14.752 [FXGL Background Thread 3 ] DEBUG Engine               - isMac: false
01:27:14.752 [FXGL Background Thread 3 ] DEBUG Engine               - isMainMenuEnabled: false
01:27:14.753 [FXGL Background Thread 3 ] DEBUG Engine               - isManualResizeEnabled: false
01:27:14.753 [FXGL Background Thread 3 ] DEBUG Engine               - isMobile: false
01:27:14.753 [FXGL Background Thread 3 ] DEBUG Engine               - isNative: false
01:27:14.753 [FXGL Background Thread 3 ] DEBUG Engine               - isPauseMusicWhenMinimized: true
01:27:14.753 [FXGL Background Thread 3 ] DEBUG Engine               - isPreserveResizeRatio: false
01:27:14.753 [FXGL Background Thread 3 ] DEBUG Engine               - isProfilingEnabled: false
01:27:14.753 [FXGL Background Thread 3 ] DEBUG Engine               - isScaleAffectedOnResize: true
01:27:14.753 [FXGL Background Thread 3 ] DEBUG Engine               - isSingleStep: false
01:27:14.753 [FXGL Background Thread 3 ] DEBUG Engine               - isUserProfileEnabled: false
01:27:14.754 [FXGL Background Thread 3 ] DEBUG Engine               - isWindows: true
01:27:14.754 [FXGL Background Thread 3 ] DEBUG Engine               - language: ObjectProperty [value: ENGLISH]
01:27:14.754 [FXGL Background Thread 3 ] DEBUG Engine               - menuKey: ESCAPE
01:27:14.754 [FXGL Background Thread 3 ] DEBUG Engine               - mouseSensitivity: 0.2
01:27:14.754 [FXGL Background Thread 3 ] DEBUG Engine               - notificationViewClass: class com.almasb.fxgl.notification.view.XboxNotificationView
01:27:14.754 [FXGL Background Thread 3 ] DEBUG Engine               - pixelsPerMeter: 50.0
01:27:14.754 [FXGL Background Thread 3 ] DEBUG Engine               - platform: WINDOWS
01:27:14.754 [FXGL Background Thread 3 ] DEBUG Engine               - prefHeightProperty: ReadOnlyDoubleProperty [value: 600.0]
01:27:14.754 [FXGL Background Thread 3 ] DEBUG Engine               - prefWidthProperty: ReadOnlyDoubleProperty [value: 1000.0]
01:27:14.754 [FXGL Background Thread 3 ] DEBUG Engine               - profileDir: profiles/
01:27:14.754 [FXGL Background Thread 3 ] DEBUG Engine               - profileName: StringProperty [value: DEFAULT]
01:27:14.754 [FXGL Background Thread 3 ] DEBUG Engine               - randomSeed: -1
01:27:14.755 [FXGL Background Thread 3 ] DEBUG Engine               - runtimeInfo: RuntimeInfo(platform=WINDOWS, version=17.3, build=30.03.2023 11.49)
01:27:14.755 [FXGL Background Thread 3 ] DEBUG Engine               - saveFileExt: sav
01:27:14.755 [FXGL Background Thread 3 ] DEBUG Engine               - scaledHeightProp$fxgl: DoubleProperty [bound, value: 600.0]
01:27:14.755 [FXGL Background Thread 3 ] DEBUG Engine               - scaledWidthProp$fxgl: DoubleProperty [bound, value: 1000.0]
01:27:14.755 [FXGL Background Thread 3 ] DEBUG Engine               - sceneFactory: com.almasb.fxgl.app.scene.SceneFactory@ae5f932
01:27:14.755 [FXGL Background Thread 3 ] DEBUG Engine               - secondsIn24h: 60
01:27:14.755 [FXGL Background Thread 3 ] DEBUG Engine               - soundMenuBack: menu/back.wav
01:27:14.755 [FXGL Background Thread 3 ] DEBUG Engine               - soundMenuPress: menu/press.wav
01:27:14.755 [FXGL Background Thread 3 ] DEBUG Engine               - soundMenuSelect: menu/select.wav
01:27:14.755 [FXGL Background Thread 3 ] DEBUG Engine               - soundNotification: core/notification.wav
01:27:14.755 [FXGL Background Thread 3 ] DEBUG Engine               - stageStyle: DECORATED
01:27:14.755 [FXGL Background Thread 3 ] DEBUG Engine               - supportedLanguages: [ENGLISH, FRENCH, GERMAN, HUNGARIAN, RUSSIAN]
01:27:14.755 [FXGL Background Thread 3 ] DEBUG Engine               - ticksPerSecond: -1
01:27:14.756 [FXGL Background Thread 3 ] DEBUG Engine               - title: Jugador Sonic
01:27:14.756 [FXGL Background Thread 3 ] DEBUG Engine               - urlGithub: https://github.com/AlmasB/FXGL
01:27:14.756 [FXGL Background Thread 3 ] DEBUG Engine               - urlLeaderboard: http://fxgl-top.herokuapp.com/
01:27:14.756 [FXGL Background Thread 3 ] DEBUG Engine               - urlPOM: https://raw.githubusercontent.com/AlmasB/FXGL/release/README.md
01:27:14.756 [FXGL Background Thread 3 ] DEBUG Engine               - userAppClass: class Runner.ClientRunner
01:27:14.756 [FXGL Background Thread 3 ] DEBUG Engine               - version: 0.0
01:27:14.756 [FXGL Background Thread 3 ] DEBUG Engine               - versionCheckDays: 7
01:27:14.756 [FXGL Background Thread 3 ] DEBUG Engine               - width: 1000
01:27:14.756 [FXGL Background Thread 3 ] DEBUG Engine               - Logging services
01:27:14.756 [FXGL Background Thread 3 ] DEBUG Engine               - class com.almasb.fxgl.app.services.FXGLAssetLoaderService
01:27:14.756 [FXGL Background Thread 3 ] DEBUG Engine               - class com.almasb.fxgl.app.FXGLApplication$GameApplicationService
01:27:14.756 [FXGL Background Thread 3 ] DEBUG Engine               - class com.almasb.fxgl.app.services.FXGLDialogService
01:27:14.756 [FXGL Background Thread 3 ] DEBUG Engine               - class com.almasb.fxgl.app.services.IOTaskExecutorService
01:27:14.756 [FXGL Background Thread 3 ] DEBUG Engine               - class com.almasb.fxgl.io.FileSystemService
01:27:14.756 [FXGL Background Thread 3 ] DEBUG Engine               - class com.almasb.fxgl.localization.LocalizationService
01:27:14.756 [FXGL Background Thread 3 ] DEBUG Engine               - class com.almasb.fxgl.app.services.SystemBundleService
01:27:14.756 [FXGL Background Thread 3 ] DEBUG Engine               - class com.almasb.fxgl.profile.SaveLoadService
01:27:14.756 [FXGL Background Thread 3 ] DEBUG Engine               - class com.almasb.fxgl.ui.FXGLUIFactoryServiceProvider
01:27:14.756 [FXGL Background Thread 3 ] DEBUG Engine               - class com.almasb.fxgl.ui.FXGLDialogFactoryServiceProvider
01:27:14.756 [FXGL Background Thread 3 ] DEBUG Engine               - class com.almasb.fxgl.audio.AudioPlayer
01:27:14.756 [FXGL Background Thread 3 ] DEBUG Engine               - class com.almasb.fxgl.notification.impl.NotificationServiceProvider
01:27:14.756 [FXGL Background Thread 3 ] DEBUG Engine               - class com.almasb.fxgl.achievement.AchievementService
01:27:14.756 [FXGL Background Thread 3 ] DEBUG Engine               - class com.almasb.fxgl.cutscene.CutsceneService
01:27:14.756 [FXGL Background Thread 3 ] DEBUG Engine               - class com.almasb.fxgl.minigames.MiniGameService
01:27:14.756 [FXGL Background Thread 3 ] DEBUG Engine               - class com.almasb.fxgl.net.NetService
01:27:14.756 [FXGL Background Thread 3 ] DEBUG Engine               - class com.almasb.fxgl.app.services.UpdaterService
01:27:14.757 [FXGL Background Thread 3 ] DEBUG Engine               - class com.almasb.fxgl.dev.DevService
01:27:14.757 [FXGL Background Thread 3 ] DEBUG Engine               - class com.almasb.fxgl.multiplayer.MultiplayerService
01:27:23.931 [JavaFX Application Thread] DEBUG FXGLAssetLoaderServi - Loading from file system: file:/C:/Users/User/Documents/Millan.Luis/UNEG/Semestre%20IV/Tecnicas%20de%20Prog.%20III/Sonic-rush/target/classes/assets/textures/background/background2.png
01:27:24.021 [JavaFX Application Thread] DEBUG TMXLevelLoader       - Parsed TiledMap: file:/C:/Users/User/Documents/Millan.Luis/UNEG/Semestre%20IV/Tecnicas%20de%20Prog.%20III/Sonic-rush/target/classes/assets/levels/mapazo.tmx
01:27:24.022 [JavaFX Application Thread] DEBUG TMXLevelLoader       - Creating tile layer entities
01:27:24.025 [JavaFX Application Thread] DEBUG TilesetLoader        - Loading view for layer Capa de patrones 1
01:27:24.027 [JavaFX Application Thread] DEBUG TilesetLoader        - Created buffer with size 3840.0x720.0
01:27:24.065 [JavaFX Application Thread] DEBUG TMXLevelLoader       - Creating object layer entities
01:27:24.074 [JavaFX Application Thread] DEBUG GameWorld            - Clearing removable entities
01:27:24.077 [JavaFX Application Thread] DEBUG GameWorld            - Setting level: com.almasb.fxgl.entity.level.Level@7e26a90d
01:27:24.093 [ClientAsyncConnThread    ] DEBUG TCPClient            - Connecting to localhost:55555 type: class com.almasb.fxgl.core.serialization.Bundle
01:27:24.095 [ClientAsyncConnThread    ] DEBUG TCPClient            - Created socket to localhost:55555
01:27:24.099 [ClientAsyncConnThread    ] DEBUG Endpoint             - TCPClient opening new connection (1) from localhost/127.0.0.1:55555 type: class com.almasb.fxgl.core.serialization.Bundle
01:27:24.125 [ClientAsyncConnThread    ] DEBUG Endpoint             - TCPClient successfully opened connection (1)
01:27:24.135 [TCPClient_SendThread-1   ] DEBUG Writers              - Getting TCPMessageWriter for class com.almasb.fxgl.core.serialization.Bundle
01:27:24.137 [TCPClient_SendThread-1   ] DEBUG Writers              - Constructed TCPMessageWriter for class com.almasb.fxgl.core.serialization.Bundle: BundleTCPMessageWriter
01:27:24.142 [TCPClient_RecvThread-1   ] DEBUG Readers              - Getting TCPMessageReader for class com.almasb.fxgl.core.serialization.Bundle
01:27:24.143 [TCPClient_RecvThread-1   ] DEBUG Readers              - Constructed MessageReader for class com.almasb.fxgl.core.serialization.Bundle: BundleTCPMessageReader
01:27:24.153 [JavaFX Application Thread] DEBUG FXGLAssetLoaderServi - Loading from file system: file:/C:/Users/User/Documents/Millan.Luis/UNEG/Semestre%20IV/Tecnicas%20de%20Prog.%20III/Sonic-rush/target/classes/assets/textures/Items/ring.png
01:27:24.198 [JavaFX Application Thread] DEBUG FXGLAssetLoaderServi - Loading from file system: file:/C:/Users/User/Documents/Millan.Luis/UNEG/Semestre%20IV/Tecnicas%20de%20Prog.%20III/Sonic-rush/target/classes/assets/textures/Items/basura.png
01:27:24.203 [JavaFX Application Thread] DEBUG FXGLAssetLoaderServi - Loading from file system: file:/C:/Users/User/Documents/Millan.Luis/UNEG/Semestre%20IV/Tecnicas%20de%20Prog.%20III/Sonic-rush/target/classes/assets/textures/Items/papel.png
01:27:24.207 [JavaFX Application Thread] DEBUG FXGLAssetLoaderServi - Loading from file system: file:/C:/Users/User/Documents/Millan.Luis/UNEG/Semestre%20IV/Tecnicas%20de%20Prog.%20III/Sonic-rush/target/classes/assets/textures/Items/caucho.png
01:27:24.221 [JavaFX Application Thread] DEBUG FXGLAssetLoaderServi - Loading from file system: file:/C:/Users/User/Documents/Millan.Luis/UNEG/Semestre%20IV/Tecnicas%20de%20Prog.%20III/Sonic-rush/target/classes/assets/textures/Enemigos/enemigo.png
01:27:24.266 [JavaFX Application Thread] DEBUG FXGLAssetLoaderServi - Loading from file system: file:/C:/Users/User/Documents/Millan.Luis/UNEG/Semestre%20IV/Tecnicas%20de%20Prog.%20III/Sonic-rush/target/classes/assets/textures/Personajes/tails.png
01:27:24.289 [JavaFX Application Thread] DEBUG FXGLAssetLoaderServi - Loading from file system: file:/C:/Users/User/Documents/Millan.Luis/UNEG/Semestre%20IV/Tecnicas%20de%20Prog.%20III/Sonic-rush/target/classes/assets/textures/Personajes/tails_Salta.png
01:27:24.300 [JavaFX Application Thread] DEBUG FXGLAssetLoaderServi - Loading from file system: file:/C:/Users/User/Documents/Millan.Luis/UNEG/Semestre%20IV/Tecnicas%20de%20Prog.%20III/Sonic-rush/target/classes/assets/textures/Personajes/tails_caminando.png
01:27:29.841 [JavaFX Application Thread] DEBUG FXGLAssetLoaderServi - Loading from file system: file:/C:/Users/User/Documents/Millan.Luis/UNEG/Semestre%20IV/Tecnicas%20de%20Prog.%20III/Sonic-rush/target/classes/assets/sounds/recoger.wav
01:27:50.979 [JavaFX Application Thread] DEBUG FXGLAssetLoaderServi - Loading from file system: file:/C:/Users/User/Documents/Millan.Luis/UNEG/Semestre%20IV/Tecnicas%20de%20Prog.%20III/Sonic-rush/target/classes/assets/sounds/perder_anillos.wav
01:28:14.922 [JavaFX Application Thread] DEBUG PrimaryStageWindow   - Push state: DialogSubScene
01:28:14.922 [JavaFX Application Thread] DEBUG Input                - Clearing active input actions
01:28:14.923 [JavaFX Application Thread] DEBUG GameApplicationServi - Removing overlay from GameScene and adding to DialogSubScene
01:28:14.924 [JavaFX Application Thread] DEBUG PrimaryStageWindow   - GameScene -> DialogSubScene
01:28:16.107 [JavaFX Application Thread] DEBUG PrimaryStageWindow   - Pop state: DialogSubScene
01:28:16.107 [JavaFX Application Thread] DEBUG Input                - Clearing active input actions
01:28:16.107 [JavaFX Application Thread] DEBUG GameApplicationServi - Removing overlay from DialogSubScene and adding to GameScene
01:28:16.108 [JavaFX Application Thread] DEBUG PrimaryStageWindow   - GameScene <- DialogSubScene
01:28:16.108 [JavaFX Application Thread] DEBUG FXGLApplication      - Exiting FXGL
01:28:16.108 [JavaFX Application Thread] DEBUG LoopRunner           - Stopping loop
01:28:16.108 [JavaFX Application Thread] DEBUG SystemBundleService  - Saving FXGL system data
01:28:16.110 [JavaFX Application Thread] DEBUG FileSystemAccess     - Writing to: C:\Users\User\Documents\Millan.Luis\UNEG\Semestre IV\Tecnicas de Prog. III\Sonic-rush\system\fxgl.bundle
01:28:16.111 [JavaFX Application Thread] DEBUG Async                - Shutting down background threads
01:28:16.111 [JavaFX Application Thread] DEBUG PrimaryStageWindow   - Closing main window
01:28:16.128 [JavaFX Application Thread] DEBUG Logger               - Closing Logger
