16:11:17.583 [main                     ] DEBUG Logger               - Configured Logger
16:11:17.607 [main                     ] DEBUG GameApplication      - Logging settings
Title: Server
Version: 0.0
Width: 800
Height: 500
Fullscreen: false
Intro: false
Profiling: false
Single step:false
App Mode: DEVELOPER
Menu Key: ESCAPE
Stage Style: DECORATED
Scene Factory: class com.almasb.fxgl.app.scene.SceneFactory

16:11:18.168 [JavaFX Application Thread] DEBUG FXGLApplication      - Initializing FXGL
16:11:18.176 [JavaFX Application Thread] INFO  Engine               - FXGL-17.3 (30.03.2023 11.49) on WINDOWS (J:21.0.2 FX:20)
16:11:18.176 [JavaFX Application Thread] DEBUG Engine               - JRE Vendor Name: Oracle Corporation
16:11:18.176 [JavaFX Application Thread] DEBUG Engine               - Running on OS: Windows 10 version 10.0
16:11:18.177 [JavaFX Application Thread] DEBUG Engine               - Architecture: amd64
16:11:18.177 [JavaFX Application Thread] INFO  Engine               - Source code and latest versions at: https://github.com/AlmasB/FXGL
16:11:18.177 [JavaFX Application Thread] INFO  Engine               -       Ask questions and discuss at: https://github.com/AlmasB/FXGL/discussions
16:11:18.178 [JavaFX Application Thread] INFO  Engine               -              Join the FXGL chat at: https://gitter.im/AlmasB/FXGL
16:11:18.318 [JavaFX Application Thread] DEBUG PrimaryStageWindow   - Creating a JavaFX scene
16:11:18.381 [JavaFX Application Thread] DEBUG PrimaryStageWindow   - Target settings size: 800.0 x 500.0
16:11:18.381 [JavaFX Application Thread] DEBUG PrimaryStageWindow   - Scaled scene size:    800.0 x 500.0
16:11:18.382 [JavaFX Application Thread] DEBUG PrimaryStageWindow   - Scaled ratio: (1.0, 1.0)
16:11:18.383 [JavaFX Application Thread] DEBUG PrimaryStageWindow   - Set initial scene to FXGLStartupScene
16:11:18.387 [JavaFX Application Thread] DEBUG PrimaryStageWindow   - Opening main window
16:11:18.488 [JavaFX Application Thread] DEBUG PrimaryStageWindow   - Window border size: (16.0, 39.0)
16:11:18.488 [JavaFX Application Thread] DEBUG PrimaryStageWindow   - Scaled size: 800.0 x 500.0
16:11:18.488 [JavaFX Application Thread] DEBUG PrimaryStageWindow   - Scaled ratio: (1.0, 1.0)
16:11:18.489 [JavaFX Application Thread] DEBUG PrimaryStageWindow   - Scene size: 800.0 x 500.0
16:11:18.489 [JavaFX Application Thread] DEBUG PrimaryStageWindow   - Stage size: 816.0 x 539.0
16:11:18.499 [FXGL Background Thread 1 ] DEBUG Engine               - Initializing environment variables
16:11:18.589 [FXGL Background Thread 1 ] DEBUG FXGLAssetLoaderServi - User app class for loading assets: class Runner.ServerRunner
16:11:18.590 [FXGL Background Thread 1 ] DEBUG GameApplicationServi - Applying CSS: fxgl_dark.css
16:11:18.593 [FXGL Background Thread 1 ] DEBUG FXGLAssetLoaderServi - Loading from file system: jar:file:/C:/Users/User/.m2/repository/com/github/almasb/fxgl/17.3/fxgl-17.3.jar!/fxglassets/ui/css/fxgl_dark.css
16:11:18.707 [FXGL Background Thread 1 ] DEBUG GameApplicationServi - Initializing application scenes
16:11:18.886 [FXGL Background Thread 1 ] DEBUG GameWorld            - Game world initialized
16:11:18.981 [FXGL Background Thread 1 ] DEBUG PhysicsWorld         - Physics world initialized: appHeight=500, physics.ppm=50,0
16:11:18.981 [FXGL Background Thread 1 ] DEBUG PhysicsWorld         - Using strategy: BRUTE_FORCE
16:11:18.988 [FXGL Background Thread 1 ] DEBUG GameScene            - Game scene initialized: 800x500
16:11:19.009 [FXGL Background Thread 1 ] WARN  FXGL.DefaultMenu     - FXGLDefaultMenu is not designed for resolutions < 800x600
16:11:19.010 [FXGL Background Thread 1 ] DEBUG FXGL.DefaultMenu     - createMenuBodyGameMenu()
16:11:19.032 [FXGL Background Thread 1 ] DEBUG FXGL.DefaultMenu     - createOptionsMenu()
16:11:19.059 [FXGL Background Thread 1 ] DEBUG FXGLAssetLoaderServi - Loading from file system: jar:file:/C:/Users/User/.m2/repository/com/github/almasb/fxgl/17.3/fxgl-17.3.jar!/fxglassets/textures/particles/smoke.png
16:11:19.205 [FXGL Background Thread 1 ] DEBUG FXGLAssetLoaderServi - Loading from file system: jar:file:/C:/Users/User/.m2/repository/com/github/almasb/fxgl/17.3/fxgl-17.3.jar!/fxglassets/textures/particles/trace_horizontal.png
16:11:19.252 [FXGL Background Thread 1 ] DEBUG GameApplicationServi - Application scenes initialized
16:11:19.274 [FXGL Background Thread 1 ] DEBUG SystemBundleService  - Loading FXGL system data
16:11:19.284 [FXGL Background Thread 1 ] DEBUG FileSystemAccess     - Reading from: C:\Users\User\Documents\GitHub\Sonic-rush\system\fxgl.bundle
16:11:19.298 [FXGL Background Thread 1 ] DEBUG SystemBundleService  - Bundle FXGL: {}
16:11:19.299 [FXGL Background Thread 1 ] DEBUG UpdaterService       - Checking for updates
16:11:19.306 [FXGL Background Thread 1 ] DEBUG FXGLApplication      - Loading default localization
16:11:19.308 [FXGL Background Thread 1 ] DEBUG FXGLAssetLoaderServi - Loading from file system: jar:file:/C:/Users/User/.m2/repository/com/github/almasb/fxgl/17.3/fxgl-17.3.jar!/fxglassets/languages/english.lang
16:11:19.342 [FXGL Background Thread 1 ] INFO  FXGLApplication      - FXGL initialization took: 0,842 sec
16:11:19.353 [JavaFX Application Thread] DEBUG FXGLAssetLoaderServi - Loading from file system: jar:file:/C:/Users/User/.m2/repository/com/github/almasb/fxgl/17.3/fxgl-17.3.jar!/fxglassets/textures/fxgl_icon.png
16:11:19.353 [FXGL Background Thread 4 ] DEBUG FXGLApplication      - Loading fonts
16:11:19.355 [FXGL Background Thread 4 ] DEBUG FXGLAssetLoaderServi - Loading from file system: jar:file:/C:/Users/User/.m2/repository/com/github/almasb/fxgl/17.3/fxgl-17.3.jar!/fxglassets/ui/fonts/VarelaRound-Regular.ttf
16:11:19.399 [JavaFX Application Thread] DEBUG FXGLAssetLoaderServi - Loading from file system: jar:file:/C:/Users/User/.m2/repository/com/github/almasb/fxgl/17.3/fxgl-17.3.jar!/fxglassets/textures/fxgl_default_cursor.png
16:11:19.423 [JavaFX Application Thread] DEBUG Input                - Registered new binding: Screenshot - CTRL+8
16:11:19.424 [JavaFX Application Thread] DEBUG Input                - Registered new binding: System info dump - CTRL+9
16:11:19.425 [JavaFX Application Thread] DEBUG Input                - Registered new binding: Restart - CTRL+R
16:11:19.426 [JavaFX Application Thread] DEBUG Input                - Registered new binding: Toggle Debug Camera - CTRL+7
16:11:19.429 [JavaFX Application Thread] DEBUG LoopRunner           - Starting loop
16:11:19.429 [JavaFX Application Thread] DEBUG LoopRunner           - Initializing JavaFX AnimationTimerLoop
16:11:19.430 [JavaFX Application Thread] DEBUG GameApplicationServi - Starting new game
16:11:19.431 [JavaFX Application Thread] DEBUG Input                - Clearing active input actions
16:11:19.458 [FXGL Background Thread 4 ] DEBUG FXGLAssetLoaderServi - Loading from file system: jar:file:/C:/Users/User/.m2/repository/com/github/almasb/fxgl/17.3/fxgl-17.3.jar!/fxglassets/ui/fonts/Abel-Regular.ttf
16:11:19.459 [JavaFX Application Thread] DEBUG GameApplicationServi - Removing overlay from FXGLStartupScene and adding to FXGLLoadingScene
16:11:19.460 [JavaFX Application Thread] DEBUG PrimaryStageWindow   - FXGLStartupScene -> FXGLLoadingScene
16:11:19.460 [JavaFX Application Thread] DEBUG GameApplicationServi - Clearing previous game
16:11:19.460 [JavaFX Application Thread] DEBUG GameScene            - Clearing game scene
16:11:19.462 [FXGL Background Thread 4 ] DEBUG FXGLAssetLoaderServi - Loading from file system: jar:file:/C:/Users/User/.m2/repository/com/github/almasb/fxgl/17.3/fxgl-17.3.jar!/fxglassets/ui/fonts/TerminalLandMono-Regular.otf
16:11:19.466 [FXGL Background Thread 4 ] DEBUG FXGLAssetLoaderServi - Loading from file system: jar:file:/C:/Users/User/.m2/repository/com/github/almasb/fxgl/17.3/fxgl-17.3.jar!/fxglassets/ui/fonts/Courier-Prime.ttf
16:11:19.460 [JavaFX Application Thread] DEBUG GameWorld            - Clearing game world
16:11:19.467 [JavaFX Application Thread] DEBUG PhysicsWorld         - Clearing physics world
16:11:19.469 [FXGL Background Thread 1 ] DEBUG FXGLApplication      - Initializing game
16:11:19.497 [ServerAsyncConnThread    ] DEBUG TCPServer            - Starting to listen at: 50000 type: class com.almasb.fxgl.core.serialization.Bundle
16:11:19.611 [JavaFX Application Thread] DEBUG FXGLApplication      - Registering font factories with UI factory
16:11:19.620 [FXGL Background Thread 1 ] WARN  TMXLevelLoader       - TiledMap generated from 1.11.2. Supported version: 1.9.0. Some features may not be parsed fully.
16:11:19.719 [FXGL Background Thread 1 ] DEBUG TMXLevelLoader       - Parsed TiledMap: file:/C:/Users/User/Documents/GitHub/Sonic-rush/target/classes/assets/levels/mapazo.tmx
16:11:19.720 [FXGL Background Thread 1 ] DEBUG TMXLevelLoader       - Creating tile layer entities
16:11:19.723 [FXGL Background Thread 1 ] DEBUG TilesetLoader        - Loading view for layer Capa de patrones 1
16:11:19.728 [FXGL Background Thread 1 ] DEBUG TilesetLoader        - Created buffer with size 3840.0x720.0
16:11:19.798 [FXGL Background Thread 1 ] DEBUG TMXLevelLoader       - Creating object layer entities
16:11:19.846 [FXGL Background Thread 1 ] DEBUG GameWorld            - Clearing removable entities
16:11:19.847 [FXGL Background Thread 1 ] DEBUG GameWorld            - Setting level: com.almasb.fxgl.entity.level.Level@4f1b35a8
16:11:19.867 [FXGL Background Thread 1 ] DEBUG FXGLAssetLoaderServi - Loading from file system: file:/C:/Users/User/Documents/GitHub/Sonic-rush/target/classes/assets/textures/Items/ring.png
16:11:19.955 [FXGL Background Thread 1 ] DEBUG FXGLAssetLoaderServi - Loading from file system: file:/C:/Users/User/Documents/GitHub/Sonic-rush/target/classes/assets/textures/Enemigos/enemigo2.png
16:11:19.975 [FXGL Background Thread 1 ] DEBUG FXGLAssetLoaderServi - Loading from file system: file:/C:/Users/User/Documents/GitHub/Sonic-rush/target/classes/assets/textures/Items/basura.png
16:11:19.982 [FXGL Background Thread 1 ] DEBUG FXGLAssetLoaderServi - Loading from file system: file:/C:/Users/User/Documents/GitHub/Sonic-rush/target/classes/assets/textures/Items/caucho.png
16:11:19.990 [FXGL Background Thread 1 ] DEBUG FXGLAssetLoaderServi - Loading from file system: file:/C:/Users/User/Documents/GitHub/Sonic-rush/target/classes/assets/textures/Items/papel.png
16:11:20.003 [FXGL Background Thread 1 ] INFO  FXGLApplication      - Game initialization took: 0,533 sec
16:11:20.041 [JavaFX Application Thread] DEBUG Input                - Clearing active input actions
16:11:20.060 [JavaFX Application Thread] DEBUG GameApplicationServi - Removing overlay from FXGLLoadingScene and adding to GameScene
16:11:20.061 [JavaFX Application Thread] DEBUG PrimaryStageWindow   - FXGLLoadingScene -> GameScene
16:11:20.387 [FXGL Background Thread 2 ] INFO  UpdaterService       - Your current version:  17.3
16:11:20.388 [FXGL Background Thread 2 ] INFO  UpdaterService       - Latest stable version: 21.1
16:11:21.606 [JavaFX Application Thread] DEBUG LoopRunner           - Pausing loop
16:11:22.313 [FXGL Background Thread 3 ] DEBUG Engine               - Logging environment variables
16:11:22.332 [FXGL Background Thread 3 ] DEBUG Engine               - achievements: []
16:11:22.332 [FXGL Background Thread 3 ] DEBUG Engine               - actualHeight: 500.0
16:11:22.333 [FXGL Background Thread 3 ] DEBUG Engine               - actualHeightProperty: ReadOnlyDoubleProperty [value: 500.0]
16:11:22.333 [FXGL Background Thread 3 ] DEBUG Engine               - actualWidth: 800.0
16:11:22.333 [FXGL Background Thread 3 ] DEBUG Engine               - actualWidthProperty: ReadOnlyDoubleProperty [value: 800.0]
16:11:22.333 [FXGL Background Thread 3 ] DEBUG Engine               - appIcon: fxgl_icon.png
16:11:22.333 [FXGL Background Thread 3 ] DEBUG Engine               - applicationMode: DEVELOPER
16:11:22.333 [FXGL Background Thread 3 ] DEBUG Engine               - cSSList: [fxgl_dark.css]
16:11:22.333 [FXGL Background Thread 3 ] DEBUG Engine               - collisionDetectionStrategy: BRUTE_FORCE
16:11:22.334 [FXGL Background Thread 3 ] DEBUG Engine               - configClass: Optional.empty
16:11:22.334 [FXGL Background Thread 3 ] DEBUG Engine               - credits: []
16:11:22.334 [FXGL Background Thread 3 ] DEBUG Engine               - defaultCursor: CursorInfo(imageName=fxgl_default_cursor.png, hotspotX=7.0, hotspotY=6.0)
16:11:22.334 [FXGL Background Thread 3 ] DEBUG Engine               - devBBoxColorProperty: ObjectProperty [value: 0xff0000ff]
16:11:22.334 [FXGL Background Thread 3 ] DEBUG Engine               - devEnableDebugCameraProperty: BooleanProperty [value: false]
16:11:22.334 [FXGL Background Thread 3 ] DEBUG Engine               - devSensorColorProperty: ObjectProperty [value: 0xffff00ff]
16:11:22.335 [FXGL Background Thread 3 ] DEBUG Engine               - devShowBBoxProperty: BooleanProperty [value: false]
16:11:22.335 [FXGL Background Thread 3 ] DEBUG Engine               - devShowPositionProperty: BooleanProperty [value: false]
16:11:22.335 [FXGL Background Thread 3 ] DEBUG Engine               - enabledMenuItems: []
16:11:22.335 [FXGL Background Thread 3 ] DEBUG Engine               - engineServices: [class com.almasb.fxgl.app.services.FXGLAssetLoaderService, class com.almasb.fxgl.app.FXGLApplication$GameApplicationService, class com.almasb.fxgl.app.services.FXGLDialogService, class com.almasb.fxgl.app.services.IOTaskExecutorService, class com.almasb.fxgl.io.FileSystemService, class com.almasb.fxgl.localization.LocalizationService, class com.almasb.fxgl.app.services.SystemBundleService, class com.almasb.fxgl.profile.SaveLoadService, class com.almasb.fxgl.ui.FXGLUIFactoryServiceProvider, class com.almasb.fxgl.ui.FXGLDialogFactoryServiceProvider, class com.almasb.fxgl.audio.AudioPlayer, class com.almasb.fxgl.notification.impl.NotificationServiceProvider, class com.almasb.fxgl.achievement.AchievementService, class com.almasb.fxgl.cutscene.CutsceneService, class com.almasb.fxgl.minigames.MiniGameService, class com.almasb.fxgl.net.NetService, class com.almasb.fxgl.app.services.UpdaterService, class com.almasb.fxgl.dev.DevService, class com.almasb.fxgl.multiplayer.MultiplayerService]
16:11:22.335 [FXGL Background Thread 3 ] DEBUG Engine               - fontGame: Abel-Regular.ttf
16:11:22.335 [FXGL Background Thread 3 ] DEBUG Engine               - fontMono: TerminalLandMono-Regular.otf
16:11:22.335 [FXGL Background Thread 3 ] DEBUG Engine               - fontSizeScaleUI: 1.0
16:11:22.336 [FXGL Background Thread 3 ] DEBUG Engine               - fontText: Courier-Prime.ttf
16:11:22.337 [FXGL Background Thread 3 ] DEBUG Engine               - fontUI: VarelaRound-Regular.ttf
16:11:22.337 [FXGL Background Thread 3 ] DEBUG Engine               - fullScreen: BooleanProperty [value: false]
16:11:22.337 [FXGL Background Thread 3 ] DEBUG Engine               - gameDifficulty: MEDIUM
16:11:22.342 [FXGL Background Thread 3 ] DEBUG Engine               - gameDifficultyProperty: ObjectProperty [value: MEDIUM]
16:11:22.342 [FXGL Background Thread 3 ] DEBUG Engine               - globalMusicVolume: 0.5
16:11:22.342 [FXGL Background Thread 3 ] DEBUG Engine               - globalMusicVolumeProperty: DoubleProperty [value: 0.5]
16:11:22.342 [FXGL Background Thread 3 ] DEBUG Engine               - globalSoundVolume: 0.5
16:11:22.342 [FXGL Background Thread 3 ] DEBUG Engine               - globalSoundVolumeProperty: DoubleProperty [value: 0.5]
16:11:22.342 [FXGL Background Thread 3 ] DEBUG Engine               - height: 500
16:11:22.342 [FXGL Background Thread 3 ] DEBUG Engine               - is3D: false
16:11:22.346 [FXGL Background Thread 3 ] DEBUG Engine               - isAndroid: false
16:11:22.346 [FXGL Background Thread 3 ] DEBUG Engine               - isBrowser: false
16:11:22.346 [FXGL Background Thread 3 ] DEBUG Engine               - isClickFeedbackEnabled: false
16:11:22.346 [FXGL Background Thread 3 ] DEBUG Engine               - isCloseConfirmation: false
16:11:22.346 [FXGL Background Thread 3 ] DEBUG Engine               - isDesktop: true
16:11:22.346 [FXGL Background Thread 3 ] DEBUG Engine               - isDeveloperMenuEnabled: false
16:11:22.346 [FXGL Background Thread 3 ] DEBUG Engine               - isEmbedded: false
16:11:22.356 [FXGL Background Thread 3 ] DEBUG Engine               - isEntityPreloadEnabled: true
16:11:22.356 [FXGL Background Thread 3 ] DEBUG Engine               - isExperimentalTiledLargeMap: false
16:11:22.356 [FXGL Background Thread 3 ] DEBUG Engine               - isFileSystemWriteAllowed: true
16:11:22.356 [FXGL Background Thread 3 ] DEBUG Engine               - isFullScreenAllowed: false
16:11:22.356 [FXGL Background Thread 3 ] DEBUG Engine               - isFullScreenFromStart: false
16:11:22.356 [FXGL Background Thread 3 ] DEBUG Engine               - isGameMenuEnabled: true
16:11:22.356 [FXGL Background Thread 3 ] DEBUG Engine               - isIOS: false
16:11:22.356 [FXGL Background Thread 3 ] DEBUG Engine               - isIntroEnabled: false
16:11:22.356 [FXGL Background Thread 3 ] DEBUG Engine               - isLinux: false
16:11:22.356 [FXGL Background Thread 3 ] DEBUG Engine               - isMac: false
16:11:22.356 [FXGL Background Thread 3 ] DEBUG Engine               - isMainMenuEnabled: false
16:11:22.356 [FXGL Background Thread 3 ] DEBUG Engine               - isManualResizeEnabled: false
16:11:22.356 [FXGL Background Thread 3 ] DEBUG Engine               - isMobile: false
16:11:22.357 [FXGL Background Thread 3 ] DEBUG Engine               - isNative: false
16:11:22.357 [FXGL Background Thread 3 ] DEBUG Engine               - isPauseMusicWhenMinimized: true
16:11:22.361 [FXGL Background Thread 3 ] DEBUG Engine               - isPreserveResizeRatio: false
16:11:22.363 [FXGL Background Thread 3 ] DEBUG Engine               - isProfilingEnabled: false
16:11:22.363 [FXGL Background Thread 3 ] DEBUG Engine               - isScaleAffectedOnResize: true
16:11:22.363 [FXGL Background Thread 3 ] DEBUG Engine               - isSingleStep: false
16:11:22.363 [FXGL Background Thread 3 ] DEBUG Engine               - isUserProfileEnabled: false
16:11:22.364 [FXGL Background Thread 3 ] DEBUG Engine               - isWindows: true
16:11:22.365 [FXGL Background Thread 3 ] DEBUG Engine               - language: ObjectProperty [value: ENGLISH]
16:11:22.366 [FXGL Background Thread 3 ] DEBUG Engine               - menuKey: ESCAPE
16:11:22.366 [FXGL Background Thread 3 ] DEBUG Engine               - mouseSensitivity: 0.2
16:11:22.366 [FXGL Background Thread 3 ] DEBUG Engine               - notificationViewClass: class com.almasb.fxgl.notification.view.XboxNotificationView
16:11:22.366 [FXGL Background Thread 3 ] DEBUG Engine               - pixelsPerMeter: 50.0
16:11:22.366 [FXGL Background Thread 3 ] DEBUG Engine               - platform: WINDOWS
16:11:22.366 [FXGL Background Thread 3 ] DEBUG Engine               - prefHeightProperty: ReadOnlyDoubleProperty [value: 500.0]
16:11:22.366 [FXGL Background Thread 3 ] DEBUG Engine               - prefWidthProperty: ReadOnlyDoubleProperty [value: 800.0]
16:11:22.366 [FXGL Background Thread 3 ] DEBUG Engine               - profileDir: profiles/
16:11:22.366 [FXGL Background Thread 3 ] DEBUG Engine               - profileName: StringProperty [value: DEFAULT]
16:11:22.367 [FXGL Background Thread 3 ] DEBUG Engine               - randomSeed: -1
16:11:22.367 [FXGL Background Thread 3 ] DEBUG Engine               - runtimeInfo: RuntimeInfo(platform=WINDOWS, version=17.3, build=30.03.2023 11.49)
16:11:22.367 [FXGL Background Thread 3 ] DEBUG Engine               - saveFileExt: sav
16:11:22.367 [FXGL Background Thread 3 ] DEBUG Engine               - scaledHeightProp$fxgl: DoubleProperty [bound, value: 500.0]
16:11:22.374 [FXGL Background Thread 3 ] DEBUG Engine               - scaledWidthProp$fxgl: DoubleProperty [bound, value: 800.0]
16:11:22.374 [FXGL Background Thread 3 ] DEBUG Engine               - sceneFactory: com.almasb.fxgl.app.scene.SceneFactory@71fbb1c1
16:11:22.375 [FXGL Background Thread 3 ] DEBUG Engine               - secondsIn24h: 60
16:11:22.375 [FXGL Background Thread 3 ] DEBUG Engine               - soundMenuBack: menu/back.wav
16:11:22.375 [FXGL Background Thread 3 ] DEBUG Engine               - soundMenuPress: menu/press.wav
16:11:22.379 [FXGL Background Thread 3 ] DEBUG Engine               - soundMenuSelect: menu/select.wav
16:11:22.383 [FXGL Background Thread 3 ] DEBUG Engine               - soundNotification: core/notification.wav
16:11:22.384 [FXGL Background Thread 3 ] DEBUG Engine               - stageStyle: DECORATED
16:11:22.384 [FXGL Background Thread 3 ] DEBUG Engine               - supportedLanguages: [ENGLISH, FRENCH, GERMAN, HUNGARIAN, RUSSIAN]
16:11:22.384 [FXGL Background Thread 3 ] DEBUG Engine               - ticksPerSecond: -1
16:11:22.384 [FXGL Background Thread 3 ] DEBUG Engine               - title: Server
16:11:22.384 [FXGL Background Thread 3 ] DEBUG Engine               - urlGithub: https://github.com/AlmasB/FXGL
16:11:22.384 [FXGL Background Thread 3 ] DEBUG Engine               - urlLeaderboard: http://fxgl-top.herokuapp.com/
16:11:22.384 [FXGL Background Thread 3 ] DEBUG Engine               - urlPOM: https://raw.githubusercontent.com/AlmasB/FXGL/release/README.md
16:11:22.384 [FXGL Background Thread 3 ] DEBUG Engine               - userAppClass: class Runner.ServerRunner
16:11:22.384 [FXGL Background Thread 3 ] DEBUG Engine               - version: 0.0
16:11:22.384 [FXGL Background Thread 3 ] DEBUG Engine               - versionCheckDays: 7
16:11:22.384 [FXGL Background Thread 3 ] DEBUG Engine               - width: 800
16:11:22.384 [FXGL Background Thread 3 ] DEBUG Engine               - Logging services
16:11:22.384 [FXGL Background Thread 3 ] DEBUG Engine               - class com.almasb.fxgl.app.services.FXGLAssetLoaderService
16:11:22.384 [FXGL Background Thread 3 ] DEBUG Engine               - class com.almasb.fxgl.app.FXGLApplication$GameApplicationService
16:11:22.384 [FXGL Background Thread 3 ] DEBUG Engine               - class com.almasb.fxgl.app.services.FXGLDialogService
16:11:22.384 [FXGL Background Thread 3 ] DEBUG Engine               - class com.almasb.fxgl.app.services.IOTaskExecutorService
16:11:22.384 [FXGL Background Thread 3 ] DEBUG Engine               - class com.almasb.fxgl.io.FileSystemService
16:11:22.384 [FXGL Background Thread 3 ] DEBUG Engine               - class com.almasb.fxgl.localization.LocalizationService
16:11:22.384 [FXGL Background Thread 3 ] DEBUG Engine               - class com.almasb.fxgl.app.services.SystemBundleService
16:11:22.384 [FXGL Background Thread 3 ] DEBUG Engine               - class com.almasb.fxgl.profile.SaveLoadService
16:11:22.384 [FXGL Background Thread 3 ] DEBUG Engine               - class com.almasb.fxgl.ui.FXGLUIFactoryServiceProvider
16:11:22.384 [FXGL Background Thread 3 ] DEBUG Engine               - class com.almasb.fxgl.ui.FXGLDialogFactoryServiceProvider
16:11:22.384 [FXGL Background Thread 3 ] DEBUG Engine               - class com.almasb.fxgl.audio.AudioPlayer
16:11:22.384 [FXGL Background Thread 3 ] DEBUG Engine               - class com.almasb.fxgl.notification.impl.NotificationServiceProvider
16:11:22.385 [FXGL Background Thread 3 ] DEBUG Engine               - class com.almasb.fxgl.achievement.AchievementService
16:11:22.385 [FXGL Background Thread 3 ] DEBUG Engine               - class com.almasb.fxgl.cutscene.CutsceneService
16:11:22.385 [FXGL Background Thread 3 ] DEBUG Engine               - class com.almasb.fxgl.minigames.MiniGameService
16:11:22.385 [FXGL Background Thread 3 ] DEBUG Engine               - class com.almasb.fxgl.net.NetService
16:11:22.385 [FXGL Background Thread 3 ] DEBUG Engine               - class com.almasb.fxgl.app.services.UpdaterService
16:11:22.385 [FXGL Background Thread 3 ] DEBUG Engine               - class com.almasb.fxgl.dev.DevService
16:11:22.385 [FXGL Background Thread 3 ] DEBUG Engine               - class com.almasb.fxgl.multiplayer.MultiplayerService
16:11:36.787 [ServerAsyncConnThread    ] DEBUG Endpoint             - TCPServer opening new connection (1) from /192.168.56.1:53437 type: class com.almasb.fxgl.core.serialization.Bundle
16:11:36.788 [ServerAsyncConnThread    ] DEBUG Endpoint             - TCPServer successfully opened connection (1)
16:11:36.805 [TCPServer_RecvThread-1   ] DEBUG Readers              - Getting TCPMessageReader for class com.almasb.fxgl.core.serialization.Bundle
16:11:36.806 [TCPServer_SendThread-1   ] DEBUG Writers              - Getting TCPMessageWriter for class com.almasb.fxgl.core.serialization.Bundle
16:11:36.806 [TCPServer_RecvThread-1   ] DEBUG Readers              - Constructed MessageReader for class com.almasb.fxgl.core.serialization.Bundle: BundleTCPMessageReader
16:11:36.807 [TCPServer_SendThread-1   ] DEBUG Writers              - Constructed TCPMessageWriter for class com.almasb.fxgl.core.serialization.Bundle: BundleTCPMessageWriter
16:12:07.130 [TCPServer_RecvThread-1   ] DEBUG Endpoint             - Connection 1 was unexpectedly disconnected: Connection reset
16:12:07.131 [TCPServer_RecvThread-1   ] DEBUG Connection           - Closing connection 1
16:12:07.131 [TCPServer_RecvThread-1   ] DEBUG Connection           - Connection 1 was correctly closed from local endpoint.
16:12:07.132 [TCPServer_RecvThread-1   ] DEBUG Endpoint             - TCPServer connection (1) was closed
16:12:07.446 [JavaFX Application Thread] DEBUG LoopRunner           - Resuming loop
16:12:08.196 [JavaFX Application Thread] DEBUG FXGLApplication      - Exiting FXGL
16:12:08.196 [JavaFX Application Thread] DEBUG LoopRunner           - Stopping loop
16:12:08.196 [JavaFX Application Thread] DEBUG SystemBundleService  - Saving FXGL system data
16:12:08.197 [JavaFX Application Thread] DEBUG FileSystemAccess     - Writing to: C:\Users\User\Documents\GitHub\Sonic-rush\system\fxgl.bundle
16:12:08.198 [JavaFX Application Thread] DEBUG Async                - Shutting down background threads
16:12:08.198 [JavaFX Application Thread] DEBUG PrimaryStageWindow   - Closing main window
16:12:08.208 [JavaFX Application Thread] DEBUG Logger               - Closing Logger
