11:28:08.400 [main                     ] DEBUG Logger               - Configured Logger
11:28:08.437 [main                     ] DEBUG GameApplication      - Logging settings
Title: Server
Version: 0.0
Width: 800
Height: 500
Fullscreen: false
Intro: false
Profiling: false
Single step:false
App Mode: DEVELOPER
Menu Key: ESCAPE
Stage Style: DECORATED
Scene Factory: class com.almasb.fxgl.app.scene.SceneFactory

11:28:09.277 [JavaFX Application Thread] DEBUG FXGLApplication      - Initializing FXGL
11:28:09.284 [JavaFX Application Thread] INFO  Engine               - FXGL-17.3 (30.03.2023 11.49) on WINDOWS (J:17.0.12 FX:20)
11:28:09.285 [JavaFX Application Thread] DEBUG Engine               - JRE Vendor Name: Oracle Corporation
11:28:09.285 [JavaFX Application Thread] DEBUG Engine               - Running on OS: Windows 10 version 10.0
11:28:09.286 [JavaFX Application Thread] DEBUG Engine               - Architecture: amd64
11:28:09.286 [JavaFX Application Thread] INFO  Engine               - Source code and latest versions at: https://github.com/AlmasB/FXGL
11:28:09.286 [JavaFX Application Thread] INFO  Engine               -       Ask questions and discuss at: https://github.com/AlmasB/FXGL/discussions
11:28:09.287 [JavaFX Application Thread] INFO  Engine               -              Join the FXGL chat at: https://gitter.im/AlmasB/FXGL
11:28:09.530 [JavaFX Application Thread] DEBUG PrimaryStageWindow   - Creating a JavaFX scene
11:28:09.666 [JavaFX Application Thread] DEBUG PrimaryStageWindow   - Target settings size: 800.0 x 500.0
11:28:09.666 [JavaFX Application Thread] DEBUG PrimaryStageWindow   - Scaled scene size:    800.0 x 500.0
11:28:09.667 [JavaFX Application Thread] DEBUG PrimaryStageWindow   - Scaled ratio: (1.0, 1.0)
11:28:09.669 [JavaFX Application Thread] DEBUG PrimaryStageWindow   - Set initial scene to FXGLStartupScene
11:28:09.675 [JavaFX Application Thread] DEBUG PrimaryStageWindow   - Opening main window
11:28:09.845 [JavaFX Application Thread] DEBUG PrimaryStageWindow   - Window border size: (14.4000244140625, 37.5999755859375)
11:28:09.845 [JavaFX Application Thread] DEBUG PrimaryStageWindow   - Scaled size: 800.0 x 500.0
11:28:09.846 [JavaFX Application Thread] DEBUG PrimaryStageWindow   - Scaled ratio: (1.0, 1.0)
11:28:09.846 [JavaFX Application Thread] DEBUG PrimaryStageWindow   - Scene size: 800.0 x 500.0
11:28:09.847 [JavaFX Application Thread] DEBUG PrimaryStageWindow   - Stage size: 814.4000244140625 x 537.5999755859375
11:28:09.969 [FXGL Background Thread 1 ] DEBUG Engine               - Initializing environment variables
11:28:10.053 [FXGL Background Thread 1 ] DEBUG FXGLAssetLoaderServi - User app class for loading assets: class Runner.ServerRunner
11:28:10.054 [FXGL Background Thread 1 ] DEBUG GameApplicationServi - Applying CSS: fxgl_dark.css
11:28:10.055 [FXGL Background Thread 1 ] DEBUG FXGLAssetLoaderServi - Loading from file system: jar:file:/C:/Users/Owner/.m2/repository/com/github/almasb/fxgl/17.3/fxgl-17.3.jar!/fxglassets/ui/css/fxgl_dark.css
11:28:10.251 [FXGL Background Thread 1 ] DEBUG GameApplicationServi - Initializing application scenes
11:28:10.925 [FXGL Background Thread 1 ] DEBUG GameWorld            - Game world initialized
11:28:11.221 [FXGL Background Thread 1 ] DEBUG PhysicsWorld         - Physics world initialized: appHeight=500, physics.ppm=50.0
11:28:11.221 [FXGL Background Thread 1 ] DEBUG PhysicsWorld         - Using strategy: BRUTE_FORCE
11:28:11.261 [FXGL Background Thread 1 ] DEBUG GameScene            - Game scene initialized: 800x500
11:28:11.384 [FXGL Background Thread 1 ] WARN  FXGL.DefaultMenu     - FXGLDefaultMenu is not designed for resolutions < 800x600
11:28:11.546 [FXGL Background Thread 1 ] DEBUG FXGL.DefaultMenu     - createMenuBodyGameMenu()
11:28:11.711 [FXGL Background Thread 1 ] DEBUG FXGL.DefaultMenu     - createOptionsMenu()
11:28:11.815 [FXGL Background Thread 1 ] DEBUG FXGLAssetLoaderServi - Loading from file system: jar:file:/C:/Users/Owner/.m2/repository/com/github/almasb/fxgl/17.3/fxgl-17.3.jar!/fxglassets/textures/particles/smoke.png
11:28:12.370 [FXGL Background Thread 1 ] DEBUG FXGLAssetLoaderServi - Loading from file system: jar:file:/C:/Users/Owner/.m2/repository/com/github/almasb/fxgl/17.3/fxgl-17.3.jar!/fxglassets/textures/particles/trace_horizontal.png
11:28:12.435 [FXGL Background Thread 1 ] DEBUG GameApplicationServi - Application scenes initialized
11:28:12.486 [FXGL Background Thread 1 ] DEBUG SystemBundleService  - Loading FXGL system data
11:28:12.497 [FXGL Background Thread 1 ] DEBUG FileSystemAccess     - Reading from: C:\Users\Owner\Desktop\Sonic-rush\system\fxgl.bundle
11:28:12.510 [FXGL Background Thread 1 ] DEBUG SystemBundleService  - Bundle FXGL: {}
11:28:12.510 [FXGL Background Thread 1 ] DEBUG UpdaterService       - Checking for updates
11:28:12.519 [FXGL Background Thread 1 ] DEBUG FXGLApplication      - Loading default localization
11:28:12.520 [FXGL Background Thread 1 ] DEBUG FXGLAssetLoaderServi - Loading from file system: jar:file:/C:/Users/Owner/.m2/repository/com/github/almasb/fxgl/17.3/fxgl-17.3.jar!/fxglassets/languages/english.lang
11:28:12.547 [FXGL Background Thread 1 ] INFO  FXGLApplication      - FXGL initialization took: 2.578 sec
11:28:12.556 [JavaFX Application Thread] DEBUG FXGLAssetLoaderServi - Loading from file system: jar:file:/C:/Users/Owner/.m2/repository/com/github/almasb/fxgl/17.3/fxgl-17.3.jar!/fxglassets/textures/fxgl_icon.png
11:28:12.589 [FXGL Background Thread 4 ] DEBUG FXGLApplication      - Loading fonts
11:28:12.602 [FXGL Background Thread 4 ] DEBUG FXGLAssetLoaderServi - Loading from file system: jar:file:/C:/Users/Owner/.m2/repository/com/github/almasb/fxgl/17.3/fxgl-17.3.jar!/fxglassets/ui/fonts/VarelaRound-Regular.ttf
11:28:12.653 [JavaFX Application Thread] DEBUG FXGLAssetLoaderServi - Loading from file system: jar:file:/C:/Users/Owner/.m2/repository/com/github/almasb/fxgl/17.3/fxgl-17.3.jar!/fxglassets/textures/fxgl_default_cursor.png
11:28:12.686 [JavaFX Application Thread] DEBUG Input                - Registered new binding: Screenshot - CTRL+8
11:28:12.686 [JavaFX Application Thread] DEBUG Input                - Registered new binding: System info dump - CTRL+9
11:28:12.687 [JavaFX Application Thread] DEBUG Input                - Registered new binding: Restart - CTRL+R
11:28:12.688 [JavaFX Application Thread] DEBUG Input                - Registered new binding: Toggle Debug Camera - CTRL+7
11:28:12.738 [JavaFX Application Thread] DEBUG LoopRunner           - Starting loop
11:28:12.738 [JavaFX Application Thread] DEBUG LoopRunner           - Initializing JavaFX AnimationTimerLoop
11:28:12.740 [JavaFX Application Thread] DEBUG GameApplicationServi - Starting new game
11:28:12.743 [JavaFX Application Thread] DEBUG Input                - Clearing active input actions
11:28:12.770 [JavaFX Application Thread] DEBUG GameApplicationServi - Removing overlay from FXGLStartupScene and adding to FXGLLoadingScene
11:28:12.771 [JavaFX Application Thread] DEBUG PrimaryStageWindow   - FXGLStartupScene -> FXGLLoadingScene
11:28:12.771 [JavaFX Application Thread] DEBUG GameApplicationServi - Clearing previous game
11:28:12.771 [JavaFX Application Thread] DEBUG GameScene            - Clearing game scene
11:28:12.772 [JavaFX Application Thread] DEBUG GameWorld            - Clearing game world
11:28:12.772 [JavaFX Application Thread] DEBUG PhysicsWorld         - Clearing physics world
11:28:12.777 [FXGL Background Thread 1 ] DEBUG FXGLApplication      - Initializing game
11:28:13.171 [ServerAsyncConnThread    ] DEBUG TCPServer            - Starting to listen at: 55555 type: class com.almasb.fxgl.core.serialization.Bundle
11:28:13.241 [FXGL Background Thread 1 ] WARN  TMXLevelLoader       - TiledMap generated from 1.11.2. Supported version: 1.9.0. Some features may not be parsed fully.
11:28:13.451 [FXGL Background Thread 1 ] DEBUG TMXLevelLoader       - Parsed TiledMap: file:/C:/Users/Owner/Desktop/Sonic-rush/target/classes/assets/levels/mapazo.tmx
11:28:13.453 [FXGL Background Thread 1 ] DEBUG TMXLevelLoader       - Creating tile layer entities
11:28:13.456 [FXGL Background Thread 1 ] DEBUG TilesetLoader        - Loading view for layer Capa de patrones 1
11:28:13.470 [FXGL Background Thread 1 ] DEBUG TilesetLoader        - Created buffer with size 3840.0x720.0
11:28:13.601 [FXGL Background Thread 1 ] DEBUG TMXLevelLoader       - Creating object layer entities
11:28:13.703 [FXGL Background Thread 1 ] DEBUG GameWorld            - Clearing removable entities
11:28:13.704 [FXGL Background Thread 1 ] DEBUG GameWorld            - Setting level: com.almasb.fxgl.entity.level.Level@5a61ef42
11:28:13.915 [FXGL Background Thread 1 ] DEBUG FXGLAssetLoaderServi - Loading from file system: file:/C:/Users/Owner/Desktop/Sonic-rush/target/classes/assets/textures/Items/ring.png
11:28:13.920 [FXGL Background Thread 4 ] DEBUG FXGLAssetLoaderServi - Loading from file system: jar:file:/C:/Users/Owner/.m2/repository/com/github/almasb/fxgl/17.3/fxgl-17.3.jar!/fxglassets/ui/fonts/Abel-Regular.ttf
11:28:13.932 [FXGL Background Thread 4 ] DEBUG FXGLAssetLoaderServi - Loading from file system: jar:file:/C:/Users/Owner/.m2/repository/com/github/almasb/fxgl/17.3/fxgl-17.3.jar!/fxglassets/ui/fonts/TerminalLandMono-Regular.otf
11:28:13.943 [FXGL Background Thread 4 ] DEBUG FXGLAssetLoaderServi - Loading from file system: jar:file:/C:/Users/Owner/.m2/repository/com/github/almasb/fxgl/17.3/fxgl-17.3.jar!/fxglassets/ui/fonts/Courier-Prime.ttf
11:28:13.958 [JavaFX Application Thread] DEBUG FXGLApplication      - Registering font factories with UI factory
11:28:13.971 [FXGL Background Thread 1 ] DEBUG FXGLAssetLoaderServi - Loading from file system: file:/C:/Users/Owner/Desktop/Sonic-rush/target/classes/assets/textures/Enemigos/enemigo2.png
11:28:13.987 [FXGL Background Thread 1 ] DEBUG FXGLAssetLoaderServi - Loading from file system: file:/C:/Users/Owner/Desktop/Sonic-rush/target/classes/assets/textures/Items/basura.png
11:28:13.995 [FXGL Background Thread 1 ] DEBUG FXGLAssetLoaderServi - Loading from file system: file:/C:/Users/Owner/Desktop/Sonic-rush/target/classes/assets/textures/Items/papel.png
11:28:14.035 [FXGL Background Thread 1 ] DEBUG FXGLAssetLoaderServi - Loading from file system: file:/C:/Users/Owner/Desktop/Sonic-rush/target/classes/assets/textures/Items/caucho.png
11:28:14.077 [FXGL Background Thread 1 ] INFO  FXGLApplication      - Game initialization took: 1.300 sec
11:28:14.133 [JavaFX Application Thread] DEBUG Input                - Clearing active input actions
11:28:14.149 [JavaFX Application Thread] DEBUG GameApplicationServi - Removing overlay from FXGLLoadingScene and adding to GameScene
11:28:14.150 [JavaFX Application Thread] DEBUG PrimaryStageWindow   - FXGLLoadingScene -> GameScene
11:28:15.229 [FXGL Background Thread 2 ] INFO  UpdaterService       - Your current version:  17.3
11:28:15.302 [FXGL Background Thread 2 ] INFO  UpdaterService       - Latest stable version: 21.1
11:28:15.531 [FXGL Background Thread 3 ] DEBUG Engine               - Logging environment variables
11:28:15.550 [FXGL Background Thread 3 ] DEBUG Engine               - achievements: []
11:28:15.553 [FXGL Background Thread 3 ] DEBUG Engine               - actualHeight: 500.0
11:28:15.555 [FXGL Background Thread 3 ] DEBUG Engine               - actualHeightProperty: ReadOnlyDoubleProperty [value: 500.0]
11:28:15.560 [FXGL Background Thread 3 ] DEBUG Engine               - actualWidth: 800.0
11:28:15.563 [FXGL Background Thread 3 ] DEBUG Engine               - actualWidthProperty: ReadOnlyDoubleProperty [value: 800.0]
11:28:15.565 [FXGL Background Thread 3 ] DEBUG Engine               - appIcon: fxgl_icon.png
11:28:15.565 [FXGL Background Thread 3 ] DEBUG Engine               - applicationMode: DEVELOPER
11:28:15.566 [FXGL Background Thread 3 ] DEBUG Engine               - cSSList: [fxgl_dark.css]
11:28:15.570 [FXGL Background Thread 3 ] DEBUG Engine               - collisionDetectionStrategy: BRUTE_FORCE
11:28:15.578 [FXGL Background Thread 3 ] DEBUG Engine               - configClass: Optional.empty
11:28:15.578 [FXGL Background Thread 3 ] DEBUG Engine               - credits: []
11:28:15.579 [FXGL Background Thread 3 ] DEBUG Engine               - defaultCursor: CursorInfo(imageName=fxgl_default_cursor.png, hotspotX=7.0, hotspotY=6.0)
11:28:15.579 [FXGL Background Thread 3 ] DEBUG Engine               - devBBoxColorProperty: ObjectProperty [value: 0xff0000ff]
11:28:15.580 [FXGL Background Thread 3 ] DEBUG Engine               - devEnableDebugCameraProperty: BooleanProperty [value: false]
11:28:15.580 [FXGL Background Thread 3 ] DEBUG Engine               - devSensorColorProperty: ObjectProperty [value: 0xffff00ff]
11:28:15.580 [FXGL Background Thread 3 ] DEBUG Engine               - devShowBBoxProperty: BooleanProperty [value: false]
11:28:15.581 [FXGL Background Thread 3 ] DEBUG Engine               - devShowPositionProperty: BooleanProperty [value: false]
11:28:15.581 [FXGL Background Thread 3 ] DEBUG Engine               - enabledMenuItems: []
11:28:15.582 [FXGL Background Thread 3 ] DEBUG Engine               - engineServices: [class com.almasb.fxgl.app.services.FXGLAssetLoaderService, class com.almasb.fxgl.app.FXGLApplication$GameApplicationService, class com.almasb.fxgl.app.services.FXGLDialogService, class com.almasb.fxgl.app.services.IOTaskExecutorService, class com.almasb.fxgl.io.FileSystemService, class com.almasb.fxgl.localization.LocalizationService, class com.almasb.fxgl.app.services.SystemBundleService, class com.almasb.fxgl.profile.SaveLoadService, class com.almasb.fxgl.ui.FXGLUIFactoryServiceProvider, class com.almasb.fxgl.ui.FXGLDialogFactoryServiceProvider, class com.almasb.fxgl.audio.AudioPlayer, class com.almasb.fxgl.notification.impl.NotificationServiceProvider, class com.almasb.fxgl.achievement.AchievementService, class com.almasb.fxgl.cutscene.CutsceneService, class com.almasb.fxgl.minigames.MiniGameService, class com.almasb.fxgl.net.NetService, class com.almasb.fxgl.app.services.UpdaterService, class com.almasb.fxgl.dev.DevService, class com.almasb.fxgl.multiplayer.MultiplayerService]
11:28:15.582 [FXGL Background Thread 3 ] DEBUG Engine               - fontGame: Abel-Regular.ttf
11:28:15.583 [FXGL Background Thread 3 ] DEBUG Engine               - fontMono: TerminalLandMono-Regular.otf
11:28:15.584 [FXGL Background Thread 3 ] DEBUG Engine               - fontSizeScaleUI: 1.0
11:28:15.585 [FXGL Background Thread 3 ] DEBUG Engine               - fontText: Courier-Prime.ttf
11:28:15.585 [FXGL Background Thread 3 ] DEBUG Engine               - fontUI: VarelaRound-Regular.ttf
11:28:15.585 [FXGL Background Thread 3 ] DEBUG Engine               - fullScreen: BooleanProperty [value: false]
11:28:15.585 [FXGL Background Thread 3 ] DEBUG Engine               - gameDifficulty: MEDIUM
11:28:15.586 [FXGL Background Thread 3 ] DEBUG Engine               - gameDifficultyProperty: ObjectProperty [value: MEDIUM]
11:28:15.586 [FXGL Background Thread 3 ] DEBUG Engine               - globalMusicVolume: 0.5
11:28:15.586 [FXGL Background Thread 3 ] DEBUG Engine               - globalMusicVolumeProperty: DoubleProperty [value: 0.5]
11:28:15.587 [FXGL Background Thread 3 ] DEBUG Engine               - globalSoundVolume: 0.5
11:28:15.587 [FXGL Background Thread 3 ] DEBUG Engine               - globalSoundVolumeProperty: DoubleProperty [value: 0.5]
11:28:15.587 [FXGL Background Thread 3 ] DEBUG Engine               - height: 500
11:28:15.588 [FXGL Background Thread 3 ] DEBUG Engine               - is3D: false
11:28:15.588 [FXGL Background Thread 3 ] DEBUG Engine               - isAndroid: false
11:28:15.588 [FXGL Background Thread 3 ] DEBUG Engine               - isBrowser: false
11:28:15.589 [FXGL Background Thread 3 ] DEBUG Engine               - isClickFeedbackEnabled: false
11:28:15.589 [FXGL Background Thread 3 ] DEBUG Engine               - isCloseConfirmation: false
11:28:15.589 [FXGL Background Thread 3 ] DEBUG Engine               - isDesktop: true
11:28:15.590 [FXGL Background Thread 3 ] DEBUG Engine               - isDeveloperMenuEnabled: false
11:28:15.590 [FXGL Background Thread 3 ] DEBUG Engine               - isEmbedded: false
11:28:15.591 [FXGL Background Thread 3 ] DEBUG Engine               - isEntityPreloadEnabled: true
11:28:15.591 [FXGL Background Thread 3 ] DEBUG Engine               - isExperimentalTiledLargeMap: false
11:28:15.592 [FXGL Background Thread 3 ] DEBUG Engine               - isFileSystemWriteAllowed: true
11:28:15.592 [FXGL Background Thread 3 ] DEBUG Engine               - isFullScreenAllowed: false
11:28:15.592 [FXGL Background Thread 3 ] DEBUG Engine               - isFullScreenFromStart: false
11:28:15.592 [FXGL Background Thread 3 ] DEBUG Engine               - isGameMenuEnabled: true
11:28:15.593 [FXGL Background Thread 3 ] DEBUG Engine               - isIOS: false
11:28:15.593 [FXGL Background Thread 3 ] DEBUG Engine               - isIntroEnabled: false
11:28:15.593 [FXGL Background Thread 3 ] DEBUG Engine               - isLinux: false
11:28:15.593 [FXGL Background Thread 3 ] DEBUG Engine               - isMac: false
11:28:15.593 [FXGL Background Thread 3 ] DEBUG Engine               - isMainMenuEnabled: false
11:28:15.593 [FXGL Background Thread 3 ] DEBUG Engine               - isManualResizeEnabled: false
11:28:15.594 [FXGL Background Thread 3 ] DEBUG Engine               - isMobile: false
11:28:15.594 [FXGL Background Thread 3 ] DEBUG Engine               - isNative: false
11:28:15.594 [FXGL Background Thread 3 ] DEBUG Engine               - isPauseMusicWhenMinimized: true
11:28:15.594 [FXGL Background Thread 3 ] DEBUG Engine               - isPreserveResizeRatio: false
11:28:15.595 [FXGL Background Thread 3 ] DEBUG Engine               - isProfilingEnabled: false
11:28:15.595 [FXGL Background Thread 3 ] DEBUG Engine               - isScaleAffectedOnResize: true
11:28:15.595 [FXGL Background Thread 3 ] DEBUG Engine               - isSingleStep: false
11:28:15.595 [FXGL Background Thread 3 ] DEBUG Engine               - isUserProfileEnabled: false
11:28:15.595 [FXGL Background Thread 3 ] DEBUG Engine               - isWindows: true
11:28:15.596 [FXGL Background Thread 3 ] DEBUG Engine               - language: ObjectProperty [value: ENGLISH]
11:28:15.596 [FXGL Background Thread 3 ] DEBUG Engine               - menuKey: ESCAPE
11:28:15.596 [FXGL Background Thread 3 ] DEBUG Engine               - mouseSensitivity: 0.2
11:28:15.597 [FXGL Background Thread 3 ] DEBUG Engine               - notificationViewClass: class com.almasb.fxgl.notification.view.XboxNotificationView
11:28:15.598 [FXGL Background Thread 3 ] DEBUG Engine               - pixelsPerMeter: 50.0
11:28:15.599 [FXGL Background Thread 3 ] DEBUG Engine               - platform: WINDOWS
11:28:15.600 [FXGL Background Thread 3 ] DEBUG Engine               - prefHeightProperty: ReadOnlyDoubleProperty [value: 500.0]
11:28:15.602 [FXGL Background Thread 3 ] DEBUG Engine               - prefWidthProperty: ReadOnlyDoubleProperty [value: 800.0]
11:28:15.602 [FXGL Background Thread 3 ] DEBUG Engine               - profileDir: profiles/
11:28:15.603 [FXGL Background Thread 3 ] DEBUG Engine               - profileName: StringProperty [value: DEFAULT]
11:28:15.604 [FXGL Background Thread 3 ] DEBUG Engine               - randomSeed: -1
11:28:15.610 [FXGL Background Thread 3 ] DEBUG Engine               - runtimeInfo: RuntimeInfo(platform=WINDOWS, version=17.3, build=30.03.2023 11.49)
11:28:15.611 [FXGL Background Thread 3 ] DEBUG Engine               - saveFileExt: sav
11:28:15.613 [FXGL Background Thread 3 ] DEBUG Engine               - scaledHeightProp$fxgl: DoubleProperty [bound, value: 500.0]
11:28:15.614 [FXGL Background Thread 3 ] DEBUG Engine               - scaledWidthProp$fxgl: DoubleProperty [bound, value: 800.0]
11:28:15.615 [FXGL Background Thread 3 ] DEBUG Engine               - sceneFactory: com.almasb.fxgl.app.scene.SceneFactory@6a25dc75
11:28:15.618 [FXGL Background Thread 3 ] DEBUG Engine               - secondsIn24h: 60
11:28:15.620 [FXGL Background Thread 3 ] DEBUG Engine               - soundMenuBack: menu/back.wav
11:28:15.622 [FXGL Background Thread 3 ] DEBUG Engine               - soundMenuPress: menu/press.wav
11:28:15.623 [FXGL Background Thread 3 ] DEBUG Engine               - soundMenuSelect: menu/select.wav
11:28:15.624 [FXGL Background Thread 3 ] DEBUG Engine               - soundNotification: core/notification.wav
11:28:15.624 [FXGL Background Thread 3 ] DEBUG Engine               - stageStyle: DECORATED
11:28:15.625 [FXGL Background Thread 3 ] DEBUG Engine               - supportedLanguages: [ENGLISH, FRENCH, GERMAN, HUNGARIAN, RUSSIAN]
11:28:15.627 [FXGL Background Thread 3 ] DEBUG Engine               - ticksPerSecond: -1
11:28:15.627 [FXGL Background Thread 3 ] DEBUG Engine               - title: Server
11:28:15.627 [FXGL Background Thread 3 ] DEBUG Engine               - urlGithub: https://github.com/AlmasB/FXGL
11:28:15.628 [FXGL Background Thread 3 ] DEBUG Engine               - urlLeaderboard: http://fxgl-top.herokuapp.com/
11:28:15.629 [FXGL Background Thread 3 ] DEBUG Engine               - urlPOM: https://raw.githubusercontent.com/AlmasB/FXGL/release/README.md
11:28:15.630 [FXGL Background Thread 3 ] DEBUG Engine               - userAppClass: class Runner.ServerRunner
11:28:15.630 [FXGL Background Thread 3 ] DEBUG Engine               - version: 0.0
11:28:15.630 [FXGL Background Thread 3 ] DEBUG Engine               - versionCheckDays: 7
11:28:15.630 [FXGL Background Thread 3 ] DEBUG Engine               - width: 800
11:28:15.631 [FXGL Background Thread 3 ] DEBUG Engine               - Logging services
11:28:15.631 [FXGL Background Thread 3 ] DEBUG Engine               - class com.almasb.fxgl.app.services.FXGLAssetLoaderService
11:28:15.631 [FXGL Background Thread 3 ] DEBUG Engine               - class com.almasb.fxgl.app.FXGLApplication$GameApplicationService
11:28:15.631 [FXGL Background Thread 3 ] DEBUG Engine               - class com.almasb.fxgl.app.services.FXGLDialogService
11:28:15.632 [FXGL Background Thread 3 ] DEBUG Engine               - class com.almasb.fxgl.app.services.IOTaskExecutorService
11:28:15.632 [FXGL Background Thread 3 ] DEBUG Engine               - class com.almasb.fxgl.io.FileSystemService
11:28:15.632 [FXGL Background Thread 3 ] DEBUG Engine               - class com.almasb.fxgl.localization.LocalizationService
11:28:15.632 [FXGL Background Thread 3 ] DEBUG Engine               - class com.almasb.fxgl.app.services.SystemBundleService
11:28:15.632 [FXGL Background Thread 3 ] DEBUG Engine               - class com.almasb.fxgl.profile.SaveLoadService
11:28:15.632 [FXGL Background Thread 3 ] DEBUG Engine               - class com.almasb.fxgl.ui.FXGLUIFactoryServiceProvider
11:28:15.633 [FXGL Background Thread 3 ] DEBUG Engine               - class com.almasb.fxgl.ui.FXGLDialogFactoryServiceProvider
11:28:15.634 [FXGL Background Thread 3 ] DEBUG Engine               - class com.almasb.fxgl.audio.AudioPlayer
11:28:15.634 [FXGL Background Thread 3 ] DEBUG Engine               - class com.almasb.fxgl.notification.impl.NotificationServiceProvider
11:28:15.635 [FXGL Background Thread 3 ] DEBUG Engine               - class com.almasb.fxgl.achievement.AchievementService
11:28:15.635 [FXGL Background Thread 3 ] DEBUG Engine               - class com.almasb.fxgl.cutscene.CutsceneService
11:28:15.635 [FXGL Background Thread 3 ] DEBUG Engine               - class com.almasb.fxgl.minigames.MiniGameService
11:28:15.635 [FXGL Background Thread 3 ] DEBUG Engine               - class com.almasb.fxgl.net.NetService
11:28:15.635 [FXGL Background Thread 3 ] DEBUG Engine               - class com.almasb.fxgl.app.services.UpdaterService
11:28:15.636 [FXGL Background Thread 3 ] DEBUG Engine               - class com.almasb.fxgl.dev.DevService
11:28:15.638 [FXGL Background Thread 3 ] DEBUG Engine               - class com.almasb.fxgl.multiplayer.MultiplayerService
11:38:14.971 [JavaFX Application Thread] DEBUG LoopRunner           - Pausing loop
11:39:51.850 [JavaFX Application Thread] DEBUG LoopRunner           - Resuming loop
11:46:59.340 [JavaFX Application Thread] DEBUG FXGLApplication      - Exiting FXGL
11:46:59.340 [JavaFX Application Thread] DEBUG LoopRunner           - Stopping loop
11:46:59.340 [JavaFX Application Thread] DEBUG SystemBundleService  - Saving FXGL system data
11:46:59.365 [JavaFX Application Thread] DEBUG FileSystemAccess     - Writing to: C:\Users\Owner\Desktop\Sonic-rush\system\fxgl.bundle
11:46:59.377 [JavaFX Application Thread] DEBUG Async                - Shutting down background threads
11:46:59.378 [JavaFX Application Thread] DEBUG PrimaryStageWindow   - Closing main window
11:46:59.588 [JavaFX Application Thread] DEBUG Logger               - Closing Logger
