14:32:02.913 [main                     ] DEBUG Logger               - Configured Logger
14:32:02.990 [main                     ] DEBUG GameApplication      - Logging settings
Title: Jugador Sonic
Version: 0.0
Width: 1000
Height: 600
Fullscreen: false
Intro: false
Profiling: false
Single step:false
App Mode: DEVELOPER
Menu Key: ESCAPE
Stage Style: DECORATED
Scene Factory: class com.almasb.fxgl.app.scene.SceneFactory

14:32:03.846 [JavaFX Application Thread] DEBUG FXGLApplication      - Initializing FXGL
14:32:03.850 [JavaFX Application Thread] INFO  Engine               - FXGL-17.3 (30.03.2023 11.49) on WINDOWS (J:21.0.2 FX:20)
14:32:03.852 [JavaFX Application Thread] DEBUG Engine               - JRE Vendor Name: Oracle Corporation
14:32:03.853 [JavaFX Application Thread] DEBUG Engine               - Running on OS: Windows 10 version 10.0
14:32:03.854 [JavaFX Application Thread] DEBUG Engine               - Architecture: amd64
14:32:03.854 [JavaFX Application Thread] INFO  Engine               - Source code and latest versions at: https://github.com/AlmasB/FXGL
14:32:03.857 [JavaFX Application Thread] INFO  Engine               -       Ask questions and discuss at: https://github.com/AlmasB/FXGL/discussions
14:32:03.859 [JavaFX Application Thread] INFO  Engine               -              Join the FXGL chat at: https://gitter.im/AlmasB/FXGL
14:32:04.044 [JavaFX Application Thread] DEBUG PrimaryStageWindow   - Creating a JavaFX scene
14:32:04.134 [JavaFX Application Thread] DEBUG PrimaryStageWindow   - Target settings size: 1000.0 x 600.0
14:32:04.135 [JavaFX Application Thread] DEBUG PrimaryStageWindow   - Scaled scene size:    1000.0 x 600.0
14:32:04.135 [JavaFX Application Thread] DEBUG PrimaryStageWindow   - Scaled ratio: (1.0, 1.0)
14:32:04.136 [JavaFX Application Thread] DEBUG PrimaryStageWindow   - Set initial scene to FXGLStartupScene
14:32:04.142 [JavaFX Application Thread] DEBUG PrimaryStageWindow   - Opening main window
14:32:04.250 [JavaFX Application Thread] DEBUG PrimaryStageWindow   - Window border size: (16.0, 39.0)
14:32:04.251 [JavaFX Application Thread] DEBUG PrimaryStageWindow   - Scaled size: 1000.0 x 600.0
14:32:04.251 [JavaFX Application Thread] DEBUG PrimaryStageWindow   - Scaled ratio: (1.0, 1.0)
14:32:04.251 [JavaFX Application Thread] DEBUG PrimaryStageWindow   - Scene size: 1000.0 x 600.0
14:32:04.251 [JavaFX Application Thread] DEBUG PrimaryStageWindow   - Stage size: 1016.0 x 639.0
14:32:04.270 [FXGL Background Thread 1 ] DEBUG Engine               - Initializing environment variables
14:32:04.381 [FXGL Background Thread 1 ] DEBUG FXGLAssetLoaderServi - User app class for loading assets: class Runner.ClientRunner
14:32:04.381 [FXGL Background Thread 1 ] DEBUG GameApplicationServi - Applying CSS: fxgl_dark.css
14:32:04.382 [FXGL Background Thread 1 ] DEBUG FXGLAssetLoaderServi - Loading from file system: jar:file:/C:/Users/User/.m2/repository/com/github/almasb/fxgl/17.3/fxgl-17.3.jar!/fxglassets/ui/css/fxgl_dark.css
14:32:04.580 [FXGL Background Thread 1 ] DEBUG GameApplicationServi - Initializing application scenes
14:32:04.744 [FXGL Background Thread 1 ] DEBUG GameWorld            - Game world initialized
14:32:04.829 [FXGL Background Thread 1 ] DEBUG PhysicsWorld         - Physics world initialized: appHeight=600, physics.ppm=50,0
14:32:04.829 [FXGL Background Thread 1 ] DEBUG PhysicsWorld         - Using strategy: BRUTE_FORCE
14:32:04.834 [FXGL Background Thread 1 ] DEBUG GameScene            - Game scene initialized: 1000x600
14:32:04.849 [FXGL Background Thread 1 ] DEBUG FXGL.DefaultMenu     - createMenuBodyGameMenu()
14:32:04.877 [FXGL Background Thread 1 ] DEBUG FXGL.DefaultMenu     - createOptionsMenu()
14:32:04.901 [FXGL Background Thread 1 ] DEBUG FXGLAssetLoaderServi - Loading from file system: jar:file:/C:/Users/User/.m2/repository/com/github/almasb/fxgl/17.3/fxgl-17.3.jar!/fxglassets/textures/particles/smoke.png
14:32:05.120 [FXGL Background Thread 1 ] DEBUG FXGLAssetLoaderServi - Loading from file system: jar:file:/C:/Users/User/.m2/repository/com/github/almasb/fxgl/17.3/fxgl-17.3.jar!/fxglassets/textures/particles/trace_horizontal.png
14:32:05.174 [FXGL Background Thread 1 ] DEBUG GameApplicationServi - Application scenes initialized
14:32:05.224 [FXGL Background Thread 1 ] DEBUG SystemBundleService  - Loading FXGL system data
14:32:05.265 [FXGL Background Thread 1 ] DEBUG FileSystemAccess     - Reading from: C:\Users\User\Documents\GitHub\Sonic-rush\system\fxgl.bundle
14:32:05.296 [FXGL Background Thread 1 ] DEBUG SystemBundleService  - Bundle FXGL: {}
14:32:05.297 [FXGL Background Thread 1 ] DEBUG UpdaterService       - Checking for updates
14:32:05.344 [FXGL Background Thread 1 ] DEBUG FXGLApplication      - Loading default localization
14:32:05.348 [FXGL Background Thread 1 ] DEBUG FXGLAssetLoaderServi - Loading from file system: jar:file:/C:/Users/User/.m2/repository/com/github/almasb/fxgl/17.3/fxgl-17.3.jar!/fxglassets/languages/english.lang
14:32:05.473 [FXGL Background Thread 1 ] INFO  FXGLApplication      - FXGL initialization took: 1,202 sec
14:32:05.489 [FXGL Background Thread 4 ] DEBUG FXGLApplication      - Loading fonts
14:32:05.499 [FXGL Background Thread 4 ] DEBUG FXGLAssetLoaderServi - Loading from file system: jar:file:/C:/Users/User/.m2/repository/com/github/almasb/fxgl/17.3/fxgl-17.3.jar!/fxglassets/ui/fonts/VarelaRound-Regular.ttf
14:32:05.573 [JavaFX Application Thread] DEBUG Input                - Registered new binding: Mover a la izquierda - A
14:32:05.573 [JavaFX Application Thread] DEBUG Input                - Registered new binding: Mover a la derecha - D
14:32:05.574 [JavaFX Application Thread] DEBUG Input                - Registered new binding: Saltar - W
14:32:05.574 [JavaFX Application Thread] DEBUG Input                - Registered new binding: Interactuar - E
14:32:05.574 [JavaFX Application Thread] DEBUG Input                - Registered new binding: Transformar - P
14:32:05.574 [JavaFX Application Thread] DEBUG Input                - Registered new binding: Desactivar filtro - L
14:32:05.574 [JavaFX Application Thread] DEBUG FXGLAssetLoaderServi - Loading from file system: jar:file:/C:/Users/User/.m2/repository/com/github/almasb/fxgl/17.3/fxgl-17.3.jar!/fxglassets/textures/fxgl_icon.png
14:32:05.603 [JavaFX Application Thread] DEBUG FXGLAssetLoaderServi - Loading from file system: jar:file:/C:/Users/User/.m2/repository/com/github/almasb/fxgl/17.3/fxgl-17.3.jar!/fxglassets/textures/fxgl_default_cursor.png
14:32:05.605 [JavaFX Application Thread] DEBUG Input                - Registered new binding: Screenshot - CTRL+8
14:32:05.606 [JavaFX Application Thread] DEBUG Input                - Registered new binding: System info dump - CTRL+9
14:32:05.606 [JavaFX Application Thread] DEBUG Input                - Registered new binding: Restart - CTRL+R
14:32:05.607 [JavaFX Application Thread] DEBUG Input                - Registered new binding: Toggle Debug Camera - CTRL+7
14:32:05.610 [JavaFX Application Thread] DEBUG LoopRunner           - Starting loop
14:32:05.610 [JavaFX Application Thread] DEBUG LoopRunner           - Initializing JavaFX AnimationTimerLoop
14:32:05.613 [JavaFX Application Thread] DEBUG GameApplicationServi - Starting new game
14:32:05.614 [JavaFX Application Thread] DEBUG Input                - Clearing active input actions
14:32:05.638 [JavaFX Application Thread] DEBUG GameApplicationServi - Removing overlay from FXGLStartupScene and adding to FXGLLoadingScene
14:32:05.639 [JavaFX Application Thread] DEBUG PrimaryStageWindow   - FXGLStartupScene -> FXGLLoadingScene
14:32:05.639 [JavaFX Application Thread] DEBUG GameApplicationServi - Clearing previous game
14:32:05.639 [JavaFX Application Thread] DEBUG GameScene            - Clearing game scene
14:32:05.639 [JavaFX Application Thread] DEBUG GameWorld            - Clearing game world
14:32:05.639 [JavaFX Application Thread] DEBUG PhysicsWorld         - Clearing physics world
14:32:05.641 [FXGL Background Thread 1 ] DEBUG FXGLApplication      - Initializing game
14:32:05.647 [FXGL Background Thread 4 ] DEBUG FXGLAssetLoaderServi - Loading from file system: jar:file:/C:/Users/User/.m2/repository/com/github/almasb/fxgl/17.3/fxgl-17.3.jar!/fxglassets/ui/fonts/Abel-Regular.ttf
14:32:05.651 [FXGL Background Thread 4 ] DEBUG FXGLAssetLoaderServi - Loading from file system: jar:file:/C:/Users/User/.m2/repository/com/github/almasb/fxgl/17.3/fxgl-17.3.jar!/fxglassets/ui/fonts/TerminalLandMono-Regular.otf
14:32:05.657 [FXGL Background Thread 1 ] DEBUG FXGLAssetLoaderServi - Loading from file system: file:/C:/Users/User/Documents/GitHub/Sonic-rush/target/classes/assets/music/OST.mp3
14:32:05.757 [FXGL Background Thread 4 ] DEBUG FXGLAssetLoaderServi - Loading from file system: jar:file:/C:/Users/User/.m2/repository/com/github/almasb/fxgl/17.3/fxgl-17.3.jar!/fxglassets/ui/fonts/Courier-Prime.ttf
14:32:05.904 [JavaFX Application Thread] DEBUG FXGLApplication      - Registering font factories with UI factory
14:32:06.223 [FXGL Background Thread 1 ] DEBUG AudioPlayer          - Playing music com.almasb.fxgl.audio.Music@5a39cbdf
14:32:06.238 [FXGL Background Thread 1 ] INFO  FXGLApplication      - Game initialization took: 0,597 sec
14:32:06.787 [FXGL Background Thread 2 ] INFO  UpdaterService       - Your current version:  17.3
14:32:06.802 [FXGL Background Thread 2 ] INFO  UpdaterService       - Latest stable version: 21.1
14:32:06.920 [JavaFX Application Thread] DEBUG Input                - Clearing active input actions
14:32:06.941 [JavaFX Application Thread] DEBUG GameApplicationServi - Removing overlay from FXGLLoadingScene and adding to GameScene
14:32:06.941 [JavaFX Application Thread] DEBUG PrimaryStageWindow   - FXGLLoadingScene -> GameScene
14:32:08.335 [FXGL Background Thread 3 ] DEBUG Engine               - Logging environment variables
14:32:08.336 [FXGL Background Thread 3 ] DEBUG Engine               - achievements: []
14:32:08.336 [FXGL Background Thread 3 ] DEBUG Engine               - actualHeight: 600.0
14:32:08.336 [FXGL Background Thread 3 ] DEBUG Engine               - actualHeightProperty: ReadOnlyDoubleProperty [value: 600.0]
14:32:08.336 [FXGL Background Thread 3 ] DEBUG Engine               - actualWidth: 1000.0
14:32:08.336 [FXGL Background Thread 3 ] DEBUG Engine               - actualWidthProperty: ReadOnlyDoubleProperty [value: 1000.0]
14:32:08.336 [FXGL Background Thread 3 ] DEBUG Engine               - appIcon: fxgl_icon.png
14:32:08.336 [FXGL Background Thread 3 ] DEBUG Engine               - applicationMode: DEVELOPER
14:32:08.336 [FXGL Background Thread 3 ] DEBUG Engine               - cSSList: [fxgl_dark.css]
14:32:08.336 [FXGL Background Thread 3 ] DEBUG Engine               - collisionDetectionStrategy: BRUTE_FORCE
14:32:08.336 [FXGL Background Thread 3 ] DEBUG Engine               - configClass: Optional.empty
14:32:08.336 [FXGL Background Thread 3 ] DEBUG Engine               - credits: []
14:32:08.337 [FXGL Background Thread 3 ] DEBUG Engine               - defaultCursor: CursorInfo(imageName=fxgl_default_cursor.png, hotspotX=7.0, hotspotY=6.0)
14:32:08.337 [FXGL Background Thread 3 ] DEBUG Engine               - devBBoxColorProperty: ObjectProperty [value: 0xff0000ff]
14:32:08.337 [FXGL Background Thread 3 ] DEBUG Engine               - devEnableDebugCameraProperty: BooleanProperty [value: false]
14:32:08.337 [FXGL Background Thread 3 ] DEBUG Engine               - devSensorColorProperty: ObjectProperty [value: 0xffff00ff]
14:32:08.337 [FXGL Background Thread 3 ] DEBUG Engine               - devShowBBoxProperty: BooleanProperty [value: false]
14:32:08.337 [FXGL Background Thread 3 ] DEBUG Engine               - devShowPositionProperty: BooleanProperty [value: false]
14:32:08.337 [FXGL Background Thread 3 ] DEBUG Engine               - enabledMenuItems: []
14:32:08.337 [FXGL Background Thread 3 ] DEBUG Engine               - engineServices: [class com.almasb.fxgl.app.services.FXGLAssetLoaderService, class com.almasb.fxgl.app.FXGLApplication$GameApplicationService, class com.almasb.fxgl.app.services.FXGLDialogService, class com.almasb.fxgl.app.services.IOTaskExecutorService, class com.almasb.fxgl.io.FileSystemService, class com.almasb.fxgl.localization.LocalizationService, class com.almasb.fxgl.app.services.SystemBundleService, class com.almasb.fxgl.profile.SaveLoadService, class com.almasb.fxgl.ui.FXGLUIFactoryServiceProvider, class com.almasb.fxgl.ui.FXGLDialogFactoryServiceProvider, class com.almasb.fxgl.audio.AudioPlayer, class com.almasb.fxgl.notification.impl.NotificationServiceProvider, class com.almasb.fxgl.achievement.AchievementService, class com.almasb.fxgl.cutscene.CutsceneService, class com.almasb.fxgl.minigames.MiniGameService, class com.almasb.fxgl.net.NetService, class com.almasb.fxgl.app.services.UpdaterService, class com.almasb.fxgl.dev.DevService, class com.almasb.fxgl.multiplayer.MultiplayerService]
14:32:08.338 [FXGL Background Thread 3 ] DEBUG Engine               - fontGame: Abel-Regular.ttf
14:32:08.338 [FXGL Background Thread 3 ] DEBUG Engine               - fontMono: TerminalLandMono-Regular.otf
14:32:08.338 [FXGL Background Thread 3 ] DEBUG Engine               - fontSizeScaleUI: 1.0
14:32:08.338 [FXGL Background Thread 3 ] DEBUG Engine               - fontText: Courier-Prime.ttf
14:32:08.338 [FXGL Background Thread 3 ] DEBUG Engine               - fontUI: VarelaRound-Regular.ttf
14:32:08.338 [FXGL Background Thread 3 ] DEBUG Engine               - fullScreen: BooleanProperty [value: false]
14:32:08.338 [FXGL Background Thread 3 ] DEBUG Engine               - gameDifficulty: MEDIUM
14:32:08.338 [FXGL Background Thread 3 ] DEBUG Engine               - gameDifficultyProperty: ObjectProperty [value: MEDIUM]
14:32:08.338 [FXGL Background Thread 3 ] DEBUG Engine               - globalMusicVolume: 0.5
14:32:08.338 [FXGL Background Thread 3 ] DEBUG Engine               - globalMusicVolumeProperty: DoubleProperty [value: 0.5]
14:32:08.338 [FXGL Background Thread 3 ] DEBUG Engine               - globalSoundVolume: 0.5
14:32:08.338 [FXGL Background Thread 3 ] DEBUG Engine               - globalSoundVolumeProperty: DoubleProperty [value: 0.5]
14:32:08.338 [FXGL Background Thread 3 ] DEBUG Engine               - height: 600
14:32:08.338 [FXGL Background Thread 3 ] DEBUG Engine               - is3D: false
14:32:08.338 [FXGL Background Thread 3 ] DEBUG Engine               - isAndroid: false
14:32:08.338 [FXGL Background Thread 3 ] DEBUG Engine               - isBrowser: false
14:32:08.338 [FXGL Background Thread 3 ] DEBUG Engine               - isClickFeedbackEnabled: false
14:32:08.338 [FXGL Background Thread 3 ] DEBUG Engine               - isCloseConfirmation: false
14:32:08.338 [FXGL Background Thread 3 ] DEBUG Engine               - isDesktop: true
14:32:08.338 [FXGL Background Thread 3 ] DEBUG Engine               - isDeveloperMenuEnabled: false
14:32:08.339 [FXGL Background Thread 3 ] DEBUG Engine               - isEmbedded: false
14:32:08.339 [FXGL Background Thread 3 ] DEBUG Engine               - isEntityPreloadEnabled: true
14:32:08.339 [FXGL Background Thread 3 ] DEBUG Engine               - isExperimentalTiledLargeMap: false
14:32:08.339 [FXGL Background Thread 3 ] DEBUG Engine               - isFileSystemWriteAllowed: true
14:32:08.339 [FXGL Background Thread 3 ] DEBUG Engine               - isFullScreenAllowed: false
14:32:08.339 [FXGL Background Thread 3 ] DEBUG Engine               - isFullScreenFromStart: false
14:32:08.339 [FXGL Background Thread 3 ] DEBUG Engine               - isGameMenuEnabled: true
14:32:08.339 [FXGL Background Thread 3 ] DEBUG Engine               - isIOS: false
14:32:08.339 [FXGL Background Thread 3 ] DEBUG Engine               - isIntroEnabled: false
14:32:08.339 [FXGL Background Thread 3 ] DEBUG Engine               - isLinux: false
14:32:08.339 [FXGL Background Thread 3 ] DEBUG Engine               - isMac: false
14:32:08.339 [FXGL Background Thread 3 ] DEBUG Engine               - isMainMenuEnabled: false
14:32:08.339 [FXGL Background Thread 3 ] DEBUG Engine               - isManualResizeEnabled: false
14:32:08.339 [FXGL Background Thread 3 ] DEBUG Engine               - isMobile: false
14:32:08.339 [FXGL Background Thread 3 ] DEBUG Engine               - isNative: false
14:32:08.339 [FXGL Background Thread 3 ] DEBUG Engine               - isPauseMusicWhenMinimized: true
14:32:08.339 [FXGL Background Thread 3 ] DEBUG Engine               - isPreserveResizeRatio: false
14:32:08.339 [FXGL Background Thread 3 ] DEBUG Engine               - isProfilingEnabled: false
14:32:08.339 [FXGL Background Thread 3 ] DEBUG Engine               - isScaleAffectedOnResize: true
14:32:08.339 [FXGL Background Thread 3 ] DEBUG Engine               - isSingleStep: false
14:32:08.339 [FXGL Background Thread 3 ] DEBUG Engine               - isUserProfileEnabled: false
14:32:08.340 [FXGL Background Thread 3 ] DEBUG Engine               - isWindows: true
14:32:08.340 [FXGL Background Thread 3 ] DEBUG Engine               - language: ObjectProperty [value: ENGLISH]
14:32:08.340 [FXGL Background Thread 3 ] DEBUG Engine               - menuKey: ESCAPE
14:32:08.340 [FXGL Background Thread 3 ] DEBUG Engine               - mouseSensitivity: 0.2
14:32:08.340 [FXGL Background Thread 3 ] DEBUG Engine               - notificationViewClass: class com.almasb.fxgl.notification.view.XboxNotificationView
14:32:08.340 [FXGL Background Thread 3 ] DEBUG Engine               - pixelsPerMeter: 50.0
14:32:08.340 [FXGL Background Thread 3 ] DEBUG Engine               - platform: WINDOWS
14:32:08.340 [FXGL Background Thread 3 ] DEBUG Engine               - prefHeightProperty: ReadOnlyDoubleProperty [value: 600.0]
14:32:08.340 [FXGL Background Thread 3 ] DEBUG Engine               - prefWidthProperty: ReadOnlyDoubleProperty [value: 1000.0]
14:32:08.340 [FXGL Background Thread 3 ] DEBUG Engine               - profileDir: profiles/
14:32:08.340 [FXGL Background Thread 3 ] DEBUG Engine               - profileName: StringProperty [value: DEFAULT]
14:32:08.340 [FXGL Background Thread 3 ] DEBUG Engine               - randomSeed: -1
14:32:08.340 [FXGL Background Thread 3 ] DEBUG Engine               - runtimeInfo: RuntimeInfo(platform=WINDOWS, version=17.3, build=30.03.2023 11.49)
14:32:08.340 [FXGL Background Thread 3 ] DEBUG Engine               - saveFileExt: sav
14:32:08.340 [FXGL Background Thread 3 ] DEBUG Engine               - scaledHeightProp$fxgl: DoubleProperty [bound, value: 600.0]
14:32:08.341 [FXGL Background Thread 3 ] DEBUG Engine               - scaledWidthProp$fxgl: DoubleProperty [bound, value: 1000.0]
14:32:08.341 [FXGL Background Thread 3 ] DEBUG Engine               - sceneFactory: com.almasb.fxgl.app.scene.SceneFactory@1ad6223a
14:32:08.341 [FXGL Background Thread 3 ] DEBUG Engine               - secondsIn24h: 60
14:32:08.341 [FXGL Background Thread 3 ] DEBUG Engine               - soundMenuBack: menu/back.wav
14:32:08.341 [FXGL Background Thread 3 ] DEBUG Engine               - soundMenuPress: menu/press.wav
14:32:08.341 [FXGL Background Thread 3 ] DEBUG Engine               - soundMenuSelect: menu/select.wav
14:32:08.341 [FXGL Background Thread 3 ] DEBUG Engine               - soundNotification: core/notification.wav
14:32:08.341 [FXGL Background Thread 3 ] DEBUG Engine               - stageStyle: DECORATED
14:32:08.341 [FXGL Background Thread 3 ] DEBUG Engine               - supportedLanguages: [ENGLISH, FRENCH, GERMAN, HUNGARIAN, RUSSIAN]
14:32:08.341 [FXGL Background Thread 3 ] DEBUG Engine               - ticksPerSecond: -1
14:32:08.341 [FXGL Background Thread 3 ] DEBUG Engine               - title: Jugador Sonic
14:32:08.341 [FXGL Background Thread 3 ] DEBUG Engine               - urlGithub: https://github.com/AlmasB/FXGL
14:32:08.341 [FXGL Background Thread 3 ] DEBUG Engine               - urlLeaderboard: http://fxgl-top.herokuapp.com/
14:32:08.341 [FXGL Background Thread 3 ] DEBUG Engine               - urlPOM: https://raw.githubusercontent.com/AlmasB/FXGL/release/README.md
14:32:08.341 [FXGL Background Thread 3 ] DEBUG Engine               - userAppClass: class Runner.ClientRunner
14:32:08.341 [FXGL Background Thread 3 ] DEBUG Engine               - version: 0.0
14:32:08.341 [FXGL Background Thread 3 ] DEBUG Engine               - versionCheckDays: 7
14:32:08.341 [FXGL Background Thread 3 ] DEBUG Engine               - width: 1000
14:32:08.341 [FXGL Background Thread 3 ] DEBUG Engine               - Logging services
14:32:08.341 [FXGL Background Thread 3 ] DEBUG Engine               - class com.almasb.fxgl.app.services.FXGLAssetLoaderService
14:32:08.342 [FXGL Background Thread 3 ] DEBUG Engine               - class com.almasb.fxgl.app.FXGLApplication$GameApplicationService
14:32:08.342 [FXGL Background Thread 3 ] DEBUG Engine               - class com.almasb.fxgl.app.services.FXGLDialogService
14:32:08.342 [FXGL Background Thread 3 ] DEBUG Engine               - class com.almasb.fxgl.app.services.IOTaskExecutorService
14:32:08.342 [FXGL Background Thread 3 ] DEBUG Engine               - class com.almasb.fxgl.io.FileSystemService
14:32:08.342 [FXGL Background Thread 3 ] DEBUG Engine               - class com.almasb.fxgl.localization.LocalizationService
14:32:08.342 [FXGL Background Thread 3 ] DEBUG Engine               - class com.almasb.fxgl.app.services.SystemBundleService
14:32:08.342 [FXGL Background Thread 3 ] DEBUG Engine               - class com.almasb.fxgl.profile.SaveLoadService
14:32:08.342 [FXGL Background Thread 3 ] DEBUG Engine               - class com.almasb.fxgl.ui.FXGLUIFactoryServiceProvider
14:32:08.342 [FXGL Background Thread 3 ] DEBUG Engine               - class com.almasb.fxgl.ui.FXGLDialogFactoryServiceProvider
14:32:08.342 [FXGL Background Thread 3 ] DEBUG Engine               - class com.almasb.fxgl.audio.AudioPlayer
14:32:08.342 [FXGL Background Thread 3 ] DEBUG Engine               - class com.almasb.fxgl.notification.impl.NotificationServiceProvider
14:32:08.342 [FXGL Background Thread 3 ] DEBUG Engine               - class com.almasb.fxgl.achievement.AchievementService
14:32:08.342 [FXGL Background Thread 3 ] DEBUG Engine               - class com.almasb.fxgl.cutscene.CutsceneService
14:32:08.342 [FXGL Background Thread 3 ] DEBUG Engine               - class com.almasb.fxgl.minigames.MiniGameService
14:32:08.342 [FXGL Background Thread 3 ] DEBUG Engine               - class com.almasb.fxgl.net.NetService
14:32:08.342 [FXGL Background Thread 3 ] DEBUG Engine               - class com.almasb.fxgl.app.services.UpdaterService
14:32:08.342 [FXGL Background Thread 3 ] DEBUG Engine               - class com.almasb.fxgl.dev.DevService
14:32:08.342 [FXGL Background Thread 3 ] DEBUG Engine               - class com.almasb.fxgl.multiplayer.MultiplayerService
14:32:13.300 [JavaFX Application Thread] DEBUG FXGLAssetLoaderServi - Loading from file system: file:/C:/Users/User/Documents/GitHub/Sonic-rush/target/classes/assets/textures/fondo.png
14:32:13.409 [JavaFX Application Thread] DEBUG TMXLevelLoader       - Parsed TiledMap: file:/C:/Users/User/Documents/GitHub/Sonic-rush/target/classes/assets/levels/mapazo.tmx
14:32:13.410 [JavaFX Application Thread] DEBUG TMXLevelLoader       - Creating tile layer entities
14:32:13.413 [JavaFX Application Thread] DEBUG TilesetLoader        - Loading view for layer Capa de patrones 1
14:32:13.419 [JavaFX Application Thread] DEBUG TilesetLoader        - Created buffer with size 3840.0x720.0
14:32:13.453 [JavaFX Application Thread] DEBUG TMXLevelLoader       - Creating object layer entities
14:32:13.489 [JavaFX Application Thread] DEBUG GameWorld            - Clearing removable entities
14:32:13.491 [JavaFX Application Thread] DEBUG GameWorld            - Setting level: com.almasb.fxgl.entity.level.Level@7fe0f2d7
14:32:13.503 [JavaFX Application Thread] DEBUG FXGLAssetLoaderServi - Loading from file system: file:/C:/Users/User/Documents/GitHub/Sonic-rush/target/classes/assets/textures/Enemigos/eggman.png
14:32:13.510 [ClientAsyncConnThread    ] DEBUG TCPClient            - Connecting to localhost:55555 type: class com.almasb.fxgl.core.serialization.Bundle
14:32:13.512 [ClientAsyncConnThread    ] DEBUG TCPClient            - Created socket to localhost:55555
14:32:13.516 [ClientAsyncConnThread    ] DEBUG Endpoint             - TCPClient opening new connection (1) from localhost/127.0.0.1:55555 type: class com.almasb.fxgl.core.serialization.Bundle
14:32:13.517 [ClientAsyncConnThread    ] DEBUG Endpoint             - TCPClient successfully opened connection (1)
14:32:13.537 [TCPClient_SendThread-1   ] DEBUG Writers              - Getting TCPMessageWriter for class com.almasb.fxgl.core.serialization.Bundle
14:32:13.537 [TCPClient_RecvThread-1   ] DEBUG Readers              - Getting TCPMessageReader for class com.almasb.fxgl.core.serialization.Bundle
14:32:13.539 [TCPClient_SendThread-1   ] DEBUG Writers              - Constructed TCPMessageWriter for class com.almasb.fxgl.core.serialization.Bundle: BundleTCPMessageWriter
14:32:13.546 [TCPClient_RecvThread-1   ] DEBUG Readers              - Constructed MessageReader for class com.almasb.fxgl.core.serialization.Bundle: BundleTCPMessageReader
14:32:13.562 [JavaFX Application Thread] DEBUG FXGLAssetLoaderServi - Loading from file system: file:/C:/Users/User/Documents/GitHub/Sonic-rush/target/classes/assets/textures/Items/ring.png
14:32:13.574 [JavaFX Application Thread] DEBUG FXGLAssetLoaderServi - Loading from file system: file:/C:/Users/User/Documents/GitHub/Sonic-rush/target/classes/assets/textures/Items/basura.png
14:32:13.576 [JavaFX Application Thread] DEBUG FXGLAssetLoaderServi - Loading from file system: file:/C:/Users/User/Documents/GitHub/Sonic-rush/target/classes/assets/textures/Items/papel.png
14:32:13.582 [JavaFX Application Thread] DEBUG FXGLAssetLoaderServi - Loading from file system: file:/C:/Users/User/Documents/GitHub/Sonic-rush/target/classes/assets/textures/Items/caucho.png
14:32:13.592 [JavaFX Application Thread] DEBUG FXGLAssetLoaderServi - Loading from file system: file:/C:/Users/User/Documents/GitHub/Sonic-rush/target/classes/assets/textures/Enemigos/enemigo.png
14:32:13.631 [JavaFX Application Thread] DEBUG FXGLAssetLoaderServi - Loading from file system: file:/C:/Users/User/Documents/GitHub/Sonic-rush/target/classes/assets/textures/Personajes/tails.png
14:32:13.633 [JavaFX Application Thread] DEBUG FXGLAssetLoaderServi - Loading from file system: file:/C:/Users/User/Documents/GitHub/Sonic-rush/target/classes/assets/textures/Personajes/tails_Salta.png
14:32:13.633 [JavaFX Application Thread] DEBUG FXGLAssetLoaderServi - Loading from file system: file:/C:/Users/User/Documents/GitHub/Sonic-rush/target/classes/assets/textures/Personajes/tails_caminando.png
14:32:17.059 [JavaFX Application Thread] DEBUG FXGLAssetLoaderServi - Loading from file system: file:/C:/Users/User/Documents/GitHub/Sonic-rush/target/classes/assets/sounds/recoger.wav
14:32:18.259 [JavaFX Application Thread] DEBUG FXGLAssetLoaderServi - Loading from file system: file:/C:/Users/User/Documents/GitHub/Sonic-rush/target/classes/assets/sounds/perder_anillos.wav
14:32:22.498 [JavaFX Application Thread] DEBUG FXGLAssetLoaderServi - Loading from file system: file:/C:/Users/User/Documents/GitHub/Sonic-rush/target/classes/assets/sounds/muerte.wav
14:32:48.644 [JavaFX Application Thread] DEBUG PrimaryStageWindow   - Push state: DialogSubScene
14:32:48.644 [JavaFX Application Thread] DEBUG Input                - Clearing active input actions
14:32:48.645 [JavaFX Application Thread] DEBUG GameApplicationServi - Removing overlay from GameScene and adding to DialogSubScene
14:32:48.645 [JavaFX Application Thread] DEBUG PrimaryStageWindow   - GameScene -> DialogSubScene
14:32:49.245 [JavaFX Application Thread] DEBUG PrimaryStageWindow   - Pop state: DialogSubScene
14:32:49.245 [JavaFX Application Thread] DEBUG Input                - Clearing active input actions
14:32:49.246 [JavaFX Application Thread] DEBUG GameApplicationServi - Removing overlay from DialogSubScene and adding to GameScene
14:32:49.246 [JavaFX Application Thread] DEBUG PrimaryStageWindow   - GameScene <- DialogSubScene
14:32:49.259 [JavaFX Application Thread] DEBUG PrimaryStageWindow   - Push state: DialogSubScene
14:32:49.259 [JavaFX Application Thread] DEBUG Input                - Clearing active input actions
14:32:49.261 [JavaFX Application Thread] DEBUG GameApplicationServi - Removing overlay from GameScene and adding to DialogSubScene
14:32:49.261 [JavaFX Application Thread] DEBUG PrimaryStageWindow   - GameScene -> DialogSubScene
14:32:51.381 [JavaFX Application Thread] DEBUG PrimaryStageWindow   - Pop state: DialogSubScene
14:32:51.381 [JavaFX Application Thread] DEBUG Input                - Clearing active input actions
14:32:51.381 [JavaFX Application Thread] DEBUG GameApplicationServi - Removing overlay from DialogSubScene and adding to GameScene
14:32:51.382 [JavaFX Application Thread] DEBUG PrimaryStageWindow   - GameScene <- DialogSubScene
14:32:54.551 [JavaFX Application Thread] DEBUG TMXLevelLoader       - Parsed TiledMap: file:/C:/Users/User/Documents/GitHub/Sonic-rush/target/classes/assets/levels/mapazo.tmx
14:32:54.551 [JavaFX Application Thread] DEBUG TMXLevelLoader       - Creating tile layer entities
14:32:54.552 [JavaFX Application Thread] DEBUG TilesetLoader        - Loading view for layer Capa de patrones 1
14:32:54.558 [JavaFX Application Thread] DEBUG TilesetLoader        - Created buffer with size 3840.0x720.0
14:32:54.572 [JavaFX Application Thread] DEBUG TMXLevelLoader       - Creating object layer entities
14:32:54.577 [JavaFX Application Thread] DEBUG GameWorld            - Clearing removable entities
14:32:54.578 [JavaFX Application Thread] DEBUG GameWorld            - Setting level: com.almasb.fxgl.entity.level.Level@358e3f92
14:32:54.605 [ClientAsyncConnThread    ] DEBUG TCPClient            - Connecting to localhost:55555 type: class com.almasb.fxgl.core.serialization.Bundle
14:32:54.607 [ClientAsyncConnThread    ] DEBUG TCPClient            - Created socket to localhost:55555
14:32:54.607 [ClientAsyncConnThread    ] DEBUG Endpoint             - TCPClient opening new connection (1) from localhost/127.0.0.1:55555 type: class com.almasb.fxgl.core.serialization.Bundle
14:32:54.607 [ClientAsyncConnThread    ] DEBUG Endpoint             - TCPClient successfully opened connection (1)
14:32:54.609 [TCPClient_SendThread-1   ] DEBUG Writers              - Getting TCPMessageWriter for class com.almasb.fxgl.core.serialization.Bundle
14:32:54.609 [TCPClient_SendThread-1   ] DEBUG Writers              - Constructed TCPMessageWriter for class com.almasb.fxgl.core.serialization.Bundle: BundleTCPMessageWriter
14:32:54.610 [TCPClient_RecvThread-1   ] DEBUG Readers              - Constructed MessageReader for class com.almasb.fxgl.core.serialization.Bundle: BundleTCPMessageReader
14:33:11.188 [JavaFX Application Thread] DEBUG PrimaryStageWindow   - Push state: DialogSubScene
14:33:11.188 [JavaFX Application Thread] DEBUG Input                - Clearing active input actions
14:33:11.189 [JavaFX Application Thread] DEBUG GameApplicationServi - Removing overlay from GameScene and adding to DialogSubScene
14:33:11.189 [JavaFX Application Thread] DEBUG PrimaryStageWindow   - GameScene -> DialogSubScene
14:33:12.501 [JavaFX Application Thread] DEBUG PrimaryStageWindow   - Pop state: DialogSubScene
14:33:12.501 [JavaFX Application Thread] DEBUG Input                - Clearing active input actions
14:33:12.501 [JavaFX Application Thread] DEBUG GameApplicationServi - Removing overlay from DialogSubScene and adding to GameScene
14:33:12.502 [JavaFX Application Thread] DEBUG PrimaryStageWindow   - GameScene <- DialogSubScene
14:33:12.502 [JavaFX Application Thread] DEBUG PrimaryStageWindow   - Push state: DialogSubScene
14:33:12.502 [JavaFX Application Thread] DEBUG Input                - Clearing active input actions
14:33:12.503 [JavaFX Application Thread] DEBUG GameApplicationServi - Removing overlay from GameScene and adding to DialogSubScene
14:33:12.503 [JavaFX Application Thread] DEBUG PrimaryStageWindow   - GameScene -> DialogSubScene
14:33:35.156 [JavaFX Application Thread] DEBUG PrimaryStageWindow   - Pop state: DialogSubScene
14:33:35.156 [JavaFX Application Thread] DEBUG Input                - Clearing active input actions
14:33:35.157 [JavaFX Application Thread] DEBUG GameApplicationServi - Removing overlay from DialogSubScene and adding to GameScene
14:33:35.157 [JavaFX Application Thread] DEBUG PrimaryStageWindow   - GameScene <- DialogSubScene
14:33:36.126 [JavaFX Application Thread] DEBUG PrimaryStageWindow   - Push state: DialogSubScene
14:33:36.126 [JavaFX Application Thread] DEBUG Input                - Clearing active input actions
14:33:36.126 [JavaFX Application Thread] DEBUG GameApplicationServi - Removing overlay from GameScene and adding to DialogSubScene
14:33:36.126 [JavaFX Application Thread] DEBUG PrimaryStageWindow   - GameScene -> DialogSubScene
14:33:37.684 [JavaFX Application Thread] DEBUG PrimaryStageWindow   - Pop state: DialogSubScene
14:33:37.684 [JavaFX Application Thread] DEBUG Input                - Clearing active input actions
14:33:37.685 [JavaFX Application Thread] DEBUG GameApplicationServi - Removing overlay from DialogSubScene and adding to GameScene
14:33:37.685 [JavaFX Application Thread] DEBUG PrimaryStageWindow   - GameScene <- DialogSubScene
14:33:43.128 [JavaFX Application Thread] DEBUG TMXLevelLoader       - Parsed TiledMap: file:/C:/Users/User/Documents/GitHub/Sonic-rush/target/classes/assets/levels/mapazo.tmx
14:33:43.128 [JavaFX Application Thread] DEBUG TMXLevelLoader       - Creating tile layer entities
14:33:43.128 [JavaFX Application Thread] DEBUG TilesetLoader        - Loading view for layer Capa de patrones 1
14:33:43.132 [JavaFX Application Thread] DEBUG TilesetLoader        - Created buffer with size 3840.0x720.0
14:33:43.147 [JavaFX Application Thread] DEBUG TMXLevelLoader       - Creating object layer entities
14:33:43.151 [JavaFX Application Thread] DEBUG GameWorld            - Clearing removable entities
14:33:43.152 [JavaFX Application Thread] DEBUG GameWorld            - Setting level: com.almasb.fxgl.entity.level.Level@3fd3446b
14:33:43.167 [ClientAsyncConnThread    ] DEBUG TCPClient            - Connecting to localhost:55555 type: class com.almasb.fxgl.core.serialization.Bundle
14:33:43.173 [ClientAsyncConnThread    ] DEBUG TCPClient            - Created socket to localhost:55555
14:33:43.173 [ClientAsyncConnThread    ] DEBUG Endpoint             - TCPClient opening new connection (1) from localhost/127.0.0.1:55555 type: class com.almasb.fxgl.core.serialization.Bundle
14:33:43.173 [ClientAsyncConnThread    ] DEBUG Endpoint             - TCPClient successfully opened connection (1)
14:33:43.190 [TCPClient_RecvThread-1   ] DEBUG Readers              - Getting TCPMessageReader for class com.almasb.fxgl.core.serialization.Bundle
14:33:43.190 [TCPClient_RecvThread-1   ] DEBUG Readers              - Constructed MessageReader for class com.almasb.fxgl.core.serialization.Bundle: BundleTCPMessageReader
14:33:43.190 [TCPClient_SendThread-1   ] DEBUG Writers              - Constructed TCPMessageWriter for class com.almasb.fxgl.core.serialization.Bundle: BundleTCPMessageWriter
14:33:43.210 [JavaFX Application Thread] DEBUG FXGLAssetLoaderServi - Loading from file system: file:/C:/Users/User/Documents/GitHub/Sonic-rush/target/classes/assets/textures/Personajes/knuckles.png
14:33:43.211 [JavaFX Application Thread] DEBUG FXGLAssetLoaderServi - Loading from file system: file:/C:/Users/User/Documents/GitHub/Sonic-rush/target/classes/assets/textures/Personajes/knuckles_golpe.png
14:34:14.931 [JavaFX Application Thread] DEBUG PrimaryStageWindow   - Push state: DialogSubScene
14:34:14.931 [JavaFX Application Thread] DEBUG Input                - Clearing active input actions
14:34:14.932 [JavaFX Application Thread] DEBUG GameApplicationServi - Removing overlay from GameScene and adding to DialogSubScene
14:34:14.932 [JavaFX Application Thread] DEBUG PrimaryStageWindow   - GameScene -> DialogSubScene
14:34:17.500 [JavaFX Application Thread] DEBUG PrimaryStageWindow   - Pop state: DialogSubScene
14:34:17.500 [JavaFX Application Thread] DEBUG Input                - Clearing active input actions
14:34:17.500 [JavaFX Application Thread] DEBUG GameApplicationServi - Removing overlay from DialogSubScene and adding to GameScene
14:34:17.500 [JavaFX Application Thread] DEBUG PrimaryStageWindow   - GameScene <- DialogSubScene
14:34:17.501 [JavaFX Application Thread] DEBUG PrimaryStageWindow   - Push state: DialogSubScene
14:34:17.501 [JavaFX Application Thread] DEBUG Input                - Clearing active input actions
14:34:17.502 [JavaFX Application Thread] DEBUG GameApplicationServi - Removing overlay from GameScene and adding to DialogSubScene
14:34:17.502 [JavaFX Application Thread] DEBUG PrimaryStageWindow   - GameScene -> DialogSubScene
14:34:18.716 [JavaFX Application Thread] DEBUG FXGLApplication      - Exiting FXGL
14:34:18.716 [JavaFX Application Thread] DEBUG LoopRunner           - Stopping loop
14:34:18.716 [JavaFX Application Thread] DEBUG SystemBundleService  - Saving FXGL system data
14:34:18.717 [JavaFX Application Thread] DEBUG FileSystemAccess     - Writing to: C:\Users\User\Documents\GitHub\Sonic-rush\system\fxgl.bundle
14:34:18.718 [JavaFX Application Thread] DEBUG Async                - Shutting down background threads
14:34:18.718 [JavaFX Application Thread] DEBUG PrimaryStageWindow   - Closing main window
14:34:18.727 [JavaFX Application Thread] DEBUG Logger               - Closing Logger
