16:17:57.642 [main                     ] DEBUG Logger               - Configured Logger
16:17:57.692 [main                     ] DEBUG GameApplication      - Logging settings
Title: Jugador Sonic
Version: 0.0
Width: 1000
Height: 600
Fullscreen: false
Intro: false
Profiling: false
Single step:false
App Mode: DEVELOPER
Menu Key: ESCAPE
Stage Style: DECORATED
Scene Factory: class com.almasb.fxgl.app.scene.SceneFactory

16:17:58.535 [JavaFX Application Thread] DEBUG FXGLApplication      - Initializing FXGL
16:17:58.548 [JavaFX Application Thread] INFO  Engine               - FXGL-17.3 (30.03.2023 11.49) on WINDOWS (J:17.0.12 FX:20)
16:17:58.549 [JavaFX Application Thread] DEBUG Engine               - JRE Vendor Name: Oracle Corporation
16:17:58.549 [JavaFX Application Thread] DEBUG Engine               - Running on OS: Windows 10 version 10.0
16:17:58.550 [JavaFX Application Thread] DEBUG Engine               - Architecture: amd64
16:17:58.550 [JavaFX Application Thread] INFO  Engine               - Source code and latest versions at: https://github.com/AlmasB/FXGL
16:17:58.550 [JavaFX Application Thread] INFO  Engine               -       Ask questions and discuss at: https://github.com/AlmasB/FXGL/discussions
16:17:58.551 [JavaFX Application Thread] INFO  Engine               -              Join the FXGL chat at: https://gitter.im/AlmasB/FXGL
16:17:58.802 [JavaFX Application Thread] DEBUG PrimaryStageWindow   - Creating a JavaFX scene
16:17:58.901 [JavaFX Application Thread] DEBUG PrimaryStageWindow   - Target settings size: 1000.0 x 600.0
16:17:58.902 [JavaFX Application Thread] DEBUG PrimaryStageWindow   - Scaled scene size:    1000.0 x 600.0
16:17:58.902 [JavaFX Application Thread] DEBUG PrimaryStageWindow   - Scaled ratio: (1.0, 1.0)
16:17:58.904 [JavaFX Application Thread] DEBUG PrimaryStageWindow   - Set initial scene to FXGLStartupScene
16:17:58.910 [JavaFX Application Thread] DEBUG PrimaryStageWindow   - Opening main window
16:17:59.038 [JavaFX Application Thread] DEBUG PrimaryStageWindow   - Window border size: (14.4000244140625, 37.5999755859375)
16:17:59.038 [JavaFX Application Thread] DEBUG PrimaryStageWindow   - Scaled size: 1000.0 x 600.0
16:17:59.039 [JavaFX Application Thread] DEBUG PrimaryStageWindow   - Scaled ratio: (1.0, 1.0)
16:17:59.039 [JavaFX Application Thread] DEBUG PrimaryStageWindow   - Scene size: 1000.0 x 600.0
16:17:59.040 [JavaFX Application Thread] DEBUG PrimaryStageWindow   - Stage size: 1014.4000244140625 x 637.5999755859375
16:17:59.145 [FXGL Background Thread 1 ] DEBUG Engine               - Initializing environment variables
16:17:59.229 [FXGL Background Thread 1 ] DEBUG FXGLAssetLoaderServi - User app class for loading assets: class Runner.ClientRunner
16:17:59.230 [FXGL Background Thread 1 ] DEBUG GameApplicationServi - Applying CSS: fxgl_dark.css
16:17:59.231 [FXGL Background Thread 1 ] DEBUG FXGLAssetLoaderServi - Loading from file system: jar:file:/C:/Users/Owner/.m2/repository/com/github/almasb/fxgl/17.3/fxgl-17.3.jar!/fxglassets/ui/css/fxgl_dark.css
16:17:59.356 [FXGL Background Thread 1 ] DEBUG GameApplicationServi - Initializing application scenes
16:17:59.913 [FXGL Background Thread 1 ] DEBUG GameWorld            - Game world initialized
16:18:00.039 [FXGL Background Thread 1 ] DEBUG PhysicsWorld         - Physics world initialized: appHeight=600, physics.ppm=50.0
16:18:00.040 [FXGL Background Thread 1 ] DEBUG PhysicsWorld         - Using strategy: BRUTE_FORCE
16:18:00.047 [FXGL Background Thread 1 ] DEBUG GameScene            - Game scene initialized: 1000x600
16:18:00.116 [FXGL Background Thread 1 ] DEBUG FXGL.DefaultMenu     - createMenuBodyGameMenu()
16:18:00.257 [FXGL Background Thread 1 ] DEBUG FXGL.DefaultMenu     - createOptionsMenu()
16:18:00.362 [FXGL Background Thread 1 ] DEBUG FXGLAssetLoaderServi - Loading from file system: jar:file:/C:/Users/Owner/.m2/repository/com/github/almasb/fxgl/17.3/fxgl-17.3.jar!/fxglassets/textures/particles/smoke.png
16:18:00.800 [FXGL Background Thread 1 ] DEBUG FXGLAssetLoaderServi - Loading from file system: jar:file:/C:/Users/Owner/.m2/repository/com/github/almasb/fxgl/17.3/fxgl-17.3.jar!/fxglassets/textures/particles/trace_horizontal.png
16:18:00.859 [FXGL Background Thread 1 ] DEBUG GameApplicationServi - Application scenes initialized
16:18:00.883 [FXGL Background Thread 1 ] DEBUG SystemBundleService  - Loading FXGL system data
16:18:00.890 [FXGL Background Thread 1 ] DEBUG FileSystemAccess     - Reading from: C:\Users\Owner\Desktop\Sonic-rush\system\fxgl.bundle
16:18:00.914 [FXGL Background Thread 1 ] DEBUG SystemBundleService  - Bundle FXGL: {}
16:18:00.914 [FXGL Background Thread 1 ] DEBUG UpdaterService       - Checking for updates
16:18:00.923 [FXGL Background Thread 1 ] DEBUG FXGLApplication      - Loading default localization
16:18:00.924 [FXGL Background Thread 1 ] DEBUG FXGLAssetLoaderServi - Loading from file system: jar:file:/C:/Users/Owner/.m2/repository/com/github/almasb/fxgl/17.3/fxgl-17.3.jar!/fxglassets/languages/english.lang
16:18:00.953 [FXGL Background Thread 1 ] INFO  FXGLApplication      - FXGL initialization took: 1.808 sec
16:18:01.078 [FXGL Background Thread 4 ] DEBUG FXGLApplication      - Loading fonts
16:18:01.079 [FXGL Background Thread 4 ] DEBUG FXGLAssetLoaderServi - Loading from file system: jar:file:/C:/Users/Owner/.m2/repository/com/github/almasb/fxgl/17.3/fxgl-17.3.jar!/fxglassets/ui/fonts/VarelaRound-Regular.ttf
16:18:01.096 [JavaFX Application Thread] DEBUG Input                - Registered new binding: Mover a la izquierda - A
16:18:01.096 [JavaFX Application Thread] DEBUG Input                - Registered new binding: Mover a la derecha - D
16:18:01.096 [JavaFX Application Thread] DEBUG Input                - Registered new binding: Saltar - W
16:18:01.096 [JavaFX Application Thread] DEBUG Input                - Registered new binding: Interactuar - E
16:18:01.097 [JavaFX Application Thread] DEBUG Input                - Registered new binding: Transformar - P
16:18:01.097 [JavaFX Application Thread] DEBUG Input                - Registered new binding: Desactivar filtro - L
16:18:01.097 [JavaFX Application Thread] DEBUG FXGLAssetLoaderServi - Loading from file system: jar:file:/C:/Users/Owner/.m2/repository/com/github/almasb/fxgl/17.3/fxgl-17.3.jar!/fxglassets/textures/fxgl_icon.png
16:18:01.195 [JavaFX Application Thread] DEBUG FXGLAssetLoaderServi - Loading from file system: jar:file:/C:/Users/Owner/.m2/repository/com/github/almasb/fxgl/17.3/fxgl-17.3.jar!/fxglassets/textures/fxgl_default_cursor.png
16:18:01.220 [JavaFX Application Thread] DEBUG Input                - Registered new binding: Screenshot - CTRL+8
16:18:01.221 [JavaFX Application Thread] DEBUG Input                - Registered new binding: System info dump - CTRL+9
16:18:01.222 [JavaFX Application Thread] DEBUG Input                - Registered new binding: Restart - CTRL+R
16:18:01.223 [JavaFX Application Thread] DEBUG Input                - Registered new binding: Toggle Debug Camera - CTRL+7
16:18:01.228 [JavaFX Application Thread] DEBUG LoopRunner           - Starting loop
16:18:01.228 [JavaFX Application Thread] DEBUG LoopRunner           - Initializing JavaFX AnimationTimerLoop
16:18:01.231 [JavaFX Application Thread] DEBUG GameApplicationServi - Starting new game
16:18:01.232 [JavaFX Application Thread] DEBUG Input                - Clearing active input actions
16:18:01.259 [JavaFX Application Thread] DEBUG GameApplicationServi - Removing overlay from FXGLStartupScene and adding to FXGLLoadingScene
16:18:01.259 [JavaFX Application Thread] DEBUG PrimaryStageWindow   - FXGLStartupScene -> FXGLLoadingScene
16:18:01.260 [JavaFX Application Thread] DEBUG GameApplicationServi - Clearing previous game
16:18:01.260 [JavaFX Application Thread] DEBUG GameScene            - Clearing game scene
16:18:01.260 [JavaFX Application Thread] DEBUG GameWorld            - Clearing game world
16:18:01.261 [JavaFX Application Thread] DEBUG PhysicsWorld         - Clearing physics world
16:18:01.262 [FXGL Background Thread 1 ] DEBUG FXGLApplication      - Initializing game
16:18:01.286 [FXGL Background Thread 1 ] DEBUG FXGLAssetLoaderServi - Loading from file system: file:/C:/Users/Owner/Desktop/Sonic-rush/target/classes/assets/music/OST2.mp3
16:18:02.430 [FXGL Background Thread 4 ] DEBUG FXGLAssetLoaderServi - Loading from file system: jar:file:/C:/Users/Owner/.m2/repository/com/github/almasb/fxgl/17.3/fxgl-17.3.jar!/fxglassets/ui/fonts/Abel-Regular.ttf
16:18:02.437 [FXGL Background Thread 4 ] DEBUG FXGLAssetLoaderServi - Loading from file system: jar:file:/C:/Users/Owner/.m2/repository/com/github/almasb/fxgl/17.3/fxgl-17.3.jar!/fxglassets/ui/fonts/TerminalLandMono-Regular.otf
16:18:02.475 [FXGL Background Thread 4 ] DEBUG FXGLAssetLoaderServi - Loading from file system: jar:file:/C:/Users/Owner/.m2/repository/com/github/almasb/fxgl/17.3/fxgl-17.3.jar!/fxglassets/ui/fonts/Courier-Prime.ttf
16:18:02.517 [JavaFX Application Thread] DEBUG FXGLApplication      - Registering font factories with UI factory
16:18:03.443 [FXGL Background Thread 1 ] DEBUG AudioPlayer          - Playing music com.almasb.fxgl.audio.Music@6ae26a01
16:18:03.458 [FXGL Background Thread 1 ] INFO  FXGLApplication      - Game initialization took: 2.194 sec
16:18:03.755 [FXGL Background Thread 2 ] INFO  UpdaterService       - Your current version:  17.3
16:18:03.798 [JavaFX Application Thread] DEBUG Input                - Clearing active input actions
16:18:03.816 [JavaFX Application Thread] DEBUG GameApplicationServi - Removing overlay from FXGLLoadingScene and adding to GameScene
16:18:03.817 [JavaFX Application Thread] DEBUG PrimaryStageWindow   - FXGLLoadingScene -> GameScene
16:18:03.929 [FXGL Background Thread 3 ] DEBUG Engine               - Logging environment variables
16:18:03.930 [FXGL Background Thread 3 ] DEBUG Engine               - achievements: []
16:18:03.930 [FXGL Background Thread 3 ] DEBUG Engine               - actualHeight: 600.0
16:18:03.930 [FXGL Background Thread 3 ] DEBUG Engine               - actualHeightProperty: ReadOnlyDoubleProperty [value: 600.0]
16:18:03.931 [FXGL Background Thread 3 ] DEBUG Engine               - actualWidth: 1000.0
16:18:03.931 [FXGL Background Thread 3 ] DEBUG Engine               - actualWidthProperty: ReadOnlyDoubleProperty [value: 1000.0]
16:18:03.931 [FXGL Background Thread 3 ] DEBUG Engine               - appIcon: fxgl_icon.png
16:18:03.931 [FXGL Background Thread 3 ] DEBUG Engine               - applicationMode: DEVELOPER
16:18:03.931 [FXGL Background Thread 3 ] DEBUG Engine               - cSSList: [fxgl_dark.css]
16:18:03.931 [FXGL Background Thread 3 ] DEBUG Engine               - collisionDetectionStrategy: BRUTE_FORCE
16:18:03.931 [FXGL Background Thread 3 ] DEBUG Engine               - configClass: Optional.empty
16:18:03.931 [FXGL Background Thread 3 ] DEBUG Engine               - credits: []
16:18:03.933 [FXGL Background Thread 3 ] DEBUG Engine               - defaultCursor: CursorInfo(imageName=fxgl_default_cursor.png, hotspotX=7.0, hotspotY=6.0)
16:18:03.933 [FXGL Background Thread 3 ] DEBUG Engine               - devBBoxColorProperty: ObjectProperty [value: 0xff0000ff]
16:18:03.933 [FXGL Background Thread 3 ] DEBUG Engine               - devEnableDebugCameraProperty: BooleanProperty [value: false]
16:18:03.934 [FXGL Background Thread 3 ] DEBUG Engine               - devSensorColorProperty: ObjectProperty [value: 0xffff00ff]
16:18:03.934 [FXGL Background Thread 3 ] DEBUG Engine               - devShowBBoxProperty: BooleanProperty [value: false]
16:18:03.934 [FXGL Background Thread 3 ] DEBUG Engine               - devShowPositionProperty: BooleanProperty [value: false]
16:18:03.934 [FXGL Background Thread 3 ] DEBUG Engine               - enabledMenuItems: []
16:18:03.934 [FXGL Background Thread 3 ] DEBUG Engine               - engineServices: [class com.almasb.fxgl.app.services.FXGLAssetLoaderService, class com.almasb.fxgl.app.FXGLApplication$GameApplicationService, class com.almasb.fxgl.app.services.FXGLDialogService, class com.almasb.fxgl.app.services.IOTaskExecutorService, class com.almasb.fxgl.io.FileSystemService, class com.almasb.fxgl.localization.LocalizationService, class com.almasb.fxgl.app.services.SystemBundleService, class com.almasb.fxgl.profile.SaveLoadService, class com.almasb.fxgl.ui.FXGLUIFactoryServiceProvider, class com.almasb.fxgl.ui.FXGLDialogFactoryServiceProvider, class com.almasb.fxgl.audio.AudioPlayer, class com.almasb.fxgl.notification.impl.NotificationServiceProvider, class com.almasb.fxgl.achievement.AchievementService, class com.almasb.fxgl.cutscene.CutsceneService, class com.almasb.fxgl.minigames.MiniGameService, class com.almasb.fxgl.net.NetService, class com.almasb.fxgl.app.services.UpdaterService, class com.almasb.fxgl.dev.DevService, class com.almasb.fxgl.multiplayer.MultiplayerService]
16:18:03.934 [FXGL Background Thread 3 ] DEBUG Engine               - fontGame: Abel-Regular.ttf
16:18:03.934 [FXGL Background Thread 3 ] DEBUG Engine               - fontMono: TerminalLandMono-Regular.otf
16:18:03.934 [FXGL Background Thread 3 ] DEBUG Engine               - fontSizeScaleUI: 1.0
16:18:03.934 [FXGL Background Thread 3 ] DEBUG Engine               - fontText: Courier-Prime.ttf
16:18:03.935 [FXGL Background Thread 3 ] DEBUG Engine               - fontUI: VarelaRound-Regular.ttf
16:18:03.935 [FXGL Background Thread 3 ] DEBUG Engine               - fullScreen: BooleanProperty [value: false]
16:18:03.935 [FXGL Background Thread 3 ] DEBUG Engine               - gameDifficulty: MEDIUM
16:18:03.935 [FXGL Background Thread 3 ] DEBUG Engine               - gameDifficultyProperty: ObjectProperty [value: MEDIUM]
16:18:03.935 [FXGL Background Thread 3 ] DEBUG Engine               - globalMusicVolume: 0.5
16:18:03.935 [FXGL Background Thread 3 ] DEBUG Engine               - globalMusicVolumeProperty: DoubleProperty [value: 0.5]
16:18:03.935 [FXGL Background Thread 3 ] DEBUG Engine               - globalSoundVolume: 0.5
16:18:03.935 [FXGL Background Thread 3 ] DEBUG Engine               - globalSoundVolumeProperty: DoubleProperty [value: 0.5]
16:18:03.935 [FXGL Background Thread 3 ] DEBUG Engine               - height: 600
16:18:03.935 [FXGL Background Thread 3 ] DEBUG Engine               - is3D: false
16:18:03.938 [FXGL Background Thread 3 ] DEBUG Engine               - isAndroid: false
16:18:03.939 [FXGL Background Thread 3 ] DEBUG Engine               - isBrowser: false
16:18:03.940 [FXGL Background Thread 3 ] DEBUG Engine               - isClickFeedbackEnabled: false
16:18:03.941 [FXGL Background Thread 3 ] DEBUG Engine               - isCloseConfirmation: false
16:18:03.941 [FXGL Background Thread 3 ] DEBUG Engine               - isDesktop: true
16:18:03.942 [FXGL Background Thread 3 ] DEBUG Engine               - isDeveloperMenuEnabled: false
16:18:03.942 [FXGL Background Thread 3 ] DEBUG Engine               - isEmbedded: false
16:18:03.942 [FXGL Background Thread 3 ] DEBUG Engine               - isEntityPreloadEnabled: true
16:18:03.943 [FXGL Background Thread 3 ] DEBUG Engine               - isExperimentalTiledLargeMap: false
16:18:03.943 [FXGL Background Thread 3 ] DEBUG Engine               - isFileSystemWriteAllowed: true
16:18:03.943 [FXGL Background Thread 3 ] DEBUG Engine               - isFullScreenAllowed: false
16:18:03.943 [FXGL Background Thread 3 ] DEBUG Engine               - isFullScreenFromStart: false
16:18:03.943 [FXGL Background Thread 3 ] DEBUG Engine               - isGameMenuEnabled: true
16:18:03.943 [FXGL Background Thread 3 ] DEBUG Engine               - isIOS: false
16:18:03.943 [FXGL Background Thread 3 ] DEBUG Engine               - isIntroEnabled: false
16:18:03.943 [FXGL Background Thread 3 ] DEBUG Engine               - isLinux: false
16:18:03.943 [FXGL Background Thread 3 ] DEBUG Engine               - isMac: false
16:18:03.943 [FXGL Background Thread 3 ] DEBUG Engine               - isMainMenuEnabled: false
16:18:03.943 [FXGL Background Thread 3 ] DEBUG Engine               - isManualResizeEnabled: false
16:18:03.944 [FXGL Background Thread 3 ] DEBUG Engine               - isMobile: false
16:18:03.944 [FXGL Background Thread 3 ] DEBUG Engine               - isNative: false
16:18:03.944 [FXGL Background Thread 3 ] DEBUG Engine               - isPauseMusicWhenMinimized: true
16:18:03.944 [FXGL Background Thread 3 ] DEBUG Engine               - isPreserveResizeRatio: false
16:18:03.944 [FXGL Background Thread 3 ] DEBUG Engine               - isProfilingEnabled: false
16:18:03.944 [FXGL Background Thread 3 ] DEBUG Engine               - isScaleAffectedOnResize: true
16:18:03.944 [FXGL Background Thread 3 ] DEBUG Engine               - isSingleStep: false
16:18:03.944 [FXGL Background Thread 3 ] DEBUG Engine               - isUserProfileEnabled: false
16:18:03.944 [FXGL Background Thread 3 ] DEBUG Engine               - isWindows: true
16:18:03.944 [FXGL Background Thread 3 ] DEBUG Engine               - language: ObjectProperty [value: ENGLISH]
16:18:03.944 [FXGL Background Thread 3 ] DEBUG Engine               - menuKey: ESCAPE
16:18:03.944 [FXGL Background Thread 3 ] DEBUG Engine               - mouseSensitivity: 0.2
16:18:03.944 [FXGL Background Thread 3 ] DEBUG Engine               - notificationViewClass: class com.almasb.fxgl.notification.view.XboxNotificationView
16:18:03.945 [FXGL Background Thread 3 ] DEBUG Engine               - pixelsPerMeter: 50.0
16:18:03.945 [FXGL Background Thread 3 ] DEBUG Engine               - platform: WINDOWS
16:18:03.945 [FXGL Background Thread 3 ] DEBUG Engine               - prefHeightProperty: ReadOnlyDoubleProperty [value: 600.0]
16:18:03.945 [FXGL Background Thread 3 ] DEBUG Engine               - prefWidthProperty: ReadOnlyDoubleProperty [value: 1000.0]
16:18:03.945 [FXGL Background Thread 3 ] DEBUG Engine               - profileDir: profiles/
16:18:03.945 [FXGL Background Thread 3 ] DEBUG Engine               - profileName: StringProperty [value: DEFAULT]
16:18:03.945 [FXGL Background Thread 3 ] DEBUG Engine               - randomSeed: -1
16:18:03.946 [FXGL Background Thread 3 ] DEBUG Engine               - runtimeInfo: RuntimeInfo(platform=WINDOWS, version=17.3, build=30.03.2023 11.49)
16:18:03.946 [FXGL Background Thread 3 ] DEBUG Engine               - saveFileExt: sav
16:18:03.946 [FXGL Background Thread 3 ] DEBUG Engine               - scaledHeightProp$fxgl: DoubleProperty [bound, value: 600.0]
16:18:03.946 [FXGL Background Thread 3 ] DEBUG Engine               - scaledWidthProp$fxgl: DoubleProperty [bound, value: 1000.0]
16:18:03.946 [FXGL Background Thread 3 ] DEBUG Engine               - sceneFactory: com.almasb.fxgl.app.scene.SceneFactory@53b3cba3
16:18:03.946 [FXGL Background Thread 3 ] DEBUG Engine               - secondsIn24h: 60
16:18:03.946 [FXGL Background Thread 3 ] DEBUG Engine               - soundMenuBack: menu/back.wav
16:18:03.946 [FXGL Background Thread 3 ] DEBUG Engine               - soundMenuPress: menu/press.wav
16:18:03.946 [FXGL Background Thread 3 ] DEBUG Engine               - soundMenuSelect: menu/select.wav
16:18:03.946 [FXGL Background Thread 3 ] DEBUG Engine               - soundNotification: core/notification.wav
16:18:03.946 [FXGL Background Thread 3 ] DEBUG Engine               - stageStyle: DECORATED
16:18:03.946 [FXGL Background Thread 3 ] DEBUG Engine               - supportedLanguages: [ENGLISH, FRENCH, GERMAN, HUNGARIAN, RUSSIAN]
16:18:03.947 [FXGL Background Thread 3 ] DEBUG Engine               - ticksPerSecond: -1
16:18:03.947 [FXGL Background Thread 3 ] DEBUG Engine               - title: Jugador Sonic
16:18:03.947 [FXGL Background Thread 3 ] DEBUG Engine               - urlGithub: https://github.com/AlmasB/FXGL
16:18:03.947 [FXGL Background Thread 3 ] DEBUG Engine               - urlLeaderboard: http://fxgl-top.herokuapp.com/
16:18:03.947 [FXGL Background Thread 3 ] DEBUG Engine               - urlPOM: https://raw.githubusercontent.com/AlmasB/FXGL/release/README.md
16:18:03.947 [FXGL Background Thread 3 ] DEBUG Engine               - userAppClass: class Runner.ClientRunner
16:18:03.947 [FXGL Background Thread 3 ] DEBUG Engine               - version: 0.0
16:18:03.947 [FXGL Background Thread 3 ] DEBUG Engine               - versionCheckDays: 7
16:18:03.947 [FXGL Background Thread 3 ] DEBUG Engine               - width: 1000
16:18:03.947 [FXGL Background Thread 3 ] DEBUG Engine               - Logging services
16:18:03.947 [FXGL Background Thread 3 ] DEBUG Engine               - class com.almasb.fxgl.app.services.FXGLAssetLoaderService
16:18:03.947 [FXGL Background Thread 3 ] DEBUG Engine               - class com.almasb.fxgl.app.FXGLApplication$GameApplicationService
16:18:03.947 [FXGL Background Thread 3 ] DEBUG Engine               - class com.almasb.fxgl.app.services.FXGLDialogService
16:18:03.948 [FXGL Background Thread 3 ] DEBUG Engine               - class com.almasb.fxgl.app.services.IOTaskExecutorService
16:18:03.948 [FXGL Background Thread 3 ] DEBUG Engine               - class com.almasb.fxgl.io.FileSystemService
16:18:03.948 [FXGL Background Thread 3 ] DEBUG Engine               - class com.almasb.fxgl.localization.LocalizationService
16:18:03.948 [FXGL Background Thread 3 ] DEBUG Engine               - class com.almasb.fxgl.app.services.SystemBundleService
16:18:03.948 [FXGL Background Thread 3 ] DEBUG Engine               - class com.almasb.fxgl.profile.SaveLoadService
16:18:03.948 [FXGL Background Thread 3 ] DEBUG Engine               - class com.almasb.fxgl.ui.FXGLUIFactoryServiceProvider
16:18:03.948 [FXGL Background Thread 3 ] DEBUG Engine               - class com.almasb.fxgl.ui.FXGLDialogFactoryServiceProvider
16:18:03.948 [FXGL Background Thread 3 ] DEBUG Engine               - class com.almasb.fxgl.audio.AudioPlayer
16:18:03.948 [FXGL Background Thread 3 ] DEBUG Engine               - class com.almasb.fxgl.notification.impl.NotificationServiceProvider
16:18:03.948 [FXGL Background Thread 3 ] DEBUG Engine               - class com.almasb.fxgl.achievement.AchievementService
16:18:03.948 [FXGL Background Thread 3 ] DEBUG Engine               - class com.almasb.fxgl.cutscene.CutsceneService
16:18:03.948 [FXGL Background Thread 3 ] DEBUG Engine               - class com.almasb.fxgl.minigames.MiniGameService
16:18:03.948 [FXGL Background Thread 3 ] DEBUG Engine               - class com.almasb.fxgl.net.NetService
16:18:03.948 [FXGL Background Thread 3 ] DEBUG Engine               - class com.almasb.fxgl.app.services.UpdaterService
16:18:03.949 [FXGL Background Thread 3 ] DEBUG Engine               - class com.almasb.fxgl.dev.DevService
16:18:03.949 [FXGL Background Thread 3 ] DEBUG Engine               - class com.almasb.fxgl.multiplayer.MultiplayerService
16:18:04.083 [FXGL Background Thread 2 ] INFO  UpdaterService       - Latest stable version: 21.1
16:18:06.777 [JavaFX Application Thread] DEBUG FXGLAssetLoaderServi - Loading from file system: file:/C:/Users/Owner/Desktop/Sonic-rush/target/classes/assets/textures/fondo.png
16:18:07.327 [JavaFX Application Thread] DEBUG TMXLevelLoader       - Parsed TiledMap: file:/C:/Users/Owner/Desktop/Sonic-rush/target/classes/assets/levels/mapazo.tmx
16:18:07.329 [JavaFX Application Thread] DEBUG TMXLevelLoader       - Creating tile layer entities
16:18:07.335 [JavaFX Application Thread] DEBUG TilesetLoader        - Loading view for layer Capa de patrones 1
16:18:07.356 [JavaFX Application Thread] DEBUG TilesetLoader        - Created buffer with size 3840.0x720.0
16:18:07.393 [JavaFX Application Thread] DEBUG TMXLevelLoader       - Creating object layer entities
16:18:07.597 [JavaFX Application Thread] DEBUG GameWorld            - Clearing removable entities
16:18:07.605 [JavaFX Application Thread] DEBUG GameWorld            - Setting level: com.almasb.fxgl.entity.level.Level@5ec3c028
16:18:07.648 [JavaFX Application Thread] DEBUG FXGLAssetLoaderServi - Loading from file system: file:/C:/Users/Owner/Desktop/Sonic-rush/target/classes/assets/textures/Enemigos/eggman2.png
16:18:07.750 [ClientAsyncConnThread    ] DEBUG TCPClient            - Connecting to localhost:55555 type: class com.almasb.fxgl.core.serialization.Bundle
16:18:07.755 [ClientAsyncConnThread    ] DEBUG TCPClient            - Created socket to localhost:55555
16:18:07.770 [ClientAsyncConnThread    ] DEBUG Endpoint             - TCPClient opening new connection (1) from localhost/127.0.0.1:55555 type: class com.almasb.fxgl.core.serialization.Bundle
16:18:07.774 [ClientAsyncConnThread    ] DEBUG Endpoint             - TCPClient successfully opened connection (1)
16:18:08.475 [TCPClient_SendThread-1   ] DEBUG Writers              - Getting TCPMessageWriter for class com.almasb.fxgl.core.serialization.Bundle
16:18:08.477 [TCPClient_SendThread-1   ] DEBUG Writers              - Constructed TCPMessageWriter for class com.almasb.fxgl.core.serialization.Bundle: BundleTCPMessageWriter
16:18:08.558 [TCPClient_RecvThread-1   ] DEBUG Readers              - Getting TCPMessageReader for class com.almasb.fxgl.core.serialization.Bundle
16:18:08.641 [TCPClient_RecvThread-1   ] DEBUG Readers              - Constructed MessageReader for class com.almasb.fxgl.core.serialization.Bundle: BundleTCPMessageReader
16:18:09.362 [JavaFX Application Thread] DEBUG FXGLAssetLoaderServi - Loading from file system: file:/C:/Users/Owner/Desktop/Sonic-rush/target/classes/assets/textures/Items/ring.png
16:18:09.610 [JavaFX Application Thread] DEBUG FXGLAssetLoaderServi - Loading from file system: file:/C:/Users/Owner/Desktop/Sonic-rush/target/classes/assets/textures/Items/caucho.png
16:18:09.635 [JavaFX Application Thread] DEBUG FXGLAssetLoaderServi - Loading from file system: file:/C:/Users/Owner/Desktop/Sonic-rush/target/classes/assets/textures/Items/papel.png
16:18:09.641 [JavaFX Application Thread] DEBUG FXGLAssetLoaderServi - Loading from file system: file:/C:/Users/Owner/Desktop/Sonic-rush/target/classes/assets/textures/Items/basura.png
16:18:09.666 [JavaFX Application Thread] DEBUG FXGLAssetLoaderServi - Loading from file system: file:/C:/Users/Owner/Desktop/Sonic-rush/target/classes/assets/textures/Enemigos/enemigo2.png
16:18:09.705 [JavaFX Application Thread] DEBUG FXGLAssetLoaderServi - Loading from file system: file:/C:/Users/Owner/Desktop/Sonic-rush/target/classes/assets/textures/Personajes/sonic.png
16:18:09.710 [JavaFX Application Thread] DEBUG FXGLAssetLoaderServi - Loading from file system: file:/C:/Users/Owner/Desktop/Sonic-rush/target/classes/assets/textures/Personajes/sonic_camina.png
16:18:09.713 [JavaFX Application Thread] DEBUG FXGLAssetLoaderServi - Loading from file system: file:/C:/Users/Owner/Desktop/Sonic-rush/target/classes/assets/textures/Personajes/super_sonic.png
16:18:11.759 [JavaFX Application Thread] DEBUG FXGLAssetLoaderServi - Loading from file system: file:/C:/Users/Owner/Desktop/Sonic-rush/target/classes/assets/sounds/recoger.wav
16:18:12.799 [JavaFX Application Thread] DEBUG FXGLAssetLoaderServi - Loading from file system: file:/C:/Users/Owner/Desktop/Sonic-rush/target/classes/assets/sounds/salto.wav
16:18:14.565 [JavaFX Application Thread] DEBUG FXGLAssetLoaderServi - Loading from file system: file:/C:/Users/Owner/Desktop/Sonic-rush/target/classes/assets/sounds/perder_anillos.wav
16:18:31.192 [JavaFX Application Thread] DEBUG FXGLAssetLoaderServi - Loading from file system: file:/C:/Users/Owner/Desktop/Sonic-rush/target/classes/assets/sounds/muerte.wav
16:18:56.129 [JavaFX Application Thread] DEBUG FXGLApplication      - Exiting FXGL
16:18:56.130 [JavaFX Application Thread] DEBUG LoopRunner           - Stopping loop
16:18:56.130 [JavaFX Application Thread] DEBUG SystemBundleService  - Saving FXGL system data
16:18:56.138 [JavaFX Application Thread] DEBUG FileSystemAccess     - Writing to: C:\Users\Owner\Desktop\Sonic-rush\system\fxgl.bundle
16:18:56.141 [JavaFX Application Thread] DEBUG Async                - Shutting down background threads
16:18:56.141 [JavaFX Application Thread] DEBUG PrimaryStageWindow   - Closing main window
16:18:56.187 [JavaFX Application Thread] DEBUG Logger               - Closing Logger
