14:21:08.399 [main                     ] DEBUG Logger               - Configured Logger
14:21:08.447 [main                     ] DEBUG GameApplication      - Logging settings
Title: Server
Version: 0.0
Width: 800
Height: 500
Fullscreen: false
Intro: false
Profiling: false
Single step:false
App Mode: DEVELOPER
Menu Key: ESCAPE
Stage Style: DECORATED
Scene Factory: class com.almasb.fxgl.app.scene.SceneFactory

14:21:09.190 [JavaFX Application Thread] DEBUG FXGLApplication      - Initializing FXGL
14:21:09.203 [JavaFX Application Thread] INFO  Engine               - FXGL-17.3 (30.03.2023 11.49) on WINDOWS (J:17.0.12 FX:20)
14:21:09.206 [JavaFX Application Thread] DEBUG Engine               - JRE Vendor Name: Oracle Corporation
14:21:09.207 [JavaFX Application Thread] DEBUG Engine               - Running on OS: Windows 10 version 10.0
14:21:09.208 [JavaFX Application Thread] DEBUG Engine               - Architecture: amd64
14:21:09.208 [JavaFX Application Thread] INFO  Engine               - Source code and latest versions at: https://github.com/AlmasB/FXGL
14:21:09.209 [JavaFX Application Thread] INFO  Engine               -       Ask questions and discuss at: https://github.com/AlmasB/FXGL/discussions
14:21:09.210 [JavaFX Application Thread] INFO  Engine               -              Join the FXGL chat at: https://gitter.im/AlmasB/FXGL
14:21:09.762 [JavaFX Application Thread] DEBUG PrimaryStageWindow   - Creating a JavaFX scene
14:21:09.964 [JavaFX Application Thread] DEBUG PrimaryStageWindow   - Target settings size: 800.0 x 500.0
14:21:09.965 [JavaFX Application Thread] DEBUG PrimaryStageWindow   - Scaled scene size:    800.0 x 500.0
14:21:09.966 [JavaFX Application Thread] DEBUG PrimaryStageWindow   - Scaled ratio: (1.0, 1.0)
14:21:09.969 [JavaFX Application Thread] DEBUG PrimaryStageWindow   - Set initial scene to FXGLStartupScene
14:21:09.982 [JavaFX Application Thread] DEBUG PrimaryStageWindow   - Opening main window
14:21:10.308 [JavaFX Application Thread] DEBUG PrimaryStageWindow   - Window border size: (14.4000244140625, 37.5999755859375)
14:21:10.308 [JavaFX Application Thread] DEBUG PrimaryStageWindow   - Scaled size: 800.0 x 500.0
14:21:10.309 [JavaFX Application Thread] DEBUG PrimaryStageWindow   - Scaled ratio: (1.0, 1.0)
14:21:10.309 [JavaFX Application Thread] DEBUG PrimaryStageWindow   - Scene size: 800.0 x 500.0
14:21:10.310 [JavaFX Application Thread] DEBUG PrimaryStageWindow   - Stage size: 814.4000244140625 x 537.5999755859375
14:21:10.419 [FXGL Background Thread 1 ] DEBUG Engine               - Initializing environment variables
14:21:10.516 [FXGL Background Thread 1 ] DEBUG FXGLAssetLoaderServi - User app class for loading assets: class Runner.ServerRunner
14:21:10.517 [FXGL Background Thread 1 ] DEBUG GameApplicationServi - Applying CSS: fxgl_dark.css
14:21:10.544 [FXGL Background Thread 1 ] DEBUG FXGLAssetLoaderServi - Loading from file system: jar:file:/C:/Users/Owner/.m2/repository/com/github/almasb/fxgl/17.3/fxgl-17.3.jar!/fxglassets/ui/css/fxgl_dark.css
14:21:10.686 [FXGL Background Thread 1 ] DEBUG GameApplicationServi - Initializing application scenes
14:21:10.908 [FXGL Background Thread 1 ] DEBUG GameWorld            - Game world initialized
14:21:11.227 [FXGL Background Thread 1 ] DEBUG PhysicsWorld         - Physics world initialized: appHeight=500, physics.ppm=50.0
14:21:11.230 [FXGL Background Thread 1 ] DEBUG PhysicsWorld         - Using strategy: BRUTE_FORCE
14:21:11.270 [FXGL Background Thread 1 ] DEBUG GameScene            - Game scene initialized: 800x500
14:21:11.363 [FXGL Background Thread 1 ] WARN  FXGL.DefaultMenu     - FXGLDefaultMenu is not designed for resolutions < 800x600
14:21:11.444 [FXGL Background Thread 1 ] DEBUG FXGL.DefaultMenu     - createMenuBodyGameMenu()
14:21:11.482 [FXGL Background Thread 1 ] DEBUG FXGL.DefaultMenu     - createOptionsMenu()
14:21:11.545 [FXGL Background Thread 1 ] DEBUG FXGLAssetLoaderServi - Loading from file system: jar:file:/C:/Users/Owner/.m2/repository/com/github/almasb/fxgl/17.3/fxgl-17.3.jar!/fxglassets/textures/particles/smoke.png
14:21:11.864 [FXGL Background Thread 1 ] DEBUG FXGLAssetLoaderServi - Loading from file system: jar:file:/C:/Users/Owner/.m2/repository/com/github/almasb/fxgl/17.3/fxgl-17.3.jar!/fxglassets/textures/particles/trace_horizontal.png
14:21:11.986 [FXGL Background Thread 1 ] DEBUG GameApplicationServi - Application scenes initialized
14:21:12.064 [FXGL Background Thread 1 ] DEBUG SystemBundleService  - Loading FXGL system data
14:21:12.075 [FXGL Background Thread 1 ] DEBUG FileSystemAccess     - Reading from: C:\Users\Owner\Desktop\Sonic-rush\system\fxgl.bundle
14:21:12.099 [FXGL Background Thread 1 ] DEBUG SystemBundleService  - Bundle FXGL: {}
14:21:12.100 [FXGL Background Thread 1 ] DEBUG UpdaterService       - Checking for updates
14:21:12.161 [FXGL Background Thread 1 ] DEBUG FXGLApplication      - Loading default localization
14:21:12.173 [FXGL Background Thread 1 ] DEBUG FXGLAssetLoaderServi - Loading from file system: jar:file:/C:/Users/Owner/.m2/repository/com/github/almasb/fxgl/17.3/fxgl-17.3.jar!/fxglassets/languages/english.lang
14:21:12.217 [FXGL Background Thread 4 ] DEBUG FXGLApplication      - Loading fonts
14:21:12.219 [FXGL Background Thread 4 ] DEBUG FXGLAssetLoaderServi - Loading from file system: jar:file:/C:/Users/Owner/.m2/repository/com/github/almasb/fxgl/17.3/fxgl-17.3.jar!/fxglassets/ui/fonts/VarelaRound-Regular.ttf
14:21:12.332 [FXGL Background Thread 1 ] INFO  FXGLApplication      - FXGL initialization took: 1.868 sec
14:21:12.695 [JavaFX Application Thread] DEBUG FXGLAssetLoaderServi - Loading from file system: jar:file:/C:/Users/Owner/.m2/repository/com/github/almasb/fxgl/17.3/fxgl-17.3.jar!/fxglassets/textures/fxgl_icon.png
14:21:12.871 [JavaFX Application Thread] DEBUG FXGLAssetLoaderServi - Loading from file system: jar:file:/C:/Users/Owner/.m2/repository/com/github/almasb/fxgl/17.3/fxgl-17.3.jar!/fxglassets/textures/fxgl_default_cursor.png
14:21:12.955 [JavaFX Application Thread] DEBUG Input                - Registered new binding: Screenshot - CTRL+8
14:21:12.959 [JavaFX Application Thread] DEBUG Input                - Registered new binding: System info dump - CTRL+9
14:21:12.964 [JavaFX Application Thread] DEBUG Input                - Registered new binding: Restart - CTRL+R
14:21:12.966 [JavaFX Application Thread] DEBUG Input                - Registered new binding: Toggle Debug Camera - CTRL+7
14:21:12.991 [JavaFX Application Thread] DEBUG LoopRunner           - Starting loop
14:21:12.991 [JavaFX Application Thread] DEBUG LoopRunner           - Initializing JavaFX AnimationTimerLoop
14:21:12.994 [JavaFX Application Thread] DEBUG GameApplicationServi - Starting new game
14:21:12.995 [JavaFX Application Thread] DEBUG Input                - Clearing active input actions
14:21:13.049 [JavaFX Application Thread] DEBUG GameApplicationServi - Removing overlay from FXGLStartupScene and adding to FXGLLoadingScene
14:21:13.050 [JavaFX Application Thread] DEBUG PrimaryStageWindow   - FXGLStartupScene -> FXGLLoadingScene
14:21:13.051 [JavaFX Application Thread] DEBUG GameApplicationServi - Clearing previous game
14:21:13.052 [JavaFX Application Thread] DEBUG GameScene            - Clearing game scene
14:21:13.052 [JavaFX Application Thread] DEBUG GameWorld            - Clearing game world
14:21:13.052 [JavaFX Application Thread] DEBUG PhysicsWorld         - Clearing physics world
14:21:13.058 [FXGL Background Thread 1 ] DEBUG FXGLApplication      - Initializing game
14:21:14.163 [ServerAsyncConnThread    ] DEBUG TCPServer            - Starting to listen at: 55555 type: class com.almasb.fxgl.core.serialization.Bundle
14:21:14.285 [ServerAsyncConnThread    ] WARN  IOTask               - ServerStart failed
java.lang.RuntimeException: Failed to start: Address already in use: bind
	at com.almasb.fxgl.net.tcp.TCPServer.start(TCPServer.java:58)
	at com.almasb.fxgl.core.concurrent.IOTask.lambda$ofVoid$5(IOTask.java:184)
	at com.almasb.fxgl.core.concurrent.IOTask$2.onExecute(IOTask.java:197)
	at com.almasb.fxgl.core.concurrent.IOTask.run(IOTask.java:118)
	at java.base/java.lang.Thread.run(Thread.java:842)
Caused by: java.net.BindException: Address already in use: bind
	at java.base/sun.nio.ch.Net.bind0(Native Method)
	at java.base/sun.nio.ch.Net.bind(Net.java:555)
	at java.base/sun.nio.ch.Net.bind(Net.java:544)
	at java.base/sun.nio.ch.NioSocketImpl.bind(NioSocketImpl.java:648)
	at java.base/java.net.ServerSocket.bind(ServerSocket.java:388)
	at java.base/java.net.ServerSocket.<init>(ServerSocket.java:274)
	at java.base/java.net.ServerSocket.<init>(ServerSocket.java:167)
	at com.almasb.fxgl.net.tcp.TCPServer.start(TCPServer.java:40)
	... 4 more

14:21:14.314 [FXGL Background Thread 1 ] DEBUG TMXLevelLoader       - Parsed TiledMap: file:/C:/Users/Owner/Desktop/Sonic-rush/target/classes/assets/levels/mapazo.tmx
14:21:14.316 [FXGL Background Thread 1 ] DEBUG TMXLevelLoader       - Creating tile layer entities
14:21:14.320 [FXGL Background Thread 1 ] DEBUG TilesetLoader        - Loading view for layer Capa de patrones 1
14:21:14.331 [FXGL Background Thread 1 ] DEBUG TilesetLoader        - Created buffer with size 3840.0x720.0
14:21:14.411 [FXGL Background Thread 1 ] DEBUG TMXLevelLoader       - Creating object layer entities
14:21:14.498 [FXGL Background Thread 1 ] DEBUG GameWorld            - Clearing removable entities
14:21:14.499 [FXGL Background Thread 1 ] DEBUG GameWorld            - Setting level: com.almasb.fxgl.entity.level.Level@63affe38
14:21:15.045 [FXGL Background Thread 1 ] DEBUG FXGLAssetLoaderServi - Loading from file system: file:/C:/Users/Owner/Desktop/Sonic-rush/target/classes/assets/textures/Items/ring.png
14:21:15.055 [FXGL Background Thread 4 ] DEBUG FXGLAssetLoaderServi - Loading from file system: jar:file:/C:/Users/Owner/.m2/repository/com/github/almasb/fxgl/17.3/fxgl-17.3.jar!/fxglassets/ui/fonts/Abel-Regular.ttf
14:21:15.065 [FXGL Background Thread 4 ] DEBUG FXGLAssetLoaderServi - Loading from file system: jar:file:/C:/Users/Owner/.m2/repository/com/github/almasb/fxgl/17.3/fxgl-17.3.jar!/fxglassets/ui/fonts/TerminalLandMono-Regular.otf
14:21:15.073 [FXGL Background Thread 4 ] DEBUG FXGLAssetLoaderServi - Loading from file system: jar:file:/C:/Users/Owner/.m2/repository/com/github/almasb/fxgl/17.3/fxgl-17.3.jar!/fxglassets/ui/fonts/Courier-Prime.ttf
14:21:15.094 [JavaFX Application Thread] DEBUG FXGLApplication      - Registering font factories with UI factory
14:21:15.127 [FXGL Background Thread 3 ] DEBUG Engine               - Logging environment variables
14:21:15.142 [FXGL Background Thread 3 ] DEBUG Engine               - achievements: []
14:21:15.143 [FXGL Background Thread 3 ] DEBUG Engine               - actualHeight: 500.0
14:21:15.144 [FXGL Background Thread 3 ] DEBUG Engine               - actualHeightProperty: ReadOnlyDoubleProperty [value: 500.0]
14:21:15.145 [FXGL Background Thread 3 ] DEBUG Engine               - actualWidth: 800.0
14:21:15.148 [FXGL Background Thread 3 ] DEBUG Engine               - actualWidthProperty: ReadOnlyDoubleProperty [value: 800.0]
14:21:15.148 [FXGL Background Thread 3 ] DEBUG Engine               - appIcon: fxgl_icon.png
14:21:15.148 [FXGL Background Thread 3 ] DEBUG Engine               - applicationMode: DEVELOPER
14:21:15.148 [FXGL Background Thread 3 ] DEBUG Engine               - cSSList: [fxgl_dark.css]
14:21:15.149 [FXGL Background Thread 3 ] DEBUG Engine               - collisionDetectionStrategy: BRUTE_FORCE
14:21:15.149 [FXGL Background Thread 3 ] DEBUG Engine               - configClass: Optional.empty
14:21:15.149 [FXGL Background Thread 3 ] DEBUG Engine               - credits: []
14:21:15.149 [FXGL Background Thread 3 ] DEBUG Engine               - defaultCursor: CursorInfo(imageName=fxgl_default_cursor.png, hotspotX=7.0, hotspotY=6.0)
14:21:15.150 [FXGL Background Thread 3 ] DEBUG Engine               - devBBoxColorProperty: ObjectProperty [value: 0xff0000ff]
14:21:15.150 [FXGL Background Thread 3 ] DEBUG Engine               - devEnableDebugCameraProperty: BooleanProperty [value: false]
14:21:15.150 [FXGL Background Thread 3 ] DEBUG Engine               - devSensorColorProperty: ObjectProperty [value: 0xffff00ff]
14:21:15.150 [FXGL Background Thread 3 ] DEBUG Engine               - devShowBBoxProperty: BooleanProperty [value: false]
14:21:15.150 [FXGL Background Thread 3 ] DEBUG Engine               - devShowPositionProperty: BooleanProperty [value: false]
14:21:15.152 [FXGL Background Thread 3 ] DEBUG Engine               - enabledMenuItems: []
14:21:15.152 [FXGL Background Thread 3 ] DEBUG Engine               - engineServices: [class com.almasb.fxgl.app.services.FXGLAssetLoaderService, class com.almasb.fxgl.app.FXGLApplication$GameApplicationService, class com.almasb.fxgl.app.services.FXGLDialogService, class com.almasb.fxgl.app.services.IOTaskExecutorService, class com.almasb.fxgl.io.FileSystemService, class com.almasb.fxgl.localization.LocalizationService, class com.almasb.fxgl.app.services.SystemBundleService, class com.almasb.fxgl.profile.SaveLoadService, class com.almasb.fxgl.ui.FXGLUIFactoryServiceProvider, class com.almasb.fxgl.ui.FXGLDialogFactoryServiceProvider, class com.almasb.fxgl.audio.AudioPlayer, class com.almasb.fxgl.notification.impl.NotificationServiceProvider, class com.almasb.fxgl.achievement.AchievementService, class com.almasb.fxgl.cutscene.CutsceneService, class com.almasb.fxgl.minigames.MiniGameService, class com.almasb.fxgl.net.NetService, class com.almasb.fxgl.app.services.UpdaterService, class com.almasb.fxgl.dev.DevService, class com.almasb.fxgl.multiplayer.MultiplayerService]
14:21:15.152 [FXGL Background Thread 3 ] DEBUG Engine               - fontGame: Abel-Regular.ttf
14:21:15.152 [FXGL Background Thread 3 ] DEBUG Engine               - fontMono: TerminalLandMono-Regular.otf
14:21:15.152 [FXGL Background Thread 3 ] DEBUG Engine               - fontSizeScaleUI: 1.0
14:21:15.152 [FXGL Background Thread 3 ] DEBUG Engine               - fontText: Courier-Prime.ttf
14:21:15.152 [FXGL Background Thread 3 ] DEBUG Engine               - fontUI: VarelaRound-Regular.ttf
14:21:15.153 [FXGL Background Thread 3 ] DEBUG Engine               - fullScreen: BooleanProperty [value: false]
14:21:15.153 [FXGL Background Thread 3 ] DEBUG Engine               - gameDifficulty: MEDIUM
14:21:15.153 [FXGL Background Thread 3 ] DEBUG Engine               - gameDifficultyProperty: ObjectProperty [value: MEDIUM]
14:21:15.153 [FXGL Background Thread 3 ] DEBUG Engine               - globalMusicVolume: 0.5
14:21:15.153 [FXGL Background Thread 3 ] DEBUG Engine               - globalMusicVolumeProperty: DoubleProperty [value: 0.5]
14:21:15.153 [FXGL Background Thread 3 ] DEBUG Engine               - globalSoundVolume: 0.5
14:21:15.153 [FXGL Background Thread 3 ] DEBUG Engine               - globalSoundVolumeProperty: DoubleProperty [value: 0.5]
14:21:15.154 [FXGL Background Thread 3 ] DEBUG Engine               - height: 500
14:21:15.154 [FXGL Background Thread 3 ] DEBUG Engine               - is3D: false
14:21:15.154 [FXGL Background Thread 3 ] DEBUG Engine               - isAndroid: false
14:21:15.154 [FXGL Background Thread 3 ] DEBUG Engine               - isBrowser: false
14:21:15.154 [FXGL Background Thread 3 ] DEBUG Engine               - isClickFeedbackEnabled: false
14:21:15.154 [FXGL Background Thread 3 ] DEBUG Engine               - isCloseConfirmation: false
14:21:15.154 [FXGL Background Thread 3 ] DEBUG Engine               - isDesktop: true
14:21:15.155 [FXGL Background Thread 3 ] DEBUG Engine               - isDeveloperMenuEnabled: false
14:21:15.155 [FXGL Background Thread 3 ] DEBUG Engine               - isEmbedded: false
14:21:15.156 [FXGL Background Thread 3 ] DEBUG Engine               - isEntityPreloadEnabled: true
14:21:15.158 [FXGL Background Thread 3 ] DEBUG Engine               - isExperimentalTiledLargeMap: false
14:21:15.159 [FXGL Background Thread 3 ] DEBUG Engine               - isFileSystemWriteAllowed: true
14:21:15.159 [FXGL Background Thread 3 ] DEBUG Engine               - isFullScreenAllowed: false
14:21:15.159 [FXGL Background Thread 3 ] DEBUG Engine               - isFullScreenFromStart: false
14:21:15.159 [FXGL Background Thread 3 ] DEBUG Engine               - isGameMenuEnabled: true
14:21:15.159 [FXGL Background Thread 3 ] DEBUG Engine               - isIOS: false
14:21:15.159 [FXGL Background Thread 3 ] DEBUG Engine               - isIntroEnabled: false
14:21:15.159 [FXGL Background Thread 3 ] DEBUG Engine               - isLinux: false
14:21:15.160 [FXGL Background Thread 3 ] DEBUG Engine               - isMac: false
14:21:15.160 [FXGL Background Thread 3 ] DEBUG Engine               - isMainMenuEnabled: false
14:21:15.160 [FXGL Background Thread 3 ] DEBUG Engine               - isManualResizeEnabled: false
14:21:15.160 [FXGL Background Thread 3 ] DEBUG Engine               - isMobile: false
14:21:15.160 [FXGL Background Thread 3 ] DEBUG Engine               - isNative: false
14:21:15.160 [FXGL Background Thread 3 ] DEBUG Engine               - isPauseMusicWhenMinimized: true
14:21:15.160 [FXGL Background Thread 3 ] DEBUG Engine               - isPreserveResizeRatio: false
14:21:15.160 [FXGL Background Thread 3 ] DEBUG Engine               - isProfilingEnabled: false
14:21:15.160 [FXGL Background Thread 3 ] DEBUG Engine               - isScaleAffectedOnResize: true
14:21:15.161 [FXGL Background Thread 3 ] DEBUG Engine               - isSingleStep: false
14:21:15.161 [FXGL Background Thread 3 ] DEBUG Engine               - isUserProfileEnabled: false
14:21:15.161 [FXGL Background Thread 3 ] DEBUG Engine               - isWindows: true
14:21:15.161 [FXGL Background Thread 3 ] DEBUG Engine               - language: ObjectProperty [value: ENGLISH]
14:21:15.161 [FXGL Background Thread 3 ] DEBUG Engine               - menuKey: ESCAPE
14:21:15.161 [FXGL Background Thread 3 ] DEBUG Engine               - mouseSensitivity: 0.2
14:21:15.161 [FXGL Background Thread 3 ] DEBUG Engine               - notificationViewClass: class com.almasb.fxgl.notification.view.XboxNotificationView
14:21:15.161 [FXGL Background Thread 3 ] DEBUG Engine               - pixelsPerMeter: 50.0
14:21:15.162 [FXGL Background Thread 3 ] DEBUG Engine               - platform: WINDOWS
14:21:15.162 [FXGL Background Thread 3 ] DEBUG Engine               - prefHeightProperty: ReadOnlyDoubleProperty [value: 500.0]
14:21:15.162 [FXGL Background Thread 3 ] DEBUG Engine               - prefWidthProperty: ReadOnlyDoubleProperty [value: 800.0]
14:21:15.162 [FXGL Background Thread 3 ] DEBUG Engine               - profileDir: profiles/
14:21:15.162 [FXGL Background Thread 3 ] DEBUG Engine               - profileName: StringProperty [value: DEFAULT]
14:21:15.162 [FXGL Background Thread 3 ] DEBUG Engine               - randomSeed: -1
14:21:15.163 [FXGL Background Thread 3 ] DEBUG Engine               - runtimeInfo: RuntimeInfo(platform=WINDOWS, version=17.3, build=30.03.2023 11.49)
14:21:15.163 [FXGL Background Thread 3 ] DEBUG Engine               - saveFileExt: sav
14:21:15.164 [FXGL Background Thread 3 ] DEBUG Engine               - scaledHeightProp$fxgl: DoubleProperty [bound, value: 500.0]
14:21:15.164 [FXGL Background Thread 3 ] DEBUG Engine               - scaledWidthProp$fxgl: DoubleProperty [bound, value: 800.0]
14:21:15.164 [FXGL Background Thread 3 ] DEBUG Engine               - sceneFactory: com.almasb.fxgl.app.scene.SceneFactory@603c34e4
14:21:15.164 [FXGL Background Thread 3 ] DEBUG Engine               - secondsIn24h: 60
14:21:15.165 [FXGL Background Thread 3 ] DEBUG Engine               - soundMenuBack: menu/back.wav
14:21:15.165 [FXGL Background Thread 3 ] DEBUG Engine               - soundMenuPress: menu/press.wav
14:21:15.165 [FXGL Background Thread 3 ] DEBUG Engine               - soundMenuSelect: menu/select.wav
14:21:15.165 [FXGL Background Thread 3 ] DEBUG Engine               - soundNotification: core/notification.wav
14:21:15.165 [FXGL Background Thread 3 ] DEBUG Engine               - stageStyle: DECORATED
14:21:15.165 [FXGL Background Thread 3 ] DEBUG Engine               - supportedLanguages: [ENGLISH, FRENCH, GERMAN, HUNGARIAN, RUSSIAN]
14:21:15.165 [FXGL Background Thread 3 ] DEBUG Engine               - ticksPerSecond: -1
14:21:15.165 [FXGL Background Thread 3 ] DEBUG Engine               - title: Server
14:21:15.165 [FXGL Background Thread 3 ] DEBUG Engine               - urlGithub: https://github.com/AlmasB/FXGL
14:21:15.166 [FXGL Background Thread 3 ] DEBUG Engine               - urlLeaderboard: http://fxgl-top.herokuapp.com/
14:21:15.166 [FXGL Background Thread 3 ] DEBUG Engine               - urlPOM: https://raw.githubusercontent.com/AlmasB/FXGL/release/README.md
14:21:15.166 [FXGL Background Thread 3 ] DEBUG Engine               - userAppClass: class Runner.ServerRunner
14:21:15.166 [FXGL Background Thread 3 ] DEBUG Engine               - version: 0.0
14:21:15.166 [FXGL Background Thread 3 ] DEBUG Engine               - versionCheckDays: 7
14:21:15.166 [FXGL Background Thread 3 ] DEBUG Engine               - width: 800
14:21:15.166 [FXGL Background Thread 3 ] DEBUG Engine               - Logging services
14:21:15.167 [FXGL Background Thread 3 ] DEBUG Engine               - class com.almasb.fxgl.app.services.FXGLAssetLoaderService
14:21:15.167 [FXGL Background Thread 3 ] DEBUG Engine               - class com.almasb.fxgl.app.FXGLApplication$GameApplicationService
14:21:15.167 [FXGL Background Thread 3 ] DEBUG Engine               - class com.almasb.fxgl.app.services.FXGLDialogService
14:21:15.167 [FXGL Background Thread 3 ] DEBUG Engine               - class com.almasb.fxgl.app.services.IOTaskExecutorService
14:21:15.168 [FXGL Background Thread 3 ] DEBUG Engine               - class com.almasb.fxgl.io.FileSystemService
14:21:15.168 [FXGL Background Thread 3 ] DEBUG Engine               - class com.almasb.fxgl.localization.LocalizationService
14:21:15.168 [FXGL Background Thread 3 ] DEBUG Engine               - class com.almasb.fxgl.app.services.SystemBundleService
14:21:15.168 [FXGL Background Thread 3 ] DEBUG Engine               - class com.almasb.fxgl.profile.SaveLoadService
14:21:15.168 [FXGL Background Thread 3 ] DEBUG Engine               - class com.almasb.fxgl.ui.FXGLUIFactoryServiceProvider
14:21:15.168 [FXGL Background Thread 3 ] DEBUG Engine               - class com.almasb.fxgl.ui.FXGLDialogFactoryServiceProvider
14:21:15.168 [FXGL Background Thread 3 ] DEBUG Engine               - class com.almasb.fxgl.audio.AudioPlayer
14:21:15.168 [FXGL Background Thread 3 ] DEBUG Engine               - class com.almasb.fxgl.notification.impl.NotificationServiceProvider
14:21:15.168 [FXGL Background Thread 3 ] DEBUG Engine               - class com.almasb.fxgl.achievement.AchievementService
14:21:15.168 [FXGL Background Thread 3 ] DEBUG Engine               - class com.almasb.fxgl.cutscene.CutsceneService
14:21:15.169 [FXGL Background Thread 3 ] DEBUG Engine               - class com.almasb.fxgl.minigames.MiniGameService
14:21:15.169 [FXGL Background Thread 3 ] DEBUG Engine               - class com.almasb.fxgl.net.NetService
14:21:15.169 [FXGL Background Thread 3 ] DEBUG Engine               - class com.almasb.fxgl.app.services.UpdaterService
14:21:15.169 [FXGL Background Thread 3 ] DEBUG Engine               - class com.almasb.fxgl.dev.DevService
14:21:15.169 [FXGL Background Thread 3 ] DEBUG Engine               - class com.almasb.fxgl.multiplayer.MultiplayerService
14:21:15.203 [FXGL Background Thread 1 ] DEBUG FXGLAssetLoaderServi - Loading from file system: file:/C:/Users/Owner/Desktop/Sonic-rush/target/classes/assets/textures/Enemigos/enemigo.png
14:21:15.387 [FXGL Background Thread 1 ] DEBUG FXGLAssetLoaderServi - Loading from file system: file:/C:/Users/Owner/Desktop/Sonic-rush/target/classes/assets/textures/Items/caucho.png
14:21:15.397 [FXGL Background Thread 1 ] DEBUG FXGLAssetLoaderServi - Loading from file system: file:/C:/Users/Owner/Desktop/Sonic-rush/target/classes/assets/textures/Items/basura.png
14:21:15.404 [FXGL Background Thread 1 ] DEBUG FXGLAssetLoaderServi - Loading from file system: file:/C:/Users/Owner/Desktop/Sonic-rush/target/classes/assets/textures/Items/papel.png
14:21:15.429 [FXGL Background Thread 1 ] INFO  FXGLApplication      - Game initialization took: 2.371 sec
14:21:15.648 [JavaFX Application Thread] DEBUG Input                - Clearing active input actions
14:21:15.669 [JavaFX Application Thread] DEBUG GameApplicationServi - Removing overlay from FXGLLoadingScene and adding to GameScene
14:21:15.669 [JavaFX Application Thread] DEBUG PrimaryStageWindow   - FXGLLoadingScene -> GameScene
14:21:16.697 [FXGL Background Thread 2 ] INFO  UpdaterService       - Your current version:  17.3
14:21:17.367 [FXGL Background Thread 2 ] INFO  UpdaterService       - Latest stable version: 21.1
14:22:06.457 [JavaFX Application Thread] DEBUG LoopRunner           - Pausing loop
14:22:57.934 [JavaFX Application Thread] DEBUG LoopRunner           - Resuming loop
14:22:59.113 [JavaFX Application Thread] DEBUG FXGLApplication      - Exiting FXGL
14:22:59.114 [JavaFX Application Thread] DEBUG LoopRunner           - Stopping loop
14:22:59.116 [JavaFX Application Thread] DEBUG SystemBundleService  - Saving FXGL system data
14:22:59.132 [JavaFX Application Thread] DEBUG FileSystemAccess     - Writing to: C:\Users\Owner\Desktop\Sonic-rush\system\fxgl.bundle
14:22:59.145 [JavaFX Application Thread] DEBUG Async                - Shutting down background threads
14:22:59.148 [JavaFX Application Thread] DEBUG PrimaryStageWindow   - Closing main window
14:22:59.226 [JavaFX Application Thread] DEBUG Logger               - Closing Logger
