23:24:10.602 [main                     ] DEBUG Logger               - Configured Logger
23:24:10.649 [main                     ] DEBUG GameApplication      - Logging settings
Title: Jugador Sonic
Version: 0.0
Width: 1000
Height: 600
Fullscreen: false
Intro: false
Profiling: false
Single step:false
App Mode: DEVELOPER
Menu Key: ESCAPE
Stage Style: DECORATED
Scene Factory: class com.almasb.fxgl.app.scene.SceneFactory

23:24:11.166 [JavaFX Application Thread] DEBUG FXGLApplication      - Initializing FXGL
23:24:11.171 [JavaFX Application Thread] INFO  Engine               - FXGL-17.3 (30.03.2023 11.49) on WINDOWS (J:21.0.2 FX:20)
23:24:11.172 [JavaFX Application Thread] DEBUG Engine               - JRE Vendor Name: Oracle Corporation
23:24:11.173 [JavaFX Application Thread] DEBUG Engine               - Running on OS: Windows 10 version 10.0
23:24:11.173 [JavaFX Application Thread] DEBUG Engine               - Architecture: amd64
23:24:11.173 [JavaFX Application Thread] INFO  Engine               - Source code and latest versions at: https://github.com/AlmasB/FXGL
23:24:11.173 [JavaFX Application Thread] INFO  Engine               -       Ask questions and discuss at: https://github.com/AlmasB/FXGL/discussions
23:24:11.174 [JavaFX Application Thread] INFO  Engine               -              Join the FXGL chat at: https://gitter.im/AlmasB/FXGL
23:24:11.322 [JavaFX Application Thread] DEBUG PrimaryStageWindow   - Creating a JavaFX scene
23:24:11.404 [JavaFX Application Thread] DEBUG PrimaryStageWindow   - Target settings size: 1000.0 x 600.0
23:24:11.405 [JavaFX Application Thread] DEBUG PrimaryStageWindow   - Scaled scene size:    1000.0 x 600.0
23:24:11.405 [JavaFX Application Thread] DEBUG PrimaryStageWindow   - Scaled ratio: (1.0, 1.0)
23:24:11.406 [JavaFX Application Thread] DEBUG PrimaryStageWindow   - Set initial scene to FXGLStartupScene
23:24:11.411 [JavaFX Application Thread] DEBUG PrimaryStageWindow   - Opening main window
23:24:11.574 [JavaFX Application Thread] DEBUG PrimaryStageWindow   - Window border size: (16.0, 39.0)
23:24:11.574 [JavaFX Application Thread] DEBUG PrimaryStageWindow   - Scaled size: 1000.0 x 600.0
23:24:11.575 [JavaFX Application Thread] DEBUG PrimaryStageWindow   - Scaled ratio: (1.0, 1.0)
23:24:11.575 [JavaFX Application Thread] DEBUG PrimaryStageWindow   - Scene size: 1000.0 x 600.0
23:24:11.575 [JavaFX Application Thread] DEBUG PrimaryStageWindow   - Stage size: 1016.0 x 639.0
23:24:11.637 [FXGL Background Thread 1 ] DEBUG Engine               - Initializing environment variables
23:24:11.698 [FXGL Background Thread 1 ] DEBUG FXGLAssetLoaderServi - User app class for loading assets: class Runner.ClientRunner
23:24:11.699 [FXGL Background Thread 1 ] DEBUG GameApplicationServi - Applying CSS: fxgl_dark.css
23:24:11.700 [FXGL Background Thread 1 ] DEBUG FXGLAssetLoaderServi - Loading from file system: jar:file:/C:/Users/User/.m2/repository/com/github/almasb/fxgl/17.3/fxgl-17.3.jar!/fxglassets/ui/css/fxgl_dark.css
23:24:11.771 [FXGL Background Thread 1 ] DEBUG GameApplicationServi - Initializing application scenes
23:24:11.873 [FXGL Background Thread 1 ] DEBUG GameWorld            - Game world initialized
23:24:11.953 [FXGL Background Thread 1 ] DEBUG PhysicsWorld         - Physics world initialized: appHeight=600, physics.ppm=50,0
23:24:11.953 [FXGL Background Thread 1 ] DEBUG PhysicsWorld         - Using strategy: BRUTE_FORCE
23:24:11.958 [FXGL Background Thread 1 ] DEBUG GameScene            - Game scene initialized: 1000x600
23:24:11.973 [FXGL Background Thread 1 ] DEBUG FXGL.DefaultMenu     - createMenuBodyGameMenu()
23:24:11.995 [FXGL Background Thread 1 ] DEBUG FXGL.DefaultMenu     - createOptionsMenu()
23:24:12.007 [FXGL Background Thread 1 ] DEBUG FXGLAssetLoaderServi - Loading from file system: jar:file:/C:/Users/User/.m2/repository/com/github/almasb/fxgl/17.3/fxgl-17.3.jar!/fxglassets/textures/particles/smoke.png
23:24:12.170 [FXGL Background Thread 1 ] DEBUG FXGLAssetLoaderServi - Loading from file system: jar:file:/C:/Users/User/.m2/repository/com/github/almasb/fxgl/17.3/fxgl-17.3.jar!/fxglassets/textures/particles/trace_horizontal.png
23:24:12.221 [FXGL Background Thread 1 ] DEBUG GameApplicationServi - Application scenes initialized
23:24:12.239 [FXGL Background Thread 1 ] DEBUG SystemBundleService  - Loading FXGL system data
23:24:12.246 [FXGL Background Thread 1 ] DEBUG FileSystemAccess     - Reading from: C:\Users\User\Documents\GitHub\Sonic-rush\system\fxgl.bundle
23:24:12.259 [FXGL Background Thread 1 ] DEBUG SystemBundleService  - Bundle FXGL: {}
23:24:12.259 [FXGL Background Thread 1 ] DEBUG UpdaterService       - Checking for updates
23:24:12.267 [FXGL Background Thread 1 ] DEBUG FXGLApplication      - Loading default localization
23:24:12.268 [FXGL Background Thread 1 ] DEBUG FXGLAssetLoaderServi - Loading from file system: jar:file:/C:/Users/User/.m2/repository/com/github/almasb/fxgl/17.3/fxgl-17.3.jar!/fxglassets/languages/english.lang
23:24:12.287 [FXGL Background Thread 1 ] INFO  FXGLApplication      - FXGL initialization took: 0,650 sec
23:24:12.299 [JavaFX Application Thread] DEBUG Input                - Registered new binding: Mover a la izquierda - A
23:24:12.300 [JavaFX Application Thread] DEBUG Input                - Registered new binding: Mover a la derecha - D
23:24:12.300 [JavaFX Application Thread] DEBUG Input                - Registered new binding: Saltar - W
23:24:12.300 [JavaFX Application Thread] DEBUG Input                - Registered new binding: Interactuar - E
23:24:12.300 [JavaFX Application Thread] DEBUG Input                - Registered new binding: Transformar - P
23:24:12.300 [JavaFX Application Thread] DEBUG Input                - Registered new binding: Desactivar filtro - L
23:24:12.301 [JavaFX Application Thread] DEBUG FXGLAssetLoaderServi - Loading from file system: jar:file:/C:/Users/User/.m2/repository/com/github/almasb/fxgl/17.3/fxgl-17.3.jar!/fxglassets/textures/fxgl_icon.png
23:24:12.328 [FXGL Background Thread 4 ] DEBUG FXGLApplication      - Loading fonts
23:24:12.328 [FXGL Background Thread 4 ] DEBUG FXGLAssetLoaderServi - Loading from file system: jar:file:/C:/Users/User/.m2/repository/com/github/almasb/fxgl/17.3/fxgl-17.3.jar!/fxglassets/ui/fonts/VarelaRound-Regular.ttf
23:24:12.345 [JavaFX Application Thread] DEBUG FXGLAssetLoaderServi - Loading from file system: jar:file:/C:/Users/User/.m2/repository/com/github/almasb/fxgl/17.3/fxgl-17.3.jar!/fxglassets/textures/fxgl_default_cursor.png
23:24:12.348 [JavaFX Application Thread] DEBUG Input                - Registered new binding: Screenshot - CTRL+8
23:24:12.348 [JavaFX Application Thread] DEBUG Input                - Registered new binding: System info dump - CTRL+9
23:24:12.349 [JavaFX Application Thread] DEBUG Input                - Registered new binding: Restart - CTRL+R
23:24:12.350 [JavaFX Application Thread] DEBUG Input                - Registered new binding: Toggle Debug Camera - CTRL+7
23:24:12.353 [JavaFX Application Thread] DEBUG LoopRunner           - Starting loop
23:24:12.353 [JavaFX Application Thread] DEBUG LoopRunner           - Initializing JavaFX AnimationTimerLoop
23:24:12.355 [JavaFX Application Thread] DEBUG GameApplicationServi - Starting new game
23:24:12.356 [JavaFX Application Thread] DEBUG Input                - Clearing active input actions
23:24:12.370 [FXGL Background Thread 4 ] DEBUG FXGLAssetLoaderServi - Loading from file system: jar:file:/C:/Users/User/.m2/repository/com/github/almasb/fxgl/17.3/fxgl-17.3.jar!/fxglassets/ui/fonts/Abel-Regular.ttf
23:24:12.376 [JavaFX Application Thread] DEBUG GameApplicationServi - Removing overlay from FXGLStartupScene and adding to FXGLLoadingScene
23:24:12.377 [FXGL Background Thread 4 ] DEBUG FXGLAssetLoaderServi - Loading from file system: jar:file:/C:/Users/User/.m2/repository/com/github/almasb/fxgl/17.3/fxgl-17.3.jar!/fxglassets/ui/fonts/TerminalLandMono-Regular.otf
23:24:12.377 [JavaFX Application Thread] DEBUG GameApplicationServi - Clearing previous game
23:24:12.377 [JavaFX Application Thread] DEBUG GameScene            - Clearing game scene
23:24:12.377 [JavaFX Application Thread] DEBUG GameWorld            - Clearing game world
23:24:12.377 [JavaFX Application Thread] DEBUG PhysicsWorld         - Clearing physics world
23:24:12.379 [FXGL Background Thread 1 ] DEBUG FXGLApplication      - Initializing game
23:24:12.382 [FXGL Background Thread 4 ] DEBUG FXGLAssetLoaderServi - Loading from file system: jar:file:/C:/Users/User/.m2/repository/com/github/almasb/fxgl/17.3/fxgl-17.3.jar!/fxglassets/ui/fonts/Courier-Prime.ttf
23:24:12.394 [FXGL Background Thread 1 ] DEBUG FXGLAssetLoaderServi - Loading from file system: file:/C:/Users/User/Documents/GitHub/Sonic-rush/target/classes/assets/music/OST2.mp3
23:24:12.425 [JavaFX Application Thread] DEBUG FXGLApplication      - Registering font factories with UI factory
23:24:13.125 [FXGL Background Thread 1 ] DEBUG AudioPlayer          - Playing music com.almasb.fxgl.audio.Music@46d288a
23:24:13.130 [FXGL Background Thread 1 ] INFO  FXGLApplication      - Game initialization took: 0,750 sec
23:24:13.196 [FXGL Background Thread 2 ] INFO  UpdaterService       - Your current version:  17.3
23:24:13.208 [FXGL Background Thread 2 ] INFO  UpdaterService       - Latest stable version: 21.1
23:24:14.627 [JavaFX Application Thread] DEBUG Input                - Clearing active input actions
23:24:14.635 [JavaFX Application Thread] DEBUG GameApplicationServi - Removing overlay from FXGLLoadingScene and adding to GameScene
23:24:14.635 [JavaFX Application Thread] DEBUG PrimaryStageWindow   - FXGLLoadingScene -> GameScene
23:24:15.265 [FXGL Background Thread 3 ] DEBUG Engine               - Logging environment variables
23:24:15.265 [FXGL Background Thread 3 ] DEBUG Engine               - achievements: []
23:24:15.266 [FXGL Background Thread 3 ] DEBUG Engine               - actualHeight: 600.0
23:24:15.266 [FXGL Background Thread 3 ] DEBUG Engine               - actualHeightProperty: ReadOnlyDoubleProperty [value: 600.0]
23:24:15.266 [FXGL Background Thread 3 ] DEBUG Engine               - actualWidth: 1000.0
23:24:15.266 [FXGL Background Thread 3 ] DEBUG Engine               - actualWidthProperty: ReadOnlyDoubleProperty [value: 1000.0]
23:24:15.266 [FXGL Background Thread 3 ] DEBUG Engine               - appIcon: fxgl_icon.png
23:24:15.266 [FXGL Background Thread 3 ] DEBUG Engine               - applicationMode: DEVELOPER
23:24:15.266 [FXGL Background Thread 3 ] DEBUG Engine               - cSSList: [fxgl_dark.css]
23:24:15.266 [FXGL Background Thread 3 ] DEBUG Engine               - collisionDetectionStrategy: BRUTE_FORCE
23:24:15.266 [FXGL Background Thread 3 ] DEBUG Engine               - configClass: Optional.empty
23:24:15.267 [FXGL Background Thread 3 ] DEBUG Engine               - credits: []
23:24:15.267 [FXGL Background Thread 3 ] DEBUG Engine               - defaultCursor: CursorInfo(imageName=fxgl_default_cursor.png, hotspotX=7.0, hotspotY=6.0)
23:24:15.267 [FXGL Background Thread 3 ] DEBUG Engine               - devBBoxColorProperty: ObjectProperty [value: 0xff0000ff]
23:24:15.267 [FXGL Background Thread 3 ] DEBUG Engine               - devEnableDebugCameraProperty: BooleanProperty [value: false]
23:24:15.267 [FXGL Background Thread 3 ] DEBUG Engine               - devSensorColorProperty: ObjectProperty [value: 0xffff00ff]
23:24:15.267 [FXGL Background Thread 3 ] DEBUG Engine               - devShowBBoxProperty: BooleanProperty [value: false]
23:24:15.267 [FXGL Background Thread 3 ] DEBUG Engine               - devShowPositionProperty: BooleanProperty [value: false]
23:24:15.267 [FXGL Background Thread 3 ] DEBUG Engine               - enabledMenuItems: []
23:24:15.268 [FXGL Background Thread 3 ] DEBUG Engine               - engineServices: [class com.almasb.fxgl.app.services.FXGLAssetLoaderService, class com.almasb.fxgl.app.FXGLApplication$GameApplicationService, class com.almasb.fxgl.app.services.FXGLDialogService, class com.almasb.fxgl.app.services.IOTaskExecutorService, class com.almasb.fxgl.io.FileSystemService, class com.almasb.fxgl.localization.LocalizationService, class com.almasb.fxgl.app.services.SystemBundleService, class com.almasb.fxgl.profile.SaveLoadService, class com.almasb.fxgl.ui.FXGLUIFactoryServiceProvider, class com.almasb.fxgl.ui.FXGLDialogFactoryServiceProvider, class com.almasb.fxgl.audio.AudioPlayer, class com.almasb.fxgl.notification.impl.NotificationServiceProvider, class com.almasb.fxgl.achievement.AchievementService, class com.almasb.fxgl.cutscene.CutsceneService, class com.almasb.fxgl.minigames.MiniGameService, class com.almasb.fxgl.net.NetService, class com.almasb.fxgl.app.services.UpdaterService, class com.almasb.fxgl.dev.DevService, class com.almasb.fxgl.multiplayer.MultiplayerService]
23:24:15.268 [FXGL Background Thread 3 ] DEBUG Engine               - fontGame: Abel-Regular.ttf
23:24:15.268 [FXGL Background Thread 3 ] DEBUG Engine               - fontMono: TerminalLandMono-Regular.otf
23:24:15.268 [FXGL Background Thread 3 ] DEBUG Engine               - fontSizeScaleUI: 1.0
23:24:15.268 [FXGL Background Thread 3 ] DEBUG Engine               - fontText: Courier-Prime.ttf
23:24:15.268 [FXGL Background Thread 3 ] DEBUG Engine               - fontUI: VarelaRound-Regular.ttf
23:24:15.268 [FXGL Background Thread 3 ] DEBUG Engine               - fullScreen: BooleanProperty [value: false]
23:24:15.268 [FXGL Background Thread 3 ] DEBUG Engine               - gameDifficulty: MEDIUM
23:24:15.268 [FXGL Background Thread 3 ] DEBUG Engine               - gameDifficultyProperty: ObjectProperty [value: MEDIUM]
23:24:15.268 [FXGL Background Thread 3 ] DEBUG Engine               - globalMusicVolume: 0.5
23:24:15.268 [FXGL Background Thread 3 ] DEBUG Engine               - globalMusicVolumeProperty: DoubleProperty [value: 0.5]
23:24:15.268 [FXGL Background Thread 3 ] DEBUG Engine               - globalSoundVolume: 0.5
23:24:15.268 [FXGL Background Thread 3 ] DEBUG Engine               - globalSoundVolumeProperty: DoubleProperty [value: 0.5]
23:24:15.268 [FXGL Background Thread 3 ] DEBUG Engine               - height: 600
23:24:15.268 [FXGL Background Thread 3 ] DEBUG Engine               - is3D: false
23:24:15.268 [FXGL Background Thread 3 ] DEBUG Engine               - isAndroid: false
23:24:15.268 [FXGL Background Thread 3 ] DEBUG Engine               - isBrowser: false
23:24:15.268 [FXGL Background Thread 3 ] DEBUG Engine               - isClickFeedbackEnabled: false
23:24:15.268 [FXGL Background Thread 3 ] DEBUG Engine               - isCloseConfirmation: false
23:24:15.268 [FXGL Background Thread 3 ] DEBUG Engine               - isDesktop: true
23:24:15.269 [FXGL Background Thread 3 ] DEBUG Engine               - isDeveloperMenuEnabled: false
23:24:15.269 [FXGL Background Thread 3 ] DEBUG Engine               - isEmbedded: false
23:24:15.269 [FXGL Background Thread 3 ] DEBUG Engine               - isEntityPreloadEnabled: true
23:24:15.269 [FXGL Background Thread 3 ] DEBUG Engine               - isExperimentalTiledLargeMap: false
23:24:15.269 [FXGL Background Thread 3 ] DEBUG Engine               - isFileSystemWriteAllowed: true
23:24:15.269 [FXGL Background Thread 3 ] DEBUG Engine               - isFullScreenAllowed: false
23:24:15.269 [FXGL Background Thread 3 ] DEBUG Engine               - isFullScreenFromStart: false
23:24:15.269 [FXGL Background Thread 3 ] DEBUG Engine               - isGameMenuEnabled: true
23:24:15.269 [FXGL Background Thread 3 ] DEBUG Engine               - isIOS: false
23:24:15.269 [FXGL Background Thread 3 ] DEBUG Engine               - isIntroEnabled: false
23:24:15.269 [FXGL Background Thread 3 ] DEBUG Engine               - isLinux: false
23:24:15.269 [FXGL Background Thread 3 ] DEBUG Engine               - isMac: false
23:24:15.269 [FXGL Background Thread 3 ] DEBUG Engine               - isMainMenuEnabled: false
23:24:15.269 [FXGL Background Thread 3 ] DEBUG Engine               - isManualResizeEnabled: false
23:24:15.269 [FXGL Background Thread 3 ] DEBUG Engine               - isMobile: false
23:24:15.269 [FXGL Background Thread 3 ] DEBUG Engine               - isNative: false
23:24:15.269 [FXGL Background Thread 3 ] DEBUG Engine               - isPauseMusicWhenMinimized: true
23:24:15.269 [FXGL Background Thread 3 ] DEBUG Engine               - isPreserveResizeRatio: false
23:24:15.269 [FXGL Background Thread 3 ] DEBUG Engine               - isProfilingEnabled: false
23:24:15.269 [FXGL Background Thread 3 ] DEBUG Engine               - isScaleAffectedOnResize: true
23:24:15.269 [FXGL Background Thread 3 ] DEBUG Engine               - isSingleStep: false
23:24:15.270 [FXGL Background Thread 3 ] DEBUG Engine               - isUserProfileEnabled: false
23:24:15.270 [FXGL Background Thread 3 ] DEBUG Engine               - isWindows: true
23:24:15.270 [FXGL Background Thread 3 ] DEBUG Engine               - language: ObjectProperty [value: ENGLISH]
23:24:15.270 [FXGL Background Thread 3 ] DEBUG Engine               - menuKey: ESCAPE
23:24:15.270 [FXGL Background Thread 3 ] DEBUG Engine               - mouseSensitivity: 0.2
23:24:15.270 [FXGL Background Thread 3 ] DEBUG Engine               - notificationViewClass: class com.almasb.fxgl.notification.view.XboxNotificationView
23:24:15.270 [FXGL Background Thread 3 ] DEBUG Engine               - pixelsPerMeter: 50.0
23:24:15.270 [FXGL Background Thread 3 ] DEBUG Engine               - platform: WINDOWS
23:24:15.270 [FXGL Background Thread 3 ] DEBUG Engine               - prefHeightProperty: ReadOnlyDoubleProperty [value: 600.0]
23:24:15.270 [FXGL Background Thread 3 ] DEBUG Engine               - prefWidthProperty: ReadOnlyDoubleProperty [value: 1000.0]
23:24:15.270 [FXGL Background Thread 3 ] DEBUG Engine               - profileDir: profiles/
23:24:15.270 [FXGL Background Thread 3 ] DEBUG Engine               - profileName: StringProperty [value: DEFAULT]
23:24:15.270 [FXGL Background Thread 3 ] DEBUG Engine               - randomSeed: -1
23:24:15.270 [FXGL Background Thread 3 ] DEBUG Engine               - runtimeInfo: RuntimeInfo(platform=WINDOWS, version=17.3, build=30.03.2023 11.49)
23:24:15.271 [FXGL Background Thread 3 ] DEBUG Engine               - saveFileExt: sav
23:24:15.271 [FXGL Background Thread 3 ] DEBUG Engine               - scaledHeightProp$fxgl: DoubleProperty [bound, value: 600.0]
23:24:15.271 [FXGL Background Thread 3 ] DEBUG Engine               - scaledWidthProp$fxgl: DoubleProperty [bound, value: 1000.0]
23:24:15.271 [FXGL Background Thread 3 ] DEBUG Engine               - sceneFactory: com.almasb.fxgl.app.scene.SceneFactory@732a3f91
23:24:15.271 [FXGL Background Thread 3 ] DEBUG Engine               - secondsIn24h: 60
23:24:15.271 [FXGL Background Thread 3 ] DEBUG Engine               - soundMenuBack: menu/back.wav
23:24:15.271 [FXGL Background Thread 3 ] DEBUG Engine               - soundMenuPress: menu/press.wav
23:24:15.271 [FXGL Background Thread 3 ] DEBUG Engine               - soundMenuSelect: menu/select.wav
23:24:15.272 [FXGL Background Thread 3 ] DEBUG Engine               - soundNotification: core/notification.wav
23:24:15.272 [FXGL Background Thread 3 ] DEBUG Engine               - stageStyle: DECORATED
23:24:15.272 [FXGL Background Thread 3 ] DEBUG Engine               - supportedLanguages: [ENGLISH, FRENCH, GERMAN, HUNGARIAN, RUSSIAN]
23:24:15.275 [FXGL Background Thread 3 ] DEBUG Engine               - ticksPerSecond: -1
23:24:15.275 [FXGL Background Thread 3 ] DEBUG Engine               - title: Jugador Sonic
23:24:15.275 [FXGL Background Thread 3 ] DEBUG Engine               - urlGithub: https://github.com/AlmasB/FXGL
23:24:15.275 [FXGL Background Thread 3 ] DEBUG Engine               - urlLeaderboard: http://fxgl-top.herokuapp.com/
23:24:15.275 [FXGL Background Thread 3 ] DEBUG Engine               - urlPOM: https://raw.githubusercontent.com/AlmasB/FXGL/release/README.md
23:24:15.275 [FXGL Background Thread 3 ] DEBUG Engine               - userAppClass: class Runner.ClientRunner
23:24:15.276 [FXGL Background Thread 3 ] DEBUG Engine               - version: 0.0
23:24:15.276 [FXGL Background Thread 3 ] DEBUG Engine               - versionCheckDays: 7
23:24:15.276 [FXGL Background Thread 3 ] DEBUG Engine               - width: 1000
23:24:15.276 [FXGL Background Thread 3 ] DEBUG Engine               - Logging services
23:24:15.276 [FXGL Background Thread 3 ] DEBUG Engine               - class com.almasb.fxgl.app.services.FXGLAssetLoaderService
23:24:15.276 [FXGL Background Thread 3 ] DEBUG Engine               - class com.almasb.fxgl.app.FXGLApplication$GameApplicationService
23:24:15.276 [FXGL Background Thread 3 ] DEBUG Engine               - class com.almasb.fxgl.app.services.FXGLDialogService
23:24:15.276 [FXGL Background Thread 3 ] DEBUG Engine               - class com.almasb.fxgl.app.services.IOTaskExecutorService
23:24:15.276 [FXGL Background Thread 3 ] DEBUG Engine               - class com.almasb.fxgl.io.FileSystemService
23:24:15.276 [FXGL Background Thread 3 ] DEBUG Engine               - class com.almasb.fxgl.localization.LocalizationService
23:24:15.276 [FXGL Background Thread 3 ] DEBUG Engine               - class com.almasb.fxgl.app.services.SystemBundleService
23:24:15.276 [FXGL Background Thread 3 ] DEBUG Engine               - class com.almasb.fxgl.profile.SaveLoadService
23:24:15.276 [FXGL Background Thread 3 ] DEBUG Engine               - class com.almasb.fxgl.ui.FXGLUIFactoryServiceProvider
23:24:15.276 [FXGL Background Thread 3 ] DEBUG Engine               - class com.almasb.fxgl.ui.FXGLDialogFactoryServiceProvider
23:24:15.276 [FXGL Background Thread 3 ] DEBUG Engine               - class com.almasb.fxgl.audio.AudioPlayer
23:24:15.276 [FXGL Background Thread 3 ] DEBUG Engine               - class com.almasb.fxgl.notification.impl.NotificationServiceProvider
23:24:15.276 [FXGL Background Thread 3 ] DEBUG Engine               - class com.almasb.fxgl.achievement.AchievementService
23:24:15.276 [FXGL Background Thread 3 ] DEBUG Engine               - class com.almasb.fxgl.cutscene.CutsceneService
23:24:15.276 [FXGL Background Thread 3 ] DEBUG Engine               - class com.almasb.fxgl.minigames.MiniGameService
23:24:15.276 [FXGL Background Thread 3 ] DEBUG Engine               - class com.almasb.fxgl.net.NetService
23:24:15.276 [FXGL Background Thread 3 ] DEBUG Engine               - class com.almasb.fxgl.app.services.UpdaterService
23:24:15.276 [FXGL Background Thread 3 ] DEBUG Engine               - class com.almasb.fxgl.dev.DevService
23:24:15.276 [FXGL Background Thread 3 ] DEBUG Engine               - class com.almasb.fxgl.multiplayer.MultiplayerService
23:24:24.976 [JavaFX Application Thread] DEBUG FXGLAssetLoaderServi - Loading from file system: file:/C:/Users/User/Documents/GitHub/Sonic-rush/target/classes/assets/textures/fondo.png
23:24:25.181 [JavaFX Application Thread] WARN  TMXLevelLoader       - TiledMap generated from 1.11.2. Supported version: 1.9.0. Some features may not be parsed fully.
23:24:25.204 [JavaFX Application Thread] DEBUG TMXLevelLoader       - Parsed TiledMap: file:/C:/Users/User/Documents/GitHub/Sonic-rush/target/classes/assets/levels/mapazo.tmx
23:24:25.205 [JavaFX Application Thread] DEBUG TMXLevelLoader       - Creating tile layer entities
23:24:25.207 [JavaFX Application Thread] DEBUG TilesetLoader        - Loading view for layer Capa de patrones 1
23:24:25.213 [JavaFX Application Thread] DEBUG TilesetLoader        - Created buffer with size 3840.0x720.0
23:24:25.246 [JavaFX Application Thread] DEBUG TMXLevelLoader       - Creating object layer entities
23:24:25.271 [JavaFX Application Thread] DEBUG GameWorld            - Clearing removable entities
23:24:25.274 [JavaFX Application Thread] DEBUG GameWorld            - Setting level: com.almasb.fxgl.entity.level.Level@7cb6ce57
23:24:25.304 [JavaFX Application Thread] DEBUG FXGLAssetLoaderServi - Loading from file system: file:/C:/Users/User/Documents/GitHub/Sonic-rush/target/classes/assets/textures/Enemigos/eggman2.png
23:24:25.321 [ClientAsyncConnThread    ] DEBUG TCPClient            - Connecting to localhost:55555 type: class com.almasb.fxgl.core.serialization.Bundle
23:24:25.323 [ClientAsyncConnThread    ] DEBUG TCPClient            - Created socket to localhost:55555
23:24:25.330 [ClientAsyncConnThread    ] DEBUG Endpoint             - TCPClient opening new connection (1) from localhost/127.0.0.1:55555 type: class com.almasb.fxgl.core.serialization.Bundle
23:24:25.331 [ClientAsyncConnThread    ] DEBUG Endpoint             - TCPClient successfully opened connection (1)
23:24:25.343 [TCPClient_SendThread-1   ] DEBUG Writers              - Getting TCPMessageWriter for class com.almasb.fxgl.core.serialization.Bundle
23:24:25.343 [TCPClient_RecvThread-1   ] DEBUG Readers              - Getting TCPMessageReader for class com.almasb.fxgl.core.serialization.Bundle
23:24:25.344 [TCPClient_SendThread-1   ] DEBUG Writers              - Constructed TCPMessageWriter for class com.almasb.fxgl.core.serialization.Bundle: BundleTCPMessageWriter
23:24:25.344 [TCPClient_RecvThread-1   ] DEBUG Readers              - Constructed MessageReader for class com.almasb.fxgl.core.serialization.Bundle: BundleTCPMessageReader
23:24:25.377 [JavaFX Application Thread] DEBUG FXGLAssetLoaderServi - Loading from file system: file:/C:/Users/User/Documents/GitHub/Sonic-rush/target/classes/assets/textures/Items/ring.png
23:24:25.391 [JavaFX Application Thread] DEBUG FXGLAssetLoaderServi - Loading from file system: file:/C:/Users/User/Documents/GitHub/Sonic-rush/target/classes/assets/textures/Items/basura.png
23:24:25.395 [JavaFX Application Thread] DEBUG FXGLAssetLoaderServi - Loading from file system: file:/C:/Users/User/Documents/GitHub/Sonic-rush/target/classes/assets/textures/Items/papel.png
23:24:25.398 [JavaFX Application Thread] DEBUG FXGLAssetLoaderServi - Loading from file system: file:/C:/Users/User/Documents/GitHub/Sonic-rush/target/classes/assets/textures/Items/caucho.png
23:24:25.407 [JavaFX Application Thread] DEBUG FXGLAssetLoaderServi - Loading from file system: file:/C:/Users/User/Documents/GitHub/Sonic-rush/target/classes/assets/textures/Enemigos/enemigo2.png
23:24:25.427 [JavaFX Application Thread] DEBUG FXGLAssetLoaderServi - Loading from file system: file:/C:/Users/User/Documents/GitHub/Sonic-rush/target/classes/assets/textures/Personajes/tails.png
23:24:25.429 [JavaFX Application Thread] DEBUG FXGLAssetLoaderServi - Loading from file system: file:/C:/Users/User/Documents/GitHub/Sonic-rush/target/classes/assets/textures/Personajes/tails_Salta.png
23:24:25.430 [JavaFX Application Thread] DEBUG FXGLAssetLoaderServi - Loading from file system: file:/C:/Users/User/Documents/GitHub/Sonic-rush/target/classes/assets/textures/Personajes/tails_caminando.png
23:24:32.751 [JavaFX Application Thread] DEBUG FXGLAssetLoaderServi - Loading from file system: file:/C:/Users/User/Documents/GitHub/Sonic-rush/target/classes/assets/sounds/recoger.wav
23:25:07.694 [JavaFX Application Thread] DEBUG FXGLAssetLoaderServi - Loading from file system: file:/C:/Users/User/Documents/GitHub/Sonic-rush/target/classes/assets/sounds/perder_anillos.wav
23:25:43.069 [JavaFX Application Thread] DEBUG FXGLAssetLoaderServi - Loading from file system: file:/C:/Users/User/Documents/GitHub/Sonic-rush/target/classes/assets/sounds/muerte.wav
23:26:11.711 [JavaFX Application Thread] DEBUG PrimaryStageWindow   - Push state: DialogSubScene
23:26:11.712 [JavaFX Application Thread] DEBUG Input                - Clearing active input actions
23:26:11.712 [JavaFX Application Thread] DEBUG GameApplicationServi - Removing overlay from GameScene and adding to DialogSubScene
23:26:11.713 [JavaFX Application Thread] DEBUG PrimaryStageWindow   - GameScene -> DialogSubScene
23:26:13.112 [JavaFX Application Thread] DEBUG PrimaryStageWindow   - Pop state: DialogSubScene
23:26:13.112 [JavaFX Application Thread] DEBUG Input                - Clearing active input actions
23:26:13.113 [JavaFX Application Thread] DEBUG GameApplicationServi - Removing overlay from DialogSubScene and adding to GameScene
23:26:13.113 [JavaFX Application Thread] DEBUG PrimaryStageWindow   - GameScene <- DialogSubScene
23:26:13.127 [JavaFX Application Thread] DEBUG PrimaryStageWindow   - Push state: DialogSubScene
23:26:13.127 [JavaFX Application Thread] DEBUG Input                - Clearing active input actions
23:26:13.129 [JavaFX Application Thread] DEBUG GameApplicationServi - Removing overlay from GameScene and adding to DialogSubScene
23:26:13.129 [JavaFX Application Thread] DEBUG PrimaryStageWindow   - GameScene -> DialogSubScene
23:26:15.440 [JavaFX Application Thread] DEBUG PrimaryStageWindow   - Pop state: DialogSubScene
23:26:15.440 [JavaFX Application Thread] DEBUG Input                - Clearing active input actions
23:26:15.440 [JavaFX Application Thread] DEBUG GameApplicationServi - Removing overlay from DialogSubScene and adding to GameScene
23:26:15.441 [JavaFX Application Thread] DEBUG PrimaryStageWindow   - GameScene <- DialogSubScene
23:26:16.695 [JavaFX Application Thread] DEBUG PrimaryStageWindow   - Push state: DialogSubScene
23:26:16.696 [JavaFX Application Thread] DEBUG Input                - Clearing active input actions
23:26:16.696 [JavaFX Application Thread] DEBUG GameApplicationServi - Removing overlay from GameScene and adding to DialogSubScene
23:26:16.697 [JavaFX Application Thread] DEBUG PrimaryStageWindow   - GameScene -> DialogSubScene
23:26:18.184 [JavaFX Application Thread] DEBUG PrimaryStageWindow   - Pop state: DialogSubScene
23:26:18.184 [JavaFX Application Thread] DEBUG Input                - Clearing active input actions
23:26:18.185 [JavaFX Application Thread] DEBUG GameApplicationServi - Removing overlay from DialogSubScene and adding to GameScene
23:26:18.185 [JavaFX Application Thread] DEBUG PrimaryStageWindow   - GameScene <- DialogSubScene
23:26:19.040 [JavaFX Application Thread] DEBUG FXGLApplication      - Exiting FXGL
23:26:19.040 [JavaFX Application Thread] DEBUG LoopRunner           - Stopping loop
23:26:19.040 [JavaFX Application Thread] DEBUG SystemBundleService  - Saving FXGL system data
23:26:19.042 [JavaFX Application Thread] DEBUG FileSystemAccess     - Writing to: C:\Users\User\Documents\GitHub\Sonic-rush\system\fxgl.bundle
23:26:19.043 [JavaFX Application Thread] DEBUG Async                - Shutting down background threads
23:26:19.043 [JavaFX Application Thread] DEBUG PrimaryStageWindow   - Closing main window
23:26:19.048 [JavaFX Application Thread] DEBUG Logger               - Closing Logger
