21:24:23.600 [main                     ] DEBUG Logger               - Configured Logger
21:24:23.656 [main                     ] DEBUG GameApplication      - Logging settings
Title: Jugador Sonic
Version: 0.0
Width: 1000
Height: 600
Fullscreen: false
Intro: false
Profiling: false
Single step:false
App Mode: DEVELOPER
Menu Key: ESCAPE
Stage Style: DECORATED
Scene Factory: class com.almasb.fxgl.app.scene.SceneFactory

21:24:24.327 [JavaFX Application Thread] DEBUG FXGLApplication      - Initializing FXGL
21:24:24.335 [JavaFX Application Thread] INFO  Engine               - FXGL-17.3 (30.03.2023 11.49) on WINDOWS (J:17.0.12 FX:20)
21:24:24.335 [JavaFX Application Thread] DEBUG Engine               - JRE Vendor Name: Oracle Corporation
21:24:24.335 [JavaFX Application Thread] DEBUG Engine               - Running on OS: Windows 10 version 10.0
21:24:24.336 [JavaFX Application Thread] DEBUG Engine               - Architecture: amd64
21:24:24.336 [JavaFX Application Thread] INFO  Engine               - Source code and latest versions at: https://github.com/AlmasB/FXGL
21:24:24.337 [JavaFX Application Thread] INFO  Engine               -       Ask questions and discuss at: https://github.com/AlmasB/FXGL/discussions
21:24:24.337 [JavaFX Application Thread] INFO  Engine               -              Join the FXGL chat at: https://gitter.im/AlmasB/FXGL
21:24:24.641 [JavaFX Application Thread] DEBUG PrimaryStageWindow   - Creating a JavaFX scene
21:24:24.742 [JavaFX Application Thread] DEBUG PrimaryStageWindow   - Target settings size: 1000.0 x 600.0
21:24:24.744 [JavaFX Application Thread] DEBUG PrimaryStageWindow   - Scaled scene size:    1000.0 x 600.0
21:24:24.744 [JavaFX Application Thread] DEBUG PrimaryStageWindow   - Scaled ratio: (1.0, 1.0)
21:24:24.748 [JavaFX Application Thread] DEBUG PrimaryStageWindow   - Set initial scene to FXGLStartupScene
21:24:24.754 [JavaFX Application Thread] DEBUG PrimaryStageWindow   - Opening main window
21:24:24.897 [JavaFX Application Thread] DEBUG PrimaryStageWindow   - Window border size: (14.4000244140625, 37.5999755859375)
21:24:24.898 [JavaFX Application Thread] DEBUG PrimaryStageWindow   - Scaled size: 1000.0 x 600.0
21:24:24.899 [JavaFX Application Thread] DEBUG PrimaryStageWindow   - Scaled ratio: (1.0, 1.0)
21:24:24.899 [JavaFX Application Thread] DEBUG PrimaryStageWindow   - Scene size: 1000.0 x 600.0
21:24:24.900 [JavaFX Application Thread] DEBUG PrimaryStageWindow   - Stage size: 1014.4000244140625 x 637.5999755859375
21:24:25.050 [FXGL Background Thread 1 ] DEBUG Engine               - Initializing environment variables
21:24:25.180 [FXGL Background Thread 1 ] DEBUG FXGLAssetLoaderServi - User app class for loading assets: class Runner.ClientRunner
21:24:25.181 [FXGL Background Thread 1 ] DEBUG GameApplicationServi - Applying CSS: fxgl_dark.css
21:24:25.185 [FXGL Background Thread 1 ] DEBUG FXGLAssetLoaderServi - Loading from file system: jar:file:/C:/Users/Owner/.m2/repository/com/github/almasb/fxgl/17.3/fxgl-17.3.jar!/fxglassets/ui/css/fxgl_dark.css
21:24:25.308 [FXGL Background Thread 1 ] DEBUG GameApplicationServi - Initializing application scenes
21:24:25.714 [FXGL Background Thread 1 ] DEBUG GameWorld            - Game world initialized
21:24:25.929 [FXGL Background Thread 1 ] DEBUG PhysicsWorld         - Physics world initialized: appHeight=600, physics.ppm=50.0
21:24:25.931 [FXGL Background Thread 1 ] DEBUG PhysicsWorld         - Using strategy: BRUTE_FORCE
21:24:25.945 [FXGL Background Thread 1 ] DEBUG GameScene            - Game scene initialized: 1000x600
21:24:26.046 [FXGL Background Thread 1 ] DEBUG FXGL.DefaultMenu     - createMenuBodyGameMenu()
21:24:26.188 [FXGL Background Thread 1 ] DEBUG FXGL.DefaultMenu     - createOptionsMenu()
21:24:26.272 [FXGL Background Thread 1 ] DEBUG FXGLAssetLoaderServi - Loading from file system: jar:file:/C:/Users/Owner/.m2/repository/com/github/almasb/fxgl/17.3/fxgl-17.3.jar!/fxglassets/textures/particles/smoke.png
21:24:26.916 [FXGL Background Thread 1 ] DEBUG FXGLAssetLoaderServi - Loading from file system: jar:file:/C:/Users/Owner/.m2/repository/com/github/almasb/fxgl/17.3/fxgl-17.3.jar!/fxglassets/textures/particles/trace_horizontal.png
21:24:27.116 [FXGL Background Thread 1 ] DEBUG GameApplicationServi - Application scenes initialized
21:24:27.249 [FXGL Background Thread 1 ] DEBUG SystemBundleService  - Loading FXGL system data
21:24:27.275 [FXGL Background Thread 1 ] DEBUG FileSystemAccess     - Reading from: C:\Users\Owner\Desktop\Sonic-rush\system\fxgl.bundle
21:24:27.347 [FXGL Background Thread 1 ] DEBUG SystemBundleService  - Bundle FXGL: {}
21:24:27.350 [FXGL Background Thread 1 ] DEBUG UpdaterService       - Checking for updates
21:24:27.371 [FXGL Background Thread 1 ] DEBUG FXGLApplication      - Loading default localization
21:24:27.372 [FXGL Background Thread 1 ] DEBUG FXGLAssetLoaderServi - Loading from file system: jar:file:/C:/Users/Owner/.m2/repository/com/github/almasb/fxgl/17.3/fxgl-17.3.jar!/fxglassets/languages/english.lang
21:24:27.406 [FXGL Background Thread 1 ] INFO  FXGLApplication      - FXGL initialization took: 2.356 sec
21:24:27.453 [FXGL Background Thread 4 ] DEBUG FXGLApplication      - Loading fonts
21:24:27.456 [JavaFX Application Thread] DEBUG Input                - Registered new binding: Mover a la izquierda - A
21:24:27.456 [JavaFX Application Thread] DEBUG Input                - Registered new binding: Mover a la derecha - D
21:24:27.456 [FXGL Background Thread 4 ] DEBUG FXGLAssetLoaderServi - Loading from file system: jar:file:/C:/Users/Owner/.m2/repository/com/github/almasb/fxgl/17.3/fxgl-17.3.jar!/fxglassets/ui/fonts/VarelaRound-Regular.ttf
21:24:27.456 [JavaFX Application Thread] DEBUG Input                - Registered new binding: Interactuar - E
21:24:27.457 [JavaFX Application Thread] DEBUG Input                - Registered new binding: Desactivar filtro - L
21:24:27.457 [JavaFX Application Thread] DEBUG FXGLAssetLoaderServi - Loading from file system: jar:file:/C:/Users/Owner/.m2/repository/com/github/almasb/fxgl/17.3/fxgl-17.3.jar!/fxglassets/textures/fxgl_icon.png
21:24:27.612 [JavaFX Application Thread] DEBUG FXGLAssetLoaderServi - Loading from file system: jar:file:/C:/Users/Owner/.m2/repository/com/github/almasb/fxgl/17.3/fxgl-17.3.jar!/fxglassets/textures/fxgl_default_cursor.png
21:24:27.617 [JavaFX Application Thread] DEBUG Input                - Registered new binding: Screenshot - CTRL+8
21:24:27.617 [JavaFX Application Thread] DEBUG Input                - Registered new binding: System info dump - CTRL+9
21:24:27.618 [JavaFX Application Thread] DEBUG Input                - Registered new binding: Restart - CTRL+R
21:24:27.620 [JavaFX Application Thread] DEBUG Input                - Registered new binding: Toggle Debug Camera - CTRL+7
21:24:27.625 [JavaFX Application Thread] DEBUG LoopRunner           - Starting loop
21:24:27.627 [JavaFX Application Thread] DEBUG LoopRunner           - Initializing JavaFX AnimationTimerLoop
21:24:27.647 [JavaFX Application Thread] DEBUG GameApplicationServi - Starting new game
21:24:27.648 [JavaFX Application Thread] DEBUG Input                - Clearing active input actions
21:24:27.673 [JavaFX Application Thread] DEBUG GameApplicationServi - Removing overlay from FXGLStartupScene and adding to FXGLLoadingScene
21:24:27.673 [JavaFX Application Thread] DEBUG PrimaryStageWindow   - FXGLStartupScene -> FXGLLoadingScene
21:24:27.673 [JavaFX Application Thread] DEBUG GameApplicationServi - Clearing previous game
21:24:27.674 [JavaFX Application Thread] DEBUG GameScene            - Clearing game scene
21:24:27.674 [JavaFX Application Thread] DEBUG GameWorld            - Clearing game world
21:24:27.674 [JavaFX Application Thread] DEBUG PhysicsWorld         - Clearing physics world
21:24:27.678 [FXGL Background Thread 1 ] DEBUG FXGLApplication      - Initializing game
21:24:27.727 [FXGL Background Thread 1 ] DEBUG FXGLAssetLoaderServi - Loading from file system: file:/C:/Users/Owner/Desktop/Sonic-rush/target/classes/assets/music/OST2.mp3
21:24:28.260 [FXGL Background Thread 4 ] DEBUG FXGLAssetLoaderServi - Loading from file system: jar:file:/C:/Users/Owner/.m2/repository/com/github/almasb/fxgl/17.3/fxgl-17.3.jar!/fxglassets/ui/fonts/Abel-Regular.ttf
21:24:28.317 [FXGL Background Thread 4 ] DEBUG FXGLAssetLoaderServi - Loading from file system: jar:file:/C:/Users/Owner/.m2/repository/com/github/almasb/fxgl/17.3/fxgl-17.3.jar!/fxglassets/ui/fonts/TerminalLandMono-Regular.otf
21:24:28.324 [FXGL Background Thread 4 ] DEBUG FXGLAssetLoaderServi - Loading from file system: jar:file:/C:/Users/Owner/.m2/repository/com/github/almasb/fxgl/17.3/fxgl-17.3.jar!/fxglassets/ui/fonts/Courier-Prime.ttf
21:24:28.334 [JavaFX Application Thread] DEBUG FXGLApplication      - Registering font factories with UI factory
21:24:29.990 [FXGL Background Thread 2 ] INFO  UpdaterService       - Your current version:  17.3
21:24:30.001 [FXGL Background Thread 2 ] INFO  UpdaterService       - Latest stable version: 21.1
21:24:30.203 [FXGL Background Thread 1 ] DEBUG AudioPlayer          - Playing music com.almasb.fxgl.audio.Music@375c49ee
21:24:30.218 [FXGL Background Thread 1 ] INFO  FXGLApplication      - Game initialization took: 2.540 sec
21:24:30.368 [FXGL Background Thread 3 ] DEBUG Engine               - Logging environment variables
21:24:30.369 [FXGL Background Thread 3 ] DEBUG Engine               - achievements: []
21:24:30.370 [FXGL Background Thread 3 ] DEBUG Engine               - actualHeight: 600.0
21:24:30.371 [FXGL Background Thread 3 ] DEBUG Engine               - actualHeightProperty: ReadOnlyDoubleProperty [value: 600.0]
21:24:30.371 [FXGL Background Thread 3 ] DEBUG Engine               - actualWidth: 1000.0
21:24:30.371 [FXGL Background Thread 3 ] DEBUG Engine               - actualWidthProperty: ReadOnlyDoubleProperty [value: 1000.0]
21:24:30.371 [FXGL Background Thread 3 ] DEBUG Engine               - appIcon: fxgl_icon.png
21:24:30.371 [FXGL Background Thread 3 ] DEBUG Engine               - applicationMode: DEVELOPER
21:24:30.373 [FXGL Background Thread 3 ] DEBUG Engine               - cSSList: [fxgl_dark.css]
21:24:30.373 [FXGL Background Thread 3 ] DEBUG Engine               - collisionDetectionStrategy: BRUTE_FORCE
21:24:30.374 [FXGL Background Thread 3 ] DEBUG Engine               - configClass: Optional.empty
21:24:30.375 [FXGL Background Thread 3 ] DEBUG Engine               - credits: []
21:24:30.378 [FXGL Background Thread 3 ] DEBUG Engine               - defaultCursor: CursorInfo(imageName=fxgl_default_cursor.png, hotspotX=7.0, hotspotY=6.0)
21:24:30.379 [FXGL Background Thread 3 ] DEBUG Engine               - devBBoxColorProperty: ObjectProperty [value: 0xff0000ff]
21:24:30.379 [FXGL Background Thread 3 ] DEBUG Engine               - devEnableDebugCameraProperty: BooleanProperty [value: false]
21:24:30.379 [FXGL Background Thread 3 ] DEBUG Engine               - devSensorColorProperty: ObjectProperty [value: 0xffff00ff]
21:24:30.379 [FXGL Background Thread 3 ] DEBUG Engine               - devShowBBoxProperty: BooleanProperty [value: false]
21:24:30.379 [FXGL Background Thread 3 ] DEBUG Engine               - devShowPositionProperty: BooleanProperty [value: false]
21:24:30.379 [FXGL Background Thread 3 ] DEBUG Engine               - enabledMenuItems: []
21:24:30.380 [FXGL Background Thread 3 ] DEBUG Engine               - engineServices: [class com.almasb.fxgl.app.services.FXGLAssetLoaderService, class com.almasb.fxgl.app.FXGLApplication$GameApplicationService, class com.almasb.fxgl.app.services.FXGLDialogService, class com.almasb.fxgl.app.services.IOTaskExecutorService, class com.almasb.fxgl.io.FileSystemService, class com.almasb.fxgl.localization.LocalizationService, class com.almasb.fxgl.app.services.SystemBundleService, class com.almasb.fxgl.profile.SaveLoadService, class com.almasb.fxgl.ui.FXGLUIFactoryServiceProvider, class com.almasb.fxgl.ui.FXGLDialogFactoryServiceProvider, class com.almasb.fxgl.audio.AudioPlayer, class com.almasb.fxgl.notification.impl.NotificationServiceProvider, class com.almasb.fxgl.achievement.AchievementService, class com.almasb.fxgl.cutscene.CutsceneService, class com.almasb.fxgl.minigames.MiniGameService, class com.almasb.fxgl.net.NetService, class com.almasb.fxgl.app.services.UpdaterService, class com.almasb.fxgl.dev.DevService, class com.almasb.fxgl.multiplayer.MultiplayerService]
21:24:30.380 [FXGL Background Thread 3 ] DEBUG Engine               - fontGame: Abel-Regular.ttf
21:24:30.380 [FXGL Background Thread 3 ] DEBUG Engine               - fontMono: TerminalLandMono-Regular.otf
21:24:30.380 [FXGL Background Thread 3 ] DEBUG Engine               - fontSizeScaleUI: 1.0
21:24:30.380 [FXGL Background Thread 3 ] DEBUG Engine               - fontText: Courier-Prime.ttf
21:24:30.380 [FXGL Background Thread 3 ] DEBUG Engine               - fontUI: VarelaRound-Regular.ttf
21:24:30.380 [FXGL Background Thread 3 ] DEBUG Engine               - fullScreen: BooleanProperty [value: false]
21:24:30.381 [FXGL Background Thread 3 ] DEBUG Engine               - gameDifficulty: MEDIUM
21:24:30.381 [FXGL Background Thread 3 ] DEBUG Engine               - gameDifficultyProperty: ObjectProperty [value: MEDIUM]
21:24:30.381 [FXGL Background Thread 3 ] DEBUG Engine               - globalMusicVolume: 0.5
21:24:30.381 [FXGL Background Thread 3 ] DEBUG Engine               - globalMusicVolumeProperty: DoubleProperty [value: 0.5]
21:24:30.381 [FXGL Background Thread 3 ] DEBUG Engine               - globalSoundVolume: 0.5
21:24:30.381 [FXGL Background Thread 3 ] DEBUG Engine               - globalSoundVolumeProperty: DoubleProperty [value: 0.5]
21:24:30.383 [FXGL Background Thread 3 ] DEBUG Engine               - height: 600
21:24:30.383 [FXGL Background Thread 3 ] DEBUG Engine               - is3D: false
21:24:30.383 [FXGL Background Thread 3 ] DEBUG Engine               - isAndroid: false
21:24:30.383 [FXGL Background Thread 3 ] DEBUG Engine               - isBrowser: false
21:24:30.383 [FXGL Background Thread 3 ] DEBUG Engine               - isClickFeedbackEnabled: false
21:24:30.383 [FXGL Background Thread 3 ] DEBUG Engine               - isCloseConfirmation: false
21:24:30.383 [FXGL Background Thread 3 ] DEBUG Engine               - isDesktop: true
21:24:30.383 [FXGL Background Thread 3 ] DEBUG Engine               - isDeveloperMenuEnabled: false
21:24:30.383 [FXGL Background Thread 3 ] DEBUG Engine               - isEmbedded: false
21:24:30.384 [FXGL Background Thread 3 ] DEBUG Engine               - isEntityPreloadEnabled: true
21:24:30.384 [FXGL Background Thread 3 ] DEBUG Engine               - isExperimentalTiledLargeMap: false
21:24:30.384 [FXGL Background Thread 3 ] DEBUG Engine               - isFileSystemWriteAllowed: true
21:24:30.384 [FXGL Background Thread 3 ] DEBUG Engine               - isFullScreenAllowed: false
21:24:30.384 [FXGL Background Thread 3 ] DEBUG Engine               - isFullScreenFromStart: false
21:24:30.384 [FXGL Background Thread 3 ] DEBUG Engine               - isGameMenuEnabled: true
21:24:30.384 [FXGL Background Thread 3 ] DEBUG Engine               - isIOS: false
21:24:30.384 [FXGL Background Thread 3 ] DEBUG Engine               - isIntroEnabled: false
21:24:30.384 [FXGL Background Thread 3 ] DEBUG Engine               - isLinux: false
21:24:30.384 [FXGL Background Thread 3 ] DEBUG Engine               - isMac: false
21:24:30.385 [FXGL Background Thread 3 ] DEBUG Engine               - isMainMenuEnabled: false
21:24:30.385 [FXGL Background Thread 3 ] DEBUG Engine               - isManualResizeEnabled: false
21:24:30.385 [FXGL Background Thread 3 ] DEBUG Engine               - isMobile: false
21:24:30.385 [FXGL Background Thread 3 ] DEBUG Engine               - isNative: false
21:24:30.385 [FXGL Background Thread 3 ] DEBUG Engine               - isPauseMusicWhenMinimized: true
21:24:30.385 [FXGL Background Thread 3 ] DEBUG Engine               - isPreserveResizeRatio: false
21:24:30.385 [FXGL Background Thread 3 ] DEBUG Engine               - isProfilingEnabled: false
21:24:30.386 [FXGL Background Thread 3 ] DEBUG Engine               - isScaleAffectedOnResize: true
21:24:30.386 [FXGL Background Thread 3 ] DEBUG Engine               - isSingleStep: false
21:24:30.386 [FXGL Background Thread 3 ] DEBUG Engine               - isUserProfileEnabled: false
21:24:30.386 [FXGL Background Thread 3 ] DEBUG Engine               - isWindows: true
21:24:30.386 [FXGL Background Thread 3 ] DEBUG Engine               - language: ObjectProperty [value: ENGLISH]
21:24:30.386 [FXGL Background Thread 3 ] DEBUG Engine               - menuKey: ESCAPE
21:24:30.386 [FXGL Background Thread 3 ] DEBUG Engine               - mouseSensitivity: 0.2
21:24:30.386 [FXGL Background Thread 3 ] DEBUG Engine               - notificationViewClass: class com.almasb.fxgl.notification.view.XboxNotificationView
21:24:30.386 [FXGL Background Thread 3 ] DEBUG Engine               - pixelsPerMeter: 50.0
21:24:30.386 [FXGL Background Thread 3 ] DEBUG Engine               - platform: WINDOWS
21:24:30.386 [FXGL Background Thread 3 ] DEBUG Engine               - prefHeightProperty: ReadOnlyDoubleProperty [value: 600.0]
21:24:30.387 [FXGL Background Thread 3 ] DEBUG Engine               - prefWidthProperty: ReadOnlyDoubleProperty [value: 1000.0]
21:24:30.387 [FXGL Background Thread 3 ] DEBUG Engine               - profileDir: profiles/
21:24:30.387 [FXGL Background Thread 3 ] DEBUG Engine               - profileName: StringProperty [value: DEFAULT]
21:24:30.387 [FXGL Background Thread 3 ] DEBUG Engine               - randomSeed: -1
21:24:30.387 [FXGL Background Thread 3 ] DEBUG Engine               - runtimeInfo: RuntimeInfo(platform=WINDOWS, version=17.3, build=30.03.2023 11.49)
21:24:30.387 [FXGL Background Thread 3 ] DEBUG Engine               - saveFileExt: sav
21:24:30.388 [FXGL Background Thread 3 ] DEBUG Engine               - scaledHeightProp$fxgl: DoubleProperty [bound, value: 600.0]
21:24:30.388 [FXGL Background Thread 3 ] DEBUG Engine               - scaledWidthProp$fxgl: DoubleProperty [bound, value: 1000.0]
21:24:30.388 [FXGL Background Thread 3 ] DEBUG Engine               - sceneFactory: com.almasb.fxgl.app.scene.SceneFactory@5588f9e4
21:24:30.388 [FXGL Background Thread 3 ] DEBUG Engine               - secondsIn24h: 60
21:24:30.388 [FXGL Background Thread 3 ] DEBUG Engine               - soundMenuBack: menu/back.wav
21:24:30.388 [FXGL Background Thread 3 ] DEBUG Engine               - soundMenuPress: menu/press.wav
21:24:30.388 [FXGL Background Thread 3 ] DEBUG Engine               - soundMenuSelect: menu/select.wav
21:24:30.388 [FXGL Background Thread 3 ] DEBUG Engine               - soundNotification: core/notification.wav
21:24:30.388 [FXGL Background Thread 3 ] DEBUG Engine               - stageStyle: DECORATED
21:24:30.388 [FXGL Background Thread 3 ] DEBUG Engine               - supportedLanguages: [ENGLISH, FRENCH, GERMAN, HUNGARIAN, RUSSIAN]
21:24:30.388 [FXGL Background Thread 3 ] DEBUG Engine               - ticksPerSecond: -1
21:24:30.389 [FXGL Background Thread 3 ] DEBUG Engine               - title: Jugador Sonic
21:24:30.389 [FXGL Background Thread 3 ] DEBUG Engine               - urlGithub: https://github.com/AlmasB/FXGL
21:24:30.389 [FXGL Background Thread 3 ] DEBUG Engine               - urlLeaderboard: http://fxgl-top.herokuapp.com/
21:24:30.389 [FXGL Background Thread 3 ] DEBUG Engine               - urlPOM: https://raw.githubusercontent.com/AlmasB/FXGL/release/README.md
21:24:30.389 [FXGL Background Thread 3 ] DEBUG Engine               - userAppClass: class Runner.ClientRunner
21:24:30.389 [FXGL Background Thread 3 ] DEBUG Engine               - version: 0.0
21:24:30.389 [FXGL Background Thread 3 ] DEBUG Engine               - versionCheckDays: 7
21:24:30.389 [FXGL Background Thread 3 ] DEBUG Engine               - width: 1000
21:24:30.389 [FXGL Background Thread 3 ] DEBUG Engine               - Logging services
21:24:30.389 [FXGL Background Thread 3 ] DEBUG Engine               - class com.almasb.fxgl.app.services.FXGLAssetLoaderService
21:24:30.389 [FXGL Background Thread 3 ] DEBUG Engine               - class com.almasb.fxgl.app.FXGLApplication$GameApplicationService
21:24:30.389 [FXGL Background Thread 3 ] DEBUG Engine               - class com.almasb.fxgl.app.services.FXGLDialogService
21:24:30.390 [FXGL Background Thread 3 ] DEBUG Engine               - class com.almasb.fxgl.app.services.IOTaskExecutorService
21:24:30.390 [FXGL Background Thread 3 ] DEBUG Engine               - class com.almasb.fxgl.io.FileSystemService
21:24:30.390 [FXGL Background Thread 3 ] DEBUG Engine               - class com.almasb.fxgl.localization.LocalizationService
21:24:30.390 [FXGL Background Thread 3 ] DEBUG Engine               - class com.almasb.fxgl.app.services.SystemBundleService
21:24:30.390 [FXGL Background Thread 3 ] DEBUG Engine               - class com.almasb.fxgl.profile.SaveLoadService
21:24:30.390 [FXGL Background Thread 3 ] DEBUG Engine               - class com.almasb.fxgl.ui.FXGLUIFactoryServiceProvider
21:24:30.390 [FXGL Background Thread 3 ] DEBUG Engine               - class com.almasb.fxgl.ui.FXGLDialogFactoryServiceProvider
21:24:30.390 [FXGL Background Thread 3 ] DEBUG Engine               - class com.almasb.fxgl.audio.AudioPlayer
21:24:30.390 [FXGL Background Thread 3 ] DEBUG Engine               - class com.almasb.fxgl.notification.impl.NotificationServiceProvider
21:24:30.390 [FXGL Background Thread 3 ] DEBUG Engine               - class com.almasb.fxgl.achievement.AchievementService
21:24:30.390 [FXGL Background Thread 3 ] DEBUG Engine               - class com.almasb.fxgl.cutscene.CutsceneService
21:24:30.390 [FXGL Background Thread 3 ] DEBUG Engine               - class com.almasb.fxgl.minigames.MiniGameService
21:24:30.390 [FXGL Background Thread 3 ] DEBUG Engine               - class com.almasb.fxgl.net.NetService
21:24:30.391 [FXGL Background Thread 3 ] DEBUG Engine               - class com.almasb.fxgl.app.services.UpdaterService
21:24:30.391 [FXGL Background Thread 3 ] DEBUG Engine               - class com.almasb.fxgl.dev.DevService
21:24:30.391 [FXGL Background Thread 3 ] DEBUG Engine               - class com.almasb.fxgl.multiplayer.MultiplayerService
21:24:30.786 [JavaFX Application Thread] DEBUG Input                - Clearing active input actions
21:24:30.805 [JavaFX Application Thread] DEBUG GameApplicationServi - Removing overlay from FXGLLoadingScene and adding to GameScene
21:24:30.805 [JavaFX Application Thread] DEBUG PrimaryStageWindow   - FXGLLoadingScene -> GameScene
21:24:38.324 [JavaFX Application Thread] DEBUG FXGLAssetLoaderServi - Loading from file system: file:/C:/Users/Owner/Desktop/Sonic-rush/target/classes/assets/textures/fondo.png
21:24:38.996 [JavaFX Application Thread] WARN  TMXLevelLoader       - TiledMap generated from 1.11.2. Supported version: 1.9.0. Some features may not be parsed fully.
21:24:39.073 [JavaFX Application Thread] DEBUG TMXLevelLoader       - Parsed TiledMap: file:/C:/Users/Owner/Desktop/Sonic-rush/target/classes/assets/levels/mapazo.tmx
21:24:39.075 [JavaFX Application Thread] DEBUG TMXLevelLoader       - Creating tile layer entities
21:24:39.078 [JavaFX Application Thread] DEBUG TilesetLoader        - Loading view for layer Capa de patrones 1
21:24:39.132 [JavaFX Application Thread] DEBUG TilesetLoader        - Created buffer with size 3840.0x720.0
21:24:39.170 [JavaFX Application Thread] DEBUG TMXLevelLoader       - Creating object layer entities
21:24:39.262 [JavaFX Application Thread] DEBUG GameWorld            - Clearing removable entities
21:24:39.268 [JavaFX Application Thread] DEBUG GameWorld            - Setting level: com.almasb.fxgl.entity.level.Level@18b2fdeb
21:24:39.407 [ClientAsyncConnThread    ] DEBUG TCPClient            - Connecting to 127.0.0.1:50000 type: class com.almasb.fxgl.core.serialization.Bundle
21:24:39.410 [ClientAsyncConnThread    ] DEBUG TCPClient            - Created socket to 127.0.0.1:50000
21:24:39.419 [ClientAsyncConnThread    ] DEBUG Endpoint             - TCPClient opening new connection (1) from /127.0.0.1:50000 type: class com.almasb.fxgl.core.serialization.Bundle
21:24:39.422 [ClientAsyncConnThread    ] DEBUG Endpoint             - TCPClient successfully opened connection (1)
21:24:39.560 [TCPClient_SendThread-1   ] DEBUG Writers              - Getting TCPMessageWriter for class com.almasb.fxgl.core.serialization.Bundle
21:24:39.560 [TCPClient_RecvThread-1   ] DEBUG Readers              - Getting TCPMessageReader for class com.almasb.fxgl.core.serialization.Bundle
21:24:39.565 [TCPClient_SendThread-1   ] DEBUG Writers              - Constructed TCPMessageWriter for class com.almasb.fxgl.core.serialization.Bundle: BundleTCPMessageWriter
21:24:39.684 [TCPClient_RecvThread-1   ] DEBUG Readers              - Constructed MessageReader for class com.almasb.fxgl.core.serialization.Bundle: BundleTCPMessageReader
21:24:39.858 [JavaFX Application Thread] DEBUG FXGLAssetLoaderServi - Loading from file system: file:/C:/Users/Owner/Desktop/Sonic-rush/target/classes/assets/textures/Items/ring.png
21:24:39.961 [JavaFX Application Thread] DEBUG FXGLAssetLoaderServi - Loading from file system: file:/C:/Users/Owner/Desktop/Sonic-rush/target/classes/assets/textures/Items/papel.png
21:24:39.975 [JavaFX Application Thread] DEBUG FXGLAssetLoaderServi - Loading from file system: file:/C:/Users/Owner/Desktop/Sonic-rush/target/classes/assets/textures/Items/basura.png
21:24:39.982 [JavaFX Application Thread] DEBUG FXGLAssetLoaderServi - Loading from file system: file:/C:/Users/Owner/Desktop/Sonic-rush/target/classes/assets/textures/Items/caucho.png
21:24:40.121 [JavaFX Application Thread] DEBUG FXGLAssetLoaderServi - Loading from file system: file:/C:/Users/Owner/Desktop/Sonic-rush/target/classes/assets/textures/Enemigos/enemigo2.png
21:24:40.272 [JavaFX Application Thread] DEBUG FXGLAssetLoaderServi - Loading from file system: file:/C:/Users/Owner/Desktop/Sonic-rush/target/classes/assets/textures/Personajes/sonic.png
21:24:40.280 [JavaFX Application Thread] DEBUG FXGLAssetLoaderServi - Loading from file system: file:/C:/Users/Owner/Desktop/Sonic-rush/target/classes/assets/textures/Personajes/sonic_camina.png
21:24:40.283 [JavaFX Application Thread] DEBUG FXGLAssetLoaderServi - Loading from file system: file:/C:/Users/Owner/Desktop/Sonic-rush/target/classes/assets/textures/Personajes/super_idle.png
21:24:40.284 [JavaFX Application Thread] DEBUG FXGLAssetLoaderServi - Loading from file system: file:/C:/Users/Owner/Desktop/Sonic-rush/target/classes/assets/textures/Personajes/super_sonic.png
21:24:44.774 [JavaFX Application Thread] DEBUG FXGLAssetLoaderServi - Loading from file system: file:/C:/Users/Owner/Desktop/Sonic-rush/target/classes/assets/sounds/salto.wav
21:25:19.887 [JavaFX Application Thread] WARN  TMXLevelLoader       - TiledMap generated from 1.11.2. Supported version: 1.9.0. Some features may not be parsed fully.
21:25:19.963 [JavaFX Application Thread] DEBUG TMXLevelLoader       - Parsed TiledMap: file:/C:/Users/Owner/Desktop/Sonic-rush/target/classes/assets/levels/mapazo.tmx
21:25:19.963 [JavaFX Application Thread] DEBUG TMXLevelLoader       - Creating tile layer entities
21:25:19.967 [JavaFX Application Thread] DEBUG TilesetLoader        - Loading view for layer Capa de patrones 1
21:25:19.997 [JavaFX Application Thread] DEBUG TilesetLoader        - Created buffer with size 3840.0x720.0
21:25:20.088 [JavaFX Application Thread] DEBUG TMXLevelLoader       - Creating object layer entities
21:25:20.155 [JavaFX Application Thread] DEBUG GameWorld            - Clearing removable entities
21:25:20.157 [JavaFX Application Thread] DEBUG GameWorld            - Setting level: com.almasb.fxgl.entity.level.Level@15f3b695
21:25:20.356 [ClientAsyncConnThread    ] DEBUG TCPClient            - Connecting to 127.0.0.1:50000 type: class com.almasb.fxgl.core.serialization.Bundle
21:25:20.357 [ClientAsyncConnThread    ] DEBUG TCPClient            - Created socket to 127.0.0.1:50000
21:25:20.358 [ClientAsyncConnThread    ] DEBUG Endpoint             - TCPClient opening new connection (1) from /127.0.0.1:50000 type: class com.almasb.fxgl.core.serialization.Bundle
21:25:20.358 [ClientAsyncConnThread    ] DEBUG Endpoint             - TCPClient successfully opened connection (1)
21:25:20.413 [TCPClient_SendThread-1   ] DEBUG Writers              - Getting TCPMessageWriter for class com.almasb.fxgl.core.serialization.Bundle
21:25:20.417 [TCPClient_SendThread-1   ] DEBUG Writers              - Constructed TCPMessageWriter for class com.almasb.fxgl.core.serialization.Bundle: BundleTCPMessageWriter
21:25:20.440 [TCPClient_RecvThread-1   ] DEBUG Readers              - Getting TCPMessageReader for class com.almasb.fxgl.core.serialization.Bundle
21:25:20.442 [TCPClient_RecvThread-1   ] DEBUG Readers              - Constructed MessageReader for class com.almasb.fxgl.core.serialization.Bundle: BundleTCPMessageReader
21:25:20.573 [JavaFX Application Thread] DEBUG FXGLAssetLoaderServi - Loading from file system: file:/C:/Users/Owner/Desktop/Sonic-rush/target/classes/assets/textures/Personajes/knuckles.png
21:25:20.581 [JavaFX Application Thread] DEBUG FXGLAssetLoaderServi - Loading from file system: file:/C:/Users/Owner/Desktop/Sonic-rush/target/classes/assets/textures/Personajes/knuckles_golpe.png
21:25:24.184 [JavaFX Application Thread] DEBUG FXGLAssetLoaderServi - Loading from file system: file:/C:/Users/Owner/Desktop/Sonic-rush/target/classes/assets/sounds/recoger.wav
21:25:29.156 [JavaFX Application Thread] DEBUG FXGLAssetLoaderServi - Loading from file system: file:/C:/Users/Owner/Desktop/Sonic-rush/target/classes/assets/sounds/perder_anillos.wav
21:25:32.185 [JavaFX Application Thread] DEBUG FXGLAssetLoaderServi - Loading from file system: file:/C:/Users/Owner/Desktop/Sonic-rush/target/classes/assets/textures/Enemigos/eggman2.png
21:25:52.388 [JavaFX Application Thread] WARN  TMXLevelLoader       - TiledMap generated from 1.11.2. Supported version: 1.9.0. Some features may not be parsed fully.
21:25:52.472 [JavaFX Application Thread] DEBUG TMXLevelLoader       - Parsed TiledMap: file:/C:/Users/Owner/Desktop/Sonic-rush/target/classes/assets/levels/mapazo.tmx
21:25:52.472 [JavaFX Application Thread] DEBUG TMXLevelLoader       - Creating tile layer entities
21:25:52.474 [JavaFX Application Thread] DEBUG TilesetLoader        - Loading view for layer Capa de patrones 1
21:25:52.489 [JavaFX Application Thread] DEBUG TilesetLoader        - Created buffer with size 3840.0x720.0
21:25:52.566 [JavaFX Application Thread] DEBUG TMXLevelLoader       - Creating object layer entities
21:25:52.648 [JavaFX Application Thread] DEBUG GameWorld            - Clearing removable entities
21:25:52.649 [JavaFX Application Thread] DEBUG GameWorld            - Setting level: com.almasb.fxgl.entity.level.Level@3f042730
21:25:52.789 [ClientAsyncConnThread    ] DEBUG TCPClient            - Connecting to 127.0.0.1:50000 type: class com.almasb.fxgl.core.serialization.Bundle
21:25:52.795 [ClientAsyncConnThread    ] DEBUG TCPClient            - Created socket to 127.0.0.1:50000
21:25:52.796 [ClientAsyncConnThread    ] DEBUG Endpoint             - TCPClient opening new connection (1) from /127.0.0.1:50000 type: class com.almasb.fxgl.core.serialization.Bundle
21:25:52.797 [ClientAsyncConnThread    ] DEBUG Endpoint             - TCPClient successfully opened connection (1)
21:25:53.003 [TCPClient_SendThread-1   ] DEBUG Writers              - Getting TCPMessageWriter for class com.almasb.fxgl.core.serialization.Bundle
21:25:53.006 [TCPClient_SendThread-1   ] DEBUG Writers              - Constructed TCPMessageWriter for class com.almasb.fxgl.core.serialization.Bundle: BundleTCPMessageWriter
21:25:53.016 [TCPClient_RecvThread-1   ] DEBUG Readers              - Getting TCPMessageReader for class com.almasb.fxgl.core.serialization.Bundle
21:25:53.023 [TCPClient_RecvThread-1   ] DEBUG Readers              - Constructed MessageReader for class com.almasb.fxgl.core.serialization.Bundle: BundleTCPMessageReader
21:26:13.049 [JavaFX Application Thread] DEBUG FXGLApplication      - Exiting FXGL
21:26:13.049 [JavaFX Application Thread] DEBUG LoopRunner           - Stopping loop
21:26:13.049 [JavaFX Application Thread] DEBUG SystemBundleService  - Saving FXGL system data
21:26:13.051 [JavaFX Application Thread] DEBUG FileSystemAccess     - Writing to: C:\Users\Owner\Desktop\Sonic-rush\system\fxgl.bundle
21:26:13.054 [JavaFX Application Thread] DEBUG Async                - Shutting down background threads
21:26:13.054 [JavaFX Application Thread] DEBUG PrimaryStageWindow   - Closing main window
21:26:13.063 [JavaFX Application Thread] DEBUG Logger               - Closing Logger
