14:20:44.045 [main                     ] DEBUG Logger               - Configured Logger
14:20:44.562 [main                     ] DEBUG GameApplication      - Logging settings
Title: Jugador Sonic
Version: 0.0
Width: 1000
Height: 600
Fullscreen: false
Intro: false
Profiling: false
Single step:false
App Mode: DEVELOPER
Menu Key: ESCAPE
Stage Style: DECORATED
Scene Factory: class com.almasb.fxgl.app.scene.SceneFactory

14:20:56.528 [JavaFX Application Thread] DEBUG FXGLApplication      - Initializing FXGL
14:20:56.605 [JavaFX Application Thread] INFO  Engine               - FXGL-17.3 (30.03.2023 11.49) on WINDOWS (J:17.0.12 FX:20)
14:20:56.622 [JavaFX Application Thread] DEBUG Engine               - JRE Vendor Name: Oracle Corporation
14:20:56.624 [JavaFX Application Thread] DEBUG Engine               - Running on OS: Windows 10 version 10.0
14:20:56.624 [JavaFX Application Thread] DEBUG Engine               - Architecture: amd64
14:20:56.624 [JavaFX Application Thread] INFO  Engine               - Source code and latest versions at: https://github.com/AlmasB/FXGL
14:20:56.625 [JavaFX Application Thread] INFO  Engine               -       Ask questions and discuss at: https://github.com/AlmasB/FXGL/discussions
14:20:56.625 [JavaFX Application Thread] INFO  Engine               -              Join the FXGL chat at: https://gitter.im/AlmasB/FXGL
14:20:59.186 [JavaFX Application Thread] DEBUG PrimaryStageWindow   - Creating a JavaFX scene
14:21:00.125 [JavaFX Application Thread] DEBUG PrimaryStageWindow   - Target settings size: 1000.0 x 600.0
14:21:00.126 [JavaFX Application Thread] DEBUG PrimaryStageWindow   - Scaled scene size:    1000.0 x 600.0
14:21:00.126 [JavaFX Application Thread] DEBUG PrimaryStageWindow   - Scaled ratio: (1.0, 1.0)
14:21:00.130 [JavaFX Application Thread] DEBUG PrimaryStageWindow   - Set initial scene to FXGLStartupScene
14:21:00.176 [JavaFX Application Thread] DEBUG PrimaryStageWindow   - Opening main window
14:21:01.835 [JavaFX Application Thread] DEBUG PrimaryStageWindow   - Window border size: (14.4000244140625, 37.5999755859375)
14:21:01.836 [JavaFX Application Thread] DEBUG PrimaryStageWindow   - Scaled size: 1000.0 x 600.0
14:21:01.837 [JavaFX Application Thread] DEBUG PrimaryStageWindow   - Scaled ratio: (1.0, 1.0)
14:21:01.841 [JavaFX Application Thread] DEBUG PrimaryStageWindow   - Scene size: 1000.0 x 600.0
14:21:01.842 [JavaFX Application Thread] DEBUG PrimaryStageWindow   - Stage size: 1014.4000244140625 x 637.5999755859375
14:21:02.067 [FXGL Background Thread 1 ] DEBUG Engine               - Initializing environment variables
14:21:02.262 [FXGL Background Thread 1 ] DEBUG FXGLAssetLoaderServi - User app class for loading assets: class Runner.ClientRunner
14:21:02.262 [FXGL Background Thread 1 ] DEBUG GameApplicationServi - Applying CSS: fxgl_dark.css
14:21:02.264 [FXGL Background Thread 1 ] DEBUG FXGLAssetLoaderServi - Loading from file system: jar:file:/C:/Users/Owner/.m2/repository/com/github/almasb/fxgl/17.3/fxgl-17.3.jar!/fxglassets/ui/css/fxgl_dark.css
14:21:02.768 [FXGL Background Thread 1 ] DEBUG GameApplicationServi - Initializing application scenes
14:21:03.250 [FXGL Background Thread 1 ] DEBUG GameWorld            - Game world initialized
14:21:03.392 [FXGL Background Thread 1 ] DEBUG PhysicsWorld         - Physics world initialized: appHeight=600, physics.ppm=50.0
14:21:03.393 [FXGL Background Thread 1 ] DEBUG PhysicsWorld         - Using strategy: BRUTE_FORCE
14:21:03.407 [FXGL Background Thread 1 ] DEBUG GameScene            - Game scene initialized: 1000x600
14:21:03.518 [FXGL Background Thread 1 ] DEBUG FXGL.DefaultMenu     - createMenuBodyGameMenu()
14:21:03.727 [FXGL Background Thread 1 ] DEBUG FXGL.DefaultMenu     - createOptionsMenu()
14:21:03.904 [FXGL Background Thread 1 ] DEBUG FXGLAssetLoaderServi - Loading from file system: jar:file:/C:/Users/Owner/.m2/repository/com/github/almasb/fxgl/17.3/fxgl-17.3.jar!/fxglassets/textures/particles/smoke.png
14:21:04.723 [FXGL Background Thread 1 ] DEBUG FXGLAssetLoaderServi - Loading from file system: jar:file:/C:/Users/Owner/.m2/repository/com/github/almasb/fxgl/17.3/fxgl-17.3.jar!/fxglassets/textures/particles/trace_horizontal.png
14:21:04.856 [FXGL Background Thread 1 ] DEBUG GameApplicationServi - Application scenes initialized
14:21:04.961 [FXGL Background Thread 1 ] DEBUG SystemBundleService  - Loading FXGL system data
14:21:05.054 [FXGL Background Thread 1 ] DEBUG FileSystemAccess     - Reading from: C:\Users\Owner\Desktop\Sonic-rush\system\fxgl.bundle
14:21:05.129 [FXGL Background Thread 1 ] DEBUG SystemBundleService  - Bundle FXGL: {}
14:21:05.131 [FXGL Background Thread 1 ] DEBUG UpdaterService       - Checking for updates
14:21:05.219 [FXGL Background Thread 4 ] DEBUG FXGLApplication      - Loading fonts
14:21:05.319 [FXGL Background Thread 4 ] DEBUG FXGLAssetLoaderServi - Loading from file system: jar:file:/C:/Users/Owner/.m2/repository/com/github/almasb/fxgl/17.3/fxgl-17.3.jar!/fxglassets/ui/fonts/VarelaRound-Regular.ttf
14:21:05.364 [FXGL Background Thread 1 ] DEBUG FXGLApplication      - Loading default localization
14:21:05.366 [FXGL Background Thread 1 ] DEBUG FXGLAssetLoaderServi - Loading from file system: jar:file:/C:/Users/Owner/.m2/repository/com/github/almasb/fxgl/17.3/fxgl-17.3.jar!/fxglassets/languages/english.lang
14:21:05.652 [FXGL Background Thread 1 ] INFO  FXGLApplication      - FXGL initialization took: 3.584 sec
14:21:05.819 [JavaFX Application Thread] DEBUG Input                - Registered new binding: Mover a la izquierda - A
14:21:05.820 [JavaFX Application Thread] DEBUG Input                - Registered new binding: Mover a la derecha - D
14:21:05.821 [JavaFX Application Thread] DEBUG Input                - Registered new binding: Saltar - W
14:21:05.821 [JavaFX Application Thread] DEBUG Input                - Registered new binding: Interactuar - E
14:21:05.823 [JavaFX Application Thread] DEBUG FXGLAssetLoaderServi - Loading from file system: jar:file:/C:/Users/Owner/.m2/repository/com/github/almasb/fxgl/17.3/fxgl-17.3.jar!/fxglassets/textures/fxgl_icon.png
14:21:06.031 [JavaFX Application Thread] DEBUG FXGLAssetLoaderServi - Loading from file system: jar:file:/C:/Users/Owner/.m2/repository/com/github/almasb/fxgl/17.3/fxgl-17.3.jar!/fxglassets/textures/fxgl_default_cursor.png
14:21:06.036 [JavaFX Application Thread] DEBUG Input                - Registered new binding: Screenshot - CTRL+8
14:21:06.037 [JavaFX Application Thread] DEBUG Input                - Registered new binding: System info dump - CTRL+9
14:21:06.042 [JavaFX Application Thread] DEBUG Input                - Registered new binding: Restart - CTRL+R
14:21:06.045 [JavaFX Application Thread] DEBUG Input                - Registered new binding: Toggle Debug Camera - CTRL+7
14:21:06.056 [JavaFX Application Thread] DEBUG LoopRunner           - Starting loop
14:21:06.056 [JavaFX Application Thread] DEBUG LoopRunner           - Initializing JavaFX AnimationTimerLoop
14:21:06.065 [JavaFX Application Thread] DEBUG GameApplicationServi - Starting new game
14:21:06.066 [JavaFX Application Thread] DEBUG Input                - Clearing active input actions
14:21:06.166 [JavaFX Application Thread] DEBUG GameApplicationServi - Removing overlay from FXGLStartupScene and adding to FXGLLoadingScene
14:21:06.177 [JavaFX Application Thread] DEBUG PrimaryStageWindow   - FXGLStartupScene -> FXGLLoadingScene
14:21:06.194 [JavaFX Application Thread] DEBUG GameApplicationServi - Clearing previous game
14:21:06.195 [JavaFX Application Thread] DEBUG GameScene            - Clearing game scene
14:21:06.195 [JavaFX Application Thread] DEBUG GameWorld            - Clearing game world
14:21:06.202 [JavaFX Application Thread] DEBUG PhysicsWorld         - Clearing physics world
14:21:06.216 [FXGL Background Thread 1 ] DEBUG FXGLApplication      - Initializing game
14:21:06.312 [FXGL Background Thread 1 ] DEBUG FXGLAssetLoaderServi - Loading from file system: file:/C:/Users/Owner/Desktop/Sonic-rush/target/classes/assets/music/OST2.mp3
14:21:07.254 [FXGL Background Thread 4 ] DEBUG FXGLAssetLoaderServi - Loading from file system: jar:file:/C:/Users/Owner/.m2/repository/com/github/almasb/fxgl/17.3/fxgl-17.3.jar!/fxglassets/ui/fonts/Abel-Regular.ttf
14:21:07.262 [FXGL Background Thread 4 ] DEBUG FXGLAssetLoaderServi - Loading from file system: jar:file:/C:/Users/Owner/.m2/repository/com/github/almasb/fxgl/17.3/fxgl-17.3.jar!/fxglassets/ui/fonts/TerminalLandMono-Regular.otf
14:21:07.279 [FXGL Background Thread 4 ] DEBUG FXGLAssetLoaderServi - Loading from file system: jar:file:/C:/Users/Owner/.m2/repository/com/github/almasb/fxgl/17.3/fxgl-17.3.jar!/fxglassets/ui/fonts/Courier-Prime.ttf
14:21:07.303 [JavaFX Application Thread] DEBUG FXGLApplication      - Registering font factories with UI factory
14:21:08.174 [FXGL Background Thread 3 ] DEBUG Engine               - Logging environment variables
14:21:08.203 [FXGL Background Thread 3 ] DEBUG Engine               - achievements: []
14:21:08.212 [FXGL Background Thread 3 ] DEBUG Engine               - actualHeight: 600.0
14:21:08.215 [FXGL Background Thread 3 ] DEBUG Engine               - actualHeightProperty: ReadOnlyDoubleProperty [value: 600.0]
14:21:08.215 [FXGL Background Thread 3 ] DEBUG Engine               - actualWidth: 1000.0
14:21:08.218 [FXGL Background Thread 3 ] DEBUG Engine               - actualWidthProperty: ReadOnlyDoubleProperty [value: 1000.0]
14:21:08.218 [FXGL Background Thread 3 ] DEBUG Engine               - appIcon: fxgl_icon.png
14:21:08.219 [FXGL Background Thread 3 ] DEBUG Engine               - applicationMode: DEVELOPER
14:21:08.220 [FXGL Background Thread 3 ] DEBUG Engine               - cSSList: [fxgl_dark.css]
14:21:08.220 [FXGL Background Thread 3 ] DEBUG Engine               - collisionDetectionStrategy: BRUTE_FORCE
14:21:08.221 [FXGL Background Thread 3 ] DEBUG Engine               - configClass: Optional.empty
14:21:08.221 [FXGL Background Thread 3 ] DEBUG Engine               - credits: []
14:21:08.221 [FXGL Background Thread 3 ] DEBUG Engine               - defaultCursor: CursorInfo(imageName=fxgl_default_cursor.png, hotspotX=7.0, hotspotY=6.0)
14:21:08.222 [FXGL Background Thread 3 ] DEBUG Engine               - devBBoxColorProperty: ObjectProperty [value: 0xff0000ff]
14:21:08.222 [FXGL Background Thread 3 ] DEBUG Engine               - devEnableDebugCameraProperty: BooleanProperty [value: false]
14:21:08.222 [FXGL Background Thread 3 ] DEBUG Engine               - devSensorColorProperty: ObjectProperty [value: 0xffff00ff]
14:21:08.222 [FXGL Background Thread 3 ] DEBUG Engine               - devShowBBoxProperty: BooleanProperty [value: false]
14:21:08.222 [FXGL Background Thread 3 ] DEBUG Engine               - devShowPositionProperty: BooleanProperty [value: false]
14:21:08.223 [FXGL Background Thread 3 ] DEBUG Engine               - enabledMenuItems: []
14:21:08.223 [FXGL Background Thread 3 ] DEBUG Engine               - engineServices: [class com.almasb.fxgl.app.services.FXGLAssetLoaderService, class com.almasb.fxgl.app.FXGLApplication$GameApplicationService, class com.almasb.fxgl.app.services.FXGLDialogService, class com.almasb.fxgl.app.services.IOTaskExecutorService, class com.almasb.fxgl.io.FileSystemService, class com.almasb.fxgl.localization.LocalizationService, class com.almasb.fxgl.app.services.SystemBundleService, class com.almasb.fxgl.profile.SaveLoadService, class com.almasb.fxgl.ui.FXGLUIFactoryServiceProvider, class com.almasb.fxgl.ui.FXGLDialogFactoryServiceProvider, class com.almasb.fxgl.audio.AudioPlayer, class com.almasb.fxgl.notification.impl.NotificationServiceProvider, class com.almasb.fxgl.achievement.AchievementService, class com.almasb.fxgl.cutscene.CutsceneService, class com.almasb.fxgl.minigames.MiniGameService, class com.almasb.fxgl.net.NetService, class com.almasb.fxgl.app.services.UpdaterService, class com.almasb.fxgl.dev.DevService, class com.almasb.fxgl.multiplayer.MultiplayerService]
14:21:08.223 [FXGL Background Thread 3 ] DEBUG Engine               - fontGame: Abel-Regular.ttf
14:21:08.223 [FXGL Background Thread 3 ] DEBUG Engine               - fontMono: TerminalLandMono-Regular.otf
14:21:08.223 [FXGL Background Thread 3 ] DEBUG Engine               - fontSizeScaleUI: 1.0
14:21:08.223 [FXGL Background Thread 3 ] DEBUG Engine               - fontText: Courier-Prime.ttf
14:21:08.223 [FXGL Background Thread 3 ] DEBUG Engine               - fontUI: VarelaRound-Regular.ttf
14:21:08.224 [FXGL Background Thread 3 ] DEBUG Engine               - fullScreen: BooleanProperty [value: false]
14:21:08.224 [FXGL Background Thread 3 ] DEBUG Engine               - gameDifficulty: MEDIUM
14:21:08.224 [FXGL Background Thread 3 ] DEBUG Engine               - gameDifficultyProperty: ObjectProperty [value: MEDIUM]
14:21:08.224 [FXGL Background Thread 3 ] DEBUG Engine               - globalMusicVolume: 0.5
14:21:08.224 [FXGL Background Thread 3 ] DEBUG Engine               - globalMusicVolumeProperty: DoubleProperty [value: 0.5]
14:21:08.224 [FXGL Background Thread 3 ] DEBUG Engine               - globalSoundVolume: 0.5
14:21:08.225 [FXGL Background Thread 3 ] DEBUG Engine               - globalSoundVolumeProperty: DoubleProperty [value: 0.5]
14:21:08.225 [FXGL Background Thread 3 ] DEBUG Engine               - height: 600
14:21:08.225 [FXGL Background Thread 3 ] DEBUG Engine               - is3D: false
14:21:08.225 [FXGL Background Thread 3 ] DEBUG Engine               - isAndroid: false
14:21:08.225 [FXGL Background Thread 3 ] DEBUG Engine               - isBrowser: false
14:21:08.225 [FXGL Background Thread 3 ] DEBUG Engine               - isClickFeedbackEnabled: false
14:21:08.226 [FXGL Background Thread 3 ] DEBUG Engine               - isCloseConfirmation: false
14:21:08.226 [FXGL Background Thread 3 ] DEBUG Engine               - isDesktop: true
14:21:08.226 [FXGL Background Thread 3 ] DEBUG Engine               - isDeveloperMenuEnabled: false
14:21:08.226 [FXGL Background Thread 3 ] DEBUG Engine               - isEmbedded: false
14:21:08.226 [FXGL Background Thread 3 ] DEBUG Engine               - isEntityPreloadEnabled: true
14:21:08.226 [FXGL Background Thread 3 ] DEBUG Engine               - isExperimentalTiledLargeMap: false
14:21:08.226 [FXGL Background Thread 3 ] DEBUG Engine               - isFileSystemWriteAllowed: true
14:21:08.226 [FXGL Background Thread 3 ] DEBUG Engine               - isFullScreenAllowed: false
14:21:08.227 [FXGL Background Thread 3 ] DEBUG Engine               - isFullScreenFromStart: false
14:21:08.227 [FXGL Background Thread 3 ] DEBUG Engine               - isGameMenuEnabled: true
14:21:08.227 [FXGL Background Thread 3 ] DEBUG Engine               - isIOS: false
14:21:08.227 [FXGL Background Thread 3 ] DEBUG Engine               - isIntroEnabled: false
14:21:08.227 [FXGL Background Thread 3 ] DEBUG Engine               - isLinux: false
14:21:08.227 [FXGL Background Thread 3 ] DEBUG Engine               - isMac: false
14:21:08.228 [FXGL Background Thread 3 ] DEBUG Engine               - isMainMenuEnabled: false
14:21:08.228 [FXGL Background Thread 3 ] DEBUG Engine               - isManualResizeEnabled: false
14:21:08.228 [FXGL Background Thread 3 ] DEBUG Engine               - isMobile: false
14:21:08.228 [FXGL Background Thread 3 ] DEBUG Engine               - isNative: false
14:21:08.229 [FXGL Background Thread 3 ] DEBUG Engine               - isPauseMusicWhenMinimized: true
14:21:08.229 [FXGL Background Thread 3 ] DEBUG Engine               - isPreserveResizeRatio: false
14:21:08.230 [FXGL Background Thread 3 ] DEBUG Engine               - isProfilingEnabled: false
14:21:08.230 [FXGL Background Thread 3 ] DEBUG Engine               - isScaleAffectedOnResize: true
14:21:08.230 [FXGL Background Thread 3 ] DEBUG Engine               - isSingleStep: false
14:21:08.230 [FXGL Background Thread 3 ] DEBUG Engine               - isUserProfileEnabled: false
14:21:08.230 [FXGL Background Thread 3 ] DEBUG Engine               - isWindows: true
14:21:08.230 [FXGL Background Thread 3 ] DEBUG Engine               - language: ObjectProperty [value: ENGLISH]
14:21:08.230 [FXGL Background Thread 3 ] DEBUG Engine               - menuKey: ESCAPE
14:21:08.231 [FXGL Background Thread 3 ] DEBUG Engine               - mouseSensitivity: 0.2
14:21:08.231 [FXGL Background Thread 3 ] DEBUG Engine               - notificationViewClass: class com.almasb.fxgl.notification.view.XboxNotificationView
14:21:08.232 [FXGL Background Thread 3 ] DEBUG Engine               - pixelsPerMeter: 50.0
14:21:08.232 [FXGL Background Thread 3 ] DEBUG Engine               - platform: WINDOWS
14:21:08.232 [FXGL Background Thread 3 ] DEBUG Engine               - prefHeightProperty: ReadOnlyDoubleProperty [value: 600.0]
14:21:08.232 [FXGL Background Thread 3 ] DEBUG Engine               - prefWidthProperty: ReadOnlyDoubleProperty [value: 1000.0]
14:21:08.232 [FXGL Background Thread 3 ] DEBUG Engine               - profileDir: profiles/
14:21:08.232 [FXGL Background Thread 3 ] DEBUG Engine               - profileName: StringProperty [value: DEFAULT]
14:21:08.232 [FXGL Background Thread 3 ] DEBUG Engine               - randomSeed: -1
14:21:08.236 [FXGL Background Thread 3 ] DEBUG Engine               - runtimeInfo: RuntimeInfo(platform=WINDOWS, version=17.3, build=30.03.2023 11.49)
14:21:08.237 [FXGL Background Thread 3 ] DEBUG Engine               - saveFileExt: sav
14:21:08.237 [FXGL Background Thread 3 ] DEBUG Engine               - scaledHeightProp$fxgl: DoubleProperty [bound, value: 600.0]
14:21:08.244 [FXGL Background Thread 3 ] DEBUG Engine               - scaledWidthProp$fxgl: DoubleProperty [bound, value: 1000.0]
14:21:08.252 [FXGL Background Thread 3 ] DEBUG Engine               - sceneFactory: com.almasb.fxgl.app.scene.SceneFactory@4895348f
14:21:08.252 [FXGL Background Thread 3 ] DEBUG Engine               - secondsIn24h: 60
14:21:08.252 [FXGL Background Thread 3 ] DEBUG Engine               - soundMenuBack: menu/back.wav
14:21:08.253 [FXGL Background Thread 3 ] DEBUG Engine               - soundMenuPress: menu/press.wav
14:21:08.253 [FXGL Background Thread 3 ] DEBUG Engine               - soundMenuSelect: menu/select.wav
14:21:08.253 [FXGL Background Thread 3 ] DEBUG Engine               - soundNotification: core/notification.wav
14:21:08.254 [FXGL Background Thread 3 ] DEBUG Engine               - stageStyle: DECORATED
14:21:08.255 [FXGL Background Thread 3 ] DEBUG Engine               - supportedLanguages: [ENGLISH, FRENCH, GERMAN, HUNGARIAN, RUSSIAN]
14:21:08.256 [FXGL Background Thread 3 ] DEBUG Engine               - ticksPerSecond: -1
14:21:08.256 [FXGL Background Thread 3 ] DEBUG Engine               - title: Jugador Sonic
14:21:08.256 [FXGL Background Thread 3 ] DEBUG Engine               - urlGithub: https://github.com/AlmasB/FXGL
14:21:08.256 [FXGL Background Thread 3 ] DEBUG Engine               - urlLeaderboard: http://fxgl-top.herokuapp.com/
14:21:08.256 [FXGL Background Thread 3 ] DEBUG Engine               - urlPOM: https://raw.githubusercontent.com/AlmasB/FXGL/release/README.md
14:21:08.256 [FXGL Background Thread 3 ] DEBUG Engine               - userAppClass: class Runner.ClientRunner
14:21:08.256 [FXGL Background Thread 3 ] DEBUG Engine               - version: 0.0
14:21:08.256 [FXGL Background Thread 3 ] DEBUG Engine               - versionCheckDays: 7
14:21:08.257 [FXGL Background Thread 3 ] DEBUG Engine               - width: 1000
14:21:08.257 [FXGL Background Thread 3 ] DEBUG Engine               - Logging services
14:21:08.257 [FXGL Background Thread 3 ] DEBUG Engine               - class com.almasb.fxgl.app.services.FXGLAssetLoaderService
14:21:08.257 [FXGL Background Thread 3 ] DEBUG Engine               - class com.almasb.fxgl.app.FXGLApplication$GameApplicationService
14:21:08.257 [FXGL Background Thread 3 ] DEBUG Engine               - class com.almasb.fxgl.app.services.FXGLDialogService
14:21:08.257 [FXGL Background Thread 3 ] DEBUG Engine               - class com.almasb.fxgl.app.services.IOTaskExecutorService
14:21:08.257 [FXGL Background Thread 3 ] DEBUG Engine               - class com.almasb.fxgl.io.FileSystemService
14:21:08.257 [FXGL Background Thread 3 ] DEBUG Engine               - class com.almasb.fxgl.localization.LocalizationService
14:21:08.257 [FXGL Background Thread 3 ] DEBUG Engine               - class com.almasb.fxgl.app.services.SystemBundleService
14:21:08.257 [FXGL Background Thread 3 ] DEBUG Engine               - class com.almasb.fxgl.profile.SaveLoadService
14:21:08.354 [FXGL Background Thread 3 ] DEBUG Engine               - class com.almasb.fxgl.ui.FXGLUIFactoryServiceProvider
14:21:08.355 [FXGL Background Thread 3 ] DEBUG Engine               - class com.almasb.fxgl.ui.FXGLDialogFactoryServiceProvider
14:21:08.355 [FXGL Background Thread 3 ] DEBUG Engine               - class com.almasb.fxgl.audio.AudioPlayer
14:21:08.355 [FXGL Background Thread 3 ] DEBUG Engine               - class com.almasb.fxgl.notification.impl.NotificationServiceProvider
14:21:08.355 [FXGL Background Thread 3 ] DEBUG Engine               - class com.almasb.fxgl.achievement.AchievementService
14:21:08.355 [FXGL Background Thread 3 ] DEBUG Engine               - class com.almasb.fxgl.cutscene.CutsceneService
14:21:08.355 [FXGL Background Thread 3 ] DEBUG Engine               - class com.almasb.fxgl.minigames.MiniGameService
14:21:08.356 [FXGL Background Thread 3 ] DEBUG Engine               - class com.almasb.fxgl.net.NetService
14:21:08.356 [FXGL Background Thread 3 ] DEBUG Engine               - class com.almasb.fxgl.app.services.UpdaterService
14:21:08.356 [FXGL Background Thread 3 ] DEBUG Engine               - class com.almasb.fxgl.dev.DevService
14:21:08.356 [FXGL Background Thread 3 ] DEBUG Engine               - class com.almasb.fxgl.multiplayer.MultiplayerService
14:21:08.532 [FXGL Background Thread 1 ] DEBUG AudioPlayer          - Playing music com.almasb.fxgl.audio.Music@6872a1ed
14:21:08.592 [JavaFX Application Thread] DEBUG FXGLAssetLoaderServi - Loading from file system: file:/C:/Users/Owner/Desktop/Sonic-rush/target/classes/assets/ui/fonts/PublicPixel.ttf
14:21:08.623 [FXGL Background Thread 1 ] INFO  FXGLApplication      - Game initialization took: 2.407 sec
14:21:09.128 [JavaFX Application Thread] DEBUG Input                - Clearing active input actions
14:21:09.260 [JavaFX Application Thread] DEBUG GameApplicationServi - Removing overlay from FXGLLoadingScene and adding to GameScene
14:21:09.315 [JavaFX Application Thread] DEBUG PrimaryStageWindow   - FXGLLoadingScene -> GameScene
14:21:10.143 [FXGL Background Thread 2 ] INFO  UpdaterService       - Your current version:  17.3
14:21:10.192 [FXGL Background Thread 2 ] INFO  UpdaterService       - Latest stable version: 21.1
14:21:22.125 [JavaFX Application Thread] WARN  FXGLAssetLoaderServi - Asset "/assets/textures/fondo.png" was not found!
14:21:22.164 [JavaFX Application Thread] WARN  FXGLAssetLoaderServi - Failed to load IMAGE
14:21:22.835 [JavaFX Application Thread] WARN  TMXLevelLoader       - TiledMap generated from 1.11.2. Supported version: 1.9.0. Some features may not be parsed fully.
14:21:23.033 [JavaFX Application Thread] DEBUG TMXLevelLoader       - Parsed TiledMap: file:/C:/Users/Owner/Desktop/Sonic-rush/target/classes/assets/levels/mapazo.tmx
14:21:23.035 [JavaFX Application Thread] DEBUG TMXLevelLoader       - Creating tile layer entities
14:21:23.041 [JavaFX Application Thread] DEBUG TilesetLoader        - Loading view for layer Capa de patrones 1
14:21:23.052 [JavaFX Application Thread] DEBUG TilesetLoader        - Created buffer with size 3840.0x720.0
14:21:23.200 [JavaFX Application Thread] DEBUG TMXLevelLoader       - Creating object layer entities
14:21:23.284 [JavaFX Application Thread] DEBUG GameWorld            - Clearing removable entities
14:21:23.288 [JavaFX Application Thread] DEBUG GameWorld            - Setting level: com.almasb.fxgl.entity.level.Level@2f0e89b9
14:21:23.385 [ClientAsyncConnThread    ] DEBUG TCPClient            - Connecting to 127.0.0.1:50000 type: class com.almasb.fxgl.core.serialization.Bundle
14:21:23.390 [ClientAsyncConnThread    ] WARN  IOTask               - ClientConnect failed
java.lang.RuntimeException: Failed to create a socket to address 127.0.0.1 : 50000 Error: java.net.ConnectException: Connection refused: connect
	at com.almasb.fxgl.net.tcp.TCPClient.connect(TCPClient.java:46)
	at com.almasb.fxgl.core.concurrent.IOTask.lambda$ofVoid$5(IOTask.java:184)
	at com.almasb.fxgl.core.concurrent.IOTask$2.onExecute(IOTask.java:197)
	at com.almasb.fxgl.core.concurrent.IOTask.run(IOTask.java:118)
	at java.base/java.lang.Thread.run(Thread.java:842)
Caused by: java.net.ConnectException: Connection refused: connect
	at java.base/sun.nio.ch.Net.connect0(Native Method)
	at java.base/sun.nio.ch.Net.connect(Net.java:579)
	at java.base/sun.nio.ch.Net.connect(Net.java:568)
	at java.base/sun.nio.ch.NioSocketImpl.connect(NioSocketImpl.java:593)
	at java.base/java.net.SocksSocketImpl.connect(SocksSocketImpl.java:327)
	at java.base/java.net.Socket.connect(Socket.java:633)
	at java.base/java.net.Socket.connect(Socket.java:583)
	at java.base/java.net.Socket.<init>(Socket.java:507)
	at java.base/java.net.Socket.<init>(Socket.java:287)
	at com.almasb.fxgl.net.tcp.TCPClient.connect(TCPClient.java:41)
	... 4 more

14:21:26.390 [JavaFX Application Thread] DEBUG FXGLApplication      - Exiting FXGL
14:21:26.390 [JavaFX Application Thread] DEBUG LoopRunner           - Stopping loop
14:21:26.391 [JavaFX Application Thread] DEBUG SystemBundleService  - Saving FXGL system data
14:21:26.403 [JavaFX Application Thread] DEBUG FileSystemAccess     - Writing to: C:\Users\Owner\Desktop\Sonic-rush\system\fxgl.bundle
14:21:26.422 [JavaFX Application Thread] DEBUG Async                - Shutting down background threads
14:21:26.424 [JavaFX Application Thread] DEBUG PrimaryStageWindow   - Closing main window
14:21:26.651 [JavaFX Application Thread] DEBUG Logger               - Closing Logger
