23:39:00.453 [main                     ] DEBUG Logger               - Configured Logger
23:39:00.522 [main                     ] DEBUG GameApplication      - Logging settings
Title: Jugador Sonic
Version: 0.0
Width: 1000
Height: 600
Fullscreen: false
Intro: false
Profiling: false
Single step:false
App Mode: DEVELOPER
Menu Key: ESCAPE
Stage Style: DECORATED
Scene Factory: class com.almasb.fxgl.app.scene.SceneFactory

23:39:02.170 [JavaFX Application Thread] DEBUG FXGLApplication      - Initializing FXGL
23:39:02.174 [JavaFX Application Thread] INFO  Engine               - FXGL-17.3 (30.03.2023 11.49) on WINDOWS (J:21.0.2 FX:20)
23:39:02.175 [JavaFX Application Thread] DEBUG Engine               - JRE Vendor Name: Oracle Corporation
23:39:02.175 [JavaFX Application Thread] DEBUG Engine               - Running on OS: Windows 10 version 10.0
23:39:02.176 [JavaFX Application Thread] DEBUG Engine               - Architecture: amd64
23:39:02.176 [JavaFX Application Thread] INFO  Engine               - Source code and latest versions at: https://github.com/AlmasB/FXGL
23:39:02.176 [JavaFX Application Thread] INFO  Engine               -       Ask questions and discuss at: https://github.com/AlmasB/FXGL/discussions
23:39:02.176 [JavaFX Application Thread] INFO  Engine               -              Join the FXGL chat at: https://gitter.im/AlmasB/FXGL
23:39:02.339 [JavaFX Application Thread] DEBUG PrimaryStageWindow   - Creating a JavaFX scene
23:39:02.403 [JavaFX Application Thread] DEBUG PrimaryStageWindow   - Target settings size: 1000.0 x 600.0
23:39:02.403 [JavaFX Application Thread] DEBUG PrimaryStageWindow   - Scaled scene size:    1000.0 x 600.0
23:39:02.404 [JavaFX Application Thread] DEBUG PrimaryStageWindow   - Scaled ratio: (1.0, 1.0)
23:39:02.405 [JavaFX Application Thread] DEBUG PrimaryStageWindow   - Set initial scene to FXGLStartupScene
23:39:02.409 [JavaFX Application Thread] DEBUG PrimaryStageWindow   - Opening main window
23:39:02.502 [JavaFX Application Thread] DEBUG PrimaryStageWindow   - Window border size: (16.0, 39.0)
23:39:02.502 [JavaFX Application Thread] DEBUG PrimaryStageWindow   - Scaled size: 1000.0 x 600.0
23:39:02.503 [JavaFX Application Thread] DEBUG PrimaryStageWindow   - Scaled ratio: (1.0, 1.0)
23:39:02.503 [JavaFX Application Thread] DEBUG PrimaryStageWindow   - Scene size: 1000.0 x 600.0
23:39:02.503 [JavaFX Application Thread] DEBUG PrimaryStageWindow   - Stage size: 1016.0 x 639.0
23:39:02.512 [FXGL Background Thread 1 ] DEBUG Engine               - Initializing environment variables
23:39:02.574 [FXGL Background Thread 1 ] DEBUG FXGLAssetLoaderServi - User app class for loading assets: class Runner.ClientRunner
23:39:02.574 [FXGL Background Thread 1 ] DEBUG GameApplicationServi - Applying CSS: fxgl_dark.css
23:39:02.575 [FXGL Background Thread 1 ] DEBUG FXGLAssetLoaderServi - Loading from file system: jar:file:/C:/Users/User/.m2/repository/com/github/almasb/fxgl/17.3/fxgl-17.3.jar!/fxglassets/ui/css/fxgl_dark.css
23:39:02.622 [FXGL Background Thread 1 ] DEBUG GameApplicationServi - Initializing application scenes
23:39:02.708 [FXGL Background Thread 1 ] DEBUG GameWorld            - Game world initialized
23:39:02.777 [FXGL Background Thread 1 ] DEBUG PhysicsWorld         - Physics world initialized: appHeight=600, physics.ppm=50,0
23:39:02.777 [FXGL Background Thread 1 ] DEBUG PhysicsWorld         - Using strategy: BRUTE_FORCE
23:39:02.782 [FXGL Background Thread 1 ] DEBUG GameScene            - Game scene initialized: 1000x600
23:39:02.796 [FXGL Background Thread 1 ] DEBUG FXGL.DefaultMenu     - createMenuBodyGameMenu()
23:39:02.815 [FXGL Background Thread 1 ] DEBUG FXGL.DefaultMenu     - createOptionsMenu()
23:39:02.827 [FXGL Background Thread 1 ] DEBUG FXGLAssetLoaderServi - Loading from file system: jar:file:/C:/Users/User/.m2/repository/com/github/almasb/fxgl/17.3/fxgl-17.3.jar!/fxglassets/textures/particles/smoke.png
23:39:02.940 [FXGL Background Thread 1 ] DEBUG FXGLAssetLoaderServi - Loading from file system: jar:file:/C:/Users/User/.m2/repository/com/github/almasb/fxgl/17.3/fxgl-17.3.jar!/fxglassets/textures/particles/trace_horizontal.png
23:39:02.974 [FXGL Background Thread 1 ] DEBUG GameApplicationServi - Application scenes initialized
23:39:02.995 [FXGL Background Thread 1 ] DEBUG SystemBundleService  - Loading FXGL system data
23:39:03.000 [FXGL Background Thread 1 ] DEBUG FileSystemAccess     - Reading from: C:\Users\User\Documents\GitHub\Sonic-rush\system\fxgl.bundle
23:39:03.013 [FXGL Background Thread 1 ] DEBUG SystemBundleService  - Bundle FXGL: {}
23:39:03.013 [FXGL Background Thread 1 ] DEBUG UpdaterService       - Checking for updates
23:39:03.023 [FXGL Background Thread 1 ] DEBUG FXGLApplication      - Loading default localization
23:39:03.024 [FXGL Background Thread 1 ] DEBUG FXGLAssetLoaderServi - Loading from file system: jar:file:/C:/Users/User/.m2/repository/com/github/almasb/fxgl/17.3/fxgl-17.3.jar!/fxglassets/languages/english.lang
23:39:03.049 [FXGL Background Thread 1 ] INFO  FXGLApplication      - FXGL initialization took: 0,537 sec
23:39:03.055 [FXGL Background Thread 4 ] DEBUG FXGLApplication      - Loading fonts
23:39:03.055 [FXGL Background Thread 4 ] DEBUG FXGLAssetLoaderServi - Loading from file system: jar:file:/C:/Users/User/.m2/repository/com/github/almasb/fxgl/17.3/fxgl-17.3.jar!/fxglassets/ui/fonts/VarelaRound-Regular.ttf
23:39:03.064 [JavaFX Application Thread] DEBUG Input                - Registered new binding: Mover a la izquierda - A
23:39:03.064 [JavaFX Application Thread] DEBUG Input                - Registered new binding: Mover a la derecha - D
23:39:03.064 [JavaFX Application Thread] DEBUG Input                - Registered new binding: Saltar - W
23:39:03.065 [JavaFX Application Thread] DEBUG Input                - Registered new binding: Interactuar - E
23:39:03.065 [JavaFX Application Thread] DEBUG Input                - Registered new binding: Desactivar filtro - L
23:39:03.065 [JavaFX Application Thread] DEBUG FXGLAssetLoaderServi - Loading from file system: jar:file:/C:/Users/User/.m2/repository/com/github/almasb/fxgl/17.3/fxgl-17.3.jar!/fxglassets/textures/fxgl_icon.png
23:39:03.095 [JavaFX Application Thread] DEBUG FXGLAssetLoaderServi - Loading from file system: jar:file:/C:/Users/User/.m2/repository/com/github/almasb/fxgl/17.3/fxgl-17.3.jar!/fxglassets/textures/fxgl_default_cursor.png
23:39:03.098 [JavaFX Application Thread] DEBUG Input                - Registered new binding: Screenshot - CTRL+8
23:39:03.098 [JavaFX Application Thread] DEBUG Input                - Registered new binding: System info dump - CTRL+9
23:39:03.098 [JavaFX Application Thread] DEBUG Input                - Registered new binding: Restart - CTRL+R
23:39:03.099 [JavaFX Application Thread] DEBUG Input                - Registered new binding: Toggle Debug Camera - CTRL+7
23:39:03.104 [JavaFX Application Thread] DEBUG LoopRunner           - Starting loop
23:39:03.104 [JavaFX Application Thread] DEBUG LoopRunner           - Initializing JavaFX AnimationTimerLoop
23:39:03.111 [JavaFX Application Thread] DEBUG GameApplicationServi - Starting new game
23:39:03.112 [JavaFX Application Thread] DEBUG Input                - Clearing active input actions
23:39:03.135 [JavaFX Application Thread] DEBUG GameApplicationServi - Removing overlay from FXGLStartupScene and adding to FXGLLoadingScene
23:39:03.136 [JavaFX Application Thread] DEBUG PrimaryStageWindow   - FXGLStartupScene -> FXGLLoadingScene
23:39:03.136 [JavaFX Application Thread] DEBUG GameApplicationServi - Clearing previous game
23:39:03.136 [JavaFX Application Thread] DEBUG GameScene            - Clearing game scene
23:39:03.137 [JavaFX Application Thread] DEBUG GameWorld            - Clearing game world
23:39:03.138 [JavaFX Application Thread] DEBUG PhysicsWorld         - Clearing physics world
23:39:03.139 [FXGL Background Thread 1 ] DEBUG FXGLApplication      - Initializing game
23:39:03.161 [FXGL Background Thread 1 ] DEBUG FXGLAssetLoaderServi - Loading from file system: file:/C:/Users/User/Documents/GitHub/Sonic-rush/target/classes/assets/music/OST2.mp3
23:39:03.168 [FXGL Background Thread 4 ] DEBUG FXGLAssetLoaderServi - Loading from file system: jar:file:/C:/Users/User/.m2/repository/com/github/almasb/fxgl/17.3/fxgl-17.3.jar!/fxglassets/ui/fonts/Abel-Regular.ttf
23:39:03.172 [FXGL Background Thread 4 ] DEBUG FXGLAssetLoaderServi - Loading from file system: jar:file:/C:/Users/User/.m2/repository/com/github/almasb/fxgl/17.3/fxgl-17.3.jar!/fxglassets/ui/fonts/TerminalLandMono-Regular.otf
23:39:03.178 [FXGL Background Thread 4 ] DEBUG FXGLAssetLoaderServi - Loading from file system: jar:file:/C:/Users/User/.m2/repository/com/github/almasb/fxgl/17.3/fxgl-17.3.jar!/fxglassets/ui/fonts/Courier-Prime.ttf
23:39:03.240 [JavaFX Application Thread] DEBUG FXGLApplication      - Registering font factories with UI factory
23:39:03.505 [FXGL Background Thread 1 ] DEBUG AudioPlayer          - Playing music com.almasb.fxgl.audio.Music@44e5e559
23:39:03.509 [JavaFX Application Thread] DEBUG FXGLAssetLoaderServi - Loading from file system: file:/C:/Users/User/Documents/GitHub/Sonic-rush/target/classes/assets/ui/fonts/PublicPixel.ttf
23:39:03.513 [FXGL Background Thread 1 ] INFO  FXGLApplication      - Game initialization took: 0,373 sec
23:39:03.781 [FXGL Background Thread 2 ] INFO  UpdaterService       - Your current version:  17.3
23:39:03.804 [FXGL Background Thread 2 ] INFO  UpdaterService       - Latest stable version: 21.1
23:39:06.021 [FXGL Background Thread 3 ] DEBUG Engine               - Logging environment variables
23:39:06.021 [FXGL Background Thread 3 ] DEBUG Engine               - achievements: []
23:39:06.021 [FXGL Background Thread 3 ] DEBUG Engine               - actualHeight: 600.0
23:39:06.021 [FXGL Background Thread 3 ] DEBUG Engine               - actualHeightProperty: ReadOnlyDoubleProperty [value: 600.0]
23:39:06.022 [FXGL Background Thread 3 ] DEBUG Engine               - actualWidth: 1000.0
23:39:06.022 [FXGL Background Thread 3 ] DEBUG Engine               - actualWidthProperty: ReadOnlyDoubleProperty [value: 1000.0]
23:39:06.022 [FXGL Background Thread 3 ] DEBUG Engine               - appIcon: fxgl_icon.png
23:39:06.022 [FXGL Background Thread 3 ] DEBUG Engine               - applicationMode: DEVELOPER
23:39:06.022 [FXGL Background Thread 3 ] DEBUG Engine               - cSSList: [fxgl_dark.css]
23:39:06.022 [FXGL Background Thread 3 ] DEBUG Engine               - collisionDetectionStrategy: BRUTE_FORCE
23:39:06.022 [FXGL Background Thread 3 ] DEBUG Engine               - configClass: Optional.empty
23:39:06.022 [FXGL Background Thread 3 ] DEBUG Engine               - credits: []
23:39:06.022 [FXGL Background Thread 3 ] DEBUG Engine               - defaultCursor: CursorInfo(imageName=fxgl_default_cursor.png, hotspotX=7.0, hotspotY=6.0)
23:39:06.022 [FXGL Background Thread 3 ] DEBUG Engine               - devBBoxColorProperty: ObjectProperty [value: 0xff0000ff]
23:39:06.022 [FXGL Background Thread 3 ] DEBUG Engine               - devEnableDebugCameraProperty: BooleanProperty [value: false]
23:39:06.022 [FXGL Background Thread 3 ] DEBUG Engine               - devSensorColorProperty: ObjectProperty [value: 0xffff00ff]
23:39:06.023 [FXGL Background Thread 3 ] DEBUG Engine               - devShowBBoxProperty: BooleanProperty [value: false]
23:39:06.023 [FXGL Background Thread 3 ] DEBUG Engine               - devShowPositionProperty: BooleanProperty [value: false]
23:39:06.023 [FXGL Background Thread 3 ] DEBUG Engine               - enabledMenuItems: []
23:39:06.023 [FXGL Background Thread 3 ] DEBUG Engine               - engineServices: [class com.almasb.fxgl.app.services.FXGLAssetLoaderService, class com.almasb.fxgl.app.FXGLApplication$GameApplicationService, class com.almasb.fxgl.app.services.FXGLDialogService, class com.almasb.fxgl.app.services.IOTaskExecutorService, class com.almasb.fxgl.io.FileSystemService, class com.almasb.fxgl.localization.LocalizationService, class com.almasb.fxgl.app.services.SystemBundleService, class com.almasb.fxgl.profile.SaveLoadService, class com.almasb.fxgl.ui.FXGLUIFactoryServiceProvider, class com.almasb.fxgl.ui.FXGLDialogFactoryServiceProvider, class com.almasb.fxgl.audio.AudioPlayer, class com.almasb.fxgl.notification.impl.NotificationServiceProvider, class com.almasb.fxgl.achievement.AchievementService, class com.almasb.fxgl.cutscene.CutsceneService, class com.almasb.fxgl.minigames.MiniGameService, class com.almasb.fxgl.net.NetService, class com.almasb.fxgl.app.services.UpdaterService, class com.almasb.fxgl.dev.DevService, class com.almasb.fxgl.multiplayer.MultiplayerService]
23:39:06.023 [FXGL Background Thread 3 ] DEBUG Engine               - fontGame: Abel-Regular.ttf
23:39:06.023 [FXGL Background Thread 3 ] DEBUG Engine               - fontMono: TerminalLandMono-Regular.otf
23:39:06.023 [FXGL Background Thread 3 ] DEBUG Engine               - fontSizeScaleUI: 1.0
23:39:06.023 [FXGL Background Thread 3 ] DEBUG Engine               - fontText: Courier-Prime.ttf
23:39:06.023 [FXGL Background Thread 3 ] DEBUG Engine               - fontUI: VarelaRound-Regular.ttf
23:39:06.023 [FXGL Background Thread 3 ] DEBUG Engine               - fullScreen: BooleanProperty [value: false]
23:39:06.023 [FXGL Background Thread 3 ] DEBUG Engine               - gameDifficulty: MEDIUM
23:39:06.023 [FXGL Background Thread 3 ] DEBUG Engine               - gameDifficultyProperty: ObjectProperty [value: MEDIUM]
23:39:06.023 [FXGL Background Thread 3 ] DEBUG Engine               - globalMusicVolume: 0.5
23:39:06.023 [FXGL Background Thread 3 ] DEBUG Engine               - globalMusicVolumeProperty: DoubleProperty [value: 0.5]
23:39:06.023 [FXGL Background Thread 3 ] DEBUG Engine               - globalSoundVolume: 0.5
23:39:06.023 [FXGL Background Thread 3 ] DEBUG Engine               - globalSoundVolumeProperty: DoubleProperty [value: 0.5]
23:39:06.023 [FXGL Background Thread 3 ] DEBUG Engine               - height: 600
23:39:06.023 [FXGL Background Thread 3 ] DEBUG Engine               - is3D: false
23:39:06.023 [FXGL Background Thread 3 ] DEBUG Engine               - isAndroid: false
23:39:06.024 [FXGL Background Thread 3 ] DEBUG Engine               - isBrowser: false
23:39:06.024 [FXGL Background Thread 3 ] DEBUG Engine               - isClickFeedbackEnabled: false
23:39:06.024 [FXGL Background Thread 3 ] DEBUG Engine               - isCloseConfirmation: false
23:39:06.024 [FXGL Background Thread 3 ] DEBUG Engine               - isDesktop: true
23:39:06.024 [FXGL Background Thread 3 ] DEBUG Engine               - isDeveloperMenuEnabled: false
23:39:06.024 [FXGL Background Thread 3 ] DEBUG Engine               - isEmbedded: false
23:39:06.024 [FXGL Background Thread 3 ] DEBUG Engine               - isEntityPreloadEnabled: true
23:39:06.024 [FXGL Background Thread 3 ] DEBUG Engine               - isExperimentalTiledLargeMap: false
23:39:06.024 [FXGL Background Thread 3 ] DEBUG Engine               - isFileSystemWriteAllowed: true
23:39:06.024 [FXGL Background Thread 3 ] DEBUG Engine               - isFullScreenAllowed: false
23:39:06.024 [FXGL Background Thread 3 ] DEBUG Engine               - isFullScreenFromStart: false
23:39:06.024 [FXGL Background Thread 3 ] DEBUG Engine               - isGameMenuEnabled: true
23:39:06.024 [FXGL Background Thread 3 ] DEBUG Engine               - isIOS: false
23:39:06.024 [FXGL Background Thread 3 ] DEBUG Engine               - isIntroEnabled: false
23:39:06.024 [FXGL Background Thread 3 ] DEBUG Engine               - isLinux: false
23:39:06.024 [FXGL Background Thread 3 ] DEBUG Engine               - isMac: false
23:39:06.024 [FXGL Background Thread 3 ] DEBUG Engine               - isMainMenuEnabled: false
23:39:06.024 [FXGL Background Thread 3 ] DEBUG Engine               - isManualResizeEnabled: false
23:39:06.024 [FXGL Background Thread 3 ] DEBUG Engine               - isMobile: false
23:39:06.024 [FXGL Background Thread 3 ] DEBUG Engine               - isNative: false
23:39:06.024 [FXGL Background Thread 3 ] DEBUG Engine               - isPauseMusicWhenMinimized: true
23:39:06.024 [FXGL Background Thread 3 ] DEBUG Engine               - isPreserveResizeRatio: false
23:39:06.025 [FXGL Background Thread 3 ] DEBUG Engine               - isProfilingEnabled: false
23:39:06.025 [FXGL Background Thread 3 ] DEBUG Engine               - isScaleAffectedOnResize: true
23:39:06.025 [FXGL Background Thread 3 ] DEBUG Engine               - isSingleStep: false
23:39:06.025 [FXGL Background Thread 3 ] DEBUG Engine               - isUserProfileEnabled: false
23:39:06.025 [FXGL Background Thread 3 ] DEBUG Engine               - isWindows: true
23:39:06.025 [FXGL Background Thread 3 ] DEBUG Engine               - language: ObjectProperty [value: ENGLISH]
23:39:06.025 [FXGL Background Thread 3 ] DEBUG Engine               - menuKey: ESCAPE
23:39:06.025 [FXGL Background Thread 3 ] DEBUG Engine               - mouseSensitivity: 0.2
23:39:06.025 [FXGL Background Thread 3 ] DEBUG Engine               - notificationViewClass: class com.almasb.fxgl.notification.view.XboxNotificationView
23:39:06.025 [FXGL Background Thread 3 ] DEBUG Engine               - pixelsPerMeter: 50.0
23:39:06.025 [FXGL Background Thread 3 ] DEBUG Engine               - platform: WINDOWS
23:39:06.025 [FXGL Background Thread 3 ] DEBUG Engine               - prefHeightProperty: ReadOnlyDoubleProperty [value: 600.0]
23:39:06.025 [FXGL Background Thread 3 ] DEBUG Engine               - prefWidthProperty: ReadOnlyDoubleProperty [value: 1000.0]
23:39:06.025 [FXGL Background Thread 3 ] DEBUG Engine               - profileDir: profiles/
23:39:06.025 [FXGL Background Thread 3 ] DEBUG Engine               - profileName: StringProperty [value: DEFAULT]
23:39:06.025 [FXGL Background Thread 3 ] DEBUG Engine               - randomSeed: -1
23:39:06.026 [FXGL Background Thread 3 ] DEBUG Engine               - runtimeInfo: RuntimeInfo(platform=WINDOWS, version=17.3, build=30.03.2023 11.49)
23:39:06.026 [FXGL Background Thread 3 ] DEBUG Engine               - saveFileExt: sav
23:39:06.026 [FXGL Background Thread 3 ] DEBUG Engine               - scaledHeightProp$fxgl: DoubleProperty [bound, value: 600.0]
23:39:06.026 [FXGL Background Thread 3 ] DEBUG Engine               - scaledWidthProp$fxgl: DoubleProperty [bound, value: 1000.0]
23:39:06.026 [FXGL Background Thread 3 ] DEBUG Engine               - sceneFactory: com.almasb.fxgl.app.scene.SceneFactory@3ccaf0e6
23:39:06.026 [FXGL Background Thread 3 ] DEBUG Engine               - secondsIn24h: 60
23:39:06.026 [FXGL Background Thread 3 ] DEBUG Engine               - soundMenuBack: menu/back.wav
23:39:06.026 [FXGL Background Thread 3 ] DEBUG Engine               - soundMenuPress: menu/press.wav
23:39:06.026 [FXGL Background Thread 3 ] DEBUG Engine               - soundMenuSelect: menu/select.wav
23:39:06.026 [FXGL Background Thread 3 ] DEBUG Engine               - soundNotification: core/notification.wav
23:39:06.026 [FXGL Background Thread 3 ] DEBUG Engine               - stageStyle: DECORATED
23:39:06.026 [FXGL Background Thread 3 ] DEBUG Engine               - supportedLanguages: [ENGLISH, FRENCH, GERMAN, HUNGARIAN, RUSSIAN]
23:39:06.026 [FXGL Background Thread 3 ] DEBUG Engine               - ticksPerSecond: -1
23:39:06.026 [FXGL Background Thread 3 ] DEBUG Engine               - title: Jugador Sonic
23:39:06.026 [FXGL Background Thread 3 ] DEBUG Engine               - urlGithub: https://github.com/AlmasB/FXGL
23:39:06.026 [FXGL Background Thread 3 ] DEBUG Engine               - urlLeaderboard: http://fxgl-top.herokuapp.com/
23:39:06.026 [FXGL Background Thread 3 ] DEBUG Engine               - urlPOM: https://raw.githubusercontent.com/AlmasB/FXGL/release/README.md
23:39:06.027 [FXGL Background Thread 3 ] DEBUG Engine               - userAppClass: class Runner.ClientRunner
23:39:06.027 [FXGL Background Thread 3 ] DEBUG Engine               - version: 0.0
23:39:06.027 [FXGL Background Thread 3 ] DEBUG Engine               - versionCheckDays: 7
23:39:06.027 [FXGL Background Thread 3 ] DEBUG Engine               - width: 1000
23:39:06.027 [FXGL Background Thread 3 ] DEBUG Engine               - Logging services
23:39:06.027 [FXGL Background Thread 3 ] DEBUG Engine               - class com.almasb.fxgl.app.services.FXGLAssetLoaderService
23:39:06.027 [FXGL Background Thread 3 ] DEBUG Engine               - class com.almasb.fxgl.app.FXGLApplication$GameApplicationService
23:39:06.027 [FXGL Background Thread 3 ] DEBUG Engine               - class com.almasb.fxgl.app.services.FXGLDialogService
23:39:06.027 [FXGL Background Thread 3 ] DEBUG Engine               - class com.almasb.fxgl.app.services.IOTaskExecutorService
23:39:06.027 [FXGL Background Thread 3 ] DEBUG Engine               - class com.almasb.fxgl.io.FileSystemService
23:39:06.027 [FXGL Background Thread 3 ] DEBUG Engine               - class com.almasb.fxgl.localization.LocalizationService
23:39:06.027 [FXGL Background Thread 3 ] DEBUG Engine               - class com.almasb.fxgl.app.services.SystemBundleService
23:39:06.027 [FXGL Background Thread 3 ] DEBUG Engine               - class com.almasb.fxgl.profile.SaveLoadService
23:39:06.027 [FXGL Background Thread 3 ] DEBUG Engine               - class com.almasb.fxgl.ui.FXGLUIFactoryServiceProvider
23:39:06.027 [FXGL Background Thread 3 ] DEBUG Engine               - class com.almasb.fxgl.ui.FXGLDialogFactoryServiceProvider
23:39:06.027 [FXGL Background Thread 3 ] DEBUG Engine               - class com.almasb.fxgl.audio.AudioPlayer
23:39:06.027 [FXGL Background Thread 3 ] DEBUG Engine               - class com.almasb.fxgl.notification.impl.NotificationServiceProvider
23:39:06.027 [FXGL Background Thread 3 ] DEBUG Engine               - class com.almasb.fxgl.achievement.AchievementService
23:39:06.027 [FXGL Background Thread 3 ] DEBUG Engine               - class com.almasb.fxgl.cutscene.CutsceneService
23:39:06.027 [FXGL Background Thread 3 ] DEBUG Engine               - class com.almasb.fxgl.minigames.MiniGameService
23:39:06.027 [FXGL Background Thread 3 ] DEBUG Engine               - class com.almasb.fxgl.net.NetService
23:39:06.027 [FXGL Background Thread 3 ] DEBUG Engine               - class com.almasb.fxgl.app.services.UpdaterService
23:39:06.027 [FXGL Background Thread 3 ] DEBUG Engine               - class com.almasb.fxgl.dev.DevService
23:39:06.028 [FXGL Background Thread 3 ] DEBUG Engine               - class com.almasb.fxgl.multiplayer.MultiplayerService
23:39:08.386 [JavaFX Application Thread] DEBUG Input                - Clearing active input actions
23:39:08.393 [JavaFX Application Thread] DEBUG GameApplicationServi - Removing overlay from FXGLLoadingScene and adding to GameScene
23:39:08.393 [JavaFX Application Thread] DEBUG PrimaryStageWindow   - FXGLLoadingScene -> GameScene
23:39:20.456 [JavaFX Application Thread] DEBUG AudioPlayer          - Pausing music com.almasb.fxgl.audio.Music@44e5e559
23:39:20.498 [JavaFX Application Thread] DEBUG LoopRunner           - Pausing loop
23:39:50.034 [JavaFX Application Thread] DEBUG LoopRunner           - Resuming loop
23:39:50.035 [JavaFX Application Thread] DEBUG AudioPlayer          - Resuming music com.almasb.fxgl.audio.Music@44e5e559
23:39:54.661 [JavaFX Application Thread] DEBUG FXGLAssetLoaderServi - Loading from file system: file:/C:/Users/User/Documents/GitHub/Sonic-rush/target/classes/assets/textures/fondo.png
23:39:54.846 [JavaFX Application Thread] WARN  TMXLevelLoader       - TiledMap generated from 1.11.2. Supported version: 1.9.0. Some features may not be parsed fully.
23:39:54.866 [JavaFX Application Thread] DEBUG TMXLevelLoader       - Parsed TiledMap: file:/C:/Users/User/Documents/GitHub/Sonic-rush/target/classes/assets/levels/mapazo.tmx
23:39:54.867 [JavaFX Application Thread] DEBUG TMXLevelLoader       - Creating tile layer entities
23:39:54.869 [JavaFX Application Thread] DEBUG TilesetLoader        - Loading view for layer Capa de patrones 1
23:39:54.877 [JavaFX Application Thread] DEBUG TilesetLoader        - Created buffer with size 3840.0x720.0
23:39:54.905 [JavaFX Application Thread] DEBUG TMXLevelLoader       - Creating object layer entities
23:39:54.929 [JavaFX Application Thread] DEBUG GameWorld            - Clearing removable entities
23:39:54.931 [JavaFX Application Thread] DEBUG GameWorld            - Setting level: com.almasb.fxgl.entity.level.Level@18cdbb69
23:39:54.942 [ClientAsyncConnThread    ] DEBUG TCPClient            - Connecting to 192.168.56.1:50000 type: class com.almasb.fxgl.core.serialization.Bundle
23:39:54.944 [ClientAsyncConnThread    ] DEBUG TCPClient            - Created socket to 192.168.56.1:50000
23:39:54.948 [ClientAsyncConnThread    ] DEBUG Endpoint             - TCPClient opening new connection (1) from /192.168.56.1:50000 type: class com.almasb.fxgl.core.serialization.Bundle
23:39:54.949 [ClientAsyncConnThread    ] DEBUG Endpoint             - TCPClient successfully opened connection (1)
23:39:54.970 [TCPClient_SendThread-1   ] DEBUG Writers              - Getting TCPMessageWriter for class com.almasb.fxgl.core.serialization.Bundle
23:39:54.971 [TCPClient_RecvThread-1   ] DEBUG Readers              - Getting TCPMessageReader for class com.almasb.fxgl.core.serialization.Bundle
23:39:54.972 [TCPClient_SendThread-1   ] DEBUG Writers              - Constructed TCPMessageWriter for class com.almasb.fxgl.core.serialization.Bundle: BundleTCPMessageWriter
23:39:54.976 [TCPClient_RecvThread-1   ] DEBUG Readers              - Constructed MessageReader for class com.almasb.fxgl.core.serialization.Bundle: BundleTCPMessageReader
23:39:54.992 [JavaFX Application Thread] DEBUG FXGLAssetLoaderServi - Loading from file system: file:/C:/Users/User/Documents/GitHub/Sonic-rush/target/classes/assets/textures/Items/ring.png
23:39:55.008 [JavaFX Application Thread] DEBUG FXGLAssetLoaderServi - Loading from file system: file:/C:/Users/User/Documents/GitHub/Sonic-rush/target/classes/assets/textures/Items/basura.png
23:39:55.014 [JavaFX Application Thread] DEBUG FXGLAssetLoaderServi - Loading from file system: file:/C:/Users/User/Documents/GitHub/Sonic-rush/target/classes/assets/textures/Items/papel.png
23:39:55.036 [JavaFX Application Thread] DEBUG FXGLAssetLoaderServi - Loading from file system: file:/C:/Users/User/Documents/GitHub/Sonic-rush/target/classes/assets/textures/Items/caucho.png
23:39:55.077 [JavaFX Application Thread] DEBUG FXGLAssetLoaderServi - Loading from file system: file:/C:/Users/User/Documents/GitHub/Sonic-rush/target/classes/assets/textures/Enemigos/enemigo2.png
23:39:55.093 [JavaFX Application Thread] DEBUG FXGLAssetLoaderServi - Loading from file system: file:/C:/Users/User/Documents/GitHub/Sonic-rush/target/classes/assets/textures/Personajes/tails.png
23:39:55.094 [JavaFX Application Thread] DEBUG FXGLAssetLoaderServi - Loading from file system: file:/C:/Users/User/Documents/GitHub/Sonic-rush/target/classes/assets/textures/Personajes/tails_Salta.png
23:39:55.095 [JavaFX Application Thread] DEBUG FXGLAssetLoaderServi - Loading from file system: file:/C:/Users/User/Documents/GitHub/Sonic-rush/target/classes/assets/textures/Personajes/tails_caminando.png
23:39:57.083 [JavaFX Application Thread] DEBUG FXGLAssetLoaderServi - Loading from file system: file:/C:/Users/User/Documents/GitHub/Sonic-rush/target/classes/assets/sounds/recoger.wav
23:40:39.384 [JavaFX Application Thread] DEBUG FXGLAssetLoaderServi - Loading from file system: file:/C:/Users/User/Documents/GitHub/Sonic-rush/target/classes/assets/textures/Enemigos/eggman2.png
23:40:54.794 [JavaFX Application Thread] DEBUG FXGLAssetLoaderServi - Loading from file system: file:/C:/Users/User/Documents/GitHub/Sonic-rush/target/classes/assets/sounds/perder_anillos.wav
23:41:15.466 [JavaFX Application Thread] DEBUG FXGLAssetLoaderServi - Loading from file system: file:/C:/Users/User/Documents/GitHub/Sonic-rush/target/classes/assets/sounds/muerte.wav
23:41:27.933 [JavaFX Application Thread] DEBUG PrimaryStageWindow   - Push state: DialogSubScene
23:41:27.933 [JavaFX Application Thread] DEBUG Input                - Clearing active input actions
23:41:27.934 [JavaFX Application Thread] DEBUG GameApplicationServi - Removing overlay from GameScene and adding to DialogSubScene
23:41:27.935 [JavaFX Application Thread] DEBUG PrimaryStageWindow   - GameScene -> DialogSubScene
23:41:29.277 [JavaFX Application Thread] DEBUG PrimaryStageWindow   - Pop state: DialogSubScene
23:41:29.277 [JavaFX Application Thread] DEBUG Input                - Clearing active input actions
23:41:29.278 [JavaFX Application Thread] DEBUG GameApplicationServi - Removing overlay from DialogSubScene and adding to GameScene
23:41:29.278 [JavaFX Application Thread] DEBUG PrimaryStageWindow   - GameScene <- DialogSubScene
23:41:45.452 [JavaFX Application Thread] DEBUG FXGLApplication      - Exiting FXGL
23:41:45.452 [JavaFX Application Thread] DEBUG LoopRunner           - Stopping loop
23:41:45.452 [JavaFX Application Thread] DEBUG SystemBundleService  - Saving FXGL system data
23:41:45.454 [JavaFX Application Thread] DEBUG FileSystemAccess     - Writing to: C:\Users\User\Documents\GitHub\Sonic-rush\system\fxgl.bundle
23:41:45.454 [JavaFX Application Thread] DEBUG Async                - Shutting down background threads
23:41:45.455 [JavaFX Application Thread] DEBUG PrimaryStageWindow   - Closing main window
23:41:45.460 [JavaFX Application Thread] DEBUG Logger               - Closing Logger
