00:19:13.959 [main                     ] DEBUG Logger               - Configured Logger
00:19:13.986 [main                     ] DEBUG GameApplication      - Logging settings
Title: Server
Version: 0.0
Width: 800
Height: 500
Fullscreen: false
Intro: false
Profiling: false
Single step:false
App Mode: DEVELOPER
Menu Key: ESCAPE
Stage Style: DECORATED
Scene Factory: class com.almasb.fxgl.app.scene.SceneFactory

00:19:14.492 [JavaFX Application Thread] DEBUG FXGLApplication      - Initializing FXGL
00:19:14.498 [JavaFX Application Thread] INFO  Engine               - FXGL-17.3 (30.03.2023 11.49) on WINDOWS (J:21.0.2 FX:20)
00:19:14.499 [JavaFX Application Thread] DEBUG Engine               - JRE Vendor Name: Oracle Corporation
00:19:14.500 [JavaFX Application Thread] DEBUG Engine               - Running on OS: Windows 10 version 10.0
00:19:14.500 [JavaFX Application Thread] DEBUG Engine               - Architecture: amd64
00:19:14.500 [JavaFX Application Thread] INFO  Engine               - Source code and latest versions at: https://github.com/AlmasB/FXGL
00:19:14.501 [JavaFX Application Thread] INFO  Engine               -       Ask questions and discuss at: https://github.com/AlmasB/FXGL/discussions
00:19:14.501 [JavaFX Application Thread] INFO  Engine               -              Join the FXGL chat at: https://gitter.im/AlmasB/FXGL
00:19:14.640 [JavaFX Application Thread] DEBUG PrimaryStageWindow   - Creating a JavaFX scene
00:19:14.704 [JavaFX Application Thread] DEBUG PrimaryStageWindow   - Target settings size: 800.0 x 500.0
00:19:14.705 [JavaFX Application Thread] DEBUG PrimaryStageWindow   - Scaled scene size:    800.0 x 500.0
00:19:14.705 [JavaFX Application Thread] DEBUG PrimaryStageWindow   - Scaled ratio: (1.0, 1.0)
00:19:14.706 [JavaFX Application Thread] DEBUG PrimaryStageWindow   - Set initial scene to FXGLStartupScene
00:19:14.711 [JavaFX Application Thread] DEBUG PrimaryStageWindow   - Opening main window
00:19:14.811 [JavaFX Application Thread] DEBUG PrimaryStageWindow   - Window border size: (16.0, 39.0)
00:19:14.812 [JavaFX Application Thread] DEBUG PrimaryStageWindow   - Scaled size: 800.0 x 500.0
00:19:14.813 [JavaFX Application Thread] DEBUG PrimaryStageWindow   - Scaled ratio: (1.0, 1.0)
00:19:14.813 [JavaFX Application Thread] DEBUG PrimaryStageWindow   - Scene size: 800.0 x 500.0
00:19:14.813 [JavaFX Application Thread] DEBUG PrimaryStageWindow   - Stage size: 816.0 x 539.0
00:19:14.822 [FXGL Background Thread 1 ] DEBUG Engine               - Initializing environment variables
00:19:14.904 [FXGL Background Thread 1 ] DEBUG FXGLAssetLoaderServi - User app class for loading assets: class Runner.ServerRunner
00:19:14.905 [FXGL Background Thread 1 ] DEBUG GameApplicationServi - Applying CSS: fxgl_dark.css
00:19:14.909 [FXGL Background Thread 1 ] DEBUG FXGLAssetLoaderServi - Loading from file system: jar:file:/C:/Users/User/.m2/repository/com/github/almasb/fxgl/17.3/fxgl-17.3.jar!/fxglassets/ui/css/fxgl_dark.css
00:19:14.965 [FXGL Background Thread 1 ] DEBUG GameApplicationServi - Initializing application scenes
00:19:15.053 [FXGL Background Thread 1 ] DEBUG GameWorld            - Game world initialized
00:19:15.122 [FXGL Background Thread 1 ] DEBUG PhysicsWorld         - Physics world initialized: appHeight=500, physics.ppm=50,0
00:19:15.122 [FXGL Background Thread 1 ] DEBUG PhysicsWorld         - Using strategy: BRUTE_FORCE
00:19:15.126 [FXGL Background Thread 1 ] DEBUG GameScene            - Game scene initialized: 800x500
00:19:15.140 [FXGL Background Thread 1 ] WARN  FXGL.DefaultMenu     - FXGLDefaultMenu is not designed for resolutions < 800x600
00:19:15.140 [FXGL Background Thread 1 ] DEBUG FXGL.DefaultMenu     - createMenuBodyGameMenu()
00:19:15.159 [FXGL Background Thread 1 ] DEBUG FXGL.DefaultMenu     - createOptionsMenu()
00:19:15.172 [FXGL Background Thread 1 ] DEBUG FXGLAssetLoaderServi - Loading from file system: jar:file:/C:/Users/User/.m2/repository/com/github/almasb/fxgl/17.3/fxgl-17.3.jar!/fxglassets/textures/particles/smoke.png
00:19:15.286 [FXGL Background Thread 1 ] DEBUG FXGLAssetLoaderServi - Loading from file system: jar:file:/C:/Users/User/.m2/repository/com/github/almasb/fxgl/17.3/fxgl-17.3.jar!/fxglassets/textures/particles/trace_horizontal.png
00:19:15.321 [FXGL Background Thread 1 ] DEBUG GameApplicationServi - Application scenes initialized
00:19:15.337 [FXGL Background Thread 1 ] DEBUG SystemBundleService  - Loading FXGL system data
00:19:15.342 [FXGL Background Thread 1 ] DEBUG FileSystemAccess     - Reading from: C:\Users\User\Documents\Millan.Luis\UNEG\Semestre IV\Tecnicas de Prog. III\Sonic-rush\system\fxgl.bundle
00:19:15.356 [FXGL Background Thread 1 ] DEBUG SystemBundleService  - Bundle FXGL: {}
00:19:15.356 [FXGL Background Thread 1 ] DEBUG UpdaterService       - Checking for updates
00:19:15.365 [FXGL Background Thread 1 ] DEBUG FXGLApplication      - Loading default localization
00:19:15.366 [FXGL Background Thread 1 ] DEBUG FXGLAssetLoaderServi - Loading from file system: jar:file:/C:/Users/User/.m2/repository/com/github/almasb/fxgl/17.3/fxgl-17.3.jar!/fxglassets/languages/english.lang
00:19:15.378 [FXGL Background Thread 4 ] DEBUG FXGLApplication      - Loading fonts
00:19:15.395 [FXGL Background Thread 4 ] DEBUG FXGLAssetLoaderServi - Loading from file system: jar:file:/C:/Users/User/.m2/repository/com/github/almasb/fxgl/17.3/fxgl-17.3.jar!/fxglassets/ui/fonts/VarelaRound-Regular.ttf
00:19:15.398 [FXGL Background Thread 1 ] INFO  FXGLApplication      - FXGL initialization took: 0,576 sec
00:19:15.417 [JavaFX Application Thread] DEBUG FXGLAssetLoaderServi - Loading from file system: jar:file:/C:/Users/User/.m2/repository/com/github/almasb/fxgl/17.3/fxgl-17.3.jar!/fxglassets/textures/fxgl_icon.png
00:19:15.446 [JavaFX Application Thread] DEBUG FXGLAssetLoaderServi - Loading from file system: jar:file:/C:/Users/User/.m2/repository/com/github/almasb/fxgl/17.3/fxgl-17.3.jar!/fxglassets/textures/fxgl_default_cursor.png
00:19:15.457 [JavaFX Application Thread] DEBUG Input                - Registered new binding: Screenshot - CTRL+8
00:19:15.458 [JavaFX Application Thread] DEBUG Input                - Registered new binding: System info dump - CTRL+9
00:19:15.458 [JavaFX Application Thread] DEBUG Input                - Registered new binding: Restart - CTRL+R
00:19:15.459 [JavaFX Application Thread] DEBUG Input                - Registered new binding: Toggle Debug Camera - CTRL+7
00:19:15.464 [JavaFX Application Thread] DEBUG LoopRunner           - Starting loop
00:19:15.464 [JavaFX Application Thread] DEBUG LoopRunner           - Initializing JavaFX AnimationTimerLoop
00:19:15.466 [JavaFX Application Thread] DEBUG GameApplicationServi - Starting new game
00:19:15.467 [JavaFX Application Thread] DEBUG Input                - Clearing active input actions
00:19:15.481 [JavaFX Application Thread] DEBUG GameApplicationServi - Removing overlay from FXGLStartupScene and adding to FXGLLoadingScene
00:19:15.482 [JavaFX Application Thread] DEBUG PrimaryStageWindow   - FXGLStartupScene -> FXGLLoadingScene
00:19:15.482 [JavaFX Application Thread] DEBUG GameApplicationServi - Clearing previous game
00:19:15.482 [JavaFX Application Thread] DEBUG GameScene            - Clearing game scene
00:19:15.482 [JavaFX Application Thread] DEBUG GameWorld            - Clearing game world
00:19:15.482 [JavaFX Application Thread] DEBUG PhysicsWorld         - Clearing physics world
00:19:15.485 [FXGL Background Thread 1 ] DEBUG FXGLApplication      - Initializing game
00:19:15.520 [FXGL Background Thread 4 ] DEBUG FXGLAssetLoaderServi - Loading from file system: jar:file:/C:/Users/User/.m2/repository/com/github/almasb/fxgl/17.3/fxgl-17.3.jar!/fxglassets/ui/fonts/Abel-Regular.ttf
00:19:15.527 [FXGL Background Thread 4 ] DEBUG FXGLAssetLoaderServi - Loading from file system: jar:file:/C:/Users/User/.m2/repository/com/github/almasb/fxgl/17.3/fxgl-17.3.jar!/fxglassets/ui/fonts/TerminalLandMono-Regular.otf
00:19:15.533 [FXGL Background Thread 4 ] DEBUG FXGLAssetLoaderServi - Loading from file system: jar:file:/C:/Users/User/.m2/repository/com/github/almasb/fxgl/17.3/fxgl-17.3.jar!/fxglassets/ui/fonts/Courier-Prime.ttf
00:19:15.564 [ServerAsyncConnThread    ] DEBUG TCPServer            - Starting to listen at: 55555 type: class com.almasb.fxgl.core.serialization.Bundle
00:19:15.573 [JavaFX Application Thread] DEBUG FXGLApplication      - Registering font factories with UI factory
00:19:15.714 [ServerAsyncConnThread    ] WARN  IOTask               - ServerStart failed
java.lang.RuntimeException: Failed to start: Address already in use: bind
	at com.almasb.fxgl.net.tcp.TCPServer.start(TCPServer.java:58)
	at com.almasb.fxgl.core.concurrent.IOTask.lambda$ofVoid$5(IOTask.java:184)
	at com.almasb.fxgl.core.concurrent.IOTask$2.onExecute(IOTask.java:197)
	at com.almasb.fxgl.core.concurrent.IOTask.run(IOTask.java:118)
	at java.base/java.lang.Thread.run(Thread.java:1583)
Caused by: java.net.BindException: Address already in use: bind
	at java.base/sun.nio.ch.Net.bind0(Native Method)
	at java.base/sun.nio.ch.Net.bind(Net.java:565)
	at java.base/sun.nio.ch.Net.bind(Net.java:554)
	at java.base/sun.nio.ch.NioSocketImpl.bind(NioSocketImpl.java:636)
	at java.base/java.net.ServerSocket.bind(ServerSocket.java:391)
	at java.base/java.net.ServerSocket.<init>(ServerSocket.java:278)
	at java.base/java.net.ServerSocket.<init>(ServerSocket.java:171)
	at com.almasb.fxgl.net.tcp.TCPServer.start(TCPServer.java:40)
	... 4 more

00:19:15.723 [FXGL Background Thread 1 ] DEBUG TMXLevelLoader       - Parsed TiledMap: file:/C:/Users/User/Documents/Millan.Luis/UNEG/Semestre%20IV/Tecnicas%20de%20Prog.%20III/Sonic-rush/target/classes/assets/levels/mapazo.tmx
00:19:15.724 [FXGL Background Thread 1 ] DEBUG TMXLevelLoader       - Creating tile layer entities
00:19:15.726 [FXGL Background Thread 1 ] DEBUG TilesetLoader        - Loading view for layer Capa de patrones 1
00:19:15.738 [FXGL Background Thread 1 ] DEBUG TilesetLoader        - Created buffer with size 3840.0x720.0
00:19:15.806 [FXGL Background Thread 1 ] DEBUG TMXLevelLoader       - Creating object layer entities
00:19:15.855 [FXGL Background Thread 1 ] DEBUG GameWorld            - Clearing removable entities
00:19:15.855 [FXGL Background Thread 1 ] DEBUG GameWorld            - Setting level: com.almasb.fxgl.entity.level.Level@1824d73f
00:19:15.875 [FXGL Background Thread 1 ] DEBUG FXGLAssetLoaderServi - Loading from file system: file:/C:/Users/User/Documents/Millan.Luis/UNEG/Semestre%20IV/Tecnicas%20de%20Prog.%20III/Sonic-rush/target/classes/assets/textures/Items/ring.png
00:19:15.920 [FXGL Background Thread 1 ] DEBUG FXGLAssetLoaderServi - Loading from file system: file:/C:/Users/User/Documents/Millan.Luis/UNEG/Semestre%20IV/Tecnicas%20de%20Prog.%20III/Sonic-rush/target/classes/assets/textures/Enemigos/enemigo.png
00:19:15.971 [FXGL Background Thread 1 ] DEBUG FXGLAssetLoaderServi - Loading from file system: file:/C:/Users/User/Documents/Millan.Luis/UNEG/Semestre%20IV/Tecnicas%20de%20Prog.%20III/Sonic-rush/target/classes/assets/textures/Items/caucho.png
00:19:15.975 [FXGL Background Thread 1 ] DEBUG FXGLAssetLoaderServi - Loading from file system: file:/C:/Users/User/Documents/Millan.Luis/UNEG/Semestre%20IV/Tecnicas%20de%20Prog.%20III/Sonic-rush/target/classes/assets/textures/Items/papel.png
00:19:16.001 [FXGL Background Thread 1 ] DEBUG FXGLAssetLoaderServi - Loading from file system: file:/C:/Users/User/Documents/Millan.Luis/UNEG/Semestre%20IV/Tecnicas%20de%20Prog.%20III/Sonic-rush/target/classes/assets/textures/Items/basura.png
00:19:16.017 [FXGL Background Thread 1 ] INFO  FXGLApplication      - Game initialization took: 0,532 sec
00:19:16.069 [JavaFX Application Thread] DEBUG Input                - Clearing active input actions
00:19:16.080 [JavaFX Application Thread] DEBUG GameApplicationServi - Removing overlay from FXGLLoadingScene and adding to GameScene
00:19:16.080 [JavaFX Application Thread] DEBUG PrimaryStageWindow   - FXGLLoadingScene -> GameScene
00:19:16.358 [FXGL Background Thread 2 ] INFO  UpdaterService       - Your current version:  17.3
00:19:16.359 [FXGL Background Thread 2 ] INFO  UpdaterService       - Latest stable version: 21.1
00:19:18.362 [FXGL Background Thread 3 ] DEBUG Engine               - Logging environment variables
00:19:18.364 [FXGL Background Thread 3 ] DEBUG Engine               - achievements: []
00:19:18.364 [FXGL Background Thread 3 ] DEBUG Engine               - actualHeight: 500.0
00:19:18.364 [FXGL Background Thread 3 ] DEBUG Engine               - actualHeightProperty: ReadOnlyDoubleProperty [value: 500.0]
00:19:18.365 [FXGL Background Thread 3 ] DEBUG Engine               - actualWidth: 800.0
00:19:18.365 [FXGL Background Thread 3 ] DEBUG Engine               - actualWidthProperty: ReadOnlyDoubleProperty [value: 800.0]
00:19:18.365 [FXGL Background Thread 3 ] DEBUG Engine               - appIcon: fxgl_icon.png
00:19:18.366 [FXGL Background Thread 3 ] DEBUG Engine               - applicationMode: DEVELOPER
00:19:18.366 [FXGL Background Thread 3 ] DEBUG Engine               - cSSList: [fxgl_dark.css]
00:19:18.366 [FXGL Background Thread 3 ] DEBUG Engine               - collisionDetectionStrategy: BRUTE_FORCE
00:19:18.366 [FXGL Background Thread 3 ] DEBUG Engine               - configClass: Optional.empty
00:19:18.366 [FXGL Background Thread 3 ] DEBUG Engine               - credits: []
00:19:18.368 [FXGL Background Thread 3 ] DEBUG Engine               - defaultCursor: CursorInfo(imageName=fxgl_default_cursor.png, hotspotX=7.0, hotspotY=6.0)
00:19:18.369 [FXGL Background Thread 3 ] DEBUG Engine               - devBBoxColorProperty: ObjectProperty [value: 0xff0000ff]
00:19:18.369 [FXGL Background Thread 3 ] DEBUG Engine               - devEnableDebugCameraProperty: BooleanProperty [value: false]
00:19:18.370 [FXGL Background Thread 3 ] DEBUG Engine               - devSensorColorProperty: ObjectProperty [value: 0xffff00ff]
00:19:18.370 [FXGL Background Thread 3 ] DEBUG Engine               - devShowBBoxProperty: BooleanProperty [value: false]
00:19:18.370 [FXGL Background Thread 3 ] DEBUG Engine               - devShowPositionProperty: BooleanProperty [value: false]
00:19:18.370 [FXGL Background Thread 3 ] DEBUG Engine               - enabledMenuItems: []
00:19:18.371 [FXGL Background Thread 3 ] DEBUG Engine               - engineServices: [class com.almasb.fxgl.app.services.FXGLAssetLoaderService, class com.almasb.fxgl.app.FXGLApplication$GameApplicationService, class com.almasb.fxgl.app.services.FXGLDialogService, class com.almasb.fxgl.app.services.IOTaskExecutorService, class com.almasb.fxgl.io.FileSystemService, class com.almasb.fxgl.localization.LocalizationService, class com.almasb.fxgl.app.services.SystemBundleService, class com.almasb.fxgl.profile.SaveLoadService, class com.almasb.fxgl.ui.FXGLUIFactoryServiceProvider, class com.almasb.fxgl.ui.FXGLDialogFactoryServiceProvider, class com.almasb.fxgl.audio.AudioPlayer, class com.almasb.fxgl.notification.impl.NotificationServiceProvider, class com.almasb.fxgl.achievement.AchievementService, class com.almasb.fxgl.cutscene.CutsceneService, class com.almasb.fxgl.minigames.MiniGameService, class com.almasb.fxgl.net.NetService, class com.almasb.fxgl.app.services.UpdaterService, class com.almasb.fxgl.dev.DevService, class com.almasb.fxgl.multiplayer.MultiplayerService]
00:19:18.371 [FXGL Background Thread 3 ] DEBUG Engine               - fontGame: Abel-Regular.ttf
00:19:18.371 [FXGL Background Thread 3 ] DEBUG Engine               - fontMono: TerminalLandMono-Regular.otf
00:19:18.371 [FXGL Background Thread 3 ] DEBUG Engine               - fontSizeScaleUI: 1.0
00:19:18.371 [FXGL Background Thread 3 ] DEBUG Engine               - fontText: Courier-Prime.ttf
00:19:18.372 [FXGL Background Thread 3 ] DEBUG Engine               - fontUI: VarelaRound-Regular.ttf
00:19:18.372 [FXGL Background Thread 3 ] DEBUG Engine               - fullScreen: BooleanProperty [value: false]
00:19:18.372 [FXGL Background Thread 3 ] DEBUG Engine               - gameDifficulty: MEDIUM
00:19:18.372 [FXGL Background Thread 3 ] DEBUG Engine               - gameDifficultyProperty: ObjectProperty [value: MEDIUM]
00:19:18.372 [FXGL Background Thread 3 ] DEBUG Engine               - globalMusicVolume: 0.5
00:19:18.373 [FXGL Background Thread 3 ] DEBUG Engine               - globalMusicVolumeProperty: DoubleProperty [value: 0.5]
00:19:18.373 [FXGL Background Thread 3 ] DEBUG Engine               - globalSoundVolume: 0.5
00:19:18.373 [FXGL Background Thread 3 ] DEBUG Engine               - globalSoundVolumeProperty: DoubleProperty [value: 0.5]
00:19:18.373 [FXGL Background Thread 3 ] DEBUG Engine               - height: 500
00:19:18.374 [FXGL Background Thread 3 ] DEBUG Engine               - is3D: false
00:19:18.374 [FXGL Background Thread 3 ] DEBUG Engine               - isAndroid: false
00:19:18.374 [FXGL Background Thread 3 ] DEBUG Engine               - isBrowser: false
00:19:18.375 [FXGL Background Thread 3 ] DEBUG Engine               - isClickFeedbackEnabled: false
00:19:18.375 [FXGL Background Thread 3 ] DEBUG Engine               - isCloseConfirmation: false
00:19:18.375 [FXGL Background Thread 3 ] DEBUG Engine               - isDesktop: true
00:19:18.375 [FXGL Background Thread 3 ] DEBUG Engine               - isDeveloperMenuEnabled: false
00:19:18.375 [FXGL Background Thread 3 ] DEBUG Engine               - isEmbedded: false
00:19:18.376 [FXGL Background Thread 3 ] DEBUG Engine               - isEntityPreloadEnabled: true
00:19:18.376 [FXGL Background Thread 3 ] DEBUG Engine               - isExperimentalTiledLargeMap: false
00:19:18.376 [FXGL Background Thread 3 ] DEBUG Engine               - isFileSystemWriteAllowed: true
00:19:18.376 [FXGL Background Thread 3 ] DEBUG Engine               - isFullScreenAllowed: false
00:19:18.376 [FXGL Background Thread 3 ] DEBUG Engine               - isFullScreenFromStart: false
00:19:18.377 [FXGL Background Thread 3 ] DEBUG Engine               - isGameMenuEnabled: true
00:19:18.377 [FXGL Background Thread 3 ] DEBUG Engine               - isIOS: false
00:19:18.377 [FXGL Background Thread 3 ] DEBUG Engine               - isIntroEnabled: false
00:19:18.377 [FXGL Background Thread 3 ] DEBUG Engine               - isLinux: false
00:19:18.377 [FXGL Background Thread 3 ] DEBUG Engine               - isMac: false
00:19:18.377 [FXGL Background Thread 3 ] DEBUG Engine               - isMainMenuEnabled: false
00:19:18.378 [FXGL Background Thread 3 ] DEBUG Engine               - isManualResizeEnabled: false
00:19:18.378 [FXGL Background Thread 3 ] DEBUG Engine               - isMobile: false
00:19:18.378 [FXGL Background Thread 3 ] DEBUG Engine               - isNative: false
00:19:18.378 [FXGL Background Thread 3 ] DEBUG Engine               - isPauseMusicWhenMinimized: true
00:19:18.378 [FXGL Background Thread 3 ] DEBUG Engine               - isPreserveResizeRatio: false
00:19:18.378 [FXGL Background Thread 3 ] DEBUG Engine               - isProfilingEnabled: false
00:19:18.379 [FXGL Background Thread 3 ] DEBUG Engine               - isScaleAffectedOnResize: true
00:19:18.379 [FXGL Background Thread 3 ] DEBUG Engine               - isSingleStep: false
00:19:18.379 [FXGL Background Thread 3 ] DEBUG Engine               - isUserProfileEnabled: false
00:19:18.379 [FXGL Background Thread 3 ] DEBUG Engine               - isWindows: true
00:19:18.379 [FXGL Background Thread 3 ] DEBUG Engine               - language: ObjectProperty [value: ENGLISH]
00:19:18.379 [FXGL Background Thread 3 ] DEBUG Engine               - menuKey: ESCAPE
00:19:18.380 [FXGL Background Thread 3 ] DEBUG Engine               - mouseSensitivity: 0.2
00:19:18.380 [FXGL Background Thread 3 ] DEBUG Engine               - notificationViewClass: class com.almasb.fxgl.notification.view.XboxNotificationView
00:19:18.380 [FXGL Background Thread 3 ] DEBUG Engine               - pixelsPerMeter: 50.0
00:19:18.380 [FXGL Background Thread 3 ] DEBUG Engine               - platform: WINDOWS
00:19:18.380 [FXGL Background Thread 3 ] DEBUG Engine               - prefHeightProperty: ReadOnlyDoubleProperty [value: 500.0]
00:19:18.380 [FXGL Background Thread 3 ] DEBUG Engine               - prefWidthProperty: ReadOnlyDoubleProperty [value: 800.0]
00:19:18.380 [FXGL Background Thread 3 ] DEBUG Engine               - profileDir: profiles/
00:19:18.380 [FXGL Background Thread 3 ] DEBUG Engine               - profileName: StringProperty [value: DEFAULT]
00:19:18.380 [FXGL Background Thread 3 ] DEBUG Engine               - randomSeed: -1
00:19:18.381 [FXGL Background Thread 3 ] DEBUG Engine               - runtimeInfo: RuntimeInfo(platform=WINDOWS, version=17.3, build=30.03.2023 11.49)
00:19:18.381 [FXGL Background Thread 3 ] DEBUG Engine               - saveFileExt: sav
00:19:18.381 [FXGL Background Thread 3 ] DEBUG Engine               - scaledHeightProp$fxgl: DoubleProperty [bound, value: 500.0]
00:19:18.381 [FXGL Background Thread 3 ] DEBUG Engine               - scaledWidthProp$fxgl: DoubleProperty [bound, value: 800.0]
00:19:18.381 [FXGL Background Thread 3 ] DEBUG Engine               - sceneFactory: com.almasb.fxgl.app.scene.SceneFactory@1ebb11a3
00:19:18.382 [FXGL Background Thread 3 ] DEBUG Engine               - secondsIn24h: 60
00:19:18.382 [FXGL Background Thread 3 ] DEBUG Engine               - soundMenuBack: menu/back.wav
00:19:18.382 [FXGL Background Thread 3 ] DEBUG Engine               - soundMenuPress: menu/press.wav
00:19:18.382 [FXGL Background Thread 3 ] DEBUG Engine               - soundMenuSelect: menu/select.wav
00:19:18.382 [FXGL Background Thread 3 ] DEBUG Engine               - soundNotification: core/notification.wav
00:19:18.382 [FXGL Background Thread 3 ] DEBUG Engine               - stageStyle: DECORATED
00:19:18.382 [FXGL Background Thread 3 ] DEBUG Engine               - supportedLanguages: [ENGLISH, FRENCH, GERMAN, HUNGARIAN, RUSSIAN]
00:19:18.383 [FXGL Background Thread 3 ] DEBUG Engine               - ticksPerSecond: -1
00:19:18.383 [FXGL Background Thread 3 ] DEBUG Engine               - title: Server
00:19:18.383 [FXGL Background Thread 3 ] DEBUG Engine               - urlGithub: https://github.com/AlmasB/FXGL
00:19:18.383 [FXGL Background Thread 3 ] DEBUG Engine               - urlLeaderboard: http://fxgl-top.herokuapp.com/
00:19:18.383 [FXGL Background Thread 3 ] DEBUG Engine               - urlPOM: https://raw.githubusercontent.com/AlmasB/FXGL/release/README.md
00:19:18.383 [FXGL Background Thread 3 ] DEBUG Engine               - userAppClass: class Runner.ServerRunner
00:19:18.384 [FXGL Background Thread 3 ] DEBUG Engine               - version: 0.0
00:19:18.384 [FXGL Background Thread 3 ] DEBUG Engine               - versionCheckDays: 7
00:19:18.384 [FXGL Background Thread 3 ] DEBUG Engine               - width: 800
00:19:18.384 [FXGL Background Thread 3 ] DEBUG Engine               - Logging services
00:19:18.384 [FXGL Background Thread 3 ] DEBUG Engine               - class com.almasb.fxgl.app.services.FXGLAssetLoaderService
00:19:18.384 [FXGL Background Thread 3 ] DEBUG Engine               - class com.almasb.fxgl.app.FXGLApplication$GameApplicationService
00:19:18.384 [FXGL Background Thread 3 ] DEBUG Engine               - class com.almasb.fxgl.app.services.FXGLDialogService
00:19:18.384 [FXGL Background Thread 3 ] DEBUG Engine               - class com.almasb.fxgl.app.services.IOTaskExecutorService
00:19:18.384 [FXGL Background Thread 3 ] DEBUG Engine               - class com.almasb.fxgl.io.FileSystemService
00:19:18.384 [FXGL Background Thread 3 ] DEBUG Engine               - class com.almasb.fxgl.localization.LocalizationService
00:19:18.385 [FXGL Background Thread 3 ] DEBUG Engine               - class com.almasb.fxgl.app.services.SystemBundleService
00:19:18.385 [FXGL Background Thread 3 ] DEBUG Engine               - class com.almasb.fxgl.profile.SaveLoadService
00:19:18.385 [FXGL Background Thread 3 ] DEBUG Engine               - class com.almasb.fxgl.ui.FXGLUIFactoryServiceProvider
00:19:18.385 [FXGL Background Thread 3 ] DEBUG Engine               - class com.almasb.fxgl.ui.FXGLDialogFactoryServiceProvider
00:19:18.385 [FXGL Background Thread 3 ] DEBUG Engine               - class com.almasb.fxgl.audio.AudioPlayer
00:19:18.385 [FXGL Background Thread 3 ] DEBUG Engine               - class com.almasb.fxgl.notification.impl.NotificationServiceProvider
00:19:18.385 [FXGL Background Thread 3 ] DEBUG Engine               - class com.almasb.fxgl.achievement.AchievementService
00:19:18.385 [FXGL Background Thread 3 ] DEBUG Engine               - class com.almasb.fxgl.cutscene.CutsceneService
00:19:18.385 [FXGL Background Thread 3 ] DEBUG Engine               - class com.almasb.fxgl.minigames.MiniGameService
00:19:18.385 [FXGL Background Thread 3 ] DEBUG Engine               - class com.almasb.fxgl.net.NetService
00:19:18.385 [FXGL Background Thread 3 ] DEBUG Engine               - class com.almasb.fxgl.app.services.UpdaterService
00:19:18.385 [FXGL Background Thread 3 ] DEBUG Engine               - class com.almasb.fxgl.dev.DevService
00:19:18.385 [FXGL Background Thread 3 ] DEBUG Engine               - class com.almasb.fxgl.multiplayer.MultiplayerService
00:19:29.421 [JavaFX Application Thread] DEBUG LoopRunner           - Pausing loop
00:20:03.326 [JavaFX Application Thread] DEBUG LoopRunner           - Resuming loop
00:20:05.642 [JavaFX Application Thread] DEBUG FXGLApplication      - Exiting FXGL
00:20:05.642 [JavaFX Application Thread] DEBUG LoopRunner           - Stopping loop
00:20:05.642 [JavaFX Application Thread] DEBUG SystemBundleService  - Saving FXGL system data
00:20:05.644 [JavaFX Application Thread] DEBUG FileSystemAccess     - Writing to: C:\Users\User\Documents\Millan.Luis\UNEG\Semestre IV\Tecnicas de Prog. III\Sonic-rush\system\fxgl.bundle
00:20:05.646 [JavaFX Application Thread] DEBUG Async                - Shutting down background threads
00:20:05.646 [JavaFX Application Thread] DEBUG PrimaryStageWindow   - Closing main window
00:20:05.655 [JavaFX Application Thread] DEBUG Logger               - Closing Logger
