06:55:11.775 [main                     ] DEBUG Logger               - Configured Logger
06:55:11.808 [main                     ] DEBUG GameApplication      - Logging settings
Title: Server
Version: 0.0
Width: 800
Height: 500
Fullscreen: false
Intro: false
Profiling: false
Single step:false
App Mode: DEVELOPER
Menu Key: ESCAPE
Stage Style: DECORATED
Scene Factory: class com.almasb.fxgl.app.scene.SceneFactory

06:55:12.266 [JavaFX Application Thread] DEBUG FXGLApplication      - Initializing FXGL
06:55:12.270 [JavaFX Application Thread] INFO  Engine               - FXGL-17.3 (30.03.2023 11.49) on WINDOWS (J:21.0.2 FX:20)
06:55:12.271 [JavaFX Application Thread] DEBUG Engine               - JRE Vendor Name: Oracle Corporation
06:55:12.271 [JavaFX Application Thread] DEBUG Engine               - Running on OS: Windows 10 version 10.0
06:55:12.271 [JavaFX Application Thread] DEBUG Engine               - Architecture: amd64
06:55:12.271 [JavaFX Application Thread] INFO  Engine               - Source code and latest versions at: https://github.com/AlmasB/FXGL
06:55:12.272 [JavaFX Application Thread] INFO  Engine               -       Ask questions and discuss at: https://github.com/AlmasB/FXGL/discussions
06:55:12.272 [JavaFX Application Thread] INFO  Engine               -              Join the FXGL chat at: https://gitter.im/AlmasB/FXGL
06:55:12.427 [JavaFX Application Thread] DEBUG PrimaryStageWindow   - Creating a JavaFX scene
06:55:12.512 [JavaFX Application Thread] DEBUG PrimaryStageWindow   - Target settings size: 800.0 x 500.0
06:55:12.512 [JavaFX Application Thread] DEBUG PrimaryStageWindow   - Scaled scene size:    800.0 x 500.0
06:55:12.512 [JavaFX Application Thread] DEBUG PrimaryStageWindow   - Scaled ratio: (1.0, 1.0)
06:55:12.514 [JavaFX Application Thread] DEBUG PrimaryStageWindow   - Set initial scene to FXGLStartupScene
06:55:12.518 [JavaFX Application Thread] DEBUG PrimaryStageWindow   - Opening main window
06:55:12.604 [JavaFX Application Thread] DEBUG PrimaryStageWindow   - Window border size: (16.0, 39.0)
06:55:12.604 [JavaFX Application Thread] DEBUG PrimaryStageWindow   - Scaled size: 800.0 x 500.0
06:55:12.604 [JavaFX Application Thread] DEBUG PrimaryStageWindow   - Scaled ratio: (1.0, 1.0)
06:55:12.604 [JavaFX Application Thread] DEBUG PrimaryStageWindow   - Scene size: 800.0 x 500.0
06:55:12.604 [JavaFX Application Thread] DEBUG PrimaryStageWindow   - Stage size: 816.0 x 539.0
06:55:12.613 [FXGL Background Thread 1 ] DEBUG Engine               - Initializing environment variables
06:55:12.668 [FXGL Background Thread 1 ] DEBUG FXGLAssetLoaderServi - User app class for loading assets: class Runner.ServerRunner
06:55:12.669 [FXGL Background Thread 1 ] DEBUG GameApplicationServi - Applying CSS: fxgl_dark.css
06:55:12.670 [FXGL Background Thread 1 ] DEBUG FXGLAssetLoaderServi - Loading from file system: jar:file:/C:/Users/User/.m2/repository/com/github/almasb/fxgl/17.3/fxgl-17.3.jar!/fxglassets/ui/css/fxgl_dark.css
06:55:12.748 [FXGL Background Thread 1 ] DEBUG GameApplicationServi - Initializing application scenes
06:55:12.922 [FXGL Background Thread 1 ] DEBUG GameWorld            - Game world initialized
06:55:12.990 [FXGL Background Thread 1 ] DEBUG PhysicsWorld         - Physics world initialized: appHeight=500, physics.ppm=50,0
06:55:12.990 [FXGL Background Thread 1 ] DEBUG PhysicsWorld         - Using strategy: BRUTE_FORCE
06:55:12.997 [FXGL Background Thread 1 ] DEBUG GameScene            - Game scene initialized: 800x500
06:55:13.011 [FXGL Background Thread 1 ] WARN  FXGL.DefaultMenu     - FXGLDefaultMenu is not designed for resolutions < 800x600
06:55:13.011 [FXGL Background Thread 1 ] DEBUG FXGL.DefaultMenu     - createMenuBodyGameMenu()
06:55:13.032 [FXGL Background Thread 1 ] DEBUG FXGL.DefaultMenu     - createOptionsMenu()
06:55:13.047 [FXGL Background Thread 1 ] DEBUG FXGLAssetLoaderServi - Loading from file system: jar:file:/C:/Users/User/.m2/repository/com/github/almasb/fxgl/17.3/fxgl-17.3.jar!/fxglassets/textures/particles/smoke.png
06:55:13.173 [FXGL Background Thread 1 ] DEBUG FXGLAssetLoaderServi - Loading from file system: jar:file:/C:/Users/User/.m2/repository/com/github/almasb/fxgl/17.3/fxgl-17.3.jar!/fxglassets/textures/particles/trace_horizontal.png
06:55:13.207 [FXGL Background Thread 1 ] DEBUG GameApplicationServi - Application scenes initialized
06:55:13.222 [FXGL Background Thread 1 ] DEBUG SystemBundleService  - Loading FXGL system data
06:55:13.226 [FXGL Background Thread 1 ] DEBUG FileSystemAccess     - Reading from: C:\Users\User\Documents\Millan.Luis\UNEG\Semestre IV\Tecnicas de Prog. III\Sonic-rush\system\fxgl.bundle
06:55:13.240 [FXGL Background Thread 1 ] DEBUG SystemBundleService  - Bundle FXGL: {}
06:55:13.240 [FXGL Background Thread 1 ] DEBUG UpdaterService       - Checking for updates
06:55:13.253 [FXGL Background Thread 4 ] DEBUG FXGLApplication      - Loading fonts
06:55:13.253 [FXGL Background Thread 1 ] DEBUG FXGLApplication      - Loading default localization
06:55:13.254 [FXGL Background Thread 4 ] DEBUG FXGLAssetLoaderServi - Loading from file system: jar:file:/C:/Users/User/.m2/repository/com/github/almasb/fxgl/17.3/fxgl-17.3.jar!/fxglassets/ui/fonts/VarelaRound-Regular.ttf
06:55:13.254 [FXGL Background Thread 1 ] DEBUG FXGLAssetLoaderServi - Loading from file system: jar:file:/C:/Users/User/.m2/repository/com/github/almasb/fxgl/17.3/fxgl-17.3.jar!/fxglassets/languages/english.lang
06:55:13.300 [FXGL Background Thread 4 ] DEBUG FXGLAssetLoaderServi - Loading from file system: jar:file:/C:/Users/User/.m2/repository/com/github/almasb/fxgl/17.3/fxgl-17.3.jar!/fxglassets/ui/fonts/Abel-Regular.ttf
06:55:13.302 [FXGL Background Thread 1 ] INFO  FXGLApplication      - FXGL initialization took: 0,689 sec
06:55:13.309 [JavaFX Application Thread] DEBUG FXGLAssetLoaderServi - Loading from file system: jar:file:/C:/Users/User/.m2/repository/com/github/almasb/fxgl/17.3/fxgl-17.3.jar!/fxglassets/textures/fxgl_icon.png
06:55:13.317 [FXGL Background Thread 4 ] DEBUG FXGLAssetLoaderServi - Loading from file system: jar:file:/C:/Users/User/.m2/repository/com/github/almasb/fxgl/17.3/fxgl-17.3.jar!/fxglassets/ui/fonts/TerminalLandMono-Regular.otf
06:55:13.337 [JavaFX Application Thread] DEBUG FXGLAssetLoaderServi - Loading from file system: jar:file:/C:/Users/User/.m2/repository/com/github/almasb/fxgl/17.3/fxgl-17.3.jar!/fxglassets/textures/fxgl_default_cursor.png
06:55:13.348 [JavaFX Application Thread] DEBUG Input                - Registered new binding: Screenshot - CTRL+8
06:55:13.349 [JavaFX Application Thread] DEBUG Input                - Registered new binding: System info dump - CTRL+9
06:55:13.349 [JavaFX Application Thread] DEBUG Input                - Registered new binding: Restart - CTRL+R
06:55:13.350 [JavaFX Application Thread] DEBUG Input                - Registered new binding: Toggle Debug Camera - CTRL+7
06:55:13.354 [JavaFX Application Thread] DEBUG LoopRunner           - Starting loop
06:55:13.354 [JavaFX Application Thread] DEBUG LoopRunner           - Initializing JavaFX AnimationTimerLoop
06:55:13.356 [JavaFX Application Thread] DEBUG GameApplicationServi - Starting new game
06:55:13.357 [JavaFX Application Thread] DEBUG Input                - Clearing active input actions
06:55:13.373 [FXGL Background Thread 4 ] DEBUG FXGLAssetLoaderServi - Loading from file system: jar:file:/C:/Users/User/.m2/repository/com/github/almasb/fxgl/17.3/fxgl-17.3.jar!/fxglassets/ui/fonts/Courier-Prime.ttf
06:55:13.381 [JavaFX Application Thread] DEBUG GameApplicationServi - Removing overlay from FXGLStartupScene and adding to FXGLLoadingScene
06:55:13.381 [JavaFX Application Thread] DEBUG PrimaryStageWindow   - FXGLStartupScene -> FXGLLoadingScene
06:55:13.381 [JavaFX Application Thread] DEBUG GameApplicationServi - Clearing previous game
06:55:13.381 [JavaFX Application Thread] DEBUG GameScene            - Clearing game scene
06:55:13.381 [JavaFX Application Thread] DEBUG GameWorld            - Clearing game world
06:55:13.381 [JavaFX Application Thread] DEBUG PhysicsWorld         - Clearing physics world
06:55:13.383 [FXGL Background Thread 1 ] DEBUG FXGLApplication      - Initializing game
06:55:13.385 [JavaFX Application Thread] DEBUG FXGLApplication      - Registering font factories with UI factory
06:55:13.518 [FXGL Background Thread 1 ] DEBUG TMXLevelLoader       - Parsed TiledMap: file:/C:/Users/User/Documents/Millan.Luis/UNEG/Semestre%20IV/Tecnicas%20de%20Prog.%20III/Sonic-rush/target/classes/assets/levels/mapazo.tmx
06:55:13.521 [FXGL Background Thread 1 ] DEBUG TMXLevelLoader       - Creating tile layer entities
06:55:13.523 [ServerAsyncConnThread    ] DEBUG TCPServer            - Starting to listen at: 55555 type: class com.almasb.fxgl.core.serialization.Bundle
06:55:13.538 [FXGL Background Thread 1 ] DEBUG TilesetLoader        - Loading view for layer Capa de patrones 1
06:55:13.571 [FXGL Background Thread 1 ] DEBUG TilesetLoader        - Created buffer with size 3840.0x720.0
06:55:13.625 [FXGL Background Thread 1 ] DEBUG TMXLevelLoader       - Creating object layer entities
06:55:13.698 [FXGL Background Thread 1 ] DEBUG GameWorld            - Clearing removable entities
06:55:13.698 [FXGL Background Thread 1 ] DEBUG GameWorld            - Setting level: com.almasb.fxgl.entity.level.Level@306e9a75
06:55:13.713 [FXGL Background Thread 1 ] DEBUG FXGLAssetLoaderServi - Loading from file system: file:/C:/Users/User/Documents/Millan.Luis/UNEG/Semestre%20IV/Tecnicas%20de%20Prog.%20III/Sonic-rush/target/classes/assets/textures/Items/ring.png
06:55:13.752 [FXGL Background Thread 1 ] DEBUG FXGLAssetLoaderServi - Loading from file system: file:/C:/Users/User/Documents/Millan.Luis/UNEG/Semestre%20IV/Tecnicas%20de%20Prog.%20III/Sonic-rush/target/classes/assets/textures/Enemigos/enemigo.png
06:55:13.814 [FXGL Background Thread 1 ] DEBUG FXGLAssetLoaderServi - Loading from file system: file:/C:/Users/User/Documents/Millan.Luis/UNEG/Semestre%20IV/Tecnicas%20de%20Prog.%20III/Sonic-rush/target/classes/assets/textures/Items/basura.png
06:55:13.818 [FXGL Background Thread 1 ] DEBUG FXGLAssetLoaderServi - Loading from file system: file:/C:/Users/User/Documents/Millan.Luis/UNEG/Semestre%20IV/Tecnicas%20de%20Prog.%20III/Sonic-rush/target/classes/assets/textures/Items/caucho.png
06:55:13.824 [FXGL Background Thread 1 ] DEBUG FXGLAssetLoaderServi - Loading from file system: file:/C:/Users/User/Documents/Millan.Luis/UNEG/Semestre%20IV/Tecnicas%20de%20Prog.%20III/Sonic-rush/target/classes/assets/textures/Items/papel.png
06:55:13.834 [FXGL Background Thread 1 ] INFO  FXGLApplication      - Game initialization took: 0,452 sec
06:55:13.838 [JavaFX Application Thread] DEBUG Input                - Clearing active input actions
06:55:13.851 [JavaFX Application Thread] DEBUG GameApplicationServi - Removing overlay from FXGLLoadingScene and adding to GameScene
06:55:13.852 [JavaFX Application Thread] DEBUG PrimaryStageWindow   - FXGLLoadingScene -> GameScene
06:55:14.219 [FXGL Background Thread 2 ] INFO  UpdaterService       - Your current version:  17.3
06:55:14.222 [FXGL Background Thread 2 ] INFO  UpdaterService       - Latest stable version: 21.1
06:55:16.247 [FXGL Background Thread 3 ] DEBUG Engine               - Logging environment variables
06:55:16.247 [FXGL Background Thread 3 ] DEBUG Engine               - achievements: []
06:55:16.247 [FXGL Background Thread 3 ] DEBUG Engine               - actualHeight: 500.0
06:55:16.247 [FXGL Background Thread 3 ] DEBUG Engine               - actualHeightProperty: ReadOnlyDoubleProperty [value: 500.0]
06:55:16.247 [FXGL Background Thread 3 ] DEBUG Engine               - actualWidth: 800.0
06:55:16.248 [FXGL Background Thread 3 ] DEBUG Engine               - actualWidthProperty: ReadOnlyDoubleProperty [value: 800.0]
06:55:16.248 [FXGL Background Thread 3 ] DEBUG Engine               - appIcon: fxgl_icon.png
06:55:16.248 [FXGL Background Thread 3 ] DEBUG Engine               - applicationMode: DEVELOPER
06:55:16.248 [FXGL Background Thread 3 ] DEBUG Engine               - cSSList: [fxgl_dark.css]
06:55:16.248 [FXGL Background Thread 3 ] DEBUG Engine               - collisionDetectionStrategy: BRUTE_FORCE
06:55:16.248 [FXGL Background Thread 3 ] DEBUG Engine               - configClass: Optional.empty
06:55:16.248 [FXGL Background Thread 3 ] DEBUG Engine               - credits: []
06:55:16.249 [FXGL Background Thread 3 ] DEBUG Engine               - defaultCursor: CursorInfo(imageName=fxgl_default_cursor.png, hotspotX=7.0, hotspotY=6.0)
06:55:16.249 [FXGL Background Thread 3 ] DEBUG Engine               - devBBoxColorProperty: ObjectProperty [value: 0xff0000ff]
06:55:16.249 [FXGL Background Thread 3 ] DEBUG Engine               - devEnableDebugCameraProperty: BooleanProperty [value: false]
06:55:16.250 [FXGL Background Thread 3 ] DEBUG Engine               - devSensorColorProperty: ObjectProperty [value: 0xffff00ff]
06:55:16.250 [FXGL Background Thread 3 ] DEBUG Engine               - devShowBBoxProperty: BooleanProperty [value: false]
06:55:16.250 [FXGL Background Thread 3 ] DEBUG Engine               - devShowPositionProperty: BooleanProperty [value: false]
06:55:16.251 [FXGL Background Thread 3 ] DEBUG Engine               - enabledMenuItems: []
06:55:16.251 [FXGL Background Thread 3 ] DEBUG Engine               - engineServices: [class com.almasb.fxgl.app.services.FXGLAssetLoaderService, class com.almasb.fxgl.app.FXGLApplication$GameApplicationService, class com.almasb.fxgl.app.services.FXGLDialogService, class com.almasb.fxgl.app.services.IOTaskExecutorService, class com.almasb.fxgl.io.FileSystemService, class com.almasb.fxgl.localization.LocalizationService, class com.almasb.fxgl.app.services.SystemBundleService, class com.almasb.fxgl.profile.SaveLoadService, class com.almasb.fxgl.ui.FXGLUIFactoryServiceProvider, class com.almasb.fxgl.ui.FXGLDialogFactoryServiceProvider, class com.almasb.fxgl.audio.AudioPlayer, class com.almasb.fxgl.notification.impl.NotificationServiceProvider, class com.almasb.fxgl.achievement.AchievementService, class com.almasb.fxgl.cutscene.CutsceneService, class com.almasb.fxgl.minigames.MiniGameService, class com.almasb.fxgl.net.NetService, class com.almasb.fxgl.app.services.UpdaterService, class com.almasb.fxgl.dev.DevService, class com.almasb.fxgl.multiplayer.MultiplayerService]
06:55:16.251 [FXGL Background Thread 3 ] DEBUG Engine               - fontGame: Abel-Regular.ttf
06:55:16.251 [FXGL Background Thread 3 ] DEBUG Engine               - fontMono: TerminalLandMono-Regular.otf
06:55:16.251 [FXGL Background Thread 3 ] DEBUG Engine               - fontSizeScaleUI: 1.0
06:55:16.251 [FXGL Background Thread 3 ] DEBUG Engine               - fontText: Courier-Prime.ttf
06:55:16.251 [FXGL Background Thread 3 ] DEBUG Engine               - fontUI: VarelaRound-Regular.ttf
06:55:16.251 [FXGL Background Thread 3 ] DEBUG Engine               - fullScreen: BooleanProperty [value: false]
06:55:16.251 [FXGL Background Thread 3 ] DEBUG Engine               - gameDifficulty: MEDIUM
06:55:16.251 [FXGL Background Thread 3 ] DEBUG Engine               - gameDifficultyProperty: ObjectProperty [value: MEDIUM]
06:55:16.251 [FXGL Background Thread 3 ] DEBUG Engine               - globalMusicVolume: 0.5
06:55:16.252 [FXGL Background Thread 3 ] DEBUG Engine               - globalMusicVolumeProperty: DoubleProperty [value: 0.5]
06:55:16.252 [FXGL Background Thread 3 ] DEBUG Engine               - globalSoundVolume: 0.5
06:55:16.252 [FXGL Background Thread 3 ] DEBUG Engine               - globalSoundVolumeProperty: DoubleProperty [value: 0.5]
06:55:16.252 [FXGL Background Thread 3 ] DEBUG Engine               - height: 500
06:55:16.252 [FXGL Background Thread 3 ] DEBUG Engine               - is3D: false
06:55:16.252 [FXGL Background Thread 3 ] DEBUG Engine               - isAndroid: false
06:55:16.252 [FXGL Background Thread 3 ] DEBUG Engine               - isBrowser: false
06:55:16.252 [FXGL Background Thread 3 ] DEBUG Engine               - isClickFeedbackEnabled: false
06:55:16.252 [FXGL Background Thread 3 ] DEBUG Engine               - isCloseConfirmation: false
06:55:16.252 [FXGL Background Thread 3 ] DEBUG Engine               - isDesktop: true
06:55:16.252 [FXGL Background Thread 3 ] DEBUG Engine               - isDeveloperMenuEnabled: false
06:55:16.252 [FXGL Background Thread 3 ] DEBUG Engine               - isEmbedded: false
06:55:16.253 [FXGL Background Thread 3 ] DEBUG Engine               - isEntityPreloadEnabled: true
06:55:16.254 [FXGL Background Thread 3 ] DEBUG Engine               - isExperimentalTiledLargeMap: false
06:55:16.257 [FXGL Background Thread 3 ] DEBUG Engine               - isFileSystemWriteAllowed: true
06:55:16.257 [FXGL Background Thread 3 ] DEBUG Engine               - isFullScreenAllowed: false
06:55:16.257 [FXGL Background Thread 3 ] DEBUG Engine               - isFullScreenFromStart: false
06:55:16.257 [FXGL Background Thread 3 ] DEBUG Engine               - isGameMenuEnabled: true
06:55:16.257 [FXGL Background Thread 3 ] DEBUG Engine               - isIOS: false
06:55:16.257 [FXGL Background Thread 3 ] DEBUG Engine               - isIntroEnabled: false
06:55:16.257 [FXGL Background Thread 3 ] DEBUG Engine               - isLinux: false
06:55:16.257 [FXGL Background Thread 3 ] DEBUG Engine               - isMac: false
06:55:16.257 [FXGL Background Thread 3 ] DEBUG Engine               - isMainMenuEnabled: false
06:55:16.258 [FXGL Background Thread 3 ] DEBUG Engine               - isManualResizeEnabled: false
06:55:16.258 [FXGL Background Thread 3 ] DEBUG Engine               - isMobile: false
06:55:16.258 [FXGL Background Thread 3 ] DEBUG Engine               - isNative: false
06:55:16.258 [FXGL Background Thread 3 ] DEBUG Engine               - isPauseMusicWhenMinimized: true
06:55:16.258 [FXGL Background Thread 3 ] DEBUG Engine               - isPreserveResizeRatio: false
06:55:16.258 [FXGL Background Thread 3 ] DEBUG Engine               - isProfilingEnabled: false
06:55:16.258 [FXGL Background Thread 3 ] DEBUG Engine               - isScaleAffectedOnResize: true
06:55:16.258 [FXGL Background Thread 3 ] DEBUG Engine               - isSingleStep: false
06:55:16.258 [FXGL Background Thread 3 ] DEBUG Engine               - isUserProfileEnabled: false
06:55:16.258 [FXGL Background Thread 3 ] DEBUG Engine               - isWindows: true
06:55:16.258 [FXGL Background Thread 3 ] DEBUG Engine               - language: ObjectProperty [value: ENGLISH]
06:55:16.258 [FXGL Background Thread 3 ] DEBUG Engine               - menuKey: ESCAPE
06:55:16.258 [FXGL Background Thread 3 ] DEBUG Engine               - mouseSensitivity: 0.2
06:55:16.258 [FXGL Background Thread 3 ] DEBUG Engine               - notificationViewClass: class com.almasb.fxgl.notification.view.XboxNotificationView
06:55:16.258 [FXGL Background Thread 3 ] DEBUG Engine               - pixelsPerMeter: 50.0
06:55:16.258 [FXGL Background Thread 3 ] DEBUG Engine               - platform: WINDOWS
06:55:16.258 [FXGL Background Thread 3 ] DEBUG Engine               - prefHeightProperty: ReadOnlyDoubleProperty [value: 500.0]
06:55:16.259 [FXGL Background Thread 3 ] DEBUG Engine               - prefWidthProperty: ReadOnlyDoubleProperty [value: 800.0]
06:55:16.259 [FXGL Background Thread 3 ] DEBUG Engine               - profileDir: profiles/
06:55:16.259 [FXGL Background Thread 3 ] DEBUG Engine               - profileName: StringProperty [value: DEFAULT]
06:55:16.259 [FXGL Background Thread 3 ] DEBUG Engine               - randomSeed: -1
06:55:16.260 [FXGL Background Thread 3 ] DEBUG Engine               - runtimeInfo: RuntimeInfo(platform=WINDOWS, version=17.3, build=30.03.2023 11.49)
06:55:16.260 [FXGL Background Thread 3 ] DEBUG Engine               - saveFileExt: sav
06:55:16.260 [FXGL Background Thread 3 ] DEBUG Engine               - scaledHeightProp$fxgl: DoubleProperty [bound, value: 500.0]
06:55:16.261 [FXGL Background Thread 3 ] DEBUG Engine               - scaledWidthProp$fxgl: DoubleProperty [bound, value: 800.0]
06:55:16.261 [FXGL Background Thread 3 ] DEBUG Engine               - sceneFactory: com.almasb.fxgl.app.scene.SceneFactory@196c4c72
06:55:16.261 [FXGL Background Thread 3 ] DEBUG Engine               - secondsIn24h: 60
06:55:16.262 [FXGL Background Thread 3 ] DEBUG Engine               - soundMenuBack: menu/back.wav
06:55:16.262 [FXGL Background Thread 3 ] DEBUG Engine               - soundMenuPress: menu/press.wav
06:55:16.262 [FXGL Background Thread 3 ] DEBUG Engine               - soundMenuSelect: menu/select.wav
06:55:16.263 [FXGL Background Thread 3 ] DEBUG Engine               - soundNotification: core/notification.wav
06:55:16.263 [FXGL Background Thread 3 ] DEBUG Engine               - stageStyle: DECORATED
06:55:16.263 [FXGL Background Thread 3 ] DEBUG Engine               - supportedLanguages: [ENGLISH, FRENCH, GERMAN, HUNGARIAN, RUSSIAN]
06:55:16.263 [FXGL Background Thread 3 ] DEBUG Engine               - ticksPerSecond: -1
06:55:16.263 [FXGL Background Thread 3 ] DEBUG Engine               - title: Server
06:55:16.263 [FXGL Background Thread 3 ] DEBUG Engine               - urlGithub: https://github.com/AlmasB/FXGL
06:55:16.263 [FXGL Background Thread 3 ] DEBUG Engine               - urlLeaderboard: http://fxgl-top.herokuapp.com/
06:55:16.263 [FXGL Background Thread 3 ] DEBUG Engine               - urlPOM: https://raw.githubusercontent.com/AlmasB/FXGL/release/README.md
06:55:16.263 [FXGL Background Thread 3 ] DEBUG Engine               - userAppClass: class Runner.ServerRunner
06:55:16.263 [FXGL Background Thread 3 ] DEBUG Engine               - version: 0.0
06:55:16.263 [FXGL Background Thread 3 ] DEBUG Engine               - versionCheckDays: 7
06:55:16.263 [FXGL Background Thread 3 ] DEBUG Engine               - width: 800
06:55:16.263 [FXGL Background Thread 3 ] DEBUG Engine               - Logging services
06:55:16.263 [FXGL Background Thread 3 ] DEBUG Engine               - class com.almasb.fxgl.app.services.FXGLAssetLoaderService
06:55:16.263 [FXGL Background Thread 3 ] DEBUG Engine               - class com.almasb.fxgl.app.FXGLApplication$GameApplicationService
06:55:16.263 [FXGL Background Thread 3 ] DEBUG Engine               - class com.almasb.fxgl.app.services.FXGLDialogService
06:55:16.263 [FXGL Background Thread 3 ] DEBUG Engine               - class com.almasb.fxgl.app.services.IOTaskExecutorService
06:55:16.263 [FXGL Background Thread 3 ] DEBUG Engine               - class com.almasb.fxgl.io.FileSystemService
06:55:16.263 [FXGL Background Thread 3 ] DEBUG Engine               - class com.almasb.fxgl.localization.LocalizationService
06:55:16.263 [FXGL Background Thread 3 ] DEBUG Engine               - class com.almasb.fxgl.app.services.SystemBundleService
06:55:16.263 [FXGL Background Thread 3 ] DEBUG Engine               - class com.almasb.fxgl.profile.SaveLoadService
06:55:16.263 [FXGL Background Thread 3 ] DEBUG Engine               - class com.almasb.fxgl.ui.FXGLUIFactoryServiceProvider
06:55:16.263 [FXGL Background Thread 3 ] DEBUG Engine               - class com.almasb.fxgl.ui.FXGLDialogFactoryServiceProvider
06:55:16.263 [FXGL Background Thread 3 ] DEBUG Engine               - class com.almasb.fxgl.audio.AudioPlayer
06:55:16.263 [FXGL Background Thread 3 ] DEBUG Engine               - class com.almasb.fxgl.notification.impl.NotificationServiceProvider
06:55:16.263 [FXGL Background Thread 3 ] DEBUG Engine               - class com.almasb.fxgl.achievement.AchievementService
06:55:16.263 [FXGL Background Thread 3 ] DEBUG Engine               - class com.almasb.fxgl.cutscene.CutsceneService
06:55:16.263 [FXGL Background Thread 3 ] DEBUG Engine               - class com.almasb.fxgl.minigames.MiniGameService
06:55:16.263 [FXGL Background Thread 3 ] DEBUG Engine               - class com.almasb.fxgl.net.NetService
06:55:16.264 [FXGL Background Thread 3 ] DEBUG Engine               - class com.almasb.fxgl.app.services.UpdaterService
06:55:16.264 [FXGL Background Thread 3 ] DEBUG Engine               - class com.almasb.fxgl.dev.DevService
06:55:16.264 [FXGL Background Thread 3 ] DEBUG Engine               - class com.almasb.fxgl.multiplayer.MultiplayerService
06:55:29.568 [JavaFX Application Thread] DEBUG FXGLApplication      - Exiting FXGL
06:55:29.568 [JavaFX Application Thread] DEBUG LoopRunner           - Stopping loop
06:55:29.568 [JavaFX Application Thread] DEBUG SystemBundleService  - Saving FXGL system data
06:55:29.570 [JavaFX Application Thread] DEBUG FileSystemAccess     - Writing to: C:\Users\User\Documents\Millan.Luis\UNEG\Semestre IV\Tecnicas de Prog. III\Sonic-rush\system\fxgl.bundle
06:55:29.572 [JavaFX Application Thread] DEBUG Async                - Shutting down background threads
06:55:29.572 [JavaFX Application Thread] DEBUG PrimaryStageWindow   - Closing main window
06:55:29.585 [JavaFX Application Thread] DEBUG Logger               - Closing Logger
