22:02:59.716 [main                     ] DEBUG Logger               - Configured Logger
22:02:59.733 [main                     ] DEBUG GameApplication      - Logging settings
Title: Server
Version: 0.0
Width: 800
Height: 500
Fullscreen: false
Intro: false
Profiling: false
Single step:false
App Mode: DEVELOPER
Menu Key: ESCAPE
Stage Style: DECORATED
Scene Factory: class com.almasb.fxgl.app.scene.SceneFactory

22:03:00.152 [JavaFX Application Thread] DEBUG FXGLApplication      - Initializing FXGL
22:03:00.156 [JavaFX Application Thread] INFO  Engine               - FXGL-17.3 (30.03.2023 11.49) on WINDOWS (J:21.0.2 FX:20)
22:03:00.157 [JavaFX Application Thread] DEBUG Engine               - JRE Vendor Name: Oracle Corporation
22:03:00.157 [JavaFX Application Thread] DEBUG Engine               - Running on OS: Windows 10 version 10.0
22:03:00.157 [JavaFX Application Thread] DEBUG Engine               - Architecture: amd64
22:03:00.157 [JavaFX Application Thread] INFO  Engine               - Source code and latest versions at: https://github.com/AlmasB/FXGL
22:03:00.158 [JavaFX Application Thread] INFO  Engine               -       Ask questions and discuss at: https://github.com/AlmasB/FXGL/discussions
22:03:00.158 [JavaFX Application Thread] INFO  Engine               -              Join the FXGL chat at: https://gitter.im/AlmasB/FXGL
22:03:00.305 [JavaFX Application Thread] DEBUG PrimaryStageWindow   - Creating a JavaFX scene
22:03:00.391 [JavaFX Application Thread] DEBUG PrimaryStageWindow   - Target settings size: 800.0 x 500.0
22:03:00.392 [JavaFX Application Thread] DEBUG PrimaryStageWindow   - Scaled scene size:    800.0 x 500.0
22:03:00.392 [JavaFX Application Thread] DEBUG PrimaryStageWindow   - Scaled ratio: (1.0, 1.0)
22:03:00.394 [JavaFX Application Thread] DEBUG PrimaryStageWindow   - Set initial scene to FXGLStartupScene
22:03:00.401 [JavaFX Application Thread] DEBUG PrimaryStageWindow   - Opening main window
22:03:00.568 [JavaFX Application Thread] DEBUG PrimaryStageWindow   - Window border size: (16.0, 39.0)
22:03:00.569 [JavaFX Application Thread] DEBUG PrimaryStageWindow   - Scaled size: 800.0 x 500.0
22:03:00.569 [JavaFX Application Thread] DEBUG PrimaryStageWindow   - Scaled ratio: (1.0, 1.0)
22:03:00.569 [JavaFX Application Thread] DEBUG PrimaryStageWindow   - Scene size: 800.0 x 500.0
22:03:00.569 [JavaFX Application Thread] DEBUG PrimaryStageWindow   - Stage size: 816.0 x 539.0
22:03:00.610 [FXGL Background Thread 1 ] DEBUG Engine               - Initializing environment variables
22:03:00.710 [FXGL Background Thread 1 ] DEBUG FXGLAssetLoaderServi - User app class for loading assets: class Runner.ServerRunner
22:03:00.711 [FXGL Background Thread 1 ] DEBUG GameApplicationServi - Applying CSS: fxgl_dark.css
22:03:00.712 [FXGL Background Thread 1 ] DEBUG FXGLAssetLoaderServi - Loading from file system: jar:file:/C:/Users/User/.m2/repository/com/github/almasb/fxgl/17.3/fxgl-17.3.jar!/fxglassets/ui/css/fxgl_dark.css
22:03:00.779 [FXGL Background Thread 1 ] DEBUG GameApplicationServi - Initializing application scenes
22:03:00.879 [FXGL Background Thread 1 ] DEBUG GameWorld            - Game world initialized
22:03:00.955 [FXGL Background Thread 1 ] DEBUG PhysicsWorld         - Physics world initialized: appHeight=500, physics.ppm=50,0
22:03:00.956 [FXGL Background Thread 1 ] DEBUG PhysicsWorld         - Using strategy: BRUTE_FORCE
22:03:00.962 [FXGL Background Thread 1 ] DEBUG GameScene            - Game scene initialized: 800x500
22:03:00.985 [FXGL Background Thread 1 ] WARN  FXGL.DefaultMenu     - FXGLDefaultMenu is not designed for resolutions < 800x600
22:03:00.988 [FXGL Background Thread 1 ] DEBUG FXGL.DefaultMenu     - createMenuBodyGameMenu()
22:03:01.017 [FXGL Background Thread 1 ] DEBUG FXGL.DefaultMenu     - createOptionsMenu()
22:03:01.035 [FXGL Background Thread 1 ] DEBUG FXGLAssetLoaderServi - Loading from file system: jar:file:/C:/Users/User/.m2/repository/com/github/almasb/fxgl/17.3/fxgl-17.3.jar!/fxglassets/textures/particles/smoke.png
22:03:01.176 [FXGL Background Thread 1 ] DEBUG FXGLAssetLoaderServi - Loading from file system: jar:file:/C:/Users/User/.m2/repository/com/github/almasb/fxgl/17.3/fxgl-17.3.jar!/fxglassets/textures/particles/trace_horizontal.png
22:03:01.212 [FXGL Background Thread 1 ] DEBUG GameApplicationServi - Application scenes initialized
22:03:01.232 [FXGL Background Thread 1 ] DEBUG SystemBundleService  - Loading FXGL system data
22:03:01.238 [FXGL Background Thread 1 ] DEBUG FileSystemAccess     - Reading from: C:\Users\User\Documents\Millan.Luis\UNEG\Semestre IV\Tecnicas de Prog. III\Sonic-rush\system\fxgl.bundle
22:03:01.247 [FXGL Background Thread 1 ] DEBUG SystemBundleService  - Bundle FXGL: {}
22:03:01.248 [FXGL Background Thread 1 ] DEBUG UpdaterService       - Checking for updates
22:03:01.254 [FXGL Background Thread 1 ] DEBUG FXGLApplication      - Loading default localization
22:03:01.255 [FXGL Background Thread 4 ] DEBUG FXGLApplication      - Loading fonts
22:03:01.256 [FXGL Background Thread 4 ] DEBUG FXGLAssetLoaderServi - Loading from file system: jar:file:/C:/Users/User/.m2/repository/com/github/almasb/fxgl/17.3/fxgl-17.3.jar!/fxglassets/ui/fonts/VarelaRound-Regular.ttf
22:03:01.258 [FXGL Background Thread 1 ] DEBUG FXGLAssetLoaderServi - Loading from file system: jar:file:/C:/Users/User/.m2/repository/com/github/almasb/fxgl/17.3/fxgl-17.3.jar!/fxglassets/languages/english.lang
22:03:01.295 [FXGL Background Thread 4 ] DEBUG FXGLAssetLoaderServi - Loading from file system: jar:file:/C:/Users/User/.m2/repository/com/github/almasb/fxgl/17.3/fxgl-17.3.jar!/fxglassets/ui/fonts/Abel-Regular.ttf
22:03:01.299 [FXGL Background Thread 1 ] INFO  FXGLApplication      - FXGL initialization took: 0,689 sec
22:03:01.300 [FXGL Background Thread 4 ] DEBUG FXGLAssetLoaderServi - Loading from file system: jar:file:/C:/Users/User/.m2/repository/com/github/almasb/fxgl/17.3/fxgl-17.3.jar!/fxglassets/ui/fonts/TerminalLandMono-Regular.otf
22:03:01.306 [JavaFX Application Thread] DEBUG FXGLAssetLoaderServi - Loading from file system: jar:file:/C:/Users/User/.m2/repository/com/github/almasb/fxgl/17.3/fxgl-17.3.jar!/fxglassets/textures/fxgl_icon.png
22:03:01.330 [JavaFX Application Thread] DEBUG FXGLAssetLoaderServi - Loading from file system: jar:file:/C:/Users/User/.m2/repository/com/github/almasb/fxgl/17.3/fxgl-17.3.jar!/fxglassets/textures/fxgl_default_cursor.png
22:03:01.343 [JavaFX Application Thread] DEBUG Input                - Registered new binding: Screenshot - CTRL+8
22:03:01.343 [JavaFX Application Thread] DEBUG Input                - Registered new binding: System info dump - CTRL+9
22:03:01.344 [JavaFX Application Thread] DEBUG Input                - Registered new binding: Restart - CTRL+R
22:03:01.344 [JavaFX Application Thread] DEBUG Input                - Registered new binding: Toggle Debug Camera - CTRL+7
22:03:01.348 [JavaFX Application Thread] DEBUG LoopRunner           - Starting loop
22:03:01.348 [JavaFX Application Thread] DEBUG LoopRunner           - Initializing JavaFX AnimationTimerLoop
22:03:01.349 [JavaFX Application Thread] DEBUG GameApplicationServi - Starting new game
22:03:01.350 [JavaFX Application Thread] DEBUG Input                - Clearing active input actions
22:03:01.374 [JavaFX Application Thread] DEBUG GameApplicationServi - Removing overlay from FXGLStartupScene and adding to FXGLLoadingScene
22:03:01.375 [JavaFX Application Thread] DEBUG PrimaryStageWindow   - FXGLStartupScene -> FXGLLoadingScene
22:03:01.375 [JavaFX Application Thread] DEBUG GameApplicationServi - Clearing previous game
22:03:01.375 [JavaFX Application Thread] DEBUG GameScene            - Clearing game scene
22:03:01.375 [JavaFX Application Thread] DEBUG GameWorld            - Clearing game world
22:03:01.375 [JavaFX Application Thread] DEBUG PhysicsWorld         - Clearing physics world
22:03:01.376 [FXGL Background Thread 4 ] DEBUG FXGLAssetLoaderServi - Loading from file system: jar:file:/C:/Users/User/.m2/repository/com/github/almasb/fxgl/17.3/fxgl-17.3.jar!/fxglassets/ui/fonts/Courier-Prime.ttf
22:03:01.377 [FXGL Background Thread 1 ] DEBUG FXGLApplication      - Initializing game
22:03:01.408 [ServerAsyncConnThread    ] DEBUG TCPServer            - Starting to listen at: 55555 type: class com.almasb.fxgl.core.serialization.Bundle
22:03:01.446 [JavaFX Application Thread] DEBUG FXGLApplication      - Registering font factories with UI factory
22:03:01.513 [FXGL Background Thread 1 ] DEBUG TMXLevelLoader       - Parsed TiledMap: file:/C:/Users/User/Documents/Millan.Luis/UNEG/Semestre%20IV/Tecnicas%20de%20Prog.%20III/Sonic-rush/target/classes/assets/levels/mapazo.tmx
22:03:01.514 [FXGL Background Thread 1 ] DEBUG TMXLevelLoader       - Creating tile layer entities
22:03:01.524 [FXGL Background Thread 1 ] DEBUG TilesetLoader        - Loading view for layer Capa de patrones 1
22:03:01.531 [FXGL Background Thread 1 ] DEBUG TilesetLoader        - Created buffer with size 3840.0x720.0
22:03:01.613 [FXGL Background Thread 1 ] DEBUG TMXLevelLoader       - Creating object layer entities
22:03:01.646 [FXGL Background Thread 1 ] DEBUG GameWorld            - Clearing removable entities
22:03:01.647 [FXGL Background Thread 1 ] DEBUG GameWorld            - Setting level: com.almasb.fxgl.entity.level.Level@5bbe3145
22:03:01.665 [FXGL Background Thread 1 ] DEBUG FXGLAssetLoaderServi - Loading from file system: file:/C:/Users/User/Documents/Millan.Luis/UNEG/Semestre%20IV/Tecnicas%20de%20Prog.%20III/Sonic-rush/target/classes/assets/textures/Items/ring.png
22:03:01.706 [FXGL Background Thread 1 ] DEBUG FXGLAssetLoaderServi - Loading from file system: file:/C:/Users/User/Documents/Millan.Luis/UNEG/Semestre%20IV/Tecnicas%20de%20Prog.%20III/Sonic-rush/target/classes/assets/textures/Enemigos/enemigo.png
22:03:01.765 [FXGL Background Thread 1 ] DEBUG FXGLAssetLoaderServi - Loading from file system: file:/C:/Users/User/Documents/Millan.Luis/UNEG/Semestre%20IV/Tecnicas%20de%20Prog.%20III/Sonic-rush/target/classes/assets/textures/Items/basura.png
22:03:01.767 [FXGL Background Thread 1 ] DEBUG FXGLAssetLoaderServi - Loading from file system: file:/C:/Users/User/Documents/Millan.Luis/UNEG/Semestre%20IV/Tecnicas%20de%20Prog.%20III/Sonic-rush/target/classes/assets/textures/Items/papel.png
22:03:01.776 [FXGL Background Thread 1 ] DEBUG FXGLAssetLoaderServi - Loading from file system: file:/C:/Users/User/Documents/Millan.Luis/UNEG/Semestre%20IV/Tecnicas%20de%20Prog.%20III/Sonic-rush/target/classes/assets/textures/Items/caucho.png
22:03:01.784 [FXGL Background Thread 1 ] INFO  FXGLApplication      - Game initialization took: 0,406 sec
22:03:01.785 [JavaFX Application Thread] DEBUG Input                - Clearing active input actions
22:03:01.794 [JavaFX Application Thread] DEBUG GameApplicationServi - Removing overlay from FXGLLoadingScene and adding to GameScene
22:03:01.795 [JavaFX Application Thread] DEBUG PrimaryStageWindow   - FXGLLoadingScene -> GameScene
22:03:02.187 [FXGL Background Thread 2 ] INFO  UpdaterService       - Your current version:  17.3
22:03:02.190 [FXGL Background Thread 2 ] INFO  UpdaterService       - Latest stable version: 21.1
22:03:04.252 [FXGL Background Thread 3 ] DEBUG Engine               - Logging environment variables
22:03:04.252 [FXGL Background Thread 3 ] DEBUG Engine               - achievements: []
22:03:04.252 [FXGL Background Thread 3 ] DEBUG Engine               - actualHeight: 500.0
22:03:04.252 [FXGL Background Thread 3 ] DEBUG Engine               - actualHeightProperty: ReadOnlyDoubleProperty [value: 500.0]
22:03:04.253 [FXGL Background Thread 3 ] DEBUG Engine               - actualWidth: 800.0
22:03:04.253 [FXGL Background Thread 3 ] DEBUG Engine               - actualWidthProperty: ReadOnlyDoubleProperty [value: 800.0]
22:03:04.253 [FXGL Background Thread 3 ] DEBUG Engine               - appIcon: fxgl_icon.png
22:03:04.253 [FXGL Background Thread 3 ] DEBUG Engine               - applicationMode: DEVELOPER
22:03:04.253 [FXGL Background Thread 3 ] DEBUG Engine               - cSSList: [fxgl_dark.css]
22:03:04.253 [FXGL Background Thread 3 ] DEBUG Engine               - collisionDetectionStrategy: BRUTE_FORCE
22:03:04.253 [FXGL Background Thread 3 ] DEBUG Engine               - configClass: Optional.empty
22:03:04.253 [FXGL Background Thread 3 ] DEBUG Engine               - credits: []
22:03:04.253 [FXGL Background Thread 3 ] DEBUG Engine               - defaultCursor: CursorInfo(imageName=fxgl_default_cursor.png, hotspotX=7.0, hotspotY=6.0)
22:03:04.254 [FXGL Background Thread 3 ] DEBUG Engine               - devBBoxColorProperty: ObjectProperty [value: 0xff0000ff]
22:03:04.254 [FXGL Background Thread 3 ] DEBUG Engine               - devEnableDebugCameraProperty: BooleanProperty [value: false]
22:03:04.254 [FXGL Background Thread 3 ] DEBUG Engine               - devSensorColorProperty: ObjectProperty [value: 0xffff00ff]
22:03:04.254 [FXGL Background Thread 3 ] DEBUG Engine               - devShowBBoxProperty: BooleanProperty [value: false]
22:03:04.254 [FXGL Background Thread 3 ] DEBUG Engine               - devShowPositionProperty: BooleanProperty [value: false]
22:03:04.254 [FXGL Background Thread 3 ] DEBUG Engine               - enabledMenuItems: []
22:03:04.254 [FXGL Background Thread 3 ] DEBUG Engine               - engineServices: [class com.almasb.fxgl.app.services.FXGLAssetLoaderService, class com.almasb.fxgl.app.FXGLApplication$GameApplicationService, class com.almasb.fxgl.app.services.FXGLDialogService, class com.almasb.fxgl.app.services.IOTaskExecutorService, class com.almasb.fxgl.io.FileSystemService, class com.almasb.fxgl.localization.LocalizationService, class com.almasb.fxgl.app.services.SystemBundleService, class com.almasb.fxgl.profile.SaveLoadService, class com.almasb.fxgl.ui.FXGLUIFactoryServiceProvider, class com.almasb.fxgl.ui.FXGLDialogFactoryServiceProvider, class com.almasb.fxgl.audio.AudioPlayer, class com.almasb.fxgl.notification.impl.NotificationServiceProvider, class com.almasb.fxgl.achievement.AchievementService, class com.almasb.fxgl.cutscene.CutsceneService, class com.almasb.fxgl.minigames.MiniGameService, class com.almasb.fxgl.net.NetService, class com.almasb.fxgl.app.services.UpdaterService, class com.almasb.fxgl.dev.DevService, class com.almasb.fxgl.multiplayer.MultiplayerService]
22:03:04.254 [FXGL Background Thread 3 ] DEBUG Engine               - fontGame: Abel-Regular.ttf
22:03:04.254 [FXGL Background Thread 3 ] DEBUG Engine               - fontMono: TerminalLandMono-Regular.otf
22:03:04.254 [FXGL Background Thread 3 ] DEBUG Engine               - fontSizeScaleUI: 1.0
22:03:04.254 [FXGL Background Thread 3 ] DEBUG Engine               - fontText: Courier-Prime.ttf
22:03:04.254 [FXGL Background Thread 3 ] DEBUG Engine               - fontUI: VarelaRound-Regular.ttf
22:03:04.254 [FXGL Background Thread 3 ] DEBUG Engine               - fullScreen: BooleanProperty [value: false]
22:03:04.254 [FXGL Background Thread 3 ] DEBUG Engine               - gameDifficulty: MEDIUM
22:03:04.255 [FXGL Background Thread 3 ] DEBUG Engine               - gameDifficultyProperty: ObjectProperty [value: MEDIUM]
22:03:04.255 [FXGL Background Thread 3 ] DEBUG Engine               - globalMusicVolume: 0.5
22:03:04.255 [FXGL Background Thread 3 ] DEBUG Engine               - globalMusicVolumeProperty: DoubleProperty [value: 0.5]
22:03:04.255 [FXGL Background Thread 3 ] DEBUG Engine               - globalSoundVolume: 0.5
22:03:04.255 [FXGL Background Thread 3 ] DEBUG Engine               - globalSoundVolumeProperty: DoubleProperty [value: 0.5]
22:03:04.255 [FXGL Background Thread 3 ] DEBUG Engine               - height: 500
22:03:04.255 [FXGL Background Thread 3 ] DEBUG Engine               - is3D: false
22:03:04.255 [FXGL Background Thread 3 ] DEBUG Engine               - isAndroid: false
22:03:04.255 [FXGL Background Thread 3 ] DEBUG Engine               - isBrowser: false
22:03:04.255 [FXGL Background Thread 3 ] DEBUG Engine               - isClickFeedbackEnabled: false
22:03:04.255 [FXGL Background Thread 3 ] DEBUG Engine               - isCloseConfirmation: false
22:03:04.255 [FXGL Background Thread 3 ] DEBUG Engine               - isDesktop: true
22:03:04.255 [FXGL Background Thread 3 ] DEBUG Engine               - isDeveloperMenuEnabled: false
22:03:04.255 [FXGL Background Thread 3 ] DEBUG Engine               - isEmbedded: false
22:03:04.256 [FXGL Background Thread 3 ] DEBUG Engine               - isEntityPreloadEnabled: true
22:03:04.256 [FXGL Background Thread 3 ] DEBUG Engine               - isExperimentalTiledLargeMap: false
22:03:04.256 [FXGL Background Thread 3 ] DEBUG Engine               - isFileSystemWriteAllowed: true
22:03:04.256 [FXGL Background Thread 3 ] DEBUG Engine               - isFullScreenAllowed: false
22:03:04.256 [FXGL Background Thread 3 ] DEBUG Engine               - isFullScreenFromStart: false
22:03:04.256 [FXGL Background Thread 3 ] DEBUG Engine               - isGameMenuEnabled: true
22:03:04.256 [FXGL Background Thread 3 ] DEBUG Engine               - isIOS: false
22:03:04.256 [FXGL Background Thread 3 ] DEBUG Engine               - isIntroEnabled: false
22:03:04.256 [FXGL Background Thread 3 ] DEBUG Engine               - isLinux: false
22:03:04.256 [FXGL Background Thread 3 ] DEBUG Engine               - isMac: false
22:03:04.256 [FXGL Background Thread 3 ] DEBUG Engine               - isMainMenuEnabled: false
22:03:04.256 [FXGL Background Thread 3 ] DEBUG Engine               - isManualResizeEnabled: false
22:03:04.256 [FXGL Background Thread 3 ] DEBUG Engine               - isMobile: false
22:03:04.256 [FXGL Background Thread 3 ] DEBUG Engine               - isNative: false
22:03:04.257 [FXGL Background Thread 3 ] DEBUG Engine               - isPauseMusicWhenMinimized: true
22:03:04.257 [FXGL Background Thread 3 ] DEBUG Engine               - isPreserveResizeRatio: false
22:03:04.257 [FXGL Background Thread 3 ] DEBUG Engine               - isProfilingEnabled: false
22:03:04.257 [FXGL Background Thread 3 ] DEBUG Engine               - isScaleAffectedOnResize: true
22:03:04.257 [FXGL Background Thread 3 ] DEBUG Engine               - isSingleStep: false
22:03:04.257 [FXGL Background Thread 3 ] DEBUG Engine               - isUserProfileEnabled: false
22:03:04.257 [FXGL Background Thread 3 ] DEBUG Engine               - isWindows: true
22:03:04.257 [FXGL Background Thread 3 ] DEBUG Engine               - language: ObjectProperty [value: ENGLISH]
22:03:04.257 [FXGL Background Thread 3 ] DEBUG Engine               - menuKey: ESCAPE
22:03:04.257 [FXGL Background Thread 3 ] DEBUG Engine               - mouseSensitivity: 0.2
22:03:04.258 [FXGL Background Thread 3 ] DEBUG Engine               - notificationViewClass: class com.almasb.fxgl.notification.view.XboxNotificationView
22:03:04.258 [FXGL Background Thread 3 ] DEBUG Engine               - pixelsPerMeter: 50.0
22:03:04.258 [FXGL Background Thread 3 ] DEBUG Engine               - platform: WINDOWS
22:03:04.258 [FXGL Background Thread 3 ] DEBUG Engine               - prefHeightProperty: ReadOnlyDoubleProperty [value: 500.0]
22:03:04.258 [FXGL Background Thread 3 ] DEBUG Engine               - prefWidthProperty: ReadOnlyDoubleProperty [value: 800.0]
22:03:04.258 [FXGL Background Thread 3 ] DEBUG Engine               - profileDir: profiles/
22:03:04.258 [FXGL Background Thread 3 ] DEBUG Engine               - profileName: StringProperty [value: DEFAULT]
22:03:04.258 [FXGL Background Thread 3 ] DEBUG Engine               - randomSeed: -1
22:03:04.258 [FXGL Background Thread 3 ] DEBUG Engine               - runtimeInfo: RuntimeInfo(platform=WINDOWS, version=17.3, build=30.03.2023 11.49)
22:03:04.258 [FXGL Background Thread 3 ] DEBUG Engine               - saveFileExt: sav
22:03:04.259 [FXGL Background Thread 3 ] DEBUG Engine               - scaledHeightProp$fxgl: DoubleProperty [bound, value: 500.0]
22:03:04.259 [FXGL Background Thread 3 ] DEBUG Engine               - scaledWidthProp$fxgl: DoubleProperty [bound, value: 800.0]
22:03:04.259 [FXGL Background Thread 3 ] DEBUG Engine               - sceneFactory: com.almasb.fxgl.app.scene.SceneFactory@6134b4cc
22:03:04.259 [FXGL Background Thread 3 ] DEBUG Engine               - secondsIn24h: 60
22:03:04.259 [FXGL Background Thread 3 ] DEBUG Engine               - soundMenuBack: menu/back.wav
22:03:04.259 [FXGL Background Thread 3 ] DEBUG Engine               - soundMenuPress: menu/press.wav
22:03:04.259 [FXGL Background Thread 3 ] DEBUG Engine               - soundMenuSelect: menu/select.wav
22:03:04.259 [FXGL Background Thread 3 ] DEBUG Engine               - soundNotification: core/notification.wav
22:03:04.259 [FXGL Background Thread 3 ] DEBUG Engine               - stageStyle: DECORATED
22:03:04.259 [FXGL Background Thread 3 ] DEBUG Engine               - supportedLanguages: [ENGLISH, FRENCH, GERMAN, HUNGARIAN, RUSSIAN]
22:03:04.259 [FXGL Background Thread 3 ] DEBUG Engine               - ticksPerSecond: -1
22:03:04.259 [FXGL Background Thread 3 ] DEBUG Engine               - title: Server
22:03:04.259 [FXGL Background Thread 3 ] DEBUG Engine               - urlGithub: https://github.com/AlmasB/FXGL
22:03:04.259 [FXGL Background Thread 3 ] DEBUG Engine               - urlLeaderboard: http://fxgl-top.herokuapp.com/
22:03:04.260 [FXGL Background Thread 3 ] DEBUG Engine               - urlPOM: https://raw.githubusercontent.com/AlmasB/FXGL/release/README.md
22:03:04.260 [FXGL Background Thread 3 ] DEBUG Engine               - userAppClass: class Runner.ServerRunner
22:03:04.260 [FXGL Background Thread 3 ] DEBUG Engine               - version: 0.0
22:03:04.260 [FXGL Background Thread 3 ] DEBUG Engine               - versionCheckDays: 7
22:03:04.260 [FXGL Background Thread 3 ] DEBUG Engine               - width: 800
22:03:04.260 [FXGL Background Thread 3 ] DEBUG Engine               - Logging services
22:03:04.260 [FXGL Background Thread 3 ] DEBUG Engine               - class com.almasb.fxgl.app.services.FXGLAssetLoaderService
22:03:04.260 [FXGL Background Thread 3 ] DEBUG Engine               - class com.almasb.fxgl.app.FXGLApplication$GameApplicationService
22:03:04.260 [FXGL Background Thread 3 ] DEBUG Engine               - class com.almasb.fxgl.app.services.FXGLDialogService
22:03:04.260 [FXGL Background Thread 3 ] DEBUG Engine               - class com.almasb.fxgl.app.services.IOTaskExecutorService
22:03:04.260 [FXGL Background Thread 3 ] DEBUG Engine               - class com.almasb.fxgl.io.FileSystemService
22:03:04.260 [FXGL Background Thread 3 ] DEBUG Engine               - class com.almasb.fxgl.localization.LocalizationService
22:03:04.260 [FXGL Background Thread 3 ] DEBUG Engine               - class com.almasb.fxgl.app.services.SystemBundleService
22:03:04.261 [FXGL Background Thread 3 ] DEBUG Engine               - class com.almasb.fxgl.profile.SaveLoadService
22:03:04.261 [FXGL Background Thread 3 ] DEBUG Engine               - class com.almasb.fxgl.ui.FXGLUIFactoryServiceProvider
22:03:04.261 [FXGL Background Thread 3 ] DEBUG Engine               - class com.almasb.fxgl.ui.FXGLDialogFactoryServiceProvider
22:03:04.261 [FXGL Background Thread 3 ] DEBUG Engine               - class com.almasb.fxgl.audio.AudioPlayer
22:03:04.261 [FXGL Background Thread 3 ] DEBUG Engine               - class com.almasb.fxgl.notification.impl.NotificationServiceProvider
22:03:04.261 [FXGL Background Thread 3 ] DEBUG Engine               - class com.almasb.fxgl.achievement.AchievementService
22:03:04.261 [FXGL Background Thread 3 ] DEBUG Engine               - class com.almasb.fxgl.cutscene.CutsceneService
22:03:04.261 [FXGL Background Thread 3 ] DEBUG Engine               - class com.almasb.fxgl.minigames.MiniGameService
22:03:04.261 [FXGL Background Thread 3 ] DEBUG Engine               - class com.almasb.fxgl.net.NetService
22:03:04.261 [FXGL Background Thread 3 ] DEBUG Engine               - class com.almasb.fxgl.app.services.UpdaterService
22:03:04.261 [FXGL Background Thread 3 ] DEBUG Engine               - class com.almasb.fxgl.dev.DevService
22:03:04.261 [FXGL Background Thread 3 ] DEBUG Engine               - class com.almasb.fxgl.multiplayer.MultiplayerService
22:03:16.710 [ServerAsyncConnThread    ] DEBUG Endpoint             - TCPServer opening new connection (1) from /127.0.0.1:50211 type: class com.almasb.fxgl.core.serialization.Bundle
22:03:16.722 [ServerAsyncConnThread    ] DEBUG Endpoint             - TCPServer successfully opened connection (1)
22:03:16.754 [TCPServer_SendThread-1   ] DEBUG Writers              - Getting TCPMessageWriter for class com.almasb.fxgl.core.serialization.Bundle
22:03:16.756 [TCPServer_RecvThread-1   ] DEBUG Readers              - Getting TCPMessageReader for class com.almasb.fxgl.core.serialization.Bundle
22:03:16.758 [TCPServer_SendThread-1   ] DEBUG Writers              - Constructed TCPMessageWriter for class com.almasb.fxgl.core.serialization.Bundle: BundleTCPMessageWriter
22:03:16.758 [TCPServer_RecvThread-1   ] DEBUG Readers              - Constructed MessageReader for class com.almasb.fxgl.core.serialization.Bundle: BundleTCPMessageReader
22:03:30.744 [TCPServer_RecvThread-1   ] DEBUG Endpoint             - Connection 1 was unexpectedly disconnected: Connection reset
22:03:30.744 [TCPServer_RecvThread-1   ] DEBUG Connection           - Closing connection 1
22:03:30.745 [TCPServer_RecvThread-1   ] DEBUG Connection           - Connection 1 was correctly closed from local endpoint.
22:03:30.745 [TCPServer_RecvThread-1   ] DEBUG Endpoint             - TCPServer connection (1) was closed
22:03:36.120 [JavaFX Application Thread] DEBUG FXGLApplication      - Exiting FXGL
22:03:36.120 [JavaFX Application Thread] DEBUG LoopRunner           - Stopping loop
22:03:36.121 [JavaFX Application Thread] DEBUG SystemBundleService  - Saving FXGL system data
22:03:36.122 [JavaFX Application Thread] DEBUG FileSystemAccess     - Writing to: C:\Users\User\Documents\Millan.Luis\UNEG\Semestre IV\Tecnicas de Prog. III\Sonic-rush\system\fxgl.bundle
22:03:36.123 [JavaFX Application Thread] DEBUG Async                - Shutting down background threads
22:03:36.123 [JavaFX Application Thread] DEBUG PrimaryStageWindow   - Closing main window
22:03:36.133 [JavaFX Application Thread] DEBUG Logger               - Closing Logger
