15:27:12.896 [main                     ] DEBUG Logger               - Configured Logger
15:27:12.960 [main                     ] DEBUG GameApplication      - Logging settings
Title: Server
Version: 0.0
Width: 800
Height: 500
Fullscreen: false
Intro: false
Profiling: false
Single step:false
App Mode: DEVELOPER
Menu Key: ESCAPE
Stage Style: DECORATED
Scene Factory: class com.almasb.fxgl.app.scene.SceneFactory

15:27:13.638 [JavaFX Application Thread] DEBUG FXGLApplication      - Initializing FXGL
15:27:13.646 [JavaFX Application Thread] INFO  Engine               - FXGL-17.3 (30.03.2023 11.49) on WINDOWS (J:17.0.12 FX:20)
15:27:13.647 [JavaFX Application Thread] DEBUG Engine               - JRE Vendor Name: Oracle Corporation
15:27:13.647 [JavaFX Application Thread] DEBUG Engine               - Running on OS: Windows 10 version 10.0
15:27:13.648 [JavaFX Application Thread] DEBUG Engine               - Architecture: amd64
15:27:13.648 [JavaFX Application Thread] INFO  Engine               - Source code and latest versions at: https://github.com/AlmasB/FXGL
15:27:13.648 [JavaFX Application Thread] INFO  Engine               -       Ask questions and discuss at: https://github.com/AlmasB/FXGL/discussions
15:27:13.649 [JavaFX Application Thread] INFO  Engine               -              Join the FXGL chat at: https://gitter.im/AlmasB/FXGL
15:27:13.866 [JavaFX Application Thread] DEBUG PrimaryStageWindow   - Creating a JavaFX scene
15:27:13.941 [JavaFX Application Thread] DEBUG PrimaryStageWindow   - Target settings size: 800.0 x 500.0
15:27:13.941 [JavaFX Application Thread] DEBUG PrimaryStageWindow   - Scaled scene size:    800.0 x 500.0
15:27:13.942 [JavaFX Application Thread] DEBUG PrimaryStageWindow   - Scaled ratio: (1.0, 1.0)
15:27:13.944 [JavaFX Application Thread] DEBUG PrimaryStageWindow   - Set initial scene to FXGLStartupScene
15:27:13.949 [JavaFX Application Thread] DEBUG PrimaryStageWindow   - Opening main window
15:27:14.063 [JavaFX Application Thread] DEBUG PrimaryStageWindow   - Window border size: (14.4000244140625, 37.5999755859375)
15:27:14.063 [JavaFX Application Thread] DEBUG PrimaryStageWindow   - Scaled size: 800.0 x 500.0
15:27:14.064 [JavaFX Application Thread] DEBUG PrimaryStageWindow   - Scaled ratio: (1.0, 1.0)
15:27:14.064 [JavaFX Application Thread] DEBUG PrimaryStageWindow   - Scene size: 800.0 x 500.0
15:27:14.065 [JavaFX Application Thread] DEBUG PrimaryStageWindow   - Stage size: 814.4000244140625 x 537.5999755859375
15:27:14.081 [FXGL Background Thread 1 ] DEBUG Engine               - Initializing environment variables
15:27:14.175 [FXGL Background Thread 1 ] DEBUG FXGLAssetLoaderServi - User app class for loading assets: class Runner.ServerRunner
15:27:14.175 [FXGL Background Thread 1 ] DEBUG GameApplicationServi - Applying CSS: fxgl_dark.css
15:27:14.178 [FXGL Background Thread 1 ] DEBUG FXGLAssetLoaderServi - Loading from file system: jar:file:/C:/Users/Owner/.m2/repository/com/github/almasb/fxgl/17.3/fxgl-17.3.jar!/fxglassets/ui/css/fxgl_dark.css
15:27:14.300 [FXGL Background Thread 1 ] DEBUG GameApplicationServi - Initializing application scenes
15:27:14.497 [FXGL Background Thread 1 ] DEBUG GameWorld            - Game world initialized
15:27:14.622 [FXGL Background Thread 1 ] DEBUG PhysicsWorld         - Physics world initialized: appHeight=500, physics.ppm=50.0
15:27:14.623 [FXGL Background Thread 1 ] DEBUG PhysicsWorld         - Using strategy: BRUTE_FORCE
15:27:14.630 [FXGL Background Thread 1 ] DEBUG GameScene            - Game scene initialized: 800x500
15:27:14.664 [FXGL Background Thread 1 ] WARN  FXGL.DefaultMenu     - FXGLDefaultMenu is not designed for resolutions < 800x600
15:27:14.677 [FXGL Background Thread 1 ] DEBUG FXGL.DefaultMenu     - createMenuBodyGameMenu()
15:27:14.822 [FXGL Background Thread 1 ] DEBUG FXGL.DefaultMenu     - createOptionsMenu()
15:27:14.895 [FXGL Background Thread 1 ] DEBUG FXGLAssetLoaderServi - Loading from file system: jar:file:/C:/Users/Owner/.m2/repository/com/github/almasb/fxgl/17.3/fxgl-17.3.jar!/fxglassets/textures/particles/smoke.png
15:27:15.462 [FXGL Background Thread 1 ] DEBUG FXGLAssetLoaderServi - Loading from file system: jar:file:/C:/Users/Owner/.m2/repository/com/github/almasb/fxgl/17.3/fxgl-17.3.jar!/fxglassets/textures/particles/trace_horizontal.png
15:27:15.596 [FXGL Background Thread 1 ] DEBUG GameApplicationServi - Application scenes initialized
15:27:15.731 [FXGL Background Thread 1 ] DEBUG SystemBundleService  - Loading FXGL system data
15:27:15.763 [FXGL Background Thread 1 ] DEBUG FileSystemAccess     - Reading from: C:\Users\Owner\Desktop\Sonic-rush\system\fxgl.bundle
15:27:15.834 [FXGL Background Thread 1 ] DEBUG SystemBundleService  - Bundle FXGL: {}
15:27:15.836 [FXGL Background Thread 1 ] DEBUG UpdaterService       - Checking for updates
15:27:15.886 [FXGL Background Thread 1 ] DEBUG FXGLApplication      - Loading default localization
15:27:15.892 [FXGL Background Thread 1 ] DEBUG FXGLAssetLoaderServi - Loading from file system: jar:file:/C:/Users/Owner/.m2/repository/com/github/almasb/fxgl/17.3/fxgl-17.3.jar!/fxglassets/languages/english.lang
15:27:15.994 [FXGL Background Thread 1 ] INFO  FXGLApplication      - FXGL initialization took: 1.913 sec
15:27:16.065 [JavaFX Application Thread] DEBUG FXGLAssetLoaderServi - Loading from file system: jar:file:/C:/Users/Owner/.m2/repository/com/github/almasb/fxgl/17.3/fxgl-17.3.jar!/fxglassets/textures/fxgl_icon.png
15:27:16.113 [FXGL Background Thread 4 ] DEBUG FXGLApplication      - Loading fonts
15:27:16.128 [FXGL Background Thread 4 ] DEBUG FXGLAssetLoaderServi - Loading from file system: jar:file:/C:/Users/Owner/.m2/repository/com/github/almasb/fxgl/17.3/fxgl-17.3.jar!/fxglassets/ui/fonts/VarelaRound-Regular.ttf
15:27:16.533 [JavaFX Application Thread] DEBUG FXGLAssetLoaderServi - Loading from file system: jar:file:/C:/Users/Owner/.m2/repository/com/github/almasb/fxgl/17.3/fxgl-17.3.jar!/fxglassets/textures/fxgl_default_cursor.png
15:27:16.601 [JavaFX Application Thread] DEBUG Input                - Registered new binding: Screenshot - CTRL+8
15:27:16.602 [JavaFX Application Thread] DEBUG Input                - Registered new binding: System info dump - CTRL+9
15:27:16.603 [JavaFX Application Thread] DEBUG Input                - Registered new binding: Restart - CTRL+R
15:27:16.607 [JavaFX Application Thread] DEBUG Input                - Registered new binding: Toggle Debug Camera - CTRL+7
15:27:16.642 [JavaFX Application Thread] DEBUG LoopRunner           - Starting loop
15:27:16.642 [JavaFX Application Thread] DEBUG LoopRunner           - Initializing JavaFX AnimationTimerLoop
15:27:16.645 [JavaFX Application Thread] DEBUG GameApplicationServi - Starting new game
15:27:16.645 [JavaFX Application Thread] DEBUG Input                - Clearing active input actions
15:27:16.663 [JavaFX Application Thread] DEBUG GameApplicationServi - Removing overlay from FXGLStartupScene and adding to FXGLLoadingScene
15:27:16.664 [JavaFX Application Thread] DEBUG PrimaryStageWindow   - FXGLStartupScene -> FXGLLoadingScene
15:27:16.664 [JavaFX Application Thread] DEBUG GameApplicationServi - Clearing previous game
15:27:16.664 [JavaFX Application Thread] DEBUG GameScene            - Clearing game scene
15:27:16.664 [JavaFX Application Thread] DEBUG GameWorld            - Clearing game world
15:27:16.664 [JavaFX Application Thread] DEBUG PhysicsWorld         - Clearing physics world
15:27:16.668 [FXGL Background Thread 1 ] DEBUG FXGLApplication      - Initializing game
15:27:17.164 [ServerAsyncConnThread    ] DEBUG TCPServer            - Starting to listen at: 55555 type: class com.almasb.fxgl.core.serialization.Bundle
15:27:17.527 [FXGL Background Thread 1 ] DEBUG TMXLevelLoader       - Parsed TiledMap: file:/C:/Users/Owner/Desktop/Sonic-rush/target/classes/assets/levels/mapazo.tmx
15:27:17.530 [FXGL Background Thread 1 ] DEBUG TMXLevelLoader       - Creating tile layer entities
15:27:17.535 [FXGL Background Thread 1 ] DEBUG TilesetLoader        - Loading view for layer Capa de patrones 1
15:27:17.572 [FXGL Background Thread 1 ] DEBUG TilesetLoader        - Created buffer with size 3840.0x720.0
15:27:17.644 [FXGL Background Thread 1 ] DEBUG TMXLevelLoader       - Creating object layer entities
15:27:17.680 [FXGL Background Thread 1 ] DEBUG GameWorld            - Clearing removable entities
15:27:17.681 [FXGL Background Thread 1 ] DEBUG GameWorld            - Setting level: com.almasb.fxgl.entity.level.Level@39bf8abb
15:27:17.876 [FXGL Background Thread 1 ] DEBUG FXGLAssetLoaderServi - Loading from file system: file:/C:/Users/Owner/Desktop/Sonic-rush/target/classes/assets/textures/Items/ring.png
15:27:17.883 [FXGL Background Thread 4 ] DEBUG FXGLAssetLoaderServi - Loading from file system: jar:file:/C:/Users/Owner/.m2/repository/com/github/almasb/fxgl/17.3/fxgl-17.3.jar!/fxglassets/ui/fonts/Abel-Regular.ttf
15:27:17.888 [FXGL Background Thread 4 ] DEBUG FXGLAssetLoaderServi - Loading from file system: jar:file:/C:/Users/Owner/.m2/repository/com/github/almasb/fxgl/17.3/fxgl-17.3.jar!/fxglassets/ui/fonts/TerminalLandMono-Regular.otf
15:27:17.895 [FXGL Background Thread 4 ] DEBUG FXGLAssetLoaderServi - Loading from file system: jar:file:/C:/Users/Owner/.m2/repository/com/github/almasb/fxgl/17.3/fxgl-17.3.jar!/fxglassets/ui/fonts/Courier-Prime.ttf
15:27:17.908 [JavaFX Application Thread] DEBUG FXGLApplication      - Registering font factories with UI factory
15:27:17.949 [FXGL Background Thread 1 ] DEBUG FXGLAssetLoaderServi - Loading from file system: file:/C:/Users/Owner/Desktop/Sonic-rush/target/classes/assets/textures/Enemigos/enemigo.png
15:27:18.097 [FXGL Background Thread 1 ] DEBUG FXGLAssetLoaderServi - Loading from file system: file:/C:/Users/Owner/Desktop/Sonic-rush/target/classes/assets/textures/Items/papel.png
15:27:18.100 [FXGL Background Thread 1 ] DEBUG FXGLAssetLoaderServi - Loading from file system: file:/C:/Users/Owner/Desktop/Sonic-rush/target/classes/assets/textures/Items/basura.png
15:27:18.109 [FXGL Background Thread 1 ] DEBUG FXGLAssetLoaderServi - Loading from file system: file:/C:/Users/Owner/Desktop/Sonic-rush/target/classes/assets/textures/Items/caucho.png
15:27:18.146 [FXGL Background Thread 1 ] INFO  FXGLApplication      - Game initialization took: 1.453 sec
15:27:18.164 [JavaFX Application Thread] DEBUG Input                - Clearing active input actions
15:27:18.178 [JavaFX Application Thread] DEBUG GameApplicationServi - Removing overlay from FXGLLoadingScene and adding to GameScene
15:27:18.178 [JavaFX Application Thread] DEBUG PrimaryStageWindow   - FXGLLoadingScene -> GameScene
15:27:18.800 [FXGL Background Thread 2 ] INFO  UpdaterService       - Your current version:  17.3
15:27:18.820 [FXGL Background Thread 2 ] INFO  UpdaterService       - Latest stable version: 21.1
15:27:19.012 [FXGL Background Thread 3 ] DEBUG Engine               - Logging environment variables
15:27:19.230 [FXGL Background Thread 3 ] DEBUG Engine               - achievements: []
15:27:19.230 [FXGL Background Thread 3 ] DEBUG Engine               - actualHeight: 500.0
15:27:19.231 [FXGL Background Thread 3 ] DEBUG Engine               - actualHeightProperty: ReadOnlyDoubleProperty [value: 500.0]
15:27:19.231 [FXGL Background Thread 3 ] DEBUG Engine               - actualWidth: 800.0
15:27:19.231 [FXGL Background Thread 3 ] DEBUG Engine               - actualWidthProperty: ReadOnlyDoubleProperty [value: 800.0]
15:27:19.231 [FXGL Background Thread 3 ] DEBUG Engine               - appIcon: fxgl_icon.png
15:27:19.231 [FXGL Background Thread 3 ] DEBUG Engine               - applicationMode: DEVELOPER
15:27:19.231 [FXGL Background Thread 3 ] DEBUG Engine               - cSSList: [fxgl_dark.css]
15:27:19.231 [FXGL Background Thread 3 ] DEBUG Engine               - collisionDetectionStrategy: BRUTE_FORCE
15:27:19.232 [FXGL Background Thread 3 ] DEBUG Engine               - configClass: Optional.empty
15:27:19.232 [FXGL Background Thread 3 ] DEBUG Engine               - credits: []
15:27:19.237 [FXGL Background Thread 3 ] DEBUG Engine               - defaultCursor: CursorInfo(imageName=fxgl_default_cursor.png, hotspotX=7.0, hotspotY=6.0)
15:27:19.239 [FXGL Background Thread 3 ] DEBUG Engine               - devBBoxColorProperty: ObjectProperty [value: 0xff0000ff]
15:27:19.239 [FXGL Background Thread 3 ] DEBUG Engine               - devEnableDebugCameraProperty: BooleanProperty [value: false]
15:27:19.239 [FXGL Background Thread 3 ] DEBUG Engine               - devSensorColorProperty: ObjectProperty [value: 0xffff00ff]
15:27:19.239 [FXGL Background Thread 3 ] DEBUG Engine               - devShowBBoxProperty: BooleanProperty [value: false]
15:27:19.239 [FXGL Background Thread 3 ] DEBUG Engine               - devShowPositionProperty: BooleanProperty [value: false]
15:27:19.240 [FXGL Background Thread 3 ] DEBUG Engine               - enabledMenuItems: []
15:27:19.240 [FXGL Background Thread 3 ] DEBUG Engine               - engineServices: [class com.almasb.fxgl.app.services.FXGLAssetLoaderService, class com.almasb.fxgl.app.FXGLApplication$GameApplicationService, class com.almasb.fxgl.app.services.FXGLDialogService, class com.almasb.fxgl.app.services.IOTaskExecutorService, class com.almasb.fxgl.io.FileSystemService, class com.almasb.fxgl.localization.LocalizationService, class com.almasb.fxgl.app.services.SystemBundleService, class com.almasb.fxgl.profile.SaveLoadService, class com.almasb.fxgl.ui.FXGLUIFactoryServiceProvider, class com.almasb.fxgl.ui.FXGLDialogFactoryServiceProvider, class com.almasb.fxgl.audio.AudioPlayer, class com.almasb.fxgl.notification.impl.NotificationServiceProvider, class com.almasb.fxgl.achievement.AchievementService, class com.almasb.fxgl.cutscene.CutsceneService, class com.almasb.fxgl.minigames.MiniGameService, class com.almasb.fxgl.net.NetService, class com.almasb.fxgl.app.services.UpdaterService, class com.almasb.fxgl.dev.DevService, class com.almasb.fxgl.multiplayer.MultiplayerService]
15:27:19.240 [FXGL Background Thread 3 ] DEBUG Engine               - fontGame: Abel-Regular.ttf
15:27:19.240 [FXGL Background Thread 3 ] DEBUG Engine               - fontMono: TerminalLandMono-Regular.otf
15:27:19.240 [FXGL Background Thread 3 ] DEBUG Engine               - fontSizeScaleUI: 1.0
15:27:19.240 [FXGL Background Thread 3 ] DEBUG Engine               - fontText: Courier-Prime.ttf
15:27:19.240 [FXGL Background Thread 3 ] DEBUG Engine               - fontUI: VarelaRound-Regular.ttf
15:27:19.240 [FXGL Background Thread 3 ] DEBUG Engine               - fullScreen: BooleanProperty [value: false]
15:27:19.240 [FXGL Background Thread 3 ] DEBUG Engine               - gameDifficulty: MEDIUM
15:27:19.241 [FXGL Background Thread 3 ] DEBUG Engine               - gameDifficultyProperty: ObjectProperty [value: MEDIUM]
15:27:19.241 [FXGL Background Thread 3 ] DEBUG Engine               - globalMusicVolume: 0.5
15:27:19.241 [FXGL Background Thread 3 ] DEBUG Engine               - globalMusicVolumeProperty: DoubleProperty [value: 0.5]
15:27:19.241 [FXGL Background Thread 3 ] DEBUG Engine               - globalSoundVolume: 0.5
15:27:19.241 [FXGL Background Thread 3 ] DEBUG Engine               - globalSoundVolumeProperty: DoubleProperty [value: 0.5]
15:27:19.245 [FXGL Background Thread 3 ] DEBUG Engine               - height: 500
15:27:19.245 [FXGL Background Thread 3 ] DEBUG Engine               - is3D: false
15:27:19.246 [FXGL Background Thread 3 ] DEBUG Engine               - isAndroid: false
15:27:19.246 [FXGL Background Thread 3 ] DEBUG Engine               - isBrowser: false
15:27:19.250 [FXGL Background Thread 3 ] DEBUG Engine               - isClickFeedbackEnabled: false
15:27:19.250 [FXGL Background Thread 3 ] DEBUG Engine               - isCloseConfirmation: false
15:27:19.250 [FXGL Background Thread 3 ] DEBUG Engine               - isDesktop: true
15:27:19.250 [FXGL Background Thread 3 ] DEBUG Engine               - isDeveloperMenuEnabled: false
15:27:19.250 [FXGL Background Thread 3 ] DEBUG Engine               - isEmbedded: false
15:27:19.250 [FXGL Background Thread 3 ] DEBUG Engine               - isEntityPreloadEnabled: true
15:27:19.250 [FXGL Background Thread 3 ] DEBUG Engine               - isExperimentalTiledLargeMap: false
15:27:19.251 [FXGL Background Thread 3 ] DEBUG Engine               - isFileSystemWriteAllowed: true
15:27:19.251 [FXGL Background Thread 3 ] DEBUG Engine               - isFullScreenAllowed: false
15:27:19.251 [FXGL Background Thread 3 ] DEBUG Engine               - isFullScreenFromStart: false
15:27:19.251 [FXGL Background Thread 3 ] DEBUG Engine               - isGameMenuEnabled: true
15:27:19.251 [FXGL Background Thread 3 ] DEBUG Engine               - isIOS: false
15:27:19.251 [FXGL Background Thread 3 ] DEBUG Engine               - isIntroEnabled: false
15:27:19.251 [FXGL Background Thread 3 ] DEBUG Engine               - isLinux: false
15:27:19.251 [FXGL Background Thread 3 ] DEBUG Engine               - isMac: false
15:27:19.251 [FXGL Background Thread 3 ] DEBUG Engine               - isMainMenuEnabled: false
15:27:19.251 [FXGL Background Thread 3 ] DEBUG Engine               - isManualResizeEnabled: false
15:27:19.251 [FXGL Background Thread 3 ] DEBUG Engine               - isMobile: false
15:27:19.252 [FXGL Background Thread 3 ] DEBUG Engine               - isNative: false
15:27:19.252 [FXGL Background Thread 3 ] DEBUG Engine               - isPauseMusicWhenMinimized: true
15:27:19.252 [FXGL Background Thread 3 ] DEBUG Engine               - isPreserveResizeRatio: false
15:27:19.252 [FXGL Background Thread 3 ] DEBUG Engine               - isProfilingEnabled: false
15:27:19.252 [FXGL Background Thread 3 ] DEBUG Engine               - isScaleAffectedOnResize: true
15:27:19.252 [FXGL Background Thread 3 ] DEBUG Engine               - isSingleStep: false
15:27:19.252 [FXGL Background Thread 3 ] DEBUG Engine               - isUserProfileEnabled: false
15:27:19.252 [FXGL Background Thread 3 ] DEBUG Engine               - isWindows: true
15:27:19.252 [FXGL Background Thread 3 ] DEBUG Engine               - language: ObjectProperty [value: ENGLISH]
15:27:19.253 [FXGL Background Thread 3 ] DEBUG Engine               - menuKey: ESCAPE
15:27:19.253 [FXGL Background Thread 3 ] DEBUG Engine               - mouseSensitivity: 0.2
15:27:19.253 [FXGL Background Thread 3 ] DEBUG Engine               - notificationViewClass: class com.almasb.fxgl.notification.view.XboxNotificationView
15:27:19.253 [FXGL Background Thread 3 ] DEBUG Engine               - pixelsPerMeter: 50.0
15:27:19.253 [FXGL Background Thread 3 ] DEBUG Engine               - platform: WINDOWS
15:27:19.253 [FXGL Background Thread 3 ] DEBUG Engine               - prefHeightProperty: ReadOnlyDoubleProperty [value: 500.0]
15:27:19.253 [FXGL Background Thread 3 ] DEBUG Engine               - prefWidthProperty: ReadOnlyDoubleProperty [value: 800.0]
15:27:19.253 [FXGL Background Thread 3 ] DEBUG Engine               - profileDir: profiles/
15:27:19.254 [FXGL Background Thread 3 ] DEBUG Engine               - profileName: StringProperty [value: DEFAULT]
15:27:19.254 [FXGL Background Thread 3 ] DEBUG Engine               - randomSeed: -1
15:27:19.255 [FXGL Background Thread 3 ] DEBUG Engine               - runtimeInfo: RuntimeInfo(platform=WINDOWS, version=17.3, build=30.03.2023 11.49)
15:27:19.255 [FXGL Background Thread 3 ] DEBUG Engine               - saveFileExt: sav
15:27:19.255 [FXGL Background Thread 3 ] DEBUG Engine               - scaledHeightProp$fxgl: DoubleProperty [bound, value: 500.0]
15:27:19.255 [FXGL Background Thread 3 ] DEBUG Engine               - scaledWidthProp$fxgl: DoubleProperty [bound, value: 800.0]
15:27:19.255 [FXGL Background Thread 3 ] DEBUG Engine               - sceneFactory: com.almasb.fxgl.app.scene.SceneFactory@5745d4a2
15:27:19.255 [FXGL Background Thread 3 ] DEBUG Engine               - secondsIn24h: 60
15:27:19.256 [FXGL Background Thread 3 ] DEBUG Engine               - soundMenuBack: menu/back.wav
15:27:19.256 [FXGL Background Thread 3 ] DEBUG Engine               - soundMenuPress: menu/press.wav
15:27:19.256 [FXGL Background Thread 3 ] DEBUG Engine               - soundMenuSelect: menu/select.wav
15:27:19.256 [FXGL Background Thread 3 ] DEBUG Engine               - soundNotification: core/notification.wav
15:27:19.256 [FXGL Background Thread 3 ] DEBUG Engine               - stageStyle: DECORATED
15:27:19.256 [FXGL Background Thread 3 ] DEBUG Engine               - supportedLanguages: [ENGLISH, FRENCH, GERMAN, HUNGARIAN, RUSSIAN]
15:27:19.256 [FXGL Background Thread 3 ] DEBUG Engine               - ticksPerSecond: -1
15:27:19.256 [FXGL Background Thread 3 ] DEBUG Engine               - title: Server
15:27:19.256 [FXGL Background Thread 3 ] DEBUG Engine               - urlGithub: https://github.com/AlmasB/FXGL
15:27:19.256 [FXGL Background Thread 3 ] DEBUG Engine               - urlLeaderboard: http://fxgl-top.herokuapp.com/
15:27:19.257 [FXGL Background Thread 3 ] DEBUG Engine               - urlPOM: https://raw.githubusercontent.com/AlmasB/FXGL/release/README.md
15:27:19.257 [FXGL Background Thread 3 ] DEBUG Engine               - userAppClass: class Runner.ServerRunner
15:27:19.257 [FXGL Background Thread 3 ] DEBUG Engine               - version: 0.0
15:27:19.257 [FXGL Background Thread 3 ] DEBUG Engine               - versionCheckDays: 7
15:27:19.257 [FXGL Background Thread 3 ] DEBUG Engine               - width: 800
15:27:19.257 [FXGL Background Thread 3 ] DEBUG Engine               - Logging services
15:27:19.257 [FXGL Background Thread 3 ] DEBUG Engine               - class com.almasb.fxgl.app.services.FXGLAssetLoaderService
15:27:19.257 [FXGL Background Thread 3 ] DEBUG Engine               - class com.almasb.fxgl.app.FXGLApplication$GameApplicationService
15:27:19.257 [FXGL Background Thread 3 ] DEBUG Engine               - class com.almasb.fxgl.app.services.FXGLDialogService
15:27:19.257 [FXGL Background Thread 3 ] DEBUG Engine               - class com.almasb.fxgl.app.services.IOTaskExecutorService
15:27:19.257 [FXGL Background Thread 3 ] DEBUG Engine               - class com.almasb.fxgl.io.FileSystemService
15:27:19.257 [FXGL Background Thread 3 ] DEBUG Engine               - class com.almasb.fxgl.localization.LocalizationService
15:27:19.257 [FXGL Background Thread 3 ] DEBUG Engine               - class com.almasb.fxgl.app.services.SystemBundleService
15:27:19.257 [FXGL Background Thread 3 ] DEBUG Engine               - class com.almasb.fxgl.profile.SaveLoadService
15:27:19.258 [FXGL Background Thread 3 ] DEBUG Engine               - class com.almasb.fxgl.ui.FXGLUIFactoryServiceProvider
15:27:19.258 [FXGL Background Thread 3 ] DEBUG Engine               - class com.almasb.fxgl.ui.FXGLDialogFactoryServiceProvider
15:27:19.258 [FXGL Background Thread 3 ] DEBUG Engine               - class com.almasb.fxgl.audio.AudioPlayer
15:27:19.258 [FXGL Background Thread 3 ] DEBUG Engine               - class com.almasb.fxgl.notification.impl.NotificationServiceProvider
15:27:19.260 [FXGL Background Thread 3 ] DEBUG Engine               - class com.almasb.fxgl.achievement.AchievementService
15:27:19.260 [FXGL Background Thread 3 ] DEBUG Engine               - class com.almasb.fxgl.cutscene.CutsceneService
15:27:19.260 [FXGL Background Thread 3 ] DEBUG Engine               - class com.almasb.fxgl.minigames.MiniGameService
15:27:19.260 [FXGL Background Thread 3 ] DEBUG Engine               - class com.almasb.fxgl.net.NetService
15:27:19.260 [FXGL Background Thread 3 ] DEBUG Engine               - class com.almasb.fxgl.app.services.UpdaterService
15:27:19.260 [FXGL Background Thread 3 ] DEBUG Engine               - class com.almasb.fxgl.dev.DevService
15:27:19.260 [FXGL Background Thread 3 ] DEBUG Engine               - class com.almasb.fxgl.multiplayer.MultiplayerService
15:27:35.934 [ServerAsyncConnThread    ] DEBUG Endpoint             - TCPServer opening new connection (1) from /127.0.0.1:49962 type: class com.almasb.fxgl.core.serialization.Bundle
15:27:35.936 [ServerAsyncConnThread    ] DEBUG Endpoint             - TCPServer successfully opened connection (1)
15:27:36.206 [TCPServer_SendThread-1   ] DEBUG Writers              - Getting TCPMessageWriter for class com.almasb.fxgl.core.serialization.Bundle
15:27:36.216 [TCPServer_SendThread-1   ] DEBUG Writers              - Constructed TCPMessageWriter for class com.almasb.fxgl.core.serialization.Bundle: BundleTCPMessageWriter
15:27:36.295 [TCPServer_RecvThread-1   ] DEBUG Readers              - Getting TCPMessageReader for class com.almasb.fxgl.core.serialization.Bundle
15:27:36.306 [TCPServer_RecvThread-1   ] DEBUG Readers              - Constructed MessageReader for class com.almasb.fxgl.core.serialization.Bundle: BundleTCPMessageReader
15:29:33.443 [TCPServer_RecvThread-1   ] DEBUG Endpoint             - Connection 1 was unexpectedly disconnected: Connection reset
15:29:33.443 [TCPServer_RecvThread-1   ] DEBUG Connection           - Closing connection 1
15:29:33.443 [TCPServer_RecvThread-1   ] DEBUG Connection           - Connection 1 was correctly closed from local endpoint.
15:29:33.444 [TCPServer_RecvThread-1   ] DEBUG Endpoint             - TCPServer connection (1) was closed
15:30:59.763 [JavaFX Application Thread] DEBUG FXGLApplication      - Exiting FXGL
15:30:59.764 [JavaFX Application Thread] DEBUG LoopRunner           - Stopping loop
15:30:59.764 [JavaFX Application Thread] DEBUG SystemBundleService  - Saving FXGL system data
15:30:59.766 [JavaFX Application Thread] DEBUG FileSystemAccess     - Writing to: C:\Users\Owner\Desktop\Sonic-rush\system\fxgl.bundle
15:30:59.767 [JavaFX Application Thread] DEBUG Async                - Shutting down background threads
15:30:59.767 [JavaFX Application Thread] DEBUG PrimaryStageWindow   - Closing main window
15:30:59.790 [JavaFX Application Thread] DEBUG Logger               - Closing Logger
