12:01:40.203 [main                     ] DEBUG Logger               - Configured Logger
12:01:40.246 [main                     ] DEBUG GameApplication      - Logging settings
Title: Jugador Sonic
Version: 0.0
Width: 1000
Height: 600
Fullscreen: false
Intro: false
Profiling: false
Single step:false
App Mode: DEVELOPER
Menu Key: ESCAPE
Stage Style: DECORATED
Scene Factory: class com.almasb.fxgl.app.scene.SceneFactory

12:01:40.894 [JavaFX Application Thread] DEBUG FXGLApplication      - Initializing FXGL
12:01:40.915 [JavaFX Application Thread] INFO  Engine               - FXGL-17.3 (30.03.2023 11.49) on WINDOWS (J:17.0.12 FX:20)
12:01:40.919 [JavaFX Application Thread] DEBUG Engine               - JRE Vendor Name: Oracle Corporation
12:01:40.920 [JavaFX Application Thread] DEBUG Engine               - Running on OS: Windows 10 version 10.0
12:01:40.920 [JavaFX Application Thread] DEBUG Engine               - Architecture: amd64
12:01:40.920 [JavaFX Application Thread] INFO  Engine               - Source code and latest versions at: https://github.com/AlmasB/FXGL
12:01:40.922 [JavaFX Application Thread] INFO  Engine               -       Ask questions and discuss at: https://github.com/AlmasB/FXGL/discussions
12:01:40.959 [JavaFX Application Thread] INFO  Engine               -              Join the FXGL chat at: https://gitter.im/AlmasB/FXGL
12:01:41.302 [JavaFX Application Thread] DEBUG PrimaryStageWindow   - Creating a JavaFX scene
12:01:41.436 [JavaFX Application Thread] DEBUG PrimaryStageWindow   - Target settings size: 1000.0 x 600.0
12:01:41.436 [JavaFX Application Thread] DEBUG PrimaryStageWindow   - Scaled scene size:    1000.0 x 600.0
12:01:41.437 [JavaFX Application Thread] DEBUG PrimaryStageWindow   - Scaled ratio: (1.0, 1.0)
12:01:41.439 [JavaFX Application Thread] DEBUG PrimaryStageWindow   - Set initial scene to FXGLStartupScene
12:01:41.448 [JavaFX Application Thread] DEBUG PrimaryStageWindow   - Opening main window
12:01:41.638 [JavaFX Application Thread] DEBUG PrimaryStageWindow   - Window border size: (14.4000244140625, 37.5999755859375)
12:01:41.639 [JavaFX Application Thread] DEBUG PrimaryStageWindow   - Scaled size: 1000.0 x 600.0
12:01:41.640 [JavaFX Application Thread] DEBUG PrimaryStageWindow   - Scaled ratio: (1.0, 1.0)
12:01:41.640 [JavaFX Application Thread] DEBUG PrimaryStageWindow   - Scene size: 1000.0 x 600.0
12:01:41.641 [JavaFX Application Thread] DEBUG PrimaryStageWindow   - Stage size: 1014.4000244140625 x 637.5999755859375
12:01:41.780 [FXGL Background Thread 1 ] DEBUG Engine               - Initializing environment variables
12:01:41.873 [FXGL Background Thread 1 ] DEBUG FXGLAssetLoaderServi - User app class for loading assets: class Runner.ClientRunner
12:01:41.874 [FXGL Background Thread 1 ] DEBUG GameApplicationServi - Applying CSS: fxgl_dark.css
12:01:41.876 [FXGL Background Thread 1 ] DEBUG FXGLAssetLoaderServi - Loading from file system: jar:file:/C:/Users/Owner/.m2/repository/com/github/almasb/fxgl/17.3/fxgl-17.3.jar!/fxglassets/ui/css/fxgl_dark.css
12:01:42.021 [FXGL Background Thread 1 ] DEBUG GameApplicationServi - Initializing application scenes
12:01:42.275 [FXGL Background Thread 1 ] DEBUG GameWorld            - Game world initialized
12:01:42.409 [FXGL Background Thread 1 ] DEBUG PhysicsWorld         - Physics world initialized: appHeight=600, physics.ppm=50.0
12:01:42.409 [FXGL Background Thread 1 ] DEBUG PhysicsWorld         - Using strategy: BRUTE_FORCE
12:01:42.417 [FXGL Background Thread 1 ] DEBUG GameScene            - Game scene initialized: 1000x600
12:01:42.465 [FXGL Background Thread 1 ] DEBUG FXGL.DefaultMenu     - createMenuBodyGameMenu()
12:01:42.527 [FXGL Background Thread 1 ] DEBUG FXGL.DefaultMenu     - createOptionsMenu()
12:01:42.554 [FXGL Background Thread 1 ] DEBUG FXGLAssetLoaderServi - Loading from file system: jar:file:/C:/Users/Owner/.m2/repository/com/github/almasb/fxgl/17.3/fxgl-17.3.jar!/fxglassets/textures/particles/smoke.png
12:01:42.918 [FXGL Background Thread 1 ] DEBUG FXGLAssetLoaderServi - Loading from file system: jar:file:/C:/Users/Owner/.m2/repository/com/github/almasb/fxgl/17.3/fxgl-17.3.jar!/fxglassets/textures/particles/trace_horizontal.png
12:01:42.970 [FXGL Background Thread 1 ] DEBUG GameApplicationServi - Application scenes initialized
12:01:43.004 [FXGL Background Thread 1 ] DEBUG SystemBundleService  - Loading FXGL system data
12:01:43.031 [FXGL Background Thread 1 ] DEBUG FileSystemAccess     - Reading from: C:\Users\Owner\Desktop\Sonic-rush\system\fxgl.bundle
12:01:43.077 [FXGL Background Thread 1 ] DEBUG SystemBundleService  - Bundle FXGL: {}
12:01:43.077 [FXGL Background Thread 1 ] DEBUG UpdaterService       - Checking for updates
12:01:43.094 [FXGL Background Thread 1 ] DEBUG FXGLApplication      - Loading default localization
12:01:43.095 [FXGL Background Thread 1 ] DEBUG FXGLAssetLoaderServi - Loading from file system: jar:file:/C:/Users/Owner/.m2/repository/com/github/almasb/fxgl/17.3/fxgl-17.3.jar!/fxglassets/languages/english.lang
12:01:43.118 [FXGL Background Thread 4 ] DEBUG FXGLApplication      - Loading fonts
12:01:43.119 [FXGL Background Thread 4 ] DEBUG FXGLAssetLoaderServi - Loading from file system: jar:file:/C:/Users/Owner/.m2/repository/com/github/almasb/fxgl/17.3/fxgl-17.3.jar!/fxglassets/ui/fonts/VarelaRound-Regular.ttf
12:01:43.146 [FXGL Background Thread 1 ] INFO  FXGLApplication      - FXGL initialization took: 1.366 sec
12:01:43.232 [JavaFX Application Thread] DEBUG Input                - Registered new binding: Mover a la izquierda - A
12:01:43.235 [JavaFX Application Thread] DEBUG Input                - Registered new binding: Mover a la derecha - D
12:01:43.238 [JavaFX Application Thread] DEBUG Input                - Registered new binding: Saltar - W
12:01:43.242 [JavaFX Application Thread] DEBUG Input                - Registered new binding: Interactuar - E
12:01:43.245 [JavaFX Application Thread] DEBUG Input                - Registered new binding: Transformar - P
12:01:43.247 [JavaFX Application Thread] DEBUG Input                - Registered new binding: Desactivar filtro - L
12:01:43.253 [JavaFX Application Thread] DEBUG FXGLAssetLoaderServi - Loading from file system: jar:file:/C:/Users/Owner/.m2/repository/com/github/almasb/fxgl/17.3/fxgl-17.3.jar!/fxglassets/textures/fxgl_icon.png
12:01:43.464 [JavaFX Application Thread] DEBUG FXGLAssetLoaderServi - Loading from file system: jar:file:/C:/Users/Owner/.m2/repository/com/github/almasb/fxgl/17.3/fxgl-17.3.jar!/fxglassets/textures/fxgl_default_cursor.png
12:01:43.479 [JavaFX Application Thread] DEBUG Input                - Registered new binding: Screenshot - CTRL+8
12:01:43.481 [JavaFX Application Thread] DEBUG Input                - Registered new binding: System info dump - CTRL+9
12:01:43.482 [JavaFX Application Thread] DEBUG Input                - Registered new binding: Restart - CTRL+R
12:01:43.483 [JavaFX Application Thread] DEBUG Input                - Registered new binding: Toggle Debug Camera - CTRL+7
12:01:43.487 [JavaFX Application Thread] DEBUG LoopRunner           - Starting loop
12:01:43.488 [JavaFX Application Thread] DEBUG LoopRunner           - Initializing JavaFX AnimationTimerLoop
12:01:43.505 [JavaFX Application Thread] DEBUG GameApplicationServi - Starting new game
12:01:43.506 [JavaFX Application Thread] DEBUG Input                - Clearing active input actions
12:01:43.537 [JavaFX Application Thread] DEBUG GameApplicationServi - Removing overlay from FXGLStartupScene and adding to FXGLLoadingScene
12:01:43.538 [JavaFX Application Thread] DEBUG PrimaryStageWindow   - FXGLStartupScene -> FXGLLoadingScene
12:01:43.538 [JavaFX Application Thread] DEBUG GameApplicationServi - Clearing previous game
12:01:43.538 [JavaFX Application Thread] DEBUG GameScene            - Clearing game scene
12:01:43.538 [JavaFX Application Thread] DEBUG GameWorld            - Clearing game world
12:01:43.538 [JavaFX Application Thread] DEBUG PhysicsWorld         - Clearing physics world
12:01:43.541 [FXGL Background Thread 1 ] DEBUG FXGLApplication      - Initializing game
12:01:43.567 [FXGL Background Thread 1 ] DEBUG FXGLAssetLoaderServi - Loading from file system: file:/C:/Users/Owner/Desktop/Sonic-rush/target/classes/assets/music/OST2.mp3
12:01:45.245 [FXGL Background Thread 1 ] DEBUG AudioPlayer          - Playing music com.almasb.fxgl.audio.Music@731e4eab
12:01:45.279 [FXGL Background Thread 1 ] INFO  FXGLApplication      - Game initialization took: 1.737 sec
12:01:45.383 [FXGL Background Thread 4 ] DEBUG FXGLAssetLoaderServi - Loading from file system: jar:file:/C:/Users/Owner/.m2/repository/com/github/almasb/fxgl/17.3/fxgl-17.3.jar!/fxglassets/ui/fonts/Abel-Regular.ttf
12:01:45.402 [FXGL Background Thread 4 ] DEBUG FXGLAssetLoaderServi - Loading from file system: jar:file:/C:/Users/Owner/.m2/repository/com/github/almasb/fxgl/17.3/fxgl-17.3.jar!/fxglassets/ui/fonts/TerminalLandMono-Regular.otf
12:01:45.647 [FXGL Background Thread 4 ] DEBUG FXGLAssetLoaderServi - Loading from file system: jar:file:/C:/Users/Owner/.m2/repository/com/github/almasb/fxgl/17.3/fxgl-17.3.jar!/fxglassets/ui/fonts/Courier-Prime.ttf
12:01:46.104 [JavaFX Application Thread] DEBUG Input                - Clearing active input actions
12:01:46.156 [FXGL Background Thread 3 ] DEBUG Engine               - Logging environment variables
12:01:46.158 [FXGL Background Thread 3 ] DEBUG Engine               - achievements: []
12:01:46.158 [FXGL Background Thread 3 ] DEBUG Engine               - actualHeight: 600.0
12:01:46.159 [FXGL Background Thread 3 ] DEBUG Engine               - actualHeightProperty: ReadOnlyDoubleProperty [value: 600.0]
12:01:46.159 [FXGL Background Thread 3 ] DEBUG Engine               - actualWidth: 1000.0
12:01:46.159 [FXGL Background Thread 3 ] DEBUG Engine               - actualWidthProperty: ReadOnlyDoubleProperty [value: 1000.0]
12:01:46.159 [FXGL Background Thread 3 ] DEBUG Engine               - appIcon: fxgl_icon.png
12:01:46.159 [FXGL Background Thread 3 ] DEBUG Engine               - applicationMode: DEVELOPER
12:01:46.160 [FXGL Background Thread 3 ] DEBUG Engine               - cSSList: [fxgl_dark.css]
12:01:46.160 [FXGL Background Thread 3 ] DEBUG Engine               - collisionDetectionStrategy: BRUTE_FORCE
12:01:46.160 [FXGL Background Thread 3 ] DEBUG Engine               - configClass: Optional.empty
12:01:46.161 [FXGL Background Thread 3 ] DEBUG Engine               - credits: []
12:01:46.161 [FXGL Background Thread 3 ] DEBUG Engine               - defaultCursor: CursorInfo(imageName=fxgl_default_cursor.png, hotspotX=7.0, hotspotY=6.0)
12:01:46.162 [FXGL Background Thread 3 ] DEBUG Engine               - devBBoxColorProperty: ObjectProperty [value: 0xff0000ff]
12:01:46.162 [FXGL Background Thread 3 ] DEBUG Engine               - devEnableDebugCameraProperty: BooleanProperty [value: false]
12:01:46.162 [FXGL Background Thread 3 ] DEBUG Engine               - devSensorColorProperty: ObjectProperty [value: 0xffff00ff]
12:01:46.162 [FXGL Background Thread 3 ] DEBUG Engine               - devShowBBoxProperty: BooleanProperty [value: false]
12:01:46.162 [FXGL Background Thread 3 ] DEBUG Engine               - devShowPositionProperty: BooleanProperty [value: false]
12:01:46.163 [FXGL Background Thread 3 ] DEBUG Engine               - enabledMenuItems: []
12:01:46.163 [FXGL Background Thread 3 ] DEBUG Engine               - engineServices: [class com.almasb.fxgl.app.services.FXGLAssetLoaderService, class com.almasb.fxgl.app.FXGLApplication$GameApplicationService, class com.almasb.fxgl.app.services.FXGLDialogService, class com.almasb.fxgl.app.services.IOTaskExecutorService, class com.almasb.fxgl.io.FileSystemService, class com.almasb.fxgl.localization.LocalizationService, class com.almasb.fxgl.app.services.SystemBundleService, class com.almasb.fxgl.profile.SaveLoadService, class com.almasb.fxgl.ui.FXGLUIFactoryServiceProvider, class com.almasb.fxgl.ui.FXGLDialogFactoryServiceProvider, class com.almasb.fxgl.audio.AudioPlayer, class com.almasb.fxgl.notification.impl.NotificationServiceProvider, class com.almasb.fxgl.achievement.AchievementService, class com.almasb.fxgl.cutscene.CutsceneService, class com.almasb.fxgl.minigames.MiniGameService, class com.almasb.fxgl.net.NetService, class com.almasb.fxgl.app.services.UpdaterService, class com.almasb.fxgl.dev.DevService, class com.almasb.fxgl.multiplayer.MultiplayerService]
12:01:46.163 [FXGL Background Thread 3 ] DEBUG Engine               - fontGame: Abel-Regular.ttf
12:01:46.163 [FXGL Background Thread 3 ] DEBUG Engine               - fontMono: TerminalLandMono-Regular.otf
12:01:46.164 [FXGL Background Thread 3 ] DEBUG Engine               - fontSizeScaleUI: 1.0
12:01:46.164 [FXGL Background Thread 3 ] DEBUG Engine               - fontText: Courier-Prime.ttf
12:01:46.164 [FXGL Background Thread 3 ] DEBUG Engine               - fontUI: VarelaRound-Regular.ttf
12:01:46.164 [FXGL Background Thread 3 ] DEBUG Engine               - fullScreen: BooleanProperty [value: false]
12:01:46.164 [FXGL Background Thread 3 ] DEBUG Engine               - gameDifficulty: MEDIUM
12:01:46.164 [FXGL Background Thread 3 ] DEBUG Engine               - gameDifficultyProperty: ObjectProperty [value: MEDIUM]
12:01:46.164 [FXGL Background Thread 3 ] DEBUG Engine               - globalMusicVolume: 0.5
12:01:46.165 [FXGL Background Thread 3 ] DEBUG Engine               - globalMusicVolumeProperty: DoubleProperty [value: 0.5]
12:01:46.165 [FXGL Background Thread 3 ] DEBUG Engine               - globalSoundVolume: 0.5
12:01:46.168 [FXGL Background Thread 3 ] DEBUG Engine               - globalSoundVolumeProperty: DoubleProperty [value: 0.5]
12:01:46.169 [FXGL Background Thread 3 ] DEBUG Engine               - height: 600
12:01:46.170 [FXGL Background Thread 3 ] DEBUG Engine               - is3D: false
12:01:46.170 [FXGL Background Thread 3 ] DEBUG Engine               - isAndroid: false
12:01:46.170 [FXGL Background Thread 3 ] DEBUG Engine               - isBrowser: false
12:01:46.171 [FXGL Background Thread 3 ] DEBUG Engine               - isClickFeedbackEnabled: false
12:01:46.171 [FXGL Background Thread 3 ] DEBUG Engine               - isCloseConfirmation: false
12:01:46.171 [FXGL Background Thread 3 ] DEBUG Engine               - isDesktop: true
12:01:46.171 [FXGL Background Thread 3 ] DEBUG Engine               - isDeveloperMenuEnabled: false
12:01:46.171 [FXGL Background Thread 3 ] DEBUG Engine               - isEmbedded: false
12:01:46.171 [FXGL Background Thread 3 ] DEBUG Engine               - isEntityPreloadEnabled: true
12:01:46.171 [FXGL Background Thread 3 ] DEBUG Engine               - isExperimentalTiledLargeMap: false
12:01:46.172 [FXGL Background Thread 3 ] DEBUG Engine               - isFileSystemWriteAllowed: true
12:01:46.172 [FXGL Background Thread 3 ] DEBUG Engine               - isFullScreenAllowed: false
12:01:46.172 [FXGL Background Thread 3 ] DEBUG Engine               - isFullScreenFromStart: false
12:01:46.172 [FXGL Background Thread 3 ] DEBUG Engine               - isGameMenuEnabled: true
12:01:46.172 [FXGL Background Thread 3 ] DEBUG Engine               - isIOS: false
12:01:46.172 [FXGL Background Thread 3 ] DEBUG Engine               - isIntroEnabled: false
12:01:46.172 [FXGL Background Thread 3 ] DEBUG Engine               - isLinux: false
12:01:46.172 [FXGL Background Thread 3 ] DEBUG Engine               - isMac: false
12:01:46.173 [FXGL Background Thread 3 ] DEBUG Engine               - isMainMenuEnabled: false
12:01:46.173 [FXGL Background Thread 3 ] DEBUG Engine               - isManualResizeEnabled: false
12:01:46.173 [FXGL Background Thread 3 ] DEBUG Engine               - isMobile: false
12:01:46.173 [FXGL Background Thread 3 ] DEBUG Engine               - isNative: false
12:01:46.173 [FXGL Background Thread 3 ] DEBUG Engine               - isPauseMusicWhenMinimized: true
12:01:46.173 [FXGL Background Thread 3 ] DEBUG Engine               - isPreserveResizeRatio: false
12:01:46.173 [FXGL Background Thread 3 ] DEBUG Engine               - isProfilingEnabled: false
12:01:46.173 [FXGL Background Thread 3 ] DEBUG Engine               - isScaleAffectedOnResize: true
12:01:46.173 [FXGL Background Thread 3 ] DEBUG Engine               - isSingleStep: false
12:01:46.174 [FXGL Background Thread 3 ] DEBUG Engine               - isUserProfileEnabled: false
12:01:46.174 [FXGL Background Thread 3 ] DEBUG Engine               - isWindows: true
12:01:46.174 [FXGL Background Thread 3 ] DEBUG Engine               - language: ObjectProperty [value: ENGLISH]
12:01:46.174 [FXGL Background Thread 3 ] DEBUG Engine               - menuKey: ESCAPE
12:01:46.174 [FXGL Background Thread 3 ] DEBUG Engine               - mouseSensitivity: 0.2
12:01:46.174 [FXGL Background Thread 3 ] DEBUG Engine               - notificationViewClass: class com.almasb.fxgl.notification.view.XboxNotificationView
12:01:46.174 [FXGL Background Thread 3 ] DEBUG Engine               - pixelsPerMeter: 50.0
12:01:46.174 [FXGL Background Thread 3 ] DEBUG Engine               - platform: WINDOWS
12:01:46.174 [FXGL Background Thread 3 ] DEBUG Engine               - prefHeightProperty: ReadOnlyDoubleProperty [value: 600.0]
12:01:46.174 [FXGL Background Thread 3 ] DEBUG Engine               - prefWidthProperty: ReadOnlyDoubleProperty [value: 1000.0]
12:01:46.175 [FXGL Background Thread 3 ] DEBUG Engine               - profileDir: profiles/
12:01:46.175 [FXGL Background Thread 3 ] DEBUG Engine               - profileName: StringProperty [value: DEFAULT]
12:01:46.175 [FXGL Background Thread 3 ] DEBUG Engine               - randomSeed: -1
12:01:46.175 [FXGL Background Thread 3 ] DEBUG Engine               - runtimeInfo: RuntimeInfo(platform=WINDOWS, version=17.3, build=30.03.2023 11.49)
12:01:46.176 [FXGL Background Thread 3 ] DEBUG Engine               - saveFileExt: sav
12:01:46.176 [FXGL Background Thread 3 ] DEBUG Engine               - scaledHeightProp$fxgl: DoubleProperty [bound, value: 600.0]
12:01:46.176 [FXGL Background Thread 3 ] DEBUG Engine               - scaledWidthProp$fxgl: DoubleProperty [bound, value: 1000.0]
12:01:46.176 [FXGL Background Thread 3 ] DEBUG Engine               - sceneFactory: com.almasb.fxgl.app.scene.SceneFactory@3301768c
12:01:46.176 [FXGL Background Thread 3 ] DEBUG Engine               - secondsIn24h: 60
12:01:46.176 [FXGL Background Thread 3 ] DEBUG Engine               - soundMenuBack: menu/back.wav
12:01:46.176 [FXGL Background Thread 3 ] DEBUG Engine               - soundMenuPress: menu/press.wav
12:01:46.176 [FXGL Background Thread 3 ] DEBUG Engine               - soundMenuSelect: menu/select.wav
12:01:46.176 [FXGL Background Thread 3 ] DEBUG Engine               - soundNotification: core/notification.wav
12:01:46.177 [FXGL Background Thread 3 ] DEBUG Engine               - stageStyle: DECORATED
12:01:46.177 [FXGL Background Thread 3 ] DEBUG Engine               - supportedLanguages: [ENGLISH, FRENCH, GERMAN, HUNGARIAN, RUSSIAN]
12:01:46.177 [FXGL Background Thread 3 ] DEBUG Engine               - ticksPerSecond: -1
12:01:46.177 [FXGL Background Thread 3 ] DEBUG Engine               - title: Jugador Sonic
12:01:46.178 [FXGL Background Thread 3 ] DEBUG Engine               - urlGithub: https://github.com/AlmasB/FXGL
12:01:46.178 [FXGL Background Thread 3 ] DEBUG Engine               - urlLeaderboard: http://fxgl-top.herokuapp.com/
12:01:46.178 [FXGL Background Thread 3 ] DEBUG Engine               - urlPOM: https://raw.githubusercontent.com/AlmasB/FXGL/release/README.md
12:01:46.178 [FXGL Background Thread 3 ] DEBUG Engine               - userAppClass: class Runner.ClientRunner
12:01:46.178 [FXGL Background Thread 3 ] DEBUG Engine               - version: 0.0
12:01:46.178 [FXGL Background Thread 3 ] DEBUG Engine               - versionCheckDays: 7
12:01:46.178 [FXGL Background Thread 3 ] DEBUG Engine               - width: 1000
12:01:46.178 [FXGL Background Thread 3 ] DEBUG Engine               - Logging services
12:01:46.178 [FXGL Background Thread 3 ] DEBUG Engine               - class com.almasb.fxgl.app.services.FXGLAssetLoaderService
12:01:46.178 [FXGL Background Thread 3 ] DEBUG Engine               - class com.almasb.fxgl.app.FXGLApplication$GameApplicationService
12:01:46.179 [FXGL Background Thread 3 ] DEBUG Engine               - class com.almasb.fxgl.app.services.FXGLDialogService
12:01:46.179 [FXGL Background Thread 3 ] DEBUG Engine               - class com.almasb.fxgl.app.services.IOTaskExecutorService
12:01:46.179 [FXGL Background Thread 3 ] DEBUG Engine               - class com.almasb.fxgl.io.FileSystemService
12:01:46.179 [FXGL Background Thread 3 ] DEBUG Engine               - class com.almasb.fxgl.localization.LocalizationService
12:01:46.179 [FXGL Background Thread 3 ] DEBUG Engine               - class com.almasb.fxgl.app.services.SystemBundleService
12:01:46.179 [FXGL Background Thread 3 ] DEBUG Engine               - class com.almasb.fxgl.profile.SaveLoadService
12:01:46.179 [FXGL Background Thread 3 ] DEBUG Engine               - class com.almasb.fxgl.ui.FXGLUIFactoryServiceProvider
12:01:46.179 [FXGL Background Thread 3 ] DEBUG Engine               - class com.almasb.fxgl.ui.FXGLDialogFactoryServiceProvider
12:01:46.179 [FXGL Background Thread 3 ] DEBUG Engine               - class com.almasb.fxgl.audio.AudioPlayer
12:01:46.179 [FXGL Background Thread 3 ] DEBUG Engine               - class com.almasb.fxgl.notification.impl.NotificationServiceProvider
12:01:46.179 [FXGL Background Thread 3 ] DEBUG Engine               - class com.almasb.fxgl.achievement.AchievementService
12:01:46.180 [FXGL Background Thread 3 ] DEBUG Engine               - class com.almasb.fxgl.cutscene.CutsceneService
12:01:46.180 [FXGL Background Thread 3 ] DEBUG Engine               - class com.almasb.fxgl.minigames.MiniGameService
12:01:46.180 [FXGL Background Thread 3 ] DEBUG Engine               - class com.almasb.fxgl.net.NetService
12:01:46.180 [FXGL Background Thread 3 ] DEBUG Engine               - class com.almasb.fxgl.app.services.UpdaterService
12:01:46.180 [FXGL Background Thread 3 ] DEBUG Engine               - class com.almasb.fxgl.dev.DevService
12:01:46.180 [FXGL Background Thread 3 ] DEBUG Engine               - class com.almasb.fxgl.multiplayer.MultiplayerService
12:01:46.222 [JavaFX Application Thread] DEBUG GameApplicationServi - Removing overlay from FXGLLoadingScene and adding to GameScene
12:01:46.223 [JavaFX Application Thread] DEBUG PrimaryStageWindow   - FXGLLoadingScene -> GameScene
12:01:46.223 [JavaFX Application Thread] DEBUG FXGLApplication      - Registering font factories with UI factory
12:01:46.654 [FXGL Background Thread 2 ] INFO  UpdaterService       - Your current version:  17.3
12:01:46.728 [FXGL Background Thread 2 ] INFO  UpdaterService       - Latest stable version: 21.1
12:01:51.295 [JavaFX Application Thread] DEBUG FXGLApplication      - Exiting FXGL
12:01:51.295 [JavaFX Application Thread] DEBUG LoopRunner           - Stopping loop
12:01:51.296 [JavaFX Application Thread] DEBUG SystemBundleService  - Saving FXGL system data
12:01:51.305 [JavaFX Application Thread] DEBUG FileSystemAccess     - Writing to: C:\Users\Owner\Desktop\Sonic-rush\system\fxgl.bundle
12:01:51.316 [JavaFX Application Thread] DEBUG Async                - Shutting down background threads
12:01:51.320 [JavaFX Application Thread] DEBUG PrimaryStageWindow   - Closing main window
12:01:51.352 [JavaFX Application Thread] DEBUG Logger               - Closing Logger
