21:07:15.682 [main                     ] DEBUG Logger               - Configured Logger
21:07:15.765 [main                     ] DEBUG GameApplication      - Logging settings
Title: Jugador Sonic
Version: 0.0
Width: 1000
Height: 600
Fullscreen: false
Intro: false
Profiling: false
Single step:false
App Mode: DEVELOPER
Menu Key: ESCAPE
Stage Style: DECORATED
Scene Factory: class com.almasb.fxgl.app.scene.SceneFactory

21:07:16.525 [JavaFX Application Thread] DEBUG FXGLApplication      - Initializing FXGL
21:07:16.534 [JavaFX Application Thread] INFO  Engine               - FXGL-17.3 (30.03.2023 11.49) on WINDOWS (J:17.0.12 FX:20)
21:07:16.536 [JavaFX Application Thread] DEBUG Engine               - JRE Vendor Name: Oracle Corporation
21:07:16.536 [JavaFX Application Thread] DEBUG Engine               - Running on OS: Windows 10 version 10.0
21:07:16.536 [JavaFX Application Thread] DEBUG Engine               - Architecture: amd64
21:07:16.537 [JavaFX Application Thread] INFO  Engine               - Source code and latest versions at: https://github.com/AlmasB/FXGL
21:07:16.537 [JavaFX Application Thread] INFO  Engine               -       Ask questions and discuss at: https://github.com/AlmasB/FXGL/discussions
21:07:16.538 [JavaFX Application Thread] INFO  Engine               -              Join the FXGL chat at: https://gitter.im/AlmasB/FXGL
21:07:16.867 [JavaFX Application Thread] DEBUG PrimaryStageWindow   - Creating a JavaFX scene
21:07:16.951 [JavaFX Application Thread] DEBUG PrimaryStageWindow   - Target settings size: 1000.0 x 600.0
21:07:16.951 [JavaFX Application Thread] DEBUG PrimaryStageWindow   - Scaled scene size:    1000.0 x 600.0
21:07:16.952 [JavaFX Application Thread] DEBUG PrimaryStageWindow   - Scaled ratio: (1.0, 1.0)
21:07:16.953 [JavaFX Application Thread] DEBUG PrimaryStageWindow   - Set initial scene to FXGLStartupScene
21:07:16.962 [JavaFX Application Thread] DEBUG PrimaryStageWindow   - Opening main window
21:07:17.095 [JavaFX Application Thread] DEBUG PrimaryStageWindow   - Window border size: (14.4000244140625, 37.5999755859375)
21:07:17.095 [JavaFX Application Thread] DEBUG PrimaryStageWindow   - Scaled size: 1000.0 x 600.0
21:07:17.096 [JavaFX Application Thread] DEBUG PrimaryStageWindow   - Scaled ratio: (1.0, 1.0)
21:07:17.096 [JavaFX Application Thread] DEBUG PrimaryStageWindow   - Scene size: 1000.0 x 600.0
21:07:17.097 [JavaFX Application Thread] DEBUG PrimaryStageWindow   - Stage size: 1014.4000244140625 x 637.5999755859375
21:07:17.235 [FXGL Background Thread 1 ] DEBUG Engine               - Initializing environment variables
21:07:17.328 [FXGL Background Thread 1 ] DEBUG FXGLAssetLoaderServi - User app class for loading assets: class Runner.ClientRunner
21:07:17.328 [FXGL Background Thread 1 ] DEBUG GameApplicationServi - Applying CSS: fxgl_dark.css
21:07:17.330 [FXGL Background Thread 1 ] DEBUG FXGLAssetLoaderServi - Loading from file system: jar:file:/C:/Users/Owner/.m2/repository/com/github/almasb/fxgl/17.3/fxgl-17.3.jar!/fxglassets/ui/css/fxgl_dark.css
21:07:17.424 [FXGL Background Thread 1 ] DEBUG GameApplicationServi - Initializing application scenes
21:07:17.662 [FXGL Background Thread 1 ] DEBUG GameWorld            - Game world initialized
21:07:17.825 [FXGL Background Thread 1 ] DEBUG PhysicsWorld         - Physics world initialized: appHeight=600, physics.ppm=50.0
21:07:17.834 [FXGL Background Thread 1 ] DEBUG PhysicsWorld         - Using strategy: BRUTE_FORCE
21:07:17.850 [FXGL Background Thread 1 ] DEBUG GameScene            - Game scene initialized: 1000x600
21:07:17.895 [FXGL Background Thread 1 ] DEBUG FXGL.DefaultMenu     - createMenuBodyGameMenu()
21:07:17.930 [FXGL Background Thread 1 ] DEBUG FXGL.DefaultMenu     - createOptionsMenu()
21:07:18.003 [FXGL Background Thread 1 ] DEBUG FXGLAssetLoaderServi - Loading from file system: jar:file:/C:/Users/Owner/.m2/repository/com/github/almasb/fxgl/17.3/fxgl-17.3.jar!/fxglassets/textures/particles/smoke.png
21:07:18.608 [FXGL Background Thread 1 ] DEBUG FXGLAssetLoaderServi - Loading from file system: jar:file:/C:/Users/Owner/.m2/repository/com/github/almasb/fxgl/17.3/fxgl-17.3.jar!/fxglassets/textures/particles/trace_horizontal.png
21:07:18.732 [FXGL Background Thread 1 ] DEBUG GameApplicationServi - Application scenes initialized
21:07:18.829 [FXGL Background Thread 1 ] DEBUG SystemBundleService  - Loading FXGL system data
21:07:18.844 [FXGL Background Thread 1 ] DEBUG FileSystemAccess     - Reading from: C:\Users\Owner\Desktop\Sonic-rush\system\fxgl.bundle
21:07:18.886 [FXGL Background Thread 1 ] DEBUG SystemBundleService  - Bundle FXGL: {}
21:07:18.887 [FXGL Background Thread 1 ] DEBUG UpdaterService       - Checking for updates
21:07:18.952 [FXGL Background Thread 1 ] DEBUG FXGLApplication      - Loading default localization
21:07:18.956 [FXGL Background Thread 1 ] DEBUG FXGLAssetLoaderServi - Loading from file system: jar:file:/C:/Users/Owner/.m2/repository/com/github/almasb/fxgl/17.3/fxgl-17.3.jar!/fxglassets/languages/english.lang
21:07:19.095 [FXGL Background Thread 1 ] INFO  FXGLApplication      - FXGL initialization took: 1.859 sec
21:07:19.278 [FXGL Background Thread 4 ] DEBUG FXGLApplication      - Loading fonts
21:07:19.280 [FXGL Background Thread 4 ] DEBUG FXGLAssetLoaderServi - Loading from file system: jar:file:/C:/Users/Owner/.m2/repository/com/github/almasb/fxgl/17.3/fxgl-17.3.jar!/fxglassets/ui/fonts/VarelaRound-Regular.ttf
21:07:19.348 [JavaFX Application Thread] DEBUG Input                - Registered new binding: Mover a la izquierda - A
21:07:19.349 [JavaFX Application Thread] DEBUG Input                - Registered new binding: Mover a la derecha - D
21:07:19.349 [JavaFX Application Thread] DEBUG Input                - Registered new binding: Saltar - W
21:07:19.350 [JavaFX Application Thread] DEBUG Input                - Registered new binding: Interactuar - E
21:07:19.350 [JavaFX Application Thread] DEBUG Input                - Registered new binding: Desactivar filtro - L
21:07:19.351 [JavaFX Application Thread] DEBUG FXGLAssetLoaderServi - Loading from file system: jar:file:/C:/Users/Owner/.m2/repository/com/github/almasb/fxgl/17.3/fxgl-17.3.jar!/fxglassets/textures/fxgl_icon.png
21:07:19.582 [JavaFX Application Thread] DEBUG FXGLAssetLoaderServi - Loading from file system: jar:file:/C:/Users/Owner/.m2/repository/com/github/almasb/fxgl/17.3/fxgl-17.3.jar!/fxglassets/textures/fxgl_default_cursor.png
21:07:19.592 [JavaFX Application Thread] DEBUG Input                - Registered new binding: Screenshot - CTRL+8
21:07:19.593 [JavaFX Application Thread] DEBUG Input                - Registered new binding: System info dump - CTRL+9
21:07:19.594 [JavaFX Application Thread] DEBUG Input                - Registered new binding: Restart - CTRL+R
21:07:19.600 [JavaFX Application Thread] DEBUG Input                - Registered new binding: Toggle Debug Camera - CTRL+7
21:07:19.622 [JavaFX Application Thread] DEBUG LoopRunner           - Starting loop
21:07:19.623 [JavaFX Application Thread] DEBUG LoopRunner           - Initializing JavaFX AnimationTimerLoop
21:07:19.627 [JavaFX Application Thread] DEBUG GameApplicationServi - Starting new game
21:07:19.628 [JavaFX Application Thread] DEBUG Input                - Clearing active input actions
21:07:19.648 [JavaFX Application Thread] DEBUG GameApplicationServi - Removing overlay from FXGLStartupScene and adding to FXGLLoadingScene
21:07:19.649 [JavaFX Application Thread] DEBUG PrimaryStageWindow   - FXGLStartupScene -> FXGLLoadingScene
21:07:19.649 [JavaFX Application Thread] DEBUG GameApplicationServi - Clearing previous game
21:07:19.649 [JavaFX Application Thread] DEBUG GameScene            - Clearing game scene
21:07:19.649 [JavaFX Application Thread] DEBUG GameWorld            - Clearing game world
21:07:19.649 [JavaFX Application Thread] DEBUG PhysicsWorld         - Clearing physics world
21:07:19.651 [FXGL Background Thread 1 ] DEBUG FXGLApplication      - Initializing game
21:07:19.672 [FXGL Background Thread 1 ] DEBUG FXGLAssetLoaderServi - Loading from file system: file:/C:/Users/Owner/Desktop/Sonic-rush/target/classes/assets/music/OST2.mp3
21:07:20.652 [FXGL Background Thread 4 ] DEBUG FXGLAssetLoaderServi - Loading from file system: jar:file:/C:/Users/Owner/.m2/repository/com/github/almasb/fxgl/17.3/fxgl-17.3.jar!/fxglassets/ui/fonts/Abel-Regular.ttf
21:07:20.673 [FXGL Background Thread 4 ] DEBUG FXGLAssetLoaderServi - Loading from file system: jar:file:/C:/Users/Owner/.m2/repository/com/github/almasb/fxgl/17.3/fxgl-17.3.jar!/fxglassets/ui/fonts/TerminalLandMono-Regular.otf
21:07:20.686 [FXGL Background Thread 4 ] DEBUG FXGLAssetLoaderServi - Loading from file system: jar:file:/C:/Users/Owner/.m2/repository/com/github/almasb/fxgl/17.3/fxgl-17.3.jar!/fxglassets/ui/fonts/Courier-Prime.ttf
21:07:20.698 [JavaFX Application Thread] DEBUG FXGLApplication      - Registering font factories with UI factory
21:07:20.822 [FXGL Background Thread 1 ] DEBUG AudioPlayer          - Playing music com.almasb.fxgl.audio.Music@34eb73cd
21:07:20.861 [FXGL Background Thread 1 ] INFO  FXGLApplication      - Game initialization took: 1.210 sec
21:07:21.136 [JavaFX Application Thread] DEBUG Input                - Clearing active input actions
21:07:21.231 [JavaFX Application Thread] DEBUG GameApplicationServi - Removing overlay from FXGLLoadingScene and adding to GameScene
21:07:21.232 [JavaFX Application Thread] DEBUG PrimaryStageWindow   - FXGLLoadingScene -> GameScene
21:07:21.979 [FXGL Background Thread 3 ] DEBUG Engine               - Logging environment variables
21:07:21.981 [FXGL Background Thread 3 ] DEBUG Engine               - achievements: []
21:07:21.981 [FXGL Background Thread 3 ] DEBUG Engine               - actualHeight: 600.0
21:07:21.982 [FXGL Background Thread 3 ] DEBUG Engine               - actualHeightProperty: ReadOnlyDoubleProperty [value: 600.0]
21:07:21.982 [FXGL Background Thread 3 ] DEBUG Engine               - actualWidth: 1000.0
21:07:21.982 [FXGL Background Thread 3 ] DEBUG Engine               - actualWidthProperty: ReadOnlyDoubleProperty [value: 1000.0]
21:07:21.982 [FXGL Background Thread 3 ] DEBUG Engine               - appIcon: fxgl_icon.png
21:07:21.983 [FXGL Background Thread 3 ] DEBUG Engine               - applicationMode: DEVELOPER
21:07:21.983 [FXGL Background Thread 3 ] DEBUG Engine               - cSSList: [fxgl_dark.css]
21:07:21.983 [FXGL Background Thread 3 ] DEBUG Engine               - collisionDetectionStrategy: BRUTE_FORCE
21:07:21.983 [FXGL Background Thread 3 ] DEBUG Engine               - configClass: Optional.empty
21:07:21.983 [FXGL Background Thread 3 ] DEBUG Engine               - credits: []
21:07:21.985 [FXGL Background Thread 3 ] DEBUG Engine               - defaultCursor: CursorInfo(imageName=fxgl_default_cursor.png, hotspotX=7.0, hotspotY=6.0)
21:07:21.989 [FXGL Background Thread 3 ] DEBUG Engine               - devBBoxColorProperty: ObjectProperty [value: 0xff0000ff]
21:07:21.991 [FXGL Background Thread 3 ] DEBUG Engine               - devEnableDebugCameraProperty: BooleanProperty [value: false]
21:07:21.994 [FXGL Background Thread 3 ] DEBUG Engine               - devSensorColorProperty: ObjectProperty [value: 0xffff00ff]
21:07:21.996 [FXGL Background Thread 3 ] DEBUG Engine               - devShowBBoxProperty: BooleanProperty [value: false]
21:07:21.997 [FXGL Background Thread 3 ] DEBUG Engine               - devShowPositionProperty: BooleanProperty [value: false]
21:07:21.999 [FXGL Background Thread 3 ] DEBUG Engine               - enabledMenuItems: []
21:07:22.001 [FXGL Background Thread 3 ] DEBUG Engine               - engineServices: [class com.almasb.fxgl.app.services.FXGLAssetLoaderService, class com.almasb.fxgl.app.FXGLApplication$GameApplicationService, class com.almasb.fxgl.app.services.FXGLDialogService, class com.almasb.fxgl.app.services.IOTaskExecutorService, class com.almasb.fxgl.io.FileSystemService, class com.almasb.fxgl.localization.LocalizationService, class com.almasb.fxgl.app.services.SystemBundleService, class com.almasb.fxgl.profile.SaveLoadService, class com.almasb.fxgl.ui.FXGLUIFactoryServiceProvider, class com.almasb.fxgl.ui.FXGLDialogFactoryServiceProvider, class com.almasb.fxgl.audio.AudioPlayer, class com.almasb.fxgl.notification.impl.NotificationServiceProvider, class com.almasb.fxgl.achievement.AchievementService, class com.almasb.fxgl.cutscene.CutsceneService, class com.almasb.fxgl.minigames.MiniGameService, class com.almasb.fxgl.net.NetService, class com.almasb.fxgl.app.services.UpdaterService, class com.almasb.fxgl.dev.DevService, class com.almasb.fxgl.multiplayer.MultiplayerService]
21:07:22.001 [FXGL Background Thread 3 ] DEBUG Engine               - fontGame: Abel-Regular.ttf
21:07:22.001 [FXGL Background Thread 3 ] DEBUG Engine               - fontMono: TerminalLandMono-Regular.otf
21:07:22.001 [FXGL Background Thread 3 ] DEBUG Engine               - fontSizeScaleUI: 1.0
21:07:22.002 [FXGL Background Thread 3 ] DEBUG Engine               - fontText: Courier-Prime.ttf
21:07:22.004 [FXGL Background Thread 3 ] DEBUG Engine               - fontUI: VarelaRound-Regular.ttf
21:07:22.004 [FXGL Background Thread 3 ] DEBUG Engine               - fullScreen: BooleanProperty [value: false]
21:07:22.008 [FXGL Background Thread 3 ] DEBUG Engine               - gameDifficulty: MEDIUM
21:07:22.009 [FXGL Background Thread 3 ] DEBUG Engine               - gameDifficultyProperty: ObjectProperty [value: MEDIUM]
21:07:22.011 [FXGL Background Thread 3 ] DEBUG Engine               - globalMusicVolume: 0.5
21:07:22.012 [FXGL Background Thread 3 ] DEBUG Engine               - globalMusicVolumeProperty: DoubleProperty [value: 0.5]
21:07:22.012 [FXGL Background Thread 3 ] DEBUG Engine               - globalSoundVolume: 0.5
21:07:22.014 [FXGL Background Thread 3 ] DEBUG Engine               - globalSoundVolumeProperty: DoubleProperty [value: 0.5]
21:07:22.014 [FXGL Background Thread 3 ] DEBUG Engine               - height: 600
21:07:22.015 [FXGL Background Thread 3 ] DEBUG Engine               - is3D: false
21:07:22.015 [FXGL Background Thread 3 ] DEBUG Engine               - isAndroid: false
21:07:22.017 [FXGL Background Thread 3 ] DEBUG Engine               - isBrowser: false
21:07:22.017 [FXGL Background Thread 3 ] DEBUG Engine               - isClickFeedbackEnabled: false
21:07:22.018 [FXGL Background Thread 3 ] DEBUG Engine               - isCloseConfirmation: false
21:07:22.018 [FXGL Background Thread 3 ] DEBUG Engine               - isDesktop: true
21:07:22.018 [FXGL Background Thread 3 ] DEBUG Engine               - isDeveloperMenuEnabled: false
21:07:22.018 [FXGL Background Thread 3 ] DEBUG Engine               - isEmbedded: false
21:07:22.023 [FXGL Background Thread 3 ] DEBUG Engine               - isEntityPreloadEnabled: true
21:07:22.024 [FXGL Background Thread 3 ] DEBUG Engine               - isExperimentalTiledLargeMap: false
21:07:22.027 [FXGL Background Thread 3 ] DEBUG Engine               - isFileSystemWriteAllowed: true
21:07:22.033 [FXGL Background Thread 3 ] DEBUG Engine               - isFullScreenAllowed: false
21:07:22.041 [FXGL Background Thread 3 ] DEBUG Engine               - isFullScreenFromStart: false
21:07:22.042 [FXGL Background Thread 3 ] DEBUG Engine               - isGameMenuEnabled: true
21:07:22.043 [FXGL Background Thread 3 ] DEBUG Engine               - isIOS: false
21:07:22.043 [FXGL Background Thread 3 ] DEBUG Engine               - isIntroEnabled: false
21:07:22.045 [FXGL Background Thread 3 ] DEBUG Engine               - isLinux: false
21:07:22.049 [FXGL Background Thread 3 ] DEBUG Engine               - isMac: false
21:07:22.050 [FXGL Background Thread 3 ] DEBUG Engine               - isMainMenuEnabled: false
21:07:22.051 [FXGL Background Thread 3 ] DEBUG Engine               - isManualResizeEnabled: false
21:07:22.051 [FXGL Background Thread 3 ] DEBUG Engine               - isMobile: false
21:07:22.051 [FXGL Background Thread 3 ] DEBUG Engine               - isNative: false
21:07:22.052 [FXGL Background Thread 3 ] DEBUG Engine               - isPauseMusicWhenMinimized: true
21:07:22.052 [FXGL Background Thread 3 ] DEBUG Engine               - isPreserveResizeRatio: false
21:07:22.053 [FXGL Background Thread 3 ] DEBUG Engine               - isProfilingEnabled: false
21:07:22.053 [FXGL Background Thread 3 ] DEBUG Engine               - isScaleAffectedOnResize: true
21:07:22.054 [FXGL Background Thread 3 ] DEBUG Engine               - isSingleStep: false
21:07:22.054 [FXGL Background Thread 3 ] DEBUG Engine               - isUserProfileEnabled: false
21:07:22.054 [FXGL Background Thread 3 ] DEBUG Engine               - isWindows: true
21:07:22.054 [FXGL Background Thread 3 ] DEBUG Engine               - language: ObjectProperty [value: ENGLISH]
21:07:22.060 [FXGL Background Thread 3 ] DEBUG Engine               - menuKey: ESCAPE
21:07:22.061 [FXGL Background Thread 3 ] DEBUG Engine               - mouseSensitivity: 0.2
21:07:22.061 [FXGL Background Thread 3 ] DEBUG Engine               - notificationViewClass: class com.almasb.fxgl.notification.view.XboxNotificationView
21:07:22.062 [FXGL Background Thread 3 ] DEBUG Engine               - pixelsPerMeter: 50.0
21:07:22.062 [FXGL Background Thread 3 ] DEBUG Engine               - platform: WINDOWS
21:07:22.063 [FXGL Background Thread 3 ] DEBUG Engine               - prefHeightProperty: ReadOnlyDoubleProperty [value: 600.0]
21:07:22.063 [FXGL Background Thread 3 ] DEBUG Engine               - prefWidthProperty: ReadOnlyDoubleProperty [value: 1000.0]
21:07:22.064 [FXGL Background Thread 3 ] DEBUG Engine               - profileDir: profiles/
21:07:22.065 [FXGL Background Thread 3 ] DEBUG Engine               - profileName: StringProperty [value: DEFAULT]
21:07:22.065 [FXGL Background Thread 3 ] DEBUG Engine               - randomSeed: -1
21:07:22.068 [FXGL Background Thread 3 ] DEBUG Engine               - runtimeInfo: RuntimeInfo(platform=WINDOWS, version=17.3, build=30.03.2023 11.49)
21:07:22.070 [FXGL Background Thread 3 ] DEBUG Engine               - saveFileExt: sav
21:07:22.071 [FXGL Background Thread 3 ] DEBUG Engine               - scaledHeightProp$fxgl: DoubleProperty [bound, value: 600.0]
21:07:22.072 [FXGL Background Thread 3 ] DEBUG Engine               - scaledWidthProp$fxgl: DoubleProperty [bound, value: 1000.0]
21:07:22.074 [FXGL Background Thread 3 ] DEBUG Engine               - sceneFactory: com.almasb.fxgl.app.scene.SceneFactory@3a0c7de9
21:07:22.074 [FXGL Background Thread 3 ] DEBUG Engine               - secondsIn24h: 60
21:07:22.075 [FXGL Background Thread 3 ] DEBUG Engine               - soundMenuBack: menu/back.wav
21:07:22.076 [FXGL Background Thread 3 ] DEBUG Engine               - soundMenuPress: menu/press.wav
21:07:22.078 [FXGL Background Thread 3 ] DEBUG Engine               - soundMenuSelect: menu/select.wav
21:07:22.079 [FXGL Background Thread 3 ] DEBUG Engine               - soundNotification: core/notification.wav
21:07:22.080 [FXGL Background Thread 3 ] DEBUG Engine               - stageStyle: DECORATED
21:07:22.082 [FXGL Background Thread 3 ] DEBUG Engine               - supportedLanguages: [ENGLISH, FRENCH, GERMAN, HUNGARIAN, RUSSIAN]
21:07:22.083 [FXGL Background Thread 3 ] DEBUG Engine               - ticksPerSecond: -1
21:07:22.084 [FXGL Background Thread 3 ] DEBUG Engine               - title: Jugador Sonic
21:07:22.089 [FXGL Background Thread 3 ] DEBUG Engine               - urlGithub: https://github.com/AlmasB/FXGL
21:07:22.090 [FXGL Background Thread 3 ] DEBUG Engine               - urlLeaderboard: http://fxgl-top.herokuapp.com/
21:07:22.091 [FXGL Background Thread 3 ] DEBUG Engine               - urlPOM: https://raw.githubusercontent.com/AlmasB/FXGL/release/README.md
21:07:22.091 [FXGL Background Thread 3 ] DEBUG Engine               - userAppClass: class Runner.ClientRunner
21:07:22.092 [FXGL Background Thread 3 ] DEBUG Engine               - version: 0.0
21:07:22.092 [FXGL Background Thread 3 ] DEBUG Engine               - versionCheckDays: 7
21:07:22.093 [FXGL Background Thread 3 ] DEBUG Engine               - width: 1000
21:07:22.093 [FXGL Background Thread 3 ] DEBUG Engine               - Logging services
21:07:22.095 [FXGL Background Thread 3 ] DEBUG Engine               - class com.almasb.fxgl.app.services.FXGLAssetLoaderService
21:07:22.095 [FXGL Background Thread 3 ] DEBUG Engine               - class com.almasb.fxgl.app.FXGLApplication$GameApplicationService
21:07:22.099 [FXGL Background Thread 3 ] DEBUG Engine               - class com.almasb.fxgl.app.services.FXGLDialogService
21:07:22.099 [FXGL Background Thread 3 ] DEBUG Engine               - class com.almasb.fxgl.app.services.IOTaskExecutorService
21:07:22.100 [FXGL Background Thread 3 ] DEBUG Engine               - class com.almasb.fxgl.io.FileSystemService
21:07:22.100 [FXGL Background Thread 3 ] DEBUG Engine               - class com.almasb.fxgl.localization.LocalizationService
21:07:22.100 [FXGL Background Thread 3 ] DEBUG Engine               - class com.almasb.fxgl.app.services.SystemBundleService
21:07:22.100 [FXGL Background Thread 3 ] DEBUG Engine               - class com.almasb.fxgl.profile.SaveLoadService
21:07:22.100 [FXGL Background Thread 3 ] DEBUG Engine               - class com.almasb.fxgl.ui.FXGLUIFactoryServiceProvider
21:07:22.100 [FXGL Background Thread 3 ] DEBUG Engine               - class com.almasb.fxgl.ui.FXGLDialogFactoryServiceProvider
21:07:22.100 [FXGL Background Thread 3 ] DEBUG Engine               - class com.almasb.fxgl.audio.AudioPlayer
21:07:22.100 [FXGL Background Thread 3 ] DEBUG Engine               - class com.almasb.fxgl.notification.impl.NotificationServiceProvider
21:07:22.101 [FXGL Background Thread 3 ] DEBUG Engine               - class com.almasb.fxgl.achievement.AchievementService
21:07:22.101 [FXGL Background Thread 3 ] DEBUG Engine               - class com.almasb.fxgl.cutscene.CutsceneService
21:07:22.101 [FXGL Background Thread 3 ] DEBUG Engine               - class com.almasb.fxgl.minigames.MiniGameService
21:07:22.101 [FXGL Background Thread 3 ] DEBUG Engine               - class com.almasb.fxgl.net.NetService
21:07:22.101 [FXGL Background Thread 3 ] DEBUG Engine               - class com.almasb.fxgl.app.services.UpdaterService
21:07:22.101 [FXGL Background Thread 3 ] DEBUG Engine               - class com.almasb.fxgl.dev.DevService
21:07:22.101 [FXGL Background Thread 3 ] DEBUG Engine               - class com.almasb.fxgl.multiplayer.MultiplayerService
21:07:22.902 [FXGL Background Thread 2 ] INFO  UpdaterService       - Your current version:  17.3
21:07:22.929 [FXGL Background Thread 2 ] INFO  UpdaterService       - Latest stable version: 21.1
21:07:42.292 [JavaFX Application Thread] DEBUG FXGLAssetLoaderServi - Loading from file system: file:/C:/Users/Owner/Desktop/Sonic-rush/target/classes/assets/textures/fondo.png
21:07:43.128 [JavaFX Application Thread] WARN  TMXLevelLoader       - TiledMap generated from 1.11.2. Supported version: 1.9.0. Some features may not be parsed fully.
21:07:43.188 [JavaFX Application Thread] DEBUG TMXLevelLoader       - Parsed TiledMap: file:/C:/Users/Owner/Desktop/Sonic-rush/target/classes/assets/levels/mapazo.tmx
21:07:43.191 [JavaFX Application Thread] DEBUG TMXLevelLoader       - Creating tile layer entities
21:07:43.195 [JavaFX Application Thread] DEBUG TilesetLoader        - Loading view for layer Capa de patrones 1
21:07:43.215 [JavaFX Application Thread] DEBUG TilesetLoader        - Created buffer with size 3840.0x720.0
21:07:43.348 [JavaFX Application Thread] DEBUG TMXLevelLoader       - Creating object layer entities
21:07:43.497 [JavaFX Application Thread] DEBUG GameWorld            - Clearing removable entities
21:07:43.511 [JavaFX Application Thread] DEBUG GameWorld            - Setting level: com.almasb.fxgl.entity.level.Level@7c3dca31
21:07:43.568 [ClientAsyncConnThread    ] DEBUG TCPClient            - Connecting to 127.0.0.1:50000 type: class com.almasb.fxgl.core.serialization.Bundle
21:07:43.570 [ClientAsyncConnThread    ] DEBUG TCPClient            - Created socket to 127.0.0.1:50000
21:07:43.638 [ClientAsyncConnThread    ] DEBUG Endpoint             - TCPClient opening new connection (1) from /127.0.0.1:50000 type: class com.almasb.fxgl.core.serialization.Bundle
21:07:43.641 [ClientAsyncConnThread    ] DEBUG Endpoint             - TCPClient successfully opened connection (1)
21:07:43.765 [TCPClient_SendThread-1   ] DEBUG Writers              - Getting TCPMessageWriter for class com.almasb.fxgl.core.serialization.Bundle
21:07:43.769 [TCPClient_RecvThread-1   ] DEBUG Readers              - Getting TCPMessageReader for class com.almasb.fxgl.core.serialization.Bundle
21:07:43.780 [TCPClient_SendThread-1   ] DEBUG Writers              - Constructed TCPMessageWriter for class com.almasb.fxgl.core.serialization.Bundle: BundleTCPMessageWriter
21:07:43.798 [TCPClient_RecvThread-1   ] DEBUG Readers              - Constructed MessageReader for class com.almasb.fxgl.core.serialization.Bundle: BundleTCPMessageReader
21:07:43.872 [JavaFX Application Thread] DEBUG FXGLAssetLoaderServi - Loading from file system: file:/C:/Users/Owner/Desktop/Sonic-rush/target/classes/assets/textures/Items/ring.png
21:07:43.978 [JavaFX Application Thread] DEBUG FXGLAssetLoaderServi - Loading from file system: file:/C:/Users/Owner/Desktop/Sonic-rush/target/classes/assets/textures/Items/caucho.png
21:07:44.003 [JavaFX Application Thread] DEBUG FXGLAssetLoaderServi - Loading from file system: file:/C:/Users/Owner/Desktop/Sonic-rush/target/classes/assets/textures/Items/papel.png
21:07:44.266 [JavaFX Application Thread] DEBUG FXGLAssetLoaderServi - Loading from file system: file:/C:/Users/Owner/Desktop/Sonic-rush/target/classes/assets/textures/Items/basura.png
21:07:44.393 [JavaFX Application Thread] DEBUG FXGLAssetLoaderServi - Loading from file system: file:/C:/Users/Owner/Desktop/Sonic-rush/target/classes/assets/textures/Enemigos/enemigo2.png
21:07:44.612 [JavaFX Application Thread] DEBUG FXGLAssetLoaderServi - Loading from file system: file:/C:/Users/Owner/Desktop/Sonic-rush/target/classes/assets/textures/Personajes/sonic.png
21:07:44.629 [JavaFX Application Thread] DEBUG FXGLAssetLoaderServi - Loading from file system: file:/C:/Users/Owner/Desktop/Sonic-rush/target/classes/assets/textures/Personajes/sonic_camina.png
21:07:44.637 [JavaFX Application Thread] DEBUG FXGLAssetLoaderServi - Loading from file system: file:/C:/Users/Owner/Desktop/Sonic-rush/target/classes/assets/textures/Personajes/super_idle.png
21:07:44.642 [JavaFX Application Thread] DEBUG FXGLAssetLoaderServi - Loading from file system: file:/C:/Users/Owner/Desktop/Sonic-rush/target/classes/assets/textures/Personajes/super_sonic.png
21:07:46.465 [JavaFX Application Thread] DEBUG FXGLAssetLoaderServi - Loading from file system: file:/C:/Users/Owner/Desktop/Sonic-rush/target/classes/assets/sounds/salto.wav
21:07:50.362 [JavaFX Application Thread] DEBUG FXGLAssetLoaderServi - Loading from file system: file:/C:/Users/Owner/Desktop/Sonic-rush/target/classes/assets/sounds/muerte.wav
21:08:05.283 [JavaFX Application Thread] DEBUG FXGLApplication      - Exiting FXGL
21:08:05.283 [JavaFX Application Thread] DEBUG LoopRunner           - Stopping loop
21:08:05.283 [JavaFX Application Thread] DEBUG SystemBundleService  - Saving FXGL system data
21:08:05.286 [JavaFX Application Thread] DEBUG FileSystemAccess     - Writing to: C:\Users\Owner\Desktop\Sonic-rush\system\fxgl.bundle
21:08:05.289 [JavaFX Application Thread] DEBUG Async                - Shutting down background threads
21:08:05.292 [JavaFX Application Thread] DEBUG PrimaryStageWindow   - Closing main window
21:08:05.314 [JavaFX Application Thread] DEBUG Logger               - Closing Logger
