16:38:44.225 [main                     ] DEBUG Logger               - Configured Logger
16:38:44.250 [main                     ] DEBUG GameApplication      - Logging settings
Title: Jugador Sonic
Version: 0.0
Width: 1000
Height: 600
Fullscreen: false
Intro: false
Profiling: false
Single step:false
App Mode: DEVELOPER
Menu Key: ESCAPE
Stage Style: DECORATED
Scene Factory: class com.almasb.fxgl.app.scene.SceneFactory

16:38:44.682 [JavaFX Application Thread] DEBUG FXGLApplication      - Initializing FXGL
16:38:44.687 [JavaFX Application Thread] INFO  Engine               - FXGL-17.3 (30.03.2023 11.49) on WINDOWS (J:21.0.2 FX:20)
16:38:44.688 [JavaFX Application Thread] DEBUG Engine               - JRE Vendor Name: Oracle Corporation
16:38:44.688 [JavaFX Application Thread] DEBUG Engine               - Running on OS: Windows 10 version 10.0
16:38:44.688 [JavaFX Application Thread] DEBUG Engine               - Architecture: amd64
16:38:44.688 [JavaFX Application Thread] INFO  Engine               - Source code and latest versions at: https://github.com/AlmasB/FXGL
16:38:44.688 [JavaFX Application Thread] INFO  Engine               -       Ask questions and discuss at: https://github.com/AlmasB/FXGL/discussions
16:38:44.689 [JavaFX Application Thread] INFO  Engine               -              Join the FXGL chat at: https://gitter.im/AlmasB/FXGL
16:38:44.834 [JavaFX Application Thread] DEBUG PrimaryStageWindow   - Creating a JavaFX scene
16:38:44.896 [JavaFX Application Thread] DEBUG PrimaryStageWindow   - Target settings size: 1000.0 x 600.0
16:38:44.896 [JavaFX Application Thread] DEBUG PrimaryStageWindow   - Scaled scene size:    1000.0 x 600.0
16:38:44.897 [JavaFX Application Thread] DEBUG PrimaryStageWindow   - Scaled ratio: (1.0, 1.0)
16:38:44.898 [JavaFX Application Thread] DEBUG PrimaryStageWindow   - Set initial scene to FXGLStartupScene
16:38:44.901 [JavaFX Application Thread] DEBUG PrimaryStageWindow   - Opening main window
16:38:44.999 [JavaFX Application Thread] DEBUG PrimaryStageWindow   - Window border size: (16.0, 39.0)
16:38:44.999 [JavaFX Application Thread] DEBUG PrimaryStageWindow   - Scaled size: 1000.0 x 600.0
16:38:44.999 [JavaFX Application Thread] DEBUG PrimaryStageWindow   - Scaled ratio: (1.0, 1.0)
16:38:44.999 [JavaFX Application Thread] DEBUG PrimaryStageWindow   - Scene size: 1000.0 x 600.0
16:38:45.000 [JavaFX Application Thread] DEBUG PrimaryStageWindow   - Stage size: 1016.0 x 639.0
16:38:45.046 [FXGL Background Thread 1 ] DEBUG Engine               - Initializing environment variables
16:38:45.106 [FXGL Background Thread 1 ] DEBUG FXGLAssetLoaderServi - User app class for loading assets: class Runner.ClientRunner
16:38:45.106 [FXGL Background Thread 1 ] DEBUG GameApplicationServi - Applying CSS: fxgl_dark.css
16:38:45.107 [FXGL Background Thread 1 ] DEBUG FXGLAssetLoaderServi - Loading from file system: jar:file:/C:/Users/User/.m2/repository/com/github/almasb/fxgl/17.3/fxgl-17.3.jar!/fxglassets/ui/css/fxgl_dark.css
16:38:45.156 [FXGL Background Thread 1 ] DEBUG GameApplicationServi - Initializing application scenes
16:38:45.259 [FXGL Background Thread 1 ] DEBUG GameWorld            - Game world initialized
16:38:45.324 [FXGL Background Thread 1 ] DEBUG PhysicsWorld         - Physics world initialized: appHeight=600, physics.ppm=50,0
16:38:45.324 [FXGL Background Thread 1 ] DEBUG PhysicsWorld         - Using strategy: BRUTE_FORCE
16:38:45.328 [FXGL Background Thread 1 ] DEBUG GameScene            - Game scene initialized: 1000x600
16:38:45.341 [FXGL Background Thread 1 ] DEBUG FXGL.DefaultMenu     - createMenuBodyGameMenu()
16:38:45.359 [FXGL Background Thread 1 ] DEBUG FXGL.DefaultMenu     - createOptionsMenu()
16:38:45.373 [FXGL Background Thread 1 ] DEBUG FXGLAssetLoaderServi - Loading from file system: jar:file:/C:/Users/User/.m2/repository/com/github/almasb/fxgl/17.3/fxgl-17.3.jar!/fxglassets/textures/particles/smoke.png
16:38:45.480 [FXGL Background Thread 1 ] DEBUG FXGLAssetLoaderServi - Loading from file system: jar:file:/C:/Users/User/.m2/repository/com/github/almasb/fxgl/17.3/fxgl-17.3.jar!/fxglassets/textures/particles/trace_horizontal.png
16:38:45.506 [FXGL Background Thread 1 ] DEBUG GameApplicationServi - Application scenes initialized
16:38:45.522 [FXGL Background Thread 1 ] DEBUG SystemBundleService  - Loading FXGL system data
16:38:45.528 [FXGL Background Thread 1 ] DEBUG FileSystemAccess     - Reading from: C:\Users\User\Documents\GitHub\Sonic-rush\system\fxgl.bundle
16:38:45.545 [FXGL Background Thread 1 ] DEBUG SystemBundleService  - Bundle FXGL: {}
16:38:45.546 [FXGL Background Thread 1 ] DEBUG UpdaterService       - Checking for updates
16:38:45.552 [FXGL Background Thread 1 ] DEBUG FXGLApplication      - Loading default localization
16:38:45.553 [FXGL Background Thread 1 ] DEBUG FXGLAssetLoaderServi - Loading from file system: jar:file:/C:/Users/User/.m2/repository/com/github/almasb/fxgl/17.3/fxgl-17.3.jar!/fxglassets/languages/english.lang
16:38:45.569 [FXGL Background Thread 4 ] DEBUG FXGLApplication      - Loading fonts
16:38:45.570 [FXGL Background Thread 4 ] DEBUG FXGLAssetLoaderServi - Loading from file system: jar:file:/C:/Users/User/.m2/repository/com/github/almasb/fxgl/17.3/fxgl-17.3.jar!/fxglassets/ui/fonts/VarelaRound-Regular.ttf
16:38:45.576 [FXGL Background Thread 1 ] INFO  FXGLApplication      - FXGL initialization took: 0,531 sec
16:38:45.597 [JavaFX Application Thread] DEBUG Input                - Registered new binding: Mover a la izquierda - A
16:38:45.599 [JavaFX Application Thread] DEBUG Input                - Registered new binding: Mover a la derecha - D
16:38:45.600 [JavaFX Application Thread] DEBUG Input                - Registered new binding: Saltar - W
16:38:45.601 [JavaFX Application Thread] DEBUG Input                - Registered new binding: Interactuar - E
16:38:45.601 [JavaFX Application Thread] DEBUG Input                - Registered new binding: Desactivar filtro - L
16:38:45.602 [JavaFX Application Thread] DEBUG FXGLAssetLoaderServi - Loading from file system: jar:file:/C:/Users/User/.m2/repository/com/github/almasb/fxgl/17.3/fxgl-17.3.jar!/fxglassets/textures/fxgl_icon.png
16:38:45.635 [FXGL Background Thread 4 ] DEBUG FXGLAssetLoaderServi - Loading from file system: jar:file:/C:/Users/User/.m2/repository/com/github/almasb/fxgl/17.3/fxgl-17.3.jar!/fxglassets/ui/fonts/Abel-Regular.ttf
16:38:45.634 [JavaFX Application Thread] DEBUG FXGLAssetLoaderServi - Loading from file system: jar:file:/C:/Users/User/.m2/repository/com/github/almasb/fxgl/17.3/fxgl-17.3.jar!/fxglassets/textures/fxgl_default_cursor.png
16:38:45.638 [JavaFX Application Thread] DEBUG Input                - Registered new binding: Screenshot - CTRL+8
16:38:45.639 [FXGL Background Thread 4 ] DEBUG FXGLAssetLoaderServi - Loading from file system: jar:file:/C:/Users/User/.m2/repository/com/github/almasb/fxgl/17.3/fxgl-17.3.jar!/fxglassets/ui/fonts/TerminalLandMono-Regular.otf
16:38:45.639 [JavaFX Application Thread] DEBUG Input                - Registered new binding: System info dump - CTRL+9
16:38:45.639 [JavaFX Application Thread] DEBUG Input                - Registered new binding: Restart - CTRL+R
16:38:45.640 [JavaFX Application Thread] DEBUG Input                - Registered new binding: Toggle Debug Camera - CTRL+7
16:38:45.643 [FXGL Background Thread 4 ] DEBUG FXGLAssetLoaderServi - Loading from file system: jar:file:/C:/Users/User/.m2/repository/com/github/almasb/fxgl/17.3/fxgl-17.3.jar!/fxglassets/ui/fonts/Courier-Prime.ttf
16:38:45.644 [JavaFX Application Thread] DEBUG LoopRunner           - Starting loop
16:38:45.644 [JavaFX Application Thread] DEBUG LoopRunner           - Initializing JavaFX AnimationTimerLoop
16:38:45.646 [JavaFX Application Thread] DEBUG GameApplicationServi - Starting new game
16:38:45.646 [JavaFX Application Thread] DEBUG Input                - Clearing active input actions
16:38:45.658 [JavaFX Application Thread] DEBUG GameApplicationServi - Removing overlay from FXGLStartupScene and adding to FXGLLoadingScene
16:38:45.658 [JavaFX Application Thread] DEBUG PrimaryStageWindow   - FXGLStartupScene -> FXGLLoadingScene
16:38:45.658 [JavaFX Application Thread] DEBUG GameApplicationServi - Clearing previous game
16:38:45.658 [JavaFX Application Thread] DEBUG GameScene            - Clearing game scene
16:38:45.658 [JavaFX Application Thread] DEBUG GameWorld            - Clearing game world
16:38:45.659 [JavaFX Application Thread] DEBUG PhysicsWorld         - Clearing physics world
16:38:45.660 [FXGL Background Thread 4 ] DEBUG FXGLApplication      - Initializing game
16:38:45.662 [JavaFX Application Thread] DEBUG FXGLApplication      - Registering font factories with UI factory
16:38:45.720 [FXGL Background Thread 4 ] DEBUG FXGLAssetLoaderServi - Loading from file system: file:/C:/Users/User/Documents/GitHub/Sonic-rush/target/classes/assets/music/OST2.mp3
16:38:45.964 [FXGL Background Thread 4 ] DEBUG AudioPlayer          - Playing music com.almasb.fxgl.audio.Music@5c1a687
16:38:45.969 [FXGL Background Thread 4 ] INFO  FXGLApplication      - Game initialization took: 0,309 sec
16:38:46.137 [JavaFX Application Thread] DEBUG Input                - Clearing active input actions
16:38:46.146 [JavaFX Application Thread] DEBUG GameApplicationServi - Removing overlay from FXGLLoadingScene and adding to GameScene
16:38:46.148 [JavaFX Application Thread] DEBUG PrimaryStageWindow   - FXGLLoadingScene -> GameScene
16:38:46.336 [FXGL Background Thread 2 ] INFO  UpdaterService       - Your current version:  17.3
16:38:46.415 [FXGL Background Thread 2 ] INFO  UpdaterService       - Latest stable version: 21.1
16:38:48.550 [FXGL Background Thread 3 ] DEBUG Engine               - Logging environment variables
16:38:48.550 [FXGL Background Thread 3 ] DEBUG Engine               - achievements: []
16:38:48.550 [FXGL Background Thread 3 ] DEBUG Engine               - actualHeight: 600.0
16:38:48.550 [FXGL Background Thread 3 ] DEBUG Engine               - actualHeightProperty: ReadOnlyDoubleProperty [value: 600.0]
16:38:48.550 [FXGL Background Thread 3 ] DEBUG Engine               - actualWidth: 1000.0
16:38:48.551 [FXGL Background Thread 3 ] DEBUG Engine               - actualWidthProperty: ReadOnlyDoubleProperty [value: 1000.0]
16:38:48.551 [FXGL Background Thread 3 ] DEBUG Engine               - appIcon: fxgl_icon.png
16:38:48.551 [FXGL Background Thread 3 ] DEBUG Engine               - applicationMode: DEVELOPER
16:38:48.551 [FXGL Background Thread 3 ] DEBUG Engine               - cSSList: [fxgl_dark.css]
16:38:48.551 [FXGL Background Thread 3 ] DEBUG Engine               - collisionDetectionStrategy: BRUTE_FORCE
16:38:48.551 [FXGL Background Thread 3 ] DEBUG Engine               - configClass: Optional.empty
16:38:48.551 [FXGL Background Thread 3 ] DEBUG Engine               - credits: []
16:38:48.551 [FXGL Background Thread 3 ] DEBUG Engine               - defaultCursor: CursorInfo(imageName=fxgl_default_cursor.png, hotspotX=7.0, hotspotY=6.0)
16:38:48.551 [FXGL Background Thread 3 ] DEBUG Engine               - devBBoxColorProperty: ObjectProperty [value: 0xff0000ff]
16:38:48.551 [FXGL Background Thread 3 ] DEBUG Engine               - devEnableDebugCameraProperty: BooleanProperty [value: false]
16:38:48.551 [FXGL Background Thread 3 ] DEBUG Engine               - devSensorColorProperty: ObjectProperty [value: 0xffff00ff]
16:38:48.552 [FXGL Background Thread 3 ] DEBUG Engine               - devShowBBoxProperty: BooleanProperty [value: false]
16:38:48.552 [FXGL Background Thread 3 ] DEBUG Engine               - devShowPositionProperty: BooleanProperty [value: false]
16:38:48.552 [FXGL Background Thread 3 ] DEBUG Engine               - enabledMenuItems: []
16:38:48.552 [FXGL Background Thread 3 ] DEBUG Engine               - engineServices: [class com.almasb.fxgl.app.services.FXGLAssetLoaderService, class com.almasb.fxgl.app.FXGLApplication$GameApplicationService, class com.almasb.fxgl.app.services.FXGLDialogService, class com.almasb.fxgl.app.services.IOTaskExecutorService, class com.almasb.fxgl.io.FileSystemService, class com.almasb.fxgl.localization.LocalizationService, class com.almasb.fxgl.app.services.SystemBundleService, class com.almasb.fxgl.profile.SaveLoadService, class com.almasb.fxgl.ui.FXGLUIFactoryServiceProvider, class com.almasb.fxgl.ui.FXGLDialogFactoryServiceProvider, class com.almasb.fxgl.audio.AudioPlayer, class com.almasb.fxgl.notification.impl.NotificationServiceProvider, class com.almasb.fxgl.achievement.AchievementService, class com.almasb.fxgl.cutscene.CutsceneService, class com.almasb.fxgl.minigames.MiniGameService, class com.almasb.fxgl.net.NetService, class com.almasb.fxgl.app.services.UpdaterService, class com.almasb.fxgl.dev.DevService, class com.almasb.fxgl.multiplayer.MultiplayerService]
16:38:48.552 [FXGL Background Thread 3 ] DEBUG Engine               - fontGame: Abel-Regular.ttf
16:38:48.552 [FXGL Background Thread 3 ] DEBUG Engine               - fontMono: TerminalLandMono-Regular.otf
16:38:48.552 [FXGL Background Thread 3 ] DEBUG Engine               - fontSizeScaleUI: 1.0
16:38:48.552 [FXGL Background Thread 3 ] DEBUG Engine               - fontText: Courier-Prime.ttf
16:38:48.552 [FXGL Background Thread 3 ] DEBUG Engine               - fontUI: VarelaRound-Regular.ttf
16:38:48.552 [FXGL Background Thread 3 ] DEBUG Engine               - fullScreen: BooleanProperty [value: false]
16:38:48.552 [FXGL Background Thread 3 ] DEBUG Engine               - gameDifficulty: MEDIUM
16:38:48.552 [FXGL Background Thread 3 ] DEBUG Engine               - gameDifficultyProperty: ObjectProperty [value: MEDIUM]
16:38:48.552 [FXGL Background Thread 3 ] DEBUG Engine               - globalMusicVolume: 0.5
16:38:48.552 [FXGL Background Thread 3 ] DEBUG Engine               - globalMusicVolumeProperty: DoubleProperty [value: 0.5]
16:38:48.552 [FXGL Background Thread 3 ] DEBUG Engine               - globalSoundVolume: 0.5
16:38:48.552 [FXGL Background Thread 3 ] DEBUG Engine               - globalSoundVolumeProperty: DoubleProperty [value: 0.5]
16:38:48.552 [FXGL Background Thread 3 ] DEBUG Engine               - height: 600
16:38:48.552 [FXGL Background Thread 3 ] DEBUG Engine               - is3D: false
16:38:48.553 [FXGL Background Thread 3 ] DEBUG Engine               - isAndroid: false
16:38:48.553 [FXGL Background Thread 3 ] DEBUG Engine               - isBrowser: false
16:38:48.553 [FXGL Background Thread 3 ] DEBUG Engine               - isClickFeedbackEnabled: false
16:38:48.553 [FXGL Background Thread 3 ] DEBUG Engine               - isCloseConfirmation: false
16:38:48.553 [FXGL Background Thread 3 ] DEBUG Engine               - isDesktop: true
16:38:48.553 [FXGL Background Thread 3 ] DEBUG Engine               - isDeveloperMenuEnabled: false
16:38:48.553 [FXGL Background Thread 3 ] DEBUG Engine               - isEmbedded: false
16:38:48.553 [FXGL Background Thread 3 ] DEBUG Engine               - isEntityPreloadEnabled: true
16:38:48.553 [FXGL Background Thread 3 ] DEBUG Engine               - isExperimentalTiledLargeMap: false
16:38:48.553 [FXGL Background Thread 3 ] DEBUG Engine               - isFileSystemWriteAllowed: true
16:38:48.553 [FXGL Background Thread 3 ] DEBUG Engine               - isFullScreenAllowed: false
16:38:48.553 [FXGL Background Thread 3 ] DEBUG Engine               - isFullScreenFromStart: false
16:38:48.553 [FXGL Background Thread 3 ] DEBUG Engine               - isGameMenuEnabled: true
16:38:48.553 [FXGL Background Thread 3 ] DEBUG Engine               - isIOS: false
16:38:48.553 [FXGL Background Thread 3 ] DEBUG Engine               - isIntroEnabled: false
16:38:48.553 [FXGL Background Thread 3 ] DEBUG Engine               - isLinux: false
16:38:48.553 [FXGL Background Thread 3 ] DEBUG Engine               - isMac: false
16:38:48.553 [FXGL Background Thread 3 ] DEBUG Engine               - isMainMenuEnabled: false
16:38:48.553 [FXGL Background Thread 3 ] DEBUG Engine               - isManualResizeEnabled: false
16:38:48.554 [FXGL Background Thread 3 ] DEBUG Engine               - isMobile: false
16:38:48.554 [FXGL Background Thread 3 ] DEBUG Engine               - isNative: false
16:38:48.554 [FXGL Background Thread 3 ] DEBUG Engine               - isPauseMusicWhenMinimized: true
16:38:48.554 [FXGL Background Thread 3 ] DEBUG Engine               - isPreserveResizeRatio: false
16:38:48.554 [FXGL Background Thread 3 ] DEBUG Engine               - isProfilingEnabled: false
16:38:48.554 [FXGL Background Thread 3 ] DEBUG Engine               - isScaleAffectedOnResize: true
16:38:48.554 [FXGL Background Thread 3 ] DEBUG Engine               - isSingleStep: false
16:38:48.554 [FXGL Background Thread 3 ] DEBUG Engine               - isUserProfileEnabled: false
16:38:48.554 [FXGL Background Thread 3 ] DEBUG Engine               - isWindows: true
16:38:48.554 [FXGL Background Thread 3 ] DEBUG Engine               - language: ObjectProperty [value: ENGLISH]
16:38:48.554 [FXGL Background Thread 3 ] DEBUG Engine               - menuKey: ESCAPE
16:38:48.554 [FXGL Background Thread 3 ] DEBUG Engine               - mouseSensitivity: 0.2
16:38:48.554 [FXGL Background Thread 3 ] DEBUG Engine               - notificationViewClass: class com.almasb.fxgl.notification.view.XboxNotificationView
16:38:48.554 [FXGL Background Thread 3 ] DEBUG Engine               - pixelsPerMeter: 50.0
16:38:48.554 [FXGL Background Thread 3 ] DEBUG Engine               - platform: WINDOWS
16:38:48.554 [FXGL Background Thread 3 ] DEBUG Engine               - prefHeightProperty: ReadOnlyDoubleProperty [value: 600.0]
16:38:48.554 [FXGL Background Thread 3 ] DEBUG Engine               - prefWidthProperty: ReadOnlyDoubleProperty [value: 1000.0]
16:38:48.554 [FXGL Background Thread 3 ] DEBUG Engine               - profileDir: profiles/
16:38:48.554 [FXGL Background Thread 3 ] DEBUG Engine               - profileName: StringProperty [value: DEFAULT]
16:38:48.554 [FXGL Background Thread 3 ] DEBUG Engine               - randomSeed: -1
16:38:48.555 [FXGL Background Thread 3 ] DEBUG Engine               - runtimeInfo: RuntimeInfo(platform=WINDOWS, version=17.3, build=30.03.2023 11.49)
16:38:48.555 [FXGL Background Thread 3 ] DEBUG Engine               - saveFileExt: sav
16:38:48.555 [FXGL Background Thread 3 ] DEBUG Engine               - scaledHeightProp$fxgl: DoubleProperty [bound, value: 600.0]
16:38:48.555 [FXGL Background Thread 3 ] DEBUG Engine               - scaledWidthProp$fxgl: DoubleProperty [bound, value: 1000.0]
16:38:48.555 [FXGL Background Thread 3 ] DEBUG Engine               - sceneFactory: com.almasb.fxgl.app.scene.SceneFactory@3c022e6c
16:38:48.555 [FXGL Background Thread 3 ] DEBUG Engine               - secondsIn24h: 60
16:38:48.555 [FXGL Background Thread 3 ] DEBUG Engine               - soundMenuBack: menu/back.wav
16:38:48.555 [FXGL Background Thread 3 ] DEBUG Engine               - soundMenuPress: menu/press.wav
16:38:48.555 [FXGL Background Thread 3 ] DEBUG Engine               - soundMenuSelect: menu/select.wav
16:38:48.556 [FXGL Background Thread 3 ] DEBUG Engine               - soundNotification: core/notification.wav
16:38:48.556 [FXGL Background Thread 3 ] DEBUG Engine               - stageStyle: DECORATED
16:38:48.556 [FXGL Background Thread 3 ] DEBUG Engine               - supportedLanguages: [ENGLISH, FRENCH, GERMAN, HUNGARIAN, RUSSIAN]
16:38:48.556 [FXGL Background Thread 3 ] DEBUG Engine               - ticksPerSecond: -1
16:38:48.556 [FXGL Background Thread 3 ] DEBUG Engine               - title: Jugador Sonic
16:38:48.556 [FXGL Background Thread 3 ] DEBUG Engine               - urlGithub: https://github.com/AlmasB/FXGL
16:38:48.556 [FXGL Background Thread 3 ] DEBUG Engine               - urlLeaderboard: http://fxgl-top.herokuapp.com/
16:38:48.556 [FXGL Background Thread 3 ] DEBUG Engine               - urlPOM: https://raw.githubusercontent.com/AlmasB/FXGL/release/README.md
16:38:48.556 [FXGL Background Thread 3 ] DEBUG Engine               - userAppClass: class Runner.ClientRunner
16:38:48.556 [FXGL Background Thread 3 ] DEBUG Engine               - version: 0.0
16:38:48.556 [FXGL Background Thread 3 ] DEBUG Engine               - versionCheckDays: 7
16:38:48.556 [FXGL Background Thread 3 ] DEBUG Engine               - width: 1000
16:38:48.556 [FXGL Background Thread 3 ] DEBUG Engine               - Logging services
16:38:48.556 [FXGL Background Thread 3 ] DEBUG Engine               - class com.almasb.fxgl.app.services.FXGLAssetLoaderService
16:38:48.556 [FXGL Background Thread 3 ] DEBUG Engine               - class com.almasb.fxgl.app.FXGLApplication$GameApplicationService
16:38:48.556 [FXGL Background Thread 3 ] DEBUG Engine               - class com.almasb.fxgl.app.services.FXGLDialogService
16:38:48.556 [FXGL Background Thread 3 ] DEBUG Engine               - class com.almasb.fxgl.app.services.IOTaskExecutorService
16:38:48.556 [FXGL Background Thread 3 ] DEBUG Engine               - class com.almasb.fxgl.io.FileSystemService
16:38:48.556 [FXGL Background Thread 3 ] DEBUG Engine               - class com.almasb.fxgl.localization.LocalizationService
16:38:48.556 [FXGL Background Thread 3 ] DEBUG Engine               - class com.almasb.fxgl.app.services.SystemBundleService
16:38:48.557 [FXGL Background Thread 3 ] DEBUG Engine               - class com.almasb.fxgl.profile.SaveLoadService
16:38:48.557 [FXGL Background Thread 3 ] DEBUG Engine               - class com.almasb.fxgl.ui.FXGLUIFactoryServiceProvider
16:38:48.557 [FXGL Background Thread 3 ] DEBUG Engine               - class com.almasb.fxgl.ui.FXGLDialogFactoryServiceProvider
16:38:48.557 [FXGL Background Thread 3 ] DEBUG Engine               - class com.almasb.fxgl.audio.AudioPlayer
16:38:48.557 [FXGL Background Thread 3 ] DEBUG Engine               - class com.almasb.fxgl.notification.impl.NotificationServiceProvider
16:38:48.557 [FXGL Background Thread 3 ] DEBUG Engine               - class com.almasb.fxgl.achievement.AchievementService
16:38:48.557 [FXGL Background Thread 3 ] DEBUG Engine               - class com.almasb.fxgl.cutscene.CutsceneService
16:38:48.557 [FXGL Background Thread 3 ] DEBUG Engine               - class com.almasb.fxgl.minigames.MiniGameService
16:38:48.557 [FXGL Background Thread 3 ] DEBUG Engine               - class com.almasb.fxgl.net.NetService
16:38:48.557 [FXGL Background Thread 3 ] DEBUG Engine               - class com.almasb.fxgl.app.services.UpdaterService
16:38:48.557 [FXGL Background Thread 3 ] DEBUG Engine               - class com.almasb.fxgl.dev.DevService
16:38:48.557 [FXGL Background Thread 3 ] DEBUG Engine               - class com.almasb.fxgl.multiplayer.MultiplayerService
16:38:55.374 [JavaFX Application Thread] DEBUG FXGLAssetLoaderServi - Loading from file system: file:/C:/Users/User/Documents/GitHub/Sonic-rush/target/classes/assets/textures/fondo.png
16:38:55.563 [JavaFX Application Thread] WARN  TMXLevelLoader       - TiledMap generated from 1.11.2. Supported version: 1.9.0. Some features may not be parsed fully.
16:38:55.581 [JavaFX Application Thread] DEBUG TMXLevelLoader       - Parsed TiledMap: file:/C:/Users/User/Documents/GitHub/Sonic-rush/target/classes/assets/levels/mapazo.tmx
16:38:55.582 [JavaFX Application Thread] DEBUG TMXLevelLoader       - Creating tile layer entities
16:38:55.584 [JavaFX Application Thread] DEBUG TilesetLoader        - Loading view for layer Capa de patrones 1
16:38:55.592 [JavaFX Application Thread] DEBUG TilesetLoader        - Created buffer with size 3840.0x720.0
16:38:55.622 [JavaFX Application Thread] DEBUG TMXLevelLoader       - Creating object layer entities
16:38:55.646 [JavaFX Application Thread] DEBUG GameWorld            - Clearing removable entities
16:38:55.648 [JavaFX Application Thread] DEBUG GameWorld            - Setting level: com.almasb.fxgl.entity.level.Level@5b681803
16:38:55.660 [ClientAsyncConnThread    ] DEBUG TCPClient            - Connecting to 192.168.56.1:50000 type: class com.almasb.fxgl.core.serialization.Bundle
16:38:55.660 [ClientAsyncConnThread    ] DEBUG TCPClient            - Created socket to 192.168.56.1:50000
16:38:55.666 [ClientAsyncConnThread    ] DEBUG Endpoint             - TCPClient opening new connection (1) from /192.168.56.1:50000 type: class com.almasb.fxgl.core.serialization.Bundle
16:38:55.667 [ClientAsyncConnThread    ] DEBUG Endpoint             - TCPClient successfully opened connection (1)
16:38:55.683 [TCPClient_RecvThread-1   ] DEBUG Readers              - Getting TCPMessageReader for class com.almasb.fxgl.core.serialization.Bundle
16:38:55.683 [TCPClient_SendThread-1   ] DEBUG Writers              - Getting TCPMessageWriter for class com.almasb.fxgl.core.serialization.Bundle
16:38:55.685 [TCPClient_SendThread-1   ] DEBUG Writers              - Constructed TCPMessageWriter for class com.almasb.fxgl.core.serialization.Bundle: BundleTCPMessageWriter
16:38:55.689 [TCPClient_RecvThread-1   ] DEBUG Readers              - Constructed MessageReader for class com.almasb.fxgl.core.serialization.Bundle: BundleTCPMessageReader
16:38:55.705 [JavaFX Application Thread] DEBUG FXGLAssetLoaderServi - Loading from file system: file:/C:/Users/User/Documents/GitHub/Sonic-rush/target/classes/assets/textures/Items/ring.png
16:38:55.729 [JavaFX Application Thread] DEBUG FXGLAssetLoaderServi - Loading from file system: file:/C:/Users/User/Documents/GitHub/Sonic-rush/target/classes/assets/textures/Items/papel.png
16:38:55.731 [JavaFX Application Thread] DEBUG FXGLAssetLoaderServi - Loading from file system: file:/C:/Users/User/Documents/GitHub/Sonic-rush/target/classes/assets/textures/Items/basura.png
16:38:55.733 [JavaFX Application Thread] DEBUG FXGLAssetLoaderServi - Loading from file system: file:/C:/Users/User/Documents/GitHub/Sonic-rush/target/classes/assets/textures/Items/caucho.png
16:38:55.747 [JavaFX Application Thread] DEBUG FXGLAssetLoaderServi - Loading from file system: file:/C:/Users/User/Documents/GitHub/Sonic-rush/target/classes/assets/textures/Enemigos/enemigo2.png
16:38:55.773 [JavaFX Application Thread] DEBUG FXGLAssetLoaderServi - Loading from file system: file:/C:/Users/User/Documents/GitHub/Sonic-rush/target/classes/assets/textures/Personajes/knuckles.png
16:38:55.774 [JavaFX Application Thread] DEBUG FXGLAssetLoaderServi - Loading from file system: file:/C:/Users/User/Documents/GitHub/Sonic-rush/target/classes/assets/textures/Personajes/knuckles_golpe.png
16:38:57.803 [JavaFX Application Thread] DEBUG FXGLAssetLoaderServi - Loading from file system: file:/C:/Users/User/Documents/GitHub/Sonic-rush/target/classes/assets/sounds/recoger.wav
16:39:02.426 [JavaFX Application Thread] DEBUG FXGLAssetLoaderServi - Loading from file system: file:/C:/Users/User/Documents/GitHub/Sonic-rush/target/classes/assets/sounds/perder_anillos.wav
16:39:24.058 [JavaFX Application Thread] DEBUG FXGLAssetLoaderServi - Loading from file system: file:/C:/Users/User/Documents/GitHub/Sonic-rush/target/classes/assets/sounds/muerte.wav
16:39:50.134 [JavaFX Application Thread] DEBUG FXGLApplication      - Exiting FXGL
16:39:50.134 [JavaFX Application Thread] DEBUG LoopRunner           - Stopping loop
16:39:50.134 [JavaFX Application Thread] DEBUG SystemBundleService  - Saving FXGL system data
16:39:50.135 [JavaFX Application Thread] DEBUG FileSystemAccess     - Writing to: C:\Users\User\Documents\GitHub\Sonic-rush\system\fxgl.bundle
16:39:50.136 [JavaFX Application Thread] DEBUG Async                - Shutting down background threads
16:39:50.137 [JavaFX Application Thread] DEBUG PrimaryStageWindow   - Closing main window
16:39:50.145 [JavaFX Application Thread] DEBUG Logger               - Closing Logger
