02:16:50.187 [main                     ] DEBUG Logger               - Configured Logger
02:16:50.219 [main                     ] DEBUG GameApplication      - Logging settings
Title: Server
Version: 0.0
Width: 800
Height: 500
Fullscreen: false
Intro: false
Profiling: false
Single step:false
App Mode: DEVELOPER
Menu Key: ESCAPE
Stage Style: DECORATED
Scene Factory: class com.almasb.fxgl.app.scene.SceneFactory

02:16:50.747 [JavaFX Application Thread] DEBUG FXGLApplication      - Initializing FXGL
02:16:50.754 [JavaFX Application Thread] INFO  Engine               - FXGL-17.3 (30.03.2023 11.49) on WINDOWS (J:21.0.2 FX:20)
02:16:50.755 [JavaFX Application Thread] DEBUG Engine               - JRE Vendor Name: Oracle Corporation
02:16:50.755 [JavaFX Application Thread] DEBUG Engine               - Running on OS: Windows 10 version 10.0
02:16:50.755 [JavaFX Application Thread] DEBUG Engine               - Architecture: amd64
02:16:50.755 [JavaFX Application Thread] INFO  Engine               - Source code and latest versions at: https://github.com/AlmasB/FXGL
02:16:50.756 [JavaFX Application Thread] INFO  Engine               -       Ask questions and discuss at: https://github.com/AlmasB/FXGL/discussions
02:16:50.756 [JavaFX Application Thread] INFO  Engine               -              Join the FXGL chat at: https://gitter.im/AlmasB/FXGL
02:16:50.930 [JavaFX Application Thread] DEBUG PrimaryStageWindow   - Creating a JavaFX scene
02:16:51.003 [JavaFX Application Thread] DEBUG PrimaryStageWindow   - Target settings size: 800.0 x 500.0
02:16:51.003 [JavaFX Application Thread] DEBUG PrimaryStageWindow   - Scaled scene size:    800.0 x 500.0
02:16:51.004 [JavaFX Application Thread] DEBUG PrimaryStageWindow   - Scaled ratio: (1.0, 1.0)
02:16:51.005 [JavaFX Application Thread] DEBUG PrimaryStageWindow   - Set initial scene to FXGLStartupScene
02:16:51.009 [JavaFX Application Thread] DEBUG PrimaryStageWindow   - Opening main window
02:16:51.111 [JavaFX Application Thread] DEBUG PrimaryStageWindow   - Window border size: (16.0, 39.0)
02:16:51.112 [JavaFX Application Thread] DEBUG PrimaryStageWindow   - Scaled size: 800.0 x 500.0
02:16:51.112 [JavaFX Application Thread] DEBUG PrimaryStageWindow   - Scaled ratio: (1.0, 1.0)
02:16:51.112 [JavaFX Application Thread] DEBUG PrimaryStageWindow   - Scene size: 800.0 x 500.0
02:16:51.113 [JavaFX Application Thread] DEBUG PrimaryStageWindow   - Stage size: 816.0 x 539.0
02:16:51.126 [FXGL Background Thread 1 ] DEBUG Engine               - Initializing environment variables
02:16:51.207 [FXGL Background Thread 1 ] DEBUG FXGLAssetLoaderServi - User app class for loading assets: class Runner.ServerRunner
02:16:51.208 [FXGL Background Thread 1 ] DEBUG GameApplicationServi - Applying CSS: fxgl_dark.css
02:16:51.209 [FXGL Background Thread 1 ] DEBUG FXGLAssetLoaderServi - Loading from file system: jar:file:/C:/Users/User/.m2/repository/com/github/almasb/fxgl/17.3/fxgl-17.3.jar!/fxglassets/ui/css/fxgl_dark.css
02:16:51.267 [FXGL Background Thread 1 ] DEBUG GameApplicationServi - Initializing application scenes
02:16:51.352 [FXGL Background Thread 1 ] DEBUG GameWorld            - Game world initialized
02:16:51.453 [FXGL Background Thread 1 ] DEBUG PhysicsWorld         - Physics world initialized: appHeight=500, physics.ppm=50,0
02:16:51.454 [FXGL Background Thread 1 ] DEBUG PhysicsWorld         - Using strategy: BRUTE_FORCE
02:16:51.459 [FXGL Background Thread 1 ] DEBUG GameScene            - Game scene initialized: 800x500
02:16:51.475 [FXGL Background Thread 1 ] WARN  FXGL.DefaultMenu     - FXGLDefaultMenu is not designed for resolutions < 800x600
02:16:51.476 [FXGL Background Thread 1 ] DEBUG FXGL.DefaultMenu     - createMenuBodyGameMenu()
02:16:51.501 [FXGL Background Thread 1 ] DEBUG FXGL.DefaultMenu     - createOptionsMenu()
02:16:51.523 [FXGL Background Thread 1 ] DEBUG FXGLAssetLoaderServi - Loading from file system: jar:file:/C:/Users/User/.m2/repository/com/github/almasb/fxgl/17.3/fxgl-17.3.jar!/fxglassets/textures/particles/smoke.png
02:16:51.637 [FXGL Background Thread 1 ] DEBUG FXGLAssetLoaderServi - Loading from file system: jar:file:/C:/Users/User/.m2/repository/com/github/almasb/fxgl/17.3/fxgl-17.3.jar!/fxglassets/textures/particles/trace_horizontal.png
02:16:51.675 [FXGL Background Thread 1 ] DEBUG GameApplicationServi - Application scenes initialized
02:16:51.699 [FXGL Background Thread 1 ] DEBUG SystemBundleService  - Loading FXGL system data
02:16:51.705 [FXGL Background Thread 1 ] DEBUG FileSystemAccess     - Reading from: C:\Users\User\Documents\Millan.Luis\UNEG\Semestre IV\Tecnicas de Prog. III\Sonic-rush\system\fxgl.bundle
02:16:51.721 [FXGL Background Thread 1 ] DEBUG SystemBundleService  - Bundle FXGL: {}
02:16:51.721 [FXGL Background Thread 1 ] DEBUG UpdaterService       - Checking for updates
02:16:51.727 [FXGL Background Thread 1 ] DEBUG FXGLApplication      - Loading default localization
02:16:51.729 [FXGL Background Thread 1 ] DEBUG FXGLAssetLoaderServi - Loading from file system: jar:file:/C:/Users/User/.m2/repository/com/github/almasb/fxgl/17.3/fxgl-17.3.jar!/fxglassets/languages/english.lang
02:16:51.738 [FXGL Background Thread 4 ] DEBUG FXGLApplication      - Loading fonts
02:16:51.739 [FXGL Background Thread 4 ] DEBUG FXGLAssetLoaderServi - Loading from file system: jar:file:/C:/Users/User/.m2/repository/com/github/almasb/fxgl/17.3/fxgl-17.3.jar!/fxglassets/ui/fonts/VarelaRound-Regular.ttf
02:16:51.787 [FXGL Background Thread 1 ] INFO  FXGLApplication      - FXGL initialization took: 0,662 sec
02:16:51.817 [FXGL Background Thread 4 ] DEBUG FXGLAssetLoaderServi - Loading from file system: jar:file:/C:/Users/User/.m2/repository/com/github/almasb/fxgl/17.3/fxgl-17.3.jar!/fxglassets/ui/fonts/Abel-Regular.ttf
02:16:51.826 [JavaFX Application Thread] DEBUG FXGLAssetLoaderServi - Loading from file system: jar:file:/C:/Users/User/.m2/repository/com/github/almasb/fxgl/17.3/fxgl-17.3.jar!/fxglassets/textures/fxgl_icon.png
02:16:51.854 [JavaFX Application Thread] DEBUG FXGLAssetLoaderServi - Loading from file system: jar:file:/C:/Users/User/.m2/repository/com/github/almasb/fxgl/17.3/fxgl-17.3.jar!/fxglassets/textures/fxgl_default_cursor.png
02:16:51.866 [JavaFX Application Thread] DEBUG Input                - Registered new binding: Screenshot - CTRL+8
02:16:51.867 [JavaFX Application Thread] DEBUG Input                - Registered new binding: System info dump - CTRL+9
02:16:51.867 [JavaFX Application Thread] DEBUG Input                - Registered new binding: Restart - CTRL+R
02:16:51.868 [JavaFX Application Thread] DEBUG Input                - Registered new binding: Toggle Debug Camera - CTRL+7
02:16:51.871 [JavaFX Application Thread] DEBUG LoopRunner           - Starting loop
02:16:51.871 [JavaFX Application Thread] DEBUG LoopRunner           - Initializing JavaFX AnimationTimerLoop
02:16:51.873 [JavaFX Application Thread] DEBUG GameApplicationServi - Starting new game
02:16:51.874 [JavaFX Application Thread] DEBUG Input                - Clearing active input actions
02:16:51.894 [JavaFX Application Thread] DEBUG GameApplicationServi - Removing overlay from FXGLStartupScene and adding to FXGLLoadingScene
02:16:51.896 [JavaFX Application Thread] DEBUG PrimaryStageWindow   - FXGLStartupScene -> FXGLLoadingScene
02:16:51.896 [JavaFX Application Thread] DEBUG GameApplicationServi - Clearing previous game
02:16:51.896 [JavaFX Application Thread] DEBUG GameScene            - Clearing game scene
02:16:51.896 [JavaFX Application Thread] DEBUG GameWorld            - Clearing game world
02:16:51.897 [JavaFX Application Thread] DEBUG PhysicsWorld         - Clearing physics world
02:16:51.898 [FXGL Background Thread 1 ] DEBUG FXGLApplication      - Initializing game
02:16:51.904 [FXGL Background Thread 4 ] DEBUG FXGLAssetLoaderServi - Loading from file system: jar:file:/C:/Users/User/.m2/repository/com/github/almasb/fxgl/17.3/fxgl-17.3.jar!/fxglassets/ui/fonts/TerminalLandMono-Regular.otf
02:16:51.950 [FXGL Background Thread 4 ] DEBUG FXGLAssetLoaderServi - Loading from file system: jar:file:/C:/Users/User/.m2/repository/com/github/almasb/fxgl/17.3/fxgl-17.3.jar!/fxglassets/ui/fonts/Courier-Prime.ttf
02:16:51.951 [ServerAsyncConnThread    ] DEBUG TCPServer            - Starting to listen at: 55555 type: class com.almasb.fxgl.core.serialization.Bundle
02:16:52.016 [JavaFX Application Thread] DEBUG FXGLApplication      - Registering font factories with UI factory
02:16:52.018 [FXGL Background Thread 1 ] DEBUG TMXLevelLoader       - Parsed TiledMap: file:/C:/Users/User/Documents/Millan.Luis/UNEG/Semestre%20IV/Tecnicas%20de%20Prog.%20III/Sonic-rush/target/classes/assets/levels/mapazo.tmx
02:16:52.019 [FXGL Background Thread 1 ] DEBUG TMXLevelLoader       - Creating tile layer entities
02:16:52.021 [FXGL Background Thread 1 ] DEBUG TilesetLoader        - Loading view for layer Capa de patrones 1
02:16:52.034 [FXGL Background Thread 1 ] DEBUG TilesetLoader        - Created buffer with size 3840.0x720.0
02:16:52.122 [FXGL Background Thread 1 ] DEBUG TMXLevelLoader       - Creating object layer entities
02:16:52.193 [FXGL Background Thread 1 ] DEBUG GameWorld            - Clearing removable entities
02:16:52.194 [FXGL Background Thread 1 ] DEBUG GameWorld            - Setting level: com.almasb.fxgl.entity.level.Level@367ce145
02:16:52.242 [FXGL Background Thread 1 ] DEBUG FXGLAssetLoaderServi - Loading from file system: file:/C:/Users/User/Documents/Millan.Luis/UNEG/Semestre%20IV/Tecnicas%20de%20Prog.%20III/Sonic-rush/target/classes/assets/textures/Items/ring.png
02:16:52.336 [FXGL Background Thread 1 ] DEBUG FXGLAssetLoaderServi - Loading from file system: file:/C:/Users/User/Documents/Millan.Luis/UNEG/Semestre%20IV/Tecnicas%20de%20Prog.%20III/Sonic-rush/target/classes/assets/textures/Enemigos/enemigo.png
02:16:52.421 [FXGL Background Thread 1 ] DEBUG FXGLAssetLoaderServi - Loading from file system: file:/C:/Users/User/Documents/Millan.Luis/UNEG/Semestre%20IV/Tecnicas%20de%20Prog.%20III/Sonic-rush/target/classes/assets/textures/Items/caucho.png
02:16:52.424 [FXGL Background Thread 1 ] DEBUG FXGLAssetLoaderServi - Loading from file system: file:/C:/Users/User/Documents/Millan.Luis/UNEG/Semestre%20IV/Tecnicas%20de%20Prog.%20III/Sonic-rush/target/classes/assets/textures/Items/basura.png
02:16:52.427 [FXGL Background Thread 1 ] DEBUG FXGLAssetLoaderServi - Loading from file system: file:/C:/Users/User/Documents/Millan.Luis/UNEG/Semestre%20IV/Tecnicas%20de%20Prog.%20III/Sonic-rush/target/classes/assets/textures/Items/papel.png
02:16:52.451 [FXGL Background Thread 1 ] INFO  FXGLApplication      - Game initialization took: 0,552 sec
02:16:52.457 [JavaFX Application Thread] DEBUG Input                - Clearing active input actions
02:16:52.471 [JavaFX Application Thread] DEBUG GameApplicationServi - Removing overlay from FXGLLoadingScene and adding to GameScene
02:16:52.472 [JavaFX Application Thread] DEBUG PrimaryStageWindow   - FXGLLoadingScene -> GameScene
02:16:52.730 [FXGL Background Thread 2 ] INFO  UpdaterService       - Your current version:  17.3
02:16:52.731 [FXGL Background Thread 2 ] INFO  UpdaterService       - Latest stable version: 21.1
02:16:54.725 [FXGL Background Thread 3 ] DEBUG Engine               - Logging environment variables
02:16:54.725 [FXGL Background Thread 3 ] DEBUG Engine               - achievements: []
02:16:54.725 [FXGL Background Thread 3 ] DEBUG Engine               - actualHeight: 500.0
02:16:54.725 [FXGL Background Thread 3 ] DEBUG Engine               - actualHeightProperty: ReadOnlyDoubleProperty [value: 500.0]
02:16:54.725 [FXGL Background Thread 3 ] DEBUG Engine               - actualWidth: 800.0
02:16:54.725 [FXGL Background Thread 3 ] DEBUG Engine               - actualWidthProperty: ReadOnlyDoubleProperty [value: 800.0]
02:16:54.725 [FXGL Background Thread 3 ] DEBUG Engine               - appIcon: fxgl_icon.png
02:16:54.725 [FXGL Background Thread 3 ] DEBUG Engine               - applicationMode: DEVELOPER
02:16:54.726 [FXGL Background Thread 3 ] DEBUG Engine               - cSSList: [fxgl_dark.css]
02:16:54.726 [FXGL Background Thread 3 ] DEBUG Engine               - collisionDetectionStrategy: BRUTE_FORCE
02:16:54.726 [FXGL Background Thread 3 ] DEBUG Engine               - configClass: Optional.empty
02:16:54.726 [FXGL Background Thread 3 ] DEBUG Engine               - credits: []
02:16:54.726 [FXGL Background Thread 3 ] DEBUG Engine               - defaultCursor: CursorInfo(imageName=fxgl_default_cursor.png, hotspotX=7.0, hotspotY=6.0)
02:16:54.726 [FXGL Background Thread 3 ] DEBUG Engine               - devBBoxColorProperty: ObjectProperty [value: 0xff0000ff]
02:16:54.726 [FXGL Background Thread 3 ] DEBUG Engine               - devEnableDebugCameraProperty: BooleanProperty [value: false]
02:16:54.726 [FXGL Background Thread 3 ] DEBUG Engine               - devSensorColorProperty: ObjectProperty [value: 0xffff00ff]
02:16:54.726 [FXGL Background Thread 3 ] DEBUG Engine               - devShowBBoxProperty: BooleanProperty [value: false]
02:16:54.726 [FXGL Background Thread 3 ] DEBUG Engine               - devShowPositionProperty: BooleanProperty [value: false]
02:16:54.726 [FXGL Background Thread 3 ] DEBUG Engine               - enabledMenuItems: []
02:16:54.726 [FXGL Background Thread 3 ] DEBUG Engine               - engineServices: [class com.almasb.fxgl.app.services.FXGLAssetLoaderService, class com.almasb.fxgl.app.FXGLApplication$GameApplicationService, class com.almasb.fxgl.app.services.FXGLDialogService, class com.almasb.fxgl.app.services.IOTaskExecutorService, class com.almasb.fxgl.io.FileSystemService, class com.almasb.fxgl.localization.LocalizationService, class com.almasb.fxgl.app.services.SystemBundleService, class com.almasb.fxgl.profile.SaveLoadService, class com.almasb.fxgl.ui.FXGLUIFactoryServiceProvider, class com.almasb.fxgl.ui.FXGLDialogFactoryServiceProvider, class com.almasb.fxgl.audio.AudioPlayer, class com.almasb.fxgl.notification.impl.NotificationServiceProvider, class com.almasb.fxgl.achievement.AchievementService, class com.almasb.fxgl.cutscene.CutsceneService, class com.almasb.fxgl.minigames.MiniGameService, class com.almasb.fxgl.net.NetService, class com.almasb.fxgl.app.services.UpdaterService, class com.almasb.fxgl.dev.DevService, class com.almasb.fxgl.multiplayer.MultiplayerService]
02:16:54.726 [FXGL Background Thread 3 ] DEBUG Engine               - fontGame: Abel-Regular.ttf
02:16:54.726 [FXGL Background Thread 3 ] DEBUG Engine               - fontMono: TerminalLandMono-Regular.otf
02:16:54.727 [FXGL Background Thread 3 ] DEBUG Engine               - fontSizeScaleUI: 1.0
02:16:54.727 [FXGL Background Thread 3 ] DEBUG Engine               - fontText: Courier-Prime.ttf
02:16:54.727 [FXGL Background Thread 3 ] DEBUG Engine               - fontUI: VarelaRound-Regular.ttf
02:16:54.727 [FXGL Background Thread 3 ] DEBUG Engine               - fullScreen: BooleanProperty [value: false]
02:16:54.727 [FXGL Background Thread 3 ] DEBUG Engine               - gameDifficulty: MEDIUM
02:16:54.727 [FXGL Background Thread 3 ] DEBUG Engine               - gameDifficultyProperty: ObjectProperty [value: MEDIUM]
02:16:54.727 [FXGL Background Thread 3 ] DEBUG Engine               - globalMusicVolume: 0.5
02:16:54.727 [FXGL Background Thread 3 ] DEBUG Engine               - globalMusicVolumeProperty: DoubleProperty [value: 0.5]
02:16:54.727 [FXGL Background Thread 3 ] DEBUG Engine               - globalSoundVolume: 0.5
02:16:54.727 [FXGL Background Thread 3 ] DEBUG Engine               - globalSoundVolumeProperty: DoubleProperty [value: 0.5]
02:16:54.727 [FXGL Background Thread 3 ] DEBUG Engine               - height: 500
02:16:54.727 [FXGL Background Thread 3 ] DEBUG Engine               - is3D: false
02:16:54.728 [FXGL Background Thread 3 ] DEBUG Engine               - isAndroid: false
02:16:54.728 [FXGL Background Thread 3 ] DEBUG Engine               - isBrowser: false
02:16:54.728 [FXGL Background Thread 3 ] DEBUG Engine               - isClickFeedbackEnabled: false
02:16:54.728 [FXGL Background Thread 3 ] DEBUG Engine               - isCloseConfirmation: false
02:16:54.728 [FXGL Background Thread 3 ] DEBUG Engine               - isDesktop: true
02:16:54.728 [FXGL Background Thread 3 ] DEBUG Engine               - isDeveloperMenuEnabled: false
02:16:54.728 [FXGL Background Thread 3 ] DEBUG Engine               - isEmbedded: false
02:16:54.728 [FXGL Background Thread 3 ] DEBUG Engine               - isEntityPreloadEnabled: true
02:16:54.728 [FXGL Background Thread 3 ] DEBUG Engine               - isExperimentalTiledLargeMap: false
02:16:54.728 [FXGL Background Thread 3 ] DEBUG Engine               - isFileSystemWriteAllowed: true
02:16:54.728 [FXGL Background Thread 3 ] DEBUG Engine               - isFullScreenAllowed: false
02:16:54.728 [FXGL Background Thread 3 ] DEBUG Engine               - isFullScreenFromStart: false
02:16:54.728 [FXGL Background Thread 3 ] DEBUG Engine               - isGameMenuEnabled: true
02:16:54.728 [FXGL Background Thread 3 ] DEBUG Engine               - isIOS: false
02:16:54.728 [FXGL Background Thread 3 ] DEBUG Engine               - isIntroEnabled: false
02:16:54.728 [FXGL Background Thread 3 ] DEBUG Engine               - isLinux: false
02:16:54.728 [FXGL Background Thread 3 ] DEBUG Engine               - isMac: false
02:16:54.728 [FXGL Background Thread 3 ] DEBUG Engine               - isMainMenuEnabled: false
02:16:54.728 [FXGL Background Thread 3 ] DEBUG Engine               - isManualResizeEnabled: false
02:16:54.728 [FXGL Background Thread 3 ] DEBUG Engine               - isMobile: false
02:16:54.728 [FXGL Background Thread 3 ] DEBUG Engine               - isNative: false
02:16:54.728 [FXGL Background Thread 3 ] DEBUG Engine               - isPauseMusicWhenMinimized: true
02:16:54.728 [FXGL Background Thread 3 ] DEBUG Engine               - isPreserveResizeRatio: false
02:16:54.728 [FXGL Background Thread 3 ] DEBUG Engine               - isProfilingEnabled: false
02:16:54.728 [FXGL Background Thread 3 ] DEBUG Engine               - isScaleAffectedOnResize: true
02:16:54.728 [FXGL Background Thread 3 ] DEBUG Engine               - isSingleStep: false
02:16:54.730 [FXGL Background Thread 3 ] DEBUG Engine               - isUserProfileEnabled: false
02:16:54.730 [FXGL Background Thread 3 ] DEBUG Engine               - isWindows: true
02:16:54.730 [FXGL Background Thread 3 ] DEBUG Engine               - language: ObjectProperty [value: ENGLISH]
02:16:54.730 [FXGL Background Thread 3 ] DEBUG Engine               - menuKey: ESCAPE
02:16:54.730 [FXGL Background Thread 3 ] DEBUG Engine               - mouseSensitivity: 0.2
02:16:54.730 [FXGL Background Thread 3 ] DEBUG Engine               - notificationViewClass: class com.almasb.fxgl.notification.view.XboxNotificationView
02:16:54.730 [FXGL Background Thread 3 ] DEBUG Engine               - pixelsPerMeter: 50.0
02:16:54.730 [FXGL Background Thread 3 ] DEBUG Engine               - platform: WINDOWS
02:16:54.730 [FXGL Background Thread 3 ] DEBUG Engine               - prefHeightProperty: ReadOnlyDoubleProperty [value: 500.0]
02:16:54.730 [FXGL Background Thread 3 ] DEBUG Engine               - prefWidthProperty: ReadOnlyDoubleProperty [value: 800.0]
02:16:54.730 [FXGL Background Thread 3 ] DEBUG Engine               - profileDir: profiles/
02:16:54.730 [FXGL Background Thread 3 ] DEBUG Engine               - profileName: StringProperty [value: DEFAULT]
02:16:54.730 [FXGL Background Thread 3 ] DEBUG Engine               - randomSeed: -1
02:16:54.730 [FXGL Background Thread 3 ] DEBUG Engine               - runtimeInfo: RuntimeInfo(platform=WINDOWS, version=17.3, build=30.03.2023 11.49)
02:16:54.730 [FXGL Background Thread 3 ] DEBUG Engine               - saveFileExt: sav
02:16:54.730 [FXGL Background Thread 3 ] DEBUG Engine               - scaledHeightProp$fxgl: DoubleProperty [bound, value: 500.0]
02:16:54.730 [FXGL Background Thread 3 ] DEBUG Engine               - scaledWidthProp$fxgl: DoubleProperty [bound, value: 800.0]
02:16:54.730 [FXGL Background Thread 3 ] DEBUG Engine               - sceneFactory: com.almasb.fxgl.app.scene.SceneFactory@5ffa67b9
02:16:54.730 [FXGL Background Thread 3 ] DEBUG Engine               - secondsIn24h: 60
02:16:54.731 [FXGL Background Thread 3 ] DEBUG Engine               - soundMenuBack: menu/back.wav
02:16:54.731 [FXGL Background Thread 3 ] DEBUG Engine               - soundMenuPress: menu/press.wav
02:16:54.731 [FXGL Background Thread 3 ] DEBUG Engine               - soundMenuSelect: menu/select.wav
02:16:54.731 [FXGL Background Thread 3 ] DEBUG Engine               - soundNotification: core/notification.wav
02:16:54.731 [FXGL Background Thread 3 ] DEBUG Engine               - stageStyle: DECORATED
02:16:54.731 [FXGL Background Thread 3 ] DEBUG Engine               - supportedLanguages: [ENGLISH, FRENCH, GERMAN, HUNGARIAN, RUSSIAN]
02:16:54.731 [FXGL Background Thread 3 ] DEBUG Engine               - ticksPerSecond: -1
02:16:54.731 [FXGL Background Thread 3 ] DEBUG Engine               - title: Server
02:16:54.731 [FXGL Background Thread 3 ] DEBUG Engine               - urlGithub: https://github.com/AlmasB/FXGL
02:16:54.731 [FXGL Background Thread 3 ] DEBUG Engine               - urlLeaderboard: http://fxgl-top.herokuapp.com/
02:16:54.731 [FXGL Background Thread 3 ] DEBUG Engine               - urlPOM: https://raw.githubusercontent.com/AlmasB/FXGL/release/README.md
02:16:54.731 [FXGL Background Thread 3 ] DEBUG Engine               - userAppClass: class Runner.ServerRunner
02:16:54.731 [FXGL Background Thread 3 ] DEBUG Engine               - version: 0.0
02:16:54.731 [FXGL Background Thread 3 ] DEBUG Engine               - versionCheckDays: 7
02:16:54.731 [FXGL Background Thread 3 ] DEBUG Engine               - width: 800
02:16:54.731 [FXGL Background Thread 3 ] DEBUG Engine               - Logging services
02:16:54.731 [FXGL Background Thread 3 ] DEBUG Engine               - class com.almasb.fxgl.app.services.FXGLAssetLoaderService
02:16:54.731 [FXGL Background Thread 3 ] DEBUG Engine               - class com.almasb.fxgl.app.FXGLApplication$GameApplicationService
02:16:54.731 [FXGL Background Thread 3 ] DEBUG Engine               - class com.almasb.fxgl.app.services.FXGLDialogService
02:16:54.731 [FXGL Background Thread 3 ] DEBUG Engine               - class com.almasb.fxgl.app.services.IOTaskExecutorService
02:16:54.731 [FXGL Background Thread 3 ] DEBUG Engine               - class com.almasb.fxgl.io.FileSystemService
02:16:54.731 [FXGL Background Thread 3 ] DEBUG Engine               - class com.almasb.fxgl.localization.LocalizationService
02:16:54.731 [FXGL Background Thread 3 ] DEBUG Engine               - class com.almasb.fxgl.app.services.SystemBundleService
02:16:54.731 [FXGL Background Thread 3 ] DEBUG Engine               - class com.almasb.fxgl.profile.SaveLoadService
02:16:54.731 [FXGL Background Thread 3 ] DEBUG Engine               - class com.almasb.fxgl.ui.FXGLUIFactoryServiceProvider
02:16:54.731 [FXGL Background Thread 3 ] DEBUG Engine               - class com.almasb.fxgl.ui.FXGLDialogFactoryServiceProvider
02:16:54.731 [FXGL Background Thread 3 ] DEBUG Engine               - class com.almasb.fxgl.audio.AudioPlayer
02:16:54.731 [FXGL Background Thread 3 ] DEBUG Engine               - class com.almasb.fxgl.notification.impl.NotificationServiceProvider
02:16:54.731 [FXGL Background Thread 3 ] DEBUG Engine               - class com.almasb.fxgl.achievement.AchievementService
02:16:54.731 [FXGL Background Thread 3 ] DEBUG Engine               - class com.almasb.fxgl.cutscene.CutsceneService
02:16:54.731 [FXGL Background Thread 3 ] DEBUG Engine               - class com.almasb.fxgl.minigames.MiniGameService
02:16:54.731 [FXGL Background Thread 3 ] DEBUG Engine               - class com.almasb.fxgl.net.NetService
02:16:54.731 [FXGL Background Thread 3 ] DEBUG Engine               - class com.almasb.fxgl.app.services.UpdaterService
02:16:54.731 [FXGL Background Thread 3 ] DEBUG Engine               - class com.almasb.fxgl.dev.DevService
02:16:54.731 [FXGL Background Thread 3 ] DEBUG Engine               - class com.almasb.fxgl.multiplayer.MultiplayerService
02:16:56.009 [JavaFX Application Thread] DEBUG LoopRunner           - Pausing loop
02:17:34.849 [ServerAsyncConnThread    ] DEBUG Endpoint             - TCPServer opening new connection (1) from /127.0.0.1:50531 type: class com.almasb.fxgl.core.serialization.Bundle
02:17:34.858 [ServerAsyncConnThread    ] DEBUG Endpoint             - TCPServer successfully opened connection (1)
02:17:34.869 [TCPServer_SendThread-1   ] DEBUG Writers              - Getting TCPMessageWriter for class com.almasb.fxgl.core.serialization.Bundle
02:17:34.869 [TCPServer_RecvThread-1   ] DEBUG Readers              - Getting TCPMessageReader for class com.almasb.fxgl.core.serialization.Bundle
02:17:34.872 [TCPServer_RecvThread-1   ] DEBUG Readers              - Constructed MessageReader for class com.almasb.fxgl.core.serialization.Bundle: BundleTCPMessageReader
02:17:34.874 [TCPServer_SendThread-1   ] DEBUG Writers              - Constructed TCPMessageWriter for class com.almasb.fxgl.core.serialization.Bundle: BundleTCPMessageWriter
02:17:58.305 [JavaFX Application Thread] DEBUG FXGLAssetLoaderServi - Loading from file system: file:/C:/Users/User/Documents/Millan.Luis/UNEG/Semestre%20IV/Tecnicas%20de%20Prog.%20III/Sonic-rush/target/classes/assets/textures/Escenario/arbol.png
02:17:58.641 [JavaFX Application Thread] DEBUG FXGLAssetLoaderServi - Loading from file system: file:/C:/Users/User/Documents/Millan.Luis/UNEG/Semestre%20IV/Tecnicas%20de%20Prog.%20III/Sonic-rush/target/classes/assets/textures/Enemigos/eggman.png
02:18:39.332 [JavaFX Application Thread] DEBUG LoopRunner           - Resuming loop
02:18:40.468 [JavaFX Application Thread] DEBUG LoopRunner           - Pausing loop
02:18:41.219 [JavaFX Application Thread] DEBUG LoopRunner           - Resuming loop
02:18:58.089 [JavaFX Application Thread] DEBUG FXGLApplication      - Exiting FXGL
02:18:58.089 [JavaFX Application Thread] DEBUG LoopRunner           - Stopping loop
02:18:58.089 [JavaFX Application Thread] DEBUG SystemBundleService  - Saving FXGL system data
02:18:58.090 [JavaFX Application Thread] DEBUG FileSystemAccess     - Writing to: C:\Users\User\Documents\Millan.Luis\UNEG\Semestre IV\Tecnicas de Prog. III\Sonic-rush\system\fxgl.bundle
02:18:58.091 [JavaFX Application Thread] DEBUG Async                - Shutting down background threads
02:18:58.092 [JavaFX Application Thread] DEBUG PrimaryStageWindow   - Closing main window
02:18:58.099 [JavaFX Application Thread] DEBUG Logger               - Closing Logger
