12:57:40.730 [main                     ] DEBUG Logger               - Configured Logger
12:57:40.769 [main                     ] DEBUG GameApplication      - Logging settings
Title: Server
Version: 0.0
Width: 800
Height: 500
Fullscreen: false
Intro: false
Profiling: false
Single step:false
App Mode: DEVELOPER
Menu Key: ESCAPE
Stage Style: DECORATED
Scene Factory: class com.almasb.fxgl.app.scene.SceneFactory

12:57:41.297 [JavaFX Application Thread] DEBUG FXGLApplication      - Initializing FXGL
12:57:41.306 [JavaFX Application Thread] INFO  Engine               - FXGL-17.3 (30.03.2023 11.49) on WINDOWS (J:17.0.12 FX:20)
12:57:41.307 [JavaFX Application Thread] DEBUG Engine               - JRE Vendor Name: Oracle Corporation
12:57:41.308 [JavaFX Application Thread] DEBUG Engine               - Running on OS: Windows 10 version 10.0
12:57:41.308 [JavaFX Application Thread] DEBUG Engine               - Architecture: amd64
12:57:41.308 [JavaFX Application Thread] INFO  Engine               - Source code and latest versions at: https://github.com/AlmasB/FXGL
12:57:41.308 [JavaFX Application Thread] INFO  Engine               -       Ask questions and discuss at: https://github.com/AlmasB/FXGL/discussions
12:57:41.309 [JavaFX Application Thread] INFO  Engine               -              Join the FXGL chat at: https://gitter.im/AlmasB/FXGL
12:57:41.540 [JavaFX Application Thread] DEBUG PrimaryStageWindow   - Creating a JavaFX scene
12:57:41.612 [JavaFX Application Thread] DEBUG PrimaryStageWindow   - Target settings size: 800.0 x 500.0
12:57:41.613 [JavaFX Application Thread] DEBUG PrimaryStageWindow   - Scaled scene size:    800.0 x 500.0
12:57:41.613 [JavaFX Application Thread] DEBUG PrimaryStageWindow   - Scaled ratio: (1.0, 1.0)
12:57:41.615 [JavaFX Application Thread] DEBUG PrimaryStageWindow   - Set initial scene to FXGLStartupScene
12:57:41.621 [JavaFX Application Thread] DEBUG PrimaryStageWindow   - Opening main window
12:57:41.725 [JavaFX Application Thread] DEBUG PrimaryStageWindow   - Window border size: (14.4000244140625, 37.5999755859375)
12:57:41.726 [JavaFX Application Thread] DEBUG PrimaryStageWindow   - Scaled size: 800.0 x 500.0
12:57:41.726 [JavaFX Application Thread] DEBUG PrimaryStageWindow   - Scaled ratio: (1.0, 1.0)
12:57:41.727 [JavaFX Application Thread] DEBUG PrimaryStageWindow   - Scene size: 800.0 x 500.0
12:57:41.727 [JavaFX Application Thread] DEBUG PrimaryStageWindow   - Stage size: 814.4000244140625 x 537.5999755859375
12:57:41.808 [FXGL Background Thread 1 ] DEBUG Engine               - Initializing environment variables
12:57:41.881 [FXGL Background Thread 1 ] DEBUG FXGLAssetLoaderServi - User app class for loading assets: class Runner.ServerRunner
12:57:41.885 [FXGL Background Thread 1 ] DEBUG GameApplicationServi - Applying CSS: fxgl_dark.css
12:57:41.886 [FXGL Background Thread 1 ] DEBUG FXGLAssetLoaderServi - Loading from file system: jar:file:/C:/Users/Owner/.m2/repository/com/github/almasb/fxgl/17.3/fxgl-17.3.jar!/fxglassets/ui/css/fxgl_dark.css
12:57:41.989 [FXGL Background Thread 1 ] DEBUG GameApplicationServi - Initializing application scenes
12:57:42.095 [FXGL Background Thread 1 ] DEBUG GameWorld            - Game world initialized
12:57:42.227 [FXGL Background Thread 1 ] DEBUG PhysicsWorld         - Physics world initialized: appHeight=500, physics.ppm=50.0
12:57:42.228 [FXGL Background Thread 1 ] DEBUG PhysicsWorld         - Using strategy: BRUTE_FORCE
12:57:42.236 [FXGL Background Thread 1 ] DEBUG GameScene            - Game scene initialized: 800x500
12:57:42.266 [FXGL Background Thread 1 ] WARN  FXGL.DefaultMenu     - FXGLDefaultMenu is not designed for resolutions < 800x600
12:57:42.268 [FXGL Background Thread 1 ] DEBUG FXGL.DefaultMenu     - createMenuBodyGameMenu()
12:57:42.337 [FXGL Background Thread 1 ] DEBUG FXGL.DefaultMenu     - createOptionsMenu()
12:57:42.375 [FXGL Background Thread 1 ] DEBUG FXGLAssetLoaderServi - Loading from file system: jar:file:/C:/Users/Owner/.m2/repository/com/github/almasb/fxgl/17.3/fxgl-17.3.jar!/fxglassets/textures/particles/smoke.png
12:57:42.656 [FXGL Background Thread 1 ] DEBUG FXGLAssetLoaderServi - Loading from file system: jar:file:/C:/Users/Owner/.m2/repository/com/github/almasb/fxgl/17.3/fxgl-17.3.jar!/fxglassets/textures/particles/trace_horizontal.png
12:57:42.695 [FXGL Background Thread 1 ] DEBUG GameApplicationServi - Application scenes initialized
12:57:42.719 [FXGL Background Thread 1 ] DEBUG SystemBundleService  - Loading FXGL system data
12:57:42.726 [FXGL Background Thread 1 ] DEBUG FileSystemAccess     - Reading from: C:\Users\Owner\Desktop\Sonic-rush\system\fxgl.bundle
12:57:42.736 [FXGL Background Thread 1 ] DEBUG SystemBundleService  - Bundle FXGL: {}
12:57:42.736 [FXGL Background Thread 1 ] DEBUG UpdaterService       - Checking for updates
12:57:42.745 [FXGL Background Thread 1 ] DEBUG FXGLApplication      - Loading default localization
12:57:42.746 [FXGL Background Thread 1 ] DEBUG FXGLAssetLoaderServi - Loading from file system: jar:file:/C:/Users/Owner/.m2/repository/com/github/almasb/fxgl/17.3/fxgl-17.3.jar!/fxglassets/languages/english.lang
12:57:42.757 [FXGL Background Thread 4 ] DEBUG FXGLApplication      - Loading fonts
12:57:42.758 [FXGL Background Thread 4 ] DEBUG FXGLAssetLoaderServi - Loading from file system: jar:file:/C:/Users/Owner/.m2/repository/com/github/almasb/fxgl/17.3/fxgl-17.3.jar!/fxglassets/ui/fonts/VarelaRound-Regular.ttf
12:57:42.798 [FXGL Background Thread 1 ] INFO  FXGLApplication      - FXGL initialization took: 0.990 sec
12:57:42.874 [JavaFX Application Thread] DEBUG FXGLAssetLoaderServi - Loading from file system: jar:file:/C:/Users/Owner/.m2/repository/com/github/almasb/fxgl/17.3/fxgl-17.3.jar!/fxglassets/textures/fxgl_icon.png
12:57:42.993 [JavaFX Application Thread] DEBUG FXGLAssetLoaderServi - Loading from file system: jar:file:/C:/Users/Owner/.m2/repository/com/github/almasb/fxgl/17.3/fxgl-17.3.jar!/fxglassets/textures/fxgl_default_cursor.png
12:57:43.075 [JavaFX Application Thread] DEBUG Input                - Registered new binding: Screenshot - CTRL+8
12:57:43.076 [JavaFX Application Thread] DEBUG Input                - Registered new binding: System info dump - CTRL+9
12:57:43.077 [JavaFX Application Thread] DEBUG Input                - Registered new binding: Restart - CTRL+R
12:57:43.078 [JavaFX Application Thread] DEBUG Input                - Registered new binding: Toggle Debug Camera - CTRL+7
12:57:43.082 [JavaFX Application Thread] DEBUG LoopRunner           - Starting loop
12:57:43.082 [JavaFX Application Thread] DEBUG LoopRunner           - Initializing JavaFX AnimationTimerLoop
12:57:43.085 [JavaFX Application Thread] DEBUG GameApplicationServi - Starting new game
12:57:43.085 [JavaFX Application Thread] DEBUG Input                - Clearing active input actions
12:57:43.108 [JavaFX Application Thread] DEBUG GameApplicationServi - Removing overlay from FXGLStartupScene and adding to FXGLLoadingScene
12:57:43.109 [JavaFX Application Thread] DEBUG PrimaryStageWindow   - FXGLStartupScene -> FXGLLoadingScene
12:57:43.109 [JavaFX Application Thread] DEBUG GameApplicationServi - Clearing previous game
12:57:43.110 [JavaFX Application Thread] DEBUG GameScene            - Clearing game scene
12:57:43.110 [JavaFX Application Thread] DEBUG GameWorld            - Clearing game world
12:57:43.110 [JavaFX Application Thread] DEBUG PhysicsWorld         - Clearing physics world
12:57:43.114 [FXGL Background Thread 1 ] DEBUG FXGLApplication      - Initializing game
12:57:43.220 [FXGL Background Thread 1 ] WARN  TMXLevelLoader       - TiledMap generated from 1.11.2. Supported version: 1.9.0. Some features may not be parsed fully.
12:57:43.411 [ServerAsyncConnThread    ] DEBUG TCPServer            - Starting to listen at: 50000 type: class com.almasb.fxgl.core.serialization.Bundle
12:57:43.465 [FXGL Background Thread 1 ] DEBUG TMXLevelLoader       - Parsed TiledMap: file:/C:/Users/Owner/Desktop/Sonic-rush/target/classes/assets/levels/mapazo.tmx
12:57:43.467 [FXGL Background Thread 1 ] DEBUG TMXLevelLoader       - Creating tile layer entities
12:57:43.470 [FXGL Background Thread 1 ] DEBUG TilesetLoader        - Loading view for layer Capa de patrones 1
12:57:43.511 [FXGL Background Thread 1 ] DEBUG TilesetLoader        - Created buffer with size 3840.0x720.0
12:57:43.615 [FXGL Background Thread 1 ] DEBUG TMXLevelLoader       - Creating object layer entities
12:57:43.730 [FXGL Background Thread 1 ] DEBUG GameWorld            - Clearing removable entities
12:57:43.735 [FXGL Background Thread 1 ] DEBUG GameWorld            - Setting level: com.almasb.fxgl.entity.level.Level@323b5596
12:57:43.928 [FXGL Background Thread 1 ] DEBUG FXGLAssetLoaderServi - Loading from file system: file:/C:/Users/Owner/Desktop/Sonic-rush/target/classes/assets/textures/Items/ring.png
12:57:44.018 [FXGL Background Thread 4 ] DEBUG FXGLAssetLoaderServi - Loading from file system: jar:file:/C:/Users/Owner/.m2/repository/com/github/almasb/fxgl/17.3/fxgl-17.3.jar!/fxglassets/ui/fonts/Abel-Regular.ttf
12:57:44.024 [FXGL Background Thread 4 ] DEBUG FXGLAssetLoaderServi - Loading from file system: jar:file:/C:/Users/Owner/.m2/repository/com/github/almasb/fxgl/17.3/fxgl-17.3.jar!/fxglassets/ui/fonts/TerminalLandMono-Regular.otf
12:57:44.032 [FXGL Background Thread 4 ] DEBUG FXGLAssetLoaderServi - Loading from file system: jar:file:/C:/Users/Owner/.m2/repository/com/github/almasb/fxgl/17.3/fxgl-17.3.jar!/fxglassets/ui/fonts/Courier-Prime.ttf
12:57:44.049 [JavaFX Application Thread] DEBUG FXGLApplication      - Registering font factories with UI factory
12:57:44.293 [FXGL Background Thread 1 ] DEBUG FXGLAssetLoaderServi - Loading from file system: file:/C:/Users/Owner/Desktop/Sonic-rush/target/classes/assets/textures/Enemigos/enemigo2.png
12:57:44.347 [FXGL Background Thread 1 ] DEBUG FXGLAssetLoaderServi - Loading from file system: file:/C:/Users/Owner/Desktop/Sonic-rush/target/classes/assets/textures/Items/basura.png
12:57:44.357 [FXGL Background Thread 1 ] DEBUG FXGLAssetLoaderServi - Loading from file system: file:/C:/Users/Owner/Desktop/Sonic-rush/target/classes/assets/textures/Items/papel.png
12:57:44.360 [FXGL Background Thread 1 ] DEBUG FXGLAssetLoaderServi - Loading from file system: file:/C:/Users/Owner/Desktop/Sonic-rush/target/classes/assets/textures/Items/caucho.png
12:57:44.376 [FXGL Background Thread 1 ] INFO  FXGLApplication      - Game initialization took: 1.262 sec
12:57:44.808 [JavaFX Application Thread] DEBUG Input                - Clearing active input actions
12:57:44.822 [JavaFX Application Thread] DEBUG GameApplicationServi - Removing overlay from FXGLLoadingScene and adding to GameScene
12:57:44.822 [JavaFX Application Thread] DEBUG PrimaryStageWindow   - FXGLLoadingScene -> GameScene
12:57:45.743 [FXGL Background Thread 3 ] DEBUG Engine               - Logging environment variables
12:57:45.751 [FXGL Background Thread 3 ] DEBUG Engine               - achievements: []
12:57:45.751 [FXGL Background Thread 3 ] DEBUG Engine               - actualHeight: 500.0
12:57:45.752 [FXGL Background Thread 3 ] DEBUG Engine               - actualHeightProperty: ReadOnlyDoubleProperty [value: 500.0]
12:57:45.752 [FXGL Background Thread 3 ] DEBUG Engine               - actualWidth: 800.0
12:57:45.753 [FXGL Background Thread 3 ] DEBUG Engine               - actualWidthProperty: ReadOnlyDoubleProperty [value: 800.0]
12:57:45.753 [FXGL Background Thread 3 ] DEBUG Engine               - appIcon: fxgl_icon.png
12:57:45.753 [FXGL Background Thread 3 ] DEBUG Engine               - applicationMode: DEVELOPER
12:57:45.753 [FXGL Background Thread 3 ] DEBUG Engine               - cSSList: [fxgl_dark.css]
12:57:45.753 [FXGL Background Thread 3 ] DEBUG Engine               - collisionDetectionStrategy: BRUTE_FORCE
12:57:45.753 [FXGL Background Thread 3 ] DEBUG Engine               - configClass: Optional.empty
12:57:45.753 [FXGL Background Thread 3 ] DEBUG Engine               - credits: []
12:57:45.756 [FXGL Background Thread 3 ] DEBUG Engine               - defaultCursor: CursorInfo(imageName=fxgl_default_cursor.png, hotspotX=7.0, hotspotY=6.0)
12:57:45.756 [FXGL Background Thread 3 ] DEBUG Engine               - devBBoxColorProperty: ObjectProperty [value: 0xff0000ff]
12:57:45.757 [FXGL Background Thread 3 ] DEBUG Engine               - devEnableDebugCameraProperty: BooleanProperty [value: false]
12:57:45.757 [FXGL Background Thread 3 ] DEBUG Engine               - devSensorColorProperty: ObjectProperty [value: 0xffff00ff]
12:57:45.757 [FXGL Background Thread 3 ] DEBUG Engine               - devShowBBoxProperty: BooleanProperty [value: false]
12:57:45.757 [FXGL Background Thread 3 ] DEBUG Engine               - devShowPositionProperty: BooleanProperty [value: false]
12:57:45.758 [FXGL Background Thread 3 ] DEBUG Engine               - enabledMenuItems: []
12:57:45.758 [FXGL Background Thread 3 ] DEBUG Engine               - engineServices: [class com.almasb.fxgl.app.services.FXGLAssetLoaderService, class com.almasb.fxgl.app.FXGLApplication$GameApplicationService, class com.almasb.fxgl.app.services.FXGLDialogService, class com.almasb.fxgl.app.services.IOTaskExecutorService, class com.almasb.fxgl.io.FileSystemService, class com.almasb.fxgl.localization.LocalizationService, class com.almasb.fxgl.app.services.SystemBundleService, class com.almasb.fxgl.profile.SaveLoadService, class com.almasb.fxgl.ui.FXGLUIFactoryServiceProvider, class com.almasb.fxgl.ui.FXGLDialogFactoryServiceProvider, class com.almasb.fxgl.audio.AudioPlayer, class com.almasb.fxgl.notification.impl.NotificationServiceProvider, class com.almasb.fxgl.achievement.AchievementService, class com.almasb.fxgl.cutscene.CutsceneService, class com.almasb.fxgl.minigames.MiniGameService, class com.almasb.fxgl.net.NetService, class com.almasb.fxgl.app.services.UpdaterService, class com.almasb.fxgl.dev.DevService, class com.almasb.fxgl.multiplayer.MultiplayerService]
12:57:45.758 [FXGL Background Thread 3 ] DEBUG Engine               - fontGame: Abel-Regular.ttf
12:57:45.758 [FXGL Background Thread 3 ] DEBUG Engine               - fontMono: TerminalLandMono-Regular.otf
12:57:45.759 [FXGL Background Thread 3 ] DEBUG Engine               - fontSizeScaleUI: 1.0
12:57:45.759 [FXGL Background Thread 3 ] DEBUG Engine               - fontText: Courier-Prime.ttf
12:57:45.759 [FXGL Background Thread 3 ] DEBUG Engine               - fontUI: VarelaRound-Regular.ttf
12:57:45.759 [FXGL Background Thread 3 ] DEBUG Engine               - fullScreen: BooleanProperty [value: false]
12:57:45.759 [FXGL Background Thread 3 ] DEBUG Engine               - gameDifficulty: MEDIUM
12:57:45.759 [FXGL Background Thread 3 ] DEBUG Engine               - gameDifficultyProperty: ObjectProperty [value: MEDIUM]
12:57:45.760 [FXGL Background Thread 3 ] DEBUG Engine               - globalMusicVolume: 0.5
12:57:45.760 [FXGL Background Thread 3 ] DEBUG Engine               - globalMusicVolumeProperty: DoubleProperty [value: 0.5]
12:57:45.760 [FXGL Background Thread 3 ] DEBUG Engine               - globalSoundVolume: 0.5
12:57:45.760 [FXGL Background Thread 3 ] DEBUG Engine               - globalSoundVolumeProperty: DoubleProperty [value: 0.5]
12:57:45.760 [FXGL Background Thread 3 ] DEBUG Engine               - height: 500
12:57:45.760 [FXGL Background Thread 3 ] DEBUG Engine               - is3D: false
12:57:45.761 [FXGL Background Thread 3 ] DEBUG Engine               - isAndroid: false
12:57:45.761 [FXGL Background Thread 3 ] DEBUG Engine               - isBrowser: false
12:57:45.761 [FXGL Background Thread 3 ] DEBUG Engine               - isClickFeedbackEnabled: false
12:57:45.761 [FXGL Background Thread 3 ] DEBUG Engine               - isCloseConfirmation: false
12:57:45.761 [FXGL Background Thread 3 ] DEBUG Engine               - isDesktop: true
12:57:45.761 [FXGL Background Thread 3 ] DEBUG Engine               - isDeveloperMenuEnabled: false
12:57:45.761 [FXGL Background Thread 3 ] DEBUG Engine               - isEmbedded: false
12:57:45.761 [FXGL Background Thread 3 ] DEBUG Engine               - isEntityPreloadEnabled: true
12:57:45.762 [FXGL Background Thread 3 ] DEBUG Engine               - isExperimentalTiledLargeMap: false
12:57:45.762 [FXGL Background Thread 3 ] DEBUG Engine               - isFileSystemWriteAllowed: true
12:57:45.762 [FXGL Background Thread 3 ] DEBUG Engine               - isFullScreenAllowed: false
12:57:45.762 [FXGL Background Thread 3 ] DEBUG Engine               - isFullScreenFromStart: false
12:57:45.762 [FXGL Background Thread 3 ] DEBUG Engine               - isGameMenuEnabled: true
12:57:45.762 [FXGL Background Thread 3 ] DEBUG Engine               - isIOS: false
12:57:45.762 [FXGL Background Thread 3 ] DEBUG Engine               - isIntroEnabled: false
12:57:45.763 [FXGL Background Thread 3 ] DEBUG Engine               - isLinux: false
12:57:45.763 [FXGL Background Thread 3 ] DEBUG Engine               - isMac: false
12:57:45.763 [FXGL Background Thread 3 ] DEBUG Engine               - isMainMenuEnabled: false
12:57:45.763 [FXGL Background Thread 3 ] DEBUG Engine               - isManualResizeEnabled: false
12:57:45.763 [FXGL Background Thread 3 ] DEBUG Engine               - isMobile: false
12:57:45.763 [FXGL Background Thread 3 ] DEBUG Engine               - isNative: false
12:57:45.763 [FXGL Background Thread 3 ] DEBUG Engine               - isPauseMusicWhenMinimized: true
12:57:45.763 [FXGL Background Thread 3 ] DEBUG Engine               - isPreserveResizeRatio: false
12:57:45.763 [FXGL Background Thread 3 ] DEBUG Engine               - isProfilingEnabled: false
12:57:45.763 [FXGL Background Thread 3 ] DEBUG Engine               - isScaleAffectedOnResize: true
12:57:45.764 [FXGL Background Thread 3 ] DEBUG Engine               - isSingleStep: false
12:57:45.764 [FXGL Background Thread 3 ] DEBUG Engine               - isUserProfileEnabled: false
12:57:45.764 [FXGL Background Thread 3 ] DEBUG Engine               - isWindows: true
12:57:45.764 [FXGL Background Thread 3 ] DEBUG Engine               - language: ObjectProperty [value: ENGLISH]
12:57:45.765 [FXGL Background Thread 3 ] DEBUG Engine               - menuKey: ESCAPE
12:57:45.765 [FXGL Background Thread 3 ] DEBUG Engine               - mouseSensitivity: 0.2
12:57:45.765 [FXGL Background Thread 3 ] DEBUG Engine               - notificationViewClass: class com.almasb.fxgl.notification.view.XboxNotificationView
12:57:45.765 [FXGL Background Thread 3 ] DEBUG Engine               - pixelsPerMeter: 50.0
12:57:45.767 [FXGL Background Thread 3 ] DEBUG Engine               - platform: WINDOWS
12:57:45.768 [FXGL Background Thread 3 ] DEBUG Engine               - prefHeightProperty: ReadOnlyDoubleProperty [value: 500.0]
12:57:45.769 [FXGL Background Thread 3 ] DEBUG Engine               - prefWidthProperty: ReadOnlyDoubleProperty [value: 800.0]
12:57:45.770 [FXGL Background Thread 3 ] DEBUG Engine               - profileDir: profiles/
12:57:45.770 [FXGL Background Thread 3 ] DEBUG Engine               - profileName: StringProperty [value: DEFAULT]
12:57:45.771 [FXGL Background Thread 3 ] DEBUG Engine               - randomSeed: -1
12:57:45.773 [FXGL Background Thread 3 ] DEBUG Engine               - runtimeInfo: RuntimeInfo(platform=WINDOWS, version=17.3, build=30.03.2023 11.49)
12:57:45.773 [FXGL Background Thread 3 ] DEBUG Engine               - saveFileExt: sav
12:57:45.773 [FXGL Background Thread 3 ] DEBUG Engine               - scaledHeightProp$fxgl: DoubleProperty [bound, value: 500.0]
12:57:45.773 [FXGL Background Thread 3 ] DEBUG Engine               - scaledWidthProp$fxgl: DoubleProperty [bound, value: 800.0]
12:57:45.773 [FXGL Background Thread 3 ] DEBUG Engine               - sceneFactory: com.almasb.fxgl.app.scene.SceneFactory@63c85afe
12:57:45.773 [FXGL Background Thread 3 ] DEBUG Engine               - secondsIn24h: 60
12:57:45.773 [FXGL Background Thread 3 ] DEBUG Engine               - soundMenuBack: menu/back.wav
12:57:45.774 [FXGL Background Thread 3 ] DEBUG Engine               - soundMenuPress: menu/press.wav
12:57:45.774 [FXGL Background Thread 3 ] DEBUG Engine               - soundMenuSelect: menu/select.wav
12:57:45.774 [FXGL Background Thread 3 ] DEBUG Engine               - soundNotification: core/notification.wav
12:57:45.774 [FXGL Background Thread 3 ] DEBUG Engine               - stageStyle: DECORATED
12:57:45.774 [FXGL Background Thread 3 ] DEBUG Engine               - supportedLanguages: [ENGLISH, FRENCH, GERMAN, HUNGARIAN, RUSSIAN]
12:57:45.774 [FXGL Background Thread 3 ] DEBUG Engine               - ticksPerSecond: -1
12:57:45.774 [FXGL Background Thread 3 ] DEBUG Engine               - title: Server
12:57:45.774 [FXGL Background Thread 3 ] DEBUG Engine               - urlGithub: https://github.com/AlmasB/FXGL
12:57:45.774 [FXGL Background Thread 3 ] DEBUG Engine               - urlLeaderboard: http://fxgl-top.herokuapp.com/
12:57:45.784 [FXGL Background Thread 3 ] DEBUG Engine               - urlPOM: https://raw.githubusercontent.com/AlmasB/FXGL/release/README.md
12:57:45.785 [FXGL Background Thread 3 ] DEBUG Engine               - userAppClass: class Runner.ServerRunner
12:57:45.785 [FXGL Background Thread 3 ] DEBUG Engine               - version: 0.0
12:57:45.786 [FXGL Background Thread 3 ] DEBUG Engine               - versionCheckDays: 7
12:57:45.787 [FXGL Background Thread 3 ] DEBUG Engine               - width: 800
12:57:45.787 [FXGL Background Thread 3 ] DEBUG Engine               - Logging services
12:57:45.788 [FXGL Background Thread 3 ] DEBUG Engine               - class com.almasb.fxgl.app.services.FXGLAssetLoaderService
12:57:45.789 [FXGL Background Thread 3 ] DEBUG Engine               - class com.almasb.fxgl.app.FXGLApplication$GameApplicationService
12:57:45.789 [FXGL Background Thread 3 ] DEBUG Engine               - class com.almasb.fxgl.app.services.FXGLDialogService
12:57:45.791 [FXGL Background Thread 3 ] DEBUG Engine               - class com.almasb.fxgl.app.services.IOTaskExecutorService
12:57:45.791 [FXGL Background Thread 3 ] DEBUG Engine               - class com.almasb.fxgl.io.FileSystemService
12:57:45.791 [FXGL Background Thread 3 ] DEBUG Engine               - class com.almasb.fxgl.localization.LocalizationService
12:57:45.792 [FXGL Background Thread 3 ] DEBUG Engine               - class com.almasb.fxgl.app.services.SystemBundleService
12:57:45.792 [FXGL Background Thread 3 ] DEBUG Engine               - class com.almasb.fxgl.profile.SaveLoadService
12:57:45.793 [FXGL Background Thread 3 ] DEBUG Engine               - class com.almasb.fxgl.ui.FXGLUIFactoryServiceProvider
12:57:45.793 [FXGL Background Thread 3 ] DEBUG Engine               - class com.almasb.fxgl.ui.FXGLDialogFactoryServiceProvider
12:57:45.794 [FXGL Background Thread 3 ] DEBUG Engine               - class com.almasb.fxgl.audio.AudioPlayer
12:57:45.794 [FXGL Background Thread 3 ] DEBUG Engine               - class com.almasb.fxgl.notification.impl.NotificationServiceProvider
12:57:45.795 [FXGL Background Thread 3 ] DEBUG Engine               - class com.almasb.fxgl.achievement.AchievementService
12:57:45.795 [FXGL Background Thread 3 ] DEBUG Engine               - class com.almasb.fxgl.cutscene.CutsceneService
12:57:45.796 [FXGL Background Thread 3 ] DEBUG Engine               - class com.almasb.fxgl.minigames.MiniGameService
12:57:45.796 [FXGL Background Thread 3 ] DEBUG Engine               - class com.almasb.fxgl.net.NetService
12:57:45.797 [FXGL Background Thread 3 ] DEBUG Engine               - class com.almasb.fxgl.app.services.UpdaterService
12:57:45.797 [FXGL Background Thread 3 ] DEBUG Engine               - class com.almasb.fxgl.dev.DevService
12:57:45.798 [FXGL Background Thread 3 ] DEBUG Engine               - class com.almasb.fxgl.multiplayer.MultiplayerService
12:57:46.915 [FXGL Background Thread 2 ] INFO  UpdaterService       - Your current version:  17.3
12:57:46.941 [FXGL Background Thread 2 ] INFO  UpdaterService       - Latest stable version: 21.1
12:58:21.806 [ServerAsyncConnThread    ] DEBUG Endpoint             - TCPServer opening new connection (1) from /127.0.0.1:50585 type: class com.almasb.fxgl.core.serialization.Bundle
12:58:21.812 [ServerAsyncConnThread    ] DEBUG Endpoint             - TCPServer successfully opened connection (1)
12:58:21.934 [TCPServer_RecvThread-1   ] DEBUG Readers              - Getting TCPMessageReader for class com.almasb.fxgl.core.serialization.Bundle
12:58:21.936 [TCPServer_SendThread-1   ] DEBUG Writers              - Getting TCPMessageWriter for class com.almasb.fxgl.core.serialization.Bundle
12:58:21.941 [TCPServer_RecvThread-1   ] DEBUG Readers              - Constructed MessageReader for class com.almasb.fxgl.core.serialization.Bundle: BundleTCPMessageReader
12:58:21.944 [TCPServer_SendThread-1   ] DEBUG Writers              - Constructed TCPMessageWriter for class com.almasb.fxgl.core.serialization.Bundle: BundleTCPMessageWriter
12:58:36.892 [JavaFX Application Thread] DEBUG LoopRunner           - Stopping loop
12:58:36.908 [JavaFX Application Thread] FATAL FXGLApplication      - Uncaught Exception:
java.lang.IllegalArgumentException: Component EnemyComponent not found!
	at com.almasb.fxgl.entity.Entity.getComponent(Entity.java:366)
	at GameSettings.ServerGameApp.handleRobotDamage(ServerGameApp.java:172)
	at GameSettings.ServerGameApp.lambda$2(ServerGameApp.java:128)
	at com.almasb.fxgl.net.Connection.lambda$notifyMessageReceived$1(Connection.java:97)
	at java.base/java.util.ArrayList.forEach(ArrayList.java:1511)
	at com.almasb.fxgl.net.Connection.lambda$notifyMessageReceived$2(Connection.java:97)
	at com.sun.javafx.application.PlatformImpl.lambda$runLater$10(PlatformImpl.java:456)
	at java.base/java.security.AccessController.doPrivileged(AccessController.java:399)
	at com.sun.javafx.application.PlatformImpl.lambda$runLater$11(PlatformImpl.java:455)
	at com.sun.glass.ui.InvokeLaterDispatcher$Future.run(InvokeLaterDispatcher.java:95)
	at com.sun.glass.ui.win.WinApplication._runLoop(Native Method)
	at com.sun.glass.ui.win.WinApplication.lambda$runLoop$3(WinApplication.java:185)
	at java.base/java.lang.Thread.run(Thread.java:842)

12:58:37.010 [JavaFX Application Thread] FATAL FXGLApplication      - Application will now exit
12:58:37.205 [JavaFX Application Thread] DEBUG PrimaryStageWindow   - Push state: ErrorSubScene
12:58:37.207 [JavaFX Application Thread] DEBUG Input                - Clearing active input actions
12:58:37.340 [JavaFX Application Thread] DEBUG GameApplicationServi - Removing overlay from GameScene and adding to ErrorSubScene
12:58:37.347 [JavaFX Application Thread] DEBUG PrimaryStageWindow   - GameScene -> ErrorSubScene
12:59:09.742 [ServerAsyncConnThread    ] DEBUG Endpoint             - TCPServer opening new connection (2) from /127.0.0.1:50601 type: class com.almasb.fxgl.core.serialization.Bundle
12:59:09.742 [ServerAsyncConnThread    ] DEBUG Endpoint             - TCPServer successfully opened connection (2)
12:59:09.756 [TCPServer_RecvThread-2   ] DEBUG Readers              - Getting TCPMessageReader for class com.almasb.fxgl.core.serialization.Bundle
12:59:09.756 [TCPServer_SendThread-2   ] DEBUG Writers              - Getting TCPMessageWriter for class com.almasb.fxgl.core.serialization.Bundle
12:59:09.757 [TCPServer_RecvThread-2   ] DEBUG Readers              - Constructed MessageReader for class com.almasb.fxgl.core.serialization.Bundle: BundleTCPMessageReader
12:59:09.760 [TCPServer_SendThread-2   ] DEBUG Writers              - Constructed TCPMessageWriter for class com.almasb.fxgl.core.serialization.Bundle: BundleTCPMessageWriter
12:59:36.761 [ServerAsyncConnThread    ] DEBUG Endpoint             - TCPServer opening new connection (3) from /127.0.0.1:50637 type: class com.almasb.fxgl.core.serialization.Bundle
12:59:36.761 [ServerAsyncConnThread    ] DEBUG Endpoint             - TCPServer successfully opened connection (3)
12:59:36.916 [TCPServer_SendThread-3   ] DEBUG Writers              - Getting TCPMessageWriter for class com.almasb.fxgl.core.serialization.Bundle
12:59:36.918 [TCPServer_SendThread-3   ] DEBUG Writers              - Constructed TCPMessageWriter for class com.almasb.fxgl.core.serialization.Bundle: BundleTCPMessageWriter
12:59:36.961 [TCPServer_RecvThread-3   ] DEBUG Readers              - Getting TCPMessageReader for class com.almasb.fxgl.core.serialization.Bundle
12:59:36.962 [TCPServer_RecvThread-3   ] DEBUG Readers              - Constructed MessageReader for class com.almasb.fxgl.core.serialization.Bundle: BundleTCPMessageReader
12:59:56.311 [TCPServer_RecvThread-1   ] DEBUG Endpoint             - Connection 1 was unexpectedly disconnected: Connection reset
12:59:56.311 [TCPServer_RecvThread-3   ] DEBUG Endpoint             - Connection 3 was unexpectedly disconnected: Connection reset
12:59:56.312 [TCPServer_RecvThread-1   ] DEBUG Connection           - Closing connection 1
12:59:56.312 [TCPServer_RecvThread-2   ] DEBUG Endpoint             - Connection 2 was unexpectedly disconnected: Connection reset
12:59:56.312 [TCPServer_RecvThread-2   ] DEBUG Connection           - Closing connection 2
12:59:56.313 [TCPServer_RecvThread-1   ] DEBUG Connection           - Connection 1 was correctly closed from local endpoint.
12:59:56.313 [TCPServer_RecvThread-2   ] DEBUG Connection           - Connection 2 was correctly closed from local endpoint.
12:59:56.313 [TCPServer_RecvThread-1   ] DEBUG Endpoint             - TCPServer connection (1) was closed
12:59:56.313 [TCPServer_RecvThread-2   ] DEBUG Endpoint             - TCPServer connection (2) was closed
12:59:56.313 [TCPServer_RecvThread-3   ] DEBUG Connection           - Closing connection 3
12:59:56.313 [TCPServer_RecvThread-3   ] DEBUG Connection           - Connection 3 was correctly closed from local endpoint.
12:59:56.313 [TCPServer_RecvThread-3   ] DEBUG Endpoint             - TCPServer connection (3) was closed
13:00:09.852 [JavaFX Application Thread] DEBUG FXGLApplication      - Exiting FXGL
13:00:09.853 [JavaFX Application Thread] DEBUG Async                - Shutting down background threads
13:00:09.860 [JavaFX Application Thread] DEBUG PrimaryStageWindow   - Closing main window
13:00:09.918 [JavaFX Application Thread] DEBUG Logger               - Closing Logger
