15:23:55.707 [main                     ] DEBUG Logger               - Configured Logger
15:23:55.859 [main                     ] DEBUG GameApplication      - Logging settings
Title: Jugador Sonic
Version: 0.0
Width: 1000
Height: 600
Fullscreen: false
Intro: false
Profiling: false
Single step:false
App Mode: DEVELOPER
Menu Key: ESCAPE
Stage Style: DECORATED
Scene Factory: class com.almasb.fxgl.app.scene.SceneFactory

15:23:56.877 [JavaFX Application Thread] DEBUG FXGLApplication      - Initializing FXGL
15:23:56.887 [JavaFX Application Thread] INFO  Engine               - FXGL-17.3 (30.03.2023 11.49) on WINDOWS (J:17.0.12 FX:20)
15:23:56.890 [JavaFX Application Thread] DEBUG Engine               - JRE Vendor Name: Oracle Corporation
15:23:56.892 [JavaFX Application Thread] DEBUG Engine               - Running on OS: Windows 10 version 10.0
15:23:56.892 [JavaFX Application Thread] DEBUG Engine               - Architecture: amd64
15:23:56.892 [JavaFX Application Thread] INFO  Engine               - Source code and latest versions at: https://github.com/AlmasB/FXGL
15:23:56.894 [JavaFX Application Thread] INFO  Engine               -       Ask questions and discuss at: https://github.com/AlmasB/FXGL/discussions
15:23:56.898 [JavaFX Application Thread] INFO  Engine               -              Join the FXGL chat at: https://gitter.im/AlmasB/FXGL
15:23:57.286 [JavaFX Application Thread] DEBUG PrimaryStageWindow   - Creating a JavaFX scene
15:23:57.378 [JavaFX Application Thread] DEBUG PrimaryStageWindow   - Target settings size: 1000.0 x 600.0
15:23:57.379 [JavaFX Application Thread] DEBUG PrimaryStageWindow   - Scaled scene size:    1000.0 x 600.0
15:23:57.379 [JavaFX Application Thread] DEBUG PrimaryStageWindow   - Scaled ratio: (1.0, 1.0)
15:23:57.381 [JavaFX Application Thread] DEBUG PrimaryStageWindow   - Set initial scene to FXGLStartupScene
15:23:57.390 [JavaFX Application Thread] DEBUG PrimaryStageWindow   - Opening main window
15:23:57.512 [JavaFX Application Thread] DEBUG PrimaryStageWindow   - Window border size: (14.4000244140625, 37.5999755859375)
15:23:57.512 [JavaFX Application Thread] DEBUG PrimaryStageWindow   - Scaled size: 1000.0 x 600.0
15:23:57.513 [JavaFX Application Thread] DEBUG PrimaryStageWindow   - Scaled ratio: (1.0, 1.0)
15:23:57.514 [JavaFX Application Thread] DEBUG PrimaryStageWindow   - Scene size: 1000.0 x 600.0
15:23:57.514 [JavaFX Application Thread] DEBUG PrimaryStageWindow   - Stage size: 1014.4000244140625 x 637.5999755859375
15:23:57.535 [FXGL Background Thread 1 ] DEBUG Engine               - Initializing environment variables
15:23:57.626 [FXGL Background Thread 1 ] DEBUG FXGLAssetLoaderServi - User app class for loading assets: class Runner.ClientRunner
15:23:57.627 [FXGL Background Thread 1 ] DEBUG GameApplicationServi - Applying CSS: fxgl_dark.css
15:23:57.629 [FXGL Background Thread 1 ] DEBUG FXGLAssetLoaderServi - Loading from file system: jar:file:/C:/Users/Owner/.m2/repository/com/github/almasb/fxgl/17.3/fxgl-17.3.jar!/fxglassets/ui/css/fxgl_dark.css
15:23:58.010 [FXGL Background Thread 1 ] DEBUG GameApplicationServi - Initializing application scenes
15:23:58.357 [FXGL Background Thread 1 ] DEBUG GameWorld            - Game world initialized
15:23:58.647 [FXGL Background Thread 1 ] DEBUG PhysicsWorld         - Physics world initialized: appHeight=600, physics.ppm=50.0
15:23:58.649 [FXGL Background Thread 1 ] DEBUG PhysicsWorld         - Using strategy: BRUTE_FORCE
15:23:58.681 [FXGL Background Thread 1 ] DEBUG GameScene            - Game scene initialized: 1000x600
15:23:58.769 [FXGL Background Thread 1 ] DEBUG FXGL.DefaultMenu     - createMenuBodyGameMenu()
15:23:58.927 [FXGL Background Thread 1 ] DEBUG FXGL.DefaultMenu     - createOptionsMenu()
15:23:59.034 [FXGL Background Thread 1 ] DEBUG FXGLAssetLoaderServi - Loading from file system: jar:file:/C:/Users/Owner/.m2/repository/com/github/almasb/fxgl/17.3/fxgl-17.3.jar!/fxglassets/textures/particles/smoke.png
15:23:59.469 [FXGL Background Thread 1 ] DEBUG FXGLAssetLoaderServi - Loading from file system: jar:file:/C:/Users/Owner/.m2/repository/com/github/almasb/fxgl/17.3/fxgl-17.3.jar!/fxglassets/textures/particles/trace_horizontal.png
15:23:59.554 [FXGL Background Thread 1 ] DEBUG GameApplicationServi - Application scenes initialized
15:23:59.611 [FXGL Background Thread 1 ] DEBUG SystemBundleService  - Loading FXGL system data
15:23:59.623 [FXGL Background Thread 1 ] DEBUG FileSystemAccess     - Reading from: C:\Users\Owner\Desktop\Sonic-rush\system\fxgl.bundle
15:23:59.639 [FXGL Background Thread 1 ] DEBUG SystemBundleService  - Bundle FXGL: {}
15:23:59.639 [FXGL Background Thread 1 ] DEBUG UpdaterService       - Checking for updates
15:23:59.692 [FXGL Background Thread 1 ] DEBUG FXGLApplication      - Loading default localization
15:23:59.694 [FXGL Background Thread 1 ] DEBUG FXGLAssetLoaderServi - Loading from file system: jar:file:/C:/Users/Owner/.m2/repository/com/github/almasb/fxgl/17.3/fxgl-17.3.jar!/fxglassets/languages/english.lang
15:23:59.775 [FXGL Background Thread 1 ] INFO  FXGLApplication      - FXGL initialization took: 2.240 sec
15:23:59.937 [FXGL Background Thread 4 ] DEBUG FXGLApplication      - Loading fonts
15:23:59.940 [FXGL Background Thread 4 ] DEBUG FXGLAssetLoaderServi - Loading from file system: jar:file:/C:/Users/Owner/.m2/repository/com/github/almasb/fxgl/17.3/fxgl-17.3.jar!/fxglassets/ui/fonts/VarelaRound-Regular.ttf
15:24:00.017 [JavaFX Application Thread] DEBUG Input                - Registered new binding: Mover a la izquierda - A
15:24:00.018 [JavaFX Application Thread] DEBUG Input                - Registered new binding: Mover a la derecha - D
15:24:00.018 [JavaFX Application Thread] DEBUG Input                - Registered new binding: Saltar - W
15:24:00.019 [JavaFX Application Thread] DEBUG Input                - Registered new binding: Interactuar - E
15:24:00.019 [JavaFX Application Thread] DEBUG Input                - Registered new binding: Transformar - P
15:24:00.019 [JavaFX Application Thread] DEBUG Input                - Registered new binding: Desactivar filtro - L
15:24:00.023 [JavaFX Application Thread] DEBUG FXGLAssetLoaderServi - Loading from file system: jar:file:/C:/Users/Owner/.m2/repository/com/github/almasb/fxgl/17.3/fxgl-17.3.jar!/fxglassets/textures/fxgl_icon.png
15:24:00.154 [JavaFX Application Thread] DEBUG FXGLAssetLoaderServi - Loading from file system: jar:file:/C:/Users/Owner/.m2/repository/com/github/almasb/fxgl/17.3/fxgl-17.3.jar!/fxglassets/textures/fxgl_default_cursor.png
15:24:00.166 [JavaFX Application Thread] DEBUG Input                - Registered new binding: Screenshot - CTRL+8
15:24:00.168 [JavaFX Application Thread] DEBUG Input                - Registered new binding: System info dump - CTRL+9
15:24:00.169 [JavaFX Application Thread] DEBUG Input                - Registered new binding: Restart - CTRL+R
15:24:00.191 [JavaFX Application Thread] DEBUG Input                - Registered new binding: Toggle Debug Camera - CTRL+7
15:24:00.199 [JavaFX Application Thread] DEBUG LoopRunner           - Starting loop
15:24:00.200 [JavaFX Application Thread] DEBUG LoopRunner           - Initializing JavaFX AnimationTimerLoop
15:24:00.202 [JavaFX Application Thread] DEBUG GameApplicationServi - Starting new game
15:24:00.204 [JavaFX Application Thread] DEBUG Input                - Clearing active input actions
15:24:00.227 [JavaFX Application Thread] DEBUG GameApplicationServi - Removing overlay from FXGLStartupScene and adding to FXGLLoadingScene
15:24:00.228 [JavaFX Application Thread] DEBUG PrimaryStageWindow   - FXGLStartupScene -> FXGLLoadingScene
15:24:00.228 [JavaFX Application Thread] DEBUG GameApplicationServi - Clearing previous game
15:24:00.228 [JavaFX Application Thread] DEBUG GameScene            - Clearing game scene
15:24:00.228 [JavaFX Application Thread] DEBUG GameWorld            - Clearing game world
15:24:00.228 [JavaFX Application Thread] DEBUG PhysicsWorld         - Clearing physics world
15:24:00.230 [FXGL Background Thread 1 ] DEBUG FXGLApplication      - Initializing game
15:24:00.248 [FXGL Background Thread 1 ] DEBUG FXGLAssetLoaderServi - Loading from file system: file:/C:/Users/Owner/Desktop/Sonic-rush/target/classes/assets/music/OST2.mp3
15:24:01.239 [FXGL Background Thread 4 ] DEBUG FXGLAssetLoaderServi - Loading from file system: jar:file:/C:/Users/Owner/.m2/repository/com/github/almasb/fxgl/17.3/fxgl-17.3.jar!/fxglassets/ui/fonts/Abel-Regular.ttf
15:24:01.247 [FXGL Background Thread 4 ] DEBUG FXGLAssetLoaderServi - Loading from file system: jar:file:/C:/Users/Owner/.m2/repository/com/github/almasb/fxgl/17.3/fxgl-17.3.jar!/fxglassets/ui/fonts/TerminalLandMono-Regular.otf
15:24:01.260 [FXGL Background Thread 4 ] DEBUG FXGLAssetLoaderServi - Loading from file system: jar:file:/C:/Users/Owner/.m2/repository/com/github/almasb/fxgl/17.3/fxgl-17.3.jar!/fxglassets/ui/fonts/Courier-Prime.ttf
15:24:01.296 [JavaFX Application Thread] DEBUG FXGLApplication      - Registering font factories with UI factory
15:24:01.608 [FXGL Background Thread 1 ] DEBUG AudioPlayer          - Playing music com.almasb.fxgl.audio.Music@77b8f6ee
15:24:01.617 [FXGL Background Thread 1 ] INFO  FXGLApplication      - Game initialization took: 1.386 sec
15:24:02.125 [FXGL Background Thread 2 ] INFO  UpdaterService       - Your current version:  17.3
15:24:02.126 [JavaFX Application Thread] DEBUG Input                - Clearing active input actions
15:24:02.142 [JavaFX Application Thread] DEBUG GameApplicationServi - Removing overlay from FXGLLoadingScene and adding to GameScene
15:24:02.143 [JavaFX Application Thread] DEBUG PrimaryStageWindow   - FXGLLoadingScene -> GameScene
15:24:02.193 [FXGL Background Thread 2 ] INFO  UpdaterService       - Latest stable version: 21.1
15:24:02.649 [FXGL Background Thread 3 ] DEBUG Engine               - Logging environment variables
15:24:02.651 [FXGL Background Thread 3 ] DEBUG Engine               - achievements: []
15:24:02.651 [FXGL Background Thread 3 ] DEBUG Engine               - actualHeight: 600.0
15:24:02.652 [FXGL Background Thread 3 ] DEBUG Engine               - actualHeightProperty: ReadOnlyDoubleProperty [value: 600.0]
15:24:02.652 [FXGL Background Thread 3 ] DEBUG Engine               - actualWidth: 1000.0
15:24:02.652 [FXGL Background Thread 3 ] DEBUG Engine               - actualWidthProperty: ReadOnlyDoubleProperty [value: 1000.0]
15:24:02.653 [FXGL Background Thread 3 ] DEBUG Engine               - appIcon: fxgl_icon.png
15:24:02.653 [FXGL Background Thread 3 ] DEBUG Engine               - applicationMode: DEVELOPER
15:24:02.654 [FXGL Background Thread 3 ] DEBUG Engine               - cSSList: [fxgl_dark.css]
15:24:02.654 [FXGL Background Thread 3 ] DEBUG Engine               - collisionDetectionStrategy: BRUTE_FORCE
15:24:02.654 [FXGL Background Thread 3 ] DEBUG Engine               - configClass: Optional.empty
15:24:02.654 [FXGL Background Thread 3 ] DEBUG Engine               - credits: []
15:24:02.655 [FXGL Background Thread 3 ] DEBUG Engine               - defaultCursor: CursorInfo(imageName=fxgl_default_cursor.png, hotspotX=7.0, hotspotY=6.0)
15:24:02.656 [FXGL Background Thread 3 ] DEBUG Engine               - devBBoxColorProperty: ObjectProperty [value: 0xff0000ff]
15:24:02.656 [FXGL Background Thread 3 ] DEBUG Engine               - devEnableDebugCameraProperty: BooleanProperty [value: false]
15:24:02.659 [FXGL Background Thread 3 ] DEBUG Engine               - devSensorColorProperty: ObjectProperty [value: 0xffff00ff]
15:24:02.661 [FXGL Background Thread 3 ] DEBUG Engine               - devShowBBoxProperty: BooleanProperty [value: false]
15:24:02.661 [FXGL Background Thread 3 ] DEBUG Engine               - devShowPositionProperty: BooleanProperty [value: false]
15:24:02.662 [FXGL Background Thread 3 ] DEBUG Engine               - enabledMenuItems: []
15:24:02.662 [FXGL Background Thread 3 ] DEBUG Engine               - engineServices: [class com.almasb.fxgl.app.services.FXGLAssetLoaderService, class com.almasb.fxgl.app.FXGLApplication$GameApplicationService, class com.almasb.fxgl.app.services.FXGLDialogService, class com.almasb.fxgl.app.services.IOTaskExecutorService, class com.almasb.fxgl.io.FileSystemService, class com.almasb.fxgl.localization.LocalizationService, class com.almasb.fxgl.app.services.SystemBundleService, class com.almasb.fxgl.profile.SaveLoadService, class com.almasb.fxgl.ui.FXGLUIFactoryServiceProvider, class com.almasb.fxgl.ui.FXGLDialogFactoryServiceProvider, class com.almasb.fxgl.audio.AudioPlayer, class com.almasb.fxgl.notification.impl.NotificationServiceProvider, class com.almasb.fxgl.achievement.AchievementService, class com.almasb.fxgl.cutscene.CutsceneService, class com.almasb.fxgl.minigames.MiniGameService, class com.almasb.fxgl.net.NetService, class com.almasb.fxgl.app.services.UpdaterService, class com.almasb.fxgl.dev.DevService, class com.almasb.fxgl.multiplayer.MultiplayerService]
15:24:02.662 [FXGL Background Thread 3 ] DEBUG Engine               - fontGame: Abel-Regular.ttf
15:24:02.662 [FXGL Background Thread 3 ] DEBUG Engine               - fontMono: TerminalLandMono-Regular.otf
15:24:02.662 [FXGL Background Thread 3 ] DEBUG Engine               - fontSizeScaleUI: 1.0
15:24:02.662 [FXGL Background Thread 3 ] DEBUG Engine               - fontText: Courier-Prime.ttf
15:24:02.662 [FXGL Background Thread 3 ] DEBUG Engine               - fontUI: VarelaRound-Regular.ttf
15:24:02.663 [FXGL Background Thread 3 ] DEBUG Engine               - fullScreen: BooleanProperty [value: false]
15:24:02.663 [FXGL Background Thread 3 ] DEBUG Engine               - gameDifficulty: MEDIUM
15:24:02.663 [FXGL Background Thread 3 ] DEBUG Engine               - gameDifficultyProperty: ObjectProperty [value: MEDIUM]
15:24:02.663 [FXGL Background Thread 3 ] DEBUG Engine               - globalMusicVolume: 0.5
15:24:02.663 [FXGL Background Thread 3 ] DEBUG Engine               - globalMusicVolumeProperty: DoubleProperty [value: 0.5]
15:24:02.663 [FXGL Background Thread 3 ] DEBUG Engine               - globalSoundVolume: 0.5
15:24:02.663 [FXGL Background Thread 3 ] DEBUG Engine               - globalSoundVolumeProperty: DoubleProperty [value: 0.5]
15:24:02.663 [FXGL Background Thread 3 ] DEBUG Engine               - height: 600
15:24:02.664 [FXGL Background Thread 3 ] DEBUG Engine               - is3D: false
15:24:02.664 [FXGL Background Thread 3 ] DEBUG Engine               - isAndroid: false
15:24:02.664 [FXGL Background Thread 3 ] DEBUG Engine               - isBrowser: false
15:24:02.664 [FXGL Background Thread 3 ] DEBUG Engine               - isClickFeedbackEnabled: false
15:24:02.664 [FXGL Background Thread 3 ] DEBUG Engine               - isCloseConfirmation: false
15:24:02.664 [FXGL Background Thread 3 ] DEBUG Engine               - isDesktop: true
15:24:02.664 [FXGL Background Thread 3 ] DEBUG Engine               - isDeveloperMenuEnabled: false
15:24:02.664 [FXGL Background Thread 3 ] DEBUG Engine               - isEmbedded: false
15:24:02.664 [FXGL Background Thread 3 ] DEBUG Engine               - isEntityPreloadEnabled: true
15:24:02.665 [FXGL Background Thread 3 ] DEBUG Engine               - isExperimentalTiledLargeMap: false
15:24:02.665 [FXGL Background Thread 3 ] DEBUG Engine               - isFileSystemWriteAllowed: true
15:24:02.665 [FXGL Background Thread 3 ] DEBUG Engine               - isFullScreenAllowed: false
15:24:02.665 [FXGL Background Thread 3 ] DEBUG Engine               - isFullScreenFromStart: false
15:24:02.665 [FXGL Background Thread 3 ] DEBUG Engine               - isGameMenuEnabled: true
15:24:02.665 [FXGL Background Thread 3 ] DEBUG Engine               - isIOS: false
15:24:02.665 [FXGL Background Thread 3 ] DEBUG Engine               - isIntroEnabled: false
15:24:02.665 [FXGL Background Thread 3 ] DEBUG Engine               - isLinux: false
15:24:02.665 [FXGL Background Thread 3 ] DEBUG Engine               - isMac: false
15:24:02.666 [FXGL Background Thread 3 ] DEBUG Engine               - isMainMenuEnabled: false
15:24:02.666 [FXGL Background Thread 3 ] DEBUG Engine               - isManualResizeEnabled: false
15:24:02.666 [FXGL Background Thread 3 ] DEBUG Engine               - isMobile: false
15:24:02.666 [FXGL Background Thread 3 ] DEBUG Engine               - isNative: false
15:24:02.666 [FXGL Background Thread 3 ] DEBUG Engine               - isPauseMusicWhenMinimized: true
15:24:02.666 [FXGL Background Thread 3 ] DEBUG Engine               - isPreserveResizeRatio: false
15:24:02.666 [FXGL Background Thread 3 ] DEBUG Engine               - isProfilingEnabled: false
15:24:02.666 [FXGL Background Thread 3 ] DEBUG Engine               - isScaleAffectedOnResize: true
15:24:02.666 [FXGL Background Thread 3 ] DEBUG Engine               - isSingleStep: false
15:24:02.667 [FXGL Background Thread 3 ] DEBUG Engine               - isUserProfileEnabled: false
15:24:02.667 [FXGL Background Thread 3 ] DEBUG Engine               - isWindows: true
15:24:02.667 [FXGL Background Thread 3 ] DEBUG Engine               - language: ObjectProperty [value: ENGLISH]
15:24:02.667 [FXGL Background Thread 3 ] DEBUG Engine               - menuKey: ESCAPE
15:24:02.667 [FXGL Background Thread 3 ] DEBUG Engine               - mouseSensitivity: 0.2
15:24:02.667 [FXGL Background Thread 3 ] DEBUG Engine               - notificationViewClass: class com.almasb.fxgl.notification.view.XboxNotificationView
15:24:02.667 [FXGL Background Thread 3 ] DEBUG Engine               - pixelsPerMeter: 50.0
15:24:02.667 [FXGL Background Thread 3 ] DEBUG Engine               - platform: WINDOWS
15:24:02.668 [FXGL Background Thread 3 ] DEBUG Engine               - prefHeightProperty: ReadOnlyDoubleProperty [value: 600.0]
15:24:02.668 [FXGL Background Thread 3 ] DEBUG Engine               - prefWidthProperty: ReadOnlyDoubleProperty [value: 1000.0]
15:24:02.669 [FXGL Background Thread 3 ] DEBUG Engine               - profileDir: profiles/
15:24:02.669 [FXGL Background Thread 3 ] DEBUG Engine               - profileName: StringProperty [value: DEFAULT]
15:24:02.669 [FXGL Background Thread 3 ] DEBUG Engine               - randomSeed: -1
15:24:02.671 [FXGL Background Thread 3 ] DEBUG Engine               - runtimeInfo: RuntimeInfo(platform=WINDOWS, version=17.3, build=30.03.2023 11.49)
15:24:02.671 [FXGL Background Thread 3 ] DEBUG Engine               - saveFileExt: sav
15:24:02.671 [FXGL Background Thread 3 ] DEBUG Engine               - scaledHeightProp$fxgl: DoubleProperty [bound, value: 600.0]
15:24:02.672 [FXGL Background Thread 3 ] DEBUG Engine               - scaledWidthProp$fxgl: DoubleProperty [bound, value: 1000.0]
15:24:02.673 [FXGL Background Thread 3 ] DEBUG Engine               - sceneFactory: com.almasb.fxgl.app.scene.SceneFactory@2144c25
15:24:02.673 [FXGL Background Thread 3 ] DEBUG Engine               - secondsIn24h: 60
15:24:02.673 [FXGL Background Thread 3 ] DEBUG Engine               - soundMenuBack: menu/back.wav
15:24:02.673 [FXGL Background Thread 3 ] DEBUG Engine               - soundMenuPress: menu/press.wav
15:24:02.673 [FXGL Background Thread 3 ] DEBUG Engine               - soundMenuSelect: menu/select.wav
15:24:02.674 [FXGL Background Thread 3 ] DEBUG Engine               - soundNotification: core/notification.wav
15:24:02.674 [FXGL Background Thread 3 ] DEBUG Engine               - stageStyle: DECORATED
15:24:02.674 [FXGL Background Thread 3 ] DEBUG Engine               - supportedLanguages: [ENGLISH, FRENCH, GERMAN, HUNGARIAN, RUSSIAN]
15:24:02.674 [FXGL Background Thread 3 ] DEBUG Engine               - ticksPerSecond: -1
15:24:02.674 [FXGL Background Thread 3 ] DEBUG Engine               - title: Jugador Sonic
15:24:02.674 [FXGL Background Thread 3 ] DEBUG Engine               - urlGithub: https://github.com/AlmasB/FXGL
15:24:02.674 [FXGL Background Thread 3 ] DEBUG Engine               - urlLeaderboard: http://fxgl-top.herokuapp.com/
15:24:02.675 [FXGL Background Thread 3 ] DEBUG Engine               - urlPOM: https://raw.githubusercontent.com/AlmasB/FXGL/release/README.md
15:24:02.675 [FXGL Background Thread 3 ] DEBUG Engine               - userAppClass: class Runner.ClientRunner
15:24:02.675 [FXGL Background Thread 3 ] DEBUG Engine               - version: 0.0
15:24:02.675 [FXGL Background Thread 3 ] DEBUG Engine               - versionCheckDays: 7
15:24:02.675 [FXGL Background Thread 3 ] DEBUG Engine               - width: 1000
15:24:02.675 [FXGL Background Thread 3 ] DEBUG Engine               - Logging services
15:24:02.675 [FXGL Background Thread 3 ] DEBUG Engine               - class com.almasb.fxgl.app.services.FXGLAssetLoaderService
15:24:02.676 [FXGL Background Thread 3 ] DEBUG Engine               - class com.almasb.fxgl.app.FXGLApplication$GameApplicationService
15:24:02.676 [FXGL Background Thread 3 ] DEBUG Engine               - class com.almasb.fxgl.app.services.FXGLDialogService
15:24:02.676 [FXGL Background Thread 3 ] DEBUG Engine               - class com.almasb.fxgl.app.services.IOTaskExecutorService
15:24:02.676 [FXGL Background Thread 3 ] DEBUG Engine               - class com.almasb.fxgl.io.FileSystemService
15:24:02.676 [FXGL Background Thread 3 ] DEBUG Engine               - class com.almasb.fxgl.localization.LocalizationService
15:24:02.676 [FXGL Background Thread 3 ] DEBUG Engine               - class com.almasb.fxgl.app.services.SystemBundleService
15:24:02.676 [FXGL Background Thread 3 ] DEBUG Engine               - class com.almasb.fxgl.profile.SaveLoadService
15:24:02.677 [FXGL Background Thread 3 ] DEBUG Engine               - class com.almasb.fxgl.ui.FXGLUIFactoryServiceProvider
15:24:02.677 [FXGL Background Thread 3 ] DEBUG Engine               - class com.almasb.fxgl.ui.FXGLDialogFactoryServiceProvider
15:24:02.677 [FXGL Background Thread 3 ] DEBUG Engine               - class com.almasb.fxgl.audio.AudioPlayer
15:24:02.677 [FXGL Background Thread 3 ] DEBUG Engine               - class com.almasb.fxgl.notification.impl.NotificationServiceProvider
15:24:02.677 [FXGL Background Thread 3 ] DEBUG Engine               - class com.almasb.fxgl.achievement.AchievementService
15:24:02.677 [FXGL Background Thread 3 ] DEBUG Engine               - class com.almasb.fxgl.cutscene.CutsceneService
15:24:02.677 [FXGL Background Thread 3 ] DEBUG Engine               - class com.almasb.fxgl.minigames.MiniGameService
15:24:02.677 [FXGL Background Thread 3 ] DEBUG Engine               - class com.almasb.fxgl.net.NetService
15:24:02.677 [FXGL Background Thread 3 ] DEBUG Engine               - class com.almasb.fxgl.app.services.UpdaterService
15:24:02.677 [FXGL Background Thread 3 ] DEBUG Engine               - class com.almasb.fxgl.dev.DevService
15:24:02.677 [FXGL Background Thread 3 ] DEBUG Engine               - class com.almasb.fxgl.multiplayer.MultiplayerService
15:24:04.821 [JavaFX Application Thread] DEBUG FXGLAssetLoaderServi - Loading from file system: file:/C:/Users/Owner/Desktop/Sonic-rush/target/classes/assets/textures/fondo.png
15:24:05.312 [JavaFX Application Thread] DEBUG TMXLevelLoader       - Parsed TiledMap: file:/C:/Users/Owner/Desktop/Sonic-rush/target/classes/assets/levels/mapazo.tmx
15:24:05.314 [JavaFX Application Thread] DEBUG TMXLevelLoader       - Creating tile layer entities
15:24:05.317 [JavaFX Application Thread] DEBUG TilesetLoader        - Loading view for layer Capa de patrones 1
15:24:05.326 [JavaFX Application Thread] DEBUG TilesetLoader        - Created buffer with size 3840.0x720.0
15:24:05.395 [JavaFX Application Thread] DEBUG TMXLevelLoader       - Creating object layer entities
15:24:05.430 [JavaFX Application Thread] DEBUG GameWorld            - Clearing removable entities
15:24:05.433 [JavaFX Application Thread] DEBUG GameWorld            - Setting level: com.almasb.fxgl.entity.level.Level@174affa8
15:24:05.455 [JavaFX Application Thread] DEBUG FXGLAssetLoaderServi - Loading from file system: file:/C:/Users/Owner/Desktop/Sonic-rush/target/classes/assets/textures/Enemigos/eggman2.png
15:24:05.496 [ClientAsyncConnThread    ] DEBUG TCPClient            - Connecting to localhost:55555 type: class com.almasb.fxgl.core.serialization.Bundle
15:24:05.498 [ClientAsyncConnThread    ] DEBUG TCPClient            - Created socket to localhost:55555
15:24:05.513 [ClientAsyncConnThread    ] DEBUG Endpoint             - TCPClient opening new connection (1) from localhost/127.0.0.1:55555 type: class com.almasb.fxgl.core.serialization.Bundle
15:24:05.515 [ClientAsyncConnThread    ] DEBUG Endpoint             - TCPClient successfully opened connection (1)
15:24:05.561 [TCPClient_SendThread-1   ] DEBUG Writers              - Getting TCPMessageWriter for class com.almasb.fxgl.core.serialization.Bundle
15:24:05.562 [TCPClient_RecvThread-1   ] DEBUG Readers              - Getting TCPMessageReader for class com.almasb.fxgl.core.serialization.Bundle
15:24:05.563 [TCPClient_SendThread-1   ] DEBUG Writers              - Constructed TCPMessageWriter for class com.almasb.fxgl.core.serialization.Bundle: BundleTCPMessageWriter
15:24:05.581 [TCPClient_RecvThread-1   ] DEBUG Readers              - Constructed MessageReader for class com.almasb.fxgl.core.serialization.Bundle: BundleTCPMessageReader
15:24:05.711 [JavaFX Application Thread] DEBUG FXGLAssetLoaderServi - Loading from file system: file:/C:/Users/Owner/Desktop/Sonic-rush/target/classes/assets/textures/Items/ring.png
15:24:05.783 [JavaFX Application Thread] DEBUG FXGLAssetLoaderServi - Loading from file system: file:/C:/Users/Owner/Desktop/Sonic-rush/target/classes/assets/textures/Items/basura.png
15:24:05.786 [JavaFX Application Thread] DEBUG FXGLAssetLoaderServi - Loading from file system: file:/C:/Users/Owner/Desktop/Sonic-rush/target/classes/assets/textures/Items/papel.png
15:24:05.826 [JavaFX Application Thread] DEBUG FXGLAssetLoaderServi - Loading from file system: file:/C:/Users/Owner/Desktop/Sonic-rush/target/classes/assets/textures/Items/caucho.png
15:24:05.832 [JavaFX Application Thread] DEBUG FXGLAssetLoaderServi - Loading from file system: file:/C:/Users/Owner/Desktop/Sonic-rush/target/classes/assets/textures/Enemigos/enemigo.png
15:24:05.959 [JavaFX Application Thread] DEBUG FXGLAssetLoaderServi - Loading from file system: file:/C:/Users/Owner/Desktop/Sonic-rush/target/classes/assets/textures/Personajes/sonic.png
15:24:05.965 [JavaFX Application Thread] DEBUG FXGLAssetLoaderServi - Loading from file system: file:/C:/Users/Owner/Desktop/Sonic-rush/target/classes/assets/textures/Personajes/sonic_camina.png
15:24:05.968 [JavaFX Application Thread] DEBUG FXGLAssetLoaderServi - Loading from file system: file:/C:/Users/Owner/Desktop/Sonic-rush/target/classes/assets/textures/Personajes/super_sonic.png
15:24:07.989 [JavaFX Application Thread] DEBUG FXGLAssetLoaderServi - Loading from file system: file:/C:/Users/Owner/Desktop/Sonic-rush/target/classes/assets/sounds/recoger.wav
15:24:08.056 [JavaFX Application Thread] DEBUG FXGLAssetLoaderServi - Loading from file system: file:/C:/Users/Owner/Desktop/Sonic-rush/target/classes/assets/sounds/salto.wav
15:24:21.741 [JavaFX Application Thread] DEBUG FXGLApplication      - Exiting FXGL
15:24:21.741 [JavaFX Application Thread] DEBUG LoopRunner           - Stopping loop
15:24:21.741 [JavaFX Application Thread] DEBUG SystemBundleService  - Saving FXGL system data
15:24:21.744 [JavaFX Application Thread] DEBUG FileSystemAccess     - Writing to: C:\Users\Owner\Desktop\Sonic-rush\system\fxgl.bundle
15:24:21.751 [JavaFX Application Thread] DEBUG Async                - Shutting down background threads
15:24:21.753 [JavaFX Application Thread] DEBUG PrimaryStageWindow   - Closing main window
15:24:21.792 [JavaFX Application Thread] DEBUG Logger               - Closing Logger
