00:25:58.607 [main                     ] DEBUG Logger               - Configured Logger
00:25:58.807 [main                     ] DEBUG GameApplication      - Logging settings
Title: Jugador Sonic
Version: 0.0
Width: 1000
Height: 600
Fullscreen: false
Intro: false
Profiling: false
Single step:false
App Mode: DEVELOPER
Menu Key: ESCAPE
Stage Style: DECORATED
Scene Factory: class com.almasb.fxgl.app.scene.SceneFactory

00:25:59.654 [JavaFX Application Thread] DEBUG FXGLApplication      - Initializing FXGL
00:25:59.666 [JavaFX Application Thread] INFO  Engine               - FXGL-17.3 (30.03.2023 11.49) on WINDOWS (J:17.0.12 FX:20)
00:25:59.668 [JavaFX Application Thread] DEBUG Engine               - JRE Vendor Name: Oracle Corporation
00:25:59.668 [JavaFX Application Thread] DEBUG Engine               - Running on OS: Windows 10 version 10.0
00:25:59.668 [JavaFX Application Thread] DEBUG Engine               - Architecture: amd64
00:25:59.669 [JavaFX Application Thread] INFO  Engine               - Source code and latest versions at: https://github.com/AlmasB/FXGL
00:25:59.670 [JavaFX Application Thread] INFO  Engine               -       Ask questions and discuss at: https://github.com/AlmasB/FXGL/discussions
00:25:59.670 [JavaFX Application Thread] INFO  Engine               -              Join the FXGL chat at: https://gitter.im/AlmasB/FXGL
00:26:00.036 [JavaFX Application Thread] DEBUG PrimaryStageWindow   - Creating a JavaFX scene
00:26:00.138 [JavaFX Application Thread] DEBUG PrimaryStageWindow   - Target settings size: 1000.0 x 600.0
00:26:00.140 [JavaFX Application Thread] DEBUG PrimaryStageWindow   - Scaled scene size:    1000.0 x 600.0
00:26:00.140 [JavaFX Application Thread] DEBUG PrimaryStageWindow   - Scaled ratio: (1.0, 1.0)
00:26:00.143 [JavaFX Application Thread] DEBUG PrimaryStageWindow   - Set initial scene to FXGLStartupScene
00:26:00.150 [JavaFX Application Thread] DEBUG PrimaryStageWindow   - Opening main window
00:26:00.272 [JavaFX Application Thread] DEBUG PrimaryStageWindow   - Window border size: (14.4000244140625, 37.5999755859375)
00:26:00.273 [JavaFX Application Thread] DEBUG PrimaryStageWindow   - Scaled size: 1000.0 x 600.0
00:26:00.273 [JavaFX Application Thread] DEBUG PrimaryStageWindow   - Scaled ratio: (1.0, 1.0)
00:26:00.274 [JavaFX Application Thread] DEBUG PrimaryStageWindow   - Scene size: 1000.0 x 600.0
00:26:00.274 [JavaFX Application Thread] DEBUG PrimaryStageWindow   - Stage size: 1014.4000244140625 x 637.5999755859375
00:26:00.295 [FXGL Background Thread 1 ] DEBUG Engine               - Initializing environment variables
00:26:00.378 [FXGL Background Thread 1 ] DEBUG FXGLAssetLoaderServi - User app class for loading assets: class Runner.ClientRunner
00:26:00.379 [FXGL Background Thread 1 ] DEBUG GameApplicationServi - Applying CSS: fxgl_dark.css
00:26:00.383 [FXGL Background Thread 1 ] DEBUG FXGLAssetLoaderServi - Loading from file system: jar:file:/C:/Users/Owner/.m2/repository/com/github/almasb/fxgl/17.3/fxgl-17.3.jar!/fxglassets/ui/css/fxgl_dark.css
00:26:00.504 [FXGL Background Thread 1 ] DEBUG GameApplicationServi - Initializing application scenes
00:26:00.705 [FXGL Background Thread 1 ] DEBUG GameWorld            - Game world initialized
00:26:00.862 [FXGL Background Thread 1 ] DEBUG PhysicsWorld         - Physics world initialized: appHeight=600, physics.ppm=50.0
00:26:00.863 [FXGL Background Thread 1 ] DEBUG PhysicsWorld         - Using strategy: BRUTE_FORCE
00:26:00.884 [FXGL Background Thread 1 ] DEBUG GameScene            - Game scene initialized: 1000x600
00:26:00.927 [FXGL Background Thread 1 ] DEBUG FXGL.DefaultMenu     - createMenuBodyGameMenu()
00:26:00.985 [FXGL Background Thread 1 ] DEBUG FXGL.DefaultMenu     - createOptionsMenu()
00:26:01.018 [FXGL Background Thread 1 ] DEBUG FXGLAssetLoaderServi - Loading from file system: jar:file:/C:/Users/Owner/.m2/repository/com/github/almasb/fxgl/17.3/fxgl-17.3.jar!/fxglassets/textures/particles/smoke.png
00:26:01.193 [FXGL Background Thread 1 ] DEBUG FXGLAssetLoaderServi - Loading from file system: jar:file:/C:/Users/Owner/.m2/repository/com/github/almasb/fxgl/17.3/fxgl-17.3.jar!/fxglassets/textures/particles/trace_horizontal.png
00:26:01.287 [FXGL Background Thread 1 ] DEBUG GameApplicationServi - Application scenes initialized
00:26:01.319 [FXGL Background Thread 1 ] DEBUG SystemBundleService  - Loading FXGL system data
00:26:01.328 [FXGL Background Thread 1 ] DEBUG FileSystemAccess     - Reading from: C:\Users\Owner\Desktop\Sonic-rush\system\fxgl.bundle
00:26:01.338 [FXGL Background Thread 1 ] DEBUG SystemBundleService  - Bundle FXGL: {}
00:26:01.338 [FXGL Background Thread 1 ] DEBUG UpdaterService       - Checking for updates
00:26:01.351 [FXGL Background Thread 1 ] DEBUG FXGLApplication      - Loading default localization
00:26:01.352 [FXGL Background Thread 1 ] DEBUG FXGLAssetLoaderServi - Loading from file system: jar:file:/C:/Users/Owner/.m2/repository/com/github/almasb/fxgl/17.3/fxgl-17.3.jar!/fxglassets/languages/english.lang
00:26:01.446 [FXGL Background Thread 1 ] INFO  FXGLApplication      - FXGL initialization took: 1.151 sec
00:26:01.476 [FXGL Background Thread 4 ] DEBUG FXGLApplication      - Loading fonts
00:26:01.477 [FXGL Background Thread 4 ] DEBUG FXGLAssetLoaderServi - Loading from file system: jar:file:/C:/Users/Owner/.m2/repository/com/github/almasb/fxgl/17.3/fxgl-17.3.jar!/fxglassets/ui/fonts/VarelaRound-Regular.ttf
00:26:01.483 [JavaFX Application Thread] DEBUG Input                - Registered new binding: Mover a la izquierda - A
00:26:01.484 [JavaFX Application Thread] DEBUG Input                - Registered new binding: Mover a la derecha - D
00:26:01.484 [JavaFX Application Thread] DEBUG Input                - Registered new binding: Saltar - W
00:26:01.484 [JavaFX Application Thread] DEBUG Input                - Registered new binding: Interactuar - E
00:26:01.485 [JavaFX Application Thread] DEBUG Input                - Registered new binding: Transformar - P
00:26:01.485 [JavaFX Application Thread] DEBUG Input                - Registered new binding: Desactivar filtro - L
00:26:01.485 [JavaFX Application Thread] DEBUG FXGLAssetLoaderServi - Loading from file system: jar:file:/C:/Users/Owner/.m2/repository/com/github/almasb/fxgl/17.3/fxgl-17.3.jar!/fxglassets/textures/fxgl_icon.png
00:26:01.709 [JavaFX Application Thread] DEBUG FXGLAssetLoaderServi - Loading from file system: jar:file:/C:/Users/Owner/.m2/repository/com/github/almasb/fxgl/17.3/fxgl-17.3.jar!/fxglassets/textures/fxgl_default_cursor.png
00:26:01.717 [JavaFX Application Thread] DEBUG Input                - Registered new binding: Screenshot - CTRL+8
00:26:01.717 [JavaFX Application Thread] DEBUG Input                - Registered new binding: System info dump - CTRL+9
00:26:01.719 [JavaFX Application Thread] DEBUG Input                - Registered new binding: Restart - CTRL+R
00:26:01.719 [JavaFX Application Thread] DEBUG Input                - Registered new binding: Toggle Debug Camera - CTRL+7
00:26:01.742 [JavaFX Application Thread] DEBUG LoopRunner           - Starting loop
00:26:01.742 [JavaFX Application Thread] DEBUG LoopRunner           - Initializing JavaFX AnimationTimerLoop
00:26:01.745 [JavaFX Application Thread] DEBUG GameApplicationServi - Starting new game
00:26:01.747 [JavaFX Application Thread] DEBUG Input                - Clearing active input actions
00:26:01.774 [JavaFX Application Thread] DEBUG GameApplicationServi - Removing overlay from FXGLStartupScene and adding to FXGLLoadingScene
00:26:01.774 [JavaFX Application Thread] DEBUG PrimaryStageWindow   - FXGLStartupScene -> FXGLLoadingScene
00:26:01.774 [JavaFX Application Thread] DEBUG GameApplicationServi - Clearing previous game
00:26:01.775 [JavaFX Application Thread] DEBUG GameScene            - Clearing game scene
00:26:01.775 [JavaFX Application Thread] DEBUG GameWorld            - Clearing game world
00:26:01.775 [JavaFX Application Thread] DEBUG PhysicsWorld         - Clearing physics world
00:26:01.777 [FXGL Background Thread 1 ] DEBUG FXGLApplication      - Initializing game
00:26:01.809 [FXGL Background Thread 1 ] DEBUG FXGLAssetLoaderServi - Loading from file system: file:/C:/Users/Owner/Desktop/Sonic-rush/target/classes/assets/music/OST2.mp3
00:26:03.151 [FXGL Background Thread 4 ] DEBUG FXGLAssetLoaderServi - Loading from file system: jar:file:/C:/Users/Owner/.m2/repository/com/github/almasb/fxgl/17.3/fxgl-17.3.jar!/fxglassets/ui/fonts/Abel-Regular.ttf
00:26:03.159 [FXGL Background Thread 4 ] DEBUG FXGLAssetLoaderServi - Loading from file system: jar:file:/C:/Users/Owner/.m2/repository/com/github/almasb/fxgl/17.3/fxgl-17.3.jar!/fxglassets/ui/fonts/TerminalLandMono-Regular.otf
00:26:03.173 [FXGL Background Thread 4 ] DEBUG FXGLAssetLoaderServi - Loading from file system: jar:file:/C:/Users/Owner/.m2/repository/com/github/almasb/fxgl/17.3/fxgl-17.3.jar!/fxglassets/ui/fonts/Courier-Prime.ttf
00:26:03.203 [JavaFX Application Thread] DEBUG FXGLApplication      - Registering font factories with UI factory
00:26:03.447 [FXGL Background Thread 1 ] DEBUG AudioPlayer          - Playing music com.almasb.fxgl.audio.Music@bf2a2c4
00:26:03.490 [FXGL Background Thread 1 ] INFO  FXGLApplication      - Game initialization took: 1.712 sec
00:26:04.102 [JavaFX Application Thread] DEBUG Input                - Clearing active input actions
00:26:04.167 [JavaFX Application Thread] DEBUG GameApplicationServi - Removing overlay from FXGLLoadingScene and adding to GameScene
00:26:04.167 [JavaFX Application Thread] DEBUG PrimaryStageWindow   - FXGLLoadingScene -> GameScene
00:26:04.345 [FXGL Background Thread 3 ] DEBUG Engine               - Logging environment variables
00:26:04.347 [FXGL Background Thread 3 ] DEBUG Engine               - achievements: []
00:26:04.348 [FXGL Background Thread 3 ] DEBUG Engine               - actualHeight: 600.0
00:26:04.349 [FXGL Background Thread 3 ] DEBUG Engine               - actualHeightProperty: ReadOnlyDoubleProperty [value: 600.0]
00:26:04.349 [FXGL Background Thread 3 ] DEBUG Engine               - actualWidth: 1000.0
00:26:04.349 [FXGL Background Thread 3 ] DEBUG Engine               - actualWidthProperty: ReadOnlyDoubleProperty [value: 1000.0]
00:26:04.350 [FXGL Background Thread 3 ] DEBUG Engine               - appIcon: fxgl_icon.png
00:26:04.350 [FXGL Background Thread 3 ] DEBUG Engine               - applicationMode: DEVELOPER
00:26:04.351 [FXGL Background Thread 3 ] DEBUG Engine               - cSSList: [fxgl_dark.css]
00:26:04.351 [FXGL Background Thread 3 ] DEBUG Engine               - collisionDetectionStrategy: BRUTE_FORCE
00:26:04.351 [FXGL Background Thread 3 ] DEBUG Engine               - configClass: Optional.empty
00:26:04.352 [FXGL Background Thread 3 ] DEBUG Engine               - credits: []
00:26:04.352 [FXGL Background Thread 3 ] DEBUG Engine               - defaultCursor: CursorInfo(imageName=fxgl_default_cursor.png, hotspotX=7.0, hotspotY=6.0)
00:26:04.353 [FXGL Background Thread 3 ] DEBUG Engine               - devBBoxColorProperty: ObjectProperty [value: 0xff0000ff]
00:26:04.353 [FXGL Background Thread 3 ] DEBUG Engine               - devEnableDebugCameraProperty: BooleanProperty [value: false]
00:26:04.354 [FXGL Background Thread 3 ] DEBUG Engine               - devSensorColorProperty: ObjectProperty [value: 0xffff00ff]
00:26:04.354 [FXGL Background Thread 3 ] DEBUG Engine               - devShowBBoxProperty: BooleanProperty [value: false]
00:26:04.354 [FXGL Background Thread 3 ] DEBUG Engine               - devShowPositionProperty: BooleanProperty [value: false]
00:26:04.355 [FXGL Background Thread 3 ] DEBUG Engine               - enabledMenuItems: []
00:26:04.355 [FXGL Background Thread 3 ] DEBUG Engine               - engineServices: [class com.almasb.fxgl.app.services.FXGLAssetLoaderService, class com.almasb.fxgl.app.FXGLApplication$GameApplicationService, class com.almasb.fxgl.app.services.FXGLDialogService, class com.almasb.fxgl.app.services.IOTaskExecutorService, class com.almasb.fxgl.io.FileSystemService, class com.almasb.fxgl.localization.LocalizationService, class com.almasb.fxgl.app.services.SystemBundleService, class com.almasb.fxgl.profile.SaveLoadService, class com.almasb.fxgl.ui.FXGLUIFactoryServiceProvider, class com.almasb.fxgl.ui.FXGLDialogFactoryServiceProvider, class com.almasb.fxgl.audio.AudioPlayer, class com.almasb.fxgl.notification.impl.NotificationServiceProvider, class com.almasb.fxgl.achievement.AchievementService, class com.almasb.fxgl.cutscene.CutsceneService, class com.almasb.fxgl.minigames.MiniGameService, class com.almasb.fxgl.net.NetService, class com.almasb.fxgl.app.services.UpdaterService, class com.almasb.fxgl.dev.DevService, class com.almasb.fxgl.multiplayer.MultiplayerService]
00:26:04.356 [FXGL Background Thread 3 ] DEBUG Engine               - fontGame: Abel-Regular.ttf
00:26:04.356 [FXGL Background Thread 3 ] DEBUG Engine               - fontMono: TerminalLandMono-Regular.otf
00:26:04.361 [FXGL Background Thread 3 ] DEBUG Engine               - fontSizeScaleUI: 1.0
00:26:04.363 [FXGL Background Thread 3 ] DEBUG Engine               - fontText: Courier-Prime.ttf
00:26:04.364 [FXGL Background Thread 3 ] DEBUG Engine               - fontUI: VarelaRound-Regular.ttf
00:26:04.364 [FXGL Background Thread 3 ] DEBUG Engine               - fullScreen: BooleanProperty [value: false]
00:26:04.367 [FXGL Background Thread 3 ] DEBUG Engine               - gameDifficulty: MEDIUM
00:26:04.367 [FXGL Background Thread 3 ] DEBUG Engine               - gameDifficultyProperty: ObjectProperty [value: MEDIUM]
00:26:04.368 [FXGL Background Thread 3 ] DEBUG Engine               - globalMusicVolume: 0.5
00:26:04.371 [FXGL Background Thread 3 ] DEBUG Engine               - globalMusicVolumeProperty: DoubleProperty [value: 0.5]
00:26:04.372 [FXGL Background Thread 3 ] DEBUG Engine               - globalSoundVolume: 0.5
00:26:04.373 [FXGL Background Thread 3 ] DEBUG Engine               - globalSoundVolumeProperty: DoubleProperty [value: 0.5]
00:26:04.373 [FXGL Background Thread 3 ] DEBUG Engine               - height: 600
00:26:04.373 [FXGL Background Thread 3 ] DEBUG Engine               - is3D: false
00:26:04.373 [FXGL Background Thread 3 ] DEBUG Engine               - isAndroid: false
00:26:04.374 [FXGL Background Thread 3 ] DEBUG Engine               - isBrowser: false
00:26:04.374 [FXGL Background Thread 3 ] DEBUG Engine               - isClickFeedbackEnabled: false
00:26:04.374 [FXGL Background Thread 3 ] DEBUG Engine               - isCloseConfirmation: false
00:26:04.375 [FXGL Background Thread 3 ] DEBUG Engine               - isDesktop: true
00:26:04.375 [FXGL Background Thread 3 ] DEBUG Engine               - isDeveloperMenuEnabled: false
00:26:04.376 [FXGL Background Thread 3 ] DEBUG Engine               - isEmbedded: false
00:26:04.377 [FXGL Background Thread 3 ] DEBUG Engine               - isEntityPreloadEnabled: true
00:26:04.378 [FXGL Background Thread 3 ] DEBUG Engine               - isExperimentalTiledLargeMap: false
00:26:04.379 [FXGL Background Thread 3 ] DEBUG Engine               - isFileSystemWriteAllowed: true
00:26:04.379 [FXGL Background Thread 3 ] DEBUG Engine               - isFullScreenAllowed: false
00:26:04.380 [FXGL Background Thread 3 ] DEBUG Engine               - isFullScreenFromStart: false
00:26:04.382 [FXGL Background Thread 3 ] DEBUG Engine               - isGameMenuEnabled: true
00:26:04.383 [FXGL Background Thread 3 ] DEBUG Engine               - isIOS: false
00:26:04.383 [FXGL Background Thread 3 ] DEBUG Engine               - isIntroEnabled: false
00:26:04.384 [FXGL Background Thread 3 ] DEBUG Engine               - isLinux: false
00:26:04.385 [FXGL Background Thread 3 ] DEBUG Engine               - isMac: false
00:26:04.385 [FXGL Background Thread 3 ] DEBUG Engine               - isMainMenuEnabled: false
00:26:04.386 [FXGL Background Thread 3 ] DEBUG Engine               - isManualResizeEnabled: false
00:26:04.386 [FXGL Background Thread 3 ] DEBUG Engine               - isMobile: false
00:26:04.386 [FXGL Background Thread 3 ] DEBUG Engine               - isNative: false
00:26:04.386 [FXGL Background Thread 3 ] DEBUG Engine               - isPauseMusicWhenMinimized: true
00:26:04.387 [FXGL Background Thread 3 ] DEBUG Engine               - isPreserveResizeRatio: false
00:26:04.388 [FXGL Background Thread 3 ] DEBUG Engine               - isProfilingEnabled: false
00:26:04.388 [FXGL Background Thread 3 ] DEBUG Engine               - isScaleAffectedOnResize: true
00:26:04.389 [FXGL Background Thread 3 ] DEBUG Engine               - isSingleStep: false
00:26:04.390 [FXGL Background Thread 3 ] DEBUG Engine               - isUserProfileEnabled: false
00:26:04.391 [FXGL Background Thread 3 ] DEBUG Engine               - isWindows: true
00:26:04.392 [FXGL Background Thread 3 ] DEBUG Engine               - language: ObjectProperty [value: ENGLISH]
00:26:04.393 [FXGL Background Thread 3 ] DEBUG Engine               - menuKey: ESCAPE
00:26:04.393 [FXGL Background Thread 3 ] DEBUG Engine               - mouseSensitivity: 0.2
00:26:04.393 [FXGL Background Thread 3 ] DEBUG Engine               - notificationViewClass: class com.almasb.fxgl.notification.view.XboxNotificationView
00:26:04.394 [FXGL Background Thread 3 ] DEBUG Engine               - pixelsPerMeter: 50.0
00:26:04.394 [FXGL Background Thread 3 ] DEBUG Engine               - platform: WINDOWS
00:26:04.394 [FXGL Background Thread 3 ] DEBUG Engine               - prefHeightProperty: ReadOnlyDoubleProperty [value: 600.0]
00:26:04.395 [FXGL Background Thread 3 ] DEBUG Engine               - prefWidthProperty: ReadOnlyDoubleProperty [value: 1000.0]
00:26:04.395 [FXGL Background Thread 3 ] DEBUG Engine               - profileDir: profiles/
00:26:04.396 [FXGL Background Thread 3 ] DEBUG Engine               - profileName: StringProperty [value: DEFAULT]
00:26:04.396 [FXGL Background Thread 3 ] DEBUG Engine               - randomSeed: -1
00:26:04.397 [FXGL Background Thread 3 ] DEBUG Engine               - runtimeInfo: RuntimeInfo(platform=WINDOWS, version=17.3, build=30.03.2023 11.49)
00:26:04.397 [FXGL Background Thread 3 ] DEBUG Engine               - saveFileExt: sav
00:26:04.397 [FXGL Background Thread 3 ] DEBUG Engine               - scaledHeightProp$fxgl: DoubleProperty [bound, value: 600.0]
00:26:04.398 [FXGL Background Thread 3 ] DEBUG Engine               - scaledWidthProp$fxgl: DoubleProperty [bound, value: 1000.0]
00:26:04.398 [FXGL Background Thread 3 ] DEBUG Engine               - sceneFactory: com.almasb.fxgl.app.scene.SceneFactory@1c404ec4
00:26:04.398 [FXGL Background Thread 3 ] DEBUG Engine               - secondsIn24h: 60
00:26:04.398 [FXGL Background Thread 3 ] DEBUG Engine               - soundMenuBack: menu/back.wav
00:26:04.399 [FXGL Background Thread 3 ] DEBUG Engine               - soundMenuPress: menu/press.wav
00:26:04.399 [FXGL Background Thread 3 ] DEBUG Engine               - soundMenuSelect: menu/select.wav
00:26:04.399 [FXGL Background Thread 3 ] DEBUG Engine               - soundNotification: core/notification.wav
00:26:04.400 [FXGL Background Thread 3 ] DEBUG Engine               - stageStyle: DECORATED
00:26:04.400 [FXGL Background Thread 3 ] DEBUG Engine               - supportedLanguages: [ENGLISH, FRENCH, GERMAN, HUNGARIAN, RUSSIAN]
00:26:04.400 [FXGL Background Thread 3 ] DEBUG Engine               - ticksPerSecond: -1
00:26:04.401 [FXGL Background Thread 3 ] DEBUG Engine               - title: Jugador Sonic
00:26:04.401 [FXGL Background Thread 3 ] DEBUG Engine               - urlGithub: https://github.com/AlmasB/FXGL
00:26:04.402 [FXGL Background Thread 3 ] DEBUG Engine               - urlLeaderboard: http://fxgl-top.herokuapp.com/
00:26:04.402 [FXGL Background Thread 3 ] DEBUG Engine               - urlPOM: https://raw.githubusercontent.com/AlmasB/FXGL/release/README.md
00:26:04.402 [FXGL Background Thread 3 ] DEBUG Engine               - userAppClass: class Runner.ClientRunner
00:26:04.402 [FXGL Background Thread 3 ] DEBUG Engine               - version: 0.0
00:26:04.403 [FXGL Background Thread 3 ] DEBUG Engine               - versionCheckDays: 7
00:26:04.403 [FXGL Background Thread 3 ] DEBUG Engine               - width: 1000
00:26:04.403 [FXGL Background Thread 3 ] DEBUG Engine               - Logging services
00:26:04.403 [FXGL Background Thread 3 ] DEBUG Engine               - class com.almasb.fxgl.app.services.FXGLAssetLoaderService
00:26:04.403 [FXGL Background Thread 3 ] DEBUG Engine               - class com.almasb.fxgl.app.FXGLApplication$GameApplicationService
00:26:04.403 [FXGL Background Thread 3 ] DEBUG Engine               - class com.almasb.fxgl.app.services.FXGLDialogService
00:26:04.404 [FXGL Background Thread 3 ] DEBUG Engine               - class com.almasb.fxgl.app.services.IOTaskExecutorService
00:26:04.404 [FXGL Background Thread 3 ] DEBUG Engine               - class com.almasb.fxgl.io.FileSystemService
00:26:04.404 [FXGL Background Thread 3 ] DEBUG Engine               - class com.almasb.fxgl.localization.LocalizationService
00:26:04.404 [FXGL Background Thread 3 ] DEBUG Engine               - class com.almasb.fxgl.app.services.SystemBundleService
00:26:04.404 [FXGL Background Thread 3 ] DEBUG Engine               - class com.almasb.fxgl.profile.SaveLoadService
00:26:04.404 [FXGL Background Thread 3 ] DEBUG Engine               - class com.almasb.fxgl.ui.FXGLUIFactoryServiceProvider
00:26:04.404 [FXGL Background Thread 3 ] DEBUG Engine               - class com.almasb.fxgl.ui.FXGLDialogFactoryServiceProvider
00:26:04.404 [FXGL Background Thread 3 ] DEBUG Engine               - class com.almasb.fxgl.audio.AudioPlayer
00:26:04.404 [FXGL Background Thread 3 ] DEBUG Engine               - class com.almasb.fxgl.notification.impl.NotificationServiceProvider
00:26:04.405 [FXGL Background Thread 3 ] DEBUG Engine               - class com.almasb.fxgl.achievement.AchievementService
00:26:04.405 [FXGL Background Thread 3 ] DEBUG Engine               - class com.almasb.fxgl.cutscene.CutsceneService
00:26:04.405 [FXGL Background Thread 3 ] DEBUG Engine               - class com.almasb.fxgl.minigames.MiniGameService
00:26:04.405 [FXGL Background Thread 3 ] DEBUG Engine               - class com.almasb.fxgl.net.NetService
00:26:04.405 [FXGL Background Thread 3 ] DEBUG Engine               - class com.almasb.fxgl.app.services.UpdaterService
00:26:04.405 [FXGL Background Thread 3 ] DEBUG Engine               - class com.almasb.fxgl.dev.DevService
00:26:04.405 [FXGL Background Thread 3 ] DEBUG Engine               - class com.almasb.fxgl.multiplayer.MultiplayerService
00:26:05.459 [FXGL Background Thread 2 ] INFO  UpdaterService       - Your current version:  17.3
00:26:05.659 [FXGL Background Thread 2 ] INFO  UpdaterService       - Latest stable version: 21.1
00:26:07.416 [JavaFX Application Thread] DEBUG FXGLAssetLoaderServi - Loading from file system: file:/C:/Users/Owner/Desktop/Sonic-rush/target/classes/assets/textures/fondo.png
00:26:07.969 [JavaFX Application Thread] WARN  TMXLevelLoader       - TiledMap generated from 1.11.2. Supported version: 1.9.0. Some features may not be parsed fully.
00:26:08.101 [JavaFX Application Thread] DEBUG TMXLevelLoader       - Parsed TiledMap: file:/C:/Users/Owner/Desktop/Sonic-rush/target/classes/assets/levels/mapazo.tmx
00:26:08.104 [JavaFX Application Thread] DEBUG TMXLevelLoader       - Creating tile layer entities
00:26:08.127 [JavaFX Application Thread] DEBUG TilesetLoader        - Loading view for layer Capa de patrones 1
00:26:08.139 [JavaFX Application Thread] DEBUG TilesetLoader        - Created buffer with size 3840.0x720.0
00:26:08.224 [JavaFX Application Thread] DEBUG TMXLevelLoader       - Creating object layer entities
00:26:08.283 [JavaFX Application Thread] DEBUG GameWorld            - Clearing removable entities
00:26:08.288 [JavaFX Application Thread] DEBUG GameWorld            - Setting level: com.almasb.fxgl.entity.level.Level@727076e4
00:26:08.372 [ClientAsyncConnThread    ] DEBUG TCPClient            - Connecting to localhost:55555 type: class com.almasb.fxgl.core.serialization.Bundle
00:26:08.374 [ClientAsyncConnThread    ] DEBUG TCPClient            - Created socket to localhost:55555
00:26:08.405 [ClientAsyncConnThread    ] DEBUG Endpoint             - TCPClient opening new connection (1) from localhost/127.0.0.1:55555 type: class com.almasb.fxgl.core.serialization.Bundle
00:26:08.409 [ClientAsyncConnThread    ] DEBUG Endpoint             - TCPClient successfully opened connection (1)
00:26:08.569 [TCPClient_SendThread-1   ] DEBUG Writers              - Getting TCPMessageWriter for class com.almasb.fxgl.core.serialization.Bundle
00:26:08.576 [TCPClient_SendThread-1   ] DEBUG Writers              - Constructed TCPMessageWriter for class com.almasb.fxgl.core.serialization.Bundle: BundleTCPMessageWriter
00:26:08.587 [TCPClient_RecvThread-1   ] DEBUG Readers              - Getting TCPMessageReader for class com.almasb.fxgl.core.serialization.Bundle
00:26:09.127 [TCPClient_RecvThread-1   ] DEBUG Readers              - Constructed MessageReader for class com.almasb.fxgl.core.serialization.Bundle: BundleTCPMessageReader
00:26:09.202 [JavaFX Application Thread] DEBUG FXGLAssetLoaderServi - Loading from file system: file:/C:/Users/Owner/Desktop/Sonic-rush/target/classes/assets/textures/Items/ring.png
00:26:09.341 [JavaFX Application Thread] DEBUG FXGLAssetLoaderServi - Loading from file system: file:/C:/Users/Owner/Desktop/Sonic-rush/target/classes/assets/textures/Items/papel.png
00:26:09.347 [JavaFX Application Thread] DEBUG FXGLAssetLoaderServi - Loading from file system: file:/C:/Users/Owner/Desktop/Sonic-rush/target/classes/assets/textures/Items/caucho.png
00:26:09.364 [JavaFX Application Thread] DEBUG FXGLAssetLoaderServi - Loading from file system: file:/C:/Users/Owner/Desktop/Sonic-rush/target/classes/assets/textures/Items/basura.png
00:26:09.461 [JavaFX Application Thread] DEBUG FXGLAssetLoaderServi - Loading from file system: file:/C:/Users/Owner/Desktop/Sonic-rush/target/classes/assets/textures/Enemigos/enemigo2.png
00:26:09.560 [JavaFX Application Thread] DEBUG FXGLAssetLoaderServi - Loading from file system: file:/C:/Users/Owner/Desktop/Sonic-rush/target/classes/assets/textures/Personajes/knuckles.png
00:26:09.567 [JavaFX Application Thread] DEBUG FXGLAssetLoaderServi - Loading from file system: file:/C:/Users/Owner/Desktop/Sonic-rush/target/classes/assets/textures/Personajes/knuckles_golpe.png
00:26:16.551 [JavaFX Application Thread] DEBUG FXGLAssetLoaderServi - Loading from file system: file:/C:/Users/Owner/Desktop/Sonic-rush/target/classes/assets/textures/Personajes/sonic.png
00:26:16.561 [JavaFX Application Thread] DEBUG FXGLAssetLoaderServi - Loading from file system: file:/C:/Users/Owner/Desktop/Sonic-rush/target/classes/assets/textures/Personajes/sonic_camina.png
00:26:16.616 [JavaFX Application Thread] DEBUG FXGLAssetLoaderServi - Loading from file system: file:/C:/Users/Owner/Desktop/Sonic-rush/target/classes/assets/textures/Personajes/super_sonic.png
00:26:36.382 [JavaFX Application Thread] DEBUG FXGLAssetLoaderServi - Loading from file system: file:/C:/Users/Owner/Desktop/Sonic-rush/target/classes/assets/sounds/recoger.wav
00:27:26.578 [JavaFX Application Thread] DEBUG FXGLApplication      - Exiting FXGL
00:27:26.578 [JavaFX Application Thread] DEBUG LoopRunner           - Stopping loop
00:27:26.578 [JavaFX Application Thread] DEBUG SystemBundleService  - Saving FXGL system data
00:27:26.582 [JavaFX Application Thread] DEBUG FileSystemAccess     - Writing to: C:\Users\Owner\Desktop\Sonic-rush\system\fxgl.bundle
00:27:26.588 [JavaFX Application Thread] DEBUG Async                - Shutting down background threads
00:27:26.591 [JavaFX Application Thread] DEBUG PrimaryStageWindow   - Closing main window
00:27:26.614 [JavaFX Application Thread] DEBUG Logger               - Closing Logger
