14:09:38.182 [main                     ] DEBUG Logger               - Configured Logger
14:09:38.250 [main                     ] DEBUG GameApplication      - Logging settings
Title: Server
Version: 0.0
Width: 800
Height: 500
Fullscreen: false
Intro: false
Profiling: false
Single step:false
App Mode: DEVELOPER
Menu Key: ESCAPE
Stage Style: DECORATED
Scene Factory: class com.almasb.fxgl.app.scene.SceneFactory

14:09:38.939 [JavaFX Application Thread] DEBUG FXGLApplication      - Initializing FXGL
14:09:38.948 [JavaFX Application Thread] INFO  Engine               - FXGL-17.3 (30.03.2023 11.49) on WINDOWS (J:21.0.2 FX:20)
14:09:38.949 [JavaFX Application Thread] DEBUG Engine               - JRE Vendor Name: Oracle Corporation
14:09:38.949 [JavaFX Application Thread] DEBUG Engine               - Running on OS: Windows 10 version 10.0
14:09:38.949 [JavaFX Application Thread] DEBUG Engine               - Architecture: amd64
14:09:38.949 [JavaFX Application Thread] INFO  Engine               - Source code and latest versions at: https://github.com/AlmasB/FXGL
14:09:38.952 [JavaFX Application Thread] INFO  Engine               -       Ask questions and discuss at: https://github.com/AlmasB/FXGL/discussions
14:09:38.953 [JavaFX Application Thread] INFO  Engine               -              Join the FXGL chat at: https://gitter.im/AlmasB/FXGL
14:09:39.248 [JavaFX Application Thread] DEBUG PrimaryStageWindow   - Creating a JavaFX scene
14:09:39.360 [JavaFX Application Thread] DEBUG PrimaryStageWindow   - Target settings size: 800.0 x 500.0
14:09:39.361 [JavaFX Application Thread] DEBUG PrimaryStageWindow   - Scaled scene size:    800.0 x 500.0
14:09:39.362 [JavaFX Application Thread] DEBUG PrimaryStageWindow   - Scaled ratio: (1.0, 1.0)
14:09:39.364 [JavaFX Application Thread] DEBUG PrimaryStageWindow   - Set initial scene to FXGLStartupScene
14:09:39.376 [JavaFX Application Thread] DEBUG PrimaryStageWindow   - Opening main window
14:09:39.547 [JavaFX Application Thread] DEBUG PrimaryStageWindow   - Window border size: (16.0, 39.0)
14:09:39.548 [JavaFX Application Thread] DEBUG PrimaryStageWindow   - Scaled size: 800.0 x 500.0
14:09:39.548 [JavaFX Application Thread] DEBUG PrimaryStageWindow   - Scaled ratio: (1.0, 1.0)
14:09:39.548 [JavaFX Application Thread] DEBUG PrimaryStageWindow   - Scene size: 800.0 x 500.0
14:09:39.548 [JavaFX Application Thread] DEBUG PrimaryStageWindow   - Stage size: 816.0 x 539.0
14:09:39.594 [FXGL Background Thread 1 ] DEBUG Engine               - Initializing environment variables
14:09:39.755 [FXGL Background Thread 1 ] DEBUG FXGLAssetLoaderServi - User app class for loading assets: class Runner.ServerRunner
14:09:39.756 [FXGL Background Thread 1 ] DEBUG GameApplicationServi - Applying CSS: fxgl_dark.css
14:09:39.757 [FXGL Background Thread 1 ] DEBUG FXGLAssetLoaderServi - Loading from file system: jar:file:/C:/Users/User/.m2/repository/com/github/almasb/fxgl/17.3/fxgl-17.3.jar!/fxglassets/ui/css/fxgl_dark.css
14:09:39.881 [FXGL Background Thread 1 ] DEBUG GameApplicationServi - Initializing application scenes
14:09:40.046 [FXGL Background Thread 1 ] DEBUG GameWorld            - Game world initialized
14:09:40.152 [FXGL Background Thread 1 ] DEBUG PhysicsWorld         - Physics world initialized: appHeight=500, physics.ppm=50,0
14:09:40.153 [FXGL Background Thread 1 ] DEBUG PhysicsWorld         - Using strategy: BRUTE_FORCE
14:09:40.157 [FXGL Background Thread 1 ] DEBUG GameScene            - Game scene initialized: 800x500
14:09:40.179 [FXGL Background Thread 1 ] WARN  FXGL.DefaultMenu     - FXGLDefaultMenu is not designed for resolutions < 800x600
14:09:40.180 [FXGL Background Thread 1 ] DEBUG FXGL.DefaultMenu     - createMenuBodyGameMenu()
14:09:40.213 [FXGL Background Thread 1 ] DEBUG FXGL.DefaultMenu     - createOptionsMenu()
14:09:40.234 [FXGL Background Thread 1 ] DEBUG FXGLAssetLoaderServi - Loading from file system: jar:file:/C:/Users/User/.m2/repository/com/github/almasb/fxgl/17.3/fxgl-17.3.jar!/fxglassets/textures/particles/smoke.png
14:09:40.423 [FXGL Background Thread 1 ] DEBUG FXGLAssetLoaderServi - Loading from file system: jar:file:/C:/Users/User/.m2/repository/com/github/almasb/fxgl/17.3/fxgl-17.3.jar!/fxglassets/textures/particles/trace_horizontal.png
14:09:40.493 [FXGL Background Thread 1 ] DEBUG GameApplicationServi - Application scenes initialized
14:09:40.521 [FXGL Background Thread 1 ] DEBUG SystemBundleService  - Loading FXGL system data
14:09:40.526 [FXGL Background Thread 1 ] DEBUG FileSystemAccess     - Reading from: C:\Users\User\Documents\GitHub\Sonic-rush\system\fxgl.bundle
14:09:40.570 [FXGL Background Thread 1 ] DEBUG SystemBundleService  - Bundle FXGL: {}
14:09:40.571 [FXGL Background Thread 1 ] DEBUG UpdaterService       - Checking for updates
14:09:40.581 [FXGL Background Thread 1 ] DEBUG FXGLApplication      - Loading default localization
14:09:40.582 [FXGL Background Thread 1 ] DEBUG FXGLAssetLoaderServi - Loading from file system: jar:file:/C:/Users/User/.m2/repository/com/github/almasb/fxgl/17.3/fxgl-17.3.jar!/fxglassets/languages/english.lang
14:09:40.614 [FXGL Background Thread 4 ] DEBUG FXGLApplication      - Loading fonts
14:09:40.615 [FXGL Background Thread 4 ] DEBUG FXGLAssetLoaderServi - Loading from file system: jar:file:/C:/Users/User/.m2/repository/com/github/almasb/fxgl/17.3/fxgl-17.3.jar!/fxglassets/ui/fonts/VarelaRound-Regular.ttf
14:09:40.651 [FXGL Background Thread 1 ] INFO  FXGLApplication      - FXGL initialization took: 1,056 sec
14:09:40.703 [JavaFX Application Thread] DEBUG FXGLAssetLoaderServi - Loading from file system: jar:file:/C:/Users/User/.m2/repository/com/github/almasb/fxgl/17.3/fxgl-17.3.jar!/fxglassets/textures/fxgl_icon.png
14:09:40.779 [JavaFX Application Thread] DEBUG FXGLAssetLoaderServi - Loading from file system: jar:file:/C:/Users/User/.m2/repository/com/github/almasb/fxgl/17.3/fxgl-17.3.jar!/fxglassets/textures/fxgl_default_cursor.png
14:09:40.802 [JavaFX Application Thread] DEBUG Input                - Registered new binding: Screenshot - CTRL+8
14:09:40.809 [JavaFX Application Thread] DEBUG Input                - Registered new binding: System info dump - CTRL+9
14:09:40.816 [JavaFX Application Thread] DEBUG Input                - Registered new binding: Restart - CTRL+R
14:09:40.822 [JavaFX Application Thread] DEBUG Input                - Registered new binding: Toggle Debug Camera - CTRL+7
14:09:40.834 [JavaFX Application Thread] DEBUG LoopRunner           - Starting loop
14:09:40.834 [JavaFX Application Thread] DEBUG LoopRunner           - Initializing JavaFX AnimationTimerLoop
14:09:40.836 [JavaFX Application Thread] DEBUG GameApplicationServi - Starting new game
14:09:40.843 [JavaFX Application Thread] DEBUG Input                - Clearing active input actions
14:09:40.894 [FXGL Background Thread 4 ] DEBUG FXGLAssetLoaderServi - Loading from file system: jar:file:/C:/Users/User/.m2/repository/com/github/almasb/fxgl/17.3/fxgl-17.3.jar!/fxglassets/ui/fonts/Abel-Regular.ttf
14:09:40.913 [FXGL Background Thread 4 ] DEBUG FXGLAssetLoaderServi - Loading from file system: jar:file:/C:/Users/User/.m2/repository/com/github/almasb/fxgl/17.3/fxgl-17.3.jar!/fxglassets/ui/fonts/TerminalLandMono-Regular.otf
14:09:40.924 [FXGL Background Thread 4 ] DEBUG FXGLAssetLoaderServi - Loading from file system: jar:file:/C:/Users/User/.m2/repository/com/github/almasb/fxgl/17.3/fxgl-17.3.jar!/fxglassets/ui/fonts/Courier-Prime.ttf
14:09:40.952 [JavaFX Application Thread] DEBUG GameApplicationServi - Removing overlay from FXGLStartupScene and adding to FXGLLoadingScene
14:09:40.952 [JavaFX Application Thread] DEBUG PrimaryStageWindow   - FXGLStartupScene -> FXGLLoadingScene
14:09:40.952 [JavaFX Application Thread] DEBUG GameApplicationServi - Clearing previous game
14:09:40.952 [JavaFX Application Thread] DEBUG GameScene            - Clearing game scene
14:09:40.952 [JavaFX Application Thread] DEBUG GameWorld            - Clearing game world
14:09:40.952 [JavaFX Application Thread] DEBUG PhysicsWorld         - Clearing physics world
14:09:40.954 [FXGL Background Thread 1 ] DEBUG FXGLApplication      - Initializing game
14:09:41.028 [ServerAsyncConnThread    ] DEBUG TCPServer            - Starting to listen at: 50000 type: class com.almasb.fxgl.core.serialization.Bundle
14:09:41.055 [FXGL Background Thread 1 ] WARN  TMXLevelLoader       - TiledMap generated from 1.11.2. Supported version: 1.9.0. Some features may not be parsed fully.
14:09:41.131 [JavaFX Application Thread] DEBUG FXGLApplication      - Registering font factories with UI factory
14:09:41.191 [FXGL Background Thread 1 ] DEBUG TMXLevelLoader       - Parsed TiledMap: file:/C:/Users/User/Documents/GitHub/Sonic-rush/target/classes/assets/levels/mapazo.tmx
14:09:41.192 [FXGL Background Thread 1 ] DEBUG TMXLevelLoader       - Creating tile layer entities
14:09:41.194 [FXGL Background Thread 1 ] DEBUG TilesetLoader        - Loading view for layer Capa de patrones 1
14:09:41.204 [FXGL Background Thread 1 ] DEBUG TilesetLoader        - Created buffer with size 3840.0x720.0
14:09:41.321 [FXGL Background Thread 1 ] DEBUG TMXLevelLoader       - Creating object layer entities
14:09:41.424 [FXGL Background Thread 1 ] DEBUG GameWorld            - Clearing removable entities
14:09:41.425 [FXGL Background Thread 1 ] DEBUG GameWorld            - Setting level: com.almasb.fxgl.entity.level.Level@5c495a20
14:09:41.460 [FXGL Background Thread 1 ] DEBUG FXGLAssetLoaderServi - Loading from file system: file:/C:/Users/User/Documents/GitHub/Sonic-rush/target/classes/assets/textures/Items/ring.png
14:09:41.594 [FXGL Background Thread 1 ] DEBUG FXGLAssetLoaderServi - Loading from file system: file:/C:/Users/User/Documents/GitHub/Sonic-rush/target/classes/assets/textures/Enemigos/enemigo2.png
14:09:41.712 [FXGL Background Thread 1 ] DEBUG FXGLAssetLoaderServi - Loading from file system: file:/C:/Users/User/Documents/GitHub/Sonic-rush/target/classes/assets/textures/Items/papel.png
14:09:41.718 [FXGL Background Thread 1 ] DEBUG FXGLAssetLoaderServi - Loading from file system: file:/C:/Users/User/Documents/GitHub/Sonic-rush/target/classes/assets/textures/Items/basura.png
14:09:41.724 [FXGL Background Thread 1 ] DEBUG FXGLAssetLoaderServi - Loading from file system: file:/C:/Users/User/Documents/GitHub/Sonic-rush/target/classes/assets/textures/Items/caucho.png
14:09:41.753 [FXGL Background Thread 1 ] INFO  FXGLApplication      - Game initialization took: 0,799 sec
14:09:41.965 [JavaFX Application Thread] DEBUG Input                - Clearing active input actions
14:09:41.988 [JavaFX Application Thread] DEBUG GameApplicationServi - Removing overlay from FXGLLoadingScene and adding to GameScene
14:09:41.989 [JavaFX Application Thread] DEBUG PrimaryStageWindow   - FXGLLoadingScene -> GameScene
14:09:42.093 [FXGL Background Thread 2 ] INFO  UpdaterService       - Your current version:  17.3
14:09:42.101 [FXGL Background Thread 2 ] INFO  UpdaterService       - Latest stable version: 21.1
14:09:43.663 [FXGL Background Thread 3 ] DEBUG Engine               - Logging environment variables
14:09:43.682 [FXGL Background Thread 3 ] DEBUG Engine               - achievements: []
14:09:43.683 [FXGL Background Thread 3 ] DEBUG Engine               - actualHeight: 500.0
14:09:43.683 [FXGL Background Thread 3 ] DEBUG Engine               - actualHeightProperty: ReadOnlyDoubleProperty [value: 500.0]
14:09:43.683 [FXGL Background Thread 3 ] DEBUG Engine               - actualWidth: 800.0
14:09:43.683 [FXGL Background Thread 3 ] DEBUG Engine               - actualWidthProperty: ReadOnlyDoubleProperty [value: 800.0]
14:09:43.683 [FXGL Background Thread 3 ] DEBUG Engine               - appIcon: fxgl_icon.png
14:09:43.687 [FXGL Background Thread 3 ] DEBUG Engine               - applicationMode: DEVELOPER
14:09:43.687 [FXGL Background Thread 3 ] DEBUG Engine               - cSSList: [fxgl_dark.css]
14:09:43.689 [FXGL Background Thread 3 ] DEBUG Engine               - collisionDetectionStrategy: BRUTE_FORCE
14:09:43.690 [FXGL Background Thread 3 ] DEBUG Engine               - configClass: Optional.empty
14:09:43.690 [FXGL Background Thread 3 ] DEBUG Engine               - credits: []
14:09:43.692 [FXGL Background Thread 3 ] DEBUG Engine               - defaultCursor: CursorInfo(imageName=fxgl_default_cursor.png, hotspotX=7.0, hotspotY=6.0)
14:09:43.692 [FXGL Background Thread 3 ] DEBUG Engine               - devBBoxColorProperty: ObjectProperty [value: 0xff0000ff]
14:09:43.692 [FXGL Background Thread 3 ] DEBUG Engine               - devEnableDebugCameraProperty: BooleanProperty [value: false]
14:09:43.692 [FXGL Background Thread 3 ] DEBUG Engine               - devSensorColorProperty: ObjectProperty [value: 0xffff00ff]
14:09:43.692 [FXGL Background Thread 3 ] DEBUG Engine               - devShowBBoxProperty: BooleanProperty [value: false]
14:09:43.692 [FXGL Background Thread 3 ] DEBUG Engine               - devShowPositionProperty: BooleanProperty [value: false]
14:09:43.692 [FXGL Background Thread 3 ] DEBUG Engine               - enabledMenuItems: []
14:09:43.693 [FXGL Background Thread 3 ] DEBUG Engine               - engineServices: [class com.almasb.fxgl.app.services.FXGLAssetLoaderService, class com.almasb.fxgl.app.FXGLApplication$GameApplicationService, class com.almasb.fxgl.app.services.FXGLDialogService, class com.almasb.fxgl.app.services.IOTaskExecutorService, class com.almasb.fxgl.io.FileSystemService, class com.almasb.fxgl.localization.LocalizationService, class com.almasb.fxgl.app.services.SystemBundleService, class com.almasb.fxgl.profile.SaveLoadService, class com.almasb.fxgl.ui.FXGLUIFactoryServiceProvider, class com.almasb.fxgl.ui.FXGLDialogFactoryServiceProvider, class com.almasb.fxgl.audio.AudioPlayer, class com.almasb.fxgl.notification.impl.NotificationServiceProvider, class com.almasb.fxgl.achievement.AchievementService, class com.almasb.fxgl.cutscene.CutsceneService, class com.almasb.fxgl.minigames.MiniGameService, class com.almasb.fxgl.net.NetService, class com.almasb.fxgl.app.services.UpdaterService, class com.almasb.fxgl.dev.DevService, class com.almasb.fxgl.multiplayer.MultiplayerService]
14:09:43.693 [FXGL Background Thread 3 ] DEBUG Engine               - fontGame: Abel-Regular.ttf
14:09:43.693 [FXGL Background Thread 3 ] DEBUG Engine               - fontMono: TerminalLandMono-Regular.otf
14:09:43.693 [FXGL Background Thread 3 ] DEBUG Engine               - fontSizeScaleUI: 1.0
14:09:43.693 [FXGL Background Thread 3 ] DEBUG Engine               - fontText: Courier-Prime.ttf
14:09:43.693 [FXGL Background Thread 3 ] DEBUG Engine               - fontUI: VarelaRound-Regular.ttf
14:09:43.693 [FXGL Background Thread 3 ] DEBUG Engine               - fullScreen: BooleanProperty [value: false]
14:09:43.693 [FXGL Background Thread 3 ] DEBUG Engine               - gameDifficulty: MEDIUM
14:09:43.693 [FXGL Background Thread 3 ] DEBUG Engine               - gameDifficultyProperty: ObjectProperty [value: MEDIUM]
14:09:43.693 [FXGL Background Thread 3 ] DEBUG Engine               - globalMusicVolume: 0.5
14:09:43.693 [FXGL Background Thread 3 ] DEBUG Engine               - globalMusicVolumeProperty: DoubleProperty [value: 0.5]
14:09:43.693 [FXGL Background Thread 3 ] DEBUG Engine               - globalSoundVolume: 0.5
14:09:43.693 [FXGL Background Thread 3 ] DEBUG Engine               - globalSoundVolumeProperty: DoubleProperty [value: 0.5]
14:09:43.694 [FXGL Background Thread 3 ] DEBUG Engine               - height: 500
14:09:43.694 [FXGL Background Thread 3 ] DEBUG Engine               - is3D: false
14:09:43.694 [FXGL Background Thread 3 ] DEBUG Engine               - isAndroid: false
14:09:43.697 [FXGL Background Thread 3 ] DEBUG Engine               - isBrowser: false
14:09:43.697 [FXGL Background Thread 3 ] DEBUG Engine               - isClickFeedbackEnabled: false
14:09:43.697 [FXGL Background Thread 3 ] DEBUG Engine               - isCloseConfirmation: false
14:09:43.697 [FXGL Background Thread 3 ] DEBUG Engine               - isDesktop: true
14:09:43.698 [FXGL Background Thread 3 ] DEBUG Engine               - isDeveloperMenuEnabled: false
14:09:43.698 [FXGL Background Thread 3 ] DEBUG Engine               - isEmbedded: false
14:09:43.704 [FXGL Background Thread 3 ] DEBUG Engine               - isEntityPreloadEnabled: true
14:09:43.706 [FXGL Background Thread 3 ] DEBUG Engine               - isExperimentalTiledLargeMap: false
14:09:43.706 [FXGL Background Thread 3 ] DEBUG Engine               - isFileSystemWriteAllowed: true
14:09:43.706 [FXGL Background Thread 3 ] DEBUG Engine               - isFullScreenAllowed: false
14:09:43.706 [FXGL Background Thread 3 ] DEBUG Engine               - isFullScreenFromStart: false
14:09:43.707 [FXGL Background Thread 3 ] DEBUG Engine               - isGameMenuEnabled: true
14:09:43.707 [FXGL Background Thread 3 ] DEBUG Engine               - isIOS: false
14:09:43.707 [FXGL Background Thread 3 ] DEBUG Engine               - isIntroEnabled: false
14:09:43.707 [FXGL Background Thread 3 ] DEBUG Engine               - isLinux: false
14:09:43.707 [FXGL Background Thread 3 ] DEBUG Engine               - isMac: false
14:09:43.707 [FXGL Background Thread 3 ] DEBUG Engine               - isMainMenuEnabled: false
14:09:43.707 [FXGL Background Thread 3 ] DEBUG Engine               - isManualResizeEnabled: false
14:09:43.707 [FXGL Background Thread 3 ] DEBUG Engine               - isMobile: false
14:09:43.707 [FXGL Background Thread 3 ] DEBUG Engine               - isNative: false
14:09:43.711 [FXGL Background Thread 3 ] DEBUG Engine               - isPauseMusicWhenMinimized: true
14:09:43.711 [FXGL Background Thread 3 ] DEBUG Engine               - isPreserveResizeRatio: false
14:09:43.711 [FXGL Background Thread 3 ] DEBUG Engine               - isProfilingEnabled: false
14:09:43.711 [FXGL Background Thread 3 ] DEBUG Engine               - isScaleAffectedOnResize: true
14:09:43.712 [FXGL Background Thread 3 ] DEBUG Engine               - isSingleStep: false
14:09:43.712 [FXGL Background Thread 3 ] DEBUG Engine               - isUserProfileEnabled: false
14:09:43.712 [FXGL Background Thread 3 ] DEBUG Engine               - isWindows: true
14:09:43.712 [FXGL Background Thread 3 ] DEBUG Engine               - language: ObjectProperty [value: ENGLISH]
14:09:43.712 [FXGL Background Thread 3 ] DEBUG Engine               - menuKey: ESCAPE
14:09:43.712 [FXGL Background Thread 3 ] DEBUG Engine               - mouseSensitivity: 0.2
14:09:43.712 [FXGL Background Thread 3 ] DEBUG Engine               - notificationViewClass: class com.almasb.fxgl.notification.view.XboxNotificationView
14:09:43.712 [FXGL Background Thread 3 ] DEBUG Engine               - pixelsPerMeter: 50.0
14:09:43.712 [FXGL Background Thread 3 ] DEBUG Engine               - platform: WINDOWS
14:09:43.712 [FXGL Background Thread 3 ] DEBUG Engine               - prefHeightProperty: ReadOnlyDoubleProperty [value: 500.0]
14:09:43.712 [FXGL Background Thread 3 ] DEBUG Engine               - prefWidthProperty: ReadOnlyDoubleProperty [value: 800.0]
14:09:43.713 [FXGL Background Thread 3 ] DEBUG Engine               - profileDir: profiles/
14:09:43.713 [FXGL Background Thread 3 ] DEBUG Engine               - profileName: StringProperty [value: DEFAULT]
14:09:43.713 [FXGL Background Thread 3 ] DEBUG Engine               - randomSeed: -1
14:09:43.715 [FXGL Background Thread 3 ] DEBUG Engine               - runtimeInfo: RuntimeInfo(platform=WINDOWS, version=17.3, build=30.03.2023 11.49)
14:09:43.716 [FXGL Background Thread 3 ] DEBUG Engine               - saveFileExt: sav
14:09:43.716 [FXGL Background Thread 3 ] DEBUG Engine               - scaledHeightProp$fxgl: DoubleProperty [bound, value: 500.0]
14:09:43.717 [FXGL Background Thread 3 ] DEBUG Engine               - scaledWidthProp$fxgl: DoubleProperty [bound, value: 800.0]
14:09:43.722 [FXGL Background Thread 3 ] DEBUG Engine               - sceneFactory: com.almasb.fxgl.app.scene.SceneFactory@26d17f21
14:09:43.722 [FXGL Background Thread 3 ] DEBUG Engine               - secondsIn24h: 60
14:09:43.722 [FXGL Background Thread 3 ] DEBUG Engine               - soundMenuBack: menu/back.wav
14:09:43.722 [FXGL Background Thread 3 ] DEBUG Engine               - soundMenuPress: menu/press.wav
14:09:43.722 [FXGL Background Thread 3 ] DEBUG Engine               - soundMenuSelect: menu/select.wav
14:09:43.722 [FXGL Background Thread 3 ] DEBUG Engine               - soundNotification: core/notification.wav
14:09:43.722 [FXGL Background Thread 3 ] DEBUG Engine               - stageStyle: DECORATED
14:09:43.722 [FXGL Background Thread 3 ] DEBUG Engine               - supportedLanguages: [ENGLISH, FRENCH, GERMAN, HUNGARIAN, RUSSIAN]
14:09:43.722 [FXGL Background Thread 3 ] DEBUG Engine               - ticksPerSecond: -1
14:09:43.722 [FXGL Background Thread 3 ] DEBUG Engine               - title: Server
14:09:43.723 [FXGL Background Thread 3 ] DEBUG Engine               - urlGithub: https://github.com/AlmasB/FXGL
14:09:43.723 [FXGL Background Thread 3 ] DEBUG Engine               - urlLeaderboard: http://fxgl-top.herokuapp.com/
14:09:43.723 [FXGL Background Thread 3 ] DEBUG Engine               - urlPOM: https://raw.githubusercontent.com/AlmasB/FXGL/release/README.md
14:09:43.723 [FXGL Background Thread 3 ] DEBUG Engine               - userAppClass: class Runner.ServerRunner
14:09:43.723 [FXGL Background Thread 3 ] DEBUG Engine               - version: 0.0
14:09:43.723 [FXGL Background Thread 3 ] DEBUG Engine               - versionCheckDays: 7
14:09:43.724 [FXGL Background Thread 3 ] DEBUG Engine               - width: 800
14:09:43.724 [FXGL Background Thread 3 ] DEBUG Engine               - Logging services
14:09:43.724 [FXGL Background Thread 3 ] DEBUG Engine               - class com.almasb.fxgl.app.services.FXGLAssetLoaderService
14:09:43.724 [FXGL Background Thread 3 ] DEBUG Engine               - class com.almasb.fxgl.app.FXGLApplication$GameApplicationService
14:09:43.724 [FXGL Background Thread 3 ] DEBUG Engine               - class com.almasb.fxgl.app.services.FXGLDialogService
14:09:43.724 [FXGL Background Thread 3 ] DEBUG Engine               - class com.almasb.fxgl.app.services.IOTaskExecutorService
14:09:43.724 [FXGL Background Thread 3 ] DEBUG Engine               - class com.almasb.fxgl.io.FileSystemService
14:09:43.724 [FXGL Background Thread 3 ] DEBUG Engine               - class com.almasb.fxgl.localization.LocalizationService
14:09:43.724 [FXGL Background Thread 3 ] DEBUG Engine               - class com.almasb.fxgl.app.services.SystemBundleService
14:09:43.724 [FXGL Background Thread 3 ] DEBUG Engine               - class com.almasb.fxgl.profile.SaveLoadService
14:09:43.724 [FXGL Background Thread 3 ] DEBUG Engine               - class com.almasb.fxgl.ui.FXGLUIFactoryServiceProvider
14:09:43.724 [FXGL Background Thread 3 ] DEBUG Engine               - class com.almasb.fxgl.ui.FXGLDialogFactoryServiceProvider
14:09:43.724 [FXGL Background Thread 3 ] DEBUG Engine               - class com.almasb.fxgl.audio.AudioPlayer
14:09:43.724 [FXGL Background Thread 3 ] DEBUG Engine               - class com.almasb.fxgl.notification.impl.NotificationServiceProvider
14:09:43.724 [FXGL Background Thread 3 ] DEBUG Engine               - class com.almasb.fxgl.achievement.AchievementService
14:09:43.724 [FXGL Background Thread 3 ] DEBUG Engine               - class com.almasb.fxgl.cutscene.CutsceneService
14:09:43.724 [FXGL Background Thread 3 ] DEBUG Engine               - class com.almasb.fxgl.minigames.MiniGameService
14:09:43.726 [FXGL Background Thread 3 ] DEBUG Engine               - class com.almasb.fxgl.net.NetService
14:09:43.726 [FXGL Background Thread 3 ] DEBUG Engine               - class com.almasb.fxgl.app.services.UpdaterService
14:09:43.726 [FXGL Background Thread 3 ] DEBUG Engine               - class com.almasb.fxgl.dev.DevService
14:09:43.728 [FXGL Background Thread 3 ] DEBUG Engine               - class com.almasb.fxgl.multiplayer.MultiplayerService
14:09:49.424 [ServerAsyncConnThread    ] DEBUG Endpoint             - TCPServer opening new connection (1) from /192.168.56.1:50910 type: class com.almasb.fxgl.core.serialization.Bundle
14:09:49.425 [ServerAsyncConnThread    ] DEBUG Endpoint             - TCPServer successfully opened connection (1)
14:09:49.457 [TCPServer_RecvThread-1   ] DEBUG Readers              - Getting TCPMessageReader for class com.almasb.fxgl.core.serialization.Bundle
14:09:49.457 [TCPServer_SendThread-1   ] DEBUG Writers              - Getting TCPMessageWriter for class com.almasb.fxgl.core.serialization.Bundle
14:09:49.458 [TCPServer_RecvThread-1   ] DEBUG Readers              - Constructed MessageReader for class com.almasb.fxgl.core.serialization.Bundle: BundleTCPMessageReader
14:09:49.459 [TCPServer_SendThread-1   ] DEBUG Writers              - Constructed TCPMessageWriter for class com.almasb.fxgl.core.serialization.Bundle: BundleTCPMessageWriter
14:10:17.358 [TCPServer_RecvThread-1   ] DEBUG Endpoint             - Connection 1 was unexpectedly disconnected: Connection reset
14:10:17.358 [TCPServer_RecvThread-1   ] DEBUG Connection           - Closing connection 1
14:10:17.359 [TCPServer_RecvThread-1   ] DEBUG Connection           - Connection 1 was correctly closed from local endpoint.
14:10:17.359 [TCPServer_RecvThread-1   ] DEBUG Endpoint             - TCPServer connection (1) was closed
14:10:36.935 [JavaFX Application Thread] DEBUG FXGLApplication      - Exiting FXGL
14:10:36.935 [JavaFX Application Thread] DEBUG LoopRunner           - Stopping loop
14:10:36.936 [JavaFX Application Thread] DEBUG SystemBundleService  - Saving FXGL system data
14:10:36.938 [JavaFX Application Thread] DEBUG FileSystemAccess     - Writing to: C:\Users\User\Documents\GitHub\Sonic-rush\system\fxgl.bundle
14:10:36.939 [JavaFX Application Thread] DEBUG Async                - Shutting down background threads
14:10:36.939 [JavaFX Application Thread] DEBUG PrimaryStageWindow   - Closing main window
14:10:36.955 [JavaFX Application Thread] DEBUG Logger               - Closing Logger
