11:33:02.370 [main                     ] DEBUG Logger               - Configured Logger
11:33:02.405 [main                     ] DEBUG GameApplication      - Logging settings
Title: Server
Version: 0.0
Width: 800
Height: 500
Fullscreen: false
Intro: false
Profiling: false
Single step:false
App Mode: DEVELOPER
Menu Key: ESCAPE
Stage Style: DECORATED
Scene Factory: class com.almasb.fxgl.app.scene.SceneFactory

11:33:02.921 [JavaFX Application Thread] DEBUG FXGLApplication      - Initializing FXGL
11:33:02.926 [JavaFX Application Thread] INFO  Engine               - FXGL-17.3 (30.03.2023 11.49) on WINDOWS (J:21.0.2 FX:20)
11:33:02.929 [JavaFX Application Thread] DEBUG Engine               - JRE Vendor Name: Oracle Corporation
11:33:02.930 [JavaFX Application Thread] DEBUG Engine               - Running on OS: Windows 10 version 10.0
11:33:02.930 [JavaFX Application Thread] DEBUG Engine               - Architecture: amd64
11:33:02.930 [JavaFX Application Thread] INFO  Engine               - Source code and latest versions at: https://github.com/AlmasB/FXGL
11:33:02.933 [JavaFX Application Thread] INFO  Engine               -       Ask questions and discuss at: https://github.com/AlmasB/FXGL/discussions
11:33:02.935 [JavaFX Application Thread] INFO  Engine               -              Join the FXGL chat at: https://gitter.im/AlmasB/FXGL
11:33:03.071 [JavaFX Application Thread] DEBUG PrimaryStageWindow   - Creating a JavaFX scene
11:33:03.130 [JavaFX Application Thread] DEBUG PrimaryStageWindow   - Target settings size: 800.0 x 500.0
11:33:03.130 [JavaFX Application Thread] DEBUG PrimaryStageWindow   - Scaled scene size:    800.0 x 500.0
11:33:03.130 [JavaFX Application Thread] DEBUG PrimaryStageWindow   - Scaled ratio: (1.0, 1.0)
11:33:03.131 [JavaFX Application Thread] DEBUG PrimaryStageWindow   - Set initial scene to FXGLStartupScene
11:33:03.136 [JavaFX Application Thread] DEBUG PrimaryStageWindow   - Opening main window
11:33:03.233 [JavaFX Application Thread] DEBUG PrimaryStageWindow   - Window border size: (16.0, 39.0)
11:33:03.233 [JavaFX Application Thread] DEBUG PrimaryStageWindow   - Scaled size: 800.0 x 500.0
11:33:03.233 [JavaFX Application Thread] DEBUG PrimaryStageWindow   - Scaled ratio: (1.0, 1.0)
11:33:03.233 [JavaFX Application Thread] DEBUG PrimaryStageWindow   - Scene size: 800.0 x 500.0
11:33:03.234 [JavaFX Application Thread] DEBUG PrimaryStageWindow   - Stage size: 816.0 x 539.0
11:33:03.248 [FXGL Background Thread 1 ] DEBUG Engine               - Initializing environment variables
11:33:03.314 [FXGL Background Thread 1 ] DEBUG FXGLAssetLoaderServi - User app class for loading assets: class Runner.ServerRunner
11:33:03.315 [FXGL Background Thread 1 ] DEBUG GameApplicationServi - Applying CSS: fxgl_dark.css
11:33:03.316 [FXGL Background Thread 1 ] DEBUG FXGLAssetLoaderServi - Loading from file system: jar:file:/C:/Users/User/.m2/repository/com/github/almasb/fxgl/17.3/fxgl-17.3.jar!/fxglassets/ui/css/fxgl_dark.css
11:33:03.361 [FXGL Background Thread 1 ] DEBUG GameApplicationServi - Initializing application scenes
11:33:03.448 [FXGL Background Thread 1 ] DEBUG GameWorld            - Game world initialized
11:33:03.515 [FXGL Background Thread 1 ] DEBUG PhysicsWorld         - Physics world initialized: appHeight=500, physics.ppm=50,0
11:33:03.515 [FXGL Background Thread 1 ] DEBUG PhysicsWorld         - Using strategy: BRUTE_FORCE
11:33:03.520 [FXGL Background Thread 1 ] DEBUG GameScene            - Game scene initialized: 800x500
11:33:03.534 [FXGL Background Thread 1 ] WARN  FXGL.DefaultMenu     - FXGLDefaultMenu is not designed for resolutions < 800x600
11:33:03.537 [FXGL Background Thread 1 ] DEBUG FXGL.DefaultMenu     - createMenuBodyGameMenu()
11:33:03.556 [FXGL Background Thread 1 ] DEBUG FXGL.DefaultMenu     - createOptionsMenu()
11:33:03.569 [FXGL Background Thread 1 ] DEBUG FXGLAssetLoaderServi - Loading from file system: jar:file:/C:/Users/User/.m2/repository/com/github/almasb/fxgl/17.3/fxgl-17.3.jar!/fxglassets/textures/particles/smoke.png
11:33:03.676 [FXGL Background Thread 1 ] DEBUG FXGLAssetLoaderServi - Loading from file system: jar:file:/C:/Users/User/.m2/repository/com/github/almasb/fxgl/17.3/fxgl-17.3.jar!/fxglassets/textures/particles/trace_horizontal.png
11:33:03.706 [FXGL Background Thread 1 ] DEBUG GameApplicationServi - Application scenes initialized
11:33:03.723 [FXGL Background Thread 1 ] DEBUG SystemBundleService  - Loading FXGL system data
11:33:03.727 [FXGL Background Thread 1 ] DEBUG FileSystemAccess     - Reading from: C:\Users\User\Documents\GitHub\Sonic-rush\system\fxgl.bundle
11:33:03.738 [FXGL Background Thread 1 ] DEBUG SystemBundleService  - Bundle FXGL: {}
11:33:03.738 [FXGL Background Thread 1 ] DEBUG UpdaterService       - Checking for updates
11:33:03.743 [FXGL Background Thread 1 ] DEBUG FXGLApplication      - Loading default localization
11:33:03.745 [FXGL Background Thread 1 ] DEBUG FXGLAssetLoaderServi - Loading from file system: jar:file:/C:/Users/User/.m2/repository/com/github/almasb/fxgl/17.3/fxgl-17.3.jar!/fxglassets/languages/english.lang
11:33:03.764 [FXGL Background Thread 1 ] INFO  FXGLApplication      - FXGL initialization took: 0,515 sec
11:33:03.768 [FXGL Background Thread 4 ] DEBUG FXGLApplication      - Loading fonts
11:33:03.769 [FXGL Background Thread 4 ] DEBUG FXGLAssetLoaderServi - Loading from file system: jar:file:/C:/Users/User/.m2/repository/com/github/almasb/fxgl/17.3/fxgl-17.3.jar!/fxglassets/ui/fonts/VarelaRound-Regular.ttf
11:33:03.783 [JavaFX Application Thread] DEBUG FXGLAssetLoaderServi - Loading from file system: jar:file:/C:/Users/User/.m2/repository/com/github/almasb/fxgl/17.3/fxgl-17.3.jar!/fxglassets/textures/fxgl_icon.png
11:33:03.807 [FXGL Background Thread 4 ] DEBUG FXGLAssetLoaderServi - Loading from file system: jar:file:/C:/Users/User/.m2/repository/com/github/almasb/fxgl/17.3/fxgl-17.3.jar!/fxglassets/ui/fonts/Abel-Regular.ttf
11:33:03.812 [FXGL Background Thread 4 ] DEBUG FXGLAssetLoaderServi - Loading from file system: jar:file:/C:/Users/User/.m2/repository/com/github/almasb/fxgl/17.3/fxgl-17.3.jar!/fxglassets/ui/fonts/TerminalLandMono-Regular.otf
11:33:03.816 [FXGL Background Thread 4 ] DEBUG FXGLAssetLoaderServi - Loading from file system: jar:file:/C:/Users/User/.m2/repository/com/github/almasb/fxgl/17.3/fxgl-17.3.jar!/fxglassets/ui/fonts/Courier-Prime.ttf
11:33:03.833 [JavaFX Application Thread] DEBUG FXGLAssetLoaderServi - Loading from file system: jar:file:/C:/Users/User/.m2/repository/com/github/almasb/fxgl/17.3/fxgl-17.3.jar!/fxglassets/textures/fxgl_default_cursor.png
11:33:03.845 [JavaFX Application Thread] DEBUG Input                - Registered new binding: Screenshot - CTRL+8
11:33:03.846 [JavaFX Application Thread] DEBUG Input                - Registered new binding: System info dump - CTRL+9
11:33:03.846 [JavaFX Application Thread] DEBUG Input                - Registered new binding: Restart - CTRL+R
11:33:03.847 [JavaFX Application Thread] DEBUG Input                - Registered new binding: Toggle Debug Camera - CTRL+7
11:33:03.849 [JavaFX Application Thread] DEBUG LoopRunner           - Starting loop
11:33:03.849 [JavaFX Application Thread] DEBUG LoopRunner           - Initializing JavaFX AnimationTimerLoop
11:33:03.851 [JavaFX Application Thread] DEBUG GameApplicationServi - Starting new game
11:33:03.853 [JavaFX Application Thread] DEBUG Input                - Clearing active input actions
11:33:03.866 [JavaFX Application Thread] DEBUG GameApplicationServi - Removing overlay from FXGLStartupScene and adding to FXGLLoadingScene
11:33:03.866 [JavaFX Application Thread] DEBUG PrimaryStageWindow   - FXGLStartupScene -> FXGLLoadingScene
11:33:03.867 [JavaFX Application Thread] DEBUG GameApplicationServi - Clearing previous game
11:33:03.867 [JavaFX Application Thread] DEBUG GameScene            - Clearing game scene
11:33:03.867 [JavaFX Application Thread] DEBUG GameWorld            - Clearing game world
11:33:03.867 [JavaFX Application Thread] DEBUG PhysicsWorld         - Clearing physics world
11:33:03.869 [FXGL Background Thread 4 ] DEBUG FXGLApplication      - Initializing game
11:33:03.869 [JavaFX Application Thread] DEBUG FXGLApplication      - Registering font factories with UI factory
11:33:03.957 [FXGL Background Thread 4 ] WARN  TMXLevelLoader       - TiledMap generated from 1.11.2. Supported version: 1.9.0. Some features may not be parsed fully.
11:33:03.966 [ServerAsyncConnThread    ] DEBUG TCPServer            - Starting to listen at: 50000 type: class com.almasb.fxgl.core.serialization.Bundle
11:33:04.072 [FXGL Background Thread 4 ] DEBUG TMXLevelLoader       - Parsed TiledMap: file:/C:/Users/User/Documents/GitHub/Sonic-rush/target/classes/assets/levels/mapazo.tmx
11:33:04.074 [FXGL Background Thread 4 ] DEBUG TMXLevelLoader       - Creating tile layer entities
11:33:04.076 [FXGL Background Thread 4 ] DEBUG TilesetLoader        - Loading view for layer Capa de patrones 1
11:33:04.082 [FXGL Background Thread 4 ] DEBUG TilesetLoader        - Created buffer with size 3840.0x720.0
11:33:04.112 [FXGL Background Thread 4 ] DEBUG TMXLevelLoader       - Creating object layer entities
11:33:04.143 [FXGL Background Thread 4 ] DEBUG GameWorld            - Clearing removable entities
11:33:04.144 [FXGL Background Thread 4 ] DEBUG GameWorld            - Setting level: com.almasb.fxgl.entity.level.Level@5ba45fd
11:33:04.159 [FXGL Background Thread 4 ] DEBUG FXGLAssetLoaderServi - Loading from file system: file:/C:/Users/User/Documents/GitHub/Sonic-rush/target/classes/assets/textures/Items/ring.png
11:33:04.208 [FXGL Background Thread 4 ] DEBUG FXGLAssetLoaderServi - Loading from file system: file:/C:/Users/User/Documents/GitHub/Sonic-rush/target/classes/assets/textures/Enemigos/enemigo2.png
11:33:04.224 [FXGL Background Thread 4 ] DEBUG FXGLAssetLoaderServi - Loading from file system: file:/C:/Users/User/Documents/GitHub/Sonic-rush/target/classes/assets/textures/Items/caucho.png
11:33:04.234 [FXGL Background Thread 4 ] DEBUG FXGLAssetLoaderServi - Loading from file system: file:/C:/Users/User/Documents/GitHub/Sonic-rush/target/classes/assets/textures/Items/basura.png
11:33:04.242 [FXGL Background Thread 4 ] DEBUG FXGLAssetLoaderServi - Loading from file system: file:/C:/Users/User/Documents/GitHub/Sonic-rush/target/classes/assets/textures/Items/papel.png
11:33:04.298 [FXGL Background Thread 4 ] INFO  FXGLApplication      - Game initialization took: 0,429 sec
11:33:04.305 [JavaFX Application Thread] DEBUG Input                - Clearing active input actions
11:33:04.317 [JavaFX Application Thread] DEBUG GameApplicationServi - Removing overlay from FXGLLoadingScene and adding to GameScene
11:33:04.317 [JavaFX Application Thread] DEBUG PrimaryStageWindow   - FXGLLoadingScene -> GameScene
11:33:04.612 [FXGL Background Thread 2 ] INFO  UpdaterService       - Your current version:  17.3
11:33:04.613 [FXGL Background Thread 2 ] INFO  UpdaterService       - Latest stable version: 21.1
11:33:06.924 [FXGL Background Thread 3 ] DEBUG Engine               - Logging environment variables
11:33:06.935 [FXGL Background Thread 3 ] DEBUG Engine               - achievements: []
11:33:06.935 [FXGL Background Thread 3 ] DEBUG Engine               - actualHeight: 500.0
11:33:06.935 [FXGL Background Thread 3 ] DEBUG Engine               - actualHeightProperty: ReadOnlyDoubleProperty [value: 500.0]
11:33:06.935 [FXGL Background Thread 3 ] DEBUG Engine               - actualWidth: 800.0
11:33:06.935 [FXGL Background Thread 3 ] DEBUG Engine               - actualWidthProperty: ReadOnlyDoubleProperty [value: 800.0]
11:33:06.936 [FXGL Background Thread 3 ] DEBUG Engine               - appIcon: fxgl_icon.png
11:33:06.936 [FXGL Background Thread 3 ] DEBUG Engine               - applicationMode: DEVELOPER
11:33:06.936 [FXGL Background Thread 3 ] DEBUG Engine               - cSSList: [fxgl_dark.css]
11:33:06.947 [FXGL Background Thread 3 ] DEBUG Engine               - collisionDetectionStrategy: BRUTE_FORCE
11:33:06.948 [FXGL Background Thread 3 ] DEBUG Engine               - configClass: Optional.empty
11:33:06.948 [FXGL Background Thread 3 ] DEBUG Engine               - credits: []
11:33:06.948 [FXGL Background Thread 3 ] DEBUG Engine               - defaultCursor: CursorInfo(imageName=fxgl_default_cursor.png, hotspotX=7.0, hotspotY=6.0)
11:33:06.949 [FXGL Background Thread 3 ] DEBUG Engine               - devBBoxColorProperty: ObjectProperty [value: 0xff0000ff]
11:33:06.949 [FXGL Background Thread 3 ] DEBUG Engine               - devEnableDebugCameraProperty: BooleanProperty [value: false]
11:33:06.949 [FXGL Background Thread 3 ] DEBUG Engine               - devSensorColorProperty: ObjectProperty [value: 0xffff00ff]
11:33:06.949 [FXGL Background Thread 3 ] DEBUG Engine               - devShowBBoxProperty: BooleanProperty [value: false]
11:33:06.949 [FXGL Background Thread 3 ] DEBUG Engine               - devShowPositionProperty: BooleanProperty [value: false]
11:33:06.950 [FXGL Background Thread 3 ] DEBUG Engine               - enabledMenuItems: []
11:33:06.950 [FXGL Background Thread 3 ] DEBUG Engine               - engineServices: [class com.almasb.fxgl.app.services.FXGLAssetLoaderService, class com.almasb.fxgl.app.FXGLApplication$GameApplicationService, class com.almasb.fxgl.app.services.FXGLDialogService, class com.almasb.fxgl.app.services.IOTaskExecutorService, class com.almasb.fxgl.io.FileSystemService, class com.almasb.fxgl.localization.LocalizationService, class com.almasb.fxgl.app.services.SystemBundleService, class com.almasb.fxgl.profile.SaveLoadService, class com.almasb.fxgl.ui.FXGLUIFactoryServiceProvider, class com.almasb.fxgl.ui.FXGLDialogFactoryServiceProvider, class com.almasb.fxgl.audio.AudioPlayer, class com.almasb.fxgl.notification.impl.NotificationServiceProvider, class com.almasb.fxgl.achievement.AchievementService, class com.almasb.fxgl.cutscene.CutsceneService, class com.almasb.fxgl.minigames.MiniGameService, class com.almasb.fxgl.net.NetService, class com.almasb.fxgl.app.services.UpdaterService, class com.almasb.fxgl.dev.DevService, class com.almasb.fxgl.multiplayer.MultiplayerService]
11:33:06.950 [FXGL Background Thread 3 ] DEBUG Engine               - fontGame: Abel-Regular.ttf
11:33:06.950 [FXGL Background Thread 3 ] DEBUG Engine               - fontMono: TerminalLandMono-Regular.otf
11:33:06.950 [FXGL Background Thread 3 ] DEBUG Engine               - fontSizeScaleUI: 1.0
11:33:06.950 [FXGL Background Thread 3 ] DEBUG Engine               - fontText: Courier-Prime.ttf
11:33:06.950 [FXGL Background Thread 3 ] DEBUG Engine               - fontUI: VarelaRound-Regular.ttf
11:33:06.950 [FXGL Background Thread 3 ] DEBUG Engine               - fullScreen: BooleanProperty [value: false]
11:33:06.950 [FXGL Background Thread 3 ] DEBUG Engine               - gameDifficulty: MEDIUM
11:33:06.950 [FXGL Background Thread 3 ] DEBUG Engine               - gameDifficultyProperty: ObjectProperty [value: MEDIUM]
11:33:06.950 [FXGL Background Thread 3 ] DEBUG Engine               - globalMusicVolume: 0.5
11:33:06.950 [FXGL Background Thread 3 ] DEBUG Engine               - globalMusicVolumeProperty: DoubleProperty [value: 0.5]
11:33:06.950 [FXGL Background Thread 3 ] DEBUG Engine               - globalSoundVolume: 0.5
11:33:06.950 [FXGL Background Thread 3 ] DEBUG Engine               - globalSoundVolumeProperty: DoubleProperty [value: 0.5]
11:33:06.950 [FXGL Background Thread 3 ] DEBUG Engine               - height: 500
11:33:06.950 [FXGL Background Thread 3 ] DEBUG Engine               - is3D: false
11:33:06.951 [FXGL Background Thread 3 ] DEBUG Engine               - isAndroid: false
11:33:06.951 [FXGL Background Thread 3 ] DEBUG Engine               - isBrowser: false
11:33:06.951 [FXGL Background Thread 3 ] DEBUG Engine               - isClickFeedbackEnabled: false
11:33:06.952 [FXGL Background Thread 3 ] DEBUG Engine               - isCloseConfirmation: false
11:33:06.952 [FXGL Background Thread 3 ] DEBUG Engine               - isDesktop: true
11:33:06.954 [FXGL Background Thread 3 ] DEBUG Engine               - isDeveloperMenuEnabled: false
11:33:06.954 [FXGL Background Thread 3 ] DEBUG Engine               - isEmbedded: false
11:33:06.955 [FXGL Background Thread 3 ] DEBUG Engine               - isEntityPreloadEnabled: true
11:33:06.956 [FXGL Background Thread 3 ] DEBUG Engine               - isExperimentalTiledLargeMap: false
11:33:06.956 [FXGL Background Thread 3 ] DEBUG Engine               - isFileSystemWriteAllowed: true
11:33:06.956 [FXGL Background Thread 3 ] DEBUG Engine               - isFullScreenAllowed: false
11:33:06.956 [FXGL Background Thread 3 ] DEBUG Engine               - isFullScreenFromStart: false
11:33:06.956 [FXGL Background Thread 3 ] DEBUG Engine               - isGameMenuEnabled: true
11:33:06.956 [FXGL Background Thread 3 ] DEBUG Engine               - isIOS: false
11:33:06.956 [FXGL Background Thread 3 ] DEBUG Engine               - isIntroEnabled: false
11:33:06.956 [FXGL Background Thread 3 ] DEBUG Engine               - isLinux: false
11:33:06.956 [FXGL Background Thread 3 ] DEBUG Engine               - isMac: false
11:33:06.956 [FXGL Background Thread 3 ] DEBUG Engine               - isMainMenuEnabled: false
11:33:06.957 [FXGL Background Thread 3 ] DEBUG Engine               - isManualResizeEnabled: false
11:33:06.957 [FXGL Background Thread 3 ] DEBUG Engine               - isMobile: false
11:33:06.957 [FXGL Background Thread 3 ] DEBUG Engine               - isNative: false
11:33:06.957 [FXGL Background Thread 3 ] DEBUG Engine               - isPauseMusicWhenMinimized: true
11:33:06.957 [FXGL Background Thread 3 ] DEBUG Engine               - isPreserveResizeRatio: false
11:33:06.957 [FXGL Background Thread 3 ] DEBUG Engine               - isProfilingEnabled: false
11:33:06.957 [FXGL Background Thread 3 ] DEBUG Engine               - isScaleAffectedOnResize: true
11:33:06.957 [FXGL Background Thread 3 ] DEBUG Engine               - isSingleStep: false
11:33:06.957 [FXGL Background Thread 3 ] DEBUG Engine               - isUserProfileEnabled: false
11:33:06.957 [FXGL Background Thread 3 ] DEBUG Engine               - isWindows: true
11:33:06.957 [FXGL Background Thread 3 ] DEBUG Engine               - language: ObjectProperty [value: ENGLISH]
11:33:06.957 [FXGL Background Thread 3 ] DEBUG Engine               - menuKey: ESCAPE
11:33:06.957 [FXGL Background Thread 3 ] DEBUG Engine               - mouseSensitivity: 0.2
11:33:06.957 [FXGL Background Thread 3 ] DEBUG Engine               - notificationViewClass: class com.almasb.fxgl.notification.view.XboxNotificationView
11:33:06.957 [FXGL Background Thread 3 ] DEBUG Engine               - pixelsPerMeter: 50.0
11:33:06.957 [FXGL Background Thread 3 ] DEBUG Engine               - platform: WINDOWS
11:33:06.957 [FXGL Background Thread 3 ] DEBUG Engine               - prefHeightProperty: ReadOnlyDoubleProperty [value: 500.0]
11:33:06.958 [FXGL Background Thread 3 ] DEBUG Engine               - prefWidthProperty: ReadOnlyDoubleProperty [value: 800.0]
11:33:06.958 [FXGL Background Thread 3 ] DEBUG Engine               - profileDir: profiles/
11:33:06.958 [FXGL Background Thread 3 ] DEBUG Engine               - profileName: StringProperty [value: DEFAULT]
11:33:06.958 [FXGL Background Thread 3 ] DEBUG Engine               - randomSeed: -1
11:33:06.958 [FXGL Background Thread 3 ] DEBUG Engine               - runtimeInfo: RuntimeInfo(platform=WINDOWS, version=17.3, build=30.03.2023 11.49)
11:33:06.959 [FXGL Background Thread 3 ] DEBUG Engine               - saveFileExt: sav
11:33:06.959 [FXGL Background Thread 3 ] DEBUG Engine               - scaledHeightProp$fxgl: DoubleProperty [bound, value: 500.0]
11:33:06.959 [FXGL Background Thread 3 ] DEBUG Engine               - scaledWidthProp$fxgl: DoubleProperty [bound, value: 800.0]
11:33:06.959 [FXGL Background Thread 3 ] DEBUG Engine               - sceneFactory: com.almasb.fxgl.app.scene.SceneFactory@6474f586
11:33:06.959 [FXGL Background Thread 3 ] DEBUG Engine               - secondsIn24h: 60
11:33:06.959 [FXGL Background Thread 3 ] DEBUG Engine               - soundMenuBack: menu/back.wav
11:33:06.959 [FXGL Background Thread 3 ] DEBUG Engine               - soundMenuPress: menu/press.wav
11:33:06.959 [FXGL Background Thread 3 ] DEBUG Engine               - soundMenuSelect: menu/select.wav
11:33:06.959 [FXGL Background Thread 3 ] DEBUG Engine               - soundNotification: core/notification.wav
11:33:06.959 [FXGL Background Thread 3 ] DEBUG Engine               - stageStyle: DECORATED
11:33:06.959 [FXGL Background Thread 3 ] DEBUG Engine               - supportedLanguages: [ENGLISH, FRENCH, GERMAN, HUNGARIAN, RUSSIAN]
11:33:06.960 [FXGL Background Thread 3 ] DEBUG Engine               - ticksPerSecond: -1
11:33:06.961 [FXGL Background Thread 3 ] DEBUG Engine               - title: Server
11:33:06.961 [FXGL Background Thread 3 ] DEBUG Engine               - urlGithub: https://github.com/AlmasB/FXGL
11:33:06.961 [FXGL Background Thread 3 ] DEBUG Engine               - urlLeaderboard: http://fxgl-top.herokuapp.com/
11:33:06.961 [FXGL Background Thread 3 ] DEBUG Engine               - urlPOM: https://raw.githubusercontent.com/AlmasB/FXGL/release/README.md
11:33:06.962 [FXGL Background Thread 3 ] DEBUG Engine               - userAppClass: class Runner.ServerRunner
11:33:06.962 [FXGL Background Thread 3 ] DEBUG Engine               - version: 0.0
11:33:06.962 [FXGL Background Thread 3 ] DEBUG Engine               - versionCheckDays: 7
11:33:06.962 [FXGL Background Thread 3 ] DEBUG Engine               - width: 800
11:33:06.962 [FXGL Background Thread 3 ] DEBUG Engine               - Logging services
11:33:06.962 [FXGL Background Thread 3 ] DEBUG Engine               - class com.almasb.fxgl.app.services.FXGLAssetLoaderService
11:33:06.962 [FXGL Background Thread 3 ] DEBUG Engine               - class com.almasb.fxgl.app.FXGLApplication$GameApplicationService
11:33:06.962 [FXGL Background Thread 3 ] DEBUG Engine               - class com.almasb.fxgl.app.services.FXGLDialogService
11:33:06.962 [FXGL Background Thread 3 ] DEBUG Engine               - class com.almasb.fxgl.app.services.IOTaskExecutorService
11:33:06.962 [FXGL Background Thread 3 ] DEBUG Engine               - class com.almasb.fxgl.io.FileSystemService
11:33:06.962 [FXGL Background Thread 3 ] DEBUG Engine               - class com.almasb.fxgl.localization.LocalizationService
11:33:06.962 [FXGL Background Thread 3 ] DEBUG Engine               - class com.almasb.fxgl.app.services.SystemBundleService
11:33:06.962 [FXGL Background Thread 3 ] DEBUG Engine               - class com.almasb.fxgl.profile.SaveLoadService
11:33:06.962 [FXGL Background Thread 3 ] DEBUG Engine               - class com.almasb.fxgl.ui.FXGLUIFactoryServiceProvider
11:33:06.962 [FXGL Background Thread 3 ] DEBUG Engine               - class com.almasb.fxgl.ui.FXGLDialogFactoryServiceProvider
11:33:06.963 [FXGL Background Thread 3 ] DEBUG Engine               - class com.almasb.fxgl.audio.AudioPlayer
11:33:06.963 [FXGL Background Thread 3 ] DEBUG Engine               - class com.almasb.fxgl.notification.impl.NotificationServiceProvider
11:33:06.963 [FXGL Background Thread 3 ] DEBUG Engine               - class com.almasb.fxgl.achievement.AchievementService
11:33:06.963 [FXGL Background Thread 3 ] DEBUG Engine               - class com.almasb.fxgl.cutscene.CutsceneService
11:33:06.963 [FXGL Background Thread 3 ] DEBUG Engine               - class com.almasb.fxgl.minigames.MiniGameService
11:33:06.963 [FXGL Background Thread 3 ] DEBUG Engine               - class com.almasb.fxgl.net.NetService
11:33:06.963 [FXGL Background Thread 3 ] DEBUG Engine               - class com.almasb.fxgl.app.services.UpdaterService
11:33:06.963 [FXGL Background Thread 3 ] DEBUG Engine               - class com.almasb.fxgl.dev.DevService
11:33:06.967 [FXGL Background Thread 3 ] DEBUG Engine               - class com.almasb.fxgl.multiplayer.MultiplayerService
11:33:11.478 [ServerAsyncConnThread    ] DEBUG Endpoint             - TCPServer opening new connection (1) from /192.168.88.254:56539 type: class com.almasb.fxgl.core.serialization.Bundle
11:33:11.480 [ServerAsyncConnThread    ] DEBUG Endpoint             - TCPServer successfully opened connection (1)
11:33:11.493 [TCPServer_SendThread-1   ] DEBUG Writers              - Getting TCPMessageWriter for class com.almasb.fxgl.core.serialization.Bundle
11:33:11.494 [TCPServer_RecvThread-1   ] DEBUG Readers              - Getting TCPMessageReader for class com.almasb.fxgl.core.serialization.Bundle
11:33:11.494 [TCPServer_RecvThread-1   ] DEBUG Readers              - Constructed MessageReader for class com.almasb.fxgl.core.serialization.Bundle: BundleTCPMessageReader
11:33:54.064 [JavaFX Application Thread] DEBUG FXGLAssetLoaderServi - Loading from file system: file:/C:/Users/User/Documents/GitHub/Sonic-rush/target/classes/assets/textures/Enemigos/eggman2.png
11:34:03.507 [JavaFX Application Thread] DEBUG FXGLApplication      - Exiting FXGL
11:34:03.507 [JavaFX Application Thread] DEBUG LoopRunner           - Stopping loop
11:34:03.507 [JavaFX Application Thread] DEBUG SystemBundleService  - Saving FXGL system data
11:34:03.509 [JavaFX Application Thread] DEBUG FileSystemAccess     - Writing to: C:\Users\User\Documents\GitHub\Sonic-rush\system\fxgl.bundle
11:34:03.509 [JavaFX Application Thread] DEBUG Async                - Shutting down background threads
11:34:03.510 [JavaFX Application Thread] DEBUG PrimaryStageWindow   - Closing main window
11:34:03.518 [JavaFX Application Thread] DEBUG Logger               - Closing Logger
