21:55:38.836 [main                     ] DEBUG Logger               - Configured Logger
21:55:38.875 [main                     ] DEBUG GameApplication      - Logging settings
Title: Server
Version: 0.0
Width: 800
Height: 500
Fullscreen: false
Intro: false
Profiling: false
Single step:false
App Mode: DEVELOPER
Menu Key: ESCAPE
Stage Style: DECORATED
Scene Factory: class com.almasb.fxgl.app.scene.SceneFactory

21:55:39.510 [JavaFX Application Thread] DEBUG FXGLApplication      - Initializing FXGL
21:55:39.520 [JavaFX Application Thread] INFO  Engine               - FXGL-17.3 (30.03.2023 11.49) on WINDOWS (J:21.0.2 FX:20)
21:55:39.522 [JavaFX Application Thread] DEBUG Engine               - JRE Vendor Name: Oracle Corporation
21:55:39.522 [JavaFX Application Thread] DEBUG Engine               - Running on OS: Windows 10 version 10.0
21:55:39.522 [JavaFX Application Thread] DEBUG Engine               - Architecture: amd64
21:55:39.523 [JavaFX Application Thread] INFO  Engine               - Source code and latest versions at: https://github.com/AlmasB/FXGL
21:55:39.527 [JavaFX Application Thread] INFO  Engine               -       Ask questions and discuss at: https://github.com/AlmasB/FXGL/discussions
21:55:39.530 [JavaFX Application Thread] INFO  Engine               -              Join the FXGL chat at: https://gitter.im/AlmasB/FXGL
21:55:39.741 [JavaFX Application Thread] DEBUG PrimaryStageWindow   - Creating a JavaFX scene
21:55:39.856 [JavaFX Application Thread] DEBUG PrimaryStageWindow   - Target settings size: 800.0 x 500.0
21:55:39.856 [JavaFX Application Thread] DEBUG PrimaryStageWindow   - Scaled scene size:    800.0 x 500.0
21:55:39.856 [JavaFX Application Thread] DEBUG PrimaryStageWindow   - Scaled ratio: (1.0, 1.0)
21:55:39.857 [JavaFX Application Thread] DEBUG PrimaryStageWindow   - Set initial scene to FXGLStartupScene
21:55:39.861 [JavaFX Application Thread] DEBUG PrimaryStageWindow   - Opening main window
21:55:40.109 [JavaFX Application Thread] DEBUG PrimaryStageWindow   - Window border size: (16.0, 39.0)
21:55:40.109 [JavaFX Application Thread] DEBUG PrimaryStageWindow   - Scaled size: 800.0 x 500.0
21:55:40.109 [JavaFX Application Thread] DEBUG PrimaryStageWindow   - Scaled ratio: (1.0, 1.0)
21:55:40.112 [JavaFX Application Thread] DEBUG PrimaryStageWindow   - Scene size: 800.0 x 500.0
21:55:40.112 [JavaFX Application Thread] DEBUG PrimaryStageWindow   - Stage size: 816.0 x 539.0
21:55:40.156 [FXGL Background Thread 1 ] DEBUG Engine               - Initializing environment variables
21:55:40.225 [FXGL Background Thread 1 ] DEBUG FXGLAssetLoaderServi - User app class for loading assets: class Runner.ServerRunner
21:55:40.226 [FXGL Background Thread 1 ] DEBUG GameApplicationServi - Applying CSS: fxgl_dark.css
21:55:40.227 [FXGL Background Thread 1 ] DEBUG FXGLAssetLoaderServi - Loading from file system: jar:file:/C:/Users/User/.m2/repository/com/github/almasb/fxgl/17.3/fxgl-17.3.jar!/fxglassets/ui/css/fxgl_dark.css
21:55:40.436 [FXGL Background Thread 1 ] DEBUG GameApplicationServi - Initializing application scenes
21:55:40.617 [FXGL Background Thread 1 ] DEBUG GameWorld            - Game world initialized
21:55:40.869 [FXGL Background Thread 1 ] DEBUG PhysicsWorld         - Physics world initialized: appHeight=500, physics.ppm=50,0
21:55:40.869 [FXGL Background Thread 1 ] DEBUG PhysicsWorld         - Using strategy: BRUTE_FORCE
21:55:40.875 [FXGL Background Thread 1 ] DEBUG GameScene            - Game scene initialized: 800x500
21:55:40.889 [FXGL Background Thread 1 ] WARN  FXGL.DefaultMenu     - FXGLDefaultMenu is not designed for resolutions < 800x600
21:55:40.899 [FXGL Background Thread 1 ] DEBUG FXGL.DefaultMenu     - createMenuBodyGameMenu()
21:55:40.946 [FXGL Background Thread 1 ] DEBUG FXGL.DefaultMenu     - createOptionsMenu()
21:55:40.973 [FXGL Background Thread 1 ] DEBUG FXGLAssetLoaderServi - Loading from file system: jar:file:/C:/Users/User/.m2/repository/com/github/almasb/fxgl/17.3/fxgl-17.3.jar!/fxglassets/textures/particles/smoke.png
21:55:41.225 [FXGL Background Thread 1 ] DEBUG FXGLAssetLoaderServi - Loading from file system: jar:file:/C:/Users/User/.m2/repository/com/github/almasb/fxgl/17.3/fxgl-17.3.jar!/fxglassets/textures/particles/trace_horizontal.png
21:55:41.268 [FXGL Background Thread 1 ] DEBUG GameApplicationServi - Application scenes initialized
21:55:41.290 [FXGL Background Thread 1 ] DEBUG SystemBundleService  - Loading FXGL system data
21:55:41.294 [FXGL Background Thread 1 ] WARN  SystemBundleService  - Failed to load: java.io.FileNotFoundException: C:\Users\User\Documents\GitHub\Sonic-rush\system\fxgl.bundle (El sistema no puede encontrar el archivo especificado)
21:55:41.295 [FXGL Background Thread 1 ] DEBUG SystemBundleService  - Loading default FXGL system data
21:55:41.296 [FXGL Background Thread 1 ] DEBUG UpdaterService       - Checking for updates
21:55:41.305 [FXGL Background Thread 1 ] DEBUG FXGLApplication      - Loading default localization
21:55:41.307 [FXGL Background Thread 1 ] DEBUG FXGLAssetLoaderServi - Loading from file system: jar:file:/C:/Users/User/.m2/repository/com/github/almasb/fxgl/17.3/fxgl-17.3.jar!/fxglassets/languages/english.lang
21:55:41.443 [FXGL Background Thread 4 ] DEBUG FXGLApplication      - Loading fonts
21:55:41.444 [FXGL Background Thread 4 ] DEBUG FXGLAssetLoaderServi - Loading from file system: jar:file:/C:/Users/User/.m2/repository/com/github/almasb/fxgl/17.3/fxgl-17.3.jar!/fxglassets/ui/fonts/VarelaRound-Regular.ttf
21:55:41.484 [FXGL Background Thread 1 ] INFO  FXGLApplication      - FXGL initialization took: 1,328 sec
21:55:41.510 [JavaFX Application Thread] DEBUG FXGLAssetLoaderServi - Loading from file system: jar:file:/C:/Users/User/.m2/repository/com/github/almasb/fxgl/17.3/fxgl-17.3.jar!/fxglassets/textures/fxgl_icon.png
21:55:41.577 [JavaFX Application Thread] DEBUG FXGLAssetLoaderServi - Loading from file system: jar:file:/C:/Users/User/.m2/repository/com/github/almasb/fxgl/17.3/fxgl-17.3.jar!/fxglassets/textures/fxgl_default_cursor.png
21:55:41.592 [JavaFX Application Thread] DEBUG Input                - Registered new binding: Screenshot - CTRL+8
21:55:41.593 [JavaFX Application Thread] DEBUG Input                - Registered new binding: System info dump - CTRL+9
21:55:41.594 [JavaFX Application Thread] DEBUG Input                - Registered new binding: Restart - CTRL+R
21:55:41.599 [JavaFX Application Thread] DEBUG Input                - Registered new binding: Toggle Debug Camera - CTRL+7
21:55:41.608 [JavaFX Application Thread] DEBUG LoopRunner           - Starting loop
21:55:41.608 [JavaFX Application Thread] DEBUG LoopRunner           - Initializing JavaFX AnimationTimerLoop
21:55:41.610 [JavaFX Application Thread] DEBUG GameApplicationServi - Starting new game
21:55:41.611 [JavaFX Application Thread] DEBUG Input                - Clearing active input actions
21:55:41.665 [JavaFX Application Thread] DEBUG GameApplicationServi - Removing overlay from FXGLStartupScene and adding to FXGLLoadingScene
21:55:41.700 [JavaFX Application Thread] DEBUG PrimaryStageWindow   - FXGLStartupScene -> FXGLLoadingScene
21:55:41.711 [JavaFX Application Thread] DEBUG GameApplicationServi - Clearing previous game
21:55:41.735 [JavaFX Application Thread] DEBUG GameScene            - Clearing game scene
21:55:41.735 [JavaFX Application Thread] DEBUG GameWorld            - Clearing game world
21:55:41.736 [FXGL Background Thread 4 ] DEBUG FXGLAssetLoaderServi - Loading from file system: jar:file:/C:/Users/User/.m2/repository/com/github/almasb/fxgl/17.3/fxgl-17.3.jar!/fxglassets/ui/fonts/Abel-Regular.ttf
21:55:41.735 [JavaFX Application Thread] DEBUG PhysicsWorld         - Clearing physics world
21:55:41.740 [FXGL Background Thread 1 ] DEBUG FXGLApplication      - Initializing game
21:55:41.765 [FXGL Background Thread 4 ] DEBUG FXGLAssetLoaderServi - Loading from file system: jar:file:/C:/Users/User/.m2/repository/com/github/almasb/fxgl/17.3/fxgl-17.3.jar!/fxglassets/ui/fonts/TerminalLandMono-Regular.otf
21:55:41.801 [FXGL Background Thread 4 ] DEBUG FXGLAssetLoaderServi - Loading from file system: jar:file:/C:/Users/User/.m2/repository/com/github/almasb/fxgl/17.3/fxgl-17.3.jar!/fxglassets/ui/fonts/Courier-Prime.ttf
21:55:41.934 [JavaFX Application Thread] DEBUG FXGLApplication      - Registering font factories with UI factory
21:55:41.973 [ServerAsyncConnThread    ] DEBUG TCPServer            - Starting to listen at: 55555 type: class com.almasb.fxgl.core.serialization.Bundle
21:55:42.001 [FXGL Background Thread 1 ] DEBUG TMXLevelLoader       - Parsed TiledMap: file:/C:/Users/User/Documents/GitHub/Sonic-rush/target/classes/assets/levels/mapazo.tmx
21:55:42.003 [FXGL Background Thread 1 ] DEBUG TMXLevelLoader       - Creating tile layer entities
21:55:42.005 [FXGL Background Thread 1 ] DEBUG TilesetLoader        - Loading view for layer Capa de patrones 1
21:55:42.010 [FXGL Background Thread 1 ] DEBUG TilesetLoader        - Created buffer with size 3840.0x720.0
21:55:42.070 [FXGL Background Thread 1 ] DEBUG TMXLevelLoader       - Creating object layer entities
21:55:42.177 [FXGL Background Thread 1 ] DEBUG GameWorld            - Clearing removable entities
21:55:42.177 [FXGL Background Thread 1 ] DEBUG GameWorld            - Setting level: com.almasb.fxgl.entity.level.Level@36568a2c
21:55:42.239 [FXGL Background Thread 1 ] DEBUG FXGLAssetLoaderServi - Loading from file system: file:/C:/Users/User/Documents/GitHub/Sonic-rush/target/classes/assets/textures/Items/ring.png
21:55:42.347 [FXGL Background Thread 1 ] DEBUG FXGLAssetLoaderServi - Loading from file system: file:/C:/Users/User/Documents/GitHub/Sonic-rush/target/classes/assets/textures/Enemigos/enemigo.png
21:55:42.433 [FXGL Background Thread 1 ] DEBUG FXGLAssetLoaderServi - Loading from file system: file:/C:/Users/User/Documents/GitHub/Sonic-rush/target/classes/assets/textures/Items/papel.png
21:55:42.437 [FXGL Background Thread 1 ] DEBUG FXGLAssetLoaderServi - Loading from file system: file:/C:/Users/User/Documents/GitHub/Sonic-rush/target/classes/assets/textures/Items/basura.png
21:55:42.448 [FXGL Background Thread 1 ] DEBUG FXGLAssetLoaderServi - Loading from file system: file:/C:/Users/User/Documents/GitHub/Sonic-rush/target/classes/assets/textures/Items/caucho.png
21:55:42.496 [FXGL Background Thread 1 ] INFO  FXGLApplication      - Game initialization took: 0,756 sec
21:55:42.512 [JavaFX Application Thread] DEBUG Input                - Clearing active input actions
21:55:42.524 [JavaFX Application Thread] DEBUG GameApplicationServi - Removing overlay from FXGLLoadingScene and adding to GameScene
21:55:42.524 [JavaFX Application Thread] DEBUG PrimaryStageWindow   - FXGLLoadingScene -> GameScene
21:55:42.567 [FXGL Background Thread 2 ] INFO  UpdaterService       - Your current version:  17.3
21:55:42.571 [FXGL Background Thread 2 ] INFO  UpdaterService       - Latest stable version: 21.1
21:55:43.704 [JavaFX Application Thread] DEBUG FXGLApplication      - Exiting FXGL
21:55:43.704 [JavaFX Application Thread] DEBUG LoopRunner           - Stopping loop
21:55:43.704 [JavaFX Application Thread] DEBUG SystemBundleService  - Saving FXGL system data
21:55:43.706 [JavaFX Application Thread] DEBUG FileSystemAccess     - Writing to: C:\Users\User\Documents\GitHub\Sonic-rush\system\fxgl.bundle
21:55:43.716 [JavaFX Application Thread] DEBUG Async                - Shutting down background threads
21:55:43.716 [JavaFX Application Thread] DEBUG PrimaryStageWindow   - Closing main window
21:55:43.777 [JavaFX Application Thread] DEBUG Logger               - Closing Logger
