14:28:46.956 [main                     ] DEBUG Logger               - Configured Logger
14:28:47.025 [main                     ] DEBUG GameApplication      - Logging settings
Title: Server
Version: 0.0
Width: 800
Height: 500
Fullscreen: false
Intro: false
Profiling: false
Single step:false
App Mode: DEVELOPER
Menu Key: ESCAPE
Stage Style: DECORATED
Scene Factory: class com.almasb.fxgl.app.scene.SceneFactory

14:28:47.699 [JavaFX Application Thread] DEBUG FXGLApplication      - Initializing FXGL
14:28:47.711 [JavaFX Application Thread] INFO  Engine               - FXGL-17.3 (30.03.2023 11.49) on WINDOWS (J:17.0.12 FX:20)
14:28:47.711 [JavaFX Application Thread] DEBUG Engine               - JRE Vendor Name: Oracle Corporation
14:28:47.712 [JavaFX Application Thread] DEBUG Engine               - Running on OS: Windows 10 version 10.0
14:28:47.712 [JavaFX Application Thread] DEBUG Engine               - Architecture: amd64
14:28:47.712 [JavaFX Application Thread] INFO  Engine               - Source code and latest versions at: https://github.com/AlmasB/FXGL
14:28:47.712 [JavaFX Application Thread] INFO  Engine               -       Ask questions and discuss at: https://github.com/AlmasB/FXGL/discussions
14:28:47.713 [JavaFX Application Thread] INFO  Engine               -              Join the FXGL chat at: https://gitter.im/AlmasB/FXGL
14:28:47.990 [JavaFX Application Thread] DEBUG PrimaryStageWindow   - Creating a JavaFX scene
14:28:48.107 [JavaFX Application Thread] DEBUG PrimaryStageWindow   - Target settings size: 800.0 x 500.0
14:28:48.109 [JavaFX Application Thread] DEBUG PrimaryStageWindow   - Scaled scene size:    800.0 x 500.0
14:28:48.110 [JavaFX Application Thread] DEBUG PrimaryStageWindow   - Scaled ratio: (1.0, 1.0)
14:28:48.112 [JavaFX Application Thread] DEBUG PrimaryStageWindow   - Set initial scene to FXGLStartupScene
14:28:48.121 [JavaFX Application Thread] DEBUG PrimaryStageWindow   - Opening main window
14:28:48.335 [JavaFX Application Thread] DEBUG PrimaryStageWindow   - Window border size: (14.4000244140625, 37.5999755859375)
14:28:48.340 [JavaFX Application Thread] DEBUG PrimaryStageWindow   - Scaled size: 800.0 x 500.0
14:28:48.344 [JavaFX Application Thread] DEBUG PrimaryStageWindow   - Scaled ratio: (1.0, 1.0)
14:28:48.344 [JavaFX Application Thread] DEBUG PrimaryStageWindow   - Scene size: 800.0 x 500.0
14:28:48.345 [JavaFX Application Thread] DEBUG PrimaryStageWindow   - Stage size: 814.4000244140625 x 537.5999755859375
14:28:48.612 [FXGL Background Thread 1 ] DEBUG Engine               - Initializing environment variables
14:28:48.765 [FXGL Background Thread 1 ] DEBUG FXGLAssetLoaderServi - User app class for loading assets: class Runner.ServerRunner
14:28:48.765 [FXGL Background Thread 1 ] DEBUG GameApplicationServi - Applying CSS: fxgl_dark.css
14:28:48.767 [FXGL Background Thread 1 ] DEBUG FXGLAssetLoaderServi - Loading from file system: jar:file:/C:/Users/Owner/.m2/repository/com/github/almasb/fxgl/17.3/fxgl-17.3.jar!/fxglassets/ui/css/fxgl_dark.css
14:28:49.039 [FXGL Background Thread 1 ] DEBUG GameApplicationServi - Initializing application scenes
14:28:49.385 [FXGL Background Thread 1 ] DEBUG GameWorld            - Game world initialized
14:28:49.696 [FXGL Background Thread 1 ] DEBUG PhysicsWorld         - Physics world initialized: appHeight=500, physics.ppm=50.0
14:28:49.697 [FXGL Background Thread 1 ] DEBUG PhysicsWorld         - Using strategy: BRUTE_FORCE
14:28:49.747 [FXGL Background Thread 1 ] DEBUG GameScene            - Game scene initialized: 800x500
14:28:49.784 [FXGL Background Thread 1 ] WARN  FXGL.DefaultMenu     - FXGLDefaultMenu is not designed for resolutions < 800x600
14:28:49.862 [FXGL Background Thread 1 ] DEBUG FXGL.DefaultMenu     - createMenuBodyGameMenu()
14:28:50.065 [FXGL Background Thread 1 ] DEBUG FXGL.DefaultMenu     - createOptionsMenu()
14:28:50.249 [FXGL Background Thread 1 ] DEBUG FXGLAssetLoaderServi - Loading from file system: jar:file:/C:/Users/Owner/.m2/repository/com/github/almasb/fxgl/17.3/fxgl-17.3.jar!/fxglassets/textures/particles/smoke.png
14:28:50.682 [FXGL Background Thread 1 ] DEBUG FXGLAssetLoaderServi - Loading from file system: jar:file:/C:/Users/Owner/.m2/repository/com/github/almasb/fxgl/17.3/fxgl-17.3.jar!/fxglassets/textures/particles/trace_horizontal.png
14:28:50.791 [FXGL Background Thread 1 ] DEBUG GameApplicationServi - Application scenes initialized
14:28:50.822 [FXGL Background Thread 1 ] DEBUG SystemBundleService  - Loading FXGL system data
14:28:50.831 [FXGL Background Thread 1 ] DEBUG FileSystemAccess     - Reading from: C:\Users\Owner\Desktop\Sonic-rush\system\fxgl.bundle
14:28:50.850 [FXGL Background Thread 1 ] DEBUG SystemBundleService  - Bundle FXGL: {}
14:28:50.850 [FXGL Background Thread 1 ] DEBUG UpdaterService       - Checking for updates
14:28:50.859 [FXGL Background Thread 1 ] DEBUG FXGLApplication      - Loading default localization
14:28:50.860 [FXGL Background Thread 1 ] DEBUG FXGLAssetLoaderServi - Loading from file system: jar:file:/C:/Users/Owner/.m2/repository/com/github/almasb/fxgl/17.3/fxgl-17.3.jar!/fxglassets/languages/english.lang
14:28:50.925 [FXGL Background Thread 1 ] INFO  FXGLApplication      - FXGL initialization took: 2.313 sec
14:28:50.969 [JavaFX Application Thread] DEBUG FXGLAssetLoaderServi - Loading from file system: jar:file:/C:/Users/Owner/.m2/repository/com/github/almasb/fxgl/17.3/fxgl-17.3.jar!/fxglassets/textures/fxgl_icon.png
14:28:50.989 [FXGL Background Thread 4 ] DEBUG FXGLApplication      - Loading fonts
14:28:50.989 [FXGL Background Thread 4 ] DEBUG FXGLAssetLoaderServi - Loading from file system: jar:file:/C:/Users/Owner/.m2/repository/com/github/almasb/fxgl/17.3/fxgl-17.3.jar!/fxglassets/ui/fonts/VarelaRound-Regular.ttf
14:28:51.183 [JavaFX Application Thread] DEBUG FXGLAssetLoaderServi - Loading from file system: jar:file:/C:/Users/Owner/.m2/repository/com/github/almasb/fxgl/17.3/fxgl-17.3.jar!/fxglassets/textures/fxgl_default_cursor.png
14:28:51.204 [JavaFX Application Thread] DEBUG Input                - Registered new binding: Screenshot - CTRL+8
14:28:51.210 [JavaFX Application Thread] DEBUG Input                - Registered new binding: System info dump - CTRL+9
14:28:51.212 [JavaFX Application Thread] DEBUG Input                - Registered new binding: Restart - CTRL+R
14:28:51.214 [JavaFX Application Thread] DEBUG Input                - Registered new binding: Toggle Debug Camera - CTRL+7
14:28:51.217 [JavaFX Application Thread] DEBUG LoopRunner           - Starting loop
14:28:51.218 [JavaFX Application Thread] DEBUG LoopRunner           - Initializing JavaFX AnimationTimerLoop
14:28:51.224 [JavaFX Application Thread] DEBUG GameApplicationServi - Starting new game
14:28:51.226 [JavaFX Application Thread] DEBUG Input                - Clearing active input actions
14:28:51.295 [JavaFX Application Thread] DEBUG GameApplicationServi - Removing overlay from FXGLStartupScene and adding to FXGLLoadingScene
14:28:51.296 [JavaFX Application Thread] DEBUG PrimaryStageWindow   - FXGLStartupScene -> FXGLLoadingScene
14:28:51.296 [JavaFX Application Thread] DEBUG GameApplicationServi - Clearing previous game
14:28:51.297 [JavaFX Application Thread] DEBUG GameScene            - Clearing game scene
14:28:51.297 [JavaFX Application Thread] DEBUG GameWorld            - Clearing game world
14:28:51.301 [JavaFX Application Thread] DEBUG PhysicsWorld         - Clearing physics world
14:28:51.308 [FXGL Background Thread 1 ] DEBUG FXGLApplication      - Initializing game
14:28:51.433 [FXGL Background Thread 1 ] WARN  TMXLevelLoader       - TiledMap generated from 1.11.2. Supported version: 1.9.0. Some features may not be parsed fully.
14:28:51.620 [ServerAsyncConnThread    ] DEBUG TCPServer            - Starting to listen at: 50000 type: class com.almasb.fxgl.core.serialization.Bundle
14:28:51.653 [FXGL Background Thread 1 ] DEBUG TMXLevelLoader       - Parsed TiledMap: file:/C:/Users/Owner/Desktop/Sonic-rush/target/classes/assets/levels/mapazo.tmx
14:28:51.659 [FXGL Background Thread 1 ] DEBUG TMXLevelLoader       - Creating tile layer entities
14:28:51.664 [FXGL Background Thread 1 ] DEBUG TilesetLoader        - Loading view for layer Capa de patrones 1
14:28:51.683 [FXGL Background Thread 1 ] DEBUG TilesetLoader        - Created buffer with size 3840.0x720.0
14:28:51.914 [FXGL Background Thread 1 ] DEBUG TMXLevelLoader       - Creating object layer entities
14:28:52.046 [FXGL Background Thread 1 ] DEBUG GameWorld            - Clearing removable entities
14:28:52.048 [FXGL Background Thread 1 ] DEBUG GameWorld            - Setting level: com.almasb.fxgl.entity.level.Level@58c9bd62
14:28:52.215 [FXGL Background Thread 1 ] DEBUG FXGLAssetLoaderServi - Loading from file system: file:/C:/Users/Owner/Desktop/Sonic-rush/target/classes/assets/textures/Items/ring.png
14:28:52.231 [FXGL Background Thread 4 ] DEBUG FXGLAssetLoaderServi - Loading from file system: jar:file:/C:/Users/Owner/.m2/repository/com/github/almasb/fxgl/17.3/fxgl-17.3.jar!/fxglassets/ui/fonts/Abel-Regular.ttf
14:28:52.236 [FXGL Background Thread 4 ] DEBUG FXGLAssetLoaderServi - Loading from file system: jar:file:/C:/Users/Owner/.m2/repository/com/github/almasb/fxgl/17.3/fxgl-17.3.jar!/fxglassets/ui/fonts/TerminalLandMono-Regular.otf
14:28:52.251 [FXGL Background Thread 4 ] DEBUG FXGLAssetLoaderServi - Loading from file system: jar:file:/C:/Users/Owner/.m2/repository/com/github/almasb/fxgl/17.3/fxgl-17.3.jar!/fxglassets/ui/fonts/Courier-Prime.ttf
14:28:52.300 [FXGL Background Thread 1 ] DEBUG FXGLAssetLoaderServi - Loading from file system: file:/C:/Users/Owner/Desktop/Sonic-rush/target/classes/assets/textures/Enemigos/enemigo2.png
14:28:52.321 [FXGL Background Thread 1 ] DEBUG FXGLAssetLoaderServi - Loading from file system: file:/C:/Users/Owner/Desktop/Sonic-rush/target/classes/assets/textures/Items/papel.png
14:28:52.369 [JavaFX Application Thread] DEBUG FXGLApplication      - Registering font factories with UI factory
14:28:52.400 [FXGL Background Thread 1 ] DEBUG FXGLAssetLoaderServi - Loading from file system: file:/C:/Users/Owner/Desktop/Sonic-rush/target/classes/assets/textures/Items/caucho.png
14:28:52.431 [FXGL Background Thread 1 ] DEBUG FXGLAssetLoaderServi - Loading from file system: file:/C:/Users/Owner/Desktop/Sonic-rush/target/classes/assets/textures/Items/basura.png
14:28:52.565 [FXGL Background Thread 1 ] INFO  FXGLApplication      - Game initialization took: 1.256 sec
14:28:52.588 [JavaFX Application Thread] DEBUG Input                - Clearing active input actions
14:28:52.615 [JavaFX Application Thread] DEBUG GameApplicationServi - Removing overlay from FXGLLoadingScene and adding to GameScene
14:28:52.618 [JavaFX Application Thread] DEBUG PrimaryStageWindow   - FXGLLoadingScene -> GameScene
14:28:53.860 [FXGL Background Thread 3 ] DEBUG Engine               - Logging environment variables
14:28:53.861 [FXGL Background Thread 3 ] DEBUG Engine               - achievements: []
14:28:53.861 [FXGL Background Thread 3 ] DEBUG Engine               - actualHeight: 500.0
14:28:53.862 [FXGL Background Thread 3 ] DEBUG Engine               - actualHeightProperty: ReadOnlyDoubleProperty [value: 500.0]
14:28:53.863 [FXGL Background Thread 3 ] DEBUG Engine               - actualWidth: 800.0
14:28:53.863 [FXGL Background Thread 3 ] DEBUG Engine               - actualWidthProperty: ReadOnlyDoubleProperty [value: 800.0]
14:28:53.863 [FXGL Background Thread 3 ] DEBUG Engine               - appIcon: fxgl_icon.png
14:28:53.863 [FXGL Background Thread 3 ] DEBUG Engine               - applicationMode: DEVELOPER
14:28:53.864 [FXGL Background Thread 3 ] DEBUG Engine               - cSSList: [fxgl_dark.css]
14:28:53.864 [FXGL Background Thread 3 ] DEBUG Engine               - collisionDetectionStrategy: BRUTE_FORCE
14:28:53.864 [FXGL Background Thread 3 ] DEBUG Engine               - configClass: Optional.empty
14:28:53.865 [FXGL Background Thread 3 ] DEBUG Engine               - credits: []
14:28:53.877 [FXGL Background Thread 3 ] DEBUG Engine               - defaultCursor: CursorInfo(imageName=fxgl_default_cursor.png, hotspotX=7.0, hotspotY=6.0)
14:28:53.881 [FXGL Background Thread 3 ] DEBUG Engine               - devBBoxColorProperty: ObjectProperty [value: 0xff0000ff]
14:28:53.881 [FXGL Background Thread 3 ] DEBUG Engine               - devEnableDebugCameraProperty: BooleanProperty [value: false]
14:28:53.882 [FXGL Background Thread 3 ] DEBUG Engine               - devSensorColorProperty: ObjectProperty [value: 0xffff00ff]
14:28:53.882 [FXGL Background Thread 3 ] DEBUG Engine               - devShowBBoxProperty: BooleanProperty [value: false]
14:28:53.883 [FXGL Background Thread 3 ] DEBUG Engine               - devShowPositionProperty: BooleanProperty [value: false]
14:28:53.884 [FXGL Background Thread 3 ] DEBUG Engine               - enabledMenuItems: []
14:28:53.886 [FXGL Background Thread 3 ] DEBUG Engine               - engineServices: [class com.almasb.fxgl.app.services.FXGLAssetLoaderService, class com.almasb.fxgl.app.FXGLApplication$GameApplicationService, class com.almasb.fxgl.app.services.FXGLDialogService, class com.almasb.fxgl.app.services.IOTaskExecutorService, class com.almasb.fxgl.io.FileSystemService, class com.almasb.fxgl.localization.LocalizationService, class com.almasb.fxgl.app.services.SystemBundleService, class com.almasb.fxgl.profile.SaveLoadService, class com.almasb.fxgl.ui.FXGLUIFactoryServiceProvider, class com.almasb.fxgl.ui.FXGLDialogFactoryServiceProvider, class com.almasb.fxgl.audio.AudioPlayer, class com.almasb.fxgl.notification.impl.NotificationServiceProvider, class com.almasb.fxgl.achievement.AchievementService, class com.almasb.fxgl.cutscene.CutsceneService, class com.almasb.fxgl.minigames.MiniGameService, class com.almasb.fxgl.net.NetService, class com.almasb.fxgl.app.services.UpdaterService, class com.almasb.fxgl.dev.DevService, class com.almasb.fxgl.multiplayer.MultiplayerService]
14:28:53.893 [FXGL Background Thread 3 ] DEBUG Engine               - fontGame: Abel-Regular.ttf
14:28:53.894 [FXGL Background Thread 3 ] DEBUG Engine               - fontMono: TerminalLandMono-Regular.otf
14:28:53.898 [FXGL Background Thread 3 ] DEBUG Engine               - fontSizeScaleUI: 1.0
14:28:53.898 [FXGL Background Thread 3 ] DEBUG Engine               - fontText: Courier-Prime.ttf
14:28:53.898 [FXGL Background Thread 3 ] DEBUG Engine               - fontUI: VarelaRound-Regular.ttf
14:28:53.903 [FXGL Background Thread 3 ] DEBUG Engine               - fullScreen: BooleanProperty [value: false]
14:28:53.903 [FXGL Background Thread 3 ] DEBUG Engine               - gameDifficulty: MEDIUM
14:28:53.903 [FXGL Background Thread 3 ] DEBUG Engine               - gameDifficultyProperty: ObjectProperty [value: MEDIUM]
14:28:53.903 [FXGL Background Thread 3 ] DEBUG Engine               - globalMusicVolume: 0.5
14:28:53.903 [FXGL Background Thread 3 ] DEBUG Engine               - globalMusicVolumeProperty: DoubleProperty [value: 0.5]
14:28:53.903 [FXGL Background Thread 3 ] DEBUG Engine               - globalSoundVolume: 0.5
14:28:53.912 [FXGL Background Thread 3 ] DEBUG Engine               - globalSoundVolumeProperty: DoubleProperty [value: 0.5]
14:28:53.912 [FXGL Background Thread 3 ] DEBUG Engine               - height: 500
14:28:53.912 [FXGL Background Thread 3 ] DEBUG Engine               - is3D: false
14:28:53.913 [FXGL Background Thread 3 ] DEBUG Engine               - isAndroid: false
14:28:53.913 [FXGL Background Thread 3 ] DEBUG Engine               - isBrowser: false
14:28:53.913 [FXGL Background Thread 3 ] DEBUG Engine               - isClickFeedbackEnabled: false
14:28:53.916 [FXGL Background Thread 3 ] DEBUG Engine               - isCloseConfirmation: false
14:28:53.916 [FXGL Background Thread 3 ] DEBUG Engine               - isDesktop: true
14:28:53.916 [FXGL Background Thread 3 ] DEBUG Engine               - isDeveloperMenuEnabled: false
14:28:53.917 [FXGL Background Thread 3 ] DEBUG Engine               - isEmbedded: false
14:28:53.917 [FXGL Background Thread 3 ] DEBUG Engine               - isEntityPreloadEnabled: true
14:28:53.917 [FXGL Background Thread 3 ] DEBUG Engine               - isExperimentalTiledLargeMap: false
14:28:53.924 [FXGL Background Thread 3 ] DEBUG Engine               - isFileSystemWriteAllowed: true
14:28:53.924 [FXGL Background Thread 3 ] DEBUG Engine               - isFullScreenAllowed: false
14:28:53.924 [FXGL Background Thread 3 ] DEBUG Engine               - isFullScreenFromStart: false
14:28:53.924 [FXGL Background Thread 3 ] DEBUG Engine               - isGameMenuEnabled: true
14:28:53.924 [FXGL Background Thread 3 ] DEBUG Engine               - isIOS: false
14:28:53.924 [FXGL Background Thread 3 ] DEBUG Engine               - isIntroEnabled: false
14:28:53.924 [FXGL Background Thread 3 ] DEBUG Engine               - isLinux: false
14:28:53.924 [FXGL Background Thread 3 ] DEBUG Engine               - isMac: false
14:28:53.924 [FXGL Background Thread 3 ] DEBUG Engine               - isMainMenuEnabled: false
14:28:53.926 [FXGL Background Thread 3 ] DEBUG Engine               - isManualResizeEnabled: false
14:28:53.926 [FXGL Background Thread 3 ] DEBUG Engine               - isMobile: false
14:28:53.926 [FXGL Background Thread 3 ] DEBUG Engine               - isNative: false
14:28:53.926 [FXGL Background Thread 3 ] DEBUG Engine               - isPauseMusicWhenMinimized: true
14:28:53.926 [FXGL Background Thread 3 ] DEBUG Engine               - isPreserveResizeRatio: false
14:28:53.927 [FXGL Background Thread 3 ] DEBUG Engine               - isProfilingEnabled: false
14:28:53.927 [FXGL Background Thread 3 ] DEBUG Engine               - isScaleAffectedOnResize: true
14:28:53.927 [FXGL Background Thread 3 ] DEBUG Engine               - isSingleStep: false
14:28:53.927 [FXGL Background Thread 3 ] DEBUG Engine               - isUserProfileEnabled: false
14:28:53.927 [FXGL Background Thread 3 ] DEBUG Engine               - isWindows: true
14:28:53.927 [FXGL Background Thread 3 ] DEBUG Engine               - language: ObjectProperty [value: ENGLISH]
14:28:53.927 [FXGL Background Thread 3 ] DEBUG Engine               - menuKey: ESCAPE
14:28:53.927 [FXGL Background Thread 3 ] DEBUG Engine               - mouseSensitivity: 0.2
14:28:53.927 [FXGL Background Thread 3 ] DEBUG Engine               - notificationViewClass: class com.almasb.fxgl.notification.view.XboxNotificationView
14:28:53.928 [FXGL Background Thread 3 ] DEBUG Engine               - pixelsPerMeter: 50.0
14:28:53.928 [FXGL Background Thread 3 ] DEBUG Engine               - platform: WINDOWS
14:28:53.928 [FXGL Background Thread 3 ] DEBUG Engine               - prefHeightProperty: ReadOnlyDoubleProperty [value: 500.0]
14:28:53.928 [FXGL Background Thread 3 ] DEBUG Engine               - prefWidthProperty: ReadOnlyDoubleProperty [value: 800.0]
14:28:53.928 [FXGL Background Thread 3 ] DEBUG Engine               - profileDir: profiles/
14:28:53.928 [FXGL Background Thread 3 ] DEBUG Engine               - profileName: StringProperty [value: DEFAULT]
14:28:53.928 [FXGL Background Thread 3 ] DEBUG Engine               - randomSeed: -1
14:28:53.931 [FXGL Background Thread 3 ] DEBUG Engine               - runtimeInfo: RuntimeInfo(platform=WINDOWS, version=17.3, build=30.03.2023 11.49)
14:28:53.931 [FXGL Background Thread 3 ] DEBUG Engine               - saveFileExt: sav
14:28:53.931 [FXGL Background Thread 3 ] DEBUG Engine               - scaledHeightProp$fxgl: DoubleProperty [bound, value: 500.0]
14:28:53.932 [FXGL Background Thread 3 ] DEBUG Engine               - scaledWidthProp$fxgl: DoubleProperty [bound, value: 800.0]
14:28:53.932 [FXGL Background Thread 3 ] DEBUG Engine               - sceneFactory: com.almasb.fxgl.app.scene.SceneFactory@705147c3
14:28:53.932 [FXGL Background Thread 3 ] DEBUG Engine               - secondsIn24h: 60
14:28:53.932 [FXGL Background Thread 3 ] DEBUG Engine               - soundMenuBack: menu/back.wav
14:28:53.933 [FXGL Background Thread 3 ] DEBUG Engine               - soundMenuPress: menu/press.wav
14:28:53.933 [FXGL Background Thread 3 ] DEBUG Engine               - soundMenuSelect: menu/select.wav
14:28:53.933 [FXGL Background Thread 3 ] DEBUG Engine               - soundNotification: core/notification.wav
14:28:53.933 [FXGL Background Thread 3 ] DEBUG Engine               - stageStyle: DECORATED
14:28:53.934 [FXGL Background Thread 3 ] DEBUG Engine               - supportedLanguages: [ENGLISH, FRENCH, GERMAN, HUNGARIAN, RUSSIAN]
14:28:53.935 [FXGL Background Thread 3 ] DEBUG Engine               - ticksPerSecond: -1
14:28:53.937 [FXGL Background Thread 3 ] DEBUG Engine               - title: Server
14:28:53.937 [FXGL Background Thread 3 ] DEBUG Engine               - urlGithub: https://github.com/AlmasB/FXGL
14:28:53.937 [FXGL Background Thread 3 ] DEBUG Engine               - urlLeaderboard: http://fxgl-top.herokuapp.com/
14:28:53.937 [FXGL Background Thread 3 ] DEBUG Engine               - urlPOM: https://raw.githubusercontent.com/AlmasB/FXGL/release/README.md
14:28:53.937 [FXGL Background Thread 3 ] DEBUG Engine               - userAppClass: class Runner.ServerRunner
14:28:53.937 [FXGL Background Thread 3 ] DEBUG Engine               - version: 0.0
14:28:53.937 [FXGL Background Thread 3 ] DEBUG Engine               - versionCheckDays: 7
14:28:53.943 [FXGL Background Thread 3 ] DEBUG Engine               - width: 800
14:28:53.943 [FXGL Background Thread 3 ] DEBUG Engine               - Logging services
14:28:53.943 [FXGL Background Thread 3 ] DEBUG Engine               - class com.almasb.fxgl.app.services.FXGLAssetLoaderService
14:28:53.943 [FXGL Background Thread 3 ] DEBUG Engine               - class com.almasb.fxgl.app.FXGLApplication$GameApplicationService
14:28:53.943 [FXGL Background Thread 3 ] DEBUG Engine               - class com.almasb.fxgl.app.services.FXGLDialogService
14:28:53.944 [FXGL Background Thread 3 ] DEBUG Engine               - class com.almasb.fxgl.app.services.IOTaskExecutorService
14:28:53.944 [FXGL Background Thread 3 ] DEBUG Engine               - class com.almasb.fxgl.io.FileSystemService
14:28:53.944 [FXGL Background Thread 3 ] DEBUG Engine               - class com.almasb.fxgl.localization.LocalizationService
14:28:53.944 [FXGL Background Thread 3 ] DEBUG Engine               - class com.almasb.fxgl.app.services.SystemBundleService
14:28:53.944 [FXGL Background Thread 3 ] DEBUG Engine               - class com.almasb.fxgl.profile.SaveLoadService
14:28:53.944 [FXGL Background Thread 3 ] DEBUG Engine               - class com.almasb.fxgl.ui.FXGLUIFactoryServiceProvider
14:28:53.944 [FXGL Background Thread 3 ] DEBUG Engine               - class com.almasb.fxgl.ui.FXGLDialogFactoryServiceProvider
14:28:53.944 [FXGL Background Thread 3 ] DEBUG Engine               - class com.almasb.fxgl.audio.AudioPlayer
14:28:53.944 [FXGL Background Thread 3 ] DEBUG Engine               - class com.almasb.fxgl.notification.impl.NotificationServiceProvider
14:28:53.944 [FXGL Background Thread 3 ] DEBUG Engine               - class com.almasb.fxgl.achievement.AchievementService
14:28:53.944 [FXGL Background Thread 3 ] DEBUG Engine               - class com.almasb.fxgl.cutscene.CutsceneService
14:28:53.945 [FXGL Background Thread 3 ] DEBUG Engine               - class com.almasb.fxgl.minigames.MiniGameService
14:28:53.945 [FXGL Background Thread 3 ] DEBUG Engine               - class com.almasb.fxgl.net.NetService
14:28:53.945 [FXGL Background Thread 3 ] DEBUG Engine               - class com.almasb.fxgl.app.services.UpdaterService
14:28:53.945 [FXGL Background Thread 3 ] DEBUG Engine               - class com.almasb.fxgl.dev.DevService
14:28:53.946 [FXGL Background Thread 3 ] DEBUG Engine               - class com.almasb.fxgl.multiplayer.MultiplayerService
14:28:55.865 [FXGL Background Thread 2 ] INFO  UpdaterService       - Your current version:  17.3
14:28:56.196 [FXGL Background Thread 2 ] INFO  UpdaterService       - Latest stable version: 21.1
14:29:37.383 [ServerAsyncConnThread    ] DEBUG Endpoint             - TCPServer opening new connection (1) from /127.0.0.1:59990 type: class com.almasb.fxgl.core.serialization.Bundle
14:29:37.385 [ServerAsyncConnThread    ] DEBUG Endpoint             - TCPServer successfully opened connection (1)
14:29:37.912 [TCPServer_RecvThread-1   ] DEBUG Readers              - Getting TCPMessageReader for class com.almasb.fxgl.core.serialization.Bundle
14:29:37.914 [TCPServer_RecvThread-1   ] DEBUG Readers              - Constructed MessageReader for class com.almasb.fxgl.core.serialization.Bundle: BundleTCPMessageReader
14:29:37.921 [TCPServer_SendThread-1   ] DEBUG Writers              - Constructed TCPMessageWriter for class com.almasb.fxgl.core.serialization.Bundle: BundleTCPMessageWriter
14:29:50.685 [ServerAsyncConnThread    ] DEBUG Endpoint             - TCPServer opening new connection (2) from /181.208.80.219:59550 type: class com.almasb.fxgl.core.serialization.Bundle
14:29:50.685 [ServerAsyncConnThread    ] DEBUG Endpoint             - TCPServer successfully opened connection (2)
14:29:51.114 [TCPServer_SendThread-2   ] DEBUG Writers              - Getting TCPMessageWriter for class com.almasb.fxgl.core.serialization.Bundle
14:29:51.116 [TCPServer_SendThread-2   ] DEBUG Writers              - Constructed TCPMessageWriter for class com.almasb.fxgl.core.serialization.Bundle: BundleTCPMessageWriter
14:29:51.626 [TCPServer_RecvThread-2   ] DEBUG Readers              - Getting TCPMessageReader for class com.almasb.fxgl.core.serialization.Bundle
14:29:51.964 [TCPServer_RecvThread-2   ] DEBUG Readers              - Constructed MessageReader for class com.almasb.fxgl.core.serialization.Bundle: BundleTCPMessageReader
14:30:47.895 [JavaFX Application Thread] DEBUG FXGLAssetLoaderServi - Loading from file system: file:/C:/Users/Owner/Desktop/Sonic-rush/target/classes/assets/textures/Enemigos/eggman2.png
14:32:06.597 [JavaFX Application Thread] DEBUG FXGLApplication      - Exiting FXGL
14:32:06.597 [JavaFX Application Thread] DEBUG LoopRunner           - Stopping loop
14:32:06.598 [JavaFX Application Thread] DEBUG SystemBundleService  - Saving FXGL system data
14:32:06.603 [JavaFX Application Thread] DEBUG FileSystemAccess     - Writing to: C:\Users\Owner\Desktop\Sonic-rush\system\fxgl.bundle
14:32:06.636 [JavaFX Application Thread] DEBUG Async                - Shutting down background threads
14:32:06.636 [JavaFX Application Thread] DEBUG PrimaryStageWindow   - Closing main window
14:32:06.755 [JavaFX Application Thread] DEBUG Logger               - Closing Logger
