23:21:39.307 [main                     ] DEBUG Logger               - Configured Logger
23:21:39.325 [main                     ] DEBUG GameApplication      - Logging settings
Title: Jugador Sonic
Version: 0.0
Width: 1000
Height: 600
Fullscreen: false
Intro: false
Profiling: false
Single step:false
App Mode: DEVELOPER
Menu Key: ESCAPE
Stage Style: DECORATED
Scene Factory: class com.almasb.fxgl.app.scene.SceneFactory

23:21:39.473 [JavaFX Application Thread] DEBUG FXGLApplication      - Initializing FXGL
23:21:39.477 [JavaFX Application Thread] INFO  Engine               - FXGL-17.3 (30.03.2023 11.49) on WINDOWS (J:21.0.2 FX:20)
23:21:39.478 [JavaFX Application Thread] DEBUG Engine               - JRE Vendor Name: Oracle Corporation
23:21:39.478 [JavaFX Application Thread] DEBUG Engine               - Running on OS: Windows 10 version 10.0
23:21:39.478 [JavaFX Application Thread] DEBUG Engine               - Architecture: amd64
23:21:39.478 [JavaFX Application Thread] INFO  Engine               - Source code and latest versions at: https://github.com/AlmasB/FXGL
23:21:39.479 [JavaFX Application Thread] INFO  Engine               -       Ask questions and discuss at: https://github.com/AlmasB/FXGL/discussions
23:21:39.480 [JavaFX Application Thread] INFO  Engine               -              Join the FXGL chat at: https://gitter.im/AlmasB/FXGL
23:21:39.562 [JavaFX Application Thread] DEBUG PrimaryStageWindow   - Creating a JavaFX scene
23:21:39.650 [JavaFX Application Thread] DEBUG PrimaryStageWindow   - Target settings size: 1000.0 x 600.0
23:21:39.651 [JavaFX Application Thread] DEBUG PrimaryStageWindow   - Scaled scene size:    1000.0 x 600.0
23:21:39.652 [JavaFX Application Thread] DEBUG PrimaryStageWindow   - Scaled ratio: (1.0, 1.0)
23:21:39.654 [JavaFX Application Thread] DEBUG PrimaryStageWindow   - Set initial scene to FXGLStartupScene
23:21:39.664 [JavaFX Application Thread] DEBUG PrimaryStageWindow   - Opening main window
23:21:39.771 [JavaFX Application Thread] DEBUG PrimaryStageWindow   - Window border size: (16.0, 39.0)
23:21:39.771 [JavaFX Application Thread] DEBUG PrimaryStageWindow   - Scaled size: 1000.0 x 600.0
23:21:39.771 [JavaFX Application Thread] DEBUG PrimaryStageWindow   - Scaled ratio: (1.0, 1.0)
23:21:39.771 [JavaFX Application Thread] DEBUG PrimaryStageWindow   - Scene size: 1000.0 x 600.0
23:21:39.771 [JavaFX Application Thread] DEBUG PrimaryStageWindow   - Stage size: 1016.0 x 639.0
23:21:39.780 [FXGL Background Thread 1 ] DEBUG Engine               - Initializing environment variables
23:21:39.863 [FXGL Background Thread 1 ] DEBUG FXGLAssetLoaderServi - User app class for loading assets: class Runner.ClientRunner
23:21:39.864 [FXGL Background Thread 1 ] DEBUG GameApplicationServi - Applying CSS: fxgl_dark.css
23:21:39.865 [FXGL Background Thread 1 ] DEBUG FXGLAssetLoaderServi - Loading from file system: jar:file:/C:/Users/User/.m2/repository/com/github/almasb/fxgl/17.3/fxgl-17.3.jar!/fxglassets/ui/css/fxgl_dark.css
23:21:39.928 [FXGL Background Thread 1 ] DEBUG GameApplicationServi - Initializing application scenes
23:21:40.015 [FXGL Background Thread 1 ] DEBUG GameWorld            - Game world initialized
23:21:40.087 [FXGL Background Thread 1 ] DEBUG PhysicsWorld         - Physics world initialized: appHeight=600, physics.ppm=50,0
23:21:40.088 [FXGL Background Thread 1 ] DEBUG PhysicsWorld         - Using strategy: BRUTE_FORCE
23:21:40.093 [FXGL Background Thread 1 ] DEBUG GameScene            - Game scene initialized: 1000x600
23:21:40.108 [FXGL Background Thread 1 ] DEBUG FXGL.DefaultMenu     - createMenuBodyGameMenu()
23:21:40.130 [FXGL Background Thread 1 ] DEBUG FXGL.DefaultMenu     - createOptionsMenu()
23:21:40.143 [FXGL Background Thread 1 ] DEBUG FXGLAssetLoaderServi - Loading from file system: jar:file:/C:/Users/User/.m2/repository/com/github/almasb/fxgl/17.3/fxgl-17.3.jar!/fxglassets/textures/particles/smoke.png
23:21:40.275 [FXGL Background Thread 1 ] DEBUG FXGLAssetLoaderServi - Loading from file system: jar:file:/C:/Users/User/.m2/repository/com/github/almasb/fxgl/17.3/fxgl-17.3.jar!/fxglassets/textures/particles/trace_horizontal.png
23:21:40.316 [FXGL Background Thread 1 ] DEBUG GameApplicationServi - Application scenes initialized
23:21:40.340 [FXGL Background Thread 1 ] DEBUG SystemBundleService  - Loading FXGL system data
23:21:40.352 [FXGL Background Thread 1 ] DEBUG FileSystemAccess     - Reading from: C:\Users\User\Documents\Millan.Luis\UNEG\Semestre IV\Tecnicas de Prog. III\Sonic-rush\system\fxgl.bundle
23:21:40.369 [FXGL Background Thread 1 ] DEBUG SystemBundleService  - Bundle FXGL: {}
23:21:40.371 [FXGL Background Thread 1 ] DEBUG UpdaterService       - Checking for updates
23:21:40.379 [FXGL Background Thread 1 ] DEBUG FXGLApplication      - Loading default localization
23:21:40.380 [FXGL Background Thread 1 ] DEBUG FXGLAssetLoaderServi - Loading from file system: jar:file:/C:/Users/User/.m2/repository/com/github/almasb/fxgl/17.3/fxgl-17.3.jar!/fxglassets/languages/english.lang
23:21:40.402 [FXGL Background Thread 4 ] DEBUG FXGLApplication      - Loading fonts
23:21:40.403 [FXGL Background Thread 4 ] DEBUG FXGLAssetLoaderServi - Loading from file system: jar:file:/C:/Users/User/.m2/repository/com/github/almasb/fxgl/17.3/fxgl-17.3.jar!/fxglassets/ui/fonts/VarelaRound-Regular.ttf
23:21:40.408 [FXGL Background Thread 1 ] INFO  FXGLApplication      - FXGL initialization took: 0,628 sec
23:21:40.458 [FXGL Background Thread 4 ] DEBUG FXGLAssetLoaderServi - Loading from file system: jar:file:/C:/Users/User/.m2/repository/com/github/almasb/fxgl/17.3/fxgl-17.3.jar!/fxglassets/ui/fonts/Abel-Regular.ttf
23:21:40.475 [JavaFX Application Thread] DEBUG Input                - Registered new binding: Mover a la izquierda - A
23:21:40.475 [JavaFX Application Thread] DEBUG Input                - Registered new binding: Mover a la derecha - D
23:21:40.476 [JavaFX Application Thread] DEBUG Input                - Registered new binding: Saltar - W
23:21:40.476 [JavaFX Application Thread] DEBUG Input                - Registered new binding: Interactuar - E
23:21:40.476 [JavaFX Application Thread] DEBUG Input                - Registered new binding: Transformar - P
23:21:40.476 [JavaFX Application Thread] DEBUG Input                - Registered new binding: Desactivar filtro - L
23:21:40.477 [JavaFX Application Thread] DEBUG FXGLAssetLoaderServi - Loading from file system: jar:file:/C:/Users/User/.m2/repository/com/github/almasb/fxgl/17.3/fxgl-17.3.jar!/fxglassets/textures/fxgl_icon.png
23:21:40.502 [JavaFX Application Thread] DEBUG FXGLAssetLoaderServi - Loading from file system: jar:file:/C:/Users/User/.m2/repository/com/github/almasb/fxgl/17.3/fxgl-17.3.jar!/fxglassets/textures/fxgl_default_cursor.png
23:21:40.507 [JavaFX Application Thread] DEBUG Input                - Registered new binding: Screenshot - CTRL+8
23:21:40.508 [JavaFX Application Thread] DEBUG Input                - Registered new binding: System info dump - CTRL+9
23:21:40.508 [JavaFX Application Thread] DEBUG Input                - Registered new binding: Restart - CTRL+R
23:21:40.509 [JavaFX Application Thread] DEBUG Input                - Registered new binding: Toggle Debug Camera - CTRL+7
23:21:40.512 [JavaFX Application Thread] DEBUG LoopRunner           - Starting loop
23:21:40.512 [JavaFX Application Thread] DEBUG LoopRunner           - Initializing JavaFX AnimationTimerLoop
23:21:40.514 [JavaFX Application Thread] DEBUG GameApplicationServi - Starting new game
23:21:40.514 [JavaFX Application Thread] DEBUG Input                - Clearing active input actions
23:21:40.531 [JavaFX Application Thread] DEBUG GameApplicationServi - Removing overlay from FXGLStartupScene and adding to FXGLLoadingScene
23:21:40.532 [JavaFX Application Thread] DEBUG PrimaryStageWindow   - FXGLStartupScene -> FXGLLoadingScene
23:21:40.532 [JavaFX Application Thread] DEBUG GameApplicationServi - Clearing previous game
23:21:40.532 [JavaFX Application Thread] DEBUG GameScene            - Clearing game scene
23:21:40.532 [JavaFX Application Thread] DEBUG GameWorld            - Clearing game world
23:21:40.532 [JavaFX Application Thread] DEBUG PhysicsWorld         - Clearing physics world
23:21:40.534 [FXGL Background Thread 1 ] DEBUG FXGLApplication      - Initializing game
23:21:40.546 [FXGL Background Thread 4 ] DEBUG FXGLAssetLoaderServi - Loading from file system: jar:file:/C:/Users/User/.m2/repository/com/github/almasb/fxgl/17.3/fxgl-17.3.jar!/fxglassets/ui/fonts/TerminalLandMono-Regular.otf
23:21:40.548 [FXGL Background Thread 1 ] DEBUG FXGLAssetLoaderServi - Loading from file system: file:/C:/Users/User/Documents/Millan.Luis/UNEG/Semestre%20IV/Tecnicas%20de%20Prog.%20III/Sonic-rush/target/classes/assets/music/OST.mp3
23:21:40.609 [FXGL Background Thread 4 ] DEBUG FXGLAssetLoaderServi - Loading from file system: jar:file:/C:/Users/User/.m2/repository/com/github/almasb/fxgl/17.3/fxgl-17.3.jar!/fxglassets/ui/fonts/Courier-Prime.ttf
23:21:40.731 [JavaFX Application Thread] DEBUG FXGLApplication      - Registering font factories with UI factory
23:21:40.967 [FXGL Background Thread 1 ] INFO  FXGLApplication      - Game initialization took: 0,433 sec
23:21:41.092 [JavaFX Application Thread] DEBUG Input                - Clearing active input actions
23:21:41.109 [JavaFX Application Thread] DEBUG GameApplicationServi - Removing overlay from FXGLLoadingScene and adding to GameScene
23:21:41.110 [JavaFX Application Thread] DEBUG PrimaryStageWindow   - FXGLLoadingScene -> GameScene
23:21:41.399 [FXGL Background Thread 2 ] INFO  UpdaterService       - Your current version:  17.3
23:21:41.415 [FXGL Background Thread 2 ] INFO  UpdaterService       - Latest stable version: 21.1
23:21:43.378 [FXGL Background Thread 3 ] DEBUG Engine               - Logging environment variables
23:21:43.378 [FXGL Background Thread 3 ] DEBUG Engine               - achievements: []
23:21:43.380 [FXGL Background Thread 3 ] DEBUG Engine               - actualHeight: 600.0
23:21:43.380 [FXGL Background Thread 3 ] DEBUG Engine               - actualHeightProperty: ReadOnlyDoubleProperty [value: 600.0]
23:21:43.380 [FXGL Background Thread 3 ] DEBUG Engine               - actualWidth: 1000.0
23:21:43.380 [FXGL Background Thread 3 ] DEBUG Engine               - actualWidthProperty: ReadOnlyDoubleProperty [value: 1000.0]
23:21:43.380 [FXGL Background Thread 3 ] DEBUG Engine               - appIcon: fxgl_icon.png
23:21:43.380 [FXGL Background Thread 3 ] DEBUG Engine               - applicationMode: DEVELOPER
23:21:43.380 [FXGL Background Thread 3 ] DEBUG Engine               - cSSList: [fxgl_dark.css]
23:21:43.381 [FXGL Background Thread 3 ] DEBUG Engine               - collisionDetectionStrategy: BRUTE_FORCE
23:21:43.381 [FXGL Background Thread 3 ] DEBUG Engine               - configClass: Optional.empty
23:21:43.381 [FXGL Background Thread 3 ] DEBUG Engine               - credits: []
23:21:43.382 [FXGL Background Thread 3 ] DEBUG Engine               - defaultCursor: CursorInfo(imageName=fxgl_default_cursor.png, hotspotX=7.0, hotspotY=6.0)
23:21:43.382 [FXGL Background Thread 3 ] DEBUG Engine               - devBBoxColorProperty: ObjectProperty [value: 0xff0000ff]
23:21:43.382 [FXGL Background Thread 3 ] DEBUG Engine               - devEnableDebugCameraProperty: BooleanProperty [value: false]
23:21:43.382 [FXGL Background Thread 3 ] DEBUG Engine               - devSensorColorProperty: ObjectProperty [value: 0xffff00ff]
23:21:43.383 [FXGL Background Thread 3 ] DEBUG Engine               - devShowBBoxProperty: BooleanProperty [value: false]
23:21:43.383 [FXGL Background Thread 3 ] DEBUG Engine               - devShowPositionProperty: BooleanProperty [value: false]
23:21:43.383 [FXGL Background Thread 3 ] DEBUG Engine               - enabledMenuItems: []
23:21:43.384 [FXGL Background Thread 3 ] DEBUG Engine               - engineServices: [class com.almasb.fxgl.app.services.FXGLAssetLoaderService, class com.almasb.fxgl.app.FXGLApplication$GameApplicationService, class com.almasb.fxgl.app.services.FXGLDialogService, class com.almasb.fxgl.app.services.IOTaskExecutorService, class com.almasb.fxgl.io.FileSystemService, class com.almasb.fxgl.localization.LocalizationService, class com.almasb.fxgl.app.services.SystemBundleService, class com.almasb.fxgl.profile.SaveLoadService, class com.almasb.fxgl.ui.FXGLUIFactoryServiceProvider, class com.almasb.fxgl.ui.FXGLDialogFactoryServiceProvider, class com.almasb.fxgl.audio.AudioPlayer, class com.almasb.fxgl.notification.impl.NotificationServiceProvider, class com.almasb.fxgl.achievement.AchievementService, class com.almasb.fxgl.cutscene.CutsceneService, class com.almasb.fxgl.minigames.MiniGameService, class com.almasb.fxgl.net.NetService, class com.almasb.fxgl.app.services.UpdaterService, class com.almasb.fxgl.dev.DevService, class com.almasb.fxgl.multiplayer.MultiplayerService]
23:21:43.384 [FXGL Background Thread 3 ] DEBUG Engine               - fontGame: Abel-Regular.ttf
23:21:43.384 [FXGL Background Thread 3 ] DEBUG Engine               - fontMono: TerminalLandMono-Regular.otf
23:21:43.384 [FXGL Background Thread 3 ] DEBUG Engine               - fontSizeScaleUI: 1.0
23:21:43.384 [FXGL Background Thread 3 ] DEBUG Engine               - fontText: Courier-Prime.ttf
23:21:43.384 [FXGL Background Thread 3 ] DEBUG Engine               - fontUI: VarelaRound-Regular.ttf
23:21:43.384 [FXGL Background Thread 3 ] DEBUG Engine               - fullScreen: BooleanProperty [value: false]
23:21:43.384 [FXGL Background Thread 3 ] DEBUG Engine               - gameDifficulty: MEDIUM
23:21:43.384 [FXGL Background Thread 3 ] DEBUG Engine               - gameDifficultyProperty: ObjectProperty [value: MEDIUM]
23:21:43.384 [FXGL Background Thread 3 ] DEBUG Engine               - globalMusicVolume: 0.5
23:21:43.384 [FXGL Background Thread 3 ] DEBUG Engine               - globalMusicVolumeProperty: DoubleProperty [value: 0.5]
23:21:43.384 [FXGL Background Thread 3 ] DEBUG Engine               - globalSoundVolume: 0.5
23:21:43.384 [FXGL Background Thread 3 ] DEBUG Engine               - globalSoundVolumeProperty: DoubleProperty [value: 0.5]
23:21:43.384 [FXGL Background Thread 3 ] DEBUG Engine               - height: 600
23:21:43.384 [FXGL Background Thread 3 ] DEBUG Engine               - is3D: false
23:21:43.384 [FXGL Background Thread 3 ] DEBUG Engine               - isAndroid: false
23:21:43.384 [FXGL Background Thread 3 ] DEBUG Engine               - isBrowser: false
23:21:43.384 [FXGL Background Thread 3 ] DEBUG Engine               - isClickFeedbackEnabled: false
23:21:43.385 [FXGL Background Thread 3 ] DEBUG Engine               - isCloseConfirmation: false
23:21:43.385 [FXGL Background Thread 3 ] DEBUG Engine               - isDesktop: true
23:21:43.385 [FXGL Background Thread 3 ] DEBUG Engine               - isDeveloperMenuEnabled: false
23:21:43.385 [FXGL Background Thread 3 ] DEBUG Engine               - isEmbedded: false
23:21:43.385 [FXGL Background Thread 3 ] DEBUG Engine               - isEntityPreloadEnabled: true
23:21:43.385 [FXGL Background Thread 3 ] DEBUG Engine               - isExperimentalTiledLargeMap: false
23:21:43.385 [FXGL Background Thread 3 ] DEBUG Engine               - isFileSystemWriteAllowed: true
23:21:43.385 [FXGL Background Thread 3 ] DEBUG Engine               - isFullScreenAllowed: false
23:21:43.385 [FXGL Background Thread 3 ] DEBUG Engine               - isFullScreenFromStart: false
23:21:43.385 [FXGL Background Thread 3 ] DEBUG Engine               - isGameMenuEnabled: true
23:21:43.385 [FXGL Background Thread 3 ] DEBUG Engine               - isIOS: false
23:21:43.385 [FXGL Background Thread 3 ] DEBUG Engine               - isIntroEnabled: false
23:21:43.385 [FXGL Background Thread 3 ] DEBUG Engine               - isLinux: false
23:21:43.385 [FXGL Background Thread 3 ] DEBUG Engine               - isMac: false
23:21:43.385 [FXGL Background Thread 3 ] DEBUG Engine               - isMainMenuEnabled: false
23:21:43.385 [FXGL Background Thread 3 ] DEBUG Engine               - isManualResizeEnabled: false
23:21:43.385 [FXGL Background Thread 3 ] DEBUG Engine               - isMobile: false
23:21:43.385 [FXGL Background Thread 3 ] DEBUG Engine               - isNative: false
23:21:43.385 [FXGL Background Thread 3 ] DEBUG Engine               - isPauseMusicWhenMinimized: true
23:21:43.386 [FXGL Background Thread 3 ] DEBUG Engine               - isPreserveResizeRatio: false
23:21:43.386 [FXGL Background Thread 3 ] DEBUG Engine               - isProfilingEnabled: false
23:21:43.386 [FXGL Background Thread 3 ] DEBUG Engine               - isScaleAffectedOnResize: true
23:21:43.386 [FXGL Background Thread 3 ] DEBUG Engine               - isSingleStep: false
23:21:43.386 [FXGL Background Thread 3 ] DEBUG Engine               - isUserProfileEnabled: false
23:21:43.386 [FXGL Background Thread 3 ] DEBUG Engine               - isWindows: true
23:21:43.386 [FXGL Background Thread 3 ] DEBUG Engine               - language: ObjectProperty [value: ENGLISH]
23:21:43.386 [FXGL Background Thread 3 ] DEBUG Engine               - menuKey: ESCAPE
23:21:43.386 [FXGL Background Thread 3 ] DEBUG Engine               - mouseSensitivity: 0.2
23:21:43.386 [FXGL Background Thread 3 ] DEBUG Engine               - notificationViewClass: class com.almasb.fxgl.notification.view.XboxNotificationView
23:21:43.386 [FXGL Background Thread 3 ] DEBUG Engine               - pixelsPerMeter: 50.0
23:21:43.386 [FXGL Background Thread 3 ] DEBUG Engine               - platform: WINDOWS
23:21:43.386 [FXGL Background Thread 3 ] DEBUG Engine               - prefHeightProperty: ReadOnlyDoubleProperty [value: 600.0]
23:21:43.386 [FXGL Background Thread 3 ] DEBUG Engine               - prefWidthProperty: ReadOnlyDoubleProperty [value: 1000.0]
23:21:43.386 [FXGL Background Thread 3 ] DEBUG Engine               - profileDir: profiles/
23:21:43.386 [FXGL Background Thread 3 ] DEBUG Engine               - profileName: StringProperty [value: DEFAULT]
23:21:43.386 [FXGL Background Thread 3 ] DEBUG Engine               - randomSeed: -1
23:21:43.387 [FXGL Background Thread 3 ] DEBUG Engine               - runtimeInfo: RuntimeInfo(platform=WINDOWS, version=17.3, build=30.03.2023 11.49)
23:21:43.387 [FXGL Background Thread 3 ] DEBUG Engine               - saveFileExt: sav
23:21:43.387 [FXGL Background Thread 3 ] DEBUG Engine               - scaledHeightProp$fxgl: DoubleProperty [bound, value: 600.0]
23:21:43.387 [FXGL Background Thread 3 ] DEBUG Engine               - scaledWidthProp$fxgl: DoubleProperty [bound, value: 1000.0]
23:21:43.387 [FXGL Background Thread 3 ] DEBUG Engine               - sceneFactory: com.almasb.fxgl.app.scene.SceneFactory@78bffd47
23:21:43.387 [FXGL Background Thread 3 ] DEBUG Engine               - secondsIn24h: 60
23:21:43.387 [FXGL Background Thread 3 ] DEBUG Engine               - soundMenuBack: menu/back.wav
23:21:43.387 [FXGL Background Thread 3 ] DEBUG Engine               - soundMenuPress: menu/press.wav
23:21:43.387 [FXGL Background Thread 3 ] DEBUG Engine               - soundMenuSelect: menu/select.wav
23:21:43.387 [FXGL Background Thread 3 ] DEBUG Engine               - soundNotification: core/notification.wav
23:21:43.387 [FXGL Background Thread 3 ] DEBUG Engine               - stageStyle: DECORATED
23:21:43.387 [FXGL Background Thread 3 ] DEBUG Engine               - supportedLanguages: [ENGLISH, FRENCH, GERMAN, HUNGARIAN, RUSSIAN]
23:21:43.387 [FXGL Background Thread 3 ] DEBUG Engine               - ticksPerSecond: -1
23:21:43.387 [FXGL Background Thread 3 ] DEBUG Engine               - title: Jugador Sonic
23:21:43.387 [FXGL Background Thread 3 ] DEBUG Engine               - urlGithub: https://github.com/AlmasB/FXGL
23:21:43.387 [FXGL Background Thread 3 ] DEBUG Engine               - urlLeaderboard: http://fxgl-top.herokuapp.com/
23:21:43.387 [FXGL Background Thread 3 ] DEBUG Engine               - urlPOM: https://raw.githubusercontent.com/AlmasB/FXGL/release/README.md
23:21:43.387 [FXGL Background Thread 3 ] DEBUG Engine               - userAppClass: class Runner.ClientRunner
23:21:43.387 [FXGL Background Thread 3 ] DEBUG Engine               - version: 0.0
23:21:43.387 [FXGL Background Thread 3 ] DEBUG Engine               - versionCheckDays: 7
23:21:43.387 [FXGL Background Thread 3 ] DEBUG Engine               - width: 1000
23:21:43.387 [FXGL Background Thread 3 ] DEBUG Engine               - Logging services
23:21:43.388 [FXGL Background Thread 3 ] DEBUG Engine               - class com.almasb.fxgl.app.services.FXGLAssetLoaderService
23:21:43.388 [FXGL Background Thread 3 ] DEBUG Engine               - class com.almasb.fxgl.app.FXGLApplication$GameApplicationService
23:21:43.388 [FXGL Background Thread 3 ] DEBUG Engine               - class com.almasb.fxgl.app.services.FXGLDialogService
23:21:43.388 [FXGL Background Thread 3 ] DEBUG Engine               - class com.almasb.fxgl.app.services.IOTaskExecutorService
23:21:43.388 [FXGL Background Thread 3 ] DEBUG Engine               - class com.almasb.fxgl.io.FileSystemService
23:21:43.388 [FXGL Background Thread 3 ] DEBUG Engine               - class com.almasb.fxgl.localization.LocalizationService
23:21:43.388 [FXGL Background Thread 3 ] DEBUG Engine               - class com.almasb.fxgl.app.services.SystemBundleService
23:21:43.388 [FXGL Background Thread 3 ] DEBUG Engine               - class com.almasb.fxgl.profile.SaveLoadService
23:21:43.388 [FXGL Background Thread 3 ] DEBUG Engine               - class com.almasb.fxgl.ui.FXGLUIFactoryServiceProvider
23:21:43.388 [FXGL Background Thread 3 ] DEBUG Engine               - class com.almasb.fxgl.ui.FXGLDialogFactoryServiceProvider
23:21:43.388 [FXGL Background Thread 3 ] DEBUG Engine               - class com.almasb.fxgl.audio.AudioPlayer
23:21:43.388 [FXGL Background Thread 3 ] DEBUG Engine               - class com.almasb.fxgl.notification.impl.NotificationServiceProvider
23:21:43.388 [FXGL Background Thread 3 ] DEBUG Engine               - class com.almasb.fxgl.achievement.AchievementService
23:21:43.388 [FXGL Background Thread 3 ] DEBUG Engine               - class com.almasb.fxgl.cutscene.CutsceneService
23:21:43.388 [FXGL Background Thread 3 ] DEBUG Engine               - class com.almasb.fxgl.minigames.MiniGameService
23:21:43.388 [FXGL Background Thread 3 ] DEBUG Engine               - class com.almasb.fxgl.net.NetService
23:21:43.388 [FXGL Background Thread 3 ] DEBUG Engine               - class com.almasb.fxgl.app.services.UpdaterService
23:21:43.388 [FXGL Background Thread 3 ] DEBUG Engine               - class com.almasb.fxgl.dev.DevService
23:21:43.388 [FXGL Background Thread 3 ] DEBUG Engine               - class com.almasb.fxgl.multiplayer.MultiplayerService
23:21:44.549 [JavaFX Application Thread] DEBUG FXGLAssetLoaderServi - Loading from file system: file:/C:/Users/User/Documents/Millan.Luis/UNEG/Semestre%20IV/Tecnicas%20de%20Prog.%20III/Sonic-rush/target/classes/assets/textures/background/background2.png
23:21:44.661 [JavaFX Application Thread] DEBUG TMXLevelLoader       - Parsed TiledMap: file:/C:/Users/User/Documents/Millan.Luis/UNEG/Semestre%20IV/Tecnicas%20de%20Prog.%20III/Sonic-rush/target/classes/assets/levels/mapazo.tmx
23:21:44.662 [JavaFX Application Thread] DEBUG TMXLevelLoader       - Creating tile layer entities
23:21:44.664 [JavaFX Application Thread] DEBUG TilesetLoader        - Loading view for layer Capa de patrones 1
23:21:44.671 [JavaFX Application Thread] DEBUG TilesetLoader        - Created buffer with size 3840.0x720.0
23:21:44.710 [JavaFX Application Thread] DEBUG TMXLevelLoader       - Creating object layer entities
23:21:44.727 [JavaFX Application Thread] DEBUG GameWorld            - Clearing removable entities
23:21:44.728 [JavaFX Application Thread] DEBUG GameWorld            - Setting level: com.almasb.fxgl.entity.level.Level@645c76e1
23:21:44.744 [ClientAsyncConnThread    ] DEBUG TCPClient            - Connecting to localhost:55555 type: class com.almasb.fxgl.core.serialization.Bundle
23:21:44.747 [ClientAsyncConnThread    ] DEBUG TCPClient            - Created socket to localhost:55555
23:21:44.756 [ClientAsyncConnThread    ] DEBUG Endpoint             - TCPClient opening new connection (1) from localhost/127.0.0.1:55555 type: class com.almasb.fxgl.core.serialization.Bundle
23:21:44.757 [ClientAsyncConnThread    ] DEBUG Endpoint             - TCPClient successfully opened connection (1)
23:21:44.820 [TCPClient_SendThread-1   ] DEBUG Writers              - Getting TCPMessageWriter for class com.almasb.fxgl.core.serialization.Bundle
23:21:44.820 [TCPClient_RecvThread-1   ] DEBUG Readers              - Getting TCPMessageReader for class com.almasb.fxgl.core.serialization.Bundle
23:21:44.821 [TCPClient_RecvThread-1   ] DEBUG Readers              - Constructed MessageReader for class com.almasb.fxgl.core.serialization.Bundle: BundleTCPMessageReader
23:21:44.821 [TCPClient_SendThread-1   ] DEBUG Writers              - Constructed TCPMessageWriter for class com.almasb.fxgl.core.serialization.Bundle: BundleTCPMessageWriter
23:21:44.840 [JavaFX Application Thread] DEBUG FXGLAssetLoaderServi - Loading from file system: file:/C:/Users/User/Documents/Millan.Luis/UNEG/Semestre%20IV/Tecnicas%20de%20Prog.%20III/Sonic-rush/target/classes/assets/textures/Items/ring.png
23:21:44.874 [JavaFX Application Thread] DEBUG FXGLAssetLoaderServi - Loading from file system: file:/C:/Users/User/Documents/Millan.Luis/UNEG/Semestre%20IV/Tecnicas%20de%20Prog.%20III/Sonic-rush/target/classes/assets/textures/Items/caucho.png
23:21:44.878 [JavaFX Application Thread] DEBUG FXGLAssetLoaderServi - Loading from file system: file:/C:/Users/User/Documents/Millan.Luis/UNEG/Semestre%20IV/Tecnicas%20de%20Prog.%20III/Sonic-rush/target/classes/assets/textures/Items/basura.png
23:21:44.901 [JavaFX Application Thread] DEBUG FXGLAssetLoaderServi - Loading from file system: file:/C:/Users/User/Documents/Millan.Luis/UNEG/Semestre%20IV/Tecnicas%20de%20Prog.%20III/Sonic-rush/target/classes/assets/textures/Items/papel.png
23:21:44.914 [JavaFX Application Thread] DEBUG FXGLAssetLoaderServi - Loading from file system: file:/C:/Users/User/Documents/Millan.Luis/UNEG/Semestre%20IV/Tecnicas%20de%20Prog.%20III/Sonic-rush/target/classes/assets/textures/Enemigos/enemigo.png
23:21:44.985 [JavaFX Application Thread] DEBUG FXGLAssetLoaderServi - Loading from file system: file:/C:/Users/User/Documents/Millan.Luis/UNEG/Semestre%20IV/Tecnicas%20de%20Prog.%20III/Sonic-rush/target/classes/assets/textures/Personajes/tails.png
23:21:44.986 [JavaFX Application Thread] DEBUG FXGLAssetLoaderServi - Loading from file system: file:/C:/Users/User/Documents/Millan.Luis/UNEG/Semestre%20IV/Tecnicas%20de%20Prog.%20III/Sonic-rush/target/classes/assets/textures/Personajes/tails_Salta.png
23:21:44.987 [JavaFX Application Thread] DEBUG FXGLAssetLoaderServi - Loading from file system: file:/C:/Users/User/Documents/Millan.Luis/UNEG/Semestre%20IV/Tecnicas%20de%20Prog.%20III/Sonic-rush/target/classes/assets/textures/Personajes/tails_caminando.png
23:21:47.007 [JavaFX Application Thread] DEBUG FXGLAssetLoaderServi - Loading from file system: file:/C:/Users/User/Documents/Millan.Luis/UNEG/Semestre%20IV/Tecnicas%20de%20Prog.%20III/Sonic-rush/target/classes/assets/sounds/recoger.wav
23:21:48.703 [JavaFX Application Thread] DEBUG FXGLAssetLoaderServi - Loading from file system: file:/C:/Users/User/Documents/Millan.Luis/UNEG/Semestre%20IV/Tecnicas%20de%20Prog.%20III/Sonic-rush/target/classes/assets/sounds/perder_anillos.wav
23:21:57.594 [JavaFX Application Thread] DEBUG FXGLAssetLoaderServi - Loading from file system: file:/C:/Users/User/Documents/Millan.Luis/UNEG/Semestre%20IV/Tecnicas%20de%20Prog.%20III/Sonic-rush/target/classes/assets/textures/Enemigos/eggman.png
23:22:24.130 [JavaFX Application Thread] DEBUG FXGLApplication      - Exiting FXGL
23:22:24.131 [JavaFX Application Thread] DEBUG LoopRunner           - Stopping loop
23:22:24.131 [JavaFX Application Thread] DEBUG SystemBundleService  - Saving FXGL system data
23:22:24.133 [JavaFX Application Thread] DEBUG FileSystemAccess     - Writing to: C:\Users\User\Documents\Millan.Luis\UNEG\Semestre IV\Tecnicas de Prog. III\Sonic-rush\system\fxgl.bundle
23:22:24.134 [JavaFX Application Thread] DEBUG Async                - Shutting down background threads
23:22:24.134 [JavaFX Application Thread] DEBUG PrimaryStageWindow   - Closing main window
23:22:24.141 [JavaFX Application Thread] DEBUG Logger               - Closing Logger
