20:27:03.439 [main                     ] DEBUG Logger               - Configured Logger
20:27:03.483 [main                     ] DEBUG GameApplication      - Logging settings
Title: Server
Version: 0.0
Width: 800
Height: 500
Fullscreen: false
Intro: false
Profiling: false
Single step:false
App Mode: DEVELOPER
Menu Key: ESCAPE
Stage Style: DECORATED
Scene Factory: class com.almasb.fxgl.app.scene.SceneFactory

20:27:05.272 [JavaFX Application Thread] DEBUG FXGLApplication      - Initializing FXGL
20:27:05.296 [JavaFX Application Thread] INFO  Engine               - FXGL-17.3 (30.03.2023 11.49) on WINDOWS (J:17.0.12 FX:20)
20:27:05.301 [JavaFX Application Thread] DEBUG Engine               - JRE Vendor Name: Oracle Corporation
20:27:05.306 [JavaFX Application Thread] DEBUG Engine               - Running on OS: Windows 10 version 10.0
20:27:05.307 [JavaFX Application Thread] DEBUG Engine               - Architecture: amd64
20:27:05.307 [JavaFX Application Thread] INFO  Engine               - Source code and latest versions at: https://github.com/AlmasB/FXGL
20:27:05.325 [JavaFX Application Thread] INFO  Engine               -       Ask questions and discuss at: https://github.com/AlmasB/FXGL/discussions
20:27:05.456 [JavaFX Application Thread] INFO  Engine               -              Join the FXGL chat at: https://gitter.im/AlmasB/FXGL
20:27:05.831 [JavaFX Application Thread] DEBUG PrimaryStageWindow   - Creating a JavaFX scene
20:27:05.915 [JavaFX Application Thread] DEBUG PrimaryStageWindow   - Target settings size: 800.0 x 500.0
20:27:05.915 [JavaFX Application Thread] DEBUG PrimaryStageWindow   - Scaled scene size:    800.0 x 500.0
20:27:05.916 [JavaFX Application Thread] DEBUG PrimaryStageWindow   - Scaled ratio: (1.0, 1.0)
20:27:05.916 [JavaFX Application Thread] DEBUG PrimaryStageWindow   - Set initial scene to FXGLStartupScene
20:27:05.922 [JavaFX Application Thread] DEBUG PrimaryStageWindow   - Opening main window
20:27:06.061 [JavaFX Application Thread] DEBUG PrimaryStageWindow   - Window border size: (14.4000244140625, 37.5999755859375)
20:27:06.062 [JavaFX Application Thread] DEBUG PrimaryStageWindow   - Scaled size: 800.0 x 500.0
20:27:06.062 [JavaFX Application Thread] DEBUG PrimaryStageWindow   - Scaled ratio: (1.0, 1.0)
20:27:06.063 [JavaFX Application Thread] DEBUG PrimaryStageWindow   - Scene size: 800.0 x 500.0
20:27:06.064 [JavaFX Application Thread] DEBUG PrimaryStageWindow   - Stage size: 814.4000244140625 x 537.5999755859375
20:27:06.080 [FXGL Background Thread 1 ] DEBUG Engine               - Initializing environment variables
20:27:06.158 [FXGL Background Thread 1 ] DEBUG FXGLAssetLoaderServi - User app class for loading assets: class Runner.ServerRunner
20:27:06.159 [FXGL Background Thread 1 ] DEBUG GameApplicationServi - Applying CSS: fxgl_dark.css
20:27:06.160 [FXGL Background Thread 1 ] DEBUG FXGLAssetLoaderServi - Loading from file system: jar:file:/C:/Users/Owner/.m2/repository/com/github/almasb/fxgl/17.3/fxgl-17.3.jar!/fxglassets/ui/css/fxgl_dark.css
20:27:06.232 [FXGL Background Thread 1 ] DEBUG GameApplicationServi - Initializing application scenes
20:27:06.356 [FXGL Background Thread 1 ] DEBUG GameWorld            - Game world initialized
20:27:06.443 [FXGL Background Thread 1 ] DEBUG PhysicsWorld         - Physics world initialized: appHeight=500, physics.ppm=50.0
20:27:06.443 [FXGL Background Thread 1 ] DEBUG PhysicsWorld         - Using strategy: BRUTE_FORCE
20:27:06.450 [FXGL Background Thread 1 ] DEBUG GameScene            - Game scene initialized: 800x500
20:27:06.468 [FXGL Background Thread 1 ] WARN  FXGL.DefaultMenu     - FXGLDefaultMenu is not designed for resolutions < 800x600
20:27:06.468 [FXGL Background Thread 1 ] DEBUG FXGL.DefaultMenu     - createMenuBodyGameMenu()
20:27:06.496 [FXGL Background Thread 1 ] DEBUG FXGL.DefaultMenu     - createOptionsMenu()
20:27:06.525 [FXGL Background Thread 1 ] DEBUG FXGLAssetLoaderServi - Loading from file system: jar:file:/C:/Users/Owner/.m2/repository/com/github/almasb/fxgl/17.3/fxgl-17.3.jar!/fxglassets/textures/particles/smoke.png
20:27:06.713 [FXGL Background Thread 1 ] DEBUG FXGLAssetLoaderServi - Loading from file system: jar:file:/C:/Users/Owner/.m2/repository/com/github/almasb/fxgl/17.3/fxgl-17.3.jar!/fxglassets/textures/particles/trace_horizontal.png
20:27:06.761 [FXGL Background Thread 1 ] DEBUG GameApplicationServi - Application scenes initialized
20:27:06.782 [FXGL Background Thread 1 ] DEBUG SystemBundleService  - Loading FXGL system data
20:27:06.792 [FXGL Background Thread 1 ] DEBUG FileSystemAccess     - Reading from: C:\Users\Owner\Desktop\Sonic-rush\system\fxgl.bundle
20:27:06.807 [FXGL Background Thread 1 ] DEBUG SystemBundleService  - Bundle FXGL: {}
20:27:06.807 [FXGL Background Thread 1 ] DEBUG UpdaterService       - Checking for updates
20:27:06.817 [FXGL Background Thread 1 ] DEBUG FXGLApplication      - Loading default localization
20:27:06.818 [FXGL Background Thread 4 ] DEBUG FXGLApplication      - Loading fonts
20:27:06.821 [FXGL Background Thread 1 ] DEBUG FXGLAssetLoaderServi - Loading from file system: jar:file:/C:/Users/Owner/.m2/repository/com/github/almasb/fxgl/17.3/fxgl-17.3.jar!/fxglassets/languages/english.lang
20:27:06.824 [FXGL Background Thread 4 ] DEBUG FXGLAssetLoaderServi - Loading from file system: jar:file:/C:/Users/Owner/.m2/repository/com/github/almasb/fxgl/17.3/fxgl-17.3.jar!/fxglassets/ui/fonts/VarelaRound-Regular.ttf
20:27:06.858 [FXGL Background Thread 1 ] INFO  FXGLApplication      - FXGL initialization took: 0.777 sec
20:27:06.863 [JavaFX Application Thread] DEBUG FXGLAssetLoaderServi - Loading from file system: jar:file:/C:/Users/Owner/.m2/repository/com/github/almasb/fxgl/17.3/fxgl-17.3.jar!/fxglassets/textures/fxgl_icon.png
20:27:06.899 [JavaFX Application Thread] DEBUG FXGLAssetLoaderServi - Loading from file system: jar:file:/C:/Users/Owner/.m2/repository/com/github/almasb/fxgl/17.3/fxgl-17.3.jar!/fxglassets/textures/fxgl_default_cursor.png
20:27:06.932 [JavaFX Application Thread] DEBUG Input                - Registered new binding: Screenshot - CTRL+8
20:27:06.934 [JavaFX Application Thread] DEBUG Input                - Registered new binding: System info dump - CTRL+9
20:27:06.934 [JavaFX Application Thread] DEBUG Input                - Registered new binding: Restart - CTRL+R
20:27:06.936 [JavaFX Application Thread] DEBUG Input                - Registered new binding: Toggle Debug Camera - CTRL+7
20:27:06.941 [JavaFX Application Thread] DEBUG LoopRunner           - Starting loop
20:27:06.941 [JavaFX Application Thread] DEBUG LoopRunner           - Initializing JavaFX AnimationTimerLoop
20:27:06.945 [JavaFX Application Thread] DEBUG GameApplicationServi - Starting new game
20:27:06.948 [JavaFX Application Thread] DEBUG Input                - Clearing active input actions
20:27:06.963 [JavaFX Application Thread] DEBUG GameApplicationServi - Removing overlay from FXGLStartupScene and adding to FXGLLoadingScene
20:27:06.964 [JavaFX Application Thread] DEBUG PrimaryStageWindow   - FXGLStartupScene -> FXGLLoadingScene
20:27:06.964 [JavaFX Application Thread] DEBUG GameApplicationServi - Clearing previous game
20:27:06.965 [JavaFX Application Thread] DEBUG GameScene            - Clearing game scene
20:27:06.965 [JavaFX Application Thread] DEBUG GameWorld            - Clearing game world
20:27:06.965 [JavaFX Application Thread] DEBUG PhysicsWorld         - Clearing physics world
20:27:06.968 [FXGL Background Thread 1 ] DEBUG FXGLApplication      - Initializing game
20:27:07.025 [ServerAsyncConnThread    ] DEBUG TCPServer            - Starting to listen at: 50000 type: class com.almasb.fxgl.core.serialization.Bundle
20:27:07.052 [FXGL Background Thread 4 ] DEBUG FXGLAssetLoaderServi - Loading from file system: jar:file:/C:/Users/Owner/.m2/repository/com/github/almasb/fxgl/17.3/fxgl-17.3.jar!/fxglassets/ui/fonts/Abel-Regular.ttf
20:27:07.058 [FXGL Background Thread 4 ] DEBUG FXGLAssetLoaderServi - Loading from file system: jar:file:/C:/Users/Owner/.m2/repository/com/github/almasb/fxgl/17.3/fxgl-17.3.jar!/fxglassets/ui/fonts/TerminalLandMono-Regular.otf
20:27:07.063 [FXGL Background Thread 4 ] DEBUG FXGLAssetLoaderServi - Loading from file system: jar:file:/C:/Users/Owner/.m2/repository/com/github/almasb/fxgl/17.3/fxgl-17.3.jar!/fxglassets/ui/fonts/Courier-Prime.ttf
20:27:07.096 [JavaFX Application Thread] DEBUG FXGLApplication      - Registering font factories with UI factory
20:27:07.213 [FXGL Background Thread 1 ] WARN  TMXLevelLoader       - TiledMap generated from 1.11.2. Supported version: 1.9.0. Some features may not be parsed fully.
20:27:07.272 [FXGL Background Thread 1 ] DEBUG TMXLevelLoader       - Parsed TiledMap: file:/C:/Users/Owner/Desktop/Sonic-rush/target/classes/assets/levels/mapazo.tmx
20:27:07.283 [FXGL Background Thread 1 ] DEBUG TMXLevelLoader       - Creating tile layer entities
20:27:07.285 [FXGL Background Thread 1 ] DEBUG TilesetLoader        - Loading view for layer Capa de patrones 1
20:27:07.295 [FXGL Background Thread 1 ] DEBUG TilesetLoader        - Created buffer with size 3840.0x720.0
20:27:07.403 [FXGL Background Thread 1 ] DEBUG TMXLevelLoader       - Creating object layer entities
20:27:07.455 [FXGL Background Thread 1 ] DEBUG GameWorld            - Clearing removable entities
20:27:07.458 [FXGL Background Thread 1 ] DEBUG GameWorld            - Setting level: com.almasb.fxgl.entity.level.Level@241b26d2
20:27:07.491 [FXGL Background Thread 1 ] DEBUG FXGLAssetLoaderServi - Loading from file system: file:/C:/Users/Owner/Desktop/Sonic-rush/target/classes/assets/textures/Items/ring.png
20:27:07.573 [FXGL Background Thread 1 ] DEBUG FXGLAssetLoaderServi - Loading from file system: file:/C:/Users/Owner/Desktop/Sonic-rush/target/classes/assets/textures/Enemigos/enemigo2.png
20:27:07.599 [FXGL Background Thread 1 ] DEBUG FXGLAssetLoaderServi - Loading from file system: file:/C:/Users/Owner/Desktop/Sonic-rush/target/classes/assets/textures/Items/papel.png
20:27:07.602 [FXGL Background Thread 1 ] DEBUG FXGLAssetLoaderServi - Loading from file system: file:/C:/Users/Owner/Desktop/Sonic-rush/target/classes/assets/textures/Items/basura.png
20:27:07.607 [FXGL Background Thread 1 ] DEBUG FXGLAssetLoaderServi - Loading from file system: file:/C:/Users/Owner/Desktop/Sonic-rush/target/classes/assets/textures/Items/caucho.png
20:27:07.622 [FXGL Background Thread 1 ] INFO  FXGLApplication      - Game initialization took: 0.655 sec
20:27:07.628 [JavaFX Application Thread] DEBUG Input                - Clearing active input actions
20:27:07.639 [JavaFX Application Thread] DEBUG GameApplicationServi - Removing overlay from FXGLLoadingScene and adding to GameScene
20:27:07.640 [JavaFX Application Thread] DEBUG PrimaryStageWindow   - FXGLLoadingScene -> GameScene
20:27:09.814 [FXGL Background Thread 3 ] DEBUG Engine               - Logging environment variables
20:27:09.816 [FXGL Background Thread 3 ] DEBUG Engine               - achievements: []
20:27:09.819 [FXGL Background Thread 3 ] DEBUG Engine               - actualHeight: 500.0
20:27:09.819 [FXGL Background Thread 3 ] DEBUG Engine               - actualHeightProperty: ReadOnlyDoubleProperty [value: 500.0]
20:27:09.820 [FXGL Background Thread 3 ] DEBUG Engine               - actualWidth: 800.0
20:27:09.820 [FXGL Background Thread 3 ] DEBUG Engine               - actualWidthProperty: ReadOnlyDoubleProperty [value: 800.0]
20:27:09.820 [FXGL Background Thread 3 ] DEBUG Engine               - appIcon: fxgl_icon.png
20:27:09.820 [FXGL Background Thread 3 ] DEBUG Engine               - applicationMode: DEVELOPER
20:27:09.821 [FXGL Background Thread 3 ] DEBUG Engine               - cSSList: [fxgl_dark.css]
20:27:09.821 [FXGL Background Thread 3 ] DEBUG Engine               - collisionDetectionStrategy: BRUTE_FORCE
20:27:09.821 [FXGL Background Thread 3 ] DEBUG Engine               - configClass: Optional.empty
20:27:09.821 [FXGL Background Thread 3 ] DEBUG Engine               - credits: []
20:27:09.822 [FXGL Background Thread 3 ] DEBUG Engine               - defaultCursor: CursorInfo(imageName=fxgl_default_cursor.png, hotspotX=7.0, hotspotY=6.0)
20:27:09.823 [FXGL Background Thread 3 ] DEBUG Engine               - devBBoxColorProperty: ObjectProperty [value: 0xff0000ff]
20:27:09.824 [FXGL Background Thread 3 ] DEBUG Engine               - devEnableDebugCameraProperty: BooleanProperty [value: false]
20:27:09.824 [FXGL Background Thread 3 ] DEBUG Engine               - devSensorColorProperty: ObjectProperty [value: 0xffff00ff]
20:27:09.825 [FXGL Background Thread 3 ] DEBUG Engine               - devShowBBoxProperty: BooleanProperty [value: false]
20:27:09.825 [FXGL Background Thread 3 ] DEBUG Engine               - devShowPositionProperty: BooleanProperty [value: false]
20:27:09.826 [FXGL Background Thread 3 ] DEBUG Engine               - enabledMenuItems: []
20:27:09.828 [FXGL Background Thread 3 ] DEBUG Engine               - engineServices: [class com.almasb.fxgl.app.services.FXGLAssetLoaderService, class com.almasb.fxgl.app.FXGLApplication$GameApplicationService, class com.almasb.fxgl.app.services.FXGLDialogService, class com.almasb.fxgl.app.services.IOTaskExecutorService, class com.almasb.fxgl.io.FileSystemService, class com.almasb.fxgl.localization.LocalizationService, class com.almasb.fxgl.app.services.SystemBundleService, class com.almasb.fxgl.profile.SaveLoadService, class com.almasb.fxgl.ui.FXGLUIFactoryServiceProvider, class com.almasb.fxgl.ui.FXGLDialogFactoryServiceProvider, class com.almasb.fxgl.audio.AudioPlayer, class com.almasb.fxgl.notification.impl.NotificationServiceProvider, class com.almasb.fxgl.achievement.AchievementService, class com.almasb.fxgl.cutscene.CutsceneService, class com.almasb.fxgl.minigames.MiniGameService, class com.almasb.fxgl.net.NetService, class com.almasb.fxgl.app.services.UpdaterService, class com.almasb.fxgl.dev.DevService, class com.almasb.fxgl.multiplayer.MultiplayerService]
20:27:09.831 [FXGL Background Thread 3 ] DEBUG Engine               - fontGame: Abel-Regular.ttf
20:27:09.831 [FXGL Background Thread 3 ] DEBUG Engine               - fontMono: TerminalLandMono-Regular.otf
20:27:09.832 [FXGL Background Thread 3 ] DEBUG Engine               - fontSizeScaleUI: 1.0
20:27:09.832 [FXGL Background Thread 3 ] DEBUG Engine               - fontText: Courier-Prime.ttf
20:27:09.832 [FXGL Background Thread 3 ] DEBUG Engine               - fontUI: VarelaRound-Regular.ttf
20:27:09.833 [FXGL Background Thread 3 ] DEBUG Engine               - fullScreen: BooleanProperty [value: false]
20:27:09.833 [FXGL Background Thread 3 ] DEBUG Engine               - gameDifficulty: MEDIUM
20:27:09.834 [FXGL Background Thread 3 ] DEBUG Engine               - gameDifficultyProperty: ObjectProperty [value: MEDIUM]
20:27:09.834 [FXGL Background Thread 3 ] DEBUG Engine               - globalMusicVolume: 0.5
20:27:09.834 [FXGL Background Thread 3 ] DEBUG Engine               - globalMusicVolumeProperty: DoubleProperty [value: 0.5]
20:27:09.835 [FXGL Background Thread 3 ] DEBUG Engine               - globalSoundVolume: 0.5
20:27:09.835 [FXGL Background Thread 3 ] DEBUG Engine               - globalSoundVolumeProperty: DoubleProperty [value: 0.5]
20:27:09.836 [FXGL Background Thread 3 ] DEBUG Engine               - height: 500
20:27:09.836 [FXGL Background Thread 3 ] DEBUG Engine               - is3D: false
20:27:09.836 [FXGL Background Thread 3 ] DEBUG Engine               - isAndroid: false
20:27:09.837 [FXGL Background Thread 3 ] DEBUG Engine               - isBrowser: false
20:27:09.837 [FXGL Background Thread 3 ] DEBUG Engine               - isClickFeedbackEnabled: false
20:27:09.838 [FXGL Background Thread 3 ] DEBUG Engine               - isCloseConfirmation: false
20:27:09.838 [FXGL Background Thread 3 ] DEBUG Engine               - isDesktop: true
20:27:09.839 [FXGL Background Thread 3 ] DEBUG Engine               - isDeveloperMenuEnabled: false
20:27:09.839 [FXGL Background Thread 3 ] DEBUG Engine               - isEmbedded: false
20:27:09.839 [FXGL Background Thread 3 ] DEBUG Engine               - isEntityPreloadEnabled: true
20:27:09.840 [FXGL Background Thread 3 ] DEBUG Engine               - isExperimentalTiledLargeMap: false
20:27:09.840 [FXGL Background Thread 3 ] DEBUG Engine               - isFileSystemWriteAllowed: true
20:27:09.841 [FXGL Background Thread 3 ] DEBUG Engine               - isFullScreenAllowed: false
20:27:09.841 [FXGL Background Thread 3 ] DEBUG Engine               - isFullScreenFromStart: false
20:27:09.841 [FXGL Background Thread 3 ] DEBUG Engine               - isGameMenuEnabled: true
20:27:09.841 [FXGL Background Thread 3 ] DEBUG Engine               - isIOS: false
20:27:09.842 [FXGL Background Thread 3 ] DEBUG Engine               - isIntroEnabled: false
20:27:09.842 [FXGL Background Thread 3 ] DEBUG Engine               - isLinux: false
20:27:09.842 [FXGL Background Thread 3 ] DEBUG Engine               - isMac: false
20:27:09.843 [FXGL Background Thread 3 ] DEBUG Engine               - isMainMenuEnabled: false
20:27:09.843 [FXGL Background Thread 3 ] DEBUG Engine               - isManualResizeEnabled: false
20:27:09.843 [FXGL Background Thread 3 ] DEBUG Engine               - isMobile: false
20:27:09.850 [FXGL Background Thread 3 ] DEBUG Engine               - isNative: false
20:27:09.850 [FXGL Background Thread 3 ] DEBUG Engine               - isPauseMusicWhenMinimized: true
20:27:09.850 [FXGL Background Thread 3 ] DEBUG Engine               - isPreserveResizeRatio: false
20:27:09.850 [FXGL Background Thread 3 ] DEBUG Engine               - isProfilingEnabled: false
20:27:09.850 [FXGL Background Thread 3 ] DEBUG Engine               - isScaleAffectedOnResize: true
20:27:09.850 [FXGL Background Thread 3 ] DEBUG Engine               - isSingleStep: false
20:27:09.851 [FXGL Background Thread 3 ] DEBUG Engine               - isUserProfileEnabled: false
20:27:09.851 [FXGL Background Thread 3 ] DEBUG Engine               - isWindows: true
20:27:09.851 [FXGL Background Thread 3 ] DEBUG Engine               - language: ObjectProperty [value: ENGLISH]
20:27:09.851 [FXGL Background Thread 3 ] DEBUG Engine               - menuKey: ESCAPE
20:27:09.851 [FXGL Background Thread 3 ] DEBUG Engine               - mouseSensitivity: 0.2
20:27:09.852 [FXGL Background Thread 3 ] DEBUG Engine               - notificationViewClass: class com.almasb.fxgl.notification.view.XboxNotificationView
20:27:09.852 [FXGL Background Thread 3 ] DEBUG Engine               - pixelsPerMeter: 50.0
20:27:09.852 [FXGL Background Thread 3 ] DEBUG Engine               - platform: WINDOWS
20:27:09.852 [FXGL Background Thread 3 ] DEBUG Engine               - prefHeightProperty: ReadOnlyDoubleProperty [value: 500.0]
20:27:09.852 [FXGL Background Thread 3 ] DEBUG Engine               - prefWidthProperty: ReadOnlyDoubleProperty [value: 800.0]
20:27:09.853 [FXGL Background Thread 3 ] DEBUG Engine               - profileDir: profiles/
20:27:09.853 [FXGL Background Thread 3 ] DEBUG Engine               - profileName: StringProperty [value: DEFAULT]
20:27:09.853 [FXGL Background Thread 3 ] DEBUG Engine               - randomSeed: -1
20:27:09.854 [FXGL Background Thread 3 ] DEBUG Engine               - runtimeInfo: RuntimeInfo(platform=WINDOWS, version=17.3, build=30.03.2023 11.49)
20:27:09.854 [FXGL Background Thread 3 ] DEBUG Engine               - saveFileExt: sav
20:27:09.854 [FXGL Background Thread 3 ] DEBUG Engine               - scaledHeightProp$fxgl: DoubleProperty [bound, value: 500.0]
20:27:09.854 [FXGL Background Thread 3 ] DEBUG Engine               - scaledWidthProp$fxgl: DoubleProperty [bound, value: 800.0]
20:27:09.855 [FXGL Background Thread 3 ] DEBUG Engine               - sceneFactory: com.almasb.fxgl.app.scene.SceneFactory@5be9cdb0
20:27:09.855 [FXGL Background Thread 3 ] DEBUG Engine               - secondsIn24h: 60
20:27:09.855 [FXGL Background Thread 3 ] DEBUG Engine               - soundMenuBack: menu/back.wav
20:27:09.855 [FXGL Background Thread 3 ] DEBUG Engine               - soundMenuPress: menu/press.wav
20:27:09.855 [FXGL Background Thread 3 ] DEBUG Engine               - soundMenuSelect: menu/select.wav
20:27:09.856 [FXGL Background Thread 3 ] DEBUG Engine               - soundNotification: core/notification.wav
20:27:09.856 [FXGL Background Thread 3 ] DEBUG Engine               - stageStyle: DECORATED
20:27:09.856 [FXGL Background Thread 3 ] DEBUG Engine               - supportedLanguages: [ENGLISH, FRENCH, GERMAN, HUNGARIAN, RUSSIAN]
20:27:09.856 [FXGL Background Thread 3 ] DEBUG Engine               - ticksPerSecond: -1
20:27:09.856 [FXGL Background Thread 3 ] DEBUG Engine               - title: Server
20:27:09.858 [FXGL Background Thread 3 ] DEBUG Engine               - urlGithub: https://github.com/AlmasB/FXGL
20:27:09.858 [FXGL Background Thread 3 ] DEBUG Engine               - urlLeaderboard: http://fxgl-top.herokuapp.com/
20:27:09.858 [FXGL Background Thread 3 ] DEBUG Engine               - urlPOM: https://raw.githubusercontent.com/AlmasB/FXGL/release/README.md
20:27:09.858 [FXGL Background Thread 3 ] DEBUG Engine               - userAppClass: class Runner.ServerRunner
20:27:09.859 [FXGL Background Thread 3 ] DEBUG Engine               - version: 0.0
20:27:09.859 [FXGL Background Thread 3 ] DEBUG Engine               - versionCheckDays: 7
20:27:09.859 [FXGL Background Thread 3 ] DEBUG Engine               - width: 800
20:27:09.859 [FXGL Background Thread 3 ] DEBUG Engine               - Logging services
20:27:09.859 [FXGL Background Thread 3 ] DEBUG Engine               - class com.almasb.fxgl.app.services.FXGLAssetLoaderService
20:27:09.859 [FXGL Background Thread 3 ] DEBUG Engine               - class com.almasb.fxgl.app.FXGLApplication$GameApplicationService
20:27:09.860 [FXGL Background Thread 3 ] DEBUG Engine               - class com.almasb.fxgl.app.services.FXGLDialogService
20:27:09.860 [FXGL Background Thread 3 ] DEBUG Engine               - class com.almasb.fxgl.app.services.IOTaskExecutorService
20:27:09.861 [FXGL Background Thread 3 ] DEBUG Engine               - class com.almasb.fxgl.io.FileSystemService
20:27:09.861 [FXGL Background Thread 3 ] DEBUG Engine               - class com.almasb.fxgl.localization.LocalizationService
20:27:09.862 [FXGL Background Thread 3 ] DEBUG Engine               - class com.almasb.fxgl.app.services.SystemBundleService
20:27:09.863 [FXGL Background Thread 3 ] DEBUG Engine               - class com.almasb.fxgl.profile.SaveLoadService
20:27:09.863 [FXGL Background Thread 3 ] DEBUG Engine               - class com.almasb.fxgl.ui.FXGLUIFactoryServiceProvider
20:27:09.863 [FXGL Background Thread 3 ] DEBUG Engine               - class com.almasb.fxgl.ui.FXGLDialogFactoryServiceProvider
20:27:09.863 [FXGL Background Thread 3 ] DEBUG Engine               - class com.almasb.fxgl.audio.AudioPlayer
20:27:09.863 [FXGL Background Thread 3 ] DEBUG Engine               - class com.almasb.fxgl.notification.impl.NotificationServiceProvider
20:27:09.863 [FXGL Background Thread 3 ] DEBUG Engine               - class com.almasb.fxgl.achievement.AchievementService
20:27:09.863 [FXGL Background Thread 3 ] DEBUG Engine               - class com.almasb.fxgl.cutscene.CutsceneService
20:27:09.864 [FXGL Background Thread 3 ] DEBUG Engine               - class com.almasb.fxgl.minigames.MiniGameService
20:27:09.864 [FXGL Background Thread 3 ] DEBUG Engine               - class com.almasb.fxgl.net.NetService
20:27:09.864 [FXGL Background Thread 3 ] DEBUG Engine               - class com.almasb.fxgl.app.services.UpdaterService
20:27:09.864 [FXGL Background Thread 3 ] DEBUG Engine               - class com.almasb.fxgl.dev.DevService
20:27:09.864 [FXGL Background Thread 3 ] DEBUG Engine               - class com.almasb.fxgl.multiplayer.MultiplayerService
20:27:28.651 [FXGL Background Thread 2 ] WARN  UpdaterService       - Failed to find updates: java.net.ConnectException: Connection timed out: connect
20:27:33.172 [JavaFX Application Thread] DEBUG LoopRunner           - Pausing loop
20:29:20.501 [ServerAsyncConnThread    ] DEBUG Endpoint             - TCPServer opening new connection (1) from /127.0.0.1:65286 type: class com.almasb.fxgl.core.serialization.Bundle
20:29:20.503 [ServerAsyncConnThread    ] DEBUG Endpoint             - TCPServer successfully opened connection (1)
20:29:20.522 [TCPServer_RecvThread-1   ] DEBUG Readers              - Getting TCPMessageReader for class com.almasb.fxgl.core.serialization.Bundle
20:29:20.524 [TCPServer_RecvThread-1   ] DEBUG Readers              - Constructed MessageReader for class com.almasb.fxgl.core.serialization.Bundle: BundleTCPMessageReader
20:29:20.526 [TCPServer_SendThread-1   ] DEBUG Writers              - Constructed TCPMessageWriter for class com.almasb.fxgl.core.serialization.Bundle: BundleTCPMessageWriter
20:29:51.875 [JavaFX Application Thread] DEBUG LoopRunner           - Resuming loop
20:29:54.738 [JavaFX Application Thread] DEBUG FXGLApplication      - Exiting FXGL
20:29:54.739 [JavaFX Application Thread] DEBUG LoopRunner           - Stopping loop
20:29:54.741 [JavaFX Application Thread] DEBUG SystemBundleService  - Saving FXGL system data
20:29:54.755 [JavaFX Application Thread] DEBUG FileSystemAccess     - Writing to: C:\Users\Owner\Desktop\Sonic-rush\system\fxgl.bundle
20:29:54.760 [JavaFX Application Thread] DEBUG Async                - Shutting down background threads
20:29:54.760 [JavaFX Application Thread] DEBUG PrimaryStageWindow   - Closing main window
20:29:54.812 [JavaFX Application Thread] DEBUG Logger               - Closing Logger
