12:25:55.375 [main                     ] DEBUG Logger               - Configured Logger
12:25:55.401 [main                     ] DEBUG GameApplication      - Logging settings
Title: Jugador Sonic
Version: 0.0
Width: 1000
Height: 600
Fullscreen: false
Intro: false
Profiling: false
Single step:false
App Mode: DEVELOPER
Menu Key: ESCAPE
Stage Style: DECORATED
Scene Factory: class com.almasb.fxgl.app.scene.SceneFactory

12:25:55.854 [JavaFX Application Thread] DEBUG FXGLApplication      - Initializing FXGL
12:25:55.860 [JavaFX Application Thread] INFO  Engine               - FXGL-17.3 (30.03.2023 11.49) on WINDOWS (J:21.0.2 FX:20)
12:25:55.861 [JavaFX Application Thread] DEBUG Engine               - JRE Vendor Name: Oracle Corporation
12:25:55.861 [JavaFX Application Thread] DEBUG Engine               - Running on OS: Windows 10 version 10.0
12:25:55.861 [JavaFX Application Thread] DEBUG Engine               - Architecture: amd64
12:25:55.861 [JavaFX Application Thread] INFO  Engine               - Source code and latest versions at: https://github.com/AlmasB/FXGL
12:25:55.862 [JavaFX Application Thread] INFO  Engine               -       Ask questions and discuss at: https://github.com/AlmasB/FXGL/discussions
12:25:55.862 [JavaFX Application Thread] INFO  Engine               -              Join the FXGL chat at: https://gitter.im/AlmasB/FXGL
12:25:56.005 [JavaFX Application Thread] DEBUG PrimaryStageWindow   - Creating a JavaFX scene
12:25:56.074 [JavaFX Application Thread] DEBUG PrimaryStageWindow   - Target settings size: 1000.0 x 600.0
12:25:56.075 [JavaFX Application Thread] DEBUG PrimaryStageWindow   - Scaled scene size:    1000.0 x 600.0
12:25:56.075 [JavaFX Application Thread] DEBUG PrimaryStageWindow   - Scaled ratio: (1.0, 1.0)
12:25:56.077 [JavaFX Application Thread] DEBUG PrimaryStageWindow   - Set initial scene to FXGLStartupScene
12:25:56.082 [JavaFX Application Thread] DEBUG PrimaryStageWindow   - Opening main window
12:25:56.183 [JavaFX Application Thread] DEBUG PrimaryStageWindow   - Window border size: (16.0, 39.0)
12:25:56.183 [JavaFX Application Thread] DEBUG PrimaryStageWindow   - Scaled size: 1000.0 x 600.0
12:25:56.183 [JavaFX Application Thread] DEBUG PrimaryStageWindow   - Scaled ratio: (1.0, 1.0)
12:25:56.184 [JavaFX Application Thread] DEBUG PrimaryStageWindow   - Scene size: 1000.0 x 600.0
12:25:56.184 [JavaFX Application Thread] DEBUG PrimaryStageWindow   - Stage size: 1016.0 x 639.0
12:25:56.230 [FXGL Background Thread 1 ] DEBUG Engine               - Initializing environment variables
12:25:56.298 [FXGL Background Thread 1 ] DEBUG FXGLAssetLoaderServi - User app class for loading assets: class Runner.ClientRunner
12:25:56.299 [FXGL Background Thread 1 ] DEBUG GameApplicationServi - Applying CSS: fxgl_dark.css
12:25:56.300 [FXGL Background Thread 1 ] DEBUG FXGLAssetLoaderServi - Loading from file system: jar:file:/C:/Users/User/.m2/repository/com/github/almasb/fxgl/17.3/fxgl-17.3.jar!/fxglassets/ui/css/fxgl_dark.css
12:25:56.373 [FXGL Background Thread 1 ] DEBUG GameApplicationServi - Initializing application scenes
12:25:56.498 [FXGL Background Thread 1 ] DEBUG GameWorld            - Game world initialized
12:25:56.571 [FXGL Background Thread 1 ] DEBUG PhysicsWorld         - Physics world initialized: appHeight=600, physics.ppm=50,0
12:25:56.572 [FXGL Background Thread 1 ] DEBUG PhysicsWorld         - Using strategy: BRUTE_FORCE
12:25:56.578 [FXGL Background Thread 1 ] DEBUG GameScene            - Game scene initialized: 1000x600
12:25:56.594 [FXGL Background Thread 1 ] DEBUG FXGL.DefaultMenu     - createMenuBodyGameMenu()
12:25:56.615 [FXGL Background Thread 1 ] DEBUG FXGL.DefaultMenu     - createOptionsMenu()
12:25:56.628 [FXGL Background Thread 1 ] DEBUG FXGLAssetLoaderServi - Loading from file system: jar:file:/C:/Users/User/.m2/repository/com/github/almasb/fxgl/17.3/fxgl-17.3.jar!/fxglassets/textures/particles/smoke.png
12:25:56.765 [FXGL Background Thread 1 ] DEBUG FXGLAssetLoaderServi - Loading from file system: jar:file:/C:/Users/User/.m2/repository/com/github/almasb/fxgl/17.3/fxgl-17.3.jar!/fxglassets/textures/particles/trace_horizontal.png
12:25:56.798 [FXGL Background Thread 1 ] DEBUG GameApplicationServi - Application scenes initialized
12:25:56.818 [FXGL Background Thread 1 ] DEBUG SystemBundleService  - Loading FXGL system data
12:25:56.823 [FXGL Background Thread 1 ] DEBUG FileSystemAccess     - Reading from: C:\Users\User\Documents\GitHub\Sonic-rush\system\fxgl.bundle
12:25:56.836 [FXGL Background Thread 1 ] DEBUG SystemBundleService  - Bundle FXGL: {}
12:25:56.836 [FXGL Background Thread 1 ] DEBUG UpdaterService       - Checking for updates
12:25:56.843 [FXGL Background Thread 1 ] DEBUG FXGLApplication      - Loading default localization
12:25:56.844 [FXGL Background Thread 1 ] DEBUG FXGLAssetLoaderServi - Loading from file system: jar:file:/C:/Users/User/.m2/repository/com/github/almasb/fxgl/17.3/fxgl-17.3.jar!/fxglassets/languages/english.lang
12:25:56.889 [FXGL Background Thread 1 ] INFO  FXGLApplication      - FXGL initialization took: 0,658 sec
12:25:56.945 [JavaFX Application Thread] DEBUG Input                - Registered new binding: Mover a la izquierda - A
12:25:56.945 [JavaFX Application Thread] DEBUG Input                - Registered new binding: Mover a la derecha - D
12:25:56.945 [JavaFX Application Thread] DEBUG Input                - Registered new binding: Saltar - W
12:25:56.945 [JavaFX Application Thread] DEBUG Input                - Registered new binding: Interactuar - E
12:25:56.945 [JavaFX Application Thread] DEBUG Input                - Registered new binding: Desactivar filtro - L
12:25:56.946 [JavaFX Application Thread] DEBUG FXGLAssetLoaderServi - Loading from file system: jar:file:/C:/Users/User/.m2/repository/com/github/almasb/fxgl/17.3/fxgl-17.3.jar!/fxglassets/textures/fxgl_icon.png
12:25:56.951 [FXGL Background Thread 4 ] DEBUG FXGLApplication      - Loading fonts
12:25:56.951 [FXGL Background Thread 4 ] DEBUG FXGLAssetLoaderServi - Loading from file system: jar:file:/C:/Users/User/.m2/repository/com/github/almasb/fxgl/17.3/fxgl-17.3.jar!/fxglassets/ui/fonts/VarelaRound-Regular.ttf
12:25:56.965 [JavaFX Application Thread] DEBUG FXGLAssetLoaderServi - Loading from file system: jar:file:/C:/Users/User/.m2/repository/com/github/almasb/fxgl/17.3/fxgl-17.3.jar!/fxglassets/textures/fxgl_default_cursor.png
12:25:56.967 [JavaFX Application Thread] DEBUG Input                - Registered new binding: Screenshot - CTRL+8
12:25:56.968 [JavaFX Application Thread] DEBUG Input                - Registered new binding: System info dump - CTRL+9
12:25:56.968 [JavaFX Application Thread] DEBUG Input                - Registered new binding: Restart - CTRL+R
12:25:56.969 [JavaFX Application Thread] DEBUG Input                - Registered new binding: Toggle Debug Camera - CTRL+7
12:25:56.972 [JavaFX Application Thread] DEBUG LoopRunner           - Starting loop
12:25:56.972 [JavaFX Application Thread] DEBUG LoopRunner           - Initializing JavaFX AnimationTimerLoop
12:25:56.973 [JavaFX Application Thread] DEBUG GameApplicationServi - Starting new game
12:25:56.974 [JavaFX Application Thread] DEBUG Input                - Clearing active input actions
12:25:56.984 [JavaFX Application Thread] DEBUG GameApplicationServi - Removing overlay from FXGLStartupScene and adding to FXGLLoadingScene
12:25:56.985 [JavaFX Application Thread] DEBUG PrimaryStageWindow   - FXGLStartupScene -> FXGLLoadingScene
12:25:56.985 [JavaFX Application Thread] DEBUG GameApplicationServi - Clearing previous game
12:25:56.985 [JavaFX Application Thread] DEBUG GameScene            - Clearing game scene
12:25:56.985 [JavaFX Application Thread] DEBUG GameWorld            - Clearing game world
12:25:56.985 [JavaFX Application Thread] DEBUG PhysicsWorld         - Clearing physics world
12:25:56.993 [FXGL Background Thread 1 ] DEBUG FXGLApplication      - Initializing game
12:25:57.025 [FXGL Background Thread 4 ] DEBUG FXGLAssetLoaderServi - Loading from file system: jar:file:/C:/Users/User/.m2/repository/com/github/almasb/fxgl/17.3/fxgl-17.3.jar!/fxglassets/ui/fonts/Abel-Regular.ttf
12:25:57.032 [FXGL Background Thread 1 ] DEBUG FXGLAssetLoaderServi - Loading from file system: file:/C:/Users/User/Documents/GitHub/Sonic-rush/target/classes/assets/music/OST2.mp3
12:25:57.033 [FXGL Background Thread 4 ] DEBUG FXGLAssetLoaderServi - Loading from file system: jar:file:/C:/Users/User/.m2/repository/com/github/almasb/fxgl/17.3/fxgl-17.3.jar!/fxglassets/ui/fonts/TerminalLandMono-Regular.otf
12:25:57.039 [FXGL Background Thread 4 ] DEBUG FXGLAssetLoaderServi - Loading from file system: jar:file:/C:/Users/User/.m2/repository/com/github/almasb/fxgl/17.3/fxgl-17.3.jar!/fxglassets/ui/fonts/Courier-Prime.ttf
12:25:57.114 [JavaFX Application Thread] DEBUG FXGLApplication      - Registering font factories with UI factory
12:25:57.488 [FXGL Background Thread 1 ] DEBUG AudioPlayer          - Playing music com.almasb.fxgl.audio.Music@103ed6ff
12:25:57.491 [FXGL Background Thread 1 ] INFO  FXGLApplication      - Game initialization took: 0,498 sec
12:25:57.667 [JavaFX Application Thread] DEBUG Input                - Clearing active input actions
12:25:57.676 [JavaFX Application Thread] DEBUG GameApplicationServi - Removing overlay from FXGLLoadingScene and adding to GameScene
12:25:57.677 [JavaFX Application Thread] DEBUG PrimaryStageWindow   - FXGLLoadingScene -> GameScene
12:25:57.883 [FXGL Background Thread 2 ] INFO  UpdaterService       - Your current version:  17.3
12:25:57.893 [FXGL Background Thread 2 ] INFO  UpdaterService       - Latest stable version: 21.1
12:25:59.841 [FXGL Background Thread 3 ] DEBUG Engine               - Logging environment variables
12:25:59.841 [FXGL Background Thread 3 ] DEBUG Engine               - achievements: []
12:25:59.841 [FXGL Background Thread 3 ] DEBUG Engine               - actualHeight: 600.0
12:25:59.842 [FXGL Background Thread 3 ] DEBUG Engine               - actualHeightProperty: ReadOnlyDoubleProperty [value: 600.0]
12:25:59.842 [FXGL Background Thread 3 ] DEBUG Engine               - actualWidth: 1000.0
12:25:59.842 [FXGL Background Thread 3 ] DEBUG Engine               - actualWidthProperty: ReadOnlyDoubleProperty [value: 1000.0]
12:25:59.842 [FXGL Background Thread 3 ] DEBUG Engine               - appIcon: fxgl_icon.png
12:25:59.842 [FXGL Background Thread 3 ] DEBUG Engine               - applicationMode: DEVELOPER
12:25:59.842 [FXGL Background Thread 3 ] DEBUG Engine               - cSSList: [fxgl_dark.css]
12:25:59.842 [FXGL Background Thread 3 ] DEBUG Engine               - collisionDetectionStrategy: BRUTE_FORCE
12:25:59.842 [FXGL Background Thread 3 ] DEBUG Engine               - configClass: Optional.empty
12:25:59.842 [FXGL Background Thread 3 ] DEBUG Engine               - credits: []
12:25:59.842 [FXGL Background Thread 3 ] DEBUG Engine               - defaultCursor: CursorInfo(imageName=fxgl_default_cursor.png, hotspotX=7.0, hotspotY=6.0)
12:25:59.843 [FXGL Background Thread 3 ] DEBUG Engine               - devBBoxColorProperty: ObjectProperty [value: 0xff0000ff]
12:25:59.843 [FXGL Background Thread 3 ] DEBUG Engine               - devEnableDebugCameraProperty: BooleanProperty [value: false]
12:25:59.843 [FXGL Background Thread 3 ] DEBUG Engine               - devSensorColorProperty: ObjectProperty [value: 0xffff00ff]
12:25:59.843 [FXGL Background Thread 3 ] DEBUG Engine               - devShowBBoxProperty: BooleanProperty [value: false]
12:25:59.843 [FXGL Background Thread 3 ] DEBUG Engine               - devShowPositionProperty: BooleanProperty [value: false]
12:25:59.843 [FXGL Background Thread 3 ] DEBUG Engine               - enabledMenuItems: []
12:25:59.843 [FXGL Background Thread 3 ] DEBUG Engine               - engineServices: [class com.almasb.fxgl.app.services.FXGLAssetLoaderService, class com.almasb.fxgl.app.FXGLApplication$GameApplicationService, class com.almasb.fxgl.app.services.FXGLDialogService, class com.almasb.fxgl.app.services.IOTaskExecutorService, class com.almasb.fxgl.io.FileSystemService, class com.almasb.fxgl.localization.LocalizationService, class com.almasb.fxgl.app.services.SystemBundleService, class com.almasb.fxgl.profile.SaveLoadService, class com.almasb.fxgl.ui.FXGLUIFactoryServiceProvider, class com.almasb.fxgl.ui.FXGLDialogFactoryServiceProvider, class com.almasb.fxgl.audio.AudioPlayer, class com.almasb.fxgl.notification.impl.NotificationServiceProvider, class com.almasb.fxgl.achievement.AchievementService, class com.almasb.fxgl.cutscene.CutsceneService, class com.almasb.fxgl.minigames.MiniGameService, class com.almasb.fxgl.net.NetService, class com.almasb.fxgl.app.services.UpdaterService, class com.almasb.fxgl.dev.DevService, class com.almasb.fxgl.multiplayer.MultiplayerService]
12:25:59.843 [FXGL Background Thread 3 ] DEBUG Engine               - fontGame: Abel-Regular.ttf
12:25:59.843 [FXGL Background Thread 3 ] DEBUG Engine               - fontMono: TerminalLandMono-Regular.otf
12:25:59.843 [FXGL Background Thread 3 ] DEBUG Engine               - fontSizeScaleUI: 1.0
12:25:59.843 [FXGL Background Thread 3 ] DEBUG Engine               - fontText: Courier-Prime.ttf
12:25:59.843 [FXGL Background Thread 3 ] DEBUG Engine               - fontUI: VarelaRound-Regular.ttf
12:25:59.843 [FXGL Background Thread 3 ] DEBUG Engine               - fullScreen: BooleanProperty [value: false]
12:25:59.843 [FXGL Background Thread 3 ] DEBUG Engine               - gameDifficulty: MEDIUM
12:25:59.844 [FXGL Background Thread 3 ] DEBUG Engine               - gameDifficultyProperty: ObjectProperty [value: MEDIUM]
12:25:59.844 [FXGL Background Thread 3 ] DEBUG Engine               - globalMusicVolume: 0.5
12:25:59.844 [FXGL Background Thread 3 ] DEBUG Engine               - globalMusicVolumeProperty: DoubleProperty [value: 0.5]
12:25:59.844 [FXGL Background Thread 3 ] DEBUG Engine               - globalSoundVolume: 0.5
12:25:59.844 [FXGL Background Thread 3 ] DEBUG Engine               - globalSoundVolumeProperty: DoubleProperty [value: 0.5]
12:25:59.844 [FXGL Background Thread 3 ] DEBUG Engine               - height: 600
12:25:59.844 [FXGL Background Thread 3 ] DEBUG Engine               - is3D: false
12:25:59.844 [FXGL Background Thread 3 ] DEBUG Engine               - isAndroid: false
12:25:59.844 [FXGL Background Thread 3 ] DEBUG Engine               - isBrowser: false
12:25:59.844 [FXGL Background Thread 3 ] DEBUG Engine               - isClickFeedbackEnabled: false
12:25:59.844 [FXGL Background Thread 3 ] DEBUG Engine               - isCloseConfirmation: false
12:25:59.844 [FXGL Background Thread 3 ] DEBUG Engine               - isDesktop: true
12:25:59.844 [FXGL Background Thread 3 ] DEBUG Engine               - isDeveloperMenuEnabled: false
12:25:59.844 [FXGL Background Thread 3 ] DEBUG Engine               - isEmbedded: false
12:25:59.844 [FXGL Background Thread 3 ] DEBUG Engine               - isEntityPreloadEnabled: true
12:25:59.844 [FXGL Background Thread 3 ] DEBUG Engine               - isExperimentalTiledLargeMap: false
12:25:59.844 [FXGL Background Thread 3 ] DEBUG Engine               - isFileSystemWriteAllowed: true
12:25:59.844 [FXGL Background Thread 3 ] DEBUG Engine               - isFullScreenAllowed: false
12:25:59.845 [FXGL Background Thread 3 ] DEBUG Engine               - isFullScreenFromStart: false
12:25:59.845 [FXGL Background Thread 3 ] DEBUG Engine               - isGameMenuEnabled: true
12:25:59.845 [FXGL Background Thread 3 ] DEBUG Engine               - isIOS: false
12:25:59.845 [FXGL Background Thread 3 ] DEBUG Engine               - isIntroEnabled: false
12:25:59.845 [FXGL Background Thread 3 ] DEBUG Engine               - isLinux: false
12:25:59.845 [FXGL Background Thread 3 ] DEBUG Engine               - isMac: false
12:25:59.845 [FXGL Background Thread 3 ] DEBUG Engine               - isMainMenuEnabled: false
12:25:59.845 [FXGL Background Thread 3 ] DEBUG Engine               - isManualResizeEnabled: false
12:25:59.845 [FXGL Background Thread 3 ] DEBUG Engine               - isMobile: false
12:25:59.845 [FXGL Background Thread 3 ] DEBUG Engine               - isNative: false
12:25:59.845 [FXGL Background Thread 3 ] DEBUG Engine               - isPauseMusicWhenMinimized: true
12:25:59.845 [FXGL Background Thread 3 ] DEBUG Engine               - isPreserveResizeRatio: false
12:25:59.845 [FXGL Background Thread 3 ] DEBUG Engine               - isProfilingEnabled: false
12:25:59.845 [FXGL Background Thread 3 ] DEBUG Engine               - isScaleAffectedOnResize: true
12:25:59.845 [FXGL Background Thread 3 ] DEBUG Engine               - isSingleStep: false
12:25:59.845 [FXGL Background Thread 3 ] DEBUG Engine               - isUserProfileEnabled: false
12:25:59.845 [FXGL Background Thread 3 ] DEBUG Engine               - isWindows: true
12:25:59.845 [FXGL Background Thread 3 ] DEBUG Engine               - language: ObjectProperty [value: ENGLISH]
12:25:59.845 [FXGL Background Thread 3 ] DEBUG Engine               - menuKey: ESCAPE
12:25:59.845 [FXGL Background Thread 3 ] DEBUG Engine               - mouseSensitivity: 0.2
12:25:59.845 [FXGL Background Thread 3 ] DEBUG Engine               - notificationViewClass: class com.almasb.fxgl.notification.view.XboxNotificationView
12:25:59.846 [FXGL Background Thread 3 ] DEBUG Engine               - pixelsPerMeter: 50.0
12:25:59.846 [FXGL Background Thread 3 ] DEBUG Engine               - platform: WINDOWS
12:25:59.846 [FXGL Background Thread 3 ] DEBUG Engine               - prefHeightProperty: ReadOnlyDoubleProperty [value: 600.0]
12:25:59.846 [FXGL Background Thread 3 ] DEBUG Engine               - prefWidthProperty: ReadOnlyDoubleProperty [value: 1000.0]
12:25:59.846 [FXGL Background Thread 3 ] DEBUG Engine               - profileDir: profiles/
12:25:59.846 [FXGL Background Thread 3 ] DEBUG Engine               - profileName: StringProperty [value: DEFAULT]
12:25:59.846 [FXGL Background Thread 3 ] DEBUG Engine               - randomSeed: -1
12:25:59.846 [FXGL Background Thread 3 ] DEBUG Engine               - runtimeInfo: RuntimeInfo(platform=WINDOWS, version=17.3, build=30.03.2023 11.49)
12:25:59.846 [FXGL Background Thread 3 ] DEBUG Engine               - saveFileExt: sav
12:25:59.846 [FXGL Background Thread 3 ] DEBUG Engine               - scaledHeightProp$fxgl: DoubleProperty [bound, value: 600.0]
12:25:59.846 [FXGL Background Thread 3 ] DEBUG Engine               - scaledWidthProp$fxgl: DoubleProperty [bound, value: 1000.0]
12:25:59.846 [FXGL Background Thread 3 ] DEBUG Engine               - sceneFactory: com.almasb.fxgl.app.scene.SceneFactory@78f73959
12:25:59.846 [FXGL Background Thread 3 ] DEBUG Engine               - secondsIn24h: 60
12:25:59.846 [FXGL Background Thread 3 ] DEBUG Engine               - soundMenuBack: menu/back.wav
12:25:59.847 [FXGL Background Thread 3 ] DEBUG Engine               - soundMenuPress: menu/press.wav
12:25:59.847 [FXGL Background Thread 3 ] DEBUG Engine               - soundMenuSelect: menu/select.wav
12:25:59.847 [FXGL Background Thread 3 ] DEBUG Engine               - soundNotification: core/notification.wav
12:25:59.847 [FXGL Background Thread 3 ] DEBUG Engine               - stageStyle: DECORATED
12:25:59.847 [FXGL Background Thread 3 ] DEBUG Engine               - supportedLanguages: [ENGLISH, FRENCH, GERMAN, HUNGARIAN, RUSSIAN]
12:25:59.847 [FXGL Background Thread 3 ] DEBUG Engine               - ticksPerSecond: -1
12:25:59.847 [FXGL Background Thread 3 ] DEBUG Engine               - title: Jugador Sonic
12:25:59.847 [FXGL Background Thread 3 ] DEBUG Engine               - urlGithub: https://github.com/AlmasB/FXGL
12:25:59.847 [FXGL Background Thread 3 ] DEBUG Engine               - urlLeaderboard: http://fxgl-top.herokuapp.com/
12:25:59.847 [FXGL Background Thread 3 ] DEBUG Engine               - urlPOM: https://raw.githubusercontent.com/AlmasB/FXGL/release/README.md
12:25:59.847 [FXGL Background Thread 3 ] DEBUG Engine               - userAppClass: class Runner.ClientRunner
12:25:59.847 [FXGL Background Thread 3 ] DEBUG Engine               - version: 0.0
12:25:59.847 [FXGL Background Thread 3 ] DEBUG Engine               - versionCheckDays: 7
12:25:59.847 [FXGL Background Thread 3 ] DEBUG Engine               - width: 1000
12:25:59.847 [FXGL Background Thread 3 ] DEBUG Engine               - Logging services
12:25:59.847 [FXGL Background Thread 3 ] DEBUG Engine               - class com.almasb.fxgl.app.services.FXGLAssetLoaderService
12:25:59.847 [FXGL Background Thread 3 ] DEBUG Engine               - class com.almasb.fxgl.app.FXGLApplication$GameApplicationService
12:25:59.847 [FXGL Background Thread 3 ] DEBUG Engine               - class com.almasb.fxgl.app.services.FXGLDialogService
12:25:59.847 [FXGL Background Thread 3 ] DEBUG Engine               - class com.almasb.fxgl.app.services.IOTaskExecutorService
12:25:59.847 [FXGL Background Thread 3 ] DEBUG Engine               - class com.almasb.fxgl.io.FileSystemService
12:25:59.848 [FXGL Background Thread 3 ] DEBUG Engine               - class com.almasb.fxgl.localization.LocalizationService
12:25:59.848 [FXGL Background Thread 3 ] DEBUG Engine               - class com.almasb.fxgl.app.services.SystemBundleService
12:25:59.848 [FXGL Background Thread 3 ] DEBUG Engine               - class com.almasb.fxgl.profile.SaveLoadService
12:25:59.848 [FXGL Background Thread 3 ] DEBUG Engine               - class com.almasb.fxgl.ui.FXGLUIFactoryServiceProvider
12:25:59.848 [FXGL Background Thread 3 ] DEBUG Engine               - class com.almasb.fxgl.ui.FXGLDialogFactoryServiceProvider
12:25:59.848 [FXGL Background Thread 3 ] DEBUG Engine               - class com.almasb.fxgl.audio.AudioPlayer
12:25:59.848 [FXGL Background Thread 3 ] DEBUG Engine               - class com.almasb.fxgl.notification.impl.NotificationServiceProvider
12:25:59.848 [FXGL Background Thread 3 ] DEBUG Engine               - class com.almasb.fxgl.achievement.AchievementService
12:25:59.848 [FXGL Background Thread 3 ] DEBUG Engine               - class com.almasb.fxgl.cutscene.CutsceneService
12:25:59.848 [FXGL Background Thread 3 ] DEBUG Engine               - class com.almasb.fxgl.minigames.MiniGameService
12:25:59.848 [FXGL Background Thread 3 ] DEBUG Engine               - class com.almasb.fxgl.net.NetService
12:25:59.848 [FXGL Background Thread 3 ] DEBUG Engine               - class com.almasb.fxgl.app.services.UpdaterService
12:25:59.848 [FXGL Background Thread 3 ] DEBUG Engine               - class com.almasb.fxgl.dev.DevService
12:25:59.848 [FXGL Background Thread 3 ] DEBUG Engine               - class com.almasb.fxgl.multiplayer.MultiplayerService
12:26:09.149 [JavaFX Application Thread] DEBUG FXGLAssetLoaderServi - Loading from file system: file:/C:/Users/User/Documents/GitHub/Sonic-rush/target/classes/assets/textures/fondo.png
12:26:09.341 [JavaFX Application Thread] WARN  TMXLevelLoader       - TiledMap generated from 1.11.2. Supported version: 1.9.0. Some features may not be parsed fully.
12:26:09.359 [JavaFX Application Thread] DEBUG TMXLevelLoader       - Parsed TiledMap: file:/C:/Users/User/Documents/GitHub/Sonic-rush/target/classes/assets/levels/mapazo.tmx
12:26:09.360 [JavaFX Application Thread] DEBUG TMXLevelLoader       - Creating tile layer entities
12:26:09.362 [JavaFX Application Thread] DEBUG TilesetLoader        - Loading view for layer Capa de patrones 1
12:26:09.367 [JavaFX Application Thread] DEBUG TilesetLoader        - Created buffer with size 3840.0x720.0
12:26:09.396 [JavaFX Application Thread] DEBUG TMXLevelLoader       - Creating object layer entities
12:26:09.425 [JavaFX Application Thread] DEBUG GameWorld            - Clearing removable entities
12:26:09.427 [JavaFX Application Thread] DEBUG GameWorld            - Setting level: com.almasb.fxgl.entity.level.Level@5a9c5bf1
12:26:09.440 [ClientAsyncConnThread    ] DEBUG TCPClient            - Connecting to 123.123.123.123:50000 type: class com.almasb.fxgl.core.serialization.Bundle
12:26:13.349 [JavaFX Application Thread] DEBUG FXGLApplication      - Exiting FXGL
12:26:13.349 [JavaFX Application Thread] DEBUG LoopRunner           - Stopping loop
12:26:13.350 [JavaFX Application Thread] DEBUG SystemBundleService  - Saving FXGL system data
12:26:13.352 [JavaFX Application Thread] DEBUG FileSystemAccess     - Writing to: C:\Users\User\Documents\GitHub\Sonic-rush\system\fxgl.bundle
12:26:13.354 [JavaFX Application Thread] DEBUG Async                - Shutting down background threads
12:26:13.354 [JavaFX Application Thread] DEBUG PrimaryStageWindow   - Closing main window
12:26:13.366 [JavaFX Application Thread] DEBUG Logger               - Closing Logger
