14:39:35.492 [main                     ] DEBUG Logger               - Configured Logger
14:39:35.517 [main                     ] DEBUG GameApplication      - Logging settings
Title: Server
Version: 0.0
Width: 800
Height: 500
Fullscreen: false
Intro: false
Profiling: false
Single step:false
App Mode: DEVELOPER
Menu Key: ESCAPE
Stage Style: DECORATED
Scene Factory: class com.almasb.fxgl.app.scene.SceneFactory

14:39:35.940 [JavaFX Application Thread] DEBUG FXGLApplication      - Initializing FXGL
14:39:35.944 [JavaFX Application Thread] INFO  Engine               - FXGL-17.3 (30.03.2023 11.49) on WINDOWS (J:21.0.2 FX:20)
14:39:35.944 [JavaFX Application Thread] DEBUG Engine               - JRE Vendor Name: Oracle Corporation
14:39:35.944 [JavaFX Application Thread] DEBUG Engine               - Running on OS: Windows 10 version 10.0
14:39:35.945 [JavaFX Application Thread] DEBUG Engine               - Architecture: amd64
14:39:35.945 [JavaFX Application Thread] INFO  Engine               - Source code and latest versions at: https://github.com/AlmasB/FXGL
14:39:35.945 [JavaFX Application Thread] INFO  Engine               -       Ask questions and discuss at: https://github.com/AlmasB/FXGL/discussions
14:39:35.946 [JavaFX Application Thread] INFO  Engine               -              Join the FXGL chat at: https://gitter.im/AlmasB/FXGL
14:39:36.080 [JavaFX Application Thread] DEBUG PrimaryStageWindow   - Creating a JavaFX scene
14:39:36.140 [JavaFX Application Thread] DEBUG PrimaryStageWindow   - Target settings size: 800.0 x 500.0
14:39:36.140 [JavaFX Application Thread] DEBUG PrimaryStageWindow   - Scaled scene size:    800.0 x 500.0
14:39:36.141 [JavaFX Application Thread] DEBUG PrimaryStageWindow   - Scaled ratio: (1.0, 1.0)
14:39:36.142 [JavaFX Application Thread] DEBUG PrimaryStageWindow   - Set initial scene to FXGLStartupScene
14:39:36.145 [JavaFX Application Thread] DEBUG PrimaryStageWindow   - Opening main window
14:39:36.227 [JavaFX Application Thread] DEBUG PrimaryStageWindow   - Window border size: (16.0, 39.0)
14:39:36.228 [JavaFX Application Thread] DEBUG PrimaryStageWindow   - Scaled size: 800.0 x 500.0
14:39:36.228 [JavaFX Application Thread] DEBUG PrimaryStageWindow   - Scaled ratio: (1.0, 1.0)
14:39:36.228 [JavaFX Application Thread] DEBUG PrimaryStageWindow   - Scene size: 800.0 x 500.0
14:39:36.229 [JavaFX Application Thread] DEBUG PrimaryStageWindow   - Stage size: 816.0 x 539.0
14:39:36.237 [FXGL Background Thread 1 ] DEBUG Engine               - Initializing environment variables
14:39:36.300 [FXGL Background Thread 1 ] DEBUG FXGLAssetLoaderServi - User app class for loading assets: class Runner.ServerRunner
14:39:36.300 [FXGL Background Thread 1 ] DEBUG GameApplicationServi - Applying CSS: fxgl_dark.css
14:39:36.302 [FXGL Background Thread 1 ] DEBUG FXGLAssetLoaderServi - Loading from file system: jar:file:/C:/Users/User/.m2/repository/com/github/almasb/fxgl/17.3/fxgl-17.3.jar!/fxglassets/ui/css/fxgl_dark.css
14:39:36.383 [FXGL Background Thread 1 ] DEBUG GameApplicationServi - Initializing application scenes
14:39:36.509 [FXGL Background Thread 1 ] DEBUG GameWorld            - Game world initialized
14:39:36.608 [FXGL Background Thread 1 ] DEBUG PhysicsWorld         - Physics world initialized: appHeight=500, physics.ppm=50,0
14:39:36.609 [FXGL Background Thread 1 ] DEBUG PhysicsWorld         - Using strategy: BRUTE_FORCE
14:39:36.613 [FXGL Background Thread 1 ] DEBUG GameScene            - Game scene initialized: 800x500
14:39:36.629 [FXGL Background Thread 1 ] WARN  FXGL.DefaultMenu     - FXGLDefaultMenu is not designed for resolutions < 800x600
14:39:36.630 [FXGL Background Thread 1 ] DEBUG FXGL.DefaultMenu     - createMenuBodyGameMenu()
14:39:36.651 [FXGL Background Thread 1 ] DEBUG FXGL.DefaultMenu     - createOptionsMenu()
14:39:36.664 [FXGL Background Thread 1 ] DEBUG FXGLAssetLoaderServi - Loading from file system: jar:file:/C:/Users/User/.m2/repository/com/github/almasb/fxgl/17.3/fxgl-17.3.jar!/fxglassets/textures/particles/smoke.png
14:39:36.820 [FXGL Background Thread 1 ] DEBUG FXGLAssetLoaderServi - Loading from file system: jar:file:/C:/Users/User/.m2/repository/com/github/almasb/fxgl/17.3/fxgl-17.3.jar!/fxglassets/textures/particles/trace_horizontal.png
14:39:36.862 [FXGL Background Thread 1 ] DEBUG GameApplicationServi - Application scenes initialized
14:39:36.882 [FXGL Background Thread 1 ] DEBUG SystemBundleService  - Loading FXGL system data
14:39:36.888 [FXGL Background Thread 1 ] DEBUG FileSystemAccess     - Reading from: C:\Users\User\Documents\GitHub\Sonic-rush\system\fxgl.bundle
14:39:36.899 [FXGL Background Thread 1 ] DEBUG SystemBundleService  - Bundle FXGL: {}
14:39:36.899 [FXGL Background Thread 1 ] DEBUG UpdaterService       - Checking for updates
14:39:36.908 [FXGL Background Thread 1 ] DEBUG FXGLApplication      - Loading default localization
14:39:36.909 [FXGL Background Thread 1 ] DEBUG FXGLAssetLoaderServi - Loading from file system: jar:file:/C:/Users/User/.m2/repository/com/github/almasb/fxgl/17.3/fxgl-17.3.jar!/fxglassets/languages/english.lang
14:39:36.945 [FXGL Background Thread 4 ] DEBUG FXGLApplication      - Loading fonts
14:39:36.945 [FXGL Background Thread 4 ] DEBUG FXGLAssetLoaderServi - Loading from file system: jar:file:/C:/Users/User/.m2/repository/com/github/almasb/fxgl/17.3/fxgl-17.3.jar!/fxglassets/ui/fonts/VarelaRound-Regular.ttf
14:39:36.949 [FXGL Background Thread 1 ] INFO  FXGLApplication      - FXGL initialization took: 0,712 sec
14:39:37.022 [JavaFX Application Thread] DEBUG FXGLAssetLoaderServi - Loading from file system: jar:file:/C:/Users/User/.m2/repository/com/github/almasb/fxgl/17.3/fxgl-17.3.jar!/fxglassets/textures/fxgl_icon.png
14:39:37.028 [FXGL Background Thread 4 ] DEBUG FXGLAssetLoaderServi - Loading from file system: jar:file:/C:/Users/User/.m2/repository/com/github/almasb/fxgl/17.3/fxgl-17.3.jar!/fxglassets/ui/fonts/Abel-Regular.ttf
14:39:37.038 [FXGL Background Thread 4 ] DEBUG FXGLAssetLoaderServi - Loading from file system: jar:file:/C:/Users/User/.m2/repository/com/github/almasb/fxgl/17.3/fxgl-17.3.jar!/fxglassets/ui/fonts/TerminalLandMono-Regular.otf
14:39:37.047 [FXGL Background Thread 4 ] DEBUG FXGLAssetLoaderServi - Loading from file system: jar:file:/C:/Users/User/.m2/repository/com/github/almasb/fxgl/17.3/fxgl-17.3.jar!/fxglassets/ui/fonts/Courier-Prime.ttf
14:39:37.052 [JavaFX Application Thread] DEBUG FXGLAssetLoaderServi - Loading from file system: jar:file:/C:/Users/User/.m2/repository/com/github/almasb/fxgl/17.3/fxgl-17.3.jar!/fxglassets/textures/fxgl_default_cursor.png
14:39:37.074 [JavaFX Application Thread] DEBUG Input                - Registered new binding: Screenshot - CTRL+8
14:39:37.075 [JavaFX Application Thread] DEBUG Input                - Registered new binding: System info dump - CTRL+9
14:39:37.075 [JavaFX Application Thread] DEBUG Input                - Registered new binding: Restart - CTRL+R
14:39:37.076 [JavaFX Application Thread] DEBUG Input                - Registered new binding: Toggle Debug Camera - CTRL+7
14:39:37.079 [JavaFX Application Thread] DEBUG LoopRunner           - Starting loop
14:39:37.079 [JavaFX Application Thread] DEBUG LoopRunner           - Initializing JavaFX AnimationTimerLoop
14:39:37.080 [JavaFX Application Thread] DEBUG GameApplicationServi - Starting new game
14:39:37.081 [JavaFX Application Thread] DEBUG Input                - Clearing active input actions
14:39:37.103 [JavaFX Application Thread] DEBUG GameApplicationServi - Removing overlay from FXGLStartupScene and adding to FXGLLoadingScene
14:39:37.104 [JavaFX Application Thread] DEBUG PrimaryStageWindow   - FXGLStartupScene -> FXGLLoadingScene
14:39:37.104 [JavaFX Application Thread] DEBUG GameApplicationServi - Clearing previous game
14:39:37.104 [JavaFX Application Thread] DEBUG GameScene            - Clearing game scene
14:39:37.104 [JavaFX Application Thread] DEBUG GameWorld            - Clearing game world
14:39:37.104 [JavaFX Application Thread] DEBUG PhysicsWorld         - Clearing physics world
14:39:37.105 [FXGL Background Thread 4 ] DEBUG FXGLApplication      - Initializing game
14:39:37.106 [JavaFX Application Thread] DEBUG FXGLApplication      - Registering font factories with UI factory
14:39:37.237 [ServerAsyncConnThread    ] DEBUG TCPServer            - Starting to listen at: 55555 type: class com.almasb.fxgl.core.serialization.Bundle
14:39:37.308 [FXGL Background Thread 4 ] DEBUG TMXLevelLoader       - Parsed TiledMap: file:/C:/Users/User/Documents/GitHub/Sonic-rush/target/classes/assets/levels/mapazo.tmx
14:39:37.309 [FXGL Background Thread 4 ] DEBUG TMXLevelLoader       - Creating tile layer entities
14:39:37.311 [FXGL Background Thread 4 ] DEBUG TilesetLoader        - Loading view for layer Capa de patrones 1
14:39:37.316 [FXGL Background Thread 4 ] DEBUG TilesetLoader        - Created buffer with size 3840.0x720.0
14:39:37.362 [FXGL Background Thread 4 ] DEBUG TMXLevelLoader       - Creating object layer entities
14:39:37.430 [FXGL Background Thread 4 ] DEBUG GameWorld            - Clearing removable entities
14:39:37.431 [FXGL Background Thread 4 ] DEBUG GameWorld            - Setting level: com.almasb.fxgl.entity.level.Level@26f25dc2
14:39:37.465 [FXGL Background Thread 4 ] DEBUG FXGLAssetLoaderServi - Loading from file system: file:/C:/Users/User/Documents/GitHub/Sonic-rush/target/classes/assets/textures/Items/ring.png
14:39:37.499 [FXGL Background Thread 4 ] DEBUG FXGLAssetLoaderServi - Loading from file system: file:/C:/Users/User/Documents/GitHub/Sonic-rush/target/classes/assets/textures/Enemigos/enemigo.png
14:39:37.593 [FXGL Background Thread 4 ] DEBUG FXGLAssetLoaderServi - Loading from file system: file:/C:/Users/User/Documents/GitHub/Sonic-rush/target/classes/assets/textures/Items/papel.png
14:39:37.612 [FXGL Background Thread 4 ] DEBUG FXGLAssetLoaderServi - Loading from file system: file:/C:/Users/User/Documents/GitHub/Sonic-rush/target/classes/assets/textures/Items/caucho.png
14:39:37.634 [FXGL Background Thread 4 ] DEBUG FXGLAssetLoaderServi - Loading from file system: file:/C:/Users/User/Documents/GitHub/Sonic-rush/target/classes/assets/textures/Items/basura.png
14:39:37.662 [FXGL Background Thread 4 ] INFO  FXGLApplication      - Game initialization took: 0,556 sec
14:39:37.683 [JavaFX Application Thread] DEBUG Input                - Clearing active input actions
14:39:37.694 [JavaFX Application Thread] DEBUG GameApplicationServi - Removing overlay from FXGLLoadingScene and adding to GameScene
14:39:37.695 [JavaFX Application Thread] DEBUG PrimaryStageWindow   - FXGLLoadingScene -> GameScene
14:39:37.793 [FXGL Background Thread 2 ] INFO  UpdaterService       - Your current version:  17.3
14:39:37.806 [FXGL Background Thread 2 ] INFO  UpdaterService       - Latest stable version: 21.1
14:39:39.925 [FXGL Background Thread 3 ] DEBUG Engine               - Logging environment variables
14:39:39.927 [FXGL Background Thread 3 ] DEBUG Engine               - achievements: []
14:39:39.927 [FXGL Background Thread 3 ] DEBUG Engine               - actualHeight: 500.0
14:39:39.927 [FXGL Background Thread 3 ] DEBUG Engine               - actualHeightProperty: ReadOnlyDoubleProperty [value: 500.0]
14:39:39.927 [FXGL Background Thread 3 ] DEBUG Engine               - actualWidth: 800.0
14:39:39.927 [FXGL Background Thread 3 ] DEBUG Engine               - actualWidthProperty: ReadOnlyDoubleProperty [value: 800.0]
14:39:39.927 [FXGL Background Thread 3 ] DEBUG Engine               - appIcon: fxgl_icon.png
14:39:39.927 [FXGL Background Thread 3 ] DEBUG Engine               - applicationMode: DEVELOPER
14:39:39.927 [FXGL Background Thread 3 ] DEBUG Engine               - cSSList: [fxgl_dark.css]
14:39:39.927 [FXGL Background Thread 3 ] DEBUG Engine               - collisionDetectionStrategy: BRUTE_FORCE
14:39:39.927 [FXGL Background Thread 3 ] DEBUG Engine               - configClass: Optional.empty
14:39:39.927 [FXGL Background Thread 3 ] DEBUG Engine               - credits: []
14:39:39.928 [FXGL Background Thread 3 ] DEBUG Engine               - defaultCursor: CursorInfo(imageName=fxgl_default_cursor.png, hotspotX=7.0, hotspotY=6.0)
14:39:39.928 [FXGL Background Thread 3 ] DEBUG Engine               - devBBoxColorProperty: ObjectProperty [value: 0xff0000ff]
14:39:39.928 [FXGL Background Thread 3 ] DEBUG Engine               - devEnableDebugCameraProperty: BooleanProperty [value: false]
14:39:39.928 [FXGL Background Thread 3 ] DEBUG Engine               - devSensorColorProperty: ObjectProperty [value: 0xffff00ff]
14:39:39.928 [FXGL Background Thread 3 ] DEBUG Engine               - devShowBBoxProperty: BooleanProperty [value: false]
14:39:39.928 [FXGL Background Thread 3 ] DEBUG Engine               - devShowPositionProperty: BooleanProperty [value: false]
14:39:39.928 [FXGL Background Thread 3 ] DEBUG Engine               - enabledMenuItems: []
14:39:39.928 [FXGL Background Thread 3 ] DEBUG Engine               - engineServices: [class com.almasb.fxgl.app.services.FXGLAssetLoaderService, class com.almasb.fxgl.app.FXGLApplication$GameApplicationService, class com.almasb.fxgl.app.services.FXGLDialogService, class com.almasb.fxgl.app.services.IOTaskExecutorService, class com.almasb.fxgl.io.FileSystemService, class com.almasb.fxgl.localization.LocalizationService, class com.almasb.fxgl.app.services.SystemBundleService, class com.almasb.fxgl.profile.SaveLoadService, class com.almasb.fxgl.ui.FXGLUIFactoryServiceProvider, class com.almasb.fxgl.ui.FXGLDialogFactoryServiceProvider, class com.almasb.fxgl.audio.AudioPlayer, class com.almasb.fxgl.notification.impl.NotificationServiceProvider, class com.almasb.fxgl.achievement.AchievementService, class com.almasb.fxgl.cutscene.CutsceneService, class com.almasb.fxgl.minigames.MiniGameService, class com.almasb.fxgl.net.NetService, class com.almasb.fxgl.app.services.UpdaterService, class com.almasb.fxgl.dev.DevService, class com.almasb.fxgl.multiplayer.MultiplayerService]
14:39:39.928 [FXGL Background Thread 3 ] DEBUG Engine               - fontGame: Abel-Regular.ttf
14:39:39.928 [FXGL Background Thread 3 ] DEBUG Engine               - fontMono: TerminalLandMono-Regular.otf
14:39:39.928 [FXGL Background Thread 3 ] DEBUG Engine               - fontSizeScaleUI: 1.0
14:39:39.928 [FXGL Background Thread 3 ] DEBUG Engine               - fontText: Courier-Prime.ttf
14:39:39.928 [FXGL Background Thread 3 ] DEBUG Engine               - fontUI: VarelaRound-Regular.ttf
14:39:39.928 [FXGL Background Thread 3 ] DEBUG Engine               - fullScreen: BooleanProperty [value: false]
14:39:39.929 [FXGL Background Thread 3 ] DEBUG Engine               - gameDifficulty: MEDIUM
14:39:39.929 [FXGL Background Thread 3 ] DEBUG Engine               - gameDifficultyProperty: ObjectProperty [value: MEDIUM]
14:39:39.929 [FXGL Background Thread 3 ] DEBUG Engine               - globalMusicVolume: 0.5
14:39:39.929 [FXGL Background Thread 3 ] DEBUG Engine               - globalMusicVolumeProperty: DoubleProperty [value: 0.5]
14:39:39.929 [FXGL Background Thread 3 ] DEBUG Engine               - globalSoundVolume: 0.5
14:39:39.929 [FXGL Background Thread 3 ] DEBUG Engine               - globalSoundVolumeProperty: DoubleProperty [value: 0.5]
14:39:39.929 [FXGL Background Thread 3 ] DEBUG Engine               - height: 500
14:39:39.929 [FXGL Background Thread 3 ] DEBUG Engine               - is3D: false
14:39:39.929 [FXGL Background Thread 3 ] DEBUG Engine               - isAndroid: false
14:39:39.929 [FXGL Background Thread 3 ] DEBUG Engine               - isBrowser: false
14:39:39.929 [FXGL Background Thread 3 ] DEBUG Engine               - isClickFeedbackEnabled: false
14:39:39.929 [FXGL Background Thread 3 ] DEBUG Engine               - isCloseConfirmation: false
14:39:39.929 [FXGL Background Thread 3 ] DEBUG Engine               - isDesktop: true
14:39:39.929 [FXGL Background Thread 3 ] DEBUG Engine               - isDeveloperMenuEnabled: false
14:39:39.929 [FXGL Background Thread 3 ] DEBUG Engine               - isEmbedded: false
14:39:39.929 [FXGL Background Thread 3 ] DEBUG Engine               - isEntityPreloadEnabled: true
14:39:39.933 [FXGL Background Thread 3 ] DEBUG Engine               - isExperimentalTiledLargeMap: false
14:39:39.935 [FXGL Background Thread 3 ] DEBUG Engine               - isFileSystemWriteAllowed: true
14:39:39.935 [FXGL Background Thread 3 ] DEBUG Engine               - isFullScreenAllowed: false
14:39:39.935 [FXGL Background Thread 3 ] DEBUG Engine               - isFullScreenFromStart: false
14:39:39.935 [FXGL Background Thread 3 ] DEBUG Engine               - isGameMenuEnabled: true
14:39:39.935 [FXGL Background Thread 3 ] DEBUG Engine               - isIOS: false
14:39:39.935 [FXGL Background Thread 3 ] DEBUG Engine               - isIntroEnabled: false
14:39:39.935 [FXGL Background Thread 3 ] DEBUG Engine               - isLinux: false
14:39:39.935 [FXGL Background Thread 3 ] DEBUG Engine               - isMac: false
14:39:39.935 [FXGL Background Thread 3 ] DEBUG Engine               - isMainMenuEnabled: false
14:39:39.935 [FXGL Background Thread 3 ] DEBUG Engine               - isManualResizeEnabled: false
14:39:39.935 [FXGL Background Thread 3 ] DEBUG Engine               - isMobile: false
14:39:39.935 [FXGL Background Thread 3 ] DEBUG Engine               - isNative: false
14:39:39.935 [FXGL Background Thread 3 ] DEBUG Engine               - isPauseMusicWhenMinimized: true
14:39:39.935 [FXGL Background Thread 3 ] DEBUG Engine               - isPreserveResizeRatio: false
14:39:39.935 [FXGL Background Thread 3 ] DEBUG Engine               - isProfilingEnabled: false
14:39:39.935 [FXGL Background Thread 3 ] DEBUG Engine               - isScaleAffectedOnResize: true
14:39:39.935 [FXGL Background Thread 3 ] DEBUG Engine               - isSingleStep: false
14:39:39.935 [FXGL Background Thread 3 ] DEBUG Engine               - isUserProfileEnabled: false
14:39:39.935 [FXGL Background Thread 3 ] DEBUG Engine               - isWindows: true
14:39:39.935 [FXGL Background Thread 3 ] DEBUG Engine               - language: ObjectProperty [value: ENGLISH]
14:39:39.936 [FXGL Background Thread 3 ] DEBUG Engine               - menuKey: ESCAPE
14:39:39.936 [FXGL Background Thread 3 ] DEBUG Engine               - mouseSensitivity: 0.2
14:39:39.936 [FXGL Background Thread 3 ] DEBUG Engine               - notificationViewClass: class com.almasb.fxgl.notification.view.XboxNotificationView
14:39:39.936 [FXGL Background Thread 3 ] DEBUG Engine               - pixelsPerMeter: 50.0
14:39:39.936 [FXGL Background Thread 3 ] DEBUG Engine               - platform: WINDOWS
14:39:39.936 [FXGL Background Thread 3 ] DEBUG Engine               - prefHeightProperty: ReadOnlyDoubleProperty [value: 500.0]
14:39:39.936 [FXGL Background Thread 3 ] DEBUG Engine               - prefWidthProperty: ReadOnlyDoubleProperty [value: 800.0]
14:39:39.936 [FXGL Background Thread 3 ] DEBUG Engine               - profileDir: profiles/
14:39:39.936 [FXGL Background Thread 3 ] DEBUG Engine               - profileName: StringProperty [value: DEFAULT]
14:39:39.936 [FXGL Background Thread 3 ] DEBUG Engine               - randomSeed: -1
14:39:39.937 [FXGL Background Thread 3 ] DEBUG Engine               - runtimeInfo: RuntimeInfo(platform=WINDOWS, version=17.3, build=30.03.2023 11.49)
14:39:39.937 [FXGL Background Thread 3 ] DEBUG Engine               - saveFileExt: sav
14:39:39.937 [FXGL Background Thread 3 ] DEBUG Engine               - scaledHeightProp$fxgl: DoubleProperty [bound, value: 500.0]
14:39:39.937 [FXGL Background Thread 3 ] DEBUG Engine               - scaledWidthProp$fxgl: DoubleProperty [bound, value: 800.0]
14:39:39.937 [FXGL Background Thread 3 ] DEBUG Engine               - sceneFactory: com.almasb.fxgl.app.scene.SceneFactory@196c4c72
14:39:39.937 [FXGL Background Thread 3 ] DEBUG Engine               - secondsIn24h: 60
14:39:39.937 [FXGL Background Thread 3 ] DEBUG Engine               - soundMenuBack: menu/back.wav
14:39:39.937 [FXGL Background Thread 3 ] DEBUG Engine               - soundMenuPress: menu/press.wav
14:39:39.937 [FXGL Background Thread 3 ] DEBUG Engine               - soundMenuSelect: menu/select.wav
14:39:39.937 [FXGL Background Thread 3 ] DEBUG Engine               - soundNotification: core/notification.wav
14:39:39.937 [FXGL Background Thread 3 ] DEBUG Engine               - stageStyle: DECORATED
14:39:39.937 [FXGL Background Thread 3 ] DEBUG Engine               - supportedLanguages: [ENGLISH, FRENCH, GERMAN, HUNGARIAN, RUSSIAN]
14:39:39.937 [FXGL Background Thread 3 ] DEBUG Engine               - ticksPerSecond: -1
14:39:39.937 [FXGL Background Thread 3 ] DEBUG Engine               - title: Server
14:39:39.937 [FXGL Background Thread 3 ] DEBUG Engine               - urlGithub: https://github.com/AlmasB/FXGL
14:39:39.937 [FXGL Background Thread 3 ] DEBUG Engine               - urlLeaderboard: http://fxgl-top.herokuapp.com/
14:39:39.937 [FXGL Background Thread 3 ] DEBUG Engine               - urlPOM: https://raw.githubusercontent.com/AlmasB/FXGL/release/README.md
14:39:39.937 [FXGL Background Thread 3 ] DEBUG Engine               - userAppClass: class Runner.ServerRunner
14:39:39.937 [FXGL Background Thread 3 ] DEBUG Engine               - version: 0.0
14:39:39.938 [FXGL Background Thread 3 ] DEBUG Engine               - versionCheckDays: 7
14:39:39.938 [FXGL Background Thread 3 ] DEBUG Engine               - width: 800
14:39:39.938 [FXGL Background Thread 3 ] DEBUG Engine               - Logging services
14:39:39.938 [FXGL Background Thread 3 ] DEBUG Engine               - class com.almasb.fxgl.app.services.FXGLAssetLoaderService
14:39:39.939 [FXGL Background Thread 3 ] DEBUG Engine               - class com.almasb.fxgl.app.FXGLApplication$GameApplicationService
14:39:39.939 [FXGL Background Thread 3 ] DEBUG Engine               - class com.almasb.fxgl.app.services.FXGLDialogService
14:39:39.939 [FXGL Background Thread 3 ] DEBUG Engine               - class com.almasb.fxgl.app.services.IOTaskExecutorService
14:39:39.939 [FXGL Background Thread 3 ] DEBUG Engine               - class com.almasb.fxgl.io.FileSystemService
14:39:39.939 [FXGL Background Thread 3 ] DEBUG Engine               - class com.almasb.fxgl.localization.LocalizationService
14:39:39.939 [FXGL Background Thread 3 ] DEBUG Engine               - class com.almasb.fxgl.app.services.SystemBundleService
14:39:39.939 [FXGL Background Thread 3 ] DEBUG Engine               - class com.almasb.fxgl.profile.SaveLoadService
14:39:39.939 [FXGL Background Thread 3 ] DEBUG Engine               - class com.almasb.fxgl.ui.FXGLUIFactoryServiceProvider
14:39:39.939 [FXGL Background Thread 3 ] DEBUG Engine               - class com.almasb.fxgl.ui.FXGLDialogFactoryServiceProvider
14:39:39.939 [FXGL Background Thread 3 ] DEBUG Engine               - class com.almasb.fxgl.audio.AudioPlayer
14:39:39.939 [FXGL Background Thread 3 ] DEBUG Engine               - class com.almasb.fxgl.notification.impl.NotificationServiceProvider
14:39:39.940 [FXGL Background Thread 3 ] DEBUG Engine               - class com.almasb.fxgl.achievement.AchievementService
14:39:39.941 [FXGL Background Thread 3 ] DEBUG Engine               - class com.almasb.fxgl.cutscene.CutsceneService
14:39:39.941 [FXGL Background Thread 3 ] DEBUG Engine               - class com.almasb.fxgl.minigames.MiniGameService
14:39:39.941 [FXGL Background Thread 3 ] DEBUG Engine               - class com.almasb.fxgl.net.NetService
14:39:39.941 [FXGL Background Thread 3 ] DEBUG Engine               - class com.almasb.fxgl.app.services.UpdaterService
14:39:39.941 [FXGL Background Thread 3 ] DEBUG Engine               - class com.almasb.fxgl.dev.DevService
14:39:39.941 [FXGL Background Thread 3 ] DEBUG Engine               - class com.almasb.fxgl.multiplayer.MultiplayerService
14:39:39.975 [JavaFX Application Thread] DEBUG LoopRunner           - Pausing loop
14:39:42.645 [ServerAsyncConnThread    ] DEBUG Endpoint             - TCPServer opening new connection (1) from /127.0.0.1:64759 type: class com.almasb.fxgl.core.serialization.Bundle
14:39:42.647 [ServerAsyncConnThread    ] DEBUG Endpoint             - TCPServer successfully opened connection (1)
14:39:42.660 [TCPServer_RecvThread-1   ] DEBUG Readers              - Getting TCPMessageReader for class com.almasb.fxgl.core.serialization.Bundle
14:39:42.661 [TCPServer_SendThread-1   ] DEBUG Writers              - Getting TCPMessageWriter for class com.almasb.fxgl.core.serialization.Bundle
14:39:42.661 [TCPServer_RecvThread-1   ] DEBUG Readers              - Constructed MessageReader for class com.almasb.fxgl.core.serialization.Bundle: BundleTCPMessageReader
14:39:42.662 [TCPServer_SendThread-1   ] DEBUG Writers              - Constructed TCPMessageWriter for class com.almasb.fxgl.core.serialization.Bundle: BundleTCPMessageWriter
14:40:07.698 [JavaFX Application Thread] DEBUG FXGLAssetLoaderServi - Loading from file system: file:/C:/Users/User/Documents/GitHub/Sonic-rush/target/classes/assets/textures/Enemigos/eggman.png
14:40:37.978 [TCPServer_RecvThread-1   ] DEBUG Endpoint             - Connection 1 was unexpectedly disconnected: Connection reset
14:40:37.979 [TCPServer_RecvThread-1   ] DEBUG Connection           - Closing connection 1
14:40:37.979 [TCPServer_RecvThread-1   ] DEBUG Connection           - Connection 1 was correctly closed from local endpoint.
14:40:37.979 [TCPServer_RecvThread-1   ] DEBUG Endpoint             - TCPServer connection (1) was closed
14:40:38.533 [JavaFX Application Thread] DEBUG LoopRunner           - Resuming loop
14:40:39.314 [JavaFX Application Thread] DEBUG FXGLApplication      - Exiting FXGL
14:40:39.314 [JavaFX Application Thread] DEBUG LoopRunner           - Stopping loop
14:40:39.314 [JavaFX Application Thread] DEBUG SystemBundleService  - Saving FXGL system data
14:40:39.316 [JavaFX Application Thread] DEBUG FileSystemAccess     - Writing to: C:\Users\User\Documents\GitHub\Sonic-rush\system\fxgl.bundle
14:40:39.316 [JavaFX Application Thread] DEBUG Async                - Shutting down background threads
14:40:39.317 [JavaFX Application Thread] DEBUG PrimaryStageWindow   - Closing main window
14:40:39.328 [JavaFX Application Thread] DEBUG Logger               - Closing Logger
