00:00:53.183 [main                     ] DEBUG Logger               - Configured Logger
00:00:53.380 [main                     ] DEBUG GameApplication      - Logging settings
Title: Jugador Sonic
Version: 0.0
Width: 1000
Height: 600
Fullscreen: false
Intro: false
Profiling: false
Single step:false
App Mode: DEVELOPER
Menu Key: ESCAPE
Stage Style: DECORATED
Scene Factory: class com.almasb.fxgl.app.scene.SceneFactory

00:00:55.733 [JavaFX Application Thread] DEBUG FXGLApplication      - Initializing FXGL
00:00:55.783 [JavaFX Application Thread] INFO  Engine               - FXGL-17.3 (30.03.2023 11.49) on WINDOWS (J:17.0.12 FX:20)
00:00:55.786 [JavaFX Application Thread] DEBUG Engine               - JRE Vendor Name: Oracle Corporation
00:00:55.787 [JavaFX Application Thread] DEBUG Engine               - Running on OS: Windows 10 version 10.0
00:00:55.788 [JavaFX Application Thread] DEBUG Engine               - Architecture: amd64
00:00:55.788 [JavaFX Application Thread] INFO  Engine               - Source code and latest versions at: https://github.com/AlmasB/FXGL
00:00:55.800 [JavaFX Application Thread] INFO  Engine               -       Ask questions and discuss at: https://github.com/AlmasB/FXGL/discussions
00:00:55.801 [JavaFX Application Thread] INFO  Engine               -              Join the FXGL chat at: https://gitter.im/AlmasB/FXGL
00:00:56.353 [JavaFX Application Thread] DEBUG PrimaryStageWindow   - Creating a JavaFX scene
00:00:56.719 [JavaFX Application Thread] DEBUG PrimaryStageWindow   - Target settings size: 1000.0 x 600.0
00:00:56.720 [JavaFX Application Thread] DEBUG PrimaryStageWindow   - Scaled scene size:    1000.0 x 600.0
00:00:56.720 [JavaFX Application Thread] DEBUG PrimaryStageWindow   - Scaled ratio: (1.0, 1.0)
00:00:56.728 [JavaFX Application Thread] DEBUG PrimaryStageWindow   - Set initial scene to FXGLStartupScene
00:00:56.750 [JavaFX Application Thread] DEBUG PrimaryStageWindow   - Opening main window
00:00:57.151 [JavaFX Application Thread] DEBUG PrimaryStageWindow   - Window border size: (14.4000244140625, 37.5999755859375)
00:00:57.151 [JavaFX Application Thread] DEBUG PrimaryStageWindow   - Scaled size: 1000.0 x 600.0
00:00:57.152 [JavaFX Application Thread] DEBUG PrimaryStageWindow   - Scaled ratio: (1.0, 1.0)
00:00:57.153 [JavaFX Application Thread] DEBUG PrimaryStageWindow   - Scene size: 1000.0 x 600.0
00:00:57.154 [JavaFX Application Thread] DEBUG PrimaryStageWindow   - Stage size: 1014.4000244140625 x 637.5999755859375
00:00:57.372 [FXGL Background Thread 1 ] DEBUG Engine               - Initializing environment variables
00:00:57.520 [FXGL Background Thread 1 ] DEBUG FXGLAssetLoaderServi - User app class for loading assets: class Runner.ClientRunner
00:00:57.520 [FXGL Background Thread 1 ] DEBUG GameApplicationServi - Applying CSS: fxgl_dark.css
00:00:57.522 [FXGL Background Thread 1 ] DEBUG FXGLAssetLoaderServi - Loading from file system: jar:file:/C:/Users/Owner/.m2/repository/com/github/almasb/fxgl/17.3/fxgl-17.3.jar!/fxglassets/ui/css/fxgl_dark.css
00:00:57.709 [FXGL Background Thread 1 ] DEBUG GameApplicationServi - Initializing application scenes
00:00:58.434 [FXGL Background Thread 1 ] DEBUG GameWorld            - Game world initialized
00:00:58.707 [FXGL Background Thread 1 ] DEBUG PhysicsWorld         - Physics world initialized: appHeight=600, physics.ppm=50.0
00:00:58.707 [FXGL Background Thread 1 ] DEBUG PhysicsWorld         - Using strategy: BRUTE_FORCE
00:00:58.721 [FXGL Background Thread 1 ] DEBUG GameScene            - Game scene initialized: 1000x600
00:00:58.778 [FXGL Background Thread 1 ] DEBUG FXGL.DefaultMenu     - createMenuBodyGameMenu()
00:00:58.894 [FXGL Background Thread 1 ] DEBUG FXGL.DefaultMenu     - createOptionsMenu()
00:00:58.932 [FXGL Background Thread 1 ] DEBUG FXGLAssetLoaderServi - Loading from file system: jar:file:/C:/Users/Owner/.m2/repository/com/github/almasb/fxgl/17.3/fxgl-17.3.jar!/fxglassets/textures/particles/smoke.png
00:00:59.344 [FXGL Background Thread 1 ] DEBUG FXGLAssetLoaderServi - Loading from file system: jar:file:/C:/Users/Owner/.m2/repository/com/github/almasb/fxgl/17.3/fxgl-17.3.jar!/fxglassets/textures/particles/trace_horizontal.png
00:00:59.456 [FXGL Background Thread 1 ] DEBUG GameApplicationServi - Application scenes initialized
00:00:59.482 [FXGL Background Thread 1 ] DEBUG SystemBundleService  - Loading FXGL system data
00:00:59.490 [FXGL Background Thread 1 ] DEBUG FileSystemAccess     - Reading from: C:\Users\Owner\Desktop\Sonic-rush\system\fxgl.bundle
00:00:59.506 [FXGL Background Thread 1 ] DEBUG SystemBundleService  - Bundle FXGL: {}
00:00:59.506 [FXGL Background Thread 1 ] DEBUG UpdaterService       - Checking for updates
00:00:59.521 [FXGL Background Thread 1 ] DEBUG FXGLApplication      - Loading default localization
00:00:59.524 [FXGL Background Thread 1 ] DEBUG FXGLAssetLoaderServi - Loading from file system: jar:file:/C:/Users/Owner/.m2/repository/com/github/almasb/fxgl/17.3/fxgl-17.3.jar!/fxglassets/languages/english.lang
00:00:59.600 [FXGL Background Thread 1 ] INFO  FXGLApplication      - FXGL initialization took: 2.228 sec
00:00:59.761 [FXGL Background Thread 4 ] DEBUG FXGLApplication      - Loading fonts
00:00:59.763 [FXGL Background Thread 4 ] DEBUG FXGLAssetLoaderServi - Loading from file system: jar:file:/C:/Users/Owner/.m2/repository/com/github/almasb/fxgl/17.3/fxgl-17.3.jar!/fxglassets/ui/fonts/VarelaRound-Regular.ttf
00:00:59.885 [JavaFX Application Thread] DEBUG Input                - Registered new binding: Mover a la izquierda - A
00:00:59.886 [JavaFX Application Thread] DEBUG Input                - Registered new binding: Mover a la derecha - D
00:00:59.886 [JavaFX Application Thread] DEBUG Input                - Registered new binding: Saltar - W
00:00:59.886 [JavaFX Application Thread] DEBUG Input                - Registered new binding: Interactuar - E
00:00:59.886 [JavaFX Application Thread] DEBUG Input                - Registered new binding: Transformar - P
00:00:59.887 [JavaFX Application Thread] DEBUG Input                - Registered new binding: Desactivar filtro - L
00:00:59.889 [JavaFX Application Thread] DEBUG FXGLAssetLoaderServi - Loading from file system: jar:file:/C:/Users/Owner/.m2/repository/com/github/almasb/fxgl/17.3/fxgl-17.3.jar!/fxglassets/textures/fxgl_icon.png
00:00:59.956 [JavaFX Application Thread] DEBUG FXGLAssetLoaderServi - Loading from file system: jar:file:/C:/Users/Owner/.m2/repository/com/github/almasb/fxgl/17.3/fxgl-17.3.jar!/fxglassets/textures/fxgl_default_cursor.png
00:00:59.963 [JavaFX Application Thread] DEBUG Input                - Registered new binding: Screenshot - CTRL+8
00:00:59.964 [JavaFX Application Thread] DEBUG Input                - Registered new binding: System info dump - CTRL+9
00:00:59.964 [JavaFX Application Thread] DEBUG Input                - Registered new binding: Restart - CTRL+R
00:00:59.966 [JavaFX Application Thread] DEBUG Input                - Registered new binding: Toggle Debug Camera - CTRL+7
00:00:59.974 [JavaFX Application Thread] DEBUG LoopRunner           - Starting loop
00:00:59.975 [JavaFX Application Thread] DEBUG LoopRunner           - Initializing JavaFX AnimationTimerLoop
00:00:59.977 [JavaFX Application Thread] DEBUG GameApplicationServi - Starting new game
00:00:59.977 [JavaFX Application Thread] DEBUG Input                - Clearing active input actions
00:00:59.997 [JavaFX Application Thread] DEBUG GameApplicationServi - Removing overlay from FXGLStartupScene and adding to FXGLLoadingScene
00:00:59.997 [JavaFX Application Thread] DEBUG PrimaryStageWindow   - FXGLStartupScene -> FXGLLoadingScene
00:00:59.997 [JavaFX Application Thread] DEBUG GameApplicationServi - Clearing previous game
00:00:59.997 [JavaFX Application Thread] DEBUG GameScene            - Clearing game scene
00:00:59.998 [JavaFX Application Thread] DEBUG GameWorld            - Clearing game world
00:00:59.998 [JavaFX Application Thread] DEBUG PhysicsWorld         - Clearing physics world
00:00:59.999 [FXGL Background Thread 1 ] DEBUG FXGLApplication      - Initializing game
00:01:00.012 [FXGL Background Thread 1 ] DEBUG FXGLAssetLoaderServi - Loading from file system: file:/C:/Users/Owner/Desktop/Sonic-rush/target/classes/assets/music/OST2.mp3
00:01:02.738 [FXGL Background Thread 3 ] DEBUG Engine               - Logging environment variables
00:01:02.764 [FXGL Background Thread 3 ] DEBUG Engine               - achievements: []
00:01:02.765 [FXGL Background Thread 3 ] DEBUG Engine               - actualHeight: 600.0
00:01:02.765 [FXGL Background Thread 3 ] DEBUG Engine               - actualHeightProperty: ReadOnlyDoubleProperty [value: 600.0]
00:01:02.766 [FXGL Background Thread 3 ] DEBUG Engine               - actualWidth: 1000.0
00:01:02.766 [FXGL Background Thread 3 ] DEBUG Engine               - actualWidthProperty: ReadOnlyDoubleProperty [value: 1000.0]
00:01:02.768 [FXGL Background Thread 3 ] DEBUG Engine               - appIcon: fxgl_icon.png
00:01:02.768 [FXGL Background Thread 3 ] DEBUG Engine               - applicationMode: DEVELOPER
00:01:02.769 [FXGL Background Thread 3 ] DEBUG Engine               - cSSList: [fxgl_dark.css]
00:01:02.769 [FXGL Background Thread 3 ] DEBUG Engine               - collisionDetectionStrategy: BRUTE_FORCE
00:01:02.769 [FXGL Background Thread 3 ] DEBUG Engine               - configClass: Optional.empty
00:01:02.770 [FXGL Background Thread 3 ] DEBUG Engine               - credits: []
00:01:02.771 [FXGL Background Thread 3 ] DEBUG Engine               - defaultCursor: CursorInfo(imageName=fxgl_default_cursor.png, hotspotX=7.0, hotspotY=6.0)
00:01:02.771 [FXGL Background Thread 3 ] DEBUG Engine               - devBBoxColorProperty: ObjectProperty [value: 0xff0000ff]
00:01:02.772 [FXGL Background Thread 3 ] DEBUG Engine               - devEnableDebugCameraProperty: BooleanProperty [value: false]
00:01:02.772 [FXGL Background Thread 3 ] DEBUG Engine               - devSensorColorProperty: ObjectProperty [value: 0xffff00ff]
00:01:02.772 [FXGL Background Thread 3 ] DEBUG Engine               - devShowBBoxProperty: BooleanProperty [value: false]
00:01:02.772 [FXGL Background Thread 3 ] DEBUG Engine               - devShowPositionProperty: BooleanProperty [value: false]
00:01:02.774 [FXGL Background Thread 3 ] DEBUG Engine               - enabledMenuItems: []
00:01:02.775 [FXGL Background Thread 3 ] DEBUG Engine               - engineServices: [class com.almasb.fxgl.app.services.FXGLAssetLoaderService, class com.almasb.fxgl.app.FXGLApplication$GameApplicationService, class com.almasb.fxgl.app.services.FXGLDialogService, class com.almasb.fxgl.app.services.IOTaskExecutorService, class com.almasb.fxgl.io.FileSystemService, class com.almasb.fxgl.localization.LocalizationService, class com.almasb.fxgl.app.services.SystemBundleService, class com.almasb.fxgl.profile.SaveLoadService, class com.almasb.fxgl.ui.FXGLUIFactoryServiceProvider, class com.almasb.fxgl.ui.FXGLDialogFactoryServiceProvider, class com.almasb.fxgl.audio.AudioPlayer, class com.almasb.fxgl.notification.impl.NotificationServiceProvider, class com.almasb.fxgl.achievement.AchievementService, class com.almasb.fxgl.cutscene.CutsceneService, class com.almasb.fxgl.minigames.MiniGameService, class com.almasb.fxgl.net.NetService, class com.almasb.fxgl.app.services.UpdaterService, class com.almasb.fxgl.dev.DevService, class com.almasb.fxgl.multiplayer.MultiplayerService]
00:01:02.776 [FXGL Background Thread 3 ] DEBUG Engine               - fontGame: Abel-Regular.ttf
00:01:02.776 [FXGL Background Thread 3 ] DEBUG Engine               - fontMono: TerminalLandMono-Regular.otf
00:01:02.778 [FXGL Background Thread 3 ] DEBUG Engine               - fontSizeScaleUI: 1.0
00:01:02.779 [FXGL Background Thread 3 ] DEBUG Engine               - fontText: Courier-Prime.ttf
00:01:02.779 [FXGL Background Thread 3 ] DEBUG Engine               - fontUI: VarelaRound-Regular.ttf
00:01:02.780 [FXGL Background Thread 3 ] DEBUG Engine               - fullScreen: BooleanProperty [value: false]
00:01:02.782 [FXGL Background Thread 3 ] DEBUG Engine               - gameDifficulty: MEDIUM
00:01:02.782 [FXGL Background Thread 3 ] DEBUG Engine               - gameDifficultyProperty: ObjectProperty [value: MEDIUM]
00:01:02.782 [FXGL Background Thread 3 ] DEBUG Engine               - globalMusicVolume: 0.5
00:01:02.783 [FXGL Background Thread 3 ] DEBUG Engine               - globalMusicVolumeProperty: DoubleProperty [value: 0.5]
00:01:02.783 [FXGL Background Thread 3 ] DEBUG Engine               - globalSoundVolume: 0.5
00:01:02.783 [FXGL Background Thread 3 ] DEBUG Engine               - globalSoundVolumeProperty: DoubleProperty [value: 0.5]
00:01:02.783 [FXGL Background Thread 3 ] DEBUG Engine               - height: 600
00:01:02.783 [FXGL Background Thread 3 ] DEBUG Engine               - is3D: false
00:01:02.783 [FXGL Background Thread 3 ] DEBUG Engine               - isAndroid: false
00:01:02.783 [FXGL Background Thread 3 ] DEBUG Engine               - isBrowser: false
00:01:02.783 [FXGL Background Thread 3 ] DEBUG Engine               - isClickFeedbackEnabled: false
00:01:02.784 [FXGL Background Thread 3 ] DEBUG Engine               - isCloseConfirmation: false
00:01:02.784 [FXGL Background Thread 3 ] DEBUG Engine               - isDesktop: true
00:01:02.784 [FXGL Background Thread 3 ] DEBUG Engine               - isDeveloperMenuEnabled: false
00:01:02.784 [FXGL Background Thread 3 ] DEBUG Engine               - isEmbedded: false
00:01:02.784 [FXGL Background Thread 3 ] DEBUG Engine               - isEntityPreloadEnabled: true
00:01:02.785 [FXGL Background Thread 3 ] DEBUG Engine               - isExperimentalTiledLargeMap: false
00:01:02.786 [FXGL Background Thread 3 ] DEBUG Engine               - isFileSystemWriteAllowed: true
00:01:02.787 [FXGL Background Thread 3 ] DEBUG Engine               - isFullScreenAllowed: false
00:01:02.787 [FXGL Background Thread 3 ] DEBUG Engine               - isFullScreenFromStart: false
00:01:02.787 [FXGL Background Thread 3 ] DEBUG Engine               - isGameMenuEnabled: true
00:01:02.787 [FXGL Background Thread 3 ] DEBUG Engine               - isIOS: false
00:01:02.787 [FXGL Background Thread 3 ] DEBUG Engine               - isIntroEnabled: false
00:01:02.787 [FXGL Background Thread 3 ] DEBUG Engine               - isLinux: false
00:01:02.787 [FXGL Background Thread 3 ] DEBUG Engine               - isMac: false
00:01:02.793 [FXGL Background Thread 3 ] DEBUG Engine               - isMainMenuEnabled: false
00:01:02.794 [FXGL Background Thread 3 ] DEBUG Engine               - isManualResizeEnabled: false
00:01:02.794 [FXGL Background Thread 3 ] DEBUG Engine               - isMobile: false
00:01:02.795 [FXGL Background Thread 3 ] DEBUG Engine               - isNative: false
00:01:02.795 [FXGL Background Thread 3 ] DEBUG Engine               - isPauseMusicWhenMinimized: true
00:01:02.795 [FXGL Background Thread 3 ] DEBUG Engine               - isPreserveResizeRatio: false
00:01:02.795 [FXGL Background Thread 3 ] DEBUG Engine               - isProfilingEnabled: false
00:01:02.795 [FXGL Background Thread 3 ] DEBUG Engine               - isScaleAffectedOnResize: true
00:01:02.795 [FXGL Background Thread 3 ] DEBUG Engine               - isSingleStep: false
00:01:02.795 [FXGL Background Thread 3 ] DEBUG Engine               - isUserProfileEnabled: false
00:01:02.795 [FXGL Background Thread 3 ] DEBUG Engine               - isWindows: true
00:01:02.796 [FXGL Background Thread 3 ] DEBUG Engine               - language: ObjectProperty [value: ENGLISH]
00:01:02.796 [FXGL Background Thread 3 ] DEBUG Engine               - menuKey: ESCAPE
00:01:02.796 [FXGL Background Thread 3 ] DEBUG Engine               - mouseSensitivity: 0.2
00:01:02.796 [FXGL Background Thread 3 ] DEBUG Engine               - notificationViewClass: class com.almasb.fxgl.notification.view.XboxNotificationView
00:01:02.796 [FXGL Background Thread 3 ] DEBUG Engine               - pixelsPerMeter: 50.0
00:01:02.796 [FXGL Background Thread 3 ] DEBUG Engine               - platform: WINDOWS
00:01:02.796 [FXGL Background Thread 3 ] DEBUG Engine               - prefHeightProperty: ReadOnlyDoubleProperty [value: 600.0]
00:01:02.796 [FXGL Background Thread 3 ] DEBUG Engine               - prefWidthProperty: ReadOnlyDoubleProperty [value: 1000.0]
00:01:02.796 [FXGL Background Thread 3 ] DEBUG Engine               - profileDir: profiles/
00:01:02.797 [FXGL Background Thread 3 ] DEBUG Engine               - profileName: StringProperty [value: DEFAULT]
00:01:02.797 [FXGL Background Thread 3 ] DEBUG Engine               - randomSeed: -1
00:01:02.798 [FXGL Background Thread 3 ] DEBUG Engine               - runtimeInfo: RuntimeInfo(platform=WINDOWS, version=17.3, build=30.03.2023 11.49)
00:01:02.798 [FXGL Background Thread 3 ] DEBUG Engine               - saveFileExt: sav
00:01:02.798 [FXGL Background Thread 3 ] DEBUG Engine               - scaledHeightProp$fxgl: DoubleProperty [bound, value: 600.0]
00:01:02.798 [FXGL Background Thread 3 ] DEBUG Engine               - scaledWidthProp$fxgl: DoubleProperty [bound, value: 1000.0]
00:01:02.798 [FXGL Background Thread 3 ] DEBUG Engine               - sceneFactory: com.almasb.fxgl.app.scene.SceneFactory@61286ba6
00:01:02.798 [FXGL Background Thread 3 ] DEBUG Engine               - secondsIn24h: 60
00:01:02.798 [FXGL Background Thread 3 ] DEBUG Engine               - soundMenuBack: menu/back.wav
00:01:02.798 [FXGL Background Thread 3 ] DEBUG Engine               - soundMenuPress: menu/press.wav
00:01:02.799 [FXGL Background Thread 3 ] DEBUG Engine               - soundMenuSelect: menu/select.wav
00:01:02.799 [FXGL Background Thread 3 ] DEBUG Engine               - soundNotification: core/notification.wav
00:01:02.799 [FXGL Background Thread 3 ] DEBUG Engine               - stageStyle: DECORATED
00:01:02.799 [FXGL Background Thread 3 ] DEBUG Engine               - supportedLanguages: [ENGLISH, FRENCH, GERMAN, HUNGARIAN, RUSSIAN]
00:01:02.799 [FXGL Background Thread 3 ] DEBUG Engine               - ticksPerSecond: -1
00:01:02.799 [FXGL Background Thread 3 ] DEBUG Engine               - title: Jugador Sonic
00:01:02.799 [FXGL Background Thread 3 ] DEBUG Engine               - urlGithub: https://github.com/AlmasB/FXGL
00:01:02.799 [FXGL Background Thread 3 ] DEBUG Engine               - urlLeaderboard: http://fxgl-top.herokuapp.com/
00:01:02.799 [FXGL Background Thread 3 ] DEBUG Engine               - urlPOM: https://raw.githubusercontent.com/AlmasB/FXGL/release/README.md
00:01:02.800 [FXGL Background Thread 3 ] DEBUG Engine               - userAppClass: class Runner.ClientRunner
00:01:02.800 [FXGL Background Thread 3 ] DEBUG Engine               - version: 0.0
00:01:02.800 [FXGL Background Thread 3 ] DEBUG Engine               - versionCheckDays: 7
00:01:02.800 [FXGL Background Thread 3 ] DEBUG Engine               - width: 1000
00:01:02.800 [FXGL Background Thread 3 ] DEBUG Engine               - Logging services
00:01:02.800 [FXGL Background Thread 3 ] DEBUG Engine               - class com.almasb.fxgl.app.services.FXGLAssetLoaderService
00:01:02.800 [FXGL Background Thread 3 ] DEBUG Engine               - class com.almasb.fxgl.app.FXGLApplication$GameApplicationService
00:01:02.801 [FXGL Background Thread 3 ] DEBUG Engine               - class com.almasb.fxgl.app.services.FXGLDialogService
00:01:02.801 [FXGL Background Thread 3 ] DEBUG Engine               - class com.almasb.fxgl.app.services.IOTaskExecutorService
00:01:02.801 [FXGL Background Thread 3 ] DEBUG Engine               - class com.almasb.fxgl.io.FileSystemService
00:01:02.801 [FXGL Background Thread 3 ] DEBUG Engine               - class com.almasb.fxgl.localization.LocalizationService
00:01:02.801 [FXGL Background Thread 3 ] DEBUG Engine               - class com.almasb.fxgl.app.services.SystemBundleService
00:01:02.801 [FXGL Background Thread 3 ] DEBUG Engine               - class com.almasb.fxgl.profile.SaveLoadService
00:01:02.801 [FXGL Background Thread 3 ] DEBUG Engine               - class com.almasb.fxgl.ui.FXGLUIFactoryServiceProvider
00:01:02.801 [FXGL Background Thread 3 ] DEBUG Engine               - class com.almasb.fxgl.ui.FXGLDialogFactoryServiceProvider
00:01:02.801 [FXGL Background Thread 3 ] DEBUG Engine               - class com.almasb.fxgl.audio.AudioPlayer
00:01:02.801 [FXGL Background Thread 3 ] DEBUG Engine               - class com.almasb.fxgl.notification.impl.NotificationServiceProvider
00:01:02.802 [FXGL Background Thread 3 ] DEBUG Engine               - class com.almasb.fxgl.achievement.AchievementService
00:01:02.802 [FXGL Background Thread 3 ] DEBUG Engine               - class com.almasb.fxgl.cutscene.CutsceneService
00:01:02.802 [FXGL Background Thread 3 ] DEBUG Engine               - class com.almasb.fxgl.minigames.MiniGameService
00:01:02.802 [FXGL Background Thread 3 ] DEBUG Engine               - class com.almasb.fxgl.net.NetService
00:01:02.802 [FXGL Background Thread 3 ] DEBUG Engine               - class com.almasb.fxgl.app.services.UpdaterService
00:01:02.802 [FXGL Background Thread 3 ] DEBUG Engine               - class com.almasb.fxgl.dev.DevService
00:01:02.802 [FXGL Background Thread 3 ] DEBUG Engine               - class com.almasb.fxgl.multiplayer.MultiplayerService
00:01:03.396 [FXGL Background Thread 1 ] DEBUG AudioPlayer          - Playing music com.almasb.fxgl.audio.Music@15c5d630
00:01:03.416 [FXGL Background Thread 1 ] INFO  FXGLApplication      - Game initialization took: 3.416 sec
00:01:03.767 [JavaFX Application Thread] DEBUG Input                - Clearing active input actions
00:01:03.794 [JavaFX Application Thread] DEBUG GameApplicationServi - Removing overlay from FXGLLoadingScene and adding to GameScene
00:01:03.794 [JavaFX Application Thread] DEBUG PrimaryStageWindow   - FXGLLoadingScene -> GameScene
00:01:05.980 [FXGL Background Thread 4 ] DEBUG FXGLAssetLoaderServi - Loading from file system: jar:file:/C:/Users/Owner/.m2/repository/com/github/almasb/fxgl/17.3/fxgl-17.3.jar!/fxglassets/ui/fonts/Abel-Regular.ttf
00:01:05.994 [FXGL Background Thread 4 ] DEBUG FXGLAssetLoaderServi - Loading from file system: jar:file:/C:/Users/Owner/.m2/repository/com/github/almasb/fxgl/17.3/fxgl-17.3.jar!/fxglassets/ui/fonts/TerminalLandMono-Regular.otf
00:01:06.005 [FXGL Background Thread 4 ] DEBUG FXGLAssetLoaderServi - Loading from file system: jar:file:/C:/Users/Owner/.m2/repository/com/github/almasb/fxgl/17.3/fxgl-17.3.jar!/fxglassets/ui/fonts/Courier-Prime.ttf
00:01:07.782 [FXGL Background Thread 2 ] INFO  UpdaterService       - Your current version:  17.3
00:01:07.962 [FXGL Background Thread 2 ] INFO  UpdaterService       - Latest stable version: 21.1
00:01:08.127 [JavaFX Application Thread] DEBUG FXGLApplication      - Registering font factories with UI factory
00:01:26.438 [JavaFX Application Thread] DEBUG FXGLAssetLoaderServi - Loading from file system: file:/C:/Users/Owner/Desktop/Sonic-rush/target/classes/assets/textures/fondo.png
00:01:27.028 [JavaFX Application Thread] WARN  TMXLevelLoader       - TiledMap generated from 1.11.2. Supported version: 1.9.0. Some features may not be parsed fully.
00:01:27.221 [JavaFX Application Thread] DEBUG TMXLevelLoader       - Parsed TiledMap: file:/C:/Users/Owner/Desktop/Sonic-rush/target/classes/assets/levels/mapazo.tmx
00:01:27.234 [JavaFX Application Thread] DEBUG TMXLevelLoader       - Creating tile layer entities
00:01:27.251 [JavaFX Application Thread] DEBUG TilesetLoader        - Loading view for layer Capa de patrones 1
00:01:27.389 [JavaFX Application Thread] DEBUG TilesetLoader        - Created buffer with size 3840.0x720.0
00:01:27.502 [JavaFX Application Thread] DEBUG TMXLevelLoader       - Creating object layer entities
00:01:27.553 [JavaFX Application Thread] DEBUG GameWorld            - Clearing removable entities
00:01:27.557 [JavaFX Application Thread] DEBUG GameWorld            - Setting level: com.almasb.fxgl.entity.level.Level@1e2fd42b
00:01:27.778 [ClientAsyncConnThread    ] DEBUG TCPClient            - Connecting to localhost:55555 type: class com.almasb.fxgl.core.serialization.Bundle
00:01:27.779 [ClientAsyncConnThread    ] DEBUG TCPClient            - Created socket to localhost:55555
00:01:27.789 [ClientAsyncConnThread    ] DEBUG Endpoint             - TCPClient opening new connection (1) from localhost/127.0.0.1:55555 type: class com.almasb.fxgl.core.serialization.Bundle
00:01:27.794 [ClientAsyncConnThread    ] DEBUG Endpoint             - TCPClient successfully opened connection (1)
00:01:27.932 [TCPClient_SendThread-1   ] DEBUG Writers              - Getting TCPMessageWriter for class com.almasb.fxgl.core.serialization.Bundle
00:01:27.933 [TCPClient_SendThread-1   ] DEBUG Writers              - Constructed TCPMessageWriter for class com.almasb.fxgl.core.serialization.Bundle: BundleTCPMessageWriter
00:01:27.954 [TCPClient_RecvThread-1   ] DEBUG Readers              - Getting TCPMessageReader for class com.almasb.fxgl.core.serialization.Bundle
00:01:28.000 [TCPClient_RecvThread-1   ] DEBUG Readers              - Constructed MessageReader for class com.almasb.fxgl.core.serialization.Bundle: BundleTCPMessageReader
00:01:28.181 [JavaFX Application Thread] DEBUG FXGLAssetLoaderServi - Loading from file system: file:/C:/Users/Owner/Desktop/Sonic-rush/target/classes/assets/textures/Items/ring.png
00:01:28.247 [JavaFX Application Thread] DEBUG FXGLAssetLoaderServi - Loading from file system: file:/C:/Users/Owner/Desktop/Sonic-rush/target/classes/assets/textures/Items/basura.png
00:01:28.262 [JavaFX Application Thread] DEBUG FXGLAssetLoaderServi - Loading from file system: file:/C:/Users/Owner/Desktop/Sonic-rush/target/classes/assets/textures/Items/caucho.png
00:01:28.277 [JavaFX Application Thread] DEBUG FXGLAssetLoaderServi - Loading from file system: file:/C:/Users/Owner/Desktop/Sonic-rush/target/classes/assets/textures/Items/papel.png
00:01:28.335 [JavaFX Application Thread] DEBUG FXGLAssetLoaderServi - Loading from file system: file:/C:/Users/Owner/Desktop/Sonic-rush/target/classes/assets/textures/Enemigos/enemigo2.png
00:01:28.932 [JavaFX Application Thread] DEBUG FXGLAssetLoaderServi - Loading from file system: file:/C:/Users/Owner/Desktop/Sonic-rush/target/classes/assets/textures/Personajes/sonic.png
00:01:28.951 [JavaFX Application Thread] DEBUG FXGLAssetLoaderServi - Loading from file system: file:/C:/Users/Owner/Desktop/Sonic-rush/target/classes/assets/textures/Personajes/sonic_camina.png
00:01:28.956 [JavaFX Application Thread] DEBUG FXGLAssetLoaderServi - Loading from file system: file:/C:/Users/Owner/Desktop/Sonic-rush/target/classes/assets/textures/Personajes/super_sonic.png
00:01:30.275 [JavaFX Application Thread] DEBUG FXGLAssetLoaderServi - Loading from file system: file:/C:/Users/Owner/Desktop/Sonic-rush/target/classes/assets/sounds/recoger.wav
00:01:30.646 [JavaFX Application Thread] DEBUG FXGLAssetLoaderServi - Loading from file system: file:/C:/Users/Owner/Desktop/Sonic-rush/target/classes/assets/sounds/salto.wav
00:02:00.431 [JavaFX Application Thread] DEBUG FXGLAssetLoaderServi - Loading from file system: file:/C:/Users/Owner/Desktop/Sonic-rush/target/classes/assets/sounds/perder_anillos.wav
00:02:03.677 [JavaFX Application Thread] DEBUG FXGLAssetLoaderServi - Loading from file system: file:/C:/Users/Owner/Desktop/Sonic-rush/target/classes/assets/sounds/muerte.wav
00:02:15.506 [JavaFX Application Thread] DEBUG FXGLApplication      - Exiting FXGL
00:02:15.508 [JavaFX Application Thread] DEBUG LoopRunner           - Stopping loop
00:02:15.510 [JavaFX Application Thread] DEBUG SystemBundleService  - Saving FXGL system data
00:02:15.520 [JavaFX Application Thread] DEBUG FileSystemAccess     - Writing to: C:\Users\Owner\Desktop\Sonic-rush\system\fxgl.bundle
00:02:15.526 [JavaFX Application Thread] DEBUG Async                - Shutting down background threads
00:02:15.527 [JavaFX Application Thread] DEBUG PrimaryStageWindow   - Closing main window
00:02:15.581 [JavaFX Application Thread] DEBUG Logger               - Closing Logger
