00:36:48.321 [main                     ] DEBUG Logger               - Configured Logger
00:36:48.362 [main                     ] DEBUG GameApplication      - Logging settings
Title: Server
Version: 0.0
Width: 800
Height: 500
Fullscreen: false
Intro: false
Profiling: false
Single step:false
App Mode: DEVELOPER
Menu Key: ESCAPE
Stage Style: DECORATED
Scene Factory: class com.almasb.fxgl.app.scene.SceneFactory

00:36:48.851 [JavaFX Application Thread] DEBUG FXGLApplication      - Initializing FXGL
00:36:48.856 [JavaFX Application Thread] INFO  Engine               - FXGL-17.3 (30.03.2023 11.49) on WINDOWS (J:21.0.2 FX:20)
00:36:48.856 [JavaFX Application Thread] DEBUG Engine               - JRE Vendor Name: Oracle Corporation
00:36:48.857 [JavaFX Application Thread] DEBUG Engine               - Running on OS: Windows 10 version 10.0
00:36:48.857 [JavaFX Application Thread] DEBUG Engine               - Architecture: amd64
00:36:48.857 [JavaFX Application Thread] INFO  Engine               - Source code and latest versions at: https://github.com/AlmasB/FXGL
00:36:48.858 [JavaFX Application Thread] INFO  Engine               -       Ask questions and discuss at: https://github.com/AlmasB/FXGL/discussions
00:36:48.858 [JavaFX Application Thread] INFO  Engine               -              Join the FXGL chat at: https://gitter.im/AlmasB/FXGL
00:36:48.997 [JavaFX Application Thread] DEBUG PrimaryStageWindow   - Creating a JavaFX scene
00:36:49.057 [JavaFX Application Thread] DEBUG PrimaryStageWindow   - Target settings size: 800.0 x 500.0
00:36:49.057 [JavaFX Application Thread] DEBUG PrimaryStageWindow   - Scaled scene size:    800.0 x 500.0
00:36:49.057 [JavaFX Application Thread] DEBUG PrimaryStageWindow   - Scaled ratio: (1.0, 1.0)
00:36:49.058 [JavaFX Application Thread] DEBUG PrimaryStageWindow   - Set initial scene to FXGLStartupScene
00:36:49.062 [JavaFX Application Thread] DEBUG PrimaryStageWindow   - Opening main window
00:36:49.149 [JavaFX Application Thread] DEBUG PrimaryStageWindow   - Window border size: (16.0, 39.0)
00:36:49.150 [JavaFX Application Thread] DEBUG PrimaryStageWindow   - Scaled size: 800.0 x 500.0
00:36:49.150 [JavaFX Application Thread] DEBUG PrimaryStageWindow   - Scaled ratio: (1.0, 1.0)
00:36:49.150 [JavaFX Application Thread] DEBUG PrimaryStageWindow   - Scene size: 800.0 x 500.0
00:36:49.151 [JavaFX Application Thread] DEBUG PrimaryStageWindow   - Stage size: 816.0 x 539.0
00:36:49.160 [FXGL Background Thread 1 ] DEBUG Engine               - Initializing environment variables
00:36:49.236 [FXGL Background Thread 1 ] DEBUG FXGLAssetLoaderServi - User app class for loading assets: class Runner.ServerRunner
00:36:49.236 [FXGL Background Thread 1 ] DEBUG GameApplicationServi - Applying CSS: fxgl_dark.css
00:36:49.237 [FXGL Background Thread 1 ] DEBUG FXGLAssetLoaderServi - Loading from file system: jar:file:/C:/Users/User/.m2/repository/com/github/almasb/fxgl/17.3/fxgl-17.3.jar!/fxglassets/ui/css/fxgl_dark.css
00:36:49.314 [FXGL Background Thread 1 ] DEBUG GameApplicationServi - Initializing application scenes
00:36:49.516 [FXGL Background Thread 1 ] DEBUG GameWorld            - Game world initialized
00:36:49.658 [FXGL Background Thread 1 ] DEBUG PhysicsWorld         - Physics world initialized: appHeight=500, physics.ppm=50,0
00:36:49.658 [FXGL Background Thread 1 ] DEBUG PhysicsWorld         - Using strategy: BRUTE_FORCE
00:36:49.666 [FXGL Background Thread 1 ] DEBUG GameScene            - Game scene initialized: 800x500
00:36:49.692 [FXGL Background Thread 1 ] WARN  FXGL.DefaultMenu     - FXGLDefaultMenu is not designed for resolutions < 800x600
00:36:49.698 [FXGL Background Thread 1 ] DEBUG FXGL.DefaultMenu     - createMenuBodyGameMenu()
00:36:49.731 [FXGL Background Thread 1 ] DEBUG FXGL.DefaultMenu     - createOptionsMenu()
00:36:49.751 [FXGL Background Thread 1 ] DEBUG FXGLAssetLoaderServi - Loading from file system: jar:file:/C:/Users/User/.m2/repository/com/github/almasb/fxgl/17.3/fxgl-17.3.jar!/fxglassets/textures/particles/smoke.png
00:36:49.935 [FXGL Background Thread 1 ] DEBUG FXGLAssetLoaderServi - Loading from file system: jar:file:/C:/Users/User/.m2/repository/com/github/almasb/fxgl/17.3/fxgl-17.3.jar!/fxglassets/textures/particles/trace_horizontal.png
00:36:49.988 [FXGL Background Thread 1 ] DEBUG GameApplicationServi - Application scenes initialized
00:36:50.042 [FXGL Background Thread 1 ] DEBUG SystemBundleService  - Loading FXGL system data
00:36:50.051 [FXGL Background Thread 1 ] DEBUG FileSystemAccess     - Reading from: C:\Users\User\Documents\GitHub\Sonic-rush\system\fxgl.bundle
00:36:50.063 [FXGL Background Thread 1 ] DEBUG SystemBundleService  - Bundle FXGL: {}
00:36:50.063 [FXGL Background Thread 1 ] DEBUG UpdaterService       - Checking for updates
00:36:50.071 [FXGL Background Thread 4 ] DEBUG FXGLApplication      - Loading fonts
00:36:50.072 [FXGL Background Thread 4 ] DEBUG FXGLAssetLoaderServi - Loading from file system: jar:file:/C:/Users/User/.m2/repository/com/github/almasb/fxgl/17.3/fxgl-17.3.jar!/fxglassets/ui/fonts/VarelaRound-Regular.ttf
00:36:50.073 [FXGL Background Thread 1 ] DEBUG FXGLApplication      - Loading default localization
00:36:50.074 [FXGL Background Thread 1 ] DEBUG FXGLAssetLoaderServi - Loading from file system: jar:file:/C:/Users/User/.m2/repository/com/github/almasb/fxgl/17.3/fxgl-17.3.jar!/fxglassets/languages/english.lang
00:36:50.105 [FXGL Background Thread 1 ] INFO  FXGLApplication      - FXGL initialization took: 0,945 sec
00:36:50.117 [FXGL Background Thread 4 ] DEBUG FXGLAssetLoaderServi - Loading from file system: jar:file:/C:/Users/User/.m2/repository/com/github/almasb/fxgl/17.3/fxgl-17.3.jar!/fxglassets/ui/fonts/Abel-Regular.ttf
00:36:50.153 [FXGL Background Thread 4 ] DEBUG FXGLAssetLoaderServi - Loading from file system: jar:file:/C:/Users/User/.m2/repository/com/github/almasb/fxgl/17.3/fxgl-17.3.jar!/fxglassets/ui/fonts/TerminalLandMono-Regular.otf
00:36:50.156 [JavaFX Application Thread] DEBUG FXGLAssetLoaderServi - Loading from file system: jar:file:/C:/Users/User/.m2/repository/com/github/almasb/fxgl/17.3/fxgl-17.3.jar!/fxglassets/textures/fxgl_icon.png
00:36:50.177 [JavaFX Application Thread] DEBUG FXGLAssetLoaderServi - Loading from file system: jar:file:/C:/Users/User/.m2/repository/com/github/almasb/fxgl/17.3/fxgl-17.3.jar!/fxglassets/textures/fxgl_default_cursor.png
00:36:50.188 [JavaFX Application Thread] DEBUG Input                - Registered new binding: Screenshot - CTRL+8
00:36:50.189 [JavaFX Application Thread] DEBUG Input                - Registered new binding: System info dump - CTRL+9
00:36:50.189 [JavaFX Application Thread] DEBUG Input                - Registered new binding: Restart - CTRL+R
00:36:50.190 [JavaFX Application Thread] DEBUG Input                - Registered new binding: Toggle Debug Camera - CTRL+7
00:36:50.194 [JavaFX Application Thread] DEBUG LoopRunner           - Starting loop
00:36:50.194 [JavaFX Application Thread] DEBUG LoopRunner           - Initializing JavaFX AnimationTimerLoop
00:36:50.185 [FXGL Background Thread 4 ] DEBUG FXGLAssetLoaderServi - Loading from file system: jar:file:/C:/Users/User/.m2/repository/com/github/almasb/fxgl/17.3/fxgl-17.3.jar!/fxglassets/ui/fonts/Courier-Prime.ttf
00:36:50.196 [JavaFX Application Thread] DEBUG GameApplicationServi - Starting new game
00:36:50.198 [JavaFX Application Thread] DEBUG Input                - Clearing active input actions
00:36:50.213 [JavaFX Application Thread] DEBUG GameApplicationServi - Removing overlay from FXGLStartupScene and adding to FXGLLoadingScene
00:36:50.213 [JavaFX Application Thread] DEBUG PrimaryStageWindow   - FXGLStartupScene -> FXGLLoadingScene
00:36:50.214 [JavaFX Application Thread] DEBUG GameApplicationServi - Clearing previous game
00:36:50.214 [JavaFX Application Thread] DEBUG GameScene            - Clearing game scene
00:36:50.214 [JavaFX Application Thread] DEBUG GameWorld            - Clearing game world
00:36:50.214 [JavaFX Application Thread] DEBUG PhysicsWorld         - Clearing physics world
00:36:50.215 [FXGL Background Thread 1 ] DEBUG FXGLApplication      - Initializing game
00:36:50.261 [JavaFX Application Thread] DEBUG FXGLApplication      - Registering font factories with UI factory
00:36:50.268 [ServerAsyncConnThread    ] DEBUG TCPServer            - Starting to listen at: 55555 type: class com.almasb.fxgl.core.serialization.Bundle
00:36:50.320 [FXGL Background Thread 1 ] WARN  TMXLevelLoader       - TiledMap generated from 1.11.2. Supported version: 1.9.0. Some features may not be parsed fully.
00:36:50.351 [FXGL Background Thread 1 ] DEBUG TMXLevelLoader       - Parsed TiledMap: file:/C:/Users/User/Documents/GitHub/Sonic-rush/target/classes/assets/levels/mapazo.tmx
00:36:50.352 [FXGL Background Thread 1 ] DEBUG TMXLevelLoader       - Creating tile layer entities
00:36:50.354 [FXGL Background Thread 1 ] DEBUG TilesetLoader        - Loading view for layer Capa de patrones 1
00:36:50.359 [FXGL Background Thread 1 ] DEBUG TilesetLoader        - Created buffer with size 3840.0x720.0
00:36:50.431 [FXGL Background Thread 1 ] DEBUG TMXLevelLoader       - Creating object layer entities
00:36:50.501 [FXGL Background Thread 1 ] DEBUG GameWorld            - Clearing removable entities
00:36:50.502 [FXGL Background Thread 1 ] DEBUG GameWorld            - Setting level: com.almasb.fxgl.entity.level.Level@51164ef7
00:36:50.516 [FXGL Background Thread 1 ] DEBUG FXGLAssetLoaderServi - Loading from file system: file:/C:/Users/User/Documents/GitHub/Sonic-rush/target/classes/assets/textures/Items/ring.png
00:36:50.544 [FXGL Background Thread 1 ] DEBUG FXGLAssetLoaderServi - Loading from file system: file:/C:/Users/User/Documents/GitHub/Sonic-rush/target/classes/assets/textures/Enemigos/enemigo2.png
00:36:50.557 [FXGL Background Thread 1 ] DEBUG FXGLAssetLoaderServi - Loading from file system: file:/C:/Users/User/Documents/GitHub/Sonic-rush/target/classes/assets/textures/Items/caucho.png
00:36:50.559 [FXGL Background Thread 1 ] DEBUG FXGLAssetLoaderServi - Loading from file system: file:/C:/Users/User/Documents/GitHub/Sonic-rush/target/classes/assets/textures/Items/papel.png
00:36:50.567 [FXGL Background Thread 1 ] DEBUG FXGLAssetLoaderServi - Loading from file system: file:/C:/Users/User/Documents/GitHub/Sonic-rush/target/classes/assets/textures/Items/basura.png
00:36:50.581 [FXGL Background Thread 1 ] INFO  FXGLApplication      - Game initialization took: 0,363 sec
00:36:50.701 [JavaFX Application Thread] DEBUG Input                - Clearing active input actions
00:36:50.714 [JavaFX Application Thread] DEBUG GameApplicationServi - Removing overlay from FXGLLoadingScene and adding to GameScene
00:36:50.714 [JavaFX Application Thread] DEBUG PrimaryStageWindow   - FXGLLoadingScene -> GameScene
00:36:50.975 [FXGL Background Thread 2 ] INFO  UpdaterService       - Your current version:  17.3
00:36:50.978 [FXGL Background Thread 2 ] INFO  UpdaterService       - Latest stable version: 21.1
00:36:52.599 [JavaFX Application Thread] DEBUG LoopRunner           - Pausing loop
00:36:53.225 [FXGL Background Thread 3 ] DEBUG Engine               - Logging environment variables
00:36:53.228 [FXGL Background Thread 3 ] DEBUG Engine               - achievements: []
00:36:53.228 [FXGL Background Thread 3 ] DEBUG Engine               - actualHeight: 500.0
00:36:53.228 [FXGL Background Thread 3 ] DEBUG Engine               - actualHeightProperty: ReadOnlyDoubleProperty [value: 500.0]
00:36:53.229 [FXGL Background Thread 3 ] DEBUG Engine               - actualWidth: 800.0
00:36:53.229 [FXGL Background Thread 3 ] DEBUG Engine               - actualWidthProperty: ReadOnlyDoubleProperty [value: 800.0]
00:36:53.229 [FXGL Background Thread 3 ] DEBUG Engine               - appIcon: fxgl_icon.png
00:36:53.229 [FXGL Background Thread 3 ] DEBUG Engine               - applicationMode: DEVELOPER
00:36:53.229 [FXGL Background Thread 3 ] DEBUG Engine               - cSSList: [fxgl_dark.css]
00:36:53.229 [FXGL Background Thread 3 ] DEBUG Engine               - collisionDetectionStrategy: BRUTE_FORCE
00:36:53.229 [FXGL Background Thread 3 ] DEBUG Engine               - configClass: Optional.empty
00:36:53.229 [FXGL Background Thread 3 ] DEBUG Engine               - credits: []
00:36:53.229 [FXGL Background Thread 3 ] DEBUG Engine               - defaultCursor: CursorInfo(imageName=fxgl_default_cursor.png, hotspotX=7.0, hotspotY=6.0)
00:36:53.230 [FXGL Background Thread 3 ] DEBUG Engine               - devBBoxColorProperty: ObjectProperty [value: 0xff0000ff]
00:36:53.230 [FXGL Background Thread 3 ] DEBUG Engine               - devEnableDebugCameraProperty: BooleanProperty [value: false]
00:36:53.230 [FXGL Background Thread 3 ] DEBUG Engine               - devSensorColorProperty: ObjectProperty [value: 0xffff00ff]
00:36:53.230 [FXGL Background Thread 3 ] DEBUG Engine               - devShowBBoxProperty: BooleanProperty [value: false]
00:36:53.230 [FXGL Background Thread 3 ] DEBUG Engine               - devShowPositionProperty: BooleanProperty [value: false]
00:36:53.230 [FXGL Background Thread 3 ] DEBUG Engine               - enabledMenuItems: []
00:36:53.230 [FXGL Background Thread 3 ] DEBUG Engine               - engineServices: [class com.almasb.fxgl.app.services.FXGLAssetLoaderService, class com.almasb.fxgl.app.FXGLApplication$GameApplicationService, class com.almasb.fxgl.app.services.FXGLDialogService, class com.almasb.fxgl.app.services.IOTaskExecutorService, class com.almasb.fxgl.io.FileSystemService, class com.almasb.fxgl.localization.LocalizationService, class com.almasb.fxgl.app.services.SystemBundleService, class com.almasb.fxgl.profile.SaveLoadService, class com.almasb.fxgl.ui.FXGLUIFactoryServiceProvider, class com.almasb.fxgl.ui.FXGLDialogFactoryServiceProvider, class com.almasb.fxgl.audio.AudioPlayer, class com.almasb.fxgl.notification.impl.NotificationServiceProvider, class com.almasb.fxgl.achievement.AchievementService, class com.almasb.fxgl.cutscene.CutsceneService, class com.almasb.fxgl.minigames.MiniGameService, class com.almasb.fxgl.net.NetService, class com.almasb.fxgl.app.services.UpdaterService, class com.almasb.fxgl.dev.DevService, class com.almasb.fxgl.multiplayer.MultiplayerService]
00:36:53.230 [FXGL Background Thread 3 ] DEBUG Engine               - fontGame: Abel-Regular.ttf
00:36:53.230 [FXGL Background Thread 3 ] DEBUG Engine               - fontMono: TerminalLandMono-Regular.otf
00:36:53.230 [FXGL Background Thread 3 ] DEBUG Engine               - fontSizeScaleUI: 1.0
00:36:53.230 [FXGL Background Thread 3 ] DEBUG Engine               - fontText: Courier-Prime.ttf
00:36:53.230 [FXGL Background Thread 3 ] DEBUG Engine               - fontUI: VarelaRound-Regular.ttf
00:36:53.230 [FXGL Background Thread 3 ] DEBUG Engine               - fullScreen: BooleanProperty [value: false]
00:36:53.230 [FXGL Background Thread 3 ] DEBUG Engine               - gameDifficulty: MEDIUM
00:36:53.230 [FXGL Background Thread 3 ] DEBUG Engine               - gameDifficultyProperty: ObjectProperty [value: MEDIUM]
00:36:53.230 [FXGL Background Thread 3 ] DEBUG Engine               - globalMusicVolume: 0.5
00:36:53.231 [FXGL Background Thread 3 ] DEBUG Engine               - globalMusicVolumeProperty: DoubleProperty [value: 0.5]
00:36:53.231 [FXGL Background Thread 3 ] DEBUG Engine               - globalSoundVolume: 0.5
00:36:53.251 [FXGL Background Thread 3 ] DEBUG Engine               - globalSoundVolumeProperty: DoubleProperty [value: 0.5]
00:36:53.253 [FXGL Background Thread 3 ] DEBUG Engine               - height: 500
00:36:53.253 [FXGL Background Thread 3 ] DEBUG Engine               - is3D: false
00:36:53.282 [FXGL Background Thread 3 ] DEBUG Engine               - isAndroid: false
00:36:53.284 [FXGL Background Thread 3 ] DEBUG Engine               - isBrowser: false
00:36:53.308 [FXGL Background Thread 3 ] DEBUG Engine               - isClickFeedbackEnabled: false
00:36:53.309 [FXGL Background Thread 3 ] DEBUG Engine               - isCloseConfirmation: false
00:36:53.309 [FXGL Background Thread 3 ] DEBUG Engine               - isDesktop: true
00:36:53.309 [FXGL Background Thread 3 ] DEBUG Engine               - isDeveloperMenuEnabled: false
00:36:53.315 [FXGL Background Thread 3 ] DEBUG Engine               - isEmbedded: false
00:36:53.317 [FXGL Background Thread 3 ] DEBUG Engine               - isEntityPreloadEnabled: true
00:36:53.317 [FXGL Background Thread 3 ] DEBUG Engine               - isExperimentalTiledLargeMap: false
00:36:53.317 [FXGL Background Thread 3 ] DEBUG Engine               - isFileSystemWriteAllowed: true
00:36:53.317 [FXGL Background Thread 3 ] DEBUG Engine               - isFullScreenAllowed: false
00:36:53.317 [FXGL Background Thread 3 ] DEBUG Engine               - isFullScreenFromStart: false
00:36:53.317 [FXGL Background Thread 3 ] DEBUG Engine               - isGameMenuEnabled: true
00:36:53.317 [FXGL Background Thread 3 ] DEBUG Engine               - isIOS: false
00:36:53.317 [FXGL Background Thread 3 ] DEBUG Engine               - isIntroEnabled: false
00:36:53.317 [FXGL Background Thread 3 ] DEBUG Engine               - isLinux: false
00:36:53.317 [FXGL Background Thread 3 ] DEBUG Engine               - isMac: false
00:36:53.317 [FXGL Background Thread 3 ] DEBUG Engine               - isMainMenuEnabled: false
00:36:53.317 [FXGL Background Thread 3 ] DEBUG Engine               - isManualResizeEnabled: false
00:36:53.317 [FXGL Background Thread 3 ] DEBUG Engine               - isMobile: false
00:36:53.319 [FXGL Background Thread 3 ] DEBUG Engine               - isNative: false
00:36:53.319 [FXGL Background Thread 3 ] DEBUG Engine               - isPauseMusicWhenMinimized: true
00:36:53.319 [FXGL Background Thread 3 ] DEBUG Engine               - isPreserveResizeRatio: false
00:36:53.319 [FXGL Background Thread 3 ] DEBUG Engine               - isProfilingEnabled: false
00:36:53.319 [FXGL Background Thread 3 ] DEBUG Engine               - isScaleAffectedOnResize: true
00:36:53.319 [FXGL Background Thread 3 ] DEBUG Engine               - isSingleStep: false
00:36:53.319 [FXGL Background Thread 3 ] DEBUG Engine               - isUserProfileEnabled: false
00:36:53.319 [FXGL Background Thread 3 ] DEBUG Engine               - isWindows: true
00:36:53.320 [FXGL Background Thread 3 ] DEBUG Engine               - language: ObjectProperty [value: ENGLISH]
00:36:53.320 [FXGL Background Thread 3 ] DEBUG Engine               - menuKey: ESCAPE
00:36:53.320 [FXGL Background Thread 3 ] DEBUG Engine               - mouseSensitivity: 0.2
00:36:53.320 [FXGL Background Thread 3 ] DEBUG Engine               - notificationViewClass: class com.almasb.fxgl.notification.view.XboxNotificationView
00:36:53.320 [FXGL Background Thread 3 ] DEBUG Engine               - pixelsPerMeter: 50.0
00:36:53.320 [FXGL Background Thread 3 ] DEBUG Engine               - platform: WINDOWS
00:36:53.320 [FXGL Background Thread 3 ] DEBUG Engine               - prefHeightProperty: ReadOnlyDoubleProperty [value: 500.0]
00:36:53.320 [FXGL Background Thread 3 ] DEBUG Engine               - prefWidthProperty: ReadOnlyDoubleProperty [value: 800.0]
00:36:53.320 [FXGL Background Thread 3 ] DEBUG Engine               - profileDir: profiles/
00:36:53.320 [FXGL Background Thread 3 ] DEBUG Engine               - profileName: StringProperty [value: DEFAULT]
00:36:53.320 [FXGL Background Thread 3 ] DEBUG Engine               - randomSeed: -1
00:36:53.321 [FXGL Background Thread 3 ] DEBUG Engine               - runtimeInfo: RuntimeInfo(platform=WINDOWS, version=17.3, build=30.03.2023 11.49)
00:36:53.321 [FXGL Background Thread 3 ] DEBUG Engine               - saveFileExt: sav
00:36:53.322 [FXGL Background Thread 3 ] DEBUG Engine               - scaledHeightProp$fxgl: DoubleProperty [bound, value: 500.0]
00:36:53.322 [FXGL Background Thread 3 ] DEBUG Engine               - scaledWidthProp$fxgl: DoubleProperty [bound, value: 800.0]
00:36:53.322 [FXGL Background Thread 3 ] DEBUG Engine               - sceneFactory: com.almasb.fxgl.app.scene.SceneFactory@196c4c72
00:36:53.322 [FXGL Background Thread 3 ] DEBUG Engine               - secondsIn24h: 60
00:36:53.323 [FXGL Background Thread 3 ] DEBUG Engine               - soundMenuBack: menu/back.wav
00:36:53.323 [FXGL Background Thread 3 ] DEBUG Engine               - soundMenuPress: menu/press.wav
00:36:53.323 [FXGL Background Thread 3 ] DEBUG Engine               - soundMenuSelect: menu/select.wav
00:36:53.323 [FXGL Background Thread 3 ] DEBUG Engine               - soundNotification: core/notification.wav
00:36:53.323 [FXGL Background Thread 3 ] DEBUG Engine               - stageStyle: DECORATED
00:36:53.323 [FXGL Background Thread 3 ] DEBUG Engine               - supportedLanguages: [ENGLISH, FRENCH, GERMAN, HUNGARIAN, RUSSIAN]
00:36:53.324 [FXGL Background Thread 3 ] DEBUG Engine               - ticksPerSecond: -1
00:36:53.324 [FXGL Background Thread 3 ] DEBUG Engine               - title: Server
00:36:53.324 [FXGL Background Thread 3 ] DEBUG Engine               - urlGithub: https://github.com/AlmasB/FXGL
00:36:53.324 [FXGL Background Thread 3 ] DEBUG Engine               - urlLeaderboard: http://fxgl-top.herokuapp.com/
00:36:53.324 [FXGL Background Thread 3 ] DEBUG Engine               - urlPOM: https://raw.githubusercontent.com/AlmasB/FXGL/release/README.md
00:36:53.324 [FXGL Background Thread 3 ] DEBUG Engine               - userAppClass: class Runner.ServerRunner
00:36:53.324 [FXGL Background Thread 3 ] DEBUG Engine               - version: 0.0
00:36:53.324 [FXGL Background Thread 3 ] DEBUG Engine               - versionCheckDays: 7
00:36:53.324 [FXGL Background Thread 3 ] DEBUG Engine               - width: 800
00:36:53.324 [FXGL Background Thread 3 ] DEBUG Engine               - Logging services
00:36:53.324 [FXGL Background Thread 3 ] DEBUG Engine               - class com.almasb.fxgl.app.services.FXGLAssetLoaderService
00:36:53.324 [FXGL Background Thread 3 ] DEBUG Engine               - class com.almasb.fxgl.app.FXGLApplication$GameApplicationService
00:36:53.324 [FXGL Background Thread 3 ] DEBUG Engine               - class com.almasb.fxgl.app.services.FXGLDialogService
00:36:53.324 [FXGL Background Thread 3 ] DEBUG Engine               - class com.almasb.fxgl.app.services.IOTaskExecutorService
00:36:53.324 [FXGL Background Thread 3 ] DEBUG Engine               - class com.almasb.fxgl.io.FileSystemService
00:36:53.324 [FXGL Background Thread 3 ] DEBUG Engine               - class com.almasb.fxgl.localization.LocalizationService
00:36:53.324 [FXGL Background Thread 3 ] DEBUG Engine               - class com.almasb.fxgl.app.services.SystemBundleService
00:36:53.324 [FXGL Background Thread 3 ] DEBUG Engine               - class com.almasb.fxgl.profile.SaveLoadService
00:36:53.324 [FXGL Background Thread 3 ] DEBUG Engine               - class com.almasb.fxgl.ui.FXGLUIFactoryServiceProvider
00:36:53.325 [FXGL Background Thread 3 ] DEBUG Engine               - class com.almasb.fxgl.ui.FXGLDialogFactoryServiceProvider
00:36:53.325 [FXGL Background Thread 3 ] DEBUG Engine               - class com.almasb.fxgl.audio.AudioPlayer
00:36:53.325 [FXGL Background Thread 3 ] DEBUG Engine               - class com.almasb.fxgl.notification.impl.NotificationServiceProvider
00:36:53.325 [FXGL Background Thread 3 ] DEBUG Engine               - class com.almasb.fxgl.achievement.AchievementService
00:36:53.325 [FXGL Background Thread 3 ] DEBUG Engine               - class com.almasb.fxgl.cutscene.CutsceneService
00:36:53.325 [FXGL Background Thread 3 ] DEBUG Engine               - class com.almasb.fxgl.minigames.MiniGameService
00:36:53.325 [FXGL Background Thread 3 ] DEBUG Engine               - class com.almasb.fxgl.net.NetService
00:36:53.325 [FXGL Background Thread 3 ] DEBUG Engine               - class com.almasb.fxgl.app.services.UpdaterService
00:36:53.327 [FXGL Background Thread 3 ] DEBUG Engine               - class com.almasb.fxgl.dev.DevService
00:36:53.328 [FXGL Background Thread 3 ] DEBUG Engine               - class com.almasb.fxgl.multiplayer.MultiplayerService
00:36:56.554 [ServerAsyncConnThread    ] DEBUG Endpoint             - TCPServer opening new connection (1) from /127.0.0.1:57648 type: class com.almasb.fxgl.core.serialization.Bundle
00:36:56.556 [ServerAsyncConnThread    ] DEBUG Endpoint             - TCPServer successfully opened connection (1)
00:36:56.573 [TCPServer_RecvThread-1   ] DEBUG Readers              - Getting TCPMessageReader for class com.almasb.fxgl.core.serialization.Bundle
00:36:56.574 [TCPServer_RecvThread-1   ] DEBUG Readers              - Constructed MessageReader for class com.almasb.fxgl.core.serialization.Bundle: BundleTCPMessageReader
00:36:56.575 [TCPServer_SendThread-1   ] DEBUG Writers              - Constructed TCPMessageWriter for class com.almasb.fxgl.core.serialization.Bundle: BundleTCPMessageWriter
00:37:19.020 [JavaFX Application Thread] DEBUG FXGLAssetLoaderServi - Loading from file system: file:/C:/Users/User/Documents/GitHub/Sonic-rush/target/classes/assets/textures/Enemigos/eggman2.png
00:37:32.625 [TCPServer_RecvThread-1   ] DEBUG Endpoint             - Connection 1 was unexpectedly disconnected: Connection reset
00:37:32.626 [TCPServer_RecvThread-1   ] DEBUG Connection           - Closing connection 1
00:37:32.626 [TCPServer_RecvThread-1   ] DEBUG Connection           - Connection 1 was correctly closed from local endpoint.
00:37:32.626 [TCPServer_RecvThread-1   ] DEBUG Endpoint             - TCPServer connection (1) was closed
00:37:32.761 [JavaFX Application Thread] DEBUG LoopRunner           - Resuming loop
00:37:33.752 [JavaFX Application Thread] DEBUG FXGLApplication      - Exiting FXGL
00:37:33.752 [JavaFX Application Thread] DEBUG LoopRunner           - Stopping loop
00:37:33.752 [JavaFX Application Thread] DEBUG SystemBundleService  - Saving FXGL system data
00:37:33.753 [JavaFX Application Thread] DEBUG FileSystemAccess     - Writing to: C:\Users\User\Documents\GitHub\Sonic-rush\system\fxgl.bundle
00:37:33.754 [JavaFX Application Thread] DEBUG Async                - Shutting down background threads
00:37:33.754 [JavaFX Application Thread] DEBUG PrimaryStageWindow   - Closing main window
00:37:33.777 [JavaFX Application Thread] DEBUG Logger               - Closing Logger
