07:18:13.580 [main                     ] DEBUG Logger               - Configured Logger
07:18:13.580 [main                     ] DEBUG GameApplication      - Logging settings
Title: Jugador Sonic
Version: 0.0
Width: 1000
Height: 600
Fullscreen: false
Intro: false
Profiling: false
Single step:false
App Mode: DEVELOPER
Menu Key: ESCAPE
Stage Style: DECORATED
Scene Factory: class com.almasb.fxgl.app.scene.SceneFactory

07:18:13.701 [JavaFX Application Thread] DEBUG FXGLApplication      - Initializing FXGL
07:18:13.705 [JavaFX Application Thread] INFO  Engine               - FXGL-17.3 (30.03.2023 11.49) on WINDOWS (J:21.0.2 FX:20)
07:18:13.706 [JavaFX Application Thread] DEBUG Engine               - JRE Vendor Name: Oracle Corporation
07:18:13.706 [JavaFX Application Thread] DEBUG Engine               - Running on OS: Windows 10 version 10.0
07:18:13.706 [JavaFX Application Thread] DEBUG Engine               - Architecture: amd64
07:18:13.706 [JavaFX Application Thread] INFO  Engine               - Source code and latest versions at: https://github.com/AlmasB/FXGL
07:18:13.706 [JavaFX Application Thread] INFO  Engine               -       Ask questions and discuss at: https://github.com/AlmasB/FXGL/discussions
07:18:13.707 [JavaFX Application Thread] INFO  Engine               -              Join the FXGL chat at: https://gitter.im/AlmasB/FXGL
07:18:13.768 [JavaFX Application Thread] DEBUG PrimaryStageWindow   - Creating a JavaFX scene
07:18:13.826 [JavaFX Application Thread] DEBUG PrimaryStageWindow   - Target settings size: 1000.0 x 600.0
07:18:13.826 [JavaFX Application Thread] DEBUG PrimaryStageWindow   - Scaled scene size:    1000.0 x 600.0
07:18:13.826 [JavaFX Application Thread] DEBUG PrimaryStageWindow   - Scaled ratio: (1.0, 1.0)
07:18:13.827 [JavaFX Application Thread] DEBUG PrimaryStageWindow   - Set initial scene to FXGLStartupScene
07:18:13.831 [JavaFX Application Thread] DEBUG PrimaryStageWindow   - Opening main window
07:18:13.922 [JavaFX Application Thread] DEBUG PrimaryStageWindow   - Window border size: (16.0, 39.0)
07:18:13.922 [JavaFX Application Thread] DEBUG PrimaryStageWindow   - Scaled size: 1000.0 x 600.0
07:18:13.922 [JavaFX Application Thread] DEBUG PrimaryStageWindow   - Scaled ratio: (1.0, 1.0)
07:18:13.923 [JavaFX Application Thread] DEBUG PrimaryStageWindow   - Scene size: 1000.0 x 600.0
07:18:13.923 [JavaFX Application Thread] DEBUG PrimaryStageWindow   - Stage size: 1016.0 x 639.0
07:18:13.935 [FXGL Background Thread 1 ] DEBUG Engine               - Initializing environment variables
07:18:14.005 [FXGL Background Thread 1 ] DEBUG FXGLAssetLoaderServi - User app class for loading assets: class Runner.ClientRunner
07:18:14.005 [FXGL Background Thread 1 ] DEBUG GameApplicationServi - Applying CSS: fxgl_dark.css
07:18:14.006 [FXGL Background Thread 1 ] DEBUG FXGLAssetLoaderServi - Loading from file system: jar:file:/C:/Users/User/.m2/repository/com/github/almasb/fxgl/17.3/fxgl-17.3.jar!/fxglassets/ui/css/fxgl_dark.css
07:18:14.052 [FXGL Background Thread 1 ] DEBUG GameApplicationServi - Initializing application scenes
07:18:14.132 [FXGL Background Thread 1 ] DEBUG GameWorld            - Game world initialized
07:18:14.196 [FXGL Background Thread 1 ] DEBUG PhysicsWorld         - Physics world initialized: appHeight=600, physics.ppm=50,0
07:18:14.196 [FXGL Background Thread 1 ] DEBUG PhysicsWorld         - Using strategy: BRUTE_FORCE
07:18:14.201 [FXGL Background Thread 1 ] DEBUG GameScene            - Game scene initialized: 1000x600
07:18:14.214 [FXGL Background Thread 1 ] DEBUG FXGL.DefaultMenu     - createMenuBodyGameMenu()
07:18:14.231 [FXGL Background Thread 1 ] DEBUG FXGL.DefaultMenu     - createOptionsMenu()
07:18:14.242 [FXGL Background Thread 1 ] DEBUG FXGLAssetLoaderServi - Loading from file system: jar:file:/C:/Users/User/.m2/repository/com/github/almasb/fxgl/17.3/fxgl-17.3.jar!/fxglassets/textures/particles/smoke.png
07:18:14.348 [FXGL Background Thread 1 ] DEBUG FXGLAssetLoaderServi - Loading from file system: jar:file:/C:/Users/User/.m2/repository/com/github/almasb/fxgl/17.3/fxgl-17.3.jar!/fxglassets/textures/particles/trace_horizontal.png
07:18:14.374 [FXGL Background Thread 1 ] DEBUG GameApplicationServi - Application scenes initialized
07:18:14.391 [FXGL Background Thread 1 ] DEBUG SystemBundleService  - Loading FXGL system data
07:18:14.396 [FXGL Background Thread 1 ] DEBUG FileSystemAccess     - Reading from: C:\Users\User\Documents\Millan.Luis\UNEG\Semestre IV\Tecnicas de Prog. III\Sonic-rush\system\fxgl.bundle
07:18:14.407 [FXGL Background Thread 1 ] DEBUG SystemBundleService  - Bundle FXGL: {}
07:18:14.407 [FXGL Background Thread 1 ] DEBUG UpdaterService       - Checking for updates
07:18:14.412 [FXGL Background Thread 1 ] DEBUG FXGLApplication      - Loading default localization
07:18:14.413 [FXGL Background Thread 1 ] DEBUG FXGLAssetLoaderServi - Loading from file system: jar:file:/C:/Users/User/.m2/repository/com/github/almasb/fxgl/17.3/fxgl-17.3.jar!/fxglassets/languages/english.lang
07:18:14.435 [FXGL Background Thread 4 ] DEBUG FXGLApplication      - Loading fonts
07:18:14.447 [FXGL Background Thread 1 ] INFO  FXGLApplication      - FXGL initialization took: 0,512 sec
07:18:14.448 [FXGL Background Thread 4 ] DEBUG FXGLAssetLoaderServi - Loading from file system: jar:file:/C:/Users/User/.m2/repository/com/github/almasb/fxgl/17.3/fxgl-17.3.jar!/fxglassets/ui/fonts/VarelaRound-Regular.ttf
07:18:14.461 [JavaFX Application Thread] DEBUG Input                - Registered new binding: Mover a la izquierda - A
07:18:14.462 [JavaFX Application Thread] DEBUG Input                - Registered new binding: Mover a la derecha - D
07:18:14.462 [JavaFX Application Thread] DEBUG Input                - Registered new binding: Saltar - W
07:18:14.462 [JavaFX Application Thread] DEBUG Input                - Registered new binding: Interactuar - E
07:18:14.462 [JavaFX Application Thread] DEBUG Input                - Registered new binding: Transformar - P
07:18:14.462 [JavaFX Application Thread] DEBUG Input                - Registered new binding: Desactivar filtro - L
07:18:14.463 [JavaFX Application Thread] DEBUG FXGLAssetLoaderServi - Loading from file system: jar:file:/C:/Users/User/.m2/repository/com/github/almasb/fxgl/17.3/fxgl-17.3.jar!/fxglassets/textures/fxgl_icon.png
07:18:14.520 [FXGL Background Thread 4 ] DEBUG FXGLAssetLoaderServi - Loading from file system: jar:file:/C:/Users/User/.m2/repository/com/github/almasb/fxgl/17.3/fxgl-17.3.jar!/fxglassets/ui/fonts/Abel-Regular.ttf
07:18:14.524 [FXGL Background Thread 4 ] DEBUG FXGLAssetLoaderServi - Loading from file system: jar:file:/C:/Users/User/.m2/repository/com/github/almasb/fxgl/17.3/fxgl-17.3.jar!/fxglassets/ui/fonts/TerminalLandMono-Regular.otf
07:18:14.528 [JavaFX Application Thread] DEBUG FXGLAssetLoaderServi - Loading from file system: jar:file:/C:/Users/User/.m2/repository/com/github/almasb/fxgl/17.3/fxgl-17.3.jar!/fxglassets/textures/fxgl_default_cursor.png
07:18:14.528 [FXGL Background Thread 4 ] DEBUG FXGLAssetLoaderServi - Loading from file system: jar:file:/C:/Users/User/.m2/repository/com/github/almasb/fxgl/17.3/fxgl-17.3.jar!/fxglassets/ui/fonts/Courier-Prime.ttf
07:18:14.533 [JavaFX Application Thread] DEBUG Input                - Registered new binding: Screenshot - CTRL+8
07:18:14.534 [JavaFX Application Thread] DEBUG Input                - Registered new binding: System info dump - CTRL+9
07:18:14.537 [JavaFX Application Thread] DEBUG Input                - Registered new binding: Restart - CTRL+R
07:18:14.539 [JavaFX Application Thread] DEBUG Input                - Registered new binding: Toggle Debug Camera - CTRL+7
07:18:14.544 [JavaFX Application Thread] DEBUG LoopRunner           - Starting loop
07:18:14.544 [JavaFX Application Thread] DEBUG LoopRunner           - Initializing JavaFX AnimationTimerLoop
07:18:14.546 [JavaFX Application Thread] DEBUG GameApplicationServi - Starting new game
07:18:14.547 [JavaFX Application Thread] DEBUG Input                - Clearing active input actions
07:18:14.559 [JavaFX Application Thread] DEBUG GameApplicationServi - Removing overlay from FXGLStartupScene and adding to FXGLLoadingScene
07:18:14.560 [JavaFX Application Thread] DEBUG PrimaryStageWindow   - FXGLStartupScene -> FXGLLoadingScene
07:18:14.560 [JavaFX Application Thread] DEBUG GameApplicationServi - Clearing previous game
07:18:14.560 [JavaFX Application Thread] DEBUG GameScene            - Clearing game scene
07:18:14.560 [JavaFX Application Thread] DEBUG GameWorld            - Clearing game world
07:18:14.560 [JavaFX Application Thread] DEBUG PhysicsWorld         - Clearing physics world
07:18:14.563 [FXGL Background Thread 4 ] DEBUG FXGLApplication      - Initializing game
07:18:14.574 [FXGL Background Thread 4 ] DEBUG FXGLAssetLoaderServi - Loading from file system: file:/C:/Users/User/Documents/Millan.Luis/UNEG/Semestre%20IV/Tecnicas%20de%20Prog.%20III/Sonic-rush/target/classes/assets/music/OST.mp3
07:18:14.625 [JavaFX Application Thread] DEBUG FXGLApplication      - Registering font factories with UI factory
07:18:14.890 [FXGL Background Thread 4 ] DEBUG AudioPlayer          - Playing music com.almasb.fxgl.audio.Music@7a06cfc4
07:18:14.893 [FXGL Background Thread 4 ] INFO  FXGLApplication      - Game initialization took: 0,330 sec
07:18:15.013 [JavaFX Application Thread] DEBUG Input                - Clearing active input actions
07:18:15.049 [JavaFX Application Thread] DEBUG GameApplicationServi - Removing overlay from FXGLLoadingScene and adding to GameScene
07:18:15.049 [JavaFX Application Thread] DEBUG PrimaryStageWindow   - FXGLLoadingScene -> GameScene
07:18:15.133 [FXGL Background Thread 2 ] INFO  UpdaterService       - Your current version:  17.3
07:18:15.135 [FXGL Background Thread 2 ] INFO  UpdaterService       - Latest stable version: 21.1
07:18:17.410 [FXGL Background Thread 3 ] DEBUG Engine               - Logging environment variables
07:18:17.410 [FXGL Background Thread 3 ] DEBUG Engine               - achievements: []
07:18:17.410 [FXGL Background Thread 3 ] DEBUG Engine               - actualHeight: 600.0
07:18:17.410 [FXGL Background Thread 3 ] DEBUG Engine               - actualHeightProperty: ReadOnlyDoubleProperty [value: 600.0]
07:18:17.411 [FXGL Background Thread 3 ] DEBUG Engine               - actualWidth: 1000.0
07:18:17.411 [FXGL Background Thread 3 ] DEBUG Engine               - actualWidthProperty: ReadOnlyDoubleProperty [value: 1000.0]
07:18:17.411 [FXGL Background Thread 3 ] DEBUG Engine               - appIcon: fxgl_icon.png
07:18:17.411 [FXGL Background Thread 3 ] DEBUG Engine               - applicationMode: DEVELOPER
07:18:17.411 [FXGL Background Thread 3 ] DEBUG Engine               - cSSList: [fxgl_dark.css]
07:18:17.411 [FXGL Background Thread 3 ] DEBUG Engine               - collisionDetectionStrategy: BRUTE_FORCE
07:18:17.411 [FXGL Background Thread 3 ] DEBUG Engine               - configClass: Optional.empty
07:18:17.411 [FXGL Background Thread 3 ] DEBUG Engine               - credits: []
07:18:17.411 [FXGL Background Thread 3 ] DEBUG Engine               - defaultCursor: CursorInfo(imageName=fxgl_default_cursor.png, hotspotX=7.0, hotspotY=6.0)
07:18:17.411 [FXGL Background Thread 3 ] DEBUG Engine               - devBBoxColorProperty: ObjectProperty [value: 0xff0000ff]
07:18:17.411 [FXGL Background Thread 3 ] DEBUG Engine               - devEnableDebugCameraProperty: BooleanProperty [value: false]
07:18:17.412 [FXGL Background Thread 3 ] DEBUG Engine               - devSensorColorProperty: ObjectProperty [value: 0xffff00ff]
07:18:17.412 [FXGL Background Thread 3 ] DEBUG Engine               - devShowBBoxProperty: BooleanProperty [value: false]
07:18:17.412 [FXGL Background Thread 3 ] DEBUG Engine               - devShowPositionProperty: BooleanProperty [value: false]
07:18:17.412 [FXGL Background Thread 3 ] DEBUG Engine               - enabledMenuItems: []
07:18:17.412 [FXGL Background Thread 3 ] DEBUG Engine               - engineServices: [class com.almasb.fxgl.app.services.FXGLAssetLoaderService, class com.almasb.fxgl.app.FXGLApplication$GameApplicationService, class com.almasb.fxgl.app.services.FXGLDialogService, class com.almasb.fxgl.app.services.IOTaskExecutorService, class com.almasb.fxgl.io.FileSystemService, class com.almasb.fxgl.localization.LocalizationService, class com.almasb.fxgl.app.services.SystemBundleService, class com.almasb.fxgl.profile.SaveLoadService, class com.almasb.fxgl.ui.FXGLUIFactoryServiceProvider, class com.almasb.fxgl.ui.FXGLDialogFactoryServiceProvider, class com.almasb.fxgl.audio.AudioPlayer, class com.almasb.fxgl.notification.impl.NotificationServiceProvider, class com.almasb.fxgl.achievement.AchievementService, class com.almasb.fxgl.cutscene.CutsceneService, class com.almasb.fxgl.minigames.MiniGameService, class com.almasb.fxgl.net.NetService, class com.almasb.fxgl.app.services.UpdaterService, class com.almasb.fxgl.dev.DevService, class com.almasb.fxgl.multiplayer.MultiplayerService]
07:18:17.412 [FXGL Background Thread 3 ] DEBUG Engine               - fontGame: Abel-Regular.ttf
07:18:17.412 [FXGL Background Thread 3 ] DEBUG Engine               - fontMono: TerminalLandMono-Regular.otf
07:18:17.412 [FXGL Background Thread 3 ] DEBUG Engine               - fontSizeScaleUI: 1.0
07:18:17.412 [FXGL Background Thread 3 ] DEBUG Engine               - fontText: Courier-Prime.ttf
07:18:17.412 [FXGL Background Thread 3 ] DEBUG Engine               - fontUI: VarelaRound-Regular.ttf
07:18:17.412 [FXGL Background Thread 3 ] DEBUG Engine               - fullScreen: BooleanProperty [value: false]
07:18:17.412 [FXGL Background Thread 3 ] DEBUG Engine               - gameDifficulty: MEDIUM
07:18:17.412 [FXGL Background Thread 3 ] DEBUG Engine               - gameDifficultyProperty: ObjectProperty [value: MEDIUM]
07:18:17.412 [FXGL Background Thread 3 ] DEBUG Engine               - globalMusicVolume: 0.5
07:18:17.412 [FXGL Background Thread 3 ] DEBUG Engine               - globalMusicVolumeProperty: DoubleProperty [value: 0.5]
07:18:17.412 [FXGL Background Thread 3 ] DEBUG Engine               - globalSoundVolume: 0.5
07:18:17.412 [FXGL Background Thread 3 ] DEBUG Engine               - globalSoundVolumeProperty: DoubleProperty [value: 0.5]
07:18:17.412 [FXGL Background Thread 3 ] DEBUG Engine               - height: 600
07:18:17.412 [FXGL Background Thread 3 ] DEBUG Engine               - is3D: false
07:18:17.413 [FXGL Background Thread 3 ] DEBUG Engine               - isAndroid: false
07:18:17.413 [FXGL Background Thread 3 ] DEBUG Engine               - isBrowser: false
07:18:17.413 [FXGL Background Thread 3 ] DEBUG Engine               - isClickFeedbackEnabled: false
07:18:17.413 [FXGL Background Thread 3 ] DEBUG Engine               - isCloseConfirmation: false
07:18:17.413 [FXGL Background Thread 3 ] DEBUG Engine               - isDesktop: true
07:18:17.413 [FXGL Background Thread 3 ] DEBUG Engine               - isDeveloperMenuEnabled: false
07:18:17.413 [FXGL Background Thread 3 ] DEBUG Engine               - isEmbedded: false
07:18:17.413 [FXGL Background Thread 3 ] DEBUG Engine               - isEntityPreloadEnabled: true
07:18:17.413 [FXGL Background Thread 3 ] DEBUG Engine               - isExperimentalTiledLargeMap: false
07:18:17.413 [FXGL Background Thread 3 ] DEBUG Engine               - isFileSystemWriteAllowed: true
07:18:17.413 [FXGL Background Thread 3 ] DEBUG Engine               - isFullScreenAllowed: false
07:18:17.413 [FXGL Background Thread 3 ] DEBUG Engine               - isFullScreenFromStart: false
07:18:17.413 [FXGL Background Thread 3 ] DEBUG Engine               - isGameMenuEnabled: true
07:18:17.413 [FXGL Background Thread 3 ] DEBUG Engine               - isIOS: false
07:18:17.413 [FXGL Background Thread 3 ] DEBUG Engine               - isIntroEnabled: false
07:18:17.413 [FXGL Background Thread 3 ] DEBUG Engine               - isLinux: false
07:18:17.413 [FXGL Background Thread 3 ] DEBUG Engine               - isMac: false
07:18:17.413 [FXGL Background Thread 3 ] DEBUG Engine               - isMainMenuEnabled: false
07:18:17.413 [FXGL Background Thread 3 ] DEBUG Engine               - isManualResizeEnabled: false
07:18:17.414 [FXGL Background Thread 3 ] DEBUG Engine               - isMobile: false
07:18:17.414 [FXGL Background Thread 3 ] DEBUG Engine               - isNative: false
07:18:17.414 [FXGL Background Thread 3 ] DEBUG Engine               - isPauseMusicWhenMinimized: true
07:18:17.414 [FXGL Background Thread 3 ] DEBUG Engine               - isPreserveResizeRatio: false
07:18:17.414 [FXGL Background Thread 3 ] DEBUG Engine               - isProfilingEnabled: false
07:18:17.414 [FXGL Background Thread 3 ] DEBUG Engine               - isScaleAffectedOnResize: true
07:18:17.414 [FXGL Background Thread 3 ] DEBUG Engine               - isSingleStep: false
07:18:17.414 [FXGL Background Thread 3 ] DEBUG Engine               - isUserProfileEnabled: false
07:18:17.414 [FXGL Background Thread 3 ] DEBUG Engine               - isWindows: true
07:18:17.414 [FXGL Background Thread 3 ] DEBUG Engine               - language: ObjectProperty [value: ENGLISH]
07:18:17.414 [FXGL Background Thread 3 ] DEBUG Engine               - menuKey: ESCAPE
07:18:17.414 [FXGL Background Thread 3 ] DEBUG Engine               - mouseSensitivity: 0.2
07:18:17.414 [FXGL Background Thread 3 ] DEBUG Engine               - notificationViewClass: class com.almasb.fxgl.notification.view.XboxNotificationView
07:18:17.414 [FXGL Background Thread 3 ] DEBUG Engine               - pixelsPerMeter: 50.0
07:18:17.414 [FXGL Background Thread 3 ] DEBUG Engine               - platform: WINDOWS
07:18:17.414 [FXGL Background Thread 3 ] DEBUG Engine               - prefHeightProperty: ReadOnlyDoubleProperty [value: 600.0]
07:18:17.414 [FXGL Background Thread 3 ] DEBUG Engine               - prefWidthProperty: ReadOnlyDoubleProperty [value: 1000.0]
07:18:17.414 [FXGL Background Thread 3 ] DEBUG Engine               - profileDir: profiles/
07:18:17.414 [FXGL Background Thread 3 ] DEBUG Engine               - profileName: StringProperty [value: DEFAULT]
07:18:17.415 [FXGL Background Thread 3 ] DEBUG Engine               - randomSeed: -1
07:18:17.415 [FXGL Background Thread 3 ] DEBUG Engine               - runtimeInfo: RuntimeInfo(platform=WINDOWS, version=17.3, build=30.03.2023 11.49)
07:18:17.415 [FXGL Background Thread 3 ] DEBUG Engine               - saveFileExt: sav
07:18:17.415 [FXGL Background Thread 3 ] DEBUG Engine               - scaledHeightProp$fxgl: DoubleProperty [bound, value: 600.0]
07:18:17.415 [FXGL Background Thread 3 ] DEBUG Engine               - scaledWidthProp$fxgl: DoubleProperty [bound, value: 1000.0]
07:18:17.415 [FXGL Background Thread 3 ] DEBUG Engine               - sceneFactory: com.almasb.fxgl.app.scene.SceneFactory@4e7a27e9
07:18:17.415 [FXGL Background Thread 3 ] DEBUG Engine               - secondsIn24h: 60
07:18:17.415 [FXGL Background Thread 3 ] DEBUG Engine               - soundMenuBack: menu/back.wav
07:18:17.415 [FXGL Background Thread 3 ] DEBUG Engine               - soundMenuPress: menu/press.wav
07:18:17.415 [FXGL Background Thread 3 ] DEBUG Engine               - soundMenuSelect: menu/select.wav
07:18:17.415 [FXGL Background Thread 3 ] DEBUG Engine               - soundNotification: core/notification.wav
07:18:17.415 [FXGL Background Thread 3 ] DEBUG Engine               - stageStyle: DECORATED
07:18:17.415 [FXGL Background Thread 3 ] DEBUG Engine               - supportedLanguages: [ENGLISH, FRENCH, GERMAN, HUNGARIAN, RUSSIAN]
07:18:17.415 [FXGL Background Thread 3 ] DEBUG Engine               - ticksPerSecond: -1
07:18:17.415 [FXGL Background Thread 3 ] DEBUG Engine               - title: Jugador Sonic
07:18:17.415 [FXGL Background Thread 3 ] DEBUG Engine               - urlGithub: https://github.com/AlmasB/FXGL
07:18:17.416 [FXGL Background Thread 3 ] DEBUG Engine               - urlLeaderboard: http://fxgl-top.herokuapp.com/
07:18:17.416 [FXGL Background Thread 3 ] DEBUG Engine               - urlPOM: https://raw.githubusercontent.com/AlmasB/FXGL/release/README.md
07:18:17.416 [FXGL Background Thread 3 ] DEBUG Engine               - userAppClass: class Runner.ClientRunner
07:18:17.416 [FXGL Background Thread 3 ] DEBUG Engine               - version: 0.0
07:18:17.416 [FXGL Background Thread 3 ] DEBUG Engine               - versionCheckDays: 7
07:18:17.416 [FXGL Background Thread 3 ] DEBUG Engine               - width: 1000
07:18:17.416 [FXGL Background Thread 3 ] DEBUG Engine               - Logging services
07:18:17.416 [FXGL Background Thread 3 ] DEBUG Engine               - class com.almasb.fxgl.app.services.FXGLAssetLoaderService
07:18:17.416 [FXGL Background Thread 3 ] DEBUG Engine               - class com.almasb.fxgl.app.FXGLApplication$GameApplicationService
07:18:17.416 [FXGL Background Thread 3 ] DEBUG Engine               - class com.almasb.fxgl.app.services.FXGLDialogService
07:18:17.416 [FXGL Background Thread 3 ] DEBUG Engine               - class com.almasb.fxgl.app.services.IOTaskExecutorService
07:18:17.416 [FXGL Background Thread 3 ] DEBUG Engine               - class com.almasb.fxgl.io.FileSystemService
07:18:17.416 [FXGL Background Thread 3 ] DEBUG Engine               - class com.almasb.fxgl.localization.LocalizationService
07:18:17.416 [FXGL Background Thread 3 ] DEBUG Engine               - class com.almasb.fxgl.app.services.SystemBundleService
07:18:17.416 [FXGL Background Thread 3 ] DEBUG Engine               - class com.almasb.fxgl.profile.SaveLoadService
07:18:17.416 [FXGL Background Thread 3 ] DEBUG Engine               - class com.almasb.fxgl.ui.FXGLUIFactoryServiceProvider
07:18:17.416 [FXGL Background Thread 3 ] DEBUG Engine               - class com.almasb.fxgl.ui.FXGLDialogFactoryServiceProvider
07:18:17.416 [FXGL Background Thread 3 ] DEBUG Engine               - class com.almasb.fxgl.audio.AudioPlayer
07:18:17.416 [FXGL Background Thread 3 ] DEBUG Engine               - class com.almasb.fxgl.notification.impl.NotificationServiceProvider
07:18:17.416 [FXGL Background Thread 3 ] DEBUG Engine               - class com.almasb.fxgl.achievement.AchievementService
07:18:17.416 [FXGL Background Thread 3 ] DEBUG Engine               - class com.almasb.fxgl.cutscene.CutsceneService
07:18:17.416 [FXGL Background Thread 3 ] DEBUG Engine               - class com.almasb.fxgl.minigames.MiniGameService
07:18:17.417 [FXGL Background Thread 3 ] DEBUG Engine               - class com.almasb.fxgl.net.NetService
07:18:17.417 [FXGL Background Thread 3 ] DEBUG Engine               - class com.almasb.fxgl.app.services.UpdaterService
07:18:17.417 [FXGL Background Thread 3 ] DEBUG Engine               - class com.almasb.fxgl.dev.DevService
07:18:17.417 [FXGL Background Thread 3 ] DEBUG Engine               - class com.almasb.fxgl.multiplayer.MultiplayerService
07:18:18.755 [JavaFX Application Thread] WARN  FXGLAssetLoaderServi - Asset "/assets/textures/fondo.png" was not found!
07:18:18.756 [JavaFX Application Thread] WARN  FXGLAssetLoaderServi - Failed to load IMAGE
07:18:18.811 [JavaFX Application Thread] DEBUG TMXLevelLoader       - Parsed TiledMap: file:/C:/Users/User/Documents/Millan.Luis/UNEG/Semestre%20IV/Tecnicas%20de%20Prog.%20III/Sonic-rush/target/classes/assets/levels/mapazo.tmx
07:18:18.812 [JavaFX Application Thread] DEBUG TMXLevelLoader       - Creating tile layer entities
07:18:18.815 [JavaFX Application Thread] DEBUG TilesetLoader        - Loading view for layer Capa de patrones 1
07:18:18.816 [JavaFX Application Thread] DEBUG TilesetLoader        - Created buffer with size 3840.0x720.0
07:18:18.844 [JavaFX Application Thread] DEBUG TMXLevelLoader       - Creating object layer entities
07:18:18.866 [JavaFX Application Thread] DEBUG GameWorld            - Clearing removable entities
07:18:18.870 [JavaFX Application Thread] DEBUG GameWorld            - Setting level: com.almasb.fxgl.entity.level.Level@630b43ac
07:18:18.882 [JavaFX Application Thread] DEBUG FXGLAssetLoaderServi - Loading from file system: file:/C:/Users/User/Documents/Millan.Luis/UNEG/Semestre%20IV/Tecnicas%20de%20Prog.%20III/Sonic-rush/target/classes/assets/textures/Enemigos/eggman.png
07:18:18.891 [ClientAsyncConnThread    ] DEBUG TCPClient            - Connecting to localhost:55555 type: class com.almasb.fxgl.core.serialization.Bundle
07:18:18.918 [ClientAsyncConnThread    ] WARN  IOTask               - ClientConnect failed
java.lang.RuntimeException: Failed to create a socket to address localhost : 55555 Error: java.net.ConnectException: Connection refused: connect
	at com.almasb.fxgl.net.tcp.TCPClient.connect(TCPClient.java:46)
	at com.almasb.fxgl.core.concurrent.IOTask.lambda$ofVoid$5(IOTask.java:184)
	at com.almasb.fxgl.core.concurrent.IOTask$2.onExecute(IOTask.java:197)
	at com.almasb.fxgl.core.concurrent.IOTask.run(IOTask.java:118)
	at java.base/java.lang.Thread.run(Thread.java:1583)
Caused by: java.net.ConnectException: Connection refused: connect
	at java.base/sun.nio.ch.Net.connect0(Native Method)
	at java.base/sun.nio.ch.Net.connect(Net.java:589)
	at java.base/sun.nio.ch.Net.connect(Net.java:578)
	at java.base/sun.nio.ch.NioSocketImpl.connect(NioSocketImpl.java:583)
	at java.base/java.net.SocksSocketImpl.connect(SocksSocketImpl.java:327)
	at java.base/java.net.Socket.connect(Socket.java:751)
	at java.base/java.net.Socket.connect(Socket.java:686)
	at java.base/java.net.Socket.<init>(Socket.java:555)
	at java.base/java.net.Socket.<init>(Socket.java:324)
	at com.almasb.fxgl.net.tcp.TCPClient.connect(TCPClient.java:41)
	... 4 more

07:18:19.496 [JavaFX Application Thread] DEBUG LoopRunner           - Stopping loop
07:18:19.501 [JavaFX Application Thread] FATAL FXGLApplication      - Uncaught Exception:
java.lang.NullPointerException: Cannot invoke "com.almasb.fxgl.net.Connection.send(Object)" because "this.this$0.conexion" is null
	at GameSettings.ClientGameApp$2.onAction(ClientGameApp.java:624)
	at com.almasb.fxgl.input.UserAction.action$fxgl_core(UserAction.kt:38)
	at com.almasb.fxgl.input.Input.update(Input.kt:288)
	at com.almasb.fxgl.scene.Scene.update(Scene.kt:103)
	at com.almasb.fxgl.app.MainWindow$update$1.invoke(MainWindow.kt:115)
	at com.almasb.fxgl.app.MainWindow$update$1.invoke(MainWindow.kt:115)
	at com.almasb.fxgl.core.fsm.StateMachine.runOnActiveStates(StateMachine.kt:69)
	at com.almasb.fxgl.app.MainWindow.update(MainWindow.kt:115)
	at com.almasb.fxgl.app.FXGLApplication$GameApplicationService.onUpdate(FXGLApplication.kt:426)
	at com.almasb.fxgl.app.Engine.loop(Engine.kt:134)
	at com.almasb.fxgl.app.Engine.access$loop(Engine.kt:24)
	at com.almasb.fxgl.app.Engine$loop$1.invoke(Engine.kt:28)
	at com.almasb.fxgl.app.Engine$loop$1.invoke(Engine.kt:28)
	at com.almasb.fxgl.app.LoopRunner.frame(LoopRunner.kt:103)
	at com.almasb.fxgl.app.LoopRunner.access$frame(LoopRunner.kt:23)
	at com.almasb.fxgl.app.LoopRunner$impl$2$1.onTick(LoopRunner.kt:57)
	at com.almasb.fxgl.app.AnimationTimerLoop$timer$1.handle(LoopRunner.kt:137)
	at javafx.animation.AnimationTimer$AnimationTimerReceiver.lambda$handle$0(AnimationTimer.java:58)
	at java.base/java.security.AccessController.doPrivileged(AccessController.java:400)
	at javafx.animation.AnimationTimer$AnimationTimerReceiver.handle(AnimationTimer.java:57)
	at com.sun.scenario.animation.AbstractPrimaryTimer.timePulseImpl(AbstractPrimaryTimer.java:356)
	at com.sun.scenario.animation.AbstractPrimaryTimer$MainLoop.run(AbstractPrimaryTimer.java:266)
	at com.sun.javafx.tk.quantum.QuantumToolkit.pulse(QuantumToolkit.java:588)
	at com.sun.javafx.tk.quantum.QuantumToolkit.pulse(QuantumToolkit.java:572)
	at com.sun.javafx.tk.quantum.QuantumToolkit.pulseFromQueue(QuantumToolkit.java:565)
	at com.sun.javafx.tk.quantum.QuantumToolkit.lambda$runToolkit$11(QuantumToolkit.java:352)
	at com.sun.glass.ui.InvokeLaterDispatcher$Future.run(InvokeLaterDispatcher.java:95)
	at com.sun.glass.ui.win.WinApplication._runLoop(Native Method)
	at com.sun.glass.ui.win.WinApplication.lambda$runLoop$3(WinApplication.java:185)
	at java.base/java.lang.Thread.run(Thread.java:1583)

07:18:19.503 [JavaFX Application Thread] FATAL FXGLApplication      - Application will now exit
07:18:19.534 [JavaFX Application Thread] DEBUG PrimaryStageWindow   - Push state: ErrorSubScene
07:18:19.534 [JavaFX Application Thread] DEBUG Input                - Clearing active input actions
07:18:26.715 [JavaFX Application Thread] DEBUG FXGLApplication      - Exiting FXGL
07:18:26.715 [JavaFX Application Thread] DEBUG Async                - Shutting down background threads
07:18:26.715 [JavaFX Application Thread] DEBUG PrimaryStageWindow   - Closing main window
07:18:26.727 [JavaFX Application Thread] DEBUG Logger               - Closing Logger
