00:19:05.989 [main                     ] DEBUG Logger               - Configured Logger
00:19:06.002 [main                     ] DEBUG GameApplication      - Logging settings
Title: Jugador Sonic
Version: 0.0
Width: 1000
Height: 600
Fullscreen: false
Intro: false
Profiling: false
Single step:false
App Mode: DEVELOPER
Menu Key: ESCAPE
Stage Style: DECORATED
Scene Factory: class com.almasb.fxgl.app.scene.SceneFactory

00:19:06.124 [JavaFX Application Thread] DEBUG FXGLApplication      - Initializing FXGL
00:19:06.130 [JavaFX Application Thread] INFO  Engine               - FXGL-17.3 (30.03.2023 11.49) on WINDOWS (J:21.0.2 FX:20)
00:19:06.130 [JavaFX Application Thread] DEBUG Engine               - JRE Vendor Name: Oracle Corporation
00:19:06.131 [JavaFX Application Thread] DEBUG Engine               - Running on OS: Windows 10 version 10.0
00:19:06.131 [JavaFX Application Thread] DEBUG Engine               - Architecture: amd64
00:19:06.131 [JavaFX Application Thread] INFO  Engine               - Source code and latest versions at: https://github.com/AlmasB/FXGL
00:19:06.131 [JavaFX Application Thread] INFO  Engine               -       Ask questions and discuss at: https://github.com/AlmasB/FXGL/discussions
00:19:06.132 [JavaFX Application Thread] INFO  Engine               -              Join the FXGL chat at: https://gitter.im/AlmasB/FXGL
00:19:06.203 [JavaFX Application Thread] DEBUG PrimaryStageWindow   - Creating a JavaFX scene
00:19:06.271 [JavaFX Application Thread] DEBUG PrimaryStageWindow   - Target settings size: 1000.0 x 600.0
00:19:06.271 [JavaFX Application Thread] DEBUG PrimaryStageWindow   - Scaled scene size:    1000.0 x 600.0
00:19:06.272 [JavaFX Application Thread] DEBUG PrimaryStageWindow   - Scaled ratio: (1.0, 1.0)
00:19:06.273 [JavaFX Application Thread] DEBUG PrimaryStageWindow   - Set initial scene to FXGLStartupScene
00:19:06.277 [JavaFX Application Thread] DEBUG PrimaryStageWindow   - Opening main window
00:19:06.375 [JavaFX Application Thread] DEBUG PrimaryStageWindow   - Window border size: (16.0, 39.0)
00:19:06.375 [JavaFX Application Thread] DEBUG PrimaryStageWindow   - Scaled size: 1000.0 x 600.0
00:19:06.375 [JavaFX Application Thread] DEBUG PrimaryStageWindow   - Scaled ratio: (1.0, 1.0)
00:19:06.376 [JavaFX Application Thread] DEBUG PrimaryStageWindow   - Scene size: 1000.0 x 600.0
00:19:06.376 [JavaFX Application Thread] DEBUG PrimaryStageWindow   - Stage size: 1016.0 x 639.0
00:19:06.420 [FXGL Background Thread 1 ] DEBUG Engine               - Initializing environment variables
00:19:06.484 [FXGL Background Thread 1 ] DEBUG FXGLAssetLoaderServi - User app class for loading assets: class Runner.ClientRunner
00:19:06.484 [FXGL Background Thread 1 ] DEBUG GameApplicationServi - Applying CSS: fxgl_dark.css
00:19:06.485 [FXGL Background Thread 1 ] DEBUG FXGLAssetLoaderServi - Loading from file system: jar:file:/C:/Users/User/.m2/repository/com/github/almasb/fxgl/17.3/fxgl-17.3.jar!/fxglassets/ui/css/fxgl_dark.css
00:19:06.542 [FXGL Background Thread 1 ] DEBUG GameApplicationServi - Initializing application scenes
00:19:06.634 [FXGL Background Thread 1 ] DEBUG GameWorld            - Game world initialized
00:19:06.699 [FXGL Background Thread 1 ] DEBUG PhysicsWorld         - Physics world initialized: appHeight=600, physics.ppm=50,0
00:19:06.700 [FXGL Background Thread 1 ] DEBUG PhysicsWorld         - Using strategy: BRUTE_FORCE
00:19:06.704 [FXGL Background Thread 1 ] DEBUG GameScene            - Game scene initialized: 1000x600
00:19:06.721 [FXGL Background Thread 1 ] DEBUG FXGL.DefaultMenu     - createMenuBodyGameMenu()
00:19:06.741 [FXGL Background Thread 1 ] DEBUG FXGL.DefaultMenu     - createOptionsMenu()
00:19:06.754 [FXGL Background Thread 1 ] DEBUG FXGLAssetLoaderServi - Loading from file system: jar:file:/C:/Users/User/.m2/repository/com/github/almasb/fxgl/17.3/fxgl-17.3.jar!/fxglassets/textures/particles/smoke.png
00:19:06.865 [FXGL Background Thread 1 ] DEBUG FXGLAssetLoaderServi - Loading from file system: jar:file:/C:/Users/User/.m2/repository/com/github/almasb/fxgl/17.3/fxgl-17.3.jar!/fxglassets/textures/particles/trace_horizontal.png
00:19:06.924 [FXGL Background Thread 1 ] DEBUG GameApplicationServi - Application scenes initialized
00:19:06.941 [FXGL Background Thread 1 ] DEBUG SystemBundleService  - Loading FXGL system data
00:19:06.947 [FXGL Background Thread 1 ] DEBUG FileSystemAccess     - Reading from: C:\Users\User\Documents\Millan.Luis\UNEG\Semestre IV\Tecnicas de Prog. III\Sonic-rush\system\fxgl.bundle
00:19:06.958 [FXGL Background Thread 1 ] DEBUG SystemBundleService  - Bundle FXGL: {}
00:19:06.958 [FXGL Background Thread 1 ] DEBUG UpdaterService       - Checking for updates
00:19:06.964 [FXGL Background Thread 1 ] DEBUG FXGLApplication      - Loading default localization
00:19:06.965 [FXGL Background Thread 1 ] DEBUG FXGLAssetLoaderServi - Loading from file system: jar:file:/C:/Users/User/.m2/repository/com/github/almasb/fxgl/17.3/fxgl-17.3.jar!/fxglassets/languages/english.lang
00:19:06.986 [FXGL Background Thread 1 ] INFO  FXGLApplication      - FXGL initialization took: 0,567 sec
00:19:06.997 [FXGL Background Thread 4 ] DEBUG FXGLApplication      - Loading fonts
00:19:06.998 [FXGL Background Thread 4 ] DEBUG FXGLAssetLoaderServi - Loading from file system: jar:file:/C:/Users/User/.m2/repository/com/github/almasb/fxgl/17.3/fxgl-17.3.jar!/fxglassets/ui/fonts/VarelaRound-Regular.ttf
00:19:07.032 [JavaFX Application Thread] DEBUG Input                - Registered new binding: Mover a la izquierda - A
00:19:07.033 [JavaFX Application Thread] DEBUG Input                - Registered new binding: Mover a la derecha - D
00:19:07.033 [JavaFX Application Thread] DEBUG Input                - Registered new binding: Saltar - W
00:19:07.033 [JavaFX Application Thread] DEBUG Input                - Registered new binding: Interactuar - E
00:19:07.033 [JavaFX Application Thread] DEBUG Input                - Registered new binding: Transformar - P
00:19:07.033 [JavaFX Application Thread] DEBUG Input                - Registered new binding: Desactivar filtro - L
00:19:07.034 [JavaFX Application Thread] DEBUG FXGLAssetLoaderServi - Loading from file system: jar:file:/C:/Users/User/.m2/repository/com/github/almasb/fxgl/17.3/fxgl-17.3.jar!/fxglassets/textures/fxgl_icon.png
00:19:07.044 [FXGL Background Thread 4 ] DEBUG FXGLAssetLoaderServi - Loading from file system: jar:file:/C:/Users/User/.m2/repository/com/github/almasb/fxgl/17.3/fxgl-17.3.jar!/fxglassets/ui/fonts/Abel-Regular.ttf
00:19:07.055 [JavaFX Application Thread] DEBUG FXGLAssetLoaderServi - Loading from file system: jar:file:/C:/Users/User/.m2/repository/com/github/almasb/fxgl/17.3/fxgl-17.3.jar!/fxglassets/textures/fxgl_default_cursor.png
00:19:07.057 [JavaFX Application Thread] DEBUG Input                - Registered new binding: Screenshot - CTRL+8
00:19:07.059 [JavaFX Application Thread] DEBUG Input                - Registered new binding: System info dump - CTRL+9
00:19:07.060 [JavaFX Application Thread] DEBUG Input                - Registered new binding: Restart - CTRL+R
00:19:07.062 [JavaFX Application Thread] DEBUG Input                - Registered new binding: Toggle Debug Camera - CTRL+7
00:19:07.065 [JavaFX Application Thread] DEBUG LoopRunner           - Starting loop
00:19:07.066 [JavaFX Application Thread] DEBUG LoopRunner           - Initializing JavaFX AnimationTimerLoop
00:19:07.067 [JavaFX Application Thread] DEBUG GameApplicationServi - Starting new game
00:19:07.068 [JavaFX Application Thread] DEBUG Input                - Clearing active input actions
00:19:07.089 [JavaFX Application Thread] DEBUG GameApplicationServi - Removing overlay from FXGLStartupScene and adding to FXGLLoadingScene
00:19:07.089 [JavaFX Application Thread] DEBUG PrimaryStageWindow   - FXGLStartupScene -> FXGLLoadingScene
00:19:07.089 [JavaFX Application Thread] DEBUG GameApplicationServi - Clearing previous game
00:19:07.089 [JavaFX Application Thread] DEBUG GameScene            - Clearing game scene
00:19:07.089 [JavaFX Application Thread] DEBUG GameWorld            - Clearing game world
00:19:07.090 [JavaFX Application Thread] DEBUG PhysicsWorld         - Clearing physics world
00:19:07.092 [FXGL Background Thread 1 ] DEBUG FXGLApplication      - Initializing game
00:19:07.120 [FXGL Background Thread 4 ] DEBUG FXGLAssetLoaderServi - Loading from file system: jar:file:/C:/Users/User/.m2/repository/com/github/almasb/fxgl/17.3/fxgl-17.3.jar!/fxglassets/ui/fonts/TerminalLandMono-Regular.otf
00:19:07.129 [FXGL Background Thread 4 ] DEBUG FXGLAssetLoaderServi - Loading from file system: jar:file:/C:/Users/User/.m2/repository/com/github/almasb/fxgl/17.3/fxgl-17.3.jar!/fxglassets/ui/fonts/Courier-Prime.ttf
00:19:07.144 [FXGL Background Thread 1 ] DEBUG FXGLAssetLoaderServi - Loading from file system: file:/C:/Users/User/Documents/Millan.Luis/UNEG/Semestre%20IV/Tecnicas%20de%20Prog.%20III/Sonic-rush/target/classes/assets/music/OST.mp3
00:19:07.197 [JavaFX Application Thread] DEBUG FXGLApplication      - Registering font factories with UI factory
00:19:07.843 [FXGL Background Thread 2 ] INFO  UpdaterService       - Your current version:  17.3
00:19:07.848 [FXGL Background Thread 2 ] INFO  UpdaterService       - Latest stable version: 21.1
00:19:08.523 [FXGL Background Thread 1 ] DEBUG FXGLAssetLoaderServi - Loading from file system: file:/C:/Users/User/Documents/Millan.Luis/UNEG/Semestre%20IV/Tecnicas%20de%20Prog.%20III/Sonic-rush/target/classes/assets/textures/Enemigos/eggman.png
00:19:08.538 [FXGL Background Thread 1 ] INFO  FXGLApplication      - Game initialization took: 1,445 sec
00:19:08.538 [JavaFX Application Thread] DEBUG Input                - Clearing active input actions
00:19:08.547 [JavaFX Application Thread] DEBUG GameApplicationServi - Removing overlay from FXGLLoadingScene and adding to GameScene
00:19:08.548 [JavaFX Application Thread] DEBUG PrimaryStageWindow   - FXGLLoadingScene -> GameScene
00:19:09.963 [FXGL Background Thread 3 ] DEBUG Engine               - Logging environment variables
00:19:09.963 [FXGL Background Thread 3 ] DEBUG Engine               - achievements: []
00:19:09.963 [FXGL Background Thread 3 ] DEBUG Engine               - actualHeight: 600.0
00:19:09.964 [FXGL Background Thread 3 ] DEBUG Engine               - actualHeightProperty: ReadOnlyDoubleProperty [value: 600.0]
00:19:09.964 [FXGL Background Thread 3 ] DEBUG Engine               - actualWidth: 1000.0
00:19:09.964 [FXGL Background Thread 3 ] DEBUG Engine               - actualWidthProperty: ReadOnlyDoubleProperty [value: 1000.0]
00:19:09.964 [FXGL Background Thread 3 ] DEBUG Engine               - appIcon: fxgl_icon.png
00:19:09.964 [FXGL Background Thread 3 ] DEBUG Engine               - applicationMode: DEVELOPER
00:19:09.964 [FXGL Background Thread 3 ] DEBUG Engine               - cSSList: [fxgl_dark.css]
00:19:09.964 [FXGL Background Thread 3 ] DEBUG Engine               - collisionDetectionStrategy: BRUTE_FORCE
00:19:09.964 [FXGL Background Thread 3 ] DEBUG Engine               - configClass: Optional.empty
00:19:09.964 [FXGL Background Thread 3 ] DEBUG Engine               - credits: []
00:19:09.965 [FXGL Background Thread 3 ] DEBUG Engine               - defaultCursor: CursorInfo(imageName=fxgl_default_cursor.png, hotspotX=7.0, hotspotY=6.0)
00:19:09.965 [FXGL Background Thread 3 ] DEBUG Engine               - devBBoxColorProperty: ObjectProperty [value: 0xff0000ff]
00:19:09.965 [FXGL Background Thread 3 ] DEBUG Engine               - devEnableDebugCameraProperty: BooleanProperty [value: false]
00:19:09.965 [FXGL Background Thread 3 ] DEBUG Engine               - devSensorColorProperty: ObjectProperty [value: 0xffff00ff]
00:19:09.965 [FXGL Background Thread 3 ] DEBUG Engine               - devShowBBoxProperty: BooleanProperty [value: false]
00:19:09.965 [FXGL Background Thread 3 ] DEBUG Engine               - devShowPositionProperty: BooleanProperty [value: false]
00:19:09.965 [FXGL Background Thread 3 ] DEBUG Engine               - enabledMenuItems: []
00:19:09.966 [FXGL Background Thread 3 ] DEBUG Engine               - engineServices: [class com.almasb.fxgl.app.services.FXGLAssetLoaderService, class com.almasb.fxgl.app.FXGLApplication$GameApplicationService, class com.almasb.fxgl.app.services.FXGLDialogService, class com.almasb.fxgl.app.services.IOTaskExecutorService, class com.almasb.fxgl.io.FileSystemService, class com.almasb.fxgl.localization.LocalizationService, class com.almasb.fxgl.app.services.SystemBundleService, class com.almasb.fxgl.profile.SaveLoadService, class com.almasb.fxgl.ui.FXGLUIFactoryServiceProvider, class com.almasb.fxgl.ui.FXGLDialogFactoryServiceProvider, class com.almasb.fxgl.audio.AudioPlayer, class com.almasb.fxgl.notification.impl.NotificationServiceProvider, class com.almasb.fxgl.achievement.AchievementService, class com.almasb.fxgl.cutscene.CutsceneService, class com.almasb.fxgl.minigames.MiniGameService, class com.almasb.fxgl.net.NetService, class com.almasb.fxgl.app.services.UpdaterService, class com.almasb.fxgl.dev.DevService, class com.almasb.fxgl.multiplayer.MultiplayerService]
00:19:09.966 [FXGL Background Thread 3 ] DEBUG Engine               - fontGame: Abel-Regular.ttf
00:19:09.966 [FXGL Background Thread 3 ] DEBUG Engine               - fontMono: TerminalLandMono-Regular.otf
00:19:09.966 [FXGL Background Thread 3 ] DEBUG Engine               - fontSizeScaleUI: 1.0
00:19:09.966 [FXGL Background Thread 3 ] DEBUG Engine               - fontText: Courier-Prime.ttf
00:19:09.966 [FXGL Background Thread 3 ] DEBUG Engine               - fontUI: VarelaRound-Regular.ttf
00:19:09.966 [FXGL Background Thread 3 ] DEBUG Engine               - fullScreen: BooleanProperty [value: false]
00:19:09.966 [FXGL Background Thread 3 ] DEBUG Engine               - gameDifficulty: MEDIUM
00:19:09.966 [FXGL Background Thread 3 ] DEBUG Engine               - gameDifficultyProperty: ObjectProperty [value: MEDIUM]
00:19:09.966 [FXGL Background Thread 3 ] DEBUG Engine               - globalMusicVolume: 0.5
00:19:09.966 [FXGL Background Thread 3 ] DEBUG Engine               - globalMusicVolumeProperty: DoubleProperty [value: 0.5]
00:19:09.966 [FXGL Background Thread 3 ] DEBUG Engine               - globalSoundVolume: 0.5
00:19:09.966 [FXGL Background Thread 3 ] DEBUG Engine               - globalSoundVolumeProperty: DoubleProperty [value: 0.5]
00:19:09.966 [FXGL Background Thread 3 ] DEBUG Engine               - height: 600
00:19:09.966 [FXGL Background Thread 3 ] DEBUG Engine               - is3D: false
00:19:09.967 [FXGL Background Thread 3 ] DEBUG Engine               - isAndroid: false
00:19:09.967 [FXGL Background Thread 3 ] DEBUG Engine               - isBrowser: false
00:19:09.967 [FXGL Background Thread 3 ] DEBUG Engine               - isClickFeedbackEnabled: false
00:19:09.967 [FXGL Background Thread 3 ] DEBUG Engine               - isCloseConfirmation: false
00:19:09.967 [FXGL Background Thread 3 ] DEBUG Engine               - isDesktop: true
00:19:09.967 [FXGL Background Thread 3 ] DEBUG Engine               - isDeveloperMenuEnabled: false
00:19:09.967 [FXGL Background Thread 3 ] DEBUG Engine               - isEmbedded: false
00:19:09.967 [FXGL Background Thread 3 ] DEBUG Engine               - isEntityPreloadEnabled: true
00:19:09.967 [FXGL Background Thread 3 ] DEBUG Engine               - isExperimentalTiledLargeMap: false
00:19:09.967 [FXGL Background Thread 3 ] DEBUG Engine               - isFileSystemWriteAllowed: true
00:19:09.967 [FXGL Background Thread 3 ] DEBUG Engine               - isFullScreenAllowed: false
00:19:09.967 [FXGL Background Thread 3 ] DEBUG Engine               - isFullScreenFromStart: false
00:19:09.967 [FXGL Background Thread 3 ] DEBUG Engine               - isGameMenuEnabled: true
00:19:09.967 [FXGL Background Thread 3 ] DEBUG Engine               - isIOS: false
00:19:09.967 [FXGL Background Thread 3 ] DEBUG Engine               - isIntroEnabled: false
00:19:09.967 [FXGL Background Thread 3 ] DEBUG Engine               - isLinux: false
00:19:09.967 [FXGL Background Thread 3 ] DEBUG Engine               - isMac: false
00:19:09.967 [FXGL Background Thread 3 ] DEBUG Engine               - isMainMenuEnabled: false
00:19:09.967 [FXGL Background Thread 3 ] DEBUG Engine               - isManualResizeEnabled: false
00:19:09.967 [FXGL Background Thread 3 ] DEBUG Engine               - isMobile: false
00:19:09.967 [FXGL Background Thread 3 ] DEBUG Engine               - isNative: false
00:19:09.968 [FXGL Background Thread 3 ] DEBUG Engine               - isPauseMusicWhenMinimized: true
00:19:09.968 [FXGL Background Thread 3 ] DEBUG Engine               - isPreserveResizeRatio: false
00:19:09.968 [FXGL Background Thread 3 ] DEBUG Engine               - isProfilingEnabled: false
00:19:09.968 [FXGL Background Thread 3 ] DEBUG Engine               - isScaleAffectedOnResize: true
00:19:09.968 [FXGL Background Thread 3 ] DEBUG Engine               - isSingleStep: false
00:19:09.968 [FXGL Background Thread 3 ] DEBUG Engine               - isUserProfileEnabled: false
00:19:09.968 [FXGL Background Thread 3 ] DEBUG Engine               - isWindows: true
00:19:09.968 [FXGL Background Thread 3 ] DEBUG Engine               - language: ObjectProperty [value: ENGLISH]
00:19:09.968 [FXGL Background Thread 3 ] DEBUG Engine               - menuKey: ESCAPE
00:19:09.968 [FXGL Background Thread 3 ] DEBUG Engine               - mouseSensitivity: 0.2
00:19:09.968 [FXGL Background Thread 3 ] DEBUG Engine               - notificationViewClass: class com.almasb.fxgl.notification.view.XboxNotificationView
00:19:09.968 [FXGL Background Thread 3 ] DEBUG Engine               - pixelsPerMeter: 50.0
00:19:09.968 [FXGL Background Thread 3 ] DEBUG Engine               - platform: WINDOWS
00:19:09.968 [FXGL Background Thread 3 ] DEBUG Engine               - prefHeightProperty: ReadOnlyDoubleProperty [value: 600.0]
00:19:09.968 [FXGL Background Thread 3 ] DEBUG Engine               - prefWidthProperty: ReadOnlyDoubleProperty [value: 1000.0]
00:19:09.968 [FXGL Background Thread 3 ] DEBUG Engine               - profileDir: profiles/
00:19:09.968 [FXGL Background Thread 3 ] DEBUG Engine               - profileName: StringProperty [value: DEFAULT]
00:19:09.968 [FXGL Background Thread 3 ] DEBUG Engine               - randomSeed: -1
00:19:09.969 [FXGL Background Thread 3 ] DEBUG Engine               - runtimeInfo: RuntimeInfo(platform=WINDOWS, version=17.3, build=30.03.2023 11.49)
00:19:09.969 [FXGL Background Thread 3 ] DEBUG Engine               - saveFileExt: sav
00:19:09.969 [FXGL Background Thread 3 ] DEBUG Engine               - scaledHeightProp$fxgl: DoubleProperty [bound, value: 600.0]
00:19:09.969 [FXGL Background Thread 3 ] DEBUG Engine               - scaledWidthProp$fxgl: DoubleProperty [bound, value: 1000.0]
00:19:09.969 [FXGL Background Thread 3 ] DEBUG Engine               - sceneFactory: com.almasb.fxgl.app.scene.SceneFactory@70dfea14
00:19:09.969 [FXGL Background Thread 3 ] DEBUG Engine               - secondsIn24h: 60
00:19:09.969 [FXGL Background Thread 3 ] DEBUG Engine               - soundMenuBack: menu/back.wav
00:19:09.969 [FXGL Background Thread 3 ] DEBUG Engine               - soundMenuPress: menu/press.wav
00:19:09.969 [FXGL Background Thread 3 ] DEBUG Engine               - soundMenuSelect: menu/select.wav
00:19:09.969 [FXGL Background Thread 3 ] DEBUG Engine               - soundNotification: core/notification.wav
00:19:09.969 [FXGL Background Thread 3 ] DEBUG Engine               - stageStyle: DECORATED
00:19:09.969 [FXGL Background Thread 3 ] DEBUG Engine               - supportedLanguages: [ENGLISH, FRENCH, GERMAN, HUNGARIAN, RUSSIAN]
00:19:09.970 [FXGL Background Thread 3 ] DEBUG Engine               - ticksPerSecond: -1
00:19:09.970 [FXGL Background Thread 3 ] DEBUG Engine               - title: Jugador Sonic
00:19:09.970 [FXGL Background Thread 3 ] DEBUG Engine               - urlGithub: https://github.com/AlmasB/FXGL
00:19:09.970 [FXGL Background Thread 3 ] DEBUG Engine               - urlLeaderboard: http://fxgl-top.herokuapp.com/
00:19:09.970 [FXGL Background Thread 3 ] DEBUG Engine               - urlPOM: https://raw.githubusercontent.com/AlmasB/FXGL/release/README.md
00:19:09.970 [FXGL Background Thread 3 ] DEBUG Engine               - userAppClass: class Runner.ClientRunner
00:19:09.970 [FXGL Background Thread 3 ] DEBUG Engine               - version: 0.0
00:19:09.970 [FXGL Background Thread 3 ] DEBUG Engine               - versionCheckDays: 7
00:19:09.970 [FXGL Background Thread 3 ] DEBUG Engine               - width: 1000
00:19:09.970 [FXGL Background Thread 3 ] DEBUG Engine               - Logging services
00:19:09.970 [FXGL Background Thread 3 ] DEBUG Engine               - class com.almasb.fxgl.app.services.FXGLAssetLoaderService
00:19:09.970 [FXGL Background Thread 3 ] DEBUG Engine               - class com.almasb.fxgl.app.FXGLApplication$GameApplicationService
00:19:09.970 [FXGL Background Thread 3 ] DEBUG Engine               - class com.almasb.fxgl.app.services.FXGLDialogService
00:19:09.970 [FXGL Background Thread 3 ] DEBUG Engine               - class com.almasb.fxgl.app.services.IOTaskExecutorService
00:19:09.970 [FXGL Background Thread 3 ] DEBUG Engine               - class com.almasb.fxgl.io.FileSystemService
00:19:09.970 [FXGL Background Thread 3 ] DEBUG Engine               - class com.almasb.fxgl.localization.LocalizationService
00:19:09.970 [FXGL Background Thread 3 ] DEBUG Engine               - class com.almasb.fxgl.app.services.SystemBundleService
00:19:09.970 [FXGL Background Thread 3 ] DEBUG Engine               - class com.almasb.fxgl.profile.SaveLoadService
00:19:09.970 [FXGL Background Thread 3 ] DEBUG Engine               - class com.almasb.fxgl.ui.FXGLUIFactoryServiceProvider
00:19:09.970 [FXGL Background Thread 3 ] DEBUG Engine               - class com.almasb.fxgl.ui.FXGLDialogFactoryServiceProvider
00:19:09.970 [FXGL Background Thread 3 ] DEBUG Engine               - class com.almasb.fxgl.audio.AudioPlayer
00:19:09.970 [FXGL Background Thread 3 ] DEBUG Engine               - class com.almasb.fxgl.notification.impl.NotificationServiceProvider
00:19:09.970 [FXGL Background Thread 3 ] DEBUG Engine               - class com.almasb.fxgl.achievement.AchievementService
00:19:09.970 [FXGL Background Thread 3 ] DEBUG Engine               - class com.almasb.fxgl.cutscene.CutsceneService
00:19:09.971 [FXGL Background Thread 3 ] DEBUG Engine               - class com.almasb.fxgl.minigames.MiniGameService
00:19:09.971 [FXGL Background Thread 3 ] DEBUG Engine               - class com.almasb.fxgl.net.NetService
00:19:09.971 [FXGL Background Thread 3 ] DEBUG Engine               - class com.almasb.fxgl.app.services.UpdaterService
00:19:09.971 [FXGL Background Thread 3 ] DEBUG Engine               - class com.almasb.fxgl.dev.DevService
00:19:09.971 [FXGL Background Thread 3 ] DEBUG Engine               - class com.almasb.fxgl.multiplayer.MultiplayerService
00:19:14.180 [JavaFX Application Thread] DEBUG PrimaryStageWindow   - Push state: DialogSubScene
00:19:14.180 [JavaFX Application Thread] DEBUG Input                - Clearing active input actions
00:19:14.181 [JavaFX Application Thread] DEBUG GameApplicationServi - Removing overlay from GameScene and adding to DialogSubScene
00:19:14.181 [JavaFX Application Thread] DEBUG PrimaryStageWindow   - GameScene -> DialogSubScene
00:19:27.018 [JavaFX Application Thread] DEBUG PrimaryStageWindow   - Pop state: DialogSubScene
00:19:27.018 [JavaFX Application Thread] DEBUG Input                - Clearing active input actions
00:19:27.019 [JavaFX Application Thread] DEBUG GameApplicationServi - Removing overlay from DialogSubScene and adding to GameScene
00:19:27.019 [JavaFX Application Thread] DEBUG PrimaryStageWindow   - GameScene <- DialogSubScene
00:19:35.978 [JavaFX Application Thread] DEBUG PrimaryStageWindow   - Push state: DialogSubScene
00:19:35.979 [JavaFX Application Thread] DEBUG Input                - Clearing active input actions
00:19:35.979 [JavaFX Application Thread] DEBUG GameApplicationServi - Removing overlay from GameScene and adding to DialogSubScene
00:19:35.979 [JavaFX Application Thread] DEBUG PrimaryStageWindow   - GameScene -> DialogSubScene
00:19:52.001 [JavaFX Application Thread] DEBUG PrimaryStageWindow   - Pop state: DialogSubScene
00:19:52.001 [JavaFX Application Thread] DEBUG Input                - Clearing active input actions
00:19:52.002 [JavaFX Application Thread] DEBUG GameApplicationServi - Removing overlay from DialogSubScene and adding to GameScene
00:19:52.002 [JavaFX Application Thread] DEBUG PrimaryStageWindow   - GameScene <- DialogSubScene
00:19:56.506 [JavaFX Application Thread] DEBUG FXGLAssetLoaderServi - Loading from file system: file:/C:/Users/User/Documents/Millan.Luis/UNEG/Semestre%20IV/Tecnicas%20de%20Prog.%20III/Sonic-rush/target/classes/assets/textures/background/background2.png
00:19:56.710 [JavaFX Application Thread] DEBUG TMXLevelLoader       - Parsed TiledMap: file:/C:/Users/User/Documents/Millan.Luis/UNEG/Semestre%20IV/Tecnicas%20de%20Prog.%20III/Sonic-rush/target/classes/assets/levels/mapazo.tmx
00:19:56.711 [JavaFX Application Thread] DEBUG TMXLevelLoader       - Creating tile layer entities
00:19:56.713 [JavaFX Application Thread] DEBUG TilesetLoader        - Loading view for layer Capa de patrones 1
00:19:56.719 [JavaFX Application Thread] DEBUG TilesetLoader        - Created buffer with size 3840.0x720.0
00:19:56.744 [JavaFX Application Thread] DEBUG TMXLevelLoader       - Creating object layer entities
00:19:56.759 [JavaFX Application Thread] DEBUG GameWorld            - Clearing removable entities
00:19:56.761 [JavaFX Application Thread] DEBUG GameWorld            - Setting level: com.almasb.fxgl.entity.level.Level@3826c342
00:19:56.769 [ClientAsyncConnThread    ] DEBUG TCPClient            - Connecting to localhost:55555 type: class com.almasb.fxgl.core.serialization.Bundle
00:19:56.772 [ClientAsyncConnThread    ] WARN  IOTask               - ClientConnect failed
java.lang.RuntimeException: Failed to create a socket to address localhost : 55555 Error: java.net.ConnectException: Connection refused: connect
	at com.almasb.fxgl.net.tcp.TCPClient.connect(TCPClient.java:46)
	at com.almasb.fxgl.core.concurrent.IOTask.lambda$ofVoid$5(IOTask.java:184)
	at com.almasb.fxgl.core.concurrent.IOTask$2.onExecute(IOTask.java:197)
	at com.almasb.fxgl.core.concurrent.IOTask.run(IOTask.java:118)
	at java.base/java.lang.Thread.run(Thread.java:1583)
Caused by: java.net.ConnectException: Connection refused: connect
	at java.base/sun.nio.ch.Net.connect0(Native Method)
	at java.base/sun.nio.ch.Net.connect(Net.java:589)
	at java.base/sun.nio.ch.Net.connect(Net.java:578)
	at java.base/sun.nio.ch.NioSocketImpl.connect(NioSocketImpl.java:583)
	at java.base/java.net.SocksSocketImpl.connect(SocksSocketImpl.java:327)
	at java.base/java.net.Socket.connect(Socket.java:751)
	at java.base/java.net.Socket.connect(Socket.java:686)
	at java.base/java.net.Socket.<init>(Socket.java:555)
	at java.base/java.net.Socket.<init>(Socket.java:324)
	at com.almasb.fxgl.net.tcp.TCPClient.connect(TCPClient.java:41)
	... 4 more

00:19:58.225 [JavaFX Application Thread] DEBUG LoopRunner           - Stopping loop
00:19:58.238 [JavaFX Application Thread] FATAL FXGLApplication      - Uncaught Exception:
java.lang.NullPointerException: Cannot invoke "com.almasb.fxgl.net.Connection.send(Object)" because "this.this$0.conexion" is null
	at GameSettings.ClientGameApp$2.onAction(ClientGameApp.java:519)
	at com.almasb.fxgl.input.UserAction.action$fxgl_core(UserAction.kt:38)
	at com.almasb.fxgl.input.Input.update(Input.kt:288)
	at com.almasb.fxgl.scene.Scene.update(Scene.kt:103)
	at com.almasb.fxgl.app.MainWindow$update$1.invoke(MainWindow.kt:115)
	at com.almasb.fxgl.app.MainWindow$update$1.invoke(MainWindow.kt:115)
	at com.almasb.fxgl.core.fsm.StateMachine.runOnActiveStates(StateMachine.kt:69)
	at com.almasb.fxgl.app.MainWindow.update(MainWindow.kt:115)
	at com.almasb.fxgl.app.FXGLApplication$GameApplicationService.onUpdate(FXGLApplication.kt:426)
	at com.almasb.fxgl.app.Engine.loop(Engine.kt:134)
	at com.almasb.fxgl.app.Engine.access$loop(Engine.kt:24)
	at com.almasb.fxgl.app.Engine$loop$1.invoke(Engine.kt:28)
	at com.almasb.fxgl.app.Engine$loop$1.invoke(Engine.kt:28)
	at com.almasb.fxgl.app.LoopRunner.frame(LoopRunner.kt:103)
	at com.almasb.fxgl.app.LoopRunner.access$frame(LoopRunner.kt:23)
	at com.almasb.fxgl.app.LoopRunner$impl$2$1.onTick(LoopRunner.kt:57)
	at com.almasb.fxgl.app.AnimationTimerLoop$timer$1.handle(LoopRunner.kt:137)
	at javafx.animation.AnimationTimer$AnimationTimerReceiver.lambda$handle$0(AnimationTimer.java:58)
	at java.base/java.security.AccessController.doPrivileged(AccessController.java:400)
	at javafx.animation.AnimationTimer$AnimationTimerReceiver.handle(AnimationTimer.java:57)
	at com.sun.scenario.animation.AbstractPrimaryTimer.timePulseImpl(AbstractPrimaryTimer.java:356)
	at com.sun.scenario.animation.AbstractPrimaryTimer$MainLoop.run(AbstractPrimaryTimer.java:266)
	at com.sun.javafx.tk.quantum.QuantumToolkit.pulse(QuantumToolkit.java:588)
	at com.sun.javafx.tk.quantum.QuantumToolkit.pulse(QuantumToolkit.java:572)
	at com.sun.javafx.tk.quantum.QuantumToolkit.pulseFromQueue(QuantumToolkit.java:565)
	at com.sun.javafx.tk.quantum.QuantumToolkit.lambda$runToolkit$11(QuantumToolkit.java:352)
	at com.sun.glass.ui.InvokeLaterDispatcher$Future.run(InvokeLaterDispatcher.java:95)
	at com.sun.glass.ui.win.WinApplication._runLoop(Native Method)
	at com.sun.glass.ui.win.WinApplication.lambda$runLoop$3(WinApplication.java:185)
	at java.base/java.lang.Thread.run(Thread.java:1583)

00:19:58.245 [JavaFX Application Thread] FATAL FXGLApplication      - Application will now exit
00:19:58.424 [JavaFX Application Thread] DEBUG PrimaryStageWindow   - Push state: ErrorSubScene
00:19:58.424 [JavaFX Application Thread] DEBUG Input                - Clearing active input actions
00:20:07.010 [JavaFX Application Thread] DEBUG FXGLApplication      - Exiting FXGL
00:20:07.010 [JavaFX Application Thread] DEBUG Async                - Shutting down background threads
00:20:07.010 [JavaFX Application Thread] DEBUG PrimaryStageWindow   - Closing main window
00:20:07.016 [JavaFX Application Thread] DEBUG Logger               - Closing Logger
