18:00:43.541 [main                     ] DEBUG Logger               - Configured Logger
18:00:43.573 [main                     ] DEBUG GameApplication      - Logging settings
Title: Server
Version: 0.0
Width: 800
Height: 500
Fullscreen: false
Intro: false
Profiling: false
Single step:false
App Mode: DEVELOPER
Menu Key: ESCAPE
Stage Style: DECORATED
Scene Factory: class com.almasb.fxgl.app.scene.SceneFactory

18:00:44.045 [JavaFX Application Thread] DEBUG FXGLApplication      - Initializing FXGL
18:00:44.049 [JavaFX Application Thread] INFO  Engine               - FXGL-17.3 (30.03.2023 11.49) on WINDOWS (J:21.0.2 FX:20)
18:00:44.050 [JavaFX Application Thread] DEBUG Engine               - JRE Vendor Name: Oracle Corporation
18:00:44.050 [JavaFX Application Thread] DEBUG Engine               - Running on OS: Windows 10 version 10.0
18:00:44.050 [JavaFX Application Thread] DEBUG Engine               - Architecture: amd64
18:00:44.050 [JavaFX Application Thread] INFO  Engine               - Source code and latest versions at: https://github.com/AlmasB/FXGL
18:00:44.050 [JavaFX Application Thread] INFO  Engine               -       Ask questions and discuss at: https://github.com/AlmasB/FXGL/discussions
18:00:44.051 [JavaFX Application Thread] INFO  Engine               -              Join the FXGL chat at: https://gitter.im/AlmasB/FXGL
18:00:44.208 [JavaFX Application Thread] DEBUG PrimaryStageWindow   - Creating a JavaFX scene
18:00:44.270 [JavaFX Application Thread] DEBUG PrimaryStageWindow   - Target settings size: 800.0 x 500.0
18:00:44.271 [JavaFX Application Thread] DEBUG PrimaryStageWindow   - Scaled scene size:    800.0 x 500.0
18:00:44.271 [JavaFX Application Thread] DEBUG PrimaryStageWindow   - Scaled ratio: (1.0, 1.0)
18:00:44.272 [JavaFX Application Thread] DEBUG PrimaryStageWindow   - Set initial scene to FXGLStartupScene
18:00:44.276 [JavaFX Application Thread] DEBUG PrimaryStageWindow   - Opening main window
18:00:44.369 [JavaFX Application Thread] DEBUG PrimaryStageWindow   - Window border size: (16.0, 39.0)
18:00:44.369 [JavaFX Application Thread] DEBUG PrimaryStageWindow   - Scaled size: 800.0 x 500.0
18:00:44.370 [JavaFX Application Thread] DEBUG PrimaryStageWindow   - Scaled ratio: (1.0, 1.0)
18:00:44.370 [JavaFX Application Thread] DEBUG PrimaryStageWindow   - Scene size: 800.0 x 500.0
18:00:44.370 [JavaFX Application Thread] DEBUG PrimaryStageWindow   - Stage size: 816.0 x 539.0
18:00:44.380 [FXGL Background Thread 1 ] DEBUG Engine               - Initializing environment variables
18:00:44.510 [FXGL Background Thread 1 ] DEBUG FXGLAssetLoaderServi - User app class for loading assets: class Runner.ServerRunner
18:00:44.510 [FXGL Background Thread 1 ] DEBUG GameApplicationServi - Applying CSS: fxgl_dark.css
18:00:44.512 [FXGL Background Thread 1 ] DEBUG FXGLAssetLoaderServi - Loading from file system: jar:file:/C:/Users/User/.m2/repository/com/github/almasb/fxgl/17.3/fxgl-17.3.jar!/fxglassets/ui/css/fxgl_dark.css
18:00:44.651 [FXGL Background Thread 1 ] DEBUG GameApplicationServi - Initializing application scenes
18:00:44.804 [FXGL Background Thread 1 ] DEBUG GameWorld            - Game world initialized
18:00:44.922 [FXGL Background Thread 1 ] DEBUG PhysicsWorld         - Physics world initialized: appHeight=500, physics.ppm=50,0
18:00:44.922 [FXGL Background Thread 1 ] DEBUG PhysicsWorld         - Using strategy: BRUTE_FORCE
18:00:44.929 [FXGL Background Thread 1 ] DEBUG GameScene            - Game scene initialized: 800x500
18:00:44.952 [FXGL Background Thread 1 ] WARN  FXGL.DefaultMenu     - FXGLDefaultMenu is not designed for resolutions < 800x600
18:00:44.953 [FXGL Background Thread 1 ] DEBUG FXGL.DefaultMenu     - createMenuBodyGameMenu()
18:00:45.020 [FXGL Background Thread 1 ] DEBUG FXGL.DefaultMenu     - createOptionsMenu()
18:00:45.084 [FXGL Background Thread 1 ] DEBUG FXGLAssetLoaderServi - Loading from file system: jar:file:/C:/Users/User/.m2/repository/com/github/almasb/fxgl/17.3/fxgl-17.3.jar!/fxglassets/textures/particles/smoke.png
18:00:45.261 [FXGL Background Thread 1 ] DEBUG FXGLAssetLoaderServi - Loading from file system: jar:file:/C:/Users/User/.m2/repository/com/github/almasb/fxgl/17.3/fxgl-17.3.jar!/fxglassets/textures/particles/trace_horizontal.png
18:00:45.300 [FXGL Background Thread 1 ] DEBUG GameApplicationServi - Application scenes initialized
18:00:45.321 [FXGL Background Thread 1 ] DEBUG SystemBundleService  - Loading FXGL system data
18:00:45.336 [FXGL Background Thread 1 ] DEBUG FileSystemAccess     - Reading from: C:\Users\User\Documents\GitHub\Sonic-rush\system\fxgl.bundle
18:00:45.352 [FXGL Background Thread 1 ] DEBUG SystemBundleService  - Bundle FXGL: {}
18:00:45.352 [FXGL Background Thread 1 ] DEBUG UpdaterService       - Checking for updates
18:00:45.358 [FXGL Background Thread 1 ] DEBUG FXGLApplication      - Loading default localization
18:00:45.360 [FXGL Background Thread 1 ] DEBUG FXGLAssetLoaderServi - Loading from file system: jar:file:/C:/Users/User/.m2/repository/com/github/almasb/fxgl/17.3/fxgl-17.3.jar!/fxglassets/languages/english.lang
18:00:45.373 [FXGL Background Thread 4 ] DEBUG FXGLApplication      - Loading fonts
18:00:45.374 [FXGL Background Thread 4 ] DEBUG FXGLAssetLoaderServi - Loading from file system: jar:file:/C:/Users/User/.m2/repository/com/github/almasb/fxgl/17.3/fxgl-17.3.jar!/fxglassets/ui/fonts/VarelaRound-Regular.ttf
18:00:45.389 [FXGL Background Thread 1 ] INFO  FXGLApplication      - FXGL initialization took: 1,009 sec
18:00:45.422 [FXGL Background Thread 4 ] DEBUG FXGLAssetLoaderServi - Loading from file system: jar:file:/C:/Users/User/.m2/repository/com/github/almasb/fxgl/17.3/fxgl-17.3.jar!/fxglassets/ui/fonts/Abel-Regular.ttf
18:00:45.442 [JavaFX Application Thread] DEBUG FXGLAssetLoaderServi - Loading from file system: jar:file:/C:/Users/User/.m2/repository/com/github/almasb/fxgl/17.3/fxgl-17.3.jar!/fxglassets/textures/fxgl_icon.png
18:00:45.479 [JavaFX Application Thread] DEBUG FXGLAssetLoaderServi - Loading from file system: jar:file:/C:/Users/User/.m2/repository/com/github/almasb/fxgl/17.3/fxgl-17.3.jar!/fxglassets/textures/fxgl_default_cursor.png
18:00:45.490 [JavaFX Application Thread] DEBUG Input                - Registered new binding: Screenshot - CTRL+8
18:00:45.491 [JavaFX Application Thread] DEBUG Input                - Registered new binding: System info dump - CTRL+9
18:00:45.491 [JavaFX Application Thread] DEBUG Input                - Registered new binding: Restart - CTRL+R
18:00:45.492 [JavaFX Application Thread] DEBUG Input                - Registered new binding: Toggle Debug Camera - CTRL+7
18:00:45.498 [JavaFX Application Thread] DEBUG LoopRunner           - Starting loop
18:00:45.498 [JavaFX Application Thread] DEBUG LoopRunner           - Initializing JavaFX AnimationTimerLoop
18:00:45.499 [JavaFX Application Thread] DEBUG GameApplicationServi - Starting new game
18:00:45.500 [JavaFX Application Thread] DEBUG Input                - Clearing active input actions
18:00:45.523 [JavaFX Application Thread] DEBUG GameApplicationServi - Removing overlay from FXGLStartupScene and adding to FXGLLoadingScene
18:00:45.524 [JavaFX Application Thread] DEBUG PrimaryStageWindow   - FXGLStartupScene -> FXGLLoadingScene
18:00:45.524 [JavaFX Application Thread] DEBUG GameApplicationServi - Clearing previous game
18:00:45.524 [JavaFX Application Thread] DEBUG GameScene            - Clearing game scene
18:00:45.524 [JavaFX Application Thread] DEBUG GameWorld            - Clearing game world
18:00:45.524 [JavaFX Application Thread] DEBUG PhysicsWorld         - Clearing physics world
18:00:45.525 [FXGL Background Thread 1 ] DEBUG FXGLApplication      - Initializing game
18:00:45.536 [FXGL Background Thread 4 ] DEBUG FXGLAssetLoaderServi - Loading from file system: jar:file:/C:/Users/User/.m2/repository/com/github/almasb/fxgl/17.3/fxgl-17.3.jar!/fxglassets/ui/fonts/TerminalLandMono-Regular.otf
18:00:45.616 [ServerAsyncConnThread    ] DEBUG TCPServer            - Starting to listen at: 50000 type: class com.almasb.fxgl.core.serialization.Bundle
18:00:45.652 [FXGL Background Thread 1 ] WARN  TMXLevelLoader       - TiledMap generated from 1.11.2. Supported version: 1.9.0. Some features may not be parsed fully.
18:00:45.657 [FXGL Background Thread 4 ] DEBUG FXGLAssetLoaderServi - Loading from file system: jar:file:/C:/Users/User/.m2/repository/com/github/almasb/fxgl/17.3/fxgl-17.3.jar!/fxglassets/ui/fonts/Courier-Prime.ttf
18:00:45.749 [JavaFX Application Thread] DEBUG FXGLApplication      - Registering font factories with UI factory
18:00:45.799 [FXGL Background Thread 1 ] DEBUG TMXLevelLoader       - Parsed TiledMap: file:/C:/Users/User/Documents/GitHub/Sonic-rush/target/classes/assets/levels/mapazo.tmx
18:00:45.800 [FXGL Background Thread 1 ] DEBUG TMXLevelLoader       - Creating tile layer entities
18:00:45.803 [FXGL Background Thread 1 ] DEBUG TilesetLoader        - Loading view for layer Capa de patrones 1
18:00:45.808 [FXGL Background Thread 1 ] DEBUG TilesetLoader        - Created buffer with size 3840.0x720.0
18:00:45.867 [FXGL Background Thread 1 ] DEBUG TMXLevelLoader       - Creating object layer entities
18:00:45.940 [FXGL Background Thread 1 ] DEBUG GameWorld            - Clearing removable entities
18:00:45.941 [FXGL Background Thread 1 ] DEBUG GameWorld            - Setting level: com.almasb.fxgl.entity.level.Level@7ab3fb91
18:00:45.979 [FXGL Background Thread 1 ] DEBUG FXGLAssetLoaderServi - Loading from file system: file:/C:/Users/User/Documents/GitHub/Sonic-rush/target/classes/assets/textures/Items/ring.png
18:00:46.040 [FXGL Background Thread 1 ] DEBUG FXGLAssetLoaderServi - Loading from file system: file:/C:/Users/User/Documents/GitHub/Sonic-rush/target/classes/assets/textures/Enemigos/enemigo2.png
18:00:46.058 [FXGL Background Thread 1 ] DEBUG FXGLAssetLoaderServi - Loading from file system: file:/C:/Users/User/Documents/GitHub/Sonic-rush/target/classes/assets/textures/Items/papel.png
18:00:46.063 [FXGL Background Thread 1 ] DEBUG FXGLAssetLoaderServi - Loading from file system: file:/C:/Users/User/Documents/GitHub/Sonic-rush/target/classes/assets/textures/Items/caucho.png
18:00:46.066 [FXGL Background Thread 1 ] DEBUG FXGLAssetLoaderServi - Loading from file system: file:/C:/Users/User/Documents/GitHub/Sonic-rush/target/classes/assets/textures/Items/basura.png
18:00:46.072 [FXGL Background Thread 1 ] INFO  FXGLApplication      - Game initialization took: 0,546 sec
18:00:46.302 [FXGL Background Thread 2 ] INFO  UpdaterService       - Your current version:  17.3
18:00:46.311 [FXGL Background Thread 2 ] INFO  UpdaterService       - Latest stable version: 21.1
18:00:46.314 [JavaFX Application Thread] DEBUG Input                - Clearing active input actions
18:00:46.339 [JavaFX Application Thread] DEBUG GameApplicationServi - Removing overlay from FXGLLoadingScene and adding to GameScene
18:00:46.340 [JavaFX Application Thread] DEBUG PrimaryStageWindow   - FXGLLoadingScene -> GameScene
18:00:48.357 [FXGL Background Thread 3 ] DEBUG Engine               - Logging environment variables
18:00:48.357 [FXGL Background Thread 3 ] DEBUG Engine               - achievements: []
18:00:48.357 [FXGL Background Thread 3 ] DEBUG Engine               - actualHeight: 500.0
18:00:48.358 [FXGL Background Thread 3 ] DEBUG Engine               - actualHeightProperty: ReadOnlyDoubleProperty [value: 500.0]
18:00:48.358 [FXGL Background Thread 3 ] DEBUG Engine               - actualWidth: 800.0
18:00:48.358 [FXGL Background Thread 3 ] DEBUG Engine               - actualWidthProperty: ReadOnlyDoubleProperty [value: 800.0]
18:00:48.358 [FXGL Background Thread 3 ] DEBUG Engine               - appIcon: fxgl_icon.png
18:00:48.358 [FXGL Background Thread 3 ] DEBUG Engine               - applicationMode: DEVELOPER
18:00:48.358 [FXGL Background Thread 3 ] DEBUG Engine               - cSSList: [fxgl_dark.css]
18:00:48.358 [FXGL Background Thread 3 ] DEBUG Engine               - collisionDetectionStrategy: BRUTE_FORCE
18:00:48.358 [FXGL Background Thread 3 ] DEBUG Engine               - configClass: Optional.empty
18:00:48.358 [FXGL Background Thread 3 ] DEBUG Engine               - credits: []
18:00:48.358 [FXGL Background Thread 3 ] DEBUG Engine               - defaultCursor: CursorInfo(imageName=fxgl_default_cursor.png, hotspotX=7.0, hotspotY=6.0)
18:00:48.358 [FXGL Background Thread 3 ] DEBUG Engine               - devBBoxColorProperty: ObjectProperty [value: 0xff0000ff]
18:00:48.359 [FXGL Background Thread 3 ] DEBUG Engine               - devEnableDebugCameraProperty: BooleanProperty [value: false]
18:00:48.359 [FXGL Background Thread 3 ] DEBUG Engine               - devSensorColorProperty: ObjectProperty [value: 0xffff00ff]
18:00:48.359 [FXGL Background Thread 3 ] DEBUG Engine               - devShowBBoxProperty: BooleanProperty [value: false]
18:00:48.359 [FXGL Background Thread 3 ] DEBUG Engine               - devShowPositionProperty: BooleanProperty [value: false]
18:00:48.359 [FXGL Background Thread 3 ] DEBUG Engine               - enabledMenuItems: []
18:00:48.359 [FXGL Background Thread 3 ] DEBUG Engine               - engineServices: [class com.almasb.fxgl.app.services.FXGLAssetLoaderService, class com.almasb.fxgl.app.FXGLApplication$GameApplicationService, class com.almasb.fxgl.app.services.FXGLDialogService, class com.almasb.fxgl.app.services.IOTaskExecutorService, class com.almasb.fxgl.io.FileSystemService, class com.almasb.fxgl.localization.LocalizationService, class com.almasb.fxgl.app.services.SystemBundleService, class com.almasb.fxgl.profile.SaveLoadService, class com.almasb.fxgl.ui.FXGLUIFactoryServiceProvider, class com.almasb.fxgl.ui.FXGLDialogFactoryServiceProvider, class com.almasb.fxgl.audio.AudioPlayer, class com.almasb.fxgl.notification.impl.NotificationServiceProvider, class com.almasb.fxgl.achievement.AchievementService, class com.almasb.fxgl.cutscene.CutsceneService, class com.almasb.fxgl.minigames.MiniGameService, class com.almasb.fxgl.net.NetService, class com.almasb.fxgl.app.services.UpdaterService, class com.almasb.fxgl.dev.DevService, class com.almasb.fxgl.multiplayer.MultiplayerService]
18:00:48.359 [FXGL Background Thread 3 ] DEBUG Engine               - fontGame: Abel-Regular.ttf
18:00:48.359 [FXGL Background Thread 3 ] DEBUG Engine               - fontMono: TerminalLandMono-Regular.otf
18:00:48.359 [FXGL Background Thread 3 ] DEBUG Engine               - fontSizeScaleUI: 1.0
18:00:48.359 [FXGL Background Thread 3 ] DEBUG Engine               - fontText: Courier-Prime.ttf
18:00:48.359 [FXGL Background Thread 3 ] DEBUG Engine               - fontUI: VarelaRound-Regular.ttf
18:00:48.359 [FXGL Background Thread 3 ] DEBUG Engine               - fullScreen: BooleanProperty [value: false]
18:00:48.359 [FXGL Background Thread 3 ] DEBUG Engine               - gameDifficulty: MEDIUM
18:00:48.359 [FXGL Background Thread 3 ] DEBUG Engine               - gameDifficultyProperty: ObjectProperty [value: MEDIUM]
18:00:48.360 [FXGL Background Thread 3 ] DEBUG Engine               - globalMusicVolume: 0.5
18:00:48.360 [FXGL Background Thread 3 ] DEBUG Engine               - globalMusicVolumeProperty: DoubleProperty [value: 0.5]
18:00:48.360 [FXGL Background Thread 3 ] DEBUG Engine               - globalSoundVolume: 0.5
18:00:48.360 [FXGL Background Thread 3 ] DEBUG Engine               - globalSoundVolumeProperty: DoubleProperty [value: 0.5]
18:00:48.360 [FXGL Background Thread 3 ] DEBUG Engine               - height: 500
18:00:48.360 [FXGL Background Thread 3 ] DEBUG Engine               - is3D: false
18:00:48.360 [FXGL Background Thread 3 ] DEBUG Engine               - isAndroid: false
18:00:48.360 [FXGL Background Thread 3 ] DEBUG Engine               - isBrowser: false
18:00:48.360 [FXGL Background Thread 3 ] DEBUG Engine               - isClickFeedbackEnabled: false
18:00:48.360 [FXGL Background Thread 3 ] DEBUG Engine               - isCloseConfirmation: false
18:00:48.360 [FXGL Background Thread 3 ] DEBUG Engine               - isDesktop: true
18:00:48.361 [FXGL Background Thread 3 ] DEBUG Engine               - isDeveloperMenuEnabled: false
18:00:48.361 [FXGL Background Thread 3 ] DEBUG Engine               - isEmbedded: false
18:00:48.361 [FXGL Background Thread 3 ] DEBUG Engine               - isEntityPreloadEnabled: true
18:00:48.361 [FXGL Background Thread 3 ] DEBUG Engine               - isExperimentalTiledLargeMap: false
18:00:48.361 [FXGL Background Thread 3 ] DEBUG Engine               - isFileSystemWriteAllowed: true
18:00:48.361 [FXGL Background Thread 3 ] DEBUG Engine               - isFullScreenAllowed: false
18:00:48.361 [FXGL Background Thread 3 ] DEBUG Engine               - isFullScreenFromStart: false
18:00:48.361 [FXGL Background Thread 3 ] DEBUG Engine               - isGameMenuEnabled: true
18:00:48.361 [FXGL Background Thread 3 ] DEBUG Engine               - isIOS: false
18:00:48.361 [FXGL Background Thread 3 ] DEBUG Engine               - isIntroEnabled: false
18:00:48.361 [FXGL Background Thread 3 ] DEBUG Engine               - isLinux: false
18:00:48.361 [FXGL Background Thread 3 ] DEBUG Engine               - isMac: false
18:00:48.361 [FXGL Background Thread 3 ] DEBUG Engine               - isMainMenuEnabled: false
18:00:48.361 [FXGL Background Thread 3 ] DEBUG Engine               - isManualResizeEnabled: false
18:00:48.361 [FXGL Background Thread 3 ] DEBUG Engine               - isMobile: false
18:00:48.361 [FXGL Background Thread 3 ] DEBUG Engine               - isNative: false
18:00:48.361 [FXGL Background Thread 3 ] DEBUG Engine               - isPauseMusicWhenMinimized: true
18:00:48.361 [FXGL Background Thread 3 ] DEBUG Engine               - isPreserveResizeRatio: false
18:00:48.361 [FXGL Background Thread 3 ] DEBUG Engine               - isProfilingEnabled: false
18:00:48.361 [FXGL Background Thread 3 ] DEBUG Engine               - isScaleAffectedOnResize: true
18:00:48.361 [FXGL Background Thread 3 ] DEBUG Engine               - isSingleStep: false
18:00:48.361 [FXGL Background Thread 3 ] DEBUG Engine               - isUserProfileEnabled: false
18:00:48.362 [FXGL Background Thread 3 ] DEBUG Engine               - isWindows: true
18:00:48.362 [FXGL Background Thread 3 ] DEBUG Engine               - language: ObjectProperty [value: ENGLISH]
18:00:48.362 [FXGL Background Thread 3 ] DEBUG Engine               - menuKey: ESCAPE
18:00:48.362 [FXGL Background Thread 3 ] DEBUG Engine               - mouseSensitivity: 0.2
18:00:48.362 [FXGL Background Thread 3 ] DEBUG Engine               - notificationViewClass: class com.almasb.fxgl.notification.view.XboxNotificationView
18:00:48.362 [FXGL Background Thread 3 ] DEBUG Engine               - pixelsPerMeter: 50.0
18:00:48.362 [FXGL Background Thread 3 ] DEBUG Engine               - platform: WINDOWS
18:00:48.362 [FXGL Background Thread 3 ] DEBUG Engine               - prefHeightProperty: ReadOnlyDoubleProperty [value: 500.0]
18:00:48.362 [FXGL Background Thread 3 ] DEBUG Engine               - prefWidthProperty: ReadOnlyDoubleProperty [value: 800.0]
18:00:48.362 [FXGL Background Thread 3 ] DEBUG Engine               - profileDir: profiles/
18:00:48.362 [FXGL Background Thread 3 ] DEBUG Engine               - profileName: StringProperty [value: DEFAULT]
18:00:48.362 [FXGL Background Thread 3 ] DEBUG Engine               - randomSeed: -1
18:00:48.362 [FXGL Background Thread 3 ] DEBUG Engine               - runtimeInfo: RuntimeInfo(platform=WINDOWS, version=17.3, build=30.03.2023 11.49)
18:00:48.362 [FXGL Background Thread 3 ] DEBUG Engine               - saveFileExt: sav
18:00:48.362 [FXGL Background Thread 3 ] DEBUG Engine               - scaledHeightProp$fxgl: DoubleProperty [bound, value: 500.0]
18:00:48.363 [FXGL Background Thread 3 ] DEBUG Engine               - scaledWidthProp$fxgl: DoubleProperty [bound, value: 800.0]
18:00:48.363 [FXGL Background Thread 3 ] DEBUG Engine               - sceneFactory: com.almasb.fxgl.app.scene.SceneFactory@71fbb1c1
18:00:48.363 [FXGL Background Thread 3 ] DEBUG Engine               - secondsIn24h: 60
18:00:48.363 [FXGL Background Thread 3 ] DEBUG Engine               - soundMenuBack: menu/back.wav
18:00:48.363 [FXGL Background Thread 3 ] DEBUG Engine               - soundMenuPress: menu/press.wav
18:00:48.363 [FXGL Background Thread 3 ] DEBUG Engine               - soundMenuSelect: menu/select.wav
18:00:48.363 [FXGL Background Thread 3 ] DEBUG Engine               - soundNotification: core/notification.wav
18:00:48.363 [FXGL Background Thread 3 ] DEBUG Engine               - stageStyle: DECORATED
18:00:48.363 [FXGL Background Thread 3 ] DEBUG Engine               - supportedLanguages: [ENGLISH, FRENCH, GERMAN, HUNGARIAN, RUSSIAN]
18:00:48.363 [FXGL Background Thread 3 ] DEBUG Engine               - ticksPerSecond: -1
18:00:48.363 [FXGL Background Thread 3 ] DEBUG Engine               - title: Server
18:00:48.363 [FXGL Background Thread 3 ] DEBUG Engine               - urlGithub: https://github.com/AlmasB/FXGL
18:00:48.363 [FXGL Background Thread 3 ] DEBUG Engine               - urlLeaderboard: http://fxgl-top.herokuapp.com/
18:00:48.363 [FXGL Background Thread 3 ] DEBUG Engine               - urlPOM: https://raw.githubusercontent.com/AlmasB/FXGL/release/README.md
18:00:48.363 [FXGL Background Thread 3 ] DEBUG Engine               - userAppClass: class Runner.ServerRunner
18:00:48.363 [FXGL Background Thread 3 ] DEBUG Engine               - version: 0.0
18:00:48.363 [FXGL Background Thread 3 ] DEBUG Engine               - versionCheckDays: 7
18:00:48.363 [FXGL Background Thread 3 ] DEBUG Engine               - width: 800
18:00:48.363 [FXGL Background Thread 3 ] DEBUG Engine               - Logging services
18:00:48.363 [FXGL Background Thread 3 ] DEBUG Engine               - class com.almasb.fxgl.app.services.FXGLAssetLoaderService
18:00:48.363 [FXGL Background Thread 3 ] DEBUG Engine               - class com.almasb.fxgl.app.FXGLApplication$GameApplicationService
18:00:48.363 [FXGL Background Thread 3 ] DEBUG Engine               - class com.almasb.fxgl.app.services.FXGLDialogService
18:00:48.364 [FXGL Background Thread 3 ] DEBUG Engine               - class com.almasb.fxgl.app.services.IOTaskExecutorService
18:00:48.364 [FXGL Background Thread 3 ] DEBUG Engine               - class com.almasb.fxgl.io.FileSystemService
18:00:48.364 [FXGL Background Thread 3 ] DEBUG Engine               - class com.almasb.fxgl.localization.LocalizationService
18:00:48.364 [FXGL Background Thread 3 ] DEBUG Engine               - class com.almasb.fxgl.app.services.SystemBundleService
18:00:48.364 [FXGL Background Thread 3 ] DEBUG Engine               - class com.almasb.fxgl.profile.SaveLoadService
18:00:48.364 [FXGL Background Thread 3 ] DEBUG Engine               - class com.almasb.fxgl.ui.FXGLUIFactoryServiceProvider
18:00:48.364 [FXGL Background Thread 3 ] DEBUG Engine               - class com.almasb.fxgl.ui.FXGLDialogFactoryServiceProvider
18:00:48.364 [FXGL Background Thread 3 ] DEBUG Engine               - class com.almasb.fxgl.audio.AudioPlayer
18:00:48.364 [FXGL Background Thread 3 ] DEBUG Engine               - class com.almasb.fxgl.notification.impl.NotificationServiceProvider
18:00:48.364 [FXGL Background Thread 3 ] DEBUG Engine               - class com.almasb.fxgl.achievement.AchievementService
18:00:48.364 [FXGL Background Thread 3 ] DEBUG Engine               - class com.almasb.fxgl.cutscene.CutsceneService
18:00:48.364 [FXGL Background Thread 3 ] DEBUG Engine               - class com.almasb.fxgl.minigames.MiniGameService
18:00:48.364 [FXGL Background Thread 3 ] DEBUG Engine               - class com.almasb.fxgl.net.NetService
18:00:48.364 [FXGL Background Thread 3 ] DEBUG Engine               - class com.almasb.fxgl.app.services.UpdaterService
18:00:48.364 [FXGL Background Thread 3 ] DEBUG Engine               - class com.almasb.fxgl.dev.DevService
18:00:48.364 [FXGL Background Thread 3 ] DEBUG Engine               - class com.almasb.fxgl.multiplayer.MultiplayerService
18:00:59.254 [ServerAsyncConnThread    ] DEBUG Endpoint             - TCPServer opening new connection (1) from /192.168.56.1:60634 type: class com.almasb.fxgl.core.serialization.Bundle
18:00:59.255 [ServerAsyncConnThread    ] DEBUG Endpoint             - TCPServer successfully opened connection (1)
18:00:59.267 [TCPServer_SendThread-1   ] DEBUG Writers              - Getting TCPMessageWriter for class com.almasb.fxgl.core.serialization.Bundle
18:00:59.267 [TCPServer_RecvThread-1   ] DEBUG Readers              - Getting TCPMessageReader for class com.almasb.fxgl.core.serialization.Bundle
18:00:59.268 [TCPServer_RecvThread-1   ] DEBUG Readers              - Constructed MessageReader for class com.almasb.fxgl.core.serialization.Bundle: BundleTCPMessageReader
18:00:59.269 [TCPServer_SendThread-1   ] DEBUG Writers              - Constructed TCPMessageWriter for class com.almasb.fxgl.core.serialization.Bundle: BundleTCPMessageWriter
18:01:18.881 [TCPServer_RecvThread-1   ] DEBUG Endpoint             - Connection 1 was unexpectedly disconnected: Connection reset
18:01:18.881 [TCPServer_RecvThread-1   ] DEBUG Connection           - Closing connection 1
18:01:18.882 [TCPServer_RecvThread-1   ] DEBUG Connection           - Connection 1 was correctly closed from local endpoint.
18:01:18.882 [TCPServer_RecvThread-1   ] DEBUG Endpoint             - TCPServer connection (1) was closed
18:02:27.687 [JavaFX Application Thread] DEBUG FXGLApplication      - Exiting FXGL
18:02:27.687 [JavaFX Application Thread] DEBUG LoopRunner           - Stopping loop
18:02:27.687 [JavaFX Application Thread] DEBUG SystemBundleService  - Saving FXGL system data
18:02:27.689 [JavaFX Application Thread] DEBUG FileSystemAccess     - Writing to: C:\Users\User\Documents\GitHub\Sonic-rush\system\fxgl.bundle
18:02:27.690 [JavaFX Application Thread] DEBUG Async                - Shutting down background threads
18:02:27.690 [JavaFX Application Thread] DEBUG PrimaryStageWindow   - Closing main window
18:02:27.698 [JavaFX Application Thread] DEBUG Logger               - Closing Logger
