00:21:00.979 [main                     ] DEBUG Logger               - Configured Logger
00:21:00.996 [main                     ] DEBUG GameApplication      - Logging settings
Title: Jugador Sonic
Version: 0.0
Width: 1000
Height: 600
Fullscreen: false
Intro: false
Profiling: false
Single step:false
App Mode: DEVELOPER
Menu Key: ESCAPE
Stage Style: DECORATED
Scene Factory: class com.almasb.fxgl.app.scene.SceneFactory

00:21:01.414 [JavaFX Application Thread] DEBUG FXGLApplication      - Initializing FXGL
00:21:01.419 [JavaFX Application Thread] INFO  Engine               - FXGL-17.3 (30.03.2023 11.49) on WINDOWS (J:21.0.2 FX:20)
00:21:01.426 [JavaFX Application Thread] DEBUG Engine               - JRE Vendor Name: Oracle Corporation
00:21:01.426 [JavaFX Application Thread] DEBUG Engine               - Running on OS: Windows 10 version 10.0
00:21:01.426 [JavaFX Application Thread] DEBUG Engine               - Architecture: amd64
00:21:01.426 [JavaFX Application Thread] INFO  Engine               - Source code and latest versions at: https://github.com/AlmasB/FXGL
00:21:01.428 [JavaFX Application Thread] INFO  Engine               -       Ask questions and discuss at: https://github.com/AlmasB/FXGL/discussions
00:21:01.429 [JavaFX Application Thread] INFO  Engine               -              Join the FXGL chat at: https://gitter.im/AlmasB/FXGL
00:21:01.634 [JavaFX Application Thread] DEBUG PrimaryStageWindow   - Creating a JavaFX scene
00:21:01.709 [JavaFX Application Thread] DEBUG PrimaryStageWindow   - Target settings size: 1000.0 x 600.0
00:21:01.709 [JavaFX Application Thread] DEBUG PrimaryStageWindow   - Scaled scene size:    1000.0 x 600.0
00:21:01.709 [JavaFX Application Thread] DEBUG PrimaryStageWindow   - Scaled ratio: (1.0, 1.0)
00:21:01.711 [JavaFX Application Thread] DEBUG PrimaryStageWindow   - Set initial scene to FXGLStartupScene
00:21:01.715 [JavaFX Application Thread] DEBUG PrimaryStageWindow   - Opening main window
00:21:01.889 [JavaFX Application Thread] DEBUG PrimaryStageWindow   - Window border size: (16.0, 39.0)
00:21:01.890 [JavaFX Application Thread] DEBUG PrimaryStageWindow   - Scaled size: 1000.0 x 600.0
00:21:01.890 [JavaFX Application Thread] DEBUG PrimaryStageWindow   - Scaled ratio: (1.0, 1.0)
00:21:01.890 [JavaFX Application Thread] DEBUG PrimaryStageWindow   - Scene size: 1000.0 x 600.0
00:21:01.891 [JavaFX Application Thread] DEBUG PrimaryStageWindow   - Stage size: 1016.0 x 639.0
00:21:01.985 [FXGL Background Thread 1 ] DEBUG Engine               - Initializing environment variables
00:21:02.042 [FXGL Background Thread 1 ] DEBUG FXGLAssetLoaderServi - User app class for loading assets: class Runner.ClientRunner
00:21:02.042 [FXGL Background Thread 1 ] DEBUG GameApplicationServi - Applying CSS: fxgl_dark.css
00:21:02.043 [FXGL Background Thread 1 ] DEBUG FXGLAssetLoaderServi - Loading from file system: jar:file:/C:/Users/User/.m2/repository/com/github/almasb/fxgl/17.3/fxgl-17.3.jar!/fxglassets/ui/css/fxgl_dark.css
00:21:02.131 [FXGL Background Thread 1 ] DEBUG GameApplicationServi - Initializing application scenes
00:21:02.295 [FXGL Background Thread 1 ] DEBUG GameWorld            - Game world initialized
00:21:02.362 [FXGL Background Thread 1 ] DEBUG PhysicsWorld         - Physics world initialized: appHeight=600, physics.ppm=50,0
00:21:02.362 [FXGL Background Thread 1 ] DEBUG PhysicsWorld         - Using strategy: BRUTE_FORCE
00:21:02.366 [FXGL Background Thread 1 ] DEBUG GameScene            - Game scene initialized: 1000x600
00:21:02.381 [FXGL Background Thread 1 ] DEBUG FXGL.DefaultMenu     - createMenuBodyGameMenu()
00:21:02.401 [FXGL Background Thread 1 ] DEBUG FXGL.DefaultMenu     - createOptionsMenu()
00:21:02.414 [FXGL Background Thread 1 ] DEBUG FXGLAssetLoaderServi - Loading from file system: jar:file:/C:/Users/User/.m2/repository/com/github/almasb/fxgl/17.3/fxgl-17.3.jar!/fxglassets/textures/particles/smoke.png
00:21:02.536 [FXGL Background Thread 1 ] DEBUG FXGLAssetLoaderServi - Loading from file system: jar:file:/C:/Users/User/.m2/repository/com/github/almasb/fxgl/17.3/fxgl-17.3.jar!/fxglassets/textures/particles/trace_horizontal.png
00:21:02.573 [FXGL Background Thread 1 ] DEBUG GameApplicationServi - Application scenes initialized
00:21:02.590 [FXGL Background Thread 1 ] DEBUG SystemBundleService  - Loading FXGL system data
00:21:02.597 [FXGL Background Thread 1 ] DEBUG FileSystemAccess     - Reading from: C:\Users\User\Documents\Millan.Luis\UNEG\Semestre IV\Tecnicas de Prog. III\Sonic-rush\system\fxgl.bundle
00:21:02.608 [FXGL Background Thread 1 ] DEBUG SystemBundleService  - Bundle FXGL: {}
00:21:02.609 [FXGL Background Thread 1 ] DEBUG UpdaterService       - Checking for updates
00:21:02.615 [FXGL Background Thread 1 ] DEBUG FXGLApplication      - Loading default localization
00:21:02.617 [FXGL Background Thread 1 ] DEBUG FXGLAssetLoaderServi - Loading from file system: jar:file:/C:/Users/User/.m2/repository/com/github/almasb/fxgl/17.3/fxgl-17.3.jar!/fxglassets/languages/english.lang
00:21:02.627 [FXGL Background Thread 4 ] DEBUG FXGLApplication      - Loading fonts
00:21:02.627 [FXGL Background Thread 4 ] DEBUG FXGLAssetLoaderServi - Loading from file system: jar:file:/C:/Users/User/.m2/repository/com/github/almasb/fxgl/17.3/fxgl-17.3.jar!/fxglassets/ui/fonts/VarelaRound-Regular.ttf
00:21:02.644 [FXGL Background Thread 1 ] INFO  FXGLApplication      - FXGL initialization took: 0,658 sec
00:21:02.664 [JavaFX Application Thread] DEBUG Input                - Registered new binding: Mover a la izquierda - A
00:21:02.665 [JavaFX Application Thread] DEBUG Input                - Registered new binding: Mover a la derecha - D
00:21:02.665 [JavaFX Application Thread] DEBUG Input                - Registered new binding: Saltar - W
00:21:02.665 [JavaFX Application Thread] DEBUG Input                - Registered new binding: Interactuar - E
00:21:02.665 [JavaFX Application Thread] DEBUG Input                - Registered new binding: Transformar - P
00:21:02.665 [JavaFX Application Thread] DEBUG Input                - Registered new binding: Desactivar filtro - L
00:21:02.666 [JavaFX Application Thread] DEBUG FXGLAssetLoaderServi - Loading from file system: jar:file:/C:/Users/User/.m2/repository/com/github/almasb/fxgl/17.3/fxgl-17.3.jar!/fxglassets/textures/fxgl_icon.png
00:21:02.686 [FXGL Background Thread 4 ] DEBUG FXGLAssetLoaderServi - Loading from file system: jar:file:/C:/Users/User/.m2/repository/com/github/almasb/fxgl/17.3/fxgl-17.3.jar!/fxglassets/ui/fonts/Abel-Regular.ttf
00:21:02.689 [FXGL Background Thread 4 ] DEBUG FXGLAssetLoaderServi - Loading from file system: jar:file:/C:/Users/User/.m2/repository/com/github/almasb/fxgl/17.3/fxgl-17.3.jar!/fxglassets/ui/fonts/TerminalLandMono-Regular.otf
00:21:02.694 [FXGL Background Thread 4 ] DEBUG FXGLAssetLoaderServi - Loading from file system: jar:file:/C:/Users/User/.m2/repository/com/github/almasb/fxgl/17.3/fxgl-17.3.jar!/fxglassets/ui/fonts/Courier-Prime.ttf
00:21:02.694 [JavaFX Application Thread] DEBUG FXGLAssetLoaderServi - Loading from file system: jar:file:/C:/Users/User/.m2/repository/com/github/almasb/fxgl/17.3/fxgl-17.3.jar!/fxglassets/textures/fxgl_default_cursor.png
00:21:02.696 [JavaFX Application Thread] DEBUG Input                - Registered new binding: Screenshot - CTRL+8
00:21:02.697 [JavaFX Application Thread] DEBUG Input                - Registered new binding: System info dump - CTRL+9
00:21:02.697 [JavaFX Application Thread] DEBUG Input                - Registered new binding: Restart - CTRL+R
00:21:02.698 [JavaFX Application Thread] DEBUG Input                - Registered new binding: Toggle Debug Camera - CTRL+7
00:21:02.701 [JavaFX Application Thread] DEBUG LoopRunner           - Starting loop
00:21:02.701 [JavaFX Application Thread] DEBUG LoopRunner           - Initializing JavaFX AnimationTimerLoop
00:21:02.702 [JavaFX Application Thread] DEBUG GameApplicationServi - Starting new game
00:21:02.703 [JavaFX Application Thread] DEBUG Input                - Clearing active input actions
00:21:02.722 [JavaFX Application Thread] DEBUG GameApplicationServi - Removing overlay from FXGLStartupScene and adding to FXGLLoadingScene
00:21:02.722 [JavaFX Application Thread] DEBUG PrimaryStageWindow   - FXGLStartupScene -> FXGLLoadingScene
00:21:02.723 [JavaFX Application Thread] DEBUG GameApplicationServi - Clearing previous game
00:21:02.723 [JavaFX Application Thread] DEBUG GameScene            - Clearing game scene
00:21:02.723 [JavaFX Application Thread] DEBUG GameWorld            - Clearing game world
00:21:02.723 [JavaFX Application Thread] DEBUG PhysicsWorld         - Clearing physics world
00:21:02.724 [FXGL Background Thread 4 ] DEBUG FXGLApplication      - Initializing game
00:21:02.725 [JavaFX Application Thread] DEBUG FXGLApplication      - Registering font factories with UI factory
00:21:02.738 [FXGL Background Thread 4 ] DEBUG FXGLAssetLoaderServi - Loading from file system: file:/C:/Users/User/Documents/Millan.Luis/UNEG/Semestre%20IV/Tecnicas%20de%20Prog.%20III/Sonic-rush/target/classes/assets/music/OST.mp3
00:21:03.242 [FXGL Background Thread 4 ] DEBUG FXGLAssetLoaderServi - Loading from file system: file:/C:/Users/User/Documents/Millan.Luis/UNEG/Semestre%20IV/Tecnicas%20de%20Prog.%20III/Sonic-rush/target/classes/assets/textures/Enemigos/eggman.png
00:21:03.290 [FXGL Background Thread 4 ] INFO  FXGLApplication      - Game initialization took: 0,565 sec
00:21:03.295 [JavaFX Application Thread] DEBUG Input                - Clearing active input actions
00:21:03.308 [JavaFX Application Thread] DEBUG GameApplicationServi - Removing overlay from FXGLLoadingScene and adding to GameScene
00:21:03.308 [JavaFX Application Thread] DEBUG PrimaryStageWindow   - FXGLLoadingScene -> GameScene
00:21:03.507 [FXGL Background Thread 2 ] INFO  UpdaterService       - Your current version:  17.3
00:21:03.518 [FXGL Background Thread 2 ] INFO  UpdaterService       - Latest stable version: 21.1
00:21:05.613 [FXGL Background Thread 3 ] DEBUG Engine               - Logging environment variables
00:21:05.615 [FXGL Background Thread 3 ] DEBUG Engine               - achievements: []
00:21:05.615 [FXGL Background Thread 3 ] DEBUG Engine               - actualHeight: 600.0
00:21:05.615 [FXGL Background Thread 3 ] DEBUG Engine               - actualHeightProperty: ReadOnlyDoubleProperty [value: 600.0]
00:21:05.616 [FXGL Background Thread 3 ] DEBUG Engine               - actualWidth: 1000.0
00:21:05.616 [FXGL Background Thread 3 ] DEBUG Engine               - actualWidthProperty: ReadOnlyDoubleProperty [value: 1000.0]
00:21:05.616 [FXGL Background Thread 3 ] DEBUG Engine               - appIcon: fxgl_icon.png
00:21:05.617 [FXGL Background Thread 3 ] DEBUG Engine               - applicationMode: DEVELOPER
00:21:05.617 [FXGL Background Thread 3 ] DEBUG Engine               - cSSList: [fxgl_dark.css]
00:21:05.618 [FXGL Background Thread 3 ] DEBUG Engine               - collisionDetectionStrategy: BRUTE_FORCE
00:21:05.618 [FXGL Background Thread 3 ] DEBUG Engine               - configClass: Optional.empty
00:21:05.618 [FXGL Background Thread 3 ] DEBUG Engine               - credits: []
00:21:05.620 [FXGL Background Thread 3 ] DEBUG Engine               - defaultCursor: CursorInfo(imageName=fxgl_default_cursor.png, hotspotX=7.0, hotspotY=6.0)
00:21:05.620 [FXGL Background Thread 3 ] DEBUG Engine               - devBBoxColorProperty: ObjectProperty [value: 0xff0000ff]
00:21:05.621 [FXGL Background Thread 3 ] DEBUG Engine               - devEnableDebugCameraProperty: BooleanProperty [value: false]
00:21:05.621 [FXGL Background Thread 3 ] DEBUG Engine               - devSensorColorProperty: ObjectProperty [value: 0xffff00ff]
00:21:05.621 [FXGL Background Thread 3 ] DEBUG Engine               - devShowBBoxProperty: BooleanProperty [value: false]
00:21:05.622 [FXGL Background Thread 3 ] DEBUG Engine               - devShowPositionProperty: BooleanProperty [value: false]
00:21:05.622 [FXGL Background Thread 3 ] DEBUG Engine               - enabledMenuItems: []
00:21:05.622 [FXGL Background Thread 3 ] DEBUG Engine               - engineServices: [class com.almasb.fxgl.app.services.FXGLAssetLoaderService, class com.almasb.fxgl.app.FXGLApplication$GameApplicationService, class com.almasb.fxgl.app.services.FXGLDialogService, class com.almasb.fxgl.app.services.IOTaskExecutorService, class com.almasb.fxgl.io.FileSystemService, class com.almasb.fxgl.localization.LocalizationService, class com.almasb.fxgl.app.services.SystemBundleService, class com.almasb.fxgl.profile.SaveLoadService, class com.almasb.fxgl.ui.FXGLUIFactoryServiceProvider, class com.almasb.fxgl.ui.FXGLDialogFactoryServiceProvider, class com.almasb.fxgl.audio.AudioPlayer, class com.almasb.fxgl.notification.impl.NotificationServiceProvider, class com.almasb.fxgl.achievement.AchievementService, class com.almasb.fxgl.cutscene.CutsceneService, class com.almasb.fxgl.minigames.MiniGameService, class com.almasb.fxgl.net.NetService, class com.almasb.fxgl.app.services.UpdaterService, class com.almasb.fxgl.dev.DevService, class com.almasb.fxgl.multiplayer.MultiplayerService]
00:21:05.622 [FXGL Background Thread 3 ] DEBUG Engine               - fontGame: Abel-Regular.ttf
00:21:05.623 [FXGL Background Thread 3 ] DEBUG Engine               - fontMono: TerminalLandMono-Regular.otf
00:21:05.623 [FXGL Background Thread 3 ] DEBUG Engine               - fontSizeScaleUI: 1.0
00:21:05.623 [FXGL Background Thread 3 ] DEBUG Engine               - fontText: Courier-Prime.ttf
00:21:05.623 [FXGL Background Thread 3 ] DEBUG Engine               - fontUI: VarelaRound-Regular.ttf
00:21:05.624 [FXGL Background Thread 3 ] DEBUG Engine               - fullScreen: BooleanProperty [value: false]
00:21:05.624 [FXGL Background Thread 3 ] DEBUG Engine               - gameDifficulty: MEDIUM
00:21:05.624 [FXGL Background Thread 3 ] DEBUG Engine               - gameDifficultyProperty: ObjectProperty [value: MEDIUM]
00:21:05.624 [FXGL Background Thread 3 ] DEBUG Engine               - globalMusicVolume: 0.5
00:21:05.625 [FXGL Background Thread 3 ] DEBUG Engine               - globalMusicVolumeProperty: DoubleProperty [value: 0.5]
00:21:05.625 [FXGL Background Thread 3 ] DEBUG Engine               - globalSoundVolume: 0.5
00:21:05.625 [FXGL Background Thread 3 ] DEBUG Engine               - globalSoundVolumeProperty: DoubleProperty [value: 0.5]
00:21:05.625 [FXGL Background Thread 3 ] DEBUG Engine               - height: 600
00:21:05.626 [FXGL Background Thread 3 ] DEBUG Engine               - is3D: false
00:21:05.626 [FXGL Background Thread 3 ] DEBUG Engine               - isAndroid: false
00:21:05.626 [FXGL Background Thread 3 ] DEBUG Engine               - isBrowser: false
00:21:05.626 [FXGL Background Thread 3 ] DEBUG Engine               - isClickFeedbackEnabled: false
00:21:05.627 [FXGL Background Thread 3 ] DEBUG Engine               - isCloseConfirmation: false
00:21:05.627 [FXGL Background Thread 3 ] DEBUG Engine               - isDesktop: true
00:21:05.627 [FXGL Background Thread 3 ] DEBUG Engine               - isDeveloperMenuEnabled: false
00:21:05.627 [FXGL Background Thread 3 ] DEBUG Engine               - isEmbedded: false
00:21:05.628 [FXGL Background Thread 3 ] DEBUG Engine               - isEntityPreloadEnabled: true
00:21:05.628 [FXGL Background Thread 3 ] DEBUG Engine               - isExperimentalTiledLargeMap: false
00:21:05.628 [FXGL Background Thread 3 ] DEBUG Engine               - isFileSystemWriteAllowed: true
00:21:05.628 [FXGL Background Thread 3 ] DEBUG Engine               - isFullScreenAllowed: false
00:21:05.628 [FXGL Background Thread 3 ] DEBUG Engine               - isFullScreenFromStart: false
00:21:05.629 [FXGL Background Thread 3 ] DEBUG Engine               - isGameMenuEnabled: true
00:21:05.629 [FXGL Background Thread 3 ] DEBUG Engine               - isIOS: false
00:21:05.629 [FXGL Background Thread 3 ] DEBUG Engine               - isIntroEnabled: false
00:21:05.629 [FXGL Background Thread 3 ] DEBUG Engine               - isLinux: false
00:21:05.630 [FXGL Background Thread 3 ] DEBUG Engine               - isMac: false
00:21:05.630 [FXGL Background Thread 3 ] DEBUG Engine               - isMainMenuEnabled: false
00:21:05.630 [FXGL Background Thread 3 ] DEBUG Engine               - isManualResizeEnabled: false
00:21:05.630 [FXGL Background Thread 3 ] DEBUG Engine               - isMobile: false
00:21:05.630 [FXGL Background Thread 3 ] DEBUG Engine               - isNative: false
00:21:05.630 [FXGL Background Thread 3 ] DEBUG Engine               - isPauseMusicWhenMinimized: true
00:21:05.630 [FXGL Background Thread 3 ] DEBUG Engine               - isPreserveResizeRatio: false
00:21:05.630 [FXGL Background Thread 3 ] DEBUG Engine               - isProfilingEnabled: false
00:21:05.630 [FXGL Background Thread 3 ] DEBUG Engine               - isScaleAffectedOnResize: true
00:21:05.630 [FXGL Background Thread 3 ] DEBUG Engine               - isSingleStep: false
00:21:05.630 [FXGL Background Thread 3 ] DEBUG Engine               - isUserProfileEnabled: false
00:21:05.631 [FXGL Background Thread 3 ] DEBUG Engine               - isWindows: true
00:21:05.631 [FXGL Background Thread 3 ] DEBUG Engine               - language: ObjectProperty [value: ENGLISH]
00:21:05.631 [FXGL Background Thread 3 ] DEBUG Engine               - menuKey: ESCAPE
00:21:05.631 [FXGL Background Thread 3 ] DEBUG Engine               - mouseSensitivity: 0.2
00:21:05.631 [FXGL Background Thread 3 ] DEBUG Engine               - notificationViewClass: class com.almasb.fxgl.notification.view.XboxNotificationView
00:21:05.631 [FXGL Background Thread 3 ] DEBUG Engine               - pixelsPerMeter: 50.0
00:21:05.631 [FXGL Background Thread 3 ] DEBUG Engine               - platform: WINDOWS
00:21:05.631 [FXGL Background Thread 3 ] DEBUG Engine               - prefHeightProperty: ReadOnlyDoubleProperty [value: 600.0]
00:21:05.631 [FXGL Background Thread 3 ] DEBUG Engine               - prefWidthProperty: ReadOnlyDoubleProperty [value: 1000.0]
00:21:05.631 [FXGL Background Thread 3 ] DEBUG Engine               - profileDir: profiles/
00:21:05.631 [FXGL Background Thread 3 ] DEBUG Engine               - profileName: StringProperty [value: DEFAULT]
00:21:05.632 [FXGL Background Thread 3 ] DEBUG Engine               - randomSeed: -1
00:21:05.632 [FXGL Background Thread 3 ] DEBUG Engine               - runtimeInfo: RuntimeInfo(platform=WINDOWS, version=17.3, build=30.03.2023 11.49)
00:21:05.632 [FXGL Background Thread 3 ] DEBUG Engine               - saveFileExt: sav
00:21:05.632 [FXGL Background Thread 3 ] DEBUG Engine               - scaledHeightProp$fxgl: DoubleProperty [bound, value: 600.0]
00:21:05.632 [FXGL Background Thread 3 ] DEBUG Engine               - scaledWidthProp$fxgl: DoubleProperty [bound, value: 1000.0]
00:21:05.633 [FXGL Background Thread 3 ] DEBUG Engine               - sceneFactory: com.almasb.fxgl.app.scene.SceneFactory@7aa92cb3
00:21:05.633 [FXGL Background Thread 3 ] DEBUG Engine               - secondsIn24h: 60
00:21:05.633 [FXGL Background Thread 3 ] DEBUG Engine               - soundMenuBack: menu/back.wav
00:21:05.633 [FXGL Background Thread 3 ] DEBUG Engine               - soundMenuPress: menu/press.wav
00:21:05.634 [FXGL Background Thread 3 ] DEBUG Engine               - soundMenuSelect: menu/select.wav
00:21:05.634 [FXGL Background Thread 3 ] DEBUG Engine               - soundNotification: core/notification.wav
00:21:05.634 [FXGL Background Thread 3 ] DEBUG Engine               - stageStyle: DECORATED
00:21:05.634 [FXGL Background Thread 3 ] DEBUG Engine               - supportedLanguages: [ENGLISH, FRENCH, GERMAN, HUNGARIAN, RUSSIAN]
00:21:05.634 [FXGL Background Thread 3 ] DEBUG Engine               - ticksPerSecond: -1
00:21:05.634 [FXGL Background Thread 3 ] DEBUG Engine               - title: Jugador Sonic
00:21:05.634 [FXGL Background Thread 3 ] DEBUG Engine               - urlGithub: https://github.com/AlmasB/FXGL
00:21:05.634 [FXGL Background Thread 3 ] DEBUG Engine               - urlLeaderboard: http://fxgl-top.herokuapp.com/
00:21:05.635 [FXGL Background Thread 3 ] DEBUG Engine               - urlPOM: https://raw.githubusercontent.com/AlmasB/FXGL/release/README.md
00:21:05.635 [FXGL Background Thread 3 ] DEBUG Engine               - userAppClass: class Runner.ClientRunner
00:21:05.635 [FXGL Background Thread 3 ] DEBUG Engine               - version: 0.0
00:21:05.635 [FXGL Background Thread 3 ] DEBUG Engine               - versionCheckDays: 7
00:21:05.635 [FXGL Background Thread 3 ] DEBUG Engine               - width: 1000
00:21:05.635 [FXGL Background Thread 3 ] DEBUG Engine               - Logging services
00:21:05.635 [FXGL Background Thread 3 ] DEBUG Engine               - class com.almasb.fxgl.app.services.FXGLAssetLoaderService
00:21:05.635 [FXGL Background Thread 3 ] DEBUG Engine               - class com.almasb.fxgl.app.FXGLApplication$GameApplicationService
00:21:05.635 [FXGL Background Thread 3 ] DEBUG Engine               - class com.almasb.fxgl.app.services.FXGLDialogService
00:21:05.635 [FXGL Background Thread 3 ] DEBUG Engine               - class com.almasb.fxgl.app.services.IOTaskExecutorService
00:21:05.635 [FXGL Background Thread 3 ] DEBUG Engine               - class com.almasb.fxgl.io.FileSystemService
00:21:05.635 [FXGL Background Thread 3 ] DEBUG Engine               - class com.almasb.fxgl.localization.LocalizationService
00:21:05.635 [FXGL Background Thread 3 ] DEBUG Engine               - class com.almasb.fxgl.app.services.SystemBundleService
00:21:05.636 [FXGL Background Thread 3 ] DEBUG Engine               - class com.almasb.fxgl.profile.SaveLoadService
00:21:05.636 [FXGL Background Thread 3 ] DEBUG Engine               - class com.almasb.fxgl.ui.FXGLUIFactoryServiceProvider
00:21:05.636 [FXGL Background Thread 3 ] DEBUG Engine               - class com.almasb.fxgl.ui.FXGLDialogFactoryServiceProvider
00:21:05.636 [FXGL Background Thread 3 ] DEBUG Engine               - class com.almasb.fxgl.audio.AudioPlayer
00:21:05.636 [FXGL Background Thread 3 ] DEBUG Engine               - class com.almasb.fxgl.notification.impl.NotificationServiceProvider
00:21:05.636 [FXGL Background Thread 3 ] DEBUG Engine               - class com.almasb.fxgl.achievement.AchievementService
00:21:05.636 [FXGL Background Thread 3 ] DEBUG Engine               - class com.almasb.fxgl.cutscene.CutsceneService
00:21:05.636 [FXGL Background Thread 3 ] DEBUG Engine               - class com.almasb.fxgl.minigames.MiniGameService
00:21:05.637 [FXGL Background Thread 3 ] DEBUG Engine               - class com.almasb.fxgl.net.NetService
00:21:05.637 [FXGL Background Thread 3 ] DEBUG Engine               - class com.almasb.fxgl.app.services.UpdaterService
00:21:05.637 [FXGL Background Thread 3 ] DEBUG Engine               - class com.almasb.fxgl.dev.DevService
00:21:05.637 [FXGL Background Thread 3 ] DEBUG Engine               - class com.almasb.fxgl.multiplayer.MultiplayerService
00:21:09.388 [JavaFX Application Thread] DEBUG PrimaryStageWindow   - Push state: DialogSubScene
00:21:09.388 [JavaFX Application Thread] DEBUG Input                - Clearing active input actions
00:21:09.388 [JavaFX Application Thread] DEBUG GameApplicationServi - Removing overlay from GameScene and adding to DialogSubScene
00:21:09.389 [JavaFX Application Thread] DEBUG PrimaryStageWindow   - GameScene -> DialogSubScene
00:21:11.490 [JavaFX Application Thread] DEBUG PrimaryStageWindow   - Pop state: DialogSubScene
00:21:11.490 [JavaFX Application Thread] DEBUG Input                - Clearing active input actions
00:21:11.491 [JavaFX Application Thread] DEBUG GameApplicationServi - Removing overlay from DialogSubScene and adding to GameScene
00:21:11.491 [JavaFX Application Thread] DEBUG PrimaryStageWindow   - GameScene <- DialogSubScene
00:21:13.563 [JavaFX Application Thread] DEBUG PrimaryStageWindow   - Push state: DialogSubScene
00:21:13.563 [JavaFX Application Thread] DEBUG Input                - Clearing active input actions
00:21:13.563 [JavaFX Application Thread] DEBUG GameApplicationServi - Removing overlay from GameScene and adding to DialogSubScene
00:21:13.564 [JavaFX Application Thread] DEBUG PrimaryStageWindow   - GameScene -> DialogSubScene
00:21:18.002 [JavaFX Application Thread] DEBUG PrimaryStageWindow   - Pop state: DialogSubScene
00:21:18.002 [JavaFX Application Thread] DEBUG Input                - Clearing active input actions
00:21:18.002 [JavaFX Application Thread] DEBUG GameApplicationServi - Removing overlay from DialogSubScene and adding to GameScene
00:21:18.003 [JavaFX Application Thread] DEBUG PrimaryStageWindow   - GameScene <- DialogSubScene
00:21:21.341 [JavaFX Application Thread] DEBUG FXGLAssetLoaderServi - Loading from file system: file:/C:/Users/User/Documents/Millan.Luis/UNEG/Semestre%20IV/Tecnicas%20de%20Prog.%20III/Sonic-rush/target/classes/assets/textures/background/background2.png
00:21:21.436 [JavaFX Application Thread] DEBUG TMXLevelLoader       - Parsed TiledMap: file:/C:/Users/User/Documents/Millan.Luis/UNEG/Semestre%20IV/Tecnicas%20de%20Prog.%20III/Sonic-rush/target/classes/assets/levels/mapazo.tmx
00:21:21.437 [JavaFX Application Thread] DEBUG TMXLevelLoader       - Creating tile layer entities
00:21:21.440 [JavaFX Application Thread] DEBUG TilesetLoader        - Loading view for layer Capa de patrones 1
00:21:21.445 [JavaFX Application Thread] DEBUG TilesetLoader        - Created buffer with size 3840.0x720.0
00:21:21.482 [JavaFX Application Thread] DEBUG TMXLevelLoader       - Creating object layer entities
00:21:21.494 [JavaFX Application Thread] DEBUG GameWorld            - Clearing removable entities
00:21:21.496 [JavaFX Application Thread] DEBUG GameWorld            - Setting level: com.almasb.fxgl.entity.level.Level@164d5444
00:21:21.503 [ClientAsyncConnThread    ] DEBUG TCPClient            - Connecting to localhost:55555 type: class com.almasb.fxgl.core.serialization.Bundle
00:21:21.504 [ClientAsyncConnThread    ] DEBUG TCPClient            - Created socket to localhost:55555
00:21:21.509 [ClientAsyncConnThread    ] DEBUG Endpoint             - TCPClient opening new connection (1) from localhost/127.0.0.1:55555 type: class com.almasb.fxgl.core.serialization.Bundle
00:21:21.509 [ClientAsyncConnThread    ] DEBUG Endpoint             - TCPClient successfully opened connection (1)
00:21:21.526 [TCPClient_SendThread-1   ] DEBUG Writers              - Getting TCPMessageWriter for class com.almasb.fxgl.core.serialization.Bundle
00:21:21.528 [TCPClient_SendThread-1   ] DEBUG Writers              - Constructed TCPMessageWriter for class com.almasb.fxgl.core.serialization.Bundle: BundleTCPMessageWriter
00:21:21.549 [TCPClient_RecvThread-1   ] DEBUG Readers              - Getting TCPMessageReader for class com.almasb.fxgl.core.serialization.Bundle
00:21:21.549 [TCPClient_RecvThread-1   ] DEBUG Readers              - Constructed MessageReader for class com.almasb.fxgl.core.serialization.Bundle: BundleTCPMessageReader
00:21:21.570 [JavaFX Application Thread] DEBUG FXGLAssetLoaderServi - Loading from file system: file:/C:/Users/User/Documents/Millan.Luis/UNEG/Semestre%20IV/Tecnicas%20de%20Prog.%20III/Sonic-rush/target/classes/assets/textures/Items/ring.png
00:21:21.605 [JavaFX Application Thread] DEBUG FXGLAssetLoaderServi - Loading from file system: file:/C:/Users/User/Documents/Millan.Luis/UNEG/Semestre%20IV/Tecnicas%20de%20Prog.%20III/Sonic-rush/target/classes/assets/textures/Items/caucho.png
00:21:21.608 [JavaFX Application Thread] DEBUG FXGLAssetLoaderServi - Loading from file system: file:/C:/Users/User/Documents/Millan.Luis/UNEG/Semestre%20IV/Tecnicas%20de%20Prog.%20III/Sonic-rush/target/classes/assets/textures/Items/papel.png
00:21:21.613 [JavaFX Application Thread] DEBUG FXGLAssetLoaderServi - Loading from file system: file:/C:/Users/User/Documents/Millan.Luis/UNEG/Semestre%20IV/Tecnicas%20de%20Prog.%20III/Sonic-rush/target/classes/assets/textures/Items/basura.png
00:21:21.621 [JavaFX Application Thread] DEBUG FXGLAssetLoaderServi - Loading from file system: file:/C:/Users/User/Documents/Millan.Luis/UNEG/Semestre%20IV/Tecnicas%20de%20Prog.%20III/Sonic-rush/target/classes/assets/textures/Enemigos/enemigo.png
00:21:21.663 [JavaFX Application Thread] DEBUG FXGLAssetLoaderServi - Loading from file system: file:/C:/Users/User/Documents/Millan.Luis/UNEG/Semestre%20IV/Tecnicas%20de%20Prog.%20III/Sonic-rush/target/classes/assets/textures/Personajes/tails.png
00:21:21.665 [JavaFX Application Thread] DEBUG FXGLAssetLoaderServi - Loading from file system: file:/C:/Users/User/Documents/Millan.Luis/UNEG/Semestre%20IV/Tecnicas%20de%20Prog.%20III/Sonic-rush/target/classes/assets/textures/Personajes/tails_Salta.png
00:21:21.665 [JavaFX Application Thread] DEBUG FXGLAssetLoaderServi - Loading from file system: file:/C:/Users/User/Documents/Millan.Luis/UNEG/Semestre%20IV/Tecnicas%20de%20Prog.%20III/Sonic-rush/target/classes/assets/textures/Personajes/tails_caminando.png
00:21:24.948 [JavaFX Application Thread] DEBUG FXGLAssetLoaderServi - Loading from file system: file:/C:/Users/User/Documents/Millan.Luis/UNEG/Semestre%20IV/Tecnicas%20de%20Prog.%20III/Sonic-rush/target/classes/assets/sounds/recoger.wav
00:21:29.076 [JavaFX Application Thread] DEBUG PrimaryStageWindow   - Push state: DialogSubScene
00:21:29.076 [JavaFX Application Thread] DEBUG Input                - Clearing active input actions
00:21:29.076 [JavaFX Application Thread] DEBUG GameApplicationServi - Removing overlay from GameScene and adding to DialogSubScene
00:21:29.076 [JavaFX Application Thread] DEBUG PrimaryStageWindow   - GameScene -> DialogSubScene
00:21:29.970 [JavaFX Application Thread] DEBUG PrimaryStageWindow   - Pop state: DialogSubScene
00:21:29.970 [JavaFX Application Thread] DEBUG Input                - Clearing active input actions
00:21:29.971 [JavaFX Application Thread] DEBUG GameApplicationServi - Removing overlay from DialogSubScene and adding to GameScene
00:21:29.971 [JavaFX Application Thread] DEBUG PrimaryStageWindow   - GameScene <- DialogSubScene
00:21:29.971 [JavaFX Application Thread] DEBUG FXGLApplication      - Exiting FXGL
00:21:29.971 [JavaFX Application Thread] DEBUG LoopRunner           - Stopping loop
00:21:29.971 [JavaFX Application Thread] DEBUG SystemBundleService  - Saving FXGL system data
00:21:29.972 [JavaFX Application Thread] DEBUG FileSystemAccess     - Writing to: C:\Users\User\Documents\Millan.Luis\UNEG\Semestre IV\Tecnicas de Prog. III\Sonic-rush\system\fxgl.bundle
00:21:29.973 [JavaFX Application Thread] DEBUG Async                - Shutting down background threads
00:21:29.973 [JavaFX Application Thread] DEBUG PrimaryStageWindow   - Closing main window
00:21:29.983 [JavaFX Application Thread] DEBUG Logger               - Closing Logger
