15:15:55.018 [main                     ] DEBUG Logger               - Configured Logger
15:15:55.081 [main                     ] DEBUG GameApplication      - Logging settings
Title: Jugador Sonic
Version: 0.0
Width: 1000
Height: 600
Fullscreen: false
Intro: false
Profiling: false
Single step:false
App Mode: DEVELOPER
Menu Key: ESCAPE
Stage Style: DECORATED
Scene Factory: class com.almasb.fxgl.app.scene.SceneFactory

15:15:59.569 [JavaFX Application Thread] DEBUG FXGLApplication      - Initializing FXGL
15:15:59.660 [JavaFX Application Thread] INFO  Engine               - FXGL-17.3 (30.03.2023 11.49) on WINDOWS (J:17.0.12 FX:20)
15:15:59.663 [JavaFX Application Thread] DEBUG Engine               - JRE Vendor Name: Oracle Corporation
15:15:59.664 [JavaFX Application Thread] DEBUG Engine               - Running on OS: Windows 10 version 10.0
15:15:59.664 [JavaFX Application Thread] DEBUG Engine               - Architecture: amd64
15:15:59.664 [JavaFX Application Thread] INFO  Engine               - Source code and latest versions at: https://github.com/AlmasB/FXGL
15:15:59.665 [JavaFX Application Thread] INFO  Engine               -       Ask questions and discuss at: https://github.com/AlmasB/FXGL/discussions
15:15:59.673 [JavaFX Application Thread] INFO  Engine               -              Join the FXGL chat at: https://gitter.im/AlmasB/FXGL
15:16:00.548 [JavaFX Application Thread] DEBUG PrimaryStageWindow   - Creating a JavaFX scene
15:16:01.143 [JavaFX Application Thread] DEBUG PrimaryStageWindow   - Target settings size: 1000.0 x 600.0
15:16:01.145 [JavaFX Application Thread] DEBUG PrimaryStageWindow   - Scaled scene size:    1000.0 x 600.0
15:16:01.145 [JavaFX Application Thread] DEBUG PrimaryStageWindow   - Scaled ratio: (1.0, 1.0)
15:16:01.161 [JavaFX Application Thread] DEBUG PrimaryStageWindow   - Set initial scene to FXGLStartupScene
15:16:01.198 [JavaFX Application Thread] DEBUG PrimaryStageWindow   - Opening main window
15:16:01.600 [JavaFX Application Thread] DEBUG PrimaryStageWindow   - Window border size: (14.4000244140625, 37.5999755859375)
15:16:01.601 [JavaFX Application Thread] DEBUG PrimaryStageWindow   - Scaled size: 1000.0 x 600.0
15:16:01.602 [JavaFX Application Thread] DEBUG PrimaryStageWindow   - Scaled ratio: (1.0, 1.0)
15:16:01.604 [JavaFX Application Thread] DEBUG PrimaryStageWindow   - Scene size: 1000.0 x 600.0
15:16:01.604 [JavaFX Application Thread] DEBUG PrimaryStageWindow   - Stage size: 1014.4000244140625 x 637.5999755859375
15:16:01.795 [FXGL Background Thread 1 ] DEBUG Engine               - Initializing environment variables
15:16:01.882 [FXGL Background Thread 1 ] DEBUG FXGLAssetLoaderServi - User app class for loading assets: class Runner.ClientRunner
15:16:01.883 [FXGL Background Thread 1 ] DEBUG GameApplicationServi - Applying CSS: fxgl_dark.css
15:16:01.884 [FXGL Background Thread 1 ] DEBUG FXGLAssetLoaderServi - Loading from file system: jar:file:/C:/Users/Owner/.m2/repository/com/github/almasb/fxgl/17.3/fxgl-17.3.jar!/fxglassets/ui/css/fxgl_dark.css
15:16:01.992 [FXGL Background Thread 1 ] DEBUG GameApplicationServi - Initializing application scenes
15:16:02.721 [FXGL Background Thread 1 ] DEBUG GameWorld            - Game world initialized
15:16:03.143 [FXGL Background Thread 1 ] DEBUG PhysicsWorld         - Physics world initialized: appHeight=600, physics.ppm=50.0
15:16:03.144 [FXGL Background Thread 1 ] DEBUG PhysicsWorld         - Using strategy: BRUTE_FORCE
15:16:03.167 [FXGL Background Thread 1 ] DEBUG GameScene            - Game scene initialized: 1000x600
15:16:03.289 [FXGL Background Thread 1 ] DEBUG FXGL.DefaultMenu     - createMenuBodyGameMenu()
15:16:03.442 [FXGL Background Thread 1 ] DEBUG FXGL.DefaultMenu     - createOptionsMenu()
15:16:03.527 [FXGL Background Thread 1 ] DEBUG FXGLAssetLoaderServi - Loading from file system: jar:file:/C:/Users/Owner/.m2/repository/com/github/almasb/fxgl/17.3/fxgl-17.3.jar!/fxglassets/textures/particles/smoke.png
15:16:03.873 [FXGL Background Thread 1 ] DEBUG FXGLAssetLoaderServi - Loading from file system: jar:file:/C:/Users/Owner/.m2/repository/com/github/almasb/fxgl/17.3/fxgl-17.3.jar!/fxglassets/textures/particles/trace_horizontal.png
15:16:03.967 [FXGL Background Thread 1 ] DEBUG GameApplicationServi - Application scenes initialized
15:16:04.017 [FXGL Background Thread 1 ] DEBUG SystemBundleService  - Loading FXGL system data
15:16:04.045 [FXGL Background Thread 1 ] DEBUG FileSystemAccess     - Reading from: C:\Users\Owner\Desktop\Sonic-rush\system\fxgl.bundle
15:16:04.063 [FXGL Background Thread 1 ] DEBUG SystemBundleService  - Bundle FXGL: {}
15:16:04.063 [FXGL Background Thread 1 ] DEBUG UpdaterService       - Checking for updates
15:16:04.075 [FXGL Background Thread 1 ] DEBUG FXGLApplication      - Loading default localization
15:16:04.076 [FXGL Background Thread 1 ] DEBUG FXGLAssetLoaderServi - Loading from file system: jar:file:/C:/Users/Owner/.m2/repository/com/github/almasb/fxgl/17.3/fxgl-17.3.jar!/fxglassets/languages/english.lang
15:16:04.107 [FXGL Background Thread 1 ] INFO  FXGLApplication      - FXGL initialization took: 2.311 sec
15:16:04.166 [FXGL Background Thread 4 ] DEBUG FXGLApplication      - Loading fonts
15:16:04.166 [FXGL Background Thread 4 ] DEBUG FXGLAssetLoaderServi - Loading from file system: jar:file:/C:/Users/Owner/.m2/repository/com/github/almasb/fxgl/17.3/fxgl-17.3.jar!/fxglassets/ui/fonts/VarelaRound-Regular.ttf
15:16:04.185 [JavaFX Application Thread] DEBUG Input                - Registered new binding: Mover a la izquierda - A
15:16:04.186 [JavaFX Application Thread] DEBUG Input                - Registered new binding: Mover a la derecha - D
15:16:04.187 [JavaFX Application Thread] DEBUG Input                - Registered new binding: Saltar - W
15:16:04.187 [JavaFX Application Thread] DEBUG Input                - Registered new binding: Interactuar - E
15:16:04.188 [JavaFX Application Thread] DEBUG Input                - Registered new binding: Transformar - P
15:16:04.189 [JavaFX Application Thread] DEBUG Input                - Registered new binding: Desactivar filtro - L
15:16:04.190 [JavaFX Application Thread] DEBUG FXGLAssetLoaderServi - Loading from file system: jar:file:/C:/Users/Owner/.m2/repository/com/github/almasb/fxgl/17.3/fxgl-17.3.jar!/fxglassets/textures/fxgl_icon.png
15:16:04.239 [JavaFX Application Thread] DEBUG FXGLAssetLoaderServi - Loading from file system: jar:file:/C:/Users/Owner/.m2/repository/com/github/almasb/fxgl/17.3/fxgl-17.3.jar!/fxglassets/textures/fxgl_default_cursor.png
15:16:04.259 [JavaFX Application Thread] DEBUG Input                - Registered new binding: Screenshot - CTRL+8
15:16:04.260 [JavaFX Application Thread] DEBUG Input                - Registered new binding: System info dump - CTRL+9
15:16:04.261 [JavaFX Application Thread] DEBUG Input                - Registered new binding: Restart - CTRL+R
15:16:04.262 [JavaFX Application Thread] DEBUG Input                - Registered new binding: Toggle Debug Camera - CTRL+7
15:16:04.266 [JavaFX Application Thread] DEBUG LoopRunner           - Starting loop
15:16:04.266 [JavaFX Application Thread] DEBUG LoopRunner           - Initializing JavaFX AnimationTimerLoop
15:16:04.269 [JavaFX Application Thread] DEBUG GameApplicationServi - Starting new game
15:16:04.271 [JavaFX Application Thread] DEBUG Input                - Clearing active input actions
15:16:04.297 [JavaFX Application Thread] DEBUG GameApplicationServi - Removing overlay from FXGLStartupScene and adding to FXGLLoadingScene
15:16:04.298 [JavaFX Application Thread] DEBUG PrimaryStageWindow   - FXGLStartupScene -> FXGLLoadingScene
15:16:04.298 [JavaFX Application Thread] DEBUG GameApplicationServi - Clearing previous game
15:16:04.298 [JavaFX Application Thread] DEBUG GameScene            - Clearing game scene
15:16:04.298 [JavaFX Application Thread] DEBUG GameWorld            - Clearing game world
15:16:04.298 [JavaFX Application Thread] DEBUG PhysicsWorld         - Clearing physics world
15:16:04.303 [FXGL Background Thread 1 ] DEBUG FXGLApplication      - Initializing game
15:16:04.359 [FXGL Background Thread 1 ] DEBUG FXGLAssetLoaderServi - Loading from file system: file:/C:/Users/Owner/Desktop/Sonic-rush/target/classes/assets/music/OST2.mp3
15:16:04.928 [FXGL Background Thread 4 ] DEBUG FXGLAssetLoaderServi - Loading from file system: jar:file:/C:/Users/Owner/.m2/repository/com/github/almasb/fxgl/17.3/fxgl-17.3.jar!/fxglassets/ui/fonts/Abel-Regular.ttf
15:16:04.932 [FXGL Background Thread 4 ] DEBUG FXGLAssetLoaderServi - Loading from file system: jar:file:/C:/Users/Owner/.m2/repository/com/github/almasb/fxgl/17.3/fxgl-17.3.jar!/fxglassets/ui/fonts/TerminalLandMono-Regular.otf
15:16:04.943 [FXGL Background Thread 4 ] DEBUG FXGLAssetLoaderServi - Loading from file system: jar:file:/C:/Users/Owner/.m2/repository/com/github/almasb/fxgl/17.3/fxgl-17.3.jar!/fxglassets/ui/fonts/Courier-Prime.ttf
15:16:05.103 [JavaFX Application Thread] DEBUG FXGLApplication      - Registering font factories with UI factory
15:16:06.129 [FXGL Background Thread 2 ] INFO  UpdaterService       - Your current version:  17.3
15:16:06.341 [FXGL Background Thread 2 ] INFO  UpdaterService       - Latest stable version: 21.1
15:16:07.070 [FXGL Background Thread 3 ] DEBUG Engine               - Logging environment variables
15:16:07.073 [FXGL Background Thread 3 ] DEBUG Engine               - achievements: []
15:16:07.075 [FXGL Background Thread 3 ] DEBUG Engine               - actualHeight: 600.0
15:16:07.077 [FXGL Background Thread 3 ] DEBUG Engine               - actualHeightProperty: ReadOnlyDoubleProperty [value: 600.0]
15:16:07.078 [FXGL Background Thread 3 ] DEBUG Engine               - actualWidth: 1000.0
15:16:07.078 [FXGL Background Thread 3 ] DEBUG Engine               - actualWidthProperty: ReadOnlyDoubleProperty [value: 1000.0]
15:16:07.078 [FXGL Background Thread 3 ] DEBUG Engine               - appIcon: fxgl_icon.png
15:16:07.078 [FXGL Background Thread 3 ] DEBUG Engine               - applicationMode: DEVELOPER
15:16:07.079 [FXGL Background Thread 3 ] DEBUG Engine               - cSSList: [fxgl_dark.css]
15:16:07.079 [FXGL Background Thread 3 ] DEBUG Engine               - collisionDetectionStrategy: BRUTE_FORCE
15:16:07.079 [FXGL Background Thread 3 ] DEBUG Engine               - configClass: Optional.empty
15:16:07.079 [FXGL Background Thread 3 ] DEBUG Engine               - credits: []
15:16:07.080 [FXGL Background Thread 3 ] DEBUG Engine               - defaultCursor: CursorInfo(imageName=fxgl_default_cursor.png, hotspotX=7.0, hotspotY=6.0)
15:16:07.081 [FXGL Background Thread 3 ] DEBUG Engine               - devBBoxColorProperty: ObjectProperty [value: 0xff0000ff]
15:16:07.096 [FXGL Background Thread 3 ] DEBUG Engine               - devEnableDebugCameraProperty: BooleanProperty [value: false]
15:16:07.099 [FXGL Background Thread 3 ] DEBUG Engine               - devSensorColorProperty: ObjectProperty [value: 0xffff00ff]
15:16:07.102 [FXGL Background Thread 3 ] DEBUG Engine               - devShowBBoxProperty: BooleanProperty [value: false]
15:16:07.102 [FXGL Background Thread 3 ] DEBUG Engine               - devShowPositionProperty: BooleanProperty [value: false]
15:16:07.102 [FXGL Background Thread 3 ] DEBUG Engine               - enabledMenuItems: []
15:16:07.103 [FXGL Background Thread 3 ] DEBUG Engine               - engineServices: [class com.almasb.fxgl.app.services.FXGLAssetLoaderService, class com.almasb.fxgl.app.FXGLApplication$GameApplicationService, class com.almasb.fxgl.app.services.FXGLDialogService, class com.almasb.fxgl.app.services.IOTaskExecutorService, class com.almasb.fxgl.io.FileSystemService, class com.almasb.fxgl.localization.LocalizationService, class com.almasb.fxgl.app.services.SystemBundleService, class com.almasb.fxgl.profile.SaveLoadService, class com.almasb.fxgl.ui.FXGLUIFactoryServiceProvider, class com.almasb.fxgl.ui.FXGLDialogFactoryServiceProvider, class com.almasb.fxgl.audio.AudioPlayer, class com.almasb.fxgl.notification.impl.NotificationServiceProvider, class com.almasb.fxgl.achievement.AchievementService, class com.almasb.fxgl.cutscene.CutsceneService, class com.almasb.fxgl.minigames.MiniGameService, class com.almasb.fxgl.net.NetService, class com.almasb.fxgl.app.services.UpdaterService, class com.almasb.fxgl.dev.DevService, class com.almasb.fxgl.multiplayer.MultiplayerService]
15:16:07.105 [FXGL Background Thread 3 ] DEBUG Engine               - fontGame: Abel-Regular.ttf
15:16:07.123 [FXGL Background Thread 3 ] DEBUG Engine               - fontMono: TerminalLandMono-Regular.otf
15:16:07.123 [FXGL Background Thread 3 ] DEBUG Engine               - fontSizeScaleUI: 1.0
15:16:07.123 [FXGL Background Thread 3 ] DEBUG Engine               - fontText: Courier-Prime.ttf
15:16:07.124 [FXGL Background Thread 3 ] DEBUG Engine               - fontUI: VarelaRound-Regular.ttf
15:16:07.124 [FXGL Background Thread 3 ] DEBUG Engine               - fullScreen: BooleanProperty [value: false]
15:16:07.124 [FXGL Background Thread 3 ] DEBUG Engine               - gameDifficulty: MEDIUM
15:16:07.125 [FXGL Background Thread 3 ] DEBUG Engine               - gameDifficultyProperty: ObjectProperty [value: MEDIUM]
15:16:07.125 [FXGL Background Thread 3 ] DEBUG Engine               - globalMusicVolume: 0.5
15:16:07.125 [FXGL Background Thread 3 ] DEBUG Engine               - globalMusicVolumeProperty: DoubleProperty [value: 0.5]
15:16:07.126 [FXGL Background Thread 3 ] DEBUG Engine               - globalSoundVolume: 0.5
15:16:07.126 [FXGL Background Thread 3 ] DEBUG Engine               - globalSoundVolumeProperty: DoubleProperty [value: 0.5]
15:16:07.127 [FXGL Background Thread 3 ] DEBUG Engine               - height: 600
15:16:07.127 [FXGL Background Thread 3 ] DEBUG Engine               - is3D: false
15:16:07.128 [FXGL Background Thread 3 ] DEBUG Engine               - isAndroid: false
15:16:07.128 [FXGL Background Thread 3 ] DEBUG Engine               - isBrowser: false
15:16:07.128 [FXGL Background Thread 3 ] DEBUG Engine               - isClickFeedbackEnabled: false
15:16:07.128 [FXGL Background Thread 3 ] DEBUG Engine               - isCloseConfirmation: false
15:16:07.128 [FXGL Background Thread 3 ] DEBUG Engine               - isDesktop: true
15:16:07.129 [FXGL Background Thread 3 ] DEBUG Engine               - isDeveloperMenuEnabled: false
15:16:07.129 [FXGL Background Thread 3 ] DEBUG Engine               - isEmbedded: false
15:16:07.129 [FXGL Background Thread 3 ] DEBUG Engine               - isEntityPreloadEnabled: true
15:16:07.129 [FXGL Background Thread 3 ] DEBUG Engine               - isExperimentalTiledLargeMap: false
15:16:07.129 [FXGL Background Thread 3 ] DEBUG Engine               - isFileSystemWriteAllowed: true
15:16:07.129 [FXGL Background Thread 3 ] DEBUG Engine               - isFullScreenAllowed: false
15:16:07.129 [FXGL Background Thread 3 ] DEBUG Engine               - isFullScreenFromStart: false
15:16:07.130 [FXGL Background Thread 3 ] DEBUG Engine               - isGameMenuEnabled: true
15:16:07.130 [FXGL Background Thread 3 ] DEBUG Engine               - isIOS: false
15:16:07.130 [FXGL Background Thread 3 ] DEBUG Engine               - isIntroEnabled: false
15:16:07.130 [FXGL Background Thread 3 ] DEBUG Engine               - isLinux: false
15:16:07.130 [FXGL Background Thread 3 ] DEBUG Engine               - isMac: false
15:16:07.130 [FXGL Background Thread 3 ] DEBUG Engine               - isMainMenuEnabled: false
15:16:07.131 [FXGL Background Thread 3 ] DEBUG Engine               - isManualResizeEnabled: false
15:16:07.131 [FXGL Background Thread 3 ] DEBUG Engine               - isMobile: false
15:16:07.131 [FXGL Background Thread 3 ] DEBUG Engine               - isNative: false
15:16:07.131 [FXGL Background Thread 3 ] DEBUG Engine               - isPauseMusicWhenMinimized: true
15:16:07.132 [FXGL Background Thread 3 ] DEBUG Engine               - isPreserveResizeRatio: false
15:16:07.132 [FXGL Background Thread 3 ] DEBUG Engine               - isProfilingEnabled: false
15:16:07.132 [FXGL Background Thread 3 ] DEBUG Engine               - isScaleAffectedOnResize: true
15:16:07.133 [FXGL Background Thread 3 ] DEBUG Engine               - isSingleStep: false
15:16:07.140 [FXGL Background Thread 3 ] DEBUG Engine               - isUserProfileEnabled: false
15:16:07.142 [FXGL Background Thread 3 ] DEBUG Engine               - isWindows: true
15:16:07.143 [FXGL Background Thread 3 ] DEBUG Engine               - language: ObjectProperty [value: ENGLISH]
15:16:07.145 [FXGL Background Thread 3 ] DEBUG Engine               - menuKey: ESCAPE
15:16:07.146 [FXGL Background Thread 3 ] DEBUG Engine               - mouseSensitivity: 0.2
15:16:07.149 [FXGL Background Thread 3 ] DEBUG Engine               - notificationViewClass: class com.almasb.fxgl.notification.view.XboxNotificationView
15:16:07.149 [FXGL Background Thread 3 ] DEBUG Engine               - pixelsPerMeter: 50.0
15:16:07.150 [FXGL Background Thread 3 ] DEBUG Engine               - platform: WINDOWS
15:16:07.155 [FXGL Background Thread 3 ] DEBUG Engine               - prefHeightProperty: ReadOnlyDoubleProperty [value: 600.0]
15:16:07.158 [FXGL Background Thread 3 ] DEBUG Engine               - prefWidthProperty: ReadOnlyDoubleProperty [value: 1000.0]
15:16:07.159 [FXGL Background Thread 3 ] DEBUG Engine               - profileDir: profiles/
15:16:07.161 [FXGL Background Thread 3 ] DEBUG Engine               - profileName: StringProperty [value: DEFAULT]
15:16:07.163 [FXGL Background Thread 3 ] DEBUG Engine               - randomSeed: -1
15:16:07.169 [FXGL Background Thread 3 ] DEBUG Engine               - runtimeInfo: RuntimeInfo(platform=WINDOWS, version=17.3, build=30.03.2023 11.49)
15:16:07.169 [FXGL Background Thread 3 ] DEBUG Engine               - saveFileExt: sav
15:16:07.170 [FXGL Background Thread 3 ] DEBUG Engine               - scaledHeightProp$fxgl: DoubleProperty [bound, value: 600.0]
15:16:07.170 [FXGL Background Thread 3 ] DEBUG Engine               - scaledWidthProp$fxgl: DoubleProperty [bound, value: 1000.0]
15:16:07.170 [FXGL Background Thread 3 ] DEBUG Engine               - sceneFactory: com.almasb.fxgl.app.scene.SceneFactory@21ad1790
15:16:07.171 [FXGL Background Thread 3 ] DEBUG Engine               - secondsIn24h: 60
15:16:07.171 [FXGL Background Thread 3 ] DEBUG Engine               - soundMenuBack: menu/back.wav
15:16:07.171 [FXGL Background Thread 3 ] DEBUG Engine               - soundMenuPress: menu/press.wav
15:16:07.171 [FXGL Background Thread 3 ] DEBUG Engine               - soundMenuSelect: menu/select.wav
15:16:07.171 [FXGL Background Thread 3 ] DEBUG Engine               - soundNotification: core/notification.wav
15:16:07.171 [FXGL Background Thread 3 ] DEBUG Engine               - stageStyle: DECORATED
15:16:07.172 [FXGL Background Thread 3 ] DEBUG Engine               - supportedLanguages: [ENGLISH, FRENCH, GERMAN, HUNGARIAN, RUSSIAN]
15:16:07.172 [FXGL Background Thread 3 ] DEBUG Engine               - ticksPerSecond: -1
15:16:07.180 [FXGL Background Thread 3 ] DEBUG Engine               - title: Jugador Sonic
15:16:07.180 [FXGL Background Thread 3 ] DEBUG Engine               - urlGithub: https://github.com/AlmasB/FXGL
15:16:07.180 [FXGL Background Thread 3 ] DEBUG Engine               - urlLeaderboard: http://fxgl-top.herokuapp.com/
15:16:07.180 [FXGL Background Thread 3 ] DEBUG Engine               - urlPOM: https://raw.githubusercontent.com/AlmasB/FXGL/release/README.md
15:16:07.183 [FXGL Background Thread 3 ] DEBUG Engine               - userAppClass: class Runner.ClientRunner
15:16:07.184 [FXGL Background Thread 3 ] DEBUG Engine               - version: 0.0
15:16:07.184 [FXGL Background Thread 3 ] DEBUG Engine               - versionCheckDays: 7
15:16:07.185 [FXGL Background Thread 3 ] DEBUG Engine               - width: 1000
15:16:07.185 [FXGL Background Thread 3 ] DEBUG Engine               - Logging services
15:16:07.185 [FXGL Background Thread 3 ] DEBUG Engine               - class com.almasb.fxgl.app.services.FXGLAssetLoaderService
15:16:07.185 [FXGL Background Thread 3 ] DEBUG Engine               - class com.almasb.fxgl.app.FXGLApplication$GameApplicationService
15:16:07.186 [FXGL Background Thread 3 ] DEBUG Engine               - class com.almasb.fxgl.app.services.FXGLDialogService
15:16:07.189 [FXGL Background Thread 3 ] DEBUG Engine               - class com.almasb.fxgl.app.services.IOTaskExecutorService
15:16:07.190 [FXGL Background Thread 3 ] DEBUG Engine               - class com.almasb.fxgl.io.FileSystemService
15:16:07.191 [FXGL Background Thread 3 ] DEBUG Engine               - class com.almasb.fxgl.localization.LocalizationService
15:16:07.193 [FXGL Background Thread 3 ] DEBUG Engine               - class com.almasb.fxgl.app.services.SystemBundleService
15:16:07.194 [FXGL Background Thread 3 ] DEBUG Engine               - class com.almasb.fxgl.profile.SaveLoadService
15:16:07.195 [FXGL Background Thread 3 ] DEBUG Engine               - class com.almasb.fxgl.ui.FXGLUIFactoryServiceProvider
15:16:07.196 [FXGL Background Thread 3 ] DEBUG Engine               - class com.almasb.fxgl.ui.FXGLDialogFactoryServiceProvider
15:16:07.197 [FXGL Background Thread 3 ] DEBUG Engine               - class com.almasb.fxgl.audio.AudioPlayer
15:16:07.197 [FXGL Background Thread 3 ] DEBUG Engine               - class com.almasb.fxgl.notification.impl.NotificationServiceProvider
15:16:07.198 [FXGL Background Thread 3 ] DEBUG Engine               - class com.almasb.fxgl.achievement.AchievementService
15:16:07.199 [FXGL Background Thread 3 ] DEBUG Engine               - class com.almasb.fxgl.cutscene.CutsceneService
15:16:07.200 [FXGL Background Thread 3 ] DEBUG Engine               - class com.almasb.fxgl.minigames.MiniGameService
15:16:07.201 [FXGL Background Thread 3 ] DEBUG Engine               - class com.almasb.fxgl.net.NetService
15:16:07.202 [FXGL Background Thread 3 ] DEBUG Engine               - class com.almasb.fxgl.app.services.UpdaterService
15:16:07.202 [FXGL Background Thread 3 ] DEBUG Engine               - class com.almasb.fxgl.dev.DevService
15:16:07.203 [FXGL Background Thread 3 ] DEBUG Engine               - class com.almasb.fxgl.multiplayer.MultiplayerService
15:16:08.326 [FXGL Background Thread 1 ] DEBUG AudioPlayer          - Playing music com.almasb.fxgl.audio.Music@2fa37862
15:16:08.343 [FXGL Background Thread 1 ] INFO  FXGLApplication      - Game initialization took: 4.040 sec
15:16:08.511 [JavaFX Application Thread] DEBUG Input                - Clearing active input actions
15:16:08.532 [JavaFX Application Thread] DEBUG GameApplicationServi - Removing overlay from FXGLLoadingScene and adding to GameScene
15:16:08.532 [JavaFX Application Thread] DEBUG PrimaryStageWindow   - FXGLLoadingScene -> GameScene
15:16:11.422 [JavaFX Application Thread] DEBUG FXGLAssetLoaderServi - Loading from file system: file:/C:/Users/Owner/Desktop/Sonic-rush/target/classes/assets/textures/fondo.png
15:16:12.028 [JavaFX Application Thread] DEBUG TMXLevelLoader       - Parsed TiledMap: file:/C:/Users/Owner/Desktop/Sonic-rush/target/classes/assets/levels/mapazo.tmx
15:16:12.031 [JavaFX Application Thread] DEBUG TMXLevelLoader       - Creating tile layer entities
15:16:12.036 [JavaFX Application Thread] DEBUG TilesetLoader        - Loading view for layer Capa de patrones 1
15:16:12.077 [JavaFX Application Thread] DEBUG TilesetLoader        - Created buffer with size 3840.0x720.0
15:16:12.259 [JavaFX Application Thread] DEBUG TMXLevelLoader       - Creating object layer entities
15:16:12.427 [JavaFX Application Thread] DEBUG GameWorld            - Clearing removable entities
15:16:12.446 [JavaFX Application Thread] DEBUG GameWorld            - Setting level: com.almasb.fxgl.entity.level.Level@14e05c71
15:16:12.545 [JavaFX Application Thread] DEBUG FXGLAssetLoaderServi - Loading from file system: file:/C:/Users/Owner/Desktop/Sonic-rush/target/classes/assets/textures/Enemigos/eggman2.png
15:16:12.714 [ClientAsyncConnThread    ] DEBUG TCPClient            - Connecting to localhost:55555 type: class com.almasb.fxgl.core.serialization.Bundle
15:16:12.717 [ClientAsyncConnThread    ] DEBUG TCPClient            - Created socket to localhost:55555
15:16:12.757 [ClientAsyncConnThread    ] DEBUG Endpoint             - TCPClient opening new connection (1) from localhost/127.0.0.1:55555 type: class com.almasb.fxgl.core.serialization.Bundle
15:16:12.760 [ClientAsyncConnThread    ] DEBUG Endpoint             - TCPClient successfully opened connection (1)
15:16:12.885 [TCPClient_SendThread-1   ] DEBUG Writers              - Getting TCPMessageWriter for class com.almasb.fxgl.core.serialization.Bundle
15:16:12.895 [TCPClient_SendThread-1   ] DEBUG Writers              - Constructed TCPMessageWriter for class com.almasb.fxgl.core.serialization.Bundle: BundleTCPMessageWriter
15:16:12.940 [TCPClient_RecvThread-1   ] DEBUG Readers              - Getting TCPMessageReader for class com.almasb.fxgl.core.serialization.Bundle
15:16:13.003 [TCPClient_RecvThread-1   ] DEBUG Readers              - Constructed MessageReader for class com.almasb.fxgl.core.serialization.Bundle: BundleTCPMessageReader
15:16:13.447 [JavaFX Application Thread] DEBUG FXGLAssetLoaderServi - Loading from file system: file:/C:/Users/Owner/Desktop/Sonic-rush/target/classes/assets/textures/Items/ring.png
15:16:13.699 [JavaFX Application Thread] DEBUG FXGLAssetLoaderServi - Loading from file system: file:/C:/Users/Owner/Desktop/Sonic-rush/target/classes/assets/textures/Items/papel.png
15:16:13.713 [JavaFX Application Thread] DEBUG FXGLAssetLoaderServi - Loading from file system: file:/C:/Users/Owner/Desktop/Sonic-rush/target/classes/assets/textures/Items/basura.png
15:16:13.749 [JavaFX Application Thread] DEBUG FXGLAssetLoaderServi - Loading from file system: file:/C:/Users/Owner/Desktop/Sonic-rush/target/classes/assets/textures/Items/caucho.png
15:16:14.050 [JavaFX Application Thread] DEBUG FXGLAssetLoaderServi - Loading from file system: file:/C:/Users/Owner/Desktop/Sonic-rush/target/classes/assets/textures/Enemigos/enemigo.png
15:16:14.387 [JavaFX Application Thread] DEBUG FXGLAssetLoaderServi - Loading from file system: file:/C:/Users/Owner/Desktop/Sonic-rush/target/classes/assets/textures/Personajes/sonic.png
15:16:14.407 [JavaFX Application Thread] DEBUG FXGLAssetLoaderServi - Loading from file system: file:/C:/Users/Owner/Desktop/Sonic-rush/target/classes/assets/textures/Personajes/sonic_camina.png
15:16:14.415 [JavaFX Application Thread] DEBUG FXGLAssetLoaderServi - Loading from file system: file:/C:/Users/Owner/Desktop/Sonic-rush/target/classes/assets/textures/Personajes/super_sonic.png
15:16:16.483 [JavaFX Application Thread] DEBUG FXGLAssetLoaderServi - Loading from file system: file:/C:/Users/Owner/Desktop/Sonic-rush/target/classes/assets/sounds/recoger.wav
15:16:16.740 [JavaFX Application Thread] DEBUG FXGLAssetLoaderServi - Loading from file system: file:/C:/Users/Owner/Desktop/Sonic-rush/target/classes/assets/sounds/salto.wav
15:16:26.388 [JavaFX Application Thread] DEBUG FXGLAssetLoaderServi - Loading from file system: file:/C:/Users/Owner/Desktop/Sonic-rush/target/classes/assets/sounds/perder_anillos.wav
15:16:36.799 [JavaFX Application Thread] DEBUG FXGLAssetLoaderServi - Loading from file system: file:/C:/Users/Owner/Desktop/Sonic-rush/target/classes/assets/sounds/muerte.wav
15:16:47.164 [JavaFX Application Thread] DEBUG PrimaryStageWindow   - Push state: DialogSubScene
15:16:47.165 [JavaFX Application Thread] DEBUG Input                - Clearing active input actions
15:16:47.175 [JavaFX Application Thread] DEBUG GameApplicationServi - Removing overlay from GameScene and adding to DialogSubScene
15:16:47.181 [JavaFX Application Thread] DEBUG PrimaryStageWindow   - GameScene -> DialogSubScene
15:16:48.942 [JavaFX Application Thread] DEBUG PrimaryStageWindow   - Pop state: DialogSubScene
15:16:48.943 [JavaFX Application Thread] DEBUG Input                - Clearing active input actions
15:16:48.944 [JavaFX Application Thread] DEBUG GameApplicationServi - Removing overlay from DialogSubScene and adding to GameScene
15:16:48.944 [JavaFX Application Thread] DEBUG PrimaryStageWindow   - GameScene <- DialogSubScene
15:16:49.026 [JavaFX Application Thread] DEBUG PrimaryStageWindow   - Push state: DialogSubScene
15:16:49.026 [JavaFX Application Thread] DEBUG Input                - Clearing active input actions
15:16:49.039 [JavaFX Application Thread] DEBUG GameApplicationServi - Removing overlay from GameScene and adding to DialogSubScene
15:16:49.040 [JavaFX Application Thread] DEBUG PrimaryStageWindow   - GameScene -> DialogSubScene
15:16:51.125 [JavaFX Application Thread] DEBUG FXGLApplication      - Exiting FXGL
15:16:51.125 [JavaFX Application Thread] DEBUG LoopRunner           - Stopping loop
15:16:51.125 [JavaFX Application Thread] DEBUG SystemBundleService  - Saving FXGL system data
15:16:51.130 [JavaFX Application Thread] DEBUG FileSystemAccess     - Writing to: C:\Users\Owner\Desktop\Sonic-rush\system\fxgl.bundle
15:16:51.141 [JavaFX Application Thread] DEBUG Async                - Shutting down background threads
15:16:51.161 [JavaFX Application Thread] DEBUG PrimaryStageWindow   - Closing main window
15:16:51.545 [JavaFX Application Thread] DEBUG Logger               - Closing Logger
