20:31:22.739 [main                     ] DEBUG Logger               - Configured Logger
20:31:22.803 [main                     ] DEBUG GameApplication      - Logging settings
Title: Jugador Sonic
Version: 0.0
Width: 1000
Height: 600
Fullscreen: false
Intro: false
Profiling: false
Single step:false
App Mode: DEVELOPER
Menu Key: ESCAPE
Stage Style: DECORATED
Scene Factory: class com.almasb.fxgl.app.scene.SceneFactory

20:31:23.695 [JavaFX Application Thread] DEBUG FXGLApplication      - Initializing FXGL
20:31:23.707 [JavaFX Application Thread] INFO  Engine               - FXGL-17.3 (30.03.2023 11.49) on WINDOWS (J:17.0.12 FX:20)
20:31:23.708 [JavaFX Application Thread] DEBUG Engine               - JRE Vendor Name: Oracle Corporation
20:31:23.709 [JavaFX Application Thread] DEBUG Engine               - Running on OS: Windows 10 version 10.0
20:31:23.709 [JavaFX Application Thread] DEBUG Engine               - Architecture: amd64
20:31:23.709 [JavaFX Application Thread] INFO  Engine               - Source code and latest versions at: https://github.com/AlmasB/FXGL
20:31:23.710 [JavaFX Application Thread] INFO  Engine               -       Ask questions and discuss at: https://github.com/AlmasB/FXGL/discussions
20:31:23.711 [JavaFX Application Thread] INFO  Engine               -              Join the FXGL chat at: https://gitter.im/AlmasB/FXGL
20:31:24.086 [JavaFX Application Thread] DEBUG PrimaryStageWindow   - Creating a JavaFX scene
20:31:24.201 [JavaFX Application Thread] DEBUG PrimaryStageWindow   - Target settings size: 1000.0 x 600.0
20:31:24.201 [JavaFX Application Thread] DEBUG PrimaryStageWindow   - Scaled scene size:    1000.0 x 600.0
20:31:24.202 [JavaFX Application Thread] DEBUG PrimaryStageWindow   - Scaled ratio: (1.0, 1.0)
20:31:24.204 [JavaFX Application Thread] DEBUG PrimaryStageWindow   - Set initial scene to FXGLStartupScene
20:31:24.216 [JavaFX Application Thread] DEBUG PrimaryStageWindow   - Opening main window
20:31:24.446 [JavaFX Application Thread] DEBUG PrimaryStageWindow   - Window border size: (14.4000244140625, 37.5999755859375)
20:31:24.448 [JavaFX Application Thread] DEBUG PrimaryStageWindow   - Scaled size: 1000.0 x 600.0
20:31:24.450 [JavaFX Application Thread] DEBUG PrimaryStageWindow   - Scaled ratio: (1.0, 1.0)
20:31:24.450 [JavaFX Application Thread] DEBUG PrimaryStageWindow   - Scene size: 1000.0 x 600.0
20:31:24.451 [JavaFX Application Thread] DEBUG PrimaryStageWindow   - Stage size: 1014.4000244140625 x 637.5999755859375
20:31:24.476 [FXGL Background Thread 1 ] DEBUG Engine               - Initializing environment variables
20:31:24.562 [FXGL Background Thread 1 ] DEBUG FXGLAssetLoaderServi - User app class for loading assets: class Runner.ClientRunner
20:31:24.566 [FXGL Background Thread 1 ] DEBUG GameApplicationServi - Applying CSS: fxgl_dark.css
20:31:24.568 [FXGL Background Thread 1 ] DEBUG FXGLAssetLoaderServi - Loading from file system: jar:file:/C:/Users/Owner/.m2/repository/com/github/almasb/fxgl/17.3/fxgl-17.3.jar!/fxglassets/ui/css/fxgl_dark.css
20:31:24.775 [FXGL Background Thread 1 ] DEBUG GameApplicationServi - Initializing application scenes
20:31:25.189 [FXGL Background Thread 1 ] DEBUG GameWorld            - Game world initialized
20:31:25.605 [FXGL Background Thread 1 ] DEBUG PhysicsWorld         - Physics world initialized: appHeight=600, physics.ppm=50.0
20:31:25.606 [FXGL Background Thread 1 ] DEBUG PhysicsWorld         - Using strategy: BRUTE_FORCE
20:31:25.620 [FXGL Background Thread 1 ] DEBUG GameScene            - Game scene initialized: 1000x600
20:31:25.704 [FXGL Background Thread 1 ] DEBUG FXGL.DefaultMenu     - createMenuBodyGameMenu()
20:31:25.892 [FXGL Background Thread 1 ] DEBUG FXGL.DefaultMenu     - createOptionsMenu()
20:31:26.028 [FXGL Background Thread 1 ] DEBUG FXGLAssetLoaderServi - Loading from file system: jar:file:/C:/Users/Owner/.m2/repository/com/github/almasb/fxgl/17.3/fxgl-17.3.jar!/fxglassets/textures/particles/smoke.png
20:31:27.276 [FXGL Background Thread 1 ] DEBUG FXGLAssetLoaderServi - Loading from file system: jar:file:/C:/Users/Owner/.m2/repository/com/github/almasb/fxgl/17.3/fxgl-17.3.jar!/fxglassets/textures/particles/trace_horizontal.png
20:31:27.423 [FXGL Background Thread 1 ] DEBUG GameApplicationServi - Application scenes initialized
20:31:27.479 [FXGL Background Thread 1 ] DEBUG SystemBundleService  - Loading FXGL system data
20:31:27.487 [FXGL Background Thread 1 ] DEBUG FileSystemAccess     - Reading from: C:\Users\Owner\Desktop\Sonic-rush\system\fxgl.bundle
20:31:27.497 [FXGL Background Thread 1 ] DEBUG SystemBundleService  - Bundle FXGL: {}
20:31:27.498 [FXGL Background Thread 1 ] DEBUG UpdaterService       - Checking for updates
20:31:27.505 [FXGL Background Thread 1 ] DEBUG FXGLApplication      - Loading default localization
20:31:27.506 [FXGL Background Thread 1 ] DEBUG FXGLAssetLoaderServi - Loading from file system: jar:file:/C:/Users/Owner/.m2/repository/com/github/almasb/fxgl/17.3/fxgl-17.3.jar!/fxglassets/languages/english.lang
20:31:27.532 [FXGL Background Thread 1 ] INFO  FXGLApplication      - FXGL initialization took: 3.055 sec
20:31:27.556 [FXGL Background Thread 4 ] DEBUG FXGLApplication      - Loading fonts
20:31:27.557 [FXGL Background Thread 4 ] DEBUG FXGLAssetLoaderServi - Loading from file system: jar:file:/C:/Users/Owner/.m2/repository/com/github/almasb/fxgl/17.3/fxgl-17.3.jar!/fxglassets/ui/fonts/VarelaRound-Regular.ttf
20:31:27.583 [JavaFX Application Thread] DEBUG Input                - Registered new binding: Mover a la izquierda - A
20:31:27.584 [JavaFX Application Thread] DEBUG Input                - Registered new binding: Mover a la derecha - D
20:31:27.584 [JavaFX Application Thread] DEBUG Input                - Registered new binding: Saltar - W
20:31:27.585 [JavaFX Application Thread] DEBUG Input                - Registered new binding: Interactuar - E
20:31:27.585 [JavaFX Application Thread] DEBUG Input                - Registered new binding: Desactivar filtro - L
20:31:27.586 [JavaFX Application Thread] DEBUG FXGLAssetLoaderServi - Loading from file system: jar:file:/C:/Users/Owner/.m2/repository/com/github/almasb/fxgl/17.3/fxgl-17.3.jar!/fxglassets/textures/fxgl_icon.png
20:31:27.634 [JavaFX Application Thread] DEBUG FXGLAssetLoaderServi - Loading from file system: jar:file:/C:/Users/Owner/.m2/repository/com/github/almasb/fxgl/17.3/fxgl-17.3.jar!/fxglassets/textures/fxgl_default_cursor.png
20:31:27.638 [JavaFX Application Thread] DEBUG Input                - Registered new binding: Screenshot - CTRL+8
20:31:27.639 [JavaFX Application Thread] DEBUG Input                - Registered new binding: System info dump - CTRL+9
20:31:27.640 [JavaFX Application Thread] DEBUG Input                - Registered new binding: Restart - CTRL+R
20:31:27.641 [JavaFX Application Thread] DEBUG Input                - Registered new binding: Toggle Debug Camera - CTRL+7
20:31:27.648 [JavaFX Application Thread] DEBUG LoopRunner           - Starting loop
20:31:27.648 [JavaFX Application Thread] DEBUG LoopRunner           - Initializing JavaFX AnimationTimerLoop
20:31:27.650 [JavaFX Application Thread] DEBUG GameApplicationServi - Starting new game
20:31:27.651 [JavaFX Application Thread] DEBUG Input                - Clearing active input actions
20:31:27.692 [JavaFX Application Thread] DEBUG GameApplicationServi - Removing overlay from FXGLStartupScene and adding to FXGLLoadingScene
20:31:27.693 [JavaFX Application Thread] DEBUG PrimaryStageWindow   - FXGLStartupScene -> FXGLLoadingScene
20:31:27.696 [JavaFX Application Thread] DEBUG GameApplicationServi - Clearing previous game
20:31:27.697 [JavaFX Application Thread] DEBUG GameScene            - Clearing game scene
20:31:27.697 [JavaFX Application Thread] DEBUG GameWorld            - Clearing game world
20:31:27.698 [JavaFX Application Thread] DEBUG PhysicsWorld         - Clearing physics world
20:31:27.704 [FXGL Background Thread 1 ] DEBUG FXGLApplication      - Initializing game
20:31:27.765 [FXGL Background Thread 1 ] DEBUG FXGLAssetLoaderServi - Loading from file system: file:/C:/Users/Owner/Desktop/Sonic-rush/target/classes/assets/music/OST2.mp3
20:31:28.074 [FXGL Background Thread 4 ] DEBUG FXGLAssetLoaderServi - Loading from file system: jar:file:/C:/Users/Owner/.m2/repository/com/github/almasb/fxgl/17.3/fxgl-17.3.jar!/fxglassets/ui/fonts/Abel-Regular.ttf
20:31:28.079 [FXGL Background Thread 4 ] DEBUG FXGLAssetLoaderServi - Loading from file system: jar:file:/C:/Users/Owner/.m2/repository/com/github/almasb/fxgl/17.3/fxgl-17.3.jar!/fxglassets/ui/fonts/TerminalLandMono-Regular.otf
20:31:28.085 [FXGL Background Thread 4 ] DEBUG FXGLAssetLoaderServi - Loading from file system: jar:file:/C:/Users/Owner/.m2/repository/com/github/almasb/fxgl/17.3/fxgl-17.3.jar!/fxglassets/ui/fonts/Courier-Prime.ttf
20:31:28.306 [JavaFX Application Thread] DEBUG FXGLApplication      - Registering font factories with UI factory
20:31:28.920 [FXGL Background Thread 2 ] INFO  UpdaterService       - Your current version:  17.3
20:31:28.961 [FXGL Background Thread 2 ] INFO  UpdaterService       - Latest stable version: 21.1
20:31:29.307 [FXGL Background Thread 1 ] DEBUG AudioPlayer          - Playing music com.almasb.fxgl.audio.Music@290b045
20:31:29.325 [FXGL Background Thread 1 ] INFO  FXGLApplication      - Game initialization took: 1.620 sec
20:31:30.418 [JavaFX Application Thread] DEBUG Input                - Clearing active input actions
20:31:30.440 [JavaFX Application Thread] DEBUG GameApplicationServi - Removing overlay from FXGLLoadingScene and adding to GameScene
20:31:30.440 [JavaFX Application Thread] DEBUG PrimaryStageWindow   - FXGLLoadingScene -> GameScene
20:31:30.507 [FXGL Background Thread 3 ] DEBUG Engine               - Logging environment variables
20:31:30.508 [FXGL Background Thread 3 ] DEBUG Engine               - achievements: []
20:31:30.508 [FXGL Background Thread 3 ] DEBUG Engine               - actualHeight: 600.0
20:31:30.509 [FXGL Background Thread 3 ] DEBUG Engine               - actualHeightProperty: ReadOnlyDoubleProperty [value: 600.0]
20:31:30.517 [FXGL Background Thread 3 ] DEBUG Engine               - actualWidth: 1000.0
20:31:30.517 [FXGL Background Thread 3 ] DEBUG Engine               - actualWidthProperty: ReadOnlyDoubleProperty [value: 1000.0]
20:31:30.517 [FXGL Background Thread 3 ] DEBUG Engine               - appIcon: fxgl_icon.png
20:31:30.517 [FXGL Background Thread 3 ] DEBUG Engine               - applicationMode: DEVELOPER
20:31:30.517 [FXGL Background Thread 3 ] DEBUG Engine               - cSSList: [fxgl_dark.css]
20:31:30.517 [FXGL Background Thread 3 ] DEBUG Engine               - collisionDetectionStrategy: BRUTE_FORCE
20:31:30.518 [FXGL Background Thread 3 ] DEBUG Engine               - configClass: Optional.empty
20:31:30.518 [FXGL Background Thread 3 ] DEBUG Engine               - credits: []
20:31:30.519 [FXGL Background Thread 3 ] DEBUG Engine               - defaultCursor: CursorInfo(imageName=fxgl_default_cursor.png, hotspotX=7.0, hotspotY=6.0)
20:31:30.520 [FXGL Background Thread 3 ] DEBUG Engine               - devBBoxColorProperty: ObjectProperty [value: 0xff0000ff]
20:31:30.520 [FXGL Background Thread 3 ] DEBUG Engine               - devEnableDebugCameraProperty: BooleanProperty [value: false]
20:31:30.521 [FXGL Background Thread 3 ] DEBUG Engine               - devSensorColorProperty: ObjectProperty [value: 0xffff00ff]
20:31:30.521 [FXGL Background Thread 3 ] DEBUG Engine               - devShowBBoxProperty: BooleanProperty [value: false]
20:31:30.521 [FXGL Background Thread 3 ] DEBUG Engine               - devShowPositionProperty: BooleanProperty [value: false]
20:31:30.521 [FXGL Background Thread 3 ] DEBUG Engine               - enabledMenuItems: []
20:31:30.521 [FXGL Background Thread 3 ] DEBUG Engine               - engineServices: [class com.almasb.fxgl.app.services.FXGLAssetLoaderService, class com.almasb.fxgl.app.FXGLApplication$GameApplicationService, class com.almasb.fxgl.app.services.FXGLDialogService, class com.almasb.fxgl.app.services.IOTaskExecutorService, class com.almasb.fxgl.io.FileSystemService, class com.almasb.fxgl.localization.LocalizationService, class com.almasb.fxgl.app.services.SystemBundleService, class com.almasb.fxgl.profile.SaveLoadService, class com.almasb.fxgl.ui.FXGLUIFactoryServiceProvider, class com.almasb.fxgl.ui.FXGLDialogFactoryServiceProvider, class com.almasb.fxgl.audio.AudioPlayer, class com.almasb.fxgl.notification.impl.NotificationServiceProvider, class com.almasb.fxgl.achievement.AchievementService, class com.almasb.fxgl.cutscene.CutsceneService, class com.almasb.fxgl.minigames.MiniGameService, class com.almasb.fxgl.net.NetService, class com.almasb.fxgl.app.services.UpdaterService, class com.almasb.fxgl.dev.DevService, class com.almasb.fxgl.multiplayer.MultiplayerService]
20:31:30.523 [FXGL Background Thread 3 ] DEBUG Engine               - fontGame: Abel-Regular.ttf
20:31:30.523 [FXGL Background Thread 3 ] DEBUG Engine               - fontMono: TerminalLandMono-Regular.otf
20:31:30.523 [FXGL Background Thread 3 ] DEBUG Engine               - fontSizeScaleUI: 1.0
20:31:30.523 [FXGL Background Thread 3 ] DEBUG Engine               - fontText: Courier-Prime.ttf
20:31:30.523 [FXGL Background Thread 3 ] DEBUG Engine               - fontUI: VarelaRound-Regular.ttf
20:31:30.523 [FXGL Background Thread 3 ] DEBUG Engine               - fullScreen: BooleanProperty [value: false]
20:31:30.523 [FXGL Background Thread 3 ] DEBUG Engine               - gameDifficulty: MEDIUM
20:31:30.523 [FXGL Background Thread 3 ] DEBUG Engine               - gameDifficultyProperty: ObjectProperty [value: MEDIUM]
20:31:30.523 [FXGL Background Thread 3 ] DEBUG Engine               - globalMusicVolume: 0.5
20:31:30.524 [FXGL Background Thread 3 ] DEBUG Engine               - globalMusicVolumeProperty: DoubleProperty [value: 0.5]
20:31:30.524 [FXGL Background Thread 3 ] DEBUG Engine               - globalSoundVolume: 0.5
20:31:30.524 [FXGL Background Thread 3 ] DEBUG Engine               - globalSoundVolumeProperty: DoubleProperty [value: 0.5]
20:31:30.524 [FXGL Background Thread 3 ] DEBUG Engine               - height: 600
20:31:30.524 [FXGL Background Thread 3 ] DEBUG Engine               - is3D: false
20:31:30.525 [FXGL Background Thread 3 ] DEBUG Engine               - isAndroid: false
20:31:30.525 [FXGL Background Thread 3 ] DEBUG Engine               - isBrowser: false
20:31:30.525 [FXGL Background Thread 3 ] DEBUG Engine               - isClickFeedbackEnabled: false
20:31:30.525 [FXGL Background Thread 3 ] DEBUG Engine               - isCloseConfirmation: false
20:31:30.525 [FXGL Background Thread 3 ] DEBUG Engine               - isDesktop: true
20:31:30.525 [FXGL Background Thread 3 ] DEBUG Engine               - isDeveloperMenuEnabled: false
20:31:30.525 [FXGL Background Thread 3 ] DEBUG Engine               - isEmbedded: false
20:31:30.525 [FXGL Background Thread 3 ] DEBUG Engine               - isEntityPreloadEnabled: true
20:31:30.526 [FXGL Background Thread 3 ] DEBUG Engine               - isExperimentalTiledLargeMap: false
20:31:30.526 [FXGL Background Thread 3 ] DEBUG Engine               - isFileSystemWriteAllowed: true
20:31:30.527 [FXGL Background Thread 3 ] DEBUG Engine               - isFullScreenAllowed: false
20:31:30.527 [FXGL Background Thread 3 ] DEBUG Engine               - isFullScreenFromStart: false
20:31:30.527 [FXGL Background Thread 3 ] DEBUG Engine               - isGameMenuEnabled: true
20:31:30.527 [FXGL Background Thread 3 ] DEBUG Engine               - isIOS: false
20:31:30.527 [FXGL Background Thread 3 ] DEBUG Engine               - isIntroEnabled: false
20:31:30.527 [FXGL Background Thread 3 ] DEBUG Engine               - isLinux: false
20:31:30.527 [FXGL Background Thread 3 ] DEBUG Engine               - isMac: false
20:31:30.527 [FXGL Background Thread 3 ] DEBUG Engine               - isMainMenuEnabled: false
20:31:30.534 [FXGL Background Thread 3 ] DEBUG Engine               - isManualResizeEnabled: false
20:31:30.534 [FXGL Background Thread 3 ] DEBUG Engine               - isMobile: false
20:31:30.534 [FXGL Background Thread 3 ] DEBUG Engine               - isNative: false
20:31:30.534 [FXGL Background Thread 3 ] DEBUG Engine               - isPauseMusicWhenMinimized: true
20:31:30.534 [FXGL Background Thread 3 ] DEBUG Engine               - isPreserveResizeRatio: false
20:31:30.534 [FXGL Background Thread 3 ] DEBUG Engine               - isProfilingEnabled: false
20:31:30.534 [FXGL Background Thread 3 ] DEBUG Engine               - isScaleAffectedOnResize: true
20:31:30.534 [FXGL Background Thread 3 ] DEBUG Engine               - isSingleStep: false
20:31:30.535 [FXGL Background Thread 3 ] DEBUG Engine               - isUserProfileEnabled: false
20:31:30.535 [FXGL Background Thread 3 ] DEBUG Engine               - isWindows: true
20:31:30.535 [FXGL Background Thread 3 ] DEBUG Engine               - language: ObjectProperty [value: ENGLISH]
20:31:30.537 [FXGL Background Thread 3 ] DEBUG Engine               - menuKey: ESCAPE
20:31:30.538 [FXGL Background Thread 3 ] DEBUG Engine               - mouseSensitivity: 0.2
20:31:30.539 [FXGL Background Thread 3 ] DEBUG Engine               - notificationViewClass: class com.almasb.fxgl.notification.view.XboxNotificationView
20:31:30.539 [FXGL Background Thread 3 ] DEBUG Engine               - pixelsPerMeter: 50.0
20:31:30.539 [FXGL Background Thread 3 ] DEBUG Engine               - platform: WINDOWS
20:31:30.539 [FXGL Background Thread 3 ] DEBUG Engine               - prefHeightProperty: ReadOnlyDoubleProperty [value: 600.0]
20:31:30.539 [FXGL Background Thread 3 ] DEBUG Engine               - prefWidthProperty: ReadOnlyDoubleProperty [value: 1000.0]
20:31:30.539 [FXGL Background Thread 3 ] DEBUG Engine               - profileDir: profiles/
20:31:30.539 [FXGL Background Thread 3 ] DEBUG Engine               - profileName: StringProperty [value: DEFAULT]
20:31:30.540 [FXGL Background Thread 3 ] DEBUG Engine               - randomSeed: -1
20:31:30.540 [FXGL Background Thread 3 ] DEBUG Engine               - runtimeInfo: RuntimeInfo(platform=WINDOWS, version=17.3, build=30.03.2023 11.49)
20:31:30.540 [FXGL Background Thread 3 ] DEBUG Engine               - saveFileExt: sav
20:31:30.541 [FXGL Background Thread 3 ] DEBUG Engine               - scaledHeightProp$fxgl: DoubleProperty [bound, value: 600.0]
20:31:30.541 [FXGL Background Thread 3 ] DEBUG Engine               - scaledWidthProp$fxgl: DoubleProperty [bound, value: 1000.0]
20:31:30.541 [FXGL Background Thread 3 ] DEBUG Engine               - sceneFactory: com.almasb.fxgl.app.scene.SceneFactory@18901a76
20:31:30.541 [FXGL Background Thread 3 ] DEBUG Engine               - secondsIn24h: 60
20:31:30.541 [FXGL Background Thread 3 ] DEBUG Engine               - soundMenuBack: menu/back.wav
20:31:30.541 [FXGL Background Thread 3 ] DEBUG Engine               - soundMenuPress: menu/press.wav
20:31:30.541 [FXGL Background Thread 3 ] DEBUG Engine               - soundMenuSelect: menu/select.wav
20:31:30.541 [FXGL Background Thread 3 ] DEBUG Engine               - soundNotification: core/notification.wav
20:31:30.541 [FXGL Background Thread 3 ] DEBUG Engine               - stageStyle: DECORATED
20:31:30.541 [FXGL Background Thread 3 ] DEBUG Engine               - supportedLanguages: [ENGLISH, FRENCH, GERMAN, HUNGARIAN, RUSSIAN]
20:31:30.541 [FXGL Background Thread 3 ] DEBUG Engine               - ticksPerSecond: -1
20:31:30.541 [FXGL Background Thread 3 ] DEBUG Engine               - title: Jugador Sonic
20:31:30.541 [FXGL Background Thread 3 ] DEBUG Engine               - urlGithub: https://github.com/AlmasB/FXGL
20:31:30.542 [FXGL Background Thread 3 ] DEBUG Engine               - urlLeaderboard: http://fxgl-top.herokuapp.com/
20:31:30.542 [FXGL Background Thread 3 ] DEBUG Engine               - urlPOM: https://raw.githubusercontent.com/AlmasB/FXGL/release/README.md
20:31:30.542 [FXGL Background Thread 3 ] DEBUG Engine               - userAppClass: class Runner.ClientRunner
20:31:30.542 [FXGL Background Thread 3 ] DEBUG Engine               - version: 0.0
20:31:30.542 [FXGL Background Thread 3 ] DEBUG Engine               - versionCheckDays: 7
20:31:30.542 [FXGL Background Thread 3 ] DEBUG Engine               - width: 1000
20:31:30.542 [FXGL Background Thread 3 ] DEBUG Engine               - Logging services
20:31:30.542 [FXGL Background Thread 3 ] DEBUG Engine               - class com.almasb.fxgl.app.services.FXGLAssetLoaderService
20:31:30.542 [FXGL Background Thread 3 ] DEBUG Engine               - class com.almasb.fxgl.app.FXGLApplication$GameApplicationService
20:31:30.542 [FXGL Background Thread 3 ] DEBUG Engine               - class com.almasb.fxgl.app.services.FXGLDialogService
20:31:30.542 [FXGL Background Thread 3 ] DEBUG Engine               - class com.almasb.fxgl.app.services.IOTaskExecutorService
20:31:30.542 [FXGL Background Thread 3 ] DEBUG Engine               - class com.almasb.fxgl.io.FileSystemService
20:31:30.542 [FXGL Background Thread 3 ] DEBUG Engine               - class com.almasb.fxgl.localization.LocalizationService
20:31:30.542 [FXGL Background Thread 3 ] DEBUG Engine               - class com.almasb.fxgl.app.services.SystemBundleService
20:31:30.543 [FXGL Background Thread 3 ] DEBUG Engine               - class com.almasb.fxgl.profile.SaveLoadService
20:31:30.543 [FXGL Background Thread 3 ] DEBUG Engine               - class com.almasb.fxgl.ui.FXGLUIFactoryServiceProvider
20:31:30.543 [FXGL Background Thread 3 ] DEBUG Engine               - class com.almasb.fxgl.ui.FXGLDialogFactoryServiceProvider
20:31:30.543 [FXGL Background Thread 3 ] DEBUG Engine               - class com.almasb.fxgl.audio.AudioPlayer
20:31:30.543 [FXGL Background Thread 3 ] DEBUG Engine               - class com.almasb.fxgl.notification.impl.NotificationServiceProvider
20:31:30.543 [FXGL Background Thread 3 ] DEBUG Engine               - class com.almasb.fxgl.achievement.AchievementService
20:31:30.543 [FXGL Background Thread 3 ] DEBUG Engine               - class com.almasb.fxgl.cutscene.CutsceneService
20:31:30.543 [FXGL Background Thread 3 ] DEBUG Engine               - class com.almasb.fxgl.minigames.MiniGameService
20:31:30.543 [FXGL Background Thread 3 ] DEBUG Engine               - class com.almasb.fxgl.net.NetService
20:31:30.543 [FXGL Background Thread 3 ] DEBUG Engine               - class com.almasb.fxgl.app.services.UpdaterService
20:31:30.543 [FXGL Background Thread 3 ] DEBUG Engine               - class com.almasb.fxgl.dev.DevService
20:31:30.543 [FXGL Background Thread 3 ] DEBUG Engine               - class com.almasb.fxgl.multiplayer.MultiplayerService
20:31:55.779 [JavaFX Application Thread] DEBUG FXGLAssetLoaderServi - Loading from file system: file:/C:/Users/Owner/Desktop/Sonic-rush/target/classes/assets/textures/fondo.png
20:31:56.650 [JavaFX Application Thread] WARN  TMXLevelLoader       - TiledMap generated from 1.11.2. Supported version: 1.9.0. Some features may not be parsed fully.
20:31:56.792 [JavaFX Application Thread] DEBUG TMXLevelLoader       - Parsed TiledMap: file:/C:/Users/Owner/Desktop/Sonic-rush/target/classes/assets/levels/mapazo.tmx
20:31:56.801 [JavaFX Application Thread] DEBUG TMXLevelLoader       - Creating tile layer entities
20:31:56.814 [JavaFX Application Thread] DEBUG TilesetLoader        - Loading view for layer Capa de patrones 1
20:31:56.929 [JavaFX Application Thread] DEBUG TilesetLoader        - Created buffer with size 3840.0x720.0
20:31:56.998 [JavaFX Application Thread] DEBUG TMXLevelLoader       - Creating object layer entities
20:31:57.038 [JavaFX Application Thread] DEBUG GameWorld            - Clearing removable entities
20:31:57.042 [JavaFX Application Thread] DEBUG GameWorld            - Setting level: com.almasb.fxgl.entity.level.Level@7b0a1412
20:31:57.130 [ClientAsyncConnThread    ] DEBUG TCPClient            - Connecting to 127.0.0.1:50000 type: class com.almasb.fxgl.core.serialization.Bundle
20:31:57.132 [ClientAsyncConnThread    ] DEBUG TCPClient            - Created socket to 127.0.0.1:50000
20:31:57.146 [ClientAsyncConnThread    ] DEBUG Endpoint             - TCPClient opening new connection (1) from /127.0.0.1:50000 type: class com.almasb.fxgl.core.serialization.Bundle
20:31:57.154 [ClientAsyncConnThread    ] DEBUG Endpoint             - TCPClient successfully opened connection (1)
20:31:57.239 [TCPClient_SendThread-1   ] DEBUG Writers              - Getting TCPMessageWriter for class com.almasb.fxgl.core.serialization.Bundle
20:31:57.246 [TCPClient_SendThread-1   ] DEBUG Writers              - Constructed TCPMessageWriter for class com.almasb.fxgl.core.serialization.Bundle: BundleTCPMessageWriter
20:31:57.332 [TCPClient_RecvThread-1   ] DEBUG Readers              - Getting TCPMessageReader for class com.almasb.fxgl.core.serialization.Bundle
20:31:57.485 [TCPClient_RecvThread-1   ] DEBUG Readers              - Constructed MessageReader for class com.almasb.fxgl.core.serialization.Bundle: BundleTCPMessageReader
20:31:57.612 [JavaFX Application Thread] DEBUG FXGLAssetLoaderServi - Loading from file system: file:/C:/Users/Owner/Desktop/Sonic-rush/target/classes/assets/textures/Items/ring.png
20:31:57.773 [JavaFX Application Thread] DEBUG FXGLAssetLoaderServi - Loading from file system: file:/C:/Users/Owner/Desktop/Sonic-rush/target/classes/assets/textures/Items/papel.png
20:31:57.796 [JavaFX Application Thread] DEBUG FXGLAssetLoaderServi - Loading from file system: file:/C:/Users/Owner/Desktop/Sonic-rush/target/classes/assets/textures/Items/basura.png
20:31:57.807 [JavaFX Application Thread] DEBUG FXGLAssetLoaderServi - Loading from file system: file:/C:/Users/Owner/Desktop/Sonic-rush/target/classes/assets/textures/Items/caucho.png
20:31:57.975 [JavaFX Application Thread] DEBUG FXGLAssetLoaderServi - Loading from file system: file:/C:/Users/Owner/Desktop/Sonic-rush/target/classes/assets/textures/Enemigos/enemigo2.png
20:31:58.316 [JavaFX Application Thread] DEBUG FXGLAssetLoaderServi - Loading from file system: file:/C:/Users/Owner/Desktop/Sonic-rush/target/classes/assets/textures/Personajes/sonic.png
20:31:58.325 [JavaFX Application Thread] DEBUG FXGLAssetLoaderServi - Loading from file system: file:/C:/Users/Owner/Desktop/Sonic-rush/target/classes/assets/textures/Personajes/sonic_camina.png
20:31:58.331 [JavaFX Application Thread] DEBUG FXGLAssetLoaderServi - Loading from file system: file:/C:/Users/Owner/Desktop/Sonic-rush/target/classes/assets/textures/Personajes/super_idle.png
20:31:58.334 [JavaFX Application Thread] DEBUG FXGLAssetLoaderServi - Loading from file system: file:/C:/Users/Owner/Desktop/Sonic-rush/target/classes/assets/textures/Personajes/super_sonic.png
20:32:00.089 [JavaFX Application Thread] DEBUG FXGLAssetLoaderServi - Loading from file system: file:/C:/Users/Owner/Desktop/Sonic-rush/target/classes/assets/sounds/salto.wav
20:32:20.299 [JavaFX Application Thread] DEBUG FXGLApplication      - Exiting FXGL
20:32:20.299 [JavaFX Application Thread] DEBUG LoopRunner           - Stopping loop
20:32:20.299 [JavaFX Application Thread] DEBUG SystemBundleService  - Saving FXGL system data
20:32:20.303 [JavaFX Application Thread] DEBUG FileSystemAccess     - Writing to: C:\Users\Owner\Desktop\Sonic-rush\system\fxgl.bundle
20:32:20.306 [JavaFX Application Thread] DEBUG Async                - Shutting down background threads
20:32:20.307 [JavaFX Application Thread] DEBUG PrimaryStageWindow   - Closing main window
20:32:20.356 [JavaFX Application Thread] DEBUG Logger               - Closing Logger
