17:53:04.943 [main                     ] DEBUG Logger               - Configured Logger
17:53:04.996 [main                     ] DEBUG GameApplication      - Logging settings
Title: Jugador Sonic
Version: 0.0
Width: 1000
Height: 600
Fullscreen: false
Intro: false
Profiling: false
Single step:false
App Mode: DEVELOPER
Menu Key: ESCAPE
Stage Style: DECORATED
Scene Factory: class com.almasb.fxgl.app.scene.SceneFactory

17:53:05.830 [JavaFX Application Thread] DEBUG FXGLApplication      - Initializing FXGL
17:53:05.838 [JavaFX Application Thread] INFO  Engine               - FXGL-17.3 (30.03.2023 11.49) on WINDOWS (J:21.0.2 FX:20)
17:53:05.841 [JavaFX Application Thread] DEBUG Engine               - JRE Vendor Name: Oracle Corporation
17:53:05.842 [JavaFX Application Thread] DEBUG Engine               - Running on OS: Windows 10 version 10.0
17:53:05.842 [JavaFX Application Thread] DEBUG Engine               - Architecture: amd64
17:53:05.842 [JavaFX Application Thread] INFO  Engine               - Source code and latest versions at: https://github.com/AlmasB/FXGL
17:53:05.843 [JavaFX Application Thread] INFO  Engine               -       Ask questions and discuss at: https://github.com/AlmasB/FXGL/discussions
17:53:05.843 [JavaFX Application Thread] INFO  Engine               -              Join the FXGL chat at: https://gitter.im/AlmasB/FXGL
17:53:05.995 [JavaFX Application Thread] DEBUG PrimaryStageWindow   - Creating a JavaFX scene
17:53:06.062 [JavaFX Application Thread] DEBUG PrimaryStageWindow   - Target settings size: 1000.0 x 600.0
17:53:06.062 [JavaFX Application Thread] DEBUG PrimaryStageWindow   - Scaled scene size:    1000.0 x 600.0
17:53:06.063 [JavaFX Application Thread] DEBUG PrimaryStageWindow   - Scaled ratio: (1.0, 1.0)
17:53:06.064 [JavaFX Application Thread] DEBUG PrimaryStageWindow   - Set initial scene to FXGLStartupScene
17:53:06.068 [JavaFX Application Thread] DEBUG PrimaryStageWindow   - Opening main window
17:53:06.167 [JavaFX Application Thread] DEBUG PrimaryStageWindow   - Window border size: (16.0, 39.0)
17:53:06.168 [JavaFX Application Thread] DEBUG PrimaryStageWindow   - Scaled size: 1000.0 x 600.0
17:53:06.168 [JavaFX Application Thread] DEBUG PrimaryStageWindow   - Scaled ratio: (1.0, 1.0)
17:53:06.169 [JavaFX Application Thread] DEBUG PrimaryStageWindow   - Scene size: 1000.0 x 600.0
17:53:06.169 [JavaFX Application Thread] DEBUG PrimaryStageWindow   - Stage size: 1016.0 x 639.0
17:53:06.183 [FXGL Background Thread 1 ] DEBUG Engine               - Initializing environment variables
17:53:06.244 [FXGL Background Thread 1 ] DEBUG FXGLAssetLoaderServi - User app class for loading assets: class Runner.ClientRunner
17:53:06.244 [FXGL Background Thread 1 ] DEBUG GameApplicationServi - Applying CSS: fxgl_dark.css
17:53:06.246 [FXGL Background Thread 1 ] DEBUG FXGLAssetLoaderServi - Loading from file system: jar:file:/C:/Users/User/.m2/repository/com/github/almasb/fxgl/17.3/fxgl-17.3.jar!/fxglassets/ui/css/fxgl_dark.css
17:53:06.330 [FXGL Background Thread 1 ] DEBUG GameApplicationServi - Initializing application scenes
17:53:06.411 [FXGL Background Thread 1 ] DEBUG GameWorld            - Game world initialized
17:53:06.479 [FXGL Background Thread 1 ] DEBUG PhysicsWorld         - Physics world initialized: appHeight=600, physics.ppm=50,0
17:53:06.480 [FXGL Background Thread 1 ] DEBUG PhysicsWorld         - Using strategy: BRUTE_FORCE
17:53:06.484 [FXGL Background Thread 1 ] DEBUG GameScene            - Game scene initialized: 1000x600
17:53:06.499 [FXGL Background Thread 1 ] DEBUG FXGL.DefaultMenu     - createMenuBodyGameMenu()
17:53:06.517 [FXGL Background Thread 1 ] DEBUG FXGL.DefaultMenu     - createOptionsMenu()
17:53:06.530 [FXGL Background Thread 1 ] DEBUG FXGLAssetLoaderServi - Loading from file system: jar:file:/C:/Users/User/.m2/repository/com/github/almasb/fxgl/17.3/fxgl-17.3.jar!/fxglassets/textures/particles/smoke.png
17:53:06.629 [FXGL Background Thread 1 ] DEBUG FXGLAssetLoaderServi - Loading from file system: jar:file:/C:/Users/User/.m2/repository/com/github/almasb/fxgl/17.3/fxgl-17.3.jar!/fxglassets/textures/particles/trace_horizontal.png
17:53:06.660 [FXGL Background Thread 1 ] DEBUG GameApplicationServi - Application scenes initialized
17:53:06.675 [FXGL Background Thread 1 ] DEBUG SystemBundleService  - Loading FXGL system data
17:53:06.680 [FXGL Background Thread 1 ] DEBUG FileSystemAccess     - Reading from: C:\Users\User\Documents\GitHub\Sonic-rush\system\fxgl.bundle
17:53:06.693 [FXGL Background Thread 1 ] DEBUG SystemBundleService  - Bundle FXGL: {}
17:53:06.693 [FXGL Background Thread 1 ] DEBUG UpdaterService       - Checking for updates
17:53:06.698 [FXGL Background Thread 1 ] DEBUG FXGLApplication      - Loading default localization
17:53:06.699 [FXGL Background Thread 1 ] DEBUG FXGLAssetLoaderServi - Loading from file system: jar:file:/C:/Users/User/.m2/repository/com/github/almasb/fxgl/17.3/fxgl-17.3.jar!/fxglassets/languages/english.lang
17:53:06.713 [FXGL Background Thread 4 ] DEBUG FXGLApplication      - Loading fonts
17:53:06.713 [FXGL Background Thread 4 ] DEBUG FXGLAssetLoaderServi - Loading from file system: jar:file:/C:/Users/User/.m2/repository/com/github/almasb/fxgl/17.3/fxgl-17.3.jar!/fxglassets/ui/fonts/VarelaRound-Regular.ttf
17:53:06.727 [FXGL Background Thread 1 ] INFO  FXGLApplication      - FXGL initialization took: 0,543 sec
17:53:06.778 [JavaFX Application Thread] DEBUG Input                - Registered new binding: Mover a la izquierda - A
17:53:06.778 [JavaFX Application Thread] DEBUG Input                - Registered new binding: Mover a la derecha - D
17:53:06.778 [JavaFX Application Thread] DEBUG Input                - Registered new binding: Saltar - W
17:53:06.778 [JavaFX Application Thread] DEBUG Input                - Registered new binding: Interactuar - E
17:53:06.778 [JavaFX Application Thread] DEBUG Input                - Registered new binding: Desactivar filtro - L
17:53:06.779 [JavaFX Application Thread] DEBUG FXGLAssetLoaderServi - Loading from file system: jar:file:/C:/Users/User/.m2/repository/com/github/almasb/fxgl/17.3/fxgl-17.3.jar!/fxglassets/textures/fxgl_icon.png
17:53:06.796 [FXGL Background Thread 4 ] DEBUG FXGLAssetLoaderServi - Loading from file system: jar:file:/C:/Users/User/.m2/repository/com/github/almasb/fxgl/17.3/fxgl-17.3.jar!/fxglassets/ui/fonts/Abel-Regular.ttf
17:53:06.799 [FXGL Background Thread 4 ] DEBUG FXGLAssetLoaderServi - Loading from file system: jar:file:/C:/Users/User/.m2/repository/com/github/almasb/fxgl/17.3/fxgl-17.3.jar!/fxglassets/ui/fonts/TerminalLandMono-Regular.otf
17:53:06.803 [FXGL Background Thread 4 ] DEBUG FXGLAssetLoaderServi - Loading from file system: jar:file:/C:/Users/User/.m2/repository/com/github/almasb/fxgl/17.3/fxgl-17.3.jar!/fxglassets/ui/fonts/Courier-Prime.ttf
17:53:06.822 [JavaFX Application Thread] DEBUG FXGLAssetLoaderServi - Loading from file system: jar:file:/C:/Users/User/.m2/repository/com/github/almasb/fxgl/17.3/fxgl-17.3.jar!/fxglassets/textures/fxgl_default_cursor.png
17:53:06.824 [JavaFX Application Thread] DEBUG Input                - Registered new binding: Screenshot - CTRL+8
17:53:06.825 [JavaFX Application Thread] DEBUG Input                - Registered new binding: System info dump - CTRL+9
17:53:06.825 [JavaFX Application Thread] DEBUG Input                - Registered new binding: Restart - CTRL+R
17:53:06.826 [JavaFX Application Thread] DEBUG Input                - Registered new binding: Toggle Debug Camera - CTRL+7
17:53:06.828 [JavaFX Application Thread] DEBUG LoopRunner           - Starting loop
17:53:06.828 [JavaFX Application Thread] DEBUG LoopRunner           - Initializing JavaFX AnimationTimerLoop
17:53:06.838 [JavaFX Application Thread] DEBUG GameApplicationServi - Starting new game
17:53:06.839 [JavaFX Application Thread] DEBUG Input                - Clearing active input actions
17:53:06.849 [JavaFX Application Thread] DEBUG GameApplicationServi - Removing overlay from FXGLStartupScene and adding to FXGLLoadingScene
17:53:06.850 [JavaFX Application Thread] DEBUG PrimaryStageWindow   - FXGLStartupScene -> FXGLLoadingScene
17:53:06.850 [JavaFX Application Thread] DEBUG GameApplicationServi - Clearing previous game
17:53:06.850 [JavaFX Application Thread] DEBUG GameScene            - Clearing game scene
17:53:06.850 [JavaFX Application Thread] DEBUG GameWorld            - Clearing game world
17:53:06.850 [JavaFX Application Thread] DEBUG PhysicsWorld         - Clearing physics world
17:53:06.851 [FXGL Background Thread 4 ] DEBUG FXGLApplication      - Initializing game
17:53:06.852 [JavaFX Application Thread] DEBUG FXGLApplication      - Registering font factories with UI factory
17:53:06.862 [FXGL Background Thread 4 ] DEBUG FXGLAssetLoaderServi - Loading from file system: file:/C:/Users/User/Documents/GitHub/Sonic-rush/target/classes/assets/music/OST2.mp3
17:53:07.265 [FXGL Background Thread 4 ] DEBUG AudioPlayer          - Playing music com.almasb.fxgl.audio.Music@42e56a46
17:53:07.271 [FXGL Background Thread 4 ] INFO  FXGLApplication      - Game initialization took: 0,421 sec
17:53:07.410 [JavaFX Application Thread] DEBUG Input                - Clearing active input actions
17:53:07.417 [JavaFX Application Thread] DEBUG GameApplicationServi - Removing overlay from FXGLLoadingScene and adding to GameScene
17:53:07.417 [JavaFX Application Thread] DEBUG PrimaryStageWindow   - FXGLLoadingScene -> GameScene
17:53:07.439 [FXGL Background Thread 2 ] INFO  UpdaterService       - Your current version:  17.3
17:53:07.520 [FXGL Background Thread 2 ] INFO  UpdaterService       - Latest stable version: 21.1
17:53:09.696 [FXGL Background Thread 3 ] DEBUG Engine               - Logging environment variables
17:53:09.696 [FXGL Background Thread 3 ] DEBUG Engine               - achievements: []
17:53:09.696 [FXGL Background Thread 3 ] DEBUG Engine               - actualHeight: 600.0
17:53:09.696 [FXGL Background Thread 3 ] DEBUG Engine               - actualHeightProperty: ReadOnlyDoubleProperty [value: 600.0]
17:53:09.696 [FXGL Background Thread 3 ] DEBUG Engine               - actualWidth: 1000.0
17:53:09.696 [FXGL Background Thread 3 ] DEBUG Engine               - actualWidthProperty: ReadOnlyDoubleProperty [value: 1000.0]
17:53:09.697 [FXGL Background Thread 3 ] DEBUG Engine               - appIcon: fxgl_icon.png
17:53:09.697 [FXGL Background Thread 3 ] DEBUG Engine               - applicationMode: DEVELOPER
17:53:09.697 [FXGL Background Thread 3 ] DEBUG Engine               - cSSList: [fxgl_dark.css]
17:53:09.697 [FXGL Background Thread 3 ] DEBUG Engine               - collisionDetectionStrategy: BRUTE_FORCE
17:53:09.697 [FXGL Background Thread 3 ] DEBUG Engine               - configClass: Optional.empty
17:53:09.697 [FXGL Background Thread 3 ] DEBUG Engine               - credits: []
17:53:09.697 [FXGL Background Thread 3 ] DEBUG Engine               - defaultCursor: CursorInfo(imageName=fxgl_default_cursor.png, hotspotX=7.0, hotspotY=6.0)
17:53:09.697 [FXGL Background Thread 3 ] DEBUG Engine               - devBBoxColorProperty: ObjectProperty [value: 0xff0000ff]
17:53:09.697 [FXGL Background Thread 3 ] DEBUG Engine               - devEnableDebugCameraProperty: BooleanProperty [value: false]
17:53:09.697 [FXGL Background Thread 3 ] DEBUG Engine               - devSensorColorProperty: ObjectProperty [value: 0xffff00ff]
17:53:09.697 [FXGL Background Thread 3 ] DEBUG Engine               - devShowBBoxProperty: BooleanProperty [value: false]
17:53:09.698 [FXGL Background Thread 3 ] DEBUG Engine               - devShowPositionProperty: BooleanProperty [value: false]
17:53:09.698 [FXGL Background Thread 3 ] DEBUG Engine               - enabledMenuItems: []
17:53:09.698 [FXGL Background Thread 3 ] DEBUG Engine               - engineServices: [class com.almasb.fxgl.app.services.FXGLAssetLoaderService, class com.almasb.fxgl.app.FXGLApplication$GameApplicationService, class com.almasb.fxgl.app.services.FXGLDialogService, class com.almasb.fxgl.app.services.IOTaskExecutorService, class com.almasb.fxgl.io.FileSystemService, class com.almasb.fxgl.localization.LocalizationService, class com.almasb.fxgl.app.services.SystemBundleService, class com.almasb.fxgl.profile.SaveLoadService, class com.almasb.fxgl.ui.FXGLUIFactoryServiceProvider, class com.almasb.fxgl.ui.FXGLDialogFactoryServiceProvider, class com.almasb.fxgl.audio.AudioPlayer, class com.almasb.fxgl.notification.impl.NotificationServiceProvider, class com.almasb.fxgl.achievement.AchievementService, class com.almasb.fxgl.cutscene.CutsceneService, class com.almasb.fxgl.minigames.MiniGameService, class com.almasb.fxgl.net.NetService, class com.almasb.fxgl.app.services.UpdaterService, class com.almasb.fxgl.dev.DevService, class com.almasb.fxgl.multiplayer.MultiplayerService]
17:53:09.698 [FXGL Background Thread 3 ] DEBUG Engine               - fontGame: Abel-Regular.ttf
17:53:09.698 [FXGL Background Thread 3 ] DEBUG Engine               - fontMono: TerminalLandMono-Regular.otf
17:53:09.698 [FXGL Background Thread 3 ] DEBUG Engine               - fontSizeScaleUI: 1.0
17:53:09.698 [FXGL Background Thread 3 ] DEBUG Engine               - fontText: Courier-Prime.ttf
17:53:09.698 [FXGL Background Thread 3 ] DEBUG Engine               - fontUI: VarelaRound-Regular.ttf
17:53:09.698 [FXGL Background Thread 3 ] DEBUG Engine               - fullScreen: BooleanProperty [value: false]
17:53:09.698 [FXGL Background Thread 3 ] DEBUG Engine               - gameDifficulty: MEDIUM
17:53:09.698 [FXGL Background Thread 3 ] DEBUG Engine               - gameDifficultyProperty: ObjectProperty [value: MEDIUM]
17:53:09.698 [FXGL Background Thread 3 ] DEBUG Engine               - globalMusicVolume: 0.5
17:53:09.698 [FXGL Background Thread 3 ] DEBUG Engine               - globalMusicVolumeProperty: DoubleProperty [value: 0.5]
17:53:09.698 [FXGL Background Thread 3 ] DEBUG Engine               - globalSoundVolume: 0.5
17:53:09.698 [FXGL Background Thread 3 ] DEBUG Engine               - globalSoundVolumeProperty: DoubleProperty [value: 0.5]
17:53:09.698 [FXGL Background Thread 3 ] DEBUG Engine               - height: 600
17:53:09.699 [FXGL Background Thread 3 ] DEBUG Engine               - is3D: false
17:53:09.699 [FXGL Background Thread 3 ] DEBUG Engine               - isAndroid: false
17:53:09.699 [FXGL Background Thread 3 ] DEBUG Engine               - isBrowser: false
17:53:09.699 [FXGL Background Thread 3 ] DEBUG Engine               - isClickFeedbackEnabled: false
17:53:09.699 [FXGL Background Thread 3 ] DEBUG Engine               - isCloseConfirmation: false
17:53:09.699 [FXGL Background Thread 3 ] DEBUG Engine               - isDesktop: true
17:53:09.699 [FXGL Background Thread 3 ] DEBUG Engine               - isDeveloperMenuEnabled: false
17:53:09.699 [FXGL Background Thread 3 ] DEBUG Engine               - isEmbedded: false
17:53:09.699 [FXGL Background Thread 3 ] DEBUG Engine               - isEntityPreloadEnabled: true
17:53:09.699 [FXGL Background Thread 3 ] DEBUG Engine               - isExperimentalTiledLargeMap: false
17:53:09.699 [FXGL Background Thread 3 ] DEBUG Engine               - isFileSystemWriteAllowed: true
17:53:09.699 [FXGL Background Thread 3 ] DEBUG Engine               - isFullScreenAllowed: false
17:53:09.699 [FXGL Background Thread 3 ] DEBUG Engine               - isFullScreenFromStart: false
17:53:09.699 [FXGL Background Thread 3 ] DEBUG Engine               - isGameMenuEnabled: true
17:53:09.699 [FXGL Background Thread 3 ] DEBUG Engine               - isIOS: false
17:53:09.699 [FXGL Background Thread 3 ] DEBUG Engine               - isIntroEnabled: false
17:53:09.699 [FXGL Background Thread 3 ] DEBUG Engine               - isLinux: false
17:53:09.699 [FXGL Background Thread 3 ] DEBUG Engine               - isMac: false
17:53:09.700 [FXGL Background Thread 3 ] DEBUG Engine               - isMainMenuEnabled: false
17:53:09.700 [FXGL Background Thread 3 ] DEBUG Engine               - isManualResizeEnabled: false
17:53:09.700 [FXGL Background Thread 3 ] DEBUG Engine               - isMobile: false
17:53:09.700 [FXGL Background Thread 3 ] DEBUG Engine               - isNative: false
17:53:09.700 [FXGL Background Thread 3 ] DEBUG Engine               - isPauseMusicWhenMinimized: true
17:53:09.700 [FXGL Background Thread 3 ] DEBUG Engine               - isPreserveResizeRatio: false
17:53:09.700 [FXGL Background Thread 3 ] DEBUG Engine               - isProfilingEnabled: false
17:53:09.700 [FXGL Background Thread 3 ] DEBUG Engine               - isScaleAffectedOnResize: true
17:53:09.700 [FXGL Background Thread 3 ] DEBUG Engine               - isSingleStep: false
17:53:09.700 [FXGL Background Thread 3 ] DEBUG Engine               - isUserProfileEnabled: false
17:53:09.700 [FXGL Background Thread 3 ] DEBUG Engine               - isWindows: true
17:53:09.700 [FXGL Background Thread 3 ] DEBUG Engine               - language: ObjectProperty [value: ENGLISH]
17:53:09.700 [FXGL Background Thread 3 ] DEBUG Engine               - menuKey: ESCAPE
17:53:09.700 [FXGL Background Thread 3 ] DEBUG Engine               - mouseSensitivity: 0.2
17:53:09.700 [FXGL Background Thread 3 ] DEBUG Engine               - notificationViewClass: class com.almasb.fxgl.notification.view.XboxNotificationView
17:53:09.700 [FXGL Background Thread 3 ] DEBUG Engine               - pixelsPerMeter: 50.0
17:53:09.700 [FXGL Background Thread 3 ] DEBUG Engine               - platform: WINDOWS
17:53:09.700 [FXGL Background Thread 3 ] DEBUG Engine               - prefHeightProperty: ReadOnlyDoubleProperty [value: 600.0]
17:53:09.700 [FXGL Background Thread 3 ] DEBUG Engine               - prefWidthProperty: ReadOnlyDoubleProperty [value: 1000.0]
17:53:09.700 [FXGL Background Thread 3 ] DEBUG Engine               - profileDir: profiles/
17:53:09.700 [FXGL Background Thread 3 ] DEBUG Engine               - profileName: StringProperty [value: DEFAULT]
17:53:09.700 [FXGL Background Thread 3 ] DEBUG Engine               - randomSeed: -1
17:53:09.701 [FXGL Background Thread 3 ] DEBUG Engine               - runtimeInfo: RuntimeInfo(platform=WINDOWS, version=17.3, build=30.03.2023 11.49)
17:53:09.701 [FXGL Background Thread 3 ] DEBUG Engine               - saveFileExt: sav
17:53:09.701 [FXGL Background Thread 3 ] DEBUG Engine               - scaledHeightProp$fxgl: DoubleProperty [bound, value: 600.0]
17:53:09.701 [FXGL Background Thread 3 ] DEBUG Engine               - scaledWidthProp$fxgl: DoubleProperty [bound, value: 1000.0]
17:53:09.701 [FXGL Background Thread 3 ] DEBUG Engine               - sceneFactory: com.almasb.fxgl.app.scene.SceneFactory@2415f864
17:53:09.701 [FXGL Background Thread 3 ] DEBUG Engine               - secondsIn24h: 60
17:53:09.701 [FXGL Background Thread 3 ] DEBUG Engine               - soundMenuBack: menu/back.wav
17:53:09.701 [FXGL Background Thread 3 ] DEBUG Engine               - soundMenuPress: menu/press.wav
17:53:09.701 [FXGL Background Thread 3 ] DEBUG Engine               - soundMenuSelect: menu/select.wav
17:53:09.701 [FXGL Background Thread 3 ] DEBUG Engine               - soundNotification: core/notification.wav
17:53:09.701 [FXGL Background Thread 3 ] DEBUG Engine               - stageStyle: DECORATED
17:53:09.701 [FXGL Background Thread 3 ] DEBUG Engine               - supportedLanguages: [ENGLISH, FRENCH, GERMAN, HUNGARIAN, RUSSIAN]
17:53:09.701 [FXGL Background Thread 3 ] DEBUG Engine               - ticksPerSecond: -1
17:53:09.701 [FXGL Background Thread 3 ] DEBUG Engine               - title: Jugador Sonic
17:53:09.701 [FXGL Background Thread 3 ] DEBUG Engine               - urlGithub: https://github.com/AlmasB/FXGL
17:53:09.701 [FXGL Background Thread 3 ] DEBUG Engine               - urlLeaderboard: http://fxgl-top.herokuapp.com/
17:53:09.702 [FXGL Background Thread 3 ] DEBUG Engine               - urlPOM: https://raw.githubusercontent.com/AlmasB/FXGL/release/README.md
17:53:09.702 [FXGL Background Thread 3 ] DEBUG Engine               - userAppClass: class Runner.ClientRunner
17:53:09.702 [FXGL Background Thread 3 ] DEBUG Engine               - version: 0.0
17:53:09.702 [FXGL Background Thread 3 ] DEBUG Engine               - versionCheckDays: 7
17:53:09.702 [FXGL Background Thread 3 ] DEBUG Engine               - width: 1000
17:53:09.702 [FXGL Background Thread 3 ] DEBUG Engine               - Logging services
17:53:09.702 [FXGL Background Thread 3 ] DEBUG Engine               - class com.almasb.fxgl.app.services.FXGLAssetLoaderService
17:53:09.702 [FXGL Background Thread 3 ] DEBUG Engine               - class com.almasb.fxgl.app.FXGLApplication$GameApplicationService
17:53:09.702 [FXGL Background Thread 3 ] DEBUG Engine               - class com.almasb.fxgl.app.services.FXGLDialogService
17:53:09.702 [FXGL Background Thread 3 ] DEBUG Engine               - class com.almasb.fxgl.app.services.IOTaskExecutorService
17:53:09.702 [FXGL Background Thread 3 ] DEBUG Engine               - class com.almasb.fxgl.io.FileSystemService
17:53:09.702 [FXGL Background Thread 3 ] DEBUG Engine               - class com.almasb.fxgl.localization.LocalizationService
17:53:09.702 [FXGL Background Thread 3 ] DEBUG Engine               - class com.almasb.fxgl.app.services.SystemBundleService
17:53:09.702 [FXGL Background Thread 3 ] DEBUG Engine               - class com.almasb.fxgl.profile.SaveLoadService
17:53:09.702 [FXGL Background Thread 3 ] DEBUG Engine               - class com.almasb.fxgl.ui.FXGLUIFactoryServiceProvider
17:53:09.702 [FXGL Background Thread 3 ] DEBUG Engine               - class com.almasb.fxgl.ui.FXGLDialogFactoryServiceProvider
17:53:09.702 [FXGL Background Thread 3 ] DEBUG Engine               - class com.almasb.fxgl.audio.AudioPlayer
17:53:09.702 [FXGL Background Thread 3 ] DEBUG Engine               - class com.almasb.fxgl.notification.impl.NotificationServiceProvider
17:53:09.702 [FXGL Background Thread 3 ] DEBUG Engine               - class com.almasb.fxgl.achievement.AchievementService
17:53:09.702 [FXGL Background Thread 3 ] DEBUG Engine               - class com.almasb.fxgl.cutscene.CutsceneService
17:53:09.702 [FXGL Background Thread 3 ] DEBUG Engine               - class com.almasb.fxgl.minigames.MiniGameService
17:53:09.703 [FXGL Background Thread 3 ] DEBUG Engine               - class com.almasb.fxgl.net.NetService
17:53:09.703 [FXGL Background Thread 3 ] DEBUG Engine               - class com.almasb.fxgl.app.services.UpdaterService
17:53:09.703 [FXGL Background Thread 3 ] DEBUG Engine               - class com.almasb.fxgl.dev.DevService
17:53:09.703 [FXGL Background Thread 3 ] DEBUG Engine               - class com.almasb.fxgl.multiplayer.MultiplayerService
17:53:16.817 [JavaFX Application Thread] DEBUG FXGLAssetLoaderServi - Loading from file system: file:/C:/Users/User/Documents/GitHub/Sonic-rush/target/classes/assets/textures/fondo.png
17:53:17.007 [JavaFX Application Thread] WARN  TMXLevelLoader       - TiledMap generated from 1.11.2. Supported version: 1.9.0. Some features may not be parsed fully.
17:53:17.028 [JavaFX Application Thread] DEBUG TMXLevelLoader       - Parsed TiledMap: file:/C:/Users/User/Documents/GitHub/Sonic-rush/target/classes/assets/levels/mapazo.tmx
17:53:17.029 [JavaFX Application Thread] DEBUG TMXLevelLoader       - Creating tile layer entities
17:53:17.031 [JavaFX Application Thread] DEBUG TilesetLoader        - Loading view for layer Capa de patrones 1
17:53:17.036 [JavaFX Application Thread] DEBUG TilesetLoader        - Created buffer with size 3840.0x720.0
17:53:17.057 [JavaFX Application Thread] DEBUG TMXLevelLoader       - Creating object layer entities
17:53:17.082 [JavaFX Application Thread] DEBUG GameWorld            - Clearing removable entities
17:53:17.084 [JavaFX Application Thread] DEBUG GameWorld            - Setting level: com.almasb.fxgl.entity.level.Level@570ef136
17:53:17.096 [ClientAsyncConnThread    ] DEBUG TCPClient            - Connecting to 192.168.56.1:50000 type: class com.almasb.fxgl.core.serialization.Bundle
17:53:17.096 [ClientAsyncConnThread    ] DEBUG TCPClient            - Created socket to 192.168.56.1:50000
17:53:17.105 [ClientAsyncConnThread    ] DEBUG Endpoint             - TCPClient opening new connection (1) from /192.168.56.1:50000 type: class com.almasb.fxgl.core.serialization.Bundle
17:53:17.107 [ClientAsyncConnThread    ] DEBUG Endpoint             - TCPClient successfully opened connection (1)
17:53:17.133 [TCPClient_SendThread-1   ] DEBUG Writers              - Getting TCPMessageWriter for class com.almasb.fxgl.core.serialization.Bundle
17:53:17.133 [TCPClient_RecvThread-1   ] DEBUG Readers              - Getting TCPMessageReader for class com.almasb.fxgl.core.serialization.Bundle
17:53:17.134 [TCPClient_SendThread-1   ] DEBUG Writers              - Constructed TCPMessageWriter for class com.almasb.fxgl.core.serialization.Bundle: BundleTCPMessageWriter
17:53:17.137 [TCPClient_RecvThread-1   ] DEBUG Readers              - Constructed MessageReader for class com.almasb.fxgl.core.serialization.Bundle: BundleTCPMessageReader
17:53:17.151 [JavaFX Application Thread] DEBUG FXGLAssetLoaderServi - Loading from file system: file:/C:/Users/User/Documents/GitHub/Sonic-rush/target/classes/assets/textures/Items/ring.png
17:53:17.174 [JavaFX Application Thread] DEBUG FXGLAssetLoaderServi - Loading from file system: file:/C:/Users/User/Documents/GitHub/Sonic-rush/target/classes/assets/textures/Items/caucho.png
17:53:17.177 [JavaFX Application Thread] DEBUG FXGLAssetLoaderServi - Loading from file system: file:/C:/Users/User/Documents/GitHub/Sonic-rush/target/classes/assets/textures/Items/papel.png
17:53:17.180 [JavaFX Application Thread] DEBUG FXGLAssetLoaderServi - Loading from file system: file:/C:/Users/User/Documents/GitHub/Sonic-rush/target/classes/assets/textures/Items/basura.png
17:53:17.193 [JavaFX Application Thread] DEBUG FXGLAssetLoaderServi - Loading from file system: file:/C:/Users/User/Documents/GitHub/Sonic-rush/target/classes/assets/textures/Enemigos/enemigo2.png
17:53:17.213 [JavaFX Application Thread] DEBUG FXGLAssetLoaderServi - Loading from file system: file:/C:/Users/User/Documents/GitHub/Sonic-rush/target/classes/assets/textures/Personajes/sonic.png
17:53:17.216 [JavaFX Application Thread] DEBUG FXGLAssetLoaderServi - Loading from file system: file:/C:/Users/User/Documents/GitHub/Sonic-rush/target/classes/assets/textures/Personajes/sonic_camina.png
17:53:17.217 [JavaFX Application Thread] DEBUG FXGLAssetLoaderServi - Loading from file system: file:/C:/Users/User/Documents/GitHub/Sonic-rush/target/classes/assets/textures/Personajes/super_idle.png
17:53:17.218 [JavaFX Application Thread] DEBUG FXGLAssetLoaderServi - Loading from file system: file:/C:/Users/User/Documents/GitHub/Sonic-rush/target/classes/assets/textures/Personajes/super_sonic.png
17:53:21.414 [JavaFX Application Thread] DEBUG FXGLAssetLoaderServi - Loading from file system: file:/C:/Users/User/Documents/GitHub/Sonic-rush/target/classes/assets/sounds/recoger.wav
17:53:26.948 [JavaFX Application Thread] DEBUG FXGLAssetLoaderServi - Loading from file system: file:/C:/Users/User/Documents/GitHub/Sonic-rush/target/classes/assets/sounds/salto.wav
17:53:29.313 [JavaFX Application Thread] DEBUG FXGLApplication      - Exiting FXGL
17:53:29.313 [JavaFX Application Thread] DEBUG LoopRunner           - Stopping loop
17:53:29.314 [JavaFX Application Thread] DEBUG SystemBundleService  - Saving FXGL system data
17:53:29.315 [JavaFX Application Thread] DEBUG FileSystemAccess     - Writing to: C:\Users\User\Documents\GitHub\Sonic-rush\system\fxgl.bundle
17:53:29.316 [JavaFX Application Thread] DEBUG Async                - Shutting down background threads
17:53:29.316 [JavaFX Application Thread] DEBUG PrimaryStageWindow   - Closing main window
17:53:29.330 [JavaFX Application Thread] DEBUG Logger               - Closing Logger
