00:22:07.567 [main                     ] DEBUG Logger               - Configured Logger
00:22:07.609 [main                     ] DEBUG GameApplication      - Logging settings
Title: Jugador Sonic
Version: 0.0
Width: 1000
Height: 600
Fullscreen: false
Intro: false
Profiling: false
Single step:false
App Mode: DEVELOPER
Menu Key: ESCAPE
Stage Style: DECORATED
Scene Factory: class com.almasb.fxgl.app.scene.SceneFactory

00:22:08.657 [JavaFX Application Thread] DEBUG FXGLApplication      - Initializing FXGL
00:22:08.673 [JavaFX Application Thread] INFO  Engine               - FXGL-17.3 (30.03.2023 11.49) on WINDOWS (J:17.0.12 FX:20)
00:22:08.685 [JavaFX Application Thread] DEBUG Engine               - JRE Vendor Name: Oracle Corporation
00:22:08.686 [JavaFX Application Thread] DEBUG Engine               - Running on OS: Windows 10 version 10.0
00:22:08.686 [JavaFX Application Thread] DEBUG Engine               - Architecture: amd64
00:22:08.686 [JavaFX Application Thread] INFO  Engine               - Source code and latest versions at: https://github.com/AlmasB/FXGL
00:22:08.687 [JavaFX Application Thread] INFO  Engine               -       Ask questions and discuss at: https://github.com/AlmasB/FXGL/discussions
00:22:08.688 [JavaFX Application Thread] INFO  Engine               -              Join the FXGL chat at: https://gitter.im/AlmasB/FXGL
00:22:09.256 [JavaFX Application Thread] DEBUG PrimaryStageWindow   - Creating a JavaFX scene
00:22:09.355 [JavaFX Application Thread] DEBUG PrimaryStageWindow   - Target settings size: 1000.0 x 600.0
00:22:09.356 [JavaFX Application Thread] DEBUG PrimaryStageWindow   - Scaled scene size:    1000.0 x 600.0
00:22:09.356 [JavaFX Application Thread] DEBUG PrimaryStageWindow   - Scaled ratio: (1.0, 1.0)
00:22:09.358 [JavaFX Application Thread] DEBUG PrimaryStageWindow   - Set initial scene to FXGLStartupScene
00:22:09.367 [JavaFX Application Thread] DEBUG PrimaryStageWindow   - Opening main window
00:22:09.525 [JavaFX Application Thread] DEBUG PrimaryStageWindow   - Window border size: (14.4000244140625, 37.5999755859375)
00:22:09.525 [JavaFX Application Thread] DEBUG PrimaryStageWindow   - Scaled size: 1000.0 x 600.0
00:22:09.526 [JavaFX Application Thread] DEBUG PrimaryStageWindow   - Scaled ratio: (1.0, 1.0)
00:22:09.526 [JavaFX Application Thread] DEBUG PrimaryStageWindow   - Scene size: 1000.0 x 600.0
00:22:09.528 [JavaFX Application Thread] DEBUG PrimaryStageWindow   - Stage size: 1014.4000244140625 x 637.5999755859375
00:22:09.551 [FXGL Background Thread 1 ] DEBUG Engine               - Initializing environment variables
00:22:09.668 [FXGL Background Thread 1 ] DEBUG FXGLAssetLoaderServi - User app class for loading assets: class Runner.ClientRunner
00:22:09.669 [FXGL Background Thread 1 ] DEBUG GameApplicationServi - Applying CSS: fxgl_dark.css
00:22:09.671 [FXGL Background Thread 1 ] DEBUG FXGLAssetLoaderServi - Loading from file system: jar:file:/C:/Users/Owner/.m2/repository/com/github/almasb/fxgl/17.3/fxgl-17.3.jar!/fxglassets/ui/css/fxgl_dark.css
00:22:09.828 [FXGL Background Thread 1 ] DEBUG GameApplicationServi - Initializing application scenes
00:22:10.155 [FXGL Background Thread 1 ] DEBUG GameWorld            - Game world initialized
00:22:10.511 [FXGL Background Thread 1 ] DEBUG PhysicsWorld         - Physics world initialized: appHeight=600, physics.ppm=50.0
00:22:10.511 [FXGL Background Thread 1 ] DEBUG PhysicsWorld         - Using strategy: BRUTE_FORCE
00:22:10.520 [FXGL Background Thread 1 ] DEBUG GameScene            - Game scene initialized: 1000x600
00:22:10.560 [FXGL Background Thread 1 ] DEBUG FXGL.DefaultMenu     - createMenuBodyGameMenu()
00:22:10.600 [FXGL Background Thread 1 ] DEBUG FXGL.DefaultMenu     - createOptionsMenu()
00:22:10.626 [FXGL Background Thread 1 ] DEBUG FXGLAssetLoaderServi - Loading from file system: jar:file:/C:/Users/Owner/.m2/repository/com/github/almasb/fxgl/17.3/fxgl-17.3.jar!/fxglassets/textures/particles/smoke.png
00:22:11.133 [FXGL Background Thread 1 ] DEBUG FXGLAssetLoaderServi - Loading from file system: jar:file:/C:/Users/Owner/.m2/repository/com/github/almasb/fxgl/17.3/fxgl-17.3.jar!/fxglassets/textures/particles/trace_horizontal.png
00:22:11.258 [FXGL Background Thread 1 ] DEBUG GameApplicationServi - Application scenes initialized
00:22:11.285 [FXGL Background Thread 1 ] DEBUG SystemBundleService  - Loading FXGL system data
00:22:11.297 [FXGL Background Thread 1 ] DEBUG FileSystemAccess     - Reading from: C:\Users\Owner\Desktop\Sonic-rush\system\fxgl.bundle
00:22:11.369 [FXGL Background Thread 1 ] DEBUG SystemBundleService  - Bundle FXGL: {}
00:22:11.370 [FXGL Background Thread 1 ] DEBUG UpdaterService       - Checking for updates
00:22:11.383 [FXGL Background Thread 1 ] DEBUG FXGLApplication      - Loading default localization
00:22:11.385 [FXGL Background Thread 1 ] DEBUG FXGLAssetLoaderServi - Loading from file system: jar:file:/C:/Users/Owner/.m2/repository/com/github/almasb/fxgl/17.3/fxgl-17.3.jar!/fxglassets/languages/english.lang
00:22:11.447 [FXGL Background Thread 1 ] INFO  FXGLApplication      - FXGL initialization took: 1.895 sec
00:22:11.538 [FXGL Background Thread 4 ] DEBUG FXGLApplication      - Loading fonts
00:22:11.539 [FXGL Background Thread 4 ] DEBUG FXGLAssetLoaderServi - Loading from file system: jar:file:/C:/Users/Owner/.m2/repository/com/github/almasb/fxgl/17.3/fxgl-17.3.jar!/fxglassets/ui/fonts/VarelaRound-Regular.ttf
00:22:11.620 [JavaFX Application Thread] DEBUG Input                - Registered new binding: Mover a la izquierda - A
00:22:11.621 [JavaFX Application Thread] DEBUG Input                - Registered new binding: Mover a la derecha - D
00:22:11.621 [JavaFX Application Thread] DEBUG Input                - Registered new binding: Saltar - W
00:22:11.622 [JavaFX Application Thread] DEBUG Input                - Registered new binding: Interactuar - E
00:22:11.622 [JavaFX Application Thread] DEBUG Input                - Registered new binding: Transformar - P
00:22:11.622 [JavaFX Application Thread] DEBUG Input                - Registered new binding: Desactivar filtro - L
00:22:11.623 [JavaFX Application Thread] DEBUG FXGLAssetLoaderServi - Loading from file system: jar:file:/C:/Users/Owner/.m2/repository/com/github/almasb/fxgl/17.3/fxgl-17.3.jar!/fxglassets/textures/fxgl_icon.png
00:22:11.665 [JavaFX Application Thread] DEBUG FXGLAssetLoaderServi - Loading from file system: jar:file:/C:/Users/Owner/.m2/repository/com/github/almasb/fxgl/17.3/fxgl-17.3.jar!/fxglassets/textures/fxgl_default_cursor.png
00:22:11.668 [JavaFX Application Thread] DEBUG Input                - Registered new binding: Screenshot - CTRL+8
00:22:11.669 [JavaFX Application Thread] DEBUG Input                - Registered new binding: System info dump - CTRL+9
00:22:11.669 [JavaFX Application Thread] DEBUG Input                - Registered new binding: Restart - CTRL+R
00:22:11.670 [JavaFX Application Thread] DEBUG Input                - Registered new binding: Toggle Debug Camera - CTRL+7
00:22:11.692 [JavaFX Application Thread] DEBUG LoopRunner           - Starting loop
00:22:11.693 [JavaFX Application Thread] DEBUG LoopRunner           - Initializing JavaFX AnimationTimerLoop
00:22:11.714 [JavaFX Application Thread] DEBUG GameApplicationServi - Starting new game
00:22:11.715 [JavaFX Application Thread] DEBUG Input                - Clearing active input actions
00:22:11.751 [JavaFX Application Thread] DEBUG GameApplicationServi - Removing overlay from FXGLStartupScene and adding to FXGLLoadingScene
00:22:11.752 [JavaFX Application Thread] DEBUG PrimaryStageWindow   - FXGLStartupScene -> FXGLLoadingScene
00:22:11.752 [JavaFX Application Thread] DEBUG GameApplicationServi - Clearing previous game
00:22:11.752 [JavaFX Application Thread] DEBUG GameScene            - Clearing game scene
00:22:11.752 [JavaFX Application Thread] DEBUG GameWorld            - Clearing game world
00:22:11.753 [JavaFX Application Thread] DEBUG PhysicsWorld         - Clearing physics world
00:22:11.755 [FXGL Background Thread 1 ] DEBUG FXGLApplication      - Initializing game
00:22:11.792 [FXGL Background Thread 1 ] DEBUG FXGLAssetLoaderServi - Loading from file system: file:/C:/Users/Owner/Desktop/Sonic-rush/target/classes/assets/music/OST2.mp3
00:22:12.678 [FXGL Background Thread 4 ] DEBUG FXGLAssetLoaderServi - Loading from file system: jar:file:/C:/Users/Owner/.m2/repository/com/github/almasb/fxgl/17.3/fxgl-17.3.jar!/fxglassets/ui/fonts/Abel-Regular.ttf
00:22:12.713 [FXGL Background Thread 4 ] DEBUG FXGLAssetLoaderServi - Loading from file system: jar:file:/C:/Users/Owner/.m2/repository/com/github/almasb/fxgl/17.3/fxgl-17.3.jar!/fxglassets/ui/fonts/TerminalLandMono-Regular.otf
00:22:12.761 [FXGL Background Thread 4 ] DEBUG FXGLAssetLoaderServi - Loading from file system: jar:file:/C:/Users/Owner/.m2/repository/com/github/almasb/fxgl/17.3/fxgl-17.3.jar!/fxglassets/ui/fonts/Courier-Prime.ttf
00:22:12.829 [JavaFX Application Thread] DEBUG FXGLApplication      - Registering font factories with UI factory
00:22:14.207 [FXGL Background Thread 1 ] DEBUG AudioPlayer          - Playing music com.almasb.fxgl.audio.Music@5c7b7410
00:22:14.237 [FXGL Background Thread 1 ] INFO  FXGLApplication      - Game initialization took: 2.482 sec
00:22:14.400 [FXGL Background Thread 2 ] INFO  UpdaterService       - Your current version:  17.3
00:22:14.402 [FXGL Background Thread 3 ] DEBUG Engine               - Logging environment variables
00:22:14.407 [FXGL Background Thread 3 ] DEBUG Engine               - achievements: []
00:22:14.408 [FXGL Background Thread 3 ] DEBUG Engine               - actualHeight: 600.0
00:22:14.409 [FXGL Background Thread 3 ] DEBUG Engine               - actualHeightProperty: ReadOnlyDoubleProperty [value: 600.0]
00:22:14.410 [FXGL Background Thread 3 ] DEBUG Engine               - actualWidth: 1000.0
00:22:14.411 [FXGL Background Thread 3 ] DEBUG Engine               - actualWidthProperty: ReadOnlyDoubleProperty [value: 1000.0]
00:22:14.412 [FXGL Background Thread 3 ] DEBUG Engine               - appIcon: fxgl_icon.png
00:22:14.412 [FXGL Background Thread 3 ] DEBUG Engine               - applicationMode: DEVELOPER
00:22:14.412 [FXGL Background Thread 3 ] DEBUG Engine               - cSSList: [fxgl_dark.css]
00:22:14.412 [FXGL Background Thread 3 ] DEBUG Engine               - collisionDetectionStrategy: BRUTE_FORCE
00:22:14.412 [FXGL Background Thread 3 ] DEBUG Engine               - configClass: Optional.empty
00:22:14.412 [FXGL Background Thread 3 ] DEBUG Engine               - credits: []
00:22:14.413 [FXGL Background Thread 3 ] DEBUG Engine               - defaultCursor: CursorInfo(imageName=fxgl_default_cursor.png, hotspotX=7.0, hotspotY=6.0)
00:22:14.413 [FXGL Background Thread 3 ] DEBUG Engine               - devBBoxColorProperty: ObjectProperty [value: 0xff0000ff]
00:22:14.414 [FXGL Background Thread 3 ] DEBUG Engine               - devEnableDebugCameraProperty: BooleanProperty [value: false]
00:22:14.414 [FXGL Background Thread 3 ] DEBUG Engine               - devSensorColorProperty: ObjectProperty [value: 0xffff00ff]
00:22:14.414 [FXGL Background Thread 3 ] DEBUG Engine               - devShowBBoxProperty: BooleanProperty [value: false]
00:22:14.414 [FXGL Background Thread 3 ] DEBUG Engine               - devShowPositionProperty: BooleanProperty [value: false]
00:22:14.414 [FXGL Background Thread 3 ] DEBUG Engine               - enabledMenuItems: []
00:22:14.415 [FXGL Background Thread 3 ] DEBUG Engine               - engineServices: [class com.almasb.fxgl.app.services.FXGLAssetLoaderService, class com.almasb.fxgl.app.FXGLApplication$GameApplicationService, class com.almasb.fxgl.app.services.FXGLDialogService, class com.almasb.fxgl.app.services.IOTaskExecutorService, class com.almasb.fxgl.io.FileSystemService, class com.almasb.fxgl.localization.LocalizationService, class com.almasb.fxgl.app.services.SystemBundleService, class com.almasb.fxgl.profile.SaveLoadService, class com.almasb.fxgl.ui.FXGLUIFactoryServiceProvider, class com.almasb.fxgl.ui.FXGLDialogFactoryServiceProvider, class com.almasb.fxgl.audio.AudioPlayer, class com.almasb.fxgl.notification.impl.NotificationServiceProvider, class com.almasb.fxgl.achievement.AchievementService, class com.almasb.fxgl.cutscene.CutsceneService, class com.almasb.fxgl.minigames.MiniGameService, class com.almasb.fxgl.net.NetService, class com.almasb.fxgl.app.services.UpdaterService, class com.almasb.fxgl.dev.DevService, class com.almasb.fxgl.multiplayer.MultiplayerService]
00:22:14.415 [FXGL Background Thread 3 ] DEBUG Engine               - fontGame: Abel-Regular.ttf
00:22:14.415 [FXGL Background Thread 3 ] DEBUG Engine               - fontMono: TerminalLandMono-Regular.otf
00:22:14.416 [FXGL Background Thread 3 ] DEBUG Engine               - fontSizeScaleUI: 1.0
00:22:14.416 [FXGL Background Thread 3 ] DEBUG Engine               - fontText: Courier-Prime.ttf
00:22:14.416 [FXGL Background Thread 3 ] DEBUG Engine               - fontUI: VarelaRound-Regular.ttf
00:22:14.416 [FXGL Background Thread 3 ] DEBUG Engine               - fullScreen: BooleanProperty [value: false]
00:22:14.416 [FXGL Background Thread 3 ] DEBUG Engine               - gameDifficulty: MEDIUM
00:22:14.416 [FXGL Background Thread 3 ] DEBUG Engine               - gameDifficultyProperty: ObjectProperty [value: MEDIUM]
00:22:14.416 [FXGL Background Thread 3 ] DEBUG Engine               - globalMusicVolume: 0.5
00:22:14.417 [FXGL Background Thread 3 ] DEBUG Engine               - globalMusicVolumeProperty: DoubleProperty [value: 0.5]
00:22:14.417 [FXGL Background Thread 3 ] DEBUG Engine               - globalSoundVolume: 0.5
00:22:14.417 [FXGL Background Thread 3 ] DEBUG Engine               - globalSoundVolumeProperty: DoubleProperty [value: 0.5]
00:22:14.417 [FXGL Background Thread 3 ] DEBUG Engine               - height: 600
00:22:14.417 [FXGL Background Thread 3 ] DEBUG Engine               - is3D: false
00:22:14.417 [FXGL Background Thread 3 ] DEBUG Engine               - isAndroid: false
00:22:14.417 [FXGL Background Thread 3 ] DEBUG Engine               - isBrowser: false
00:22:14.417 [FXGL Background Thread 3 ] DEBUG Engine               - isClickFeedbackEnabled: false
00:22:14.418 [FXGL Background Thread 3 ] DEBUG Engine               - isCloseConfirmation: false
00:22:14.418 [FXGL Background Thread 3 ] DEBUG Engine               - isDesktop: true
00:22:14.418 [FXGL Background Thread 3 ] DEBUG Engine               - isDeveloperMenuEnabled: false
00:22:14.418 [FXGL Background Thread 3 ] DEBUG Engine               - isEmbedded: false
00:22:14.418 [FXGL Background Thread 3 ] DEBUG Engine               - isEntityPreloadEnabled: true
00:22:14.418 [FXGL Background Thread 3 ] DEBUG Engine               - isExperimentalTiledLargeMap: false
00:22:14.418 [FXGL Background Thread 3 ] DEBUG Engine               - isFileSystemWriteAllowed: true
00:22:14.418 [FXGL Background Thread 3 ] DEBUG Engine               - isFullScreenAllowed: false
00:22:14.418 [FXGL Background Thread 3 ] DEBUG Engine               - isFullScreenFromStart: false
00:22:14.418 [FXGL Background Thread 3 ] DEBUG Engine               - isGameMenuEnabled: true
00:22:14.418 [FXGL Background Thread 3 ] DEBUG Engine               - isIOS: false
00:22:14.419 [FXGL Background Thread 3 ] DEBUG Engine               - isIntroEnabled: false
00:22:14.419 [FXGL Background Thread 3 ] DEBUG Engine               - isLinux: false
00:22:14.419 [FXGL Background Thread 3 ] DEBUG Engine               - isMac: false
00:22:14.419 [FXGL Background Thread 3 ] DEBUG Engine               - isMainMenuEnabled: false
00:22:14.419 [FXGL Background Thread 3 ] DEBUG Engine               - isManualResizeEnabled: false
00:22:14.419 [FXGL Background Thread 3 ] DEBUG Engine               - isMobile: false
00:22:14.419 [FXGL Background Thread 3 ] DEBUG Engine               - isNative: false
00:22:14.419 [FXGL Background Thread 3 ] DEBUG Engine               - isPauseMusicWhenMinimized: true
00:22:14.419 [FXGL Background Thread 3 ] DEBUG Engine               - isPreserveResizeRatio: false
00:22:14.419 [FXGL Background Thread 3 ] DEBUG Engine               - isProfilingEnabled: false
00:22:14.420 [FXGL Background Thread 3 ] DEBUG Engine               - isScaleAffectedOnResize: true
00:22:14.420 [FXGL Background Thread 3 ] DEBUG Engine               - isSingleStep: false
00:22:14.420 [FXGL Background Thread 3 ] DEBUG Engine               - isUserProfileEnabled: false
00:22:14.420 [FXGL Background Thread 3 ] DEBUG Engine               - isWindows: true
00:22:14.420 [FXGL Background Thread 3 ] DEBUG Engine               - language: ObjectProperty [value: ENGLISH]
00:22:14.420 [FXGL Background Thread 3 ] DEBUG Engine               - menuKey: ESCAPE
00:22:14.423 [FXGL Background Thread 3 ] DEBUG Engine               - mouseSensitivity: 0.2
00:22:14.423 [FXGL Background Thread 3 ] DEBUG Engine               - notificationViewClass: class com.almasb.fxgl.notification.view.XboxNotificationView
00:22:14.424 [FXGL Background Thread 3 ] DEBUG Engine               - pixelsPerMeter: 50.0
00:22:14.425 [FXGL Background Thread 3 ] DEBUG Engine               - platform: WINDOWS
00:22:14.425 [FXGL Background Thread 3 ] DEBUG Engine               - prefHeightProperty: ReadOnlyDoubleProperty [value: 600.0]
00:22:14.425 [FXGL Background Thread 3 ] DEBUG Engine               - prefWidthProperty: ReadOnlyDoubleProperty [value: 1000.0]
00:22:14.426 [FXGL Background Thread 3 ] DEBUG Engine               - profileDir: profiles/
00:22:14.426 [FXGL Background Thread 3 ] DEBUG Engine               - profileName: StringProperty [value: DEFAULT]
00:22:14.426 [FXGL Background Thread 3 ] DEBUG Engine               - randomSeed: -1
00:22:14.427 [FXGL Background Thread 3 ] DEBUG Engine               - runtimeInfo: RuntimeInfo(platform=WINDOWS, version=17.3, build=30.03.2023 11.49)
00:22:14.427 [FXGL Background Thread 3 ] DEBUG Engine               - saveFileExt: sav
00:22:14.428 [FXGL Background Thread 3 ] DEBUG Engine               - scaledHeightProp$fxgl: DoubleProperty [bound, value: 600.0]
00:22:14.428 [FXGL Background Thread 3 ] DEBUG Engine               - scaledWidthProp$fxgl: DoubleProperty [bound, value: 1000.0]
00:22:14.428 [FXGL Background Thread 3 ] DEBUG Engine               - sceneFactory: com.almasb.fxgl.app.scene.SceneFactory@2144c25
00:22:14.428 [FXGL Background Thread 3 ] DEBUG Engine               - secondsIn24h: 60
00:22:14.429 [FXGL Background Thread 3 ] DEBUG Engine               - soundMenuBack: menu/back.wav
00:22:14.429 [FXGL Background Thread 3 ] DEBUG Engine               - soundMenuPress: menu/press.wav
00:22:14.429 [FXGL Background Thread 3 ] DEBUG Engine               - soundMenuSelect: menu/select.wav
00:22:14.429 [FXGL Background Thread 3 ] DEBUG Engine               - soundNotification: core/notification.wav
00:22:14.430 [FXGL Background Thread 3 ] DEBUG Engine               - stageStyle: DECORATED
00:22:14.431 [FXGL Background Thread 3 ] DEBUG Engine               - supportedLanguages: [ENGLISH, FRENCH, GERMAN, HUNGARIAN, RUSSIAN]
00:22:14.431 [FXGL Background Thread 3 ] DEBUG Engine               - ticksPerSecond: -1
00:22:14.432 [FXGL Background Thread 3 ] DEBUG Engine               - title: Jugador Sonic
00:22:14.433 [FXGL Background Thread 3 ] DEBUG Engine               - urlGithub: https://github.com/AlmasB/FXGL
00:22:14.433 [FXGL Background Thread 3 ] DEBUG Engine               - urlLeaderboard: http://fxgl-top.herokuapp.com/
00:22:14.435 [FXGL Background Thread 3 ] DEBUG Engine               - urlPOM: https://raw.githubusercontent.com/AlmasB/FXGL/release/README.md
00:22:14.435 [FXGL Background Thread 3 ] DEBUG Engine               - userAppClass: class Runner.ClientRunner
00:22:14.438 [FXGL Background Thread 3 ] DEBUG Engine               - version: 0.0
00:22:14.439 [FXGL Background Thread 3 ] DEBUG Engine               - versionCheckDays: 7
00:22:14.442 [FXGL Background Thread 3 ] DEBUG Engine               - width: 1000
00:22:14.443 [FXGL Background Thread 3 ] DEBUG Engine               - Logging services
00:22:14.445 [FXGL Background Thread 3 ] DEBUG Engine               - class com.almasb.fxgl.app.services.FXGLAssetLoaderService
00:22:14.447 [FXGL Background Thread 3 ] DEBUG Engine               - class com.almasb.fxgl.app.FXGLApplication$GameApplicationService
00:22:14.447 [FXGL Background Thread 3 ] DEBUG Engine               - class com.almasb.fxgl.app.services.FXGLDialogService
00:22:14.447 [FXGL Background Thread 3 ] DEBUG Engine               - class com.almasb.fxgl.app.services.IOTaskExecutorService
00:22:14.447 [FXGL Background Thread 3 ] DEBUG Engine               - class com.almasb.fxgl.io.FileSystemService
00:22:14.447 [FXGL Background Thread 3 ] DEBUG Engine               - class com.almasb.fxgl.localization.LocalizationService
00:22:14.447 [FXGL Background Thread 3 ] DEBUG Engine               - class com.almasb.fxgl.app.services.SystemBundleService
00:22:14.447 [FXGL Background Thread 3 ] DEBUG Engine               - class com.almasb.fxgl.profile.SaveLoadService
00:22:14.447 [FXGL Background Thread 3 ] DEBUG Engine               - class com.almasb.fxgl.ui.FXGLUIFactoryServiceProvider
00:22:14.447 [FXGL Background Thread 3 ] DEBUG Engine               - class com.almasb.fxgl.ui.FXGLDialogFactoryServiceProvider
00:22:14.447 [FXGL Background Thread 3 ] DEBUG Engine               - class com.almasb.fxgl.audio.AudioPlayer
00:22:14.447 [FXGL Background Thread 3 ] DEBUG Engine               - class com.almasb.fxgl.notification.impl.NotificationServiceProvider
00:22:14.447 [FXGL Background Thread 3 ] DEBUG Engine               - class com.almasb.fxgl.achievement.AchievementService
00:22:14.447 [FXGL Background Thread 3 ] DEBUG Engine               - class com.almasb.fxgl.cutscene.CutsceneService
00:22:14.447 [FXGL Background Thread 3 ] DEBUG Engine               - class com.almasb.fxgl.minigames.MiniGameService
00:22:14.447 [FXGL Background Thread 3 ] DEBUG Engine               - class com.almasb.fxgl.net.NetService
00:22:14.447 [FXGL Background Thread 3 ] DEBUG Engine               - class com.almasb.fxgl.app.services.UpdaterService
00:22:14.448 [FXGL Background Thread 3 ] DEBUG Engine               - class com.almasb.fxgl.dev.DevService
00:22:14.448 [FXGL Background Thread 3 ] DEBUG Engine               - class com.almasb.fxgl.multiplayer.MultiplayerService
00:22:14.608 [FXGL Background Thread 2 ] INFO  UpdaterService       - Latest stable version: 21.1
00:22:14.749 [JavaFX Application Thread] DEBUG Input                - Clearing active input actions
00:22:14.800 [JavaFX Application Thread] DEBUG GameApplicationServi - Removing overlay from FXGLLoadingScene and adding to GameScene
00:22:14.800 [JavaFX Application Thread] DEBUG PrimaryStageWindow   - FXGLLoadingScene -> GameScene
00:22:18.715 [JavaFX Application Thread] DEBUG FXGLAssetLoaderServi - Loading from file system: file:/C:/Users/Owner/Desktop/Sonic-rush/target/classes/assets/textures/fondo.png
00:22:19.788 [JavaFX Application Thread] WARN  TMXLevelLoader       - TiledMap generated from 1.11.2. Supported version: 1.9.0. Some features may not be parsed fully.
00:22:20.020 [JavaFX Application Thread] DEBUG TMXLevelLoader       - Parsed TiledMap: file:/C:/Users/Owner/Desktop/Sonic-rush/target/classes/assets/levels/mapazo.tmx
00:22:20.030 [JavaFX Application Thread] DEBUG TMXLevelLoader       - Creating tile layer entities
00:22:20.045 [JavaFX Application Thread] DEBUG TilesetLoader        - Loading view for layer Capa de patrones 1
00:22:20.059 [JavaFX Application Thread] DEBUG TilesetLoader        - Created buffer with size 3840.0x720.0
00:22:20.147 [JavaFX Application Thread] DEBUG TMXLevelLoader       - Creating object layer entities
00:22:20.241 [JavaFX Application Thread] DEBUG GameWorld            - Clearing removable entities
00:22:20.245 [JavaFX Application Thread] DEBUG GameWorld            - Setting level: com.almasb.fxgl.entity.level.Level@6fe8c2d2
00:22:20.537 [ClientAsyncConnThread    ] DEBUG TCPClient            - Connecting to localhost:55555 type: class com.almasb.fxgl.core.serialization.Bundle
00:22:20.539 [ClientAsyncConnThread    ] DEBUG TCPClient            - Created socket to localhost:55555
00:22:20.554 [ClientAsyncConnThread    ] DEBUG Endpoint             - TCPClient opening new connection (1) from localhost/127.0.0.1:55555 type: class com.almasb.fxgl.core.serialization.Bundle
00:22:20.558 [ClientAsyncConnThread    ] DEBUG Endpoint             - TCPClient successfully opened connection (1)
00:22:20.672 [TCPClient_SendThread-1   ] DEBUG Writers              - Getting TCPMessageWriter for class com.almasb.fxgl.core.serialization.Bundle
00:22:20.673 [TCPClient_RecvThread-1   ] DEBUG Readers              - Getting TCPMessageReader for class com.almasb.fxgl.core.serialization.Bundle
00:22:20.676 [TCPClient_SendThread-1   ] DEBUG Writers              - Constructed TCPMessageWriter for class com.almasb.fxgl.core.serialization.Bundle: BundleTCPMessageWriter
00:22:20.742 [TCPClient_RecvThread-1   ] DEBUG Readers              - Constructed MessageReader for class com.almasb.fxgl.core.serialization.Bundle: BundleTCPMessageReader
00:22:20.884 [JavaFX Application Thread] DEBUG FXGLAssetLoaderServi - Loading from file system: file:/C:/Users/Owner/Desktop/Sonic-rush/target/classes/assets/textures/Items/ring.png
00:22:20.968 [JavaFX Application Thread] DEBUG FXGLAssetLoaderServi - Loading from file system: file:/C:/Users/Owner/Desktop/Sonic-rush/target/classes/assets/textures/Items/basura.png
00:22:20.975 [JavaFX Application Thread] DEBUG FXGLAssetLoaderServi - Loading from file system: file:/C:/Users/Owner/Desktop/Sonic-rush/target/classes/assets/textures/Items/papel.png
00:22:20.988 [JavaFX Application Thread] DEBUG FXGLAssetLoaderServi - Loading from file system: file:/C:/Users/Owner/Desktop/Sonic-rush/target/classes/assets/textures/Items/caucho.png
00:22:21.020 [JavaFX Application Thread] DEBUG FXGLAssetLoaderServi - Loading from file system: file:/C:/Users/Owner/Desktop/Sonic-rush/target/classes/assets/textures/Enemigos/enemigo2.png
00:22:21.156 [JavaFX Application Thread] DEBUG FXGLAssetLoaderServi - Loading from file system: file:/C:/Users/Owner/Desktop/Sonic-rush/target/classes/assets/textures/Personajes/sonic.png
00:22:21.163 [JavaFX Application Thread] DEBUG FXGLAssetLoaderServi - Loading from file system: file:/C:/Users/Owner/Desktop/Sonic-rush/target/classes/assets/textures/Personajes/sonic_camina.png
00:22:21.167 [JavaFX Application Thread] DEBUG FXGLAssetLoaderServi - Loading from file system: file:/C:/Users/Owner/Desktop/Sonic-rush/target/classes/assets/textures/Personajes/super_sonic.png
00:22:29.357 [JavaFX Application Thread] DEBUG FXGLAssetLoaderServi - Loading from file system: file:/C:/Users/Owner/Desktop/Sonic-rush/target/classes/assets/textures/Personajes/tails.png
00:22:29.360 [JavaFX Application Thread] DEBUG FXGLAssetLoaderServi - Loading from file system: file:/C:/Users/Owner/Desktop/Sonic-rush/target/classes/assets/textures/Personajes/tails_Salta.png
00:22:29.363 [JavaFX Application Thread] DEBUG FXGLAssetLoaderServi - Loading from file system: file:/C:/Users/Owner/Desktop/Sonic-rush/target/classes/assets/textures/Personajes/tails_caminando.png
00:22:36.616 [JavaFX Application Thread] DEBUG AudioPlayer          - Pausing music com.almasb.fxgl.audio.Music@5c7b7410
00:22:36.618 [JavaFX Application Thread] DEBUG LoopRunner           - Pausing loop
00:22:37.372 [JavaFX Application Thread] DEBUG LoopRunner           - Resuming loop
00:22:37.372 [JavaFX Application Thread] DEBUG AudioPlayer          - Resuming music com.almasb.fxgl.audio.Music@5c7b7410
00:22:49.935 [JavaFX Application Thread] DEBUG FXGLAssetLoaderServi - Loading from file system: file:/C:/Users/Owner/Desktop/Sonic-rush/target/classes/assets/sounds/recoger.wav
00:22:50.573 [JavaFX Application Thread] DEBUG FXGLAssetLoaderServi - Loading from file system: file:/C:/Users/Owner/Desktop/Sonic-rush/target/classes/assets/sounds/salto.wav
00:22:52.811 [JavaFX Application Thread] DEBUG FXGLAssetLoaderServi - Loading from file system: file:/C:/Users/Owner/Desktop/Sonic-rush/target/classes/assets/sounds/perder_anillos.wav
00:23:05.971 [JavaFX Application Thread] DEBUG FXGLApplication      - Exiting FXGL
00:23:05.971 [JavaFX Application Thread] DEBUG LoopRunner           - Stopping loop
00:23:05.973 [JavaFX Application Thread] DEBUG SystemBundleService  - Saving FXGL system data
00:23:05.985 [JavaFX Application Thread] DEBUG FileSystemAccess     - Writing to: C:\Users\Owner\Desktop\Sonic-rush\system\fxgl.bundle
00:23:05.995 [JavaFX Application Thread] DEBUG Async                - Shutting down background threads
00:23:05.996 [JavaFX Application Thread] DEBUG PrimaryStageWindow   - Closing main window
00:23:06.027 [JavaFX Application Thread] DEBUG Logger               - Closing Logger
