11:17:38.268 [main                     ] DEBUG Logger               - Configured Logger
11:17:38.309 [main                     ] DEBUG GameApplication      - Logging settings
Title: Jugador Sonic
Version: 0.0
Width: 1000
Height: 600
Fullscreen: false
Intro: false
Profiling: false
Single step:false
App Mode: DEVELOPER
Menu Key: ESCAPE
Stage Style: DECORATED
Scene Factory: class com.almasb.fxgl.app.scene.SceneFactory

11:17:38.822 [JavaFX Application Thread] DEBUG FXGLApplication      - Initializing FXGL
11:17:38.830 [JavaFX Application Thread] INFO  Engine               - FXGL-17.3 (30.03.2023 11.49) on WINDOWS (J:17.0.12 FX:20)
11:17:38.831 [JavaFX Application Thread] DEBUG Engine               - JRE Vendor Name: Oracle Corporation
11:17:38.831 [JavaFX Application Thread] DEBUG Engine               - Running on OS: Windows 10 version 10.0
11:17:38.832 [JavaFX Application Thread] DEBUG Engine               - Architecture: amd64
11:17:38.832 [JavaFX Application Thread] INFO  Engine               - Source code and latest versions at: https://github.com/AlmasB/FXGL
11:17:38.832 [JavaFX Application Thread] INFO  Engine               -       Ask questions and discuss at: https://github.com/AlmasB/FXGL/discussions
11:17:38.833 [JavaFX Application Thread] INFO  Engine               -              Join the FXGL chat at: https://gitter.im/AlmasB/FXGL
11:17:39.011 [JavaFX Application Thread] DEBUG PrimaryStageWindow   - Creating a JavaFX scene
11:17:39.076 [JavaFX Application Thread] DEBUG PrimaryStageWindow   - Target settings size: 1000.0 x 600.0
11:17:39.077 [JavaFX Application Thread] DEBUG PrimaryStageWindow   - Scaled scene size:    1000.0 x 600.0
11:17:39.077 [JavaFX Application Thread] DEBUG PrimaryStageWindow   - Scaled ratio: (1.0, 1.0)
11:17:39.079 [JavaFX Application Thread] DEBUG PrimaryStageWindow   - Set initial scene to FXGLStartupScene
11:17:39.084 [JavaFX Application Thread] DEBUG PrimaryStageWindow   - Opening main window
11:17:39.194 [JavaFX Application Thread] DEBUG PrimaryStageWindow   - Window border size: (14.4000244140625, 37.5999755859375)
11:17:39.194 [JavaFX Application Thread] DEBUG PrimaryStageWindow   - Scaled size: 1000.0 x 600.0
11:17:39.195 [JavaFX Application Thread] DEBUG PrimaryStageWindow   - Scaled ratio: (1.0, 1.0)
11:17:39.195 [JavaFX Application Thread] DEBUG PrimaryStageWindow   - Scene size: 1000.0 x 600.0
11:17:39.196 [JavaFX Application Thread] DEBUG PrimaryStageWindow   - Stage size: 1014.4000244140625 x 637.5999755859375
11:17:39.208 [FXGL Background Thread 1 ] DEBUG Engine               - Initializing environment variables
11:17:39.278 [FXGL Background Thread 1 ] DEBUG FXGLAssetLoaderServi - User app class for loading assets: class Runner.ClientRunner
11:17:39.284 [FXGL Background Thread 1 ] DEBUG GameApplicationServi - Applying CSS: fxgl_dark.css
11:17:39.291 [FXGL Background Thread 1 ] DEBUG FXGLAssetLoaderServi - Loading from file system: jar:file:/C:/Users/Owner/.m2/repository/com/github/almasb/fxgl/17.3/fxgl-17.3.jar!/fxglassets/ui/css/fxgl_dark.css
11:17:39.585 [FXGL Background Thread 1 ] DEBUG GameApplicationServi - Initializing application scenes
11:17:39.780 [FXGL Background Thread 1 ] DEBUG GameWorld            - Game world initialized
11:17:40.010 [FXGL Background Thread 1 ] DEBUG PhysicsWorld         - Physics world initialized: appHeight=600, physics.ppm=50.0
11:17:40.011 [FXGL Background Thread 1 ] DEBUG PhysicsWorld         - Using strategy: BRUTE_FORCE
11:17:40.044 [FXGL Background Thread 1 ] DEBUG GameScene            - Game scene initialized: 1000x600
11:17:40.130 [FXGL Background Thread 1 ] DEBUG FXGL.DefaultMenu     - createMenuBodyGameMenu()
11:17:40.293 [FXGL Background Thread 1 ] DEBUG FXGL.DefaultMenu     - createOptionsMenu()
11:17:40.400 [FXGL Background Thread 1 ] DEBUG FXGLAssetLoaderServi - Loading from file system: jar:file:/C:/Users/Owner/.m2/repository/com/github/almasb/fxgl/17.3/fxgl-17.3.jar!/fxglassets/textures/particles/smoke.png
11:17:40.768 [FXGL Background Thread 1 ] DEBUG FXGLAssetLoaderServi - Loading from file system: jar:file:/C:/Users/Owner/.m2/repository/com/github/almasb/fxgl/17.3/fxgl-17.3.jar!/fxglassets/textures/particles/trace_horizontal.png
11:17:40.813 [FXGL Background Thread 1 ] DEBUG GameApplicationServi - Application scenes initialized
11:17:40.892 [FXGL Background Thread 1 ] DEBUG SystemBundleService  - Loading FXGL system data
11:17:40.902 [FXGL Background Thread 1 ] DEBUG FileSystemAccess     - Reading from: C:\Users\Owner\Desktop\Sonic-rush\system\fxgl.bundle
11:17:40.918 [FXGL Background Thread 1 ] DEBUG SystemBundleService  - Bundle FXGL: {}
11:17:40.919 [FXGL Background Thread 1 ] DEBUG UpdaterService       - Checking for updates
11:17:41.010 [FXGL Background Thread 1 ] DEBUG FXGLApplication      - Loading default localization
11:17:41.011 [FXGL Background Thread 1 ] DEBUG FXGLAssetLoaderServi - Loading from file system: jar:file:/C:/Users/Owner/.m2/repository/com/github/almasb/fxgl/17.3/fxgl-17.3.jar!/fxglassets/languages/english.lang
11:17:41.160 [FXGL Background Thread 1 ] INFO  FXGLApplication      - FXGL initialization took: 1.952 sec
11:17:41.322 [JavaFX Application Thread] DEBUG Input                - Registered new binding: Mover a la izquierda - A
11:17:41.322 [JavaFX Application Thread] DEBUG Input                - Registered new binding: Mover a la derecha - D
11:17:41.322 [JavaFX Application Thread] DEBUG Input                - Registered new binding: Saltar - W
11:17:41.323 [JavaFX Application Thread] DEBUG Input                - Registered new binding: Interactuar - E
11:17:41.323 [JavaFX Application Thread] DEBUG Input                - Registered new binding: Transformar - P
11:17:41.324 [JavaFX Application Thread] DEBUG Input                - Registered new binding: Desactivar filtro - L
11:17:41.325 [JavaFX Application Thread] DEBUG FXGLAssetLoaderServi - Loading from file system: jar:file:/C:/Users/Owner/.m2/repository/com/github/almasb/fxgl/17.3/fxgl-17.3.jar!/fxglassets/textures/fxgl_icon.png
11:17:41.384 [FXGL Background Thread 4 ] DEBUG FXGLApplication      - Loading fonts
11:17:41.388 [FXGL Background Thread 4 ] DEBUG FXGLAssetLoaderServi - Loading from file system: jar:file:/C:/Users/Owner/.m2/repository/com/github/almasb/fxgl/17.3/fxgl-17.3.jar!/fxglassets/ui/fonts/VarelaRound-Regular.ttf
11:17:41.522 [JavaFX Application Thread] DEBUG FXGLAssetLoaderServi - Loading from file system: jar:file:/C:/Users/Owner/.m2/repository/com/github/almasb/fxgl/17.3/fxgl-17.3.jar!/fxglassets/textures/fxgl_default_cursor.png
11:17:41.530 [JavaFX Application Thread] DEBUG Input                - Registered new binding: Screenshot - CTRL+8
11:17:41.531 [JavaFX Application Thread] DEBUG Input                - Registered new binding: System info dump - CTRL+9
11:17:41.532 [JavaFX Application Thread] DEBUG Input                - Registered new binding: Restart - CTRL+R
11:17:41.533 [JavaFX Application Thread] DEBUG Input                - Registered new binding: Toggle Debug Camera - CTRL+7
11:17:41.539 [JavaFX Application Thread] DEBUG LoopRunner           - Starting loop
11:17:41.540 [JavaFX Application Thread] DEBUG LoopRunner           - Initializing JavaFX AnimationTimerLoop
11:17:41.542 [JavaFX Application Thread] DEBUG GameApplicationServi - Starting new game
11:17:41.543 [JavaFX Application Thread] DEBUG Input                - Clearing active input actions
11:17:41.605 [JavaFX Application Thread] DEBUG GameApplicationServi - Removing overlay from FXGLStartupScene and adding to FXGLLoadingScene
11:17:41.608 [JavaFX Application Thread] DEBUG PrimaryStageWindow   - FXGLStartupScene -> FXGLLoadingScene
11:17:41.609 [JavaFX Application Thread] DEBUG GameApplicationServi - Clearing previous game
11:17:41.609 [JavaFX Application Thread] DEBUG GameScene            - Clearing game scene
11:17:41.609 [JavaFX Application Thread] DEBUG GameWorld            - Clearing game world
11:17:41.609 [JavaFX Application Thread] DEBUG PhysicsWorld         - Clearing physics world
11:17:41.612 [FXGL Background Thread 1 ] DEBUG FXGLApplication      - Initializing game
11:17:41.629 [FXGL Background Thread 1 ] DEBUG FXGLAssetLoaderServi - Loading from file system: file:/C:/Users/Owner/Desktop/Sonic-rush/target/classes/assets/music/OST2.mp3
11:17:41.765 [FXGL Background Thread 4 ] DEBUG FXGLAssetLoaderServi - Loading from file system: jar:file:/C:/Users/Owner/.m2/repository/com/github/almasb/fxgl/17.3/fxgl-17.3.jar!/fxglassets/ui/fonts/Abel-Regular.ttf
11:17:41.779 [FXGL Background Thread 4 ] DEBUG FXGLAssetLoaderServi - Loading from file system: jar:file:/C:/Users/Owner/.m2/repository/com/github/almasb/fxgl/17.3/fxgl-17.3.jar!/fxglassets/ui/fonts/TerminalLandMono-Regular.otf
11:17:41.787 [FXGL Background Thread 4 ] DEBUG FXGLAssetLoaderServi - Loading from file system: jar:file:/C:/Users/Owner/.m2/repository/com/github/almasb/fxgl/17.3/fxgl-17.3.jar!/fxglassets/ui/fonts/Courier-Prime.ttf
11:17:41.935 [JavaFX Application Thread] DEBUG FXGLApplication      - Registering font factories with UI factory
11:17:42.811 [FXGL Background Thread 1 ] DEBUG AudioPlayer          - Playing music com.almasb.fxgl.audio.Music@660955e1
11:17:42.823 [FXGL Background Thread 1 ] INFO  FXGLApplication      - Game initialization took: 1.207 sec
11:17:42.993 [FXGL Background Thread 2 ] INFO  UpdaterService       - Your current version:  17.3
11:17:43.044 [FXGL Background Thread 2 ] INFO  UpdaterService       - Latest stable version: 21.1
11:17:43.297 [JavaFX Application Thread] DEBUG Input                - Clearing active input actions
11:17:43.316 [JavaFX Application Thread] DEBUG GameApplicationServi - Removing overlay from FXGLLoadingScene and adding to GameScene
11:17:43.317 [JavaFX Application Thread] DEBUG PrimaryStageWindow   - FXGLLoadingScene -> GameScene
11:17:43.935 [FXGL Background Thread 3 ] DEBUG Engine               - Logging environment variables
11:17:43.936 [FXGL Background Thread 3 ] DEBUG Engine               - achievements: []
11:17:43.938 [FXGL Background Thread 3 ] DEBUG Engine               - actualHeight: 600.0
11:17:43.938 [FXGL Background Thread 3 ] DEBUG Engine               - actualHeightProperty: ReadOnlyDoubleProperty [value: 600.0]
11:17:43.938 [FXGL Background Thread 3 ] DEBUG Engine               - actualWidth: 1000.0
11:17:43.938 [FXGL Background Thread 3 ] DEBUG Engine               - actualWidthProperty: ReadOnlyDoubleProperty [value: 1000.0]
11:17:43.939 [FXGL Background Thread 3 ] DEBUG Engine               - appIcon: fxgl_icon.png
11:17:43.939 [FXGL Background Thread 3 ] DEBUG Engine               - applicationMode: DEVELOPER
11:17:43.939 [FXGL Background Thread 3 ] DEBUG Engine               - cSSList: [fxgl_dark.css]
11:17:43.939 [FXGL Background Thread 3 ] DEBUG Engine               - collisionDetectionStrategy: BRUTE_FORCE
11:17:43.939 [FXGL Background Thread 3 ] DEBUG Engine               - configClass: Optional.empty
11:17:43.940 [FXGL Background Thread 3 ] DEBUG Engine               - credits: []
11:17:43.940 [FXGL Background Thread 3 ] DEBUG Engine               - defaultCursor: CursorInfo(imageName=fxgl_default_cursor.png, hotspotX=7.0, hotspotY=6.0)
11:17:43.940 [FXGL Background Thread 3 ] DEBUG Engine               - devBBoxColorProperty: ObjectProperty [value: 0xff0000ff]
11:17:43.941 [FXGL Background Thread 3 ] DEBUG Engine               - devEnableDebugCameraProperty: BooleanProperty [value: false]
11:17:43.941 [FXGL Background Thread 3 ] DEBUG Engine               - devSensorColorProperty: ObjectProperty [value: 0xffff00ff]
11:17:43.941 [FXGL Background Thread 3 ] DEBUG Engine               - devShowBBoxProperty: BooleanProperty [value: false]
11:17:43.941 [FXGL Background Thread 3 ] DEBUG Engine               - devShowPositionProperty: BooleanProperty [value: false]
11:17:43.941 [FXGL Background Thread 3 ] DEBUG Engine               - enabledMenuItems: []
11:17:43.942 [FXGL Background Thread 3 ] DEBUG Engine               - engineServices: [class com.almasb.fxgl.app.services.FXGLAssetLoaderService, class com.almasb.fxgl.app.FXGLApplication$GameApplicationService, class com.almasb.fxgl.app.services.FXGLDialogService, class com.almasb.fxgl.app.services.IOTaskExecutorService, class com.almasb.fxgl.io.FileSystemService, class com.almasb.fxgl.localization.LocalizationService, class com.almasb.fxgl.app.services.SystemBundleService, class com.almasb.fxgl.profile.SaveLoadService, class com.almasb.fxgl.ui.FXGLUIFactoryServiceProvider, class com.almasb.fxgl.ui.FXGLDialogFactoryServiceProvider, class com.almasb.fxgl.audio.AudioPlayer, class com.almasb.fxgl.notification.impl.NotificationServiceProvider, class com.almasb.fxgl.achievement.AchievementService, class com.almasb.fxgl.cutscene.CutsceneService, class com.almasb.fxgl.minigames.MiniGameService, class com.almasb.fxgl.net.NetService, class com.almasb.fxgl.app.services.UpdaterService, class com.almasb.fxgl.dev.DevService, class com.almasb.fxgl.multiplayer.MultiplayerService]
11:17:43.943 [FXGL Background Thread 3 ] DEBUG Engine               - fontGame: Abel-Regular.ttf
11:17:43.943 [FXGL Background Thread 3 ] DEBUG Engine               - fontMono: TerminalLandMono-Regular.otf
11:17:43.943 [FXGL Background Thread 3 ] DEBUG Engine               - fontSizeScaleUI: 1.0
11:17:43.943 [FXGL Background Thread 3 ] DEBUG Engine               - fontText: Courier-Prime.ttf
11:17:43.943 [FXGL Background Thread 3 ] DEBUG Engine               - fontUI: VarelaRound-Regular.ttf
11:17:43.944 [FXGL Background Thread 3 ] DEBUG Engine               - fullScreen: BooleanProperty [value: false]
11:17:43.944 [FXGL Background Thread 3 ] DEBUG Engine               - gameDifficulty: MEDIUM
11:17:43.944 [FXGL Background Thread 3 ] DEBUG Engine               - gameDifficultyProperty: ObjectProperty [value: MEDIUM]
11:17:43.944 [FXGL Background Thread 3 ] DEBUG Engine               - globalMusicVolume: 0.5
11:17:43.944 [FXGL Background Thread 3 ] DEBUG Engine               - globalMusicVolumeProperty: DoubleProperty [value: 0.5]
11:17:43.944 [FXGL Background Thread 3 ] DEBUG Engine               - globalSoundVolume: 0.5
11:17:43.944 [FXGL Background Thread 3 ] DEBUG Engine               - globalSoundVolumeProperty: DoubleProperty [value: 0.5]
11:17:43.944 [FXGL Background Thread 3 ] DEBUG Engine               - height: 600
11:17:43.944 [FXGL Background Thread 3 ] DEBUG Engine               - is3D: false
11:17:43.944 [FXGL Background Thread 3 ] DEBUG Engine               - isAndroid: false
11:17:43.945 [FXGL Background Thread 3 ] DEBUG Engine               - isBrowser: false
11:17:43.945 [FXGL Background Thread 3 ] DEBUG Engine               - isClickFeedbackEnabled: false
11:17:43.945 [FXGL Background Thread 3 ] DEBUG Engine               - isCloseConfirmation: false
11:17:43.945 [FXGL Background Thread 3 ] DEBUG Engine               - isDesktop: true
11:17:43.945 [FXGL Background Thread 3 ] DEBUG Engine               - isDeveloperMenuEnabled: false
11:17:43.945 [FXGL Background Thread 3 ] DEBUG Engine               - isEmbedded: false
11:17:43.945 [FXGL Background Thread 3 ] DEBUG Engine               - isEntityPreloadEnabled: true
11:17:43.945 [FXGL Background Thread 3 ] DEBUG Engine               - isExperimentalTiledLargeMap: false
11:17:43.945 [FXGL Background Thread 3 ] DEBUG Engine               - isFileSystemWriteAllowed: true
11:17:43.945 [FXGL Background Thread 3 ] DEBUG Engine               - isFullScreenAllowed: false
11:17:43.945 [FXGL Background Thread 3 ] DEBUG Engine               - isFullScreenFromStart: false
11:17:43.945 [FXGL Background Thread 3 ] DEBUG Engine               - isGameMenuEnabled: true
11:17:43.945 [FXGL Background Thread 3 ] DEBUG Engine               - isIOS: false
11:17:43.946 [FXGL Background Thread 3 ] DEBUG Engine               - isIntroEnabled: false
11:17:43.946 [FXGL Background Thread 3 ] DEBUG Engine               - isLinux: false
11:17:43.946 [FXGL Background Thread 3 ] DEBUG Engine               - isMac: false
11:17:43.946 [FXGL Background Thread 3 ] DEBUG Engine               - isMainMenuEnabled: false
11:17:43.946 [FXGL Background Thread 3 ] DEBUG Engine               - isManualResizeEnabled: false
11:17:43.946 [FXGL Background Thread 3 ] DEBUG Engine               - isMobile: false
11:17:43.946 [FXGL Background Thread 3 ] DEBUG Engine               - isNative: false
11:17:43.946 [FXGL Background Thread 3 ] DEBUG Engine               - isPauseMusicWhenMinimized: true
11:17:43.946 [FXGL Background Thread 3 ] DEBUG Engine               - isPreserveResizeRatio: false
11:17:43.946 [FXGL Background Thread 3 ] DEBUG Engine               - isProfilingEnabled: false
11:17:43.946 [FXGL Background Thread 3 ] DEBUG Engine               - isScaleAffectedOnResize: true
11:17:43.947 [FXGL Background Thread 3 ] DEBUG Engine               - isSingleStep: false
11:17:43.947 [FXGL Background Thread 3 ] DEBUG Engine               - isUserProfileEnabled: false
11:17:43.947 [FXGL Background Thread 3 ] DEBUG Engine               - isWindows: true
11:17:43.947 [FXGL Background Thread 3 ] DEBUG Engine               - language: ObjectProperty [value: ENGLISH]
11:17:43.947 [FXGL Background Thread 3 ] DEBUG Engine               - menuKey: ESCAPE
11:17:43.947 [FXGL Background Thread 3 ] DEBUG Engine               - mouseSensitivity: 0.2
11:17:43.947 [FXGL Background Thread 3 ] DEBUG Engine               - notificationViewClass: class com.almasb.fxgl.notification.view.XboxNotificationView
11:17:43.947 [FXGL Background Thread 3 ] DEBUG Engine               - pixelsPerMeter: 50.0
11:17:43.947 [FXGL Background Thread 3 ] DEBUG Engine               - platform: WINDOWS
11:17:43.947 [FXGL Background Thread 3 ] DEBUG Engine               - prefHeightProperty: ReadOnlyDoubleProperty [value: 600.0]
11:17:43.947 [FXGL Background Thread 3 ] DEBUG Engine               - prefWidthProperty: ReadOnlyDoubleProperty [value: 1000.0]
11:17:43.947 [FXGL Background Thread 3 ] DEBUG Engine               - profileDir: profiles/
11:17:43.947 [FXGL Background Thread 3 ] DEBUG Engine               - profileName: StringProperty [value: DEFAULT]
11:17:43.948 [FXGL Background Thread 3 ] DEBUG Engine               - randomSeed: -1
11:17:43.948 [FXGL Background Thread 3 ] DEBUG Engine               - runtimeInfo: RuntimeInfo(platform=WINDOWS, version=17.3, build=30.03.2023 11.49)
11:17:43.948 [FXGL Background Thread 3 ] DEBUG Engine               - saveFileExt: sav
11:17:43.949 [FXGL Background Thread 3 ] DEBUG Engine               - scaledHeightProp$fxgl: DoubleProperty [bound, value: 600.0]
11:17:43.949 [FXGL Background Thread 3 ] DEBUG Engine               - scaledWidthProp$fxgl: DoubleProperty [bound, value: 1000.0]
11:17:43.949 [FXGL Background Thread 3 ] DEBUG Engine               - sceneFactory: com.almasb.fxgl.app.scene.SceneFactory@5588f9e4
11:17:43.949 [FXGL Background Thread 3 ] DEBUG Engine               - secondsIn24h: 60
11:17:43.949 [FXGL Background Thread 3 ] DEBUG Engine               - soundMenuBack: menu/back.wav
11:17:43.949 [FXGL Background Thread 3 ] DEBUG Engine               - soundMenuPress: menu/press.wav
11:17:43.949 [FXGL Background Thread 3 ] DEBUG Engine               - soundMenuSelect: menu/select.wav
11:17:43.949 [FXGL Background Thread 3 ] DEBUG Engine               - soundNotification: core/notification.wav
11:17:43.949 [FXGL Background Thread 3 ] DEBUG Engine               - stageStyle: DECORATED
11:17:43.949 [FXGL Background Thread 3 ] DEBUG Engine               - supportedLanguages: [ENGLISH, FRENCH, GERMAN, HUNGARIAN, RUSSIAN]
11:17:43.949 [FXGL Background Thread 3 ] DEBUG Engine               - ticksPerSecond: -1
11:17:43.949 [FXGL Background Thread 3 ] DEBUG Engine               - title: Jugador Sonic
11:17:43.949 [FXGL Background Thread 3 ] DEBUG Engine               - urlGithub: https://github.com/AlmasB/FXGL
11:17:43.949 [FXGL Background Thread 3 ] DEBUG Engine               - urlLeaderboard: http://fxgl-top.herokuapp.com/
11:17:43.949 [FXGL Background Thread 3 ] DEBUG Engine               - urlPOM: https://raw.githubusercontent.com/AlmasB/FXGL/release/README.md
11:17:43.950 [FXGL Background Thread 3 ] DEBUG Engine               - userAppClass: class Runner.ClientRunner
11:17:43.950 [FXGL Background Thread 3 ] DEBUG Engine               - version: 0.0
11:17:43.950 [FXGL Background Thread 3 ] DEBUG Engine               - versionCheckDays: 7
11:17:43.950 [FXGL Background Thread 3 ] DEBUG Engine               - width: 1000
11:17:43.950 [FXGL Background Thread 3 ] DEBUG Engine               - Logging services
11:17:43.950 [FXGL Background Thread 3 ] DEBUG Engine               - class com.almasb.fxgl.app.services.FXGLAssetLoaderService
11:17:43.950 [FXGL Background Thread 3 ] DEBUG Engine               - class com.almasb.fxgl.app.FXGLApplication$GameApplicationService
11:17:43.950 [FXGL Background Thread 3 ] DEBUG Engine               - class com.almasb.fxgl.app.services.FXGLDialogService
11:17:43.950 [FXGL Background Thread 3 ] DEBUG Engine               - class com.almasb.fxgl.app.services.IOTaskExecutorService
11:17:43.950 [FXGL Background Thread 3 ] DEBUG Engine               - class com.almasb.fxgl.io.FileSystemService
11:17:43.950 [FXGL Background Thread 3 ] DEBUG Engine               - class com.almasb.fxgl.localization.LocalizationService
11:17:43.950 [FXGL Background Thread 3 ] DEBUG Engine               - class com.almasb.fxgl.app.services.SystemBundleService
11:17:43.950 [FXGL Background Thread 3 ] DEBUG Engine               - class com.almasb.fxgl.profile.SaveLoadService
11:17:43.950 [FXGL Background Thread 3 ] DEBUG Engine               - class com.almasb.fxgl.ui.FXGLUIFactoryServiceProvider
11:17:43.950 [FXGL Background Thread 3 ] DEBUG Engine               - class com.almasb.fxgl.ui.FXGLDialogFactoryServiceProvider
11:17:43.950 [FXGL Background Thread 3 ] DEBUG Engine               - class com.almasb.fxgl.audio.AudioPlayer
11:17:43.950 [FXGL Background Thread 3 ] DEBUG Engine               - class com.almasb.fxgl.notification.impl.NotificationServiceProvider
11:17:43.951 [FXGL Background Thread 3 ] DEBUG Engine               - class com.almasb.fxgl.achievement.AchievementService
11:17:43.951 [FXGL Background Thread 3 ] DEBUG Engine               - class com.almasb.fxgl.cutscene.CutsceneService
11:17:43.951 [FXGL Background Thread 3 ] DEBUG Engine               - class com.almasb.fxgl.minigames.MiniGameService
11:17:43.951 [FXGL Background Thread 3 ] DEBUG Engine               - class com.almasb.fxgl.net.NetService
11:17:43.951 [FXGL Background Thread 3 ] DEBUG Engine               - class com.almasb.fxgl.app.services.UpdaterService
11:17:43.951 [FXGL Background Thread 3 ] DEBUG Engine               - class com.almasb.fxgl.dev.DevService
11:17:43.951 [FXGL Background Thread 3 ] DEBUG Engine               - class com.almasb.fxgl.multiplayer.MultiplayerService
11:19:08.518 [JavaFX Application Thread] DEBUG FXGLApplication      - Exiting FXGL
11:19:08.519 [JavaFX Application Thread] DEBUG LoopRunner           - Stopping loop
11:19:08.519 [JavaFX Application Thread] DEBUG SystemBundleService  - Saving FXGL system data
11:19:08.529 [JavaFX Application Thread] DEBUG FileSystemAccess     - Writing to: C:\Users\Owner\Desktop\Sonic-rush\system\fxgl.bundle
11:19:08.535 [JavaFX Application Thread] DEBUG Async                - Shutting down background threads
11:19:08.536 [JavaFX Application Thread] DEBUG PrimaryStageWindow   - Closing main window
11:19:08.606 [JavaFX Application Thread] DEBUG Logger               - Closing Logger
