07:09:54.149 [main                     ] DEBUG Logger               - Configured Logger
07:09:54.181 [main                     ] DEBUG GameApplication      - Logging settings
Title: Server
Version: 0.0
Width: 800
Height: 500
Fullscreen: false
Intro: false
Profiling: false
Single step:false
App Mode: DEVELOPER
Menu Key: ESCAPE
Stage Style: DECORATED
Scene Factory: class com.almasb.fxgl.app.scene.SceneFactory

07:09:56.760 [JavaFX Application Thread] DEBUG FXGLApplication      - Initializing FXGL
07:09:56.765 [JavaFX Application Thread] INFO  Engine               - FXGL-17.3 (30.03.2023 11.49) on WINDOWS (J:21.0.2 FX:20)
07:09:56.767 [JavaFX Application Thread] DEBUG Engine               - JRE Vendor Name: Oracle Corporation
07:09:56.768 [JavaFX Application Thread] DEBUG Engine               - Running on OS: Windows 10 version 10.0
07:09:56.768 [JavaFX Application Thread] DEBUG Engine               - Architecture: amd64
07:09:56.768 [JavaFX Application Thread] INFO  Engine               - Source code and latest versions at: https://github.com/AlmasB/FXGL
07:09:56.769 [JavaFX Application Thread] INFO  Engine               -       Ask questions and discuss at: https://github.com/AlmasB/FXGL/discussions
07:09:56.769 [JavaFX Application Thread] INFO  Engine               -              Join the FXGL chat at: https://gitter.im/AlmasB/FXGL
07:09:56.930 [JavaFX Application Thread] DEBUG PrimaryStageWindow   - Creating a JavaFX scene
07:09:57.082 [JavaFX Application Thread] DEBUG PrimaryStageWindow   - Target settings size: 800.0 x 500.0
07:09:57.082 [JavaFX Application Thread] DEBUG PrimaryStageWindow   - Scaled scene size:    800.0 x 500.0
07:09:57.082 [JavaFX Application Thread] DEBUG PrimaryStageWindow   - Scaled ratio: (1.0, 1.0)
07:09:57.084 [JavaFX Application Thread] DEBUG PrimaryStageWindow   - Set initial scene to FXGLStartupScene
07:09:57.125 [JavaFX Application Thread] DEBUG PrimaryStageWindow   - Opening main window
07:09:57.650 [JavaFX Application Thread] DEBUG PrimaryStageWindow   - Window border size: (16.0, 39.0)
07:09:57.650 [JavaFX Application Thread] DEBUG PrimaryStageWindow   - Scaled size: 800.0 x 500.0
07:09:57.650 [JavaFX Application Thread] DEBUG PrimaryStageWindow   - Scaled ratio: (1.0, 1.0)
07:09:57.651 [JavaFX Application Thread] DEBUG PrimaryStageWindow   - Scene size: 800.0 x 500.0
07:09:57.651 [JavaFX Application Thread] DEBUG PrimaryStageWindow   - Stage size: 816.0 x 539.0
07:09:57.782 [FXGL Background Thread 1 ] DEBUG Engine               - Initializing environment variables
07:09:58.497 [FXGL Background Thread 1 ] DEBUG FXGLAssetLoaderServi - User app class for loading assets: class Runner.ServerRunner
07:09:58.497 [FXGL Background Thread 1 ] DEBUG GameApplicationServi - Applying CSS: fxgl_dark.css
07:09:58.498 [FXGL Background Thread 1 ] DEBUG FXGLAssetLoaderServi - Loading from file system: jar:file:/C:/Users/User/.m2/repository/com/github/almasb/fxgl/17.3/fxgl-17.3.jar!/fxglassets/ui/css/fxgl_dark.css
07:09:58.589 [FXGL Background Thread 1 ] DEBUG GameApplicationServi - Initializing application scenes
07:09:58.823 [FXGL Background Thread 1 ] DEBUG GameWorld            - Game world initialized
07:09:58.883 [FXGL Background Thread 1 ] DEBUG PhysicsWorld         - Physics world initialized: appHeight=500, physics.ppm=50,0
07:09:58.884 [FXGL Background Thread 1 ] DEBUG PhysicsWorld         - Using strategy: BRUTE_FORCE
07:09:58.889 [FXGL Background Thread 1 ] DEBUG GameScene            - Game scene initialized: 800x500
07:09:58.902 [FXGL Background Thread 1 ] WARN  FXGL.DefaultMenu     - FXGLDefaultMenu is not designed for resolutions < 800x600
07:09:58.903 [FXGL Background Thread 1 ] DEBUG FXGL.DefaultMenu     - createMenuBodyGameMenu()
07:09:58.997 [FXGL Background Thread 1 ] DEBUG FXGL.DefaultMenu     - createOptionsMenu()
07:09:59.008 [FXGL Background Thread 1 ] DEBUG FXGLAssetLoaderServi - Loading from file system: jar:file:/C:/Users/User/.m2/repository/com/github/almasb/fxgl/17.3/fxgl-17.3.jar!/fxglassets/textures/particles/smoke.png
07:09:59.287 [FXGL Background Thread 1 ] DEBUG FXGLAssetLoaderServi - Loading from file system: jar:file:/C:/Users/User/.m2/repository/com/github/almasb/fxgl/17.3/fxgl-17.3.jar!/fxglassets/textures/particles/trace_horizontal.png
07:09:59.340 [FXGL Background Thread 1 ] DEBUG GameApplicationServi - Application scenes initialized
07:09:59.357 [FXGL Background Thread 1 ] DEBUG SystemBundleService  - Loading FXGL system data
07:09:59.386 [FXGL Background Thread 1 ] DEBUG FileSystemAccess     - Reading from: C:\Users\User\Documents\Millan.Luis\UNEG\Semestre IV\Tecnicas de Prog. III\Sonic-rush\system\fxgl.bundle
07:09:59.409 [FXGL Background Thread 1 ] DEBUG SystemBundleService  - Bundle FXGL: {}
07:09:59.410 [FXGL Background Thread 1 ] DEBUG UpdaterService       - Checking for updates
07:09:59.416 [FXGL Background Thread 4 ] DEBUG FXGLApplication      - Loading fonts
07:09:59.417 [FXGL Background Thread 1 ] DEBUG FXGLApplication      - Loading default localization
07:09:59.417 [FXGL Background Thread 1 ] DEBUG FXGLAssetLoaderServi - Loading from file system: jar:file:/C:/Users/User/.m2/repository/com/github/almasb/fxgl/17.3/fxgl-17.3.jar!/fxglassets/languages/english.lang
07:09:59.463 [FXGL Background Thread 1 ] INFO  FXGLApplication      - FXGL initialization took: 1,680 sec
07:09:59.474 [JavaFX Application Thread] DEBUG FXGLAssetLoaderServi - Loading from file system: jar:file:/C:/Users/User/.m2/repository/com/github/almasb/fxgl/17.3/fxgl-17.3.jar!/fxglassets/textures/fxgl_icon.png
07:09:59.517 [JavaFX Application Thread] DEBUG FXGLAssetLoaderServi - Loading from file system: jar:file:/C:/Users/User/.m2/repository/com/github/almasb/fxgl/17.3/fxgl-17.3.jar!/fxglassets/textures/fxgl_default_cursor.png
07:09:59.526 [JavaFX Application Thread] DEBUG Input                - Registered new binding: Screenshot - CTRL+8
07:09:59.527 [JavaFX Application Thread] DEBUG Input                - Registered new binding: System info dump - CTRL+9
07:09:59.527 [JavaFX Application Thread] DEBUG Input                - Registered new binding: Restart - CTRL+R
07:09:59.529 [JavaFX Application Thread] DEBUG Input                - Registered new binding: Toggle Debug Camera - CTRL+7
07:09:59.532 [JavaFX Application Thread] DEBUG LoopRunner           - Starting loop
07:09:59.532 [JavaFX Application Thread] DEBUG LoopRunner           - Initializing JavaFX AnimationTimerLoop
07:09:59.573 [JavaFX Application Thread] DEBUG GameApplicationServi - Starting new game
07:09:59.573 [JavaFX Application Thread] DEBUG Input                - Clearing active input actions
07:09:59.646 [JavaFX Application Thread] DEBUG GameApplicationServi - Removing overlay from FXGLStartupScene and adding to FXGLLoadingScene
07:09:59.647 [JavaFX Application Thread] DEBUG PrimaryStageWindow   - FXGLStartupScene -> FXGLLoadingScene
07:09:59.647 [JavaFX Application Thread] DEBUG GameApplicationServi - Clearing previous game
07:09:59.648 [JavaFX Application Thread] DEBUG GameScene            - Clearing game scene
07:09:59.648 [JavaFX Application Thread] DEBUG GameWorld            - Clearing game world
07:09:59.648 [JavaFX Application Thread] DEBUG PhysicsWorld         - Clearing physics world
07:09:59.657 [FXGL Background Thread 1 ] DEBUG FXGLApplication      - Initializing game
07:09:59.850 [ServerAsyncConnThread    ] DEBUG TCPServer            - Starting to listen at: 55555 type: class com.almasb.fxgl.core.serialization.Bundle
07:10:00.141 [FXGL Background Thread 4 ] DEBUG FXGLAssetLoaderServi - Loading from file system: jar:file:/C:/Users/User/.m2/repository/com/github/almasb/fxgl/17.3/fxgl-17.3.jar!/fxglassets/ui/fonts/Abel-Regular.ttf
07:10:00.216 [FXGL Background Thread 4 ] DEBUG FXGLAssetLoaderServi - Loading from file system: jar:file:/C:/Users/User/.m2/repository/com/github/almasb/fxgl/17.3/fxgl-17.3.jar!/fxglassets/ui/fonts/TerminalLandMono-Regular.otf
07:10:00.219 [FXGL Background Thread 4 ] DEBUG FXGLAssetLoaderServi - Loading from file system: jar:file:/C:/Users/User/.m2/repository/com/github/almasb/fxgl/17.3/fxgl-17.3.jar!/fxglassets/ui/fonts/Courier-Prime.ttf
07:10:00.702 [JavaFX Application Thread] DEBUG FXGLApplication      - Registering font factories with UI factory
07:10:02.459 [FXGL Background Thread 3 ] DEBUG Engine               - Logging environment variables
07:10:02.511 [FXGL Background Thread 3 ] DEBUG Engine               - achievements: []
07:10:02.511 [FXGL Background Thread 3 ] DEBUG Engine               - actualHeight: 500.0
07:10:02.512 [FXGL Background Thread 3 ] DEBUG Engine               - actualHeightProperty: ReadOnlyDoubleProperty [value: 500.0]
07:10:02.512 [FXGL Background Thread 3 ] DEBUG Engine               - actualWidth: 800.0
07:10:02.512 [FXGL Background Thread 3 ] DEBUG Engine               - actualWidthProperty: ReadOnlyDoubleProperty [value: 800.0]
07:10:02.512 [FXGL Background Thread 3 ] DEBUG Engine               - appIcon: fxgl_icon.png
07:10:02.623 [FXGL Background Thread 3 ] DEBUG Engine               - applicationMode: DEVELOPER
07:10:02.623 [FXGL Background Thread 3 ] DEBUG Engine               - cSSList: [fxgl_dark.css]
07:10:02.623 [FXGL Background Thread 3 ] DEBUG Engine               - collisionDetectionStrategy: BRUTE_FORCE
07:10:02.623 [FXGL Background Thread 3 ] DEBUG Engine               - configClass: Optional.empty
07:10:02.623 [FXGL Background Thread 3 ] DEBUG Engine               - credits: []
07:10:02.623 [FXGL Background Thread 3 ] DEBUG Engine               - defaultCursor: CursorInfo(imageName=fxgl_default_cursor.png, hotspotX=7.0, hotspotY=6.0)
07:10:02.624 [FXGL Background Thread 3 ] DEBUG Engine               - devBBoxColorProperty: ObjectProperty [value: 0xff0000ff]
07:10:02.624 [FXGL Background Thread 3 ] DEBUG Engine               - devEnableDebugCameraProperty: BooleanProperty [value: false]
07:10:02.624 [FXGL Background Thread 3 ] DEBUG Engine               - devSensorColorProperty: ObjectProperty [value: 0xffff00ff]
07:10:02.624 [FXGL Background Thread 3 ] DEBUG Engine               - devShowBBoxProperty: BooleanProperty [value: false]
07:10:02.624 [FXGL Background Thread 3 ] DEBUG Engine               - devShowPositionProperty: BooleanProperty [value: false]
07:10:02.628 [FXGL Background Thread 3 ] DEBUG Engine               - enabledMenuItems: []
07:10:02.628 [FXGL Background Thread 3 ] DEBUG Engine               - engineServices: [class com.almasb.fxgl.app.services.FXGLAssetLoaderService, class com.almasb.fxgl.app.FXGLApplication$GameApplicationService, class com.almasb.fxgl.app.services.FXGLDialogService, class com.almasb.fxgl.app.services.IOTaskExecutorService, class com.almasb.fxgl.io.FileSystemService, class com.almasb.fxgl.localization.LocalizationService, class com.almasb.fxgl.app.services.SystemBundleService, class com.almasb.fxgl.profile.SaveLoadService, class com.almasb.fxgl.ui.FXGLUIFactoryServiceProvider, class com.almasb.fxgl.ui.FXGLDialogFactoryServiceProvider, class com.almasb.fxgl.audio.AudioPlayer, class com.almasb.fxgl.notification.impl.NotificationServiceProvider, class com.almasb.fxgl.achievement.AchievementService, class com.almasb.fxgl.cutscene.CutsceneService, class com.almasb.fxgl.minigames.MiniGameService, class com.almasb.fxgl.net.NetService, class com.almasb.fxgl.app.services.UpdaterService, class com.almasb.fxgl.dev.DevService, class com.almasb.fxgl.multiplayer.MultiplayerService]
07:10:02.628 [FXGL Background Thread 3 ] DEBUG Engine               - fontGame: Abel-Regular.ttf
07:10:02.628 [FXGL Background Thread 3 ] DEBUG Engine               - fontMono: TerminalLandMono-Regular.otf
07:10:02.628 [FXGL Background Thread 3 ] DEBUG Engine               - fontSizeScaleUI: 1.0
07:10:02.628 [FXGL Background Thread 3 ] DEBUG Engine               - fontText: Courier-Prime.ttf
07:10:02.628 [FXGL Background Thread 3 ] DEBUG Engine               - fontUI: VarelaRound-Regular.ttf
07:10:02.628 [FXGL Background Thread 3 ] DEBUG Engine               - fullScreen: BooleanProperty [value: false]
07:10:02.629 [FXGL Background Thread 3 ] DEBUG Engine               - gameDifficulty: MEDIUM
07:10:02.629 [FXGL Background Thread 3 ] DEBUG Engine               - gameDifficultyProperty: ObjectProperty [value: MEDIUM]
07:10:02.629 [FXGL Background Thread 3 ] DEBUG Engine               - globalMusicVolume: 0.5
07:10:02.629 [FXGL Background Thread 3 ] DEBUG Engine               - globalMusicVolumeProperty: DoubleProperty [value: 0.5]
07:10:02.629 [FXGL Background Thread 3 ] DEBUG Engine               - globalSoundVolume: 0.5
07:10:02.629 [FXGL Background Thread 3 ] DEBUG Engine               - globalSoundVolumeProperty: DoubleProperty [value: 0.5]
07:10:02.629 [FXGL Background Thread 3 ] DEBUG Engine               - height: 500
07:10:02.629 [FXGL Background Thread 3 ] DEBUG Engine               - is3D: false
07:10:02.629 [FXGL Background Thread 3 ] DEBUG Engine               - isAndroid: false
07:10:02.629 [FXGL Background Thread 3 ] DEBUG Engine               - isBrowser: false
07:10:02.629 [FXGL Background Thread 3 ] DEBUG Engine               - isClickFeedbackEnabled: false
07:10:02.630 [FXGL Background Thread 3 ] DEBUG Engine               - isCloseConfirmation: false
07:10:02.630 [FXGL Background Thread 3 ] DEBUG Engine               - isDesktop: true
07:10:02.630 [FXGL Background Thread 3 ] DEBUG Engine               - isDeveloperMenuEnabled: false
07:10:02.630 [FXGL Background Thread 3 ] DEBUG Engine               - isEmbedded: false
07:10:02.630 [FXGL Background Thread 3 ] DEBUG Engine               - isEntityPreloadEnabled: true
07:10:02.630 [FXGL Background Thread 3 ] DEBUG Engine               - isExperimentalTiledLargeMap: false
07:10:02.630 [FXGL Background Thread 3 ] DEBUG Engine               - isFileSystemWriteAllowed: true
07:10:02.630 [FXGL Background Thread 3 ] DEBUG Engine               - isFullScreenAllowed: false
07:10:02.630 [FXGL Background Thread 3 ] DEBUG Engine               - isFullScreenFromStart: false
07:10:02.630 [FXGL Background Thread 3 ] DEBUG Engine               - isGameMenuEnabled: true
07:10:02.630 [FXGL Background Thread 3 ] DEBUG Engine               - isIOS: false
07:10:02.630 [FXGL Background Thread 3 ] DEBUG Engine               - isIntroEnabled: false
07:10:02.630 [FXGL Background Thread 3 ] DEBUG Engine               - isLinux: false
07:10:02.630 [FXGL Background Thread 3 ] DEBUG Engine               - isMac: false
07:10:02.630 [FXGL Background Thread 3 ] DEBUG Engine               - isMainMenuEnabled: false
07:10:02.630 [FXGL Background Thread 3 ] DEBUG Engine               - isManualResizeEnabled: false
07:10:02.631 [FXGL Background Thread 3 ] DEBUG Engine               - isMobile: false
07:10:02.631 [FXGL Background Thread 3 ] DEBUG Engine               - isNative: false
07:10:02.631 [FXGL Background Thread 3 ] DEBUG Engine               - isPauseMusicWhenMinimized: true
07:10:02.631 [FXGL Background Thread 3 ] DEBUG Engine               - isPreserveResizeRatio: false
07:10:02.631 [FXGL Background Thread 3 ] DEBUG Engine               - isProfilingEnabled: false
07:10:02.631 [FXGL Background Thread 3 ] DEBUG Engine               - isScaleAffectedOnResize: true
07:10:02.631 [FXGL Background Thread 3 ] DEBUG Engine               - isSingleStep: false
07:10:02.631 [FXGL Background Thread 3 ] DEBUG Engine               - isUserProfileEnabled: false
07:10:02.632 [FXGL Background Thread 3 ] DEBUG Engine               - isWindows: true
07:10:02.632 [FXGL Background Thread 3 ] DEBUG Engine               - language: ObjectProperty [value: ENGLISH]
07:10:02.632 [FXGL Background Thread 3 ] DEBUG Engine               - menuKey: ESCAPE
07:10:02.632 [FXGL Background Thread 3 ] DEBUG Engine               - mouseSensitivity: 0.2
07:10:02.632 [FXGL Background Thread 3 ] DEBUG Engine               - notificationViewClass: class com.almasb.fxgl.notification.view.XboxNotificationView
07:10:02.632 [FXGL Background Thread 3 ] DEBUG Engine               - pixelsPerMeter: 50.0
07:10:02.632 [FXGL Background Thread 3 ] DEBUG Engine               - platform: WINDOWS
07:10:02.632 [FXGL Background Thread 3 ] DEBUG Engine               - prefHeightProperty: ReadOnlyDoubleProperty [value: 500.0]
07:10:02.632 [FXGL Background Thread 3 ] DEBUG Engine               - prefWidthProperty: ReadOnlyDoubleProperty [value: 800.0]
07:10:02.632 [FXGL Background Thread 3 ] DEBUG Engine               - profileDir: profiles/
07:10:02.632 [FXGL Background Thread 3 ] DEBUG Engine               - profileName: StringProperty [value: DEFAULT]
07:10:02.632 [FXGL Background Thread 3 ] DEBUG Engine               - randomSeed: -1
07:10:02.633 [FXGL Background Thread 3 ] DEBUG Engine               - runtimeInfo: RuntimeInfo(platform=WINDOWS, version=17.3, build=30.03.2023 11.49)
07:10:02.633 [FXGL Background Thread 3 ] DEBUG Engine               - saveFileExt: sav
07:10:02.633 [FXGL Background Thread 3 ] DEBUG Engine               - scaledHeightProp$fxgl: DoubleProperty [bound, value: 500.0]
07:10:02.633 [FXGL Background Thread 3 ] DEBUG Engine               - scaledWidthProp$fxgl: DoubleProperty [bound, value: 800.0]
07:10:02.633 [FXGL Background Thread 3 ] DEBUG Engine               - sceneFactory: com.almasb.fxgl.app.scene.SceneFactory@5696af00
07:10:02.633 [FXGL Background Thread 3 ] DEBUG Engine               - secondsIn24h: 60
07:10:02.633 [FXGL Background Thread 3 ] DEBUG Engine               - soundMenuBack: menu/back.wav
07:10:02.633 [FXGL Background Thread 3 ] DEBUG Engine               - soundMenuPress: menu/press.wav
07:10:02.633 [FXGL Background Thread 3 ] DEBUG Engine               - soundMenuSelect: menu/select.wav
07:10:02.633 [FXGL Background Thread 3 ] DEBUG Engine               - soundNotification: core/notification.wav
07:10:02.633 [FXGL Background Thread 3 ] DEBUG Engine               - stageStyle: DECORATED
07:10:02.633 [FXGL Background Thread 3 ] DEBUG Engine               - supportedLanguages: [ENGLISH, FRENCH, GERMAN, HUNGARIAN, RUSSIAN]
07:10:02.633 [FXGL Background Thread 3 ] DEBUG Engine               - ticksPerSecond: -1
07:10:02.633 [FXGL Background Thread 3 ] DEBUG Engine               - title: Server
07:10:02.633 [FXGL Background Thread 3 ] DEBUG Engine               - urlGithub: https://github.com/AlmasB/FXGL
07:10:02.633 [FXGL Background Thread 3 ] DEBUG Engine               - urlLeaderboard: http://fxgl-top.herokuapp.com/
07:10:02.633 [FXGL Background Thread 3 ] DEBUG Engine               - urlPOM: https://raw.githubusercontent.com/AlmasB/FXGL/release/README.md
07:10:02.633 [FXGL Background Thread 3 ] DEBUG Engine               - userAppClass: class Runner.ServerRunner
07:10:02.633 [FXGL Background Thread 3 ] DEBUG Engine               - version: 0.0
07:10:02.633 [FXGL Background Thread 3 ] DEBUG Engine               - versionCheckDays: 7
07:10:02.633 [FXGL Background Thread 3 ] DEBUG Engine               - width: 800
07:10:02.633 [FXGL Background Thread 3 ] DEBUG Engine               - Logging services
07:10:02.633 [FXGL Background Thread 3 ] DEBUG Engine               - class com.almasb.fxgl.app.services.FXGLAssetLoaderService
07:10:02.633 [FXGL Background Thread 3 ] DEBUG Engine               - class com.almasb.fxgl.app.FXGLApplication$GameApplicationService
07:10:02.633 [FXGL Background Thread 3 ] DEBUG Engine               - class com.almasb.fxgl.app.services.FXGLDialogService
07:10:02.634 [FXGL Background Thread 3 ] DEBUG Engine               - class com.almasb.fxgl.app.services.IOTaskExecutorService
07:10:02.634 [FXGL Background Thread 3 ] DEBUG Engine               - class com.almasb.fxgl.io.FileSystemService
07:10:02.634 [FXGL Background Thread 3 ] DEBUG Engine               - class com.almasb.fxgl.localization.LocalizationService
07:10:02.634 [FXGL Background Thread 3 ] DEBUG Engine               - class com.almasb.fxgl.app.services.SystemBundleService
07:10:02.634 [FXGL Background Thread 3 ] DEBUG Engine               - class com.almasb.fxgl.profile.SaveLoadService
07:10:02.634 [FXGL Background Thread 3 ] DEBUG Engine               - class com.almasb.fxgl.ui.FXGLUIFactoryServiceProvider
07:10:02.634 [FXGL Background Thread 3 ] DEBUG Engine               - class com.almasb.fxgl.ui.FXGLDialogFactoryServiceProvider
07:10:02.634 [FXGL Background Thread 3 ] DEBUG Engine               - class com.almasb.fxgl.audio.AudioPlayer
07:10:02.634 [FXGL Background Thread 3 ] DEBUG Engine               - class com.almasb.fxgl.notification.impl.NotificationServiceProvider
07:10:02.634 [FXGL Background Thread 3 ] DEBUG Engine               - class com.almasb.fxgl.achievement.AchievementService
07:10:02.634 [FXGL Background Thread 3 ] DEBUG Engine               - class com.almasb.fxgl.cutscene.CutsceneService
07:10:02.634 [FXGL Background Thread 3 ] DEBUG Engine               - class com.almasb.fxgl.minigames.MiniGameService
07:10:02.634 [FXGL Background Thread 3 ] DEBUG Engine               - class com.almasb.fxgl.net.NetService
07:10:02.634 [FXGL Background Thread 3 ] DEBUG Engine               - class com.almasb.fxgl.app.services.UpdaterService
07:10:02.634 [FXGL Background Thread 3 ] DEBUG Engine               - class com.almasb.fxgl.dev.DevService
07:10:02.634 [FXGL Background Thread 3 ] DEBUG Engine               - class com.almasb.fxgl.multiplayer.MultiplayerService
07:10:02.865 [FXGL Background Thread 1 ] DEBUG TMXLevelLoader       - Parsed TiledMap: file:/C:/Users/User/Documents/Millan.Luis/UNEG/Semestre%20IV/Tecnicas%20de%20Prog.%20III/Sonic-rush/target/classes/assets/levels/mapazo.tmx
07:10:02.866 [FXGL Background Thread 1 ] DEBUG TMXLevelLoader       - Creating tile layer entities
07:10:02.868 [FXGL Background Thread 1 ] DEBUG TilesetLoader        - Loading view for layer Capa de patrones 1
07:10:02.873 [FXGL Background Thread 1 ] DEBUG TilesetLoader        - Created buffer with size 3840.0x720.0
07:10:02.927 [FXGL Background Thread 1 ] DEBUG TMXLevelLoader       - Creating object layer entities
07:10:03.050 [FXGL Background Thread 1 ] DEBUG GameWorld            - Clearing removable entities
07:10:03.050 [FXGL Background Thread 1 ] DEBUG GameWorld            - Setting level: com.almasb.fxgl.entity.level.Level@13b89507
07:10:03.140 [FXGL Background Thread 1 ] DEBUG FXGLAssetLoaderServi - Loading from file system: file:/C:/Users/User/Documents/Millan.Luis/UNEG/Semestre%20IV/Tecnicas%20de%20Prog.%20III/Sonic-rush/target/classes/assets/textures/Items/ring.png
07:10:03.348 [FXGL Background Thread 1 ] DEBUG FXGLAssetLoaderServi - Loading from file system: file:/C:/Users/User/Documents/Millan.Luis/UNEG/Semestre%20IV/Tecnicas%20de%20Prog.%20III/Sonic-rush/target/classes/assets/textures/Enemigos/enemigo.png
07:10:04.255 [FXGL Background Thread 1 ] DEBUG FXGLAssetLoaderServi - Loading from file system: file:/C:/Users/User/Documents/Millan.Luis/UNEG/Semestre%20IV/Tecnicas%20de%20Prog.%20III/Sonic-rush/target/classes/assets/textures/Items/caucho.png
07:10:04.264 [FXGL Background Thread 1 ] DEBUG FXGLAssetLoaderServi - Loading from file system: file:/C:/Users/User/Documents/Millan.Luis/UNEG/Semestre%20IV/Tecnicas%20de%20Prog.%20III/Sonic-rush/target/classes/assets/textures/Items/basura.png
07:10:04.297 [FXGL Background Thread 1 ] DEBUG FXGLAssetLoaderServi - Loading from file system: file:/C:/Users/User/Documents/Millan.Luis/UNEG/Semestre%20IV/Tecnicas%20de%20Prog.%20III/Sonic-rush/target/classes/assets/textures/Items/papel.png
07:10:04.380 [FXGL Background Thread 1 ] INFO  FXGLApplication      - Game initialization took: 4,722 sec
07:10:04.381 [JavaFX Application Thread] DEBUG Input                - Clearing active input actions
07:10:04.392 [JavaFX Application Thread] DEBUG GameApplicationServi - Removing overlay from FXGLLoadingScene and adding to GameScene
07:10:04.392 [JavaFX Application Thread] DEBUG PrimaryStageWindow   - FXGLLoadingScene -> GameScene
07:10:05.724 [FXGL Background Thread 2 ] INFO  UpdaterService       - Your current version:  17.3
07:10:05.727 [FXGL Background Thread 2 ] INFO  UpdaterService       - Latest stable version: 21.1
07:10:08.700 [JavaFX Application Thread] DEBUG LoopRunner           - Pausing loop
07:11:17.820 [JavaFX Application Thread] DEBUG LoopRunner           - Resuming loop
07:11:21.771 [JavaFX Application Thread] DEBUG FXGLApplication      - Exiting FXGL
07:11:21.771 [JavaFX Application Thread] DEBUG LoopRunner           - Stopping loop
07:11:21.771 [JavaFX Application Thread] DEBUG SystemBundleService  - Saving FXGL system data
07:11:21.793 [JavaFX Application Thread] DEBUG FileSystemAccess     - Writing to: C:\Users\User\Documents\Millan.Luis\UNEG\Semestre IV\Tecnicas de Prog. III\Sonic-rush\system\fxgl.bundle
07:11:21.799 [JavaFX Application Thread] DEBUG Async                - Shutting down background threads
07:11:21.799 [JavaFX Application Thread] DEBUG PrimaryStageWindow   - Closing main window
07:11:21.807 [JavaFX Application Thread] DEBUG Logger               - Closing Logger
