20:39:32.627 [main                     ] DEBUG Logger               - Configured Logger
20:39:32.672 [main                     ] DEBUG GameApplication      - Logging settings
Title: Jugador Sonic
Version: 0.0
Width: 1000
Height: 600
Fullscreen: false
Intro: false
Profiling: false
Single step:false
App Mode: DEVELOPER
Menu Key: ESCAPE
Stage Style: DECORATED
Scene Factory: class com.almasb.fxgl.app.scene.SceneFactory

20:39:33.351 [JavaFX Application Thread] DEBUG FXGLApplication      - Initializing FXGL
20:39:33.366 [JavaFX Application Thread] INFO  Engine               - FXGL-17.3 (30.03.2023 11.49) on WINDOWS (J:17.0.12 FX:20)
20:39:33.370 [JavaFX Application Thread] DEBUG Engine               - JRE Vendor Name: Oracle Corporation
20:39:33.370 [JavaFX Application Thread] DEBUG Engine               - Running on OS: Windows 10 version 10.0
20:39:33.371 [JavaFX Application Thread] DEBUG Engine               - Architecture: amd64
20:39:33.371 [JavaFX Application Thread] INFO  Engine               - Source code and latest versions at: https://github.com/AlmasB/FXGL
20:39:33.392 [JavaFX Application Thread] INFO  Engine               -       Ask questions and discuss at: https://github.com/AlmasB/FXGL/discussions
20:39:33.392 [JavaFX Application Thread] INFO  Engine               -              Join the FXGL chat at: https://gitter.im/AlmasB/FXGL
20:39:33.789 [JavaFX Application Thread] DEBUG PrimaryStageWindow   - Creating a JavaFX scene
20:39:33.866 [JavaFX Application Thread] DEBUG PrimaryStageWindow   - Target settings size: 1000.0 x 600.0
20:39:33.867 [JavaFX Application Thread] DEBUG PrimaryStageWindow   - Scaled scene size:    1000.0 x 600.0
20:39:33.867 [JavaFX Application Thread] DEBUG PrimaryStageWindow   - Scaled ratio: (1.0, 1.0)
20:39:33.869 [JavaFX Application Thread] DEBUG PrimaryStageWindow   - Set initial scene to FXGLStartupScene
20:39:33.873 [JavaFX Application Thread] DEBUG PrimaryStageWindow   - Opening main window
20:39:33.988 [JavaFX Application Thread] DEBUG PrimaryStageWindow   - Window border size: (14.4000244140625, 37.5999755859375)
20:39:33.988 [JavaFX Application Thread] DEBUG PrimaryStageWindow   - Scaled size: 1000.0 x 600.0
20:39:33.989 [JavaFX Application Thread] DEBUG PrimaryStageWindow   - Scaled ratio: (1.0, 1.0)
20:39:33.989 [JavaFX Application Thread] DEBUG PrimaryStageWindow   - Scene size: 1000.0 x 600.0
20:39:33.990 [JavaFX Application Thread] DEBUG PrimaryStageWindow   - Stage size: 1014.4000244140625 x 637.5999755859375
20:39:34.013 [FXGL Background Thread 1 ] DEBUG Engine               - Initializing environment variables
20:39:34.094 [FXGL Background Thread 1 ] DEBUG FXGLAssetLoaderServi - User app class for loading assets: class Runner.ClientRunner
20:39:34.096 [FXGL Background Thread 1 ] DEBUG GameApplicationServi - Applying CSS: fxgl_dark.css
20:39:34.097 [FXGL Background Thread 1 ] DEBUG FXGLAssetLoaderServi - Loading from file system: jar:file:/C:/Users/Owner/.m2/repository/com/github/almasb/fxgl/17.3/fxgl-17.3.jar!/fxglassets/ui/css/fxgl_dark.css
20:39:34.238 [FXGL Background Thread 1 ] DEBUG GameApplicationServi - Initializing application scenes
20:39:34.604 [FXGL Background Thread 1 ] DEBUG GameWorld            - Game world initialized
20:39:34.893 [FXGL Background Thread 1 ] DEBUG PhysicsWorld         - Physics world initialized: appHeight=600, physics.ppm=50.0
20:39:34.899 [FXGL Background Thread 1 ] DEBUG PhysicsWorld         - Using strategy: BRUTE_FORCE
20:39:34.926 [FXGL Background Thread 1 ] DEBUG GameScene            - Game scene initialized: 1000x600
20:39:35.016 [FXGL Background Thread 1 ] DEBUG FXGL.DefaultMenu     - createMenuBodyGameMenu()
20:39:35.180 [FXGL Background Thread 1 ] DEBUG FXGL.DefaultMenu     - createOptionsMenu()
20:39:35.292 [FXGL Background Thread 1 ] DEBUG FXGLAssetLoaderServi - Loading from file system: jar:file:/C:/Users/Owner/.m2/repository/com/github/almasb/fxgl/17.3/fxgl-17.3.jar!/fxglassets/textures/particles/smoke.png
20:39:35.988 [FXGL Background Thread 1 ] DEBUG FXGLAssetLoaderServi - Loading from file system: jar:file:/C:/Users/Owner/.m2/repository/com/github/almasb/fxgl/17.3/fxgl-17.3.jar!/fxglassets/textures/particles/trace_horizontal.png
20:39:36.113 [FXGL Background Thread 1 ] DEBUG GameApplicationServi - Application scenes initialized
20:39:36.231 [FXGL Background Thread 1 ] DEBUG SystemBundleService  - Loading FXGL system data
20:39:36.266 [FXGL Background Thread 1 ] DEBUG FileSystemAccess     - Reading from: C:\Users\Owner\Desktop\Sonic-rush\system\fxgl.bundle
20:39:36.335 [FXGL Background Thread 1 ] DEBUG SystemBundleService  - Bundle FXGL: {}
20:39:36.336 [FXGL Background Thread 1 ] DEBUG UpdaterService       - Checking for updates
20:39:36.346 [FXGL Background Thread 1 ] DEBUG FXGLApplication      - Loading default localization
20:39:36.347 [FXGL Background Thread 1 ] DEBUG FXGLAssetLoaderServi - Loading from file system: jar:file:/C:/Users/Owner/.m2/repository/com/github/almasb/fxgl/17.3/fxgl-17.3.jar!/fxglassets/languages/english.lang
20:39:36.383 [FXGL Background Thread 1 ] INFO  FXGLApplication      - FXGL initialization took: 2.370 sec
20:39:36.445 [FXGL Background Thread 4 ] DEBUG FXGLApplication      - Loading fonts
20:39:36.448 [FXGL Background Thread 4 ] DEBUG FXGLAssetLoaderServi - Loading from file system: jar:file:/C:/Users/Owner/.m2/repository/com/github/almasb/fxgl/17.3/fxgl-17.3.jar!/fxglassets/ui/fonts/VarelaRound-Regular.ttf
20:39:36.483 [JavaFX Application Thread] DEBUG Input                - Registered new binding: Mover a la izquierda - A
20:39:36.484 [JavaFX Application Thread] DEBUG Input                - Registered new binding: Mover a la derecha - D
20:39:36.484 [JavaFX Application Thread] DEBUG Input                - Registered new binding: Saltar - W
20:39:36.484 [JavaFX Application Thread] DEBUG Input                - Registered new binding: Interactuar - E
20:39:36.484 [JavaFX Application Thread] DEBUG Input                - Registered new binding: Desactivar filtro - L
20:39:36.485 [JavaFX Application Thread] DEBUG FXGLAssetLoaderServi - Loading from file system: jar:file:/C:/Users/Owner/.m2/repository/com/github/almasb/fxgl/17.3/fxgl-17.3.jar!/fxglassets/textures/fxgl_icon.png
20:39:36.553 [JavaFX Application Thread] DEBUG FXGLAssetLoaderServi - Loading from file system: jar:file:/C:/Users/Owner/.m2/repository/com/github/almasb/fxgl/17.3/fxgl-17.3.jar!/fxglassets/textures/fxgl_default_cursor.png
20:39:36.558 [JavaFX Application Thread] DEBUG Input                - Registered new binding: Screenshot - CTRL+8
20:39:36.559 [JavaFX Application Thread] DEBUG Input                - Registered new binding: System info dump - CTRL+9
20:39:36.560 [JavaFX Application Thread] DEBUG Input                - Registered new binding: Restart - CTRL+R
20:39:36.563 [JavaFX Application Thread] DEBUG Input                - Registered new binding: Toggle Debug Camera - CTRL+7
20:39:36.574 [JavaFX Application Thread] DEBUG LoopRunner           - Starting loop
20:39:36.574 [JavaFX Application Thread] DEBUG LoopRunner           - Initializing JavaFX AnimationTimerLoop
20:39:36.580 [JavaFX Application Thread] DEBUG GameApplicationServi - Starting new game
20:39:36.584 [JavaFX Application Thread] DEBUG Input                - Clearing active input actions
20:39:36.610 [JavaFX Application Thread] DEBUG GameApplicationServi - Removing overlay from FXGLStartupScene and adding to FXGLLoadingScene
20:39:36.611 [JavaFX Application Thread] DEBUG PrimaryStageWindow   - FXGLStartupScene -> FXGLLoadingScene
20:39:36.612 [JavaFX Application Thread] DEBUG GameApplicationServi - Clearing previous game
20:39:36.612 [JavaFX Application Thread] DEBUG GameScene            - Clearing game scene
20:39:36.612 [JavaFX Application Thread] DEBUG GameWorld            - Clearing game world
20:39:36.614 [JavaFX Application Thread] DEBUG PhysicsWorld         - Clearing physics world
20:39:36.620 [FXGL Background Thread 1 ] DEBUG FXGLApplication      - Initializing game
20:39:36.647 [FXGL Background Thread 1 ] DEBUG FXGLAssetLoaderServi - Loading from file system: file:/C:/Users/Owner/Desktop/Sonic-rush/target/classes/assets/music/OST2.mp3
20:39:37.419 [FXGL Background Thread 4 ] DEBUG FXGLAssetLoaderServi - Loading from file system: jar:file:/C:/Users/Owner/.m2/repository/com/github/almasb/fxgl/17.3/fxgl-17.3.jar!/fxglassets/ui/fonts/Abel-Regular.ttf
20:39:37.424 [FXGL Background Thread 4 ] DEBUG FXGLAssetLoaderServi - Loading from file system: jar:file:/C:/Users/Owner/.m2/repository/com/github/almasb/fxgl/17.3/fxgl-17.3.jar!/fxglassets/ui/fonts/TerminalLandMono-Regular.otf
20:39:37.429 [FXGL Background Thread 4 ] DEBUG FXGLAssetLoaderServi - Loading from file system: jar:file:/C:/Users/Owner/.m2/repository/com/github/almasb/fxgl/17.3/fxgl-17.3.jar!/fxglassets/ui/fonts/Courier-Prime.ttf
20:39:37.442 [JavaFX Application Thread] DEBUG FXGLApplication      - Registering font factories with UI factory
20:39:37.816 [FXGL Background Thread 1 ] DEBUG AudioPlayer          - Playing music com.almasb.fxgl.audio.Music@33ca816
20:39:37.856 [FXGL Background Thread 1 ] INFO  FXGLApplication      - Game initialization took: 1.236 sec
20:39:38.490 [JavaFX Application Thread] DEBUG Input                - Clearing active input actions
20:39:38.587 [JavaFX Application Thread] DEBUG GameApplicationServi - Removing overlay from FXGLLoadingScene and adding to GameScene
20:39:38.587 [JavaFX Application Thread] DEBUG PrimaryStageWindow   - FXGLLoadingScene -> GameScene
20:39:38.906 [FXGL Background Thread 2 ] INFO  UpdaterService       - Your current version:  17.3
20:39:39.154 [FXGL Background Thread 2 ] INFO  UpdaterService       - Latest stable version: 21.1
20:39:39.341 [FXGL Background Thread 3 ] DEBUG Engine               - Logging environment variables
20:39:39.353 [FXGL Background Thread 3 ] DEBUG Engine               - achievements: []
20:39:39.354 [FXGL Background Thread 3 ] DEBUG Engine               - actualHeight: 600.0
20:39:39.356 [FXGL Background Thread 3 ] DEBUG Engine               - actualHeightProperty: ReadOnlyDoubleProperty [value: 600.0]
20:39:39.358 [FXGL Background Thread 3 ] DEBUG Engine               - actualWidth: 1000.0
20:39:39.359 [FXGL Background Thread 3 ] DEBUG Engine               - actualWidthProperty: ReadOnlyDoubleProperty [value: 1000.0]
20:39:39.360 [FXGL Background Thread 3 ] DEBUG Engine               - appIcon: fxgl_icon.png
20:39:39.360 [FXGL Background Thread 3 ] DEBUG Engine               - applicationMode: DEVELOPER
20:39:39.361 [FXGL Background Thread 3 ] DEBUG Engine               - cSSList: [fxgl_dark.css]
20:39:39.361 [FXGL Background Thread 3 ] DEBUG Engine               - collisionDetectionStrategy: BRUTE_FORCE
20:39:39.362 [FXGL Background Thread 3 ] DEBUG Engine               - configClass: Optional.empty
20:39:39.362 [FXGL Background Thread 3 ] DEBUG Engine               - credits: []
20:39:39.365 [FXGL Background Thread 3 ] DEBUG Engine               - defaultCursor: CursorInfo(imageName=fxgl_default_cursor.png, hotspotX=7.0, hotspotY=6.0)
20:39:39.366 [FXGL Background Thread 3 ] DEBUG Engine               - devBBoxColorProperty: ObjectProperty [value: 0xff0000ff]
20:39:39.366 [FXGL Background Thread 3 ] DEBUG Engine               - devEnableDebugCameraProperty: BooleanProperty [value: false]
20:39:39.367 [FXGL Background Thread 3 ] DEBUG Engine               - devSensorColorProperty: ObjectProperty [value: 0xffff00ff]
20:39:39.367 [FXGL Background Thread 3 ] DEBUG Engine               - devShowBBoxProperty: BooleanProperty [value: false]
20:39:39.367 [FXGL Background Thread 3 ] DEBUG Engine               - devShowPositionProperty: BooleanProperty [value: false]
20:39:39.367 [FXGL Background Thread 3 ] DEBUG Engine               - enabledMenuItems: []
20:39:39.368 [FXGL Background Thread 3 ] DEBUG Engine               - engineServices: [class com.almasb.fxgl.app.services.FXGLAssetLoaderService, class com.almasb.fxgl.app.FXGLApplication$GameApplicationService, class com.almasb.fxgl.app.services.FXGLDialogService, class com.almasb.fxgl.app.services.IOTaskExecutorService, class com.almasb.fxgl.io.FileSystemService, class com.almasb.fxgl.localization.LocalizationService, class com.almasb.fxgl.app.services.SystemBundleService, class com.almasb.fxgl.profile.SaveLoadService, class com.almasb.fxgl.ui.FXGLUIFactoryServiceProvider, class com.almasb.fxgl.ui.FXGLDialogFactoryServiceProvider, class com.almasb.fxgl.audio.AudioPlayer, class com.almasb.fxgl.notification.impl.NotificationServiceProvider, class com.almasb.fxgl.achievement.AchievementService, class com.almasb.fxgl.cutscene.CutsceneService, class com.almasb.fxgl.minigames.MiniGameService, class com.almasb.fxgl.net.NetService, class com.almasb.fxgl.app.services.UpdaterService, class com.almasb.fxgl.dev.DevService, class com.almasb.fxgl.multiplayer.MultiplayerService]
20:39:39.368 [FXGL Background Thread 3 ] DEBUG Engine               - fontGame: Abel-Regular.ttf
20:39:39.368 [FXGL Background Thread 3 ] DEBUG Engine               - fontMono: TerminalLandMono-Regular.otf
20:39:39.369 [FXGL Background Thread 3 ] DEBUG Engine               - fontSizeScaleUI: 1.0
20:39:39.370 [FXGL Background Thread 3 ] DEBUG Engine               - fontText: Courier-Prime.ttf
20:39:39.371 [FXGL Background Thread 3 ] DEBUG Engine               - fontUI: VarelaRound-Regular.ttf
20:39:39.371 [FXGL Background Thread 3 ] DEBUG Engine               - fullScreen: BooleanProperty [value: false]
20:39:39.372 [FXGL Background Thread 3 ] DEBUG Engine               - gameDifficulty: MEDIUM
20:39:39.372 [FXGL Background Thread 3 ] DEBUG Engine               - gameDifficultyProperty: ObjectProperty [value: MEDIUM]
20:39:39.372 [FXGL Background Thread 3 ] DEBUG Engine               - globalMusicVolume: 0.5
20:39:39.373 [FXGL Background Thread 3 ] DEBUG Engine               - globalMusicVolumeProperty: DoubleProperty [value: 0.5]
20:39:39.373 [FXGL Background Thread 3 ] DEBUG Engine               - globalSoundVolume: 0.5
20:39:39.374 [FXGL Background Thread 3 ] DEBUG Engine               - globalSoundVolumeProperty: DoubleProperty [value: 0.5]
20:39:39.374 [FXGL Background Thread 3 ] DEBUG Engine               - height: 600
20:39:39.374 [FXGL Background Thread 3 ] DEBUG Engine               - is3D: false
20:39:39.374 [FXGL Background Thread 3 ] DEBUG Engine               - isAndroid: false
20:39:39.375 [FXGL Background Thread 3 ] DEBUG Engine               - isBrowser: false
20:39:39.375 [FXGL Background Thread 3 ] DEBUG Engine               - isClickFeedbackEnabled: false
20:39:39.375 [FXGL Background Thread 3 ] DEBUG Engine               - isCloseConfirmation: false
20:39:39.375 [FXGL Background Thread 3 ] DEBUG Engine               - isDesktop: true
20:39:39.376 [FXGL Background Thread 3 ] DEBUG Engine               - isDeveloperMenuEnabled: false
20:39:39.376 [FXGL Background Thread 3 ] DEBUG Engine               - isEmbedded: false
20:39:39.377 [FXGL Background Thread 3 ] DEBUG Engine               - isEntityPreloadEnabled: true
20:39:39.377 [FXGL Background Thread 3 ] DEBUG Engine               - isExperimentalTiledLargeMap: false
20:39:39.377 [FXGL Background Thread 3 ] DEBUG Engine               - isFileSystemWriteAllowed: true
20:39:39.378 [FXGL Background Thread 3 ] DEBUG Engine               - isFullScreenAllowed: false
20:39:39.378 [FXGL Background Thread 3 ] DEBUG Engine               - isFullScreenFromStart: false
20:39:39.378 [FXGL Background Thread 3 ] DEBUG Engine               - isGameMenuEnabled: true
20:39:39.378 [FXGL Background Thread 3 ] DEBUG Engine               - isIOS: false
20:39:39.378 [FXGL Background Thread 3 ] DEBUG Engine               - isIntroEnabled: false
20:39:39.378 [FXGL Background Thread 3 ] DEBUG Engine               - isLinux: false
20:39:39.380 [FXGL Background Thread 3 ] DEBUG Engine               - isMac: false
20:39:39.380 [FXGL Background Thread 3 ] DEBUG Engine               - isMainMenuEnabled: false
20:39:39.380 [FXGL Background Thread 3 ] DEBUG Engine               - isManualResizeEnabled: false
20:39:39.380 [FXGL Background Thread 3 ] DEBUG Engine               - isMobile: false
20:39:39.381 [FXGL Background Thread 3 ] DEBUG Engine               - isNative: false
20:39:39.394 [FXGL Background Thread 3 ] DEBUG Engine               - isPauseMusicWhenMinimized: true
20:39:39.397 [FXGL Background Thread 3 ] DEBUG Engine               - isPreserveResizeRatio: false
20:39:39.398 [FXGL Background Thread 3 ] DEBUG Engine               - isProfilingEnabled: false
20:39:39.403 [FXGL Background Thread 3 ] DEBUG Engine               - isScaleAffectedOnResize: true
20:39:39.404 [FXGL Background Thread 3 ] DEBUG Engine               - isSingleStep: false
20:39:39.406 [FXGL Background Thread 3 ] DEBUG Engine               - isUserProfileEnabled: false
20:39:39.407 [FXGL Background Thread 3 ] DEBUG Engine               - isWindows: true
20:39:39.407 [FXGL Background Thread 3 ] DEBUG Engine               - language: ObjectProperty [value: ENGLISH]
20:39:39.407 [FXGL Background Thread 3 ] DEBUG Engine               - menuKey: ESCAPE
20:39:39.408 [FXGL Background Thread 3 ] DEBUG Engine               - mouseSensitivity: 0.2
20:39:39.408 [FXGL Background Thread 3 ] DEBUG Engine               - notificationViewClass: class com.almasb.fxgl.notification.view.XboxNotificationView
20:39:39.409 [FXGL Background Thread 3 ] DEBUG Engine               - pixelsPerMeter: 50.0
20:39:39.409 [FXGL Background Thread 3 ] DEBUG Engine               - platform: WINDOWS
20:39:39.409 [FXGL Background Thread 3 ] DEBUG Engine               - prefHeightProperty: ReadOnlyDoubleProperty [value: 600.0]
20:39:39.410 [FXGL Background Thread 3 ] DEBUG Engine               - prefWidthProperty: ReadOnlyDoubleProperty [value: 1000.0]
20:39:39.410 [FXGL Background Thread 3 ] DEBUG Engine               - profileDir: profiles/
20:39:39.410 [FXGL Background Thread 3 ] DEBUG Engine               - profileName: StringProperty [value: DEFAULT]
20:39:39.411 [FXGL Background Thread 3 ] DEBUG Engine               - randomSeed: -1
20:39:39.411 [FXGL Background Thread 3 ] DEBUG Engine               - runtimeInfo: RuntimeInfo(platform=WINDOWS, version=17.3, build=30.03.2023 11.49)
20:39:39.411 [FXGL Background Thread 3 ] DEBUG Engine               - saveFileExt: sav
20:39:39.412 [FXGL Background Thread 3 ] DEBUG Engine               - scaledHeightProp$fxgl: DoubleProperty [bound, value: 600.0]
20:39:39.413 [FXGL Background Thread 3 ] DEBUG Engine               - scaledWidthProp$fxgl: DoubleProperty [bound, value: 1000.0]
20:39:39.413 [FXGL Background Thread 3 ] DEBUG Engine               - sceneFactory: com.almasb.fxgl.app.scene.SceneFactory@3b54d70a
20:39:39.413 [FXGL Background Thread 3 ] DEBUG Engine               - secondsIn24h: 60
20:39:39.413 [FXGL Background Thread 3 ] DEBUG Engine               - soundMenuBack: menu/back.wav
20:39:39.413 [FXGL Background Thread 3 ] DEBUG Engine               - soundMenuPress: menu/press.wav
20:39:39.413 [FXGL Background Thread 3 ] DEBUG Engine               - soundMenuSelect: menu/select.wav
20:39:39.413 [FXGL Background Thread 3 ] DEBUG Engine               - soundNotification: core/notification.wav
20:39:39.414 [FXGL Background Thread 3 ] DEBUG Engine               - stageStyle: DECORATED
20:39:39.414 [FXGL Background Thread 3 ] DEBUG Engine               - supportedLanguages: [ENGLISH, FRENCH, GERMAN, HUNGARIAN, RUSSIAN]
20:39:39.414 [FXGL Background Thread 3 ] DEBUG Engine               - ticksPerSecond: -1
20:39:39.414 [FXGL Background Thread 3 ] DEBUG Engine               - title: Jugador Sonic
20:39:39.416 [FXGL Background Thread 3 ] DEBUG Engine               - urlGithub: https://github.com/AlmasB/FXGL
20:39:39.416 [FXGL Background Thread 3 ] DEBUG Engine               - urlLeaderboard: http://fxgl-top.herokuapp.com/
20:39:39.417 [FXGL Background Thread 3 ] DEBUG Engine               - urlPOM: https://raw.githubusercontent.com/AlmasB/FXGL/release/README.md
20:39:39.417 [FXGL Background Thread 3 ] DEBUG Engine               - userAppClass: class Runner.ClientRunner
20:39:39.418 [FXGL Background Thread 3 ] DEBUG Engine               - version: 0.0
20:39:39.418 [FXGL Background Thread 3 ] DEBUG Engine               - versionCheckDays: 7
20:39:39.418 [FXGL Background Thread 3 ] DEBUG Engine               - width: 1000
20:39:39.418 [FXGL Background Thread 3 ] DEBUG Engine               - Logging services
20:39:39.419 [FXGL Background Thread 3 ] DEBUG Engine               - class com.almasb.fxgl.app.services.FXGLAssetLoaderService
20:39:39.419 [FXGL Background Thread 3 ] DEBUG Engine               - class com.almasb.fxgl.app.FXGLApplication$GameApplicationService
20:39:39.419 [FXGL Background Thread 3 ] DEBUG Engine               - class com.almasb.fxgl.app.services.FXGLDialogService
20:39:39.419 [FXGL Background Thread 3 ] DEBUG Engine               - class com.almasb.fxgl.app.services.IOTaskExecutorService
20:39:39.419 [FXGL Background Thread 3 ] DEBUG Engine               - class com.almasb.fxgl.io.FileSystemService
20:39:39.419 [FXGL Background Thread 3 ] DEBUG Engine               - class com.almasb.fxgl.localization.LocalizationService
20:39:39.420 [FXGL Background Thread 3 ] DEBUG Engine               - class com.almasb.fxgl.app.services.SystemBundleService
20:39:39.420 [FXGL Background Thread 3 ] DEBUG Engine               - class com.almasb.fxgl.profile.SaveLoadService
20:39:39.420 [FXGL Background Thread 3 ] DEBUG Engine               - class com.almasb.fxgl.ui.FXGLUIFactoryServiceProvider
20:39:39.420 [FXGL Background Thread 3 ] DEBUG Engine               - class com.almasb.fxgl.ui.FXGLDialogFactoryServiceProvider
20:39:39.420 [FXGL Background Thread 3 ] DEBUG Engine               - class com.almasb.fxgl.audio.AudioPlayer
20:39:39.420 [FXGL Background Thread 3 ] DEBUG Engine               - class com.almasb.fxgl.notification.impl.NotificationServiceProvider
20:39:39.420 [FXGL Background Thread 3 ] DEBUG Engine               - class com.almasb.fxgl.achievement.AchievementService
20:39:39.420 [FXGL Background Thread 3 ] DEBUG Engine               - class com.almasb.fxgl.cutscene.CutsceneService
20:39:39.420 [FXGL Background Thread 3 ] DEBUG Engine               - class com.almasb.fxgl.minigames.MiniGameService
20:39:39.420 [FXGL Background Thread 3 ] DEBUG Engine               - class com.almasb.fxgl.net.NetService
20:39:39.420 [FXGL Background Thread 3 ] DEBUG Engine               - class com.almasb.fxgl.app.services.UpdaterService
20:39:39.420 [FXGL Background Thread 3 ] DEBUG Engine               - class com.almasb.fxgl.dev.DevService
20:39:39.420 [FXGL Background Thread 3 ] DEBUG Engine               - class com.almasb.fxgl.multiplayer.MultiplayerService
20:40:01.030 [JavaFX Application Thread] DEBUG FXGLAssetLoaderServi - Loading from file system: file:/C:/Users/Owner/Desktop/Sonic-rush/target/classes/assets/textures/fondo.png
20:40:01.869 [JavaFX Application Thread] WARN  TMXLevelLoader       - TiledMap generated from 1.11.2. Supported version: 1.9.0. Some features may not be parsed fully.
20:40:02.033 [JavaFX Application Thread] DEBUG TMXLevelLoader       - Parsed TiledMap: file:/C:/Users/Owner/Desktop/Sonic-rush/target/classes/assets/levels/mapazo.tmx
20:40:02.039 [JavaFX Application Thread] DEBUG TMXLevelLoader       - Creating tile layer entities
20:40:02.224 [JavaFX Application Thread] DEBUG TilesetLoader        - Loading view for layer Capa de patrones 1
20:40:02.254 [JavaFX Application Thread] DEBUG TilesetLoader        - Created buffer with size 3840.0x720.0
20:40:02.360 [JavaFX Application Thread] DEBUG TMXLevelLoader       - Creating object layer entities
20:40:02.434 [JavaFX Application Thread] DEBUG GameWorld            - Clearing removable entities
20:40:02.437 [JavaFX Application Thread] DEBUG GameWorld            - Setting level: com.almasb.fxgl.entity.level.Level@1984ee5a
20:40:02.503 [ClientAsyncConnThread    ] DEBUG TCPClient            - Connecting to 127.0.0.1:50000 type: class com.almasb.fxgl.core.serialization.Bundle
20:40:02.504 [ClientAsyncConnThread    ] DEBUG TCPClient            - Created socket to 127.0.0.1:50000
20:40:02.514 [ClientAsyncConnThread    ] DEBUG Endpoint             - TCPClient opening new connection (1) from /127.0.0.1:50000 type: class com.almasb.fxgl.core.serialization.Bundle
20:40:02.517 [ClientAsyncConnThread    ] DEBUG Endpoint             - TCPClient successfully opened connection (1)
20:40:02.537 [TCPClient_SendThread-1   ] DEBUG Writers              - Getting TCPMessageWriter for class com.almasb.fxgl.core.serialization.Bundle
20:40:02.540 [TCPClient_SendThread-1   ] DEBUG Writers              - Constructed TCPMessageWriter for class com.almasb.fxgl.core.serialization.Bundle: BundleTCPMessageWriter
20:40:02.549 [TCPClient_RecvThread-1   ] DEBUG Readers              - Getting TCPMessageReader for class com.almasb.fxgl.core.serialization.Bundle
20:40:02.556 [TCPClient_RecvThread-1   ] DEBUG Readers              - Constructed MessageReader for class com.almasb.fxgl.core.serialization.Bundle: BundleTCPMessageReader
20:40:02.600 [JavaFX Application Thread] DEBUG FXGLAssetLoaderServi - Loading from file system: file:/C:/Users/Owner/Desktop/Sonic-rush/target/classes/assets/textures/Personajes/tails.png
20:40:02.605 [JavaFX Application Thread] DEBUG FXGLAssetLoaderServi - Loading from file system: file:/C:/Users/Owner/Desktop/Sonic-rush/target/classes/assets/textures/Personajes/tails_Salta.png
20:40:02.607 [JavaFX Application Thread] DEBUG FXGLAssetLoaderServi - Loading from file system: file:/C:/Users/Owner/Desktop/Sonic-rush/target/classes/assets/textures/Personajes/tails_caminando.png
20:40:02.710 [JavaFX Application Thread] DEBUG FXGLAssetLoaderServi - Loading from file system: file:/C:/Users/Owner/Desktop/Sonic-rush/target/classes/assets/textures/Personajes/sonic.png
20:40:02.717 [JavaFX Application Thread] DEBUG FXGLAssetLoaderServi - Loading from file system: file:/C:/Users/Owner/Desktop/Sonic-rush/target/classes/assets/textures/Personajes/sonic_camina.png
20:40:02.730 [JavaFX Application Thread] DEBUG FXGLAssetLoaderServi - Loading from file system: file:/C:/Users/Owner/Desktop/Sonic-rush/target/classes/assets/textures/Personajes/super_idle.png
20:40:02.738 [JavaFX Application Thread] DEBUG FXGLAssetLoaderServi - Loading from file system: file:/C:/Users/Owner/Desktop/Sonic-rush/target/classes/assets/textures/Personajes/super_sonic.png
20:40:02.829 [JavaFX Application Thread] DEBUG FXGLAssetLoaderServi - Loading from file system: file:/C:/Users/Owner/Desktop/Sonic-rush/target/classes/assets/textures/Items/ring.png
20:40:02.920 [JavaFX Application Thread] DEBUG FXGLAssetLoaderServi - Loading from file system: file:/C:/Users/Owner/Desktop/Sonic-rush/target/classes/assets/textures/Items/papel.png
20:40:02.929 [JavaFX Application Thread] DEBUG FXGLAssetLoaderServi - Loading from file system: file:/C:/Users/Owner/Desktop/Sonic-rush/target/classes/assets/textures/Items/basura.png
20:40:03.012 [JavaFX Application Thread] DEBUG FXGLAssetLoaderServi - Loading from file system: file:/C:/Users/Owner/Desktop/Sonic-rush/target/classes/assets/textures/Items/caucho.png
20:40:03.077 [JavaFX Application Thread] DEBUG FXGLAssetLoaderServi - Loading from file system: file:/C:/Users/Owner/Desktop/Sonic-rush/target/classes/assets/textures/Enemigos/enemigo2.png
20:40:04.055 [JavaFX Application Thread] DEBUG FXGLAssetLoaderServi - Loading from file system: file:/C:/Users/Owner/Desktop/Sonic-rush/target/classes/assets/sounds/recoger.wav
20:40:05.647 [JavaFX Application Thread] DEBUG FXGLAssetLoaderServi - Loading from file system: file:/C:/Users/Owner/Desktop/Sonic-rush/target/classes/assets/sounds/salto.wav
20:40:12.773 [JavaFX Application Thread] DEBUG FXGLAssetLoaderServi - Loading from file system: file:/C:/Users/Owner/Desktop/Sonic-rush/target/classes/assets/sounds/perder_anillos.wav
20:40:24.237 [JavaFX Application Thread] DEBUG FXGLAssetLoaderServi - Loading from file system: file:/C:/Users/Owner/Desktop/Sonic-rush/target/classes/assets/sounds/muerte.wav
20:40:48.811 [JavaFX Application Thread] WARN  TMXLevelLoader       - TiledMap generated from 1.11.2. Supported version: 1.9.0. Some features may not be parsed fully.
20:40:49.033 [JavaFX Application Thread] DEBUG TMXLevelLoader       - Parsed TiledMap: file:/C:/Users/Owner/Desktop/Sonic-rush/target/classes/assets/levels/mapazo.tmx
20:40:49.034 [JavaFX Application Thread] DEBUG TMXLevelLoader       - Creating tile layer entities
20:40:49.035 [JavaFX Application Thread] DEBUG TilesetLoader        - Loading view for layer Capa de patrones 1
20:40:49.043 [JavaFX Application Thread] DEBUG TilesetLoader        - Created buffer with size 3840.0x720.0
20:40:49.189 [JavaFX Application Thread] DEBUG TMXLevelLoader       - Creating object layer entities
20:40:49.240 [JavaFX Application Thread] DEBUG GameWorld            - Clearing removable entities
20:40:49.241 [JavaFX Application Thread] DEBUG GameWorld            - Setting level: com.almasb.fxgl.entity.level.Level@1eee5de0
20:40:49.430 [ClientAsyncConnThread    ] DEBUG TCPClient            - Connecting to 127.0.0.1:50000 type: class com.almasb.fxgl.core.serialization.Bundle
20:40:49.434 [ClientAsyncConnThread    ] DEBUG TCPClient            - Created socket to 127.0.0.1:50000
20:40:49.436 [ClientAsyncConnThread    ] DEBUG Endpoint             - TCPClient opening new connection (1) from /127.0.0.1:50000 type: class com.almasb.fxgl.core.serialization.Bundle
20:40:49.439 [ClientAsyncConnThread    ] DEBUG Endpoint             - TCPClient successfully opened connection (1)
20:40:49.563 [TCPClient_SendThread-1   ] DEBUG Writers              - Getting TCPMessageWriter for class com.almasb.fxgl.core.serialization.Bundle
20:40:49.566 [TCPClient_SendThread-1   ] DEBUG Writers              - Constructed TCPMessageWriter for class com.almasb.fxgl.core.serialization.Bundle: BundleTCPMessageWriter
20:40:49.592 [TCPClient_RecvThread-1   ] DEBUG Readers              - Getting TCPMessageReader for class com.almasb.fxgl.core.serialization.Bundle
20:40:49.611 [TCPClient_RecvThread-1   ] DEBUG Readers              - Constructed MessageReader for class com.almasb.fxgl.core.serialization.Bundle: BundleTCPMessageReader
20:40:50.340 [JavaFX Application Thread] DEBUG FXGLAssetLoaderServi - Loading from file system: file:/C:/Users/Owner/Desktop/Sonic-rush/target/classes/assets/textures/Personajes/knuckles.png
20:40:50.349 [JavaFX Application Thread] DEBUG FXGLAssetLoaderServi - Loading from file system: file:/C:/Users/Owner/Desktop/Sonic-rush/target/classes/assets/textures/Personajes/knuckles_golpe.png
20:41:24.481 [JavaFX Application Thread] DEBUG FXGLApplication      - Exiting FXGL
20:41:24.482 [JavaFX Application Thread] DEBUG LoopRunner           - Stopping loop
20:41:24.483 [JavaFX Application Thread] DEBUG SystemBundleService  - Saving FXGL system data
20:41:24.488 [JavaFX Application Thread] DEBUG FileSystemAccess     - Writing to: C:\Users\Owner\Desktop\Sonic-rush\system\fxgl.bundle
20:41:24.490 [JavaFX Application Thread] DEBUG Async                - Shutting down background threads
20:41:24.490 [JavaFX Application Thread] DEBUG PrimaryStageWindow   - Closing main window
20:41:24.509 [JavaFX Application Thread] DEBUG Logger               - Closing Logger
