14:06:23.163 [main                     ] DEBUG Logger               - Configured Logger
14:06:23.231 [main                     ] DEBUG GameApplication      - Logging settings
Title: Jugador Sonic
Version: 0.0
Width: 1000
Height: 600
Fullscreen: false
Intro: false
Profiling: false
Single step:false
App Mode: DEVELOPER
Menu Key: ESCAPE
Stage Style: DECORATED
Scene Factory: class com.almasb.fxgl.app.scene.SceneFactory

14:06:24.112 [JavaFX Application Thread] DEBUG FXGLApplication      - Initializing FXGL
14:06:24.127 [JavaFX Application Thread] INFO  Engine               - FXGL-17.3 (30.03.2023 11.49) on WINDOWS (J:21.0.2 FX:20)
14:06:24.130 [JavaFX Application Thread] DEBUG Engine               - JRE Vendor Name: Oracle Corporation
14:06:24.131 [JavaFX Application Thread] DEBUG Engine               - Running on OS: Windows 10 version 10.0
14:06:24.131 [JavaFX Application Thread] DEBUG Engine               - Architecture: amd64
14:06:24.131 [JavaFX Application Thread] INFO  Engine               - Source code and latest versions at: https://github.com/AlmasB/FXGL
14:06:24.133 [JavaFX Application Thread] INFO  Engine               -       Ask questions and discuss at: https://github.com/AlmasB/FXGL/discussions
14:06:24.134 [JavaFX Application Thread] INFO  Engine               -              Join the FXGL chat at: https://gitter.im/AlmasB/FXGL
14:06:24.414 [JavaFX Application Thread] DEBUG PrimaryStageWindow   - Creating a JavaFX scene
14:06:24.529 [JavaFX Application Thread] DEBUG PrimaryStageWindow   - Target settings size: 1000.0 x 600.0
14:06:24.530 [JavaFX Application Thread] DEBUG PrimaryStageWindow   - Scaled scene size:    1000.0 x 600.0
14:06:24.530 [JavaFX Application Thread] DEBUG PrimaryStageWindow   - Scaled ratio: (1.0, 1.0)
14:06:24.532 [JavaFX Application Thread] DEBUG PrimaryStageWindow   - Set initial scene to FXGLStartupScene
14:06:24.541 [JavaFX Application Thread] DEBUG PrimaryStageWindow   - Opening main window
14:06:24.695 [JavaFX Application Thread] DEBUG PrimaryStageWindow   - Window border size: (16.0, 39.0)
14:06:24.695 [JavaFX Application Thread] DEBUG PrimaryStageWindow   - Scaled size: 1000.0 x 600.0
14:06:24.696 [JavaFX Application Thread] DEBUG PrimaryStageWindow   - Scaled ratio: (1.0, 1.0)
14:06:24.696 [JavaFX Application Thread] DEBUG PrimaryStageWindow   - Scene size: 1000.0 x 600.0
14:06:24.697 [JavaFX Application Thread] DEBUG PrimaryStageWindow   - Stage size: 1016.0 x 639.0
14:06:24.711 [FXGL Background Thread 1 ] DEBUG Engine               - Initializing environment variables
14:06:24.914 [FXGL Background Thread 1 ] DEBUG FXGLAssetLoaderServi - User app class for loading assets: class Runner.ClientRunner
14:06:24.914 [FXGL Background Thread 1 ] DEBUG GameApplicationServi - Applying CSS: fxgl_dark.css
14:06:24.916 [FXGL Background Thread 1 ] DEBUG FXGLAssetLoaderServi - Loading from file system: jar:file:/C:/Users/User/.m2/repository/com/github/almasb/fxgl/17.3/fxgl-17.3.jar!/fxglassets/ui/css/fxgl_dark.css
14:06:25.011 [FXGL Background Thread 1 ] DEBUG GameApplicationServi - Initializing application scenes
14:06:25.286 [FXGL Background Thread 1 ] DEBUG GameWorld            - Game world initialized
14:06:25.372 [FXGL Background Thread 1 ] DEBUG PhysicsWorld         - Physics world initialized: appHeight=600, physics.ppm=50,0
14:06:25.374 [FXGL Background Thread 1 ] DEBUG PhysicsWorld         - Using strategy: BRUTE_FORCE
14:06:25.381 [FXGL Background Thread 1 ] DEBUG GameScene            - Game scene initialized: 1000x600
14:06:25.402 [FXGL Background Thread 1 ] DEBUG FXGL.DefaultMenu     - createMenuBodyGameMenu()
14:06:25.523 [FXGL Background Thread 1 ] DEBUG FXGL.DefaultMenu     - createOptionsMenu()
14:06:25.597 [FXGL Background Thread 1 ] DEBUG FXGLAssetLoaderServi - Loading from file system: jar:file:/C:/Users/User/.m2/repository/com/github/almasb/fxgl/17.3/fxgl-17.3.jar!/fxglassets/textures/particles/smoke.png
14:06:25.872 [FXGL Background Thread 1 ] DEBUG FXGLAssetLoaderServi - Loading from file system: jar:file:/C:/Users/User/.m2/repository/com/github/almasb/fxgl/17.3/fxgl-17.3.jar!/fxglassets/textures/particles/trace_horizontal.png
14:06:25.921 [FXGL Background Thread 1 ] DEBUG GameApplicationServi - Application scenes initialized
14:06:25.955 [FXGL Background Thread 1 ] DEBUG SystemBundleService  - Loading FXGL system data
14:06:25.989 [FXGL Background Thread 1 ] DEBUG FileSystemAccess     - Reading from: C:\Users\User\Documents\GitHub\Sonic-rush\system\fxgl.bundle
14:06:26.028 [FXGL Background Thread 1 ] DEBUG SystemBundleService  - Bundle FXGL: {}
14:06:26.028 [FXGL Background Thread 1 ] DEBUG UpdaterService       - Checking for updates
14:06:26.051 [FXGL Background Thread 1 ] DEBUG FXGLApplication      - Loading default localization
14:06:26.053 [FXGL Background Thread 1 ] DEBUG FXGLAssetLoaderServi - Loading from file system: jar:file:/C:/Users/User/.m2/repository/com/github/almasb/fxgl/17.3/fxgl-17.3.jar!/fxglassets/languages/english.lang
14:06:26.069 [FXGL Background Thread 4 ] DEBUG FXGLApplication      - Loading fonts
14:06:26.071 [FXGL Background Thread 4 ] DEBUG FXGLAssetLoaderServi - Loading from file system: jar:file:/C:/Users/User/.m2/repository/com/github/almasb/fxgl/17.3/fxgl-17.3.jar!/fxglassets/ui/fonts/VarelaRound-Regular.ttf
14:06:26.114 [FXGL Background Thread 1 ] INFO  FXGLApplication      - FXGL initialization took: 1,402 sec
14:06:26.168 [JavaFX Application Thread] DEBUG Input                - Registered new binding: Mover a la izquierda - A
14:06:26.169 [JavaFX Application Thread] DEBUG Input                - Registered new binding: Mover a la derecha - D
14:06:26.169 [JavaFX Application Thread] DEBUG Input                - Registered new binding: Saltar - W
14:06:26.178 [JavaFX Application Thread] DEBUG Input                - Registered new binding: Interactuar - E
14:06:26.179 [JavaFX Application Thread] DEBUG Input                - Registered new binding: Desactivar filtro - L
14:06:26.182 [JavaFX Application Thread] DEBUG FXGLAssetLoaderServi - Loading from file system: jar:file:/C:/Users/User/.m2/repository/com/github/almasb/fxgl/17.3/fxgl-17.3.jar!/fxglassets/textures/fxgl_icon.png
14:06:26.394 [JavaFX Application Thread] DEBUG FXGLAssetLoaderServi - Loading from file system: jar:file:/C:/Users/User/.m2/repository/com/github/almasb/fxgl/17.3/fxgl-17.3.jar!/fxglassets/textures/fxgl_default_cursor.png
14:06:26.403 [JavaFX Application Thread] DEBUG Input                - Registered new binding: Screenshot - CTRL+8
14:06:26.405 [JavaFX Application Thread] DEBUG Input                - Registered new binding: System info dump - CTRL+9
14:06:26.405 [JavaFX Application Thread] DEBUG Input                - Registered new binding: Restart - CTRL+R
14:06:26.413 [JavaFX Application Thread] DEBUG Input                - Registered new binding: Toggle Debug Camera - CTRL+7
14:06:26.420 [JavaFX Application Thread] DEBUG LoopRunner           - Starting loop
14:06:26.420 [JavaFX Application Thread] DEBUG LoopRunner           - Initializing JavaFX AnimationTimerLoop
14:06:26.423 [JavaFX Application Thread] DEBUG GameApplicationServi - Starting new game
14:06:26.425 [JavaFX Application Thread] DEBUG Input                - Clearing active input actions
14:06:26.517 [FXGL Background Thread 4 ] DEBUG FXGLAssetLoaderServi - Loading from file system: jar:file:/C:/Users/User/.m2/repository/com/github/almasb/fxgl/17.3/fxgl-17.3.jar!/fxglassets/ui/fonts/Abel-Regular.ttf
14:06:26.551 [JavaFX Application Thread] DEBUG GameApplicationServi - Removing overlay from FXGLStartupScene and adding to FXGLLoadingScene
14:06:26.552 [JavaFX Application Thread] DEBUG PrimaryStageWindow   - FXGLStartupScene -> FXGLLoadingScene
14:06:26.552 [JavaFX Application Thread] DEBUG GameApplicationServi - Clearing previous game
14:06:26.552 [JavaFX Application Thread] DEBUG GameScene            - Clearing game scene
14:06:26.552 [JavaFX Application Thread] DEBUG GameWorld            - Clearing game world
14:06:26.552 [JavaFX Application Thread] DEBUG PhysicsWorld         - Clearing physics world
14:06:26.554 [FXGL Background Thread 1 ] DEBUG FXGLApplication      - Initializing game
14:06:26.584 [FXGL Background Thread 1 ] DEBUG FXGLAssetLoaderServi - Loading from file system: file:/C:/Users/User/Documents/GitHub/Sonic-rush/target/classes/assets/music/OST2.mp3
14:06:26.626 [FXGL Background Thread 4 ] DEBUG FXGLAssetLoaderServi - Loading from file system: jar:file:/C:/Users/User/.m2/repository/com/github/almasb/fxgl/17.3/fxgl-17.3.jar!/fxglassets/ui/fonts/TerminalLandMono-Regular.otf
14:06:26.653 [FXGL Background Thread 4 ] DEBUG FXGLAssetLoaderServi - Loading from file system: jar:file:/C:/Users/User/.m2/repository/com/github/almasb/fxgl/17.3/fxgl-17.3.jar!/fxglassets/ui/fonts/Courier-Prime.ttf
14:06:26.745 [JavaFX Application Thread] DEBUG FXGLApplication      - Registering font factories with UI factory
14:06:27.318 [FXGL Background Thread 1 ] DEBUG AudioPlayer          - Playing music com.almasb.fxgl.audio.Music@5164ad0
14:06:27.333 [FXGL Background Thread 1 ] INFO  FXGLApplication      - Game initialization took: 0,778 sec
14:06:27.868 [FXGL Background Thread 2 ] INFO  UpdaterService       - Your current version:  17.3
14:06:27.884 [FXGL Background Thread 2 ] INFO  UpdaterService       - Latest stable version: 21.1
14:06:28.134 [JavaFX Application Thread] DEBUG Input                - Clearing active input actions
14:06:28.160 [JavaFX Application Thread] DEBUG GameApplicationServi - Removing overlay from FXGLLoadingScene and adding to GameScene
14:06:28.160 [JavaFX Application Thread] DEBUG PrimaryStageWindow   - FXGLLoadingScene -> GameScene
14:06:29.035 [FXGL Background Thread 3 ] DEBUG Engine               - Logging environment variables
14:06:29.036 [FXGL Background Thread 3 ] DEBUG Engine               - achievements: []
14:06:29.036 [FXGL Background Thread 3 ] DEBUG Engine               - actualHeight: 600.0
14:06:29.037 [FXGL Background Thread 3 ] DEBUG Engine               - actualHeightProperty: ReadOnlyDoubleProperty [value: 600.0]
14:06:29.038 [FXGL Background Thread 3 ] DEBUG Engine               - actualWidth: 1000.0
14:06:29.039 [FXGL Background Thread 3 ] DEBUG Engine               - actualWidthProperty: ReadOnlyDoubleProperty [value: 1000.0]
14:06:29.039 [FXGL Background Thread 3 ] DEBUG Engine               - appIcon: fxgl_icon.png
14:06:29.039 [FXGL Background Thread 3 ] DEBUG Engine               - applicationMode: DEVELOPER
14:06:29.039 [FXGL Background Thread 3 ] DEBUG Engine               - cSSList: [fxgl_dark.css]
14:06:29.039 [FXGL Background Thread 3 ] DEBUG Engine               - collisionDetectionStrategy: BRUTE_FORCE
14:06:29.039 [FXGL Background Thread 3 ] DEBUG Engine               - configClass: Optional.empty
14:06:29.039 [FXGL Background Thread 3 ] DEBUG Engine               - credits: []
14:06:29.039 [FXGL Background Thread 3 ] DEBUG Engine               - defaultCursor: CursorInfo(imageName=fxgl_default_cursor.png, hotspotX=7.0, hotspotY=6.0)
14:06:29.040 [FXGL Background Thread 3 ] DEBUG Engine               - devBBoxColorProperty: ObjectProperty [value: 0xff0000ff]
14:06:29.040 [FXGL Background Thread 3 ] DEBUG Engine               - devEnableDebugCameraProperty: BooleanProperty [value: false]
14:06:29.040 [FXGL Background Thread 3 ] DEBUG Engine               - devSensorColorProperty: ObjectProperty [value: 0xffff00ff]
14:06:29.040 [FXGL Background Thread 3 ] DEBUG Engine               - devShowBBoxProperty: BooleanProperty [value: false]
14:06:29.040 [FXGL Background Thread 3 ] DEBUG Engine               - devShowPositionProperty: BooleanProperty [value: false]
14:06:29.040 [FXGL Background Thread 3 ] DEBUG Engine               - enabledMenuItems: []
14:06:29.040 [FXGL Background Thread 3 ] DEBUG Engine               - engineServices: [class com.almasb.fxgl.app.services.FXGLAssetLoaderService, class com.almasb.fxgl.app.FXGLApplication$GameApplicationService, class com.almasb.fxgl.app.services.FXGLDialogService, class com.almasb.fxgl.app.services.IOTaskExecutorService, class com.almasb.fxgl.io.FileSystemService, class com.almasb.fxgl.localization.LocalizationService, class com.almasb.fxgl.app.services.SystemBundleService, class com.almasb.fxgl.profile.SaveLoadService, class com.almasb.fxgl.ui.FXGLUIFactoryServiceProvider, class com.almasb.fxgl.ui.FXGLDialogFactoryServiceProvider, class com.almasb.fxgl.audio.AudioPlayer, class com.almasb.fxgl.notification.impl.NotificationServiceProvider, class com.almasb.fxgl.achievement.AchievementService, class com.almasb.fxgl.cutscene.CutsceneService, class com.almasb.fxgl.minigames.MiniGameService, class com.almasb.fxgl.net.NetService, class com.almasb.fxgl.app.services.UpdaterService, class com.almasb.fxgl.dev.DevService, class com.almasb.fxgl.multiplayer.MultiplayerService]
14:06:29.040 [FXGL Background Thread 3 ] DEBUG Engine               - fontGame: Abel-Regular.ttf
14:06:29.040 [FXGL Background Thread 3 ] DEBUG Engine               - fontMono: TerminalLandMono-Regular.otf
14:06:29.041 [FXGL Background Thread 3 ] DEBUG Engine               - fontSizeScaleUI: 1.0
14:06:29.041 [FXGL Background Thread 3 ] DEBUG Engine               - fontText: Courier-Prime.ttf
14:06:29.041 [FXGL Background Thread 3 ] DEBUG Engine               - fontUI: VarelaRound-Regular.ttf
14:06:29.041 [FXGL Background Thread 3 ] DEBUG Engine               - fullScreen: BooleanProperty [value: false]
14:06:29.041 [FXGL Background Thread 3 ] DEBUG Engine               - gameDifficulty: MEDIUM
14:06:29.041 [FXGL Background Thread 3 ] DEBUG Engine               - gameDifficultyProperty: ObjectProperty [value: MEDIUM]
14:06:29.041 [FXGL Background Thread 3 ] DEBUG Engine               - globalMusicVolume: 0.5
14:06:29.041 [FXGL Background Thread 3 ] DEBUG Engine               - globalMusicVolumeProperty: DoubleProperty [value: 0.5]
14:06:29.041 [FXGL Background Thread 3 ] DEBUG Engine               - globalSoundVolume: 0.5
14:06:29.041 [FXGL Background Thread 3 ] DEBUG Engine               - globalSoundVolumeProperty: DoubleProperty [value: 0.5]
14:06:29.041 [FXGL Background Thread 3 ] DEBUG Engine               - height: 600
14:06:29.041 [FXGL Background Thread 3 ] DEBUG Engine               - is3D: false
14:06:29.041 [FXGL Background Thread 3 ] DEBUG Engine               - isAndroid: false
14:06:29.041 [FXGL Background Thread 3 ] DEBUG Engine               - isBrowser: false
14:06:29.041 [FXGL Background Thread 3 ] DEBUG Engine               - isClickFeedbackEnabled: false
14:06:29.041 [FXGL Background Thread 3 ] DEBUG Engine               - isCloseConfirmation: false
14:06:29.041 [FXGL Background Thread 3 ] DEBUG Engine               - isDesktop: true
14:06:29.041 [FXGL Background Thread 3 ] DEBUG Engine               - isDeveloperMenuEnabled: false
14:06:29.041 [FXGL Background Thread 3 ] DEBUG Engine               - isEmbedded: false
14:06:29.042 [FXGL Background Thread 3 ] DEBUG Engine               - isEntityPreloadEnabled: true
14:06:29.042 [FXGL Background Thread 3 ] DEBUG Engine               - isExperimentalTiledLargeMap: false
14:06:29.042 [FXGL Background Thread 3 ] DEBUG Engine               - isFileSystemWriteAllowed: true
14:06:29.042 [FXGL Background Thread 3 ] DEBUG Engine               - isFullScreenAllowed: false
14:06:29.042 [FXGL Background Thread 3 ] DEBUG Engine               - isFullScreenFromStart: false
14:06:29.042 [FXGL Background Thread 3 ] DEBUG Engine               - isGameMenuEnabled: true
14:06:29.042 [FXGL Background Thread 3 ] DEBUG Engine               - isIOS: false
14:06:29.042 [FXGL Background Thread 3 ] DEBUG Engine               - isIntroEnabled: false
14:06:29.042 [FXGL Background Thread 3 ] DEBUG Engine               - isLinux: false
14:06:29.042 [FXGL Background Thread 3 ] DEBUG Engine               - isMac: false
14:06:29.042 [FXGL Background Thread 3 ] DEBUG Engine               - isMainMenuEnabled: false
14:06:29.042 [FXGL Background Thread 3 ] DEBUG Engine               - isManualResizeEnabled: false
14:06:29.042 [FXGL Background Thread 3 ] DEBUG Engine               - isMobile: false
14:06:29.042 [FXGL Background Thread 3 ] DEBUG Engine               - isNative: false
14:06:29.042 [FXGL Background Thread 3 ] DEBUG Engine               - isPauseMusicWhenMinimized: true
14:06:29.042 [FXGL Background Thread 3 ] DEBUG Engine               - isPreserveResizeRatio: false
14:06:29.042 [FXGL Background Thread 3 ] DEBUG Engine               - isProfilingEnabled: false
14:06:29.053 [FXGL Background Thread 3 ] DEBUG Engine               - isScaleAffectedOnResize: true
14:06:29.054 [FXGL Background Thread 3 ] DEBUG Engine               - isSingleStep: false
14:06:29.054 [FXGL Background Thread 3 ] DEBUG Engine               - isUserProfileEnabled: false
14:06:29.054 [FXGL Background Thread 3 ] DEBUG Engine               - isWindows: true
14:06:29.054 [FXGL Background Thread 3 ] DEBUG Engine               - language: ObjectProperty [value: ENGLISH]
14:06:29.054 [FXGL Background Thread 3 ] DEBUG Engine               - menuKey: ESCAPE
14:06:29.054 [FXGL Background Thread 3 ] DEBUG Engine               - mouseSensitivity: 0.2
14:06:29.054 [FXGL Background Thread 3 ] DEBUG Engine               - notificationViewClass: class com.almasb.fxgl.notification.view.XboxNotificationView
14:06:29.054 [FXGL Background Thread 3 ] DEBUG Engine               - pixelsPerMeter: 50.0
14:06:29.054 [FXGL Background Thread 3 ] DEBUG Engine               - platform: WINDOWS
14:06:29.054 [FXGL Background Thread 3 ] DEBUG Engine               - prefHeightProperty: ReadOnlyDoubleProperty [value: 600.0]
14:06:29.054 [FXGL Background Thread 3 ] DEBUG Engine               - prefWidthProperty: ReadOnlyDoubleProperty [value: 1000.0]
14:06:29.055 [FXGL Background Thread 3 ] DEBUG Engine               - profileDir: profiles/
14:06:29.055 [FXGL Background Thread 3 ] DEBUG Engine               - profileName: StringProperty [value: DEFAULT]
14:06:29.055 [FXGL Background Thread 3 ] DEBUG Engine               - randomSeed: -1
14:06:29.055 [FXGL Background Thread 3 ] DEBUG Engine               - runtimeInfo: RuntimeInfo(platform=WINDOWS, version=17.3, build=30.03.2023 11.49)
14:06:29.055 [FXGL Background Thread 3 ] DEBUG Engine               - saveFileExt: sav
14:06:29.055 [FXGL Background Thread 3 ] DEBUG Engine               - scaledHeightProp$fxgl: DoubleProperty [bound, value: 600.0]
14:06:29.055 [FXGL Background Thread 3 ] DEBUG Engine               - scaledWidthProp$fxgl: DoubleProperty [bound, value: 1000.0]
14:06:29.055 [FXGL Background Thread 3 ] DEBUG Engine               - sceneFactory: com.almasb.fxgl.app.scene.SceneFactory@1ee36b3d
14:06:29.056 [FXGL Background Thread 3 ] DEBUG Engine               - secondsIn24h: 60
14:06:29.056 [FXGL Background Thread 3 ] DEBUG Engine               - soundMenuBack: menu/back.wav
14:06:29.056 [FXGL Background Thread 3 ] DEBUG Engine               - soundMenuPress: menu/press.wav
14:06:29.056 [FXGL Background Thread 3 ] DEBUG Engine               - soundMenuSelect: menu/select.wav
14:06:29.056 [FXGL Background Thread 3 ] DEBUG Engine               - soundNotification: core/notification.wav
14:06:29.056 [FXGL Background Thread 3 ] DEBUG Engine               - stageStyle: DECORATED
14:06:29.056 [FXGL Background Thread 3 ] DEBUG Engine               - supportedLanguages: [ENGLISH, FRENCH, GERMAN, HUNGARIAN, RUSSIAN]
14:06:29.056 [FXGL Background Thread 3 ] DEBUG Engine               - ticksPerSecond: -1
14:06:29.056 [FXGL Background Thread 3 ] DEBUG Engine               - title: Jugador Sonic
14:06:29.056 [FXGL Background Thread 3 ] DEBUG Engine               - urlGithub: https://github.com/AlmasB/FXGL
14:06:29.056 [FXGL Background Thread 3 ] DEBUG Engine               - urlLeaderboard: http://fxgl-top.herokuapp.com/
14:06:29.056 [FXGL Background Thread 3 ] DEBUG Engine               - urlPOM: https://raw.githubusercontent.com/AlmasB/FXGL/release/README.md
14:06:29.056 [FXGL Background Thread 3 ] DEBUG Engine               - userAppClass: class Runner.ClientRunner
14:06:29.056 [FXGL Background Thread 3 ] DEBUG Engine               - version: 0.0
14:06:29.056 [FXGL Background Thread 3 ] DEBUG Engine               - versionCheckDays: 7
14:06:29.056 [FXGL Background Thread 3 ] DEBUG Engine               - width: 1000
14:06:29.056 [FXGL Background Thread 3 ] DEBUG Engine               - Logging services
14:06:29.056 [FXGL Background Thread 3 ] DEBUG Engine               - class com.almasb.fxgl.app.services.FXGLAssetLoaderService
14:06:29.057 [FXGL Background Thread 3 ] DEBUG Engine               - class com.almasb.fxgl.app.FXGLApplication$GameApplicationService
14:06:29.057 [FXGL Background Thread 3 ] DEBUG Engine               - class com.almasb.fxgl.app.services.FXGLDialogService
14:06:29.057 [FXGL Background Thread 3 ] DEBUG Engine               - class com.almasb.fxgl.app.services.IOTaskExecutorService
14:06:29.057 [FXGL Background Thread 3 ] DEBUG Engine               - class com.almasb.fxgl.io.FileSystemService
14:06:29.057 [FXGL Background Thread 3 ] DEBUG Engine               - class com.almasb.fxgl.localization.LocalizationService
14:06:29.057 [FXGL Background Thread 3 ] DEBUG Engine               - class com.almasb.fxgl.app.services.SystemBundleService
14:06:29.058 [FXGL Background Thread 3 ] DEBUG Engine               - class com.almasb.fxgl.profile.SaveLoadService
14:06:29.058 [FXGL Background Thread 3 ] DEBUG Engine               - class com.almasb.fxgl.ui.FXGLUIFactoryServiceProvider
14:06:29.058 [FXGL Background Thread 3 ] DEBUG Engine               - class com.almasb.fxgl.ui.FXGLDialogFactoryServiceProvider
14:06:29.058 [FXGL Background Thread 3 ] DEBUG Engine               - class com.almasb.fxgl.audio.AudioPlayer
14:06:29.058 [FXGL Background Thread 3 ] DEBUG Engine               - class com.almasb.fxgl.notification.impl.NotificationServiceProvider
14:06:29.058 [FXGL Background Thread 3 ] DEBUG Engine               - class com.almasb.fxgl.achievement.AchievementService
14:06:29.058 [FXGL Background Thread 3 ] DEBUG Engine               - class com.almasb.fxgl.cutscene.CutsceneService
14:06:29.058 [FXGL Background Thread 3 ] DEBUG Engine               - class com.almasb.fxgl.minigames.MiniGameService
14:06:29.058 [FXGL Background Thread 3 ] DEBUG Engine               - class com.almasb.fxgl.net.NetService
14:06:29.058 [FXGL Background Thread 3 ] DEBUG Engine               - class com.almasb.fxgl.app.services.UpdaterService
14:06:29.058 [FXGL Background Thread 3 ] DEBUG Engine               - class com.almasb.fxgl.dev.DevService
14:06:29.058 [FXGL Background Thread 3 ] DEBUG Engine               - class com.almasb.fxgl.multiplayer.MultiplayerService
14:07:44.608 [JavaFX Application Thread] DEBUG FXGLAssetLoaderServi - Loading from file system: file:/C:/Users/User/Documents/GitHub/Sonic-rush/target/classes/assets/textures/fondo.png
14:07:44.846 [JavaFX Application Thread] WARN  TMXLevelLoader       - TiledMap generated from 1.11.2. Supported version: 1.9.0. Some features may not be parsed fully.
14:07:44.874 [JavaFX Application Thread] DEBUG TMXLevelLoader       - Parsed TiledMap: file:/C:/Users/User/Documents/GitHub/Sonic-rush/target/classes/assets/levels/mapazo.tmx
14:07:44.876 [JavaFX Application Thread] DEBUG TMXLevelLoader       - Creating tile layer entities
14:07:44.880 [JavaFX Application Thread] DEBUG TilesetLoader        - Loading view for layer Capa de patrones 1
14:07:44.885 [JavaFX Application Thread] DEBUG TilesetLoader        - Created buffer with size 3840.0x720.0
14:07:44.912 [JavaFX Application Thread] DEBUG TMXLevelLoader       - Creating object layer entities
14:07:44.954 [JavaFX Application Thread] DEBUG GameWorld            - Clearing removable entities
14:07:44.957 [JavaFX Application Thread] DEBUG GameWorld            - Setting level: com.almasb.fxgl.entity.level.Level@2bca2b80
14:07:44.974 [ClientAsyncConnThread    ] DEBUG TCPClient            - Connecting to 192.168.56.1:50000 type: class com.almasb.fxgl.core.serialization.Bundle
14:07:44.975 [ClientAsyncConnThread    ] DEBUG TCPClient            - Created socket to 192.168.56.1:50000
14:07:44.988 [ClientAsyncConnThread    ] DEBUG Endpoint             - TCPClient opening new connection (1) from /192.168.56.1:50000 type: class com.almasb.fxgl.core.serialization.Bundle
14:07:44.989 [ClientAsyncConnThread    ] DEBUG Endpoint             - TCPClient successfully opened connection (1)
14:07:45.014 [TCPClient_RecvThread-1   ] DEBUG Readers              - Getting TCPMessageReader for class com.almasb.fxgl.core.serialization.Bundle
14:07:45.016 [TCPClient_SendThread-1   ] DEBUG Writers              - Getting TCPMessageWriter for class com.almasb.fxgl.core.serialization.Bundle
14:07:45.018 [TCPClient_SendThread-1   ] DEBUG Writers              - Constructed TCPMessageWriter for class com.almasb.fxgl.core.serialization.Bundle: BundleTCPMessageWriter
14:07:45.036 [TCPClient_RecvThread-1   ] DEBUG Readers              - Constructed MessageReader for class com.almasb.fxgl.core.serialization.Bundle: BundleTCPMessageReader
14:07:45.059 [JavaFX Application Thread] DEBUG FXGLAssetLoaderServi - Loading from file system: file:/C:/Users/User/Documents/GitHub/Sonic-rush/target/classes/assets/textures/Items/ring.png
14:07:45.091 [JavaFX Application Thread] DEBUG FXGLAssetLoaderServi - Loading from file system: file:/C:/Users/User/Documents/GitHub/Sonic-rush/target/classes/assets/textures/Items/papel.png
14:07:45.094 [JavaFX Application Thread] DEBUG FXGLAssetLoaderServi - Loading from file system: file:/C:/Users/User/Documents/GitHub/Sonic-rush/target/classes/assets/textures/Items/caucho.png
14:07:45.101 [JavaFX Application Thread] DEBUG FXGLAssetLoaderServi - Loading from file system: file:/C:/Users/User/Documents/GitHub/Sonic-rush/target/classes/assets/textures/Items/basura.png
14:07:45.121 [JavaFX Application Thread] DEBUG FXGLAssetLoaderServi - Loading from file system: file:/C:/Users/User/Documents/GitHub/Sonic-rush/target/classes/assets/textures/Enemigos/enemigo2.png
14:07:45.155 [JavaFX Application Thread] DEBUG FXGLAssetLoaderServi - Loading from file system: file:/C:/Users/User/Documents/GitHub/Sonic-rush/target/classes/assets/textures/Personajes/tails.png
14:07:45.156 [JavaFX Application Thread] DEBUG FXGLAssetLoaderServi - Loading from file system: file:/C:/Users/User/Documents/GitHub/Sonic-rush/target/classes/assets/textures/Personajes/tails_Salta.png
14:07:45.157 [JavaFX Application Thread] DEBUG FXGLAssetLoaderServi - Loading from file system: file:/C:/Users/User/Documents/GitHub/Sonic-rush/target/classes/assets/textures/Personajes/tails_caminando.png
14:07:47.167 [JavaFX Application Thread] DEBUG FXGLAssetLoaderServi - Loading from file system: file:/C:/Users/User/Documents/GitHub/Sonic-rush/target/classes/assets/sounds/recoger.wav
14:07:52.015 [JavaFX Application Thread] DEBUG FXGLAssetLoaderServi - Loading from file system: file:/C:/Users/User/Documents/GitHub/Sonic-rush/target/classes/assets/sounds/perder_anillos.wav
14:07:57.710 [JavaFX Application Thread] DEBUG FXGLAssetLoaderServi - Loading from file system: file:/C:/Users/User/Documents/GitHub/Sonic-rush/target/classes/assets/sounds/muerte.wav
14:08:28.839 [JavaFX Application Thread] DEBUG FXGLApplication      - Exiting FXGL
14:08:28.839 [JavaFX Application Thread] DEBUG LoopRunner           - Stopping loop
14:08:28.839 [JavaFX Application Thread] DEBUG SystemBundleService  - Saving FXGL system data
14:08:28.841 [JavaFX Application Thread] DEBUG FileSystemAccess     - Writing to: C:\Users\User\Documents\GitHub\Sonic-rush\system\fxgl.bundle
14:08:28.842 [JavaFX Application Thread] DEBUG Async                - Shutting down background threads
14:08:28.842 [JavaFX Application Thread] DEBUG PrimaryStageWindow   - Closing main window
14:08:28.846 [JavaFX Application Thread] DEBUG Logger               - Closing Logger
