14:25:58.549 [main                     ] DEBUG Logger               - Configured Logger
14:25:58.601 [main                     ] DEBUG GameApplication      - Logging settings
Title: Jugador Sonic
Version: 0.0
Width: 1000
Height: 600
Fullscreen: false
Intro: false
Profiling: false
Single step:false
App Mode: DEVELOPER
Menu Key: ESCAPE
Stage Style: DECORATED
Scene Factory: class com.almasb.fxgl.app.scene.SceneFactory

14:25:59.209 [JavaFX Application Thread] DEBUG FXGLApplication      - Initializing FXGL
14:25:59.219 [JavaFX Application Thread] INFO  Engine               - FXGL-17.3 (30.03.2023 11.49) on WINDOWS (J:17.0.12 FX:20)
14:25:59.219 [JavaFX Application Thread] DEBUG Engine               - JRE Vendor Name: Oracle Corporation
14:25:59.220 [JavaFX Application Thread] DEBUG Engine               - Running on OS: Windows 10 version 10.0
14:25:59.222 [JavaFX Application Thread] DEBUG Engine               - Architecture: amd64
14:25:59.222 [JavaFX Application Thread] INFO  Engine               - Source code and latest versions at: https://github.com/AlmasB/FXGL
14:25:59.222 [JavaFX Application Thread] INFO  Engine               -       Ask questions and discuss at: https://github.com/AlmasB/FXGL/discussions
14:25:59.223 [JavaFX Application Thread] INFO  Engine               -              Join the FXGL chat at: https://gitter.im/AlmasB/FXGL
14:25:59.548 [JavaFX Application Thread] DEBUG PrimaryStageWindow   - Creating a JavaFX scene
14:25:59.631 [JavaFX Application Thread] DEBUG PrimaryStageWindow   - Target settings size: 1000.0 x 600.0
14:25:59.631 [JavaFX Application Thread] DEBUG PrimaryStageWindow   - Scaled scene size:    1000.0 x 600.0
14:25:59.632 [JavaFX Application Thread] DEBUG PrimaryStageWindow   - Scaled ratio: (1.0, 1.0)
14:25:59.633 [JavaFX Application Thread] DEBUG PrimaryStageWindow   - Set initial scene to FXGLStartupScene
14:25:59.640 [JavaFX Application Thread] DEBUG PrimaryStageWindow   - Opening main window
14:25:59.767 [JavaFX Application Thread] DEBUG PrimaryStageWindow   - Window border size: (14.4000244140625, 37.5999755859375)
14:25:59.768 [JavaFX Application Thread] DEBUG PrimaryStageWindow   - Scaled size: 1000.0 x 600.0
14:25:59.769 [JavaFX Application Thread] DEBUG PrimaryStageWindow   - Scaled ratio: (1.0, 1.0)
14:25:59.769 [JavaFX Application Thread] DEBUG PrimaryStageWindow   - Scene size: 1000.0 x 600.0
14:25:59.770 [JavaFX Application Thread] DEBUG PrimaryStageWindow   - Stage size: 1014.4000244140625 x 637.5999755859375
14:25:59.795 [FXGL Background Thread 1 ] DEBUG Engine               - Initializing environment variables
14:25:59.870 [FXGL Background Thread 1 ] DEBUG FXGLAssetLoaderServi - User app class for loading assets: class Runner.ClientRunner
14:25:59.871 [FXGL Background Thread 1 ] DEBUG GameApplicationServi - Applying CSS: fxgl_dark.css
14:25:59.875 [FXGL Background Thread 1 ] DEBUG FXGLAssetLoaderServi - Loading from file system: jar:file:/C:/Users/Owner/.m2/repository/com/github/almasb/fxgl/17.3/fxgl-17.3.jar!/fxglassets/ui/css/fxgl_dark.css
14:26:00.000 [FXGL Background Thread 1 ] DEBUG GameApplicationServi - Initializing application scenes
14:26:00.516 [FXGL Background Thread 1 ] DEBUG GameWorld            - Game world initialized
14:26:00.903 [FXGL Background Thread 1 ] DEBUG PhysicsWorld         - Physics world initialized: appHeight=600, physics.ppm=50.0
14:26:00.928 [FXGL Background Thread 1 ] DEBUG PhysicsWorld         - Using strategy: BRUTE_FORCE
14:26:00.958 [FXGL Background Thread 1 ] DEBUG GameScene            - Game scene initialized: 1000x600
14:26:01.060 [FXGL Background Thread 1 ] DEBUG FXGL.DefaultMenu     - createMenuBodyGameMenu()
14:26:01.217 [FXGL Background Thread 1 ] DEBUG FXGL.DefaultMenu     - createOptionsMenu()
14:26:01.338 [FXGL Background Thread 1 ] DEBUG FXGLAssetLoaderServi - Loading from file system: jar:file:/C:/Users/Owner/.m2/repository/com/github/almasb/fxgl/17.3/fxgl-17.3.jar!/fxglassets/textures/particles/smoke.png
14:26:01.964 [FXGL Background Thread 1 ] DEBUG FXGLAssetLoaderServi - Loading from file system: jar:file:/C:/Users/Owner/.m2/repository/com/github/almasb/fxgl/17.3/fxgl-17.3.jar!/fxglassets/textures/particles/trace_horizontal.png
14:26:02.008 [FXGL Background Thread 1 ] DEBUG GameApplicationServi - Application scenes initialized
14:26:02.061 [FXGL Background Thread 1 ] DEBUG SystemBundleService  - Loading FXGL system data
14:26:02.069 [FXGL Background Thread 1 ] DEBUG FileSystemAccess     - Reading from: C:\Users\Owner\Desktop\Sonic-rush\system\fxgl.bundle
14:26:02.081 [FXGL Background Thread 1 ] DEBUG SystemBundleService  - Bundle FXGL: {}
14:26:02.081 [FXGL Background Thread 1 ] DEBUG UpdaterService       - Checking for updates
14:26:02.091 [FXGL Background Thread 1 ] DEBUG FXGLApplication      - Loading default localization
14:26:02.092 [FXGL Background Thread 1 ] DEBUG FXGLAssetLoaderServi - Loading from file system: jar:file:/C:/Users/Owner/.m2/repository/com/github/almasb/fxgl/17.3/fxgl-17.3.jar!/fxglassets/languages/english.lang
14:26:02.122 [FXGL Background Thread 1 ] INFO  FXGLApplication      - FXGL initialization took: 2.328 sec
14:26:02.212 [FXGL Background Thread 4 ] DEBUG FXGLApplication      - Loading fonts
14:26:02.212 [FXGL Background Thread 4 ] DEBUG FXGLAssetLoaderServi - Loading from file system: jar:file:/C:/Users/Owner/.m2/repository/com/github/almasb/fxgl/17.3/fxgl-17.3.jar!/fxglassets/ui/fonts/VarelaRound-Regular.ttf
14:26:02.234 [JavaFX Application Thread] DEBUG Input                - Registered new binding: Mover a la izquierda - A
14:26:02.234 [JavaFX Application Thread] DEBUG Input                - Registered new binding: Mover a la derecha - D
14:26:02.234 [JavaFX Application Thread] DEBUG Input                - Registered new binding: Saltar - W
14:26:02.235 [JavaFX Application Thread] DEBUG Input                - Registered new binding: Interactuar - E
14:26:02.235 [JavaFX Application Thread] DEBUG Input                - Registered new binding: Transformar - P
14:26:02.235 [JavaFX Application Thread] DEBUG Input                - Registered new binding: Desactivar filtro - L
14:26:02.236 [JavaFX Application Thread] DEBUG FXGLAssetLoaderServi - Loading from file system: jar:file:/C:/Users/Owner/.m2/repository/com/github/almasb/fxgl/17.3/fxgl-17.3.jar!/fxglassets/textures/fxgl_icon.png
14:26:02.266 [JavaFX Application Thread] DEBUG FXGLAssetLoaderServi - Loading from file system: jar:file:/C:/Users/Owner/.m2/repository/com/github/almasb/fxgl/17.3/fxgl-17.3.jar!/fxglassets/textures/fxgl_default_cursor.png
14:26:02.271 [JavaFX Application Thread] DEBUG Input                - Registered new binding: Screenshot - CTRL+8
14:26:02.272 [JavaFX Application Thread] DEBUG Input                - Registered new binding: System info dump - CTRL+9
14:26:02.272 [JavaFX Application Thread] DEBUG Input                - Registered new binding: Restart - CTRL+R
14:26:02.274 [JavaFX Application Thread] DEBUG Input                - Registered new binding: Toggle Debug Camera - CTRL+7
14:26:02.302 [JavaFX Application Thread] DEBUG LoopRunner           - Starting loop
14:26:02.303 [JavaFX Application Thread] DEBUG LoopRunner           - Initializing JavaFX AnimationTimerLoop
14:26:02.305 [JavaFX Application Thread] DEBUG GameApplicationServi - Starting new game
14:26:02.306 [JavaFX Application Thread] DEBUG Input                - Clearing active input actions
14:26:02.330 [JavaFX Application Thread] DEBUG GameApplicationServi - Removing overlay from FXGLStartupScene and adding to FXGLLoadingScene
14:26:02.333 [JavaFX Application Thread] DEBUG PrimaryStageWindow   - FXGLStartupScene -> FXGLLoadingScene
14:26:02.334 [JavaFX Application Thread] DEBUG GameApplicationServi - Clearing previous game
14:26:02.334 [JavaFX Application Thread] DEBUG GameScene            - Clearing game scene
14:26:02.335 [JavaFX Application Thread] DEBUG GameWorld            - Clearing game world
14:26:02.335 [JavaFX Application Thread] DEBUG PhysicsWorld         - Clearing physics world
14:26:02.337 [FXGL Background Thread 1 ] DEBUG FXGLApplication      - Initializing game
14:26:02.373 [FXGL Background Thread 1 ] DEBUG FXGLAssetLoaderServi - Loading from file system: file:/C:/Users/Owner/Desktop/Sonic-rush/target/classes/assets/music/OST2.mp3
14:26:03.482 [FXGL Background Thread 1 ] DEBUG AudioPlayer          - Playing music com.almasb.fxgl.audio.Music@4f91898c
14:26:03.507 [FXGL Background Thread 1 ] INFO  FXGLApplication      - Game initialization took: 1.170 sec
14:26:03.979 [JavaFX Application Thread] DEBUG Input                - Clearing active input actions
14:26:03.998 [JavaFX Application Thread] DEBUG GameApplicationServi - Removing overlay from FXGLLoadingScene and adding to GameScene
14:26:03.998 [JavaFX Application Thread] DEBUG PrimaryStageWindow   - FXGLLoadingScene -> GameScene
14:26:04.934 [FXGL Background Thread 4 ] DEBUG FXGLAssetLoaderServi - Loading from file system: jar:file:/C:/Users/Owner/.m2/repository/com/github/almasb/fxgl/17.3/fxgl-17.3.jar!/fxglassets/ui/fonts/Abel-Regular.ttf
14:26:04.962 [FXGL Background Thread 4 ] DEBUG FXGLAssetLoaderServi - Loading from file system: jar:file:/C:/Users/Owner/.m2/repository/com/github/almasb/fxgl/17.3/fxgl-17.3.jar!/fxglassets/ui/fonts/TerminalLandMono-Regular.otf
14:26:05.002 [FXGL Background Thread 4 ] DEBUG FXGLAssetLoaderServi - Loading from file system: jar:file:/C:/Users/Owner/.m2/repository/com/github/almasb/fxgl/17.3/fxgl-17.3.jar!/fxglassets/ui/fonts/Courier-Prime.ttf
14:26:05.045 [JavaFX Application Thread] DEBUG FXGLApplication      - Registering font factories with UI factory
14:26:05.086 [FXGL Background Thread 3 ] DEBUG Engine               - Logging environment variables
14:26:05.088 [FXGL Background Thread 3 ] DEBUG Engine               - achievements: []
14:26:05.088 [FXGL Background Thread 3 ] DEBUG Engine               - actualHeight: 600.0
14:26:05.089 [FXGL Background Thread 3 ] DEBUG Engine               - actualHeightProperty: ReadOnlyDoubleProperty [value: 600.0]
14:26:05.089 [FXGL Background Thread 3 ] DEBUG Engine               - actualWidth: 1000.0
14:26:05.089 [FXGL Background Thread 3 ] DEBUG Engine               - actualWidthProperty: ReadOnlyDoubleProperty [value: 1000.0]
14:26:05.090 [FXGL Background Thread 3 ] DEBUG Engine               - appIcon: fxgl_icon.png
14:26:05.090 [FXGL Background Thread 3 ] DEBUG Engine               - applicationMode: DEVELOPER
14:26:05.091 [FXGL Background Thread 3 ] DEBUG Engine               - cSSList: [fxgl_dark.css]
14:26:05.091 [FXGL Background Thread 3 ] DEBUG Engine               - collisionDetectionStrategy: BRUTE_FORCE
14:26:05.091 [FXGL Background Thread 3 ] DEBUG Engine               - configClass: Optional.empty
14:26:05.092 [FXGL Background Thread 3 ] DEBUG Engine               - credits: []
14:26:05.093 [FXGL Background Thread 3 ] DEBUG Engine               - defaultCursor: CursorInfo(imageName=fxgl_default_cursor.png, hotspotX=7.0, hotspotY=6.0)
14:26:05.093 [FXGL Background Thread 3 ] DEBUG Engine               - devBBoxColorProperty: ObjectProperty [value: 0xff0000ff]
14:26:05.094 [FXGL Background Thread 3 ] DEBUG Engine               - devEnableDebugCameraProperty: BooleanProperty [value: false]
14:26:05.095 [FXGL Background Thread 3 ] DEBUG Engine               - devSensorColorProperty: ObjectProperty [value: 0xffff00ff]
14:26:05.095 [FXGL Background Thread 3 ] DEBUG Engine               - devShowBBoxProperty: BooleanProperty [value: false]
14:26:05.096 [FXGL Background Thread 3 ] DEBUG Engine               - devShowPositionProperty: BooleanProperty [value: false]
14:26:05.096 [FXGL Background Thread 3 ] DEBUG Engine               - enabledMenuItems: []
14:26:05.097 [FXGL Background Thread 3 ] DEBUG Engine               - engineServices: [class com.almasb.fxgl.app.services.FXGLAssetLoaderService, class com.almasb.fxgl.app.FXGLApplication$GameApplicationService, class com.almasb.fxgl.app.services.FXGLDialogService, class com.almasb.fxgl.app.services.IOTaskExecutorService, class com.almasb.fxgl.io.FileSystemService, class com.almasb.fxgl.localization.LocalizationService, class com.almasb.fxgl.app.services.SystemBundleService, class com.almasb.fxgl.profile.SaveLoadService, class com.almasb.fxgl.ui.FXGLUIFactoryServiceProvider, class com.almasb.fxgl.ui.FXGLDialogFactoryServiceProvider, class com.almasb.fxgl.audio.AudioPlayer, class com.almasb.fxgl.notification.impl.NotificationServiceProvider, class com.almasb.fxgl.achievement.AchievementService, class com.almasb.fxgl.cutscene.CutsceneService, class com.almasb.fxgl.minigames.MiniGameService, class com.almasb.fxgl.net.NetService, class com.almasb.fxgl.app.services.UpdaterService, class com.almasb.fxgl.dev.DevService, class com.almasb.fxgl.multiplayer.MultiplayerService]
14:26:05.098 [FXGL Background Thread 3 ] DEBUG Engine               - fontGame: Abel-Regular.ttf
14:26:05.100 [FXGL Background Thread 3 ] DEBUG Engine               - fontMono: TerminalLandMono-Regular.otf
14:26:05.102 [FXGL Background Thread 3 ] DEBUG Engine               - fontSizeScaleUI: 1.0
14:26:05.105 [FXGL Background Thread 3 ] DEBUG Engine               - fontText: Courier-Prime.ttf
14:26:05.106 [FXGL Background Thread 3 ] DEBUG Engine               - fontUI: VarelaRound-Regular.ttf
14:26:05.107 [FXGL Background Thread 3 ] DEBUG Engine               - fullScreen: BooleanProperty [value: false]
14:26:05.108 [FXGL Background Thread 3 ] DEBUG Engine               - gameDifficulty: MEDIUM
14:26:05.110 [FXGL Background Thread 3 ] DEBUG Engine               - gameDifficultyProperty: ObjectProperty [value: MEDIUM]
14:26:05.112 [FXGL Background Thread 3 ] DEBUG Engine               - globalMusicVolume: 0.5
14:26:05.113 [FXGL Background Thread 3 ] DEBUG Engine               - globalMusicVolumeProperty: DoubleProperty [value: 0.5]
14:26:05.113 [FXGL Background Thread 3 ] DEBUG Engine               - globalSoundVolume: 0.5
14:26:05.113 [FXGL Background Thread 3 ] DEBUG Engine               - globalSoundVolumeProperty: DoubleProperty [value: 0.5]
14:26:05.114 [FXGL Background Thread 3 ] DEBUG Engine               - height: 600
14:26:05.115 [FXGL Background Thread 3 ] DEBUG Engine               - is3D: false
14:26:05.115 [FXGL Background Thread 3 ] DEBUG Engine               - isAndroid: false
14:26:05.116 [FXGL Background Thread 3 ] DEBUG Engine               - isBrowser: false
14:26:05.116 [FXGL Background Thread 3 ] DEBUG Engine               - isClickFeedbackEnabled: false
14:26:05.117 [FXGL Background Thread 3 ] DEBUG Engine               - isCloseConfirmation: false
14:26:05.117 [FXGL Background Thread 3 ] DEBUG Engine               - isDesktop: true
14:26:05.117 [FXGL Background Thread 3 ] DEBUG Engine               - isDeveloperMenuEnabled: false
14:26:05.117 [FXGL Background Thread 3 ] DEBUG Engine               - isEmbedded: false
14:26:05.117 [FXGL Background Thread 3 ] DEBUG Engine               - isEntityPreloadEnabled: true
14:26:05.117 [FXGL Background Thread 3 ] DEBUG Engine               - isExperimentalTiledLargeMap: false
14:26:05.117 [FXGL Background Thread 3 ] DEBUG Engine               - isFileSystemWriteAllowed: true
14:26:05.118 [FXGL Background Thread 3 ] DEBUG Engine               - isFullScreenAllowed: false
14:26:05.118 [FXGL Background Thread 3 ] DEBUG Engine               - isFullScreenFromStart: false
14:26:05.118 [FXGL Background Thread 3 ] DEBUG Engine               - isGameMenuEnabled: true
14:26:05.118 [FXGL Background Thread 3 ] DEBUG Engine               - isIOS: false
14:26:05.118 [FXGL Background Thread 3 ] DEBUG Engine               - isIntroEnabled: false
14:26:05.118 [FXGL Background Thread 3 ] DEBUG Engine               - isLinux: false
14:26:05.118 [FXGL Background Thread 3 ] DEBUG Engine               - isMac: false
14:26:05.119 [FXGL Background Thread 3 ] DEBUG Engine               - isMainMenuEnabled: false
14:26:05.119 [FXGL Background Thread 3 ] DEBUG Engine               - isManualResizeEnabled: false
14:26:05.119 [FXGL Background Thread 3 ] DEBUG Engine               - isMobile: false
14:26:05.119 [FXGL Background Thread 3 ] DEBUG Engine               - isNative: false
14:26:05.119 [FXGL Background Thread 3 ] DEBUG Engine               - isPauseMusicWhenMinimized: true
14:26:05.119 [FXGL Background Thread 3 ] DEBUG Engine               - isPreserveResizeRatio: false
14:26:05.119 [FXGL Background Thread 3 ] DEBUG Engine               - isProfilingEnabled: false
14:26:05.121 [FXGL Background Thread 3 ] DEBUG Engine               - isScaleAffectedOnResize: true
14:26:05.121 [FXGL Background Thread 3 ] DEBUG Engine               - isSingleStep: false
14:26:05.121 [FXGL Background Thread 3 ] DEBUG Engine               - isUserProfileEnabled: false
14:26:05.121 [FXGL Background Thread 3 ] DEBUG Engine               - isWindows: true
14:26:05.122 [FXGL Background Thread 3 ] DEBUG Engine               - language: ObjectProperty [value: ENGLISH]
14:26:05.122 [FXGL Background Thread 3 ] DEBUG Engine               - menuKey: ESCAPE
14:26:05.123 [FXGL Background Thread 3 ] DEBUG Engine               - mouseSensitivity: 0.2
14:26:05.123 [FXGL Background Thread 3 ] DEBUG Engine               - notificationViewClass: class com.almasb.fxgl.notification.view.XboxNotificationView
14:26:05.123 [FXGL Background Thread 3 ] DEBUG Engine               - pixelsPerMeter: 50.0
14:26:05.123 [FXGL Background Thread 3 ] DEBUG Engine               - platform: WINDOWS
14:26:05.124 [FXGL Background Thread 3 ] DEBUG Engine               - prefHeightProperty: ReadOnlyDoubleProperty [value: 600.0]
14:26:05.124 [FXGL Background Thread 3 ] DEBUG Engine               - prefWidthProperty: ReadOnlyDoubleProperty [value: 1000.0]
14:26:05.124 [FXGL Background Thread 3 ] DEBUG Engine               - profileDir: profiles/
14:26:05.124 [FXGL Background Thread 3 ] DEBUG Engine               - profileName: StringProperty [value: DEFAULT]
14:26:05.124 [FXGL Background Thread 3 ] DEBUG Engine               - randomSeed: -1
14:26:05.125 [FXGL Background Thread 3 ] DEBUG Engine               - runtimeInfo: RuntimeInfo(platform=WINDOWS, version=17.3, build=30.03.2023 11.49)
14:26:05.125 [FXGL Background Thread 3 ] DEBUG Engine               - saveFileExt: sav
14:26:05.125 [FXGL Background Thread 3 ] DEBUG Engine               - scaledHeightProp$fxgl: DoubleProperty [bound, value: 600.0]
14:26:05.126 [FXGL Background Thread 3 ] DEBUG Engine               - scaledWidthProp$fxgl: DoubleProperty [bound, value: 1000.0]
14:26:05.126 [FXGL Background Thread 3 ] DEBUG Engine               - sceneFactory: com.almasb.fxgl.app.scene.SceneFactory@2b7775e3
14:26:05.126 [FXGL Background Thread 3 ] DEBUG Engine               - secondsIn24h: 60
14:26:05.126 [FXGL Background Thread 3 ] DEBUG Engine               - soundMenuBack: menu/back.wav
14:26:05.126 [FXGL Background Thread 3 ] DEBUG Engine               - soundMenuPress: menu/press.wav
14:26:05.126 [FXGL Background Thread 3 ] DEBUG Engine               - soundMenuSelect: menu/select.wav
14:26:05.127 [FXGL Background Thread 3 ] DEBUG Engine               - soundNotification: core/notification.wav
14:26:05.127 [FXGL Background Thread 3 ] DEBUG Engine               - stageStyle: DECORATED
14:26:05.127 [FXGL Background Thread 3 ] DEBUG Engine               - supportedLanguages: [ENGLISH, FRENCH, GERMAN, HUNGARIAN, RUSSIAN]
14:26:05.127 [FXGL Background Thread 3 ] DEBUG Engine               - ticksPerSecond: -1
14:26:05.127 [FXGL Background Thread 3 ] DEBUG Engine               - title: Jugador Sonic
14:26:05.127 [FXGL Background Thread 3 ] DEBUG Engine               - urlGithub: https://github.com/AlmasB/FXGL
14:26:05.127 [FXGL Background Thread 3 ] DEBUG Engine               - urlLeaderboard: http://fxgl-top.herokuapp.com/
14:26:05.128 [FXGL Background Thread 3 ] DEBUG Engine               - urlPOM: https://raw.githubusercontent.com/AlmasB/FXGL/release/README.md
14:26:05.128 [FXGL Background Thread 3 ] DEBUG Engine               - userAppClass: class Runner.ClientRunner
14:26:05.128 [FXGL Background Thread 3 ] DEBUG Engine               - version: 0.0
14:26:05.128 [FXGL Background Thread 3 ] DEBUG Engine               - versionCheckDays: 7
14:26:05.128 [FXGL Background Thread 3 ] DEBUG Engine               - width: 1000
14:26:05.128 [FXGL Background Thread 3 ] DEBUG Engine               - Logging services
14:26:05.128 [FXGL Background Thread 3 ] DEBUG Engine               - class com.almasb.fxgl.app.services.FXGLAssetLoaderService
14:26:05.128 [FXGL Background Thread 3 ] DEBUG Engine               - class com.almasb.fxgl.app.FXGLApplication$GameApplicationService
14:26:05.128 [FXGL Background Thread 3 ] DEBUG Engine               - class com.almasb.fxgl.app.services.FXGLDialogService
14:26:05.129 [FXGL Background Thread 3 ] DEBUG Engine               - class com.almasb.fxgl.app.services.IOTaskExecutorService
14:26:05.129 [FXGL Background Thread 3 ] DEBUG Engine               - class com.almasb.fxgl.io.FileSystemService
14:26:05.129 [FXGL Background Thread 3 ] DEBUG Engine               - class com.almasb.fxgl.localization.LocalizationService
14:26:05.129 [FXGL Background Thread 3 ] DEBUG Engine               - class com.almasb.fxgl.app.services.SystemBundleService
14:26:05.129 [FXGL Background Thread 3 ] DEBUG Engine               - class com.almasb.fxgl.profile.SaveLoadService
14:26:05.129 [FXGL Background Thread 3 ] DEBUG Engine               - class com.almasb.fxgl.ui.FXGLUIFactoryServiceProvider
14:26:05.129 [FXGL Background Thread 3 ] DEBUG Engine               - class com.almasb.fxgl.ui.FXGLDialogFactoryServiceProvider
14:26:05.129 [FXGL Background Thread 3 ] DEBUG Engine               - class com.almasb.fxgl.audio.AudioPlayer
14:26:05.129 [FXGL Background Thread 3 ] DEBUG Engine               - class com.almasb.fxgl.notification.impl.NotificationServiceProvider
14:26:05.129 [FXGL Background Thread 3 ] DEBUG Engine               - class com.almasb.fxgl.achievement.AchievementService
14:26:05.129 [FXGL Background Thread 3 ] DEBUG Engine               - class com.almasb.fxgl.cutscene.CutsceneService
14:26:05.130 [FXGL Background Thread 3 ] DEBUG Engine               - class com.almasb.fxgl.minigames.MiniGameService
14:26:05.130 [FXGL Background Thread 3 ] DEBUG Engine               - class com.almasb.fxgl.net.NetService
14:26:05.130 [FXGL Background Thread 3 ] DEBUG Engine               - class com.almasb.fxgl.app.services.UpdaterService
14:26:05.130 [FXGL Background Thread 3 ] DEBUG Engine               - class com.almasb.fxgl.dev.DevService
14:26:05.130 [FXGL Background Thread 3 ] DEBUG Engine               - class com.almasb.fxgl.multiplayer.MultiplayerService
14:26:06.444 [FXGL Background Thread 2 ] INFO  UpdaterService       - Your current version:  17.3
14:26:06.556 [FXGL Background Thread 2 ] INFO  UpdaterService       - Latest stable version: 21.1
14:26:11.897 [JavaFX Application Thread] DEBUG FXGLAssetLoaderServi - Loading from file system: file:/C:/Users/Owner/Desktop/Sonic-rush/target/classes/assets/textures/fondo.png
14:26:12.313 [JavaFX Application Thread] DEBUG TMXLevelLoader       - Parsed TiledMap: file:/C:/Users/Owner/Desktop/Sonic-rush/target/classes/assets/levels/mapazo.tmx
14:26:12.316 [JavaFX Application Thread] DEBUG TMXLevelLoader       - Creating tile layer entities
14:26:12.318 [JavaFX Application Thread] DEBUG TilesetLoader        - Loading view for layer Capa de patrones 1
14:26:12.386 [JavaFX Application Thread] DEBUG TilesetLoader        - Created buffer with size 3840.0x720.0
14:26:12.427 [JavaFX Application Thread] DEBUG TMXLevelLoader       - Creating object layer entities
14:26:12.470 [JavaFX Application Thread] DEBUG GameWorld            - Clearing removable entities
14:26:12.474 [JavaFX Application Thread] DEBUG GameWorld            - Setting level: com.almasb.fxgl.entity.level.Level@5f589487
14:26:12.494 [JavaFX Application Thread] DEBUG FXGLAssetLoaderServi - Loading from file system: file:/C:/Users/Owner/Desktop/Sonic-rush/target/classes/assets/textures/Enemigos/eggman.png
14:26:12.533 [ClientAsyncConnThread    ] DEBUG TCPClient            - Connecting to localhost:55555 type: class com.almasb.fxgl.core.serialization.Bundle
14:26:12.537 [ClientAsyncConnThread    ] DEBUG TCPClient            - Created socket to localhost:55555
14:26:12.589 [ClientAsyncConnThread    ] DEBUG Endpoint             - TCPClient opening new connection (1) from localhost/127.0.0.1:55555 type: class com.almasb.fxgl.core.serialization.Bundle
14:26:12.591 [ClientAsyncConnThread    ] DEBUG Endpoint             - TCPClient successfully opened connection (1)
14:26:12.635 [TCPClient_RecvThread-1   ] DEBUG Readers              - Getting TCPMessageReader for class com.almasb.fxgl.core.serialization.Bundle
14:26:12.636 [TCPClient_SendThread-1   ] DEBUG Writers              - Getting TCPMessageWriter for class com.almasb.fxgl.core.serialization.Bundle
14:26:12.641 [TCPClient_SendThread-1   ] DEBUG Writers              - Constructed TCPMessageWriter for class com.almasb.fxgl.core.serialization.Bundle: BundleTCPMessageWriter
14:26:12.670 [TCPClient_RecvThread-1   ] DEBUG Readers              - Constructed MessageReader for class com.almasb.fxgl.core.serialization.Bundle: BundleTCPMessageReader
14:26:12.891 [JavaFX Application Thread] DEBUG FXGLAssetLoaderServi - Loading from file system: file:/C:/Users/Owner/Desktop/Sonic-rush/target/classes/assets/textures/Items/ring.png
14:26:12.951 [JavaFX Application Thread] DEBUG FXGLAssetLoaderServi - Loading from file system: file:/C:/Users/Owner/Desktop/Sonic-rush/target/classes/assets/textures/Items/caucho.png
14:26:12.976 [JavaFX Application Thread] DEBUG FXGLAssetLoaderServi - Loading from file system: file:/C:/Users/Owner/Desktop/Sonic-rush/target/classes/assets/textures/Items/papel.png
14:26:13.010 [JavaFX Application Thread] DEBUG FXGLAssetLoaderServi - Loading from file system: file:/C:/Users/Owner/Desktop/Sonic-rush/target/classes/assets/textures/Items/basura.png
14:26:13.018 [JavaFX Application Thread] DEBUG FXGLAssetLoaderServi - Loading from file system: file:/C:/Users/Owner/Desktop/Sonic-rush/target/classes/assets/textures/Enemigos/enemigo.png
14:26:13.140 [JavaFX Application Thread] DEBUG FXGLAssetLoaderServi - Loading from file system: file:/C:/Users/Owner/Desktop/Sonic-rush/target/classes/assets/textures/Personajes/sonic.png
14:26:13.145 [JavaFX Application Thread] DEBUG FXGLAssetLoaderServi - Loading from file system: file:/C:/Users/Owner/Desktop/Sonic-rush/target/classes/assets/textures/Personajes/sonic_camina.png
14:26:13.150 [JavaFX Application Thread] DEBUG FXGLAssetLoaderServi - Loading from file system: file:/C:/Users/Owner/Desktop/Sonic-rush/target/classes/assets/textures/Personajes/super_sonic.png
14:26:22.619 [JavaFX Application Thread] DEBUG AudioPlayer          - Pausing music com.almasb.fxgl.audio.Music@4f91898c
14:26:22.638 [JavaFX Application Thread] DEBUG LoopRunner           - Pausing loop
14:27:00.432 [JavaFX Application Thread] DEBUG FXGLAssetLoaderServi - Loading from file system: file:/C:/Users/Owner/Desktop/Sonic-rush/target/classes/assets/textures/Personajes/knuckles.png
14:27:00.434 [JavaFX Application Thread] DEBUG FXGLAssetLoaderServi - Loading from file system: file:/C:/Users/Owner/Desktop/Sonic-rush/target/classes/assets/textures/Personajes/knuckles_golpe.png
14:27:16.002 [JavaFX Application Thread] DEBUG LoopRunner           - Resuming loop
14:27:16.003 [JavaFX Application Thread] DEBUG AudioPlayer          - Resuming music com.almasb.fxgl.audio.Music@4f91898c
14:27:34.399 [JavaFX Application Thread] DEBUG FXGLAssetLoaderServi - Loading from file system: file:/C:/Users/Owner/Desktop/Sonic-rush/target/classes/assets/sounds/salto.wav
14:27:41.638 [JavaFX Application Thread] DEBUG FXGLAssetLoaderServi - Loading from file system: file:/C:/Users/Owner/Desktop/Sonic-rush/target/classes/assets/sounds/muerte.wav
14:28:18.224 [JavaFX Application Thread] DEBUG FXGLAssetLoaderServi - Loading from file system: file:/C:/Users/Owner/Desktop/Sonic-rush/target/classes/assets/sounds/recoger.wav
14:28:37.884 [JavaFX Application Thread] DEBUG FXGLApplication      - Exiting FXGL
14:28:37.886 [JavaFX Application Thread] DEBUG LoopRunner           - Stopping loop
14:28:37.887 [JavaFX Application Thread] DEBUG SystemBundleService  - Saving FXGL system data
14:28:37.900 [JavaFX Application Thread] DEBUG FileSystemAccess     - Writing to: C:\Users\Owner\Desktop\Sonic-rush\system\fxgl.bundle
14:28:37.906 [JavaFX Application Thread] DEBUG Async                - Shutting down background threads
14:28:37.908 [JavaFX Application Thread] DEBUG PrimaryStageWindow   - Closing main window
14:28:37.950 [JavaFX Application Thread] DEBUG Logger               - Closing Logger
