14:39:38.182 [main                     ] DEBUG Logger               - Configured Logger
14:39:38.207 [main                     ] DEBUG GameApplication      - Logging settings
Title: Jugador Sonic
Version: 0.0
Width: 1000
Height: 600
Fullscreen: false
Intro: false
Profiling: false
Single step:false
App Mode: DEVELOPER
Menu Key: ESCAPE
Stage Style: DECORATED
Scene Factory: class com.almasb.fxgl.app.scene.SceneFactory

14:39:38.657 [JavaFX Application Thread] DEBUG FXGLApplication      - Initializing FXGL
14:39:38.662 [JavaFX Application Thread] INFO  Engine               - FXGL-17.3 (30.03.2023 11.49) on WINDOWS (J:21.0.2 FX:20)
14:39:38.663 [JavaFX Application Thread] DEBUG Engine               - JRE Vendor Name: Oracle Corporation
14:39:38.663 [JavaFX Application Thread] DEBUG Engine               - Running on OS: Windows 10 version 10.0
14:39:38.663 [JavaFX Application Thread] DEBUG Engine               - Architecture: amd64
14:39:38.663 [JavaFX Application Thread] INFO  Engine               - Source code and latest versions at: https://github.com/AlmasB/FXGL
14:39:38.664 [JavaFX Application Thread] INFO  Engine               -       Ask questions and discuss at: https://github.com/AlmasB/FXGL/discussions
14:39:38.664 [JavaFX Application Thread] INFO  Engine               -              Join the FXGL chat at: https://gitter.im/AlmasB/FXGL
14:39:38.809 [JavaFX Application Thread] DEBUG PrimaryStageWindow   - Creating a JavaFX scene
14:39:38.879 [JavaFX Application Thread] DEBUG PrimaryStageWindow   - Target settings size: 1000.0 x 600.0
14:39:38.879 [JavaFX Application Thread] DEBUG PrimaryStageWindow   - Scaled scene size:    1000.0 x 600.0
14:39:38.880 [JavaFX Application Thread] DEBUG PrimaryStageWindow   - Scaled ratio: (1.0, 1.0)
14:39:38.881 [JavaFX Application Thread] DEBUG PrimaryStageWindow   - Set initial scene to FXGLStartupScene
14:39:38.885 [JavaFX Application Thread] DEBUG PrimaryStageWindow   - Opening main window
14:39:38.982 [JavaFX Application Thread] DEBUG PrimaryStageWindow   - Window border size: (16.0, 39.0)
14:39:38.982 [JavaFX Application Thread] DEBUG PrimaryStageWindow   - Scaled size: 1000.0 x 600.0
14:39:38.982 [JavaFX Application Thread] DEBUG PrimaryStageWindow   - Scaled ratio: (1.0, 1.0)
14:39:38.983 [JavaFX Application Thread] DEBUG PrimaryStageWindow   - Scene size: 1000.0 x 600.0
14:39:38.983 [JavaFX Application Thread] DEBUG PrimaryStageWindow   - Stage size: 1016.0 x 639.0
14:39:39.015 [FXGL Background Thread 1 ] DEBUG Engine               - Initializing environment variables
14:39:39.079 [FXGL Background Thread 1 ] DEBUG FXGLAssetLoaderServi - User app class for loading assets: class Runner.ClientRunner
14:39:39.080 [FXGL Background Thread 1 ] DEBUG GameApplicationServi - Applying CSS: fxgl_dark.css
14:39:39.081 [FXGL Background Thread 1 ] DEBUG FXGLAssetLoaderServi - Loading from file system: jar:file:/C:/Users/User/.m2/repository/com/github/almasb/fxgl/17.3/fxgl-17.3.jar!/fxglassets/ui/css/fxgl_dark.css
14:39:39.134 [FXGL Background Thread 1 ] DEBUG GameApplicationServi - Initializing application scenes
14:39:39.249 [FXGL Background Thread 1 ] DEBUG GameWorld            - Game world initialized
14:39:39.318 [FXGL Background Thread 1 ] DEBUG PhysicsWorld         - Physics world initialized: appHeight=600, physics.ppm=50,0
14:39:39.318 [FXGL Background Thread 1 ] DEBUG PhysicsWorld         - Using strategy: BRUTE_FORCE
14:39:39.326 [FXGL Background Thread 1 ] DEBUG GameScene            - Game scene initialized: 1000x600
14:39:39.338 [FXGL Background Thread 1 ] DEBUG FXGL.DefaultMenu     - createMenuBodyGameMenu()
14:39:39.358 [FXGL Background Thread 1 ] DEBUG FXGL.DefaultMenu     - createOptionsMenu()
14:39:39.370 [FXGL Background Thread 1 ] DEBUG FXGLAssetLoaderServi - Loading from file system: jar:file:/C:/Users/User/.m2/repository/com/github/almasb/fxgl/17.3/fxgl-17.3.jar!/fxglassets/textures/particles/smoke.png
14:39:39.483 [FXGL Background Thread 1 ] DEBUG FXGLAssetLoaderServi - Loading from file system: jar:file:/C:/Users/User/.m2/repository/com/github/almasb/fxgl/17.3/fxgl-17.3.jar!/fxglassets/textures/particles/trace_horizontal.png
14:39:39.519 [FXGL Background Thread 1 ] DEBUG GameApplicationServi - Application scenes initialized
14:39:39.541 [FXGL Background Thread 1 ] DEBUG SystemBundleService  - Loading FXGL system data
14:39:39.549 [FXGL Background Thread 1 ] DEBUG FileSystemAccess     - Reading from: C:\Users\User\Documents\GitHub\Sonic-rush\system\fxgl.bundle
14:39:39.561 [FXGL Background Thread 1 ] DEBUG SystemBundleService  - Bundle FXGL: {}
14:39:39.561 [FXGL Background Thread 1 ] DEBUG UpdaterService       - Checking for updates
14:39:39.566 [FXGL Background Thread 1 ] DEBUG FXGLApplication      - Loading default localization
14:39:39.567 [FXGL Background Thread 1 ] DEBUG FXGLAssetLoaderServi - Loading from file system: jar:file:/C:/Users/User/.m2/repository/com/github/almasb/fxgl/17.3/fxgl-17.3.jar!/fxglassets/languages/english.lang
14:39:39.571 [FXGL Background Thread 4 ] DEBUG FXGLApplication      - Loading fonts
14:39:39.572 [FXGL Background Thread 4 ] DEBUG FXGLAssetLoaderServi - Loading from file system: jar:file:/C:/Users/User/.m2/repository/com/github/almasb/fxgl/17.3/fxgl-17.3.jar!/fxglassets/ui/fonts/VarelaRound-Regular.ttf
14:39:39.614 [FXGL Background Thread 1 ] INFO  FXGLApplication      - FXGL initialization took: 0,598 sec
14:39:39.619 [FXGL Background Thread 4 ] DEBUG FXGLAssetLoaderServi - Loading from file system: jar:file:/C:/Users/User/.m2/repository/com/github/almasb/fxgl/17.3/fxgl-17.3.jar!/fxglassets/ui/fonts/Abel-Regular.ttf
14:39:39.642 [JavaFX Application Thread] DEBUG Input                - Registered new binding: Mover a la izquierda - A
14:39:39.643 [JavaFX Application Thread] DEBUG Input                - Registered new binding: Mover a la derecha - D
14:39:39.644 [JavaFX Application Thread] DEBUG Input                - Registered new binding: Saltar - W
14:39:39.645 [JavaFX Application Thread] DEBUG Input                - Registered new binding: Interactuar - E
14:39:39.645 [JavaFX Application Thread] DEBUG Input                - Registered new binding: Transformar - P
14:39:39.645 [JavaFX Application Thread] DEBUG Input                - Registered new binding: Desactivar filtro - L
14:39:39.646 [JavaFX Application Thread] DEBUG FXGLAssetLoaderServi - Loading from file system: jar:file:/C:/Users/User/.m2/repository/com/github/almasb/fxgl/17.3/fxgl-17.3.jar!/fxglassets/textures/fxgl_icon.png
14:39:39.679 [JavaFX Application Thread] DEBUG FXGLAssetLoaderServi - Loading from file system: jar:file:/C:/Users/User/.m2/repository/com/github/almasb/fxgl/17.3/fxgl-17.3.jar!/fxglassets/textures/fxgl_default_cursor.png
14:39:39.682 [JavaFX Application Thread] DEBUG Input                - Registered new binding: Screenshot - CTRL+8
14:39:39.682 [JavaFX Application Thread] DEBUG Input                - Registered new binding: System info dump - CTRL+9
14:39:39.682 [JavaFX Application Thread] DEBUG Input                - Registered new binding: Restart - CTRL+R
14:39:39.683 [JavaFX Application Thread] DEBUG Input                - Registered new binding: Toggle Debug Camera - CTRL+7
14:39:39.686 [JavaFX Application Thread] DEBUG LoopRunner           - Starting loop
14:39:39.686 [JavaFX Application Thread] DEBUG LoopRunner           - Initializing JavaFX AnimationTimerLoop
14:39:39.687 [JavaFX Application Thread] DEBUG GameApplicationServi - Starting new game
14:39:39.688 [JavaFX Application Thread] DEBUG Input                - Clearing active input actions
14:39:39.701 [JavaFX Application Thread] DEBUG GameApplicationServi - Removing overlay from FXGLStartupScene and adding to FXGLLoadingScene
14:39:39.702 [JavaFX Application Thread] DEBUG PrimaryStageWindow   - FXGLStartupScene -> FXGLLoadingScene
14:39:39.702 [JavaFX Application Thread] DEBUG GameApplicationServi - Clearing previous game
14:39:39.702 [JavaFX Application Thread] DEBUG GameScene            - Clearing game scene
14:39:39.702 [JavaFX Application Thread] DEBUG GameWorld            - Clearing game world
14:39:39.702 [JavaFX Application Thread] DEBUG PhysicsWorld         - Clearing physics world
14:39:39.704 [FXGL Background Thread 1 ] DEBUG FXGLApplication      - Initializing game
14:39:39.713 [FXGL Background Thread 4 ] DEBUG FXGLAssetLoaderServi - Loading from file system: jar:file:/C:/Users/User/.m2/repository/com/github/almasb/fxgl/17.3/fxgl-17.3.jar!/fxglassets/ui/fonts/TerminalLandMono-Regular.otf
14:39:39.716 [FXGL Background Thread 1 ] DEBUG FXGLAssetLoaderServi - Loading from file system: file:/C:/Users/User/Documents/GitHub/Sonic-rush/target/classes/assets/music/OST.mp3
14:39:39.731 [FXGL Background Thread 4 ] DEBUG FXGLAssetLoaderServi - Loading from file system: jar:file:/C:/Users/User/.m2/repository/com/github/almasb/fxgl/17.3/fxgl-17.3.jar!/fxglassets/ui/fonts/Courier-Prime.ttf
14:39:39.779 [JavaFX Application Thread] DEBUG FXGLApplication      - Registering font factories with UI factory
14:39:40.069 [FXGL Background Thread 1 ] DEBUG AudioPlayer          - Playing music com.almasb.fxgl.audio.Music@717e8cdd
14:39:40.104 [FXGL Background Thread 1 ] INFO  FXGLApplication      - Game initialization took: 0,399 sec
14:39:40.196 [JavaFX Application Thread] DEBUG Input                - Clearing active input actions
14:39:40.206 [JavaFX Application Thread] DEBUG GameApplicationServi - Removing overlay from FXGLLoadingScene and adding to GameScene
14:39:40.207 [JavaFX Application Thread] DEBUG PrimaryStageWindow   - FXGLLoadingScene -> GameScene
14:39:40.402 [FXGL Background Thread 2 ] INFO  UpdaterService       - Your current version:  17.3
14:39:40.406 [FXGL Background Thread 2 ] INFO  UpdaterService       - Latest stable version: 21.1
14:39:42.419 [JavaFX Application Thread] DEBUG FXGLAssetLoaderServi - Loading from file system: file:/C:/Users/User/Documents/GitHub/Sonic-rush/target/classes/assets/textures/fondo.png
14:39:42.521 [JavaFX Application Thread] DEBUG TMXLevelLoader       - Parsed TiledMap: file:/C:/Users/User/Documents/GitHub/Sonic-rush/target/classes/assets/levels/mapazo.tmx
14:39:42.523 [JavaFX Application Thread] DEBUG TMXLevelLoader       - Creating tile layer entities
14:39:42.535 [JavaFX Application Thread] DEBUG TilesetLoader        - Loading view for layer Capa de patrones 1
14:39:42.536 [JavaFX Application Thread] DEBUG TilesetLoader        - Created buffer with size 3840.0x720.0
14:39:42.570 [JavaFX Application Thread] DEBUG TMXLevelLoader       - Creating object layer entities
14:39:42.573 [FXGL Background Thread 3 ] DEBUG Engine               - Logging environment variables
14:39:42.573 [FXGL Background Thread 3 ] DEBUG Engine               - achievements: []
14:39:42.573 [FXGL Background Thread 3 ] DEBUG Engine               - actualHeight: 600.0
14:39:42.576 [FXGL Background Thread 3 ] DEBUG Engine               - actualHeightProperty: ReadOnlyDoubleProperty [value: 600.0]
14:39:42.577 [FXGL Background Thread 3 ] DEBUG Engine               - actualWidth: 1000.0
14:39:42.577 [FXGL Background Thread 3 ] DEBUG Engine               - actualWidthProperty: ReadOnlyDoubleProperty [value: 1000.0]
14:39:42.577 [FXGL Background Thread 3 ] DEBUG Engine               - appIcon: fxgl_icon.png
14:39:42.577 [FXGL Background Thread 3 ] DEBUG Engine               - applicationMode: DEVELOPER
14:39:42.577 [FXGL Background Thread 3 ] DEBUG Engine               - cSSList: [fxgl_dark.css]
14:39:42.577 [FXGL Background Thread 3 ] DEBUG Engine               - collisionDetectionStrategy: BRUTE_FORCE
14:39:42.577 [FXGL Background Thread 3 ] DEBUG Engine               - configClass: Optional.empty
14:39:42.577 [FXGL Background Thread 3 ] DEBUG Engine               - credits: []
14:39:42.577 [FXGL Background Thread 3 ] DEBUG Engine               - defaultCursor: CursorInfo(imageName=fxgl_default_cursor.png, hotspotX=7.0, hotspotY=6.0)
14:39:42.577 [FXGL Background Thread 3 ] DEBUG Engine               - devBBoxColorProperty: ObjectProperty [value: 0xff0000ff]
14:39:42.578 [FXGL Background Thread 3 ] DEBUG Engine               - devEnableDebugCameraProperty: BooleanProperty [value: false]
14:39:42.578 [FXGL Background Thread 3 ] DEBUG Engine               - devSensorColorProperty: ObjectProperty [value: 0xffff00ff]
14:39:42.578 [FXGL Background Thread 3 ] DEBUG Engine               - devShowBBoxProperty: BooleanProperty [value: false]
14:39:42.578 [FXGL Background Thread 3 ] DEBUG Engine               - devShowPositionProperty: BooleanProperty [value: false]
14:39:42.578 [FXGL Background Thread 3 ] DEBUG Engine               - enabledMenuItems: []
14:39:42.578 [FXGL Background Thread 3 ] DEBUG Engine               - engineServices: [class com.almasb.fxgl.app.services.FXGLAssetLoaderService, class com.almasb.fxgl.app.FXGLApplication$GameApplicationService, class com.almasb.fxgl.app.services.FXGLDialogService, class com.almasb.fxgl.app.services.IOTaskExecutorService, class com.almasb.fxgl.io.FileSystemService, class com.almasb.fxgl.localization.LocalizationService, class com.almasb.fxgl.app.services.SystemBundleService, class com.almasb.fxgl.profile.SaveLoadService, class com.almasb.fxgl.ui.FXGLUIFactoryServiceProvider, class com.almasb.fxgl.ui.FXGLDialogFactoryServiceProvider, class com.almasb.fxgl.audio.AudioPlayer, class com.almasb.fxgl.notification.impl.NotificationServiceProvider, class com.almasb.fxgl.achievement.AchievementService, class com.almasb.fxgl.cutscene.CutsceneService, class com.almasb.fxgl.minigames.MiniGameService, class com.almasb.fxgl.net.NetService, class com.almasb.fxgl.app.services.UpdaterService, class com.almasb.fxgl.dev.DevService, class com.almasb.fxgl.multiplayer.MultiplayerService]
14:39:42.578 [FXGL Background Thread 3 ] DEBUG Engine               - fontGame: Abel-Regular.ttf
14:39:42.578 [FXGL Background Thread 3 ] DEBUG Engine               - fontMono: TerminalLandMono-Regular.otf
14:39:42.578 [FXGL Background Thread 3 ] DEBUG Engine               - fontSizeScaleUI: 1.0
14:39:42.578 [FXGL Background Thread 3 ] DEBUG Engine               - fontText: Courier-Prime.ttf
14:39:42.578 [FXGL Background Thread 3 ] DEBUG Engine               - fontUI: VarelaRound-Regular.ttf
14:39:42.578 [FXGL Background Thread 3 ] DEBUG Engine               - fullScreen: BooleanProperty [value: false]
14:39:42.578 [FXGL Background Thread 3 ] DEBUG Engine               - gameDifficulty: MEDIUM
14:39:42.578 [FXGL Background Thread 3 ] DEBUG Engine               - gameDifficultyProperty: ObjectProperty [value: MEDIUM]
14:39:42.579 [FXGL Background Thread 3 ] DEBUG Engine               - globalMusicVolume: 0.5
14:39:42.579 [FXGL Background Thread 3 ] DEBUG Engine               - globalMusicVolumeProperty: DoubleProperty [value: 0.5]
14:39:42.579 [FXGL Background Thread 3 ] DEBUG Engine               - globalSoundVolume: 0.5
14:39:42.580 [FXGL Background Thread 3 ] DEBUG Engine               - globalSoundVolumeProperty: DoubleProperty [value: 0.5]
14:39:42.580 [FXGL Background Thread 3 ] DEBUG Engine               - height: 600
14:39:42.580 [FXGL Background Thread 3 ] DEBUG Engine               - is3D: false
14:39:42.580 [FXGL Background Thread 3 ] DEBUG Engine               - isAndroid: false
14:39:42.580 [FXGL Background Thread 3 ] DEBUG Engine               - isBrowser: false
14:39:42.581 [FXGL Background Thread 3 ] DEBUG Engine               - isClickFeedbackEnabled: false
14:39:42.581 [FXGL Background Thread 3 ] DEBUG Engine               - isCloseConfirmation: false
14:39:42.581 [FXGL Background Thread 3 ] DEBUG Engine               - isDesktop: true
14:39:42.581 [FXGL Background Thread 3 ] DEBUG Engine               - isDeveloperMenuEnabled: false
14:39:42.581 [FXGL Background Thread 3 ] DEBUG Engine               - isEmbedded: false
14:39:42.582 [FXGL Background Thread 3 ] DEBUG Engine               - isEntityPreloadEnabled: true
14:39:42.583 [FXGL Background Thread 3 ] DEBUG Engine               - isExperimentalTiledLargeMap: false
14:39:42.583 [FXGL Background Thread 3 ] DEBUG Engine               - isFileSystemWriteAllowed: true
14:39:42.583 [FXGL Background Thread 3 ] DEBUG Engine               - isFullScreenAllowed: false
14:39:42.583 [FXGL Background Thread 3 ] DEBUG Engine               - isFullScreenFromStart: false
14:39:42.583 [FXGL Background Thread 3 ] DEBUG Engine               - isGameMenuEnabled: true
14:39:42.583 [FXGL Background Thread 3 ] DEBUG Engine               - isIOS: false
14:39:42.583 [FXGL Background Thread 3 ] DEBUG Engine               - isIntroEnabled: false
14:39:42.583 [FXGL Background Thread 3 ] DEBUG Engine               - isLinux: false
14:39:42.583 [FXGL Background Thread 3 ] DEBUG Engine               - isMac: false
14:39:42.583 [FXGL Background Thread 3 ] DEBUG Engine               - isMainMenuEnabled: false
14:39:42.583 [FXGL Background Thread 3 ] DEBUG Engine               - isManualResizeEnabled: false
14:39:42.583 [FXGL Background Thread 3 ] DEBUG Engine               - isMobile: false
14:39:42.583 [FXGL Background Thread 3 ] DEBUG Engine               - isNative: false
14:39:42.583 [FXGL Background Thread 3 ] DEBUG Engine               - isPauseMusicWhenMinimized: true
14:39:42.583 [FXGL Background Thread 3 ] DEBUG Engine               - isPreserveResizeRatio: false
14:39:42.583 [FXGL Background Thread 3 ] DEBUG Engine               - isProfilingEnabled: false
14:39:42.583 [FXGL Background Thread 3 ] DEBUG Engine               - isScaleAffectedOnResize: true
14:39:42.583 [FXGL Background Thread 3 ] DEBUG Engine               - isSingleStep: false
14:39:42.584 [FXGL Background Thread 3 ] DEBUG Engine               - isUserProfileEnabled: false
14:39:42.584 [FXGL Background Thread 3 ] DEBUG Engine               - isWindows: true
14:39:42.584 [FXGL Background Thread 3 ] DEBUG Engine               - language: ObjectProperty [value: ENGLISH]
14:39:42.584 [FXGL Background Thread 3 ] DEBUG Engine               - menuKey: ESCAPE
14:39:42.584 [FXGL Background Thread 3 ] DEBUG Engine               - mouseSensitivity: 0.2
14:39:42.584 [FXGL Background Thread 3 ] DEBUG Engine               - notificationViewClass: class com.almasb.fxgl.notification.view.XboxNotificationView
14:39:42.584 [FXGL Background Thread 3 ] DEBUG Engine               - pixelsPerMeter: 50.0
14:39:42.584 [FXGL Background Thread 3 ] DEBUG Engine               - platform: WINDOWS
14:39:42.584 [FXGL Background Thread 3 ] DEBUG Engine               - prefHeightProperty: ReadOnlyDoubleProperty [value: 600.0]
14:39:42.584 [FXGL Background Thread 3 ] DEBUG Engine               - prefWidthProperty: ReadOnlyDoubleProperty [value: 1000.0]
14:39:42.584 [FXGL Background Thread 3 ] DEBUG Engine               - profileDir: profiles/
14:39:42.584 [FXGL Background Thread 3 ] DEBUG Engine               - profileName: StringProperty [value: DEFAULT]
14:39:42.584 [FXGL Background Thread 3 ] DEBUG Engine               - randomSeed: -1
14:39:42.584 [FXGL Background Thread 3 ] DEBUG Engine               - runtimeInfo: RuntimeInfo(platform=WINDOWS, version=17.3, build=30.03.2023 11.49)
14:39:42.584 [FXGL Background Thread 3 ] DEBUG Engine               - saveFileExt: sav
14:39:42.584 [FXGL Background Thread 3 ] DEBUG Engine               - scaledHeightProp$fxgl: DoubleProperty [bound, value: 600.0]
14:39:42.584 [FXGL Background Thread 3 ] DEBUG Engine               - scaledWidthProp$fxgl: DoubleProperty [bound, value: 1000.0]
14:39:42.584 [FXGL Background Thread 3 ] DEBUG Engine               - sceneFactory: com.almasb.fxgl.app.scene.SceneFactory@4bd3f859
14:39:42.585 [FXGL Background Thread 3 ] DEBUG Engine               - secondsIn24h: 60
14:39:42.588 [FXGL Background Thread 3 ] DEBUG Engine               - soundMenuBack: menu/back.wav
14:39:42.588 [FXGL Background Thread 3 ] DEBUG Engine               - soundMenuPress: menu/press.wav
14:39:42.588 [FXGL Background Thread 3 ] DEBUG Engine               - soundMenuSelect: menu/select.wav
14:39:42.588 [FXGL Background Thread 3 ] DEBUG Engine               - soundNotification: core/notification.wav
14:39:42.589 [FXGL Background Thread 3 ] DEBUG Engine               - stageStyle: DECORATED
14:39:42.589 [FXGL Background Thread 3 ] DEBUG Engine               - supportedLanguages: [ENGLISH, FRENCH, GERMAN, HUNGARIAN, RUSSIAN]
14:39:42.589 [FXGL Background Thread 3 ] DEBUG Engine               - ticksPerSecond: -1
14:39:42.594 [FXGL Background Thread 3 ] DEBUG Engine               - title: Jugador Sonic
14:39:42.594 [FXGL Background Thread 3 ] DEBUG Engine               - urlGithub: https://github.com/AlmasB/FXGL
14:39:42.594 [FXGL Background Thread 3 ] DEBUG Engine               - urlLeaderboard: http://fxgl-top.herokuapp.com/
14:39:42.594 [FXGL Background Thread 3 ] DEBUG Engine               - urlPOM: https://raw.githubusercontent.com/AlmasB/FXGL/release/README.md
14:39:42.594 [FXGL Background Thread 3 ] DEBUG Engine               - userAppClass: class Runner.ClientRunner
14:39:42.594 [FXGL Background Thread 3 ] DEBUG Engine               - version: 0.0
14:39:42.594 [FXGL Background Thread 3 ] DEBUG Engine               - versionCheckDays: 7
14:39:42.594 [FXGL Background Thread 3 ] DEBUG Engine               - width: 1000
14:39:42.594 [FXGL Background Thread 3 ] DEBUG Engine               - Logging services
14:39:42.594 [FXGL Background Thread 3 ] DEBUG Engine               - class com.almasb.fxgl.app.services.FXGLAssetLoaderService
14:39:42.594 [FXGL Background Thread 3 ] DEBUG Engine               - class com.almasb.fxgl.app.FXGLApplication$GameApplicationService
14:39:42.594 [FXGL Background Thread 3 ] DEBUG Engine               - class com.almasb.fxgl.app.services.FXGLDialogService
14:39:42.594 [FXGL Background Thread 3 ] DEBUG Engine               - class com.almasb.fxgl.app.services.IOTaskExecutorService
14:39:42.594 [FXGL Background Thread 3 ] DEBUG Engine               - class com.almasb.fxgl.io.FileSystemService
14:39:42.594 [FXGL Background Thread 3 ] DEBUG Engine               - class com.almasb.fxgl.localization.LocalizationService
14:39:42.594 [FXGL Background Thread 3 ] DEBUG Engine               - class com.almasb.fxgl.app.services.SystemBundleService
14:39:42.594 [FXGL Background Thread 3 ] DEBUG Engine               - class com.almasb.fxgl.profile.SaveLoadService
14:39:42.594 [FXGL Background Thread 3 ] DEBUG Engine               - class com.almasb.fxgl.ui.FXGLUIFactoryServiceProvider
14:39:42.594 [FXGL Background Thread 3 ] DEBUG Engine               - class com.almasb.fxgl.ui.FXGLDialogFactoryServiceProvider
14:39:42.594 [FXGL Background Thread 3 ] DEBUG Engine               - class com.almasb.fxgl.audio.AudioPlayer
14:39:42.594 [FXGL Background Thread 3 ] DEBUG Engine               - class com.almasb.fxgl.notification.impl.NotificationServiceProvider
14:39:42.595 [FXGL Background Thread 3 ] DEBUG Engine               - class com.almasb.fxgl.achievement.AchievementService
14:39:42.595 [FXGL Background Thread 3 ] DEBUG Engine               - class com.almasb.fxgl.cutscene.CutsceneService
14:39:42.597 [FXGL Background Thread 3 ] DEBUG Engine               - class com.almasb.fxgl.minigames.MiniGameService
14:39:42.597 [FXGL Background Thread 3 ] DEBUG Engine               - class com.almasb.fxgl.net.NetService
14:39:42.597 [FXGL Background Thread 3 ] DEBUG Engine               - class com.almasb.fxgl.app.services.UpdaterService
14:39:42.597 [FXGL Background Thread 3 ] DEBUG Engine               - class com.almasb.fxgl.dev.DevService
14:39:42.598 [FXGL Background Thread 3 ] DEBUG Engine               - class com.almasb.fxgl.multiplayer.MultiplayerService
14:39:42.599 [JavaFX Application Thread] DEBUG GameWorld            - Clearing removable entities
14:39:42.600 [JavaFX Application Thread] DEBUG GameWorld            - Setting level: com.almasb.fxgl.entity.level.Level@14b1ace2
14:39:42.615 [JavaFX Application Thread] DEBUG FXGLAssetLoaderServi - Loading from file system: file:/C:/Users/User/Documents/GitHub/Sonic-rush/target/classes/assets/textures/Enemigos/eggman.png
14:39:42.622 [ClientAsyncConnThread    ] DEBUG TCPClient            - Connecting to localhost:55555 type: class com.almasb.fxgl.core.serialization.Bundle
14:39:42.624 [ClientAsyncConnThread    ] DEBUG TCPClient            - Created socket to localhost:55555
14:39:42.629 [ClientAsyncConnThread    ] DEBUG Endpoint             - TCPClient opening new connection (1) from localhost/127.0.0.1:55555 type: class com.almasb.fxgl.core.serialization.Bundle
14:39:42.630 [ClientAsyncConnThread    ] DEBUG Endpoint             - TCPClient successfully opened connection (1)
14:39:42.656 [TCPClient_SendThread-1   ] DEBUG Writers              - Getting TCPMessageWriter for class com.almasb.fxgl.core.serialization.Bundle
14:39:42.656 [TCPClient_RecvThread-1   ] DEBUG Readers              - Getting TCPMessageReader for class com.almasb.fxgl.core.serialization.Bundle
14:39:42.658 [TCPClient_SendThread-1   ] DEBUG Writers              - Constructed TCPMessageWriter for class com.almasb.fxgl.core.serialization.Bundle: BundleTCPMessageWriter
14:39:42.662 [TCPClient_RecvThread-1   ] DEBUG Readers              - Constructed MessageReader for class com.almasb.fxgl.core.serialization.Bundle: BundleTCPMessageReader
14:39:42.682 [JavaFX Application Thread] DEBUG FXGLAssetLoaderServi - Loading from file system: file:/C:/Users/User/Documents/GitHub/Sonic-rush/target/classes/assets/textures/Items/ring.png
14:39:42.696 [JavaFX Application Thread] DEBUG FXGLAssetLoaderServi - Loading from file system: file:/C:/Users/User/Documents/GitHub/Sonic-rush/target/classes/assets/textures/Items/basura.png
14:39:42.699 [JavaFX Application Thread] DEBUG FXGLAssetLoaderServi - Loading from file system: file:/C:/Users/User/Documents/GitHub/Sonic-rush/target/classes/assets/textures/Items/papel.png
14:39:42.701 [JavaFX Application Thread] DEBUG FXGLAssetLoaderServi - Loading from file system: file:/C:/Users/User/Documents/GitHub/Sonic-rush/target/classes/assets/textures/Items/caucho.png
14:39:42.716 [JavaFX Application Thread] DEBUG FXGLAssetLoaderServi - Loading from file system: file:/C:/Users/User/Documents/GitHub/Sonic-rush/target/classes/assets/textures/Enemigos/enemigo.png
14:39:42.757 [JavaFX Application Thread] DEBUG FXGLAssetLoaderServi - Loading from file system: file:/C:/Users/User/Documents/GitHub/Sonic-rush/target/classes/assets/textures/Personajes/tails.png
14:39:42.758 [JavaFX Application Thread] DEBUG FXGLAssetLoaderServi - Loading from file system: file:/C:/Users/User/Documents/GitHub/Sonic-rush/target/classes/assets/textures/Personajes/tails_Salta.png
14:39:42.759 [JavaFX Application Thread] DEBUG FXGLAssetLoaderServi - Loading from file system: file:/C:/Users/User/Documents/GitHub/Sonic-rush/target/classes/assets/textures/Personajes/tails_caminando.png
14:39:45.105 [JavaFX Application Thread] DEBUG FXGLAssetLoaderServi - Loading from file system: file:/C:/Users/User/Documents/GitHub/Sonic-rush/target/classes/assets/sounds/recoger.wav
14:40:03.247 [JavaFX Application Thread] DEBUG FXGLAssetLoaderServi - Loading from file system: file:/C:/Users/User/Documents/GitHub/Sonic-rush/target/classes/assets/sounds/perder_anillos.wav
14:40:18.751 [JavaFX Application Thread] DEBUG FXGLAssetLoaderServi - Loading from file system: file:/C:/Users/User/Documents/GitHub/Sonic-rush/target/classes/assets/sounds/muerte.wav
14:40:37.339 [JavaFX Application Thread] DEBUG FXGLApplication      - Exiting FXGL
14:40:37.339 [JavaFX Application Thread] DEBUG LoopRunner           - Stopping loop
14:40:37.339 [JavaFX Application Thread] DEBUG SystemBundleService  - Saving FXGL system data
14:40:37.341 [JavaFX Application Thread] DEBUG FileSystemAccess     - Writing to: C:\Users\User\Documents\GitHub\Sonic-rush\system\fxgl.bundle
14:40:37.342 [JavaFX Application Thread] DEBUG Async                - Shutting down background threads
14:40:37.342 [JavaFX Application Thread] DEBUG PrimaryStageWindow   - Closing main window
14:40:37.353 [JavaFX Application Thread] DEBUG Logger               - Closing Logger
