13:25:42.766 [main                     ] DEBUG Logger               - Configured Logger
13:25:42.810 [main                     ] DEBUG GameApplication      - Logging settings
Title: Server
Version: 0.0
Width: 800
Height: 500
Fullscreen: false
Intro: false
Profiling: false
Single step:false
App Mode: DEVELOPER
Menu Key: ESCAPE
Stage Style: DECORATED
Scene Factory: class com.almasb.fxgl.app.scene.SceneFactory

13:25:43.343 [JavaFX Application Thread] DEBUG FXGLApplication      - Initializing FXGL
13:25:43.351 [JavaFX Application Thread] INFO  Engine               - FXGL-17.3 (30.03.2023 11.49) on WINDOWS (J:17.0.12 FX:20)
13:25:43.352 [JavaFX Application Thread] DEBUG Engine               - JRE Vendor Name: Oracle Corporation
13:25:43.352 [JavaFX Application Thread] DEBUG Engine               - Running on OS: Windows 10 version 10.0
13:25:43.353 [JavaFX Application Thread] DEBUG Engine               - Architecture: amd64
13:25:43.353 [JavaFX Application Thread] INFO  Engine               - Source code and latest versions at: https://github.com/AlmasB/FXGL
13:25:43.357 [JavaFX Application Thread] INFO  Engine               -       Ask questions and discuss at: https://github.com/AlmasB/FXGL/discussions
13:25:43.358 [JavaFX Application Thread] INFO  Engine               -              Join the FXGL chat at: https://gitter.im/AlmasB/FXGL
13:25:43.644 [JavaFX Application Thread] DEBUG PrimaryStageWindow   - Creating a JavaFX scene
13:25:43.744 [JavaFX Application Thread] DEBUG PrimaryStageWindow   - Target settings size: 800.0 x 500.0
13:25:43.745 [JavaFX Application Thread] DEBUG PrimaryStageWindow   - Scaled scene size:    800.0 x 500.0
13:25:43.746 [JavaFX Application Thread] DEBUG PrimaryStageWindow   - Scaled ratio: (1.0, 1.0)
13:25:43.748 [JavaFX Application Thread] DEBUG PrimaryStageWindow   - Set initial scene to FXGLStartupScene
13:25:43.764 [JavaFX Application Thread] DEBUG PrimaryStageWindow   - Opening main window
13:25:43.895 [JavaFX Application Thread] DEBUG PrimaryStageWindow   - Window border size: (14.4000244140625, 37.5999755859375)
13:25:43.896 [JavaFX Application Thread] DEBUG PrimaryStageWindow   - Scaled size: 800.0 x 500.0
13:25:43.897 [JavaFX Application Thread] DEBUG PrimaryStageWindow   - Scaled ratio: (1.0, 1.0)
13:25:43.897 [JavaFX Application Thread] DEBUG PrimaryStageWindow   - Scene size: 800.0 x 500.0
13:25:43.898 [JavaFX Application Thread] DEBUG PrimaryStageWindow   - Stage size: 814.4000244140625 x 537.5999755859375
13:25:44.075 [FXGL Background Thread 1 ] DEBUG Engine               - Initializing environment variables
13:25:44.288 [FXGL Background Thread 1 ] DEBUG FXGLAssetLoaderServi - User app class for loading assets: class Runner.ServerRunner
13:25:44.288 [FXGL Background Thread 1 ] DEBUG GameApplicationServi - Applying CSS: fxgl_dark.css
13:25:44.291 [FXGL Background Thread 1 ] DEBUG FXGLAssetLoaderServi - Loading from file system: jar:file:/C:/Users/Owner/.m2/repository/com/github/almasb/fxgl/17.3/fxgl-17.3.jar!/fxglassets/ui/css/fxgl_dark.css
13:25:44.472 [FXGL Background Thread 1 ] DEBUG GameApplicationServi - Initializing application scenes
13:25:44.624 [FXGL Background Thread 1 ] DEBUG GameWorld            - Game world initialized
13:25:44.757 [FXGL Background Thread 1 ] DEBUG PhysicsWorld         - Physics world initialized: appHeight=500, physics.ppm=50.0
13:25:44.758 [FXGL Background Thread 1 ] DEBUG PhysicsWorld         - Using strategy: BRUTE_FORCE
13:25:44.765 [FXGL Background Thread 1 ] DEBUG GameScene            - Game scene initialized: 800x500
13:25:44.835 [FXGL Background Thread 1 ] WARN  FXGL.DefaultMenu     - FXGLDefaultMenu is not designed for resolutions < 800x600
13:25:44.892 [FXGL Background Thread 1 ] DEBUG FXGL.DefaultMenu     - createMenuBodyGameMenu()
13:25:45.027 [FXGL Background Thread 1 ] DEBUG FXGL.DefaultMenu     - createOptionsMenu()
13:25:45.122 [FXGL Background Thread 1 ] DEBUG FXGLAssetLoaderServi - Loading from file system: jar:file:/C:/Users/Owner/.m2/repository/com/github/almasb/fxgl/17.3/fxgl-17.3.jar!/fxglassets/textures/particles/smoke.png
13:25:45.445 [FXGL Background Thread 1 ] DEBUG FXGLAssetLoaderServi - Loading from file system: jar:file:/C:/Users/Owner/.m2/repository/com/github/almasb/fxgl/17.3/fxgl-17.3.jar!/fxglassets/textures/particles/trace_horizontal.png
13:25:45.526 [FXGL Background Thread 1 ] DEBUG GameApplicationServi - Application scenes initialized
13:25:45.559 [FXGL Background Thread 1 ] DEBUG SystemBundleService  - Loading FXGL system data
13:25:45.568 [FXGL Background Thread 1 ] DEBUG FileSystemAccess     - Reading from: C:\Users\Owner\Desktop\Sonic-rush\system\fxgl.bundle
13:25:45.582 [FXGL Background Thread 1 ] DEBUG SystemBundleService  - Bundle FXGL: {}
13:25:45.582 [FXGL Background Thread 1 ] DEBUG UpdaterService       - Checking for updates
13:25:45.617 [FXGL Background Thread 1 ] DEBUG FXGLApplication      - Loading default localization
13:25:45.621 [FXGL Background Thread 1 ] DEBUG FXGLAssetLoaderServi - Loading from file system: jar:file:/C:/Users/Owner/.m2/repository/com/github/almasb/fxgl/17.3/fxgl-17.3.jar!/fxglassets/languages/english.lang
13:25:45.690 [FXGL Background Thread 1 ] INFO  FXGLApplication      - FXGL initialization took: 1.615 sec
13:25:45.711 [JavaFX Application Thread] DEBUG FXGLAssetLoaderServi - Loading from file system: jar:file:/C:/Users/Owner/.m2/repository/com/github/almasb/fxgl/17.3/fxgl-17.3.jar!/fxglassets/textures/fxgl_icon.png
13:25:45.852 [FXGL Background Thread 4 ] DEBUG FXGLApplication      - Loading fonts
13:25:45.853 [FXGL Background Thread 4 ] DEBUG FXGLAssetLoaderServi - Loading from file system: jar:file:/C:/Users/Owner/.m2/repository/com/github/almasb/fxgl/17.3/fxgl-17.3.jar!/fxglassets/ui/fonts/VarelaRound-Regular.ttf
13:25:45.860 [JavaFX Application Thread] DEBUG FXGLAssetLoaderServi - Loading from file system: jar:file:/C:/Users/Owner/.m2/repository/com/github/almasb/fxgl/17.3/fxgl-17.3.jar!/fxglassets/textures/fxgl_default_cursor.png
13:25:45.905 [JavaFX Application Thread] DEBUG Input                - Registered new binding: Screenshot - CTRL+8
13:25:45.906 [JavaFX Application Thread] DEBUG Input                - Registered new binding: System info dump - CTRL+9
13:25:45.907 [JavaFX Application Thread] DEBUG Input                - Registered new binding: Restart - CTRL+R
13:25:45.909 [JavaFX Application Thread] DEBUG Input                - Registered new binding: Toggle Debug Camera - CTRL+7
13:25:45.916 [JavaFX Application Thread] DEBUG LoopRunner           - Starting loop
13:25:45.916 [JavaFX Application Thread] DEBUG LoopRunner           - Initializing JavaFX AnimationTimerLoop
13:25:45.919 [JavaFX Application Thread] DEBUG GameApplicationServi - Starting new game
13:25:45.919 [JavaFX Application Thread] DEBUG Input                - Clearing active input actions
13:25:45.943 [JavaFX Application Thread] DEBUG GameApplicationServi - Removing overlay from FXGLStartupScene and adding to FXGLLoadingScene
13:25:45.943 [JavaFX Application Thread] DEBUG PrimaryStageWindow   - FXGLStartupScene -> FXGLLoadingScene
13:25:45.944 [JavaFX Application Thread] DEBUG GameApplicationServi - Clearing previous game
13:25:45.944 [JavaFX Application Thread] DEBUG GameScene            - Clearing game scene
13:25:45.944 [JavaFX Application Thread] DEBUG GameWorld            - Clearing game world
13:25:45.944 [JavaFX Application Thread] DEBUG PhysicsWorld         - Clearing physics world
13:25:45.948 [FXGL Background Thread 1 ] DEBUG FXGLApplication      - Initializing game
13:25:46.499 [ServerAsyncConnThread    ] DEBUG TCPServer            - Starting to listen at: 55555 type: class com.almasb.fxgl.core.serialization.Bundle
13:25:46.577 [ServerAsyncConnThread    ] WARN  IOTask               - ServerStart failed
java.lang.RuntimeException: Failed to start: Address already in use: bind
	at com.almasb.fxgl.net.tcp.TCPServer.start(TCPServer.java:58)
	at com.almasb.fxgl.core.concurrent.IOTask.lambda$ofVoid$5(IOTask.java:184)
	at com.almasb.fxgl.core.concurrent.IOTask$2.onExecute(IOTask.java:197)
	at com.almasb.fxgl.core.concurrent.IOTask.run(IOTask.java:118)
	at java.base/java.lang.Thread.run(Thread.java:842)
Caused by: java.net.BindException: Address already in use: bind
	at java.base/sun.nio.ch.Net.bind0(Native Method)
	at java.base/sun.nio.ch.Net.bind(Net.java:555)
	at java.base/sun.nio.ch.Net.bind(Net.java:544)
	at java.base/sun.nio.ch.NioSocketImpl.bind(NioSocketImpl.java:648)
	at java.base/java.net.ServerSocket.bind(ServerSocket.java:388)
	at java.base/java.net.ServerSocket.<init>(ServerSocket.java:274)
	at java.base/java.net.ServerSocket.<init>(ServerSocket.java:167)
	at com.almasb.fxgl.net.tcp.TCPServer.start(TCPServer.java:40)
	... 4 more

13:25:46.617 [FXGL Background Thread 1 ] DEBUG TMXLevelLoader       - Parsed TiledMap: file:/C:/Users/Owner/Desktop/Sonic-rush/target/classes/assets/levels/mapazo.tmx
13:25:46.620 [FXGL Background Thread 1 ] DEBUG TMXLevelLoader       - Creating tile layer entities
13:25:46.630 [FXGL Background Thread 1 ] DEBUG TilesetLoader        - Loading view for layer Capa de patrones 1
13:25:46.642 [FXGL Background Thread 1 ] DEBUG TilesetLoader        - Created buffer with size 3840.0x720.0
13:25:46.782 [FXGL Background Thread 1 ] DEBUG TMXLevelLoader       - Creating object layer entities
13:25:46.859 [FXGL Background Thread 1 ] DEBUG GameWorld            - Clearing removable entities
13:25:46.860 [FXGL Background Thread 1 ] DEBUG GameWorld            - Setting level: com.almasb.fxgl.entity.level.Level@651b2e6c
13:25:47.138 [FXGL Background Thread 1 ] DEBUG FXGLAssetLoaderServi - Loading from file system: file:/C:/Users/Owner/Desktop/Sonic-rush/target/classes/assets/textures/Items/ring.png
13:25:47.152 [FXGL Background Thread 4 ] DEBUG FXGLAssetLoaderServi - Loading from file system: jar:file:/C:/Users/Owner/.m2/repository/com/github/almasb/fxgl/17.3/fxgl-17.3.jar!/fxglassets/ui/fonts/Abel-Regular.ttf
13:25:47.165 [FXGL Background Thread 4 ] DEBUG FXGLAssetLoaderServi - Loading from file system: jar:file:/C:/Users/Owner/.m2/repository/com/github/almasb/fxgl/17.3/fxgl-17.3.jar!/fxglassets/ui/fonts/TerminalLandMono-Regular.otf
13:25:47.174 [FXGL Background Thread 4 ] DEBUG FXGLAssetLoaderServi - Loading from file system: jar:file:/C:/Users/Owner/.m2/repository/com/github/almasb/fxgl/17.3/fxgl-17.3.jar!/fxglassets/ui/fonts/Courier-Prime.ttf
13:25:47.189 [JavaFX Application Thread] DEBUG FXGLApplication      - Registering font factories with UI factory
13:25:47.243 [FXGL Background Thread 1 ] DEBUG FXGLAssetLoaderServi - Loading from file system: file:/C:/Users/Owner/Desktop/Sonic-rush/target/classes/assets/textures/Enemigos/enemigo.png
13:25:47.409 [FXGL Background Thread 1 ] DEBUG FXGLAssetLoaderServi - Loading from file system: file:/C:/Users/Owner/Desktop/Sonic-rush/target/classes/assets/textures/Items/basura.png
13:25:47.439 [FXGL Background Thread 1 ] DEBUG FXGLAssetLoaderServi - Loading from file system: file:/C:/Users/Owner/Desktop/Sonic-rush/target/classes/assets/textures/Items/caucho.png
13:25:47.474 [FXGL Background Thread 1 ] DEBUG FXGLAssetLoaderServi - Loading from file system: file:/C:/Users/Owner/Desktop/Sonic-rush/target/classes/assets/textures/Items/papel.png
13:25:47.477 [FXGL Background Thread 1 ] INFO  FXGLApplication      - Game initialization took: 1.529 sec
13:25:47.525 [JavaFX Application Thread] DEBUG Input                - Clearing active input actions
13:25:47.539 [JavaFX Application Thread] DEBUG GameApplicationServi - Removing overlay from FXGLLoadingScene and adding to GameScene
13:25:47.540 [JavaFX Application Thread] DEBUG PrimaryStageWindow   - FXGLLoadingScene -> GameScene
13:25:48.709 [FXGL Background Thread 3 ] DEBUG Engine               - Logging environment variables
13:25:48.745 [FXGL Background Thread 3 ] DEBUG Engine               - achievements: []
13:25:48.745 [FXGL Background Thread 3 ] DEBUG Engine               - actualHeight: 500.0
13:25:48.746 [FXGL Background Thread 3 ] DEBUG Engine               - actualHeightProperty: ReadOnlyDoubleProperty [value: 500.0]
13:25:48.746 [FXGL Background Thread 3 ] DEBUG Engine               - actualWidth: 800.0
13:25:48.747 [FXGL Background Thread 3 ] DEBUG Engine               - actualWidthProperty: ReadOnlyDoubleProperty [value: 800.0]
13:25:48.747 [FXGL Background Thread 3 ] DEBUG Engine               - appIcon: fxgl_icon.png
13:25:48.747 [FXGL Background Thread 3 ] DEBUG Engine               - applicationMode: DEVELOPER
13:25:48.747 [FXGL Background Thread 3 ] DEBUG Engine               - cSSList: [fxgl_dark.css]
13:25:48.747 [FXGL Background Thread 3 ] DEBUG Engine               - collisionDetectionStrategy: BRUTE_FORCE
13:25:48.748 [FXGL Background Thread 3 ] DEBUG Engine               - configClass: Optional.empty
13:25:48.748 [FXGL Background Thread 3 ] DEBUG Engine               - credits: []
13:25:48.749 [FXGL Background Thread 3 ] DEBUG Engine               - defaultCursor: CursorInfo(imageName=fxgl_default_cursor.png, hotspotX=7.0, hotspotY=6.0)
13:25:48.750 [FXGL Background Thread 3 ] DEBUG Engine               - devBBoxColorProperty: ObjectProperty [value: 0xff0000ff]
13:25:48.750 [FXGL Background Thread 3 ] DEBUG Engine               - devEnableDebugCameraProperty: BooleanProperty [value: false]
13:25:48.750 [FXGL Background Thread 3 ] DEBUG Engine               - devSensorColorProperty: ObjectProperty [value: 0xffff00ff]
13:25:48.750 [FXGL Background Thread 3 ] DEBUG Engine               - devShowBBoxProperty: BooleanProperty [value: false]
13:25:48.751 [FXGL Background Thread 3 ] DEBUG Engine               - devShowPositionProperty: BooleanProperty [value: false]
13:25:48.751 [FXGL Background Thread 3 ] DEBUG Engine               - enabledMenuItems: []
13:25:48.751 [FXGL Background Thread 3 ] DEBUG Engine               - engineServices: [class com.almasb.fxgl.app.services.FXGLAssetLoaderService, class com.almasb.fxgl.app.FXGLApplication$GameApplicationService, class com.almasb.fxgl.app.services.FXGLDialogService, class com.almasb.fxgl.app.services.IOTaskExecutorService, class com.almasb.fxgl.io.FileSystemService, class com.almasb.fxgl.localization.LocalizationService, class com.almasb.fxgl.app.services.SystemBundleService, class com.almasb.fxgl.profile.SaveLoadService, class com.almasb.fxgl.ui.FXGLUIFactoryServiceProvider, class com.almasb.fxgl.ui.FXGLDialogFactoryServiceProvider, class com.almasb.fxgl.audio.AudioPlayer, class com.almasb.fxgl.notification.impl.NotificationServiceProvider, class com.almasb.fxgl.achievement.AchievementService, class com.almasb.fxgl.cutscene.CutsceneService, class com.almasb.fxgl.minigames.MiniGameService, class com.almasb.fxgl.net.NetService, class com.almasb.fxgl.app.services.UpdaterService, class com.almasb.fxgl.dev.DevService, class com.almasb.fxgl.multiplayer.MultiplayerService]
13:25:48.751 [FXGL Background Thread 3 ] DEBUG Engine               - fontGame: Abel-Regular.ttf
13:25:48.751 [FXGL Background Thread 3 ] DEBUG Engine               - fontMono: TerminalLandMono-Regular.otf
13:25:48.751 [FXGL Background Thread 3 ] DEBUG Engine               - fontSizeScaleUI: 1.0
13:25:48.752 [FXGL Background Thread 3 ] DEBUG Engine               - fontText: Courier-Prime.ttf
13:25:48.752 [FXGL Background Thread 3 ] DEBUG Engine               - fontUI: VarelaRound-Regular.ttf
13:25:48.752 [FXGL Background Thread 3 ] DEBUG Engine               - fullScreen: BooleanProperty [value: false]
13:25:48.754 [FXGL Background Thread 3 ] DEBUG Engine               - gameDifficulty: MEDIUM
13:25:48.755 [FXGL Background Thread 3 ] DEBUG Engine               - gameDifficultyProperty: ObjectProperty [value: MEDIUM]
13:25:48.755 [FXGL Background Thread 3 ] DEBUG Engine               - globalMusicVolume: 0.5
13:25:48.759 [FXGL Background Thread 3 ] DEBUG Engine               - globalMusicVolumeProperty: DoubleProperty [value: 0.5]
13:25:48.760 [FXGL Background Thread 3 ] DEBUG Engine               - globalSoundVolume: 0.5
13:25:48.762 [FXGL Background Thread 3 ] DEBUG Engine               - globalSoundVolumeProperty: DoubleProperty [value: 0.5]
13:25:48.764 [FXGL Background Thread 3 ] DEBUG Engine               - height: 500
13:25:48.765 [FXGL Background Thread 3 ] DEBUG Engine               - is3D: false
13:25:48.767 [FXGL Background Thread 3 ] DEBUG Engine               - isAndroid: false
13:25:48.768 [FXGL Background Thread 3 ] DEBUG Engine               - isBrowser: false
13:25:48.772 [FXGL Background Thread 3 ] DEBUG Engine               - isClickFeedbackEnabled: false
13:25:48.774 [FXGL Background Thread 3 ] DEBUG Engine               - isCloseConfirmation: false
13:25:48.775 [FXGL Background Thread 3 ] DEBUG Engine               - isDesktop: true
13:25:48.778 [FXGL Background Thread 3 ] DEBUG Engine               - isDeveloperMenuEnabled: false
13:25:48.779 [FXGL Background Thread 3 ] DEBUG Engine               - isEmbedded: false
13:25:48.782 [FXGL Background Thread 3 ] DEBUG Engine               - isEntityPreloadEnabled: true
13:25:48.784 [FXGL Background Thread 3 ] DEBUG Engine               - isExperimentalTiledLargeMap: false
13:25:48.785 [FXGL Background Thread 3 ] DEBUG Engine               - isFileSystemWriteAllowed: true
13:25:48.787 [FXGL Background Thread 3 ] DEBUG Engine               - isFullScreenAllowed: false
13:25:48.787 [FXGL Background Thread 3 ] DEBUG Engine               - isFullScreenFromStart: false
13:25:48.787 [FXGL Background Thread 3 ] DEBUG Engine               - isGameMenuEnabled: true
13:25:48.787 [FXGL Background Thread 3 ] DEBUG Engine               - isIOS: false
13:25:48.787 [FXGL Background Thread 3 ] DEBUG Engine               - isIntroEnabled: false
13:25:48.788 [FXGL Background Thread 3 ] DEBUG Engine               - isLinux: false
13:25:48.788 [FXGL Background Thread 3 ] DEBUG Engine               - isMac: false
13:25:48.789 [FXGL Background Thread 3 ] DEBUG Engine               - isMainMenuEnabled: false
13:25:48.789 [FXGL Background Thread 3 ] DEBUG Engine               - isManualResizeEnabled: false
13:25:48.789 [FXGL Background Thread 3 ] DEBUG Engine               - isMobile: false
13:25:48.789 [FXGL Background Thread 3 ] DEBUG Engine               - isNative: false
13:25:48.790 [FXGL Background Thread 3 ] DEBUG Engine               - isPauseMusicWhenMinimized: true
13:25:48.790 [FXGL Background Thread 3 ] DEBUG Engine               - isPreserveResizeRatio: false
13:25:48.790 [FXGL Background Thread 3 ] DEBUG Engine               - isProfilingEnabled: false
13:25:48.851 [FXGL Background Thread 2 ] INFO  UpdaterService       - Your current version:  17.3
13:25:48.790 [FXGL Background Thread 3 ] DEBUG Engine               - isScaleAffectedOnResize: true
13:25:49.003 [FXGL Background Thread 3 ] DEBUG Engine               - isSingleStep: false
13:25:49.006 [FXGL Background Thread 3 ] DEBUG Engine               - isUserProfileEnabled: false
13:25:49.006 [FXGL Background Thread 3 ] DEBUG Engine               - isWindows: true
13:25:49.006 [FXGL Background Thread 3 ] DEBUG Engine               - language: ObjectProperty [value: ENGLISH]
13:25:49.008 [FXGL Background Thread 3 ] DEBUG Engine               - menuKey: ESCAPE
13:25:49.009 [FXGL Background Thread 3 ] DEBUG Engine               - mouseSensitivity: 0.2
13:25:49.009 [FXGL Background Thread 3 ] DEBUG Engine               - notificationViewClass: class com.almasb.fxgl.notification.view.XboxNotificationView
13:25:49.009 [FXGL Background Thread 3 ] DEBUG Engine               - pixelsPerMeter: 50.0
13:25:49.009 [FXGL Background Thread 3 ] DEBUG Engine               - platform: WINDOWS
13:25:49.010 [FXGL Background Thread 3 ] DEBUG Engine               - prefHeightProperty: ReadOnlyDoubleProperty [value: 500.0]
13:25:49.010 [FXGL Background Thread 3 ] DEBUG Engine               - prefWidthProperty: ReadOnlyDoubleProperty [value: 800.0]
13:25:49.010 [FXGL Background Thread 3 ] DEBUG Engine               - profileDir: profiles/
13:25:49.010 [FXGL Background Thread 3 ] DEBUG Engine               - profileName: StringProperty [value: DEFAULT]
13:25:49.010 [FXGL Background Thread 3 ] DEBUG Engine               - randomSeed: -1
13:25:49.011 [FXGL Background Thread 3 ] DEBUG Engine               - runtimeInfo: RuntimeInfo(platform=WINDOWS, version=17.3, build=30.03.2023 11.49)
13:25:49.011 [FXGL Background Thread 3 ] DEBUG Engine               - saveFileExt: sav
13:25:49.012 [FXGL Background Thread 3 ] DEBUG Engine               - scaledHeightProp$fxgl: DoubleProperty [bound, value: 500.0]
13:25:49.012 [FXGL Background Thread 3 ] DEBUG Engine               - scaledWidthProp$fxgl: DoubleProperty [bound, value: 800.0]
13:25:49.012 [FXGL Background Thread 3 ] DEBUG Engine               - sceneFactory: com.almasb.fxgl.app.scene.SceneFactory@37f77d48
13:25:49.013 [FXGL Background Thread 3 ] DEBUG Engine               - secondsIn24h: 60
13:25:49.013 [FXGL Background Thread 3 ] DEBUG Engine               - soundMenuBack: menu/back.wav
13:25:49.013 [FXGL Background Thread 3 ] DEBUG Engine               - soundMenuPress: menu/press.wav
13:25:49.013 [FXGL Background Thread 3 ] DEBUG Engine               - soundMenuSelect: menu/select.wav
13:25:49.013 [FXGL Background Thread 3 ] DEBUG Engine               - soundNotification: core/notification.wav
13:25:49.013 [FXGL Background Thread 3 ] DEBUG Engine               - stageStyle: DECORATED
13:25:49.013 [FXGL Background Thread 3 ] DEBUG Engine               - supportedLanguages: [ENGLISH, FRENCH, GERMAN, HUNGARIAN, RUSSIAN]
13:25:49.014 [FXGL Background Thread 3 ] DEBUG Engine               - ticksPerSecond: -1
13:25:49.016 [FXGL Background Thread 3 ] DEBUG Engine               - title: Server
13:25:49.016 [FXGL Background Thread 3 ] DEBUG Engine               - urlGithub: https://github.com/AlmasB/FXGL
13:25:49.018 [FXGL Background Thread 3 ] DEBUG Engine               - urlLeaderboard: http://fxgl-top.herokuapp.com/
13:25:49.018 [FXGL Background Thread 3 ] DEBUG Engine               - urlPOM: https://raw.githubusercontent.com/AlmasB/FXGL/release/README.md
13:25:49.019 [FXGL Background Thread 3 ] DEBUG Engine               - userAppClass: class Runner.ServerRunner
13:25:49.019 [FXGL Background Thread 3 ] DEBUG Engine               - version: 0.0
13:25:49.019 [FXGL Background Thread 3 ] DEBUG Engine               - versionCheckDays: 7
13:25:49.019 [FXGL Background Thread 3 ] DEBUG Engine               - width: 800
13:25:49.049 [FXGL Background Thread 2 ] INFO  UpdaterService       - Latest stable version: 21.1
13:25:49.019 [FXGL Background Thread 3 ] DEBUG Engine               - Logging services
13:25:49.050 [FXGL Background Thread 3 ] DEBUG Engine               - class com.almasb.fxgl.app.services.FXGLAssetLoaderService
13:25:49.050 [FXGL Background Thread 3 ] DEBUG Engine               - class com.almasb.fxgl.app.FXGLApplication$GameApplicationService
13:25:49.050 [FXGL Background Thread 3 ] DEBUG Engine               - class com.almasb.fxgl.app.services.FXGLDialogService
13:25:49.050 [FXGL Background Thread 3 ] DEBUG Engine               - class com.almasb.fxgl.app.services.IOTaskExecutorService
13:25:49.050 [FXGL Background Thread 3 ] DEBUG Engine               - class com.almasb.fxgl.io.FileSystemService
13:25:49.051 [FXGL Background Thread 3 ] DEBUG Engine               - class com.almasb.fxgl.localization.LocalizationService
13:25:49.051 [FXGL Background Thread 3 ] DEBUG Engine               - class com.almasb.fxgl.app.services.SystemBundleService
13:25:49.051 [FXGL Background Thread 3 ] DEBUG Engine               - class com.almasb.fxgl.profile.SaveLoadService
13:25:49.051 [FXGL Background Thread 3 ] DEBUG Engine               - class com.almasb.fxgl.ui.FXGLUIFactoryServiceProvider
13:25:49.051 [FXGL Background Thread 3 ] DEBUG Engine               - class com.almasb.fxgl.ui.FXGLDialogFactoryServiceProvider
13:25:49.051 [FXGL Background Thread 3 ] DEBUG Engine               - class com.almasb.fxgl.audio.AudioPlayer
13:25:49.051 [FXGL Background Thread 3 ] DEBUG Engine               - class com.almasb.fxgl.notification.impl.NotificationServiceProvider
13:25:49.051 [FXGL Background Thread 3 ] DEBUG Engine               - class com.almasb.fxgl.achievement.AchievementService
13:25:49.051 [FXGL Background Thread 3 ] DEBUG Engine               - class com.almasb.fxgl.cutscene.CutsceneService
13:25:49.051 [FXGL Background Thread 3 ] DEBUG Engine               - class com.almasb.fxgl.minigames.MiniGameService
13:25:49.051 [FXGL Background Thread 3 ] DEBUG Engine               - class com.almasb.fxgl.net.NetService
13:25:49.051 [FXGL Background Thread 3 ] DEBUG Engine               - class com.almasb.fxgl.app.services.UpdaterService
13:25:49.051 [FXGL Background Thread 3 ] DEBUG Engine               - class com.almasb.fxgl.dev.DevService
13:25:49.051 [FXGL Background Thread 3 ] DEBUG Engine               - class com.almasb.fxgl.multiplayer.MultiplayerService
13:29:01.350 [JavaFX Application Thread] DEBUG FXGLApplication      - Exiting FXGL
13:29:01.350 [JavaFX Application Thread] DEBUG LoopRunner           - Stopping loop
13:29:01.350 [JavaFX Application Thread] DEBUG SystemBundleService  - Saving FXGL system data
13:29:01.355 [JavaFX Application Thread] DEBUG FileSystemAccess     - Writing to: C:\Users\Owner\Desktop\Sonic-rush\system\fxgl.bundle
13:29:01.359 [JavaFX Application Thread] DEBUG Async                - Shutting down background threads
13:29:01.360 [JavaFX Application Thread] DEBUG PrimaryStageWindow   - Closing main window
13:29:01.401 [JavaFX Application Thread] DEBUG Logger               - Closing Logger
