20:29:03.937 [main                     ] DEBUG Logger               - Configured Logger
20:29:03.984 [main                     ] DEBUG GameApplication      - Logging settings
Title: Jugador Sonic
Version: 0.0
Width: 1000
Height: 600
Fullscreen: false
Intro: false
Profiling: false
Single step:false
App Mode: DEVELOPER
Menu Key: ESCAPE
Stage Style: DECORATED
Scene Factory: class com.almasb.fxgl.app.scene.SceneFactory

20:29:04.693 [JavaFX Application Thread] DEBUG FXGLApplication      - Initializing FXGL
20:29:04.703 [JavaFX Application Thread] INFO  Engine               - FXGL-17.3 (30.03.2023 11.49) on WINDOWS (J:17.0.12 FX:20)
20:29:04.705 [JavaFX Application Thread] DEBUG Engine               - JRE Vendor Name: Oracle Corporation
20:29:04.705 [JavaFX Application Thread] DEBUG Engine               - Running on OS: Windows 10 version 10.0
20:29:04.705 [JavaFX Application Thread] DEBUG Engine               - Architecture: amd64
20:29:04.706 [JavaFX Application Thread] INFO  Engine               - Source code and latest versions at: https://github.com/AlmasB/FXGL
20:29:04.706 [JavaFX Application Thread] INFO  Engine               -       Ask questions and discuss at: https://github.com/AlmasB/FXGL/discussions
20:29:04.707 [JavaFX Application Thread] INFO  Engine               -              Join the FXGL chat at: https://gitter.im/AlmasB/FXGL
20:29:04.933 [JavaFX Application Thread] DEBUG PrimaryStageWindow   - Creating a JavaFX scene
20:29:05.007 [JavaFX Application Thread] DEBUG PrimaryStageWindow   - Target settings size: 1000.0 x 600.0
20:29:05.008 [JavaFX Application Thread] DEBUG PrimaryStageWindow   - Scaled scene size:    1000.0 x 600.0
20:29:05.008 [JavaFX Application Thread] DEBUG PrimaryStageWindow   - Scaled ratio: (1.0, 1.0)
20:29:05.010 [JavaFX Application Thread] DEBUG PrimaryStageWindow   - Set initial scene to FXGLStartupScene
20:29:05.016 [JavaFX Application Thread] DEBUG PrimaryStageWindow   - Opening main window
20:29:05.123 [JavaFX Application Thread] DEBUG PrimaryStageWindow   - Window border size: (14.4000244140625, 37.5999755859375)
20:29:05.123 [JavaFX Application Thread] DEBUG PrimaryStageWindow   - Scaled size: 1000.0 x 600.0
20:29:05.124 [JavaFX Application Thread] DEBUG PrimaryStageWindow   - Scaled ratio: (1.0, 1.0)
20:29:05.124 [JavaFX Application Thread] DEBUG PrimaryStageWindow   - Scene size: 1000.0 x 600.0
20:29:05.125 [JavaFX Application Thread] DEBUG PrimaryStageWindow   - Stage size: 1014.4000244140625 x 637.5999755859375
20:29:05.147 [FXGL Background Thread 1 ] DEBUG Engine               - Initializing environment variables
20:29:05.225 [FXGL Background Thread 1 ] DEBUG FXGLAssetLoaderServi - User app class for loading assets: class Runner.ClientRunner
20:29:05.225 [FXGL Background Thread 1 ] DEBUG GameApplicationServi - Applying CSS: fxgl_dark.css
20:29:05.227 [FXGL Background Thread 1 ] DEBUG FXGLAssetLoaderServi - Loading from file system: jar:file:/C:/Users/Owner/.m2/repository/com/github/almasb/fxgl/17.3/fxgl-17.3.jar!/fxglassets/ui/css/fxgl_dark.css
20:29:05.377 [FXGL Background Thread 1 ] DEBUG GameApplicationServi - Initializing application scenes
20:29:05.720 [FXGL Background Thread 1 ] DEBUG GameWorld            - Game world initialized
20:29:05.894 [FXGL Background Thread 1 ] DEBUG PhysicsWorld         - Physics world initialized: appHeight=600, physics.ppm=50.0
20:29:05.896 [FXGL Background Thread 1 ] DEBUG PhysicsWorld         - Using strategy: BRUTE_FORCE
20:29:05.904 [FXGL Background Thread 1 ] DEBUG GameScene            - Game scene initialized: 1000x600
20:29:05.955 [FXGL Background Thread 1 ] DEBUG FXGL.DefaultMenu     - createMenuBodyGameMenu()
20:29:06.075 [FXGL Background Thread 1 ] DEBUG FXGL.DefaultMenu     - createOptionsMenu()
20:29:06.158 [FXGL Background Thread 1 ] DEBUG FXGLAssetLoaderServi - Loading from file system: jar:file:/C:/Users/Owner/.m2/repository/com/github/almasb/fxgl/17.3/fxgl-17.3.jar!/fxglassets/textures/particles/smoke.png
20:29:06.802 [FXGL Background Thread 1 ] DEBUG FXGLAssetLoaderServi - Loading from file system: jar:file:/C:/Users/Owner/.m2/repository/com/github/almasb/fxgl/17.3/fxgl-17.3.jar!/fxglassets/textures/particles/trace_horizontal.png
20:29:06.936 [FXGL Background Thread 1 ] DEBUG GameApplicationServi - Application scenes initialized
20:29:07.016 [FXGL Background Thread 1 ] DEBUG SystemBundleService  - Loading FXGL system data
20:29:07.042 [FXGL Background Thread 1 ] DEBUG FileSystemAccess     - Reading from: C:\Users\Owner\Desktop\Sonic-rush\system\fxgl.bundle
20:29:07.090 [FXGL Background Thread 1 ] DEBUG SystemBundleService  - Bundle FXGL: {}
20:29:07.091 [FXGL Background Thread 1 ] DEBUG UpdaterService       - Checking for updates
20:29:07.123 [FXGL Background Thread 1 ] DEBUG FXGLApplication      - Loading default localization
20:29:07.146 [FXGL Background Thread 1 ] DEBUG FXGLAssetLoaderServi - Loading from file system: jar:file:/C:/Users/Owner/.m2/repository/com/github/almasb/fxgl/17.3/fxgl-17.3.jar!/fxglassets/languages/english.lang
20:29:07.268 [FXGL Background Thread 1 ] INFO  FXGLApplication      - FXGL initialization took: 2.119 sec
20:29:07.321 [FXGL Background Thread 4 ] DEBUG FXGLApplication      - Loading fonts
20:29:07.328 [FXGL Background Thread 4 ] DEBUG FXGLAssetLoaderServi - Loading from file system: jar:file:/C:/Users/Owner/.m2/repository/com/github/almasb/fxgl/17.3/fxgl-17.3.jar!/fxglassets/ui/fonts/VarelaRound-Regular.ttf
20:29:07.443 [JavaFX Application Thread] DEBUG Input                - Registered new binding: Mover a la izquierda - A
20:29:07.444 [JavaFX Application Thread] DEBUG Input                - Registered new binding: Mover a la derecha - D
20:29:07.444 [JavaFX Application Thread] DEBUG Input                - Registered new binding: Saltar - W
20:29:07.444 [JavaFX Application Thread] DEBUG Input                - Registered new binding: Interactuar - E
20:29:07.445 [JavaFX Application Thread] DEBUG Input                - Registered new binding: Desactivar filtro - L
20:29:07.445 [JavaFX Application Thread] DEBUG FXGLAssetLoaderServi - Loading from file system: jar:file:/C:/Users/Owner/.m2/repository/com/github/almasb/fxgl/17.3/fxgl-17.3.jar!/fxglassets/textures/fxgl_icon.png
20:29:07.576 [JavaFX Application Thread] DEBUG FXGLAssetLoaderServi - Loading from file system: jar:file:/C:/Users/Owner/.m2/repository/com/github/almasb/fxgl/17.3/fxgl-17.3.jar!/fxglassets/textures/fxgl_default_cursor.png
20:29:07.581 [JavaFX Application Thread] DEBUG Input                - Registered new binding: Screenshot - CTRL+8
20:29:07.582 [JavaFX Application Thread] DEBUG Input                - Registered new binding: System info dump - CTRL+9
20:29:07.583 [JavaFX Application Thread] DEBUG Input                - Registered new binding: Restart - CTRL+R
20:29:07.584 [JavaFX Application Thread] DEBUG Input                - Registered new binding: Toggle Debug Camera - CTRL+7
20:29:07.588 [JavaFX Application Thread] DEBUG LoopRunner           - Starting loop
20:29:07.588 [JavaFX Application Thread] DEBUG LoopRunner           - Initializing JavaFX AnimationTimerLoop
20:29:07.591 [JavaFX Application Thread] DEBUG GameApplicationServi - Starting new game
20:29:07.591 [JavaFX Application Thread] DEBUG Input                - Clearing active input actions
20:29:07.613 [JavaFX Application Thread] DEBUG GameApplicationServi - Removing overlay from FXGLStartupScene and adding to FXGLLoadingScene
20:29:07.614 [JavaFX Application Thread] DEBUG PrimaryStageWindow   - FXGLStartupScene -> FXGLLoadingScene
20:29:07.615 [JavaFX Application Thread] DEBUG GameApplicationServi - Clearing previous game
20:29:07.615 [JavaFX Application Thread] DEBUG GameScene            - Clearing game scene
20:29:07.615 [JavaFX Application Thread] DEBUG GameWorld            - Clearing game world
20:29:07.615 [JavaFX Application Thread] DEBUG PhysicsWorld         - Clearing physics world
20:29:07.617 [FXGL Background Thread 1 ] DEBUG FXGLApplication      - Initializing game
20:29:07.665 [FXGL Background Thread 1 ] DEBUG FXGLAssetLoaderServi - Loading from file system: file:/C:/Users/Owner/Desktop/Sonic-rush/target/classes/assets/music/OST2.mp3
20:29:08.748 [FXGL Background Thread 1 ] DEBUG AudioPlayer          - Playing music com.almasb.fxgl.audio.Music@2529d338
20:29:08.782 [FXGL Background Thread 1 ] INFO  FXGLApplication      - Game initialization took: 1.164 sec
20:29:09.074 [JavaFX Application Thread] DEBUG Input                - Clearing active input actions
20:29:09.101 [JavaFX Application Thread] DEBUG GameApplicationServi - Removing overlay from FXGLLoadingScene and adding to GameScene
20:29:09.102 [JavaFX Application Thread] DEBUG PrimaryStageWindow   - FXGLLoadingScene -> GameScene
20:29:09.259 [FXGL Background Thread 4 ] DEBUG FXGLAssetLoaderServi - Loading from file system: jar:file:/C:/Users/Owner/.m2/repository/com/github/almasb/fxgl/17.3/fxgl-17.3.jar!/fxglassets/ui/fonts/Abel-Regular.ttf
20:29:09.276 [FXGL Background Thread 4 ] DEBUG FXGLAssetLoaderServi - Loading from file system: jar:file:/C:/Users/Owner/.m2/repository/com/github/almasb/fxgl/17.3/fxgl-17.3.jar!/fxglassets/ui/fonts/TerminalLandMono-Regular.otf
20:29:09.288 [FXGL Background Thread 4 ] DEBUG FXGLAssetLoaderServi - Loading from file system: jar:file:/C:/Users/Owner/.m2/repository/com/github/almasb/fxgl/17.3/fxgl-17.3.jar!/fxglassets/ui/fonts/Courier-Prime.ttf
20:29:09.392 [JavaFX Application Thread] DEBUG FXGLApplication      - Registering font factories with UI factory
20:29:10.101 [FXGL Background Thread 3 ] DEBUG Engine               - Logging environment variables
20:29:10.102 [FXGL Background Thread 3 ] DEBUG Engine               - achievements: []
20:29:10.102 [FXGL Background Thread 3 ] DEBUG Engine               - actualHeight: 600.0
20:29:10.103 [FXGL Background Thread 3 ] DEBUG Engine               - actualHeightProperty: ReadOnlyDoubleProperty [value: 600.0]
20:29:10.103 [FXGL Background Thread 3 ] DEBUG Engine               - actualWidth: 1000.0
20:29:10.103 [FXGL Background Thread 3 ] DEBUG Engine               - actualWidthProperty: ReadOnlyDoubleProperty [value: 1000.0]
20:29:10.104 [FXGL Background Thread 3 ] DEBUG Engine               - appIcon: fxgl_icon.png
20:29:10.104 [FXGL Background Thread 3 ] DEBUG Engine               - applicationMode: DEVELOPER
20:29:10.104 [FXGL Background Thread 3 ] DEBUG Engine               - cSSList: [fxgl_dark.css]
20:29:10.105 [FXGL Background Thread 3 ] DEBUG Engine               - collisionDetectionStrategy: BRUTE_FORCE
20:29:10.105 [FXGL Background Thread 3 ] DEBUG Engine               - configClass: Optional.empty
20:29:10.105 [FXGL Background Thread 3 ] DEBUG Engine               - credits: []
20:29:10.106 [FXGL Background Thread 3 ] DEBUG Engine               - defaultCursor: CursorInfo(imageName=fxgl_default_cursor.png, hotspotX=7.0, hotspotY=6.0)
20:29:10.107 [FXGL Background Thread 3 ] DEBUG Engine               - devBBoxColorProperty: ObjectProperty [value: 0xff0000ff]
20:29:10.107 [FXGL Background Thread 3 ] DEBUG Engine               - devEnableDebugCameraProperty: BooleanProperty [value: false]
20:29:10.107 [FXGL Background Thread 3 ] DEBUG Engine               - devSensorColorProperty: ObjectProperty [value: 0xffff00ff]
20:29:10.108 [FXGL Background Thread 3 ] DEBUG Engine               - devShowBBoxProperty: BooleanProperty [value: false]
20:29:10.108 [FXGL Background Thread 3 ] DEBUG Engine               - devShowPositionProperty: BooleanProperty [value: false]
20:29:10.108 [FXGL Background Thread 3 ] DEBUG Engine               - enabledMenuItems: []
20:29:10.108 [FXGL Background Thread 3 ] DEBUG Engine               - engineServices: [class com.almasb.fxgl.app.services.FXGLAssetLoaderService, class com.almasb.fxgl.app.FXGLApplication$GameApplicationService, class com.almasb.fxgl.app.services.FXGLDialogService, class com.almasb.fxgl.app.services.IOTaskExecutorService, class com.almasb.fxgl.io.FileSystemService, class com.almasb.fxgl.localization.LocalizationService, class com.almasb.fxgl.app.services.SystemBundleService, class com.almasb.fxgl.profile.SaveLoadService, class com.almasb.fxgl.ui.FXGLUIFactoryServiceProvider, class com.almasb.fxgl.ui.FXGLDialogFactoryServiceProvider, class com.almasb.fxgl.audio.AudioPlayer, class com.almasb.fxgl.notification.impl.NotificationServiceProvider, class com.almasb.fxgl.achievement.AchievementService, class com.almasb.fxgl.cutscene.CutsceneService, class com.almasb.fxgl.minigames.MiniGameService, class com.almasb.fxgl.net.NetService, class com.almasb.fxgl.app.services.UpdaterService, class com.almasb.fxgl.dev.DevService, class com.almasb.fxgl.multiplayer.MultiplayerService]
20:29:10.108 [FXGL Background Thread 3 ] DEBUG Engine               - fontGame: Abel-Regular.ttf
20:29:10.108 [FXGL Background Thread 3 ] DEBUG Engine               - fontMono: TerminalLandMono-Regular.otf
20:29:10.109 [FXGL Background Thread 3 ] DEBUG Engine               - fontSizeScaleUI: 1.0
20:29:10.109 [FXGL Background Thread 3 ] DEBUG Engine               - fontText: Courier-Prime.ttf
20:29:10.109 [FXGL Background Thread 3 ] DEBUG Engine               - fontUI: VarelaRound-Regular.ttf
20:29:10.109 [FXGL Background Thread 3 ] DEBUG Engine               - fullScreen: BooleanProperty [value: false]
20:29:10.109 [FXGL Background Thread 3 ] DEBUG Engine               - gameDifficulty: MEDIUM
20:29:10.109 [FXGL Background Thread 3 ] DEBUG Engine               - gameDifficultyProperty: ObjectProperty [value: MEDIUM]
20:29:10.109 [FXGL Background Thread 3 ] DEBUG Engine               - globalMusicVolume: 0.5
20:29:10.110 [FXGL Background Thread 3 ] DEBUG Engine               - globalMusicVolumeProperty: DoubleProperty [value: 0.5]
20:29:10.110 [FXGL Background Thread 3 ] DEBUG Engine               - globalSoundVolume: 0.5
20:29:10.110 [FXGL Background Thread 3 ] DEBUG Engine               - globalSoundVolumeProperty: DoubleProperty [value: 0.5]
20:29:10.110 [FXGL Background Thread 3 ] DEBUG Engine               - height: 600
20:29:10.111 [FXGL Background Thread 3 ] DEBUG Engine               - is3D: false
20:29:10.112 [FXGL Background Thread 3 ] DEBUG Engine               - isAndroid: false
20:29:10.112 [FXGL Background Thread 3 ] DEBUG Engine               - isBrowser: false
20:29:10.112 [FXGL Background Thread 3 ] DEBUG Engine               - isClickFeedbackEnabled: false
20:29:10.112 [FXGL Background Thread 3 ] DEBUG Engine               - isCloseConfirmation: false
20:29:10.112 [FXGL Background Thread 3 ] DEBUG Engine               - isDesktop: true
20:29:10.112 [FXGL Background Thread 3 ] DEBUG Engine               - isDeveloperMenuEnabled: false
20:29:10.112 [FXGL Background Thread 3 ] DEBUG Engine               - isEmbedded: false
20:29:10.113 [FXGL Background Thread 3 ] DEBUG Engine               - isEntityPreloadEnabled: true
20:29:10.113 [FXGL Background Thread 3 ] DEBUG Engine               - isExperimentalTiledLargeMap: false
20:29:10.113 [FXGL Background Thread 3 ] DEBUG Engine               - isFileSystemWriteAllowed: true
20:29:10.113 [FXGL Background Thread 3 ] DEBUG Engine               - isFullScreenAllowed: false
20:29:10.113 [FXGL Background Thread 3 ] DEBUG Engine               - isFullScreenFromStart: false
20:29:10.113 [FXGL Background Thread 3 ] DEBUG Engine               - isGameMenuEnabled: true
20:29:10.113 [FXGL Background Thread 3 ] DEBUG Engine               - isIOS: false
20:29:10.114 [FXGL Background Thread 3 ] DEBUG Engine               - isIntroEnabled: false
20:29:10.114 [FXGL Background Thread 3 ] DEBUG Engine               - isLinux: false
20:29:10.114 [FXGL Background Thread 3 ] DEBUG Engine               - isMac: false
20:29:10.114 [FXGL Background Thread 3 ] DEBUG Engine               - isMainMenuEnabled: false
20:29:10.114 [FXGL Background Thread 3 ] DEBUG Engine               - isManualResizeEnabled: false
20:29:10.114 [FXGL Background Thread 3 ] DEBUG Engine               - isMobile: false
20:29:10.116 [FXGL Background Thread 3 ] DEBUG Engine               - isNative: false
20:29:10.116 [FXGL Background Thread 3 ] DEBUG Engine               - isPauseMusicWhenMinimized: true
20:29:10.116 [FXGL Background Thread 3 ] DEBUG Engine               - isPreserveResizeRatio: false
20:29:10.116 [FXGL Background Thread 3 ] DEBUG Engine               - isProfilingEnabled: false
20:29:10.117 [FXGL Background Thread 3 ] DEBUG Engine               - isScaleAffectedOnResize: true
20:29:10.117 [FXGL Background Thread 3 ] DEBUG Engine               - isSingleStep: false
20:29:10.117 [FXGL Background Thread 3 ] DEBUG Engine               - isUserProfileEnabled: false
20:29:10.117 [FXGL Background Thread 3 ] DEBUG Engine               - isWindows: true
20:29:10.117 [FXGL Background Thread 3 ] DEBUG Engine               - language: ObjectProperty [value: ENGLISH]
20:29:10.117 [FXGL Background Thread 3 ] DEBUG Engine               - menuKey: ESCAPE
20:29:10.117 [FXGL Background Thread 3 ] DEBUG Engine               - mouseSensitivity: 0.2
20:29:10.117 [FXGL Background Thread 3 ] DEBUG Engine               - notificationViewClass: class com.almasb.fxgl.notification.view.XboxNotificationView
20:29:10.117 [FXGL Background Thread 3 ] DEBUG Engine               - pixelsPerMeter: 50.0
20:29:10.118 [FXGL Background Thread 3 ] DEBUG Engine               - platform: WINDOWS
20:29:10.118 [FXGL Background Thread 3 ] DEBUG Engine               - prefHeightProperty: ReadOnlyDoubleProperty [value: 600.0]
20:29:10.118 [FXGL Background Thread 3 ] DEBUG Engine               - prefWidthProperty: ReadOnlyDoubleProperty [value: 1000.0]
20:29:10.118 [FXGL Background Thread 3 ] DEBUG Engine               - profileDir: profiles/
20:29:10.120 [FXGL Background Thread 3 ] DEBUG Engine               - profileName: StringProperty [value: DEFAULT]
20:29:10.120 [FXGL Background Thread 3 ] DEBUG Engine               - randomSeed: -1
20:29:10.122 [FXGL Background Thread 3 ] DEBUG Engine               - runtimeInfo: RuntimeInfo(platform=WINDOWS, version=17.3, build=30.03.2023 11.49)
20:29:10.123 [FXGL Background Thread 3 ] DEBUG Engine               - saveFileExt: sav
20:29:10.124 [FXGL Background Thread 3 ] DEBUG Engine               - scaledHeightProp$fxgl: DoubleProperty [bound, value: 600.0]
20:29:10.124 [FXGL Background Thread 3 ] DEBUG Engine               - scaledWidthProp$fxgl: DoubleProperty [bound, value: 1000.0]
20:29:10.124 [FXGL Background Thread 3 ] DEBUG Engine               - sceneFactory: com.almasb.fxgl.app.scene.SceneFactory@22b25056
20:29:10.125 [FXGL Background Thread 3 ] DEBUG Engine               - secondsIn24h: 60
20:29:10.125 [FXGL Background Thread 3 ] DEBUG Engine               - soundMenuBack: menu/back.wav
20:29:10.125 [FXGL Background Thread 3 ] DEBUG Engine               - soundMenuPress: menu/press.wav
20:29:10.126 [FXGL Background Thread 3 ] DEBUG Engine               - soundMenuSelect: menu/select.wav
20:29:10.126 [FXGL Background Thread 3 ] DEBUG Engine               - soundNotification: core/notification.wav
20:29:10.126 [FXGL Background Thread 3 ] DEBUG Engine               - stageStyle: DECORATED
20:29:10.126 [FXGL Background Thread 3 ] DEBUG Engine               - supportedLanguages: [ENGLISH, FRENCH, GERMAN, HUNGARIAN, RUSSIAN]
20:29:10.126 [FXGL Background Thread 3 ] DEBUG Engine               - ticksPerSecond: -1
20:29:10.126 [FXGL Background Thread 3 ] DEBUG Engine               - title: Jugador Sonic
20:29:10.126 [FXGL Background Thread 3 ] DEBUG Engine               - urlGithub: https://github.com/AlmasB/FXGL
20:29:10.126 [FXGL Background Thread 3 ] DEBUG Engine               - urlLeaderboard: http://fxgl-top.herokuapp.com/
20:29:10.126 [FXGL Background Thread 3 ] DEBUG Engine               - urlPOM: https://raw.githubusercontent.com/AlmasB/FXGL/release/README.md
20:29:10.126 [FXGL Background Thread 3 ] DEBUG Engine               - userAppClass: class Runner.ClientRunner
20:29:10.127 [FXGL Background Thread 3 ] DEBUG Engine               - version: 0.0
20:29:10.127 [FXGL Background Thread 3 ] DEBUG Engine               - versionCheckDays: 7
20:29:10.127 [FXGL Background Thread 3 ] DEBUG Engine               - width: 1000
20:29:10.128 [FXGL Background Thread 3 ] DEBUG Engine               - Logging services
20:29:10.128 [FXGL Background Thread 3 ] DEBUG Engine               - class com.almasb.fxgl.app.services.FXGLAssetLoaderService
20:29:10.129 [FXGL Background Thread 3 ] DEBUG Engine               - class com.almasb.fxgl.app.FXGLApplication$GameApplicationService
20:29:10.129 [FXGL Background Thread 3 ] DEBUG Engine               - class com.almasb.fxgl.app.services.FXGLDialogService
20:29:10.129 [FXGL Background Thread 3 ] DEBUG Engine               - class com.almasb.fxgl.app.services.IOTaskExecutorService
20:29:10.129 [FXGL Background Thread 3 ] DEBUG Engine               - class com.almasb.fxgl.io.FileSystemService
20:29:10.129 [FXGL Background Thread 3 ] DEBUG Engine               - class com.almasb.fxgl.localization.LocalizationService
20:29:10.129 [FXGL Background Thread 3 ] DEBUG Engine               - class com.almasb.fxgl.app.services.SystemBundleService
20:29:10.130 [FXGL Background Thread 3 ] DEBUG Engine               - class com.almasb.fxgl.profile.SaveLoadService
20:29:10.130 [FXGL Background Thread 3 ] DEBUG Engine               - class com.almasb.fxgl.ui.FXGLUIFactoryServiceProvider
20:29:10.130 [FXGL Background Thread 3 ] DEBUG Engine               - class com.almasb.fxgl.ui.FXGLDialogFactoryServiceProvider
20:29:10.130 [FXGL Background Thread 3 ] DEBUG Engine               - class com.almasb.fxgl.audio.AudioPlayer
20:29:10.140 [FXGL Background Thread 3 ] DEBUG Engine               - class com.almasb.fxgl.notification.impl.NotificationServiceProvider
20:29:10.140 [FXGL Background Thread 3 ] DEBUG Engine               - class com.almasb.fxgl.achievement.AchievementService
20:29:10.140 [FXGL Background Thread 3 ] DEBUG Engine               - class com.almasb.fxgl.cutscene.CutsceneService
20:29:10.140 [FXGL Background Thread 3 ] DEBUG Engine               - class com.almasb.fxgl.minigames.MiniGameService
20:29:10.140 [FXGL Background Thread 3 ] DEBUG Engine               - class com.almasb.fxgl.net.NetService
20:29:10.140 [FXGL Background Thread 3 ] DEBUG Engine               - class com.almasb.fxgl.app.services.UpdaterService
20:29:10.140 [FXGL Background Thread 3 ] DEBUG Engine               - class com.almasb.fxgl.dev.DevService
20:29:10.140 [FXGL Background Thread 3 ] DEBUG Engine               - class com.almasb.fxgl.multiplayer.MultiplayerService
20:29:10.142 [FXGL Background Thread 2 ] INFO  UpdaterService       - Your current version:  17.3
20:29:10.158 [FXGL Background Thread 2 ] INFO  UpdaterService       - Latest stable version: 21.1
20:29:19.485 [JavaFX Application Thread] DEBUG FXGLAssetLoaderServi - Loading from file system: file:/C:/Users/Owner/Desktop/Sonic-rush/target/classes/assets/textures/fondo.png
20:29:20.033 [JavaFX Application Thread] WARN  TMXLevelLoader       - TiledMap generated from 1.11.2. Supported version: 1.9.0. Some features may not be parsed fully.
20:29:20.202 [JavaFX Application Thread] DEBUG TMXLevelLoader       - Parsed TiledMap: file:/C:/Users/Owner/Desktop/Sonic-rush/target/classes/assets/levels/mapazo.tmx
20:29:20.209 [JavaFX Application Thread] DEBUG TMXLevelLoader       - Creating tile layer entities
20:29:20.230 [JavaFX Application Thread] DEBUG TilesetLoader        - Loading view for layer Capa de patrones 1
20:29:20.241 [JavaFX Application Thread] DEBUG TilesetLoader        - Created buffer with size 3840.0x720.0
20:29:20.364 [JavaFX Application Thread] DEBUG TMXLevelLoader       - Creating object layer entities
20:29:20.449 [JavaFX Application Thread] DEBUG GameWorld            - Clearing removable entities
20:29:20.452 [JavaFX Application Thread] DEBUG GameWorld            - Setting level: com.almasb.fxgl.entity.level.Level@443fdec0
20:29:20.485 [ClientAsyncConnThread    ] DEBUG TCPClient            - Connecting to 127.0.0.1:50000 type: class com.almasb.fxgl.core.serialization.Bundle
20:29:20.486 [ClientAsyncConnThread    ] DEBUG TCPClient            - Created socket to 127.0.0.1:50000
20:29:20.505 [ClientAsyncConnThread    ] DEBUG Endpoint             - TCPClient opening new connection (1) from /127.0.0.1:50000 type: class com.almasb.fxgl.core.serialization.Bundle
20:29:20.506 [ClientAsyncConnThread    ] DEBUG Endpoint             - TCPClient successfully opened connection (1)
20:29:20.520 [TCPClient_SendThread-1   ] DEBUG Writers              - Getting TCPMessageWriter for class com.almasb.fxgl.core.serialization.Bundle
20:29:20.520 [TCPClient_RecvThread-1   ] DEBUG Readers              - Getting TCPMessageReader for class com.almasb.fxgl.core.serialization.Bundle
20:29:20.523 [TCPClient_SendThread-1   ] DEBUG Writers              - Constructed TCPMessageWriter for class com.almasb.fxgl.core.serialization.Bundle: BundleTCPMessageWriter
20:29:20.526 [TCPClient_RecvThread-1   ] DEBUG Readers              - Constructed MessageReader for class com.almasb.fxgl.core.serialization.Bundle: BundleTCPMessageReader
20:29:20.542 [JavaFX Application Thread] DEBUG FXGLAssetLoaderServi - Loading from file system: file:/C:/Users/Owner/Desktop/Sonic-rush/target/classes/assets/textures/Items/ring.png
20:29:20.589 [JavaFX Application Thread] DEBUG FXGLAssetLoaderServi - Loading from file system: file:/C:/Users/Owner/Desktop/Sonic-rush/target/classes/assets/textures/Items/basura.png
20:29:20.606 [JavaFX Application Thread] DEBUG FXGLAssetLoaderServi - Loading from file system: file:/C:/Users/Owner/Desktop/Sonic-rush/target/classes/assets/textures/Items/papel.png
20:29:20.618 [JavaFX Application Thread] DEBUG FXGLAssetLoaderServi - Loading from file system: file:/C:/Users/Owner/Desktop/Sonic-rush/target/classes/assets/textures/Items/caucho.png
20:29:20.642 [JavaFX Application Thread] DEBUG FXGLAssetLoaderServi - Loading from file system: file:/C:/Users/Owner/Desktop/Sonic-rush/target/classes/assets/textures/Enemigos/enemigo2.png
20:29:20.705 [JavaFX Application Thread] DEBUG FXGLAssetLoaderServi - Loading from file system: file:/C:/Users/Owner/Desktop/Sonic-rush/target/classes/assets/textures/Personajes/sonic.png
20:29:20.711 [JavaFX Application Thread] DEBUG FXGLAssetLoaderServi - Loading from file system: file:/C:/Users/Owner/Desktop/Sonic-rush/target/classes/assets/textures/Personajes/sonic_camina.png
20:29:20.717 [JavaFX Application Thread] DEBUG FXGLAssetLoaderServi - Loading from file system: file:/C:/Users/Owner/Desktop/Sonic-rush/target/classes/assets/textures/Personajes/super_idle.png
20:29:20.721 [JavaFX Application Thread] DEBUG FXGLAssetLoaderServi - Loading from file system: file:/C:/Users/Owner/Desktop/Sonic-rush/target/classes/assets/textures/Personajes/super_sonic.png
20:29:23.069 [JavaFX Application Thread] DEBUG FXGLAssetLoaderServi - Loading from file system: file:/C:/Users/Owner/Desktop/Sonic-rush/target/classes/assets/sounds/salto.wav
20:29:46.279 [JavaFX Application Thread] DEBUG FXGLApplication      - Exiting FXGL
20:29:46.280 [JavaFX Application Thread] DEBUG LoopRunner           - Stopping loop
20:29:46.280 [JavaFX Application Thread] DEBUG SystemBundleService  - Saving FXGL system data
20:29:46.294 [JavaFX Application Thread] DEBUG FileSystemAccess     - Writing to: C:\Users\Owner\Desktop\Sonic-rush\system\fxgl.bundle
20:29:46.296 [JavaFX Application Thread] DEBUG Async                - Shutting down background threads
20:29:46.296 [JavaFX Application Thread] DEBUG PrimaryStageWindow   - Closing main window
20:29:46.307 [JavaFX Application Thread] DEBUG Logger               - Closing Logger
