15:15:23.645 [main                     ] DEBUG Logger               - Configured Logger
15:15:23.688 [main                     ] DEBUG GameApplication      - Logging settings
Title: Jugador Sonic
Version: 0.0
Width: 1000
Height: 600
Fullscreen: false
Intro: false
Profiling: false
Single step:false
App Mode: DEVELOPER
Menu Key: ESCAPE
Stage Style: DECORATED
Scene Factory: class com.almasb.fxgl.app.scene.SceneFactory

15:15:24.290 [JavaFX Application Thread] DEBUG FXGLApplication      - Initializing FXGL
15:15:24.305 [JavaFX Application Thread] INFO  Engine               - FXGL-17.3 (30.03.2023 11.49) on WINDOWS (J:17.0.12 FX:20)
15:15:24.306 [JavaFX Application Thread] DEBUG Engine               - JRE Vendor Name: Oracle Corporation
15:15:24.307 [JavaFX Application Thread] DEBUG Engine               - Running on OS: Windows 10 version 10.0
15:15:24.307 [JavaFX Application Thread] DEBUG Engine               - Architecture: amd64
15:15:24.307 [JavaFX Application Thread] INFO  Engine               - Source code and latest versions at: https://github.com/AlmasB/FXGL
15:15:24.307 [JavaFX Application Thread] INFO  Engine               -       Ask questions and discuss at: https://github.com/AlmasB/FXGL/discussions
15:15:24.308 [JavaFX Application Thread] INFO  Engine               -              Join the FXGL chat at: https://gitter.im/AlmasB/FXGL
15:15:24.534 [JavaFX Application Thread] DEBUG PrimaryStageWindow   - Creating a JavaFX scene
15:15:24.616 [JavaFX Application Thread] DEBUG PrimaryStageWindow   - Target settings size: 1000.0 x 600.0
15:15:24.618 [JavaFX Application Thread] DEBUG PrimaryStageWindow   - Scaled scene size:    1000.0 x 600.0
15:15:24.618 [JavaFX Application Thread] DEBUG PrimaryStageWindow   - Scaled ratio: (1.0, 1.0)
15:15:24.620 [JavaFX Application Thread] DEBUG PrimaryStageWindow   - Set initial scene to FXGLStartupScene
15:15:24.626 [JavaFX Application Thread] DEBUG PrimaryStageWindow   - Opening main window
15:15:24.760 [JavaFX Application Thread] DEBUG PrimaryStageWindow   - Window border size: (14.4000244140625, 37.5999755859375)
15:15:24.761 [JavaFX Application Thread] DEBUG PrimaryStageWindow   - Scaled size: 1000.0 x 600.0
15:15:24.761 [JavaFX Application Thread] DEBUG PrimaryStageWindow   - Scaled ratio: (1.0, 1.0)
15:15:24.762 [JavaFX Application Thread] DEBUG PrimaryStageWindow   - Scene size: 1000.0 x 600.0
15:15:24.762 [JavaFX Application Thread] DEBUG PrimaryStageWindow   - Stage size: 1014.4000244140625 x 637.5999755859375
15:15:25.093 [FXGL Background Thread 1 ] DEBUG Engine               - Initializing environment variables
15:15:25.364 [FXGL Background Thread 1 ] DEBUG FXGLAssetLoaderServi - User app class for loading assets: class Runner.ClientRunner
15:15:25.365 [FXGL Background Thread 1 ] DEBUG GameApplicationServi - Applying CSS: fxgl_dark.css
15:15:25.368 [FXGL Background Thread 1 ] DEBUG FXGLAssetLoaderServi - Loading from file system: jar:file:/C:/Users/Owner/.m2/repository/com/github/almasb/fxgl/17.3/fxgl-17.3.jar!/fxglassets/ui/css/fxgl_dark.css
15:15:25.691 [FXGL Background Thread 1 ] DEBUG GameApplicationServi - Initializing application scenes
15:15:26.087 [FXGL Background Thread 1 ] DEBUG GameWorld            - Game world initialized
15:15:26.302 [FXGL Background Thread 1 ] DEBUG PhysicsWorld         - Physics world initialized: appHeight=600, physics.ppm=50.0
15:15:26.303 [FXGL Background Thread 1 ] DEBUG PhysicsWorld         - Using strategy: BRUTE_FORCE
15:15:26.338 [FXGL Background Thread 1 ] DEBUG GameScene            - Game scene initialized: 1000x600
15:15:26.450 [FXGL Background Thread 1 ] DEBUG FXGL.DefaultMenu     - createMenuBodyGameMenu()
15:15:26.509 [FXGL Background Thread 1 ] DEBUG FXGL.DefaultMenu     - createOptionsMenu()
15:15:26.563 [FXGL Background Thread 1 ] DEBUG FXGLAssetLoaderServi - Loading from file system: jar:file:/C:/Users/Owner/.m2/repository/com/github/almasb/fxgl/17.3/fxgl-17.3.jar!/fxglassets/textures/particles/smoke.png
15:15:27.214 [FXGL Background Thread 1 ] DEBUG FXGLAssetLoaderServi - Loading from file system: jar:file:/C:/Users/Owner/.m2/repository/com/github/almasb/fxgl/17.3/fxgl-17.3.jar!/fxglassets/textures/particles/trace_horizontal.png
15:15:27.299 [FXGL Background Thread 1 ] DEBUG GameApplicationServi - Application scenes initialized
15:15:27.357 [FXGL Background Thread 1 ] DEBUG SystemBundleService  - Loading FXGL system data
15:15:27.376 [FXGL Background Thread 1 ] DEBUG FileSystemAccess     - Reading from: C:\Users\Owner\Desktop\Sonic-rush\system\fxgl.bundle
15:15:27.440 [FXGL Background Thread 1 ] DEBUG SystemBundleService  - Bundle FXGL: {}
15:15:27.441 [FXGL Background Thread 1 ] DEBUG UpdaterService       - Checking for updates
15:15:27.490 [FXGL Background Thread 1 ] DEBUG FXGLApplication      - Loading default localization
15:15:27.498 [FXGL Background Thread 1 ] DEBUG FXGLAssetLoaderServi - Loading from file system: jar:file:/C:/Users/Owner/.m2/repository/com/github/almasb/fxgl/17.3/fxgl-17.3.jar!/fxglassets/languages/english.lang
15:15:27.592 [FXGL Background Thread 1 ] INFO  FXGLApplication      - FXGL initialization took: 2.499 sec
15:15:27.674 [JavaFX Application Thread] DEBUG Input                - Registered new binding: Mover a la izquierda - A
15:15:27.675 [JavaFX Application Thread] DEBUG Input                - Registered new binding: Mover a la derecha - D
15:15:27.675 [JavaFX Application Thread] DEBUG Input                - Registered new binding: Saltar - W
15:15:27.676 [JavaFX Application Thread] DEBUG Input                - Registered new binding: Interactuar - E
15:15:27.676 [JavaFX Application Thread] DEBUG Input                - Registered new binding: Transformar - P
15:15:27.676 [JavaFX Application Thread] DEBUG Input                - Registered new binding: Desactivar filtro - L
15:15:27.677 [JavaFX Application Thread] DEBUG FXGLAssetLoaderServi - Loading from file system: jar:file:/C:/Users/Owner/.m2/repository/com/github/almasb/fxgl/17.3/fxgl-17.3.jar!/fxglassets/textures/fxgl_icon.png
15:15:27.851 [FXGL Background Thread 4 ] DEBUG FXGLApplication      - Loading fonts
15:15:27.856 [FXGL Background Thread 4 ] DEBUG FXGLAssetLoaderServi - Loading from file system: jar:file:/C:/Users/Owner/.m2/repository/com/github/almasb/fxgl/17.3/fxgl-17.3.jar!/fxglassets/ui/fonts/VarelaRound-Regular.ttf
15:15:27.875 [JavaFX Application Thread] DEBUG FXGLAssetLoaderServi - Loading from file system: jar:file:/C:/Users/Owner/.m2/repository/com/github/almasb/fxgl/17.3/fxgl-17.3.jar!/fxglassets/textures/fxgl_default_cursor.png
15:15:27.905 [JavaFX Application Thread] DEBUG Input                - Registered new binding: Screenshot - CTRL+8
15:15:27.906 [JavaFX Application Thread] DEBUG Input                - Registered new binding: System info dump - CTRL+9
15:15:27.907 [JavaFX Application Thread] DEBUG Input                - Registered new binding: Restart - CTRL+R
15:15:27.909 [JavaFX Application Thread] DEBUG Input                - Registered new binding: Toggle Debug Camera - CTRL+7
15:15:27.917 [JavaFX Application Thread] DEBUG LoopRunner           - Starting loop
15:15:27.917 [JavaFX Application Thread] DEBUG LoopRunner           - Initializing JavaFX AnimationTimerLoop
15:15:27.921 [JavaFX Application Thread] DEBUG GameApplicationServi - Starting new game
15:15:27.922 [JavaFX Application Thread] DEBUG Input                - Clearing active input actions
15:15:27.945 [JavaFX Application Thread] DEBUG GameApplicationServi - Removing overlay from FXGLStartupScene and adding to FXGLLoadingScene
15:15:27.945 [JavaFX Application Thread] DEBUG PrimaryStageWindow   - FXGLStartupScene -> FXGLLoadingScene
15:15:27.945 [JavaFX Application Thread] DEBUG GameApplicationServi - Clearing previous game
15:15:27.945 [JavaFX Application Thread] DEBUG GameScene            - Clearing game scene
15:15:27.946 [JavaFX Application Thread] DEBUG GameWorld            - Clearing game world
15:15:27.946 [JavaFX Application Thread] DEBUG PhysicsWorld         - Clearing physics world
15:15:27.949 [FXGL Background Thread 1 ] DEBUG FXGLApplication      - Initializing game
15:15:27.966 [FXGL Background Thread 1 ] DEBUG FXGLAssetLoaderServi - Loading from file system: file:/C:/Users/Owner/Desktop/Sonic-rush/target/classes/assets/music/OST2.mp3
15:15:28.612 [FXGL Background Thread 4 ] DEBUG FXGLAssetLoaderServi - Loading from file system: jar:file:/C:/Users/Owner/.m2/repository/com/github/almasb/fxgl/17.3/fxgl-17.3.jar!/fxglassets/ui/fonts/Abel-Regular.ttf
15:15:28.618 [FXGL Background Thread 4 ] DEBUG FXGLAssetLoaderServi - Loading from file system: jar:file:/C:/Users/Owner/.m2/repository/com/github/almasb/fxgl/17.3/fxgl-17.3.jar!/fxglassets/ui/fonts/TerminalLandMono-Regular.otf
15:15:28.623 [FXGL Background Thread 4 ] DEBUG FXGLAssetLoaderServi - Loading from file system: jar:file:/C:/Users/Owner/.m2/repository/com/github/almasb/fxgl/17.3/fxgl-17.3.jar!/fxglassets/ui/fonts/Courier-Prime.ttf
15:15:28.729 [JavaFX Application Thread] DEBUG FXGLApplication      - Registering font factories with UI factory
15:15:30.237 [FXGL Background Thread 1 ] DEBUG AudioPlayer          - Playing music com.almasb.fxgl.audio.Music@56561cf1
15:15:30.415 [FXGL Background Thread 2 ] INFO  UpdaterService       - Your current version:  17.3
15:15:30.426 [FXGL Background Thread 1 ] INFO  FXGLApplication      - Game initialization took: 2.475 sec
15:15:30.473 [FXGL Background Thread 3 ] DEBUG Engine               - Logging environment variables
15:15:30.473 [FXGL Background Thread 3 ] DEBUG Engine               - achievements: []
15:15:30.474 [FXGL Background Thread 3 ] DEBUG Engine               - actualHeight: 600.0
15:15:30.474 [FXGL Background Thread 3 ] DEBUG Engine               - actualHeightProperty: ReadOnlyDoubleProperty [value: 600.0]
15:15:30.474 [FXGL Background Thread 3 ] DEBUG Engine               - actualWidth: 1000.0
15:15:30.474 [FXGL Background Thread 3 ] DEBUG Engine               - actualWidthProperty: ReadOnlyDoubleProperty [value: 1000.0]
15:15:30.474 [FXGL Background Thread 3 ] DEBUG Engine               - appIcon: fxgl_icon.png
15:15:30.474 [FXGL Background Thread 3 ] DEBUG Engine               - applicationMode: DEVELOPER
15:15:30.474 [FXGL Background Thread 3 ] DEBUG Engine               - cSSList: [fxgl_dark.css]
15:15:30.474 [FXGL Background Thread 3 ] DEBUG Engine               - collisionDetectionStrategy: BRUTE_FORCE
15:15:30.475 [FXGL Background Thread 3 ] DEBUG Engine               - configClass: Optional.empty
15:15:30.475 [FXGL Background Thread 3 ] DEBUG Engine               - credits: []
15:15:30.475 [FXGL Background Thread 3 ] DEBUG Engine               - defaultCursor: CursorInfo(imageName=fxgl_default_cursor.png, hotspotX=7.0, hotspotY=6.0)
15:15:30.476 [FXGL Background Thread 3 ] DEBUG Engine               - devBBoxColorProperty: ObjectProperty [value: 0xff0000ff]
15:15:30.476 [FXGL Background Thread 3 ] DEBUG Engine               - devEnableDebugCameraProperty: BooleanProperty [value: false]
15:15:30.476 [FXGL Background Thread 3 ] DEBUG Engine               - devSensorColorProperty: ObjectProperty [value: 0xffff00ff]
15:15:30.476 [FXGL Background Thread 3 ] DEBUG Engine               - devShowBBoxProperty: BooleanProperty [value: false]
15:15:30.476 [FXGL Background Thread 3 ] DEBUG Engine               - devShowPositionProperty: BooleanProperty [value: false]
15:15:30.476 [FXGL Background Thread 3 ] DEBUG Engine               - enabledMenuItems: []
15:15:30.476 [FXGL Background Thread 3 ] DEBUG Engine               - engineServices: [class com.almasb.fxgl.app.services.FXGLAssetLoaderService, class com.almasb.fxgl.app.FXGLApplication$GameApplicationService, class com.almasb.fxgl.app.services.FXGLDialogService, class com.almasb.fxgl.app.services.IOTaskExecutorService, class com.almasb.fxgl.io.FileSystemService, class com.almasb.fxgl.localization.LocalizationService, class com.almasb.fxgl.app.services.SystemBundleService, class com.almasb.fxgl.profile.SaveLoadService, class com.almasb.fxgl.ui.FXGLUIFactoryServiceProvider, class com.almasb.fxgl.ui.FXGLDialogFactoryServiceProvider, class com.almasb.fxgl.audio.AudioPlayer, class com.almasb.fxgl.notification.impl.NotificationServiceProvider, class com.almasb.fxgl.achievement.AchievementService, class com.almasb.fxgl.cutscene.CutsceneService, class com.almasb.fxgl.minigames.MiniGameService, class com.almasb.fxgl.net.NetService, class com.almasb.fxgl.app.services.UpdaterService, class com.almasb.fxgl.dev.DevService, class com.almasb.fxgl.multiplayer.MultiplayerService]
15:15:30.476 [FXGL Background Thread 3 ] DEBUG Engine               - fontGame: Abel-Regular.ttf
15:15:30.476 [FXGL Background Thread 3 ] DEBUG Engine               - fontMono: TerminalLandMono-Regular.otf
15:15:30.477 [FXGL Background Thread 3 ] DEBUG Engine               - fontSizeScaleUI: 1.0
15:15:30.477 [FXGL Background Thread 3 ] DEBUG Engine               - fontText: Courier-Prime.ttf
15:15:30.477 [FXGL Background Thread 3 ] DEBUG Engine               - fontUI: VarelaRound-Regular.ttf
15:15:30.477 [FXGL Background Thread 3 ] DEBUG Engine               - fullScreen: BooleanProperty [value: false]
15:15:30.477 [FXGL Background Thread 3 ] DEBUG Engine               - gameDifficulty: MEDIUM
15:15:30.478 [FXGL Background Thread 3 ] DEBUG Engine               - gameDifficultyProperty: ObjectProperty [value: MEDIUM]
15:15:30.478 [FXGL Background Thread 3 ] DEBUG Engine               - globalMusicVolume: 0.5
15:15:30.478 [FXGL Background Thread 3 ] DEBUG Engine               - globalMusicVolumeProperty: DoubleProperty [value: 0.5]
15:15:30.478 [FXGL Background Thread 3 ] DEBUG Engine               - globalSoundVolume: 0.5
15:15:30.478 [FXGL Background Thread 3 ] DEBUG Engine               - globalSoundVolumeProperty: DoubleProperty [value: 0.5]
15:15:30.478 [FXGL Background Thread 3 ] DEBUG Engine               - height: 600
15:15:30.478 [FXGL Background Thread 3 ] DEBUG Engine               - is3D: false
15:15:30.478 [FXGL Background Thread 3 ] DEBUG Engine               - isAndroid: false
15:15:30.478 [FXGL Background Thread 3 ] DEBUG Engine               - isBrowser: false
15:15:30.479 [FXGL Background Thread 3 ] DEBUG Engine               - isClickFeedbackEnabled: false
15:15:30.479 [FXGL Background Thread 3 ] DEBUG Engine               - isCloseConfirmation: false
15:15:30.479 [FXGL Background Thread 3 ] DEBUG Engine               - isDesktop: true
15:15:30.479 [FXGL Background Thread 3 ] DEBUG Engine               - isDeveloperMenuEnabled: false
15:15:30.479 [FXGL Background Thread 3 ] DEBUG Engine               - isEmbedded: false
15:15:30.479 [FXGL Background Thread 3 ] DEBUG Engine               - isEntityPreloadEnabled: true
15:15:30.479 [FXGL Background Thread 3 ] DEBUG Engine               - isExperimentalTiledLargeMap: false
15:15:30.479 [FXGL Background Thread 3 ] DEBUG Engine               - isFileSystemWriteAllowed: true
15:15:30.479 [FXGL Background Thread 3 ] DEBUG Engine               - isFullScreenAllowed: false
15:15:30.479 [FXGL Background Thread 3 ] DEBUG Engine               - isFullScreenFromStart: false
15:15:30.479 [FXGL Background Thread 3 ] DEBUG Engine               - isGameMenuEnabled: true
15:15:30.479 [FXGL Background Thread 3 ] DEBUG Engine               - isIOS: false
15:15:30.479 [FXGL Background Thread 3 ] DEBUG Engine               - isIntroEnabled: false
15:15:30.479 [FXGL Background Thread 3 ] DEBUG Engine               - isLinux: false
15:15:30.480 [FXGL Background Thread 3 ] DEBUG Engine               - isMac: false
15:15:30.480 [FXGL Background Thread 3 ] DEBUG Engine               - isMainMenuEnabled: false
15:15:30.480 [FXGL Background Thread 3 ] DEBUG Engine               - isManualResizeEnabled: false
15:15:30.480 [FXGL Background Thread 3 ] DEBUG Engine               - isMobile: false
15:15:30.480 [FXGL Background Thread 3 ] DEBUG Engine               - isNative: false
15:15:30.480 [FXGL Background Thread 3 ] DEBUG Engine               - isPauseMusicWhenMinimized: true
15:15:30.480 [FXGL Background Thread 3 ] DEBUG Engine               - isPreserveResizeRatio: false
15:15:30.480 [FXGL Background Thread 3 ] DEBUG Engine               - isProfilingEnabled: false
15:15:30.480 [FXGL Background Thread 3 ] DEBUG Engine               - isScaleAffectedOnResize: true
15:15:30.480 [FXGL Background Thread 3 ] DEBUG Engine               - isSingleStep: false
15:15:30.481 [FXGL Background Thread 3 ] DEBUG Engine               - isUserProfileEnabled: false
15:15:30.481 [FXGL Background Thread 3 ] DEBUG Engine               - isWindows: true
15:15:30.481 [FXGL Background Thread 3 ] DEBUG Engine               - language: ObjectProperty [value: ENGLISH]
15:15:30.481 [FXGL Background Thread 3 ] DEBUG Engine               - menuKey: ESCAPE
15:15:30.481 [FXGL Background Thread 3 ] DEBUG Engine               - mouseSensitivity: 0.2
15:15:30.481 [FXGL Background Thread 3 ] DEBUG Engine               - notificationViewClass: class com.almasb.fxgl.notification.view.XboxNotificationView
15:15:30.481 [FXGL Background Thread 3 ] DEBUG Engine               - pixelsPerMeter: 50.0
15:15:30.481 [FXGL Background Thread 3 ] DEBUG Engine               - platform: WINDOWS
15:15:30.481 [FXGL Background Thread 3 ] DEBUG Engine               - prefHeightProperty: ReadOnlyDoubleProperty [value: 600.0]
15:15:30.481 [FXGL Background Thread 3 ] DEBUG Engine               - prefWidthProperty: ReadOnlyDoubleProperty [value: 1000.0]
15:15:30.481 [FXGL Background Thread 3 ] DEBUG Engine               - profileDir: profiles/
15:15:30.481 [FXGL Background Thread 3 ] DEBUG Engine               - profileName: StringProperty [value: DEFAULT]
15:15:30.482 [FXGL Background Thread 3 ] DEBUG Engine               - randomSeed: -1
15:15:30.482 [FXGL Background Thread 3 ] DEBUG Engine               - runtimeInfo: RuntimeInfo(platform=WINDOWS, version=17.3, build=30.03.2023 11.49)
15:15:30.482 [FXGL Background Thread 3 ] DEBUG Engine               - saveFileExt: sav
15:15:30.482 [FXGL Background Thread 3 ] DEBUG Engine               - scaledHeightProp$fxgl: DoubleProperty [bound, value: 600.0]
15:15:30.482 [FXGL Background Thread 3 ] DEBUG Engine               - scaledWidthProp$fxgl: DoubleProperty [bound, value: 1000.0]
15:15:30.482 [FXGL Background Thread 3 ] DEBUG Engine               - sceneFactory: com.almasb.fxgl.app.scene.SceneFactory@21ad1790
15:15:30.482 [FXGL Background Thread 3 ] DEBUG Engine               - secondsIn24h: 60
15:15:30.482 [FXGL Background Thread 3 ] DEBUG Engine               - soundMenuBack: menu/back.wav
15:15:30.483 [FXGL Background Thread 3 ] DEBUG Engine               - soundMenuPress: menu/press.wav
15:15:30.483 [FXGL Background Thread 3 ] DEBUG Engine               - soundMenuSelect: menu/select.wav
15:15:30.483 [FXGL Background Thread 3 ] DEBUG Engine               - soundNotification: core/notification.wav
15:15:30.483 [FXGL Background Thread 3 ] DEBUG Engine               - stageStyle: DECORATED
15:15:30.483 [FXGL Background Thread 3 ] DEBUG Engine               - supportedLanguages: [ENGLISH, FRENCH, GERMAN, HUNGARIAN, RUSSIAN]
15:15:30.483 [FXGL Background Thread 3 ] DEBUG Engine               - ticksPerSecond: -1
15:15:30.483 [FXGL Background Thread 3 ] DEBUG Engine               - title: Jugador Sonic
15:15:30.483 [FXGL Background Thread 3 ] DEBUG Engine               - urlGithub: https://github.com/AlmasB/FXGL
15:15:30.483 [FXGL Background Thread 3 ] DEBUG Engine               - urlLeaderboard: http://fxgl-top.herokuapp.com/
15:15:30.483 [FXGL Background Thread 3 ] DEBUG Engine               - urlPOM: https://raw.githubusercontent.com/AlmasB/FXGL/release/README.md
15:15:30.483 [FXGL Background Thread 3 ] DEBUG Engine               - userAppClass: class Runner.ClientRunner
15:15:30.483 [FXGL Background Thread 3 ] DEBUG Engine               - version: 0.0
15:15:30.483 [FXGL Background Thread 3 ] DEBUG Engine               - versionCheckDays: 7
15:15:30.483 [FXGL Background Thread 3 ] DEBUG Engine               - width: 1000
15:15:30.484 [FXGL Background Thread 3 ] DEBUG Engine               - Logging services
15:15:30.484 [FXGL Background Thread 3 ] DEBUG Engine               - class com.almasb.fxgl.app.services.FXGLAssetLoaderService
15:15:30.484 [FXGL Background Thread 3 ] DEBUG Engine               - class com.almasb.fxgl.app.FXGLApplication$GameApplicationService
15:15:30.484 [FXGL Background Thread 3 ] DEBUG Engine               - class com.almasb.fxgl.app.services.FXGLDialogService
15:15:30.484 [FXGL Background Thread 3 ] DEBUG Engine               - class com.almasb.fxgl.app.services.IOTaskExecutorService
15:15:30.484 [FXGL Background Thread 3 ] DEBUG Engine               - class com.almasb.fxgl.io.FileSystemService
15:15:30.484 [FXGL Background Thread 3 ] DEBUG Engine               - class com.almasb.fxgl.localization.LocalizationService
15:15:30.484 [FXGL Background Thread 3 ] DEBUG Engine               - class com.almasb.fxgl.app.services.SystemBundleService
15:15:30.484 [FXGL Background Thread 3 ] DEBUG Engine               - class com.almasb.fxgl.profile.SaveLoadService
15:15:30.485 [FXGL Background Thread 3 ] DEBUG Engine               - class com.almasb.fxgl.ui.FXGLUIFactoryServiceProvider
15:15:30.485 [FXGL Background Thread 3 ] DEBUG Engine               - class com.almasb.fxgl.ui.FXGLDialogFactoryServiceProvider
15:15:30.485 [FXGL Background Thread 3 ] DEBUG Engine               - class com.almasb.fxgl.audio.AudioPlayer
15:15:30.485 [FXGL Background Thread 3 ] DEBUG Engine               - class com.almasb.fxgl.notification.impl.NotificationServiceProvider
15:15:30.485 [FXGL Background Thread 3 ] DEBUG Engine               - class com.almasb.fxgl.achievement.AchievementService
15:15:30.485 [FXGL Background Thread 3 ] DEBUG Engine               - class com.almasb.fxgl.cutscene.CutsceneService
15:15:30.485 [FXGL Background Thread 3 ] DEBUG Engine               - class com.almasb.fxgl.minigames.MiniGameService
15:15:30.485 [FXGL Background Thread 3 ] DEBUG Engine               - class com.almasb.fxgl.net.NetService
15:15:30.485 [FXGL Background Thread 3 ] DEBUG Engine               - class com.almasb.fxgl.app.services.UpdaterService
15:15:30.485 [FXGL Background Thread 3 ] DEBUG Engine               - class com.almasb.fxgl.dev.DevService
15:15:30.485 [FXGL Background Thread 3 ] DEBUG Engine               - class com.almasb.fxgl.multiplayer.MultiplayerService
15:15:30.599 [FXGL Background Thread 2 ] INFO  UpdaterService       - Latest stable version: 21.1
15:15:30.732 [JavaFX Application Thread] DEBUG Input                - Clearing active input actions
15:15:30.761 [JavaFX Application Thread] DEBUG GameApplicationServi - Removing overlay from FXGLLoadingScene and adding to GameScene
15:15:30.762 [JavaFX Application Thread] DEBUG PrimaryStageWindow   - FXGLLoadingScene -> GameScene
15:15:35.113 [JavaFX Application Thread] DEBUG FXGLAssetLoaderServi - Loading from file system: file:/C:/Users/Owner/Desktop/Sonic-rush/target/classes/assets/textures/fondo.png
15:15:35.776 [JavaFX Application Thread] DEBUG TMXLevelLoader       - Parsed TiledMap: file:/C:/Users/Owner/Desktop/Sonic-rush/target/classes/assets/levels/mapazo.tmx
15:15:35.778 [JavaFX Application Thread] DEBUG TMXLevelLoader       - Creating tile layer entities
15:15:35.780 [JavaFX Application Thread] DEBUG TilesetLoader        - Loading view for layer Capa de patrones 1
15:15:35.814 [JavaFX Application Thread] DEBUG TilesetLoader        - Created buffer with size 3840.0x720.0
15:15:35.944 [JavaFX Application Thread] DEBUG TMXLevelLoader       - Creating object layer entities
15:15:36.108 [JavaFX Application Thread] DEBUG GameWorld            - Clearing removable entities
15:15:36.118 [JavaFX Application Thread] DEBUG GameWorld            - Setting level: com.almasb.fxgl.entity.level.Level@4102b73e
15:15:36.212 [JavaFX Application Thread] DEBUG FXGLAssetLoaderServi - Loading from file system: file:/C:/Users/Owner/Desktop/Sonic-rush/target/classes/assets/textures/Enemigos/eggman2.png
15:15:36.295 [ClientAsyncConnThread    ] DEBUG TCPClient            - Connecting to localhost:55555 type: class com.almasb.fxgl.core.serialization.Bundle
15:15:36.323 [ClientAsyncConnThread    ] WARN  IOTask               - ClientConnect failed
java.lang.RuntimeException: Failed to create a socket to address localhost : 55555 Error: java.net.ConnectException: Connection refused: connect
	at com.almasb.fxgl.net.tcp.TCPClient.connect(TCPClient.java:46)
	at com.almasb.fxgl.core.concurrent.IOTask.lambda$ofVoid$5(IOTask.java:184)
	at com.almasb.fxgl.core.concurrent.IOTask$2.onExecute(IOTask.java:197)
	at com.almasb.fxgl.core.concurrent.IOTask.run(IOTask.java:118)
	at java.base/java.lang.Thread.run(Thread.java:842)
Caused by: java.net.ConnectException: Connection refused: connect
	at java.base/sun.nio.ch.Net.connect0(Native Method)
	at java.base/sun.nio.ch.Net.connect(Net.java:579)
	at java.base/sun.nio.ch.Net.connect(Net.java:568)
	at java.base/sun.nio.ch.NioSocketImpl.connect(NioSocketImpl.java:593)
	at java.base/java.net.SocksSocketImpl.connect(SocksSocketImpl.java:327)
	at java.base/java.net.Socket.connect(Socket.java:633)
	at java.base/java.net.Socket.connect(Socket.java:583)
	at java.base/java.net.Socket.<init>(Socket.java:507)
	at java.base/java.net.Socket.<init>(Socket.java:287)
	at com.almasb.fxgl.net.tcp.TCPClient.connect(TCPClient.java:41)
	... 4 more

15:15:43.197 [JavaFX Application Thread] DEBUG FXGLApplication      - Exiting FXGL
15:15:43.198 [JavaFX Application Thread] DEBUG LoopRunner           - Stopping loop
15:15:43.198 [JavaFX Application Thread] DEBUG SystemBundleService  - Saving FXGL system data
15:15:43.204 [JavaFX Application Thread] DEBUG FileSystemAccess     - Writing to: C:\Users\Owner\Desktop\Sonic-rush\system\fxgl.bundle
15:15:43.211 [JavaFX Application Thread] DEBUG Async                - Shutting down background threads
15:15:43.214 [JavaFX Application Thread] DEBUG PrimaryStageWindow   - Closing main window
15:15:43.275 [JavaFX Application Thread] DEBUG Logger               - Closing Logger
