23:30:18.625 [main                     ] DEBUG Logger               - Configured Logger
23:30:18.685 [main                     ] DEBUG GameApplication      - Logging settings
Title: Jugador Sonic
Version: 0.0
Width: 1000
Height: 600
Fullscreen: false
Intro: false
Profiling: false
Single step:false
App Mode: DEVELOPER
Menu Key: ESCAPE
Stage Style: DECORATED
Scene Factory: class com.almasb.fxgl.app.scene.SceneFactory

23:30:20.557 [JavaFX Application Thread] DEBUG FXGLApplication      - Initializing FXGL
23:30:20.565 [JavaFX Application Thread] INFO  Engine               - FXGL-17.3 (30.03.2023 11.49) on WINDOWS (J:21.0.2 FX:20)
23:30:20.571 [JavaFX Application Thread] DEBUG Engine               - JRE Vendor Name: Oracle Corporation
23:30:20.572 [JavaFX Application Thread] DEBUG Engine               - Running on OS: Windows 10 version 10.0
23:30:20.572 [JavaFX Application Thread] DEBUG Engine               - Architecture: amd64
23:30:20.572 [JavaFX Application Thread] INFO  Engine               - Source code and latest versions at: https://github.com/AlmasB/FXGL
23:30:20.573 [JavaFX Application Thread] INFO  Engine               -       Ask questions and discuss at: https://github.com/AlmasB/FXGL/discussions
23:30:20.574 [JavaFX Application Thread] INFO  Engine               -              Join the FXGL chat at: https://gitter.im/AlmasB/FXGL
23:30:20.784 [JavaFX Application Thread] DEBUG PrimaryStageWindow   - Creating a JavaFX scene
23:30:20.847 [JavaFX Application Thread] DEBUG PrimaryStageWindow   - Target settings size: 1000.0 x 600.0
23:30:20.847 [JavaFX Application Thread] DEBUG PrimaryStageWindow   - Scaled scene size:    1000.0 x 600.0
23:30:20.848 [JavaFX Application Thread] DEBUG PrimaryStageWindow   - Scaled ratio: (1.0, 1.0)
23:30:20.849 [JavaFX Application Thread] DEBUG PrimaryStageWindow   - Set initial scene to FXGLStartupScene
23:30:20.853 [JavaFX Application Thread] DEBUG PrimaryStageWindow   - Opening main window
23:30:20.953 [JavaFX Application Thread] DEBUG PrimaryStageWindow   - Window border size: (16.0, 39.0)
23:30:20.953 [JavaFX Application Thread] DEBUG PrimaryStageWindow   - Scaled size: 1000.0 x 600.0
23:30:20.953 [JavaFX Application Thread] DEBUG PrimaryStageWindow   - Scaled ratio: (1.0, 1.0)
23:30:20.953 [JavaFX Application Thread] DEBUG PrimaryStageWindow   - Scene size: 1000.0 x 600.0
23:30:20.954 [JavaFX Application Thread] DEBUG PrimaryStageWindow   - Stage size: 1016.0 x 639.0
23:30:20.963 [FXGL Background Thread 1 ] DEBUG Engine               - Initializing environment variables
23:30:21.033 [FXGL Background Thread 1 ] DEBUG FXGLAssetLoaderServi - User app class for loading assets: class Runner.ClientRunner
23:30:21.034 [FXGL Background Thread 1 ] DEBUG GameApplicationServi - Applying CSS: fxgl_dark.css
23:30:21.035 [FXGL Background Thread 1 ] DEBUG FXGLAssetLoaderServi - Loading from file system: jar:file:/C:/Users/User/.m2/repository/com/github/almasb/fxgl/17.3/fxgl-17.3.jar!/fxglassets/ui/css/fxgl_dark.css
23:30:21.086 [FXGL Background Thread 1 ] DEBUG GameApplicationServi - Initializing application scenes
23:30:21.178 [FXGL Background Thread 1 ] DEBUG GameWorld            - Game world initialized
23:30:21.246 [FXGL Background Thread 1 ] DEBUG PhysicsWorld         - Physics world initialized: appHeight=600, physics.ppm=50,0
23:30:21.247 [FXGL Background Thread 1 ] DEBUG PhysicsWorld         - Using strategy: BRUTE_FORCE
23:30:21.252 [FXGL Background Thread 1 ] DEBUG GameScene            - Game scene initialized: 1000x600
23:30:21.267 [FXGL Background Thread 1 ] DEBUG FXGL.DefaultMenu     - createMenuBodyGameMenu()
23:30:21.286 [FXGL Background Thread 1 ] DEBUG FXGL.DefaultMenu     - createOptionsMenu()
23:30:21.299 [FXGL Background Thread 1 ] DEBUG FXGLAssetLoaderServi - Loading from file system: jar:file:/C:/Users/User/.m2/repository/com/github/almasb/fxgl/17.3/fxgl-17.3.jar!/fxglassets/textures/particles/smoke.png
23:30:21.414 [FXGL Background Thread 1 ] DEBUG FXGLAssetLoaderServi - Loading from file system: jar:file:/C:/Users/User/.m2/repository/com/github/almasb/fxgl/17.3/fxgl-17.3.jar!/fxglassets/textures/particles/trace_horizontal.png
23:30:21.448 [FXGL Background Thread 1 ] DEBUG GameApplicationServi - Application scenes initialized
23:30:21.464 [FXGL Background Thread 1 ] DEBUG SystemBundleService  - Loading FXGL system data
23:30:21.468 [FXGL Background Thread 1 ] DEBUG FileSystemAccess     - Reading from: C:\Users\User\Documents\GitHub\Sonic-rush\system\fxgl.bundle
23:30:21.478 [FXGL Background Thread 1 ] DEBUG SystemBundleService  - Bundle FXGL: {}
23:30:21.479 [FXGL Background Thread 1 ] DEBUG UpdaterService       - Checking for updates
23:30:21.484 [FXGL Background Thread 1 ] DEBUG FXGLApplication      - Loading default localization
23:30:21.485 [FXGL Background Thread 1 ] DEBUG FXGLAssetLoaderServi - Loading from file system: jar:file:/C:/Users/User/.m2/repository/com/github/almasb/fxgl/17.3/fxgl-17.3.jar!/fxglassets/languages/english.lang
23:30:21.501 [FXGL Background Thread 4 ] DEBUG FXGLApplication      - Loading fonts
23:30:21.509 [FXGL Background Thread 1 ] INFO  FXGLApplication      - FXGL initialization took: 0,546 sec
23:30:21.513 [FXGL Background Thread 4 ] DEBUG FXGLAssetLoaderServi - Loading from file system: jar:file:/C:/Users/User/.m2/repository/com/github/almasb/fxgl/17.3/fxgl-17.3.jar!/fxglassets/ui/fonts/VarelaRound-Regular.ttf
23:30:21.536 [JavaFX Application Thread] DEBUG Input                - Registered new binding: Mover a la izquierda - A
23:30:21.537 [JavaFX Application Thread] DEBUG Input                - Registered new binding: Mover a la derecha - D
23:30:21.537 [JavaFX Application Thread] DEBUG Input                - Registered new binding: Saltar - W
23:30:21.537 [JavaFX Application Thread] DEBUG Input                - Registered new binding: Interactuar - E
23:30:21.537 [JavaFX Application Thread] DEBUG Input                - Registered new binding: Transformar - P
23:30:21.537 [JavaFX Application Thread] DEBUG Input                - Registered new binding: Desactivar filtro - L
23:30:21.538 [JavaFX Application Thread] DEBUG FXGLAssetLoaderServi - Loading from file system: jar:file:/C:/Users/User/.m2/repository/com/github/almasb/fxgl/17.3/fxgl-17.3.jar!/fxglassets/textures/fxgl_icon.png
23:30:21.556 [JavaFX Application Thread] DEBUG FXGLAssetLoaderServi - Loading from file system: jar:file:/C:/Users/User/.m2/repository/com/github/almasb/fxgl/17.3/fxgl-17.3.jar!/fxglassets/textures/fxgl_default_cursor.png
23:30:21.560 [JavaFX Application Thread] DEBUG Input                - Registered new binding: Screenshot - CTRL+8
23:30:21.560 [JavaFX Application Thread] DEBUG Input                - Registered new binding: System info dump - CTRL+9
23:30:21.561 [JavaFX Application Thread] DEBUG Input                - Registered new binding: Restart - CTRL+R
23:30:21.561 [JavaFX Application Thread] DEBUG Input                - Registered new binding: Toggle Debug Camera - CTRL+7
23:30:21.564 [JavaFX Application Thread] DEBUG LoopRunner           - Starting loop
23:30:21.564 [JavaFX Application Thread] DEBUG LoopRunner           - Initializing JavaFX AnimationTimerLoop
23:30:21.567 [JavaFX Application Thread] DEBUG GameApplicationServi - Starting new game
23:30:21.568 [JavaFX Application Thread] DEBUG Input                - Clearing active input actions
23:30:21.587 [JavaFX Application Thread] DEBUG GameApplicationServi - Removing overlay from FXGLStartupScene and adding to FXGLLoadingScene
23:30:21.588 [JavaFX Application Thread] DEBUG PrimaryStageWindow   - FXGLStartupScene -> FXGLLoadingScene
23:30:21.588 [JavaFX Application Thread] DEBUG GameApplicationServi - Clearing previous game
23:30:21.588 [JavaFX Application Thread] DEBUG GameScene            - Clearing game scene
23:30:21.588 [JavaFX Application Thread] DEBUG GameWorld            - Clearing game world
23:30:21.588 [JavaFX Application Thread] DEBUG PhysicsWorld         - Clearing physics world
23:30:21.590 [FXGL Background Thread 1 ] DEBUG FXGLApplication      - Initializing game
23:30:21.612 [FXGL Background Thread 4 ] DEBUG FXGLAssetLoaderServi - Loading from file system: jar:file:/C:/Users/User/.m2/repository/com/github/almasb/fxgl/17.3/fxgl-17.3.jar!/fxglassets/ui/fonts/Abel-Regular.ttf
23:30:21.627 [FXGL Background Thread 4 ] DEBUG FXGLAssetLoaderServi - Loading from file system: jar:file:/C:/Users/User/.m2/repository/com/github/almasb/fxgl/17.3/fxgl-17.3.jar!/fxglassets/ui/fonts/TerminalLandMono-Regular.otf
23:30:21.631 [FXGL Background Thread 1 ] DEBUG FXGLAssetLoaderServi - Loading from file system: file:/C:/Users/User/Documents/GitHub/Sonic-rush/target/classes/assets/music/OST2.mp3
23:30:21.633 [FXGL Background Thread 4 ] DEBUG FXGLAssetLoaderServi - Loading from file system: jar:file:/C:/Users/User/.m2/repository/com/github/almasb/fxgl/17.3/fxgl-17.3.jar!/fxglassets/ui/fonts/Courier-Prime.ttf
23:30:21.661 [JavaFX Application Thread] DEBUG FXGLApplication      - Registering font factories with UI factory
23:30:21.902 [FXGL Background Thread 1 ] DEBUG AudioPlayer          - Playing music com.almasb.fxgl.audio.Music@40933db2
23:30:21.905 [FXGL Background Thread 1 ] INFO  FXGLApplication      - Game initialization took: 0,315 sec
23:30:22.159 [JavaFX Application Thread] DEBUG Input                - Clearing active input actions
23:30:22.179 [JavaFX Application Thread] DEBUG GameApplicationServi - Removing overlay from FXGLLoadingScene and adding to GameScene
23:30:22.179 [JavaFX Application Thread] DEBUG PrimaryStageWindow   - FXGLLoadingScene -> GameScene
23:30:22.306 [FXGL Background Thread 2 ] INFO  UpdaterService       - Your current version:  17.3
23:30:22.317 [FXGL Background Thread 2 ] INFO  UpdaterService       - Latest stable version: 21.1
23:30:24.482 [FXGL Background Thread 3 ] DEBUG Engine               - Logging environment variables
23:30:24.482 [FXGL Background Thread 3 ] DEBUG Engine               - achievements: []
23:30:24.482 [FXGL Background Thread 3 ] DEBUG Engine               - actualHeight: 600.0
23:30:24.483 [FXGL Background Thread 3 ] DEBUG Engine               - actualHeightProperty: ReadOnlyDoubleProperty [value: 600.0]
23:30:24.483 [FXGL Background Thread 3 ] DEBUG Engine               - actualWidth: 1000.0
23:30:24.483 [FXGL Background Thread 3 ] DEBUG Engine               - actualWidthProperty: ReadOnlyDoubleProperty [value: 1000.0]
23:30:24.483 [FXGL Background Thread 3 ] DEBUG Engine               - appIcon: fxgl_icon.png
23:30:24.483 [FXGL Background Thread 3 ] DEBUG Engine               - applicationMode: DEVELOPER
23:30:24.483 [FXGL Background Thread 3 ] DEBUG Engine               - cSSList: [fxgl_dark.css]
23:30:24.483 [FXGL Background Thread 3 ] DEBUG Engine               - collisionDetectionStrategy: BRUTE_FORCE
23:30:24.483 [FXGL Background Thread 3 ] DEBUG Engine               - configClass: Optional.empty
23:30:24.483 [FXGL Background Thread 3 ] DEBUG Engine               - credits: []
23:30:24.483 [FXGL Background Thread 3 ] DEBUG Engine               - defaultCursor: CursorInfo(imageName=fxgl_default_cursor.png, hotspotX=7.0, hotspotY=6.0)
23:30:24.483 [FXGL Background Thread 3 ] DEBUG Engine               - devBBoxColorProperty: ObjectProperty [value: 0xff0000ff]
23:30:24.483 [FXGL Background Thread 3 ] DEBUG Engine               - devEnableDebugCameraProperty: BooleanProperty [value: false]
23:30:24.484 [FXGL Background Thread 3 ] DEBUG Engine               - devSensorColorProperty: ObjectProperty [value: 0xffff00ff]
23:30:24.484 [FXGL Background Thread 3 ] DEBUG Engine               - devShowBBoxProperty: BooleanProperty [value: false]
23:30:24.484 [FXGL Background Thread 3 ] DEBUG Engine               - devShowPositionProperty: BooleanProperty [value: false]
23:30:24.484 [FXGL Background Thread 3 ] DEBUG Engine               - enabledMenuItems: []
23:30:24.484 [FXGL Background Thread 3 ] DEBUG Engine               - engineServices: [class com.almasb.fxgl.app.services.FXGLAssetLoaderService, class com.almasb.fxgl.app.FXGLApplication$GameApplicationService, class com.almasb.fxgl.app.services.FXGLDialogService, class com.almasb.fxgl.app.services.IOTaskExecutorService, class com.almasb.fxgl.io.FileSystemService, class com.almasb.fxgl.localization.LocalizationService, class com.almasb.fxgl.app.services.SystemBundleService, class com.almasb.fxgl.profile.SaveLoadService, class com.almasb.fxgl.ui.FXGLUIFactoryServiceProvider, class com.almasb.fxgl.ui.FXGLDialogFactoryServiceProvider, class com.almasb.fxgl.audio.AudioPlayer, class com.almasb.fxgl.notification.impl.NotificationServiceProvider, class com.almasb.fxgl.achievement.AchievementService, class com.almasb.fxgl.cutscene.CutsceneService, class com.almasb.fxgl.minigames.MiniGameService, class com.almasb.fxgl.net.NetService, class com.almasb.fxgl.app.services.UpdaterService, class com.almasb.fxgl.dev.DevService, class com.almasb.fxgl.multiplayer.MultiplayerService]
23:30:24.484 [FXGL Background Thread 3 ] DEBUG Engine               - fontGame: Abel-Regular.ttf
23:30:24.484 [FXGL Background Thread 3 ] DEBUG Engine               - fontMono: TerminalLandMono-Regular.otf
23:30:24.484 [FXGL Background Thread 3 ] DEBUG Engine               - fontSizeScaleUI: 1.0
23:30:24.484 [FXGL Background Thread 3 ] DEBUG Engine               - fontText: Courier-Prime.ttf
23:30:24.484 [FXGL Background Thread 3 ] DEBUG Engine               - fontUI: VarelaRound-Regular.ttf
23:30:24.484 [FXGL Background Thread 3 ] DEBUG Engine               - fullScreen: BooleanProperty [value: false]
23:30:24.484 [FXGL Background Thread 3 ] DEBUG Engine               - gameDifficulty: MEDIUM
23:30:24.484 [FXGL Background Thread 3 ] DEBUG Engine               - gameDifficultyProperty: ObjectProperty [value: MEDIUM]
23:30:24.484 [FXGL Background Thread 3 ] DEBUG Engine               - globalMusicVolume: 0.5
23:30:24.484 [FXGL Background Thread 3 ] DEBUG Engine               - globalMusicVolumeProperty: DoubleProperty [value: 0.5]
23:30:24.484 [FXGL Background Thread 3 ] DEBUG Engine               - globalSoundVolume: 0.5
23:30:24.485 [FXGL Background Thread 3 ] DEBUG Engine               - globalSoundVolumeProperty: DoubleProperty [value: 0.5]
23:30:24.485 [FXGL Background Thread 3 ] DEBUG Engine               - height: 600
23:30:24.485 [FXGL Background Thread 3 ] DEBUG Engine               - is3D: false
23:30:24.485 [FXGL Background Thread 3 ] DEBUG Engine               - isAndroid: false
23:30:24.485 [FXGL Background Thread 3 ] DEBUG Engine               - isBrowser: false
23:30:24.485 [FXGL Background Thread 3 ] DEBUG Engine               - isClickFeedbackEnabled: false
23:30:24.485 [FXGL Background Thread 3 ] DEBUG Engine               - isCloseConfirmation: false
23:30:24.485 [FXGL Background Thread 3 ] DEBUG Engine               - isDesktop: true
23:30:24.485 [FXGL Background Thread 3 ] DEBUG Engine               - isDeveloperMenuEnabled: false
23:30:24.485 [FXGL Background Thread 3 ] DEBUG Engine               - isEmbedded: false
23:30:24.485 [FXGL Background Thread 3 ] DEBUG Engine               - isEntityPreloadEnabled: true
23:30:24.485 [FXGL Background Thread 3 ] DEBUG Engine               - isExperimentalTiledLargeMap: false
23:30:24.485 [FXGL Background Thread 3 ] DEBUG Engine               - isFileSystemWriteAllowed: true
23:30:24.485 [FXGL Background Thread 3 ] DEBUG Engine               - isFullScreenAllowed: false
23:30:24.485 [FXGL Background Thread 3 ] DEBUG Engine               - isFullScreenFromStart: false
23:30:24.485 [FXGL Background Thread 3 ] DEBUG Engine               - isGameMenuEnabled: true
23:30:24.485 [FXGL Background Thread 3 ] DEBUG Engine               - isIOS: false
23:30:24.485 [FXGL Background Thread 3 ] DEBUG Engine               - isIntroEnabled: false
23:30:24.485 [FXGL Background Thread 3 ] DEBUG Engine               - isLinux: false
23:30:24.485 [FXGL Background Thread 3 ] DEBUG Engine               - isMac: false
23:30:24.485 [FXGL Background Thread 3 ] DEBUG Engine               - isMainMenuEnabled: false
23:30:24.486 [FXGL Background Thread 3 ] DEBUG Engine               - isManualResizeEnabled: false
23:30:24.486 [FXGL Background Thread 3 ] DEBUG Engine               - isMobile: false
23:30:24.486 [FXGL Background Thread 3 ] DEBUG Engine               - isNative: false
23:30:24.486 [FXGL Background Thread 3 ] DEBUG Engine               - isPauseMusicWhenMinimized: true
23:30:24.486 [FXGL Background Thread 3 ] DEBUG Engine               - isPreserveResizeRatio: false
23:30:24.486 [FXGL Background Thread 3 ] DEBUG Engine               - isProfilingEnabled: false
23:30:24.486 [FXGL Background Thread 3 ] DEBUG Engine               - isScaleAffectedOnResize: true
23:30:24.486 [FXGL Background Thread 3 ] DEBUG Engine               - isSingleStep: false
23:30:24.486 [FXGL Background Thread 3 ] DEBUG Engine               - isUserProfileEnabled: false
23:30:24.486 [FXGL Background Thread 3 ] DEBUG Engine               - isWindows: true
23:30:24.486 [FXGL Background Thread 3 ] DEBUG Engine               - language: ObjectProperty [value: ENGLISH]
23:30:24.486 [FXGL Background Thread 3 ] DEBUG Engine               - menuKey: ESCAPE
23:30:24.486 [FXGL Background Thread 3 ] DEBUG Engine               - mouseSensitivity: 0.2
23:30:24.486 [FXGL Background Thread 3 ] DEBUG Engine               - notificationViewClass: class com.almasb.fxgl.notification.view.XboxNotificationView
23:30:24.486 [FXGL Background Thread 3 ] DEBUG Engine               - pixelsPerMeter: 50.0
23:30:24.486 [FXGL Background Thread 3 ] DEBUG Engine               - platform: WINDOWS
23:30:24.486 [FXGL Background Thread 3 ] DEBUG Engine               - prefHeightProperty: ReadOnlyDoubleProperty [value: 600.0]
23:30:24.486 [FXGL Background Thread 3 ] DEBUG Engine               - prefWidthProperty: ReadOnlyDoubleProperty [value: 1000.0]
23:30:24.486 [FXGL Background Thread 3 ] DEBUG Engine               - profileDir: profiles/
23:30:24.486 [FXGL Background Thread 3 ] DEBUG Engine               - profileName: StringProperty [value: DEFAULT]
23:30:24.486 [FXGL Background Thread 3 ] DEBUG Engine               - randomSeed: -1
23:30:24.487 [FXGL Background Thread 3 ] DEBUG Engine               - runtimeInfo: RuntimeInfo(platform=WINDOWS, version=17.3, build=30.03.2023 11.49)
23:30:24.487 [FXGL Background Thread 3 ] DEBUG Engine               - saveFileExt: sav
23:30:24.487 [FXGL Background Thread 3 ] DEBUG Engine               - scaledHeightProp$fxgl: DoubleProperty [bound, value: 600.0]
23:30:24.487 [FXGL Background Thread 3 ] DEBUG Engine               - scaledWidthProp$fxgl: DoubleProperty [bound, value: 1000.0]
23:30:24.487 [FXGL Background Thread 3 ] DEBUG Engine               - sceneFactory: com.almasb.fxgl.app.scene.SceneFactory@5e609a86
23:30:24.487 [FXGL Background Thread 3 ] DEBUG Engine               - secondsIn24h: 60
23:30:24.487 [FXGL Background Thread 3 ] DEBUG Engine               - soundMenuBack: menu/back.wav
23:30:24.487 [FXGL Background Thread 3 ] DEBUG Engine               - soundMenuPress: menu/press.wav
23:30:24.487 [FXGL Background Thread 3 ] DEBUG Engine               - soundMenuSelect: menu/select.wav
23:30:24.487 [FXGL Background Thread 3 ] DEBUG Engine               - soundNotification: core/notification.wav
23:30:24.487 [FXGL Background Thread 3 ] DEBUG Engine               - stageStyle: DECORATED
23:30:24.487 [FXGL Background Thread 3 ] DEBUG Engine               - supportedLanguages: [ENGLISH, FRENCH, GERMAN, HUNGARIAN, RUSSIAN]
23:30:24.487 [FXGL Background Thread 3 ] DEBUG Engine               - ticksPerSecond: -1
23:30:24.487 [FXGL Background Thread 3 ] DEBUG Engine               - title: Jugador Sonic
23:30:24.487 [FXGL Background Thread 3 ] DEBUG Engine               - urlGithub: https://github.com/AlmasB/FXGL
23:30:24.487 [FXGL Background Thread 3 ] DEBUG Engine               - urlLeaderboard: http://fxgl-top.herokuapp.com/
23:30:24.487 [FXGL Background Thread 3 ] DEBUG Engine               - urlPOM: https://raw.githubusercontent.com/AlmasB/FXGL/release/README.md
23:30:24.487 [FXGL Background Thread 3 ] DEBUG Engine               - userAppClass: class Runner.ClientRunner
23:30:24.488 [FXGL Background Thread 3 ] DEBUG Engine               - version: 0.0
23:30:24.488 [FXGL Background Thread 3 ] DEBUG Engine               - versionCheckDays: 7
23:30:24.488 [FXGL Background Thread 3 ] DEBUG Engine               - width: 1000
23:30:24.488 [FXGL Background Thread 3 ] DEBUG Engine               - Logging services
23:30:24.488 [FXGL Background Thread 3 ] DEBUG Engine               - class com.almasb.fxgl.app.services.FXGLAssetLoaderService
23:30:24.488 [FXGL Background Thread 3 ] DEBUG Engine               - class com.almasb.fxgl.app.FXGLApplication$GameApplicationService
23:30:24.488 [FXGL Background Thread 3 ] DEBUG Engine               - class com.almasb.fxgl.app.services.FXGLDialogService
23:30:24.488 [FXGL Background Thread 3 ] DEBUG Engine               - class com.almasb.fxgl.app.services.IOTaskExecutorService
23:30:24.488 [FXGL Background Thread 3 ] DEBUG Engine               - class com.almasb.fxgl.io.FileSystemService
23:30:24.488 [FXGL Background Thread 3 ] DEBUG Engine               - class com.almasb.fxgl.localization.LocalizationService
23:30:24.488 [FXGL Background Thread 3 ] DEBUG Engine               - class com.almasb.fxgl.app.services.SystemBundleService
23:30:24.488 [FXGL Background Thread 3 ] DEBUG Engine               - class com.almasb.fxgl.profile.SaveLoadService
23:30:24.488 [FXGL Background Thread 3 ] DEBUG Engine               - class com.almasb.fxgl.ui.FXGLUIFactoryServiceProvider
23:30:24.488 [FXGL Background Thread 3 ] DEBUG Engine               - class com.almasb.fxgl.ui.FXGLDialogFactoryServiceProvider
23:30:24.488 [FXGL Background Thread 3 ] DEBUG Engine               - class com.almasb.fxgl.audio.AudioPlayer
23:30:24.488 [FXGL Background Thread 3 ] DEBUG Engine               - class com.almasb.fxgl.notification.impl.NotificationServiceProvider
23:30:24.488 [FXGL Background Thread 3 ] DEBUG Engine               - class com.almasb.fxgl.achievement.AchievementService
23:30:24.488 [FXGL Background Thread 3 ] DEBUG Engine               - class com.almasb.fxgl.cutscene.CutsceneService
23:30:24.488 [FXGL Background Thread 3 ] DEBUG Engine               - class com.almasb.fxgl.minigames.MiniGameService
23:30:24.488 [FXGL Background Thread 3 ] DEBUG Engine               - class com.almasb.fxgl.net.NetService
23:30:24.488 [FXGL Background Thread 3 ] DEBUG Engine               - class com.almasb.fxgl.app.services.UpdaterService
23:30:24.488 [FXGL Background Thread 3 ] DEBUG Engine               - class com.almasb.fxgl.dev.DevService
23:30:24.488 [FXGL Background Thread 3 ] DEBUG Engine               - class com.almasb.fxgl.multiplayer.MultiplayerService
23:30:24.775 [JavaFX Application Thread] DEBUG FXGLAssetLoaderServi - Loading from file system: file:/C:/Users/User/Documents/GitHub/Sonic-rush/target/classes/assets/textures/fondo.png
23:30:24.974 [JavaFX Application Thread] WARN  TMXLevelLoader       - TiledMap generated from 1.11.2. Supported version: 1.9.0. Some features may not be parsed fully.
23:30:24.993 [JavaFX Application Thread] DEBUG TMXLevelLoader       - Parsed TiledMap: file:/C:/Users/User/Documents/GitHub/Sonic-rush/target/classes/assets/levels/mapazo.tmx
23:30:24.994 [JavaFX Application Thread] DEBUG TMXLevelLoader       - Creating tile layer entities
23:30:24.997 [JavaFX Application Thread] DEBUG TilesetLoader        - Loading view for layer Capa de patrones 1
23:30:25.002 [JavaFX Application Thread] DEBUG TilesetLoader        - Created buffer with size 3840.0x720.0
23:30:25.043 [JavaFX Application Thread] DEBUG TMXLevelLoader       - Creating object layer entities
23:30:25.068 [JavaFX Application Thread] DEBUG GameWorld            - Clearing removable entities
23:30:25.072 [JavaFX Application Thread] DEBUG GameWorld            - Setting level: com.almasb.fxgl.entity.level.Level@e0705f3
23:30:25.093 [ClientAsyncConnThread    ] DEBUG TCPClient            - Connecting to localhost:55555 type: class com.almasb.fxgl.core.serialization.Bundle
23:30:25.095 [ClientAsyncConnThread    ] DEBUG TCPClient            - Created socket to localhost:55555
23:30:25.106 [ClientAsyncConnThread    ] DEBUG Endpoint             - TCPClient opening new connection (1) from localhost/127.0.0.1:55555 type: class com.almasb.fxgl.core.serialization.Bundle
23:30:25.107 [ClientAsyncConnThread    ] DEBUG Endpoint             - TCPClient successfully opened connection (1)
23:30:25.124 [TCPClient_SendThread-1   ] DEBUG Writers              - Getting TCPMessageWriter for class com.almasb.fxgl.core.serialization.Bundle
23:30:25.124 [TCPClient_RecvThread-1   ] DEBUG Readers              - Getting TCPMessageReader for class com.almasb.fxgl.core.serialization.Bundle
23:30:25.125 [TCPClient_SendThread-1   ] DEBUG Writers              - Constructed TCPMessageWriter for class com.almasb.fxgl.core.serialization.Bundle: BundleTCPMessageWriter
23:30:25.133 [TCPClient_RecvThread-1   ] DEBUG Readers              - Constructed MessageReader for class com.almasb.fxgl.core.serialization.Bundle: BundleTCPMessageReader
23:30:25.147 [JavaFX Application Thread] DEBUG FXGLAssetLoaderServi - Loading from file system: file:/C:/Users/User/Documents/GitHub/Sonic-rush/target/classes/assets/textures/Items/ring.png
23:30:25.161 [JavaFX Application Thread] DEBUG FXGLAssetLoaderServi - Loading from file system: file:/C:/Users/User/Documents/GitHub/Sonic-rush/target/classes/assets/textures/Items/papel.png
23:30:25.174 [JavaFX Application Thread] DEBUG FXGLAssetLoaderServi - Loading from file system: file:/C:/Users/User/Documents/GitHub/Sonic-rush/target/classes/assets/textures/Items/caucho.png
23:30:25.177 [JavaFX Application Thread] DEBUG FXGLAssetLoaderServi - Loading from file system: file:/C:/Users/User/Documents/GitHub/Sonic-rush/target/classes/assets/textures/Items/basura.png
23:30:25.195 [JavaFX Application Thread] DEBUG FXGLAssetLoaderServi - Loading from file system: file:/C:/Users/User/Documents/GitHub/Sonic-rush/target/classes/assets/textures/Enemigos/enemigo2.png
23:30:25.228 [JavaFX Application Thread] DEBUG FXGLAssetLoaderServi - Loading from file system: file:/C:/Users/User/Documents/GitHub/Sonic-rush/target/classes/assets/textures/Personajes/tails.png
23:30:25.229 [JavaFX Application Thread] DEBUG FXGLAssetLoaderServi - Loading from file system: file:/C:/Users/User/Documents/GitHub/Sonic-rush/target/classes/assets/textures/Personajes/tails_Salta.png
23:30:25.231 [JavaFX Application Thread] DEBUG FXGLAssetLoaderServi - Loading from file system: file:/C:/Users/User/Documents/GitHub/Sonic-rush/target/classes/assets/textures/Personajes/tails_caminando.png
23:30:27.337 [JavaFX Application Thread] DEBUG FXGLAssetLoaderServi - Loading from file system: file:/C:/Users/User/Documents/GitHub/Sonic-rush/target/classes/assets/sounds/recoger.wav
23:30:28.856 [JavaFX Application Thread] DEBUG FXGLAssetLoaderServi - Loading from file system: file:/C:/Users/User/Documents/GitHub/Sonic-rush/target/classes/assets/sounds/perder_anillos.wav
23:30:44.476 [JavaFX Application Thread] DEBUG FXGLAssetLoaderServi - Loading from file system: file:/C:/Users/User/Documents/GitHub/Sonic-rush/target/classes/assets/textures/Enemigos/eggman2.png
23:31:09.239 [JavaFX Application Thread] DEBUG FXGLAssetLoaderServi - Loading from file system: file:/C:/Users/User/Documents/GitHub/Sonic-rush/target/classes/assets/sounds/muerte.wav
23:31:12.701 [JavaFX Application Thread] DEBUG PrimaryStageWindow   - Push state: DialogSubScene
23:31:12.701 [JavaFX Application Thread] DEBUG Input                - Clearing active input actions
23:31:12.702 [JavaFX Application Thread] DEBUG GameApplicationServi - Removing overlay from GameScene and adding to DialogSubScene
23:31:12.703 [JavaFX Application Thread] DEBUG PrimaryStageWindow   - GameScene -> DialogSubScene
23:31:13.959 [JavaFX Application Thread] DEBUG PrimaryStageWindow   - Pop state: DialogSubScene
23:31:13.959 [JavaFX Application Thread] DEBUG Input                - Clearing active input actions
23:31:13.960 [JavaFX Application Thread] DEBUG GameApplicationServi - Removing overlay from DialogSubScene and adding to GameScene
23:31:13.960 [JavaFX Application Thread] DEBUG PrimaryStageWindow   - GameScene <- DialogSubScene
23:31:13.975 [JavaFX Application Thread] DEBUG PrimaryStageWindow   - Push state: DialogSubScene
23:31:13.975 [JavaFX Application Thread] DEBUG Input                - Clearing active input actions
23:31:13.977 [JavaFX Application Thread] DEBUG GameApplicationServi - Removing overlay from GameScene and adding to DialogSubScene
23:31:13.977 [JavaFX Application Thread] DEBUG PrimaryStageWindow   - GameScene -> DialogSubScene
23:31:16.687 [JavaFX Application Thread] DEBUG PrimaryStageWindow   - Pop state: DialogSubScene
23:31:16.687 [JavaFX Application Thread] DEBUG Input                - Clearing active input actions
23:31:16.687 [JavaFX Application Thread] DEBUG GameApplicationServi - Removing overlay from DialogSubScene and adding to GameScene
23:31:16.687 [JavaFX Application Thread] DEBUG PrimaryStageWindow   - GameScene <- DialogSubScene
23:31:18.600 [JavaFX Application Thread] DEBUG PrimaryStageWindow   - Push state: DialogSubScene
23:31:18.600 [JavaFX Application Thread] DEBUG Input                - Clearing active input actions
23:31:18.600 [JavaFX Application Thread] DEBUG GameApplicationServi - Removing overlay from GameScene and adding to DialogSubScene
23:31:18.600 [JavaFX Application Thread] DEBUG PrimaryStageWindow   - GameScene -> DialogSubScene
23:31:21.199 [JavaFX Application Thread] DEBUG PrimaryStageWindow   - Pop state: DialogSubScene
23:31:21.199 [JavaFX Application Thread] DEBUG Input                - Clearing active input actions
23:31:21.199 [JavaFX Application Thread] DEBUG GameApplicationServi - Removing overlay from DialogSubScene and adding to GameScene
23:31:21.200 [JavaFX Application Thread] DEBUG PrimaryStageWindow   - GameScene <- DialogSubScene
23:31:22.519 [JavaFX Application Thread] DEBUG FXGLApplication      - Exiting FXGL
23:31:22.519 [JavaFX Application Thread] DEBUG LoopRunner           - Stopping loop
23:31:22.519 [JavaFX Application Thread] DEBUG SystemBundleService  - Saving FXGL system data
23:31:22.521 [JavaFX Application Thread] DEBUG FileSystemAccess     - Writing to: C:\Users\User\Documents\GitHub\Sonic-rush\system\fxgl.bundle
23:31:22.522 [JavaFX Application Thread] DEBUG Async                - Shutting down background threads
23:31:22.522 [JavaFX Application Thread] DEBUG PrimaryStageWindow   - Closing main window
23:31:22.529 [JavaFX Application Thread] DEBUG Logger               - Closing Logger
