14:19:27.176 [main                     ] DEBUG Logger               - Configured Logger
14:19:27.234 [main                     ] DEBUG GameApplication      - Logging settings
Title: Jugador Sonic
Version: 0.0
Width: 1000
Height: 600
Fullscreen: false
Intro: false
Profiling: false
Single step:false
App Mode: DEVELOPER
Menu Key: ESCAPE
Stage Style: DECORATED
Scene Factory: class com.almasb.fxgl.app.scene.SceneFactory

14:19:27.910 [JavaFX Application Thread] DEBUG FXGLApplication      - Initializing FXGL
14:19:27.917 [JavaFX Application Thread] INFO  Engine               - FXGL-17.3 (30.03.2023 11.49) on WINDOWS (J:17.0.12 FX:20)
14:19:27.920 [JavaFX Application Thread] DEBUG Engine               - JRE Vendor Name: Oracle Corporation
14:19:27.920 [JavaFX Application Thread] DEBUG Engine               - Running on OS: Windows 10 version 10.0
14:19:27.921 [JavaFX Application Thread] DEBUG Engine               - Architecture: amd64
14:19:27.921 [JavaFX Application Thread] INFO  Engine               - Source code and latest versions at: https://github.com/AlmasB/FXGL
14:19:27.922 [JavaFX Application Thread] INFO  Engine               -       Ask questions and discuss at: https://github.com/AlmasB/FXGL/discussions
14:19:27.922 [JavaFX Application Thread] INFO  Engine               -              Join the FXGL chat at: https://gitter.im/AlmasB/FXGL
14:19:28.198 [JavaFX Application Thread] DEBUG PrimaryStageWindow   - Creating a JavaFX scene
14:19:28.283 [JavaFX Application Thread] DEBUG PrimaryStageWindow   - Target settings size: 1000.0 x 600.0
14:19:28.283 [JavaFX Application Thread] DEBUG PrimaryStageWindow   - Scaled scene size:    1000.0 x 600.0
14:19:28.284 [JavaFX Application Thread] DEBUG PrimaryStageWindow   - Scaled ratio: (1.0, 1.0)
14:19:28.285 [JavaFX Application Thread] DEBUG PrimaryStageWindow   - Set initial scene to FXGLStartupScene
14:19:28.291 [JavaFX Application Thread] DEBUG PrimaryStageWindow   - Opening main window
14:19:28.415 [JavaFX Application Thread] DEBUG PrimaryStageWindow   - Window border size: (14.4000244140625, 37.5999755859375)
14:19:28.415 [JavaFX Application Thread] DEBUG PrimaryStageWindow   - Scaled size: 1000.0 x 600.0
14:19:28.416 [JavaFX Application Thread] DEBUG PrimaryStageWindow   - Scaled ratio: (1.0, 1.0)
14:19:28.416 [JavaFX Application Thread] DEBUG PrimaryStageWindow   - Scene size: 1000.0 x 600.0
14:19:28.417 [JavaFX Application Thread] DEBUG PrimaryStageWindow   - Stage size: 1014.4000244140625 x 637.5999755859375
14:19:28.492 [FXGL Background Thread 1 ] DEBUG Engine               - Initializing environment variables
14:19:28.574 [FXGL Background Thread 1 ] DEBUG FXGLAssetLoaderServi - User app class for loading assets: class Runner.ClientRunner
14:19:28.576 [FXGL Background Thread 1 ] DEBUG GameApplicationServi - Applying CSS: fxgl_dark.css
14:19:28.578 [FXGL Background Thread 1 ] DEBUG FXGLAssetLoaderServi - Loading from file system: jar:file:/C:/Users/Owner/.m2/repository/com/github/almasb/fxgl/17.3/fxgl-17.3.jar!/fxglassets/ui/css/fxgl_dark.css
14:19:28.803 [FXGL Background Thread 1 ] DEBUG GameApplicationServi - Initializing application scenes
14:19:29.350 [FXGL Background Thread 1 ] DEBUG GameWorld            - Game world initialized
14:19:29.613 [FXGL Background Thread 1 ] DEBUG PhysicsWorld         - Physics world initialized: appHeight=600, physics.ppm=50.0
14:19:29.614 [FXGL Background Thread 1 ] DEBUG PhysicsWorld         - Using strategy: BRUTE_FORCE
14:19:29.688 [FXGL Background Thread 1 ] DEBUG GameScene            - Game scene initialized: 1000x600
14:19:29.752 [FXGL Background Thread 1 ] DEBUG FXGL.DefaultMenu     - createMenuBodyGameMenu()
14:19:29.882 [FXGL Background Thread 1 ] DEBUG FXGL.DefaultMenu     - createOptionsMenu()
14:19:30.000 [FXGL Background Thread 1 ] DEBUG FXGLAssetLoaderServi - Loading from file system: jar:file:/C:/Users/Owner/.m2/repository/com/github/almasb/fxgl/17.3/fxgl-17.3.jar!/fxglassets/textures/particles/smoke.png
14:19:30.681 [FXGL Background Thread 1 ] DEBUG FXGLAssetLoaderServi - Loading from file system: jar:file:/C:/Users/Owner/.m2/repository/com/github/almasb/fxgl/17.3/fxgl-17.3.jar!/fxglassets/textures/particles/trace_horizontal.png
14:19:30.766 [FXGL Background Thread 1 ] DEBUG GameApplicationServi - Application scenes initialized
14:19:30.789 [FXGL Background Thread 1 ] DEBUG SystemBundleService  - Loading FXGL system data
14:19:30.795 [FXGL Background Thread 1 ] DEBUG FileSystemAccess     - Reading from: C:\Users\Owner\Desktop\Sonic-rush\system\fxgl.bundle
14:19:30.806 [FXGL Background Thread 1 ] DEBUG SystemBundleService  - Bundle FXGL: {}
14:19:30.806 [FXGL Background Thread 1 ] DEBUG UpdaterService       - Checking for updates
14:19:30.814 [FXGL Background Thread 1 ] DEBUG FXGLApplication      - Loading default localization
14:19:30.815 [FXGL Background Thread 1 ] DEBUG FXGLAssetLoaderServi - Loading from file system: jar:file:/C:/Users/Owner/.m2/repository/com/github/almasb/fxgl/17.3/fxgl-17.3.jar!/fxglassets/languages/english.lang
14:19:30.845 [FXGL Background Thread 1 ] INFO  FXGLApplication      - FXGL initialization took: 2.352 sec
14:19:30.899 [FXGL Background Thread 4 ] DEBUG FXGLApplication      - Loading fonts
14:19:30.901 [FXGL Background Thread 4 ] DEBUG FXGLAssetLoaderServi - Loading from file system: jar:file:/C:/Users/Owner/.m2/repository/com/github/almasb/fxgl/17.3/fxgl-17.3.jar!/fxglassets/ui/fonts/VarelaRound-Regular.ttf
14:19:30.963 [JavaFX Application Thread] DEBUG Input                - Registered new binding: Mover a la izquierda - A
14:19:30.963 [JavaFX Application Thread] DEBUG Input                - Registered new binding: Mover a la derecha - D
14:19:30.964 [JavaFX Application Thread] DEBUG Input                - Registered new binding: Saltar - W
14:19:30.964 [JavaFX Application Thread] DEBUG Input                - Registered new binding: Interactuar - E
14:19:30.964 [JavaFX Application Thread] DEBUG Input                - Registered new binding: Transformar - P
14:19:30.965 [JavaFX Application Thread] DEBUG Input                - Registered new binding: Desactivar filtro - L
14:19:30.966 [JavaFX Application Thread] DEBUG FXGLAssetLoaderServi - Loading from file system: jar:file:/C:/Users/Owner/.m2/repository/com/github/almasb/fxgl/17.3/fxgl-17.3.jar!/fxglassets/textures/fxgl_icon.png
14:19:30.997 [JavaFX Application Thread] DEBUG FXGLAssetLoaderServi - Loading from file system: jar:file:/C:/Users/Owner/.m2/repository/com/github/almasb/fxgl/17.3/fxgl-17.3.jar!/fxglassets/textures/fxgl_default_cursor.png
14:19:31.000 [JavaFX Application Thread] DEBUG Input                - Registered new binding: Screenshot - CTRL+8
14:19:31.001 [JavaFX Application Thread] DEBUG Input                - Registered new binding: System info dump - CTRL+9
14:19:31.002 [JavaFX Application Thread] DEBUG Input                - Registered new binding: Restart - CTRL+R
14:19:31.003 [JavaFX Application Thread] DEBUG Input                - Registered new binding: Toggle Debug Camera - CTRL+7
14:19:31.008 [JavaFX Application Thread] DEBUG LoopRunner           - Starting loop
14:19:31.008 [JavaFX Application Thread] DEBUG LoopRunner           - Initializing JavaFX AnimationTimerLoop
14:19:31.010 [JavaFX Application Thread] DEBUG GameApplicationServi - Starting new game
14:19:31.011 [JavaFX Application Thread] DEBUG Input                - Clearing active input actions
14:19:31.024 [JavaFX Application Thread] DEBUG GameApplicationServi - Removing overlay from FXGLStartupScene and adding to FXGLLoadingScene
14:19:31.025 [JavaFX Application Thread] DEBUG PrimaryStageWindow   - FXGLStartupScene -> FXGLLoadingScene
14:19:31.025 [JavaFX Application Thread] DEBUG GameApplicationServi - Clearing previous game
14:19:31.025 [JavaFX Application Thread] DEBUG GameScene            - Clearing game scene
14:19:31.025 [JavaFX Application Thread] DEBUG GameWorld            - Clearing game world
14:19:31.025 [JavaFX Application Thread] DEBUG PhysicsWorld         - Clearing physics world
14:19:31.027 [FXGL Background Thread 1 ] DEBUG FXGLApplication      - Initializing game
14:19:31.064 [FXGL Background Thread 1 ] DEBUG FXGLAssetLoaderServi - Loading from file system: file:/C:/Users/Owner/Desktop/Sonic-rush/target/classes/assets/music/OST2.mp3
14:19:31.846 [FXGL Background Thread 4 ] DEBUG FXGLAssetLoaderServi - Loading from file system: jar:file:/C:/Users/Owner/.m2/repository/com/github/almasb/fxgl/17.3/fxgl-17.3.jar!/fxglassets/ui/fonts/Abel-Regular.ttf
14:19:31.853 [FXGL Background Thread 4 ] DEBUG FXGLAssetLoaderServi - Loading from file system: jar:file:/C:/Users/Owner/.m2/repository/com/github/almasb/fxgl/17.3/fxgl-17.3.jar!/fxglassets/ui/fonts/TerminalLandMono-Regular.otf
14:19:31.865 [FXGL Background Thread 4 ] DEBUG FXGLAssetLoaderServi - Loading from file system: jar:file:/C:/Users/Owner/.m2/repository/com/github/almasb/fxgl/17.3/fxgl-17.3.jar!/fxglassets/ui/fonts/Courier-Prime.ttf
14:19:31.891 [JavaFX Application Thread] DEBUG FXGLApplication      - Registering font factories with UI factory
14:19:32.927 [FXGL Background Thread 2 ] INFO  UpdaterService       - Your current version:  17.3
14:19:32.964 [FXGL Background Thread 2 ] INFO  UpdaterService       - Latest stable version: 21.1
14:19:33.812 [FXGL Background Thread 3 ] DEBUG Engine               - Logging environment variables
14:19:33.813 [FXGL Background Thread 3 ] DEBUG Engine               - achievements: []
14:19:33.814 [FXGL Background Thread 3 ] DEBUG Engine               - actualHeight: 600.0
14:19:33.814 [FXGL Background Thread 3 ] DEBUG Engine               - actualHeightProperty: ReadOnlyDoubleProperty [value: 600.0]
14:19:33.814 [FXGL Background Thread 3 ] DEBUG Engine               - actualWidth: 1000.0
14:19:33.815 [FXGL Background Thread 3 ] DEBUG Engine               - actualWidthProperty: ReadOnlyDoubleProperty [value: 1000.0]
14:19:33.815 [FXGL Background Thread 3 ] DEBUG Engine               - appIcon: fxgl_icon.png
14:19:33.815 [FXGL Background Thread 3 ] DEBUG Engine               - applicationMode: DEVELOPER
14:19:33.815 [FXGL Background Thread 3 ] DEBUG Engine               - cSSList: [fxgl_dark.css]
14:19:33.816 [FXGL Background Thread 3 ] DEBUG Engine               - collisionDetectionStrategy: BRUTE_FORCE
14:19:33.816 [FXGL Background Thread 3 ] DEBUG Engine               - configClass: Optional.empty
14:19:33.816 [FXGL Background Thread 3 ] DEBUG Engine               - credits: []
14:19:33.817 [FXGL Background Thread 3 ] DEBUG Engine               - defaultCursor: CursorInfo(imageName=fxgl_default_cursor.png, hotspotX=7.0, hotspotY=6.0)
14:19:33.818 [FXGL Background Thread 3 ] DEBUG Engine               - devBBoxColorProperty: ObjectProperty [value: 0xff0000ff]
14:19:33.819 [FXGL Background Thread 3 ] DEBUG Engine               - devEnableDebugCameraProperty: BooleanProperty [value: false]
14:19:33.819 [FXGL Background Thread 3 ] DEBUG Engine               - devSensorColorProperty: ObjectProperty [value: 0xffff00ff]
14:19:33.820 [FXGL Background Thread 3 ] DEBUG Engine               - devShowBBoxProperty: BooleanProperty [value: false]
14:19:33.820 [FXGL Background Thread 3 ] DEBUG Engine               - devShowPositionProperty: BooleanProperty [value: false]
14:19:33.821 [FXGL Background Thread 3 ] DEBUG Engine               - enabledMenuItems: []
14:19:33.821 [FXGL Background Thread 3 ] DEBUG Engine               - engineServices: [class com.almasb.fxgl.app.services.FXGLAssetLoaderService, class com.almasb.fxgl.app.FXGLApplication$GameApplicationService, class com.almasb.fxgl.app.services.FXGLDialogService, class com.almasb.fxgl.app.services.IOTaskExecutorService, class com.almasb.fxgl.io.FileSystemService, class com.almasb.fxgl.localization.LocalizationService, class com.almasb.fxgl.app.services.SystemBundleService, class com.almasb.fxgl.profile.SaveLoadService, class com.almasb.fxgl.ui.FXGLUIFactoryServiceProvider, class com.almasb.fxgl.ui.FXGLDialogFactoryServiceProvider, class com.almasb.fxgl.audio.AudioPlayer, class com.almasb.fxgl.notification.impl.NotificationServiceProvider, class com.almasb.fxgl.achievement.AchievementService, class com.almasb.fxgl.cutscene.CutsceneService, class com.almasb.fxgl.minigames.MiniGameService, class com.almasb.fxgl.net.NetService, class com.almasb.fxgl.app.services.UpdaterService, class com.almasb.fxgl.dev.DevService, class com.almasb.fxgl.multiplayer.MultiplayerService]
14:19:33.821 [FXGL Background Thread 3 ] DEBUG Engine               - fontGame: Abel-Regular.ttf
14:19:33.821 [FXGL Background Thread 3 ] DEBUG Engine               - fontMono: TerminalLandMono-Regular.otf
14:19:33.822 [FXGL Background Thread 3 ] DEBUG Engine               - fontSizeScaleUI: 1.0
14:19:33.822 [FXGL Background Thread 3 ] DEBUG Engine               - fontText: Courier-Prime.ttf
14:19:33.822 [FXGL Background Thread 3 ] DEBUG Engine               - fontUI: VarelaRound-Regular.ttf
14:19:33.822 [FXGL Background Thread 3 ] DEBUG Engine               - fullScreen: BooleanProperty [value: false]
14:19:33.823 [FXGL Background Thread 3 ] DEBUG Engine               - gameDifficulty: MEDIUM
14:19:33.823 [FXGL Background Thread 3 ] DEBUG Engine               - gameDifficultyProperty: ObjectProperty [value: MEDIUM]
14:19:33.824 [FXGL Background Thread 3 ] DEBUG Engine               - globalMusicVolume: 0.5
14:19:33.825 [FXGL Background Thread 3 ] DEBUG Engine               - globalMusicVolumeProperty: DoubleProperty [value: 0.5]
14:19:33.826 [FXGL Background Thread 3 ] DEBUG Engine               - globalSoundVolume: 0.5
14:19:33.828 [FXGL Background Thread 3 ] DEBUG Engine               - globalSoundVolumeProperty: DoubleProperty [value: 0.5]
14:19:33.830 [FXGL Background Thread 3 ] DEBUG Engine               - height: 600
14:19:33.832 [FXGL Background Thread 3 ] DEBUG Engine               - is3D: false
14:19:33.833 [FXGL Background Thread 3 ] DEBUG Engine               - isAndroid: false
14:19:33.834 [FXGL Background Thread 3 ] DEBUG Engine               - isBrowser: false
14:19:33.836 [FXGL Background Thread 3 ] DEBUG Engine               - isClickFeedbackEnabled: false
14:19:33.838 [FXGL Background Thread 3 ] DEBUG Engine               - isCloseConfirmation: false
14:19:33.840 [FXGL Background Thread 3 ] DEBUG Engine               - isDesktop: true
14:19:33.841 [FXGL Background Thread 3 ] DEBUG Engine               - isDeveloperMenuEnabled: false
14:19:33.841 [FXGL Background Thread 3 ] DEBUG Engine               - isEmbedded: false
14:19:33.842 [FXGL Background Thread 3 ] DEBUG Engine               - isEntityPreloadEnabled: true
14:19:33.842 [FXGL Background Thread 3 ] DEBUG Engine               - isExperimentalTiledLargeMap: false
14:19:33.843 [FXGL Background Thread 3 ] DEBUG Engine               - isFileSystemWriteAllowed: true
14:19:33.844 [FXGL Background Thread 3 ] DEBUG Engine               - isFullScreenAllowed: false
14:19:33.845 [FXGL Background Thread 3 ] DEBUG Engine               - isFullScreenFromStart: false
14:19:33.845 [FXGL Background Thread 3 ] DEBUG Engine               - isGameMenuEnabled: true
14:19:33.846 [FXGL Background Thread 3 ] DEBUG Engine               - isIOS: false
14:19:33.847 [FXGL Background Thread 3 ] DEBUG Engine               - isIntroEnabled: false
14:19:33.848 [FXGL Background Thread 3 ] DEBUG Engine               - isLinux: false
14:19:33.849 [FXGL Background Thread 3 ] DEBUG Engine               - isMac: false
14:19:33.850 [FXGL Background Thread 3 ] DEBUG Engine               - isMainMenuEnabled: false
14:19:33.851 [FXGL Background Thread 3 ] DEBUG Engine               - isManualResizeEnabled: false
14:19:33.853 [FXGL Background Thread 3 ] DEBUG Engine               - isMobile: false
14:19:33.854 [FXGL Background Thread 3 ] DEBUG Engine               - isNative: false
14:19:33.855 [FXGL Background Thread 3 ] DEBUG Engine               - isPauseMusicWhenMinimized: true
14:19:33.856 [FXGL Background Thread 3 ] DEBUG Engine               - isPreserveResizeRatio: false
14:19:33.857 [FXGL Background Thread 3 ] DEBUG Engine               - isProfilingEnabled: false
14:19:33.858 [FXGL Background Thread 3 ] DEBUG Engine               - isScaleAffectedOnResize: true
14:19:33.858 [FXGL Background Thread 3 ] DEBUG Engine               - isSingleStep: false
14:19:33.859 [FXGL Background Thread 3 ] DEBUG Engine               - isUserProfileEnabled: false
14:19:33.859 [FXGL Background Thread 3 ] DEBUG Engine               - isWindows: true
14:19:33.861 [FXGL Background Thread 3 ] DEBUG Engine               - language: ObjectProperty [value: ENGLISH]
14:19:33.862 [FXGL Background Thread 3 ] DEBUG Engine               - menuKey: ESCAPE
14:19:33.863 [FXGL Background Thread 3 ] DEBUG Engine               - mouseSensitivity: 0.2
14:19:33.864 [FXGL Background Thread 3 ] DEBUG Engine               - notificationViewClass: class com.almasb.fxgl.notification.view.XboxNotificationView
14:19:33.864 [FXGL Background Thread 3 ] DEBUG Engine               - pixelsPerMeter: 50.0
14:19:33.865 [FXGL Background Thread 3 ] DEBUG Engine               - platform: WINDOWS
14:19:33.866 [FXGL Background Thread 3 ] DEBUG Engine               - prefHeightProperty: ReadOnlyDoubleProperty [value: 600.0]
14:19:33.866 [FXGL Background Thread 3 ] DEBUG Engine               - prefWidthProperty: ReadOnlyDoubleProperty [value: 1000.0]
14:19:33.866 [FXGL Background Thread 3 ] DEBUG Engine               - profileDir: profiles/
14:19:33.867 [FXGL Background Thread 3 ] DEBUG Engine               - profileName: StringProperty [value: DEFAULT]
14:19:33.867 [FXGL Background Thread 3 ] DEBUG Engine               - randomSeed: -1
14:19:33.868 [FXGL Background Thread 3 ] DEBUG Engine               - runtimeInfo: RuntimeInfo(platform=WINDOWS, version=17.3, build=30.03.2023 11.49)
14:19:33.869 [FXGL Background Thread 3 ] DEBUG Engine               - saveFileExt: sav
14:19:33.869 [FXGL Background Thread 3 ] DEBUG Engine               - scaledHeightProp$fxgl: DoubleProperty [bound, value: 600.0]
14:19:33.869 [FXGL Background Thread 3 ] DEBUG Engine               - scaledWidthProp$fxgl: DoubleProperty [bound, value: 1000.0]
14:19:33.870 [FXGL Background Thread 3 ] DEBUG Engine               - sceneFactory: com.almasb.fxgl.app.scene.SceneFactory@187fd913
14:19:33.870 [FXGL Background Thread 3 ] DEBUG Engine               - secondsIn24h: 60
14:19:33.870 [FXGL Background Thread 3 ] DEBUG Engine               - soundMenuBack: menu/back.wav
14:19:33.870 [FXGL Background Thread 3 ] DEBUG Engine               - soundMenuPress: menu/press.wav
14:19:33.870 [FXGL Background Thread 3 ] DEBUG Engine               - soundMenuSelect: menu/select.wav
14:19:33.871 [FXGL Background Thread 3 ] DEBUG Engine               - soundNotification: core/notification.wav
14:19:33.871 [FXGL Background Thread 3 ] DEBUG Engine               - stageStyle: DECORATED
14:19:33.871 [FXGL Background Thread 3 ] DEBUG Engine               - supportedLanguages: [ENGLISH, FRENCH, GERMAN, HUNGARIAN, RUSSIAN]
14:19:33.871 [FXGL Background Thread 3 ] DEBUG Engine               - ticksPerSecond: -1
14:19:33.872 [FXGL Background Thread 3 ] DEBUG Engine               - title: Jugador Sonic
14:19:33.872 [FXGL Background Thread 3 ] DEBUG Engine               - urlGithub: https://github.com/AlmasB/FXGL
14:19:33.872 [FXGL Background Thread 3 ] DEBUG Engine               - urlLeaderboard: http://fxgl-top.herokuapp.com/
14:19:33.873 [FXGL Background Thread 3 ] DEBUG Engine               - urlPOM: https://raw.githubusercontent.com/AlmasB/FXGL/release/README.md
14:19:33.873 [FXGL Background Thread 3 ] DEBUG Engine               - userAppClass: class Runner.ClientRunner
14:19:33.873 [FXGL Background Thread 3 ] DEBUG Engine               - version: 0.0
14:19:33.874 [FXGL Background Thread 3 ] DEBUG Engine               - versionCheckDays: 7
14:19:33.874 [FXGL Background Thread 3 ] DEBUG Engine               - width: 1000
14:19:33.874 [FXGL Background Thread 3 ] DEBUG Engine               - Logging services
14:19:33.874 [FXGL Background Thread 3 ] DEBUG Engine               - class com.almasb.fxgl.app.services.FXGLAssetLoaderService
14:19:33.874 [FXGL Background Thread 3 ] DEBUG Engine               - class com.almasb.fxgl.app.FXGLApplication$GameApplicationService
14:19:33.875 [FXGL Background Thread 3 ] DEBUG Engine               - class com.almasb.fxgl.app.services.FXGLDialogService
14:19:33.875 [FXGL Background Thread 3 ] DEBUG Engine               - class com.almasb.fxgl.app.services.IOTaskExecutorService
14:19:33.875 [FXGL Background Thread 3 ] DEBUG Engine               - class com.almasb.fxgl.io.FileSystemService
14:19:33.875 [FXGL Background Thread 3 ] DEBUG Engine               - class com.almasb.fxgl.localization.LocalizationService
14:19:33.875 [FXGL Background Thread 3 ] DEBUG Engine               - class com.almasb.fxgl.app.services.SystemBundleService
14:19:33.875 [FXGL Background Thread 3 ] DEBUG Engine               - class com.almasb.fxgl.profile.SaveLoadService
14:19:33.876 [FXGL Background Thread 3 ] DEBUG Engine               - class com.almasb.fxgl.ui.FXGLUIFactoryServiceProvider
14:19:33.876 [FXGL Background Thread 3 ] DEBUG Engine               - class com.almasb.fxgl.ui.FXGLDialogFactoryServiceProvider
14:19:33.876 [FXGL Background Thread 3 ] DEBUG Engine               - class com.almasb.fxgl.audio.AudioPlayer
14:19:33.876 [FXGL Background Thread 3 ] DEBUG Engine               - class com.almasb.fxgl.notification.impl.NotificationServiceProvider
14:19:33.876 [FXGL Background Thread 3 ] DEBUG Engine               - class com.almasb.fxgl.achievement.AchievementService
14:19:33.876 [FXGL Background Thread 3 ] DEBUG Engine               - class com.almasb.fxgl.cutscene.CutsceneService
14:19:33.876 [FXGL Background Thread 3 ] DEBUG Engine               - class com.almasb.fxgl.minigames.MiniGameService
14:19:33.876 [FXGL Background Thread 3 ] DEBUG Engine               - class com.almasb.fxgl.net.NetService
14:19:33.876 [FXGL Background Thread 3 ] DEBUG Engine               - class com.almasb.fxgl.app.services.UpdaterService
14:19:33.877 [FXGL Background Thread 3 ] DEBUG Engine               - class com.almasb.fxgl.dev.DevService
14:19:33.877 [FXGL Background Thread 3 ] DEBUG Engine               - class com.almasb.fxgl.multiplayer.MultiplayerService
14:19:34.090 [FXGL Background Thread 1 ] DEBUG AudioPlayer          - Playing music com.almasb.fxgl.audio.Music@33224638
14:19:34.128 [FXGL Background Thread 1 ] INFO  FXGLApplication      - Game initialization took: 3.099 sec
14:19:34.615 [JavaFX Application Thread] DEBUG Input                - Clearing active input actions
14:19:34.650 [JavaFX Application Thread] DEBUG GameApplicationServi - Removing overlay from FXGLLoadingScene and adding to GameScene
14:19:34.650 [JavaFX Application Thread] DEBUG PrimaryStageWindow   - FXGLLoadingScene -> GameScene
14:19:40.599 [JavaFX Application Thread] DEBUG FXGLAssetLoaderServi - Loading from file system: file:/C:/Users/Owner/Desktop/Sonic-rush/target/classes/assets/textures/fondo.png
14:19:41.289 [JavaFX Application Thread] DEBUG TMXLevelLoader       - Parsed TiledMap: file:/C:/Users/Owner/Desktop/Sonic-rush/target/classes/assets/levels/mapazo.tmx
14:19:41.291 [JavaFX Application Thread] DEBUG TMXLevelLoader       - Creating tile layer entities
14:19:41.310 [JavaFX Application Thread] DEBUG TilesetLoader        - Loading view for layer Capa de patrones 1
14:19:41.361 [JavaFX Application Thread] DEBUG TilesetLoader        - Created buffer with size 3840.0x720.0
14:19:41.455 [JavaFX Application Thread] DEBUG TMXLevelLoader       - Creating object layer entities
14:19:41.521 [JavaFX Application Thread] DEBUG GameWorld            - Clearing removable entities
14:19:41.526 [JavaFX Application Thread] DEBUG GameWorld            - Setting level: com.almasb.fxgl.entity.level.Level@7d3cf549
14:19:41.565 [JavaFX Application Thread] DEBUG FXGLAssetLoaderServi - Loading from file system: file:/C:/Users/Owner/Desktop/Sonic-rush/target/classes/assets/textures/Enemigos/eggman.png
14:19:41.584 [ClientAsyncConnThread    ] DEBUG TCPClient            - Connecting to localhost:55555 type: class com.almasb.fxgl.core.serialization.Bundle
14:19:41.592 [ClientAsyncConnThread    ] DEBUG TCPClient            - Created socket to localhost:55555
14:19:41.609 [ClientAsyncConnThread    ] DEBUG Endpoint             - TCPClient opening new connection (1) from localhost/127.0.0.1:55555 type: class com.almasb.fxgl.core.serialization.Bundle
14:19:41.612 [ClientAsyncConnThread    ] DEBUG Endpoint             - TCPClient successfully opened connection (1)
14:19:41.734 [TCPClient_SendThread-1   ] DEBUG Writers              - Getting TCPMessageWriter for class com.almasb.fxgl.core.serialization.Bundle
14:19:41.743 [TCPClient_SendThread-1   ] DEBUG Writers              - Constructed TCPMessageWriter for class com.almasb.fxgl.core.serialization.Bundle: BundleTCPMessageWriter
14:19:41.799 [TCPClient_RecvThread-1   ] DEBUG Readers              - Getting TCPMessageReader for class com.almasb.fxgl.core.serialization.Bundle
14:19:41.845 [TCPClient_RecvThread-1   ] DEBUG Readers              - Constructed MessageReader for class com.almasb.fxgl.core.serialization.Bundle: BundleTCPMessageReader
14:19:42.219 [JavaFX Application Thread] DEBUG FXGLAssetLoaderServi - Loading from file system: file:/C:/Users/Owner/Desktop/Sonic-rush/target/classes/assets/textures/Items/ring.png
14:19:42.383 [JavaFX Application Thread] DEBUG FXGLAssetLoaderServi - Loading from file system: file:/C:/Users/Owner/Desktop/Sonic-rush/target/classes/assets/textures/Items/basura.png
14:19:42.395 [JavaFX Application Thread] DEBUG FXGLAssetLoaderServi - Loading from file system: file:/C:/Users/Owner/Desktop/Sonic-rush/target/classes/assets/textures/Items/caucho.png
14:19:42.514 [JavaFX Application Thread] DEBUG FXGLAssetLoaderServi - Loading from file system: file:/C:/Users/Owner/Desktop/Sonic-rush/target/classes/assets/textures/Items/papel.png
14:19:42.823 [JavaFX Application Thread] DEBUG FXGLAssetLoaderServi - Loading from file system: file:/C:/Users/Owner/Desktop/Sonic-rush/target/classes/assets/textures/Enemigos/enemigo.png
14:19:43.503 [JavaFX Application Thread] DEBUG FXGLAssetLoaderServi - Loading from file system: file:/C:/Users/Owner/Desktop/Sonic-rush/target/classes/assets/textures/Personajes/sonic.png
14:19:43.537 [JavaFX Application Thread] DEBUG FXGLAssetLoaderServi - Loading from file system: file:/C:/Users/Owner/Desktop/Sonic-rush/target/classes/assets/textures/Personajes/sonic_camina.png
14:19:43.545 [JavaFX Application Thread] DEBUG FXGLAssetLoaderServi - Loading from file system: file:/C:/Users/Owner/Desktop/Sonic-rush/target/classes/assets/textures/Personajes/super_sonic.png
14:19:48.641 [JavaFX Application Thread] DEBUG FXGLAssetLoaderServi - Loading from file system: file:/C:/Users/Owner/Desktop/Sonic-rush/target/classes/assets/sounds/salto.wav
14:20:34.443 [JavaFX Application Thread] DEBUG FXGLAssetLoaderServi - Loading from file system: file:/C:/Users/Owner/Desktop/Sonic-rush/target/classes/assets/textures/Personajes/knuckles.png
14:20:34.449 [JavaFX Application Thread] DEBUG FXGLAssetLoaderServi - Loading from file system: file:/C:/Users/Owner/Desktop/Sonic-rush/target/classes/assets/textures/Personajes/knuckles_golpe.png
14:20:53.196 [JavaFX Application Thread] DEBUG AudioPlayer          - Pausing music com.almasb.fxgl.audio.Music@33224638
14:20:53.210 [JavaFX Application Thread] DEBUG LoopRunner           - Pausing loop
14:20:53.936 [JavaFX Application Thread] DEBUG LoopRunner           - Resuming loop
14:20:53.937 [JavaFX Application Thread] DEBUG AudioPlayer          - Resuming music com.almasb.fxgl.audio.Music@33224638
14:21:44.786 [JavaFX Application Thread] DEBUG FXGLAssetLoaderServi - Loading from file system: file:/C:/Users/Owner/Desktop/Sonic-rush/target/classes/assets/textures/Personajes/tails.png
14:21:44.808 [JavaFX Application Thread] DEBUG FXGLAssetLoaderServi - Loading from file system: file:/C:/Users/Owner/Desktop/Sonic-rush/target/classes/assets/textures/Personajes/tails_Salta.png
14:21:44.815 [JavaFX Application Thread] DEBUG FXGLAssetLoaderServi - Loading from file system: file:/C:/Users/Owner/Desktop/Sonic-rush/target/classes/assets/textures/Personajes/tails_caminando.png
14:22:08.639 [JavaFX Application Thread] DEBUG FXGLAssetLoaderServi - Loading from file system: file:/C:/Users/Owner/Desktop/Sonic-rush/target/classes/assets/sounds/muerte.wav
14:22:39.530 [JavaFX Application Thread] DEBUG PrimaryStageWindow   - Push state: DialogSubScene
14:22:39.531 [JavaFX Application Thread] DEBUG Input                - Clearing active input actions
14:22:39.535 [JavaFX Application Thread] DEBUG GameApplicationServi - Removing overlay from GameScene and adding to DialogSubScene
14:22:39.538 [JavaFX Application Thread] DEBUG PrimaryStageWindow   - GameScene -> DialogSubScene
14:22:41.838 [JavaFX Application Thread] DEBUG PrimaryStageWindow   - Pop state: DialogSubScene
14:22:41.839 [JavaFX Application Thread] DEBUG Input                - Clearing active input actions
14:22:41.842 [JavaFX Application Thread] DEBUG GameApplicationServi - Removing overlay from DialogSubScene and adding to GameScene
14:22:41.845 [JavaFX Application Thread] DEBUG PrimaryStageWindow   - GameScene <- DialogSubScene
14:22:41.916 [JavaFX Application Thread] DEBUG PrimaryStageWindow   - Push state: DialogSubScene
14:22:41.917 [JavaFX Application Thread] DEBUG Input                - Clearing active input actions
14:22:41.928 [JavaFX Application Thread] DEBUG GameApplicationServi - Removing overlay from GameScene and adding to DialogSubScene
14:22:41.929 [JavaFX Application Thread] DEBUG PrimaryStageWindow   - GameScene -> DialogSubScene
14:22:44.299 [JavaFX Application Thread] DEBUG PrimaryStageWindow   - Pop state: DialogSubScene
14:22:44.299 [JavaFX Application Thread] DEBUG Input                - Clearing active input actions
14:22:44.300 [JavaFX Application Thread] DEBUG GameApplicationServi - Removing overlay from DialogSubScene and adding to GameScene
14:22:44.301 [JavaFX Application Thread] DEBUG PrimaryStageWindow   - GameScene <- DialogSubScene
14:22:50.654 [JavaFX Application Thread] DEBUG PrimaryStageWindow   - Push state: DialogSubScene
14:22:50.655 [JavaFX Application Thread] DEBUG Input                - Clearing active input actions
14:22:50.660 [JavaFX Application Thread] DEBUG GameApplicationServi - Removing overlay from GameScene and adding to DialogSubScene
14:22:50.660 [JavaFX Application Thread] DEBUG PrimaryStageWindow   - GameScene -> DialogSubScene
14:22:53.942 [JavaFX Application Thread] DEBUG PrimaryStageWindow   - Pop state: DialogSubScene
14:22:53.943 [JavaFX Application Thread] DEBUG Input                - Clearing active input actions
14:22:53.946 [JavaFX Application Thread] DEBUG GameApplicationServi - Removing overlay from DialogSubScene and adding to GameScene
14:22:53.947 [JavaFX Application Thread] DEBUG PrimaryStageWindow   - GameScene <- DialogSubScene
14:22:55.252 [JavaFX Application Thread] DEBUG FXGLApplication      - Exiting FXGL
14:22:55.252 [JavaFX Application Thread] DEBUG LoopRunner           - Stopping loop
14:22:55.252 [JavaFX Application Thread] DEBUG SystemBundleService  - Saving FXGL system data
14:22:55.259 [JavaFX Application Thread] DEBUG FileSystemAccess     - Writing to: C:\Users\Owner\Desktop\Sonic-rush\system\fxgl.bundle
14:22:55.271 [JavaFX Application Thread] DEBUG Async                - Shutting down background threads
14:22:55.272 [JavaFX Application Thread] DEBUG PrimaryStageWindow   - Closing main window
14:22:55.284 [JavaFX Application Thread] DEBUG Logger               - Closing Logger
