21:10:06.476 [main                     ] DEBUG Logger               - Configured Logger
21:10:06.518 [main                     ] DEBUG GameApplication      - Logging settings
Title: Jugador Sonic
Version: 0.0
Width: 1000
Height: 600
Fullscreen: false
Intro: false
Profiling: false
Single step:false
App Mode: DEVELOPER
Menu Key: ESCAPE
Stage Style: DECORATED
Scene Factory: class com.almasb.fxgl.app.scene.SceneFactory

21:10:07.084 [JavaFX Application Thread] DEBUG FXGLApplication      - Initializing FXGL
21:10:07.103 [JavaFX Application Thread] INFO  Engine               - FXGL-17.3 (30.03.2023 11.49) on WINDOWS (J:17.0.12 FX:20)
21:10:07.107 [JavaFX Application Thread] DEBUG Engine               - JRE Vendor Name: Oracle Corporation
21:10:07.109 [JavaFX Application Thread] DEBUG Engine               - Running on OS: Windows 10 version 10.0
21:10:07.109 [JavaFX Application Thread] DEBUG Engine               - Architecture: amd64
21:10:07.110 [JavaFX Application Thread] INFO  Engine               - Source code and latest versions at: https://github.com/AlmasB/FXGL
21:10:07.113 [JavaFX Application Thread] INFO  Engine               -       Ask questions and discuss at: https://github.com/AlmasB/FXGL/discussions
21:10:07.113 [JavaFX Application Thread] INFO  Engine               -              Join the FXGL chat at: https://gitter.im/AlmasB/FXGL
21:10:07.389 [JavaFX Application Thread] DEBUG PrimaryStageWindow   - Creating a JavaFX scene
21:10:07.473 [JavaFX Application Thread] DEBUG PrimaryStageWindow   - Target settings size: 1000.0 x 600.0
21:10:07.474 [JavaFX Application Thread] DEBUG PrimaryStageWindow   - Scaled scene size:    1000.0 x 600.0
21:10:07.475 [JavaFX Application Thread] DEBUG PrimaryStageWindow   - Scaled ratio: (1.0, 1.0)
21:10:07.477 [JavaFX Application Thread] DEBUG PrimaryStageWindow   - Set initial scene to FXGLStartupScene
21:10:07.483 [JavaFX Application Thread] DEBUG PrimaryStageWindow   - Opening main window
21:10:07.610 [JavaFX Application Thread] DEBUG PrimaryStageWindow   - Window border size: (14.4000244140625, 37.5999755859375)
21:10:07.611 [JavaFX Application Thread] DEBUG PrimaryStageWindow   - Scaled size: 1000.0 x 600.0
21:10:07.611 [JavaFX Application Thread] DEBUG PrimaryStageWindow   - Scaled ratio: (1.0, 1.0)
21:10:07.612 [JavaFX Application Thread] DEBUG PrimaryStageWindow   - Scene size: 1000.0 x 600.0
21:10:07.612 [JavaFX Application Thread] DEBUG PrimaryStageWindow   - Stage size: 1014.4000244140625 x 637.5999755859375
21:10:07.821 [FXGL Background Thread 1 ] DEBUG Engine               - Initializing environment variables
21:10:08.090 [FXGL Background Thread 1 ] DEBUG FXGLAssetLoaderServi - User app class for loading assets: class Runner.ClientRunner
21:10:08.091 [FXGL Background Thread 1 ] DEBUG GameApplicationServi - Applying CSS: fxgl_dark.css
21:10:08.094 [FXGL Background Thread 1 ] DEBUG FXGLAssetLoaderServi - Loading from file system: jar:file:/C:/Users/Owner/.m2/repository/com/github/almasb/fxgl/17.3/fxgl-17.3.jar!/fxglassets/ui/css/fxgl_dark.css
21:10:08.287 [FXGL Background Thread 1 ] DEBUG GameApplicationServi - Initializing application scenes
21:10:08.908 [FXGL Background Thread 1 ] DEBUG GameWorld            - Game world initialized
21:10:09.139 [FXGL Background Thread 1 ] DEBUG PhysicsWorld         - Physics world initialized: appHeight=600, physics.ppm=50.0
21:10:09.140 [FXGL Background Thread 1 ] DEBUG PhysicsWorld         - Using strategy: BRUTE_FORCE
21:10:09.155 [FXGL Background Thread 1 ] DEBUG GameScene            - Game scene initialized: 1000x600
21:10:09.227 [FXGL Background Thread 1 ] DEBUG FXGL.DefaultMenu     - createMenuBodyGameMenu()
21:10:09.261 [FXGL Background Thread 1 ] DEBUG FXGL.DefaultMenu     - createOptionsMenu()
21:10:09.331 [FXGL Background Thread 1 ] DEBUG FXGLAssetLoaderServi - Loading from file system: jar:file:/C:/Users/Owner/.m2/repository/com/github/almasb/fxgl/17.3/fxgl-17.3.jar!/fxglassets/textures/particles/smoke.png
21:10:10.006 [FXGL Background Thread 1 ] DEBUG FXGLAssetLoaderServi - Loading from file system: jar:file:/C:/Users/Owner/.m2/repository/com/github/almasb/fxgl/17.3/fxgl-17.3.jar!/fxglassets/textures/particles/trace_horizontal.png
21:10:10.118 [FXGL Background Thread 1 ] DEBUG GameApplicationServi - Application scenes initialized
21:10:10.196 [FXGL Background Thread 1 ] DEBUG SystemBundleService  - Loading FXGL system data
21:10:10.223 [FXGL Background Thread 1 ] DEBUG FileSystemAccess     - Reading from: C:\Users\Owner\Desktop\Sonic-rush\system\fxgl.bundle
21:10:10.269 [FXGL Background Thread 1 ] DEBUG SystemBundleService  - Bundle FXGL: {}
21:10:10.270 [FXGL Background Thread 1 ] DEBUG UpdaterService       - Checking for updates
21:10:10.330 [FXGL Background Thread 1 ] DEBUG FXGLApplication      - Loading default localization
21:10:10.334 [FXGL Background Thread 1 ] DEBUG FXGLAssetLoaderServi - Loading from file system: jar:file:/C:/Users/Owner/.m2/repository/com/github/almasb/fxgl/17.3/fxgl-17.3.jar!/fxglassets/languages/english.lang
21:10:10.387 [FXGL Background Thread 1 ] INFO  FXGLApplication      - FXGL initialization took: 2.566 sec
21:10:10.397 [FXGL Background Thread 4 ] DEBUG FXGLApplication      - Loading fonts
21:10:10.403 [FXGL Background Thread 4 ] DEBUG FXGLAssetLoaderServi - Loading from file system: jar:file:/C:/Users/Owner/.m2/repository/com/github/almasb/fxgl/17.3/fxgl-17.3.jar!/fxglassets/ui/fonts/VarelaRound-Regular.ttf
21:10:10.429 [JavaFX Application Thread] DEBUG Input                - Registered new binding: Mover a la izquierda - A
21:10:10.430 [JavaFX Application Thread] DEBUG Input                - Registered new binding: Mover a la derecha - D
21:10:10.430 [JavaFX Application Thread] DEBUG Input                - Registered new binding: Saltar - W
21:10:10.431 [JavaFX Application Thread] DEBUG Input                - Registered new binding: Interactuar - E
21:10:10.431 [JavaFX Application Thread] DEBUG Input                - Registered new binding: Desactivar filtro - L
21:10:10.432 [JavaFX Application Thread] DEBUG FXGLAssetLoaderServi - Loading from file system: jar:file:/C:/Users/Owner/.m2/repository/com/github/almasb/fxgl/17.3/fxgl-17.3.jar!/fxglassets/textures/fxgl_icon.png
21:10:10.500 [JavaFX Application Thread] DEBUG FXGLAssetLoaderServi - Loading from file system: jar:file:/C:/Users/Owner/.m2/repository/com/github/almasb/fxgl/17.3/fxgl-17.3.jar!/fxglassets/textures/fxgl_default_cursor.png
21:10:10.503 [JavaFX Application Thread] DEBUG Input                - Registered new binding: Screenshot - CTRL+8
21:10:10.504 [JavaFX Application Thread] DEBUG Input                - Registered new binding: System info dump - CTRL+9
21:10:10.504 [JavaFX Application Thread] DEBUG Input                - Registered new binding: Restart - CTRL+R
21:10:10.505 [JavaFX Application Thread] DEBUG Input                - Registered new binding: Toggle Debug Camera - CTRL+7
21:10:10.512 [JavaFX Application Thread] DEBUG LoopRunner           - Starting loop
21:10:10.512 [JavaFX Application Thread] DEBUG LoopRunner           - Initializing JavaFX AnimationTimerLoop
21:10:10.514 [JavaFX Application Thread] DEBUG GameApplicationServi - Starting new game
21:10:10.515 [JavaFX Application Thread] DEBUG Input                - Clearing active input actions
21:10:10.533 [JavaFX Application Thread] DEBUG GameApplicationServi - Removing overlay from FXGLStartupScene and adding to FXGLLoadingScene
21:10:10.534 [JavaFX Application Thread] DEBUG PrimaryStageWindow   - FXGLStartupScene -> FXGLLoadingScene
21:10:10.534 [JavaFX Application Thread] DEBUG GameApplicationServi - Clearing previous game
21:10:10.534 [JavaFX Application Thread] DEBUG GameScene            - Clearing game scene
21:10:10.534 [JavaFX Application Thread] DEBUG GameWorld            - Clearing game world
21:10:10.535 [JavaFX Application Thread] DEBUG PhysicsWorld         - Clearing physics world
21:10:10.537 [FXGL Background Thread 1 ] DEBUG FXGLApplication      - Initializing game
21:10:10.562 [FXGL Background Thread 1 ] DEBUG FXGLAssetLoaderServi - Loading from file system: file:/C:/Users/Owner/Desktop/Sonic-rush/target/classes/assets/music/OST2.mp3
21:10:11.313 [FXGL Background Thread 4 ] DEBUG FXGLAssetLoaderServi - Loading from file system: jar:file:/C:/Users/Owner/.m2/repository/com/github/almasb/fxgl/17.3/fxgl-17.3.jar!/fxglassets/ui/fonts/Abel-Regular.ttf
21:10:11.318 [FXGL Background Thread 4 ] DEBUG FXGLAssetLoaderServi - Loading from file system: jar:file:/C:/Users/Owner/.m2/repository/com/github/almasb/fxgl/17.3/fxgl-17.3.jar!/fxglassets/ui/fonts/TerminalLandMono-Regular.otf
21:10:11.325 [FXGL Background Thread 4 ] DEBUG FXGLAssetLoaderServi - Loading from file system: jar:file:/C:/Users/Owner/.m2/repository/com/github/almasb/fxgl/17.3/fxgl-17.3.jar!/fxglassets/ui/fonts/Courier-Prime.ttf
21:10:11.343 [JavaFX Application Thread] DEBUG FXGLApplication      - Registering font factories with UI factory
21:10:11.720 [FXGL Background Thread 1 ] DEBUG AudioPlayer          - Playing music com.almasb.fxgl.audio.Music@16b8db64
21:10:11.761 [FXGL Background Thread 1 ] INFO  FXGLApplication      - Game initialization took: 1.222 sec
21:10:12.187 [JavaFX Application Thread] DEBUG Input                - Clearing active input actions
21:10:12.216 [JavaFX Application Thread] DEBUG GameApplicationServi - Removing overlay from FXGLLoadingScene and adding to GameScene
21:10:12.216 [JavaFX Application Thread] DEBUG PrimaryStageWindow   - FXGLLoadingScene -> GameScene
21:10:12.383 [FXGL Background Thread 2 ] INFO  UpdaterService       - Your current version:  17.3
21:10:12.563 [FXGL Background Thread 2 ] INFO  UpdaterService       - Latest stable version: 21.1
21:10:13.292 [FXGL Background Thread 3 ] DEBUG Engine               - Logging environment variables
21:10:13.301 [FXGL Background Thread 3 ] DEBUG Engine               - achievements: []
21:10:13.301 [FXGL Background Thread 3 ] DEBUG Engine               - actualHeight: 600.0
21:10:13.303 [FXGL Background Thread 3 ] DEBUG Engine               - actualHeightProperty: ReadOnlyDoubleProperty [value: 600.0]
21:10:13.303 [FXGL Background Thread 3 ] DEBUG Engine               - actualWidth: 1000.0
21:10:13.304 [FXGL Background Thread 3 ] DEBUG Engine               - actualWidthProperty: ReadOnlyDoubleProperty [value: 1000.0]
21:10:13.305 [FXGL Background Thread 3 ] DEBUG Engine               - appIcon: fxgl_icon.png
21:10:13.306 [FXGL Background Thread 3 ] DEBUG Engine               - applicationMode: DEVELOPER
21:10:13.306 [FXGL Background Thread 3 ] DEBUG Engine               - cSSList: [fxgl_dark.css]
21:10:13.307 [FXGL Background Thread 3 ] DEBUG Engine               - collisionDetectionStrategy: BRUTE_FORCE
21:10:13.307 [FXGL Background Thread 3 ] DEBUG Engine               - configClass: Optional.empty
21:10:13.307 [FXGL Background Thread 3 ] DEBUG Engine               - credits: []
21:10:13.308 [FXGL Background Thread 3 ] DEBUG Engine               - defaultCursor: CursorInfo(imageName=fxgl_default_cursor.png, hotspotX=7.0, hotspotY=6.0)
21:10:13.309 [FXGL Background Thread 3 ] DEBUG Engine               - devBBoxColorProperty: ObjectProperty [value: 0xff0000ff]
21:10:13.310 [FXGL Background Thread 3 ] DEBUG Engine               - devEnableDebugCameraProperty: BooleanProperty [value: false]
21:10:13.310 [FXGL Background Thread 3 ] DEBUG Engine               - devSensorColorProperty: ObjectProperty [value: 0xffff00ff]
21:10:13.310 [FXGL Background Thread 3 ] DEBUG Engine               - devShowBBoxProperty: BooleanProperty [value: false]
21:10:13.310 [FXGL Background Thread 3 ] DEBUG Engine               - devShowPositionProperty: BooleanProperty [value: false]
21:10:13.310 [FXGL Background Thread 3 ] DEBUG Engine               - enabledMenuItems: []
21:10:13.311 [FXGL Background Thread 3 ] DEBUG Engine               - engineServices: [class com.almasb.fxgl.app.services.FXGLAssetLoaderService, class com.almasb.fxgl.app.FXGLApplication$GameApplicationService, class com.almasb.fxgl.app.services.FXGLDialogService, class com.almasb.fxgl.app.services.IOTaskExecutorService, class com.almasb.fxgl.io.FileSystemService, class com.almasb.fxgl.localization.LocalizationService, class com.almasb.fxgl.app.services.SystemBundleService, class com.almasb.fxgl.profile.SaveLoadService, class com.almasb.fxgl.ui.FXGLUIFactoryServiceProvider, class com.almasb.fxgl.ui.FXGLDialogFactoryServiceProvider, class com.almasb.fxgl.audio.AudioPlayer, class com.almasb.fxgl.notification.impl.NotificationServiceProvider, class com.almasb.fxgl.achievement.AchievementService, class com.almasb.fxgl.cutscene.CutsceneService, class com.almasb.fxgl.minigames.MiniGameService, class com.almasb.fxgl.net.NetService, class com.almasb.fxgl.app.services.UpdaterService, class com.almasb.fxgl.dev.DevService, class com.almasb.fxgl.multiplayer.MultiplayerService]
21:10:13.311 [FXGL Background Thread 3 ] DEBUG Engine               - fontGame: Abel-Regular.ttf
21:10:13.311 [FXGL Background Thread 3 ] DEBUG Engine               - fontMono: TerminalLandMono-Regular.otf
21:10:13.311 [FXGL Background Thread 3 ] DEBUG Engine               - fontSizeScaleUI: 1.0
21:10:13.312 [FXGL Background Thread 3 ] DEBUG Engine               - fontText: Courier-Prime.ttf
21:10:13.312 [FXGL Background Thread 3 ] DEBUG Engine               - fontUI: VarelaRound-Regular.ttf
21:10:13.312 [FXGL Background Thread 3 ] DEBUG Engine               - fullScreen: BooleanProperty [value: false]
21:10:13.312 [FXGL Background Thread 3 ] DEBUG Engine               - gameDifficulty: MEDIUM
21:10:13.313 [FXGL Background Thread 3 ] DEBUG Engine               - gameDifficultyProperty: ObjectProperty [value: MEDIUM]
21:10:13.313 [FXGL Background Thread 3 ] DEBUG Engine               - globalMusicVolume: 0.5
21:10:13.313 [FXGL Background Thread 3 ] DEBUG Engine               - globalMusicVolumeProperty: DoubleProperty [value: 0.5]
21:10:13.313 [FXGL Background Thread 3 ] DEBUG Engine               - globalSoundVolume: 0.5
21:10:13.313 [FXGL Background Thread 3 ] DEBUG Engine               - globalSoundVolumeProperty: DoubleProperty [value: 0.5]
21:10:13.313 [FXGL Background Thread 3 ] DEBUG Engine               - height: 600
21:10:13.314 [FXGL Background Thread 3 ] DEBUG Engine               - is3D: false
21:10:13.314 [FXGL Background Thread 3 ] DEBUG Engine               - isAndroid: false
21:10:13.314 [FXGL Background Thread 3 ] DEBUG Engine               - isBrowser: false
21:10:13.314 [FXGL Background Thread 3 ] DEBUG Engine               - isClickFeedbackEnabled: false
21:10:13.314 [FXGL Background Thread 3 ] DEBUG Engine               - isCloseConfirmation: false
21:10:13.314 [FXGL Background Thread 3 ] DEBUG Engine               - isDesktop: true
21:10:13.315 [FXGL Background Thread 3 ] DEBUG Engine               - isDeveloperMenuEnabled: false
21:10:13.315 [FXGL Background Thread 3 ] DEBUG Engine               - isEmbedded: false
21:10:13.315 [FXGL Background Thread 3 ] DEBUG Engine               - isEntityPreloadEnabled: true
21:10:13.315 [FXGL Background Thread 3 ] DEBUG Engine               - isExperimentalTiledLargeMap: false
21:10:13.315 [FXGL Background Thread 3 ] DEBUG Engine               - isFileSystemWriteAllowed: true
21:10:13.316 [FXGL Background Thread 3 ] DEBUG Engine               - isFullScreenAllowed: false
21:10:13.316 [FXGL Background Thread 3 ] DEBUG Engine               - isFullScreenFromStart: false
21:10:13.316 [FXGL Background Thread 3 ] DEBUG Engine               - isGameMenuEnabled: true
21:10:13.316 [FXGL Background Thread 3 ] DEBUG Engine               - isIOS: false
21:10:13.316 [FXGL Background Thread 3 ] DEBUG Engine               - isIntroEnabled: false
21:10:13.316 [FXGL Background Thread 3 ] DEBUG Engine               - isLinux: false
21:10:13.317 [FXGL Background Thread 3 ] DEBUG Engine               - isMac: false
21:10:13.317 [FXGL Background Thread 3 ] DEBUG Engine               - isMainMenuEnabled: false
21:10:13.317 [FXGL Background Thread 3 ] DEBUG Engine               - isManualResizeEnabled: false
21:10:13.317 [FXGL Background Thread 3 ] DEBUG Engine               - isMobile: false
21:10:13.317 [FXGL Background Thread 3 ] DEBUG Engine               - isNative: false
21:10:13.317 [FXGL Background Thread 3 ] DEBUG Engine               - isPauseMusicWhenMinimized: true
21:10:13.317 [FXGL Background Thread 3 ] DEBUG Engine               - isPreserveResizeRatio: false
21:10:13.317 [FXGL Background Thread 3 ] DEBUG Engine               - isProfilingEnabled: false
21:10:13.318 [FXGL Background Thread 3 ] DEBUG Engine               - isScaleAffectedOnResize: true
21:10:13.318 [FXGL Background Thread 3 ] DEBUG Engine               - isSingleStep: false
21:10:13.318 [FXGL Background Thread 3 ] DEBUG Engine               - isUserProfileEnabled: false
21:10:13.318 [FXGL Background Thread 3 ] DEBUG Engine               - isWindows: true
21:10:13.318 [FXGL Background Thread 3 ] DEBUG Engine               - language: ObjectProperty [value: ENGLISH]
21:10:13.318 [FXGL Background Thread 3 ] DEBUG Engine               - menuKey: ESCAPE
21:10:13.318 [FXGL Background Thread 3 ] DEBUG Engine               - mouseSensitivity: 0.2
21:10:13.319 [FXGL Background Thread 3 ] DEBUG Engine               - notificationViewClass: class com.almasb.fxgl.notification.view.XboxNotificationView
21:10:13.319 [FXGL Background Thread 3 ] DEBUG Engine               - pixelsPerMeter: 50.0
21:10:13.319 [FXGL Background Thread 3 ] DEBUG Engine               - platform: WINDOWS
21:10:13.319 [FXGL Background Thread 3 ] DEBUG Engine               - prefHeightProperty: ReadOnlyDoubleProperty [value: 600.0]
21:10:13.319 [FXGL Background Thread 3 ] DEBUG Engine               - prefWidthProperty: ReadOnlyDoubleProperty [value: 1000.0]
21:10:13.319 [FXGL Background Thread 3 ] DEBUG Engine               - profileDir: profiles/
21:10:13.320 [FXGL Background Thread 3 ] DEBUG Engine               - profileName: StringProperty [value: DEFAULT]
21:10:13.320 [FXGL Background Thread 3 ] DEBUG Engine               - randomSeed: -1
21:10:13.321 [FXGL Background Thread 3 ] DEBUG Engine               - runtimeInfo: RuntimeInfo(platform=WINDOWS, version=17.3, build=30.03.2023 11.49)
21:10:13.321 [FXGL Background Thread 3 ] DEBUG Engine               - saveFileExt: sav
21:10:13.321 [FXGL Background Thread 3 ] DEBUG Engine               - scaledHeightProp$fxgl: DoubleProperty [bound, value: 600.0]
21:10:13.321 [FXGL Background Thread 3 ] DEBUG Engine               - scaledWidthProp$fxgl: DoubleProperty [bound, value: 1000.0]
21:10:13.322 [FXGL Background Thread 3 ] DEBUG Engine               - sceneFactory: com.almasb.fxgl.app.scene.SceneFactory@2ebc76d2
21:10:13.322 [FXGL Background Thread 3 ] DEBUG Engine               - secondsIn24h: 60
21:10:13.322 [FXGL Background Thread 3 ] DEBUG Engine               - soundMenuBack: menu/back.wav
21:10:13.322 [FXGL Background Thread 3 ] DEBUG Engine               - soundMenuPress: menu/press.wav
21:10:13.323 [FXGL Background Thread 3 ] DEBUG Engine               - soundMenuSelect: menu/select.wav
21:10:13.323 [FXGL Background Thread 3 ] DEBUG Engine               - soundNotification: core/notification.wav
21:10:13.323 [FXGL Background Thread 3 ] DEBUG Engine               - stageStyle: DECORATED
21:10:13.323 [FXGL Background Thread 3 ] DEBUG Engine               - supportedLanguages: [ENGLISH, FRENCH, GERMAN, HUNGARIAN, RUSSIAN]
21:10:13.324 [FXGL Background Thread 3 ] DEBUG Engine               - ticksPerSecond: -1
21:10:13.324 [FXGL Background Thread 3 ] DEBUG Engine               - title: Jugador Sonic
21:10:13.324 [FXGL Background Thread 3 ] DEBUG Engine               - urlGithub: https://github.com/AlmasB/FXGL
21:10:13.324 [FXGL Background Thread 3 ] DEBUG Engine               - urlLeaderboard: http://fxgl-top.herokuapp.com/
21:10:13.324 [FXGL Background Thread 3 ] DEBUG Engine               - urlPOM: https://raw.githubusercontent.com/AlmasB/FXGL/release/README.md
21:10:13.325 [FXGL Background Thread 3 ] DEBUG Engine               - userAppClass: class Runner.ClientRunner
21:10:13.325 [FXGL Background Thread 3 ] DEBUG Engine               - version: 0.0
21:10:13.325 [FXGL Background Thread 3 ] DEBUG Engine               - versionCheckDays: 7
21:10:13.326 [FXGL Background Thread 3 ] DEBUG Engine               - width: 1000
21:10:13.326 [FXGL Background Thread 3 ] DEBUG Engine               - Logging services
21:10:13.328 [FXGL Background Thread 3 ] DEBUG Engine               - class com.almasb.fxgl.app.services.FXGLAssetLoaderService
21:10:13.330 [FXGL Background Thread 3 ] DEBUG Engine               - class com.almasb.fxgl.app.FXGLApplication$GameApplicationService
21:10:13.331 [FXGL Background Thread 3 ] DEBUG Engine               - class com.almasb.fxgl.app.services.FXGLDialogService
21:10:13.333 [FXGL Background Thread 3 ] DEBUG Engine               - class com.almasb.fxgl.app.services.IOTaskExecutorService
21:10:13.334 [FXGL Background Thread 3 ] DEBUG Engine               - class com.almasb.fxgl.io.FileSystemService
21:10:13.335 [FXGL Background Thread 3 ] DEBUG Engine               - class com.almasb.fxgl.localization.LocalizationService
21:10:13.336 [FXGL Background Thread 3 ] DEBUG Engine               - class com.almasb.fxgl.app.services.SystemBundleService
21:10:13.336 [FXGL Background Thread 3 ] DEBUG Engine               - class com.almasb.fxgl.profile.SaveLoadService
21:10:13.337 [FXGL Background Thread 3 ] DEBUG Engine               - class com.almasb.fxgl.ui.FXGLUIFactoryServiceProvider
21:10:13.337 [FXGL Background Thread 3 ] DEBUG Engine               - class com.almasb.fxgl.ui.FXGLDialogFactoryServiceProvider
21:10:13.339 [FXGL Background Thread 3 ] DEBUG Engine               - class com.almasb.fxgl.audio.AudioPlayer
21:10:13.339 [FXGL Background Thread 3 ] DEBUG Engine               - class com.almasb.fxgl.notification.impl.NotificationServiceProvider
21:10:13.340 [FXGL Background Thread 3 ] DEBUG Engine               - class com.almasb.fxgl.achievement.AchievementService
21:10:13.341 [FXGL Background Thread 3 ] DEBUG Engine               - class com.almasb.fxgl.cutscene.CutsceneService
21:10:13.341 [FXGL Background Thread 3 ] DEBUG Engine               - class com.almasb.fxgl.minigames.MiniGameService
21:10:13.342 [FXGL Background Thread 3 ] DEBUG Engine               - class com.almasb.fxgl.net.NetService
21:10:13.343 [FXGL Background Thread 3 ] DEBUG Engine               - class com.almasb.fxgl.app.services.UpdaterService
21:10:13.343 [FXGL Background Thread 3 ] DEBUG Engine               - class com.almasb.fxgl.dev.DevService
21:10:13.344 [FXGL Background Thread 3 ] DEBUG Engine               - class com.almasb.fxgl.multiplayer.MultiplayerService
21:10:22.042 [JavaFX Application Thread] DEBUG FXGLAssetLoaderServi - Loading from file system: file:/C:/Users/Owner/Desktop/Sonic-rush/target/classes/assets/textures/fondo.png
21:10:22.998 [JavaFX Application Thread] WARN  TMXLevelLoader       - TiledMap generated from 1.11.2. Supported version: 1.9.0. Some features may not be parsed fully.
21:10:23.110 [JavaFX Application Thread] DEBUG TMXLevelLoader       - Parsed TiledMap: file:/C:/Users/Owner/Desktop/Sonic-rush/target/classes/assets/levels/mapazo.tmx
21:10:23.117 [JavaFX Application Thread] DEBUG TMXLevelLoader       - Creating tile layer entities
21:10:23.166 [JavaFX Application Thread] DEBUG TilesetLoader        - Loading view for layer Capa de patrones 1
21:10:23.195 [JavaFX Application Thread] DEBUG TilesetLoader        - Created buffer with size 3840.0x720.0
21:10:23.287 [JavaFX Application Thread] DEBUG TMXLevelLoader       - Creating object layer entities
21:10:23.404 [JavaFX Application Thread] DEBUG GameWorld            - Clearing removable entities
21:10:23.410 [JavaFX Application Thread] DEBUG GameWorld            - Setting level: com.almasb.fxgl.entity.level.Level@157ba285
21:10:23.576 [ClientAsyncConnThread    ] DEBUG TCPClient            - Connecting to 127.0.0.1:50000 type: class com.almasb.fxgl.core.serialization.Bundle
21:10:23.580 [ClientAsyncConnThread    ] DEBUG TCPClient            - Created socket to 127.0.0.1:50000
21:10:23.591 [ClientAsyncConnThread    ] DEBUG Endpoint             - TCPClient opening new connection (1) from /127.0.0.1:50000 type: class com.almasb.fxgl.core.serialization.Bundle
21:10:23.595 [ClientAsyncConnThread    ] DEBUG Endpoint             - TCPClient successfully opened connection (1)
21:10:23.780 [TCPClient_SendThread-1   ] DEBUG Writers              - Getting TCPMessageWriter for class com.almasb.fxgl.core.serialization.Bundle
21:10:23.804 [TCPClient_SendThread-1   ] DEBUG Writers              - Constructed TCPMessageWriter for class com.almasb.fxgl.core.serialization.Bundle: BundleTCPMessageWriter
21:10:23.847 [TCPClient_RecvThread-1   ] DEBUG Readers              - Getting TCPMessageReader for class com.almasb.fxgl.core.serialization.Bundle
21:10:23.948 [TCPClient_RecvThread-1   ] DEBUG Readers              - Constructed MessageReader for class com.almasb.fxgl.core.serialization.Bundle: BundleTCPMessageReader
21:10:24.343 [JavaFX Application Thread] DEBUG FXGLAssetLoaderServi - Loading from file system: file:/C:/Users/Owner/Desktop/Sonic-rush/target/classes/assets/textures/Items/ring.png
21:10:24.394 [JavaFX Application Thread] DEBUG FXGLAssetLoaderServi - Loading from file system: file:/C:/Users/Owner/Desktop/Sonic-rush/target/classes/assets/textures/Items/papel.png
21:10:24.396 [JavaFX Application Thread] DEBUG FXGLAssetLoaderServi - Loading from file system: file:/C:/Users/Owner/Desktop/Sonic-rush/target/classes/assets/textures/Items/caucho.png
21:10:24.402 [JavaFX Application Thread] DEBUG FXGLAssetLoaderServi - Loading from file system: file:/C:/Users/Owner/Desktop/Sonic-rush/target/classes/assets/textures/Items/basura.png
21:10:24.452 [JavaFX Application Thread] DEBUG FXGLAssetLoaderServi - Loading from file system: file:/C:/Users/Owner/Desktop/Sonic-rush/target/classes/assets/textures/Enemigos/enemigo2.png
21:10:24.535 [JavaFX Application Thread] DEBUG FXGLAssetLoaderServi - Loading from file system: file:/C:/Users/Owner/Desktop/Sonic-rush/target/classes/assets/textures/Personajes/sonic.png
21:10:24.544 [JavaFX Application Thread] DEBUG FXGLAssetLoaderServi - Loading from file system: file:/C:/Users/Owner/Desktop/Sonic-rush/target/classes/assets/textures/Personajes/sonic_camina.png
21:10:24.548 [JavaFX Application Thread] DEBUG FXGLAssetLoaderServi - Loading from file system: file:/C:/Users/Owner/Desktop/Sonic-rush/target/classes/assets/textures/Personajes/super_idle.png
21:10:24.554 [JavaFX Application Thread] DEBUG FXGLAssetLoaderServi - Loading from file system: file:/C:/Users/Owner/Desktop/Sonic-rush/target/classes/assets/textures/Personajes/super_sonic.png
21:10:26.711 [JavaFX Application Thread] DEBUG FXGLAssetLoaderServi - Loading from file system: file:/C:/Users/Owner/Desktop/Sonic-rush/target/classes/assets/sounds/salto.wav
21:10:31.813 [JavaFX Application Thread] DEBUG FXGLAssetLoaderServi - Loading from file system: file:/C:/Users/Owner/Desktop/Sonic-rush/target/classes/assets/sounds/muerte.wav
21:10:54.314 [JavaFX Application Thread] WARN  TMXLevelLoader       - TiledMap generated from 1.11.2. Supported version: 1.9.0. Some features may not be parsed fully.
21:10:54.423 [JavaFX Application Thread] DEBUG TMXLevelLoader       - Parsed TiledMap: file:/C:/Users/Owner/Desktop/Sonic-rush/target/classes/assets/levels/mapazo.tmx
21:10:54.424 [JavaFX Application Thread] DEBUG TMXLevelLoader       - Creating tile layer entities
21:10:54.427 [JavaFX Application Thread] DEBUG TilesetLoader        - Loading view for layer Capa de patrones 1
21:10:54.454 [JavaFX Application Thread] DEBUG TilesetLoader        - Created buffer with size 3840.0x720.0
21:10:54.535 [JavaFX Application Thread] DEBUG TMXLevelLoader       - Creating object layer entities
21:10:54.601 [JavaFX Application Thread] DEBUG GameWorld            - Clearing removable entities
21:10:54.602 [JavaFX Application Thread] DEBUG GameWorld            - Setting level: com.almasb.fxgl.entity.level.Level@2cad7230
21:10:54.735 [ClientAsyncConnThread    ] DEBUG TCPClient            - Connecting to 127.0.0.1:50000 type: class com.almasb.fxgl.core.serialization.Bundle
21:10:54.740 [ClientAsyncConnThread    ] DEBUG TCPClient            - Created socket to 127.0.0.1:50000
21:10:54.741 [ClientAsyncConnThread    ] DEBUG Endpoint             - TCPClient opening new connection (1) from /127.0.0.1:50000 type: class com.almasb.fxgl.core.serialization.Bundle
21:10:54.745 [ClientAsyncConnThread    ] DEBUG Endpoint             - TCPClient successfully opened connection (1)
21:10:54.867 [TCPClient_SendThread-1   ] DEBUG Writers              - Getting TCPMessageWriter for class com.almasb.fxgl.core.serialization.Bundle
21:10:54.867 [TCPClient_SendThread-1   ] DEBUG Writers              - Constructed TCPMessageWriter for class com.almasb.fxgl.core.serialization.Bundle: BundleTCPMessageWriter
21:10:54.948 [TCPClient_RecvThread-1   ] DEBUG Readers              - Getting TCPMessageReader for class com.almasb.fxgl.core.serialization.Bundle
21:10:54.949 [TCPClient_RecvThread-1   ] DEBUG Readers              - Constructed MessageReader for class com.almasb.fxgl.core.serialization.Bundle: BundleTCPMessageReader
21:10:55.142 [JavaFX Application Thread] DEBUG FXGLAssetLoaderServi - Loading from file system: file:/C:/Users/Owner/Desktop/Sonic-rush/target/classes/assets/textures/Personajes/tails.png
21:10:55.151 [JavaFX Application Thread] DEBUG FXGLAssetLoaderServi - Loading from file system: file:/C:/Users/Owner/Desktop/Sonic-rush/target/classes/assets/textures/Personajes/tails_Salta.png
21:10:55.154 [JavaFX Application Thread] DEBUG FXGLAssetLoaderServi - Loading from file system: file:/C:/Users/Owner/Desktop/Sonic-rush/target/classes/assets/textures/Personajes/tails_caminando.png
21:10:58.036 [JavaFX Application Thread] DEBUG FXGLAssetLoaderServi - Loading from file system: file:/C:/Users/Owner/Desktop/Sonic-rush/target/classes/assets/sounds/recoger.wav
21:11:37.379 [JavaFX Application Thread] DEBUG FXGLApplication      - Exiting FXGL
21:11:37.380 [JavaFX Application Thread] DEBUG LoopRunner           - Stopping loop
21:11:37.382 [JavaFX Application Thread] DEBUG SystemBundleService  - Saving FXGL system data
21:11:37.390 [JavaFX Application Thread] DEBUG FileSystemAccess     - Writing to: C:\Users\Owner\Desktop\Sonic-rush\system\fxgl.bundle
21:11:37.396 [JavaFX Application Thread] DEBUG Async                - Shutting down background threads
21:11:37.396 [JavaFX Application Thread] DEBUG PrimaryStageWindow   - Closing main window
21:11:37.501 [JavaFX Application Thread] DEBUG Logger               - Closing Logger
