14:54:42.028 [main                     ] DEBUG Logger               - Configured Logger
14:54:42.085 [main                     ] DEBUG GameApplication      - Logging settings
Title: Server
Version: 0.0
Width: 800
Height: 500
Fullscreen: false
Intro: false
Profiling: false
Single step:false
App Mode: DEVELOPER
Menu Key: ESCAPE
Stage Style: DECORATED
Scene Factory: class com.almasb.fxgl.app.scene.SceneFactory

14:54:42.745 [JavaFX Application Thread] DEBUG FXGLApplication      - Initializing FXGL
14:54:42.758 [JavaFX Application Thread] INFO  Engine               - FXGL-17.3 (30.03.2023 11.49) on WINDOWS (J:17.0.12 FX:20)
14:54:42.759 [JavaFX Application Thread] DEBUG Engine               - JRE Vendor Name: Oracle Corporation
14:54:42.760 [JavaFX Application Thread] DEBUG Engine               - Running on OS: Windows 10 version 10.0
14:54:42.760 [JavaFX Application Thread] DEBUG Engine               - Architecture: amd64
14:54:42.760 [JavaFX Application Thread] INFO  Engine               - Source code and latest versions at: https://github.com/AlmasB/FXGL
14:54:42.760 [JavaFX Application Thread] INFO  Engine               -       Ask questions and discuss at: https://github.com/AlmasB/FXGL/discussions
14:54:42.761 [JavaFX Application Thread] INFO  Engine               -              Join the FXGL chat at: https://gitter.im/AlmasB/FXGL
14:54:43.021 [JavaFX Application Thread] DEBUG PrimaryStageWindow   - Creating a JavaFX scene
14:54:43.112 [JavaFX Application Thread] DEBUG PrimaryStageWindow   - Target settings size: 800.0 x 500.0
14:54:43.112 [JavaFX Application Thread] DEBUG PrimaryStageWindow   - Scaled scene size:    800.0 x 500.0
14:54:43.113 [JavaFX Application Thread] DEBUG PrimaryStageWindow   - Scaled ratio: (1.0, 1.0)
14:54:43.114 [JavaFX Application Thread] DEBUG PrimaryStageWindow   - Set initial scene to FXGLStartupScene
14:54:43.131 [JavaFX Application Thread] DEBUG PrimaryStageWindow   - Opening main window
14:54:43.300 [JavaFX Application Thread] DEBUG PrimaryStageWindow   - Window border size: (14.4000244140625, 37.5999755859375)
14:54:43.300 [JavaFX Application Thread] DEBUG PrimaryStageWindow   - Scaled size: 800.0 x 500.0
14:54:43.301 [JavaFX Application Thread] DEBUG PrimaryStageWindow   - Scaled ratio: (1.0, 1.0)
14:54:43.302 [JavaFX Application Thread] DEBUG PrimaryStageWindow   - Scene size: 800.0 x 500.0
14:54:43.302 [JavaFX Application Thread] DEBUG PrimaryStageWindow   - Stage size: 814.4000244140625 x 537.5999755859375
14:54:43.366 [FXGL Background Thread 1 ] DEBUG Engine               - Initializing environment variables
14:54:43.440 [FXGL Background Thread 1 ] DEBUG FXGLAssetLoaderServi - User app class for loading assets: class Runner.ServerRunner
14:54:43.440 [FXGL Background Thread 1 ] DEBUG GameApplicationServi - Applying CSS: fxgl_dark.css
14:54:43.442 [FXGL Background Thread 1 ] DEBUG FXGLAssetLoaderServi - Loading from file system: jar:file:/C:/Users/Owner/.m2/repository/com/github/almasb/fxgl/17.3/fxgl-17.3.jar!/fxglassets/ui/css/fxgl_dark.css
14:54:43.562 [FXGL Background Thread 1 ] DEBUG GameApplicationServi - Initializing application scenes
14:54:43.874 [FXGL Background Thread 1 ] DEBUG GameWorld            - Game world initialized
14:54:44.117 [FXGL Background Thread 1 ] DEBUG PhysicsWorld         - Physics world initialized: appHeight=500, physics.ppm=50.0
14:54:44.120 [FXGL Background Thread 1 ] DEBUG PhysicsWorld         - Using strategy: BRUTE_FORCE
14:54:44.130 [FXGL Background Thread 1 ] DEBUG GameScene            - Game scene initialized: 800x500
14:54:44.228 [FXGL Background Thread 1 ] WARN  FXGL.DefaultMenu     - FXGLDefaultMenu is not designed for resolutions < 800x600
14:54:44.292 [FXGL Background Thread 1 ] DEBUG FXGL.DefaultMenu     - createMenuBodyGameMenu()
14:54:44.432 [FXGL Background Thread 1 ] DEBUG FXGL.DefaultMenu     - createOptionsMenu()
14:54:44.557 [FXGL Background Thread 1 ] DEBUG FXGLAssetLoaderServi - Loading from file system: jar:file:/C:/Users/Owner/.m2/repository/com/github/almasb/fxgl/17.3/fxgl-17.3.jar!/fxglassets/textures/particles/smoke.png
14:54:45.063 [FXGL Background Thread 1 ] DEBUG FXGLAssetLoaderServi - Loading from file system: jar:file:/C:/Users/Owner/.m2/repository/com/github/almasb/fxgl/17.3/fxgl-17.3.jar!/fxglassets/textures/particles/trace_horizontal.png
14:54:45.152 [FXGL Background Thread 1 ] DEBUG GameApplicationServi - Application scenes initialized
14:54:45.178 [FXGL Background Thread 1 ] DEBUG SystemBundleService  - Loading FXGL system data
14:54:45.186 [FXGL Background Thread 1 ] DEBUG FileSystemAccess     - Reading from: C:\Users\Owner\Desktop\Sonic-rush\system\fxgl.bundle
14:54:45.198 [FXGL Background Thread 1 ] DEBUG SystemBundleService  - Bundle FXGL: {}
14:54:45.199 [FXGL Background Thread 1 ] DEBUG UpdaterService       - Checking for updates
14:54:45.208 [FXGL Background Thread 1 ] DEBUG FXGLApplication      - Loading default localization
14:54:45.209 [FXGL Background Thread 1 ] DEBUG FXGLAssetLoaderServi - Loading from file system: jar:file:/C:/Users/Owner/.m2/repository/com/github/almasb/fxgl/17.3/fxgl-17.3.jar!/fxglassets/languages/english.lang
14:54:45.238 [FXGL Background Thread 1 ] INFO  FXGLApplication      - FXGL initialization took: 1.872 sec
14:54:45.260 [FXGL Background Thread 4 ] DEBUG FXGLApplication      - Loading fonts
14:54:45.261 [FXGL Background Thread 4 ] DEBUG FXGLAssetLoaderServi - Loading from file system: jar:file:/C:/Users/Owner/.m2/repository/com/github/almasb/fxgl/17.3/fxgl-17.3.jar!/fxglassets/ui/fonts/VarelaRound-Regular.ttf
14:54:45.280 [JavaFX Application Thread] DEBUG FXGLAssetLoaderServi - Loading from file system: jar:file:/C:/Users/Owner/.m2/repository/com/github/almasb/fxgl/17.3/fxgl-17.3.jar!/fxglassets/textures/fxgl_icon.png
14:54:45.346 [JavaFX Application Thread] DEBUG FXGLAssetLoaderServi - Loading from file system: jar:file:/C:/Users/Owner/.m2/repository/com/github/almasb/fxgl/17.3/fxgl-17.3.jar!/fxglassets/textures/fxgl_default_cursor.png
14:54:45.366 [JavaFX Application Thread] DEBUG Input                - Registered new binding: Screenshot - CTRL+8
14:54:45.367 [JavaFX Application Thread] DEBUG Input                - Registered new binding: System info dump - CTRL+9
14:54:45.368 [JavaFX Application Thread] DEBUG Input                - Registered new binding: Restart - CTRL+R
14:54:45.369 [JavaFX Application Thread] DEBUG Input                - Registered new binding: Toggle Debug Camera - CTRL+7
14:54:45.374 [JavaFX Application Thread] DEBUG LoopRunner           - Starting loop
14:54:45.374 [JavaFX Application Thread] DEBUG LoopRunner           - Initializing JavaFX AnimationTimerLoop
14:54:45.376 [JavaFX Application Thread] DEBUG GameApplicationServi - Starting new game
14:54:45.377 [JavaFX Application Thread] DEBUG Input                - Clearing active input actions
14:54:45.392 [JavaFX Application Thread] DEBUG GameApplicationServi - Removing overlay from FXGLStartupScene and adding to FXGLLoadingScene
14:54:45.393 [JavaFX Application Thread] DEBUG PrimaryStageWindow   - FXGLStartupScene -> FXGLLoadingScene
14:54:45.393 [JavaFX Application Thread] DEBUG GameApplicationServi - Clearing previous game
14:54:45.393 [JavaFX Application Thread] DEBUG GameScene            - Clearing game scene
14:54:45.393 [JavaFX Application Thread] DEBUG GameWorld            - Clearing game world
14:54:45.393 [JavaFX Application Thread] DEBUG PhysicsWorld         - Clearing physics world
14:54:45.395 [FXGL Background Thread 1 ] DEBUG FXGLApplication      - Initializing game
14:54:45.789 [FXGL Background Thread 1 ] DEBUG TMXLevelLoader       - Parsed TiledMap: file:/C:/Users/Owner/Desktop/Sonic-rush/target/classes/assets/levels/mapazo.tmx
14:54:45.791 [FXGL Background Thread 1 ] DEBUG TMXLevelLoader       - Creating tile layer entities
14:54:45.794 [FXGL Background Thread 1 ] DEBUG TilesetLoader        - Loading view for layer Capa de patrones 1
14:54:45.838 [FXGL Background Thread 1 ] DEBUG TilesetLoader        - Created buffer with size 3840.0x720.0
14:54:45.918 [ServerAsyncConnThread    ] DEBUG TCPServer            - Starting to listen at: 55555 type: class com.almasb.fxgl.core.serialization.Bundle
14:54:46.044 [FXGL Background Thread 1 ] DEBUG TMXLevelLoader       - Creating object layer entities
14:54:46.109 [FXGL Background Thread 1 ] DEBUG GameWorld            - Clearing removable entities
14:54:46.110 [FXGL Background Thread 1 ] DEBUG GameWorld            - Setting level: com.almasb.fxgl.entity.level.Level@308b2761
14:54:46.570 [FXGL Background Thread 1 ] DEBUG FXGLAssetLoaderServi - Loading from file system: file:/C:/Users/Owner/Desktop/Sonic-rush/target/classes/assets/textures/Items/ring.png
14:54:46.860 [FXGL Background Thread 1 ] DEBUG FXGLAssetLoaderServi - Loading from file system: file:/C:/Users/Owner/Desktop/Sonic-rush/target/classes/assets/textures/Enemigos/enemigo.png
14:54:47.017 [FXGL Background Thread 1 ] DEBUG FXGLAssetLoaderServi - Loading from file system: file:/C:/Users/Owner/Desktop/Sonic-rush/target/classes/assets/textures/Items/caucho.png
14:54:47.046 [FXGL Background Thread 1 ] DEBUG FXGLAssetLoaderServi - Loading from file system: file:/C:/Users/Owner/Desktop/Sonic-rush/target/classes/assets/textures/Items/papel.png
14:54:47.084 [FXGL Background Thread 4 ] DEBUG FXGLAssetLoaderServi - Loading from file system: jar:file:/C:/Users/Owner/.m2/repository/com/github/almasb/fxgl/17.3/fxgl-17.3.jar!/fxglassets/ui/fonts/Abel-Regular.ttf
14:54:47.104 [FXGL Background Thread 1 ] DEBUG FXGLAssetLoaderServi - Loading from file system: file:/C:/Users/Owner/Desktop/Sonic-rush/target/classes/assets/textures/Items/basura.png
14:54:47.110 [FXGL Background Thread 1 ] INFO  FXGLApplication      - Game initialization took: 1.715 sec
14:54:47.114 [FXGL Background Thread 4 ] DEBUG FXGLAssetLoaderServi - Loading from file system: jar:file:/C:/Users/Owner/.m2/repository/com/github/almasb/fxgl/17.3/fxgl-17.3.jar!/fxglassets/ui/fonts/TerminalLandMono-Regular.otf
14:54:47.121 [FXGL Background Thread 4 ] DEBUG FXGLAssetLoaderServi - Loading from file system: jar:file:/C:/Users/Owner/.m2/repository/com/github/almasb/fxgl/17.3/fxgl-17.3.jar!/fxglassets/ui/fonts/Courier-Prime.ttf
14:54:47.132 [JavaFX Application Thread] DEBUG FXGLApplication      - Registering font factories with UI factory
14:54:47.332 [JavaFX Application Thread] DEBUG Input                - Clearing active input actions
14:54:47.400 [JavaFX Application Thread] DEBUG GameApplicationServi - Removing overlay from FXGLLoadingScene and adding to GameScene
14:54:47.401 [JavaFX Application Thread] DEBUG PrimaryStageWindow   - FXGLLoadingScene -> GameScene
14:54:48.205 [FXGL Background Thread 3 ] DEBUG Engine               - Logging environment variables
14:54:48.272 [FXGL Background Thread 2 ] INFO  UpdaterService       - Your current version:  17.3
14:54:48.274 [FXGL Background Thread 3 ] DEBUG Engine               - achievements: []
14:54:48.275 [FXGL Background Thread 3 ] DEBUG Engine               - actualHeight: 500.0
14:54:48.276 [FXGL Background Thread 3 ] DEBUG Engine               - actualHeightProperty: ReadOnlyDoubleProperty [value: 500.0]
14:54:48.276 [FXGL Background Thread 3 ] DEBUG Engine               - actualWidth: 800.0
14:54:48.277 [FXGL Background Thread 3 ] DEBUG Engine               - actualWidthProperty: ReadOnlyDoubleProperty [value: 800.0]
14:54:48.277 [FXGL Background Thread 3 ] DEBUG Engine               - appIcon: fxgl_icon.png
14:54:48.278 [FXGL Background Thread 3 ] DEBUG Engine               - applicationMode: DEVELOPER
14:54:48.278 [FXGL Background Thread 3 ] DEBUG Engine               - cSSList: [fxgl_dark.css]
14:54:48.279 [FXGL Background Thread 3 ] DEBUG Engine               - collisionDetectionStrategy: BRUTE_FORCE
14:54:48.279 [FXGL Background Thread 3 ] DEBUG Engine               - configClass: Optional.empty
14:54:48.281 [FXGL Background Thread 3 ] DEBUG Engine               - credits: []
14:54:48.284 [FXGL Background Thread 3 ] DEBUG Engine               - defaultCursor: CursorInfo(imageName=fxgl_default_cursor.png, hotspotX=7.0, hotspotY=6.0)
14:54:48.285 [FXGL Background Thread 3 ] DEBUG Engine               - devBBoxColorProperty: ObjectProperty [value: 0xff0000ff]
14:54:48.285 [FXGL Background Thread 3 ] DEBUG Engine               - devEnableDebugCameraProperty: BooleanProperty [value: false]
14:54:48.286 [FXGL Background Thread 3 ] DEBUG Engine               - devSensorColorProperty: ObjectProperty [value: 0xffff00ff]
14:54:48.287 [FXGL Background Thread 3 ] DEBUG Engine               - devShowBBoxProperty: BooleanProperty [value: false]
14:54:48.287 [FXGL Background Thread 3 ] DEBUG Engine               - devShowPositionProperty: BooleanProperty [value: false]
14:54:48.288 [FXGL Background Thread 3 ] DEBUG Engine               - enabledMenuItems: []
14:54:48.288 [FXGL Background Thread 3 ] DEBUG Engine               - engineServices: [class com.almasb.fxgl.app.services.FXGLAssetLoaderService, class com.almasb.fxgl.app.FXGLApplication$GameApplicationService, class com.almasb.fxgl.app.services.FXGLDialogService, class com.almasb.fxgl.app.services.IOTaskExecutorService, class com.almasb.fxgl.io.FileSystemService, class com.almasb.fxgl.localization.LocalizationService, class com.almasb.fxgl.app.services.SystemBundleService, class com.almasb.fxgl.profile.SaveLoadService, class com.almasb.fxgl.ui.FXGLUIFactoryServiceProvider, class com.almasb.fxgl.ui.FXGLDialogFactoryServiceProvider, class com.almasb.fxgl.audio.AudioPlayer, class com.almasb.fxgl.notification.impl.NotificationServiceProvider, class com.almasb.fxgl.achievement.AchievementService, class com.almasb.fxgl.cutscene.CutsceneService, class com.almasb.fxgl.minigames.MiniGameService, class com.almasb.fxgl.net.NetService, class com.almasb.fxgl.app.services.UpdaterService, class com.almasb.fxgl.dev.DevService, class com.almasb.fxgl.multiplayer.MultiplayerService]
14:54:48.289 [FXGL Background Thread 3 ] DEBUG Engine               - fontGame: Abel-Regular.ttf
14:54:48.289 [FXGL Background Thread 3 ] DEBUG Engine               - fontMono: TerminalLandMono-Regular.otf
14:54:48.289 [FXGL Background Thread 3 ] DEBUG Engine               - fontSizeScaleUI: 1.0
14:54:48.289 [FXGL Background Thread 3 ] DEBUG Engine               - fontText: Courier-Prime.ttf
14:54:48.290 [FXGL Background Thread 3 ] DEBUG Engine               - fontUI: VarelaRound-Regular.ttf
14:54:48.291 [FXGL Background Thread 3 ] DEBUG Engine               - fullScreen: BooleanProperty [value: false]
14:54:48.293 [FXGL Background Thread 3 ] DEBUG Engine               - gameDifficulty: MEDIUM
14:54:48.294 [FXGL Background Thread 3 ] DEBUG Engine               - gameDifficultyProperty: ObjectProperty [value: MEDIUM]
14:54:48.302 [FXGL Background Thread 3 ] DEBUG Engine               - globalMusicVolume: 0.5
14:54:48.304 [FXGL Background Thread 3 ] DEBUG Engine               - globalMusicVolumeProperty: DoubleProperty [value: 0.5]
14:54:48.305 [FXGL Background Thread 3 ] DEBUG Engine               - globalSoundVolume: 0.5
14:54:48.306 [FXGL Background Thread 3 ] DEBUG Engine               - globalSoundVolumeProperty: DoubleProperty [value: 0.5]
14:54:48.307 [FXGL Background Thread 3 ] DEBUG Engine               - height: 500
14:54:48.309 [FXGL Background Thread 3 ] DEBUG Engine               - is3D: false
14:54:48.313 [FXGL Background Thread 3 ] DEBUG Engine               - isAndroid: false
14:54:48.316 [FXGL Background Thread 3 ] DEBUG Engine               - isBrowser: false
14:54:48.316 [FXGL Background Thread 3 ] DEBUG Engine               - isClickFeedbackEnabled: false
14:54:48.317 [FXGL Background Thread 3 ] DEBUG Engine               - isCloseConfirmation: false
14:54:48.318 [FXGL Background Thread 3 ] DEBUG Engine               - isDesktop: true
14:54:48.319 [FXGL Background Thread 3 ] DEBUG Engine               - isDeveloperMenuEnabled: false
14:54:48.319 [FXGL Background Thread 3 ] DEBUG Engine               - isEmbedded: false
14:54:48.322 [FXGL Background Thread 3 ] DEBUG Engine               - isEntityPreloadEnabled: true
14:54:48.323 [FXGL Background Thread 3 ] DEBUG Engine               - isExperimentalTiledLargeMap: false
14:54:48.323 [FXGL Background Thread 3 ] DEBUG Engine               - isFileSystemWriteAllowed: true
14:54:48.323 [FXGL Background Thread 3 ] DEBUG Engine               - isFullScreenAllowed: false
14:54:48.324 [FXGL Background Thread 3 ] DEBUG Engine               - isFullScreenFromStart: false
14:54:48.324 [FXGL Background Thread 3 ] DEBUG Engine               - isGameMenuEnabled: true
14:54:48.324 [FXGL Background Thread 3 ] DEBUG Engine               - isIOS: false
14:54:48.324 [FXGL Background Thread 3 ] DEBUG Engine               - isIntroEnabled: false
14:54:48.324 [FXGL Background Thread 3 ] DEBUG Engine               - isLinux: false
14:54:48.324 [FXGL Background Thread 3 ] DEBUG Engine               - isMac: false
14:54:48.325 [FXGL Background Thread 3 ] DEBUG Engine               - isMainMenuEnabled: false
14:54:48.325 [FXGL Background Thread 3 ] DEBUG Engine               - isManualResizeEnabled: false
14:54:48.325 [FXGL Background Thread 3 ] DEBUG Engine               - isMobile: false
14:54:48.325 [FXGL Background Thread 3 ] DEBUG Engine               - isNative: false
14:54:48.325 [FXGL Background Thread 3 ] DEBUG Engine               - isPauseMusicWhenMinimized: true
14:54:48.326 [FXGL Background Thread 3 ] DEBUG Engine               - isPreserveResizeRatio: false
14:54:48.326 [FXGL Background Thread 3 ] DEBUG Engine               - isProfilingEnabled: false
14:54:48.326 [FXGL Background Thread 3 ] DEBUG Engine               - isScaleAffectedOnResize: true
14:54:48.326 [FXGL Background Thread 3 ] DEBUG Engine               - isSingleStep: false
14:54:48.326 [FXGL Background Thread 3 ] DEBUG Engine               - isUserProfileEnabled: false
14:54:48.326 [FXGL Background Thread 3 ] DEBUG Engine               - isWindows: true
14:54:48.326 [FXGL Background Thread 3 ] DEBUG Engine               - language: ObjectProperty [value: ENGLISH]
14:54:48.327 [FXGL Background Thread 3 ] DEBUG Engine               - menuKey: ESCAPE
14:54:48.327 [FXGL Background Thread 3 ] DEBUG Engine               - mouseSensitivity: 0.2
14:54:48.327 [FXGL Background Thread 3 ] DEBUG Engine               - notificationViewClass: class com.almasb.fxgl.notification.view.XboxNotificationView
14:54:48.327 [FXGL Background Thread 3 ] DEBUG Engine               - pixelsPerMeter: 50.0
14:54:48.327 [FXGL Background Thread 3 ] DEBUG Engine               - platform: WINDOWS
14:54:48.327 [FXGL Background Thread 3 ] DEBUG Engine               - prefHeightProperty: ReadOnlyDoubleProperty [value: 500.0]
14:54:48.327 [FXGL Background Thread 3 ] DEBUG Engine               - prefWidthProperty: ReadOnlyDoubleProperty [value: 800.0]
14:54:48.328 [FXGL Background Thread 3 ] DEBUG Engine               - profileDir: profiles/
14:54:48.328 [FXGL Background Thread 3 ] DEBUG Engine               - profileName: StringProperty [value: DEFAULT]
14:54:48.328 [FXGL Background Thread 3 ] DEBUG Engine               - randomSeed: -1
14:54:48.329 [FXGL Background Thread 3 ] DEBUG Engine               - runtimeInfo: RuntimeInfo(platform=WINDOWS, version=17.3, build=30.03.2023 11.49)
14:54:48.329 [FXGL Background Thread 3 ] DEBUG Engine               - saveFileExt: sav
14:54:48.330 [FXGL Background Thread 3 ] DEBUG Engine               - scaledHeightProp$fxgl: DoubleProperty [bound, value: 500.0]
14:54:48.330 [FXGL Background Thread 3 ] DEBUG Engine               - scaledWidthProp$fxgl: DoubleProperty [bound, value: 800.0]
14:54:48.331 [FXGL Background Thread 3 ] DEBUG Engine               - sceneFactory: com.almasb.fxgl.app.scene.SceneFactory@5745d4a2
14:54:48.331 [FXGL Background Thread 3 ] DEBUG Engine               - secondsIn24h: 60
14:54:48.331 [FXGL Background Thread 3 ] DEBUG Engine               - soundMenuBack: menu/back.wav
14:54:48.331 [FXGL Background Thread 3 ] DEBUG Engine               - soundMenuPress: menu/press.wav
14:54:48.331 [FXGL Background Thread 3 ] DEBUG Engine               - soundMenuSelect: menu/select.wav
14:54:48.332 [FXGL Background Thread 3 ] DEBUG Engine               - soundNotification: core/notification.wav
14:54:48.332 [FXGL Background Thread 3 ] DEBUG Engine               - stageStyle: DECORATED
14:54:48.332 [FXGL Background Thread 3 ] DEBUG Engine               - supportedLanguages: [ENGLISH, FRENCH, GERMAN, HUNGARIAN, RUSSIAN]
14:54:48.332 [FXGL Background Thread 3 ] DEBUG Engine               - ticksPerSecond: -1
14:54:48.333 [FXGL Background Thread 3 ] DEBUG Engine               - title: Server
14:54:48.333 [FXGL Background Thread 3 ] DEBUG Engine               - urlGithub: https://github.com/AlmasB/FXGL
14:54:48.333 [FXGL Background Thread 3 ] DEBUG Engine               - urlLeaderboard: http://fxgl-top.herokuapp.com/
14:54:48.333 [FXGL Background Thread 3 ] DEBUG Engine               - urlPOM: https://raw.githubusercontent.com/AlmasB/FXGL/release/README.md
14:54:48.333 [FXGL Background Thread 3 ] DEBUG Engine               - userAppClass: class Runner.ServerRunner
14:54:48.334 [FXGL Background Thread 3 ] DEBUG Engine               - version: 0.0
14:54:48.334 [FXGL Background Thread 3 ] DEBUG Engine               - versionCheckDays: 7
14:54:48.334 [FXGL Background Thread 3 ] DEBUG Engine               - width: 800
14:54:48.334 [FXGL Background Thread 3 ] DEBUG Engine               - Logging services
14:54:48.334 [FXGL Background Thread 3 ] DEBUG Engine               - class com.almasb.fxgl.app.services.FXGLAssetLoaderService
14:54:48.334 [FXGL Background Thread 3 ] DEBUG Engine               - class com.almasb.fxgl.app.FXGLApplication$GameApplicationService
14:54:48.334 [FXGL Background Thread 3 ] DEBUG Engine               - class com.almasb.fxgl.app.services.FXGLDialogService
14:54:48.334 [FXGL Background Thread 3 ] DEBUG Engine               - class com.almasb.fxgl.app.services.IOTaskExecutorService
14:54:48.334 [FXGL Background Thread 3 ] DEBUG Engine               - class com.almasb.fxgl.io.FileSystemService
14:54:48.334 [FXGL Background Thread 3 ] DEBUG Engine               - class com.almasb.fxgl.localization.LocalizationService
14:54:48.334 [FXGL Background Thread 3 ] DEBUG Engine               - class com.almasb.fxgl.app.services.SystemBundleService
14:54:48.335 [FXGL Background Thread 3 ] DEBUG Engine               - class com.almasb.fxgl.profile.SaveLoadService
14:54:48.335 [FXGL Background Thread 3 ] DEBUG Engine               - class com.almasb.fxgl.ui.FXGLUIFactoryServiceProvider
14:54:48.335 [FXGL Background Thread 3 ] DEBUG Engine               - class com.almasb.fxgl.ui.FXGLDialogFactoryServiceProvider
14:54:48.335 [FXGL Background Thread 3 ] DEBUG Engine               - class com.almasb.fxgl.audio.AudioPlayer
14:54:48.335 [FXGL Background Thread 3 ] DEBUG Engine               - class com.almasb.fxgl.notification.impl.NotificationServiceProvider
14:54:48.335 [FXGL Background Thread 3 ] DEBUG Engine               - class com.almasb.fxgl.achievement.AchievementService
14:54:48.335 [FXGL Background Thread 3 ] DEBUG Engine               - class com.almasb.fxgl.cutscene.CutsceneService
14:54:48.335 [FXGL Background Thread 3 ] DEBUG Engine               - class com.almasb.fxgl.minigames.MiniGameService
14:54:48.335 [FXGL Background Thread 3 ] DEBUG Engine               - class com.almasb.fxgl.net.NetService
14:54:48.335 [FXGL Background Thread 3 ] DEBUG Engine               - class com.almasb.fxgl.app.services.UpdaterService
14:54:48.335 [FXGL Background Thread 3 ] DEBUG Engine               - class com.almasb.fxgl.dev.DevService
14:54:48.335 [FXGL Background Thread 3 ] DEBUG Engine               - class com.almasb.fxgl.multiplayer.MultiplayerService
14:54:48.438 [FXGL Background Thread 2 ] INFO  UpdaterService       - Latest stable version: 21.1
14:55:06.799 [ServerAsyncConnThread    ] DEBUG Endpoint             - TCPServer opening new connection (1) from /127.0.0.1:63131 type: class com.almasb.fxgl.core.serialization.Bundle
14:55:06.800 [ServerAsyncConnThread    ] DEBUG Endpoint             - TCPServer successfully opened connection (1)
14:55:06.892 [TCPServer_SendThread-1   ] DEBUG Writers              - Getting TCPMessageWriter for class com.almasb.fxgl.core.serialization.Bundle
14:55:06.901 [TCPServer_SendThread-1   ] DEBUG Writers              - Constructed TCPMessageWriter for class com.almasb.fxgl.core.serialization.Bundle: BundleTCPMessageWriter
14:55:06.937 [TCPServer_RecvThread-1   ] DEBUG Readers              - Getting TCPMessageReader for class com.almasb.fxgl.core.serialization.Bundle
14:55:06.938 [TCPServer_RecvThread-1   ] DEBUG Readers              - Constructed MessageReader for class com.almasb.fxgl.core.serialization.Bundle: BundleTCPMessageReader
14:55:46.577 [TCPServer_RecvThread-1   ] DEBUG Endpoint             - Connection 1 was unexpectedly disconnected: Connection reset
14:55:46.578 [TCPServer_RecvThread-1   ] DEBUG Connection           - Closing connection 1
14:55:46.578 [TCPServer_RecvThread-1   ] DEBUG Connection           - Connection 1 was correctly closed from local endpoint.
14:55:46.579 [TCPServer_RecvThread-1   ] DEBUG Endpoint             - TCPServer connection (1) was closed
14:55:47.362 [JavaFX Application Thread] DEBUG FXGLApplication      - Exiting FXGL
14:55:47.362 [JavaFX Application Thread] DEBUG LoopRunner           - Stopping loop
14:55:47.363 [JavaFX Application Thread] DEBUG SystemBundleService  - Saving FXGL system data
14:55:47.371 [JavaFX Application Thread] DEBUG FileSystemAccess     - Writing to: C:\Users\Owner\Desktop\Sonic-rush\system\fxgl.bundle
14:55:47.373 [JavaFX Application Thread] DEBUG Async                - Shutting down background threads
14:55:47.374 [JavaFX Application Thread] DEBUG PrimaryStageWindow   - Closing main window
14:55:47.420 [JavaFX Application Thread] DEBUG Logger               - Closing Logger
