15:18:43.025 [main                     ] DEBUG Logger               - Configured Logger
15:18:43.055 [main                     ] DEBUG GameApplication      - Logging settings
Title: Server
Version: 0.0
Width: 800
Height: 500
Fullscreen: false
Intro: false
Profiling: false
Single step:false
App Mode: DEVELOPER
Menu Key: ESCAPE
Stage Style: DECORATED
Scene Factory: class com.almasb.fxgl.app.scene.SceneFactory

15:18:43.509 [JavaFX Application Thread] DEBUG FXGLApplication      - Initializing FXGL
15:18:43.513 [JavaFX Application Thread] INFO  Engine               - FXGL-17.3 (30.03.2023 11.49) on WINDOWS (J:21.0.2 FX:20)
15:18:43.515 [JavaFX Application Thread] DEBUG Engine               - JRE Vendor Name: Oracle Corporation
15:18:43.515 [JavaFX Application Thread] DEBUG Engine               - Running on OS: Windows 10 version 10.0
15:18:43.516 [JavaFX Application Thread] DEBUG Engine               - Architecture: amd64
15:18:43.516 [JavaFX Application Thread] INFO  Engine               - Source code and latest versions at: https://github.com/AlmasB/FXGL
15:18:43.517 [JavaFX Application Thread] INFO  Engine               -       Ask questions and discuss at: https://github.com/AlmasB/FXGL/discussions
15:18:43.517 [JavaFX Application Thread] INFO  Engine               -              Join the FXGL chat at: https://gitter.im/AlmasB/FXGL
15:18:43.655 [JavaFX Application Thread] DEBUG PrimaryStageWindow   - Creating a JavaFX scene
15:18:43.718 [JavaFX Application Thread] DEBUG PrimaryStageWindow   - Target settings size: 800.0 x 500.0
15:18:43.718 [JavaFX Application Thread] DEBUG PrimaryStageWindow   - Scaled scene size:    800.0 x 500.0
15:18:43.718 [JavaFX Application Thread] DEBUG PrimaryStageWindow   - Scaled ratio: (1.0, 1.0)
15:18:43.719 [JavaFX Application Thread] DEBUG PrimaryStageWindow   - Set initial scene to FXGLStartupScene
15:18:43.723 [JavaFX Application Thread] DEBUG PrimaryStageWindow   - Opening main window
15:18:43.819 [JavaFX Application Thread] DEBUG PrimaryStageWindow   - Window border size: (16.0, 39.0)
15:18:43.819 [JavaFX Application Thread] DEBUG PrimaryStageWindow   - Scaled size: 800.0 x 500.0
15:18:43.819 [JavaFX Application Thread] DEBUG PrimaryStageWindow   - Scaled ratio: (1.0, 1.0)
15:18:43.819 [JavaFX Application Thread] DEBUG PrimaryStageWindow   - Scene size: 800.0 x 500.0
15:18:43.819 [JavaFX Application Thread] DEBUG PrimaryStageWindow   - Stage size: 816.0 x 539.0
15:18:43.828 [FXGL Background Thread 1 ] DEBUG Engine               - Initializing environment variables
15:18:43.886 [FXGL Background Thread 1 ] DEBUG FXGLAssetLoaderServi - User app class for loading assets: class Runner.ServerRunner
15:18:43.886 [FXGL Background Thread 1 ] DEBUG GameApplicationServi - Applying CSS: fxgl_dark.css
15:18:43.887 [FXGL Background Thread 1 ] DEBUG FXGLAssetLoaderServi - Loading from file system: jar:file:/C:/Users/User/.m2/repository/com/github/almasb/fxgl/17.3/fxgl-17.3.jar!/fxglassets/ui/css/fxgl_dark.css
15:18:43.935 [FXGL Background Thread 1 ] DEBUG GameApplicationServi - Initializing application scenes
15:18:44.074 [FXGL Background Thread 1 ] DEBUG GameWorld            - Game world initialized
15:18:44.158 [FXGL Background Thread 1 ] DEBUG PhysicsWorld         - Physics world initialized: appHeight=500, physics.ppm=50,0
15:18:44.158 [FXGL Background Thread 1 ] DEBUG PhysicsWorld         - Using strategy: BRUTE_FORCE
15:18:44.165 [FXGL Background Thread 1 ] DEBUG GameScene            - Game scene initialized: 800x500
15:18:44.185 [FXGL Background Thread 1 ] WARN  FXGL.DefaultMenu     - FXGLDefaultMenu is not designed for resolutions < 800x600
15:18:44.187 [FXGL Background Thread 1 ] DEBUG FXGL.DefaultMenu     - createMenuBodyGameMenu()
15:18:44.208 [FXGL Background Thread 1 ] DEBUG FXGL.DefaultMenu     - createOptionsMenu()
15:18:44.221 [FXGL Background Thread 1 ] DEBUG FXGLAssetLoaderServi - Loading from file system: jar:file:/C:/Users/User/.m2/repository/com/github/almasb/fxgl/17.3/fxgl-17.3.jar!/fxglassets/textures/particles/smoke.png
15:18:44.541 [FXGL Background Thread 1 ] DEBUG FXGLAssetLoaderServi - Loading from file system: jar:file:/C:/Users/User/.m2/repository/com/github/almasb/fxgl/17.3/fxgl-17.3.jar!/fxglassets/textures/particles/trace_horizontal.png
15:18:44.593 [FXGL Background Thread 1 ] DEBUG GameApplicationServi - Application scenes initialized
15:18:44.615 [FXGL Background Thread 1 ] DEBUG SystemBundleService  - Loading FXGL system data
15:18:44.624 [FXGL Background Thread 1 ] DEBUG FileSystemAccess     - Reading from: C:\Users\User\Documents\GitHub\Sonic-rush\system\fxgl.bundle
15:18:44.649 [FXGL Background Thread 1 ] DEBUG SystemBundleService  - Bundle FXGL: {}
15:18:44.649 [FXGL Background Thread 1 ] DEBUG UpdaterService       - Checking for updates
15:18:44.660 [FXGL Background Thread 1 ] DEBUG FXGLApplication      - Loading default localization
15:18:44.660 [FXGL Background Thread 1 ] DEBUG FXGLAssetLoaderServi - Loading from file system: jar:file:/C:/Users/User/.m2/repository/com/github/almasb/fxgl/17.3/fxgl-17.3.jar!/fxglassets/languages/english.lang
15:18:44.698 [FXGL Background Thread 1 ] INFO  FXGLApplication      - FXGL initialization took: 0,870 sec
15:18:44.722 [FXGL Background Thread 4 ] DEBUG FXGLApplication      - Loading fonts
15:18:44.723 [FXGL Background Thread 4 ] DEBUG FXGLAssetLoaderServi - Loading from file system: jar:file:/C:/Users/User/.m2/repository/com/github/almasb/fxgl/17.3/fxgl-17.3.jar!/fxglassets/ui/fonts/VarelaRound-Regular.ttf
15:18:44.748 [JavaFX Application Thread] DEBUG FXGLAssetLoaderServi - Loading from file system: jar:file:/C:/Users/User/.m2/repository/com/github/almasb/fxgl/17.3/fxgl-17.3.jar!/fxglassets/textures/fxgl_icon.png
15:18:44.797 [JavaFX Application Thread] DEBUG FXGLAssetLoaderServi - Loading from file system: jar:file:/C:/Users/User/.m2/repository/com/github/almasb/fxgl/17.3/fxgl-17.3.jar!/fxglassets/textures/fxgl_default_cursor.png
15:18:44.804 [FXGL Background Thread 4 ] DEBUG FXGLAssetLoaderServi - Loading from file system: jar:file:/C:/Users/User/.m2/repository/com/github/almasb/fxgl/17.3/fxgl-17.3.jar!/fxglassets/ui/fonts/Abel-Regular.ttf
15:18:44.808 [FXGL Background Thread 4 ] DEBUG FXGLAssetLoaderServi - Loading from file system: jar:file:/C:/Users/User/.m2/repository/com/github/almasb/fxgl/17.3/fxgl-17.3.jar!/fxglassets/ui/fonts/TerminalLandMono-Regular.otf
15:18:44.810 [JavaFX Application Thread] DEBUG Input                - Registered new binding: Screenshot - CTRL+8
15:18:44.811 [JavaFX Application Thread] DEBUG Input                - Registered new binding: System info dump - CTRL+9
15:18:44.811 [JavaFX Application Thread] DEBUG Input                - Registered new binding: Restart - CTRL+R
15:18:44.812 [JavaFX Application Thread] DEBUG Input                - Registered new binding: Toggle Debug Camera - CTRL+7
15:18:44.814 [JavaFX Application Thread] DEBUG LoopRunner           - Starting loop
15:18:44.814 [JavaFX Application Thread] DEBUG LoopRunner           - Initializing JavaFX AnimationTimerLoop
15:18:44.816 [JavaFX Application Thread] DEBUG GameApplicationServi - Starting new game
15:18:44.816 [JavaFX Application Thread] DEBUG Input                - Clearing active input actions
15:18:44.828 [JavaFX Application Thread] DEBUG GameApplicationServi - Removing overlay from FXGLStartupScene and adding to FXGLLoadingScene
15:18:44.829 [JavaFX Application Thread] DEBUG PrimaryStageWindow   - FXGLStartupScene -> FXGLLoadingScene
15:18:44.829 [JavaFX Application Thread] DEBUG GameApplicationServi - Clearing previous game
15:18:44.829 [JavaFX Application Thread] DEBUG GameScene            - Clearing game scene
15:18:44.829 [JavaFX Application Thread] DEBUG GameWorld            - Clearing game world
15:18:44.829 [JavaFX Application Thread] DEBUG PhysicsWorld         - Clearing physics world
15:18:44.850 [FXGL Background Thread 1 ] DEBUG FXGLApplication      - Initializing game
15:18:44.874 [FXGL Background Thread 4 ] DEBUG FXGLAssetLoaderServi - Loading from file system: jar:file:/C:/Users/User/.m2/repository/com/github/almasb/fxgl/17.3/fxgl-17.3.jar!/fxglassets/ui/fonts/Courier-Prime.ttf
15:18:44.965 [ServerAsyncConnThread    ] DEBUG TCPServer            - Starting to listen at: 55555 type: class com.almasb.fxgl.core.serialization.Bundle
15:18:45.077 [FXGL Background Thread 1 ] DEBUG TMXLevelLoader       - Parsed TiledMap: file:/C:/Users/User/Documents/GitHub/Sonic-rush/target/classes/assets/levels/mapazo.tmx
15:18:45.098 [FXGL Background Thread 1 ] DEBUG TMXLevelLoader       - Creating tile layer entities
15:18:45.100 [FXGL Background Thread 1 ] DEBUG TilesetLoader        - Loading view for layer Capa de patrones 1
15:18:45.111 [FXGL Background Thread 1 ] DEBUG TilesetLoader        - Created buffer with size 3840.0x720.0
15:18:45.157 [FXGL Background Thread 1 ] DEBUG TMXLevelLoader       - Creating object layer entities
15:18:45.195 [FXGL Background Thread 1 ] DEBUG GameWorld            - Clearing removable entities
15:18:45.196 [FXGL Background Thread 1 ] DEBUG GameWorld            - Setting level: com.almasb.fxgl.entity.level.Level@1e0f6b2
15:18:45.218 [FXGL Background Thread 1 ] DEBUG FXGLAssetLoaderServi - Loading from file system: file:/C:/Users/User/Documents/GitHub/Sonic-rush/target/classes/assets/textures/Items/ring.png
15:18:45.304 [FXGL Background Thread 1 ] DEBUG FXGLAssetLoaderServi - Loading from file system: file:/C:/Users/User/Documents/GitHub/Sonic-rush/target/classes/assets/textures/Enemigos/enemigo.png
15:18:45.359 [FXGL Background Thread 1 ] DEBUG FXGLAssetLoaderServi - Loading from file system: file:/C:/Users/User/Documents/GitHub/Sonic-rush/target/classes/assets/textures/Items/papel.png
15:18:45.362 [FXGL Background Thread 1 ] DEBUG FXGLAssetLoaderServi - Loading from file system: file:/C:/Users/User/Documents/GitHub/Sonic-rush/target/classes/assets/textures/Items/caucho.png
15:18:45.366 [FXGL Background Thread 1 ] DEBUG FXGLAssetLoaderServi - Loading from file system: file:/C:/Users/User/Documents/GitHub/Sonic-rush/target/classes/assets/textures/Items/basura.png
15:18:45.376 [FXGL Background Thread 1 ] INFO  FXGLApplication      - Game initialization took: 0,527 sec
15:18:45.386 [JavaFX Application Thread] DEBUG FXGLApplication      - Registering font factories with UI factory
15:18:45.388 [JavaFX Application Thread] DEBUG Input                - Clearing active input actions
15:18:45.400 [JavaFX Application Thread] DEBUG GameApplicationServi - Removing overlay from FXGLLoadingScene and adding to GameScene
15:18:45.404 [JavaFX Application Thread] DEBUG PrimaryStageWindow   - FXGLLoadingScene -> GameScene
15:18:45.643 [FXGL Background Thread 2 ] INFO  UpdaterService       - Your current version:  17.3
15:18:45.645 [FXGL Background Thread 2 ] INFO  UpdaterService       - Latest stable version: 21.1
15:18:47.682 [FXGL Background Thread 3 ] DEBUG Engine               - Logging environment variables
15:18:47.684 [FXGL Background Thread 3 ] DEBUG Engine               - achievements: []
15:18:47.684 [FXGL Background Thread 3 ] DEBUG Engine               - actualHeight: 500.0
15:18:47.684 [FXGL Background Thread 3 ] DEBUG Engine               - actualHeightProperty: ReadOnlyDoubleProperty [value: 500.0]
15:18:47.684 [FXGL Background Thread 3 ] DEBUG Engine               - actualWidth: 800.0
15:18:47.684 [FXGL Background Thread 3 ] DEBUG Engine               - actualWidthProperty: ReadOnlyDoubleProperty [value: 800.0]
15:18:47.684 [FXGL Background Thread 3 ] DEBUG Engine               - appIcon: fxgl_icon.png
15:18:47.684 [FXGL Background Thread 3 ] DEBUG Engine               - applicationMode: DEVELOPER
15:18:47.685 [FXGL Background Thread 3 ] DEBUG Engine               - cSSList: [fxgl_dark.css]
15:18:47.685 [FXGL Background Thread 3 ] DEBUG Engine               - collisionDetectionStrategy: BRUTE_FORCE
15:18:47.685 [FXGL Background Thread 3 ] DEBUG Engine               - configClass: Optional.empty
15:18:47.685 [FXGL Background Thread 3 ] DEBUG Engine               - credits: []
15:18:47.685 [FXGL Background Thread 3 ] DEBUG Engine               - defaultCursor: CursorInfo(imageName=fxgl_default_cursor.png, hotspotX=7.0, hotspotY=6.0)
15:18:47.685 [FXGL Background Thread 3 ] DEBUG Engine               - devBBoxColorProperty: ObjectProperty [value: 0xff0000ff]
15:18:47.685 [FXGL Background Thread 3 ] DEBUG Engine               - devEnableDebugCameraProperty: BooleanProperty [value: false]
15:18:47.685 [FXGL Background Thread 3 ] DEBUG Engine               - devSensorColorProperty: ObjectProperty [value: 0xffff00ff]
15:18:47.685 [FXGL Background Thread 3 ] DEBUG Engine               - devShowBBoxProperty: BooleanProperty [value: false]
15:18:47.685 [FXGL Background Thread 3 ] DEBUG Engine               - devShowPositionProperty: BooleanProperty [value: false]
15:18:47.685 [FXGL Background Thread 3 ] DEBUG Engine               - enabledMenuItems: []
15:18:47.686 [FXGL Background Thread 3 ] DEBUG Engine               - engineServices: [class com.almasb.fxgl.app.services.FXGLAssetLoaderService, class com.almasb.fxgl.app.FXGLApplication$GameApplicationService, class com.almasb.fxgl.app.services.FXGLDialogService, class com.almasb.fxgl.app.services.IOTaskExecutorService, class com.almasb.fxgl.io.FileSystemService, class com.almasb.fxgl.localization.LocalizationService, class com.almasb.fxgl.app.services.SystemBundleService, class com.almasb.fxgl.profile.SaveLoadService, class com.almasb.fxgl.ui.FXGLUIFactoryServiceProvider, class com.almasb.fxgl.ui.FXGLDialogFactoryServiceProvider, class com.almasb.fxgl.audio.AudioPlayer, class com.almasb.fxgl.notification.impl.NotificationServiceProvider, class com.almasb.fxgl.achievement.AchievementService, class com.almasb.fxgl.cutscene.CutsceneService, class com.almasb.fxgl.minigames.MiniGameService, class com.almasb.fxgl.net.NetService, class com.almasb.fxgl.app.services.UpdaterService, class com.almasb.fxgl.dev.DevService, class com.almasb.fxgl.multiplayer.MultiplayerService]
15:18:47.686 [FXGL Background Thread 3 ] DEBUG Engine               - fontGame: Abel-Regular.ttf
15:18:47.686 [FXGL Background Thread 3 ] DEBUG Engine               - fontMono: TerminalLandMono-Regular.otf
15:18:47.686 [FXGL Background Thread 3 ] DEBUG Engine               - fontSizeScaleUI: 1.0
15:18:47.686 [FXGL Background Thread 3 ] DEBUG Engine               - fontText: Courier-Prime.ttf
15:18:47.686 [FXGL Background Thread 3 ] DEBUG Engine               - fontUI: VarelaRound-Regular.ttf
15:18:47.686 [FXGL Background Thread 3 ] DEBUG Engine               - fullScreen: BooleanProperty [value: false]
15:18:47.686 [FXGL Background Thread 3 ] DEBUG Engine               - gameDifficulty: MEDIUM
15:18:47.686 [FXGL Background Thread 3 ] DEBUG Engine               - gameDifficultyProperty: ObjectProperty [value: MEDIUM]
15:18:47.686 [FXGL Background Thread 3 ] DEBUG Engine               - globalMusicVolume: 0.5
15:18:47.686 [FXGL Background Thread 3 ] DEBUG Engine               - globalMusicVolumeProperty: DoubleProperty [value: 0.5]
15:18:47.686 [FXGL Background Thread 3 ] DEBUG Engine               - globalSoundVolume: 0.5
15:18:47.686 [FXGL Background Thread 3 ] DEBUG Engine               - globalSoundVolumeProperty: DoubleProperty [value: 0.5]
15:18:47.687 [FXGL Background Thread 3 ] DEBUG Engine               - height: 500
15:18:47.687 [FXGL Background Thread 3 ] DEBUG Engine               - is3D: false
15:18:47.687 [FXGL Background Thread 3 ] DEBUG Engine               - isAndroid: false
15:18:47.688 [FXGL Background Thread 3 ] DEBUG Engine               - isBrowser: false
15:18:47.810 [FXGL Background Thread 3 ] DEBUG Engine               - isClickFeedbackEnabled: false
15:18:47.811 [FXGL Background Thread 3 ] DEBUG Engine               - isCloseConfirmation: false
15:18:47.811 [FXGL Background Thread 3 ] DEBUG Engine               - isDesktop: true
15:18:47.811 [FXGL Background Thread 3 ] DEBUG Engine               - isDeveloperMenuEnabled: false
15:18:47.812 [FXGL Background Thread 3 ] DEBUG Engine               - isEmbedded: false
15:18:47.812 [FXGL Background Thread 3 ] DEBUG Engine               - isEntityPreloadEnabled: true
15:18:47.813 [FXGL Background Thread 3 ] DEBUG Engine               - isExperimentalTiledLargeMap: false
15:18:47.814 [FXGL Background Thread 3 ] DEBUG Engine               - isFileSystemWriteAllowed: true
15:18:47.814 [FXGL Background Thread 3 ] DEBUG Engine               - isFullScreenAllowed: false
15:18:47.814 [FXGL Background Thread 3 ] DEBUG Engine               - isFullScreenFromStart: false
15:18:47.815 [FXGL Background Thread 3 ] DEBUG Engine               - isGameMenuEnabled: true
15:18:47.815 [FXGL Background Thread 3 ] DEBUG Engine               - isIOS: false
15:18:47.815 [FXGL Background Thread 3 ] DEBUG Engine               - isIntroEnabled: false
15:18:47.815 [FXGL Background Thread 3 ] DEBUG Engine               - isLinux: false
15:18:47.815 [FXGL Background Thread 3 ] DEBUG Engine               - isMac: false
15:18:47.815 [FXGL Background Thread 3 ] DEBUG Engine               - isMainMenuEnabled: false
15:18:47.815 [FXGL Background Thread 3 ] DEBUG Engine               - isManualResizeEnabled: false
15:18:47.815 [FXGL Background Thread 3 ] DEBUG Engine               - isMobile: false
15:18:47.815 [FXGL Background Thread 3 ] DEBUG Engine               - isNative: false
15:18:47.815 [FXGL Background Thread 3 ] DEBUG Engine               - isPauseMusicWhenMinimized: true
15:18:47.815 [FXGL Background Thread 3 ] DEBUG Engine               - isPreserveResizeRatio: false
15:18:47.815 [FXGL Background Thread 3 ] DEBUG Engine               - isProfilingEnabled: false
15:18:47.815 [FXGL Background Thread 3 ] DEBUG Engine               - isScaleAffectedOnResize: true
15:18:47.815 [FXGL Background Thread 3 ] DEBUG Engine               - isSingleStep: false
15:18:47.815 [FXGL Background Thread 3 ] DEBUG Engine               - isUserProfileEnabled: false
15:18:47.816 [FXGL Background Thread 3 ] DEBUG Engine               - isWindows: true
15:18:47.816 [FXGL Background Thread 3 ] DEBUG Engine               - language: ObjectProperty [value: ENGLISH]
15:18:47.816 [FXGL Background Thread 3 ] DEBUG Engine               - menuKey: ESCAPE
15:18:47.816 [FXGL Background Thread 3 ] DEBUG Engine               - mouseSensitivity: 0.2
15:18:47.816 [FXGL Background Thread 3 ] DEBUG Engine               - notificationViewClass: class com.almasb.fxgl.notification.view.XboxNotificationView
15:18:47.816 [FXGL Background Thread 3 ] DEBUG Engine               - pixelsPerMeter: 50.0
15:18:47.816 [FXGL Background Thread 3 ] DEBUG Engine               - platform: WINDOWS
15:18:47.816 [FXGL Background Thread 3 ] DEBUG Engine               - prefHeightProperty: ReadOnlyDoubleProperty [value: 500.0]
15:18:47.816 [FXGL Background Thread 3 ] DEBUG Engine               - prefWidthProperty: ReadOnlyDoubleProperty [value: 800.0]
15:18:47.816 [FXGL Background Thread 3 ] DEBUG Engine               - profileDir: profiles/
15:18:47.816 [FXGL Background Thread 3 ] DEBUG Engine               - profileName: StringProperty [value: DEFAULT]
15:18:47.816 [FXGL Background Thread 3 ] DEBUG Engine               - randomSeed: -1
15:18:47.817 [FXGL Background Thread 3 ] DEBUG Engine               - runtimeInfo: RuntimeInfo(platform=WINDOWS, version=17.3, build=30.03.2023 11.49)
15:18:47.817 [FXGL Background Thread 3 ] DEBUG Engine               - saveFileExt: sav
15:18:47.817 [FXGL Background Thread 3 ] DEBUG Engine               - scaledHeightProp$fxgl: DoubleProperty [bound, value: 500.0]
15:18:47.817 [FXGL Background Thread 3 ] DEBUG Engine               - scaledWidthProp$fxgl: DoubleProperty [bound, value: 800.0]
15:18:47.817 [FXGL Background Thread 3 ] DEBUG Engine               - sceneFactory: com.almasb.fxgl.app.scene.SceneFactory@7a9936ad
15:18:47.818 [FXGL Background Thread 3 ] DEBUG Engine               - secondsIn24h: 60
15:18:47.818 [FXGL Background Thread 3 ] DEBUG Engine               - soundMenuBack: menu/back.wav
15:18:47.818 [FXGL Background Thread 3 ] DEBUG Engine               - soundMenuPress: menu/press.wav
15:18:47.818 [FXGL Background Thread 3 ] DEBUG Engine               - soundMenuSelect: menu/select.wav
15:18:47.818 [FXGL Background Thread 3 ] DEBUG Engine               - soundNotification: core/notification.wav
15:18:47.818 [FXGL Background Thread 3 ] DEBUG Engine               - stageStyle: DECORATED
15:18:47.818 [FXGL Background Thread 3 ] DEBUG Engine               - supportedLanguages: [ENGLISH, FRENCH, GERMAN, HUNGARIAN, RUSSIAN]
15:18:47.818 [FXGL Background Thread 3 ] DEBUG Engine               - ticksPerSecond: -1
15:18:47.818 [FXGL Background Thread 3 ] DEBUG Engine               - title: Server
15:18:47.818 [FXGL Background Thread 3 ] DEBUG Engine               - urlGithub: https://github.com/AlmasB/FXGL
15:18:47.818 [FXGL Background Thread 3 ] DEBUG Engine               - urlLeaderboard: http://fxgl-top.herokuapp.com/
15:18:47.818 [FXGL Background Thread 3 ] DEBUG Engine               - urlPOM: https://raw.githubusercontent.com/AlmasB/FXGL/release/README.md
15:18:47.818 [FXGL Background Thread 3 ] DEBUG Engine               - userAppClass: class Runner.ServerRunner
15:18:47.818 [FXGL Background Thread 3 ] DEBUG Engine               - version: 0.0
15:18:47.818 [FXGL Background Thread 3 ] DEBUG Engine               - versionCheckDays: 7
15:18:47.818 [FXGL Background Thread 3 ] DEBUG Engine               - width: 800
15:18:47.818 [FXGL Background Thread 3 ] DEBUG Engine               - Logging services
15:18:47.818 [FXGL Background Thread 3 ] DEBUG Engine               - class com.almasb.fxgl.app.services.FXGLAssetLoaderService
15:18:47.818 [FXGL Background Thread 3 ] DEBUG Engine               - class com.almasb.fxgl.app.FXGLApplication$GameApplicationService
15:18:47.818 [FXGL Background Thread 3 ] DEBUG Engine               - class com.almasb.fxgl.app.services.FXGLDialogService
15:18:47.818 [FXGL Background Thread 3 ] DEBUG Engine               - class com.almasb.fxgl.app.services.IOTaskExecutorService
15:18:47.818 [FXGL Background Thread 3 ] DEBUG Engine               - class com.almasb.fxgl.io.FileSystemService
15:18:47.818 [FXGL Background Thread 3 ] DEBUG Engine               - class com.almasb.fxgl.localization.LocalizationService
15:18:47.818 [FXGL Background Thread 3 ] DEBUG Engine               - class com.almasb.fxgl.app.services.SystemBundleService
15:18:47.818 [FXGL Background Thread 3 ] DEBUG Engine               - class com.almasb.fxgl.profile.SaveLoadService
15:18:47.818 [FXGL Background Thread 3 ] DEBUG Engine               - class com.almasb.fxgl.ui.FXGLUIFactoryServiceProvider
15:18:47.818 [FXGL Background Thread 3 ] DEBUG Engine               - class com.almasb.fxgl.ui.FXGLDialogFactoryServiceProvider
15:18:47.818 [FXGL Background Thread 3 ] DEBUG Engine               - class com.almasb.fxgl.audio.AudioPlayer
15:18:47.818 [FXGL Background Thread 3 ] DEBUG Engine               - class com.almasb.fxgl.notification.impl.NotificationServiceProvider
15:18:47.818 [FXGL Background Thread 3 ] DEBUG Engine               - class com.almasb.fxgl.achievement.AchievementService
15:18:47.818 [FXGL Background Thread 3 ] DEBUG Engine               - class com.almasb.fxgl.cutscene.CutsceneService
15:18:47.818 [FXGL Background Thread 3 ] DEBUG Engine               - class com.almasb.fxgl.minigames.MiniGameService
15:18:47.818 [FXGL Background Thread 3 ] DEBUG Engine               - class com.almasb.fxgl.net.NetService
15:18:47.818 [FXGL Background Thread 3 ] DEBUG Engine               - class com.almasb.fxgl.app.services.UpdaterService
15:18:47.818 [FXGL Background Thread 3 ] DEBUG Engine               - class com.almasb.fxgl.dev.DevService
15:18:47.819 [FXGL Background Thread 3 ] DEBUG Engine               - class com.almasb.fxgl.multiplayer.MultiplayerService
15:18:53.112 [ServerAsyncConnThread    ] DEBUG Endpoint             - TCPServer opening new connection (1) from /127.0.0.1:65422 type: class com.almasb.fxgl.core.serialization.Bundle
15:18:53.113 [ServerAsyncConnThread    ] DEBUG Endpoint             - TCPServer successfully opened connection (1)
15:18:53.129 [TCPServer_SendThread-1   ] DEBUG Writers              - Getting TCPMessageWriter for class com.almasb.fxgl.core.serialization.Bundle
15:18:53.130 [TCPServer_RecvThread-1   ] DEBUG Readers              - Getting TCPMessageReader for class com.almasb.fxgl.core.serialization.Bundle
15:18:53.131 [TCPServer_SendThread-1   ] DEBUG Writers              - Constructed TCPMessageWriter for class com.almasb.fxgl.core.serialization.Bundle: BundleTCPMessageWriter
15:18:58.073 [TCPServer_RecvThread-1   ] DEBUG Endpoint             - Connection 1 was unexpectedly disconnected: Connection reset
15:18:58.073 [TCPServer_RecvThread-1   ] DEBUG Connection           - Closing connection 1
15:18:58.074 [TCPServer_RecvThread-1   ] DEBUG Connection           - Connection 1 was correctly closed from local endpoint.
15:18:58.074 [TCPServer_RecvThread-1   ] DEBUG Endpoint             - TCPServer connection (1) was closed
15:18:58.618 [JavaFX Application Thread] DEBUG FXGLApplication      - Exiting FXGL
15:18:58.618 [JavaFX Application Thread] DEBUG LoopRunner           - Stopping loop
15:18:58.618 [JavaFX Application Thread] DEBUG SystemBundleService  - Saving FXGL system data
15:18:58.620 [JavaFX Application Thread] DEBUG FileSystemAccess     - Writing to: C:\Users\User\Documents\GitHub\Sonic-rush\system\fxgl.bundle
15:18:58.620 [JavaFX Application Thread] DEBUG Async                - Shutting down background threads
15:18:58.620 [JavaFX Application Thread] DEBUG PrimaryStageWindow   - Closing main window
15:18:58.634 [JavaFX Application Thread] DEBUG Logger               - Closing Logger
