14:52:48.222 [main                     ] DEBUG Logger               - Configured Logger
14:52:48.270 [main                     ] DEBUG GameApplication      - Logging settings
Title: Jugador Sonic
Version: 0.0
Width: 1000
Height: 600
Fullscreen: false
Intro: false
Profiling: false
Single step:false
App Mode: DEVELOPER
Menu Key: ESCAPE
Stage Style: DECORATED
Scene Factory: class com.almasb.fxgl.app.scene.SceneFactory

14:52:49.089 [JavaFX Application Thread] DEBUG FXGLApplication      - Initializing FXGL
14:52:49.103 [JavaFX Application Thread] INFO  Engine               - FXGL-17.3 (30.03.2023 11.49) on WINDOWS (J:17.0.12 FX:20)
14:52:49.105 [JavaFX Application Thread] DEBUG Engine               - JRE Vendor Name: Oracle Corporation
14:52:49.105 [JavaFX Application Thread] DEBUG Engine               - Running on OS: Windows 10 version 10.0
14:52:49.105 [JavaFX Application Thread] DEBUG Engine               - Architecture: amd64
14:52:49.106 [JavaFX Application Thread] INFO  Engine               - Source code and latest versions at: https://github.com/AlmasB/FXGL
14:52:49.106 [JavaFX Application Thread] INFO  Engine               -       Ask questions and discuss at: https://github.com/AlmasB/FXGL/discussions
14:52:49.107 [JavaFX Application Thread] INFO  Engine               -              Join the FXGL chat at: https://gitter.im/AlmasB/FXGL
14:52:49.487 [JavaFX Application Thread] DEBUG PrimaryStageWindow   - Creating a JavaFX scene
14:52:49.590 [JavaFX Application Thread] DEBUG PrimaryStageWindow   - Target settings size: 1000.0 x 600.0
14:52:49.591 [JavaFX Application Thread] DEBUG PrimaryStageWindow   - Scaled scene size:    1000.0 x 600.0
14:52:49.591 [JavaFX Application Thread] DEBUG PrimaryStageWindow   - Scaled ratio: (1.0, 1.0)
14:52:49.593 [JavaFX Application Thread] DEBUG PrimaryStageWindow   - Set initial scene to FXGLStartupScene
14:52:49.602 [JavaFX Application Thread] DEBUG PrimaryStageWindow   - Opening main window
14:52:49.786 [JavaFX Application Thread] DEBUG PrimaryStageWindow   - Window border size: (14.4000244140625, 37.5999755859375)
14:52:49.786 [JavaFX Application Thread] DEBUG PrimaryStageWindow   - Scaled size: 1000.0 x 600.0
14:52:49.787 [JavaFX Application Thread] DEBUG PrimaryStageWindow   - Scaled ratio: (1.0, 1.0)
14:52:49.787 [JavaFX Application Thread] DEBUG PrimaryStageWindow   - Scene size: 1000.0 x 600.0
14:52:49.788 [JavaFX Application Thread] DEBUG PrimaryStageWindow   - Stage size: 1014.4000244140625 x 637.5999755859375
14:52:49.859 [FXGL Background Thread 1 ] DEBUG Engine               - Initializing environment variables
14:52:49.949 [FXGL Background Thread 1 ] DEBUG FXGLAssetLoaderServi - User app class for loading assets: class Runner.ClientRunner
14:52:49.949 [FXGL Background Thread 1 ] DEBUG GameApplicationServi - Applying CSS: fxgl_dark.css
14:52:49.951 [FXGL Background Thread 1 ] DEBUG FXGLAssetLoaderServi - Loading from file system: jar:file:/C:/Users/Owner/.m2/repository/com/github/almasb/fxgl/17.3/fxgl-17.3.jar!/fxglassets/ui/css/fxgl_dark.css
14:52:50.077 [FXGL Background Thread 1 ] DEBUG GameApplicationServi - Initializing application scenes
14:52:50.438 [FXGL Background Thread 1 ] DEBUG GameWorld            - Game world initialized
14:52:50.634 [FXGL Background Thread 1 ] DEBUG PhysicsWorld         - Physics world initialized: appHeight=600, physics.ppm=50.0
14:52:50.635 [FXGL Background Thread 1 ] DEBUG PhysicsWorld         - Using strategy: BRUTE_FORCE
14:52:50.642 [FXGL Background Thread 1 ] DEBUG GameScene            - Game scene initialized: 1000x600
14:52:50.672 [FXGL Background Thread 1 ] DEBUG FXGL.DefaultMenu     - createMenuBodyGameMenu()
14:52:50.767 [FXGL Background Thread 1 ] DEBUG FXGL.DefaultMenu     - createOptionsMenu()
14:52:50.801 [FXGL Background Thread 1 ] DEBUG FXGLAssetLoaderServi - Loading from file system: jar:file:/C:/Users/Owner/.m2/repository/com/github/almasb/fxgl/17.3/fxgl-17.3.jar!/fxglassets/textures/particles/smoke.png
14:52:51.075 [FXGL Background Thread 1 ] DEBUG FXGLAssetLoaderServi - Loading from file system: jar:file:/C:/Users/Owner/.m2/repository/com/github/almasb/fxgl/17.3/fxgl-17.3.jar!/fxglassets/textures/particles/trace_horizontal.png
14:52:51.135 [FXGL Background Thread 1 ] DEBUG GameApplicationServi - Application scenes initialized
14:52:51.163 [FXGL Background Thread 1 ] DEBUG SystemBundleService  - Loading FXGL system data
14:52:51.171 [FXGL Background Thread 1 ] DEBUG FileSystemAccess     - Reading from: C:\Users\Owner\Desktop\Sonic-rush\system\fxgl.bundle
14:52:51.183 [FXGL Background Thread 1 ] DEBUG SystemBundleService  - Bundle FXGL: {}
14:52:51.184 [FXGL Background Thread 1 ] DEBUG UpdaterService       - Checking for updates
14:52:51.195 [FXGL Background Thread 1 ] DEBUG FXGLApplication      - Loading default localization
14:52:51.196 [FXGL Background Thread 1 ] DEBUG FXGLAssetLoaderServi - Loading from file system: jar:file:/C:/Users/Owner/.m2/repository/com/github/almasb/fxgl/17.3/fxgl-17.3.jar!/fxglassets/languages/english.lang
14:52:51.235 [FXGL Background Thread 4 ] DEBUG FXGLApplication      - Loading fonts
14:52:51.235 [FXGL Background Thread 4 ] DEBUG FXGLAssetLoaderServi - Loading from file system: jar:file:/C:/Users/Owner/.m2/repository/com/github/almasb/fxgl/17.3/fxgl-17.3.jar!/fxglassets/ui/fonts/VarelaRound-Regular.ttf
14:52:51.361 [FXGL Background Thread 1 ] INFO  FXGLApplication      - FXGL initialization took: 1.500 sec
14:52:51.537 [JavaFX Application Thread] DEBUG Input                - Registered new binding: Mover a la izquierda - A
14:52:51.538 [JavaFX Application Thread] DEBUG Input                - Registered new binding: Mover a la derecha - D
14:52:51.538 [JavaFX Application Thread] DEBUG Input                - Registered new binding: Saltar - W
14:52:51.538 [JavaFX Application Thread] DEBUG Input                - Registered new binding: Interactuar - E
14:52:51.539 [JavaFX Application Thread] DEBUG Input                - Registered new binding: Transformar - P
14:52:51.539 [JavaFX Application Thread] DEBUG Input                - Registered new binding: Desactivar filtro - L
14:52:51.540 [JavaFX Application Thread] DEBUG FXGLAssetLoaderServi - Loading from file system: jar:file:/C:/Users/Owner/.m2/repository/com/github/almasb/fxgl/17.3/fxgl-17.3.jar!/fxglassets/textures/fxgl_icon.png
14:52:51.626 [JavaFX Application Thread] DEBUG FXGLAssetLoaderServi - Loading from file system: jar:file:/C:/Users/Owner/.m2/repository/com/github/almasb/fxgl/17.3/fxgl-17.3.jar!/fxglassets/textures/fxgl_default_cursor.png
14:52:51.634 [JavaFX Application Thread] DEBUG Input                - Registered new binding: Screenshot - CTRL+8
14:52:51.635 [JavaFX Application Thread] DEBUG Input                - Registered new binding: System info dump - CTRL+9
14:52:51.636 [JavaFX Application Thread] DEBUG Input                - Registered new binding: Restart - CTRL+R
14:52:51.637 [JavaFX Application Thread] DEBUG Input                - Registered new binding: Toggle Debug Camera - CTRL+7
14:52:51.645 [JavaFX Application Thread] DEBUG LoopRunner           - Starting loop
14:52:51.645 [JavaFX Application Thread] DEBUG LoopRunner           - Initializing JavaFX AnimationTimerLoop
14:52:51.648 [JavaFX Application Thread] DEBUG GameApplicationServi - Starting new game
14:52:51.649 [JavaFX Application Thread] DEBUG Input                - Clearing active input actions
14:52:51.673 [JavaFX Application Thread] DEBUG GameApplicationServi - Removing overlay from FXGLStartupScene and adding to FXGLLoadingScene
14:52:51.674 [JavaFX Application Thread] DEBUG PrimaryStageWindow   - FXGLStartupScene -> FXGLLoadingScene
14:52:51.674 [JavaFX Application Thread] DEBUG GameApplicationServi - Clearing previous game
14:52:51.674 [JavaFX Application Thread] DEBUG GameScene            - Clearing game scene
14:52:51.674 [JavaFX Application Thread] DEBUG GameWorld            - Clearing game world
14:52:51.674 [JavaFX Application Thread] DEBUG PhysicsWorld         - Clearing physics world
14:52:51.676 [FXGL Background Thread 1 ] DEBUG FXGLApplication      - Initializing game
14:52:51.707 [FXGL Background Thread 1 ] DEBUG FXGLAssetLoaderServi - Loading from file system: file:/C:/Users/Owner/Desktop/Sonic-rush/target/classes/assets/music/OST2.mp3
14:52:52.477 [FXGL Background Thread 4 ] DEBUG FXGLAssetLoaderServi - Loading from file system: jar:file:/C:/Users/Owner/.m2/repository/com/github/almasb/fxgl/17.3/fxgl-17.3.jar!/fxglassets/ui/fonts/Abel-Regular.ttf
14:52:52.482 [FXGL Background Thread 4 ] DEBUG FXGLAssetLoaderServi - Loading from file system: jar:file:/C:/Users/Owner/.m2/repository/com/github/almasb/fxgl/17.3/fxgl-17.3.jar!/fxglassets/ui/fonts/TerminalLandMono-Regular.otf
14:52:52.487 [FXGL Background Thread 4 ] DEBUG FXGLAssetLoaderServi - Loading from file system: jar:file:/C:/Users/Owner/.m2/repository/com/github/almasb/fxgl/17.3/fxgl-17.3.jar!/fxglassets/ui/fonts/Courier-Prime.ttf
14:52:52.574 [JavaFX Application Thread] DEBUG FXGLApplication      - Registering font factories with UI factory
14:52:54.043 [FXGL Background Thread 1 ] DEBUG AudioPlayer          - Playing music com.almasb.fxgl.audio.Music@3cd9f931
14:52:54.060 [FXGL Background Thread 1 ] INFO  FXGLApplication      - Game initialization took: 2.383 sec
14:52:54.192 [FXGL Background Thread 3 ] DEBUG Engine               - Logging environment variables
14:52:54.193 [FXGL Background Thread 3 ] DEBUG Engine               - achievements: []
14:52:54.193 [FXGL Background Thread 3 ] DEBUG Engine               - actualHeight: 600.0
14:52:54.194 [FXGL Background Thread 3 ] DEBUG Engine               - actualHeightProperty: ReadOnlyDoubleProperty [value: 600.0]
14:52:54.194 [FXGL Background Thread 3 ] DEBUG Engine               - actualWidth: 1000.0
14:52:54.194 [FXGL Background Thread 3 ] DEBUG Engine               - actualWidthProperty: ReadOnlyDoubleProperty [value: 1000.0]
14:52:54.195 [FXGL Background Thread 3 ] DEBUG Engine               - appIcon: fxgl_icon.png
14:52:54.195 [FXGL Background Thread 3 ] DEBUG Engine               - applicationMode: DEVELOPER
14:52:54.195 [FXGL Background Thread 3 ] DEBUG Engine               - cSSList: [fxgl_dark.css]
14:52:54.195 [FXGL Background Thread 3 ] DEBUG Engine               - collisionDetectionStrategy: BRUTE_FORCE
14:52:54.195 [FXGL Background Thread 3 ] DEBUG Engine               - configClass: Optional.empty
14:52:54.195 [FXGL Background Thread 3 ] DEBUG Engine               - credits: []
14:52:54.196 [FXGL Background Thread 3 ] DEBUG Engine               - defaultCursor: CursorInfo(imageName=fxgl_default_cursor.png, hotspotX=7.0, hotspotY=6.0)
14:52:54.196 [FXGL Background Thread 3 ] DEBUG Engine               - devBBoxColorProperty: ObjectProperty [value: 0xff0000ff]
14:52:54.197 [FXGL Background Thread 3 ] DEBUG Engine               - devEnableDebugCameraProperty: BooleanProperty [value: false]
14:52:54.197 [FXGL Background Thread 3 ] DEBUG Engine               - devSensorColorProperty: ObjectProperty [value: 0xffff00ff]
14:52:54.197 [FXGL Background Thread 3 ] DEBUG Engine               - devShowBBoxProperty: BooleanProperty [value: false]
14:52:54.198 [FXGL Background Thread 3 ] DEBUG Engine               - devShowPositionProperty: BooleanProperty [value: false]
14:52:54.198 [FXGL Background Thread 3 ] DEBUG Engine               - enabledMenuItems: []
14:52:54.198 [FXGL Background Thread 3 ] DEBUG Engine               - engineServices: [class com.almasb.fxgl.app.services.FXGLAssetLoaderService, class com.almasb.fxgl.app.FXGLApplication$GameApplicationService, class com.almasb.fxgl.app.services.FXGLDialogService, class com.almasb.fxgl.app.services.IOTaskExecutorService, class com.almasb.fxgl.io.FileSystemService, class com.almasb.fxgl.localization.LocalizationService, class com.almasb.fxgl.app.services.SystemBundleService, class com.almasb.fxgl.profile.SaveLoadService, class com.almasb.fxgl.ui.FXGLUIFactoryServiceProvider, class com.almasb.fxgl.ui.FXGLDialogFactoryServiceProvider, class com.almasb.fxgl.audio.AudioPlayer, class com.almasb.fxgl.notification.impl.NotificationServiceProvider, class com.almasb.fxgl.achievement.AchievementService, class com.almasb.fxgl.cutscene.CutsceneService, class com.almasb.fxgl.minigames.MiniGameService, class com.almasb.fxgl.net.NetService, class com.almasb.fxgl.app.services.UpdaterService, class com.almasb.fxgl.dev.DevService, class com.almasb.fxgl.multiplayer.MultiplayerService]
14:52:54.198 [FXGL Background Thread 3 ] DEBUG Engine               - fontGame: Abel-Regular.ttf
14:52:54.198 [FXGL Background Thread 3 ] DEBUG Engine               - fontMono: TerminalLandMono-Regular.otf
14:52:54.198 [FXGL Background Thread 3 ] DEBUG Engine               - fontSizeScaleUI: 1.0
14:52:54.198 [FXGL Background Thread 3 ] DEBUG Engine               - fontText: Courier-Prime.ttf
14:52:54.198 [FXGL Background Thread 3 ] DEBUG Engine               - fontUI: VarelaRound-Regular.ttf
14:52:54.198 [FXGL Background Thread 3 ] DEBUG Engine               - fullScreen: BooleanProperty [value: false]
14:52:54.198 [FXGL Background Thread 3 ] DEBUG Engine               - gameDifficulty: MEDIUM
14:52:54.198 [FXGL Background Thread 3 ] DEBUG Engine               - gameDifficultyProperty: ObjectProperty [value: MEDIUM]
14:52:54.198 [FXGL Background Thread 3 ] DEBUG Engine               - globalMusicVolume: 0.5
14:52:54.198 [FXGL Background Thread 3 ] DEBUG Engine               - globalMusicVolumeProperty: DoubleProperty [value: 0.5]
14:52:54.199 [FXGL Background Thread 3 ] DEBUG Engine               - globalSoundVolume: 0.5
14:52:54.199 [FXGL Background Thread 3 ] DEBUG Engine               - globalSoundVolumeProperty: DoubleProperty [value: 0.5]
14:52:54.199 [FXGL Background Thread 3 ] DEBUG Engine               - height: 600
14:52:54.199 [FXGL Background Thread 3 ] DEBUG Engine               - is3D: false
14:52:54.199 [FXGL Background Thread 3 ] DEBUG Engine               - isAndroid: false
14:52:54.199 [FXGL Background Thread 3 ] DEBUG Engine               - isBrowser: false
14:52:54.199 [FXGL Background Thread 3 ] DEBUG Engine               - isClickFeedbackEnabled: false
14:52:54.199 [FXGL Background Thread 3 ] DEBUG Engine               - isCloseConfirmation: false
14:52:54.199 [FXGL Background Thread 3 ] DEBUG Engine               - isDesktop: true
14:52:54.199 [FXGL Background Thread 3 ] DEBUG Engine               - isDeveloperMenuEnabled: false
14:52:54.199 [FXGL Background Thread 3 ] DEBUG Engine               - isEmbedded: false
14:52:54.200 [FXGL Background Thread 3 ] DEBUG Engine               - isEntityPreloadEnabled: true
14:52:54.200 [FXGL Background Thread 3 ] DEBUG Engine               - isExperimentalTiledLargeMap: false
14:52:54.200 [FXGL Background Thread 3 ] DEBUG Engine               - isFileSystemWriteAllowed: true
14:52:54.200 [FXGL Background Thread 3 ] DEBUG Engine               - isFullScreenAllowed: false
14:52:54.200 [FXGL Background Thread 3 ] DEBUG Engine               - isFullScreenFromStart: false
14:52:54.200 [FXGL Background Thread 3 ] DEBUG Engine               - isGameMenuEnabled: true
14:52:54.200 [FXGL Background Thread 3 ] DEBUG Engine               - isIOS: false
14:52:54.200 [FXGL Background Thread 3 ] DEBUG Engine               - isIntroEnabled: false
14:52:54.200 [FXGL Background Thread 3 ] DEBUG Engine               - isLinux: false
14:52:54.200 [FXGL Background Thread 3 ] DEBUG Engine               - isMac: false
14:52:54.200 [FXGL Background Thread 3 ] DEBUG Engine               - isMainMenuEnabled: false
14:52:54.200 [FXGL Background Thread 3 ] DEBUG Engine               - isManualResizeEnabled: false
14:52:54.201 [FXGL Background Thread 3 ] DEBUG Engine               - isMobile: false
14:52:54.201 [FXGL Background Thread 3 ] DEBUG Engine               - isNative: false
14:52:54.201 [FXGL Background Thread 3 ] DEBUG Engine               - isPauseMusicWhenMinimized: true
14:52:54.201 [FXGL Background Thread 3 ] DEBUG Engine               - isPreserveResizeRatio: false
14:52:54.201 [FXGL Background Thread 3 ] DEBUG Engine               - isProfilingEnabled: false
14:52:54.201 [FXGL Background Thread 3 ] DEBUG Engine               - isScaleAffectedOnResize: true
14:52:54.201 [FXGL Background Thread 3 ] DEBUG Engine               - isSingleStep: false
14:52:54.201 [FXGL Background Thread 3 ] DEBUG Engine               - isUserProfileEnabled: false
14:52:54.201 [FXGL Background Thread 3 ] DEBUG Engine               - isWindows: true
14:52:54.201 [FXGL Background Thread 3 ] DEBUG Engine               - language: ObjectProperty [value: ENGLISH]
14:52:54.201 [FXGL Background Thread 3 ] DEBUG Engine               - menuKey: ESCAPE
14:52:54.201 [FXGL Background Thread 3 ] DEBUG Engine               - mouseSensitivity: 0.2
14:52:54.202 [FXGL Background Thread 3 ] DEBUG Engine               - notificationViewClass: class com.almasb.fxgl.notification.view.XboxNotificationView
14:52:54.202 [FXGL Background Thread 3 ] DEBUG Engine               - pixelsPerMeter: 50.0
14:52:54.202 [FXGL Background Thread 3 ] DEBUG Engine               - platform: WINDOWS
14:52:54.202 [FXGL Background Thread 3 ] DEBUG Engine               - prefHeightProperty: ReadOnlyDoubleProperty [value: 600.0]
14:52:54.202 [FXGL Background Thread 3 ] DEBUG Engine               - prefWidthProperty: ReadOnlyDoubleProperty [value: 1000.0]
14:52:54.202 [FXGL Background Thread 3 ] DEBUG Engine               - profileDir: profiles/
14:52:54.202 [FXGL Background Thread 3 ] DEBUG Engine               - profileName: StringProperty [value: DEFAULT]
14:52:54.202 [FXGL Background Thread 3 ] DEBUG Engine               - randomSeed: -1
14:52:54.203 [FXGL Background Thread 3 ] DEBUG Engine               - runtimeInfo: RuntimeInfo(platform=WINDOWS, version=17.3, build=30.03.2023 11.49)
14:52:54.203 [FXGL Background Thread 3 ] DEBUG Engine               - saveFileExt: sav
14:52:54.203 [FXGL Background Thread 3 ] DEBUG Engine               - scaledHeightProp$fxgl: DoubleProperty [bound, value: 600.0]
14:52:54.203 [FXGL Background Thread 3 ] DEBUG Engine               - scaledWidthProp$fxgl: DoubleProperty [bound, value: 1000.0]
14:52:54.203 [FXGL Background Thread 3 ] DEBUG Engine               - sceneFactory: com.almasb.fxgl.app.scene.SceneFactory@5cfbff0b
14:52:54.203 [FXGL Background Thread 3 ] DEBUG Engine               - secondsIn24h: 60
14:52:54.203 [FXGL Background Thread 3 ] DEBUG Engine               - soundMenuBack: menu/back.wav
14:52:54.203 [FXGL Background Thread 3 ] DEBUG Engine               - soundMenuPress: menu/press.wav
14:52:54.203 [FXGL Background Thread 3 ] DEBUG Engine               - soundMenuSelect: menu/select.wav
14:52:54.203 [FXGL Background Thread 3 ] DEBUG Engine               - soundNotification: core/notification.wav
14:52:54.203 [FXGL Background Thread 3 ] DEBUG Engine               - stageStyle: DECORATED
14:52:54.204 [FXGL Background Thread 3 ] DEBUG Engine               - supportedLanguages: [ENGLISH, FRENCH, GERMAN, HUNGARIAN, RUSSIAN]
14:52:54.204 [FXGL Background Thread 3 ] DEBUG Engine               - ticksPerSecond: -1
14:52:54.204 [FXGL Background Thread 3 ] DEBUG Engine               - title: Jugador Sonic
14:52:54.204 [FXGL Background Thread 3 ] DEBUG Engine               - urlGithub: https://github.com/AlmasB/FXGL
14:52:54.204 [FXGL Background Thread 3 ] DEBUG Engine               - urlLeaderboard: http://fxgl-top.herokuapp.com/
14:52:54.204 [FXGL Background Thread 3 ] DEBUG Engine               - urlPOM: https://raw.githubusercontent.com/AlmasB/FXGL/release/README.md
14:52:54.204 [FXGL Background Thread 3 ] DEBUG Engine               - userAppClass: class Runner.ClientRunner
14:52:54.204 [FXGL Background Thread 3 ] DEBUG Engine               - version: 0.0
14:52:54.204 [FXGL Background Thread 3 ] DEBUG Engine               - versionCheckDays: 7
14:52:54.204 [FXGL Background Thread 3 ] DEBUG Engine               - width: 1000
14:52:54.204 [FXGL Background Thread 3 ] DEBUG Engine               - Logging services
14:52:54.204 [FXGL Background Thread 3 ] DEBUG Engine               - class com.almasb.fxgl.app.services.FXGLAssetLoaderService
14:52:54.204 [FXGL Background Thread 3 ] DEBUG Engine               - class com.almasb.fxgl.app.FXGLApplication$GameApplicationService
14:52:54.205 [FXGL Background Thread 3 ] DEBUG Engine               - class com.almasb.fxgl.app.services.FXGLDialogService
14:52:54.205 [FXGL Background Thread 3 ] DEBUG Engine               - class com.almasb.fxgl.app.services.IOTaskExecutorService
14:52:54.205 [FXGL Background Thread 3 ] DEBUG Engine               - class com.almasb.fxgl.io.FileSystemService
14:52:54.205 [FXGL Background Thread 3 ] DEBUG Engine               - class com.almasb.fxgl.localization.LocalizationService
14:52:54.205 [FXGL Background Thread 3 ] DEBUG Engine               - class com.almasb.fxgl.app.services.SystemBundleService
14:52:54.205 [FXGL Background Thread 3 ] DEBUG Engine               - class com.almasb.fxgl.profile.SaveLoadService
14:52:54.205 [FXGL Background Thread 3 ] DEBUG Engine               - class com.almasb.fxgl.ui.FXGLUIFactoryServiceProvider
14:52:54.205 [FXGL Background Thread 3 ] DEBUG Engine               - class com.almasb.fxgl.ui.FXGLDialogFactoryServiceProvider
14:52:54.205 [FXGL Background Thread 3 ] DEBUG Engine               - class com.almasb.fxgl.audio.AudioPlayer
14:52:54.205 [FXGL Background Thread 3 ] DEBUG Engine               - class com.almasb.fxgl.notification.impl.NotificationServiceProvider
14:52:54.205 [FXGL Background Thread 3 ] DEBUG Engine               - class com.almasb.fxgl.achievement.AchievementService
14:52:54.205 [FXGL Background Thread 3 ] DEBUG Engine               - class com.almasb.fxgl.cutscene.CutsceneService
14:52:54.205 [FXGL Background Thread 3 ] DEBUG Engine               - class com.almasb.fxgl.minigames.MiniGameService
14:52:54.205 [FXGL Background Thread 3 ] DEBUG Engine               - class com.almasb.fxgl.net.NetService
14:52:54.206 [FXGL Background Thread 3 ] DEBUG Engine               - class com.almasb.fxgl.app.services.UpdaterService
14:52:54.206 [FXGL Background Thread 3 ] DEBUG Engine               - class com.almasb.fxgl.dev.DevService
14:52:54.206 [FXGL Background Thread 3 ] DEBUG Engine               - class com.almasb.fxgl.multiplayer.MultiplayerService
14:52:54.488 [JavaFX Application Thread] DEBUG Input                - Clearing active input actions
14:52:54.558 [FXGL Background Thread 2 ] INFO  UpdaterService       - Your current version:  17.3
14:52:54.558 [JavaFX Application Thread] DEBUG GameApplicationServi - Removing overlay from FXGLLoadingScene and adding to GameScene
14:52:54.558 [JavaFX Application Thread] DEBUG PrimaryStageWindow   - FXGLLoadingScene -> GameScene
14:52:54.873 [FXGL Background Thread 2 ] INFO  UpdaterService       - Latest stable version: 21.1
14:52:57.625 [JavaFX Application Thread] DEBUG FXGLAssetLoaderServi - Loading from file system: file:/C:/Users/Owner/Desktop/Sonic-rush/target/classes/assets/textures/fondo.png
14:52:58.309 [JavaFX Application Thread] DEBUG TMXLevelLoader       - Parsed TiledMap: file:/C:/Users/Owner/Desktop/Sonic-rush/target/classes/assets/levels/mapazo.tmx
14:52:58.311 [JavaFX Application Thread] DEBUG TMXLevelLoader       - Creating tile layer entities
14:52:58.316 [JavaFX Application Thread] DEBUG TilesetLoader        - Loading view for layer Capa de patrones 1
14:52:58.346 [JavaFX Application Thread] DEBUG TilesetLoader        - Created buffer with size 3840.0x720.0
14:52:58.426 [JavaFX Application Thread] DEBUG TMXLevelLoader       - Creating object layer entities
14:52:58.485 [JavaFX Application Thread] DEBUG GameWorld            - Clearing removable entities
14:52:58.489 [JavaFX Application Thread] DEBUG GameWorld            - Setting level: com.almasb.fxgl.entity.level.Level@5e4e6c22
14:52:58.501 [JavaFX Application Thread] DEBUG LoopRunner           - Stopping loop
14:52:58.503 [JavaFX Application Thread] FATAL FXGLApplication      - Uncaught Exception:
java.lang.IllegalArgumentException: No EntityFactory has a method annotated @Spawns(eggman2)
	at com.almasb.fxgl.entity.GameWorld.create(GameWorld.kt:413)
	at com.almasb.fxgl.entity.GameWorld.spawn(GameWorld.kt:396)
	at com.almasb.fxgl.entity.GameWorld.spawn(GameWorld.kt:384)
	at com.almasb.fxgl.dsl.FXGL$Companion.spawn(FXGL.kt:557)
	at com.almasb.fxgl.dsl.FXGL.spawn(FXGL.kt)
	at GameSettings.ClientGameApp.startNetworkAndGame(ClientGameApp.java:308)
	at GameSettings.ClientGameApp.lambda$20(ClientGameApp.java:204)
	at com.sun.javafx.event.CompositeEventHandler.dispatchBubblingEvent(CompositeEventHandler.java:86)
	at com.sun.javafx.event.EventHandlerManager.dispatchBubblingEvent(EventHandlerManager.java:232)
	at com.sun.javafx.event.EventHandlerManager.dispatchBubblingEvent(EventHandlerManager.java:189)
	at com.sun.javafx.event.CompositeEventDispatcher.dispatchBubblingEvent(CompositeEventDispatcher.java:59)
	at com.sun.javafx.event.BasicEventDispatcher.dispatchEvent(BasicEventDispatcher.java:58)
	at com.sun.javafx.event.EventDispatchChainImpl.dispatchEvent(EventDispatchChainImpl.java:114)
	at com.sun.javafx.event.BasicEventDispatcher.dispatchEvent(BasicEventDispatcher.java:56)
	at com.sun.javafx.event.EventDispatchChainImpl.dispatchEvent(EventDispatchChainImpl.java:114)
	at com.sun.javafx.event.BasicEventDispatcher.dispatchEvent(BasicEventDispatcher.java:56)
	at com.sun.javafx.event.EventDispatchChainImpl.dispatchEvent(EventDispatchChainImpl.java:114)
	at com.sun.javafx.event.EventUtil.fireEventImpl(EventUtil.java:74)
	at com.sun.javafx.event.EventUtil.fireEvent(EventUtil.java:49)
	at javafx.event.Event.fireEvent(Event.java:198)
	at javafx.scene.Node.fireEvent(Node.java:8944)
	at javafx.scene.control.Button.fire(Button.java:203)
	at com.sun.javafx.scene.control.behavior.ButtonBehavior.mouseReleased(ButtonBehavior.java:207)
	at com.sun.javafx.scene.control.inputmap.InputMap.handle(InputMap.java:274)
	at com.sun.javafx.event.CompositeEventHandler$NormalEventHandlerRecord.handleBubblingEvent(CompositeEventHandler.java:247)
	at com.sun.javafx.event.CompositeEventHandler.dispatchBubblingEvent(CompositeEventHandler.java:80)
	at com.sun.javafx.event.EventHandlerManager.dispatchBubblingEvent(EventHandlerManager.java:232)
	at com.sun.javafx.event.EventHandlerManager.dispatchBubblingEvent(EventHandlerManager.java:189)
	at com.sun.javafx.event.CompositeEventDispatcher.dispatchBubblingEvent(CompositeEventDispatcher.java:59)
	at com.sun.javafx.event.BasicEventDispatcher.dispatchEvent(BasicEventDispatcher.java:58)
	at com.sun.javafx.event.EventDispatchChainImpl.dispatchEvent(EventDispatchChainImpl.java:114)
	at com.sun.javafx.event.BasicEventDispatcher.dispatchEvent(BasicEventDispatcher.java:56)
	at com.sun.javafx.event.EventDispatchChainImpl.dispatchEvent(EventDispatchChainImpl.java:114)
	at com.sun.javafx.event.BasicEventDispatcher.dispatchEvent(BasicEventDispatcher.java:56)
	at com.sun.javafx.event.EventDispatchChainImpl.dispatchEvent(EventDispatchChainImpl.java:114)
	at com.sun.javafx.event.EventUtil.fireEventImpl(EventUtil.java:74)
	at com.sun.javafx.event.EventUtil.fireEvent(EventUtil.java:54)
	at javafx.event.Event.fireEvent(Event.java:198)
	at javafx.scene.Scene$MouseHandler.process(Scene.java:3980)
	at javafx.scene.Scene.processMouseEvent(Scene.java:1890)
	at javafx.scene.Scene$ScenePeerListener.mouseEvent(Scene.java:2704)
	at com.sun.javafx.tk.quantum.GlassViewEventHandler$MouseEventNotification.run(GlassViewEventHandler.java:411)
	at com.sun.javafx.tk.quantum.GlassViewEventHandler$MouseEventNotification.run(GlassViewEventHandler.java:301)
	at java.base/java.security.AccessController.doPrivileged(AccessController.java:399)
	at com.sun.javafx.tk.quantum.GlassViewEventHandler.lambda$handleMouseEvent$2(GlassViewEventHandler.java:450)
	at com.sun.javafx.tk.quantum.QuantumToolkit.runWithoutRenderLock(QuantumToolkit.java:424)
	at com.sun.javafx.tk.quantum.GlassViewEventHandler.handleMouseEvent(GlassViewEventHandler.java:449)
	at com.sun.glass.ui.View.handleMouseEvent(View.java:551)
	at com.sun.glass.ui.View.notifyMouse(View.java:937)
	at com.sun.glass.ui.win.WinApplication._runLoop(Native Method)
	at com.sun.glass.ui.win.WinApplication.lambda$runLoop$3(WinApplication.java:185)
	at java.base/java.lang.Thread.run(Thread.java:842)

14:52:58.573 [JavaFX Application Thread] FATAL FXGLApplication      - Application will now exit
14:52:58.632 [JavaFX Application Thread] DEBUG PrimaryStageWindow   - Push state: ErrorSubScene
14:52:58.633 [JavaFX Application Thread] DEBUG Input                - Clearing active input actions
14:52:58.644 [JavaFX Application Thread] DEBUG GameApplicationServi - Removing overlay from GameScene and adding to ErrorSubScene
14:52:58.650 [JavaFX Application Thread] DEBUG PrimaryStageWindow   - GameScene -> ErrorSubScene
14:53:05.689 [JavaFX Application Thread] DEBUG FXGLApplication      - Exiting FXGL
14:53:05.690 [JavaFX Application Thread] DEBUG Async                - Shutting down background threads
14:53:05.692 [JavaFX Application Thread] DEBUG PrimaryStageWindow   - Closing main window
14:53:05.706 [JavaFX Application Thread] DEBUG Logger               - Closing Logger
