15:19:02.440 [main                     ] DEBUG Logger               - Configured Logger
15:19:02.475 [main                     ] DEBUG GameApplication      - Logging settings
Title: Server
Version: 0.0
Width: 800
Height: 500
Fullscreen: false
Intro: false
Profiling: false
Single step:false
App Mode: DEVELOPER
Menu Key: ESCAPE
Stage Style: DECORATED
Scene Factory: class com.almasb.fxgl.app.scene.SceneFactory

15:19:02.961 [JavaFX Application Thread] DEBUG FXGLApplication      - Initializing FXGL
15:19:02.966 [JavaFX Application Thread] INFO  Engine               - FXGL-17.3 (30.03.2023 11.49) on WINDOWS (J:21.0.2 FX:20)
15:19:02.967 [JavaFX Application Thread] DEBUG Engine               - JRE Vendor Name: Oracle Corporation
15:19:02.967 [JavaFX Application Thread] DEBUG Engine               - Running on OS: Windows 10 version 10.0
15:19:02.967 [JavaFX Application Thread] DEBUG Engine               - Architecture: amd64
15:19:02.967 [JavaFX Application Thread] INFO  Engine               - Source code and latest versions at: https://github.com/AlmasB/FXGL
15:19:02.968 [JavaFX Application Thread] INFO  Engine               -       Ask questions and discuss at: https://github.com/AlmasB/FXGL/discussions
15:19:02.968 [JavaFX Application Thread] INFO  Engine               -              Join the FXGL chat at: https://gitter.im/AlmasB/FXGL
15:19:03.110 [JavaFX Application Thread] DEBUG PrimaryStageWindow   - Creating a JavaFX scene
15:19:03.177 [JavaFX Application Thread] DEBUG PrimaryStageWindow   - Target settings size: 800.0 x 500.0
15:19:03.178 [JavaFX Application Thread] DEBUG PrimaryStageWindow   - Scaled scene size:    800.0 x 500.0
15:19:03.178 [JavaFX Application Thread] DEBUG PrimaryStageWindow   - Scaled ratio: (1.0, 1.0)
15:19:03.179 [JavaFX Application Thread] DEBUG PrimaryStageWindow   - Set initial scene to FXGLStartupScene
15:19:03.184 [JavaFX Application Thread] DEBUG PrimaryStageWindow   - Opening main window
15:19:03.282 [JavaFX Application Thread] DEBUG PrimaryStageWindow   - Window border size: (16.0, 39.0)
15:19:03.282 [JavaFX Application Thread] DEBUG PrimaryStageWindow   - Scaled size: 800.0 x 500.0
15:19:03.282 [JavaFX Application Thread] DEBUG PrimaryStageWindow   - Scaled ratio: (1.0, 1.0)
15:19:03.283 [JavaFX Application Thread] DEBUG PrimaryStageWindow   - Scene size: 800.0 x 500.0
15:19:03.283 [JavaFX Application Thread] DEBUG PrimaryStageWindow   - Stage size: 816.0 x 539.0
15:19:03.297 [FXGL Background Thread 1 ] DEBUG Engine               - Initializing environment variables
15:19:03.378 [FXGL Background Thread 1 ] DEBUG FXGLAssetLoaderServi - User app class for loading assets: class Runner.ServerRunner
15:19:03.379 [FXGL Background Thread 1 ] DEBUG GameApplicationServi - Applying CSS: fxgl_dark.css
15:19:03.381 [FXGL Background Thread 1 ] DEBUG FXGLAssetLoaderServi - Loading from file system: jar:file:/C:/Users/User/.m2/repository/com/github/almasb/fxgl/17.3/fxgl-17.3.jar!/fxglassets/ui/css/fxgl_dark.css
15:19:03.485 [FXGL Background Thread 1 ] DEBUG GameApplicationServi - Initializing application scenes
15:19:03.634 [FXGL Background Thread 1 ] DEBUG GameWorld            - Game world initialized
15:19:03.701 [FXGL Background Thread 1 ] DEBUG PhysicsWorld         - Physics world initialized: appHeight=500, physics.ppm=50,0
15:19:03.701 [FXGL Background Thread 1 ] DEBUG PhysicsWorld         - Using strategy: BRUTE_FORCE
15:19:03.705 [FXGL Background Thread 1 ] DEBUG GameScene            - Game scene initialized: 800x500
15:19:03.721 [FXGL Background Thread 1 ] WARN  FXGL.DefaultMenu     - FXGLDefaultMenu is not designed for resolutions < 800x600
15:19:03.721 [FXGL Background Thread 1 ] DEBUG FXGL.DefaultMenu     - createMenuBodyGameMenu()
15:19:03.746 [FXGL Background Thread 1 ] DEBUG FXGL.DefaultMenu     - createOptionsMenu()
15:19:03.758 [FXGL Background Thread 1 ] DEBUG FXGLAssetLoaderServi - Loading from file system: jar:file:/C:/Users/User/.m2/repository/com/github/almasb/fxgl/17.3/fxgl-17.3.jar!/fxglassets/textures/particles/smoke.png
15:19:03.889 [FXGL Background Thread 1 ] DEBUG FXGLAssetLoaderServi - Loading from file system: jar:file:/C:/Users/User/.m2/repository/com/github/almasb/fxgl/17.3/fxgl-17.3.jar!/fxglassets/textures/particles/trace_horizontal.png
15:19:03.948 [FXGL Background Thread 1 ] DEBUG GameApplicationServi - Application scenes initialized
15:19:03.968 [FXGL Background Thread 1 ] DEBUG SystemBundleService  - Loading FXGL system data
15:19:03.977 [FXGL Background Thread 1 ] DEBUG FileSystemAccess     - Reading from: C:\Users\User\Documents\GitHub\Sonic-rush\system\fxgl.bundle
15:19:04.006 [FXGL Background Thread 1 ] DEBUG SystemBundleService  - Bundle FXGL: {}
15:19:04.006 [FXGL Background Thread 1 ] DEBUG UpdaterService       - Checking for updates
15:19:04.014 [FXGL Background Thread 1 ] DEBUG FXGLApplication      - Loading default localization
15:19:04.015 [FXGL Background Thread 1 ] DEBUG FXGLAssetLoaderServi - Loading from file system: jar:file:/C:/Users/User/.m2/repository/com/github/almasb/fxgl/17.3/fxgl-17.3.jar!/fxglassets/languages/english.lang
15:19:04.049 [FXGL Background Thread 1 ] INFO  FXGLApplication      - FXGL initialization took: 0,753 sec
15:19:04.054 [JavaFX Application Thread] DEBUG FXGLAssetLoaderServi - Loading from file system: jar:file:/C:/Users/User/.m2/repository/com/github/almasb/fxgl/17.3/fxgl-17.3.jar!/fxglassets/textures/fxgl_icon.png
15:19:04.103 [FXGL Background Thread 4 ] DEBUG FXGLApplication      - Loading fonts
15:19:04.103 [FXGL Background Thread 4 ] DEBUG FXGLAssetLoaderServi - Loading from file system: jar:file:/C:/Users/User/.m2/repository/com/github/almasb/fxgl/17.3/fxgl-17.3.jar!/fxglassets/ui/fonts/VarelaRound-Regular.ttf
15:19:04.136 [JavaFX Application Thread] DEBUG FXGLAssetLoaderServi - Loading from file system: jar:file:/C:/Users/User/.m2/repository/com/github/almasb/fxgl/17.3/fxgl-17.3.jar!/fxglassets/textures/fxgl_default_cursor.png
15:19:04.147 [FXGL Background Thread 4 ] DEBUG FXGLAssetLoaderServi - Loading from file system: jar:file:/C:/Users/User/.m2/repository/com/github/almasb/fxgl/17.3/fxgl-17.3.jar!/fxglassets/ui/fonts/Abel-Regular.ttf
15:19:04.150 [JavaFX Application Thread] DEBUG Input                - Registered new binding: Screenshot - CTRL+8
15:19:04.151 [JavaFX Application Thread] DEBUG Input                - Registered new binding: System info dump - CTRL+9
15:19:04.157 [JavaFX Application Thread] DEBUG Input                - Registered new binding: Restart - CTRL+R
15:19:04.158 [JavaFX Application Thread] DEBUG Input                - Registered new binding: Toggle Debug Camera - CTRL+7
15:19:04.151 [FXGL Background Thread 4 ] DEBUG FXGLAssetLoaderServi - Loading from file system: jar:file:/C:/Users/User/.m2/repository/com/github/almasb/fxgl/17.3/fxgl-17.3.jar!/fxglassets/ui/fonts/TerminalLandMono-Regular.otf
15:19:04.164 [JavaFX Application Thread] DEBUG LoopRunner           - Starting loop
15:19:04.164 [JavaFX Application Thread] DEBUG LoopRunner           - Initializing JavaFX AnimationTimerLoop
15:19:04.178 [JavaFX Application Thread] DEBUG GameApplicationServi - Starting new game
15:19:04.178 [JavaFX Application Thread] DEBUG Input                - Clearing active input actions
15:19:04.194 [JavaFX Application Thread] DEBUG GameApplicationServi - Removing overlay from FXGLStartupScene and adding to FXGLLoadingScene
15:19:04.194 [JavaFX Application Thread] DEBUG PrimaryStageWindow   - FXGLStartupScene -> FXGLLoadingScene
15:19:04.194 [JavaFX Application Thread] DEBUG GameApplicationServi - Clearing previous game
15:19:04.222 [JavaFX Application Thread] DEBUG GameScene            - Clearing game scene
15:19:04.222 [JavaFX Application Thread] DEBUG GameWorld            - Clearing game world
15:19:04.222 [JavaFX Application Thread] DEBUG PhysicsWorld         - Clearing physics world
15:19:04.225 [FXGL Background Thread 1 ] DEBUG FXGLApplication      - Initializing game
15:19:04.313 [ServerAsyncConnThread    ] DEBUG TCPServer            - Starting to listen at: 55555 type: class com.almasb.fxgl.core.serialization.Bundle
15:19:04.315 [FXGL Background Thread 4 ] DEBUG FXGLAssetLoaderServi - Loading from file system: jar:file:/C:/Users/User/.m2/repository/com/github/almasb/fxgl/17.3/fxgl-17.3.jar!/fxglassets/ui/fonts/Courier-Prime.ttf
15:19:04.372 [JavaFX Application Thread] DEBUG FXGLApplication      - Registering font factories with UI factory
15:19:04.389 [FXGL Background Thread 1 ] DEBUG TMXLevelLoader       - Parsed TiledMap: file:/C:/Users/User/Documents/GitHub/Sonic-rush/target/classes/assets/levels/mapazo.tmx
15:19:04.390 [FXGL Background Thread 1 ] DEBUG TMXLevelLoader       - Creating tile layer entities
15:19:04.392 [FXGL Background Thread 1 ] DEBUG TilesetLoader        - Loading view for layer Capa de patrones 1
15:19:04.396 [FXGL Background Thread 1 ] DEBUG TilesetLoader        - Created buffer with size 3840.0x720.0
15:19:04.429 [FXGL Background Thread 1 ] DEBUG TMXLevelLoader       - Creating object layer entities
15:19:04.498 [FXGL Background Thread 1 ] DEBUG GameWorld            - Clearing removable entities
15:19:04.498 [FXGL Background Thread 1 ] DEBUG GameWorld            - Setting level: com.almasb.fxgl.entity.level.Level@306e9a75
15:19:04.519 [FXGL Background Thread 1 ] DEBUG FXGLAssetLoaderServi - Loading from file system: file:/C:/Users/User/Documents/GitHub/Sonic-rush/target/classes/assets/textures/Items/ring.png
15:19:04.599 [FXGL Background Thread 1 ] DEBUG FXGLAssetLoaderServi - Loading from file system: file:/C:/Users/User/Documents/GitHub/Sonic-rush/target/classes/assets/textures/Enemigos/enemigo.png
15:19:04.681 [FXGL Background Thread 1 ] DEBUG FXGLAssetLoaderServi - Loading from file system: file:/C:/Users/User/Documents/GitHub/Sonic-rush/target/classes/assets/textures/Items/papel.png
15:19:04.683 [FXGL Background Thread 1 ] DEBUG FXGLAssetLoaderServi - Loading from file system: file:/C:/Users/User/Documents/GitHub/Sonic-rush/target/classes/assets/textures/Items/basura.png
15:19:04.685 [FXGL Background Thread 1 ] DEBUG FXGLAssetLoaderServi - Loading from file system: file:/C:/Users/User/Documents/GitHub/Sonic-rush/target/classes/assets/textures/Items/caucho.png
15:19:04.690 [FXGL Background Thread 1 ] INFO  FXGLApplication      - Game initialization took: 0,465 sec
15:19:04.746 [JavaFX Application Thread] DEBUG Input                - Clearing active input actions
15:19:04.756 [JavaFX Application Thread] DEBUG GameApplicationServi - Removing overlay from FXGLLoadingScene and adding to GameScene
15:19:04.756 [JavaFX Application Thread] DEBUG PrimaryStageWindow   - FXGLLoadingScene -> GameScene
15:19:04.956 [FXGL Background Thread 2 ] INFO  UpdaterService       - Your current version:  17.3
15:19:04.960 [FXGL Background Thread 2 ] INFO  UpdaterService       - Latest stable version: 21.1
15:19:07.013 [FXGL Background Thread 3 ] DEBUG Engine               - Logging environment variables
15:19:07.013 [FXGL Background Thread 3 ] DEBUG Engine               - achievements: []
15:19:07.014 [FXGL Background Thread 3 ] DEBUG Engine               - actualHeight: 500.0
15:19:07.014 [FXGL Background Thread 3 ] DEBUG Engine               - actualHeightProperty: ReadOnlyDoubleProperty [value: 500.0]
15:19:07.014 [FXGL Background Thread 3 ] DEBUG Engine               - actualWidth: 800.0
15:19:07.015 [FXGL Background Thread 3 ] DEBUG Engine               - actualWidthProperty: ReadOnlyDoubleProperty [value: 800.0]
15:19:07.015 [FXGL Background Thread 3 ] DEBUG Engine               - appIcon: fxgl_icon.png
15:19:07.018 [FXGL Background Thread 3 ] DEBUG Engine               - applicationMode: DEVELOPER
15:19:07.018 [FXGL Background Thread 3 ] DEBUG Engine               - cSSList: [fxgl_dark.css]
15:19:07.018 [FXGL Background Thread 3 ] DEBUG Engine               - collisionDetectionStrategy: BRUTE_FORCE
15:19:07.018 [FXGL Background Thread 3 ] DEBUG Engine               - configClass: Optional.empty
15:19:07.018 [FXGL Background Thread 3 ] DEBUG Engine               - credits: []
15:19:07.019 [FXGL Background Thread 3 ] DEBUG Engine               - defaultCursor: CursorInfo(imageName=fxgl_default_cursor.png, hotspotX=7.0, hotspotY=6.0)
15:19:07.019 [FXGL Background Thread 3 ] DEBUG Engine               - devBBoxColorProperty: ObjectProperty [value: 0xff0000ff]
15:19:07.019 [FXGL Background Thread 3 ] DEBUG Engine               - devEnableDebugCameraProperty: BooleanProperty [value: false]
15:19:07.020 [FXGL Background Thread 3 ] DEBUG Engine               - devSensorColorProperty: ObjectProperty [value: 0xffff00ff]
15:19:07.020 [FXGL Background Thread 3 ] DEBUG Engine               - devShowBBoxProperty: BooleanProperty [value: false]
15:19:07.020 [FXGL Background Thread 3 ] DEBUG Engine               - devShowPositionProperty: BooleanProperty [value: false]
15:19:07.020 [FXGL Background Thread 3 ] DEBUG Engine               - enabledMenuItems: []
15:19:07.020 [FXGL Background Thread 3 ] DEBUG Engine               - engineServices: [class com.almasb.fxgl.app.services.FXGLAssetLoaderService, class com.almasb.fxgl.app.FXGLApplication$GameApplicationService, class com.almasb.fxgl.app.services.FXGLDialogService, class com.almasb.fxgl.app.services.IOTaskExecutorService, class com.almasb.fxgl.io.FileSystemService, class com.almasb.fxgl.localization.LocalizationService, class com.almasb.fxgl.app.services.SystemBundleService, class com.almasb.fxgl.profile.SaveLoadService, class com.almasb.fxgl.ui.FXGLUIFactoryServiceProvider, class com.almasb.fxgl.ui.FXGLDialogFactoryServiceProvider, class com.almasb.fxgl.audio.AudioPlayer, class com.almasb.fxgl.notification.impl.NotificationServiceProvider, class com.almasb.fxgl.achievement.AchievementService, class com.almasb.fxgl.cutscene.CutsceneService, class com.almasb.fxgl.minigames.MiniGameService, class com.almasb.fxgl.net.NetService, class com.almasb.fxgl.app.services.UpdaterService, class com.almasb.fxgl.dev.DevService, class com.almasb.fxgl.multiplayer.MultiplayerService]
15:19:07.020 [FXGL Background Thread 3 ] DEBUG Engine               - fontGame: Abel-Regular.ttf
15:19:07.020 [FXGL Background Thread 3 ] DEBUG Engine               - fontMono: TerminalLandMono-Regular.otf
15:19:07.020 [FXGL Background Thread 3 ] DEBUG Engine               - fontSizeScaleUI: 1.0
15:19:07.020 [FXGL Background Thread 3 ] DEBUG Engine               - fontText: Courier-Prime.ttf
15:19:07.020 [FXGL Background Thread 3 ] DEBUG Engine               - fontUI: VarelaRound-Regular.ttf
15:19:07.020 [FXGL Background Thread 3 ] DEBUG Engine               - fullScreen: BooleanProperty [value: false]
15:19:07.020 [FXGL Background Thread 3 ] DEBUG Engine               - gameDifficulty: MEDIUM
15:19:07.020 [FXGL Background Thread 3 ] DEBUG Engine               - gameDifficultyProperty: ObjectProperty [value: MEDIUM]
15:19:07.020 [FXGL Background Thread 3 ] DEBUG Engine               - globalMusicVolume: 0.5
15:19:07.020 [FXGL Background Thread 3 ] DEBUG Engine               - globalMusicVolumeProperty: DoubleProperty [value: 0.5]
15:19:07.020 [FXGL Background Thread 3 ] DEBUG Engine               - globalSoundVolume: 0.5
15:19:07.020 [FXGL Background Thread 3 ] DEBUG Engine               - globalSoundVolumeProperty: DoubleProperty [value: 0.5]
15:19:07.020 [FXGL Background Thread 3 ] DEBUG Engine               - height: 500
15:19:07.020 [FXGL Background Thread 3 ] DEBUG Engine               - is3D: false
15:19:07.021 [FXGL Background Thread 3 ] DEBUG Engine               - isAndroid: false
15:19:07.021 [FXGL Background Thread 3 ] DEBUG Engine               - isBrowser: false
15:19:07.021 [FXGL Background Thread 3 ] DEBUG Engine               - isClickFeedbackEnabled: false
15:19:07.021 [FXGL Background Thread 3 ] DEBUG Engine               - isCloseConfirmation: false
15:19:07.021 [FXGL Background Thread 3 ] DEBUG Engine               - isDesktop: true
15:19:07.021 [FXGL Background Thread 3 ] DEBUG Engine               - isDeveloperMenuEnabled: false
15:19:07.021 [FXGL Background Thread 3 ] DEBUG Engine               - isEmbedded: false
15:19:07.021 [FXGL Background Thread 3 ] DEBUG Engine               - isEntityPreloadEnabled: true
15:19:07.021 [FXGL Background Thread 3 ] DEBUG Engine               - isExperimentalTiledLargeMap: false
15:19:07.021 [FXGL Background Thread 3 ] DEBUG Engine               - isFileSystemWriteAllowed: true
15:19:07.021 [FXGL Background Thread 3 ] DEBUG Engine               - isFullScreenAllowed: false
15:19:07.021 [FXGL Background Thread 3 ] DEBUG Engine               - isFullScreenFromStart: false
15:19:07.022 [FXGL Background Thread 3 ] DEBUG Engine               - isGameMenuEnabled: true
15:19:07.022 [FXGL Background Thread 3 ] DEBUG Engine               - isIOS: false
15:19:07.022 [FXGL Background Thread 3 ] DEBUG Engine               - isIntroEnabled: false
15:19:07.022 [FXGL Background Thread 3 ] DEBUG Engine               - isLinux: false
15:19:07.022 [FXGL Background Thread 3 ] DEBUG Engine               - isMac: false
15:19:07.022 [FXGL Background Thread 3 ] DEBUG Engine               - isMainMenuEnabled: false
15:19:07.022 [FXGL Background Thread 3 ] DEBUG Engine               - isManualResizeEnabled: false
15:19:07.022 [FXGL Background Thread 3 ] DEBUG Engine               - isMobile: false
15:19:07.022 [FXGL Background Thread 3 ] DEBUG Engine               - isNative: false
15:19:07.022 [FXGL Background Thread 3 ] DEBUG Engine               - isPauseMusicWhenMinimized: true
15:19:07.022 [FXGL Background Thread 3 ] DEBUG Engine               - isPreserveResizeRatio: false
15:19:07.022 [FXGL Background Thread 3 ] DEBUG Engine               - isProfilingEnabled: false
15:19:07.022 [FXGL Background Thread 3 ] DEBUG Engine               - isScaleAffectedOnResize: true
15:19:07.022 [FXGL Background Thread 3 ] DEBUG Engine               - isSingleStep: false
15:19:07.022 [FXGL Background Thread 3 ] DEBUG Engine               - isUserProfileEnabled: false
15:19:07.022 [FXGL Background Thread 3 ] DEBUG Engine               - isWindows: true
15:19:07.022 [FXGL Background Thread 3 ] DEBUG Engine               - language: ObjectProperty [value: ENGLISH]
15:19:07.022 [FXGL Background Thread 3 ] DEBUG Engine               - menuKey: ESCAPE
15:19:07.023 [FXGL Background Thread 3 ] DEBUG Engine               - mouseSensitivity: 0.2
15:19:07.023 [FXGL Background Thread 3 ] DEBUG Engine               - notificationViewClass: class com.almasb.fxgl.notification.view.XboxNotificationView
15:19:07.023 [FXGL Background Thread 3 ] DEBUG Engine               - pixelsPerMeter: 50.0
15:19:07.023 [FXGL Background Thread 3 ] DEBUG Engine               - platform: WINDOWS
15:19:07.023 [FXGL Background Thread 3 ] DEBUG Engine               - prefHeightProperty: ReadOnlyDoubleProperty [value: 500.0]
15:19:07.023 [FXGL Background Thread 3 ] DEBUG Engine               - prefWidthProperty: ReadOnlyDoubleProperty [value: 800.0]
15:19:07.023 [FXGL Background Thread 3 ] DEBUG Engine               - profileDir: profiles/
15:19:07.023 [FXGL Background Thread 3 ] DEBUG Engine               - profileName: StringProperty [value: DEFAULT]
15:19:07.024 [FXGL Background Thread 3 ] DEBUG Engine               - randomSeed: -1
15:19:07.024 [FXGL Background Thread 3 ] DEBUG Engine               - runtimeInfo: RuntimeInfo(platform=WINDOWS, version=17.3, build=30.03.2023 11.49)
15:19:07.024 [FXGL Background Thread 3 ] DEBUG Engine               - saveFileExt: sav
15:19:07.024 [FXGL Background Thread 3 ] DEBUG Engine               - scaledHeightProp$fxgl: DoubleProperty [bound, value: 500.0]
15:19:07.024 [FXGL Background Thread 3 ] DEBUG Engine               - scaledWidthProp$fxgl: DoubleProperty [bound, value: 800.0]
15:19:07.024 [FXGL Background Thread 3 ] DEBUG Engine               - sceneFactory: com.almasb.fxgl.app.scene.SceneFactory@6383b8e5
15:19:07.024 [FXGL Background Thread 3 ] DEBUG Engine               - secondsIn24h: 60
15:19:07.024 [FXGL Background Thread 3 ] DEBUG Engine               - soundMenuBack: menu/back.wav
15:19:07.024 [FXGL Background Thread 3 ] DEBUG Engine               - soundMenuPress: menu/press.wav
15:19:07.024 [FXGL Background Thread 3 ] DEBUG Engine               - soundMenuSelect: menu/select.wav
15:19:07.024 [FXGL Background Thread 3 ] DEBUG Engine               - soundNotification: core/notification.wav
15:19:07.024 [FXGL Background Thread 3 ] DEBUG Engine               - stageStyle: DECORATED
15:19:07.024 [FXGL Background Thread 3 ] DEBUG Engine               - supportedLanguages: [ENGLISH, FRENCH, GERMAN, HUNGARIAN, RUSSIAN]
15:19:07.024 [FXGL Background Thread 3 ] DEBUG Engine               - ticksPerSecond: -1
15:19:07.024 [FXGL Background Thread 3 ] DEBUG Engine               - title: Server
15:19:07.024 [FXGL Background Thread 3 ] DEBUG Engine               - urlGithub: https://github.com/AlmasB/FXGL
15:19:07.024 [FXGL Background Thread 3 ] DEBUG Engine               - urlLeaderboard: http://fxgl-top.herokuapp.com/
15:19:07.025 [FXGL Background Thread 3 ] DEBUG Engine               - urlPOM: https://raw.githubusercontent.com/AlmasB/FXGL/release/README.md
15:19:07.025 [FXGL Background Thread 3 ] DEBUG Engine               - userAppClass: class Runner.ServerRunner
15:19:07.025 [FXGL Background Thread 3 ] DEBUG Engine               - version: 0.0
15:19:07.025 [FXGL Background Thread 3 ] DEBUG Engine               - versionCheckDays: 7
15:19:07.025 [FXGL Background Thread 3 ] DEBUG Engine               - width: 800
15:19:07.025 [FXGL Background Thread 3 ] DEBUG Engine               - Logging services
15:19:07.025 [FXGL Background Thread 3 ] DEBUG Engine               - class com.almasb.fxgl.app.services.FXGLAssetLoaderService
15:19:07.025 [FXGL Background Thread 3 ] DEBUG Engine               - class com.almasb.fxgl.app.FXGLApplication$GameApplicationService
15:19:07.025 [FXGL Background Thread 3 ] DEBUG Engine               - class com.almasb.fxgl.app.services.FXGLDialogService
15:19:07.025 [FXGL Background Thread 3 ] DEBUG Engine               - class com.almasb.fxgl.app.services.IOTaskExecutorService
15:19:07.025 [FXGL Background Thread 3 ] DEBUG Engine               - class com.almasb.fxgl.io.FileSystemService
15:19:07.025 [FXGL Background Thread 3 ] DEBUG Engine               - class com.almasb.fxgl.localization.LocalizationService
15:19:07.025 [FXGL Background Thread 3 ] DEBUG Engine               - class com.almasb.fxgl.app.services.SystemBundleService
15:19:07.025 [FXGL Background Thread 3 ] DEBUG Engine               - class com.almasb.fxgl.profile.SaveLoadService
15:19:07.025 [FXGL Background Thread 3 ] DEBUG Engine               - class com.almasb.fxgl.ui.FXGLUIFactoryServiceProvider
15:19:07.025 [FXGL Background Thread 3 ] DEBUG Engine               - class com.almasb.fxgl.ui.FXGLDialogFactoryServiceProvider
15:19:07.025 [FXGL Background Thread 3 ] DEBUG Engine               - class com.almasb.fxgl.audio.AudioPlayer
15:19:07.025 [FXGL Background Thread 3 ] DEBUG Engine               - class com.almasb.fxgl.notification.impl.NotificationServiceProvider
15:19:07.025 [FXGL Background Thread 3 ] DEBUG Engine               - class com.almasb.fxgl.achievement.AchievementService
15:19:07.025 [FXGL Background Thread 3 ] DEBUG Engine               - class com.almasb.fxgl.cutscene.CutsceneService
15:19:07.025 [FXGL Background Thread 3 ] DEBUG Engine               - class com.almasb.fxgl.minigames.MiniGameService
15:19:07.025 [FXGL Background Thread 3 ] DEBUG Engine               - class com.almasb.fxgl.net.NetService
15:19:07.025 [FXGL Background Thread 3 ] DEBUG Engine               - class com.almasb.fxgl.app.services.UpdaterService
15:19:07.025 [FXGL Background Thread 3 ] DEBUG Engine               - class com.almasb.fxgl.dev.DevService
15:19:07.025 [FXGL Background Thread 3 ] DEBUG Engine               - class com.almasb.fxgl.multiplayer.MultiplayerService
15:19:38.778 [JavaFX Application Thread] DEBUG FXGLApplication      - Exiting FXGL
15:19:38.778 [JavaFX Application Thread] DEBUG LoopRunner           - Stopping loop
15:19:38.778 [JavaFX Application Thread] DEBUG SystemBundleService  - Saving FXGL system data
15:19:38.781 [JavaFX Application Thread] DEBUG FileSystemAccess     - Writing to: C:\Users\User\Documents\GitHub\Sonic-rush\system\fxgl.bundle
15:19:38.783 [JavaFX Application Thread] DEBUG Async                - Shutting down background threads
15:19:38.783 [JavaFX Application Thread] DEBUG PrimaryStageWindow   - Closing main window
15:19:38.790 [JavaFX Application Thread] DEBUG Logger               - Closing Logger
