17:53:02.679 [main                     ] DEBUG Logger               - Configured Logger
17:53:02.703 [main                     ] DEBUG GameApplication      - Logging settings
Title: Server
Version: 0.0
Width: 800
Height: 500
Fullscreen: false
Intro: false
Profiling: false
Single step:false
App Mode: DEVELOPER
Menu Key: ESCAPE
Stage Style: DECORATED
Scene Factory: class com.almasb.fxgl.app.scene.SceneFactory

17:53:03.183 [JavaFX Application Thread] DEBUG FXGLApplication      - Initializing FXGL
17:53:03.187 [JavaFX Application Thread] INFO  Engine               - FXGL-17.3 (30.03.2023 11.49) on WINDOWS (J:21.0.2 FX:20)
17:53:03.188 [JavaFX Application Thread] DEBUG Engine               - JRE Vendor Name: Oracle Corporation
17:53:03.188 [JavaFX Application Thread] DEBUG Engine               - Running on OS: Windows 10 version 10.0
17:53:03.188 [JavaFX Application Thread] DEBUG Engine               - Architecture: amd64
17:53:03.189 [JavaFX Application Thread] INFO  Engine               - Source code and latest versions at: https://github.com/AlmasB/FXGL
17:53:03.189 [JavaFX Application Thread] INFO  Engine               -       Ask questions and discuss at: https://github.com/AlmasB/FXGL/discussions
17:53:03.189 [JavaFX Application Thread] INFO  Engine               -              Join the FXGL chat at: https://gitter.im/AlmasB/FXGL
17:53:03.334 [JavaFX Application Thread] DEBUG PrimaryStageWindow   - Creating a JavaFX scene
17:53:03.407 [JavaFX Application Thread] DEBUG PrimaryStageWindow   - Target settings size: 800.0 x 500.0
17:53:03.407 [JavaFX Application Thread] DEBUG PrimaryStageWindow   - Scaled scene size:    800.0 x 500.0
17:53:03.408 [JavaFX Application Thread] DEBUG PrimaryStageWindow   - Scaled ratio: (1.0, 1.0)
17:53:03.409 [JavaFX Application Thread] DEBUG PrimaryStageWindow   - Set initial scene to FXGLStartupScene
17:53:03.414 [JavaFX Application Thread] DEBUG PrimaryStageWindow   - Opening main window
17:53:03.536 [JavaFX Application Thread] DEBUG PrimaryStageWindow   - Window border size: (16.0, 39.0)
17:53:03.536 [JavaFX Application Thread] DEBUG PrimaryStageWindow   - Scaled size: 800.0 x 500.0
17:53:03.536 [JavaFX Application Thread] DEBUG PrimaryStageWindow   - Scaled ratio: (1.0, 1.0)
17:53:03.536 [JavaFX Application Thread] DEBUG PrimaryStageWindow   - Scene size: 800.0 x 500.0
17:53:03.537 [JavaFX Application Thread] DEBUG PrimaryStageWindow   - Stage size: 816.0 x 539.0
17:53:03.545 [FXGL Background Thread 1 ] DEBUG Engine               - Initializing environment variables
17:53:03.691 [FXGL Background Thread 1 ] DEBUG FXGLAssetLoaderServi - User app class for loading assets: class Runner.ServerRunner
17:53:03.691 [FXGL Background Thread 1 ] DEBUG GameApplicationServi - Applying CSS: fxgl_dark.css
17:53:03.692 [FXGL Background Thread 1 ] DEBUG FXGLAssetLoaderServi - Loading from file system: jar:file:/C:/Users/User/.m2/repository/com/github/almasb/fxgl/17.3/fxgl-17.3.jar!/fxglassets/ui/css/fxgl_dark.css
17:53:03.883 [FXGL Background Thread 1 ] DEBUG GameApplicationServi - Initializing application scenes
17:53:03.978 [FXGL Background Thread 1 ] DEBUG GameWorld            - Game world initialized
17:53:04.085 [FXGL Background Thread 1 ] DEBUG PhysicsWorld         - Physics world initialized: appHeight=500, physics.ppm=50,0
17:53:04.086 [FXGL Background Thread 1 ] DEBUG PhysicsWorld         - Using strategy: BRUTE_FORCE
17:53:04.091 [FXGL Background Thread 1 ] DEBUG GameScene            - Game scene initialized: 800x500
17:53:04.113 [FXGL Background Thread 1 ] WARN  FXGL.DefaultMenu     - FXGLDefaultMenu is not designed for resolutions < 800x600
17:53:04.124 [FXGL Background Thread 1 ] DEBUG FXGL.DefaultMenu     - createMenuBodyGameMenu()
17:53:04.147 [FXGL Background Thread 1 ] DEBUG FXGL.DefaultMenu     - createOptionsMenu()
17:53:04.163 [FXGL Background Thread 1 ] DEBUG FXGLAssetLoaderServi - Loading from file system: jar:file:/C:/Users/User/.m2/repository/com/github/almasb/fxgl/17.3/fxgl-17.3.jar!/fxglassets/textures/particles/smoke.png
17:53:04.316 [FXGL Background Thread 1 ] DEBUG FXGLAssetLoaderServi - Loading from file system: jar:file:/C:/Users/User/.m2/repository/com/github/almasb/fxgl/17.3/fxgl-17.3.jar!/fxglassets/textures/particles/trace_horizontal.png
17:53:04.366 [FXGL Background Thread 1 ] DEBUG GameApplicationServi - Application scenes initialized
17:53:04.390 [FXGL Background Thread 1 ] DEBUG SystemBundleService  - Loading FXGL system data
17:53:04.401 [FXGL Background Thread 1 ] DEBUG FileSystemAccess     - Reading from: C:\Users\User\Documents\GitHub\Sonic-rush\system\fxgl.bundle
17:53:04.427 [FXGL Background Thread 1 ] DEBUG SystemBundleService  - Bundle FXGL: {}
17:53:04.427 [FXGL Background Thread 1 ] DEBUG UpdaterService       - Checking for updates
17:53:04.435 [FXGL Background Thread 1 ] DEBUG FXGLApplication      - Loading default localization
17:53:04.435 [FXGL Background Thread 1 ] DEBUG FXGLAssetLoaderServi - Loading from file system: jar:file:/C:/Users/User/.m2/repository/com/github/almasb/fxgl/17.3/fxgl-17.3.jar!/fxglassets/languages/english.lang
17:53:04.463 [FXGL Background Thread 1 ] INFO  FXGLApplication      - FXGL initialization took: 0,918 sec
17:53:04.472 [JavaFX Application Thread] DEBUG FXGLAssetLoaderServi - Loading from file system: jar:file:/C:/Users/User/.m2/repository/com/github/almasb/fxgl/17.3/fxgl-17.3.jar!/fxglassets/textures/fxgl_icon.png
17:53:04.501 [FXGL Background Thread 4 ] DEBUG FXGLApplication      - Loading fonts
17:53:04.502 [FXGL Background Thread 4 ] DEBUG FXGLAssetLoaderServi - Loading from file system: jar:file:/C:/Users/User/.m2/repository/com/github/almasb/fxgl/17.3/fxgl-17.3.jar!/fxglassets/ui/fonts/VarelaRound-Regular.ttf
17:53:04.537 [JavaFX Application Thread] DEBUG FXGLAssetLoaderServi - Loading from file system: jar:file:/C:/Users/User/.m2/repository/com/github/almasb/fxgl/17.3/fxgl-17.3.jar!/fxglassets/textures/fxgl_default_cursor.png
17:53:04.554 [JavaFX Application Thread] DEBUG Input                - Registered new binding: Screenshot - CTRL+8
17:53:04.554 [JavaFX Application Thread] DEBUG Input                - Registered new binding: System info dump - CTRL+9
17:53:04.554 [JavaFX Application Thread] DEBUG Input                - Registered new binding: Restart - CTRL+R
17:53:04.555 [JavaFX Application Thread] DEBUG Input                - Registered new binding: Toggle Debug Camera - CTRL+7
17:53:04.557 [JavaFX Application Thread] DEBUG LoopRunner           - Starting loop
17:53:04.558 [JavaFX Application Thread] DEBUG LoopRunner           - Initializing JavaFX AnimationTimerLoop
17:53:04.559 [JavaFX Application Thread] DEBUG GameApplicationServi - Starting new game
17:53:04.560 [JavaFX Application Thread] DEBUG Input                - Clearing active input actions
17:53:04.575 [JavaFX Application Thread] DEBUG GameApplicationServi - Removing overlay from FXGLStartupScene and adding to FXGLLoadingScene
17:53:04.575 [JavaFX Application Thread] DEBUG PrimaryStageWindow   - FXGLStartupScene -> FXGLLoadingScene
17:53:04.575 [JavaFX Application Thread] DEBUG GameApplicationServi - Clearing previous game
17:53:04.575 [JavaFX Application Thread] DEBUG GameScene            - Clearing game scene
17:53:04.576 [JavaFX Application Thread] DEBUG GameWorld            - Clearing game world
17:53:04.576 [JavaFX Application Thread] DEBUG PhysicsWorld         - Clearing physics world
17:53:04.608 [FXGL Background Thread 1 ] DEBUG FXGLApplication      - Initializing game
17:53:04.669 [FXGL Background Thread 1 ] WARN  TMXLevelLoader       - TiledMap generated from 1.11.2. Supported version: 1.9.0. Some features may not be parsed fully.
17:53:04.677 [ServerAsyncConnThread    ] DEBUG TCPServer            - Starting to listen at: 50000 type: class com.almasb.fxgl.core.serialization.Bundle
17:53:04.736 [FXGL Background Thread 4 ] DEBUG FXGLAssetLoaderServi - Loading from file system: jar:file:/C:/Users/User/.m2/repository/com/github/almasb/fxgl/17.3/fxgl-17.3.jar!/fxglassets/ui/fonts/Abel-Regular.ttf
17:53:04.785 [FXGL Background Thread 4 ] DEBUG FXGLAssetLoaderServi - Loading from file system: jar:file:/C:/Users/User/.m2/repository/com/github/almasb/fxgl/17.3/fxgl-17.3.jar!/fxglassets/ui/fonts/TerminalLandMono-Regular.otf
17:53:04.789 [FXGL Background Thread 4 ] DEBUG FXGLAssetLoaderServi - Loading from file system: jar:file:/C:/Users/User/.m2/repository/com/github/almasb/fxgl/17.3/fxgl-17.3.jar!/fxglassets/ui/fonts/Courier-Prime.ttf
17:53:04.803 [FXGL Background Thread 1 ] DEBUG TMXLevelLoader       - Parsed TiledMap: file:/C:/Users/User/Documents/GitHub/Sonic-rush/target/classes/assets/levels/mapazo.tmx
17:53:04.804 [FXGL Background Thread 1 ] DEBUG TMXLevelLoader       - Creating tile layer entities
17:53:04.805 [FXGL Background Thread 1 ] DEBUG TilesetLoader        - Loading view for layer Capa de patrones 1
17:53:04.810 [FXGL Background Thread 1 ] DEBUG TilesetLoader        - Created buffer with size 3840.0x720.0
17:53:04.864 [FXGL Background Thread 1 ] DEBUG TMXLevelLoader       - Creating object layer entities
17:53:04.937 [FXGL Background Thread 1 ] DEBUG GameWorld            - Clearing removable entities
17:53:04.938 [FXGL Background Thread 1 ] DEBUG GameWorld            - Setting level: com.almasb.fxgl.entity.level.Level@77772e7b
17:53:04.951 [FXGL Background Thread 1 ] DEBUG FXGLAssetLoaderServi - Loading from file system: file:/C:/Users/User/Documents/GitHub/Sonic-rush/target/classes/assets/textures/Items/ring.png
17:53:05.021 [FXGL Background Thread 1 ] DEBUG FXGLAssetLoaderServi - Loading from file system: file:/C:/Users/User/Documents/GitHub/Sonic-rush/target/classes/assets/textures/Enemigos/enemigo2.png
17:53:05.048 [FXGL Background Thread 1 ] DEBUG FXGLAssetLoaderServi - Loading from file system: file:/C:/Users/User/Documents/GitHub/Sonic-rush/target/classes/assets/textures/Items/caucho.png
17:53:05.054 [FXGL Background Thread 1 ] DEBUG FXGLAssetLoaderServi - Loading from file system: file:/C:/Users/User/Documents/GitHub/Sonic-rush/target/classes/assets/textures/Items/papel.png
17:53:05.060 [FXGL Background Thread 1 ] DEBUG FXGLAssetLoaderServi - Loading from file system: file:/C:/Users/User/Documents/GitHub/Sonic-rush/target/classes/assets/textures/Items/basura.png
17:53:05.064 [FXGL Background Thread 1 ] INFO  FXGLApplication      - Game initialization took: 0,456 sec
17:53:05.075 [JavaFX Application Thread] DEBUG FXGLApplication      - Registering font factories with UI factory
17:53:05.079 [JavaFX Application Thread] DEBUG Input                - Clearing active input actions
17:53:05.090 [JavaFX Application Thread] DEBUG GameApplicationServi - Removing overlay from FXGLLoadingScene and adding to GameScene
17:53:05.090 [JavaFX Application Thread] DEBUG PrimaryStageWindow   - FXGLLoadingScene -> GameScene
17:53:05.390 [FXGL Background Thread 2 ] INFO  UpdaterService       - Your current version:  17.3
17:53:05.400 [FXGL Background Thread 2 ] INFO  UpdaterService       - Latest stable version: 21.1
17:53:07.507 [FXGL Background Thread 3 ] DEBUG Engine               - Logging environment variables
17:53:07.515 [FXGL Background Thread 3 ] DEBUG Engine               - achievements: []
17:53:07.515 [FXGL Background Thread 3 ] DEBUG Engine               - actualHeight: 500.0
17:53:07.515 [FXGL Background Thread 3 ] DEBUG Engine               - actualHeightProperty: ReadOnlyDoubleProperty [value: 500.0]
17:53:07.519 [FXGL Background Thread 3 ] DEBUG Engine               - actualWidth: 800.0
17:53:07.528 [FXGL Background Thread 3 ] DEBUG Engine               - actualWidthProperty: ReadOnlyDoubleProperty [value: 800.0]
17:53:07.528 [FXGL Background Thread 3 ] DEBUG Engine               - appIcon: fxgl_icon.png
17:53:07.528 [FXGL Background Thread 3 ] DEBUG Engine               - applicationMode: DEVELOPER
17:53:07.528 [FXGL Background Thread 3 ] DEBUG Engine               - cSSList: [fxgl_dark.css]
17:53:07.528 [FXGL Background Thread 3 ] DEBUG Engine               - collisionDetectionStrategy: BRUTE_FORCE
17:53:07.528 [FXGL Background Thread 3 ] DEBUG Engine               - configClass: Optional.empty
17:53:07.528 [FXGL Background Thread 3 ] DEBUG Engine               - credits: []
17:53:07.528 [FXGL Background Thread 3 ] DEBUG Engine               - defaultCursor: CursorInfo(imageName=fxgl_default_cursor.png, hotspotX=7.0, hotspotY=6.0)
17:53:07.529 [FXGL Background Thread 3 ] DEBUG Engine               - devBBoxColorProperty: ObjectProperty [value: 0xff0000ff]
17:53:07.529 [FXGL Background Thread 3 ] DEBUG Engine               - devEnableDebugCameraProperty: BooleanProperty [value: false]
17:53:07.530 [FXGL Background Thread 3 ] DEBUG Engine               - devSensorColorProperty: ObjectProperty [value: 0xffff00ff]
17:53:07.530 [FXGL Background Thread 3 ] DEBUG Engine               - devShowBBoxProperty: BooleanProperty [value: false]
17:53:07.531 [FXGL Background Thread 3 ] DEBUG Engine               - devShowPositionProperty: BooleanProperty [value: false]
17:53:07.531 [FXGL Background Thread 3 ] DEBUG Engine               - enabledMenuItems: []
17:53:07.532 [FXGL Background Thread 3 ] DEBUG Engine               - engineServices: [class com.almasb.fxgl.app.services.FXGLAssetLoaderService, class com.almasb.fxgl.app.FXGLApplication$GameApplicationService, class com.almasb.fxgl.app.services.FXGLDialogService, class com.almasb.fxgl.app.services.IOTaskExecutorService, class com.almasb.fxgl.io.FileSystemService, class com.almasb.fxgl.localization.LocalizationService, class com.almasb.fxgl.app.services.SystemBundleService, class com.almasb.fxgl.profile.SaveLoadService, class com.almasb.fxgl.ui.FXGLUIFactoryServiceProvider, class com.almasb.fxgl.ui.FXGLDialogFactoryServiceProvider, class com.almasb.fxgl.audio.AudioPlayer, class com.almasb.fxgl.notification.impl.NotificationServiceProvider, class com.almasb.fxgl.achievement.AchievementService, class com.almasb.fxgl.cutscene.CutsceneService, class com.almasb.fxgl.minigames.MiniGameService, class com.almasb.fxgl.net.NetService, class com.almasb.fxgl.app.services.UpdaterService, class com.almasb.fxgl.dev.DevService, class com.almasb.fxgl.multiplayer.MultiplayerService]
17:53:07.532 [FXGL Background Thread 3 ] DEBUG Engine               - fontGame: Abel-Regular.ttf
17:53:07.541 [FXGL Background Thread 3 ] DEBUG Engine               - fontMono: TerminalLandMono-Regular.otf
17:53:07.541 [FXGL Background Thread 3 ] DEBUG Engine               - fontSizeScaleUI: 1.0
17:53:07.542 [FXGL Background Thread 3 ] DEBUG Engine               - fontText: Courier-Prime.ttf
17:53:07.542 [FXGL Background Thread 3 ] DEBUG Engine               - fontUI: VarelaRound-Regular.ttf
17:53:07.542 [FXGL Background Thread 3 ] DEBUG Engine               - fullScreen: BooleanProperty [value: false]
17:53:07.542 [FXGL Background Thread 3 ] DEBUG Engine               - gameDifficulty: MEDIUM
17:53:07.542 [FXGL Background Thread 3 ] DEBUG Engine               - gameDifficultyProperty: ObjectProperty [value: MEDIUM]
17:53:07.542 [FXGL Background Thread 3 ] DEBUG Engine               - globalMusicVolume: 0.5
17:53:07.542 [FXGL Background Thread 3 ] DEBUG Engine               - globalMusicVolumeProperty: DoubleProperty [value: 0.5]
17:53:07.542 [FXGL Background Thread 3 ] DEBUG Engine               - globalSoundVolume: 0.5
17:53:07.542 [FXGL Background Thread 3 ] DEBUG Engine               - globalSoundVolumeProperty: DoubleProperty [value: 0.5]
17:53:07.544 [FXGL Background Thread 3 ] DEBUG Engine               - height: 500
17:53:07.544 [FXGL Background Thread 3 ] DEBUG Engine               - is3D: false
17:53:07.545 [FXGL Background Thread 3 ] DEBUG Engine               - isAndroid: false
17:53:07.547 [FXGL Background Thread 3 ] DEBUG Engine               - isBrowser: false
17:53:07.547 [FXGL Background Thread 3 ] DEBUG Engine               - isClickFeedbackEnabled: false
17:53:07.548 [FXGL Background Thread 3 ] DEBUG Engine               - isCloseConfirmation: false
17:53:07.548 [FXGL Background Thread 3 ] DEBUG Engine               - isDesktop: true
17:53:07.548 [FXGL Background Thread 3 ] DEBUG Engine               - isDeveloperMenuEnabled: false
17:53:07.548 [FXGL Background Thread 3 ] DEBUG Engine               - isEmbedded: false
17:53:07.549 [FXGL Background Thread 3 ] DEBUG Engine               - isEntityPreloadEnabled: true
17:53:07.549 [FXGL Background Thread 3 ] DEBUG Engine               - isExperimentalTiledLargeMap: false
17:53:07.549 [FXGL Background Thread 3 ] DEBUG Engine               - isFileSystemWriteAllowed: true
17:53:07.549 [FXGL Background Thread 3 ] DEBUG Engine               - isFullScreenAllowed: false
17:53:07.549 [FXGL Background Thread 3 ] DEBUG Engine               - isFullScreenFromStart: false
17:53:07.549 [FXGL Background Thread 3 ] DEBUG Engine               - isGameMenuEnabled: true
17:53:07.549 [FXGL Background Thread 3 ] DEBUG Engine               - isIOS: false
17:53:07.549 [FXGL Background Thread 3 ] DEBUG Engine               - isIntroEnabled: false
17:53:07.550 [FXGL Background Thread 3 ] DEBUG Engine               - isLinux: false
17:53:07.550 [FXGL Background Thread 3 ] DEBUG Engine               - isMac: false
17:53:07.550 [FXGL Background Thread 3 ] DEBUG Engine               - isMainMenuEnabled: false
17:53:07.550 [FXGL Background Thread 3 ] DEBUG Engine               - isManualResizeEnabled: false
17:53:07.550 [FXGL Background Thread 3 ] DEBUG Engine               - isMobile: false
17:53:07.550 [FXGL Background Thread 3 ] DEBUG Engine               - isNative: false
17:53:07.550 [FXGL Background Thread 3 ] DEBUG Engine               - isPauseMusicWhenMinimized: true
17:53:07.550 [FXGL Background Thread 3 ] DEBUG Engine               - isPreserveResizeRatio: false
17:53:07.550 [FXGL Background Thread 3 ] DEBUG Engine               - isProfilingEnabled: false
17:53:07.550 [FXGL Background Thread 3 ] DEBUG Engine               - isScaleAffectedOnResize: true
17:53:07.550 [FXGL Background Thread 3 ] DEBUG Engine               - isSingleStep: false
17:53:07.550 [FXGL Background Thread 3 ] DEBUG Engine               - isUserProfileEnabled: false
17:53:07.551 [FXGL Background Thread 3 ] DEBUG Engine               - isWindows: true
17:53:07.551 [FXGL Background Thread 3 ] DEBUG Engine               - language: ObjectProperty [value: ENGLISH]
17:53:07.551 [FXGL Background Thread 3 ] DEBUG Engine               - menuKey: ESCAPE
17:53:07.551 [FXGL Background Thread 3 ] DEBUG Engine               - mouseSensitivity: 0.2
17:53:07.551 [FXGL Background Thread 3 ] DEBUG Engine               - notificationViewClass: class com.almasb.fxgl.notification.view.XboxNotificationView
17:53:07.551 [FXGL Background Thread 3 ] DEBUG Engine               - pixelsPerMeter: 50.0
17:53:07.551 [FXGL Background Thread 3 ] DEBUG Engine               - platform: WINDOWS
17:53:07.551 [FXGL Background Thread 3 ] DEBUG Engine               - prefHeightProperty: ReadOnlyDoubleProperty [value: 500.0]
17:53:07.551 [FXGL Background Thread 3 ] DEBUG Engine               - prefWidthProperty: ReadOnlyDoubleProperty [value: 800.0]
17:53:07.551 [FXGL Background Thread 3 ] DEBUG Engine               - profileDir: profiles/
17:53:07.551 [FXGL Background Thread 3 ] DEBUG Engine               - profileName: StringProperty [value: DEFAULT]
17:53:07.551 [FXGL Background Thread 3 ] DEBUG Engine               - randomSeed: -1
17:53:07.551 [FXGL Background Thread 3 ] DEBUG Engine               - runtimeInfo: RuntimeInfo(platform=WINDOWS, version=17.3, build=30.03.2023 11.49)
17:53:07.551 [FXGL Background Thread 3 ] DEBUG Engine               - saveFileExt: sav
17:53:07.552 [FXGL Background Thread 3 ] DEBUG Engine               - scaledHeightProp$fxgl: DoubleProperty [bound, value: 500.0]
17:53:07.552 [FXGL Background Thread 3 ] DEBUG Engine               - scaledWidthProp$fxgl: DoubleProperty [bound, value: 800.0]
17:53:07.552 [FXGL Background Thread 3 ] DEBUG Engine               - sceneFactory: com.almasb.fxgl.app.scene.SceneFactory@cf203ec
17:53:07.552 [FXGL Background Thread 3 ] DEBUG Engine               - secondsIn24h: 60
17:53:07.552 [FXGL Background Thread 3 ] DEBUG Engine               - soundMenuBack: menu/back.wav
17:53:07.552 [FXGL Background Thread 3 ] DEBUG Engine               - soundMenuPress: menu/press.wav
17:53:07.552 [FXGL Background Thread 3 ] DEBUG Engine               - soundMenuSelect: menu/select.wav
17:53:07.552 [FXGL Background Thread 3 ] DEBUG Engine               - soundNotification: core/notification.wav
17:53:07.552 [FXGL Background Thread 3 ] DEBUG Engine               - stageStyle: DECORATED
17:53:07.553 [FXGL Background Thread 3 ] DEBUG Engine               - supportedLanguages: [ENGLISH, FRENCH, GERMAN, HUNGARIAN, RUSSIAN]
17:53:07.553 [FXGL Background Thread 3 ] DEBUG Engine               - ticksPerSecond: -1
17:53:07.553 [FXGL Background Thread 3 ] DEBUG Engine               - title: Server
17:53:07.556 [FXGL Background Thread 3 ] DEBUG Engine               - urlGithub: https://github.com/AlmasB/FXGL
17:53:07.556 [FXGL Background Thread 3 ] DEBUG Engine               - urlLeaderboard: http://fxgl-top.herokuapp.com/
17:53:07.556 [FXGL Background Thread 3 ] DEBUG Engine               - urlPOM: https://raw.githubusercontent.com/AlmasB/FXGL/release/README.md
17:53:07.560 [FXGL Background Thread 3 ] DEBUG Engine               - userAppClass: class Runner.ServerRunner
17:53:07.560 [FXGL Background Thread 3 ] DEBUG Engine               - version: 0.0
17:53:07.560 [FXGL Background Thread 3 ] DEBUG Engine               - versionCheckDays: 7
17:53:07.560 [FXGL Background Thread 3 ] DEBUG Engine               - width: 800
17:53:07.560 [FXGL Background Thread 3 ] DEBUG Engine               - Logging services
17:53:07.560 [FXGL Background Thread 3 ] DEBUG Engine               - class com.almasb.fxgl.app.services.FXGLAssetLoaderService
17:53:07.560 [FXGL Background Thread 3 ] DEBUG Engine               - class com.almasb.fxgl.app.FXGLApplication$GameApplicationService
17:53:07.560 [FXGL Background Thread 3 ] DEBUG Engine               - class com.almasb.fxgl.app.services.FXGLDialogService
17:53:07.560 [FXGL Background Thread 3 ] DEBUG Engine               - class com.almasb.fxgl.app.services.IOTaskExecutorService
17:53:07.560 [FXGL Background Thread 3 ] DEBUG Engine               - class com.almasb.fxgl.io.FileSystemService
17:53:07.560 [FXGL Background Thread 3 ] DEBUG Engine               - class com.almasb.fxgl.localization.LocalizationService
17:53:07.560 [FXGL Background Thread 3 ] DEBUG Engine               - class com.almasb.fxgl.app.services.SystemBundleService
17:53:07.560 [FXGL Background Thread 3 ] DEBUG Engine               - class com.almasb.fxgl.profile.SaveLoadService
17:53:07.560 [FXGL Background Thread 3 ] DEBUG Engine               - class com.almasb.fxgl.ui.FXGLUIFactoryServiceProvider
17:53:07.560 [FXGL Background Thread 3 ] DEBUG Engine               - class com.almasb.fxgl.ui.FXGLDialogFactoryServiceProvider
17:53:07.560 [FXGL Background Thread 3 ] DEBUG Engine               - class com.almasb.fxgl.audio.AudioPlayer
17:53:07.560 [FXGL Background Thread 3 ] DEBUG Engine               - class com.almasb.fxgl.notification.impl.NotificationServiceProvider
17:53:07.560 [FXGL Background Thread 3 ] DEBUG Engine               - class com.almasb.fxgl.achievement.AchievementService
17:53:07.561 [FXGL Background Thread 3 ] DEBUG Engine               - class com.almasb.fxgl.cutscene.CutsceneService
17:53:07.561 [FXGL Background Thread 3 ] DEBUG Engine               - class com.almasb.fxgl.minigames.MiniGameService
17:53:07.561 [FXGL Background Thread 3 ] DEBUG Engine               - class com.almasb.fxgl.net.NetService
17:53:07.562 [FXGL Background Thread 3 ] DEBUG Engine               - class com.almasb.fxgl.app.services.UpdaterService
17:53:07.562 [FXGL Background Thread 3 ] DEBUG Engine               - class com.almasb.fxgl.dev.DevService
17:53:07.562 [FXGL Background Thread 3 ] DEBUG Engine               - class com.almasb.fxgl.multiplayer.MultiplayerService
17:53:17.121 [ServerAsyncConnThread    ] DEBUG Endpoint             - TCPServer opening new connection (1) from /192.168.56.1:60508 type: class com.almasb.fxgl.core.serialization.Bundle
17:53:17.122 [ServerAsyncConnThread    ] DEBUG Endpoint             - TCPServer successfully opened connection (1)
17:53:17.135 [TCPServer_SendThread-1   ] DEBUG Writers              - Getting TCPMessageWriter for class com.almasb.fxgl.core.serialization.Bundle
17:53:17.137 [TCPServer_RecvThread-1   ] DEBUG Readers              - Getting TCPMessageReader for class com.almasb.fxgl.core.serialization.Bundle
17:53:17.137 [TCPServer_SendThread-1   ] DEBUG Writers              - Constructed TCPMessageWriter for class com.almasb.fxgl.core.serialization.Bundle: BundleTCPMessageWriter
17:53:17.138 [TCPServer_RecvThread-1   ] DEBUG Readers              - Constructed MessageReader for class com.almasb.fxgl.core.serialization.Bundle: BundleTCPMessageReader
17:53:29.924 [TCPServer_RecvThread-1   ] DEBUG Endpoint             - Connection 1 was unexpectedly disconnected: Connection reset
17:53:29.924 [TCPServer_RecvThread-1   ] DEBUG Connection           - Closing connection 1
17:53:29.925 [TCPServer_RecvThread-1   ] DEBUG Connection           - Connection 1 was correctly closed from local endpoint.
17:53:29.925 [TCPServer_RecvThread-1   ] DEBUG Endpoint             - TCPServer connection (1) was closed
17:53:33.833 [JavaFX Application Thread] DEBUG FXGLApplication      - Exiting FXGL
17:53:33.833 [JavaFX Application Thread] DEBUG LoopRunner           - Stopping loop
17:53:33.833 [JavaFX Application Thread] DEBUG SystemBundleService  - Saving FXGL system data
17:53:33.835 [JavaFX Application Thread] DEBUG FileSystemAccess     - Writing to: C:\Users\User\Documents\GitHub\Sonic-rush\system\fxgl.bundle
17:53:33.836 [JavaFX Application Thread] DEBUG Async                - Shutting down background threads
17:53:33.836 [JavaFX Application Thread] DEBUG PrimaryStageWindow   - Closing main window
17:53:33.843 [JavaFX Application Thread] DEBUG Logger               - Closing Logger
