11:45:26.067 [main                     ] DEBUG Logger               - Configured Logger
11:45:26.091 [main                     ] DEBUG GameApplication      - Logging settings
Title: Server
Version: 0.0
Width: 800
Height: 500
Fullscreen: false
Intro: false
Profiling: false
Single step:false
App Mode: DEVELOPER
Menu Key: ESCAPE
Stage Style: DECORATED
Scene Factory: class com.almasb.fxgl.app.scene.SceneFactory

11:45:26.532 [JavaFX Application Thread] DEBUG FXGLApplication      - Initializing FXGL
11:45:26.536 [JavaFX Application Thread] INFO  Engine               - FXGL-17.3 (30.03.2023 11.49) on WINDOWS (J:21.0.2 FX:20)
11:45:26.537 [JavaFX Application Thread] DEBUG Engine               - JRE Vendor Name: Oracle Corporation
11:45:26.537 [JavaFX Application Thread] DEBUG Engine               - Running on OS: Windows 10 version 10.0
11:45:26.537 [JavaFX Application Thread] DEBUG Engine               - Architecture: amd64
11:45:26.537 [JavaFX Application Thread] INFO  Engine               - Source code and latest versions at: https://github.com/AlmasB/FXGL
11:45:26.539 [JavaFX Application Thread] INFO  Engine               -       Ask questions and discuss at: https://github.com/AlmasB/FXGL/discussions
11:45:26.540 [JavaFX Application Thread] INFO  Engine               -              Join the FXGL chat at: https://gitter.im/AlmasB/FXGL
11:45:26.679 [JavaFX Application Thread] DEBUG PrimaryStageWindow   - Creating a JavaFX scene
11:45:26.749 [JavaFX Application Thread] DEBUG PrimaryStageWindow   - Target settings size: 800.0 x 500.0
11:45:26.749 [JavaFX Application Thread] DEBUG PrimaryStageWindow   - Scaled scene size:    800.0 x 500.0
11:45:26.749 [JavaFX Application Thread] DEBUG PrimaryStageWindow   - Scaled ratio: (1.0, 1.0)
11:45:26.750 [JavaFX Application Thread] DEBUG PrimaryStageWindow   - Set initial scene to FXGLStartupScene
11:45:26.754 [JavaFX Application Thread] DEBUG PrimaryStageWindow   - Opening main window
11:45:26.841 [JavaFX Application Thread] DEBUG PrimaryStageWindow   - Window border size: (16.0, 39.0)
11:45:26.841 [JavaFX Application Thread] DEBUG PrimaryStageWindow   - Scaled size: 800.0 x 500.0
11:45:26.841 [JavaFX Application Thread] DEBUG PrimaryStageWindow   - Scaled ratio: (1.0, 1.0)
11:45:26.841 [JavaFX Application Thread] DEBUG PrimaryStageWindow   - Scene size: 800.0 x 500.0
11:45:26.842 [JavaFX Application Thread] DEBUG PrimaryStageWindow   - Stage size: 816.0 x 539.0
11:45:26.849 [FXGL Background Thread 1 ] DEBUG Engine               - Initializing environment variables
11:45:26.912 [FXGL Background Thread 1 ] DEBUG FXGLAssetLoaderServi - User app class for loading assets: class Runner.ServerRunner
11:45:26.912 [FXGL Background Thread 1 ] DEBUG GameApplicationServi - Applying CSS: fxgl_dark.css
11:45:26.913 [FXGL Background Thread 1 ] DEBUG FXGLAssetLoaderServi - Loading from file system: jar:file:/C:/Users/User/.m2/repository/com/github/almasb/fxgl/17.3/fxgl-17.3.jar!/fxglassets/ui/css/fxgl_dark.css
11:45:26.986 [FXGL Background Thread 1 ] DEBUG GameApplicationServi - Initializing application scenes
11:45:27.135 [FXGL Background Thread 1 ] DEBUG GameWorld            - Game world initialized
11:45:27.256 [FXGL Background Thread 1 ] DEBUG PhysicsWorld         - Physics world initialized: appHeight=500, physics.ppm=50,0
11:45:27.257 [FXGL Background Thread 1 ] DEBUG PhysicsWorld         - Using strategy: BRUTE_FORCE
11:45:27.264 [FXGL Background Thread 1 ] DEBUG GameScene            - Game scene initialized: 800x500
11:45:27.280 [FXGL Background Thread 1 ] WARN  FXGL.DefaultMenu     - FXGLDefaultMenu is not designed for resolutions < 800x600
11:45:27.280 [FXGL Background Thread 1 ] DEBUG FXGL.DefaultMenu     - createMenuBodyGameMenu()
11:45:27.303 [FXGL Background Thread 1 ] DEBUG FXGL.DefaultMenu     - createOptionsMenu()
11:45:27.321 [FXGL Background Thread 1 ] DEBUG FXGLAssetLoaderServi - Loading from file system: jar:file:/C:/Users/User/.m2/repository/com/github/almasb/fxgl/17.3/fxgl-17.3.jar!/fxglassets/textures/particles/smoke.png
11:45:27.472 [FXGL Background Thread 1 ] DEBUG FXGLAssetLoaderServi - Loading from file system: jar:file:/C:/Users/User/.m2/repository/com/github/almasb/fxgl/17.3/fxgl-17.3.jar!/fxglassets/textures/particles/trace_horizontal.png
11:45:27.508 [FXGL Background Thread 1 ] DEBUG GameApplicationServi - Application scenes initialized
11:45:27.523 [FXGL Background Thread 1 ] DEBUG SystemBundleService  - Loading FXGL system data
11:45:27.530 [FXGL Background Thread 1 ] DEBUG FileSystemAccess     - Reading from: C:\Users\User\Documents\GitHub\Sonic-rush\system\fxgl.bundle
11:45:27.545 [FXGL Background Thread 1 ] DEBUG SystemBundleService  - Bundle FXGL: {}
11:45:27.545 [FXGL Background Thread 1 ] DEBUG UpdaterService       - Checking for updates
11:45:27.551 [FXGL Background Thread 1 ] DEBUG FXGLApplication      - Loading default localization
11:45:27.551 [FXGL Background Thread 1 ] DEBUG FXGLAssetLoaderServi - Loading from file system: jar:file:/C:/Users/User/.m2/repository/com/github/almasb/fxgl/17.3/fxgl-17.3.jar!/fxglassets/languages/english.lang
11:45:27.567 [FXGL Background Thread 4 ] DEBUG FXGLApplication      - Loading fonts
11:45:27.567 [FXGL Background Thread 4 ] DEBUG FXGLAssetLoaderServi - Loading from file system: jar:file:/C:/Users/User/.m2/repository/com/github/almasb/fxgl/17.3/fxgl-17.3.jar!/fxglassets/ui/fonts/VarelaRound-Regular.ttf
11:45:27.617 [FXGL Background Thread 1 ] INFO  FXGLApplication      - FXGL initialization took: 0,768 sec
11:45:27.623 [FXGL Background Thread 4 ] DEBUG FXGLAssetLoaderServi - Loading from file system: jar:file:/C:/Users/User/.m2/repository/com/github/almasb/fxgl/17.3/fxgl-17.3.jar!/fxglassets/ui/fonts/Abel-Regular.ttf
11:45:27.631 [JavaFX Application Thread] DEBUG FXGLAssetLoaderServi - Loading from file system: jar:file:/C:/Users/User/.m2/repository/com/github/almasb/fxgl/17.3/fxgl-17.3.jar!/fxglassets/textures/fxgl_icon.png
11:45:27.655 [JavaFX Application Thread] DEBUG FXGLAssetLoaderServi - Loading from file system: jar:file:/C:/Users/User/.m2/repository/com/github/almasb/fxgl/17.3/fxgl-17.3.jar!/fxglassets/textures/fxgl_default_cursor.png
11:45:27.668 [JavaFX Application Thread] DEBUG Input                - Registered new binding: Screenshot - CTRL+8
11:45:27.669 [JavaFX Application Thread] DEBUG Input                - Registered new binding: System info dump - CTRL+9
11:45:27.669 [JavaFX Application Thread] DEBUG Input                - Registered new binding: Restart - CTRL+R
11:45:27.670 [JavaFX Application Thread] DEBUG Input                - Registered new binding: Toggle Debug Camera - CTRL+7
11:45:27.673 [JavaFX Application Thread] DEBUG LoopRunner           - Starting loop
11:45:27.676 [JavaFX Application Thread] DEBUG LoopRunner           - Initializing JavaFX AnimationTimerLoop
11:45:27.682 [JavaFX Application Thread] DEBUG GameApplicationServi - Starting new game
11:45:27.683 [JavaFX Application Thread] DEBUG Input                - Clearing active input actions
11:45:27.712 [JavaFX Application Thread] DEBUG GameApplicationServi - Removing overlay from FXGLStartupScene and adding to FXGLLoadingScene
11:45:27.713 [JavaFX Application Thread] DEBUG PrimaryStageWindow   - FXGLStartupScene -> FXGLLoadingScene
11:45:27.713 [JavaFX Application Thread] DEBUG GameApplicationServi - Clearing previous game
11:45:27.713 [JavaFX Application Thread] DEBUG GameScene            - Clearing game scene
11:45:27.713 [JavaFX Application Thread] DEBUG GameWorld            - Clearing game world
11:45:27.713 [JavaFX Application Thread] DEBUG PhysicsWorld         - Clearing physics world
11:45:27.715 [FXGL Background Thread 1 ] DEBUG FXGLApplication      - Initializing game
11:45:27.765 [FXGL Background Thread 1 ] WARN  TMXLevelLoader       - TiledMap generated from 1.11.2. Supported version: 1.9.0. Some features may not be parsed fully.
11:45:27.804 [FXGL Background Thread 1 ] DEBUG TMXLevelLoader       - Parsed TiledMap: file:/C:/Users/User/Documents/GitHub/Sonic-rush/target/classes/assets/levels/mapazo.tmx
11:45:27.805 [FXGL Background Thread 1 ] DEBUG TMXLevelLoader       - Creating tile layer entities
11:45:27.806 [FXGL Background Thread 1 ] DEBUG TilesetLoader        - Loading view for layer Capa de patrones 1
11:45:27.807 [FXGL Background Thread 4 ] DEBUG FXGLAssetLoaderServi - Loading from file system: jar:file:/C:/Users/User/.m2/repository/com/github/almasb/fxgl/17.3/fxgl-17.3.jar!/fxglassets/ui/fonts/TerminalLandMono-Regular.otf
11:45:27.826 [ServerAsyncConnThread    ] DEBUG TCPServer            - Starting to listen at: 50000 type: class com.almasb.fxgl.core.serialization.Bundle
11:45:27.848 [FXGL Background Thread 1 ] DEBUG TilesetLoader        - Created buffer with size 3840.0x720.0
11:45:27.848 [FXGL Background Thread 4 ] DEBUG FXGLAssetLoaderServi - Loading from file system: jar:file:/C:/Users/User/.m2/repository/com/github/almasb/fxgl/17.3/fxgl-17.3.jar!/fxglassets/ui/fonts/Courier-Prime.ttf
11:45:27.868 [JavaFX Application Thread] DEBUG FXGLApplication      - Registering font factories with UI factory
11:45:27.974 [FXGL Background Thread 1 ] DEBUG TMXLevelLoader       - Creating object layer entities
11:45:28.011 [FXGL Background Thread 1 ] DEBUG GameWorld            - Clearing removable entities
11:45:28.012 [FXGL Background Thread 1 ] DEBUG GameWorld            - Setting level: com.almasb.fxgl.entity.level.Level@2b5be9ed
11:45:28.036 [FXGL Background Thread 1 ] DEBUG FXGLAssetLoaderServi - Loading from file system: file:/C:/Users/User/Documents/GitHub/Sonic-rush/target/classes/assets/textures/Items/ring.png
11:45:28.081 [FXGL Background Thread 1 ] DEBUG FXGLAssetLoaderServi - Loading from file system: file:/C:/Users/User/Documents/GitHub/Sonic-rush/target/classes/assets/textures/Enemigos/enemigo2.png
11:45:28.092 [FXGL Background Thread 1 ] DEBUG FXGLAssetLoaderServi - Loading from file system: file:/C:/Users/User/Documents/GitHub/Sonic-rush/target/classes/assets/textures/Items/papel.png
11:45:28.127 [FXGL Background Thread 1 ] DEBUG FXGLAssetLoaderServi - Loading from file system: file:/C:/Users/User/Documents/GitHub/Sonic-rush/target/classes/assets/textures/Items/basura.png
11:45:28.139 [FXGL Background Thread 1 ] DEBUG FXGLAssetLoaderServi - Loading from file system: file:/C:/Users/User/Documents/GitHub/Sonic-rush/target/classes/assets/textures/Items/caucho.png
11:45:28.169 [FXGL Background Thread 1 ] INFO  FXGLApplication      - Game initialization took: 0,454 sec
11:45:28.314 [JavaFX Application Thread] DEBUG Input                - Clearing active input actions
11:45:28.324 [JavaFX Application Thread] DEBUG GameApplicationServi - Removing overlay from FXGLLoadingScene and adding to GameScene
11:45:28.324 [JavaFX Application Thread] DEBUG PrimaryStageWindow   - FXGLLoadingScene -> GameScene
11:45:28.575 [FXGL Background Thread 2 ] INFO  UpdaterService       - Your current version:  17.3
11:45:28.586 [FXGL Background Thread 2 ] INFO  UpdaterService       - Latest stable version: 21.1
11:45:30.609 [FXGL Background Thread 3 ] DEBUG Engine               - Logging environment variables
11:45:30.609 [FXGL Background Thread 3 ] DEBUG Engine               - achievements: []
11:45:30.610 [FXGL Background Thread 3 ] DEBUG Engine               - actualHeight: 500.0
11:45:30.610 [FXGL Background Thread 3 ] DEBUG Engine               - actualHeightProperty: ReadOnlyDoubleProperty [value: 500.0]
11:45:30.610 [FXGL Background Thread 3 ] DEBUG Engine               - actualWidth: 800.0
11:45:30.610 [FXGL Background Thread 3 ] DEBUG Engine               - actualWidthProperty: ReadOnlyDoubleProperty [value: 800.0]
11:45:30.610 [FXGL Background Thread 3 ] DEBUG Engine               - appIcon: fxgl_icon.png
11:45:30.611 [FXGL Background Thread 3 ] DEBUG Engine               - applicationMode: DEVELOPER
11:45:30.611 [FXGL Background Thread 3 ] DEBUG Engine               - cSSList: [fxgl_dark.css]
11:45:30.611 [FXGL Background Thread 3 ] DEBUG Engine               - collisionDetectionStrategy: BRUTE_FORCE
11:45:30.611 [FXGL Background Thread 3 ] DEBUG Engine               - configClass: Optional.empty
11:45:30.611 [FXGL Background Thread 3 ] DEBUG Engine               - credits: []
11:45:30.611 [FXGL Background Thread 3 ] DEBUG Engine               - defaultCursor: CursorInfo(imageName=fxgl_default_cursor.png, hotspotX=7.0, hotspotY=6.0)
11:45:30.611 [FXGL Background Thread 3 ] DEBUG Engine               - devBBoxColorProperty: ObjectProperty [value: 0xff0000ff]
11:45:30.611 [FXGL Background Thread 3 ] DEBUG Engine               - devEnableDebugCameraProperty: BooleanProperty [value: false]
11:45:30.612 [FXGL Background Thread 3 ] DEBUG Engine               - devSensorColorProperty: ObjectProperty [value: 0xffff00ff]
11:45:30.612 [FXGL Background Thread 3 ] DEBUG Engine               - devShowBBoxProperty: BooleanProperty [value: false]
11:45:30.612 [FXGL Background Thread 3 ] DEBUG Engine               - devShowPositionProperty: BooleanProperty [value: false]
11:45:30.612 [FXGL Background Thread 3 ] DEBUG Engine               - enabledMenuItems: []
11:45:30.612 [FXGL Background Thread 3 ] DEBUG Engine               - engineServices: [class com.almasb.fxgl.app.services.FXGLAssetLoaderService, class com.almasb.fxgl.app.FXGLApplication$GameApplicationService, class com.almasb.fxgl.app.services.FXGLDialogService, class com.almasb.fxgl.app.services.IOTaskExecutorService, class com.almasb.fxgl.io.FileSystemService, class com.almasb.fxgl.localization.LocalizationService, class com.almasb.fxgl.app.services.SystemBundleService, class com.almasb.fxgl.profile.SaveLoadService, class com.almasb.fxgl.ui.FXGLUIFactoryServiceProvider, class com.almasb.fxgl.ui.FXGLDialogFactoryServiceProvider, class com.almasb.fxgl.audio.AudioPlayer, class com.almasb.fxgl.notification.impl.NotificationServiceProvider, class com.almasb.fxgl.achievement.AchievementService, class com.almasb.fxgl.cutscene.CutsceneService, class com.almasb.fxgl.minigames.MiniGameService, class com.almasb.fxgl.net.NetService, class com.almasb.fxgl.app.services.UpdaterService, class com.almasb.fxgl.dev.DevService, class com.almasb.fxgl.multiplayer.MultiplayerService]
11:45:30.612 [FXGL Background Thread 3 ] DEBUG Engine               - fontGame: Abel-Regular.ttf
11:45:30.612 [FXGL Background Thread 3 ] DEBUG Engine               - fontMono: TerminalLandMono-Regular.otf
11:45:30.612 [FXGL Background Thread 3 ] DEBUG Engine               - fontSizeScaleUI: 1.0
11:45:30.612 [FXGL Background Thread 3 ] DEBUG Engine               - fontText: Courier-Prime.ttf
11:45:30.612 [FXGL Background Thread 3 ] DEBUG Engine               - fontUI: VarelaRound-Regular.ttf
11:45:30.612 [FXGL Background Thread 3 ] DEBUG Engine               - fullScreen: BooleanProperty [value: false]
11:45:30.613 [FXGL Background Thread 3 ] DEBUG Engine               - gameDifficulty: MEDIUM
11:45:30.613 [FXGL Background Thread 3 ] DEBUG Engine               - gameDifficultyProperty: ObjectProperty [value: MEDIUM]
11:45:30.613 [FXGL Background Thread 3 ] DEBUG Engine               - globalMusicVolume: 0.5
11:45:30.613 [FXGL Background Thread 3 ] DEBUG Engine               - globalMusicVolumeProperty: DoubleProperty [value: 0.5]
11:45:30.613 [FXGL Background Thread 3 ] DEBUG Engine               - globalSoundVolume: 0.5
11:45:30.621 [FXGL Background Thread 3 ] DEBUG Engine               - globalSoundVolumeProperty: DoubleProperty [value: 0.5]
11:45:30.621 [FXGL Background Thread 3 ] DEBUG Engine               - height: 500
11:45:30.621 [FXGL Background Thread 3 ] DEBUG Engine               - is3D: false
11:45:30.621 [FXGL Background Thread 3 ] DEBUG Engine               - isAndroid: false
11:45:30.621 [FXGL Background Thread 3 ] DEBUG Engine               - isBrowser: false
11:45:30.621 [FXGL Background Thread 3 ] DEBUG Engine               - isClickFeedbackEnabled: false
11:45:30.621 [FXGL Background Thread 3 ] DEBUG Engine               - isCloseConfirmation: false
11:45:30.621 [FXGL Background Thread 3 ] DEBUG Engine               - isDesktop: true
11:45:30.621 [FXGL Background Thread 3 ] DEBUG Engine               - isDeveloperMenuEnabled: false
11:45:30.621 [FXGL Background Thread 3 ] DEBUG Engine               - isEmbedded: false
11:45:30.621 [FXGL Background Thread 3 ] DEBUG Engine               - isEntityPreloadEnabled: true
11:45:30.621 [FXGL Background Thread 3 ] DEBUG Engine               - isExperimentalTiledLargeMap: false
11:45:30.621 [FXGL Background Thread 3 ] DEBUG Engine               - isFileSystemWriteAllowed: true
11:45:30.622 [FXGL Background Thread 3 ] DEBUG Engine               - isFullScreenAllowed: false
11:45:30.622 [FXGL Background Thread 3 ] DEBUG Engine               - isFullScreenFromStart: false
11:45:30.622 [FXGL Background Thread 3 ] DEBUG Engine               - isGameMenuEnabled: true
11:45:30.622 [FXGL Background Thread 3 ] DEBUG Engine               - isIOS: false
11:45:30.622 [FXGL Background Thread 3 ] DEBUG Engine               - isIntroEnabled: false
11:45:30.622 [FXGL Background Thread 3 ] DEBUG Engine               - isLinux: false
11:45:30.622 [FXGL Background Thread 3 ] DEBUG Engine               - isMac: false
11:45:30.622 [FXGL Background Thread 3 ] DEBUG Engine               - isMainMenuEnabled: false
11:45:30.622 [FXGL Background Thread 3 ] DEBUG Engine               - isManualResizeEnabled: false
11:45:30.622 [FXGL Background Thread 3 ] DEBUG Engine               - isMobile: false
11:45:30.622 [FXGL Background Thread 3 ] DEBUG Engine               - isNative: false
11:45:30.622 [FXGL Background Thread 3 ] DEBUG Engine               - isPauseMusicWhenMinimized: true
11:45:30.622 [FXGL Background Thread 3 ] DEBUG Engine               - isPreserveResizeRatio: false
11:45:30.622 [FXGL Background Thread 3 ] DEBUG Engine               - isProfilingEnabled: false
11:45:30.622 [FXGL Background Thread 3 ] DEBUG Engine               - isScaleAffectedOnResize: true
11:45:30.622 [FXGL Background Thread 3 ] DEBUG Engine               - isSingleStep: false
11:45:30.622 [FXGL Background Thread 3 ] DEBUG Engine               - isUserProfileEnabled: false
11:45:30.622 [FXGL Background Thread 3 ] DEBUG Engine               - isWindows: true
11:45:30.622 [FXGL Background Thread 3 ] DEBUG Engine               - language: ObjectProperty [value: ENGLISH]
11:45:30.622 [FXGL Background Thread 3 ] DEBUG Engine               - menuKey: ESCAPE
11:45:30.622 [FXGL Background Thread 3 ] DEBUG Engine               - mouseSensitivity: 0.2
11:45:30.622 [FXGL Background Thread 3 ] DEBUG Engine               - notificationViewClass: class com.almasb.fxgl.notification.view.XboxNotificationView
11:45:30.622 [FXGL Background Thread 3 ] DEBUG Engine               - pixelsPerMeter: 50.0
11:45:30.622 [FXGL Background Thread 3 ] DEBUG Engine               - platform: WINDOWS
11:45:30.622 [FXGL Background Thread 3 ] DEBUG Engine               - prefHeightProperty: ReadOnlyDoubleProperty [value: 500.0]
11:45:30.623 [FXGL Background Thread 3 ] DEBUG Engine               - prefWidthProperty: ReadOnlyDoubleProperty [value: 800.0]
11:45:30.623 [FXGL Background Thread 3 ] DEBUG Engine               - profileDir: profiles/
11:45:30.623 [FXGL Background Thread 3 ] DEBUG Engine               - profileName: StringProperty [value: DEFAULT]
11:45:30.623 [FXGL Background Thread 3 ] DEBUG Engine               - randomSeed: -1
11:45:30.623 [FXGL Background Thread 3 ] DEBUG Engine               - runtimeInfo: RuntimeInfo(platform=WINDOWS, version=17.3, build=30.03.2023 11.49)
11:45:30.623 [FXGL Background Thread 3 ] DEBUG Engine               - saveFileExt: sav
11:45:30.623 [FXGL Background Thread 3 ] DEBUG Engine               - scaledHeightProp$fxgl: DoubleProperty [bound, value: 500.0]
11:45:30.623 [FXGL Background Thread 3 ] DEBUG Engine               - scaledWidthProp$fxgl: DoubleProperty [bound, value: 800.0]
11:45:30.623 [FXGL Background Thread 3 ] DEBUG Engine               - sceneFactory: com.almasb.fxgl.app.scene.SceneFactory@73287aab
11:45:30.626 [FXGL Background Thread 3 ] DEBUG Engine               - secondsIn24h: 60
11:45:30.627 [FXGL Background Thread 3 ] DEBUG Engine               - soundMenuBack: menu/back.wav
11:45:30.627 [FXGL Background Thread 3 ] DEBUG Engine               - soundMenuPress: menu/press.wav
11:45:30.627 [FXGL Background Thread 3 ] DEBUG Engine               - soundMenuSelect: menu/select.wav
11:45:30.627 [FXGL Background Thread 3 ] DEBUG Engine               - soundNotification: core/notification.wav
11:45:30.627 [FXGL Background Thread 3 ] DEBUG Engine               - stageStyle: DECORATED
11:45:30.628 [FXGL Background Thread 3 ] DEBUG Engine               - supportedLanguages: [ENGLISH, FRENCH, GERMAN, HUNGARIAN, RUSSIAN]
11:45:30.628 [FXGL Background Thread 3 ] DEBUG Engine               - ticksPerSecond: -1
11:45:30.628 [FXGL Background Thread 3 ] DEBUG Engine               - title: Server
11:45:30.628 [FXGL Background Thread 3 ] DEBUG Engine               - urlGithub: https://github.com/AlmasB/FXGL
11:45:30.628 [FXGL Background Thread 3 ] DEBUG Engine               - urlLeaderboard: http://fxgl-top.herokuapp.com/
11:45:30.628 [FXGL Background Thread 3 ] DEBUG Engine               - urlPOM: https://raw.githubusercontent.com/AlmasB/FXGL/release/README.md
11:45:30.628 [FXGL Background Thread 3 ] DEBUG Engine               - userAppClass: class Runner.ServerRunner
11:45:30.629 [FXGL Background Thread 3 ] DEBUG Engine               - version: 0.0
11:45:30.629 [FXGL Background Thread 3 ] DEBUG Engine               - versionCheckDays: 7
11:45:30.629 [FXGL Background Thread 3 ] DEBUG Engine               - width: 800
11:45:30.629 [FXGL Background Thread 3 ] DEBUG Engine               - Logging services
11:45:30.629 [FXGL Background Thread 3 ] DEBUG Engine               - class com.almasb.fxgl.app.services.FXGLAssetLoaderService
11:45:30.629 [FXGL Background Thread 3 ] DEBUG Engine               - class com.almasb.fxgl.app.FXGLApplication$GameApplicationService
11:45:30.629 [FXGL Background Thread 3 ] DEBUG Engine               - class com.almasb.fxgl.app.services.FXGLDialogService
11:45:30.629 [FXGL Background Thread 3 ] DEBUG Engine               - class com.almasb.fxgl.app.services.IOTaskExecutorService
11:45:30.629 [FXGL Background Thread 3 ] DEBUG Engine               - class com.almasb.fxgl.io.FileSystemService
11:45:30.629 [FXGL Background Thread 3 ] DEBUG Engine               - class com.almasb.fxgl.localization.LocalizationService
11:45:30.629 [FXGL Background Thread 3 ] DEBUG Engine               - class com.almasb.fxgl.app.services.SystemBundleService
11:45:30.629 [FXGL Background Thread 3 ] DEBUG Engine               - class com.almasb.fxgl.profile.SaveLoadService
11:45:30.629 [FXGL Background Thread 3 ] DEBUG Engine               - class com.almasb.fxgl.ui.FXGLUIFactoryServiceProvider
11:45:30.629 [FXGL Background Thread 3 ] DEBUG Engine               - class com.almasb.fxgl.ui.FXGLDialogFactoryServiceProvider
11:45:30.630 [FXGL Background Thread 3 ] DEBUG Engine               - class com.almasb.fxgl.audio.AudioPlayer
11:45:30.630 [FXGL Background Thread 3 ] DEBUG Engine               - class com.almasb.fxgl.notification.impl.NotificationServiceProvider
11:45:30.630 [FXGL Background Thread 3 ] DEBUG Engine               - class com.almasb.fxgl.achievement.AchievementService
11:45:30.630 [FXGL Background Thread 3 ] DEBUG Engine               - class com.almasb.fxgl.cutscene.CutsceneService
11:45:30.630 [FXGL Background Thread 3 ] DEBUG Engine               - class com.almasb.fxgl.minigames.MiniGameService
11:45:30.630 [FXGL Background Thread 3 ] DEBUG Engine               - class com.almasb.fxgl.net.NetService
11:45:30.635 [FXGL Background Thread 3 ] DEBUG Engine               - class com.almasb.fxgl.app.services.UpdaterService
11:45:30.636 [FXGL Background Thread 3 ] DEBUG Engine               - class com.almasb.fxgl.dev.DevService
11:45:30.638 [FXGL Background Thread 3 ] DEBUG Engine               - class com.almasb.fxgl.multiplayer.MultiplayerService
11:45:34.076 [JavaFX Application Thread] DEBUG LoopRunner           - Pausing loop
11:45:37.167 [ServerAsyncConnThread    ] DEBUG Endpoint             - TCPServer opening new connection (1) from /192.168.88.254:56703 type: class com.almasb.fxgl.core.serialization.Bundle
11:45:37.168 [ServerAsyncConnThread    ] DEBUG Endpoint             - TCPServer successfully opened connection (1)
11:45:37.176 [TCPServer_RecvThread-1   ] DEBUG Readers              - Getting TCPMessageReader for class com.almasb.fxgl.core.serialization.Bundle
11:45:37.177 [TCPServer_SendThread-1   ] DEBUG Writers              - Getting TCPMessageWriter for class com.almasb.fxgl.core.serialization.Bundle
11:45:37.178 [TCPServer_SendThread-1   ] DEBUG Writers              - Constructed TCPMessageWriter for class com.almasb.fxgl.core.serialization.Bundle: BundleTCPMessageWriter
11:46:26.237 [JavaFX Application Thread] DEBUG FXGLAssetLoaderServi - Loading from file system: file:/C:/Users/User/Documents/GitHub/Sonic-rush/target/classes/assets/textures/Enemigos/eggman2.png
11:47:21.579 [JavaFX Application Thread] DEBUG LoopRunner           - Resuming loop
11:47:21.614 [TCPServer_RecvThread-1   ] DEBUG Endpoint             - Connection 1 was unexpectedly disconnected: Connection reset
11:47:21.614 [TCPServer_RecvThread-1   ] DEBUG Connection           - Closing connection 1
11:47:21.614 [TCPServer_RecvThread-1   ] DEBUG Connection           - Connection 1 was correctly closed from local endpoint.
11:47:21.614 [TCPServer_RecvThread-1   ] DEBUG Endpoint             - TCPServer connection (1) was closed
11:47:22.528 [JavaFX Application Thread] DEBUG FXGLApplication      - Exiting FXGL
11:47:22.528 [JavaFX Application Thread] DEBUG LoopRunner           - Stopping loop
11:47:22.528 [JavaFX Application Thread] DEBUG SystemBundleService  - Saving FXGL system data
11:47:22.529 [JavaFX Application Thread] DEBUG FileSystemAccess     - Writing to: C:\Users\User\Documents\GitHub\Sonic-rush\system\fxgl.bundle
11:47:22.530 [JavaFX Application Thread] DEBUG Async                - Shutting down background threads
11:47:22.530 [JavaFX Application Thread] DEBUG PrimaryStageWindow   - Closing main window
11:47:22.536 [JavaFX Application Thread] DEBUG Logger               - Closing Logger
