03:46:32.652 [main                     ] DEBUG Logger               - Configured Logger
03:46:32.683 [main                     ] DEBUG GameApplication      - Logging settings
Title: Server
Version: 0.0
Width: 800
Height: 500
Fullscreen: false
Intro: false
Profiling: false
Single step:false
App Mode: DEVELOPER
Menu Key: ESCAPE
Stage Style: DECORATED
Scene Factory: class com.almasb.fxgl.app.scene.SceneFactory

03:46:33.238 [JavaFX Application Thread] DEBUG FXGLApplication      - Initializing FXGL
03:46:33.243 [JavaFX Application Thread] INFO  Engine               - FXGL-17.3 (30.03.2023 11.49) on WINDOWS (J:21.0.2 FX:20)
03:46:33.244 [JavaFX Application Thread] DEBUG Engine               - JRE Vendor Name: Oracle Corporation
03:46:33.244 [JavaFX Application Thread] DEBUG Engine               - Running on OS: Windows 10 version 10.0
03:46:33.245 [JavaFX Application Thread] DEBUG Engine               - Architecture: amd64
03:46:33.245 [JavaFX Application Thread] INFO  Engine               - Source code and latest versions at: https://github.com/AlmasB/FXGL
03:46:33.245 [JavaFX Application Thread] INFO  Engine               -       Ask questions and discuss at: https://github.com/AlmasB/FXGL/discussions
03:46:33.245 [JavaFX Application Thread] INFO  Engine               -              Join the FXGL chat at: https://gitter.im/AlmasB/FXGL
03:46:33.402 [JavaFX Application Thread] DEBUG PrimaryStageWindow   - Creating a JavaFX scene
03:46:33.467 [JavaFX Application Thread] DEBUG PrimaryStageWindow   - Target settings size: 800.0 x 500.0
03:46:33.468 [JavaFX Application Thread] DEBUG PrimaryStageWindow   - Scaled scene size:    800.0 x 500.0
03:46:33.468 [JavaFX Application Thread] DEBUG PrimaryStageWindow   - Scaled ratio: (1.0, 1.0)
03:46:33.469 [JavaFX Application Thread] DEBUG PrimaryStageWindow   - Set initial scene to FXGLStartupScene
03:46:33.473 [JavaFX Application Thread] DEBUG PrimaryStageWindow   - Opening main window
03:46:33.726 [JavaFX Application Thread] DEBUG PrimaryStageWindow   - Window border size: (16.0, 39.0)
03:46:33.728 [JavaFX Application Thread] DEBUG PrimaryStageWindow   - Scaled size: 800.0 x 500.0
03:46:33.732 [JavaFX Application Thread] DEBUG PrimaryStageWindow   - Scaled ratio: (1.0, 1.0)
03:46:33.733 [JavaFX Application Thread] DEBUG PrimaryStageWindow   - Scene size: 800.0 x 500.0
03:46:33.734 [JavaFX Application Thread] DEBUG PrimaryStageWindow   - Stage size: 816.0 x 539.0
03:46:33.798 [FXGL Background Thread 1 ] DEBUG Engine               - Initializing environment variables
03:46:33.931 [FXGL Background Thread 1 ] DEBUG FXGLAssetLoaderServi - User app class for loading assets: class Runner.ServerRunner
03:46:33.931 [FXGL Background Thread 1 ] DEBUG GameApplicationServi - Applying CSS: fxgl_dark.css
03:46:33.933 [FXGL Background Thread 1 ] DEBUG FXGLAssetLoaderServi - Loading from file system: jar:file:/C:/Users/User/.m2/repository/com/github/almasb/fxgl/17.3/fxgl-17.3.jar!/fxglassets/ui/css/fxgl_dark.css
03:46:33.995 [FXGL Background Thread 1 ] DEBUG GameApplicationServi - Initializing application scenes
03:46:34.206 [FXGL Background Thread 1 ] DEBUG GameWorld            - Game world initialized
03:46:34.531 [FXGL Background Thread 1 ] DEBUG PhysicsWorld         - Physics world initialized: appHeight=500, physics.ppm=50,0
03:46:34.532 [FXGL Background Thread 1 ] DEBUG PhysicsWorld         - Using strategy: BRUTE_FORCE
03:46:34.540 [FXGL Background Thread 1 ] DEBUG GameScene            - Game scene initialized: 800x500
03:46:34.558 [FXGL Background Thread 1 ] WARN  FXGL.DefaultMenu     - FXGLDefaultMenu is not designed for resolutions < 800x600
03:46:34.561 [FXGL Background Thread 1 ] DEBUG FXGL.DefaultMenu     - createMenuBodyGameMenu()
03:46:34.582 [FXGL Background Thread 1 ] DEBUG FXGL.DefaultMenu     - createOptionsMenu()
03:46:34.594 [FXGL Background Thread 1 ] DEBUG FXGLAssetLoaderServi - Loading from file system: jar:file:/C:/Users/User/.m2/repository/com/github/almasb/fxgl/17.3/fxgl-17.3.jar!/fxglassets/textures/particles/smoke.png
03:46:34.706 [FXGL Background Thread 1 ] DEBUG FXGLAssetLoaderServi - Loading from file system: jar:file:/C:/Users/User/.m2/repository/com/github/almasb/fxgl/17.3/fxgl-17.3.jar!/fxglassets/textures/particles/trace_horizontal.png
03:46:34.734 [FXGL Background Thread 1 ] DEBUG GameApplicationServi - Application scenes initialized
03:46:34.749 [FXGL Background Thread 1 ] DEBUG SystemBundleService  - Loading FXGL system data
03:46:34.753 [FXGL Background Thread 1 ] DEBUG FileSystemAccess     - Reading from: C:\Users\User\Documents\Millan.Luis\UNEG\Semestre IV\Tecnicas de Prog. III\Sonic-rush\system\fxgl.bundle
03:46:34.763 [FXGL Background Thread 1 ] DEBUG SystemBundleService  - Bundle FXGL: {}
03:46:34.763 [FXGL Background Thread 1 ] DEBUG UpdaterService       - Checking for updates
03:46:34.769 [FXGL Background Thread 1 ] DEBUG FXGLApplication      - Loading default localization
03:46:34.769 [FXGL Background Thread 1 ] DEBUG FXGLAssetLoaderServi - Loading from file system: jar:file:/C:/Users/User/.m2/repository/com/github/almasb/fxgl/17.3/fxgl-17.3.jar!/fxglassets/languages/english.lang
03:46:34.776 [FXGL Background Thread 4 ] DEBUG FXGLApplication      - Loading fonts
03:46:34.776 [FXGL Background Thread 4 ] DEBUG FXGLAssetLoaderServi - Loading from file system: jar:file:/C:/Users/User/.m2/repository/com/github/almasb/fxgl/17.3/fxgl-17.3.jar!/fxglassets/ui/fonts/VarelaRound-Regular.ttf
03:46:34.790 [FXGL Background Thread 1 ] INFO  FXGLApplication      - FXGL initialization took: 0,993 sec
03:46:34.793 [JavaFX Application Thread] DEBUG FXGLAssetLoaderServi - Loading from file system: jar:file:/C:/Users/User/.m2/repository/com/github/almasb/fxgl/17.3/fxgl-17.3.jar!/fxglassets/textures/fxgl_icon.png
03:46:34.810 [JavaFX Application Thread] DEBUG FXGLAssetLoaderServi - Loading from file system: jar:file:/C:/Users/User/.m2/repository/com/github/almasb/fxgl/17.3/fxgl-17.3.jar!/fxglassets/textures/fxgl_default_cursor.png
03:46:34.821 [JavaFX Application Thread] DEBUG Input                - Registered new binding: Screenshot - CTRL+8
03:46:34.822 [JavaFX Application Thread] DEBUG Input                - Registered new binding: System info dump - CTRL+9
03:46:34.822 [JavaFX Application Thread] DEBUG Input                - Registered new binding: Restart - CTRL+R
03:46:34.823 [JavaFX Application Thread] DEBUG Input                - Registered new binding: Toggle Debug Camera - CTRL+7
03:46:34.825 [JavaFX Application Thread] DEBUG LoopRunner           - Starting loop
03:46:34.825 [JavaFX Application Thread] DEBUG LoopRunner           - Initializing JavaFX AnimationTimerLoop
03:46:34.828 [JavaFX Application Thread] DEBUG GameApplicationServi - Starting new game
03:46:34.828 [JavaFX Application Thread] DEBUG Input                - Clearing active input actions
03:46:34.838 [JavaFX Application Thread] DEBUG GameApplicationServi - Removing overlay from FXGLStartupScene and adding to FXGLLoadingScene
03:46:34.839 [JavaFX Application Thread] DEBUG PrimaryStageWindow   - FXGLStartupScene -> FXGLLoadingScene
03:46:34.839 [JavaFX Application Thread] DEBUG GameApplicationServi - Clearing previous game
03:46:34.839 [JavaFX Application Thread] DEBUG GameScene            - Clearing game scene
03:46:34.839 [JavaFX Application Thread] DEBUG GameWorld            - Clearing game world
03:46:34.839 [JavaFX Application Thread] DEBUG PhysicsWorld         - Clearing physics world
03:46:34.840 [FXGL Background Thread 1 ] DEBUG FXGLApplication      - Initializing game
03:46:34.851 [ServerAsyncConnThread    ] DEBUG TCPServer            - Starting to listen at: 55555 type: class com.almasb.fxgl.core.serialization.Bundle
03:46:35.077 [FXGL Background Thread 4 ] DEBUG FXGLAssetLoaderServi - Loading from file system: jar:file:/C:/Users/User/.m2/repository/com/github/almasb/fxgl/17.3/fxgl-17.3.jar!/fxglassets/ui/fonts/Abel-Regular.ttf
03:46:35.117 [FXGL Background Thread 4 ] DEBUG FXGLAssetLoaderServi - Loading from file system: jar:file:/C:/Users/User/.m2/repository/com/github/almasb/fxgl/17.3/fxgl-17.3.jar!/fxglassets/ui/fonts/TerminalLandMono-Regular.otf
03:46:35.120 [FXGL Background Thread 4 ] DEBUG FXGLAssetLoaderServi - Loading from file system: jar:file:/C:/Users/User/.m2/repository/com/github/almasb/fxgl/17.3/fxgl-17.3.jar!/fxglassets/ui/fonts/Courier-Prime.ttf
03:46:35.273 [JavaFX Application Thread] DEBUG FXGLApplication      - Registering font factories with UI factory
03:46:35.841 [FXGL Background Thread 1 ] DEBUG TMXLevelLoader       - Parsed TiledMap: file:/C:/Users/User/Documents/Millan.Luis/UNEG/Semestre%20IV/Tecnicas%20de%20Prog.%20III/Sonic-rush/target/classes/assets/levels/mapazo.tmx
03:46:35.842 [FXGL Background Thread 1 ] DEBUG TMXLevelLoader       - Creating tile layer entities
03:46:35.844 [FXGL Background Thread 1 ] DEBUG TilesetLoader        - Loading view for layer Capa de patrones 1
03:46:35.850 [FXGL Background Thread 1 ] DEBUG TilesetLoader        - Created buffer with size 3840.0x720.0
03:46:35.887 [FXGL Background Thread 2 ] INFO  UpdaterService       - Your current version:  17.3
03:46:35.889 [FXGL Background Thread 2 ] INFO  UpdaterService       - Latest stable version: 21.1
03:46:35.987 [FXGL Background Thread 1 ] DEBUG TMXLevelLoader       - Creating object layer entities
03:46:36.025 [FXGL Background Thread 1 ] DEBUG GameWorld            - Clearing removable entities
03:46:36.026 [FXGL Background Thread 1 ] DEBUG GameWorld            - Setting level: com.almasb.fxgl.entity.level.Level@29d9c0c5
03:46:36.241 [FXGL Background Thread 1 ] DEBUG FXGLAssetLoaderServi - Loading from file system: file:/C:/Users/User/Documents/Millan.Luis/UNEG/Semestre%20IV/Tecnicas%20de%20Prog.%20III/Sonic-rush/target/classes/assets/textures/Items/ring.png
03:46:36.450 [FXGL Background Thread 1 ] DEBUG FXGLAssetLoaderServi - Loading from file system: file:/C:/Users/User/Documents/Millan.Luis/UNEG/Semestre%20IV/Tecnicas%20de%20Prog.%20III/Sonic-rush/target/classes/assets/textures/Enemigos/enemigo.png
03:46:37.767 [FXGL Background Thread 3 ] DEBUG Engine               - Logging environment variables
03:46:37.769 [FXGL Background Thread 3 ] DEBUG Engine               - achievements: []
03:46:37.769 [FXGL Background Thread 3 ] DEBUG Engine               - actualHeight: 500.0
03:46:37.769 [FXGL Background Thread 3 ] DEBUG Engine               - actualHeightProperty: ReadOnlyDoubleProperty [value: 500.0]
03:46:37.769 [FXGL Background Thread 3 ] DEBUG Engine               - actualWidth: 800.0
03:46:37.769 [FXGL Background Thread 3 ] DEBUG Engine               - actualWidthProperty: ReadOnlyDoubleProperty [value: 800.0]
03:46:37.769 [FXGL Background Thread 3 ] DEBUG Engine               - appIcon: fxgl_icon.png
03:46:37.769 [FXGL Background Thread 3 ] DEBUG Engine               - applicationMode: DEVELOPER
03:46:37.770 [FXGL Background Thread 3 ] DEBUG Engine               - cSSList: [fxgl_dark.css]
03:46:37.770 [FXGL Background Thread 3 ] DEBUG Engine               - collisionDetectionStrategy: BRUTE_FORCE
03:46:37.770 [FXGL Background Thread 3 ] DEBUG Engine               - configClass: Optional.empty
03:46:37.770 [FXGL Background Thread 3 ] DEBUG Engine               - credits: []
03:46:37.771 [FXGL Background Thread 3 ] DEBUG Engine               - defaultCursor: CursorInfo(imageName=fxgl_default_cursor.png, hotspotX=7.0, hotspotY=6.0)
03:46:37.771 [FXGL Background Thread 3 ] DEBUG Engine               - devBBoxColorProperty: ObjectProperty [value: 0xff0000ff]
03:46:37.771 [FXGL Background Thread 3 ] DEBUG Engine               - devEnableDebugCameraProperty: BooleanProperty [value: false]
03:46:37.771 [FXGL Background Thread 3 ] DEBUG Engine               - devSensorColorProperty: ObjectProperty [value: 0xffff00ff]
03:46:37.772 [FXGL Background Thread 3 ] DEBUG Engine               - devShowBBoxProperty: BooleanProperty [value: false]
03:46:37.772 [FXGL Background Thread 3 ] DEBUG Engine               - devShowPositionProperty: BooleanProperty [value: false]
03:46:37.772 [FXGL Background Thread 3 ] DEBUG Engine               - enabledMenuItems: []
03:46:37.772 [FXGL Background Thread 3 ] DEBUG Engine               - engineServices: [class com.almasb.fxgl.app.services.FXGLAssetLoaderService, class com.almasb.fxgl.app.FXGLApplication$GameApplicationService, class com.almasb.fxgl.app.services.FXGLDialogService, class com.almasb.fxgl.app.services.IOTaskExecutorService, class com.almasb.fxgl.io.FileSystemService, class com.almasb.fxgl.localization.LocalizationService, class com.almasb.fxgl.app.services.SystemBundleService, class com.almasb.fxgl.profile.SaveLoadService, class com.almasb.fxgl.ui.FXGLUIFactoryServiceProvider, class com.almasb.fxgl.ui.FXGLDialogFactoryServiceProvider, class com.almasb.fxgl.audio.AudioPlayer, class com.almasb.fxgl.notification.impl.NotificationServiceProvider, class com.almasb.fxgl.achievement.AchievementService, class com.almasb.fxgl.cutscene.CutsceneService, class com.almasb.fxgl.minigames.MiniGameService, class com.almasb.fxgl.net.NetService, class com.almasb.fxgl.app.services.UpdaterService, class com.almasb.fxgl.dev.DevService, class com.almasb.fxgl.multiplayer.MultiplayerService]
03:46:37.772 [FXGL Background Thread 3 ] DEBUG Engine               - fontGame: Abel-Regular.ttf
03:46:37.772 [FXGL Background Thread 3 ] DEBUG Engine               - fontMono: TerminalLandMono-Regular.otf
03:46:37.772 [FXGL Background Thread 3 ] DEBUG Engine               - fontSizeScaleUI: 1.0
03:46:37.772 [FXGL Background Thread 3 ] DEBUG Engine               - fontText: Courier-Prime.ttf
03:46:37.772 [FXGL Background Thread 3 ] DEBUG Engine               - fontUI: VarelaRound-Regular.ttf
03:46:37.772 [FXGL Background Thread 3 ] DEBUG Engine               - fullScreen: BooleanProperty [value: false]
03:46:37.773 [FXGL Background Thread 3 ] DEBUG Engine               - gameDifficulty: MEDIUM
03:46:37.773 [FXGL Background Thread 3 ] DEBUG Engine               - gameDifficultyProperty: ObjectProperty [value: MEDIUM]
03:46:37.773 [FXGL Background Thread 3 ] DEBUG Engine               - globalMusicVolume: 0.5
03:46:37.773 [FXGL Background Thread 3 ] DEBUG Engine               - globalMusicVolumeProperty: DoubleProperty [value: 0.5]
03:46:37.773 [FXGL Background Thread 3 ] DEBUG Engine               - globalSoundVolume: 0.5
03:46:37.773 [FXGL Background Thread 3 ] DEBUG Engine               - globalSoundVolumeProperty: DoubleProperty [value: 0.5]
03:46:37.773 [FXGL Background Thread 3 ] DEBUG Engine               - height: 500
03:46:37.773 [FXGL Background Thread 3 ] DEBUG Engine               - is3D: false
03:46:37.774 [FXGL Background Thread 3 ] DEBUG Engine               - isAndroid: false
03:46:37.774 [FXGL Background Thread 3 ] DEBUG Engine               - isBrowser: false
03:46:37.774 [FXGL Background Thread 3 ] DEBUG Engine               - isClickFeedbackEnabled: false
03:46:37.774 [FXGL Background Thread 3 ] DEBUG Engine               - isCloseConfirmation: false
03:46:37.774 [FXGL Background Thread 3 ] DEBUG Engine               - isDesktop: true
03:46:37.774 [FXGL Background Thread 3 ] DEBUG Engine               - isDeveloperMenuEnabled: false
03:46:37.774 [FXGL Background Thread 3 ] DEBUG Engine               - isEmbedded: false
03:46:37.774 [FXGL Background Thread 3 ] DEBUG Engine               - isEntityPreloadEnabled: true
03:46:37.774 [FXGL Background Thread 3 ] DEBUG Engine               - isExperimentalTiledLargeMap: false
03:46:37.774 [FXGL Background Thread 3 ] DEBUG Engine               - isFileSystemWriteAllowed: true
03:46:37.775 [FXGL Background Thread 3 ] DEBUG Engine               - isFullScreenAllowed: false
03:46:37.775 [FXGL Background Thread 3 ] DEBUG Engine               - isFullScreenFromStart: false
03:46:37.775 [FXGL Background Thread 3 ] DEBUG Engine               - isGameMenuEnabled: true
03:46:37.775 [FXGL Background Thread 3 ] DEBUG Engine               - isIOS: false
03:46:37.775 [FXGL Background Thread 3 ] DEBUG Engine               - isIntroEnabled: false
03:46:37.775 [FXGL Background Thread 3 ] DEBUG Engine               - isLinux: false
03:46:37.775 [FXGL Background Thread 3 ] DEBUG Engine               - isMac: false
03:46:37.776 [FXGL Background Thread 3 ] DEBUG Engine               - isMainMenuEnabled: false
03:46:37.776 [FXGL Background Thread 3 ] DEBUG Engine               - isManualResizeEnabled: false
03:46:37.776 [FXGL Background Thread 3 ] DEBUG Engine               - isMobile: false
03:46:37.776 [FXGL Background Thread 3 ] DEBUG Engine               - isNative: false
03:46:37.776 [FXGL Background Thread 3 ] DEBUG Engine               - isPauseMusicWhenMinimized: true
03:46:37.776 [FXGL Background Thread 3 ] DEBUG Engine               - isPreserveResizeRatio: false
03:46:37.776 [FXGL Background Thread 3 ] DEBUG Engine               - isProfilingEnabled: false
03:46:37.776 [FXGL Background Thread 3 ] DEBUG Engine               - isScaleAffectedOnResize: true
03:46:37.776 [FXGL Background Thread 3 ] DEBUG Engine               - isSingleStep: false
03:46:37.776 [FXGL Background Thread 3 ] DEBUG Engine               - isUserProfileEnabled: false
03:46:37.776 [FXGL Background Thread 3 ] DEBUG Engine               - isWindows: true
03:46:37.777 [FXGL Background Thread 3 ] DEBUG Engine               - language: ObjectProperty [value: ENGLISH]
03:46:37.777 [FXGL Background Thread 3 ] DEBUG Engine               - menuKey: ESCAPE
03:46:37.777 [FXGL Background Thread 3 ] DEBUG Engine               - mouseSensitivity: 0.2
03:46:37.777 [FXGL Background Thread 3 ] DEBUG Engine               - notificationViewClass: class com.almasb.fxgl.notification.view.XboxNotificationView
03:46:37.777 [FXGL Background Thread 3 ] DEBUG Engine               - pixelsPerMeter: 50.0
03:46:37.777 [FXGL Background Thread 3 ] DEBUG Engine               - platform: WINDOWS
03:46:37.777 [FXGL Background Thread 3 ] DEBUG Engine               - prefHeightProperty: ReadOnlyDoubleProperty [value: 500.0]
03:46:37.777 [FXGL Background Thread 3 ] DEBUG Engine               - prefWidthProperty: ReadOnlyDoubleProperty [value: 800.0]
03:46:37.777 [FXGL Background Thread 3 ] DEBUG Engine               - profileDir: profiles/
03:46:37.778 [FXGL Background Thread 3 ] DEBUG Engine               - profileName: StringProperty [value: DEFAULT]
03:46:37.778 [FXGL Background Thread 3 ] DEBUG Engine               - randomSeed: -1
03:46:37.778 [FXGL Background Thread 3 ] DEBUG Engine               - runtimeInfo: RuntimeInfo(platform=WINDOWS, version=17.3, build=30.03.2023 11.49)
03:46:37.779 [FXGL Background Thread 3 ] DEBUG Engine               - saveFileExt: sav
03:46:37.779 [FXGL Background Thread 3 ] DEBUG Engine               - scaledHeightProp$fxgl: DoubleProperty [bound, value: 500.0]
03:46:37.779 [FXGL Background Thread 3 ] DEBUG Engine               - scaledWidthProp$fxgl: DoubleProperty [bound, value: 800.0]
03:46:37.779 [FXGL Background Thread 3 ] DEBUG Engine               - sceneFactory: com.almasb.fxgl.app.scene.SceneFactory@2cf79c16
03:46:37.779 [FXGL Background Thread 3 ] DEBUG Engine               - secondsIn24h: 60
03:46:37.779 [FXGL Background Thread 3 ] DEBUG Engine               - soundMenuBack: menu/back.wav
03:46:37.779 [FXGL Background Thread 3 ] DEBUG Engine               - soundMenuPress: menu/press.wav
03:46:37.779 [FXGL Background Thread 3 ] DEBUG Engine               - soundMenuSelect: menu/select.wav
03:46:37.780 [FXGL Background Thread 3 ] DEBUG Engine               - soundNotification: core/notification.wav
03:46:37.780 [FXGL Background Thread 3 ] DEBUG Engine               - stageStyle: DECORATED
03:46:37.780 [FXGL Background Thread 3 ] DEBUG Engine               - supportedLanguages: [ENGLISH, FRENCH, GERMAN, HUNGARIAN, RUSSIAN]
03:46:37.780 [FXGL Background Thread 3 ] DEBUG Engine               - ticksPerSecond: -1
03:46:37.780 [FXGL Background Thread 3 ] DEBUG Engine               - title: Server
03:46:37.780 [FXGL Background Thread 3 ] DEBUG Engine               - urlGithub: https://github.com/AlmasB/FXGL
03:46:37.780 [FXGL Background Thread 3 ] DEBUG Engine               - urlLeaderboard: http://fxgl-top.herokuapp.com/
03:46:37.780 [FXGL Background Thread 3 ] DEBUG Engine               - urlPOM: https://raw.githubusercontent.com/AlmasB/FXGL/release/README.md
03:46:37.780 [FXGL Background Thread 3 ] DEBUG Engine               - userAppClass: class Runner.ServerRunner
03:46:37.781 [FXGL Background Thread 3 ] DEBUG Engine               - version: 0.0
03:46:37.781 [FXGL Background Thread 3 ] DEBUG Engine               - versionCheckDays: 7
03:46:37.781 [FXGL Background Thread 3 ] DEBUG Engine               - width: 800
03:46:37.781 [FXGL Background Thread 3 ] DEBUG Engine               - Logging services
03:46:37.781 [FXGL Background Thread 3 ] DEBUG Engine               - class com.almasb.fxgl.app.services.FXGLAssetLoaderService
03:46:37.781 [FXGL Background Thread 3 ] DEBUG Engine               - class com.almasb.fxgl.app.FXGLApplication$GameApplicationService
03:46:37.781 [FXGL Background Thread 3 ] DEBUG Engine               - class com.almasb.fxgl.app.services.FXGLDialogService
03:46:37.781 [FXGL Background Thread 3 ] DEBUG Engine               - class com.almasb.fxgl.app.services.IOTaskExecutorService
03:46:37.781 [FXGL Background Thread 3 ] DEBUG Engine               - class com.almasb.fxgl.io.FileSystemService
03:46:37.781 [FXGL Background Thread 3 ] DEBUG Engine               - class com.almasb.fxgl.localization.LocalizationService
03:46:37.781 [FXGL Background Thread 3 ] DEBUG Engine               - class com.almasb.fxgl.app.services.SystemBundleService
03:46:37.782 [FXGL Background Thread 3 ] DEBUG Engine               - class com.almasb.fxgl.profile.SaveLoadService
03:46:37.782 [FXGL Background Thread 3 ] DEBUG Engine               - class com.almasb.fxgl.ui.FXGLUIFactoryServiceProvider
03:46:37.782 [FXGL Background Thread 3 ] DEBUG Engine               - class com.almasb.fxgl.ui.FXGLDialogFactoryServiceProvider
03:46:37.782 [FXGL Background Thread 3 ] DEBUG Engine               - class com.almasb.fxgl.audio.AudioPlayer
03:46:37.782 [FXGL Background Thread 3 ] DEBUG Engine               - class com.almasb.fxgl.notification.impl.NotificationServiceProvider
03:46:37.782 [FXGL Background Thread 3 ] DEBUG Engine               - class com.almasb.fxgl.achievement.AchievementService
03:46:37.782 [FXGL Background Thread 3 ] DEBUG Engine               - class com.almasb.fxgl.cutscene.CutsceneService
03:46:37.782 [FXGL Background Thread 3 ] DEBUG Engine               - class com.almasb.fxgl.minigames.MiniGameService
03:46:37.782 [FXGL Background Thread 3 ] DEBUG Engine               - class com.almasb.fxgl.net.NetService
03:46:37.782 [FXGL Background Thread 3 ] DEBUG Engine               - class com.almasb.fxgl.app.services.UpdaterService
03:46:37.782 [FXGL Background Thread 3 ] DEBUG Engine               - class com.almasb.fxgl.dev.DevService
03:46:37.782 [FXGL Background Thread 3 ] DEBUG Engine               - class com.almasb.fxgl.multiplayer.MultiplayerService
03:46:37.906 [FXGL Background Thread 1 ] DEBUG FXGLAssetLoaderServi - Loading from file system: file:/C:/Users/User/Documents/Millan.Luis/UNEG/Semestre%20IV/Tecnicas%20de%20Prog.%20III/Sonic-rush/target/classes/assets/textures/Items/basura.png
03:46:38.022 [FXGL Background Thread 1 ] DEBUG FXGLAssetLoaderServi - Loading from file system: file:/C:/Users/User/Documents/Millan.Luis/UNEG/Semestre%20IV/Tecnicas%20de%20Prog.%20III/Sonic-rush/target/classes/assets/textures/Items/papel.png
03:46:38.065 [FXGL Background Thread 1 ] DEBUG FXGLAssetLoaderServi - Loading from file system: file:/C:/Users/User/Documents/Millan.Luis/UNEG/Semestre%20IV/Tecnicas%20de%20Prog.%20III/Sonic-rush/target/classes/assets/textures/Items/caucho.png
03:46:38.192 [FXGL Background Thread 1 ] INFO  FXGLApplication      - Game initialization took: 3,352 sec
03:46:38.193 [JavaFX Application Thread] DEBUG Input                - Clearing active input actions
03:46:38.204 [JavaFX Application Thread] DEBUG GameApplicationServi - Removing overlay from FXGLLoadingScene and adding to GameScene
03:46:38.204 [JavaFX Application Thread] DEBUG PrimaryStageWindow   - FXGLLoadingScene -> GameScene
03:46:52.980 [JavaFX Application Thread] DEBUG FXGLApplication      - Exiting FXGL
03:46:52.980 [JavaFX Application Thread] DEBUG LoopRunner           - Stopping loop
03:46:52.980 [JavaFX Application Thread] DEBUG SystemBundleService  - Saving FXGL system data
03:46:52.983 [JavaFX Application Thread] DEBUG FileSystemAccess     - Writing to: C:\Users\User\Documents\Millan.Luis\UNEG\Semestre IV\Tecnicas de Prog. III\Sonic-rush\system\fxgl.bundle
03:46:52.985 [JavaFX Application Thread] DEBUG Async                - Shutting down background threads
03:46:52.986 [JavaFX Application Thread] DEBUG PrimaryStageWindow   - Closing main window
03:46:52.995 [JavaFX Application Thread] DEBUG Logger               - Closing Logger
