20:31:14.312 [main                     ] DEBUG Logger               - Configured Logger
20:31:14.350 [main                     ] DEBUG GameApplication      - Logging settings
Title: Server
Version: 0.0
Width: 800
Height: 500
Fullscreen: false
Intro: false
Profiling: false
Single step:false
App Mode: DEVELOPER
Menu Key: ESCAPE
Stage Style: DECORATED
Scene Factory: class com.almasb.fxgl.app.scene.SceneFactory

20:31:14.990 [JavaFX Application Thread] DEBUG FXGLApplication      - Initializing FXGL
20:31:14.999 [JavaFX Application Thread] INFO  Engine               - FXGL-17.3 (30.03.2023 11.49) on WINDOWS (J:17.0.12 FX:20)
20:31:15.000 [JavaFX Application Thread] DEBUG Engine               - JRE Vendor Name: Oracle Corporation
20:31:15.000 [JavaFX Application Thread] DEBUG Engine               - Running on OS: Windows 10 version 10.0
20:31:15.001 [JavaFX Application Thread] DEBUG Engine               - Architecture: amd64
20:31:15.001 [JavaFX Application Thread] INFO  Engine               - Source code and latest versions at: https://github.com/AlmasB/FXGL
20:31:15.002 [JavaFX Application Thread] INFO  Engine               -       Ask questions and discuss at: https://github.com/AlmasB/FXGL/discussions
20:31:15.002 [JavaFX Application Thread] INFO  Engine               -              Join the FXGL chat at: https://gitter.im/AlmasB/FXGL
20:31:15.230 [JavaFX Application Thread] DEBUG PrimaryStageWindow   - Creating a JavaFX scene
20:31:15.348 [JavaFX Application Thread] DEBUG PrimaryStageWindow   - Target settings size: 800.0 x 500.0
20:31:15.349 [JavaFX Application Thread] DEBUG PrimaryStageWindow   - Scaled scene size:    800.0 x 500.0
20:31:15.349 [JavaFX Application Thread] DEBUG PrimaryStageWindow   - Scaled ratio: (1.0, 1.0)
20:31:15.352 [JavaFX Application Thread] DEBUG PrimaryStageWindow   - Set initial scene to FXGLStartupScene
20:31:15.357 [JavaFX Application Thread] DEBUG PrimaryStageWindow   - Opening main window
20:31:15.526 [JavaFX Application Thread] DEBUG PrimaryStageWindow   - Window border size: (14.4000244140625, 37.5999755859375)
20:31:15.526 [JavaFX Application Thread] DEBUG PrimaryStageWindow   - Scaled size: 800.0 x 500.0
20:31:15.527 [JavaFX Application Thread] DEBUG PrimaryStageWindow   - Scaled ratio: (1.0, 1.0)
20:31:15.528 [JavaFX Application Thread] DEBUG PrimaryStageWindow   - Scene size: 800.0 x 500.0
20:31:15.530 [JavaFX Application Thread] DEBUG PrimaryStageWindow   - Stage size: 814.4000244140625 x 537.5999755859375
20:31:15.612 [FXGL Background Thread 1 ] DEBUG Engine               - Initializing environment variables
20:31:15.716 [FXGL Background Thread 1 ] DEBUG FXGLAssetLoaderServi - User app class for loading assets: class Runner.ServerRunner
20:31:15.717 [FXGL Background Thread 1 ] DEBUG GameApplicationServi - Applying CSS: fxgl_dark.css
20:31:15.718 [FXGL Background Thread 1 ] DEBUG FXGLAssetLoaderServi - Loading from file system: jar:file:/C:/Users/Owner/.m2/repository/com/github/almasb/fxgl/17.3/fxgl-17.3.jar!/fxglassets/ui/css/fxgl_dark.css
20:31:15.828 [FXGL Background Thread 1 ] DEBUG GameApplicationServi - Initializing application scenes
20:31:15.975 [FXGL Background Thread 1 ] DEBUG GameWorld            - Game world initialized
20:31:16.126 [FXGL Background Thread 1 ] DEBUG PhysicsWorld         - Physics world initialized: appHeight=500, physics.ppm=50.0
20:31:16.126 [FXGL Background Thread 1 ] DEBUG PhysicsWorld         - Using strategy: BRUTE_FORCE
20:31:16.144 [FXGL Background Thread 1 ] DEBUG GameScene            - Game scene initialized: 800x500
20:31:16.239 [FXGL Background Thread 1 ] WARN  FXGL.DefaultMenu     - FXGLDefaultMenu is not designed for resolutions < 800x600
20:31:16.242 [FXGL Background Thread 1 ] DEBUG FXGL.DefaultMenu     - createMenuBodyGameMenu()
20:31:16.550 [FXGL Background Thread 1 ] DEBUG FXGL.DefaultMenu     - createOptionsMenu()
20:31:16.679 [FXGL Background Thread 1 ] DEBUG FXGLAssetLoaderServi - Loading from file system: jar:file:/C:/Users/Owner/.m2/repository/com/github/almasb/fxgl/17.3/fxgl-17.3.jar!/fxglassets/textures/particles/smoke.png
20:31:17.265 [FXGL Background Thread 1 ] DEBUG FXGLAssetLoaderServi - Loading from file system: jar:file:/C:/Users/Owner/.m2/repository/com/github/almasb/fxgl/17.3/fxgl-17.3.jar!/fxglassets/textures/particles/trace_horizontal.png
20:31:17.420 [FXGL Background Thread 1 ] DEBUG GameApplicationServi - Application scenes initialized
20:31:17.496 [FXGL Background Thread 1 ] DEBUG SystemBundleService  - Loading FXGL system data
20:31:17.531 [FXGL Background Thread 1 ] DEBUG FileSystemAccess     - Reading from: C:\Users\Owner\Desktop\Sonic-rush\system\fxgl.bundle
20:31:17.547 [FXGL Background Thread 1 ] DEBUG SystemBundleService  - Bundle FXGL: {}
20:31:17.548 [FXGL Background Thread 1 ] DEBUG UpdaterService       - Checking for updates
20:31:17.564 [FXGL Background Thread 1 ] DEBUG FXGLApplication      - Loading default localization
20:31:17.566 [FXGL Background Thread 1 ] DEBUG FXGLAssetLoaderServi - Loading from file system: jar:file:/C:/Users/Owner/.m2/repository/com/github/almasb/fxgl/17.3/fxgl-17.3.jar!/fxglassets/languages/english.lang
20:31:17.600 [FXGL Background Thread 4 ] DEBUG FXGLApplication      - Loading fonts
20:31:17.601 [FXGL Background Thread 4 ] DEBUG FXGLAssetLoaderServi - Loading from file system: jar:file:/C:/Users/Owner/.m2/repository/com/github/almasb/fxgl/17.3/fxgl-17.3.jar!/fxglassets/ui/fonts/VarelaRound-Regular.ttf
20:31:17.616 [FXGL Background Thread 1 ] INFO  FXGLApplication      - FXGL initialization took: 2.004 sec
20:31:17.672 [JavaFX Application Thread] DEBUG FXGLAssetLoaderServi - Loading from file system: jar:file:/C:/Users/Owner/.m2/repository/com/github/almasb/fxgl/17.3/fxgl-17.3.jar!/fxglassets/textures/fxgl_icon.png
20:31:17.849 [JavaFX Application Thread] DEBUG FXGLAssetLoaderServi - Loading from file system: jar:file:/C:/Users/Owner/.m2/repository/com/github/almasb/fxgl/17.3/fxgl-17.3.jar!/fxglassets/textures/fxgl_default_cursor.png
20:31:17.922 [JavaFX Application Thread] DEBUG Input                - Registered new binding: Screenshot - CTRL+8
20:31:17.924 [JavaFX Application Thread] DEBUG Input                - Registered new binding: System info dump - CTRL+9
20:31:17.926 [JavaFX Application Thread] DEBUG Input                - Registered new binding: Restart - CTRL+R
20:31:17.986 [JavaFX Application Thread] DEBUG Input                - Registered new binding: Toggle Debug Camera - CTRL+7
20:31:17.992 [JavaFX Application Thread] DEBUG LoopRunner           - Starting loop
20:31:17.992 [JavaFX Application Thread] DEBUG LoopRunner           - Initializing JavaFX AnimationTimerLoop
20:31:17.997 [JavaFX Application Thread] DEBUG GameApplicationServi - Starting new game
20:31:17.997 [JavaFX Application Thread] DEBUG Input                - Clearing active input actions
20:31:18.015 [JavaFX Application Thread] DEBUG GameApplicationServi - Removing overlay from FXGLStartupScene and adding to FXGLLoadingScene
20:31:18.016 [JavaFX Application Thread] DEBUG PrimaryStageWindow   - FXGLStartupScene -> FXGLLoadingScene
20:31:18.016 [JavaFX Application Thread] DEBUG GameApplicationServi - Clearing previous game
20:31:18.016 [JavaFX Application Thread] DEBUG GameScene            - Clearing game scene
20:31:18.016 [JavaFX Application Thread] DEBUG GameWorld            - Clearing game world
20:31:18.017 [JavaFX Application Thread] DEBUG PhysicsWorld         - Clearing physics world
20:31:18.019 [FXGL Background Thread 1 ] DEBUG FXGLApplication      - Initializing game
20:31:18.255 [ServerAsyncConnThread    ] DEBUG TCPServer            - Starting to listen at: 50000 type: class com.almasb.fxgl.core.serialization.Bundle
20:31:18.443 [FXGL Background Thread 4 ] DEBUG FXGLAssetLoaderServi - Loading from file system: jar:file:/C:/Users/Owner/.m2/repository/com/github/almasb/fxgl/17.3/fxgl-17.3.jar!/fxglassets/ui/fonts/Abel-Regular.ttf
20:31:18.454 [FXGL Background Thread 4 ] DEBUG FXGLAssetLoaderServi - Loading from file system: jar:file:/C:/Users/Owner/.m2/repository/com/github/almasb/fxgl/17.3/fxgl-17.3.jar!/fxglassets/ui/fonts/TerminalLandMono-Regular.otf
20:31:18.461 [FXGL Background Thread 4 ] DEBUG FXGLAssetLoaderServi - Loading from file system: jar:file:/C:/Users/Owner/.m2/repository/com/github/almasb/fxgl/17.3/fxgl-17.3.jar!/fxglassets/ui/fonts/Courier-Prime.ttf
20:31:18.620 [FXGL Background Thread 1 ] WARN  TMXLevelLoader       - TiledMap generated from 1.11.2. Supported version: 1.9.0. Some features may not be parsed fully.
20:31:19.147 [FXGL Background Thread 1 ] DEBUG TMXLevelLoader       - Parsed TiledMap: file:/C:/Users/Owner/Desktop/Sonic-rush/target/classes/assets/levels/mapazo.tmx
20:31:19.153 [FXGL Background Thread 1 ] DEBUG TMXLevelLoader       - Creating tile layer entities
20:31:19.158 [FXGL Background Thread 1 ] DEBUG TilesetLoader        - Loading view for layer Capa de patrones 1
20:31:19.176 [FXGL Background Thread 1 ] DEBUG TilesetLoader        - Created buffer with size 3840.0x720.0
20:31:19.624 [FXGL Background Thread 1 ] DEBUG TMXLevelLoader       - Creating object layer entities
20:31:19.691 [JavaFX Application Thread] DEBUG FXGLApplication      - Registering font factories with UI factory
20:31:19.882 [FXGL Background Thread 1 ] DEBUG GameWorld            - Clearing removable entities
20:31:19.888 [FXGL Background Thread 1 ] DEBUG GameWorld            - Setting level: com.almasb.fxgl.entity.level.Level@5238762a
20:31:20.090 [FXGL Background Thread 1 ] DEBUG FXGLAssetLoaderServi - Loading from file system: file:/C:/Users/Owner/Desktop/Sonic-rush/target/classes/assets/textures/Items/ring.png
20:31:20.499 [FXGL Background Thread 1 ] DEBUG FXGLAssetLoaderServi - Loading from file system: file:/C:/Users/Owner/Desktop/Sonic-rush/target/classes/assets/textures/Enemigos/enemigo2.png
20:31:20.529 [FXGL Background Thread 1 ] DEBUG FXGLAssetLoaderServi - Loading from file system: file:/C:/Users/Owner/Desktop/Sonic-rush/target/classes/assets/textures/Items/basura.png
20:31:20.535 [FXGL Background Thread 1 ] DEBUG FXGLAssetLoaderServi - Loading from file system: file:/C:/Users/Owner/Desktop/Sonic-rush/target/classes/assets/textures/Items/caucho.png
20:31:20.538 [FXGL Background Thread 1 ] DEBUG FXGLAssetLoaderServi - Loading from file system: file:/C:/Users/Owner/Desktop/Sonic-rush/target/classes/assets/textures/Items/papel.png
20:31:20.780 [FXGL Background Thread 3 ] DEBUG Engine               - Logging environment variables
20:31:20.780 [FXGL Background Thread 3 ] DEBUG Engine               - achievements: []
20:31:20.782 [FXGL Background Thread 3 ] DEBUG Engine               - actualHeight: 500.0
20:31:20.785 [FXGL Background Thread 3 ] DEBUG Engine               - actualHeightProperty: ReadOnlyDoubleProperty [value: 500.0]
20:31:20.786 [FXGL Background Thread 3 ] DEBUG Engine               - actualWidth: 800.0
20:31:20.786 [FXGL Background Thread 3 ] DEBUG Engine               - actualWidthProperty: ReadOnlyDoubleProperty [value: 800.0]
20:31:20.786 [FXGL Background Thread 3 ] DEBUG Engine               - appIcon: fxgl_icon.png
20:31:20.786 [FXGL Background Thread 3 ] DEBUG Engine               - applicationMode: DEVELOPER
20:31:20.786 [FXGL Background Thread 3 ] DEBUG Engine               - cSSList: [fxgl_dark.css]
20:31:20.786 [FXGL Background Thread 3 ] DEBUG Engine               - collisionDetectionStrategy: BRUTE_FORCE
20:31:20.786 [FXGL Background Thread 3 ] DEBUG Engine               - configClass: Optional.empty
20:31:20.787 [FXGL Background Thread 3 ] DEBUG Engine               - credits: []
20:31:20.788 [FXGL Background Thread 3 ] DEBUG Engine               - defaultCursor: CursorInfo(imageName=fxgl_default_cursor.png, hotspotX=7.0, hotspotY=6.0)
20:31:20.788 [FXGL Background Thread 3 ] DEBUG Engine               - devBBoxColorProperty: ObjectProperty [value: 0xff0000ff]
20:31:20.788 [FXGL Background Thread 3 ] DEBUG Engine               - devEnableDebugCameraProperty: BooleanProperty [value: false]
20:31:20.789 [FXGL Background Thread 3 ] DEBUG Engine               - devSensorColorProperty: ObjectProperty [value: 0xffff00ff]
20:31:20.789 [FXGL Background Thread 3 ] DEBUG Engine               - devShowBBoxProperty: BooleanProperty [value: false]
20:31:20.789 [FXGL Background Thread 3 ] DEBUG Engine               - devShowPositionProperty: BooleanProperty [value: false]
20:31:20.789 [FXGL Background Thread 3 ] DEBUG Engine               - enabledMenuItems: []
20:31:20.789 [FXGL Background Thread 3 ] DEBUG Engine               - engineServices: [class com.almasb.fxgl.app.services.FXGLAssetLoaderService, class com.almasb.fxgl.app.FXGLApplication$GameApplicationService, class com.almasb.fxgl.app.services.FXGLDialogService, class com.almasb.fxgl.app.services.IOTaskExecutorService, class com.almasb.fxgl.io.FileSystemService, class com.almasb.fxgl.localization.LocalizationService, class com.almasb.fxgl.app.services.SystemBundleService, class com.almasb.fxgl.profile.SaveLoadService, class com.almasb.fxgl.ui.FXGLUIFactoryServiceProvider, class com.almasb.fxgl.ui.FXGLDialogFactoryServiceProvider, class com.almasb.fxgl.audio.AudioPlayer, class com.almasb.fxgl.notification.impl.NotificationServiceProvider, class com.almasb.fxgl.achievement.AchievementService, class com.almasb.fxgl.cutscene.CutsceneService, class com.almasb.fxgl.minigames.MiniGameService, class com.almasb.fxgl.net.NetService, class com.almasb.fxgl.app.services.UpdaterService, class com.almasb.fxgl.dev.DevService, class com.almasb.fxgl.multiplayer.MultiplayerService]
20:31:20.790 [FXGL Background Thread 3 ] DEBUG Engine               - fontGame: Abel-Regular.ttf
20:31:20.790 [FXGL Background Thread 3 ] DEBUG Engine               - fontMono: TerminalLandMono-Regular.otf
20:31:20.790 [FXGL Background Thread 3 ] DEBUG Engine               - fontSizeScaleUI: 1.0
20:31:20.790 [FXGL Background Thread 3 ] DEBUG Engine               - fontText: Courier-Prime.ttf
20:31:20.790 [FXGL Background Thread 3 ] DEBUG Engine               - fontUI: VarelaRound-Regular.ttf
20:31:20.790 [FXGL Background Thread 3 ] DEBUG Engine               - fullScreen: BooleanProperty [value: false]
20:31:20.790 [FXGL Background Thread 3 ] DEBUG Engine               - gameDifficulty: MEDIUM
20:31:20.790 [FXGL Background Thread 3 ] DEBUG Engine               - gameDifficultyProperty: ObjectProperty [value: MEDIUM]
20:31:20.790 [FXGL Background Thread 3 ] DEBUG Engine               - globalMusicVolume: 0.5
20:31:20.791 [FXGL Background Thread 3 ] DEBUG Engine               - globalMusicVolumeProperty: DoubleProperty [value: 0.5]
20:31:20.791 [FXGL Background Thread 3 ] DEBUG Engine               - globalSoundVolume: 0.5
20:31:20.791 [FXGL Background Thread 3 ] DEBUG Engine               - globalSoundVolumeProperty: DoubleProperty [value: 0.5]
20:31:20.791 [FXGL Background Thread 3 ] DEBUG Engine               - height: 500
20:31:20.791 [FXGL Background Thread 3 ] DEBUG Engine               - is3D: false
20:31:20.791 [FXGL Background Thread 3 ] DEBUG Engine               - isAndroid: false
20:31:20.791 [FXGL Background Thread 3 ] DEBUG Engine               - isBrowser: false
20:31:20.791 [FXGL Background Thread 3 ] DEBUG Engine               - isClickFeedbackEnabled: false
20:31:20.792 [FXGL Background Thread 3 ] DEBUG Engine               - isCloseConfirmation: false
20:31:20.792 [FXGL Background Thread 3 ] DEBUG Engine               - isDesktop: true
20:31:20.792 [FXGL Background Thread 3 ] DEBUG Engine               - isDeveloperMenuEnabled: false
20:31:20.792 [FXGL Background Thread 3 ] DEBUG Engine               - isEmbedded: false
20:31:20.792 [FXGL Background Thread 3 ] DEBUG Engine               - isEntityPreloadEnabled: true
20:31:20.804 [FXGL Background Thread 1 ] INFO  FXGLApplication      - Game initialization took: 2.782 sec
20:31:20.792 [FXGL Background Thread 3 ] DEBUG Engine               - isExperimentalTiledLargeMap: false
20:31:20.804 [FXGL Background Thread 3 ] DEBUG Engine               - isFileSystemWriteAllowed: true
20:31:20.805 [FXGL Background Thread 3 ] DEBUG Engine               - isFullScreenAllowed: false
20:31:20.805 [FXGL Background Thread 3 ] DEBUG Engine               - isFullScreenFromStart: false
20:31:20.805 [FXGL Background Thread 3 ] DEBUG Engine               - isGameMenuEnabled: true
20:31:20.805 [FXGL Background Thread 3 ] DEBUG Engine               - isIOS: false
20:31:20.805 [FXGL Background Thread 3 ] DEBUG Engine               - isIntroEnabled: false
20:31:20.805 [FXGL Background Thread 3 ] DEBUG Engine               - isLinux: false
20:31:20.805 [FXGL Background Thread 3 ] DEBUG Engine               - isMac: false
20:31:20.805 [FXGL Background Thread 3 ] DEBUG Engine               - isMainMenuEnabled: false
20:31:20.806 [FXGL Background Thread 3 ] DEBUG Engine               - isManualResizeEnabled: false
20:31:20.806 [FXGL Background Thread 3 ] DEBUG Engine               - isMobile: false
20:31:20.806 [FXGL Background Thread 3 ] DEBUG Engine               - isNative: false
20:31:20.806 [FXGL Background Thread 3 ] DEBUG Engine               - isPauseMusicWhenMinimized: true
20:31:20.806 [FXGL Background Thread 3 ] DEBUG Engine               - isPreserveResizeRatio: false
20:31:20.806 [FXGL Background Thread 3 ] DEBUG Engine               - isProfilingEnabled: false
20:31:20.806 [FXGL Background Thread 3 ] DEBUG Engine               - isScaleAffectedOnResize: true
20:31:20.806 [FXGL Background Thread 3 ] DEBUG Engine               - isSingleStep: false
20:31:20.806 [FXGL Background Thread 3 ] DEBUG Engine               - isUserProfileEnabled: false
20:31:20.807 [FXGL Background Thread 3 ] DEBUG Engine               - isWindows: true
20:31:20.808 [FXGL Background Thread 3 ] DEBUG Engine               - language: ObjectProperty [value: ENGLISH]
20:31:20.809 [FXGL Background Thread 3 ] DEBUG Engine               - menuKey: ESCAPE
20:31:20.809 [FXGL Background Thread 3 ] DEBUG Engine               - mouseSensitivity: 0.2
20:31:20.809 [FXGL Background Thread 3 ] DEBUG Engine               - notificationViewClass: class com.almasb.fxgl.notification.view.XboxNotificationView
20:31:20.809 [FXGL Background Thread 3 ] DEBUG Engine               - pixelsPerMeter: 50.0
20:31:20.809 [FXGL Background Thread 3 ] DEBUG Engine               - platform: WINDOWS
20:31:20.809 [FXGL Background Thread 3 ] DEBUG Engine               - prefHeightProperty: ReadOnlyDoubleProperty [value: 500.0]
20:31:20.809 [FXGL Background Thread 3 ] DEBUG Engine               - prefWidthProperty: ReadOnlyDoubleProperty [value: 800.0]
20:31:20.810 [FXGL Background Thread 3 ] DEBUG Engine               - profileDir: profiles/
20:31:20.810 [FXGL Background Thread 3 ] DEBUG Engine               - profileName: StringProperty [value: DEFAULT]
20:31:20.810 [FXGL Background Thread 3 ] DEBUG Engine               - randomSeed: -1
20:31:20.811 [FXGL Background Thread 3 ] DEBUG Engine               - runtimeInfo: RuntimeInfo(platform=WINDOWS, version=17.3, build=30.03.2023 11.49)
20:31:20.811 [FXGL Background Thread 3 ] DEBUG Engine               - saveFileExt: sav
20:31:20.811 [FXGL Background Thread 3 ] DEBUG Engine               - scaledHeightProp$fxgl: DoubleProperty [bound, value: 500.0]
20:31:20.811 [FXGL Background Thread 3 ] DEBUG Engine               - scaledWidthProp$fxgl: DoubleProperty [bound, value: 800.0]
20:31:20.811 [FXGL Background Thread 3 ] DEBUG Engine               - sceneFactory: com.almasb.fxgl.app.scene.SceneFactory@33c8ff6e
20:31:20.811 [FXGL Background Thread 3 ] DEBUG Engine               - secondsIn24h: 60
20:31:20.813 [FXGL Background Thread 3 ] DEBUG Engine               - soundMenuBack: menu/back.wav
20:31:20.814 [FXGL Background Thread 3 ] DEBUG Engine               - soundMenuPress: menu/press.wav
20:31:20.820 [FXGL Background Thread 3 ] DEBUG Engine               - soundMenuSelect: menu/select.wav
20:31:20.820 [FXGL Background Thread 3 ] DEBUG Engine               - soundNotification: core/notification.wav
20:31:20.820 [FXGL Background Thread 3 ] DEBUG Engine               - stageStyle: DECORATED
20:31:20.820 [FXGL Background Thread 3 ] DEBUG Engine               - supportedLanguages: [ENGLISH, FRENCH, GERMAN, HUNGARIAN, RUSSIAN]
20:31:20.820 [FXGL Background Thread 3 ] DEBUG Engine               - ticksPerSecond: -1
20:31:20.820 [FXGL Background Thread 3 ] DEBUG Engine               - title: Server
20:31:20.820 [FXGL Background Thread 3 ] DEBUG Engine               - urlGithub: https://github.com/AlmasB/FXGL
20:31:20.822 [FXGL Background Thread 3 ] DEBUG Engine               - urlLeaderboard: http://fxgl-top.herokuapp.com/
20:31:20.822 [FXGL Background Thread 3 ] DEBUG Engine               - urlPOM: https://raw.githubusercontent.com/AlmasB/FXGL/release/README.md
20:31:20.826 [FXGL Background Thread 3 ] DEBUG Engine               - userAppClass: class Runner.ServerRunner
20:31:20.826 [FXGL Background Thread 3 ] DEBUG Engine               - version: 0.0
20:31:20.826 [FXGL Background Thread 3 ] DEBUG Engine               - versionCheckDays: 7
20:31:20.827 [FXGL Background Thread 3 ] DEBUG Engine               - width: 800
20:31:20.827 [FXGL Background Thread 3 ] DEBUG Engine               - Logging services
20:31:20.827 [FXGL Background Thread 3 ] DEBUG Engine               - class com.almasb.fxgl.app.services.FXGLAssetLoaderService
20:31:20.827 [FXGL Background Thread 3 ] DEBUG Engine               - class com.almasb.fxgl.app.FXGLApplication$GameApplicationService
20:31:20.827 [FXGL Background Thread 3 ] DEBUG Engine               - class com.almasb.fxgl.app.services.FXGLDialogService
20:31:20.827 [FXGL Background Thread 3 ] DEBUG Engine               - class com.almasb.fxgl.app.services.IOTaskExecutorService
20:31:20.827 [FXGL Background Thread 3 ] DEBUG Engine               - class com.almasb.fxgl.io.FileSystemService
20:31:20.827 [FXGL Background Thread 3 ] DEBUG Engine               - class com.almasb.fxgl.localization.LocalizationService
20:31:20.827 [FXGL Background Thread 3 ] DEBUG Engine               - class com.almasb.fxgl.app.services.SystemBundleService
20:31:20.832 [FXGL Background Thread 3 ] DEBUG Engine               - class com.almasb.fxgl.profile.SaveLoadService
20:31:20.833 [FXGL Background Thread 3 ] DEBUG Engine               - class com.almasb.fxgl.ui.FXGLUIFactoryServiceProvider
20:31:20.834 [FXGL Background Thread 3 ] DEBUG Engine               - class com.almasb.fxgl.ui.FXGLDialogFactoryServiceProvider
20:31:20.834 [FXGL Background Thread 3 ] DEBUG Engine               - class com.almasb.fxgl.audio.AudioPlayer
20:31:20.834 [FXGL Background Thread 3 ] DEBUG Engine               - class com.almasb.fxgl.notification.impl.NotificationServiceProvider
20:31:20.834 [FXGL Background Thread 3 ] DEBUG Engine               - class com.almasb.fxgl.achievement.AchievementService
20:31:20.835 [FXGL Background Thread 3 ] DEBUG Engine               - class com.almasb.fxgl.cutscene.CutsceneService
20:31:20.835 [FXGL Background Thread 3 ] DEBUG Engine               - class com.almasb.fxgl.minigames.MiniGameService
20:31:20.836 [FXGL Background Thread 3 ] DEBUG Engine               - class com.almasb.fxgl.net.NetService
20:31:20.837 [FXGL Background Thread 3 ] DEBUG Engine               - class com.almasb.fxgl.app.services.UpdaterService
20:31:20.837 [FXGL Background Thread 3 ] DEBUG Engine               - class com.almasb.fxgl.dev.DevService
20:31:20.837 [FXGL Background Thread 3 ] DEBUG Engine               - class com.almasb.fxgl.multiplayer.MultiplayerService
20:31:20.942 [JavaFX Application Thread] DEBUG Input                - Clearing active input actions
20:31:20.977 [JavaFX Application Thread] DEBUG GameApplicationServi - Removing overlay from FXGLLoadingScene and adding to GameScene
20:31:20.979 [JavaFX Application Thread] DEBUG PrimaryStageWindow   - FXGLLoadingScene -> GameScene
20:31:21.416 [FXGL Background Thread 2 ] INFO  UpdaterService       - Your current version:  17.3
20:31:21.440 [FXGL Background Thread 2 ] INFO  UpdaterService       - Latest stable version: 21.1
20:31:57.173 [ServerAsyncConnThread    ] DEBUG Endpoint             - TCPServer opening new connection (1) from /127.0.0.1:65457 type: class com.almasb.fxgl.core.serialization.Bundle
20:31:57.174 [ServerAsyncConnThread    ] DEBUG Endpoint             - TCPServer successfully opened connection (1)
20:31:57.480 [TCPServer_SendThread-1   ] DEBUG Writers              - Getting TCPMessageWriter for class com.almasb.fxgl.core.serialization.Bundle
20:31:57.484 [TCPServer_RecvThread-1   ] DEBUG Readers              - Getting TCPMessageReader for class com.almasb.fxgl.core.serialization.Bundle
20:31:57.485 [TCPServer_SendThread-1   ] DEBUG Writers              - Constructed TCPMessageWriter for class com.almasb.fxgl.core.serialization.Bundle: BundleTCPMessageWriter
20:31:57.489 [TCPServer_RecvThread-1   ] DEBUG Readers              - Constructed MessageReader for class com.almasb.fxgl.core.serialization.Bundle: BundleTCPMessageReader
20:32:21.505 [TCPServer_RecvThread-1   ] DEBUG Endpoint             - Connection 1 was unexpectedly disconnected: Connection reset
20:32:21.505 [TCPServer_RecvThread-1   ] DEBUG Connection           - Closing connection 1
20:32:21.506 [TCPServer_RecvThread-1   ] DEBUG Connection           - Connection 1 was correctly closed from local endpoint.
20:32:21.506 [TCPServer_RecvThread-1   ] DEBUG Endpoint             - TCPServer connection (1) was closed
20:34:36.805 [JavaFX Application Thread] DEBUG LoopRunner           - Pausing loop
20:35:01.439 [ServerAsyncConnThread    ] DEBUG Endpoint             - TCPServer opening new connection (2) from /127.0.0.1:49243 type: class com.almasb.fxgl.core.serialization.Bundle
20:35:01.439 [ServerAsyncConnThread    ] DEBUG Endpoint             - TCPServer successfully opened connection (2)
20:35:01.493 [TCPServer_SendThread-2   ] DEBUG Writers              - Getting TCPMessageWriter for class com.almasb.fxgl.core.serialization.Bundle
20:35:01.494 [TCPServer_SendThread-2   ] DEBUG Writers              - Constructed TCPMessageWriter for class com.almasb.fxgl.core.serialization.Bundle: BundleTCPMessageWriter
20:35:01.496 [TCPServer_RecvThread-2   ] DEBUG Readers              - Getting TCPMessageReader for class com.almasb.fxgl.core.serialization.Bundle
20:35:01.501 [TCPServer_RecvThread-2   ] DEBUG Readers              - Constructed MessageReader for class com.almasb.fxgl.core.serialization.Bundle: BundleTCPMessageReader
20:35:33.944 [ServerAsyncConnThread    ] DEBUG Endpoint             - TCPServer opening new connection (3) from /127.0.0.1:49257 type: class com.almasb.fxgl.core.serialization.Bundle
20:35:33.944 [ServerAsyncConnThread    ] DEBUG Endpoint             - TCPServer successfully opened connection (3)
20:35:33.966 [TCPServer_SendThread-3   ] DEBUG Writers              - Getting TCPMessageWriter for class com.almasb.fxgl.core.serialization.Bundle
20:35:33.967 [TCPServer_SendThread-3   ] DEBUG Writers              - Constructed TCPMessageWriter for class com.almasb.fxgl.core.serialization.Bundle: BundleTCPMessageWriter
20:35:33.973 [TCPServer_RecvThread-3   ] DEBUG Readers              - Getting TCPMessageReader for class com.almasb.fxgl.core.serialization.Bundle
20:35:33.973 [TCPServer_RecvThread-3   ] DEBUG Readers              - Constructed MessageReader for class com.almasb.fxgl.core.serialization.Bundle: BundleTCPMessageReader
20:35:53.083 [TCPServer_RecvThread-2   ] DEBUG Endpoint             - Connection 2 was unexpectedly disconnected: Connection reset
20:35:53.083 [TCPServer_RecvThread-3   ] DEBUG Endpoint             - Connection 3 was unexpectedly disconnected: Connection reset
20:35:53.083 [TCPServer_RecvThread-2   ] DEBUG Connection           - Closing connection 2
20:35:53.083 [TCPServer_RecvThread-3   ] DEBUG Connection           - Closing connection 3
20:35:53.083 [TCPServer_RecvThread-2   ] DEBUG Connection           - Connection 2 was correctly closed from local endpoint.
20:35:53.083 [TCPServer_RecvThread-3   ] DEBUG Connection           - Connection 3 was correctly closed from local endpoint.
20:35:53.083 [TCPServer_RecvThread-3   ] DEBUG Endpoint             - TCPServer connection (3) was closed
20:35:53.083 [TCPServer_RecvThread-2   ] DEBUG Endpoint             - TCPServer connection (2) was closed
20:35:53.246 [JavaFX Application Thread] DEBUG LoopRunner           - Resuming loop
20:40:02.504 [ServerAsyncConnThread    ] DEBUG Endpoint             - TCPServer opening new connection (4) from /127.0.0.1:49585 type: class com.almasb.fxgl.core.serialization.Bundle
20:40:02.504 [ServerAsyncConnThread    ] DEBUG Endpoint             - TCPServer successfully opened connection (4)
20:40:02.555 [TCPServer_SendThread-4   ] DEBUG Writers              - Getting TCPMessageWriter for class com.almasb.fxgl.core.serialization.Bundle
20:40:02.557 [TCPServer_SendThread-4   ] DEBUG Writers              - Constructed TCPMessageWriter for class com.almasb.fxgl.core.serialization.Bundle: BundleTCPMessageWriter
20:40:02.567 [TCPServer_RecvThread-4   ] DEBUG Readers              - Getting TCPMessageReader for class com.almasb.fxgl.core.serialization.Bundle
20:40:02.568 [TCPServer_RecvThread-4   ] DEBUG Readers              - Constructed MessageReader for class com.almasb.fxgl.core.serialization.Bundle: BundleTCPMessageReader
20:40:49.436 [ServerAsyncConnThread    ] DEBUG Endpoint             - TCPServer opening new connection (5) from /127.0.0.1:49638 type: class com.almasb.fxgl.core.serialization.Bundle
20:40:49.440 [ServerAsyncConnThread    ] DEBUG Endpoint             - TCPServer successfully opened connection (5)
20:40:49.607 [TCPServer_SendThread-5   ] DEBUG Writers              - Getting TCPMessageWriter for class com.almasb.fxgl.core.serialization.Bundle
20:40:49.611 [TCPServer_SendThread-5   ] DEBUG Writers              - Constructed TCPMessageWriter for class com.almasb.fxgl.core.serialization.Bundle: BundleTCPMessageWriter
20:40:49.755 [TCPServer_RecvThread-5   ] DEBUG Readers              - Getting TCPMessageReader for class com.almasb.fxgl.core.serialization.Bundle
20:40:49.756 [TCPServer_RecvThread-5   ] DEBUG Readers              - Constructed MessageReader for class com.almasb.fxgl.core.serialization.Bundle: BundleTCPMessageReader
20:41:26.527 [TCPServer_RecvThread-5   ] DEBUG Endpoint             - Connection 5 was unexpectedly disconnected: Connection reset
20:41:26.527 [TCPServer_RecvThread-5   ] DEBUG Connection           - Closing connection 5
20:41:26.527 [TCPServer_RecvThread-4   ] DEBUG Endpoint             - Connection 4 was unexpectedly disconnected: Connection reset
20:41:26.528 [TCPServer_RecvThread-5   ] DEBUG Connection           - Connection 5 was correctly closed from local endpoint.
20:41:26.528 [TCPServer_RecvThread-5   ] DEBUG Endpoint             - TCPServer connection (5) was closed
20:41:26.528 [TCPServer_RecvThread-4   ] DEBUG Connection           - Closing connection 4
20:41:26.528 [TCPServer_RecvThread-4   ] DEBUG Connection           - Connection 4 was correctly closed from local endpoint.
20:41:26.528 [TCPServer_RecvThread-4   ] DEBUG Endpoint             - TCPServer connection (4) was closed
21:06:29.674 [ServerAsyncConnThread    ] DEBUG Endpoint             - TCPServer opening new connection (6) from /127.0.0.1:62169 type: class com.almasb.fxgl.core.serialization.Bundle
21:06:29.701 [ServerAsyncConnThread    ] DEBUG Endpoint             - TCPServer successfully opened connection (6)
21:06:30.118 [TCPServer_SendThread-6   ] DEBUG Writers              - Getting TCPMessageWriter for class com.almasb.fxgl.core.serialization.Bundle
21:06:30.119 [TCPServer_SendThread-6   ] DEBUG Writers              - Constructed TCPMessageWriter for class com.almasb.fxgl.core.serialization.Bundle: BundleTCPMessageWriter
21:06:30.220 [TCPServer_RecvThread-6   ] DEBUG Readers              - Getting TCPMessageReader for class com.almasb.fxgl.core.serialization.Bundle
21:06:30.220 [TCPServer_RecvThread-6   ] DEBUG Readers              - Constructed MessageReader for class com.almasb.fxgl.core.serialization.Bundle: BundleTCPMessageReader
21:06:54.864 [TCPServer_RecvThread-6   ] DEBUG Endpoint             - Connection 6 was unexpectedly disconnected: Connection reset
21:06:54.864 [TCPServer_RecvThread-6   ] DEBUG Connection           - Closing connection 6
21:06:54.864 [TCPServer_RecvThread-6   ] DEBUG Connection           - Connection 6 was correctly closed from local endpoint.
21:06:54.864 [TCPServer_RecvThread-6   ] DEBUG Endpoint             - TCPServer connection (6) was closed
21:06:56.212 [JavaFX Application Thread] DEBUG FXGLApplication      - Exiting FXGL
21:06:56.212 [JavaFX Application Thread] DEBUG LoopRunner           - Stopping loop
21:06:56.212 [JavaFX Application Thread] DEBUG SystemBundleService  - Saving FXGL system data
21:06:56.235 [JavaFX Application Thread] DEBUG FileSystemAccess     - Writing to: C:\Users\Owner\Desktop\Sonic-rush\system\fxgl.bundle
21:06:56.242 [JavaFX Application Thread] DEBUG Async                - Shutting down background threads
21:06:56.243 [JavaFX Application Thread] DEBUG PrimaryStageWindow   - Closing main window
21:06:56.322 [JavaFX Application Thread] DEBUG Logger               - Closing Logger
