11:44:24.488 [main                     ] DEBUG Logger               - Configured Logger
11:44:24.511 [main                     ] DEBUG GameApplication      - Logging settings
Title: Server
Version: 0.0
Width: 800
Height: 500
Fullscreen: false
Intro: false
Profiling: false
Single step:false
App Mode: DEVELOPER
Menu Key: ESCAPE
Stage Style: DECORATED
Scene Factory: class com.almasb.fxgl.app.scene.SceneFactory

11:44:24.953 [JavaFX Application Thread] DEBUG FXGLApplication      - Initializing FXGL
11:44:24.959 [JavaFX Application Thread] INFO  Engine               - FXGL-17.3 (30.03.2023 11.49) on WINDOWS (J:21.0.2 FX:20)
11:44:24.960 [JavaFX Application Thread] DEBUG Engine               - JRE Vendor Name: Oracle Corporation
11:44:24.960 [JavaFX Application Thread] DEBUG Engine               - Running on OS: Windows 10 version 10.0
11:44:24.960 [JavaFX Application Thread] DEBUG Engine               - Architecture: amd64
11:44:24.961 [JavaFX Application Thread] INFO  Engine               - Source code and latest versions at: https://github.com/AlmasB/FXGL
11:44:24.961 [JavaFX Application Thread] INFO  Engine               -       Ask questions and discuss at: https://github.com/AlmasB/FXGL/discussions
11:44:24.962 [JavaFX Application Thread] INFO  Engine               -              Join the FXGL chat at: https://gitter.im/AlmasB/FXGL
11:44:25.113 [JavaFX Application Thread] DEBUG PrimaryStageWindow   - Creating a JavaFX scene
11:44:25.197 [JavaFX Application Thread] DEBUG PrimaryStageWindow   - Target settings size: 800.0 x 500.0
11:44:25.198 [JavaFX Application Thread] DEBUG PrimaryStageWindow   - Scaled scene size:    800.0 x 500.0
11:44:25.198 [JavaFX Application Thread] DEBUG PrimaryStageWindow   - Scaled ratio: (1.0, 1.0)
11:44:25.199 [JavaFX Application Thread] DEBUG PrimaryStageWindow   - Set initial scene to FXGLStartupScene
11:44:25.203 [JavaFX Application Thread] DEBUG PrimaryStageWindow   - Opening main window
11:44:25.456 [JavaFX Application Thread] DEBUG PrimaryStageWindow   - Window border size: (16.0, 39.0)
11:44:25.458 [JavaFX Application Thread] DEBUG PrimaryStageWindow   - Scaled size: 800.0 x 500.0
11:44:25.458 [JavaFX Application Thread] DEBUG PrimaryStageWindow   - Scaled ratio: (1.0, 1.0)
11:44:25.458 [JavaFX Application Thread] DEBUG PrimaryStageWindow   - Scene size: 800.0 x 500.0
11:44:25.459 [JavaFX Application Thread] DEBUG PrimaryStageWindow   - Stage size: 816.0 x 539.0
11:44:25.468 [FXGL Background Thread 1 ] DEBUG Engine               - Initializing environment variables
11:44:25.541 [FXGL Background Thread 1 ] DEBUG FXGLAssetLoaderServi - User app class for loading assets: class Runner.ServerRunner
11:44:25.541 [FXGL Background Thread 1 ] DEBUG GameApplicationServi - Applying CSS: fxgl_dark.css
11:44:25.543 [FXGL Background Thread 1 ] DEBUG FXGLAssetLoaderServi - Loading from file system: jar:file:/C:/Users/User/.m2/repository/com/github/almasb/fxgl/17.3/fxgl-17.3.jar!/fxglassets/ui/css/fxgl_dark.css
11:44:25.595 [FXGL Background Thread 1 ] DEBUG GameApplicationServi - Initializing application scenes
11:44:25.699 [FXGL Background Thread 1 ] DEBUG GameWorld            - Game world initialized
11:44:25.775 [FXGL Background Thread 1 ] DEBUG PhysicsWorld         - Physics world initialized: appHeight=500, physics.ppm=50,0
11:44:25.776 [FXGL Background Thread 1 ] DEBUG PhysicsWorld         - Using strategy: BRUTE_FORCE
11:44:25.784 [FXGL Background Thread 1 ] DEBUG GameScene            - Game scene initialized: 800x500
11:44:25.801 [FXGL Background Thread 1 ] WARN  FXGL.DefaultMenu     - FXGLDefaultMenu is not designed for resolutions < 800x600
11:44:25.802 [FXGL Background Thread 1 ] DEBUG FXGL.DefaultMenu     - createMenuBodyGameMenu()
11:44:25.823 [FXGL Background Thread 1 ] DEBUG FXGL.DefaultMenu     - createOptionsMenu()
11:44:25.845 [FXGL Background Thread 1 ] DEBUG FXGLAssetLoaderServi - Loading from file system: jar:file:/C:/Users/User/.m2/repository/com/github/almasb/fxgl/17.3/fxgl-17.3.jar!/fxglassets/textures/particles/smoke.png
11:44:26.019 [FXGL Background Thread 1 ] DEBUG FXGLAssetLoaderServi - Loading from file system: jar:file:/C:/Users/User/.m2/repository/com/github/almasb/fxgl/17.3/fxgl-17.3.jar!/fxglassets/textures/particles/trace_horizontal.png
11:44:26.064 [FXGL Background Thread 1 ] DEBUG GameApplicationServi - Application scenes initialized
11:44:26.090 [FXGL Background Thread 1 ] DEBUG SystemBundleService  - Loading FXGL system data
11:44:26.095 [FXGL Background Thread 1 ] DEBUG FileSystemAccess     - Reading from: C:\Users\User\Documents\GitHub\Sonic-rush\system\fxgl.bundle
11:44:26.107 [FXGL Background Thread 1 ] DEBUG SystemBundleService  - Bundle FXGL: {}
11:44:26.107 [FXGL Background Thread 1 ] DEBUG UpdaterService       - Checking for updates
11:44:26.115 [FXGL Background Thread 1 ] DEBUG FXGLApplication      - Loading default localization
11:44:26.115 [FXGL Background Thread 1 ] DEBUG FXGLAssetLoaderServi - Loading from file system: jar:file:/C:/Users/User/.m2/repository/com/github/almasb/fxgl/17.3/fxgl-17.3.jar!/fxglassets/languages/english.lang
11:44:26.124 [FXGL Background Thread 4 ] DEBUG FXGLApplication      - Loading fonts
11:44:26.125 [FXGL Background Thread 4 ] DEBUG FXGLAssetLoaderServi - Loading from file system: jar:file:/C:/Users/User/.m2/repository/com/github/almasb/fxgl/17.3/fxgl-17.3.jar!/fxglassets/ui/fonts/VarelaRound-Regular.ttf
11:44:26.139 [FXGL Background Thread 1 ] INFO  FXGLApplication      - FXGL initialization took: 0,670 sec
11:44:26.144 [JavaFX Application Thread] DEBUG FXGLAssetLoaderServi - Loading from file system: jar:file:/C:/Users/User/.m2/repository/com/github/almasb/fxgl/17.3/fxgl-17.3.jar!/fxglassets/textures/fxgl_icon.png
11:44:26.179 [JavaFX Application Thread] DEBUG FXGLAssetLoaderServi - Loading from file system: jar:file:/C:/Users/User/.m2/repository/com/github/almasb/fxgl/17.3/fxgl-17.3.jar!/fxglassets/textures/fxgl_default_cursor.png
11:44:26.193 [JavaFX Application Thread] DEBUG Input                - Registered new binding: Screenshot - CTRL+8
11:44:26.194 [JavaFX Application Thread] DEBUG Input                - Registered new binding: System info dump - CTRL+9
11:44:26.194 [JavaFX Application Thread] DEBUG Input                - Registered new binding: Restart - CTRL+R
11:44:26.202 [JavaFX Application Thread] DEBUG Input                - Registered new binding: Toggle Debug Camera - CTRL+7
11:44:26.216 [JavaFX Application Thread] DEBUG LoopRunner           - Starting loop
11:44:26.216 [JavaFX Application Thread] DEBUG LoopRunner           - Initializing JavaFX AnimationTimerLoop
11:44:26.218 [JavaFX Application Thread] DEBUG GameApplicationServi - Starting new game
11:44:26.218 [JavaFX Application Thread] DEBUG Input                - Clearing active input actions
11:44:26.234 [JavaFX Application Thread] DEBUG GameApplicationServi - Removing overlay from FXGLStartupScene and adding to FXGLLoadingScene
11:44:26.235 [JavaFX Application Thread] DEBUG PrimaryStageWindow   - FXGLStartupScene -> FXGLLoadingScene
11:44:26.235 [JavaFX Application Thread] DEBUG GameApplicationServi - Clearing previous game
11:44:26.235 [JavaFX Application Thread] DEBUG GameScene            - Clearing game scene
11:44:26.235 [JavaFX Application Thread] DEBUG GameWorld            - Clearing game world
11:44:26.235 [JavaFX Application Thread] DEBUG PhysicsWorld         - Clearing physics world
11:44:26.237 [FXGL Background Thread 1 ] DEBUG FXGLApplication      - Initializing game
11:44:26.244 [FXGL Background Thread 4 ] DEBUG FXGLAssetLoaderServi - Loading from file system: jar:file:/C:/Users/User/.m2/repository/com/github/almasb/fxgl/17.3/fxgl-17.3.jar!/fxglassets/ui/fonts/Abel-Regular.ttf
11:44:26.249 [FXGL Background Thread 4 ] DEBUG FXGLAssetLoaderServi - Loading from file system: jar:file:/C:/Users/User/.m2/repository/com/github/almasb/fxgl/17.3/fxgl-17.3.jar!/fxglassets/ui/fonts/TerminalLandMono-Regular.otf
11:44:26.258 [FXGL Background Thread 4 ] DEBUG FXGLAssetLoaderServi - Loading from file system: jar:file:/C:/Users/User/.m2/repository/com/github/almasb/fxgl/17.3/fxgl-17.3.jar!/fxglassets/ui/fonts/Courier-Prime.ttf
11:44:26.350 [JavaFX Application Thread] DEBUG FXGLApplication      - Registering font factories with UI factory
11:44:26.364 [FXGL Background Thread 1 ] WARN  TMXLevelLoader       - TiledMap generated from 1.11.2. Supported version: 1.9.0. Some features may not be parsed fully.
11:44:26.368 [ServerAsyncConnThread    ] DEBUG TCPServer            - Starting to listen at: 50000 type: class com.almasb.fxgl.core.serialization.Bundle
11:44:26.440 [FXGL Background Thread 1 ] DEBUG TMXLevelLoader       - Parsed TiledMap: file:/C:/Users/User/Documents/GitHub/Sonic-rush/target/classes/assets/levels/mapazo.tmx
11:44:26.442 [FXGL Background Thread 1 ] DEBUG TMXLevelLoader       - Creating tile layer entities
11:44:26.445 [FXGL Background Thread 1 ] DEBUG TilesetLoader        - Loading view for layer Capa de patrones 1
11:44:26.451 [FXGL Background Thread 1 ] DEBUG TilesetLoader        - Created buffer with size 3840.0x720.0
11:44:26.454 [FXGL Background Thread 1 ] WARN  TilesetLoader        - 16x16Tiles.png cannot be loaded using mapURL=file:/C:/Users/User/Documents/GitHub/Sonic-rush/target/classes/assets/levels/mapazo.tmx
java.io.FileNotFoundException: C:\Users\User\Documents\GitHub\Sonic-rush\target\classes\assets\levels\16x16Tiles.png (El sistema no puede encontrar el archivo especificado)
	at java.base/java.io.FileInputStream.open0(Native Method)
	at java.base/java.io.FileInputStream.open(FileInputStream.java:213)
	at java.base/java.io.FileInputStream.<init>(FileInputStream.java:152)
	at java.base/java.io.FileInputStream.<init>(FileInputStream.java:106)
	at java.base/sun.net.www.protocol.file.FileURLConnection.connect(FileURLConnection.java:84)
	at java.base/sun.net.www.protocol.file.FileURLConnection.getInputStream(FileURLConnection.java:180)
	at java.base/java.net.URL.openStream(URL.java:1325)
	at com.almasb.fxgl.entity.level.tiled.TilesetLoader.loadImage(TilesetLoader.kt:426)
	at com.almasb.fxgl.entity.level.tiled.TilesetLoader.loadView(TilesetLoader.kt:133)
	at com.almasb.fxgl.entity.level.tiled.TMXLevelLoader$createTileLayerEntities$1.invoke(TMXLevelLoader.kt:100)
	at com.almasb.fxgl.entity.level.tiled.TMXLevelLoader$createTileLayerEntities$1.invoke(TMXLevelLoader.kt:89)
	at com.almasb.fxgl.entity.level.tiled.TMXLevelLoader.createTileLayerEntities$lambda$3(TMXLevelLoader.kt:89)
	at java.base/java.util.stream.ReferencePipeline$3$1.accept(ReferencePipeline.java:197)
	at java.base/java.util.ArrayList$ArrayListSpliterator.forEachRemaining(ArrayList.java:1708)
	at java.base/java.util.stream.AbstractPipeline.copyInto(AbstractPipeline.java:509)
	at java.base/java.util.stream.AbstractPipeline.wrapAndCopyInto(AbstractPipeline.java:499)
	at java.base/java.util.stream.ReduceOps$ReduceOp.evaluateSequential(ReduceOps.java:921)
	at java.base/java.util.stream.AbstractPipeline.evaluate(AbstractPipeline.java:234)
	at java.base/java.util.stream.ReferencePipeline.collect(ReferencePipeline.java:682)
	at com.almasb.fxgl.entity.level.tiled.TMXLevelLoader.createTileLayerEntities(TMXLevelLoader.kt:117)
	at com.almasb.fxgl.entity.level.tiled.TMXLevelLoader.load(TMXLevelLoader.kt:58)
	at com.almasb.fxgl.app.services.FXGLAssetLoaderService.loadLevel(FXGLAssetLoaderService.kt:430)
	at com.almasb.fxgl.dsl.FXGL$Companion.setLevelFromMap(FXGL.kt:634)
	at com.almasb.fxgl.dsl.FXGL.setLevelFromMap(FXGL.kt)
	at GameSettings.ServerGameApp.Jugar(ServerGameApp.java:68)
	at GameSettings.ServerGameApp.initGame(ServerGameApp.java:60)
	at com.almasb.fxgl.app.FXGLApplication$InitAppTask.initGame(FXGLApplication.kt:339)
	at com.almasb.fxgl.app.FXGLApplication$InitAppTask.call(FXGLApplication.kt:319)
	at com.almasb.fxgl.app.FXGLApplication$InitAppTask.call(FXGLApplication.kt:311)
	at javafx.concurrent.Task$TaskCallable.call(Task.java:1426)
	at java.base/java.util.concurrent.FutureTask.run(FutureTask.java:317)
	at java.base/java.util.concurrent.Executors$RunnableAdapter.call(Executors.java:572)
	at java.base/java.util.concurrent.FutureTask.run(FutureTask.java:317)
	at java.base/java.util.concurrent.ThreadPoolExecutor.runWorker(ThreadPoolExecutor.java:1144)
	at java.base/java.util.concurrent.ThreadPoolExecutor$Worker.run(ThreadPoolExecutor.java:642)
	at java.base/java.lang.Thread.run(Thread.java:1583)

11:44:26.653 [FXGL Background Thread 1 ] DEBUG TMXLevelLoader       - Creating object layer entities
11:44:26.724 [FXGL Background Thread 1 ] DEBUG GameWorld            - Clearing removable entities
11:44:26.738 [FXGL Background Thread 1 ] DEBUG GameWorld            - Setting level: com.almasb.fxgl.entity.level.Level@8f32970
11:44:26.764 [FXGL Background Thread 1 ] DEBUG FXGLAssetLoaderServi - Loading from file system: file:/C:/Users/User/Documents/GitHub/Sonic-rush/target/classes/assets/textures/Items/ring.png
11:44:26.803 [FXGL Background Thread 1 ] DEBUG FXGLAssetLoaderServi - Loading from file system: file:/C:/Users/User/Documents/GitHub/Sonic-rush/target/classes/assets/textures/Enemigos/enemigo2.png
11:44:26.817 [FXGL Background Thread 1 ] DEBUG FXGLAssetLoaderServi - Loading from file system: file:/C:/Users/User/Documents/GitHub/Sonic-rush/target/classes/assets/textures/Items/basura.png
11:44:26.824 [FXGL Background Thread 1 ] DEBUG FXGLAssetLoaderServi - Loading from file system: file:/C:/Users/User/Documents/GitHub/Sonic-rush/target/classes/assets/textures/Items/papel.png
11:44:27.051 [FXGL Background Thread 1 ] DEBUG FXGLAssetLoaderServi - Loading from file system: file:/C:/Users/User/Documents/GitHub/Sonic-rush/target/classes/assets/textures/Items/caucho.png
11:44:27.073 [FXGL Background Thread 1 ] INFO  FXGLApplication      - Game initialization took: 0,836 sec
11:44:27.078 [FXGL Background Thread 2 ] INFO  UpdaterService       - Your current version:  17.3
11:44:27.085 [FXGL Background Thread 2 ] INFO  UpdaterService       - Latest stable version: 21.1
11:44:27.096 [JavaFX Application Thread] DEBUG Input                - Clearing active input actions
11:44:27.112 [JavaFX Application Thread] DEBUG GameApplicationServi - Removing overlay from FXGLLoadingScene and adding to GameScene
11:44:27.113 [JavaFX Application Thread] DEBUG PrimaryStageWindow   - FXGLLoadingScene -> GameScene
11:44:29.113 [FXGL Background Thread 3 ] DEBUG Engine               - Logging environment variables
11:44:29.113 [FXGL Background Thread 3 ] DEBUG Engine               - achievements: []
11:44:29.113 [FXGL Background Thread 3 ] DEBUG Engine               - actualHeight: 500.0
11:44:29.113 [FXGL Background Thread 3 ] DEBUG Engine               - actualHeightProperty: ReadOnlyDoubleProperty [value: 500.0]
11:44:29.114 [FXGL Background Thread 3 ] DEBUG Engine               - actualWidth: 800.0
11:44:29.114 [FXGL Background Thread 3 ] DEBUG Engine               - actualWidthProperty: ReadOnlyDoubleProperty [value: 800.0]
11:44:29.114 [FXGL Background Thread 3 ] DEBUG Engine               - appIcon: fxgl_icon.png
11:44:29.114 [FXGL Background Thread 3 ] DEBUG Engine               - applicationMode: DEVELOPER
11:44:29.114 [FXGL Background Thread 3 ] DEBUG Engine               - cSSList: [fxgl_dark.css]
11:44:29.114 [FXGL Background Thread 3 ] DEBUG Engine               - collisionDetectionStrategy: BRUTE_FORCE
11:44:29.114 [FXGL Background Thread 3 ] DEBUG Engine               - configClass: Optional.empty
11:44:29.114 [FXGL Background Thread 3 ] DEBUG Engine               - credits: []
11:44:29.115 [FXGL Background Thread 3 ] DEBUG Engine               - defaultCursor: CursorInfo(imageName=fxgl_default_cursor.png, hotspotX=7.0, hotspotY=6.0)
11:44:29.115 [FXGL Background Thread 3 ] DEBUG Engine               - devBBoxColorProperty: ObjectProperty [value: 0xff0000ff]
11:44:29.115 [FXGL Background Thread 3 ] DEBUG Engine               - devEnableDebugCameraProperty: BooleanProperty [value: false]
11:44:29.116 [FXGL Background Thread 3 ] DEBUG Engine               - devSensorColorProperty: ObjectProperty [value: 0xffff00ff]
11:44:29.116 [FXGL Background Thread 3 ] DEBUG Engine               - devShowBBoxProperty: BooleanProperty [value: false]
11:44:29.116 [FXGL Background Thread 3 ] DEBUG Engine               - devShowPositionProperty: BooleanProperty [value: false]
11:44:29.116 [FXGL Background Thread 3 ] DEBUG Engine               - enabledMenuItems: []
11:44:29.116 [FXGL Background Thread 3 ] DEBUG Engine               - engineServices: [class com.almasb.fxgl.app.services.FXGLAssetLoaderService, class com.almasb.fxgl.app.FXGLApplication$GameApplicationService, class com.almasb.fxgl.app.services.FXGLDialogService, class com.almasb.fxgl.app.services.IOTaskExecutorService, class com.almasb.fxgl.io.FileSystemService, class com.almasb.fxgl.localization.LocalizationService, class com.almasb.fxgl.app.services.SystemBundleService, class com.almasb.fxgl.profile.SaveLoadService, class com.almasb.fxgl.ui.FXGLUIFactoryServiceProvider, class com.almasb.fxgl.ui.FXGLDialogFactoryServiceProvider, class com.almasb.fxgl.audio.AudioPlayer, class com.almasb.fxgl.notification.impl.NotificationServiceProvider, class com.almasb.fxgl.achievement.AchievementService, class com.almasb.fxgl.cutscene.CutsceneService, class com.almasb.fxgl.minigames.MiniGameService, class com.almasb.fxgl.net.NetService, class com.almasb.fxgl.app.services.UpdaterService, class com.almasb.fxgl.dev.DevService, class com.almasb.fxgl.multiplayer.MultiplayerService]
11:44:29.116 [FXGL Background Thread 3 ] DEBUG Engine               - fontGame: Abel-Regular.ttf
11:44:29.116 [FXGL Background Thread 3 ] DEBUG Engine               - fontMono: TerminalLandMono-Regular.otf
11:44:29.116 [FXGL Background Thread 3 ] DEBUG Engine               - fontSizeScaleUI: 1.0
11:44:29.116 [FXGL Background Thread 3 ] DEBUG Engine               - fontText: Courier-Prime.ttf
11:44:29.116 [FXGL Background Thread 3 ] DEBUG Engine               - fontUI: VarelaRound-Regular.ttf
11:44:29.116 [FXGL Background Thread 3 ] DEBUG Engine               - fullScreen: BooleanProperty [value: false]
11:44:29.116 [FXGL Background Thread 3 ] DEBUG Engine               - gameDifficulty: MEDIUM
11:44:29.116 [FXGL Background Thread 3 ] DEBUG Engine               - gameDifficultyProperty: ObjectProperty [value: MEDIUM]
11:44:29.117 [FXGL Background Thread 3 ] DEBUG Engine               - globalMusicVolume: 0.5
11:44:29.117 [FXGL Background Thread 3 ] DEBUG Engine               - globalMusicVolumeProperty: DoubleProperty [value: 0.5]
11:44:29.117 [FXGL Background Thread 3 ] DEBUG Engine               - globalSoundVolume: 0.5
11:44:29.117 [FXGL Background Thread 3 ] DEBUG Engine               - globalSoundVolumeProperty: DoubleProperty [value: 0.5]
11:44:29.117 [FXGL Background Thread 3 ] DEBUG Engine               - height: 500
11:44:29.117 [FXGL Background Thread 3 ] DEBUG Engine               - is3D: false
11:44:29.117 [FXGL Background Thread 3 ] DEBUG Engine               - isAndroid: false
11:44:29.117 [FXGL Background Thread 3 ] DEBUG Engine               - isBrowser: false
11:44:29.117 [FXGL Background Thread 3 ] DEBUG Engine               - isClickFeedbackEnabled: false
11:44:29.117 [FXGL Background Thread 3 ] DEBUG Engine               - isCloseConfirmation: false
11:44:29.117 [FXGL Background Thread 3 ] DEBUG Engine               - isDesktop: true
11:44:29.117 [FXGL Background Thread 3 ] DEBUG Engine               - isDeveloperMenuEnabled: false
11:44:29.117 [FXGL Background Thread 3 ] DEBUG Engine               - isEmbedded: false
11:44:29.117 [FXGL Background Thread 3 ] DEBUG Engine               - isEntityPreloadEnabled: true
11:44:29.117 [FXGL Background Thread 3 ] DEBUG Engine               - isExperimentalTiledLargeMap: false
11:44:29.117 [FXGL Background Thread 3 ] DEBUG Engine               - isFileSystemWriteAllowed: true
11:44:29.117 [FXGL Background Thread 3 ] DEBUG Engine               - isFullScreenAllowed: false
11:44:29.117 [FXGL Background Thread 3 ] DEBUG Engine               - isFullScreenFromStart: false
11:44:29.117 [FXGL Background Thread 3 ] DEBUG Engine               - isGameMenuEnabled: true
11:44:29.117 [FXGL Background Thread 3 ] DEBUG Engine               - isIOS: false
11:44:29.117 [FXGL Background Thread 3 ] DEBUG Engine               - isIntroEnabled: false
11:44:29.118 [FXGL Background Thread 3 ] DEBUG Engine               - isLinux: false
11:44:29.118 [FXGL Background Thread 3 ] DEBUG Engine               - isMac: false
11:44:29.118 [FXGL Background Thread 3 ] DEBUG Engine               - isMainMenuEnabled: false
11:44:29.118 [FXGL Background Thread 3 ] DEBUG Engine               - isManualResizeEnabled: false
11:44:29.118 [FXGL Background Thread 3 ] DEBUG Engine               - isMobile: false
11:44:29.118 [FXGL Background Thread 3 ] DEBUG Engine               - isNative: false
11:44:29.118 [FXGL Background Thread 3 ] DEBUG Engine               - isPauseMusicWhenMinimized: true
11:44:29.118 [FXGL Background Thread 3 ] DEBUG Engine               - isPreserveResizeRatio: false
11:44:29.118 [FXGL Background Thread 3 ] DEBUG Engine               - isProfilingEnabled: false
11:44:29.118 [FXGL Background Thread 3 ] DEBUG Engine               - isScaleAffectedOnResize: true
11:44:29.118 [FXGL Background Thread 3 ] DEBUG Engine               - isSingleStep: false
11:44:29.118 [FXGL Background Thread 3 ] DEBUG Engine               - isUserProfileEnabled: false
11:44:29.118 [FXGL Background Thread 3 ] DEBUG Engine               - isWindows: true
11:44:29.118 [FXGL Background Thread 3 ] DEBUG Engine               - language: ObjectProperty [value: ENGLISH]
11:44:29.118 [FXGL Background Thread 3 ] DEBUG Engine               - menuKey: ESCAPE
11:44:29.118 [FXGL Background Thread 3 ] DEBUG Engine               - mouseSensitivity: 0.2
11:44:29.118 [FXGL Background Thread 3 ] DEBUG Engine               - notificationViewClass: class com.almasb.fxgl.notification.view.XboxNotificationView
11:44:29.118 [FXGL Background Thread 3 ] DEBUG Engine               - pixelsPerMeter: 50.0
11:44:29.118 [FXGL Background Thread 3 ] DEBUG Engine               - platform: WINDOWS
11:44:29.118 [FXGL Background Thread 3 ] DEBUG Engine               - prefHeightProperty: ReadOnlyDoubleProperty [value: 500.0]
11:44:29.119 [FXGL Background Thread 3 ] DEBUG Engine               - prefWidthProperty: ReadOnlyDoubleProperty [value: 800.0]
11:44:29.119 [FXGL Background Thread 3 ] DEBUG Engine               - profileDir: profiles/
11:44:29.119 [FXGL Background Thread 3 ] DEBUG Engine               - profileName: StringProperty [value: DEFAULT]
11:44:29.119 [FXGL Background Thread 3 ] DEBUG Engine               - randomSeed: -1
11:44:29.119 [FXGL Background Thread 3 ] DEBUG Engine               - runtimeInfo: RuntimeInfo(platform=WINDOWS, version=17.3, build=30.03.2023 11.49)
11:44:29.119 [FXGL Background Thread 3 ] DEBUG Engine               - saveFileExt: sav
11:44:29.119 [FXGL Background Thread 3 ] DEBUG Engine               - scaledHeightProp$fxgl: DoubleProperty [bound, value: 500.0]
11:44:29.119 [FXGL Background Thread 3 ] DEBUG Engine               - scaledWidthProp$fxgl: DoubleProperty [bound, value: 800.0]
11:44:29.119 [FXGL Background Thread 3 ] DEBUG Engine               - sceneFactory: com.almasb.fxgl.app.scene.SceneFactory@6383b8e5
11:44:29.119 [FXGL Background Thread 3 ] DEBUG Engine               - secondsIn24h: 60
11:44:29.119 [FXGL Background Thread 3 ] DEBUG Engine               - soundMenuBack: menu/back.wav
11:44:29.119 [FXGL Background Thread 3 ] DEBUG Engine               - soundMenuPress: menu/press.wav
11:44:29.119 [FXGL Background Thread 3 ] DEBUG Engine               - soundMenuSelect: menu/select.wav
11:44:29.119 [FXGL Background Thread 3 ] DEBUG Engine               - soundNotification: core/notification.wav
11:44:29.119 [FXGL Background Thread 3 ] DEBUG Engine               - stageStyle: DECORATED
11:44:29.120 [FXGL Background Thread 3 ] DEBUG Engine               - supportedLanguages: [ENGLISH, FRENCH, GERMAN, HUNGARIAN, RUSSIAN]
11:44:29.120 [FXGL Background Thread 3 ] DEBUG Engine               - ticksPerSecond: -1
11:44:29.120 [FXGL Background Thread 3 ] DEBUG Engine               - title: Server
11:44:29.120 [FXGL Background Thread 3 ] DEBUG Engine               - urlGithub: https://github.com/AlmasB/FXGL
11:44:29.120 [FXGL Background Thread 3 ] DEBUG Engine               - urlLeaderboard: http://fxgl-top.herokuapp.com/
11:44:29.120 [FXGL Background Thread 3 ] DEBUG Engine               - urlPOM: https://raw.githubusercontent.com/AlmasB/FXGL/release/README.md
11:44:29.120 [FXGL Background Thread 3 ] DEBUG Engine               - userAppClass: class Runner.ServerRunner
11:44:29.120 [FXGL Background Thread 3 ] DEBUG Engine               - version: 0.0
11:44:29.120 [FXGL Background Thread 3 ] DEBUG Engine               - versionCheckDays: 7
11:44:29.120 [FXGL Background Thread 3 ] DEBUG Engine               - width: 800
11:44:29.120 [FXGL Background Thread 3 ] DEBUG Engine               - Logging services
11:44:29.120 [FXGL Background Thread 3 ] DEBUG Engine               - class com.almasb.fxgl.app.services.FXGLAssetLoaderService
11:44:29.120 [FXGL Background Thread 3 ] DEBUG Engine               - class com.almasb.fxgl.app.FXGLApplication$GameApplicationService
11:44:29.120 [FXGL Background Thread 3 ] DEBUG Engine               - class com.almasb.fxgl.app.services.FXGLDialogService
11:44:29.120 [FXGL Background Thread 3 ] DEBUG Engine               - class com.almasb.fxgl.app.services.IOTaskExecutorService
11:44:29.120 [FXGL Background Thread 3 ] DEBUG Engine               - class com.almasb.fxgl.io.FileSystemService
11:44:29.120 [FXGL Background Thread 3 ] DEBUG Engine               - class com.almasb.fxgl.localization.LocalizationService
11:44:29.120 [FXGL Background Thread 3 ] DEBUG Engine               - class com.almasb.fxgl.app.services.SystemBundleService
11:44:29.120 [FXGL Background Thread 3 ] DEBUG Engine               - class com.almasb.fxgl.profile.SaveLoadService
11:44:29.120 [FXGL Background Thread 3 ] DEBUG Engine               - class com.almasb.fxgl.ui.FXGLUIFactoryServiceProvider
11:44:29.120 [FXGL Background Thread 3 ] DEBUG Engine               - class com.almasb.fxgl.ui.FXGLDialogFactoryServiceProvider
11:44:29.120 [FXGL Background Thread 3 ] DEBUG Engine               - class com.almasb.fxgl.audio.AudioPlayer
11:44:29.120 [FXGL Background Thread 3 ] DEBUG Engine               - class com.almasb.fxgl.notification.impl.NotificationServiceProvider
11:44:29.120 [FXGL Background Thread 3 ] DEBUG Engine               - class com.almasb.fxgl.achievement.AchievementService
11:44:29.120 [FXGL Background Thread 3 ] DEBUG Engine               - class com.almasb.fxgl.cutscene.CutsceneService
11:44:29.120 [FXGL Background Thread 3 ] DEBUG Engine               - class com.almasb.fxgl.minigames.MiniGameService
11:44:29.120 [FXGL Background Thread 3 ] DEBUG Engine               - class com.almasb.fxgl.net.NetService
11:44:29.120 [FXGL Background Thread 3 ] DEBUG Engine               - class com.almasb.fxgl.app.services.UpdaterService
11:44:29.120 [FXGL Background Thread 3 ] DEBUG Engine               - class com.almasb.fxgl.dev.DevService
11:44:29.120 [FXGL Background Thread 3 ] DEBUG Engine               - class com.almasb.fxgl.multiplayer.MultiplayerService
11:44:32.155 [JavaFX Application Thread] DEBUG LoopRunner           - Pausing loop
11:44:40.259 [ServerAsyncConnThread    ] DEBUG Endpoint             - TCPServer opening new connection (1) from /192.168.88.254:56690 type: class com.almasb.fxgl.core.serialization.Bundle
11:44:40.260 [ServerAsyncConnThread    ] DEBUG Endpoint             - TCPServer successfully opened connection (1)
11:44:40.269 [TCPServer_SendThread-1   ] DEBUG Writers              - Getting TCPMessageWriter for class com.almasb.fxgl.core.serialization.Bundle
11:44:40.269 [TCPServer_RecvThread-1   ] DEBUG Readers              - Getting TCPMessageReader for class com.almasb.fxgl.core.serialization.Bundle
11:44:40.270 [TCPServer_RecvThread-1   ] DEBUG Readers              - Constructed MessageReader for class com.almasb.fxgl.core.serialization.Bundle: BundleTCPMessageReader
11:44:40.271 [TCPServer_SendThread-1   ] DEBUG Writers              - Constructed TCPMessageWriter for class com.almasb.fxgl.core.serialization.Bundle: BundleTCPMessageWriter
11:44:45.227 [TCPServer_RecvThread-1   ] DEBUG Endpoint             - Connection 1 was unexpectedly disconnected: Connection reset
11:44:45.228 [TCPServer_RecvThread-1   ] DEBUG Connection           - Closing connection 1
11:44:45.228 [TCPServer_RecvThread-1   ] DEBUG Connection           - Connection 1 was correctly closed from local endpoint.
11:44:45.228 [TCPServer_RecvThread-1   ] DEBUG Endpoint             - TCPServer connection (1) was closed
11:44:45.312 [JavaFX Application Thread] DEBUG LoopRunner           - Resuming loop
11:44:46.144 [JavaFX Application Thread] DEBUG FXGLApplication      - Exiting FXGL
11:44:46.144 [JavaFX Application Thread] DEBUG LoopRunner           - Stopping loop
11:44:46.144 [JavaFX Application Thread] DEBUG SystemBundleService  - Saving FXGL system data
11:44:46.145 [JavaFX Application Thread] DEBUG FileSystemAccess     - Writing to: C:\Users\User\Documents\GitHub\Sonic-rush\system\fxgl.bundle
11:44:46.146 [JavaFX Application Thread] DEBUG Async                - Shutting down background threads
11:44:46.146 [JavaFX Application Thread] DEBUG PrimaryStageWindow   - Closing main window
11:44:46.159 [JavaFX Application Thread] DEBUG Logger               - Closing Logger
