23:56:37.267 [main                     ] DEBUG Logger               - Configured Logger
23:56:37.314 [main                     ] DEBUG GameApplication      - Logging settings
Title: Jugador Sonic
Version: 0.0
Width: 1000
Height: 600
Fullscreen: false
Intro: false
Profiling: false
Single step:false
App Mode: DEVELOPER
Menu Key: ESCAPE
Stage Style: DECORATED
Scene Factory: class com.almasb.fxgl.app.scene.SceneFactory

23:56:38.021 [JavaFX Application Thread] DEBUG FXGLApplication      - Initializing FXGL
23:56:38.035 [JavaFX Application Thread] INFO  Engine               - FXGL-17.3 (30.03.2023 11.49) on WINDOWS (J:17.0.12 FX:20)
23:56:38.043 [JavaFX Application Thread] DEBUG Engine               - JRE Vendor Name: Oracle Corporation
23:56:38.044 [JavaFX Application Thread] DEBUG Engine               - Running on OS: Windows 10 version 10.0
23:56:38.044 [JavaFX Application Thread] DEBUG Engine               - Architecture: amd64
23:56:38.044 [JavaFX Application Thread] INFO  Engine               - Source code and latest versions at: https://github.com/AlmasB/FXGL
23:56:38.046 [JavaFX Application Thread] INFO  Engine               -       Ask questions and discuss at: https://github.com/AlmasB/FXGL/discussions
23:56:38.047 [JavaFX Application Thread] INFO  Engine               -              Join the FXGL chat at: https://gitter.im/AlmasB/FXGL
23:56:38.315 [JavaFX Application Thread] DEBUG PrimaryStageWindow   - Creating a JavaFX scene
23:56:38.395 [JavaFX Application Thread] DEBUG PrimaryStageWindow   - Target settings size: 1000.0 x 600.0
23:56:38.396 [JavaFX Application Thread] DEBUG PrimaryStageWindow   - Scaled scene size:    1000.0 x 600.0
23:56:38.396 [JavaFX Application Thread] DEBUG PrimaryStageWindow   - Scaled ratio: (1.0, 1.0)
23:56:38.398 [JavaFX Application Thread] DEBUG PrimaryStageWindow   - Set initial scene to FXGLStartupScene
23:56:38.407 [JavaFX Application Thread] DEBUG PrimaryStageWindow   - Opening main window
23:56:38.533 [JavaFX Application Thread] DEBUG PrimaryStageWindow   - Window border size: (14.4000244140625, 37.5999755859375)
23:56:38.534 [JavaFX Application Thread] DEBUG PrimaryStageWindow   - Scaled size: 1000.0 x 600.0
23:56:38.534 [JavaFX Application Thread] DEBUG PrimaryStageWindow   - Scaled ratio: (1.0, 1.0)
23:56:38.534 [JavaFX Application Thread] DEBUG PrimaryStageWindow   - Scene size: 1000.0 x 600.0
23:56:38.536 [JavaFX Application Thread] DEBUG PrimaryStageWindow   - Stage size: 1014.4000244140625 x 637.5999755859375
23:56:38.552 [FXGL Background Thread 1 ] DEBUG Engine               - Initializing environment variables
23:56:38.631 [FXGL Background Thread 1 ] DEBUG FXGLAssetLoaderServi - User app class for loading assets: class Runner.ClientRunner
23:56:38.632 [FXGL Background Thread 1 ] DEBUG GameApplicationServi - Applying CSS: fxgl_dark.css
23:56:38.634 [FXGL Background Thread 1 ] DEBUG FXGLAssetLoaderServi - Loading from file system: jar:file:/C:/Users/Owner/.m2/repository/com/github/almasb/fxgl/17.3/fxgl-17.3.jar!/fxglassets/ui/css/fxgl_dark.css
23:56:38.837 [FXGL Background Thread 1 ] DEBUG GameApplicationServi - Initializing application scenes
23:56:39.004 [FXGL Background Thread 1 ] DEBUG GameWorld            - Game world initialized
23:56:39.224 [FXGL Background Thread 1 ] DEBUG PhysicsWorld         - Physics world initialized: appHeight=600, physics.ppm=50.0
23:56:39.225 [FXGL Background Thread 1 ] DEBUG PhysicsWorld         - Using strategy: BRUTE_FORCE
23:56:39.252 [FXGL Background Thread 1 ] DEBUG GameScene            - Game scene initialized: 1000x600
23:56:39.294 [FXGL Background Thread 1 ] DEBUG FXGL.DefaultMenu     - createMenuBodyGameMenu()
23:56:39.338 [FXGL Background Thread 1 ] DEBUG FXGL.DefaultMenu     - createOptionsMenu()
23:56:39.363 [FXGL Background Thread 1 ] DEBUG FXGLAssetLoaderServi - Loading from file system: jar:file:/C:/Users/Owner/.m2/repository/com/github/almasb/fxgl/17.3/fxgl-17.3.jar!/fxglassets/textures/particles/smoke.png
23:56:39.563 [FXGL Background Thread 1 ] DEBUG FXGLAssetLoaderServi - Loading from file system: jar:file:/C:/Users/Owner/.m2/repository/com/github/almasb/fxgl/17.3/fxgl-17.3.jar!/fxglassets/textures/particles/trace_horizontal.png
23:56:39.629 [FXGL Background Thread 1 ] DEBUG GameApplicationServi - Application scenes initialized
23:56:39.653 [FXGL Background Thread 1 ] DEBUG SystemBundleService  - Loading FXGL system data
23:56:39.660 [FXGL Background Thread 1 ] DEBUG FileSystemAccess     - Reading from: C:\Users\Owner\Desktop\Sonic-rush\system\fxgl.bundle
23:56:39.670 [FXGL Background Thread 1 ] DEBUG SystemBundleService  - Bundle FXGL: {}
23:56:39.671 [FXGL Background Thread 1 ] DEBUG UpdaterService       - Checking for updates
23:56:39.680 [FXGL Background Thread 1 ] DEBUG FXGLApplication      - Loading default localization
23:56:39.681 [FXGL Background Thread 1 ] DEBUG FXGLAssetLoaderServi - Loading from file system: jar:file:/C:/Users/Owner/.m2/repository/com/github/almasb/fxgl/17.3/fxgl-17.3.jar!/fxglassets/languages/english.lang
23:56:39.710 [FXGL Background Thread 1 ] INFO  FXGLApplication      - FXGL initialization took: 1.158 sec
23:56:39.792 [JavaFX Application Thread] DEBUG Input                - Registered new binding: Mover a la izquierda - A
23:56:39.793 [JavaFX Application Thread] DEBUG Input                - Registered new binding: Mover a la derecha - D
23:56:39.794 [JavaFX Application Thread] DEBUG Input                - Registered new binding: Saltar - W
23:56:39.794 [JavaFX Application Thread] DEBUG Input                - Registered new binding: Interactuar - E
23:56:39.795 [JavaFX Application Thread] DEBUG Input                - Registered new binding: Transformar - P
23:56:39.815 [JavaFX Application Thread] DEBUG Input                - Registered new binding: Desactivar filtro - L
23:56:39.825 [JavaFX Application Thread] DEBUG FXGLAssetLoaderServi - Loading from file system: jar:file:/C:/Users/Owner/.m2/repository/com/github/almasb/fxgl/17.3/fxgl-17.3.jar!/fxglassets/textures/fxgl_icon.png
23:56:40.096 [FXGL Background Thread 4 ] DEBUG FXGLApplication      - Loading fonts
23:56:40.098 [FXGL Background Thread 4 ] DEBUG FXGLAssetLoaderServi - Loading from file system: jar:file:/C:/Users/Owner/.m2/repository/com/github/almasb/fxgl/17.3/fxgl-17.3.jar!/fxglassets/ui/fonts/VarelaRound-Regular.ttf
23:56:40.102 [JavaFX Application Thread] DEBUG FXGLAssetLoaderServi - Loading from file system: jar:file:/C:/Users/Owner/.m2/repository/com/github/almasb/fxgl/17.3/fxgl-17.3.jar!/fxglassets/textures/fxgl_default_cursor.png
23:56:40.127 [JavaFX Application Thread] DEBUG Input                - Registered new binding: Screenshot - CTRL+8
23:56:40.131 [JavaFX Application Thread] DEBUG Input                - Registered new binding: System info dump - CTRL+9
23:56:40.134 [JavaFX Application Thread] DEBUG Input                - Registered new binding: Restart - CTRL+R
23:56:40.142 [JavaFX Application Thread] DEBUG Input                - Registered new binding: Toggle Debug Camera - CTRL+7
23:56:40.260 [JavaFX Application Thread] DEBUG LoopRunner           - Starting loop
23:56:40.260 [JavaFX Application Thread] DEBUG LoopRunner           - Initializing JavaFX AnimationTimerLoop
23:56:40.297 [JavaFX Application Thread] DEBUG GameApplicationServi - Starting new game
23:56:40.301 [JavaFX Application Thread] DEBUG Input                - Clearing active input actions
23:56:40.370 [JavaFX Application Thread] DEBUG GameApplicationServi - Removing overlay from FXGLStartupScene and adding to FXGLLoadingScene
23:56:40.372 [JavaFX Application Thread] DEBUG PrimaryStageWindow   - FXGLStartupScene -> FXGLLoadingScene
23:56:40.373 [JavaFX Application Thread] DEBUG GameApplicationServi - Clearing previous game
23:56:40.373 [JavaFX Application Thread] DEBUG GameScene            - Clearing game scene
23:56:40.373 [JavaFX Application Thread] DEBUG GameWorld            - Clearing game world
23:56:40.373 [JavaFX Application Thread] DEBUG PhysicsWorld         - Clearing physics world
23:56:40.377 [FXGL Background Thread 1 ] DEBUG FXGLApplication      - Initializing game
23:56:40.454 [FXGL Background Thread 1 ] DEBUG FXGLAssetLoaderServi - Loading from file system: file:/C:/Users/Owner/Desktop/Sonic-rush/target/classes/assets/music/OST2.mp3
23:56:41.516 [FXGL Background Thread 4 ] DEBUG FXGLAssetLoaderServi - Loading from file system: jar:file:/C:/Users/Owner/.m2/repository/com/github/almasb/fxgl/17.3/fxgl-17.3.jar!/fxglassets/ui/fonts/Abel-Regular.ttf
23:56:41.536 [FXGL Background Thread 4 ] DEBUG FXGLAssetLoaderServi - Loading from file system: jar:file:/C:/Users/Owner/.m2/repository/com/github/almasb/fxgl/17.3/fxgl-17.3.jar!/fxglassets/ui/fonts/TerminalLandMono-Regular.otf
23:56:41.615 [FXGL Background Thread 4 ] DEBUG FXGLAssetLoaderServi - Loading from file system: jar:file:/C:/Users/Owner/.m2/repository/com/github/almasb/fxgl/17.3/fxgl-17.3.jar!/fxglassets/ui/fonts/Courier-Prime.ttf
23:56:41.698 [JavaFX Application Thread] DEBUG FXGLApplication      - Registering font factories with UI factory
23:56:42.094 [FXGL Background Thread 1 ] DEBUG AudioPlayer          - Playing music com.almasb.fxgl.audio.Music@6e8f3de3
23:56:42.122 [FXGL Background Thread 1 ] INFO  FXGLApplication      - Game initialization took: 1.744 sec
23:56:42.713 [FXGL Background Thread 2 ] INFO  UpdaterService       - Your current version:  17.3
23:56:42.723 [JavaFX Application Thread] DEBUG Input                - Clearing active input actions
23:56:42.751 [FXGL Background Thread 3 ] DEBUG Engine               - Logging environment variables
23:56:42.752 [FXGL Background Thread 3 ] DEBUG Engine               - achievements: []
23:56:42.752 [FXGL Background Thread 3 ] DEBUG Engine               - actualHeight: 600.0
23:56:42.752 [FXGL Background Thread 3 ] DEBUG Engine               - actualHeightProperty: ReadOnlyDoubleProperty [value: 600.0]
23:56:42.753 [FXGL Background Thread 3 ] DEBUG Engine               - actualWidth: 1000.0
23:56:42.753 [FXGL Background Thread 3 ] DEBUG Engine               - actualWidthProperty: ReadOnlyDoubleProperty [value: 1000.0]
23:56:42.753 [FXGL Background Thread 3 ] DEBUG Engine               - appIcon: fxgl_icon.png
23:56:42.753 [FXGL Background Thread 3 ] DEBUG Engine               - applicationMode: DEVELOPER
23:56:42.753 [FXGL Background Thread 3 ] DEBUG Engine               - cSSList: [fxgl_dark.css]
23:56:42.753 [FXGL Background Thread 3 ] DEBUG Engine               - collisionDetectionStrategy: BRUTE_FORCE
23:56:42.753 [FXGL Background Thread 3 ] DEBUG Engine               - configClass: Optional.empty
23:56:42.753 [FXGL Background Thread 3 ] DEBUG Engine               - credits: []
23:56:42.754 [FXGL Background Thread 3 ] DEBUG Engine               - defaultCursor: CursorInfo(imageName=fxgl_default_cursor.png, hotspotX=7.0, hotspotY=6.0)
23:56:42.754 [FXGL Background Thread 3 ] DEBUG Engine               - devBBoxColorProperty: ObjectProperty [value: 0xff0000ff]
23:56:42.755 [FXGL Background Thread 3 ] DEBUG Engine               - devEnableDebugCameraProperty: BooleanProperty [value: false]
23:56:42.755 [FXGL Background Thread 3 ] DEBUG Engine               - devSensorColorProperty: ObjectProperty [value: 0xffff00ff]
23:56:42.756 [FXGL Background Thread 3 ] DEBUG Engine               - devShowBBoxProperty: BooleanProperty [value: false]
23:56:42.758 [FXGL Background Thread 3 ] DEBUG Engine               - devShowPositionProperty: BooleanProperty [value: false]
23:56:42.759 [FXGL Background Thread 3 ] DEBUG Engine               - enabledMenuItems: []
23:56:42.759 [FXGL Background Thread 3 ] DEBUG Engine               - engineServices: [class com.almasb.fxgl.app.services.FXGLAssetLoaderService, class com.almasb.fxgl.app.FXGLApplication$GameApplicationService, class com.almasb.fxgl.app.services.FXGLDialogService, class com.almasb.fxgl.app.services.IOTaskExecutorService, class com.almasb.fxgl.io.FileSystemService, class com.almasb.fxgl.localization.LocalizationService, class com.almasb.fxgl.app.services.SystemBundleService, class com.almasb.fxgl.profile.SaveLoadService, class com.almasb.fxgl.ui.FXGLUIFactoryServiceProvider, class com.almasb.fxgl.ui.FXGLDialogFactoryServiceProvider, class com.almasb.fxgl.audio.AudioPlayer, class com.almasb.fxgl.notification.impl.NotificationServiceProvider, class com.almasb.fxgl.achievement.AchievementService, class com.almasb.fxgl.cutscene.CutsceneService, class com.almasb.fxgl.minigames.MiniGameService, class com.almasb.fxgl.net.NetService, class com.almasb.fxgl.app.services.UpdaterService, class com.almasb.fxgl.dev.DevService, class com.almasb.fxgl.multiplayer.MultiplayerService]
23:56:42.759 [FXGL Background Thread 3 ] DEBUG Engine               - fontGame: Abel-Regular.ttf
23:56:42.760 [FXGL Background Thread 3 ] DEBUG Engine               - fontMono: TerminalLandMono-Regular.otf
23:56:42.760 [FXGL Background Thread 3 ] DEBUG Engine               - fontSizeScaleUI: 1.0
23:56:42.760 [FXGL Background Thread 3 ] DEBUG Engine               - fontText: Courier-Prime.ttf
23:56:42.760 [FXGL Background Thread 3 ] DEBUG Engine               - fontUI: VarelaRound-Regular.ttf
23:56:42.760 [FXGL Background Thread 3 ] DEBUG Engine               - fullScreen: BooleanProperty [value: false]
23:56:42.760 [FXGL Background Thread 3 ] DEBUG Engine               - gameDifficulty: MEDIUM
23:56:42.761 [FXGL Background Thread 3 ] DEBUG Engine               - gameDifficultyProperty: ObjectProperty [value: MEDIUM]
23:56:42.761 [FXGL Background Thread 3 ] DEBUG Engine               - globalMusicVolume: 0.5
23:56:42.761 [FXGL Background Thread 3 ] DEBUG Engine               - globalMusicVolumeProperty: DoubleProperty [value: 0.5]
23:56:42.761 [FXGL Background Thread 3 ] DEBUG Engine               - globalSoundVolume: 0.5
23:56:42.761 [JavaFX Application Thread] DEBUG GameApplicationServi - Removing overlay from FXGLLoadingScene and adding to GameScene
23:56:42.761 [FXGL Background Thread 3 ] DEBUG Engine               - globalSoundVolumeProperty: DoubleProperty [value: 0.5]
23:56:42.761 [FXGL Background Thread 3 ] DEBUG Engine               - height: 600
23:56:42.761 [FXGL Background Thread 3 ] DEBUG Engine               - is3D: false
23:56:42.761 [JavaFX Application Thread] DEBUG PrimaryStageWindow   - FXGLLoadingScene -> GameScene
23:56:42.761 [FXGL Background Thread 3 ] DEBUG Engine               - isAndroid: false
23:56:42.761 [FXGL Background Thread 3 ] DEBUG Engine               - isBrowser: false
23:56:42.761 [FXGL Background Thread 3 ] DEBUG Engine               - isClickFeedbackEnabled: false
23:56:42.762 [FXGL Background Thread 3 ] DEBUG Engine               - isCloseConfirmation: false
23:56:42.762 [FXGL Background Thread 3 ] DEBUG Engine               - isDesktop: true
23:56:42.762 [FXGL Background Thread 3 ] DEBUG Engine               - isDeveloperMenuEnabled: false
23:56:42.762 [FXGL Background Thread 3 ] DEBUG Engine               - isEmbedded: false
23:56:42.762 [FXGL Background Thread 3 ] DEBUG Engine               - isEntityPreloadEnabled: true
23:56:42.762 [FXGL Background Thread 3 ] DEBUG Engine               - isExperimentalTiledLargeMap: false
23:56:42.762 [FXGL Background Thread 3 ] DEBUG Engine               - isFileSystemWriteAllowed: true
23:56:42.763 [FXGL Background Thread 3 ] DEBUG Engine               - isFullScreenAllowed: false
23:56:42.763 [FXGL Background Thread 3 ] DEBUG Engine               - isFullScreenFromStart: false
23:56:42.763 [FXGL Background Thread 3 ] DEBUG Engine               - isGameMenuEnabled: true
23:56:42.763 [FXGL Background Thread 3 ] DEBUG Engine               - isIOS: false
23:56:42.763 [FXGL Background Thread 3 ] DEBUG Engine               - isIntroEnabled: false
23:56:42.763 [FXGL Background Thread 3 ] DEBUG Engine               - isLinux: false
23:56:42.763 [FXGL Background Thread 3 ] DEBUG Engine               - isMac: false
23:56:42.763 [FXGL Background Thread 3 ] DEBUG Engine               - isMainMenuEnabled: false
23:56:42.763 [FXGL Background Thread 3 ] DEBUG Engine               - isManualResizeEnabled: false
23:56:42.764 [FXGL Background Thread 3 ] DEBUG Engine               - isMobile: false
23:56:42.764 [FXGL Background Thread 3 ] DEBUG Engine               - isNative: false
23:56:42.764 [FXGL Background Thread 3 ] DEBUG Engine               - isPauseMusicWhenMinimized: true
23:56:42.764 [FXGL Background Thread 3 ] DEBUG Engine               - isPreserveResizeRatio: false
23:56:42.764 [FXGL Background Thread 3 ] DEBUG Engine               - isProfilingEnabled: false
23:56:42.764 [FXGL Background Thread 3 ] DEBUG Engine               - isScaleAffectedOnResize: true
23:56:42.765 [FXGL Background Thread 3 ] DEBUG Engine               - isSingleStep: false
23:56:42.765 [FXGL Background Thread 3 ] DEBUG Engine               - isUserProfileEnabled: false
23:56:42.765 [FXGL Background Thread 3 ] DEBUG Engine               - isWindows: true
23:56:42.765 [FXGL Background Thread 3 ] DEBUG Engine               - language: ObjectProperty [value: ENGLISH]
23:56:42.765 [FXGL Background Thread 3 ] DEBUG Engine               - menuKey: ESCAPE
23:56:42.765 [FXGL Background Thread 3 ] DEBUG Engine               - mouseSensitivity: 0.2
23:56:42.766 [FXGL Background Thread 3 ] DEBUG Engine               - notificationViewClass: class com.almasb.fxgl.notification.view.XboxNotificationView
23:56:42.769 [FXGL Background Thread 3 ] DEBUG Engine               - pixelsPerMeter: 50.0
23:56:42.769 [FXGL Background Thread 3 ] DEBUG Engine               - platform: WINDOWS
23:56:42.775 [FXGL Background Thread 3 ] DEBUG Engine               - prefHeightProperty: ReadOnlyDoubleProperty [value: 600.0]
23:56:42.775 [FXGL Background Thread 3 ] DEBUG Engine               - prefWidthProperty: ReadOnlyDoubleProperty [value: 1000.0]
23:56:42.776 [FXGL Background Thread 3 ] DEBUG Engine               - profileDir: profiles/
23:56:42.776 [FXGL Background Thread 3 ] DEBUG Engine               - profileName: StringProperty [value: DEFAULT]
23:56:42.777 [FXGL Background Thread 3 ] DEBUG Engine               - randomSeed: -1
23:56:42.778 [FXGL Background Thread 3 ] DEBUG Engine               - runtimeInfo: RuntimeInfo(platform=WINDOWS, version=17.3, build=30.03.2023 11.49)
23:56:42.778 [FXGL Background Thread 3 ] DEBUG Engine               - saveFileExt: sav
23:56:42.779 [FXGL Background Thread 3 ] DEBUG Engine               - scaledHeightProp$fxgl: DoubleProperty [bound, value: 600.0]
23:56:42.779 [FXGL Background Thread 3 ] DEBUG Engine               - scaledWidthProp$fxgl: DoubleProperty [bound, value: 1000.0]
23:56:42.779 [FXGL Background Thread 3 ] DEBUG Engine               - sceneFactory: com.almasb.fxgl.app.scene.SceneFactory@1006a3ab
23:56:42.779 [FXGL Background Thread 3 ] DEBUG Engine               - secondsIn24h: 60
23:56:42.779 [FXGL Background Thread 3 ] DEBUG Engine               - soundMenuBack: menu/back.wav
23:56:42.779 [FXGL Background Thread 3 ] DEBUG Engine               - soundMenuPress: menu/press.wav
23:56:42.779 [FXGL Background Thread 3 ] DEBUG Engine               - soundMenuSelect: menu/select.wav
23:56:42.779 [FXGL Background Thread 3 ] DEBUG Engine               - soundNotification: core/notification.wav
23:56:42.780 [FXGL Background Thread 3 ] DEBUG Engine               - stageStyle: DECORATED
23:56:42.780 [FXGL Background Thread 3 ] DEBUG Engine               - supportedLanguages: [ENGLISH, FRENCH, GERMAN, HUNGARIAN, RUSSIAN]
23:56:42.781 [FXGL Background Thread 3 ] DEBUG Engine               - ticksPerSecond: -1
23:56:42.781 [FXGL Background Thread 3 ] DEBUG Engine               - title: Jugador Sonic
23:56:42.781 [FXGL Background Thread 3 ] DEBUG Engine               - urlGithub: https://github.com/AlmasB/FXGL
23:56:42.781 [FXGL Background Thread 3 ] DEBUG Engine               - urlLeaderboard: http://fxgl-top.herokuapp.com/
23:56:42.782 [FXGL Background Thread 3 ] DEBUG Engine               - urlPOM: https://raw.githubusercontent.com/AlmasB/FXGL/release/README.md
23:56:42.782 [FXGL Background Thread 3 ] DEBUG Engine               - userAppClass: class Runner.ClientRunner
23:56:42.782 [FXGL Background Thread 3 ] DEBUG Engine               - version: 0.0
23:56:42.782 [FXGL Background Thread 3 ] DEBUG Engine               - versionCheckDays: 7
23:56:42.782 [FXGL Background Thread 3 ] DEBUG Engine               - width: 1000
23:56:42.782 [FXGL Background Thread 3 ] DEBUG Engine               - Logging services
23:56:42.782 [FXGL Background Thread 3 ] DEBUG Engine               - class com.almasb.fxgl.app.services.FXGLAssetLoaderService
23:56:42.782 [FXGL Background Thread 3 ] DEBUG Engine               - class com.almasb.fxgl.app.FXGLApplication$GameApplicationService
23:56:42.782 [FXGL Background Thread 3 ] DEBUG Engine               - class com.almasb.fxgl.app.services.FXGLDialogService
23:56:42.783 [FXGL Background Thread 3 ] DEBUG Engine               - class com.almasb.fxgl.app.services.IOTaskExecutorService
23:56:42.783 [FXGL Background Thread 3 ] DEBUG Engine               - class com.almasb.fxgl.io.FileSystemService
23:56:42.783 [FXGL Background Thread 3 ] DEBUG Engine               - class com.almasb.fxgl.localization.LocalizationService
23:56:42.783 [FXGL Background Thread 3 ] DEBUG Engine               - class com.almasb.fxgl.app.services.SystemBundleService
23:56:42.783 [FXGL Background Thread 3 ] DEBUG Engine               - class com.almasb.fxgl.profile.SaveLoadService
23:56:42.783 [FXGL Background Thread 3 ] DEBUG Engine               - class com.almasb.fxgl.ui.FXGLUIFactoryServiceProvider
23:56:42.783 [FXGL Background Thread 3 ] DEBUG Engine               - class com.almasb.fxgl.ui.FXGLDialogFactoryServiceProvider
23:56:42.783 [FXGL Background Thread 3 ] DEBUG Engine               - class com.almasb.fxgl.audio.AudioPlayer
23:56:42.783 [FXGL Background Thread 3 ] DEBUG Engine               - class com.almasb.fxgl.notification.impl.NotificationServiceProvider
23:56:42.783 [FXGL Background Thread 3 ] DEBUG Engine               - class com.almasb.fxgl.achievement.AchievementService
23:56:42.783 [FXGL Background Thread 3 ] DEBUG Engine               - class com.almasb.fxgl.cutscene.CutsceneService
23:56:42.783 [FXGL Background Thread 3 ] DEBUG Engine               - class com.almasb.fxgl.minigames.MiniGameService
23:56:42.784 [FXGL Background Thread 3 ] DEBUG Engine               - class com.almasb.fxgl.net.NetService
23:56:42.784 [FXGL Background Thread 3 ] DEBUG Engine               - class com.almasb.fxgl.app.services.UpdaterService
23:56:42.784 [FXGL Background Thread 3 ] DEBUG Engine               - class com.almasb.fxgl.dev.DevService
23:56:42.784 [FXGL Background Thread 3 ] DEBUG Engine               - class com.almasb.fxgl.multiplayer.MultiplayerService
23:56:42.861 [FXGL Background Thread 2 ] INFO  UpdaterService       - Latest stable version: 21.1
23:58:15.248 [JavaFX Application Thread] DEBUG FXGLApplication      - Exiting FXGL
23:58:15.250 [JavaFX Application Thread] DEBUG LoopRunner           - Stopping loop
23:58:15.251 [JavaFX Application Thread] DEBUG SystemBundleService  - Saving FXGL system data
23:58:15.269 [JavaFX Application Thread] DEBUG FileSystemAccess     - Writing to: C:\Users\Owner\Desktop\Sonic-rush\system\fxgl.bundle
23:58:15.273 [JavaFX Application Thread] DEBUG Async                - Shutting down background threads
23:58:15.274 [JavaFX Application Thread] DEBUG PrimaryStageWindow   - Closing main window
23:58:15.369 [JavaFX Application Thread] DEBUG Logger               - Closing Logger
