15:21:29.960 [main                     ] DEBUG Logger               - Configured Logger
15:21:30.025 [main                     ] DEBUG GameApplication      - Logging settings
Title: Jugador Sonic
Version: 0.0
Width: 1000
Height: 600
Fullscreen: false
Intro: false
Profiling: false
Single step:false
App Mode: DEVELOPER
Menu Key: ESCAPE
Stage Style: DECORATED
Scene Factory: class com.almasb.fxgl.app.scene.SceneFactory

15:21:30.840 [JavaFX Application Thread] DEBUG FXGLApplication      - Initializing FXGL
15:21:30.848 [JavaFX Application Thread] INFO  Engine               - FXGL-17.3 (30.03.2023 11.49) on WINDOWS (J:17.0.12 FX:20)
15:21:30.848 [JavaFX Application Thread] DEBUG Engine               - JRE Vendor Name: Oracle Corporation
15:21:30.849 [JavaFX Application Thread] DEBUG Engine               - Running on OS: Windows 10 version 10.0
15:21:30.849 [JavaFX Application Thread] DEBUG Engine               - Architecture: amd64
15:21:30.849 [JavaFX Application Thread] INFO  Engine               - Source code and latest versions at: https://github.com/AlmasB/FXGL
15:21:30.850 [JavaFX Application Thread] INFO  Engine               -       Ask questions and discuss at: https://github.com/AlmasB/FXGL/discussions
15:21:30.850 [JavaFX Application Thread] INFO  Engine               -              Join the FXGL chat at: https://gitter.im/AlmasB/FXGL
15:21:31.134 [JavaFX Application Thread] DEBUG PrimaryStageWindow   - Creating a JavaFX scene
15:21:31.228 [JavaFX Application Thread] DEBUG PrimaryStageWindow   - Target settings size: 1000.0 x 600.0
15:21:31.228 [JavaFX Application Thread] DEBUG PrimaryStageWindow   - Scaled scene size:    1000.0 x 600.0
15:21:31.229 [JavaFX Application Thread] DEBUG PrimaryStageWindow   - Scaled ratio: (1.0, 1.0)
15:21:31.231 [JavaFX Application Thread] DEBUG PrimaryStageWindow   - Set initial scene to FXGLStartupScene
15:21:31.235 [JavaFX Application Thread] DEBUG PrimaryStageWindow   - Opening main window
15:21:31.368 [JavaFX Application Thread] DEBUG PrimaryStageWindow   - Window border size: (14.4000244140625, 37.5999755859375)
15:21:31.368 [JavaFX Application Thread] DEBUG PrimaryStageWindow   - Scaled size: 1000.0 x 600.0
15:21:31.370 [JavaFX Application Thread] DEBUG PrimaryStageWindow   - Scaled ratio: (1.0, 1.0)
15:21:31.372 [JavaFX Application Thread] DEBUG PrimaryStageWindow   - Scene size: 1000.0 x 600.0
15:21:31.372 [JavaFX Application Thread] DEBUG PrimaryStageWindow   - Stage size: 1014.4000244140625 x 637.5999755859375
15:21:31.400 [FXGL Background Thread 1 ] DEBUG Engine               - Initializing environment variables
15:21:31.501 [FXGL Background Thread 1 ] DEBUG FXGLAssetLoaderServi - User app class for loading assets: class Runner.ClientRunner
15:21:31.502 [FXGL Background Thread 1 ] DEBUG GameApplicationServi - Applying CSS: fxgl_dark.css
15:21:31.510 [FXGL Background Thread 1 ] DEBUG FXGLAssetLoaderServi - Loading from file system: jar:file:/C:/Users/Owner/.m2/repository/com/github/almasb/fxgl/17.3/fxgl-17.3.jar!/fxglassets/ui/css/fxgl_dark.css
15:21:31.757 [FXGL Background Thread 1 ] DEBUG GameApplicationServi - Initializing application scenes
15:21:32.255 [FXGL Background Thread 1 ] DEBUG GameWorld            - Game world initialized
15:21:32.531 [FXGL Background Thread 1 ] DEBUG PhysicsWorld         - Physics world initialized: appHeight=600, physics.ppm=50.0
15:21:32.531 [FXGL Background Thread 1 ] DEBUG PhysicsWorld         - Using strategy: BRUTE_FORCE
15:21:32.568 [FXGL Background Thread 1 ] DEBUG GameScene            - Game scene initialized: 1000x600
15:21:32.676 [FXGL Background Thread 1 ] DEBUG FXGL.DefaultMenu     - createMenuBodyGameMenu()
15:21:32.841 [FXGL Background Thread 1 ] DEBUG FXGL.DefaultMenu     - createOptionsMenu()
15:21:32.947 [FXGL Background Thread 1 ] DEBUG FXGLAssetLoaderServi - Loading from file system: jar:file:/C:/Users/Owner/.m2/repository/com/github/almasb/fxgl/17.3/fxgl-17.3.jar!/fxglassets/textures/particles/smoke.png
15:21:33.621 [FXGL Background Thread 1 ] DEBUG FXGLAssetLoaderServi - Loading from file system: jar:file:/C:/Users/Owner/.m2/repository/com/github/almasb/fxgl/17.3/fxgl-17.3.jar!/fxglassets/textures/particles/trace_horizontal.png
15:21:33.685 [FXGL Background Thread 1 ] DEBUG GameApplicationServi - Application scenes initialized
15:21:33.753 [FXGL Background Thread 1 ] DEBUG SystemBundleService  - Loading FXGL system data
15:21:33.762 [FXGL Background Thread 1 ] DEBUG FileSystemAccess     - Reading from: C:\Users\Owner\Desktop\Sonic-rush\system\fxgl.bundle
15:21:33.774 [FXGL Background Thread 1 ] DEBUG SystemBundleService  - Bundle FXGL: {}
15:21:33.774 [FXGL Background Thread 1 ] DEBUG UpdaterService       - Checking for updates
15:21:33.785 [FXGL Background Thread 1 ] DEBUG FXGLApplication      - Loading default localization
15:21:33.786 [FXGL Background Thread 1 ] DEBUG FXGLAssetLoaderServi - Loading from file system: jar:file:/C:/Users/Owner/.m2/repository/com/github/almasb/fxgl/17.3/fxgl-17.3.jar!/fxglassets/languages/english.lang
15:21:33.812 [FXGL Background Thread 1 ] INFO  FXGLApplication      - FXGL initialization took: 2.412 sec
15:21:33.913 [FXGL Background Thread 4 ] DEBUG FXGLApplication      - Loading fonts
15:21:33.914 [FXGL Background Thread 4 ] DEBUG FXGLAssetLoaderServi - Loading from file system: jar:file:/C:/Users/Owner/.m2/repository/com/github/almasb/fxgl/17.3/fxgl-17.3.jar!/fxglassets/ui/fonts/VarelaRound-Regular.ttf
15:21:33.988 [JavaFX Application Thread] DEBUG Input                - Registered new binding: Mover a la izquierda - A
15:21:33.989 [JavaFX Application Thread] DEBUG Input                - Registered new binding: Mover a la derecha - D
15:21:33.989 [JavaFX Application Thread] DEBUG Input                - Registered new binding: Saltar - W
15:21:33.990 [JavaFX Application Thread] DEBUG Input                - Registered new binding: Interactuar - E
15:21:33.990 [JavaFX Application Thread] DEBUG Input                - Registered new binding: Transformar - P
15:21:33.991 [JavaFX Application Thread] DEBUG Input                - Registered new binding: Desactivar filtro - L
15:21:33.992 [JavaFX Application Thread] DEBUG FXGLAssetLoaderServi - Loading from file system: jar:file:/C:/Users/Owner/.m2/repository/com/github/almasb/fxgl/17.3/fxgl-17.3.jar!/fxglassets/textures/fxgl_icon.png
15:21:34.421 [JavaFX Application Thread] DEBUG FXGLAssetLoaderServi - Loading from file system: jar:file:/C:/Users/Owner/.m2/repository/com/github/almasb/fxgl/17.3/fxgl-17.3.jar!/fxglassets/textures/fxgl_default_cursor.png
15:21:34.444 [JavaFX Application Thread] DEBUG Input                - Registered new binding: Screenshot - CTRL+8
15:21:34.445 [JavaFX Application Thread] DEBUG Input                - Registered new binding: System info dump - CTRL+9
15:21:34.446 [JavaFX Application Thread] DEBUG Input                - Registered new binding: Restart - CTRL+R
15:21:34.450 [JavaFX Application Thread] DEBUG Input                - Registered new binding: Toggle Debug Camera - CTRL+7
15:21:34.493 [JavaFX Application Thread] DEBUG LoopRunner           - Starting loop
15:21:34.494 [JavaFX Application Thread] DEBUG LoopRunner           - Initializing JavaFX AnimationTimerLoop
15:21:34.500 [JavaFX Application Thread] DEBUG GameApplicationServi - Starting new game
15:21:34.501 [JavaFX Application Thread] DEBUG Input                - Clearing active input actions
15:21:34.549 [JavaFX Application Thread] DEBUG GameApplicationServi - Removing overlay from FXGLStartupScene and adding to FXGLLoadingScene
15:21:34.551 [JavaFX Application Thread] DEBUG PrimaryStageWindow   - FXGLStartupScene -> FXGLLoadingScene
15:21:34.551 [JavaFX Application Thread] DEBUG GameApplicationServi - Clearing previous game
15:21:34.551 [JavaFX Application Thread] DEBUG GameScene            - Clearing game scene
15:21:34.551 [JavaFX Application Thread] DEBUG GameWorld            - Clearing game world
15:21:34.552 [JavaFX Application Thread] DEBUG PhysicsWorld         - Clearing physics world
15:21:34.556 [FXGL Background Thread 1 ] DEBUG FXGLApplication      - Initializing game
15:21:34.579 [FXGL Background Thread 1 ] DEBUG FXGLAssetLoaderServi - Loading from file system: file:/C:/Users/Owner/Desktop/Sonic-rush/target/classes/assets/music/OST2.mp3
15:21:35.854 [FXGL Background Thread 4 ] DEBUG FXGLAssetLoaderServi - Loading from file system: jar:file:/C:/Users/Owner/.m2/repository/com/github/almasb/fxgl/17.3/fxgl-17.3.jar!/fxglassets/ui/fonts/Abel-Regular.ttf
15:21:35.885 [FXGL Background Thread 4 ] DEBUG FXGLAssetLoaderServi - Loading from file system: jar:file:/C:/Users/Owner/.m2/repository/com/github/almasb/fxgl/17.3/fxgl-17.3.jar!/fxglassets/ui/fonts/TerminalLandMono-Regular.otf
15:21:35.904 [FXGL Background Thread 4 ] DEBUG FXGLAssetLoaderServi - Loading from file system: jar:file:/C:/Users/Owner/.m2/repository/com/github/almasb/fxgl/17.3/fxgl-17.3.jar!/fxglassets/ui/fonts/Courier-Prime.ttf
15:21:35.937 [JavaFX Application Thread] DEBUG FXGLApplication      - Registering font factories with UI factory
15:21:36.025 [FXGL Background Thread 1 ] DEBUG AudioPlayer          - Playing music com.almasb.fxgl.audio.Music@5e53fdd0
15:21:36.047 [FXGL Background Thread 1 ] INFO  FXGLApplication      - Game initialization took: 1.490 sec
15:21:36.230 [JavaFX Application Thread] DEBUG Input                - Clearing active input actions
15:21:36.283 [JavaFX Application Thread] DEBUG GameApplicationServi - Removing overlay from FXGLLoadingScene and adding to GameScene
15:21:36.284 [JavaFX Application Thread] DEBUG PrimaryStageWindow   - FXGLLoadingScene -> GameScene
15:21:36.782 [FXGL Background Thread 3 ] DEBUG Engine               - Logging environment variables
15:21:36.794 [FXGL Background Thread 3 ] DEBUG Engine               - achievements: []
15:21:36.795 [FXGL Background Thread 3 ] DEBUG Engine               - actualHeight: 600.0
15:21:36.796 [FXGL Background Thread 3 ] DEBUG Engine               - actualHeightProperty: ReadOnlyDoubleProperty [value: 600.0]
15:21:36.797 [FXGL Background Thread 3 ] DEBUG Engine               - actualWidth: 1000.0
15:21:36.798 [FXGL Background Thread 3 ] DEBUG Engine               - actualWidthProperty: ReadOnlyDoubleProperty [value: 1000.0]
15:21:36.798 [FXGL Background Thread 3 ] DEBUG Engine               - appIcon: fxgl_icon.png
15:21:36.799 [FXGL Background Thread 3 ] DEBUG Engine               - applicationMode: DEVELOPER
15:21:36.800 [FXGL Background Thread 3 ] DEBUG Engine               - cSSList: [fxgl_dark.css]
15:21:36.801 [FXGL Background Thread 3 ] DEBUG Engine               - collisionDetectionStrategy: BRUTE_FORCE
15:21:36.801 [FXGL Background Thread 3 ] DEBUG Engine               - configClass: Optional.empty
15:21:36.801 [FXGL Background Thread 3 ] DEBUG Engine               - credits: []
15:21:36.801 [FXGL Background Thread 3 ] DEBUG Engine               - defaultCursor: CursorInfo(imageName=fxgl_default_cursor.png, hotspotX=7.0, hotspotY=6.0)
15:21:36.802 [FXGL Background Thread 3 ] DEBUG Engine               - devBBoxColorProperty: ObjectProperty [value: 0xff0000ff]
15:21:36.802 [FXGL Background Thread 3 ] DEBUG Engine               - devEnableDebugCameraProperty: BooleanProperty [value: false]
15:21:36.802 [FXGL Background Thread 3 ] DEBUG Engine               - devSensorColorProperty: ObjectProperty [value: 0xffff00ff]
15:21:36.802 [FXGL Background Thread 3 ] DEBUG Engine               - devShowBBoxProperty: BooleanProperty [value: false]
15:21:36.803 [FXGL Background Thread 3 ] DEBUG Engine               - devShowPositionProperty: BooleanProperty [value: false]
15:21:36.803 [FXGL Background Thread 3 ] DEBUG Engine               - enabledMenuItems: []
15:21:36.805 [FXGL Background Thread 3 ] DEBUG Engine               - engineServices: [class com.almasb.fxgl.app.services.FXGLAssetLoaderService, class com.almasb.fxgl.app.FXGLApplication$GameApplicationService, class com.almasb.fxgl.app.services.FXGLDialogService, class com.almasb.fxgl.app.services.IOTaskExecutorService, class com.almasb.fxgl.io.FileSystemService, class com.almasb.fxgl.localization.LocalizationService, class com.almasb.fxgl.app.services.SystemBundleService, class com.almasb.fxgl.profile.SaveLoadService, class com.almasb.fxgl.ui.FXGLUIFactoryServiceProvider, class com.almasb.fxgl.ui.FXGLDialogFactoryServiceProvider, class com.almasb.fxgl.audio.AudioPlayer, class com.almasb.fxgl.notification.impl.NotificationServiceProvider, class com.almasb.fxgl.achievement.AchievementService, class com.almasb.fxgl.cutscene.CutsceneService, class com.almasb.fxgl.minigames.MiniGameService, class com.almasb.fxgl.net.NetService, class com.almasb.fxgl.app.services.UpdaterService, class com.almasb.fxgl.dev.DevService, class com.almasb.fxgl.multiplayer.MultiplayerService]
15:21:36.805 [FXGL Background Thread 3 ] DEBUG Engine               - fontGame: Abel-Regular.ttf
15:21:36.806 [FXGL Background Thread 3 ] DEBUG Engine               - fontMono: TerminalLandMono-Regular.otf
15:21:36.807 [FXGL Background Thread 3 ] DEBUG Engine               - fontSizeScaleUI: 1.0
15:21:36.807 [FXGL Background Thread 3 ] DEBUG Engine               - fontText: Courier-Prime.ttf
15:21:36.808 [FXGL Background Thread 3 ] DEBUG Engine               - fontUI: VarelaRound-Regular.ttf
15:21:36.808 [FXGL Background Thread 3 ] DEBUG Engine               - fullScreen: BooleanProperty [value: false]
15:21:36.808 [FXGL Background Thread 3 ] DEBUG Engine               - gameDifficulty: MEDIUM
15:21:36.808 [FXGL Background Thread 3 ] DEBUG Engine               - gameDifficultyProperty: ObjectProperty [value: MEDIUM]
15:21:36.808 [FXGL Background Thread 3 ] DEBUG Engine               - globalMusicVolume: 0.5
15:21:36.808 [FXGL Background Thread 3 ] DEBUG Engine               - globalMusicVolumeProperty: DoubleProperty [value: 0.5]
15:21:36.808 [FXGL Background Thread 3 ] DEBUG Engine               - globalSoundVolume: 0.5
15:21:36.808 [FXGL Background Thread 3 ] DEBUG Engine               - globalSoundVolumeProperty: DoubleProperty [value: 0.5]
15:21:36.809 [FXGL Background Thread 3 ] DEBUG Engine               - height: 600
15:21:36.809 [FXGL Background Thread 3 ] DEBUG Engine               - is3D: false
15:21:36.809 [FXGL Background Thread 3 ] DEBUG Engine               - isAndroid: false
15:21:36.809 [FXGL Background Thread 3 ] DEBUG Engine               - isBrowser: false
15:21:36.809 [FXGL Background Thread 3 ] DEBUG Engine               - isClickFeedbackEnabled: false
15:21:36.809 [FXGL Background Thread 3 ] DEBUG Engine               - isCloseConfirmation: false
15:21:36.809 [FXGL Background Thread 3 ] DEBUG Engine               - isDesktop: true
15:21:36.810 [FXGL Background Thread 3 ] DEBUG Engine               - isDeveloperMenuEnabled: false
15:21:36.810 [FXGL Background Thread 3 ] DEBUG Engine               - isEmbedded: false
15:21:36.810 [FXGL Background Thread 3 ] DEBUG Engine               - isEntityPreloadEnabled: true
15:21:36.810 [FXGL Background Thread 3 ] DEBUG Engine               - isExperimentalTiledLargeMap: false
15:21:36.810 [FXGL Background Thread 3 ] DEBUG Engine               - isFileSystemWriteAllowed: true
15:21:36.810 [FXGL Background Thread 3 ] DEBUG Engine               - isFullScreenAllowed: false
15:21:36.810 [FXGL Background Thread 3 ] DEBUG Engine               - isFullScreenFromStart: false
15:21:36.810 [FXGL Background Thread 3 ] DEBUG Engine               - isGameMenuEnabled: true
15:21:36.810 [FXGL Background Thread 3 ] DEBUG Engine               - isIOS: false
15:21:36.810 [FXGL Background Thread 3 ] DEBUG Engine               - isIntroEnabled: false
15:21:36.810 [FXGL Background Thread 3 ] DEBUG Engine               - isLinux: false
15:21:36.811 [FXGL Background Thread 3 ] DEBUG Engine               - isMac: false
15:21:36.811 [FXGL Background Thread 3 ] DEBUG Engine               - isMainMenuEnabled: false
15:21:36.811 [FXGL Background Thread 3 ] DEBUG Engine               - isManualResizeEnabled: false
15:21:36.811 [FXGL Background Thread 3 ] DEBUG Engine               - isMobile: false
15:21:36.811 [FXGL Background Thread 3 ] DEBUG Engine               - isNative: false
15:21:36.811 [FXGL Background Thread 3 ] DEBUG Engine               - isPauseMusicWhenMinimized: true
15:21:36.811 [FXGL Background Thread 3 ] DEBUG Engine               - isPreserveResizeRatio: false
15:21:36.811 [FXGL Background Thread 3 ] DEBUG Engine               - isProfilingEnabled: false
15:21:36.811 [FXGL Background Thread 3 ] DEBUG Engine               - isScaleAffectedOnResize: true
15:21:36.811 [FXGL Background Thread 3 ] DEBUG Engine               - isSingleStep: false
15:21:36.811 [FXGL Background Thread 3 ] DEBUG Engine               - isUserProfileEnabled: false
15:21:36.812 [FXGL Background Thread 3 ] DEBUG Engine               - isWindows: true
15:21:36.812 [FXGL Background Thread 3 ] DEBUG Engine               - language: ObjectProperty [value: ENGLISH]
15:21:36.812 [FXGL Background Thread 3 ] DEBUG Engine               - menuKey: ESCAPE
15:21:36.812 [FXGL Background Thread 3 ] DEBUG Engine               - mouseSensitivity: 0.2
15:21:36.812 [FXGL Background Thread 3 ] DEBUG Engine               - notificationViewClass: class com.almasb.fxgl.notification.view.XboxNotificationView
15:21:36.812 [FXGL Background Thread 3 ] DEBUG Engine               - pixelsPerMeter: 50.0
15:21:36.812 [FXGL Background Thread 3 ] DEBUG Engine               - platform: WINDOWS
15:21:36.812 [FXGL Background Thread 3 ] DEBUG Engine               - prefHeightProperty: ReadOnlyDoubleProperty [value: 600.0]
15:21:36.812 [FXGL Background Thread 3 ] DEBUG Engine               - prefWidthProperty: ReadOnlyDoubleProperty [value: 1000.0]
15:21:36.812 [FXGL Background Thread 3 ] DEBUG Engine               - profileDir: profiles/
15:21:36.813 [FXGL Background Thread 3 ] DEBUG Engine               - profileName: StringProperty [value: DEFAULT]
15:21:36.813 [FXGL Background Thread 3 ] DEBUG Engine               - randomSeed: -1
15:21:36.813 [FXGL Background Thread 3 ] DEBUG Engine               - runtimeInfo: RuntimeInfo(platform=WINDOWS, version=17.3, build=30.03.2023 11.49)
15:21:36.813 [FXGL Background Thread 3 ] DEBUG Engine               - saveFileExt: sav
15:21:36.813 [FXGL Background Thread 3 ] DEBUG Engine               - scaledHeightProp$fxgl: DoubleProperty [bound, value: 600.0]
15:21:36.813 [FXGL Background Thread 3 ] DEBUG Engine               - scaledWidthProp$fxgl: DoubleProperty [bound, value: 1000.0]
15:21:36.814 [FXGL Background Thread 3 ] DEBUG Engine               - sceneFactory: com.almasb.fxgl.app.scene.SceneFactory@2592977d
15:21:36.814 [FXGL Background Thread 3 ] DEBUG Engine               - secondsIn24h: 60
15:21:36.814 [FXGL Background Thread 3 ] DEBUG Engine               - soundMenuBack: menu/back.wav
15:21:36.814 [FXGL Background Thread 3 ] DEBUG Engine               - soundMenuPress: menu/press.wav
15:21:36.814 [FXGL Background Thread 3 ] DEBUG Engine               - soundMenuSelect: menu/select.wav
15:21:36.814 [FXGL Background Thread 3 ] DEBUG Engine               - soundNotification: core/notification.wav
15:21:36.814 [FXGL Background Thread 3 ] DEBUG Engine               - stageStyle: DECORATED
15:21:36.814 [FXGL Background Thread 3 ] DEBUG Engine               - supportedLanguages: [ENGLISH, FRENCH, GERMAN, HUNGARIAN, RUSSIAN]
15:21:36.814 [FXGL Background Thread 3 ] DEBUG Engine               - ticksPerSecond: -1
15:21:36.814 [FXGL Background Thread 3 ] DEBUG Engine               - title: Jugador Sonic
15:21:36.814 [FXGL Background Thread 3 ] DEBUG Engine               - urlGithub: https://github.com/AlmasB/FXGL
15:21:36.815 [FXGL Background Thread 3 ] DEBUG Engine               - urlLeaderboard: http://fxgl-top.herokuapp.com/
15:21:36.815 [FXGL Background Thread 3 ] DEBUG Engine               - urlPOM: https://raw.githubusercontent.com/AlmasB/FXGL/release/README.md
15:21:36.815 [FXGL Background Thread 3 ] DEBUG Engine               - userAppClass: class Runner.ClientRunner
15:21:36.815 [FXGL Background Thread 3 ] DEBUG Engine               - version: 0.0
15:21:36.815 [FXGL Background Thread 3 ] DEBUG Engine               - versionCheckDays: 7
15:21:36.815 [FXGL Background Thread 3 ] DEBUG Engine               - width: 1000
15:21:36.815 [FXGL Background Thread 3 ] DEBUG Engine               - Logging services
15:21:36.815 [FXGL Background Thread 3 ] DEBUG Engine               - class com.almasb.fxgl.app.services.FXGLAssetLoaderService
15:21:36.815 [FXGL Background Thread 3 ] DEBUG Engine               - class com.almasb.fxgl.app.FXGLApplication$GameApplicationService
15:21:36.815 [FXGL Background Thread 3 ] DEBUG Engine               - class com.almasb.fxgl.app.services.FXGLDialogService
15:21:36.816 [FXGL Background Thread 3 ] DEBUG Engine               - class com.almasb.fxgl.app.services.IOTaskExecutorService
15:21:36.816 [FXGL Background Thread 3 ] DEBUG Engine               - class com.almasb.fxgl.io.FileSystemService
15:21:36.816 [FXGL Background Thread 3 ] DEBUG Engine               - class com.almasb.fxgl.localization.LocalizationService
15:21:36.816 [FXGL Background Thread 3 ] DEBUG Engine               - class com.almasb.fxgl.app.services.SystemBundleService
15:21:36.816 [FXGL Background Thread 3 ] DEBUG Engine               - class com.almasb.fxgl.profile.SaveLoadService
15:21:36.827 [FXGL Background Thread 3 ] DEBUG Engine               - class com.almasb.fxgl.ui.FXGLUIFactoryServiceProvider
15:21:36.827 [FXGL Background Thread 3 ] DEBUG Engine               - class com.almasb.fxgl.ui.FXGLDialogFactoryServiceProvider
15:21:36.827 [FXGL Background Thread 3 ] DEBUG Engine               - class com.almasb.fxgl.audio.AudioPlayer
15:21:36.827 [FXGL Background Thread 3 ] DEBUG Engine               - class com.almasb.fxgl.notification.impl.NotificationServiceProvider
15:21:36.828 [FXGL Background Thread 3 ] DEBUG Engine               - class com.almasb.fxgl.achievement.AchievementService
15:21:36.828 [FXGL Background Thread 3 ] DEBUG Engine               - class com.almasb.fxgl.cutscene.CutsceneService
15:21:36.828 [FXGL Background Thread 3 ] DEBUG Engine               - class com.almasb.fxgl.minigames.MiniGameService
15:21:36.828 [FXGL Background Thread 3 ] DEBUG Engine               - class com.almasb.fxgl.net.NetService
15:21:36.828 [FXGL Background Thread 3 ] DEBUG Engine               - class com.almasb.fxgl.app.services.UpdaterService
15:21:36.828 [FXGL Background Thread 3 ] DEBUG Engine               - class com.almasb.fxgl.dev.DevService
15:21:36.828 [FXGL Background Thread 3 ] DEBUG Engine               - class com.almasb.fxgl.multiplayer.MultiplayerService
15:21:37.081 [FXGL Background Thread 2 ] INFO  UpdaterService       - Your current version:  17.3
15:21:37.125 [FXGL Background Thread 2 ] INFO  UpdaterService       - Latest stable version: 21.1
15:21:38.903 [JavaFX Application Thread] DEBUG FXGLAssetLoaderServi - Loading from file system: file:/C:/Users/Owner/Desktop/Sonic-rush/target/classes/assets/textures/fondo.png
15:21:39.686 [JavaFX Application Thread] DEBUG TMXLevelLoader       - Parsed TiledMap: file:/C:/Users/Owner/Desktop/Sonic-rush/target/classes/assets/levels/mapazo.tmx
15:21:39.692 [JavaFX Application Thread] DEBUG TMXLevelLoader       - Creating tile layer entities
15:21:39.712 [JavaFX Application Thread] DEBUG TilesetLoader        - Loading view for layer Capa de patrones 1
15:21:39.730 [JavaFX Application Thread] DEBUG TilesetLoader        - Created buffer with size 3840.0x720.0
15:21:39.889 [JavaFX Application Thread] DEBUG TMXLevelLoader       - Creating object layer entities
15:21:40.014 [JavaFX Application Thread] DEBUG GameWorld            - Clearing removable entities
15:21:40.019 [JavaFX Application Thread] DEBUG GameWorld            - Setting level: com.almasb.fxgl.entity.level.Level@488498a0
15:21:40.100 [JavaFX Application Thread] DEBUG FXGLAssetLoaderServi - Loading from file system: file:/C:/Users/Owner/Desktop/Sonic-rush/target/classes/assets/textures/Enemigos/eggman2.png
15:21:40.296 [ClientAsyncConnThread    ] DEBUG TCPClient            - Connecting to localhost:55555 type: class com.almasb.fxgl.core.serialization.Bundle
15:21:40.306 [ClientAsyncConnThread    ] DEBUG TCPClient            - Created socket to localhost:55555
15:21:40.362 [ClientAsyncConnThread    ] DEBUG Endpoint             - TCPClient opening new connection (1) from localhost/127.0.0.1:55555 type: class com.almasb.fxgl.core.serialization.Bundle
15:21:40.378 [ClientAsyncConnThread    ] DEBUG Endpoint             - TCPClient successfully opened connection (1)
15:21:40.754 [TCPClient_SendThread-1   ] DEBUG Writers              - Getting TCPMessageWriter for class com.almasb.fxgl.core.serialization.Bundle
15:21:40.764 [TCPClient_SendThread-1   ] DEBUG Writers              - Constructed TCPMessageWriter for class com.almasb.fxgl.core.serialization.Bundle: BundleTCPMessageWriter
15:21:40.781 [TCPClient_RecvThread-1   ] DEBUG Readers              - Getting TCPMessageReader for class com.almasb.fxgl.core.serialization.Bundle
15:21:40.807 [TCPClient_RecvThread-1   ] DEBUG Readers              - Constructed MessageReader for class com.almasb.fxgl.core.serialization.Bundle: BundleTCPMessageReader
15:21:41.303 [JavaFX Application Thread] DEBUG FXGLAssetLoaderServi - Loading from file system: file:/C:/Users/Owner/Desktop/Sonic-rush/target/classes/assets/textures/Personajes/sonic.png
15:21:41.314 [JavaFX Application Thread] DEBUG FXGLAssetLoaderServi - Loading from file system: file:/C:/Users/Owner/Desktop/Sonic-rush/target/classes/assets/textures/Personajes/sonic_camina.png
15:21:41.321 [JavaFX Application Thread] DEBUG FXGLAssetLoaderServi - Loading from file system: file:/C:/Users/Owner/Desktop/Sonic-rush/target/classes/assets/textures/Personajes/super_sonic.png
15:21:41.589 [JavaFX Application Thread] DEBUG FXGLAssetLoaderServi - Loading from file system: file:/C:/Users/Owner/Desktop/Sonic-rush/target/classes/assets/textures/Items/ring.png
15:21:41.698 [JavaFX Application Thread] DEBUG FXGLAssetLoaderServi - Loading from file system: file:/C:/Users/Owner/Desktop/Sonic-rush/target/classes/assets/textures/Items/basura.png
15:21:41.713 [JavaFX Application Thread] DEBUG FXGLAssetLoaderServi - Loading from file system: file:/C:/Users/Owner/Desktop/Sonic-rush/target/classes/assets/textures/Items/caucho.png
15:21:41.724 [JavaFX Application Thread] DEBUG FXGLAssetLoaderServi - Loading from file system: file:/C:/Users/Owner/Desktop/Sonic-rush/target/classes/assets/textures/Items/papel.png
15:21:41.767 [JavaFX Application Thread] DEBUG FXGLAssetLoaderServi - Loading from file system: file:/C:/Users/Owner/Desktop/Sonic-rush/target/classes/assets/textures/Enemigos/enemigo.png
15:21:43.983 [JavaFX Application Thread] DEBUG FXGLAssetLoaderServi - Loading from file system: file:/C:/Users/Owner/Desktop/Sonic-rush/target/classes/assets/sounds/recoger.wav
15:21:44.770 [JavaFX Application Thread] DEBUG FXGLAssetLoaderServi - Loading from file system: file:/C:/Users/Owner/Desktop/Sonic-rush/target/classes/assets/sounds/salto.wav
15:22:10.161 [JavaFX Application Thread] DEBUG FXGLAssetLoaderServi - Loading from file system: file:/C:/Users/Owner/Desktop/Sonic-rush/target/classes/assets/sounds/perder_anillos.wav
15:22:13.150 [JavaFX Application Thread] DEBUG FXGLAssetLoaderServi - Loading from file system: file:/C:/Users/Owner/Desktop/Sonic-rush/target/classes/assets/sounds/muerte.wav
15:22:19.136 [JavaFX Application Thread] DEBUG PrimaryStageWindow   - Push state: DialogSubScene
15:22:19.140 [JavaFX Application Thread] DEBUG Input                - Clearing active input actions
15:22:19.165 [JavaFX Application Thread] DEBUG GameApplicationServi - Removing overlay from GameScene and adding to DialogSubScene
15:22:19.168 [JavaFX Application Thread] DEBUG PrimaryStageWindow   - GameScene -> DialogSubScene
15:22:21.357 [JavaFX Application Thread] DEBUG PrimaryStageWindow   - Pop state: DialogSubScene
15:22:21.358 [JavaFX Application Thread] DEBUG Input                - Clearing active input actions
15:22:21.361 [JavaFX Application Thread] DEBUG GameApplicationServi - Removing overlay from DialogSubScene and adding to GameScene
15:22:21.363 [JavaFX Application Thread] DEBUG PrimaryStageWindow   - GameScene <- DialogSubScene
15:22:21.447 [JavaFX Application Thread] DEBUG PrimaryStageWindow   - Push state: DialogSubScene
15:22:21.448 [JavaFX Application Thread] DEBUG Input                - Clearing active input actions
15:22:21.456 [JavaFX Application Thread] DEBUG GameApplicationServi - Removing overlay from GameScene and adding to DialogSubScene
15:22:21.457 [JavaFX Application Thread] DEBUG PrimaryStageWindow   - GameScene -> DialogSubScene
15:22:23.175 [JavaFX Application Thread] DEBUG FXGLApplication      - Exiting FXGL
15:22:23.176 [JavaFX Application Thread] DEBUG LoopRunner           - Stopping loop
15:22:23.176 [JavaFX Application Thread] DEBUG SystemBundleService  - Saving FXGL system data
15:22:23.191 [JavaFX Application Thread] DEBUG FileSystemAccess     - Writing to: C:\Users\Owner\Desktop\Sonic-rush\system\fxgl.bundle
15:22:23.196 [JavaFX Application Thread] DEBUG Async                - Shutting down background threads
15:22:23.198 [JavaFX Application Thread] DEBUG PrimaryStageWindow   - Closing main window
15:22:23.263 [JavaFX Application Thread] DEBUG Logger               - Closing Logger
