11:40:00.517 [main                     ] DEBUG Logger               - Configured Logger
11:40:00.550 [main                     ] DEBUG GameApplication      - Logging settings
Title: Server
Version: 0.0
Width: 800
Height: 500
Fullscreen: false
Intro: false
Profiling: false
Single step:false
App Mode: DEVELOPER
Menu Key: ESCAPE
Stage Style: DECORATED
Scene Factory: class com.almasb.fxgl.app.scene.SceneFactory

11:40:01.033 [JavaFX Application Thread] DEBUG FXGLApplication      - Initializing FXGL
11:40:01.038 [JavaFX Application Thread] INFO  Engine               - FXGL-17.3 (30.03.2023 11.49) on WINDOWS (J:21.0.2 FX:20)
11:40:01.040 [JavaFX Application Thread] DEBUG Engine               - JRE Vendor Name: Oracle Corporation
11:40:01.040 [JavaFX Application Thread] DEBUG Engine               - Running on OS: Windows 10 version 10.0
11:40:01.041 [JavaFX Application Thread] DEBUG Engine               - Architecture: amd64
11:40:01.041 [JavaFX Application Thread] INFO  Engine               - Source code and latest versions at: https://github.com/AlmasB/FXGL
11:40:01.045 [JavaFX Application Thread] INFO  Engine               -       Ask questions and discuss at: https://github.com/AlmasB/FXGL/discussions
11:40:01.046 [JavaFX Application Thread] INFO  Engine               -              Join the FXGL chat at: https://gitter.im/AlmasB/FXGL
11:40:01.221 [JavaFX Application Thread] DEBUG PrimaryStageWindow   - Creating a JavaFX scene
11:40:01.299 [JavaFX Application Thread] DEBUG PrimaryStageWindow   - Target settings size: 800.0 x 500.0
11:40:01.299 [JavaFX Application Thread] DEBUG PrimaryStageWindow   - Scaled scene size:    800.0 x 500.0
11:40:01.299 [JavaFX Application Thread] DEBUG PrimaryStageWindow   - Scaled ratio: (1.0, 1.0)
11:40:01.301 [JavaFX Application Thread] DEBUG PrimaryStageWindow   - Set initial scene to FXGLStartupScene
11:40:01.306 [JavaFX Application Thread] DEBUG PrimaryStageWindow   - Opening main window
11:40:01.397 [JavaFX Application Thread] DEBUG PrimaryStageWindow   - Window border size: (16.0, 39.0)
11:40:01.398 [JavaFX Application Thread] DEBUG PrimaryStageWindow   - Scaled size: 800.0 x 500.0
11:40:01.398 [JavaFX Application Thread] DEBUG PrimaryStageWindow   - Scaled ratio: (1.0, 1.0)
11:40:01.398 [JavaFX Application Thread] DEBUG PrimaryStageWindow   - Scene size: 800.0 x 500.0
11:40:01.398 [JavaFX Application Thread] DEBUG PrimaryStageWindow   - Stage size: 816.0 x 539.0
11:40:01.410 [FXGL Background Thread 1 ] DEBUG Engine               - Initializing environment variables
11:40:01.482 [FXGL Background Thread 1 ] DEBUG FXGLAssetLoaderServi - User app class for loading assets: class Runner.ServerRunner
11:40:01.482 [FXGL Background Thread 1 ] DEBUG GameApplicationServi - Applying CSS: fxgl_dark.css
11:40:01.483 [FXGL Background Thread 1 ] DEBUG FXGLAssetLoaderServi - Loading from file system: jar:file:/C:/Users/User/.m2/repository/com/github/almasb/fxgl/17.3/fxgl-17.3.jar!/fxglassets/ui/css/fxgl_dark.css
11:40:01.543 [FXGL Background Thread 1 ] DEBUG GameApplicationServi - Initializing application scenes
11:40:01.665 [FXGL Background Thread 1 ] DEBUG GameWorld            - Game world initialized
11:40:01.728 [FXGL Background Thread 1 ] DEBUG PhysicsWorld         - Physics world initialized: appHeight=500, physics.ppm=50,0
11:40:01.728 [FXGL Background Thread 1 ] DEBUG PhysicsWorld         - Using strategy: BRUTE_FORCE
11:40:01.732 [FXGL Background Thread 1 ] DEBUG GameScene            - Game scene initialized: 800x500
11:40:01.745 [FXGL Background Thread 1 ] WARN  FXGL.DefaultMenu     - FXGLDefaultMenu is not designed for resolutions < 800x600
11:40:01.746 [FXGL Background Thread 1 ] DEBUG FXGL.DefaultMenu     - createMenuBodyGameMenu()
11:40:01.765 [FXGL Background Thread 1 ] DEBUG FXGL.DefaultMenu     - createOptionsMenu()
11:40:01.777 [FXGL Background Thread 1 ] DEBUG FXGLAssetLoaderServi - Loading from file system: jar:file:/C:/Users/User/.m2/repository/com/github/almasb/fxgl/17.3/fxgl-17.3.jar!/fxglassets/textures/particles/smoke.png
11:40:01.894 [FXGL Background Thread 1 ] DEBUG FXGLAssetLoaderServi - Loading from file system: jar:file:/C:/Users/User/.m2/repository/com/github/almasb/fxgl/17.3/fxgl-17.3.jar!/fxglassets/textures/particles/trace_horizontal.png
11:40:01.925 [FXGL Background Thread 1 ] DEBUG GameApplicationServi - Application scenes initialized
11:40:01.942 [FXGL Background Thread 1 ] DEBUG SystemBundleService  - Loading FXGL system data
11:40:01.946 [FXGL Background Thread 1 ] DEBUG FileSystemAccess     - Reading from: C:\Users\User\Documents\GitHub\Sonic-rush\system\fxgl.bundle
11:40:01.960 [FXGL Background Thread 1 ] DEBUG SystemBundleService  - Bundle FXGL: {}
11:40:01.960 [FXGL Background Thread 1 ] DEBUG UpdaterService       - Checking for updates
11:40:01.966 [FXGL Background Thread 1 ] DEBUG FXGLApplication      - Loading default localization
11:40:01.966 [FXGL Background Thread 1 ] DEBUG FXGLAssetLoaderServi - Loading from file system: jar:file:/C:/Users/User/.m2/repository/com/github/almasb/fxgl/17.3/fxgl-17.3.jar!/fxglassets/languages/english.lang
11:40:01.976 [FXGL Background Thread 4 ] DEBUG FXGLApplication      - Loading fonts
11:40:01.977 [FXGL Background Thread 4 ] DEBUG FXGLAssetLoaderServi - Loading from file system: jar:file:/C:/Users/User/.m2/repository/com/github/almasb/fxgl/17.3/fxgl-17.3.jar!/fxglassets/ui/fonts/VarelaRound-Regular.ttf
11:40:02.004 [FXGL Background Thread 1 ] INFO  FXGLApplication      - FXGL initialization took: 0,594 sec
11:40:02.022 [FXGL Background Thread 4 ] DEBUG FXGLAssetLoaderServi - Loading from file system: jar:file:/C:/Users/User/.m2/repository/com/github/almasb/fxgl/17.3/fxgl-17.3.jar!/fxglassets/ui/fonts/Abel-Regular.ttf
11:40:02.031 [JavaFX Application Thread] DEBUG FXGLAssetLoaderServi - Loading from file system: jar:file:/C:/Users/User/.m2/repository/com/github/almasb/fxgl/17.3/fxgl-17.3.jar!/fxglassets/textures/fxgl_icon.png
11:40:02.050 [JavaFX Application Thread] DEBUG FXGLAssetLoaderServi - Loading from file system: jar:file:/C:/Users/User/.m2/repository/com/github/almasb/fxgl/17.3/fxgl-17.3.jar!/fxglassets/textures/fxgl_default_cursor.png
11:40:02.073 [JavaFX Application Thread] DEBUG Input                - Registered new binding: Screenshot - CTRL+8
11:40:02.075 [JavaFX Application Thread] DEBUG Input                - Registered new binding: System info dump - CTRL+9
11:40:02.076 [JavaFX Application Thread] DEBUG Input                - Registered new binding: Restart - CTRL+R
11:40:02.078 [JavaFX Application Thread] DEBUG Input                - Registered new binding: Toggle Debug Camera - CTRL+7
11:40:02.084 [JavaFX Application Thread] DEBUG LoopRunner           - Starting loop
11:40:02.084 [JavaFX Application Thread] DEBUG LoopRunner           - Initializing JavaFX AnimationTimerLoop
11:40:02.086 [JavaFX Application Thread] DEBUG GameApplicationServi - Starting new game
11:40:02.087 [JavaFX Application Thread] DEBUG Input                - Clearing active input actions
11:40:02.119 [JavaFX Application Thread] DEBUG GameApplicationServi - Removing overlay from FXGLStartupScene and adding to FXGLLoadingScene
11:40:02.120 [JavaFX Application Thread] DEBUG PrimaryStageWindow   - FXGLStartupScene -> FXGLLoadingScene
11:40:02.120 [JavaFX Application Thread] DEBUG GameApplicationServi - Clearing previous game
11:40:02.120 [JavaFX Application Thread] DEBUG GameScene            - Clearing game scene
11:40:02.120 [JavaFX Application Thread] DEBUG GameWorld            - Clearing game world
11:40:02.120 [JavaFX Application Thread] DEBUG PhysicsWorld         - Clearing physics world
11:40:02.123 [FXGL Background Thread 1 ] DEBUG FXGLApplication      - Initializing game
11:40:02.161 [FXGL Background Thread 4 ] DEBUG FXGLAssetLoaderServi - Loading from file system: jar:file:/C:/Users/User/.m2/repository/com/github/almasb/fxgl/17.3/fxgl-17.3.jar!/fxglassets/ui/fonts/TerminalLandMono-Regular.otf
11:40:02.169 [FXGL Background Thread 4 ] DEBUG FXGLAssetLoaderServi - Loading from file system: jar:file:/C:/Users/User/.m2/repository/com/github/almasb/fxgl/17.3/fxgl-17.3.jar!/fxglassets/ui/fonts/Courier-Prime.ttf
11:40:02.217 [JavaFX Application Thread] DEBUG FXGLApplication      - Registering font factories with UI factory
11:40:02.223 [ServerAsyncConnThread    ] DEBUG TCPServer            - Starting to listen at: 50000 type: class com.almasb.fxgl.core.serialization.Bundle
11:40:02.229 [FXGL Background Thread 1 ] WARN  TMXLevelLoader       - TiledMap generated from 1.11.2. Supported version: 1.9.0. Some features may not be parsed fully.
11:40:02.337 [FXGL Background Thread 1 ] DEBUG TMXLevelLoader       - Parsed TiledMap: file:/C:/Users/User/Documents/GitHub/Sonic-rush/target/classes/assets/levels/mapazo.tmx
11:40:02.339 [FXGL Background Thread 1 ] DEBUG TMXLevelLoader       - Creating tile layer entities
11:40:02.342 [FXGL Background Thread 1 ] DEBUG TilesetLoader        - Loading view for layer Capa de patrones 1
11:40:02.350 [FXGL Background Thread 1 ] DEBUG TilesetLoader        - Created buffer with size 3840.0x720.0
11:40:02.407 [FXGL Background Thread 1 ] DEBUG TMXLevelLoader       - Creating object layer entities
11:40:02.584 [FXGL Background Thread 1 ] DEBUG GameWorld            - Clearing removable entities
11:40:02.585 [FXGL Background Thread 1 ] DEBUG GameWorld            - Setting level: com.almasb.fxgl.entity.level.Level@517a99f
11:40:02.691 [FXGL Background Thread 1 ] DEBUG FXGLAssetLoaderServi - Loading from file system: file:/C:/Users/User/Documents/GitHub/Sonic-rush/target/classes/assets/textures/Items/ring.png
11:40:02.821 [FXGL Background Thread 1 ] DEBUG FXGLAssetLoaderServi - Loading from file system: file:/C:/Users/User/Documents/GitHub/Sonic-rush/target/classes/assets/textures/Enemigos/enemigo2.png
11:40:02.855 [FXGL Background Thread 1 ] DEBUG FXGLAssetLoaderServi - Loading from file system: file:/C:/Users/User/Documents/GitHub/Sonic-rush/target/classes/assets/textures/Items/caucho.png
11:40:02.895 [FXGL Background Thread 1 ] DEBUG FXGLAssetLoaderServi - Loading from file system: file:/C:/Users/User/Documents/GitHub/Sonic-rush/target/classes/assets/textures/Items/basura.png
11:40:02.911 [FXGL Background Thread 1 ] DEBUG FXGLAssetLoaderServi - Loading from file system: file:/C:/Users/User/Documents/GitHub/Sonic-rush/target/classes/assets/textures/Items/papel.png
11:40:03.015 [FXGL Background Thread 1 ] INFO  FXGLApplication      - Game initialization took: 0,893 sec
11:40:03.034 [JavaFX Application Thread] DEBUG Input                - Clearing active input actions
11:40:03.051 [JavaFX Application Thread] DEBUG GameApplicationServi - Removing overlay from FXGLLoadingScene and adding to GameScene
11:40:03.051 [JavaFX Application Thread] DEBUG PrimaryStageWindow   - FXGLLoadingScene -> GameScene
11:40:03.143 [FXGL Background Thread 2 ] INFO  UpdaterService       - Your current version:  17.3
11:40:03.151 [FXGL Background Thread 2 ] INFO  UpdaterService       - Latest stable version: 21.1
11:40:04.973 [FXGL Background Thread 3 ] DEBUG Engine               - Logging environment variables
11:40:04.976 [FXGL Background Thread 3 ] DEBUG Engine               - achievements: []
11:40:04.976 [FXGL Background Thread 3 ] DEBUG Engine               - actualHeight: 500.0
11:40:04.976 [FXGL Background Thread 3 ] DEBUG Engine               - actualHeightProperty: ReadOnlyDoubleProperty [value: 500.0]
11:40:04.976 [FXGL Background Thread 3 ] DEBUG Engine               - actualWidth: 800.0
11:40:04.976 [FXGL Background Thread 3 ] DEBUG Engine               - actualWidthProperty: ReadOnlyDoubleProperty [value: 800.0]
11:40:04.976 [FXGL Background Thread 3 ] DEBUG Engine               - appIcon: fxgl_icon.png
11:40:04.976 [FXGL Background Thread 3 ] DEBUG Engine               - applicationMode: DEVELOPER
11:40:04.977 [FXGL Background Thread 3 ] DEBUG Engine               - cSSList: [fxgl_dark.css]
11:40:04.977 [FXGL Background Thread 3 ] DEBUG Engine               - collisionDetectionStrategy: BRUTE_FORCE
11:40:04.977 [FXGL Background Thread 3 ] DEBUG Engine               - configClass: Optional.empty
11:40:04.977 [FXGL Background Thread 3 ] DEBUG Engine               - credits: []
11:40:04.982 [FXGL Background Thread 3 ] DEBUG Engine               - defaultCursor: CursorInfo(imageName=fxgl_default_cursor.png, hotspotX=7.0, hotspotY=6.0)
11:40:04.983 [FXGL Background Thread 3 ] DEBUG Engine               - devBBoxColorProperty: ObjectProperty [value: 0xff0000ff]
11:40:04.983 [FXGL Background Thread 3 ] DEBUG Engine               - devEnableDebugCameraProperty: BooleanProperty [value: false]
11:40:04.983 [FXGL Background Thread 3 ] DEBUG Engine               - devSensorColorProperty: ObjectProperty [value: 0xffff00ff]
11:40:04.983 [FXGL Background Thread 3 ] DEBUG Engine               - devShowBBoxProperty: BooleanProperty [value: false]
11:40:04.983 [FXGL Background Thread 3 ] DEBUG Engine               - devShowPositionProperty: BooleanProperty [value: false]
11:40:04.983 [FXGL Background Thread 3 ] DEBUG Engine               - enabledMenuItems: []
11:40:04.983 [FXGL Background Thread 3 ] DEBUG Engine               - engineServices: [class com.almasb.fxgl.app.services.FXGLAssetLoaderService, class com.almasb.fxgl.app.FXGLApplication$GameApplicationService, class com.almasb.fxgl.app.services.FXGLDialogService, class com.almasb.fxgl.app.services.IOTaskExecutorService, class com.almasb.fxgl.io.FileSystemService, class com.almasb.fxgl.localization.LocalizationService, class com.almasb.fxgl.app.services.SystemBundleService, class com.almasb.fxgl.profile.SaveLoadService, class com.almasb.fxgl.ui.FXGLUIFactoryServiceProvider, class com.almasb.fxgl.ui.FXGLDialogFactoryServiceProvider, class com.almasb.fxgl.audio.AudioPlayer, class com.almasb.fxgl.notification.impl.NotificationServiceProvider, class com.almasb.fxgl.achievement.AchievementService, class com.almasb.fxgl.cutscene.CutsceneService, class com.almasb.fxgl.minigames.MiniGameService, class com.almasb.fxgl.net.NetService, class com.almasb.fxgl.app.services.UpdaterService, class com.almasb.fxgl.dev.DevService, class com.almasb.fxgl.multiplayer.MultiplayerService]
11:40:04.983 [FXGL Background Thread 3 ] DEBUG Engine               - fontGame: Abel-Regular.ttf
11:40:04.983 [FXGL Background Thread 3 ] DEBUG Engine               - fontMono: TerminalLandMono-Regular.otf
11:40:04.983 [FXGL Background Thread 3 ] DEBUG Engine               - fontSizeScaleUI: 1.0
11:40:04.983 [FXGL Background Thread 3 ] DEBUG Engine               - fontText: Courier-Prime.ttf
11:40:04.983 [FXGL Background Thread 3 ] DEBUG Engine               - fontUI: VarelaRound-Regular.ttf
11:40:04.983 [FXGL Background Thread 3 ] DEBUG Engine               - fullScreen: BooleanProperty [value: false]
11:40:04.983 [FXGL Background Thread 3 ] DEBUG Engine               - gameDifficulty: MEDIUM
11:40:04.983 [FXGL Background Thread 3 ] DEBUG Engine               - gameDifficultyProperty: ObjectProperty [value: MEDIUM]
11:40:04.983 [FXGL Background Thread 3 ] DEBUG Engine               - globalMusicVolume: 0.5
11:40:04.984 [FXGL Background Thread 3 ] DEBUG Engine               - globalMusicVolumeProperty: DoubleProperty [value: 0.5]
11:40:04.984 [FXGL Background Thread 3 ] DEBUG Engine               - globalSoundVolume: 0.5
11:40:04.984 [FXGL Background Thread 3 ] DEBUG Engine               - globalSoundVolumeProperty: DoubleProperty [value: 0.5]
11:40:04.984 [FXGL Background Thread 3 ] DEBUG Engine               - height: 500
11:40:04.984 [FXGL Background Thread 3 ] DEBUG Engine               - is3D: false
11:40:04.984 [FXGL Background Thread 3 ] DEBUG Engine               - isAndroid: false
11:40:04.989 [FXGL Background Thread 3 ] DEBUG Engine               - isBrowser: false
11:40:04.989 [FXGL Background Thread 3 ] DEBUG Engine               - isClickFeedbackEnabled: false
11:40:04.989 [FXGL Background Thread 3 ] DEBUG Engine               - isCloseConfirmation: false
11:40:04.989 [FXGL Background Thread 3 ] DEBUG Engine               - isDesktop: true
11:40:04.989 [FXGL Background Thread 3 ] DEBUG Engine               - isDeveloperMenuEnabled: false
11:40:04.989 [FXGL Background Thread 3 ] DEBUG Engine               - isEmbedded: false
11:40:04.989 [FXGL Background Thread 3 ] DEBUG Engine               - isEntityPreloadEnabled: true
11:40:04.990 [FXGL Background Thread 3 ] DEBUG Engine               - isExperimentalTiledLargeMap: false
11:40:04.990 [FXGL Background Thread 3 ] DEBUG Engine               - isFileSystemWriteAllowed: true
11:40:04.990 [FXGL Background Thread 3 ] DEBUG Engine               - isFullScreenAllowed: false
11:40:04.990 [FXGL Background Thread 3 ] DEBUG Engine               - isFullScreenFromStart: false
11:40:04.990 [FXGL Background Thread 3 ] DEBUG Engine               - isGameMenuEnabled: true
11:40:04.990 [FXGL Background Thread 3 ] DEBUG Engine               - isIOS: false
11:40:04.990 [FXGL Background Thread 3 ] DEBUG Engine               - isIntroEnabled: false
11:40:04.990 [FXGL Background Thread 3 ] DEBUG Engine               - isLinux: false
11:40:04.990 [FXGL Background Thread 3 ] DEBUG Engine               - isMac: false
11:40:04.990 [FXGL Background Thread 3 ] DEBUG Engine               - isMainMenuEnabled: false
11:40:04.991 [FXGL Background Thread 3 ] DEBUG Engine               - isManualResizeEnabled: false
11:40:04.991 [FXGL Background Thread 3 ] DEBUG Engine               - isMobile: false
11:40:04.991 [FXGL Background Thread 3 ] DEBUG Engine               - isNative: false
11:40:04.991 [FXGL Background Thread 3 ] DEBUG Engine               - isPauseMusicWhenMinimized: true
11:40:04.991 [FXGL Background Thread 3 ] DEBUG Engine               - isPreserveResizeRatio: false
11:40:04.991 [FXGL Background Thread 3 ] DEBUG Engine               - isProfilingEnabled: false
11:40:04.991 [FXGL Background Thread 3 ] DEBUG Engine               - isScaleAffectedOnResize: true
11:40:04.991 [FXGL Background Thread 3 ] DEBUG Engine               - isSingleStep: false
11:40:04.991 [FXGL Background Thread 3 ] DEBUG Engine               - isUserProfileEnabled: false
11:40:04.991 [FXGL Background Thread 3 ] DEBUG Engine               - isWindows: true
11:40:04.991 [FXGL Background Thread 3 ] DEBUG Engine               - language: ObjectProperty [value: ENGLISH]
11:40:04.991 [FXGL Background Thread 3 ] DEBUG Engine               - menuKey: ESCAPE
11:40:04.992 [FXGL Background Thread 3 ] DEBUG Engine               - mouseSensitivity: 0.2
11:40:04.992 [FXGL Background Thread 3 ] DEBUG Engine               - notificationViewClass: class com.almasb.fxgl.notification.view.XboxNotificationView
11:40:04.992 [FXGL Background Thread 3 ] DEBUG Engine               - pixelsPerMeter: 50.0
11:40:04.992 [FXGL Background Thread 3 ] DEBUG Engine               - platform: WINDOWS
11:40:04.992 [FXGL Background Thread 3 ] DEBUG Engine               - prefHeightProperty: ReadOnlyDoubleProperty [value: 500.0]
11:40:04.992 [FXGL Background Thread 3 ] DEBUG Engine               - prefWidthProperty: ReadOnlyDoubleProperty [value: 800.0]
11:40:05.003 [FXGL Background Thread 3 ] DEBUG Engine               - profileDir: profiles/
11:40:05.004 [FXGL Background Thread 3 ] DEBUG Engine               - profileName: StringProperty [value: DEFAULT]
11:40:05.004 [FXGL Background Thread 3 ] DEBUG Engine               - randomSeed: -1
11:40:05.004 [FXGL Background Thread 3 ] DEBUG Engine               - runtimeInfo: RuntimeInfo(platform=WINDOWS, version=17.3, build=30.03.2023 11.49)
11:40:05.004 [FXGL Background Thread 3 ] DEBUG Engine               - saveFileExt: sav
11:40:05.005 [FXGL Background Thread 3 ] DEBUG Engine               - scaledHeightProp$fxgl: DoubleProperty [bound, value: 500.0]
11:40:05.005 [FXGL Background Thread 3 ] DEBUG Engine               - scaledWidthProp$fxgl: DoubleProperty [bound, value: 800.0]
11:40:05.008 [FXGL Background Thread 3 ] DEBUG Engine               - sceneFactory: com.almasb.fxgl.app.scene.SceneFactory@300b2ac1
11:40:05.008 [FXGL Background Thread 3 ] DEBUG Engine               - secondsIn24h: 60
11:40:05.008 [FXGL Background Thread 3 ] DEBUG Engine               - soundMenuBack: menu/back.wav
11:40:05.008 [FXGL Background Thread 3 ] DEBUG Engine               - soundMenuPress: menu/press.wav
11:40:05.008 [FXGL Background Thread 3 ] DEBUG Engine               - soundMenuSelect: menu/select.wav
11:40:05.008 [FXGL Background Thread 3 ] DEBUG Engine               - soundNotification: core/notification.wav
11:40:05.008 [FXGL Background Thread 3 ] DEBUG Engine               - stageStyle: DECORATED
11:40:05.008 [FXGL Background Thread 3 ] DEBUG Engine               - supportedLanguages: [ENGLISH, FRENCH, GERMAN, HUNGARIAN, RUSSIAN]
11:40:05.009 [FXGL Background Thread 3 ] DEBUG Engine               - ticksPerSecond: -1
11:40:05.009 [FXGL Background Thread 3 ] DEBUG Engine               - title: Server
11:40:05.009 [FXGL Background Thread 3 ] DEBUG Engine               - urlGithub: https://github.com/AlmasB/FXGL
11:40:05.009 [FXGL Background Thread 3 ] DEBUG Engine               - urlLeaderboard: http://fxgl-top.herokuapp.com/
11:40:05.009 [FXGL Background Thread 3 ] DEBUG Engine               - urlPOM: https://raw.githubusercontent.com/AlmasB/FXGL/release/README.md
11:40:05.009 [FXGL Background Thread 3 ] DEBUG Engine               - userAppClass: class Runner.ServerRunner
11:40:05.009 [FXGL Background Thread 3 ] DEBUG Engine               - version: 0.0
11:40:05.009 [FXGL Background Thread 3 ] DEBUG Engine               - versionCheckDays: 7
11:40:05.009 [FXGL Background Thread 3 ] DEBUG Engine               - width: 800
11:40:05.009 [FXGL Background Thread 3 ] DEBUG Engine               - Logging services
11:40:05.009 [FXGL Background Thread 3 ] DEBUG Engine               - class com.almasb.fxgl.app.services.FXGLAssetLoaderService
11:40:05.009 [FXGL Background Thread 3 ] DEBUG Engine               - class com.almasb.fxgl.app.FXGLApplication$GameApplicationService
11:40:05.009 [FXGL Background Thread 3 ] DEBUG Engine               - class com.almasb.fxgl.app.services.FXGLDialogService
11:40:05.009 [FXGL Background Thread 3 ] DEBUG Engine               - class com.almasb.fxgl.app.services.IOTaskExecutorService
11:40:05.009 [FXGL Background Thread 3 ] DEBUG Engine               - class com.almasb.fxgl.io.FileSystemService
11:40:05.009 [FXGL Background Thread 3 ] DEBUG Engine               - class com.almasb.fxgl.localization.LocalizationService
11:40:05.009 [FXGL Background Thread 3 ] DEBUG Engine               - class com.almasb.fxgl.app.services.SystemBundleService
11:40:05.009 [FXGL Background Thread 3 ] DEBUG Engine               - class com.almasb.fxgl.profile.SaveLoadService
11:40:05.009 [FXGL Background Thread 3 ] DEBUG Engine               - class com.almasb.fxgl.ui.FXGLUIFactoryServiceProvider
11:40:05.010 [FXGL Background Thread 3 ] DEBUG Engine               - class com.almasb.fxgl.ui.FXGLDialogFactoryServiceProvider
11:40:05.010 [FXGL Background Thread 3 ] DEBUG Engine               - class com.almasb.fxgl.audio.AudioPlayer
11:40:05.011 [FXGL Background Thread 3 ] DEBUG Engine               - class com.almasb.fxgl.notification.impl.NotificationServiceProvider
11:40:05.014 [FXGL Background Thread 3 ] DEBUG Engine               - class com.almasb.fxgl.achievement.AchievementService
11:40:05.014 [FXGL Background Thread 3 ] DEBUG Engine               - class com.almasb.fxgl.cutscene.CutsceneService
11:40:05.014 [FXGL Background Thread 3 ] DEBUG Engine               - class com.almasb.fxgl.minigames.MiniGameService
11:40:05.014 [FXGL Background Thread 3 ] DEBUG Engine               - class com.almasb.fxgl.net.NetService
11:40:05.014 [FXGL Background Thread 3 ] DEBUG Engine               - class com.almasb.fxgl.app.services.UpdaterService
11:40:05.014 [FXGL Background Thread 3 ] DEBUG Engine               - class com.almasb.fxgl.dev.DevService
11:40:05.015 [FXGL Background Thread 3 ] DEBUG Engine               - class com.almasb.fxgl.multiplayer.MultiplayerService
11:40:09.714 [ServerAsyncConnThread    ] DEBUG Endpoint             - TCPServer opening new connection (1) from /192.168.88.254:56643 type: class com.almasb.fxgl.core.serialization.Bundle
11:40:09.715 [ServerAsyncConnThread    ] DEBUG Endpoint             - TCPServer successfully opened connection (1)
11:40:09.728 [TCPServer_RecvThread-1   ] DEBUG Readers              - Getting TCPMessageReader for class com.almasb.fxgl.core.serialization.Bundle
11:40:09.729 [TCPServer_RecvThread-1   ] DEBUG Readers              - Constructed MessageReader for class com.almasb.fxgl.core.serialization.Bundle: BundleTCPMessageReader
11:40:09.729 [TCPServer_SendThread-1   ] DEBUG Writers              - Getting TCPMessageWriter for class com.almasb.fxgl.core.serialization.Bundle
11:40:09.731 [TCPServer_SendThread-1   ] DEBUG Writers              - Constructed TCPMessageWriter for class com.almasb.fxgl.core.serialization.Bundle: BundleTCPMessageWriter
11:40:55.706 [JavaFX Application Thread] DEBUG FXGLAssetLoaderServi - Loading from file system: file:/C:/Users/User/Documents/GitHub/Sonic-rush/target/classes/assets/textures/Enemigos/eggman2.png
11:41:43.339 [ServerAsyncConnThread    ] DEBUG Endpoint             - TCPServer opening new connection (2) from /127.0.0.1:56655 type: class com.almasb.fxgl.core.serialization.Bundle
11:41:43.339 [ServerAsyncConnThread    ] DEBUG Endpoint             - TCPServer successfully opened connection (2)
11:41:43.344 [TCPServer_SendThread-2   ] DEBUG Writers              - Getting TCPMessageWriter for class com.almasb.fxgl.core.serialization.Bundle
11:41:43.344 [TCPServer_RecvThread-2   ] DEBUG Readers              - Getting TCPMessageReader for class com.almasb.fxgl.core.serialization.Bundle
11:41:43.344 [TCPServer_RecvThread-2   ] DEBUG Readers              - Constructed MessageReader for class com.almasb.fxgl.core.serialization.Bundle: BundleTCPMessageReader
11:41:43.344 [TCPServer_SendThread-2   ] DEBUG Writers              - Constructed TCPMessageWriter for class com.almasb.fxgl.core.serialization.Bundle: BundleTCPMessageWriter
11:42:09.586 [TCPServer_RecvThread-2   ] DEBUG Endpoint             - Connection 2 was unexpectedly disconnected: Connection reset
11:42:09.587 [TCPServer_RecvThread-1   ] DEBUG Connection           - Closing connection 1
11:42:09.587 [TCPServer_RecvThread-2   ] DEBUG Connection           - Closing connection 2
11:42:09.587 [TCPServer_RecvThread-2   ] DEBUG Connection           - Connection 2 was correctly closed from local endpoint.
11:42:09.587 [TCPServer_RecvThread-1   ] DEBUG Connection           - Connection 1 was correctly closed from local endpoint.
11:42:09.587 [TCPServer_RecvThread-2   ] DEBUG Endpoint             - TCPServer connection (2) was closed
11:42:09.587 [TCPServer_RecvThread-1   ] DEBUG Endpoint             - TCPServer connection (1) was closed
11:42:10.984 [JavaFX Application Thread] DEBUG FXGLApplication      - Exiting FXGL
11:42:10.985 [JavaFX Application Thread] DEBUG LoopRunner           - Stopping loop
11:42:10.985 [JavaFX Application Thread] DEBUG SystemBundleService  - Saving FXGL system data
11:42:10.986 [JavaFX Application Thread] DEBUG FileSystemAccess     - Writing to: C:\Users\User\Documents\GitHub\Sonic-rush\system\fxgl.bundle
11:42:10.987 [JavaFX Application Thread] DEBUG Async                - Shutting down background threads
11:42:10.987 [JavaFX Application Thread] DEBUG PrimaryStageWindow   - Closing main window
11:42:10.996 [JavaFX Application Thread] DEBUG Logger               - Closing Logger
