16:12:20.601 [main                     ] DEBUG Logger               - Configured Logger
16:12:20.650 [main                     ] DEBUG GameApplication      - Logging settings
Title: Server
Version: 0.0
Width: 800
Height: 500
Fullscreen: false
Intro: false
Profiling: false
Single step:false
App Mode: DEVELOPER
Menu Key: ESCAPE
Stage Style: DECORATED
Scene Factory: class com.almasb.fxgl.app.scene.SceneFactory

16:12:21.233 [JavaFX Application Thread] DEBUG FXGLApplication      - Initializing FXGL
16:12:21.240 [JavaFX Application Thread] INFO  Engine               - FXGL-17.3 (30.03.2023 11.49) on WINDOWS (J:17.0.12 FX:20)
16:12:21.241 [JavaFX Application Thread] DEBUG Engine               - JRE Vendor Name: Oracle Corporation
16:12:21.242 [JavaFX Application Thread] DEBUG Engine               - Running on OS: Windows 10 version 10.0
16:12:21.242 [JavaFX Application Thread] DEBUG Engine               - Architecture: amd64
16:12:21.242 [JavaFX Application Thread] INFO  Engine               - Source code and latest versions at: https://github.com/AlmasB/FXGL
16:12:21.243 [JavaFX Application Thread] INFO  Engine               -       Ask questions and discuss at: https://github.com/AlmasB/FXGL/discussions
16:12:21.243 [JavaFX Application Thread] INFO  Engine               -              Join the FXGL chat at: https://gitter.im/AlmasB/FXGL
16:12:21.494 [JavaFX Application Thread] DEBUG PrimaryStageWindow   - Creating a JavaFX scene
16:12:21.584 [JavaFX Application Thread] DEBUG PrimaryStageWindow   - Target settings size: 800.0 x 500.0
16:12:21.584 [JavaFX Application Thread] DEBUG PrimaryStageWindow   - Scaled scene size:    800.0 x 500.0
16:12:21.585 [JavaFX Application Thread] DEBUG PrimaryStageWindow   - Scaled ratio: (1.0, 1.0)
16:12:21.587 [JavaFX Application Thread] DEBUG PrimaryStageWindow   - Set initial scene to FXGLStartupScene
16:12:21.592 [JavaFX Application Thread] DEBUG PrimaryStageWindow   - Opening main window
16:12:21.729 [JavaFX Application Thread] DEBUG PrimaryStageWindow   - Window border size: (14.4000244140625, 37.5999755859375)
16:12:21.730 [JavaFX Application Thread] DEBUG PrimaryStageWindow   - Scaled size: 800.0 x 500.0
16:12:21.730 [JavaFX Application Thread] DEBUG PrimaryStageWindow   - Scaled ratio: (1.0, 1.0)
16:12:21.731 [JavaFX Application Thread] DEBUG PrimaryStageWindow   - Scene size: 800.0 x 500.0
16:12:21.732 [JavaFX Application Thread] DEBUG PrimaryStageWindow   - Stage size: 814.4000244140625 x 537.5999755859375
16:12:21.798 [FXGL Background Thread 1 ] DEBUG Engine               - Initializing environment variables
16:12:21.893 [FXGL Background Thread 1 ] DEBUG FXGLAssetLoaderServi - User app class for loading assets: class Runner.ServerRunner
16:12:21.893 [FXGL Background Thread 1 ] DEBUG GameApplicationServi - Applying CSS: fxgl_dark.css
16:12:21.895 [FXGL Background Thread 1 ] DEBUG FXGLAssetLoaderServi - Loading from file system: jar:file:/C:/Users/Owner/.m2/repository/com/github/almasb/fxgl/17.3/fxgl-17.3.jar!/fxglassets/ui/css/fxgl_dark.css
16:12:22.027 [FXGL Background Thread 1 ] DEBUG GameApplicationServi - Initializing application scenes
16:12:22.326 [FXGL Background Thread 1 ] DEBUG GameWorld            - Game world initialized
16:12:22.713 [FXGL Background Thread 1 ] DEBUG PhysicsWorld         - Physics world initialized: appHeight=500, physics.ppm=50.0
16:12:22.718 [FXGL Background Thread 1 ] DEBUG PhysicsWorld         - Using strategy: BRUTE_FORCE
16:12:22.774 [FXGL Background Thread 1 ] DEBUG GameScene            - Game scene initialized: 800x500
16:12:22.888 [FXGL Background Thread 1 ] WARN  FXGL.DefaultMenu     - FXGLDefaultMenu is not designed for resolutions < 800x600
16:12:23.195 [FXGL Background Thread 1 ] DEBUG FXGL.DefaultMenu     - createMenuBodyGameMenu()
16:12:23.354 [FXGL Background Thread 1 ] DEBUG FXGL.DefaultMenu     - createOptionsMenu()
16:12:23.484 [FXGL Background Thread 1 ] DEBUG FXGLAssetLoaderServi - Loading from file system: jar:file:/C:/Users/Owner/.m2/repository/com/github/almasb/fxgl/17.3/fxgl-17.3.jar!/fxglassets/textures/particles/smoke.png
16:12:24.214 [FXGL Background Thread 1 ] DEBUG FXGLAssetLoaderServi - Loading from file system: jar:file:/C:/Users/Owner/.m2/repository/com/github/almasb/fxgl/17.3/fxgl-17.3.jar!/fxglassets/textures/particles/trace_horizontal.png
16:12:24.378 [FXGL Background Thread 1 ] DEBUG GameApplicationServi - Application scenes initialized
16:12:24.403 [FXGL Background Thread 1 ] DEBUG SystemBundleService  - Loading FXGL system data
16:12:24.414 [FXGL Background Thread 1 ] DEBUG FileSystemAccess     - Reading from: C:\Users\Owner\Desktop\Sonic-rush\system\fxgl.bundle
16:12:24.431 [FXGL Background Thread 1 ] DEBUG SystemBundleService  - Bundle FXGL: {}
16:12:24.432 [FXGL Background Thread 1 ] DEBUG UpdaterService       - Checking for updates
16:12:24.441 [FXGL Background Thread 1 ] DEBUG FXGLApplication      - Loading default localization
16:12:24.442 [FXGL Background Thread 1 ] DEBUG FXGLAssetLoaderServi - Loading from file system: jar:file:/C:/Users/Owner/.m2/repository/com/github/almasb/fxgl/17.3/fxgl-17.3.jar!/fxglassets/languages/english.lang
16:12:24.473 [FXGL Background Thread 1 ] INFO  FXGLApplication      - FXGL initialization took: 2.675 sec
16:12:24.495 [FXGL Background Thread 4 ] DEBUG FXGLApplication      - Loading fonts
16:12:24.495 [FXGL Background Thread 4 ] DEBUG FXGLAssetLoaderServi - Loading from file system: jar:file:/C:/Users/Owner/.m2/repository/com/github/almasb/fxgl/17.3/fxgl-17.3.jar!/fxglassets/ui/fonts/VarelaRound-Regular.ttf
16:12:24.496 [JavaFX Application Thread] DEBUG FXGLAssetLoaderServi - Loading from file system: jar:file:/C:/Users/Owner/.m2/repository/com/github/almasb/fxgl/17.3/fxgl-17.3.jar!/fxglassets/textures/fxgl_icon.png
16:12:24.581 [JavaFX Application Thread] DEBUG FXGLAssetLoaderServi - Loading from file system: jar:file:/C:/Users/Owner/.m2/repository/com/github/almasb/fxgl/17.3/fxgl-17.3.jar!/fxglassets/textures/fxgl_default_cursor.png
16:12:24.601 [JavaFX Application Thread] DEBUG Input                - Registered new binding: Screenshot - CTRL+8
16:12:24.602 [JavaFX Application Thread] DEBUG Input                - Registered new binding: System info dump - CTRL+9
16:12:24.603 [JavaFX Application Thread] DEBUG Input                - Registered new binding: Restart - CTRL+R
16:12:24.604 [JavaFX Application Thread] DEBUG Input                - Registered new binding: Toggle Debug Camera - CTRL+7
16:12:24.609 [JavaFX Application Thread] DEBUG LoopRunner           - Starting loop
16:12:24.610 [JavaFX Application Thread] DEBUG LoopRunner           - Initializing JavaFX AnimationTimerLoop
16:12:24.613 [JavaFX Application Thread] DEBUG GameApplicationServi - Starting new game
16:12:24.613 [JavaFX Application Thread] DEBUG Input                - Clearing active input actions
16:12:24.657 [JavaFX Application Thread] DEBUG GameApplicationServi - Removing overlay from FXGLStartupScene and adding to FXGLLoadingScene
16:12:24.658 [JavaFX Application Thread] DEBUG PrimaryStageWindow   - FXGLStartupScene -> FXGLLoadingScene
16:12:24.658 [JavaFX Application Thread] DEBUG GameApplicationServi - Clearing previous game
16:12:24.658 [JavaFX Application Thread] DEBUG GameScene            - Clearing game scene
16:12:24.658 [JavaFX Application Thread] DEBUG GameWorld            - Clearing game world
16:12:24.658 [JavaFX Application Thread] DEBUG PhysicsWorld         - Clearing physics world
16:12:24.661 [FXGL Background Thread 1 ] DEBUG FXGLApplication      - Initializing game
16:12:25.129 [FXGL Background Thread 1 ] DEBUG TMXLevelLoader       - Parsed TiledMap: file:/C:/Users/Owner/Desktop/Sonic-rush/target/classes/assets/levels/mapazo.tmx
16:12:25.131 [FXGL Background Thread 1 ] DEBUG TMXLevelLoader       - Creating tile layer entities
16:12:25.134 [FXGL Background Thread 1 ] DEBUG TilesetLoader        - Loading view for layer Capa de patrones 1
16:12:25.142 [FXGL Background Thread 1 ] DEBUG TilesetLoader        - Created buffer with size 3840.0x720.0
16:12:25.218 [ServerAsyncConnThread    ] DEBUG TCPServer            - Starting to listen at: 55555 type: class com.almasb.fxgl.core.serialization.Bundle
16:12:25.223 [FXGL Background Thread 1 ] DEBUG TMXLevelLoader       - Creating object layer entities
16:12:25.255 [ServerAsyncConnThread    ] WARN  IOTask               - ServerStart failed
java.lang.RuntimeException: Failed to start: Address already in use: bind
	at com.almasb.fxgl.net.tcp.TCPServer.start(TCPServer.java:58)
	at com.almasb.fxgl.core.concurrent.IOTask.lambda$ofVoid$5(IOTask.java:184)
	at com.almasb.fxgl.core.concurrent.IOTask$2.onExecute(IOTask.java:197)
	at com.almasb.fxgl.core.concurrent.IOTask.run(IOTask.java:118)
	at java.base/java.lang.Thread.run(Thread.java:842)
Caused by: java.net.BindException: Address already in use: bind
	at java.base/sun.nio.ch.Net.bind0(Native Method)
	at java.base/sun.nio.ch.Net.bind(Net.java:555)
	at java.base/sun.nio.ch.Net.bind(Net.java:544)
	at java.base/sun.nio.ch.NioSocketImpl.bind(NioSocketImpl.java:648)
	at java.base/java.net.ServerSocket.bind(ServerSocket.java:388)
	at java.base/java.net.ServerSocket.<init>(ServerSocket.java:274)
	at java.base/java.net.ServerSocket.<init>(ServerSocket.java:167)
	at com.almasb.fxgl.net.tcp.TCPServer.start(TCPServer.java:40)
	... 4 more

16:12:25.283 [FXGL Background Thread 1 ] DEBUG GameWorld            - Clearing removable entities
16:12:25.284 [FXGL Background Thread 1 ] DEBUG GameWorld            - Setting level: com.almasb.fxgl.entity.level.Level@39bf8abb
16:12:25.419 [FXGL Background Thread 1 ] DEBUG FXGLAssetLoaderServi - Loading from file system: file:/C:/Users/Owner/Desktop/Sonic-rush/target/classes/assets/textures/Items/ring.png
16:12:25.427 [FXGL Background Thread 4 ] DEBUG FXGLAssetLoaderServi - Loading from file system: jar:file:/C:/Users/Owner/.m2/repository/com/github/almasb/fxgl/17.3/fxgl-17.3.jar!/fxglassets/ui/fonts/Abel-Regular.ttf
16:12:25.431 [FXGL Background Thread 4 ] DEBUG FXGLAssetLoaderServi - Loading from file system: jar:file:/C:/Users/Owner/.m2/repository/com/github/almasb/fxgl/17.3/fxgl-17.3.jar!/fxglassets/ui/fonts/TerminalLandMono-Regular.otf
16:12:25.436 [FXGL Background Thread 4 ] DEBUG FXGLAssetLoaderServi - Loading from file system: jar:file:/C:/Users/Owner/.m2/repository/com/github/almasb/fxgl/17.3/fxgl-17.3.jar!/fxglassets/ui/fonts/Courier-Prime.ttf
16:12:25.552 [JavaFX Application Thread] DEBUG FXGLApplication      - Registering font factories with UI factory
16:12:25.560 [FXGL Background Thread 1 ] DEBUG FXGLAssetLoaderServi - Loading from file system: file:/C:/Users/Owner/Desktop/Sonic-rush/target/classes/assets/textures/Enemigos/enemigo2.png
16:12:25.580 [FXGL Background Thread 1 ] DEBUG FXGLAssetLoaderServi - Loading from file system: file:/C:/Users/Owner/Desktop/Sonic-rush/target/classes/assets/textures/Items/caucho.png
16:12:25.591 [FXGL Background Thread 1 ] DEBUG FXGLAssetLoaderServi - Loading from file system: file:/C:/Users/Owner/Desktop/Sonic-rush/target/classes/assets/textures/Items/basura.png
16:12:25.594 [FXGL Background Thread 1 ] DEBUG FXGLAssetLoaderServi - Loading from file system: file:/C:/Users/Owner/Desktop/Sonic-rush/target/classes/assets/textures/Items/papel.png
16:12:25.615 [FXGL Background Thread 1 ] INFO  FXGLApplication      - Game initialization took: 0.953 sec
16:12:25.752 [JavaFX Application Thread] DEBUG Input                - Clearing active input actions
16:12:25.798 [JavaFX Application Thread] DEBUG GameApplicationServi - Removing overlay from FXGLLoadingScene and adding to GameScene
16:12:25.798 [JavaFX Application Thread] DEBUG PrimaryStageWindow   - FXGLLoadingScene -> GameScene
16:12:28.080 [FXGL Background Thread 3 ] DEBUG Engine               - Logging environment variables
16:12:28.081 [FXGL Background Thread 3 ] DEBUG Engine               - achievements: []
16:12:28.084 [FXGL Background Thread 3 ] DEBUG Engine               - actualHeight: 500.0
16:12:28.085 [FXGL Background Thread 3 ] DEBUG Engine               - actualHeightProperty: ReadOnlyDoubleProperty [value: 500.0]
16:12:28.086 [FXGL Background Thread 3 ] DEBUG Engine               - actualWidth: 800.0
16:12:28.086 [FXGL Background Thread 3 ] DEBUG Engine               - actualWidthProperty: ReadOnlyDoubleProperty [value: 800.0]
16:12:28.086 [FXGL Background Thread 3 ] DEBUG Engine               - appIcon: fxgl_icon.png
16:12:28.086 [FXGL Background Thread 3 ] DEBUG Engine               - applicationMode: DEVELOPER
16:12:28.086 [FXGL Background Thread 3 ] DEBUG Engine               - cSSList: [fxgl_dark.css]
16:12:28.086 [FXGL Background Thread 3 ] DEBUG Engine               - collisionDetectionStrategy: BRUTE_FORCE
16:12:28.086 [FXGL Background Thread 3 ] DEBUG Engine               - configClass: Optional.empty
16:12:28.086 [FXGL Background Thread 3 ] DEBUG Engine               - credits: []
16:12:28.093 [FXGL Background Thread 3 ] DEBUG Engine               - defaultCursor: CursorInfo(imageName=fxgl_default_cursor.png, hotspotX=7.0, hotspotY=6.0)
16:12:28.093 [FXGL Background Thread 3 ] DEBUG Engine               - devBBoxColorProperty: ObjectProperty [value: 0xff0000ff]
16:12:28.093 [FXGL Background Thread 3 ] DEBUG Engine               - devEnableDebugCameraProperty: BooleanProperty [value: false]
16:12:28.094 [FXGL Background Thread 3 ] DEBUG Engine               - devSensorColorProperty: ObjectProperty [value: 0xffff00ff]
16:12:28.094 [FXGL Background Thread 3 ] DEBUG Engine               - devShowBBoxProperty: BooleanProperty [value: false]
16:12:28.094 [FXGL Background Thread 3 ] DEBUG Engine               - devShowPositionProperty: BooleanProperty [value: false]
16:12:28.099 [FXGL Background Thread 3 ] DEBUG Engine               - enabledMenuItems: []
16:12:28.099 [FXGL Background Thread 3 ] DEBUG Engine               - engineServices: [class com.almasb.fxgl.app.services.FXGLAssetLoaderService, class com.almasb.fxgl.app.FXGLApplication$GameApplicationService, class com.almasb.fxgl.app.services.FXGLDialogService, class com.almasb.fxgl.app.services.IOTaskExecutorService, class com.almasb.fxgl.io.FileSystemService, class com.almasb.fxgl.localization.LocalizationService, class com.almasb.fxgl.app.services.SystemBundleService, class com.almasb.fxgl.profile.SaveLoadService, class com.almasb.fxgl.ui.FXGLUIFactoryServiceProvider, class com.almasb.fxgl.ui.FXGLDialogFactoryServiceProvider, class com.almasb.fxgl.audio.AudioPlayer, class com.almasb.fxgl.notification.impl.NotificationServiceProvider, class com.almasb.fxgl.achievement.AchievementService, class com.almasb.fxgl.cutscene.CutsceneService, class com.almasb.fxgl.minigames.MiniGameService, class com.almasb.fxgl.net.NetService, class com.almasb.fxgl.app.services.UpdaterService, class com.almasb.fxgl.dev.DevService, class com.almasb.fxgl.multiplayer.MultiplayerService]
16:12:28.100 [FXGL Background Thread 3 ] DEBUG Engine               - fontGame: Abel-Regular.ttf
16:12:28.100 [FXGL Background Thread 3 ] DEBUG Engine               - fontMono: TerminalLandMono-Regular.otf
16:12:28.100 [FXGL Background Thread 3 ] DEBUG Engine               - fontSizeScaleUI: 1.0
16:12:28.100 [FXGL Background Thread 3 ] DEBUG Engine               - fontText: Courier-Prime.ttf
16:12:28.100 [FXGL Background Thread 3 ] DEBUG Engine               - fontUI: VarelaRound-Regular.ttf
16:12:28.101 [FXGL Background Thread 3 ] DEBUG Engine               - fullScreen: BooleanProperty [value: false]
16:12:28.101 [FXGL Background Thread 3 ] DEBUG Engine               - gameDifficulty: MEDIUM
16:12:28.101 [FXGL Background Thread 3 ] DEBUG Engine               - gameDifficultyProperty: ObjectProperty [value: MEDIUM]
16:12:28.101 [FXGL Background Thread 3 ] DEBUG Engine               - globalMusicVolume: 0.5
16:12:28.101 [FXGL Background Thread 3 ] DEBUG Engine               - globalMusicVolumeProperty: DoubleProperty [value: 0.5]
16:12:28.157 [FXGL Background Thread 3 ] DEBUG Engine               - globalSoundVolume: 0.5
16:12:28.157 [FXGL Background Thread 3 ] DEBUG Engine               - globalSoundVolumeProperty: DoubleProperty [value: 0.5]
16:12:28.158 [FXGL Background Thread 3 ] DEBUG Engine               - height: 500
16:12:28.159 [FXGL Background Thread 3 ] DEBUG Engine               - is3D: false
16:12:28.159 [FXGL Background Thread 3 ] DEBUG Engine               - isAndroid: false
16:12:28.159 [FXGL Background Thread 3 ] DEBUG Engine               - isBrowser: false
16:12:28.159 [FXGL Background Thread 3 ] DEBUG Engine               - isClickFeedbackEnabled: false
16:12:28.159 [FXGL Background Thread 3 ] DEBUG Engine               - isCloseConfirmation: false
16:12:28.159 [FXGL Background Thread 3 ] DEBUG Engine               - isDesktop: true
16:12:28.159 [FXGL Background Thread 3 ] DEBUG Engine               - isDeveloperMenuEnabled: false
16:12:28.160 [FXGL Background Thread 3 ] DEBUG Engine               - isEmbedded: false
16:12:28.160 [FXGL Background Thread 3 ] DEBUG Engine               - isEntityPreloadEnabled: true
16:12:28.160 [FXGL Background Thread 3 ] DEBUG Engine               - isExperimentalTiledLargeMap: false
16:12:28.160 [FXGL Background Thread 3 ] DEBUG Engine               - isFileSystemWriteAllowed: true
16:12:28.160 [FXGL Background Thread 3 ] DEBUG Engine               - isFullScreenAllowed: false
16:12:28.160 [FXGL Background Thread 3 ] DEBUG Engine               - isFullScreenFromStart: false
16:12:28.160 [FXGL Background Thread 3 ] DEBUG Engine               - isGameMenuEnabled: true
16:12:28.160 [FXGL Background Thread 3 ] DEBUG Engine               - isIOS: false
16:12:28.160 [FXGL Background Thread 3 ] DEBUG Engine               - isIntroEnabled: false
16:12:28.160 [FXGL Background Thread 3 ] DEBUG Engine               - isLinux: false
16:12:28.160 [FXGL Background Thread 3 ] DEBUG Engine               - isMac: false
16:12:28.160 [FXGL Background Thread 3 ] DEBUG Engine               - isMainMenuEnabled: false
16:12:28.160 [FXGL Background Thread 3 ] DEBUG Engine               - isManualResizeEnabled: false
16:12:28.170 [FXGL Background Thread 3 ] DEBUG Engine               - isMobile: false
16:12:28.170 [FXGL Background Thread 3 ] DEBUG Engine               - isNative: false
16:12:28.170 [FXGL Background Thread 3 ] DEBUG Engine               - isPauseMusicWhenMinimized: true
16:12:28.170 [FXGL Background Thread 3 ] DEBUG Engine               - isPreserveResizeRatio: false
16:12:28.171 [FXGL Background Thread 3 ] DEBUG Engine               - isProfilingEnabled: false
16:12:28.171 [FXGL Background Thread 3 ] DEBUG Engine               - isScaleAffectedOnResize: true
16:12:28.171 [FXGL Background Thread 3 ] DEBUG Engine               - isSingleStep: false
16:12:28.171 [FXGL Background Thread 3 ] DEBUG Engine               - isUserProfileEnabled: false
16:12:28.171 [FXGL Background Thread 3 ] DEBUG Engine               - isWindows: true
16:12:28.171 [FXGL Background Thread 3 ] DEBUG Engine               - language: ObjectProperty [value: ENGLISH]
16:12:28.171 [FXGL Background Thread 3 ] DEBUG Engine               - menuKey: ESCAPE
16:12:28.171 [FXGL Background Thread 3 ] DEBUG Engine               - mouseSensitivity: 0.2
16:12:28.172 [FXGL Background Thread 3 ] DEBUG Engine               - notificationViewClass: class com.almasb.fxgl.notification.view.XboxNotificationView
16:12:28.174 [FXGL Background Thread 3 ] DEBUG Engine               - pixelsPerMeter: 50.0
16:12:28.174 [FXGL Background Thread 3 ] DEBUG Engine               - platform: WINDOWS
16:12:28.174 [FXGL Background Thread 3 ] DEBUG Engine               - prefHeightProperty: ReadOnlyDoubleProperty [value: 500.0]
16:12:28.175 [FXGL Background Thread 3 ] DEBUG Engine               - prefWidthProperty: ReadOnlyDoubleProperty [value: 800.0]
16:12:28.175 [FXGL Background Thread 3 ] DEBUG Engine               - profileDir: profiles/
16:12:28.175 [FXGL Background Thread 3 ] DEBUG Engine               - profileName: StringProperty [value: DEFAULT]
16:12:28.175 [FXGL Background Thread 3 ] DEBUG Engine               - randomSeed: -1
16:12:28.177 [FXGL Background Thread 3 ] DEBUG Engine               - runtimeInfo: RuntimeInfo(platform=WINDOWS, version=17.3, build=30.03.2023 11.49)
16:12:28.177 [FXGL Background Thread 3 ] DEBUG Engine               - saveFileExt: sav
16:12:28.177 [FXGL Background Thread 3 ] DEBUG Engine               - scaledHeightProp$fxgl: DoubleProperty [bound, value: 500.0]
16:12:28.177 [FXGL Background Thread 3 ] DEBUG Engine               - scaledWidthProp$fxgl: DoubleProperty [bound, value: 800.0]
16:12:28.177 [FXGL Background Thread 3 ] DEBUG Engine               - sceneFactory: com.almasb.fxgl.app.scene.SceneFactory@33c8ff6e
16:12:28.177 [FXGL Background Thread 3 ] DEBUG Engine               - secondsIn24h: 60
16:12:28.177 [FXGL Background Thread 3 ] DEBUG Engine               - soundMenuBack: menu/back.wav
16:12:28.177 [FXGL Background Thread 3 ] DEBUG Engine               - soundMenuPress: menu/press.wav
16:12:28.178 [FXGL Background Thread 3 ] DEBUG Engine               - soundMenuSelect: menu/select.wav
16:12:28.178 [FXGL Background Thread 3 ] DEBUG Engine               - soundNotification: core/notification.wav
16:12:28.178 [FXGL Background Thread 3 ] DEBUG Engine               - stageStyle: DECORATED
16:12:28.178 [FXGL Background Thread 3 ] DEBUG Engine               - supportedLanguages: [ENGLISH, FRENCH, GERMAN, HUNGARIAN, RUSSIAN]
16:12:28.178 [FXGL Background Thread 3 ] DEBUG Engine               - ticksPerSecond: -1
16:12:28.178 [FXGL Background Thread 3 ] DEBUG Engine               - title: Server
16:12:28.178 [FXGL Background Thread 3 ] DEBUG Engine               - urlGithub: https://github.com/AlmasB/FXGL
16:12:28.178 [FXGL Background Thread 3 ] DEBUG Engine               - urlLeaderboard: http://fxgl-top.herokuapp.com/
16:12:28.178 [FXGL Background Thread 3 ] DEBUG Engine               - urlPOM: https://raw.githubusercontent.com/AlmasB/FXGL/release/README.md
16:12:28.179 [FXGL Background Thread 3 ] DEBUG Engine               - userAppClass: class Runner.ServerRunner
16:12:28.181 [FXGL Background Thread 3 ] DEBUG Engine               - version: 0.0
16:12:28.181 [FXGL Background Thread 3 ] DEBUG Engine               - versionCheckDays: 7
16:12:28.181 [FXGL Background Thread 3 ] DEBUG Engine               - width: 800
16:12:28.181 [FXGL Background Thread 3 ] DEBUG Engine               - Logging services
16:12:28.181 [FXGL Background Thread 3 ] DEBUG Engine               - class com.almasb.fxgl.app.services.FXGLAssetLoaderService
16:12:28.181 [FXGL Background Thread 3 ] DEBUG Engine               - class com.almasb.fxgl.app.FXGLApplication$GameApplicationService
16:12:28.181 [FXGL Background Thread 3 ] DEBUG Engine               - class com.almasb.fxgl.app.services.FXGLDialogService
16:12:28.181 [FXGL Background Thread 3 ] DEBUG Engine               - class com.almasb.fxgl.app.services.IOTaskExecutorService
16:12:28.181 [FXGL Background Thread 3 ] DEBUG Engine               - class com.almasb.fxgl.io.FileSystemService
16:12:28.181 [FXGL Background Thread 3 ] DEBUG Engine               - class com.almasb.fxgl.localization.LocalizationService
16:12:28.181 [FXGL Background Thread 3 ] DEBUG Engine               - class com.almasb.fxgl.app.services.SystemBundleService
16:12:28.181 [FXGL Background Thread 3 ] DEBUG Engine               - class com.almasb.fxgl.profile.SaveLoadService
16:12:28.182 [FXGL Background Thread 3 ] DEBUG Engine               - class com.almasb.fxgl.ui.FXGLUIFactoryServiceProvider
16:12:28.182 [FXGL Background Thread 3 ] DEBUG Engine               - class com.almasb.fxgl.ui.FXGLDialogFactoryServiceProvider
16:12:28.182 [FXGL Background Thread 3 ] DEBUG Engine               - class com.almasb.fxgl.audio.AudioPlayer
16:12:28.182 [FXGL Background Thread 3 ] DEBUG Engine               - class com.almasb.fxgl.notification.impl.NotificationServiceProvider
16:12:28.182 [FXGL Background Thread 3 ] DEBUG Engine               - class com.almasb.fxgl.achievement.AchievementService
16:12:28.182 [FXGL Background Thread 3 ] DEBUG Engine               - class com.almasb.fxgl.cutscene.CutsceneService
16:12:28.182 [FXGL Background Thread 3 ] DEBUG Engine               - class com.almasb.fxgl.minigames.MiniGameService
16:12:28.182 [FXGL Background Thread 3 ] DEBUG Engine               - class com.almasb.fxgl.net.NetService
16:12:28.182 [FXGL Background Thread 3 ] DEBUG Engine               - class com.almasb.fxgl.app.services.UpdaterService
16:12:28.182 [FXGL Background Thread 3 ] DEBUG Engine               - class com.almasb.fxgl.dev.DevService
16:12:28.182 [FXGL Background Thread 3 ] DEBUG Engine               - class com.almasb.fxgl.multiplayer.MultiplayerService
16:13:06.315 [FXGL Background Thread 2 ] WARN  UpdaterService       - Failed to find updates: java.net.SocketException: A connection attempt failed because the connected party did not properly respond after a period of time, or established connection failed because connected host has failed to respond
16:14:42.503 [JavaFX Application Thread] DEBUG FXGLApplication      - Exiting FXGL
16:14:42.504 [JavaFX Application Thread] DEBUG LoopRunner           - Stopping loop
16:14:42.505 [JavaFX Application Thread] DEBUG SystemBundleService  - Saving FXGL system data
16:14:42.524 [JavaFX Application Thread] DEBUG FileSystemAccess     - Writing to: C:\Users\Owner\Desktop\Sonic-rush\system\fxgl.bundle
16:14:42.535 [JavaFX Application Thread] DEBUG Async                - Shutting down background threads
16:14:42.536 [JavaFX Application Thread] DEBUG PrimaryStageWindow   - Closing main window
16:14:42.585 [JavaFX Application Thread] DEBUG Logger               - Closing Logger
