02:32:54.577 [main                     ] DEBUG Logger               - Configured Logger
02:32:54.594 [main                     ] DEBUG GameApplication      - Logging settings
Title: Jugador Sonic
Version: 0.0
Width: 1000
Height: 600
Fullscreen: false
Intro: false
Profiling: false
Single step:false
App Mode: DEVELOPER
Menu Key: ESCAPE
Stage Style: DECORATED
Scene Factory: class com.almasb.fxgl.app.scene.SceneFactory

02:32:54.708 [JavaFX Application Thread] DEBUG FXGLApplication      - Initializing FXGL
02:32:54.713 [JavaFX Application Thread] INFO  Engine               - FXGL-17.3 (30.03.2023 11.49) on WINDOWS (J:21.0.2 FX:20)
02:32:54.715 [JavaFX Application Thread] DEBUG Engine               - JRE Vendor Name: Oracle Corporation
02:32:54.715 [JavaFX Application Thread] DEBUG Engine               - Running on OS: Windows 10 version 10.0
02:32:54.715 [JavaFX Application Thread] DEBUG Engine               - Architecture: amd64
02:32:54.716 [JavaFX Application Thread] INFO  Engine               - Source code and latest versions at: https://github.com/AlmasB/FXGL
02:32:54.716 [JavaFX Application Thread] INFO  Engine               -       Ask questions and discuss at: https://github.com/AlmasB/FXGL/discussions
02:32:54.716 [JavaFX Application Thread] INFO  Engine               -              Join the FXGL chat at: https://gitter.im/AlmasB/FXGL
02:32:54.788 [JavaFX Application Thread] DEBUG PrimaryStageWindow   - Creating a JavaFX scene
02:32:54.868 [JavaFX Application Thread] DEBUG PrimaryStageWindow   - Target settings size: 1000.0 x 600.0
02:32:54.868 [JavaFX Application Thread] DEBUG PrimaryStageWindow   - Scaled scene size:    1000.0 x 600.0
02:32:54.868 [JavaFX Application Thread] DEBUG PrimaryStageWindow   - Scaled ratio: (1.0, 1.0)
02:32:54.869 [JavaFX Application Thread] DEBUG PrimaryStageWindow   - Set initial scene to FXGLStartupScene
02:32:54.873 [JavaFX Application Thread] DEBUG PrimaryStageWindow   - Opening main window
02:32:54.972 [JavaFX Application Thread] DEBUG PrimaryStageWindow   - Window border size: (16.0, 39.0)
02:32:54.972 [JavaFX Application Thread] DEBUG PrimaryStageWindow   - Scaled size: 1000.0 x 600.0
02:32:54.972 [JavaFX Application Thread] DEBUG PrimaryStageWindow   - Scaled ratio: (1.0, 1.0)
02:32:54.973 [JavaFX Application Thread] DEBUG PrimaryStageWindow   - Scene size: 1000.0 x 600.0
02:32:54.973 [JavaFX Application Thread] DEBUG PrimaryStageWindow   - Stage size: 1016.0 x 639.0
02:32:54.983 [FXGL Background Thread 1 ] DEBUG Engine               - Initializing environment variables
02:32:55.059 [FXGL Background Thread 1 ] DEBUG FXGLAssetLoaderServi - User app class for loading assets: class Runner.ClientRunner
02:32:55.059 [FXGL Background Thread 1 ] DEBUG GameApplicationServi - Applying CSS: fxgl_dark.css
02:32:55.060 [FXGL Background Thread 1 ] DEBUG FXGLAssetLoaderServi - Loading from file system: jar:file:/C:/Users/User/.m2/repository/com/github/almasb/fxgl/17.3/fxgl-17.3.jar!/fxglassets/ui/css/fxgl_dark.css
02:32:55.109 [FXGL Background Thread 1 ] DEBUG GameApplicationServi - Initializing application scenes
02:32:55.184 [FXGL Background Thread 1 ] DEBUG GameWorld            - Game world initialized
02:32:55.242 [FXGL Background Thread 1 ] DEBUG PhysicsWorld         - Physics world initialized: appHeight=600, physics.ppm=50,0
02:32:55.242 [FXGL Background Thread 1 ] DEBUG PhysicsWorld         - Using strategy: BRUTE_FORCE
02:32:55.246 [FXGL Background Thread 1 ] DEBUG GameScene            - Game scene initialized: 1000x600
02:32:55.259 [FXGL Background Thread 1 ] DEBUG FXGL.DefaultMenu     - createMenuBodyGameMenu()
02:32:55.277 [FXGL Background Thread 1 ] DEBUG FXGL.DefaultMenu     - createOptionsMenu()
02:32:55.289 [FXGL Background Thread 1 ] DEBUG FXGLAssetLoaderServi - Loading from file system: jar:file:/C:/Users/User/.m2/repository/com/github/almasb/fxgl/17.3/fxgl-17.3.jar!/fxglassets/textures/particles/smoke.png
02:32:55.402 [FXGL Background Thread 1 ] DEBUG FXGLAssetLoaderServi - Loading from file system: jar:file:/C:/Users/User/.m2/repository/com/github/almasb/fxgl/17.3/fxgl-17.3.jar!/fxglassets/textures/particles/trace_horizontal.png
02:32:55.434 [FXGL Background Thread 1 ] DEBUG GameApplicationServi - Application scenes initialized
02:32:55.451 [FXGL Background Thread 1 ] DEBUG SystemBundleService  - Loading FXGL system data
02:32:55.455 [FXGL Background Thread 1 ] DEBUG FileSystemAccess     - Reading from: C:\Users\User\Documents\Millan.Luis\UNEG\Semestre IV\Tecnicas de Prog. III\Sonic-rush\system\fxgl.bundle
02:32:55.468 [FXGL Background Thread 1 ] DEBUG SystemBundleService  - Bundle FXGL: {}
02:32:55.469 [FXGL Background Thread 1 ] DEBUG UpdaterService       - Checking for updates
02:32:55.475 [FXGL Background Thread 1 ] DEBUG FXGLApplication      - Loading default localization
02:32:55.476 [FXGL Background Thread 1 ] DEBUG FXGLAssetLoaderServi - Loading from file system: jar:file:/C:/Users/User/.m2/repository/com/github/almasb/fxgl/17.3/fxgl-17.3.jar!/fxglassets/languages/english.lang
02:32:55.494 [FXGL Background Thread 1 ] INFO  FXGLApplication      - FXGL initialization took: 0,511 sec
02:32:55.533 [FXGL Background Thread 4 ] DEBUG FXGLApplication      - Loading fonts
02:32:55.534 [FXGL Background Thread 4 ] DEBUG FXGLAssetLoaderServi - Loading from file system: jar:file:/C:/Users/User/.m2/repository/com/github/almasb/fxgl/17.3/fxgl-17.3.jar!/fxglassets/ui/fonts/VarelaRound-Regular.ttf
02:32:55.535 [JavaFX Application Thread] DEBUG Input                - Registered new binding: Mover a la izquierda - A
02:32:55.536 [JavaFX Application Thread] DEBUG Input                - Registered new binding: Mover a la derecha - D
02:32:55.536 [JavaFX Application Thread] DEBUG Input                - Registered new binding: Saltar - W
02:32:55.536 [JavaFX Application Thread] DEBUG Input                - Registered new binding: Interactuar - E
02:32:55.536 [JavaFX Application Thread] DEBUG Input                - Registered new binding: Transformar - P
02:32:55.536 [JavaFX Application Thread] DEBUG Input                - Registered new binding: Desactivar filtro - L
02:32:55.537 [JavaFX Application Thread] DEBUG FXGLAssetLoaderServi - Loading from file system: jar:file:/C:/Users/User/.m2/repository/com/github/almasb/fxgl/17.3/fxgl-17.3.jar!/fxglassets/textures/fxgl_icon.png
02:32:55.575 [FXGL Background Thread 4 ] DEBUG FXGLAssetLoaderServi - Loading from file system: jar:file:/C:/Users/User/.m2/repository/com/github/almasb/fxgl/17.3/fxgl-17.3.jar!/fxglassets/ui/fonts/Abel-Regular.ttf
02:32:55.579 [FXGL Background Thread 4 ] DEBUG FXGLAssetLoaderServi - Loading from file system: jar:file:/C:/Users/User/.m2/repository/com/github/almasb/fxgl/17.3/fxgl-17.3.jar!/fxglassets/ui/fonts/TerminalLandMono-Regular.otf
02:32:55.584 [FXGL Background Thread 4 ] DEBUG FXGLAssetLoaderServi - Loading from file system: jar:file:/C:/Users/User/.m2/repository/com/github/almasb/fxgl/17.3/fxgl-17.3.jar!/fxglassets/ui/fonts/Courier-Prime.ttf
02:32:55.595 [JavaFX Application Thread] DEBUG FXGLAssetLoaderServi - Loading from file system: jar:file:/C:/Users/User/.m2/repository/com/github/almasb/fxgl/17.3/fxgl-17.3.jar!/fxglassets/textures/fxgl_default_cursor.png
02:32:55.599 [JavaFX Application Thread] DEBUG Input                - Registered new binding: Screenshot - CTRL+8
02:32:55.599 [JavaFX Application Thread] DEBUG Input                - Registered new binding: System info dump - CTRL+9
02:32:55.600 [JavaFX Application Thread] DEBUG Input                - Registered new binding: Restart - CTRL+R
02:32:55.600 [JavaFX Application Thread] DEBUG Input                - Registered new binding: Toggle Debug Camera - CTRL+7
02:32:55.603 [JavaFX Application Thread] DEBUG LoopRunner           - Starting loop
02:32:55.603 [JavaFX Application Thread] DEBUG LoopRunner           - Initializing JavaFX AnimationTimerLoop
02:32:55.604 [JavaFX Application Thread] DEBUG GameApplicationServi - Starting new game
02:32:55.605 [JavaFX Application Thread] DEBUG Input                - Clearing active input actions
02:32:55.617 [JavaFX Application Thread] DEBUG GameApplicationServi - Removing overlay from FXGLStartupScene and adding to FXGLLoadingScene
02:32:55.618 [JavaFX Application Thread] DEBUG PrimaryStageWindow   - FXGLStartupScene -> FXGLLoadingScene
02:32:55.618 [JavaFX Application Thread] DEBUG GameApplicationServi - Clearing previous game
02:32:55.618 [JavaFX Application Thread] DEBUG GameScene            - Clearing game scene
02:32:55.618 [JavaFX Application Thread] DEBUG GameWorld            - Clearing game world
02:32:55.618 [JavaFX Application Thread] DEBUG PhysicsWorld         - Clearing physics world
02:32:55.620 [FXGL Background Thread 4 ] DEBUG FXGLApplication      - Initializing game
02:32:55.639 [FXGL Background Thread 4 ] DEBUG FXGLAssetLoaderServi - Loading from file system: file:/C:/Users/User/Documents/Millan.Luis/UNEG/Semestre%20IV/Tecnicas%20de%20Prog.%20III/Sonic-rush/target/classes/assets/music/OST.mp3
02:32:55.671 [JavaFX Application Thread] DEBUG FXGLApplication      - Registering font factories with UI factory
02:32:56.652 [FXGL Background Thread 2 ] INFO  UpdaterService       - Your current version:  17.3
02:32:56.653 [FXGL Background Thread 2 ] INFO  UpdaterService       - Latest stable version: 21.1
02:32:56.878 [FXGL Background Thread 4 ] DEBUG FXGLAssetLoaderServi - Loading from file system: file:/C:/Users/User/Documents/Millan.Luis/UNEG/Semestre%20IV/Tecnicas%20de%20Prog.%20III/Sonic-rush/target/classes/assets/textures/Enemigos/eggman.png
02:32:56.891 [FXGL Background Thread 4 ] INFO  FXGLApplication      - Game initialization took: 1,272 sec
02:32:56.901 [JavaFX Application Thread] DEBUG Input                - Clearing active input actions
02:32:56.911 [JavaFX Application Thread] DEBUG GameApplicationServi - Removing overlay from FXGLLoadingScene and adding to GameScene
02:32:56.912 [JavaFX Application Thread] DEBUG PrimaryStageWindow   - FXGLLoadingScene -> GameScene
02:32:58.473 [FXGL Background Thread 3 ] DEBUG Engine               - Logging environment variables
02:32:58.474 [FXGL Background Thread 3 ] DEBUG Engine               - achievements: []
02:32:58.474 [FXGL Background Thread 3 ] DEBUG Engine               - actualHeight: 600.0
02:32:58.475 [FXGL Background Thread 3 ] DEBUG Engine               - actualHeightProperty: ReadOnlyDoubleProperty [value: 600.0]
02:32:58.475 [FXGL Background Thread 3 ] DEBUG Engine               - actualWidth: 1000.0
02:32:58.475 [FXGL Background Thread 3 ] DEBUG Engine               - actualWidthProperty: ReadOnlyDoubleProperty [value: 1000.0]
02:32:58.475 [FXGL Background Thread 3 ] DEBUG Engine               - appIcon: fxgl_icon.png
02:32:58.475 [FXGL Background Thread 3 ] DEBUG Engine               - applicationMode: DEVELOPER
02:32:58.476 [FXGL Background Thread 3 ] DEBUG Engine               - cSSList: [fxgl_dark.css]
02:32:58.476 [FXGL Background Thread 3 ] DEBUG Engine               - collisionDetectionStrategy: BRUTE_FORCE
02:32:58.476 [FXGL Background Thread 3 ] DEBUG Engine               - configClass: Optional.empty
02:32:58.476 [FXGL Background Thread 3 ] DEBUG Engine               - credits: []
02:32:58.477 [FXGL Background Thread 3 ] DEBUG Engine               - defaultCursor: CursorInfo(imageName=fxgl_default_cursor.png, hotspotX=7.0, hotspotY=6.0)
02:32:58.477 [FXGL Background Thread 3 ] DEBUG Engine               - devBBoxColorProperty: ObjectProperty [value: 0xff0000ff]
02:32:58.478 [FXGL Background Thread 3 ] DEBUG Engine               - devEnableDebugCameraProperty: BooleanProperty [value: false]
02:32:58.478 [FXGL Background Thread 3 ] DEBUG Engine               - devSensorColorProperty: ObjectProperty [value: 0xffff00ff]
02:32:58.478 [FXGL Background Thread 3 ] DEBUG Engine               - devShowBBoxProperty: BooleanProperty [value: false]
02:32:58.478 [FXGL Background Thread 3 ] DEBUG Engine               - devShowPositionProperty: BooleanProperty [value: false]
02:32:58.478 [FXGL Background Thread 3 ] DEBUG Engine               - enabledMenuItems: []
02:32:58.479 [FXGL Background Thread 3 ] DEBUG Engine               - engineServices: [class com.almasb.fxgl.app.services.FXGLAssetLoaderService, class com.almasb.fxgl.app.FXGLApplication$GameApplicationService, class com.almasb.fxgl.app.services.FXGLDialogService, class com.almasb.fxgl.app.services.IOTaskExecutorService, class com.almasb.fxgl.io.FileSystemService, class com.almasb.fxgl.localization.LocalizationService, class com.almasb.fxgl.app.services.SystemBundleService, class com.almasb.fxgl.profile.SaveLoadService, class com.almasb.fxgl.ui.FXGLUIFactoryServiceProvider, class com.almasb.fxgl.ui.FXGLDialogFactoryServiceProvider, class com.almasb.fxgl.audio.AudioPlayer, class com.almasb.fxgl.notification.impl.NotificationServiceProvider, class com.almasb.fxgl.achievement.AchievementService, class com.almasb.fxgl.cutscene.CutsceneService, class com.almasb.fxgl.minigames.MiniGameService, class com.almasb.fxgl.net.NetService, class com.almasb.fxgl.app.services.UpdaterService, class com.almasb.fxgl.dev.DevService, class com.almasb.fxgl.multiplayer.MultiplayerService]
02:32:58.479 [FXGL Background Thread 3 ] DEBUG Engine               - fontGame: Abel-Regular.ttf
02:32:58.479 [FXGL Background Thread 3 ] DEBUG Engine               - fontMono: TerminalLandMono-Regular.otf
02:32:58.479 [FXGL Background Thread 3 ] DEBUG Engine               - fontSizeScaleUI: 1.0
02:32:58.479 [FXGL Background Thread 3 ] DEBUG Engine               - fontText: Courier-Prime.ttf
02:32:58.479 [FXGL Background Thread 3 ] DEBUG Engine               - fontUI: VarelaRound-Regular.ttf
02:32:58.479 [FXGL Background Thread 3 ] DEBUG Engine               - fullScreen: BooleanProperty [value: false]
02:32:58.480 [FXGL Background Thread 3 ] DEBUG Engine               - gameDifficulty: MEDIUM
02:32:58.480 [FXGL Background Thread 3 ] DEBUG Engine               - gameDifficultyProperty: ObjectProperty [value: MEDIUM]
02:32:58.480 [FXGL Background Thread 3 ] DEBUG Engine               - globalMusicVolume: 0.5
02:32:58.480 [FXGL Background Thread 3 ] DEBUG Engine               - globalMusicVolumeProperty: DoubleProperty [value: 0.5]
02:32:58.480 [FXGL Background Thread 3 ] DEBUG Engine               - globalSoundVolume: 0.5
02:32:58.481 [FXGL Background Thread 3 ] DEBUG Engine               - globalSoundVolumeProperty: DoubleProperty [value: 0.5]
02:32:58.481 [FXGL Background Thread 3 ] DEBUG Engine               - height: 600
02:32:58.481 [FXGL Background Thread 3 ] DEBUG Engine               - is3D: false
02:32:58.481 [FXGL Background Thread 3 ] DEBUG Engine               - isAndroid: false
02:32:58.481 [FXGL Background Thread 3 ] DEBUG Engine               - isBrowser: false
02:32:58.481 [FXGL Background Thread 3 ] DEBUG Engine               - isClickFeedbackEnabled: false
02:32:58.482 [FXGL Background Thread 3 ] DEBUG Engine               - isCloseConfirmation: false
02:32:58.482 [FXGL Background Thread 3 ] DEBUG Engine               - isDesktop: true
02:32:58.482 [FXGL Background Thread 3 ] DEBUG Engine               - isDeveloperMenuEnabled: false
02:32:58.482 [FXGL Background Thread 3 ] DEBUG Engine               - isEmbedded: false
02:32:58.482 [FXGL Background Thread 3 ] DEBUG Engine               - isEntityPreloadEnabled: true
02:32:58.482 [FXGL Background Thread 3 ] DEBUG Engine               - isExperimentalTiledLargeMap: false
02:32:58.482 [FXGL Background Thread 3 ] DEBUG Engine               - isFileSystemWriteAllowed: true
02:32:58.483 [FXGL Background Thread 3 ] DEBUG Engine               - isFullScreenAllowed: false
02:32:58.483 [FXGL Background Thread 3 ] DEBUG Engine               - isFullScreenFromStart: false
02:32:58.483 [FXGL Background Thread 3 ] DEBUG Engine               - isGameMenuEnabled: true
02:32:58.483 [FXGL Background Thread 3 ] DEBUG Engine               - isIOS: false
02:32:58.483 [FXGL Background Thread 3 ] DEBUG Engine               - isIntroEnabled: false
02:32:58.483 [FXGL Background Thread 3 ] DEBUG Engine               - isLinux: false
02:32:58.483 [FXGL Background Thread 3 ] DEBUG Engine               - isMac: false
02:32:58.484 [FXGL Background Thread 3 ] DEBUG Engine               - isMainMenuEnabled: false
02:32:58.484 [FXGL Background Thread 3 ] DEBUG Engine               - isManualResizeEnabled: false
02:32:58.484 [FXGL Background Thread 3 ] DEBUG Engine               - isMobile: false
02:32:58.484 [FXGL Background Thread 3 ] DEBUG Engine               - isNative: false
02:32:58.484 [FXGL Background Thread 3 ] DEBUG Engine               - isPauseMusicWhenMinimized: true
02:32:58.484 [FXGL Background Thread 3 ] DEBUG Engine               - isPreserveResizeRatio: false
02:32:58.484 [FXGL Background Thread 3 ] DEBUG Engine               - isProfilingEnabled: false
02:32:58.485 [FXGL Background Thread 3 ] DEBUG Engine               - isScaleAffectedOnResize: true
02:32:58.485 [FXGL Background Thread 3 ] DEBUG Engine               - isSingleStep: false
02:32:58.485 [FXGL Background Thread 3 ] DEBUG Engine               - isUserProfileEnabled: false
02:32:58.485 [FXGL Background Thread 3 ] DEBUG Engine               - isWindows: true
02:32:58.485 [FXGL Background Thread 3 ] DEBUG Engine               - language: ObjectProperty [value: ENGLISH]
02:32:58.485 [FXGL Background Thread 3 ] DEBUG Engine               - menuKey: ESCAPE
02:32:58.485 [FXGL Background Thread 3 ] DEBUG Engine               - mouseSensitivity: 0.2
02:32:58.486 [FXGL Background Thread 3 ] DEBUG Engine               - notificationViewClass: class com.almasb.fxgl.notification.view.XboxNotificationView
02:32:58.486 [FXGL Background Thread 3 ] DEBUG Engine               - pixelsPerMeter: 50.0
02:32:58.486 [FXGL Background Thread 3 ] DEBUG Engine               - platform: WINDOWS
02:32:58.486 [FXGL Background Thread 3 ] DEBUG Engine               - prefHeightProperty: ReadOnlyDoubleProperty [value: 600.0]
02:32:58.486 [FXGL Background Thread 3 ] DEBUG Engine               - prefWidthProperty: ReadOnlyDoubleProperty [value: 1000.0]
02:32:58.486 [FXGL Background Thread 3 ] DEBUG Engine               - profileDir: profiles/
02:32:58.487 [FXGL Background Thread 3 ] DEBUG Engine               - profileName: StringProperty [value: DEFAULT]
02:32:58.487 [FXGL Background Thread 3 ] DEBUG Engine               - randomSeed: -1
02:32:58.487 [FXGL Background Thread 3 ] DEBUG Engine               - runtimeInfo: RuntimeInfo(platform=WINDOWS, version=17.3, build=30.03.2023 11.49)
02:32:58.488 [FXGL Background Thread 3 ] DEBUG Engine               - saveFileExt: sav
02:32:58.488 [FXGL Background Thread 3 ] DEBUG Engine               - scaledHeightProp$fxgl: DoubleProperty [bound, value: 600.0]
02:32:58.488 [FXGL Background Thread 3 ] DEBUG Engine               - scaledWidthProp$fxgl: DoubleProperty [bound, value: 1000.0]
02:32:58.489 [FXGL Background Thread 3 ] DEBUG Engine               - sceneFactory: com.almasb.fxgl.app.scene.SceneFactory@12803e29
02:32:58.489 [FXGL Background Thread 3 ] DEBUG Engine               - secondsIn24h: 60
02:32:58.489 [FXGL Background Thread 3 ] DEBUG Engine               - soundMenuBack: menu/back.wav
02:32:58.489 [FXGL Background Thread 3 ] DEBUG Engine               - soundMenuPress: menu/press.wav
02:32:58.489 [FXGL Background Thread 3 ] DEBUG Engine               - soundMenuSelect: menu/select.wav
02:32:58.489 [FXGL Background Thread 3 ] DEBUG Engine               - soundNotification: core/notification.wav
02:32:58.490 [FXGL Background Thread 3 ] DEBUG Engine               - stageStyle: DECORATED
02:32:58.490 [FXGL Background Thread 3 ] DEBUG Engine               - supportedLanguages: [ENGLISH, FRENCH, GERMAN, HUNGARIAN, RUSSIAN]
02:32:58.490 [FXGL Background Thread 3 ] DEBUG Engine               - ticksPerSecond: -1
02:32:58.490 [FXGL Background Thread 3 ] DEBUG Engine               - title: Jugador Sonic
02:32:58.490 [FXGL Background Thread 3 ] DEBUG Engine               - urlGithub: https://github.com/AlmasB/FXGL
02:32:58.490 [FXGL Background Thread 3 ] DEBUG Engine               - urlLeaderboard: http://fxgl-top.herokuapp.com/
02:32:58.491 [FXGL Background Thread 3 ] DEBUG Engine               - urlPOM: https://raw.githubusercontent.com/AlmasB/FXGL/release/README.md
02:32:58.491 [FXGL Background Thread 3 ] DEBUG Engine               - userAppClass: class Runner.ClientRunner
02:32:58.491 [FXGL Background Thread 3 ] DEBUG Engine               - version: 0.0
02:32:58.491 [FXGL Background Thread 3 ] DEBUG Engine               - versionCheckDays: 7
02:32:58.491 [FXGL Background Thread 3 ] DEBUG Engine               - width: 1000
02:32:58.491 [FXGL Background Thread 3 ] DEBUG Engine               - Logging services
02:32:58.491 [FXGL Background Thread 3 ] DEBUG Engine               - class com.almasb.fxgl.app.services.FXGLAssetLoaderService
02:32:58.492 [FXGL Background Thread 3 ] DEBUG Engine               - class com.almasb.fxgl.app.FXGLApplication$GameApplicationService
02:32:58.492 [FXGL Background Thread 3 ] DEBUG Engine               - class com.almasb.fxgl.app.services.FXGLDialogService
02:32:58.492 [FXGL Background Thread 3 ] DEBUG Engine               - class com.almasb.fxgl.app.services.IOTaskExecutorService
02:32:58.492 [FXGL Background Thread 3 ] DEBUG Engine               - class com.almasb.fxgl.io.FileSystemService
02:32:58.492 [FXGL Background Thread 3 ] DEBUG Engine               - class com.almasb.fxgl.localization.LocalizationService
02:32:58.492 [FXGL Background Thread 3 ] DEBUG Engine               - class com.almasb.fxgl.app.services.SystemBundleService
02:32:58.492 [FXGL Background Thread 3 ] DEBUG Engine               - class com.almasb.fxgl.profile.SaveLoadService
02:32:58.492 [FXGL Background Thread 3 ] DEBUG Engine               - class com.almasb.fxgl.ui.FXGLUIFactoryServiceProvider
02:32:58.493 [FXGL Background Thread 3 ] DEBUG Engine               - class com.almasb.fxgl.ui.FXGLDialogFactoryServiceProvider
02:32:58.493 [FXGL Background Thread 3 ] DEBUG Engine               - class com.almasb.fxgl.audio.AudioPlayer
02:32:58.493 [FXGL Background Thread 3 ] DEBUG Engine               - class com.almasb.fxgl.notification.impl.NotificationServiceProvider
02:32:58.493 [FXGL Background Thread 3 ] DEBUG Engine               - class com.almasb.fxgl.achievement.AchievementService
02:32:58.493 [FXGL Background Thread 3 ] DEBUG Engine               - class com.almasb.fxgl.cutscene.CutsceneService
02:32:58.493 [FXGL Background Thread 3 ] DEBUG Engine               - class com.almasb.fxgl.minigames.MiniGameService
02:32:58.493 [FXGL Background Thread 3 ] DEBUG Engine               - class com.almasb.fxgl.net.NetService
02:32:58.493 [FXGL Background Thread 3 ] DEBUG Engine               - class com.almasb.fxgl.app.services.UpdaterService
02:32:58.493 [FXGL Background Thread 3 ] DEBUG Engine               - class com.almasb.fxgl.dev.DevService
02:32:58.494 [FXGL Background Thread 3 ] DEBUG Engine               - class com.almasb.fxgl.multiplayer.MultiplayerService
02:33:03.289 [JavaFX Application Thread] DEBUG FXGLAssetLoaderServi - Loading from file system: file:/C:/Users/User/Documents/Millan.Luis/UNEG/Semestre%20IV/Tecnicas%20de%20Prog.%20III/Sonic-rush/target/classes/assets/textures/background/background2.png
02:33:03.644 [JavaFX Application Thread] DEBUG TMXLevelLoader       - Parsed TiledMap: file:/C:/Users/User/Documents/Millan.Luis/UNEG/Semestre%20IV/Tecnicas%20de%20Prog.%20III/Sonic-rush/target/classes/assets/levels/mapazo.tmx
02:33:03.645 [JavaFX Application Thread] DEBUG TMXLevelLoader       - Creating tile layer entities
02:33:03.646 [JavaFX Application Thread] DEBUG TilesetLoader        - Loading view for layer Capa de patrones 1
02:33:03.647 [JavaFX Application Thread] DEBUG TilesetLoader        - Created buffer with size 3840.0x720.0
02:33:03.713 [JavaFX Application Thread] DEBUG TMXLevelLoader       - Creating object layer entities
02:33:03.722 [JavaFX Application Thread] DEBUG GameWorld            - Clearing removable entities
02:33:03.724 [JavaFX Application Thread] DEBUG GameWorld            - Setting level: com.almasb.fxgl.entity.level.Level@1c359765
02:33:03.731 [ClientAsyncConnThread    ] DEBUG TCPClient            - Connecting to localhost:55555 type: class com.almasb.fxgl.core.serialization.Bundle
02:33:03.734 [ClientAsyncConnThread    ] WARN  IOTask               - ClientConnect failed
java.lang.RuntimeException: Failed to create a socket to address localhost : 55555 Error: java.net.ConnectException: Connection refused: connect
	at com.almasb.fxgl.net.tcp.TCPClient.connect(TCPClient.java:46)
	at com.almasb.fxgl.core.concurrent.IOTask.lambda$ofVoid$5(IOTask.java:184)
	at com.almasb.fxgl.core.concurrent.IOTask$2.onExecute(IOTask.java:197)
	at com.almasb.fxgl.core.concurrent.IOTask.run(IOTask.java:118)
	at java.base/java.lang.Thread.run(Thread.java:1583)
Caused by: java.net.ConnectException: Connection refused: connect
	at java.base/sun.nio.ch.Net.connect0(Native Method)
	at java.base/sun.nio.ch.Net.connect(Net.java:589)
	at java.base/sun.nio.ch.Net.connect(Net.java:578)
	at java.base/sun.nio.ch.NioSocketImpl.connect(NioSocketImpl.java:583)
	at java.base/java.net.SocksSocketImpl.connect(SocksSocketImpl.java:327)
	at java.base/java.net.Socket.connect(Socket.java:751)
	at java.base/java.net.Socket.connect(Socket.java:686)
	at java.base/java.net.Socket.<init>(Socket.java:555)
	at java.base/java.net.Socket.<init>(Socket.java:324)
	at com.almasb.fxgl.net.tcp.TCPClient.connect(TCPClient.java:41)
	... 4 more

02:33:04.598 [JavaFX Application Thread] DEBUG LoopRunner           - Stopping loop
02:33:04.619 [JavaFX Application Thread] FATAL FXGLApplication      - Uncaught Exception:
java.lang.NullPointerException: Cannot invoke "com.almasb.fxgl.net.Connection.send(Object)" because "this.this$0.conexion" is null
	at GameSettings.ClientGameApp$2.onAction(ClientGameApp.java:587)
	at com.almasb.fxgl.input.UserAction.action$fxgl_core(UserAction.kt:38)
	at com.almasb.fxgl.input.Input.update(Input.kt:288)
	at com.almasb.fxgl.scene.Scene.update(Scene.kt:103)
	at com.almasb.fxgl.app.MainWindow$update$1.invoke(MainWindow.kt:115)
	at com.almasb.fxgl.app.MainWindow$update$1.invoke(MainWindow.kt:115)
	at com.almasb.fxgl.core.fsm.StateMachine.runOnActiveStates(StateMachine.kt:69)
	at com.almasb.fxgl.app.MainWindow.update(MainWindow.kt:115)
	at com.almasb.fxgl.app.FXGLApplication$GameApplicationService.onUpdate(FXGLApplication.kt:426)
	at com.almasb.fxgl.app.Engine.loop(Engine.kt:134)
	at com.almasb.fxgl.app.Engine.access$loop(Engine.kt:24)
	at com.almasb.fxgl.app.Engine$loop$1.invoke(Engine.kt:28)
	at com.almasb.fxgl.app.Engine$loop$1.invoke(Engine.kt:28)
	at com.almasb.fxgl.app.LoopRunner.frame(LoopRunner.kt:103)
	at com.almasb.fxgl.app.LoopRunner.access$frame(LoopRunner.kt:23)
	at com.almasb.fxgl.app.LoopRunner$impl$2$1.onTick(LoopRunner.kt:57)
	at com.almasb.fxgl.app.AnimationTimerLoop$timer$1.handle(LoopRunner.kt:137)
	at javafx.animation.AnimationTimer$AnimationTimerReceiver.lambda$handle$0(AnimationTimer.java:58)
	at java.base/java.security.AccessController.doPrivileged(AccessController.java:400)
	at javafx.animation.AnimationTimer$AnimationTimerReceiver.handle(AnimationTimer.java:57)
	at com.sun.scenario.animation.AbstractPrimaryTimer.timePulseImpl(AbstractPrimaryTimer.java:356)
	at com.sun.scenario.animation.AbstractPrimaryTimer$MainLoop.run(AbstractPrimaryTimer.java:266)
	at com.sun.javafx.tk.quantum.QuantumToolkit.pulse(QuantumToolkit.java:588)
	at com.sun.javafx.tk.quantum.QuantumToolkit.pulse(QuantumToolkit.java:572)
	at com.sun.javafx.tk.quantum.QuantumToolkit.pulseFromQueue(QuantumToolkit.java:565)
	at com.sun.javafx.tk.quantum.QuantumToolkit.lambda$runToolkit$11(QuantumToolkit.java:352)
	at com.sun.glass.ui.InvokeLaterDispatcher$Future.run(InvokeLaterDispatcher.java:95)
	at com.sun.glass.ui.win.WinApplication._runLoop(Native Method)
	at com.sun.glass.ui.win.WinApplication.lambda$runLoop$3(WinApplication.java:185)
	at java.base/java.lang.Thread.run(Thread.java:1583)

02:33:04.626 [JavaFX Application Thread] FATAL FXGLApplication      - Application will now exit
02:33:04.662 [JavaFX Application Thread] DEBUG PrimaryStageWindow   - Push state: ErrorSubScene
02:33:04.663 [JavaFX Application Thread] DEBUG Input                - Clearing active input actions
02:33:10.171 [JavaFX Application Thread] DEBUG FXGLApplication      - Exiting FXGL
02:33:10.171 [JavaFX Application Thread] DEBUG Async                - Shutting down background threads
02:33:10.171 [JavaFX Application Thread] DEBUG PrimaryStageWindow   - Closing main window
02:33:10.180 [JavaFX Application Thread] DEBUG Logger               - Closing Logger
