13:02:25.695 [main                     ] DEBUG Logger               - Configured Logger
13:02:25.769 [main                     ] DEBUG GameApplication      - Logging settings
Title: Jugador Sonic
Version: 0.0
Width: 1000
Height: 600
Fullscreen: false
Intro: false
Profiling: false
Single step:false
App Mode: DEVELOPER
Menu Key: ESCAPE
Stage Style: DECORATED
Scene Factory: class com.almasb.fxgl.app.scene.SceneFactory

13:02:26.555 [JavaFX Application Thread] DEBUG FXGLApplication      - Initializing FXGL
13:02:26.566 [JavaFX Application Thread] INFO  Engine               - FXGL-17.3 (30.03.2023 11.49) on WINDOWS (J:17.0.12 FX:20)
13:02:26.569 [JavaFX Application Thread] DEBUG Engine               - JRE Vendor Name: Oracle Corporation
13:02:26.570 [JavaFX Application Thread] DEBUG Engine               - Running on OS: Windows 10 version 10.0
13:02:26.570 [JavaFX Application Thread] DEBUG Engine               - Architecture: amd64
13:02:26.571 [JavaFX Application Thread] INFO  Engine               - Source code and latest versions at: https://github.com/AlmasB/FXGL
13:02:26.571 [JavaFX Application Thread] INFO  Engine               -       Ask questions and discuss at: https://github.com/AlmasB/FXGL/discussions
13:02:26.572 [JavaFX Application Thread] INFO  Engine               -              Join the FXGL chat at: https://gitter.im/AlmasB/FXGL
13:02:26.832 [JavaFX Application Thread] DEBUG PrimaryStageWindow   - Creating a JavaFX scene
13:02:26.940 [JavaFX Application Thread] DEBUG PrimaryStageWindow   - Target settings size: 1000.0 x 600.0
13:02:26.942 [JavaFX Application Thread] DEBUG PrimaryStageWindow   - Scaled scene size:    1000.0 x 600.0
13:02:26.942 [JavaFX Application Thread] DEBUG PrimaryStageWindow   - Scaled ratio: (1.0, 1.0)
13:02:26.946 [JavaFX Application Thread] DEBUG PrimaryStageWindow   - Set initial scene to FXGLStartupScene
13:02:26.959 [JavaFX Application Thread] DEBUG PrimaryStageWindow   - Opening main window
13:02:27.095 [JavaFX Application Thread] DEBUG PrimaryStageWindow   - Window border size: (14.4000244140625, 37.5999755859375)
13:02:27.096 [JavaFX Application Thread] DEBUG PrimaryStageWindow   - Scaled size: 1000.0 x 600.0
13:02:27.097 [JavaFX Application Thread] DEBUG PrimaryStageWindow   - Scaled ratio: (1.0, 1.0)
13:02:27.097 [JavaFX Application Thread] DEBUG PrimaryStageWindow   - Scene size: 1000.0 x 600.0
13:02:27.097 [JavaFX Application Thread] DEBUG PrimaryStageWindow   - Stage size: 1014.4000244140625 x 637.5999755859375
13:02:27.112 [FXGL Background Thread 1 ] DEBUG Engine               - Initializing environment variables
13:02:27.209 [FXGL Background Thread 1 ] DEBUG FXGLAssetLoaderServi - User app class for loading assets: class Runner.ClientRunner
13:02:27.210 [FXGL Background Thread 1 ] DEBUG GameApplicationServi - Applying CSS: fxgl_dark.css
13:02:27.212 [FXGL Background Thread 1 ] DEBUG FXGLAssetLoaderServi - Loading from file system: jar:file:/C:/Users/Owner/.m2/repository/com/github/almasb/fxgl/17.3/fxgl-17.3.jar!/fxglassets/ui/css/fxgl_dark.css
13:02:27.406 [FXGL Background Thread 1 ] DEBUG GameApplicationServi - Initializing application scenes
13:02:27.577 [FXGL Background Thread 1 ] DEBUG GameWorld            - Game world initialized
13:02:27.817 [FXGL Background Thread 1 ] DEBUG PhysicsWorld         - Physics world initialized: appHeight=600, physics.ppm=50.0
13:02:27.819 [FXGL Background Thread 1 ] DEBUG PhysicsWorld         - Using strategy: BRUTE_FORCE
13:02:27.834 [FXGL Background Thread 1 ] DEBUG GameScene            - Game scene initialized: 1000x600
13:02:27.882 [FXGL Background Thread 1 ] DEBUG FXGL.DefaultMenu     - createMenuBodyGameMenu()
13:02:27.994 [FXGL Background Thread 1 ] DEBUG FXGL.DefaultMenu     - createOptionsMenu()
13:02:28.081 [FXGL Background Thread 1 ] DEBUG FXGLAssetLoaderServi - Loading from file system: jar:file:/C:/Users/Owner/.m2/repository/com/github/almasb/fxgl/17.3/fxgl-17.3.jar!/fxglassets/textures/particles/smoke.png
13:02:28.645 [FXGL Background Thread 1 ] DEBUG FXGLAssetLoaderServi - Loading from file system: jar:file:/C:/Users/Owner/.m2/repository/com/github/almasb/fxgl/17.3/fxgl-17.3.jar!/fxglassets/textures/particles/trace_horizontal.png
13:02:28.731 [FXGL Background Thread 1 ] DEBUG GameApplicationServi - Application scenes initialized
13:02:28.790 [FXGL Background Thread 1 ] DEBUG SystemBundleService  - Loading FXGL system data
13:02:28.822 [FXGL Background Thread 1 ] DEBUG FileSystemAccess     - Reading from: C:\Users\Owner\Desktop\Sonic-rush\system\fxgl.bundle
13:02:28.881 [FXGL Background Thread 1 ] DEBUG SystemBundleService  - Bundle FXGL: {}
13:02:28.886 [FXGL Background Thread 1 ] DEBUG UpdaterService       - Checking for updates
13:02:28.918 [FXGL Background Thread 1 ] DEBUG FXGLApplication      - Loading default localization
13:02:28.925 [FXGL Background Thread 1 ] DEBUG FXGLAssetLoaderServi - Loading from file system: jar:file:/C:/Users/Owner/.m2/repository/com/github/almasb/fxgl/17.3/fxgl-17.3.jar!/fxglassets/languages/english.lang
13:02:29.031 [FXGL Background Thread 1 ] INFO  FXGLApplication      - FXGL initialization took: 1.919 sec
13:02:29.130 [JavaFX Application Thread] DEBUG Input                - Registered new binding: Mover a la izquierda - A
13:02:29.133 [JavaFX Application Thread] DEBUG Input                - Registered new binding: Mover a la derecha - D
13:02:29.135 [JavaFX Application Thread] DEBUG Input                - Registered new binding: Saltar - W
13:02:29.136 [JavaFX Application Thread] DEBUG Input                - Registered new binding: Interactuar - E
13:02:29.137 [JavaFX Application Thread] DEBUG Input                - Registered new binding: Desactivar filtro - L
13:02:29.139 [JavaFX Application Thread] DEBUG FXGLAssetLoaderServi - Loading from file system: jar:file:/C:/Users/Owner/.m2/repository/com/github/almasb/fxgl/17.3/fxgl-17.3.jar!/fxglassets/textures/fxgl_icon.png
13:02:29.281 [FXGL Background Thread 4 ] DEBUG FXGLApplication      - Loading fonts
13:02:29.319 [FXGL Background Thread 4 ] DEBUG FXGLAssetLoaderServi - Loading from file system: jar:file:/C:/Users/Owner/.m2/repository/com/github/almasb/fxgl/17.3/fxgl-17.3.jar!/fxglassets/ui/fonts/VarelaRound-Regular.ttf
13:02:29.332 [JavaFX Application Thread] DEBUG FXGLAssetLoaderServi - Loading from file system: jar:file:/C:/Users/Owner/.m2/repository/com/github/almasb/fxgl/17.3/fxgl-17.3.jar!/fxglassets/textures/fxgl_default_cursor.png
13:02:29.345 [JavaFX Application Thread] DEBUG Input                - Registered new binding: Screenshot - CTRL+8
13:02:29.346 [JavaFX Application Thread] DEBUG Input                - Registered new binding: System info dump - CTRL+9
13:02:29.348 [JavaFX Application Thread] DEBUG Input                - Registered new binding: Restart - CTRL+R
13:02:29.349 [JavaFX Application Thread] DEBUG Input                - Registered new binding: Toggle Debug Camera - CTRL+7
13:02:29.382 [JavaFX Application Thread] DEBUG LoopRunner           - Starting loop
13:02:29.384 [JavaFX Application Thread] DEBUG LoopRunner           - Initializing JavaFX AnimationTimerLoop
13:02:29.397 [JavaFX Application Thread] DEBUG GameApplicationServi - Starting new game
13:02:29.398 [JavaFX Application Thread] DEBUG Input                - Clearing active input actions
13:02:29.425 [JavaFX Application Thread] DEBUG GameApplicationServi - Removing overlay from FXGLStartupScene and adding to FXGLLoadingScene
13:02:29.426 [JavaFX Application Thread] DEBUG PrimaryStageWindow   - FXGLStartupScene -> FXGLLoadingScene
13:02:29.426 [JavaFX Application Thread] DEBUG GameApplicationServi - Clearing previous game
13:02:29.426 [JavaFX Application Thread] DEBUG GameScene            - Clearing game scene
13:02:29.427 [JavaFX Application Thread] DEBUG GameWorld            - Clearing game world
13:02:29.427 [JavaFX Application Thread] DEBUG PhysicsWorld         - Clearing physics world
13:02:29.430 [FXGL Background Thread 1 ] DEBUG FXGLApplication      - Initializing game
13:02:29.464 [FXGL Background Thread 1 ] DEBUG FXGLAssetLoaderServi - Loading from file system: file:/C:/Users/Owner/Desktop/Sonic-rush/target/classes/assets/music/OST2.mp3
13:02:30.467 [FXGL Background Thread 4 ] DEBUG FXGLAssetLoaderServi - Loading from file system: jar:file:/C:/Users/Owner/.m2/repository/com/github/almasb/fxgl/17.3/fxgl-17.3.jar!/fxglassets/ui/fonts/Abel-Regular.ttf
13:02:30.493 [FXGL Background Thread 4 ] DEBUG FXGLAssetLoaderServi - Loading from file system: jar:file:/C:/Users/Owner/.m2/repository/com/github/almasb/fxgl/17.3/fxgl-17.3.jar!/fxglassets/ui/fonts/TerminalLandMono-Regular.otf
13:02:30.514 [FXGL Background Thread 4 ] DEBUG FXGLAssetLoaderServi - Loading from file system: jar:file:/C:/Users/Owner/.m2/repository/com/github/almasb/fxgl/17.3/fxgl-17.3.jar!/fxglassets/ui/fonts/Courier-Prime.ttf
13:02:30.570 [JavaFX Application Thread] DEBUG FXGLApplication      - Registering font factories with UI factory
13:02:30.911 [FXGL Background Thread 1 ] DEBUG AudioPlayer          - Playing music com.almasb.fxgl.audio.Music@637bd97d
13:02:30.940 [FXGL Background Thread 1 ] INFO  FXGLApplication      - Game initialization took: 1.501 sec
13:02:31.415 [JavaFX Application Thread] DEBUG Input                - Clearing active input actions
13:02:31.429 [JavaFX Application Thread] DEBUG GameApplicationServi - Removing overlay from FXGLLoadingScene and adding to GameScene
13:02:31.430 [JavaFX Application Thread] DEBUG PrimaryStageWindow   - FXGLLoadingScene -> GameScene
13:02:31.710 [FXGL Background Thread 2 ] INFO  UpdaterService       - Your current version:  17.3
13:02:31.911 [FXGL Background Thread 3 ] DEBUG Engine               - Logging environment variables
13:02:31.911 [FXGL Background Thread 3 ] DEBUG Engine               - achievements: []
13:02:31.911 [FXGL Background Thread 3 ] DEBUG Engine               - actualHeight: 600.0
13:02:31.912 [FXGL Background Thread 3 ] DEBUG Engine               - actualHeightProperty: ReadOnlyDoubleProperty [value: 600.0]
13:02:31.912 [FXGL Background Thread 3 ] DEBUG Engine               - actualWidth: 1000.0
13:02:31.912 [FXGL Background Thread 3 ] DEBUG Engine               - actualWidthProperty: ReadOnlyDoubleProperty [value: 1000.0]
13:02:31.912 [FXGL Background Thread 3 ] DEBUG Engine               - appIcon: fxgl_icon.png
13:02:31.912 [FXGL Background Thread 3 ] DEBUG Engine               - applicationMode: DEVELOPER
13:02:31.912 [FXGL Background Thread 3 ] DEBUG Engine               - cSSList: [fxgl_dark.css]
13:02:31.912 [FXGL Background Thread 3 ] DEBUG Engine               - collisionDetectionStrategy: BRUTE_FORCE
13:02:31.912 [FXGL Background Thread 3 ] DEBUG Engine               - configClass: Optional.empty
13:02:31.912 [FXGL Background Thread 3 ] DEBUG Engine               - credits: []
13:02:31.913 [FXGL Background Thread 3 ] DEBUG Engine               - defaultCursor: CursorInfo(imageName=fxgl_default_cursor.png, hotspotX=7.0, hotspotY=6.0)
13:02:31.913 [FXGL Background Thread 3 ] DEBUG Engine               - devBBoxColorProperty: ObjectProperty [value: 0xff0000ff]
13:02:31.913 [FXGL Background Thread 3 ] DEBUG Engine               - devEnableDebugCameraProperty: BooleanProperty [value: false]
13:02:31.913 [FXGL Background Thread 3 ] DEBUG Engine               - devSensorColorProperty: ObjectProperty [value: 0xffff00ff]
13:02:31.913 [FXGL Background Thread 3 ] DEBUG Engine               - devShowBBoxProperty: BooleanProperty [value: false]
13:02:31.914 [FXGL Background Thread 3 ] DEBUG Engine               - devShowPositionProperty: BooleanProperty [value: false]
13:02:31.914 [FXGL Background Thread 3 ] DEBUG Engine               - enabledMenuItems: []
13:02:31.914 [FXGL Background Thread 3 ] DEBUG Engine               - engineServices: [class com.almasb.fxgl.app.services.FXGLAssetLoaderService, class com.almasb.fxgl.app.FXGLApplication$GameApplicationService, class com.almasb.fxgl.app.services.FXGLDialogService, class com.almasb.fxgl.app.services.IOTaskExecutorService, class com.almasb.fxgl.io.FileSystemService, class com.almasb.fxgl.localization.LocalizationService, class com.almasb.fxgl.app.services.SystemBundleService, class com.almasb.fxgl.profile.SaveLoadService, class com.almasb.fxgl.ui.FXGLUIFactoryServiceProvider, class com.almasb.fxgl.ui.FXGLDialogFactoryServiceProvider, class com.almasb.fxgl.audio.AudioPlayer, class com.almasb.fxgl.notification.impl.NotificationServiceProvider, class com.almasb.fxgl.achievement.AchievementService, class com.almasb.fxgl.cutscene.CutsceneService, class com.almasb.fxgl.minigames.MiniGameService, class com.almasb.fxgl.net.NetService, class com.almasb.fxgl.app.services.UpdaterService, class com.almasb.fxgl.dev.DevService, class com.almasb.fxgl.multiplayer.MultiplayerService]
13:02:31.914 [FXGL Background Thread 3 ] DEBUG Engine               - fontGame: Abel-Regular.ttf
13:02:31.914 [FXGL Background Thread 3 ] DEBUG Engine               - fontMono: TerminalLandMono-Regular.otf
13:02:31.914 [FXGL Background Thread 3 ] DEBUG Engine               - fontSizeScaleUI: 1.0
13:02:31.914 [FXGL Background Thread 3 ] DEBUG Engine               - fontText: Courier-Prime.ttf
13:02:31.914 [FXGL Background Thread 3 ] DEBUG Engine               - fontUI: VarelaRound-Regular.ttf
13:02:31.914 [FXGL Background Thread 3 ] DEBUG Engine               - fullScreen: BooleanProperty [value: false]
13:02:31.914 [FXGL Background Thread 3 ] DEBUG Engine               - gameDifficulty: MEDIUM
13:02:31.914 [FXGL Background Thread 3 ] DEBUG Engine               - gameDifficultyProperty: ObjectProperty [value: MEDIUM]
13:02:31.914 [FXGL Background Thread 3 ] DEBUG Engine               - globalMusicVolume: 0.5
13:02:31.915 [FXGL Background Thread 3 ] DEBUG Engine               - globalMusicVolumeProperty: DoubleProperty [value: 0.5]
13:02:31.915 [FXGL Background Thread 3 ] DEBUG Engine               - globalSoundVolume: 0.5
13:02:31.915 [FXGL Background Thread 3 ] DEBUG Engine               - globalSoundVolumeProperty: DoubleProperty [value: 0.5]
13:02:31.915 [FXGL Background Thread 3 ] DEBUG Engine               - height: 600
13:02:31.915 [FXGL Background Thread 3 ] DEBUG Engine               - is3D: false
13:02:31.915 [FXGL Background Thread 3 ] DEBUG Engine               - isAndroid: false
13:02:31.915 [FXGL Background Thread 3 ] DEBUG Engine               - isBrowser: false
13:02:31.917 [FXGL Background Thread 3 ] DEBUG Engine               - isClickFeedbackEnabled: false
13:02:31.917 [FXGL Background Thread 3 ] DEBUG Engine               - isCloseConfirmation: false
13:02:31.917 [FXGL Background Thread 3 ] DEBUG Engine               - isDesktop: true
13:02:31.917 [FXGL Background Thread 3 ] DEBUG Engine               - isDeveloperMenuEnabled: false
13:02:31.917 [FXGL Background Thread 3 ] DEBUG Engine               - isEmbedded: false
13:02:31.917 [FXGL Background Thread 3 ] DEBUG Engine               - isEntityPreloadEnabled: true
13:02:31.917 [FXGL Background Thread 3 ] DEBUG Engine               - isExperimentalTiledLargeMap: false
13:02:31.917 [FXGL Background Thread 3 ] DEBUG Engine               - isFileSystemWriteAllowed: true
13:02:31.918 [FXGL Background Thread 3 ] DEBUG Engine               - isFullScreenAllowed: false
13:02:31.918 [FXGL Background Thread 3 ] DEBUG Engine               - isFullScreenFromStart: false
13:02:31.918 [FXGL Background Thread 3 ] DEBUG Engine               - isGameMenuEnabled: true
13:02:31.918 [FXGL Background Thread 3 ] DEBUG Engine               - isIOS: false
13:02:31.918 [FXGL Background Thread 3 ] DEBUG Engine               - isIntroEnabled: false
13:02:31.919 [FXGL Background Thread 3 ] DEBUG Engine               - isLinux: false
13:02:31.919 [FXGL Background Thread 3 ] DEBUG Engine               - isMac: false
13:02:31.919 [FXGL Background Thread 3 ] DEBUG Engine               - isMainMenuEnabled: false
13:02:31.919 [FXGL Background Thread 3 ] DEBUG Engine               - isManualResizeEnabled: false
13:02:31.919 [FXGL Background Thread 3 ] DEBUG Engine               - isMobile: false
13:02:31.919 [FXGL Background Thread 3 ] DEBUG Engine               - isNative: false
13:02:31.919 [FXGL Background Thread 3 ] DEBUG Engine               - isPauseMusicWhenMinimized: true
13:02:31.919 [FXGL Background Thread 3 ] DEBUG Engine               - isPreserveResizeRatio: false
13:02:31.919 [FXGL Background Thread 3 ] DEBUG Engine               - isProfilingEnabled: false
13:02:31.920 [FXGL Background Thread 3 ] DEBUG Engine               - isScaleAffectedOnResize: true
13:02:31.920 [FXGL Background Thread 3 ] DEBUG Engine               - isSingleStep: false
13:02:31.920 [FXGL Background Thread 3 ] DEBUG Engine               - isUserProfileEnabled: false
13:02:31.920 [FXGL Background Thread 3 ] DEBUG Engine               - isWindows: true
13:02:31.920 [FXGL Background Thread 3 ] DEBUG Engine               - language: ObjectProperty [value: ENGLISH]
13:02:31.920 [FXGL Background Thread 3 ] DEBUG Engine               - menuKey: ESCAPE
13:02:31.920 [FXGL Background Thread 3 ] DEBUG Engine               - mouseSensitivity: 0.2
13:02:31.920 [FXGL Background Thread 3 ] DEBUG Engine               - notificationViewClass: class com.almasb.fxgl.notification.view.XboxNotificationView
13:02:31.920 [FXGL Background Thread 3 ] DEBUG Engine               - pixelsPerMeter: 50.0
13:02:31.920 [FXGL Background Thread 3 ] DEBUG Engine               - platform: WINDOWS
13:02:31.920 [FXGL Background Thread 3 ] DEBUG Engine               - prefHeightProperty: ReadOnlyDoubleProperty [value: 600.0]
13:02:31.920 [FXGL Background Thread 3 ] DEBUG Engine               - prefWidthProperty: ReadOnlyDoubleProperty [value: 1000.0]
13:02:31.921 [FXGL Background Thread 3 ] DEBUG Engine               - profileDir: profiles/
13:02:31.921 [FXGL Background Thread 3 ] DEBUG Engine               - profileName: StringProperty [value: DEFAULT]
13:02:31.921 [FXGL Background Thread 3 ] DEBUG Engine               - randomSeed: -1
13:02:31.921 [FXGL Background Thread 3 ] DEBUG Engine               - runtimeInfo: RuntimeInfo(platform=WINDOWS, version=17.3, build=30.03.2023 11.49)
13:02:31.922 [FXGL Background Thread 3 ] DEBUG Engine               - saveFileExt: sav
13:02:31.922 [FXGL Background Thread 3 ] DEBUG Engine               - scaledHeightProp$fxgl: DoubleProperty [bound, value: 600.0]
13:02:31.922 [FXGL Background Thread 3 ] DEBUG Engine               - scaledWidthProp$fxgl: DoubleProperty [bound, value: 1000.0]
13:02:31.922 [FXGL Background Thread 3 ] DEBUG Engine               - sceneFactory: com.almasb.fxgl.app.scene.SceneFactory@373ef4b3
13:02:31.923 [FXGL Background Thread 3 ] DEBUG Engine               - secondsIn24h: 60
13:02:31.923 [FXGL Background Thread 3 ] DEBUG Engine               - soundMenuBack: menu/back.wav
13:02:31.923 [FXGL Background Thread 3 ] DEBUG Engine               - soundMenuPress: menu/press.wav
13:02:31.923 [FXGL Background Thread 3 ] DEBUG Engine               - soundMenuSelect: menu/select.wav
13:02:31.923 [FXGL Background Thread 3 ] DEBUG Engine               - soundNotification: core/notification.wav
13:02:31.923 [FXGL Background Thread 3 ] DEBUG Engine               - stageStyle: DECORATED
13:02:31.923 [FXGL Background Thread 3 ] DEBUG Engine               - supportedLanguages: [ENGLISH, FRENCH, GERMAN, HUNGARIAN, RUSSIAN]
13:02:31.923 [FXGL Background Thread 3 ] DEBUG Engine               - ticksPerSecond: -1
13:02:31.923 [FXGL Background Thread 3 ] DEBUG Engine               - title: Jugador Sonic
13:02:31.923 [FXGL Background Thread 3 ] DEBUG Engine               - urlGithub: https://github.com/AlmasB/FXGL
13:02:31.923 [FXGL Background Thread 3 ] DEBUG Engine               - urlLeaderboard: http://fxgl-top.herokuapp.com/
13:02:31.923 [FXGL Background Thread 3 ] DEBUG Engine               - urlPOM: https://raw.githubusercontent.com/AlmasB/FXGL/release/README.md
13:02:31.923 [FXGL Background Thread 3 ] DEBUG Engine               - userAppClass: class Runner.ClientRunner
13:02:31.924 [FXGL Background Thread 3 ] DEBUG Engine               - version: 0.0
13:02:31.924 [FXGL Background Thread 3 ] DEBUG Engine               - versionCheckDays: 7
13:02:31.924 [FXGL Background Thread 3 ] DEBUG Engine               - width: 1000
13:02:31.924 [FXGL Background Thread 3 ] DEBUG Engine               - Logging services
13:02:31.924 [FXGL Background Thread 3 ] DEBUG Engine               - class com.almasb.fxgl.app.services.FXGLAssetLoaderService
13:02:31.924 [FXGL Background Thread 3 ] DEBUG Engine               - class com.almasb.fxgl.app.FXGLApplication$GameApplicationService
13:02:31.924 [FXGL Background Thread 3 ] DEBUG Engine               - class com.almasb.fxgl.app.services.FXGLDialogService
13:02:31.924 [FXGL Background Thread 3 ] DEBUG Engine               - class com.almasb.fxgl.app.services.IOTaskExecutorService
13:02:31.924 [FXGL Background Thread 3 ] DEBUG Engine               - class com.almasb.fxgl.io.FileSystemService
13:02:31.924 [FXGL Background Thread 3 ] DEBUG Engine               - class com.almasb.fxgl.localization.LocalizationService
13:02:31.924 [FXGL Background Thread 3 ] DEBUG Engine               - class com.almasb.fxgl.app.services.SystemBundleService
13:02:31.924 [FXGL Background Thread 3 ] DEBUG Engine               - class com.almasb.fxgl.profile.SaveLoadService
13:02:31.924 [FXGL Background Thread 3 ] DEBUG Engine               - class com.almasb.fxgl.ui.FXGLUIFactoryServiceProvider
13:02:31.924 [FXGL Background Thread 3 ] DEBUG Engine               - class com.almasb.fxgl.ui.FXGLDialogFactoryServiceProvider
13:02:31.924 [FXGL Background Thread 3 ] DEBUG Engine               - class com.almasb.fxgl.audio.AudioPlayer
13:02:31.925 [FXGL Background Thread 3 ] DEBUG Engine               - class com.almasb.fxgl.notification.impl.NotificationServiceProvider
13:02:31.925 [FXGL Background Thread 3 ] DEBUG Engine               - class com.almasb.fxgl.achievement.AchievementService
13:02:31.925 [FXGL Background Thread 3 ] DEBUG Engine               - class com.almasb.fxgl.cutscene.CutsceneService
13:02:31.925 [FXGL Background Thread 3 ] DEBUG Engine               - class com.almasb.fxgl.minigames.MiniGameService
13:02:31.925 [FXGL Background Thread 3 ] DEBUG Engine               - class com.almasb.fxgl.net.NetService
13:02:31.925 [FXGL Background Thread 3 ] DEBUG Engine               - class com.almasb.fxgl.app.services.UpdaterService
13:02:31.925 [FXGL Background Thread 3 ] DEBUG Engine               - class com.almasb.fxgl.dev.DevService
13:02:31.925 [FXGL Background Thread 3 ] DEBUG Engine               - class com.almasb.fxgl.multiplayer.MultiplayerService
13:02:32.026 [FXGL Background Thread 2 ] INFO  UpdaterService       - Latest stable version: 21.1
13:02:44.261 [JavaFX Application Thread] DEBUG FXGLAssetLoaderServi - Loading from file system: file:/C:/Users/Owner/Desktop/Sonic-rush/target/classes/assets/textures/fondo.png
13:02:44.744 [JavaFX Application Thread] WARN  TMXLevelLoader       - TiledMap generated from 1.11.2. Supported version: 1.9.0. Some features may not be parsed fully.
13:02:44.843 [JavaFX Application Thread] DEBUG TMXLevelLoader       - Parsed TiledMap: file:/C:/Users/Owner/Desktop/Sonic-rush/target/classes/assets/levels/mapazo.tmx
13:02:44.845 [JavaFX Application Thread] DEBUG TMXLevelLoader       - Creating tile layer entities
13:02:44.865 [JavaFX Application Thread] DEBUG TilesetLoader        - Loading view for layer Capa de patrones 1
13:02:44.883 [JavaFX Application Thread] DEBUG TilesetLoader        - Created buffer with size 3840.0x720.0
13:02:45.098 [JavaFX Application Thread] DEBUG TMXLevelLoader       - Creating object layer entities
13:02:45.217 [JavaFX Application Thread] DEBUG GameWorld            - Clearing removable entities
13:02:45.236 [JavaFX Application Thread] DEBUG GameWorld            - Setting level: com.almasb.fxgl.entity.level.Level@62cbe0c7
13:02:45.309 [ClientAsyncConnThread    ] DEBUG TCPClient            - Connecting to 127.0.0.1:50000 type: class com.almasb.fxgl.core.serialization.Bundle
13:02:45.314 [ClientAsyncConnThread    ] DEBUG TCPClient            - Created socket to 127.0.0.1:50000
13:02:45.357 [ClientAsyncConnThread    ] DEBUG Endpoint             - TCPClient opening new connection (1) from /127.0.0.1:50000 type: class com.almasb.fxgl.core.serialization.Bundle
13:02:45.360 [ClientAsyncConnThread    ] DEBUG Endpoint             - TCPClient successfully opened connection (1)
13:02:45.515 [TCPClient_SendThread-1   ] DEBUG Writers              - Getting TCPMessageWriter for class com.almasb.fxgl.core.serialization.Bundle
13:02:45.521 [TCPClient_RecvThread-1   ] DEBUG Readers              - Getting TCPMessageReader for class com.almasb.fxgl.core.serialization.Bundle
13:02:45.529 [TCPClient_SendThread-1   ] DEBUG Writers              - Constructed TCPMessageWriter for class com.almasb.fxgl.core.serialization.Bundle: BundleTCPMessageWriter
13:02:45.562 [TCPClient_RecvThread-1   ] DEBUG Readers              - Constructed MessageReader for class com.almasb.fxgl.core.serialization.Bundle: BundleTCPMessageReader
13:02:45.677 [JavaFX Application Thread] DEBUG FXGLAssetLoaderServi - Loading from file system: file:/C:/Users/Owner/Desktop/Sonic-rush/target/classes/assets/textures/Items/ring.png
13:02:45.914 [JavaFX Application Thread] DEBUG FXGLAssetLoaderServi - Loading from file system: file:/C:/Users/Owner/Desktop/Sonic-rush/target/classes/assets/textures/Items/papel.png
13:02:45.967 [JavaFX Application Thread] DEBUG FXGLAssetLoaderServi - Loading from file system: file:/C:/Users/Owner/Desktop/Sonic-rush/target/classes/assets/textures/Items/basura.png
13:02:45.995 [JavaFX Application Thread] DEBUG FXGLAssetLoaderServi - Loading from file system: file:/C:/Users/Owner/Desktop/Sonic-rush/target/classes/assets/textures/Items/caucho.png
13:02:46.214 [JavaFX Application Thread] DEBUG FXGLAssetLoaderServi - Loading from file system: file:/C:/Users/Owner/Desktop/Sonic-rush/target/classes/assets/textures/Enemigos/enemigo2.png
13:02:46.310 [JavaFX Application Thread] DEBUG FXGLAssetLoaderServi - Loading from file system: file:/C:/Users/Owner/Desktop/Sonic-rush/target/classes/assets/textures/Personajes/sonic.png
13:02:46.319 [JavaFX Application Thread] DEBUG FXGLAssetLoaderServi - Loading from file system: file:/C:/Users/Owner/Desktop/Sonic-rush/target/classes/assets/textures/Personajes/sonic_camina.png
13:02:46.324 [JavaFX Application Thread] DEBUG FXGLAssetLoaderServi - Loading from file system: file:/C:/Users/Owner/Desktop/Sonic-rush/target/classes/assets/textures/Personajes/super_sonic.png
13:02:48.095 [JavaFX Application Thread] DEBUG FXGLAssetLoaderServi - Loading from file system: file:/C:/Users/Owner/Desktop/Sonic-rush/target/classes/assets/sounds/salto.wav
13:02:56.532 [JavaFX Application Thread] DEBUG FXGLAssetLoaderServi - Loading from file system: file:/C:/Users/Owner/Desktop/Sonic-rush/target/classes/assets/sounds/recoger.wav
13:03:03.751 [JavaFX Application Thread] DEBUG FXGLAssetLoaderServi - Loading from file system: file:/C:/Users/Owner/Desktop/Sonic-rush/target/classes/assets/sounds/perder_anillos.wav
13:03:09.558 [JavaFX Application Thread] DEBUG PrimaryStageWindow   - Push state: DialogSubScene
13:03:09.558 [JavaFX Application Thread] DEBUG Input                - Clearing active input actions
13:03:09.561 [JavaFX Application Thread] DEBUG GameApplicationServi - Removing overlay from GameScene and adding to DialogSubScene
13:03:09.566 [JavaFX Application Thread] DEBUG PrimaryStageWindow   - GameScene -> DialogSubScene
13:03:11.715 [JavaFX Application Thread] DEBUG PrimaryStageWindow   - Pop state: DialogSubScene
13:03:11.716 [JavaFX Application Thread] DEBUG Input                - Clearing active input actions
13:03:11.717 [JavaFX Application Thread] DEBUG GameApplicationServi - Removing overlay from DialogSubScene and adding to GameScene
13:03:11.719 [JavaFX Application Thread] DEBUG PrimaryStageWindow   - GameScene <- DialogSubScene
13:03:11.743 [JavaFX Application Thread] DEBUG PrimaryStageWindow   - Push state: DialogSubScene
13:03:11.743 [JavaFX Application Thread] DEBUG Input                - Clearing active input actions
13:03:11.745 [JavaFX Application Thread] DEBUG GameApplicationServi - Removing overlay from GameScene and adding to DialogSubScene
13:03:11.746 [JavaFX Application Thread] DEBUG PrimaryStageWindow   - GameScene -> DialogSubScene
13:03:16.998 [TCPClient_RecvThread-1   ] DEBUG Endpoint             - Connection 1 was unexpectedly disconnected: Connection reset
13:03:16.999 [TCPClient_RecvThread-1   ] DEBUG Connection           - Closing connection 1
13:03:17.000 [TCPClient_RecvThread-1   ] DEBUG Connection           - Connection 1 was correctly closed from local endpoint.
13:03:17.002 [TCPClient_RecvThread-1   ] DEBUG Endpoint             - TCPClient connection (1) was closed
13:03:17.875 [JavaFX Application Thread] DEBUG FXGLApplication      - Exiting FXGL
13:03:17.876 [JavaFX Application Thread] DEBUG LoopRunner           - Stopping loop
13:03:17.876 [JavaFX Application Thread] DEBUG SystemBundleService  - Saving FXGL system data
13:03:17.882 [JavaFX Application Thread] DEBUG FileSystemAccess     - Writing to: C:\Users\Owner\Desktop\Sonic-rush\system\fxgl.bundle
13:03:17.885 [JavaFX Application Thread] DEBUG Async                - Shutting down background threads
13:03:17.887 [JavaFX Application Thread] DEBUG PrimaryStageWindow   - Closing main window
13:03:17.926 [JavaFX Application Thread] DEBUG Logger               - Closing Logger
